[INFO] Scanning for projects...
[INFO] Inspecting build with total of 1 modules...
[INFO] Installing Nexus Staging features:
[INFO]   ... total of 1 executions of maven-deploy-plugin replaced with nexus-staging-maven-plugin
[INFO] 
[INFO] ------------------< com.adyen:adyen-java-api-library >------------------
[INFO] Building Adyen Java API Library 18.1.1
[INFO] --------------------------------[ jar ]---------------------------------
[INFO] 
[INFO] --- maven-clean-plugin:2.5:clean (default-clean) @ adyen-java-api-library ---
[INFO] Deleting /home/gabsko/breaking-updates/target
[INFO] 
[INFO] --- maven-checkstyle-plugin:3.2.0:check (validate) @ adyen-java-api-library ---
[INFO] Starting audit...
Audit done.
[INFO] You have 0 Checkstyle violations.
[INFO] 
[INFO] --- jacoco-maven-plugin:0.8.8:prepare-agent (default-prepare-agent) @ adyen-java-api-library ---
[INFO] argLine set to -javaagent:/home/gabsko/.m2/repository/org/jacoco/org.jacoco.agent/0.8.8/org.jacoco.agent-0.8.8-runtime.jar=destfile=/home/gabsko/breaking-updates/target/jacoco.exec
[INFO] 
[INFO] --- maven-resources-plugin:2.6:resources (default-resources) @ adyen-java-api-library ---
[INFO] Using 'UTF-8' encoding to copy filtered resources.
[INFO] skip non existing resourceDirectory /home/gabsko/breaking-updates/src/main/resources
[INFO] 
[INFO] --- maven-compiler-plugin:3.10.1:compile (default-compile) @ adyen-java-api-library ---
[INFO] Changes detected - recompiling the module!
[INFO] Compiling 802 source files to /home/gabsko/breaking-updates/target/classes
[INFO] /home/gabsko/breaking-updates/src/main/java/com/adyen/deserializer/PaymentMethodDetailsTypeAdapter.java: Some input files use unchecked or unsafe operations.
[INFO] /home/gabsko/breaking-updates/src/main/java/com/adyen/deserializer/PaymentMethodDetailsTypeAdapter.java: Recompile with -Xlint:unchecked for details.
[INFO] 
[INFO] --- maven-bundle-plugin:5.1.8:manifest (bundle-manifest) @ adyen-java-api-library ---
[INFO] No MANIFEST.MF file found, generating manifest.
[WARNING] Manifest com.adyen:adyen-java-api-library:jar:18.1.1 : Export com.adyen,  has 2,  private references [com.adyen.enums, com.adyen.httpclient]
[INFO] Writing manifest: /home/gabsko/breaking-updates/target/classes/META-INF/MANIFEST.MF
[INFO] 
[INFO] --- maven-resources-plugin:2.6:testResources (default-testResources) @ adyen-java-api-library ---
[INFO] Using 'UTF-8' encoding to copy filtered resources.
[INFO] Copying 187 resources
[INFO] 
[INFO] --- maven-compiler-plugin:3.10.1:testCompile (default-testCompile) @ adyen-java-api-library ---
[INFO] Changes detected - recompiling the module!
[INFO] Compiling 43 source files to /home/gabsko/breaking-updates/target/test-classes
[INFO] /home/gabsko/breaking-updates/src/test/java/com/adyen/BaseTest.java: Some input files use or override a deprecated API.
[INFO] /home/gabsko/breaking-updates/src/test/java/com/adyen/BaseTest.java: Recompile with -Xlint:deprecation for details.
[INFO] 
[INFO] --- maven-surefire-plugin:2.12.4:test (default-test) @ adyen-java-api-library ---
[INFO] Surefire report directory: /home/gabsko/breaking-updates/target/surefire-reports

-------------------------------------------------------
 T E S T S
-------------------------------------------------------
Running com.adyen.PaymentRequestBuilderTest
Tests run: 4, Failures: 0, Errors: 0, Skipped: 0, Time elapsed: 0.56 sec
Running com.adyen.model.marketpay.notification.PaymentFailureNotificationTest
Tests run: 1, Failures: 0, Errors: 0, Skipped: 0, Time elapsed: 0.109 sec
Running com.adyen.RecurringTest
Tests run: 8, Failures: 0, Errors: 0, Skipped: 0, Time elapsed: 0.626 sec
Running com.adyen.TerminalCloudAPITest
Tests run: 6, Failures: 0, Errors: 0, Skipped: 0, Time elapsed: 0.231 sec
Running com.adyen.UtilTest
Tests run: 8, Failures: 0, Errors: 0, Skipped: 0, Time elapsed: 0.041 sec
Running com.adyen.ClientTest
Tests run: 3, Failures: 0, Errors: 0, Skipped: 0, Time elapsed: 0.002 sec
Running com.adyen.ModelSerializationTest
Tests run: 2, Failures: 0, Errors: 0, Skipped: 1, Time elapsed: 0.224 sec
Running com.adyen.NotificationTest
Tests run: 10, Failures: 0, Errors: 0, Skipped: 0, Time elapsed: 0.03 sec
Running com.adyen.BinLookupTest
Tests run: 6, Failures: 0, Errors: 0, Skipped: 0, Time elapsed: 0.017 sec
Running com.adyen.DataProtectionServiceTest
Tests run: 2, Failures: 0, Errors: 0, Skipped: 0, Time elapsed: 0.007 sec
Running com.adyen.DirectoryLookupTest
Tests run: 3, Failures: 0, Errors: 0, Skipped: 0, Time elapsed: 0.01 sec
Running com.adyen.service.PaymentLinksTest
Tests run: 6, Failures: 0, Errors: 0, Skipped: 0, Time elapsed: 0.037 sec
Running com.adyen.service.CheckoutTest
Tests run: 1, Failures: 0, Errors: 0, Skipped: 0, Time elapsed: 0.169 sec
Running com.adyen.service.ResourceTest
Tests run: 3, Failures: 0, Errors: 0, Skipped: 0, Time elapsed: 0.019 sec
Running com.adyen.ApplicationInfoTest
Tests run: 2, Failures: 0, Errors: 0, Skipped: 0, Time elapsed: 0.001 sec
Running com.adyen.terminal.security.TerminalCommonNameValidatorTest
Tests run: 26, Failures: 0, Errors: 0, Skipped: 0, Time elapsed: 0.087 sec
Running com.adyen.NexoCryptoTest
WARNING: An illegal reflective access operation has occurred
WARNING: Illegal reflective access by com.google.gson.internal.reflect.ReflectionHelper (file:/home/gabsko/.m2/repository/com/google/code/gson/gson/2.9.1/gson-2.9.1.jar) to constructor com.sun.org.apache.xerces.internal.jaxp.datatype.XMLGregorianCalendarImpl()
WARNING: Please consider reporting this to the maintainers of com.google.gson.internal.reflect.ReflectionHelper
WARNING: Use --illegal-access=warn to enable warnings of further illegal reflective access operations
WARNING: All illegal access operations will be denied in a future release
Tests run: 4, Failures: 0, Errors: 0, Skipped: 0, Time elapsed: 0.212 sec
Running com.adyen.CheckoutTest
Tests run: 124, Failures: 0, Errors: 0, Skipped: 0, Time elapsed: 0.215 sec
Running com.adyen.StoredValueTest
Tests run: 6, Failures: 0, Errors: 0, Skipped: 0, Time elapsed: 0.008 sec
Running com.adyen.PosPaymentTest
Tests run: 3, Failures: 0, Errors: 0, Skipped: 0, Time elapsed: 0.002 sec
Running com.adyen.util.CertificateUtilTest
Tests run: 8, Failures: 0, Errors: 0, Skipped: 0, Time elapsed: 0.101 sec
Running com.adyen.util.MaskUtilTest
Tests run: 7, Failures: 0, Errors: 0, Skipped: 0, Time elapsed: 0 sec
Running com.adyen.util.HMACValidatorTest
Tests run: 7, Failures: 0, Errors: 0, Skipped: 0, Time elapsed: 0.003 sec
Running com.adyen.MarketPayTest
Tests run: 36, Failures: 0, Errors: 0, Skipped: 0, Time elapsed: 0.107 sec
Running com.adyen.PaymentRequestTest
Tests run: 6, Failures: 0, Errors: 0, Skipped: 0, Time elapsed: 0 sec
Running com.adyen.PaymentTest
Tests run: 18, Failures: 0, Errors: 0, Skipped: 0, Time elapsed: 0.013 sec
Running com.adyen.TerminalLocalAPITest
Tests run: 1, Failures: 0, Errors: 0, Skipped: 0, Time elapsed: 0.056 sec
Running com.adyen.MarketPayNotificationTest
Tests run: 27, Failures: 0, Errors: 0, Skipped: 0, Time elapsed: 0.035 sec
Running com.adyen.PaymentResultTest
Tests run: 2, Failures: 0, Errors: 0, Skipped: 0, Time elapsed: 0 sec
Running com.adyen.ModificationRequestTest
Tests run: 2, Failures: 0, Errors: 0, Skipped: 0, Time elapsed: 0 sec
Running com.adyen.ModificationTest
Tests run: 7, Failures: 0, Errors: 0, Skipped: 0, Time elapsed: 0.006 sec
Running com.adyen.PayoutTest
Tests run: 8, Failures: 0, Errors: 0, Skipped: 0, Time elapsed: 0.008 sec
Running com.adyen.serializer.SaleToAcquirerDataSerializerTest
Tests run: 1, Failures: 0, Errors: 0, Skipped: 0, Time elapsed: 0.001 sec
Running com.adyen.serializer.ByteArrayToStringAdapterTest
Tests run: 2, Failures: 0, Errors: 0, Skipped: 0, Time elapsed: 0.002 sec
Running com.adyen.serializer.DateTimeISO8601SerializerTest
Tests run: 1, Failures: 0, Errors: 0, Skipped: 0, Time elapsed: 0.002 sec
Running com.adyen.serializer.XMLEnumSerializerTest
Tests run: 1, Failures: 0, Errors: 0, Skipped: 0, Time elapsed: 0 sec
Running com.adyen.serializer.DateSerializerTest
Tests run: 1, Failures: 0, Errors: 0, Skipped: 0, Time elapsed: 0 sec
Running com.adyen.serializer.DateTimeGMTSerializerTest
Tests run: 1, Failures: 0, Errors: 0, Skipped: 0, Time elapsed: 0 sec
Running com.adyen.PosTerminalManagementTest
Tests run: 5, Failures: 0, Errors: 0, Skipped: 0, Time elapsed: 0.007 sec
Running com.adyen.builders.terminal.TerminalAPIRequestBuilderTest
Tests run: 3, Failures: 0, Errors: 0, Skipped: 0, Time elapsed: 0.044 sec
Running com.adyen.CheckoutUtilityTest
Tests run: 1, Failures: 0, Errors: 0, Skipped: 0, Time elapsed: 0.002 sec

Results :

Tests run: 373, Failures: 0, Errors: 0, Skipped: 1

[INFO] ------------------------------------------------------------------------
[INFO] BUILD SUCCESS
[INFO] ------------------------------------------------------------------------
[INFO] Total time:  11.725 s
[INFO] Finished at: 2023-01-06T14:45:40Z
[INFO] ------------------------------------------------------------------------
