[INFO] Scanning for projects...
[INFO] 
[INFO] ---------------------< com.password4j:password4j >----------------------
[INFO] Building Password4j 1.5.4-SNAPSHOT
[INFO] --------------------------------[ jar ]---------------------------------
[INFO] 
[INFO] --- maven-clean-plugin:2.5:clean (default-clean) @ password4j ---
[INFO] Deleting /home/gabsko/breaking-updates/target
[INFO] 
[INFO] --- jacoco-maven-plugin:0.8.7:prepare-agent (default) @ password4j ---
[INFO] argLine set to -javaagent:/home/gabsko/.m2/repository/org/jacoco/org.jacoco.agent/0.8.7/org.jacoco.agent-0.8.7-runtime.jar=destfile=/home/gabsko/breaking-updates/target/jacoco.exec
[INFO] 
[INFO] --- maven-resources-plugin:2.6:resources (default-resources) @ password4j ---
[INFO] Using 'UTF-8' encoding to copy filtered resources.
[INFO] skip non existing resourceDirectory /home/gabsko/breaking-updates/src/main/resources
[INFO] 
[INFO] --- maven-compiler-plugin:3.8.1:compile (default-compile) @ password4j ---
[INFO] Changes detected - recompiling the module!
[INFO] Compiling 28 source files to /home/gabsko/breaking-updates/target/classes
[INFO] 
[INFO] --- maven-resources-plugin:2.6:testResources (default-testResources) @ password4j ---
[INFO] Using 'UTF-8' encoding to copy filtered resources.
[INFO] Copying 1 resource
[INFO] 
[INFO] --- maven-compiler-plugin:3.8.1:testCompile (default-testCompile) @ password4j ---
[INFO] Changes detected - recompiling the module!
[INFO] Compiling 15 source files to /home/gabsko/breaking-updates/target/test-classes
[INFO] 
[INFO] --- maven-surefire-plugin:2.12.4:test (default-test) @ password4j ---
[INFO] Surefire report directory: /home/gabsko/breaking-updates/target/surefire-reports

-------------------------------------------------------
 T E S T S
-------------------------------------------------------
Running com.password4j.PropertyReaderTest
SLF4J: Failed to load class "org.slf4j.impl.StaticLoggerBinder".
SLF4J: Defaulting to no-operation (NOP) logger implementation
SLF4J: See http://www.slf4j.org/codes.html#StaticLoggerBinder for further details.
Tests run: 9, Failures: 0, Errors: 0, Skipped: 0, Time elapsed: 0.096 sec
Running com.password4j.PasswordTest
true
Tests run: 52, Failures: 0, Errors: 0, Skipped: 0, Time elapsed: 41.447 sec
Running com.password4j.HashTest
Tests run: 4, Failures: 0, Errors: 0, Skipped: 0, Time elapsed: 0.272 sec
Running com.password4j.PBKDF2FunctionTest
Tests run: 17, Failures: 0, Errors: 0, Skipped: 0, Time elapsed: 0.386 sec
Running com.password4j.Blake2bTest
Tests run: 4, Failures: 0, Errors: 0, Skipped: 0, Time elapsed: 0.001 sec
Running com.password4j.SaltGeneratorTest
Tests run: 6, Failures: 0, Errors: 0, Skipped: 0, Time elapsed: 0.004 sec
Running com.password4j.SystemCheckTest
Tests run: 12, Failures: 0, Errors: 0, Skipped: 0, Time elapsed: 1.756 sec
Running com.password4j.MessageDigestFunctionTest
Tests run: 16, Failures: 0, Errors: 0, Skipped: 0, Time elapsed: 1.402 sec
Running com.password4j.HashBuilderTest
Tests run: 3, Failures: 0, Errors: 0, Skipped: 0, Time elapsed: 0.565 sec
Running com.password4j.PepperGeneratorTest
Tests run: 5, Failures: 0, Errors: 0, Skipped: 0, Time elapsed: 0 sec
Running com.password4j.ScryptFunctionTest
Tests run: 17, Failures: 0, Errors: 0, Skipped: 0, Time elapsed: 0.708 sec
Running com.password4j.Argon2FunctionTest
Tests run: 5, Failures: 0, Errors: 0, Skipped: 0, Time elapsed: 11.863 sec
Running com.password4j.StringTest
Tests run: 12, Failures: 0, Errors: 0, Skipped: 0, Time elapsed: 0.003 sec
Running com.password4j.BcryptFunctionTest
Tests run: 41, Failures: 0, Errors: 0, Skipped: 0, Time elapsed: 22.96 sec
Running org.example.project.PublicPasswordTest
Tests run: 3, Failures: 0, Errors: 0, Skipped: 0, Time elapsed: 12.696 sec

Results :

Tests run: 206, Failures: 0, Errors: 0, Skipped: 0

[INFO] 
[INFO] --- jacoco-maven-plugin:0.8.7:report (report) @ password4j ---
[INFO] Loading execution data file /home/gabsko/breaking-updates/target/jacoco.exec
[INFO] Analyzed bundle 'Password4j' with 29 classes
[INFO] ------------------------------------------------------------------------
[INFO] BUILD SUCCESS
[INFO] ------------------------------------------------------------------------
[INFO] Total time:  01:36 min
[INFO] Finished at: 2023-01-06T18:28:03Z
[INFO] ------------------------------------------------------------------------
