[INFO] Scanning for projects...
[INFO] 
[INFO] ---------------< org.mybatis.scripting:mybatis-velocity >---------------
[INFO] Building MyBatis Velocity 2.1.2-SNAPSHOT
[INFO] --------------------------------[ jar ]---------------------------------
[INFO] 
[INFO] --- maven-clean-plugin:3.1.0:clean (default-clean) @ mybatis-velocity ---
[INFO] Deleting /home/gabsko/breaking-updates/target
[INFO] 
[INFO] --- maven-enforcer-plugin:3.0.0:enforce (enforce-java) @ mybatis-velocity ---
[INFO] 
[INFO] --- jacoco-maven-plugin:0.8.7:prepare-agent (prepare-agent) @ mybatis-velocity ---
[INFO] argLine set to -javaagent:/home/gabsko/.m2/repository/org/jacoco/org.jacoco.agent/0.8.7/org.jacoco.agent-0.8.7-runtime.jar=destfile=/home/gabsko/breaking-updates/target/jacoco.exec
[INFO] 
[INFO] --- whitespace-maven-plugin:1.0.4:trim (default) @ mybatis-velocity ---
[INFO] 
[INFO] --- formatter-maven-plugin:2.16.0:format (default) @ mybatis-velocity ---
[INFO] Using 'UTF-8' encoding to format source files.
[INFO] Formatting is skipped for types: XML
[INFO] Number of files to be formatted: 24
[INFO] Successfully formatted:          0 file(s)
[INFO] Fail to format:                  0 file(s)
[INFO] Skipped:                         24 file(s)
[INFO] Read only skipped:               0 file(s)
[INFO] Approximate time taken:          1s
[INFO] 
[INFO] --- impsort-maven-plugin:1.6.2:sort (default) @ mybatis-velocity ---
[INFO] Processed 24 files in 00:00.398 (Already Sorted: 24, Needed Sorting: 0)
[INFO] 
[INFO] --- license-maven-plugin:4.2.rc2:format (default) @ mybatis-velocity ---
[INFO] Updating license headers...
[INFO] 
[INFO] --- maven-resources-plugin:3.2.0:resources (default-resources) @ mybatis-velocity ---
[INFO] Using 'UTF-8' encoding to copy filtered resources.
[INFO] Using 'UTF-8' encoding to copy filtered properties files.
[INFO] skip non existing resourceDirectory /home/gabsko/breaking-updates/src/main/resources
[INFO] Copying 2 resources to META-INF
[INFO] 
[INFO] --- maven-compiler-plugin:3.9.0:compile (default-compile) @ mybatis-velocity ---
[INFO] Compiling 13 source files to /home/gabsko/breaking-updates/target/classes
[INFO] 
[INFO] --- animal-sniffer-maven-plugin:1.21:check (check-java-compat) @ mybatis-velocity ---
[INFO] Checking unresolved references to org.codehaus.mojo.signature:java18:1.0
[INFO] 
[INFO] --- maven-bundle-plugin:5.1.4:manifest (bundle-manifest) @ mybatis-velocity ---
[INFO] Writing manifest: /home/gabsko/breaking-updates/target/osgi/MANIFEST.MF
[INFO] 
[INFO] --- maven-resources-plugin:3.2.0:testResources (default-testResources) @ mybatis-velocity ---
[INFO] Using 'UTF-8' encoding to copy filtered resources.
[INFO] Using 'UTF-8' encoding to copy filtered properties files.
[INFO] Copying 8 resources
[INFO] 
[INFO] --- maven-compiler-plugin:3.9.0:testCompile (default-testCompile) @ mybatis-velocity ---
[INFO] Compiling 11 source files to /home/gabsko/breaking-updates/target/test-classes
[INFO] 
[INFO] --- maven-surefire-plugin:3.0.0-M5:test (default-test) @ mybatis-velocity ---
[INFO] 
[INFO] -------------------------------------------------------
[INFO]  T E S T S
[INFO] -------------------------------------------------------
[INFO] Running org.mybatis.scripting.velocity.VelocityLanguageDriverConfigTest
[main] WARN org.mybatis.scripting.velocity.VelocityLanguageDriverConfig - The 'additional.context.attributes' has been deprecated since 2.1.0. Please use the 'additionalContextAttributes.{name}={value}'.
[main] WARN org.mybatis.scripting.velocity.VelocityLanguageDriverConfig - The 'userdirective' has been deprecated since 2.1.0. Please use the 'velocity-settings.runtime.custom_directives' or 'runtime.custom_directives'.
[main] WARN org.mybatis.scripting.velocity.VelocityLanguageDriverConfig - The 'additional.context.attributes' has been deprecated since 2.1.0. Please use the 'additionalContextAttributes.{name}={value}'.
[main] WARN org.mybatis.scripting.velocity.VelocityLanguageDriverConfig - The 'additional.context.attributes' has been deprecated since 2.1.0. Please use the 'additionalContextAttributes.{name}={value}'.
[main] WARN org.mybatis.scripting.velocity.VelocityLanguageDriverConfig - The 'additional.context.attributes' has been deprecated since 2.1.0. Please use the 'additionalContextAttributes.{name}={value}'.
[main] WARN org.mybatis.scripting.velocity.VelocityLanguageDriverConfig - The 'additional.context.attributes' has been deprecated since 2.1.0. Please use the 'additionalContextAttributes.{name}={value}'.
[main] WARN org.mybatis.scripting.velocity.VelocityLanguageDriverConfig - The 'additional.context.attributes' has been deprecated since 2.1.0. Please use the 'additionalContextAttributes.{name}={value}'.
[INFO] Tests run: 7, Failures: 0, Errors: 0, Skipped: 0, Time elapsed: 0.141 s - in org.mybatis.scripting.velocity.VelocityLanguageDriverConfigTest
[INFO] Running org.mybatis.scripting.velocity.TrimDirectiveTest
[INFO] Tests run: 8, Failures: 0, Errors: 0, Skipped: 0, Time elapsed: 0.158 s - in org.mybatis.scripting.velocity.TrimDirectiveTest
[INFO] Running org.mybatis.scripting.velocity.InDirectiveTest
[INFO] Tests run: 8, Failures: 0, Errors: 0, Skipped: 0, Time elapsed: 0.081 s - in org.mybatis.scripting.velocity.InDirectiveTest
[INFO] Running org.mybatis.scripting.velocity.WhereDirectiveTest
[INFO] Tests run: 4, Failures: 0, Errors: 0, Skipped: 0, Time elapsed: 0.008 s - in org.mybatis.scripting.velocity.WhereDirectiveTest
[INFO] Running org.mybatis.scripting.velocity.use.VelocityLanguageTest
[ERROR] WARNING: An illegal reflective access operation has occurred
[ERROR] WARNING: Illegal reflective access by org.apache.ibatis.reflection.invoker.MethodInvoker (file:/home/gabsko/.m2/repository/org/mybatis/mybatis/3.5.10/mybatis-3.5.10.jar) to method java.util.HashMap$Node.getKey()
[ERROR] WARNING: Please consider reporting this to the maintainers of org.apache.ibatis.reflection.invoker.MethodInvoker
[ERROR] WARNING: Use --illegal-access=warn to enable warnings of further illegal reflective access operations
[ERROR] WARNING: All illegal access operations will be denied in a future release
[INFO] Tests run: 18, Failures: 0, Errors: 0, Skipped: 0, Time elapsed: 0.885 s - in org.mybatis.scripting.velocity.use.VelocityLanguageTest
[INFO] 
[INFO] Results:
[INFO] 
[INFO] Tests run: 45, Failures: 0, Errors: 0, Skipped: 0
[INFO] 
[INFO] ------------------------------------------------------------------------
[INFO] BUILD SUCCESS
[INFO] ------------------------------------------------------------------------
[INFO] Total time:  8.949 s
[INFO] Finished at: 2023-01-07T02:21:01Z
[INFO] ------------------------------------------------------------------------
