[INFO] Scanning for projects...
[INFO] 
[INFO] -----------< org.apache.maven.plugins:maven-invoker-plugin >------------
[INFO] Building Apache Maven Invoker Plugin 3.2.2-SNAPSHOT
[INFO] ----------------------------[ maven-plugin ]----------------------------
[INFO] 
[INFO] --- maven-clean-plugin:3.1.0:clean (default-clean) @ maven-invoker-plugin ---
[INFO] Deleting /home/gabsko/breaking-updates/target
[INFO] 
[INFO] --- maven-enforcer-plugin:3.0.0-M3:enforce (enforce-maven-version) @ maven-invoker-plugin ---
[INFO] 
[INFO] --- maven-enforcer-plugin:3.0.0-M3:enforce (enforce-bytecode-version) @ maven-invoker-plugin ---
[INFO] Adding ignore: module-info
[INFO] 
[INFO] --- maven-enforcer-plugin:3.0.0-M3:enforce (ensure-no-container-api) @ maven-invoker-plugin ---
[INFO] 
[INFO] --- apache-rat-plugin:0.13:check (rat-check) @ maven-invoker-plugin ---
[INFO] Enabled default license matchers.
[INFO] Will parse SCM ignores for exclusions...
[INFO] Parsing exclusions from /home/gabsko/breaking-updates/.gitignore
[INFO] Finished adding exclusions from SCM ignore files.
[INFO] 72 implicit excludes (use -debug for more details).
[INFO] 8 explicit excludes (use -debug for more details).
[INFO] 488 resources included (use -debug for more details)
[INFO] Rat check: Summary over all files. Unapproved: 0, unknown: 0, generated: 0, approved: 488 licenses.
[INFO] 
[INFO] --- maven-plugin-plugin:3.5.2:helpmojo (generate-helpmojo) @ maven-invoker-plugin ---
[INFO] Using 'UTF-8' encoding to read mojo source files.
[INFO] java-javadoc mojo extractor found 0 mojo descriptor.
[INFO] java-annotations mojo extractor found 0 mojo descriptor.
[INFO] 
[INFO] --- modello-maven-plugin:1.9.1:xpp3-reader (standard) @ maven-invoker-plugin ---
[INFO] outputDirectory: /home/gabsko/breaking-updates/target/generated-sources/modello
[INFO] Working on model: src/main/mdo/invocation.mdo
[INFO] Generating current version: 1.0.0
[INFO] 
[INFO] --- modello-maven-plugin:1.9.1:xpp3-writer (standard) @ maven-invoker-plugin ---
[INFO] outputDirectory: /home/gabsko/breaking-updates/target/generated-sources/modello
[INFO] Working on model: src/main/mdo/invocation.mdo
[INFO] Generating current version: 1.0.0
[INFO] 
[INFO] --- modello-maven-plugin:1.9.1:java (standard) @ maven-invoker-plugin ---
[INFO] outputDirectory: /home/gabsko/breaking-updates/target/generated-sources/modello
[INFO] Working on model: src/main/mdo/invocation.mdo
[INFO] Generating current version: 1.0.0
[INFO] 
[INFO] --- maven-remote-resources-plugin:1.7.0:process (process-resource-bundles) @ maven-invoker-plugin ---
[INFO] Preparing remote bundle org.apache:apache-jar-resource-bundle:1.4
[INFO] Copying 3 resources from 1 bundle.
[INFO] 
[INFO] --- maven-resources-plugin:3.1.0:resources (default-resources) @ maven-invoker-plugin ---
[INFO] Using 'UTF-8' encoding to copy filtered resources.
[INFO] Copying 4 resources
[INFO] Copying 3 resources
[INFO] 
[INFO] --- maven-compiler-plugin:3.8.1:compile (default-compile) @ maven-invoker-plugin ---
[INFO] Changes detected - recompiling the module!
[INFO] Compiling 22 source files to /home/gabsko/breaking-updates/target/classes
[INFO] /home/gabsko/breaking-updates/src/main/java/org/apache/maven/plugins/invoker/InstallMojo.java: Some input files use or override a deprecated API.
[INFO] /home/gabsko/breaking-updates/src/main/java/org/apache/maven/plugins/invoker/InstallMojo.java: Recompile with -Xlint:deprecation for details.
[INFO] /home/gabsko/breaking-updates/src/main/java/org/apache/maven/plugins/invoker/AbstractInvokerMojo.java: Some input files use unchecked or unsafe operations.
[INFO] /home/gabsko/breaking-updates/src/main/java/org/apache/maven/plugins/invoker/AbstractInvokerMojo.java: Recompile with -Xlint:unchecked for details.
[INFO] 
[INFO] --- maven-plugin-plugin:3.5.2:descriptor (default-descriptor) @ maven-invoker-plugin ---
[INFO] Using 'UTF-8' encoding to read mojo source files.
[INFO] java-javadoc mojo extractor found 0 mojo descriptor.
[INFO] java-annotations mojo extractor found 6 mojo descriptors.
[INFO] 
[INFO] --- maven-resources-plugin:3.1.0:testResources (default-testResources) @ maven-invoker-plugin ---
[INFO] Using 'UTF-8' encoding to copy filtered resources.
[INFO] Copying 6 resources
[INFO] Copying 3 resources
[INFO] 
[INFO] --- maven-compiler-plugin:3.8.1:testCompile (default-testCompile) @ maven-invoker-plugin ---
[INFO] Changes detected - recompiling the module!
[INFO] Compiling 6 source files to /home/gabsko/breaking-updates/target/test-classes
[INFO] /home/gabsko/breaking-updates/src/test/java/org/apache/maven/plugins/invoker/InterpolationTest.java: /home/gabsko/breaking-updates/src/test/java/org/apache/maven/plugins/invoker/InterpolationTest.java uses unchecked or unsafe operations.
[INFO] /home/gabsko/breaking-updates/src/test/java/org/apache/maven/plugins/invoker/InterpolationTest.java: Recompile with -Xlint:unchecked for details.
[INFO] 
[INFO] --- maven-surefire-plugin:2.22.2:test (default-test) @ maven-invoker-plugin ---
[INFO] 
[INFO] -------------------------------------------------------
[INFO]  T E S T S
[INFO] -------------------------------------------------------
[INFO] Running org.apache.maven.plugins.invoker.InvokerMojoTest
[INFO] Tests run: 5, Failures: 0, Errors: 0, Skipped: 0, Time elapsed: 0.636 s - in org.apache.maven.plugins.invoker.InvokerMojoTest
[INFO] Running org.apache.maven.plugins.invoker.InvokerPropertiesTest
[INFO] Tests run: 21, Failures: 0, Errors: 0, Skipped: 0, Time elapsed: 0.396 s - in org.apache.maven.plugins.invoker.InvokerPropertiesTest
[INFO] Running org.apache.maven.plugins.invoker.InterpolationTest
[debug] Interpolate /home/gabsko/breaking-updates/src/test/resources/unit/interpolation/pom.xml to /home/gabsko/breaking-updates/target/interpolated-pom.xml
[debug] Interpolate /home/gabsko/breaking-updates/src/test/resources/unit/interpolation/pom.xml to /home/gabsko/breaking-updates/target/interpolated-pom.xml
[INFO] Tests run: 3, Failures: 0, Errors: 0, Skipped: 0, Time elapsed: 0.138 s - in org.apache.maven.plugins.invoker.InterpolationTest
[INFO] Running org.apache.maven.plugins.invoker.SelectorTest
[INFO] Tests run: 3, Failures: 0, Errors: 0, Skipped: 0, Time elapsed: 0.004 s - in org.apache.maven.plugins.invoker.SelectorTest
[INFO] Running org.apache.maven.plugins.invoker.SelectorUtilsTest
[INFO] Tests run: 5, Failures: 0, Errors: 0, Skipped: 0, Time elapsed: 0.029 s - in org.apache.maven.plugins.invoker.SelectorUtilsTest
[INFO] 
[INFO] Results:
[INFO] 
[INFO] Tests run: 37, Failures: 0, Errors: 0, Skipped: 0
[INFO] 
[INFO] ------------------------------------------------------------------------
[INFO] BUILD SUCCESS
[INFO] ------------------------------------------------------------------------
[INFO] Total time:  7.142 s
[INFO] Finished at: 2023-01-06T19:52:18Z
[INFO] ------------------------------------------------------------------------
