[INFO] Scanning for projects...
[INFO] Inspecting build with total of 8 modules...
[INFO] Installing Nexus Staging features:
[INFO]   ... total of 8 executions of maven-deploy-plugin replaced with nexus-staging-maven-plugin
[INFO] ------------------------------------------------------------------------
[INFO] Reactor Build Order:
[INFO] 
[INFO] PrimeFaces Parent                                                  [pom]
[INFO] PrimeFaces                                                         [jar]
[INFO] PrimeFaces Showcase                                                [war]
[INFO] PrimeFaces Selenium                                                [pom]
[INFO] PrimeFaces Selenium - Core                                         [jar]
[INFO] PrimeFaces Selenium - Components                                   [jar]
[INFO] PrimeFaces Integration Tests                                       [war]
[INFO] PrimeFaces CLI                                                     [jar]
[INFO] 
[INFO] ------------------< org.primefaces:primefaces-parent >------------------
[INFO] Building PrimeFaces Parent 11.0.0-SNAPSHOT                         [1/8]
[INFO] --------------------------------[ pom ]---------------------------------
[INFO] 
[INFO] --- maven-clean-plugin:2.5:clean (default-clean) @ primefaces-parent ---
[INFO] Deleting /home/gabsko/breaking-updates/target
[INFO] 
[INFO] --- maven-checkstyle-plugin:3.1.2:check (checkstyle) @ primefaces-parent ---
[INFO] Starting audit...
Audit done.
[INFO] You have 0 Checkstyle violations.
[INFO] 
[INFO] ---------------------< org.primefaces:primefaces >----------------------
[INFO] Building PrimeFaces 11.0.0-SNAPSHOT                                [2/8]
[INFO] --------------------------------[ jar ]---------------------------------
[INFO] 
[INFO] --- maven-clean-plugin:3.1.0:clean (default-clean) @ primefaces ---
[INFO] Deleting /home/gabsko/breaking-updates/primefaces/target
[INFO] 
[INFO] --- build-helper-maven-plugin:3.2.0:parse-version (parse-version) @ primefaces ---
[INFO] 
[INFO] --- maven-checkstyle-plugin:3.1.2:check (checkstyle) @ primefaces ---
[INFO] Starting audit...
Audit done.
[INFO] You have 0 Checkstyle violations.
[INFO] 
[INFO] --- license-maven-plugin:2.0.0:add-third-party (add-third-party) @ primefaces ---
[INFO] Writing third-party file to /home/gabsko/breaking-updates/primefaces/target/classes/META-INF/licenses/THIRD-PARTY.txt
[INFO] 
[INFO] --- maven-resources-plugin:3.2.0:resources (default-resources) @ primefaces ---
[INFO] Using 'UTF-8' encoding to copy filtered resources.
[INFO] Using 'UTF-8' encoding to copy filtered properties files.
[INFO] Copying 416 resources
[INFO] Copying 1 resource
[INFO] The encoding used to copy filtered properties files have not been set. This means that the same encoding will be used to copy filtered properties files as when copying other filtered resources. This might not be what you want! Run your build with --debug to see which files might be affected. Read more at https://maven.apache.org/plugins/maven-resources-plugin/examples/filtering-properties-files.html
[INFO] 
[INFO] --- yuicompressor-maven-plugin:1.5.1:compress (default) @ primefaces ---
[INFO] generate aggregation : /home/gabsko/breaking-updates/primefaces/target/classes/META-INF/resources/primefaces/components.css
[INFO] components.css (135046b)
[INFO] generate aggregation : /home/gabsko/breaking-updates/primefaces/target/classes/META-INF/resources/primefaces/core.js
[INFO] core.js (289007b)
[INFO] generate aggregation : /home/gabsko/breaking-updates/primefaces/target/classes/META-INF/resources/primefaces/components.js
[INFO] components.js (1310669b)
[INFO] generate aggregation : /home/gabsko/breaking-updates/primefaces/target/classes/META-INF/resources/primefaces/validation/validation.js
[INFO] validation.js (65567b)
[INFO] generate aggregation : /home/gabsko/breaking-updates/primefaces/target/classes/META-INF/resources/primefaces/imagecropper/imagecropper.js
[INFO] imagecropper.js (120391b)
[INFO] generate aggregation : /home/gabsko/breaking-updates/primefaces/target/classes/META-INF/resources/primefaces/inputmask/inputmask.js
[INFO] inputmask.js (144661b)
[INFO] generate aggregation : /home/gabsko/breaking-updates/primefaces/target/classes/META-INF/resources/primefaces/inputnumber/inputnumber.js
[INFO] inputnumber.js (683312b)
[INFO] generate aggregation : /home/gabsko/breaking-updates/primefaces/target/classes/META-INF/resources/primefaces/keyboard/keyboard.js
[INFO] keyboard.js (61920b)
[INFO] generate aggregation : /home/gabsko/breaking-updates/primefaces/target/classes/META-INF/resources/primefaces/keyfilter/keyfilter.js
[INFO] keyfilter.js (7615b)
[INFO] generate aggregation : /home/gabsko/breaking-updates/primefaces/target/classes/META-INF/resources/primefaces/knob/knob.js
[INFO] knob.js (40683b)
[INFO] generate aggregation : /home/gabsko/breaking-updates/primefaces/target/classes/META-INF/resources/primefaces/chartjs/chartjs.js
[INFO] chartjs.js (197441b)
[INFO] generate aggregation : /home/gabsko/breaking-updates/primefaces/target/classes/META-INF/resources/primefaces/signature/signature.js
[INFO] signature.js (20830b)
[INFO] generate aggregation : /home/gabsko/breaking-updates/primefaces/target/classes/META-INF/resources/primefaces/scrollpanel/scrollpanel.js
[INFO] scrollpanel.js (57996b)
[INFO] generate aggregation : /home/gabsko/breaking-updates/primefaces/target/classes/META-INF/resources/primefaces/timeline/timeline.js
[INFO] timeline.js (580230b)
[INFO] generate aggregation : /home/gabsko/breaking-updates/primefaces/target/classes/META-INF/resources/primefaces/idlemonitor/idlemonitor.js
[INFO] idlemonitor.js (16021b)
[INFO] generate aggregation : /home/gabsko/breaking-updates/primefaces/target/classes/META-INF/resources/primefaces/charts/charts.js
[INFO] charts.js (891654b)
[INFO] generate aggregation : /home/gabsko/breaking-updates/primefaces/target/classes/META-INF/resources/primefaces/jquery/jquery-plugins.js
[INFO] jquery-plugins.js (486970b)
[INFO] generate aggregation : /home/gabsko/breaking-updates/primefaces/target/classes/META-INF/resources/primefaces/colorpicker/colorpicker.js
[INFO] colorpicker.js (31920b)
[INFO] generate aggregation : /home/gabsko/breaking-updates/primefaces/target/classes/META-INF/resources/primefaces/diagram/diagram.js
[INFO] diagram.js (224588b)
[INFO] generate aggregation : /home/gabsko/breaking-updates/primefaces/target/classes/META-INF/resources/primefaces/diagram/diagram.css
[INFO] diagram.css (16059b)
[INFO] generate aggregation : /home/gabsko/breaking-updates/primefaces/target/classes/META-INF/resources/primefaces/fileupload/fileupload.js
[INFO] fileupload.js (111536b)
[INFO] generate aggregation : /home/gabsko/breaking-updates/primefaces/target/classes/META-INF/resources/primefaces/schedule/schedule.js
[INFO] schedule.js (308078b)
[INFO] generate aggregation : /home/gabsko/breaking-updates/primefaces/target/classes/META-INF/resources/primefaces/schedule/schedule.css
[INFO] schedule.css (38013b)
[INFO] generate aggregation : /home/gabsko/breaking-updates/primefaces/target/classes/META-INF/resources/primefaces/datepicker/datepicker.js
[INFO] datepicker.js (126184b)
[INFO] generate aggregation : /home/gabsko/breaking-updates/primefaces/target/classes/META-INF/resources/primefaces/texteditor/texteditor.js
[INFO] texteditor.js (223983b)
[INFO] generate aggregation : /home/gabsko/breaking-updates/primefaces/target/classes/META-INF/resources/primefaces/filedownload/filedownload.js
[INFO] filedownload.js (7339b)
[INFO] nb warnings: 0, nb errors: 0
[INFO] 
[INFO] --- maven-compiler-plugin:3.8.1:compile (default-compile) @ primefaces ---
[INFO] Changes detected - recompiling the module!
[INFO] Compiling 1175 source files to /home/gabsko/breaking-updates/primefaces/target/classes
[WARNING] bootstrap class path not set in conjunction with -source 8
[WARNING] /home/gabsko/breaking-updates/primefaces/src/main/java/org/primefaces/component/treetable/TreeTable.java:[123,27] RANGE in org.primefaces.model.MatchMode has been deprecated
[WARNING] /home/gabsko/breaking-updates/primefaces/src/main/java/org/primefaces/component/datatable/feature/FilterFeature.java:[63,27] RANGE in org.primefaces.model.MatchMode has been deprecated
[WARNING] /home/gabsko/breaking-updates/primefaces/src/main/java/org/primefaces/component/tree/Tree.java:[97,27] RANGE in org.primefaces.model.MatchMode has been deprecated
[INFO] /home/gabsko/breaking-updates/primefaces/src/main/java/org/primefaces/cache/EHCache3Provider.java: Some input files use unchecked or unsafe operations.
[INFO] /home/gabsko/breaking-updates/primefaces/src/main/java/org/primefaces/cache/EHCache3Provider.java: Recompile with -Xlint:unchecked for details.
[INFO] 
[INFO] --- maven-bundle-plugin:5.1.2:manifest (bundle-manifest) @ primefaces ---
[WARNING] Manifest org.primefaces:primefaces:jar:11.0.0-SNAPSHOT : Unused Import-Package instructions: [javax.faces.component.search.*, javax.inject.*, javax.enterprise.*] 
[INFO] 
[INFO] --- maven-resources-plugin:3.2.0:testResources (default-testResources) @ primefaces ---
[INFO] Using 'UTF-8' encoding to copy filtered resources.
[INFO] Using 'UTF-8' encoding to copy filtered properties files.
[INFO] Copying 8 resources
[INFO] 
[INFO] --- maven-compiler-plugin:3.8.1:testCompile (default-testCompile) @ primefaces ---
[INFO] Changes detected - recompiling the module!
[INFO] Compiling 61 source files to /home/gabsko/breaking-updates/primefaces/target/test-classes
[INFO] /home/gabsko/breaking-updates/primefaces/src/test/java/org/primefaces/mock/ApplicationMock.java: Some input files use or override a deprecated API.
[INFO] /home/gabsko/breaking-updates/primefaces/src/test/java/org/primefaces/mock/ApplicationMock.java: Recompile with -Xlint:deprecation for details.
[INFO] /home/gabsko/breaking-updates/primefaces/src/test/java/org/primefaces/component/inputnumber/InputNumberTest.java: Some input files use unchecked or unsafe operations.
[INFO] /home/gabsko/breaking-updates/primefaces/src/test/java/org/primefaces/component/inputnumber/InputNumberTest.java: Recompile with -Xlint:unchecked for details.
[INFO] 
[INFO] --- maven-surefire-plugin:3.0.0-M3:test (default-test) @ primefaces ---
[INFO] 
[INFO] -------------------------------------------------------
[INFO]  T E S T S
[INFO] -------------------------------------------------------
[INFO] Running org.primefaces.model.DefaultDashboardModelTest
[INFO] Tests run: 3, Failures: 0, Errors: 0, Skipped: 0, Time elapsed: 0.027 s - in org.primefaces.model.DefaultDashboardModelTest
[INFO] Running org.primefaces.model.file.NativeUploadedFileTest
[INFO] Tests run: 14, Failures: 0, Errors: 0, Skipped: 0, Time elapsed: 0.001 s - in org.primefaces.model.file.NativeUploadedFileTest
[INFO] Running org.primefaces.model.ScheduleModelTest
[INFO] Tests run: 3, Failures: 0, Errors: 0, Skipped: 0, Time elapsed: 0.012 s - in org.primefaces.model.ScheduleModelTest
[INFO] Running org.primefaces.model.TreeNodeTest
[INFO] Tests run: 5, Failures: 0, Errors: 0, Skipped: 0, Time elapsed: 0.003 s - in org.primefaces.model.TreeNodeTest
[INFO] Running org.primefaces.model.CheckboxTreeNodeTest
[INFO] Tests run: 6, Failures: 0, Errors: 0, Skipped: 0, Time elapsed: 0.003 s - in org.primefaces.model.CheckboxTreeNodeTest
[INFO] Running org.primefaces.model.LazyDataModelIteratorTest

testIteratorWhileRemoveUnsupportedOperationException
Loading 2 items from offset 0

testOverloadedIteratorMultiSorting
Loading 2 items from offset 0

testIteratorPageSizeEqualToTotalItems
Loading 20 items from offset 0
0
1
2
3
4
5
6
7
8
9
10
11
12
13
14
15
16
17
18
19
Loading 20 items from offset 20

testIteratorPageSizeLessThanTotalItems
Loading 3 items from offset 0
0
1
2
Loading 3 items from offset 3
3
4
5
Loading 3 items from offset 6
6
7
8
Loading 3 items from offset 9
9

testIteratorWhileNoSuchElementException

testIteratorPageSizeGreaterThanTotalItems
Loading 10 items from offset 0
0
1
2
3
4
5
6
7
8

testIteratorWhileHasNext
Loading 10 items from offset 0
0
1
2
3
4

testOverloadedIteratorSingleSorting
Loading 2 items from offset 0

testIteratorZeroTotalItems
Loading 10 items from offset 0
[INFO] Tests run: 9, Failures: 0, Errors: 0, Skipped: 0, Time elapsed: 0.014 s - in org.primefaces.model.LazyDataModelIteratorTest
[INFO] Running org.primefaces.config.WebXmlParserTest
[INFO] Tests run: 6, Failures: 0, Errors: 0, Skipped: 0, Time elapsed: 1.035 s - in org.primefaces.config.WebXmlParserTest
[INFO] Running org.primefaces.context.PrimePartialResponseWriterTest
[INFO] Tests run: 3, Failures: 0, Errors: 0, Skipped: 0, Time elapsed: 0.007 s - in org.primefaces.context.PrimePartialResponseWriterTest
[INFO] Running org.primefaces.json.JSONObjectTest
[INFO] Tests run: 4, Failures: 0, Errors: 0, Skipped: 0, Time elapsed: 0 s - in org.primefaces.json.JSONObjectTest
[INFO] Running org.primefaces.application.resource.MoveScriptsToBottomResponseWriterTest
[INFO] Tests run: 8, Failures: 0, Errors: 0, Skipped: 0, Time elapsed: 0.109 s - in org.primefaces.application.resource.MoveScriptsToBottomResponseWriterTest
[INFO] Running org.primefaces.application.PrimeExceptionHandlerTest
[INFO] Tests run: 4, Failures: 0, Errors: 0, Skipped: 0, Time elapsed: 0.001 s - in org.primefaces.application.PrimeExceptionHandlerTest
[INFO] Running org.primefaces.component.messages.MessagesRendererTest
[INFO] Tests run: 4, Failures: 0, Errors: 0, Skipped: 0, Time elapsed: 0.114 s - in org.primefaces.component.messages.MessagesRendererTest
[INFO] Running org.primefaces.component.effect.EffectBuilderTest
[INFO] Tests run: 3, Failures: 0, Errors: 0, Skipped: 0, Time elapsed: 0 s - in org.primefaces.component.effect.EffectBuilderTest
[INFO] Running org.primefaces.component.terminal.TerminalAutoCompleteTest
[INFO] Tests run: 8, Failures: 0, Errors: 0, Skipped: 0, Time elapsed: 0.025 s - in org.primefaces.component.terminal.TerminalAutoCompleteTest
[INFO] Running org.primefaces.component.imagecropper.ImageCropperRendererTest
[INFO] Tests run: 3, Failures: 0, Errors: 0, Skipped: 0, Time elapsed: 0.162 s - in org.primefaces.component.imagecropper.ImageCropperRendererTest
[INFO] Running org.primefaces.component.feedreader.FeedReaderTest
[INFO] Tests run: 3, Failures: 0, Errors: 0, Skipped: 0, Time elapsed: 0.055 s - in org.primefaces.component.feedreader.FeedReaderTest
[INFO] Running org.primefaces.component.inputmask.InputMaskRendererTest
[INFO] Tests run: 1, Failures: 0, Errors: 0, Skipped: 0, Time elapsed: 0 s - in org.primefaces.component.inputmask.InputMaskRendererTest
[INFO] Running org.primefaces.component.inputmask.InputMaskTest
[INFO] Tests run: 2, Failures: 0, Errors: 0, Skipped: 0, Time elapsed: 0.003 s - in org.primefaces.component.inputmask.InputMaskTest
[INFO] Running org.primefaces.component.datepicker.DatePickerTest
[INFO] Tests run: 148, Failures: 0, Errors: 0, Skipped: 0, Time elapsed: 0.847 s - in org.primefaces.component.datepicker.DatePickerTest
[INFO] Running org.primefaces.component.inputnumber.InputNumberTest
[INFO] Tests run: 13, Failures: 0, Errors: 0, Skipped: 0, Time elapsed: 0.117 s - in org.primefaces.component.inputnumber.InputNumberTest
[INFO] Running org.primefaces.component.importconstants.ImportConstantsTagHandlerTest
h2override
[INFO] Tests run: 1, Failures: 0, Errors: 0, Skipped: 0, Time elapsed: 0.001 s - in org.primefaces.component.importconstants.ImportConstantsTagHandlerTest
[INFO] Running org.primefaces.component.datatable.DataTableTest
[INFO] Tests run: 3, Failures: 0, Errors: 0, Skipped: 0, Time elapsed: 0.135 s - in org.primefaces.component.datatable.DataTableTest
[INFO] Running org.primefaces.util.SecurityUtilsTest
[INFO] Tests run: 5, Failures: 0, Errors: 0, Skipped: 0, Time elapsed: 0.028 s - in org.primefaces.util.SecurityUtilsTest
[INFO] Running org.primefaces.util.ArrayUtilsTest
[INFO] Tests run: 1, Failures: 0, Errors: 0, Skipped: 0, Time elapsed: 0 s - in org.primefaces.util.ArrayUtilsTest
[INFO] Running org.primefaces.util.StyleBuilderTest
[INFO] Tests run: 7, Failures: 0, Errors: 0, Skipped: 0, Time elapsed: 0.001 s - in org.primefaces.util.StyleBuilderTest
[INFO] Running org.primefaces.util.FileUploadUtilsTest
Jan 07, 2023 2:57:22 AM org.primefaces.config.PrimeEnvironment resolveBuildVersion
SEVERE: PrimeFaces version not resolvable - Could not load pom.properties.
Jan 07, 2023 2:57:22 AM org.primefaces.config.PrimeEnvironment resolveBuildVersion
SEVERE: PrimeFaces version not resolvable - Could not load pom.properties.
Jan 07, 2023 2:57:22 AM org.primefaces.config.PrimeEnvironment resolveBuildVersion
SEVERE: PrimeFaces version not resolvable - Could not load pom.properties.
Jan 07, 2023 2:57:22 AM org.primefaces.config.PrimeEnvironment resolveBuildVersion
SEVERE: PrimeFaces version not resolvable - Could not load pom.properties.
Jan 07, 2023 2:57:22 AM org.primefaces.util.FileUploadUtils isValidFileName
WARNING: The uploaded filename test.bmp does not match the specified regex \.(gif|png|jpe?g)$
Jan 07, 2023 2:57:22 AM org.primefaces.config.PrimeEnvironment resolveBuildVersion
SEVERE: PrimeFaces version not resolvable - Could not load pom.properties.
Jan 07, 2023 2:57:22 AM org.primefaces.util.FileUploadUtils isValidFileName
WARNING: The uploaded filename adobe.pdf does not match the specified regex image
Jan 07, 2023 2:57:22 AM org.primefaces.config.PrimeEnvironment resolveBuildVersion
SEVERE: PrimeFaces version not resolvable - Could not load pom.properties.
Jan 07, 2023 2:57:22 AM org.primefaces.config.PrimeEnvironment resolveBuildVersion
SEVERE: PrimeFaces version not resolvable - Could not load pom.properties.
Jan 07, 2023 2:57:22 AM org.primefaces.config.PrimeEnvironment resolveBuildVersion
SEVERE: PrimeFaces version not resolvable - Could not load pom.properties.
Jan 07, 2023 2:57:22 AM org.primefaces.config.PrimeEnvironment resolveBuildVersion
SEVERE: PrimeFaces version not resolvable - Could not load pom.properties.
Jan 07, 2023 2:57:22 AM org.primefaces.config.PrimeEnvironment resolveBuildVersion
SEVERE: PrimeFaces version not resolvable - Could not load pom.properties.
Jan 07, 2023 2:57:22 AM org.primefaces.config.PrimeEnvironment resolveBuildVersion
SEVERE: PrimeFaces version not resolvable - Could not load pom.properties.
[INFO] Tests run: 11, Failures: 0, Errors: 0, Skipped: 0, Time elapsed: 0.275 s - in org.primefaces.util.FileUploadUtilsTest
[INFO] Running org.primefaces.util.ComponentUtilsTest
[INFO] Tests run: 2, Failures: 0, Errors: 0, Skipped: 0, Time elapsed: 0 s - in org.primefaces.util.ComponentUtilsTest
[INFO] Running org.primefaces.util.CurrencyValidatorTest
[INFO] Tests run: 6, Failures: 0, Errors: 0, Skipped: 0, Time elapsed: 0.016 s - in org.primefaces.util.CurrencyValidatorTest
[INFO] Running org.primefaces.util.LocaleUtilsTest
[INFO] Tests run: 3, Failures: 0, Errors: 0, Skipped: 0, Time elapsed: 0 s - in org.primefaces.util.LocaleUtilsTest
[INFO] Running org.primefaces.util.WidgetBuilderTest
Jan 07, 2023 2:57:22 AM org.primefaces.config.PrimeEnvironment resolveBuildVersion
SEVERE: PrimeFaces version not resolvable - Could not load pom.properties.
Jan 07, 2023 2:57:22 AM org.primefaces.config.PrimeEnvironment resolveBuildVersion
SEVERE: PrimeFaces version not resolvable - Could not load pom.properties.
Jan 07, 2023 2:57:22 AM org.primefaces.config.PrimeEnvironment resolveBuildVersion
SEVERE: PrimeFaces version not resolvable - Could not load pom.properties.
Jan 07, 2023 2:57:22 AM org.primefaces.config.PrimeEnvironment resolveBuildVersion
SEVERE: PrimeFaces version not resolvable - Could not load pom.properties.
Jan 07, 2023 2:57:22 AM org.primefaces.config.PrimeEnvironment resolveBuildVersion
SEVERE: PrimeFaces version not resolvable - Could not load pom.properties.
Jan 07, 2023 2:57:22 AM org.primefaces.config.PrimeEnvironment resolveBuildVersion
SEVERE: PrimeFaces version not resolvable - Could not load pom.properties.
Jan 07, 2023 2:57:22 AM org.primefaces.config.PrimeEnvironment resolveBuildVersion
SEVERE: PrimeFaces version not resolvable - Could not load pom.properties.
Jan 07, 2023 2:57:22 AM org.primefaces.config.PrimeEnvironment resolveBuildVersion
SEVERE: PrimeFaces version not resolvable - Could not load pom.properties.
[INFO] Tests run: 8, Failures: 0, Errors: 0, Skipped: 0, Time elapsed: 0.102 s - in org.primefaces.util.WidgetBuilderTest
[INFO] Running org.primefaces.util.LangUtilsTest
[INFO] Tests run: 9, Failures: 0, Errors: 0, Skipped: 0, Time elapsed: 0.004 s - in org.primefaces.util.LangUtilsTest
[INFO] Running org.primefaces.util.EscapeUtilsTest
[INFO] Tests run: 3, Failures: 0, Errors: 0, Skipped: 0, Time elapsed: 0.018 s - in org.primefaces.util.EscapeUtilsTest
[INFO] Running org.primefaces.util.CalendarUtilsTest
[INFO] Tests run: 15, Failures: 0, Errors: 0, Skipped: 0, Time elapsed: 0.14 s - in org.primefaces.util.CalendarUtilsTest
[INFO] Running org.primefaces.util.ComponentTraversalUtilsTest
[INFO] Tests run: 2, Failures: 0, Errors: 0, Skipped: 0, Time elapsed: 0.003 s - in org.primefaces.util.ComponentTraversalUtilsTest
[INFO] Running org.primefaces.util.HtmlSanitizerTest
[INFO] Tests run: 3, Failures: 0, Errors: 0, Skipped: 0, Time elapsed: 0.052 s - in org.primefaces.util.HtmlSanitizerTest
[INFO] Running org.primefaces.util.ResourceUtilsTest
[INFO] Tests run: 2, Failures: 0, Errors: 0, Skipped: 0, Time elapsed: 0.001 s - in org.primefaces.util.ResourceUtilsTest
[INFO] Running org.primefaces.convert.DateTimePatternConverterTest
Jan 07, 2023 2:57:22 AM org.primefaces.convert.CombinedDateTimePatternTokenVisitor visitTokenLetter
WARNING: Found unsupported letter 'G' in pattern. Date / times will be formatted differently on the server and client. Use a different pattern.
Jan 07, 2023 2:57:22 AM org.primefaces.convert.CombinedDateTimePatternTokenVisitor visitTokenLetter
WARNING: Found unsupported letter 'K' in pattern. Date / times will be formatted differently on the server and client. Use a different pattern.
Jan 07, 2023 2:57:22 AM org.primefaces.convert.CombinedDateTimePatternTokenVisitor visitTokenLetter
WARNING: Found unsupported letter 'G' in pattern. Date / times will be formatted differently on the server and client. Use a different pattern.
Jan 07, 2023 2:57:22 AM org.primefaces.convert.CombinedDateTimePatternTokenVisitor visitTokenLetter
WARNING: Found unsupported letter 'Y' in pattern. Date / times will be formatted differently on the server and client. Use a different pattern.
Jan 07, 2023 2:57:22 AM org.primefaces.convert.CombinedDateTimePatternTokenVisitor visitTokenLetter
WARNING: Found unsupported letter 'w' in pattern. Date / times will be formatted differently on the server and client. Use a different pattern.
Jan 07, 2023 2:57:22 AM org.primefaces.convert.CombinedDateTimePatternTokenVisitor visitTokenLetter
WARNING: Found unsupported letter 'A' in pattern. Date / times will be formatted differently on the server and client. Use a different pattern.
Jan 07, 2023 2:57:22 AM org.primefaces.convert.CombinedDateTimePatternTokenVisitor visitTokenLetter
WARNING: Found unsupported letter 'B' in pattern. Date / times will be formatted differently on the server and client. Use a different pattern.
Jan 07, 2023 2:57:22 AM org.primefaces.convert.CombinedDateTimePatternTokenVisitor visitTokenLetter
WARNING: Found unsupported letter 'C' in pattern. Date / times will be formatted differently on the server and client. Use a different pattern.
Jan 07, 2023 2:57:22 AM org.primefaces.convert.CombinedDateTimePatternTokenVisitor visitTokenLetter
WARNING: Found unsupported letter 'F' in pattern. Date / times will be formatted differently on the server and client. Use a different pattern.
Jan 07, 2023 2:57:22 AM org.primefaces.convert.CombinedDateTimePatternTokenVisitor visitTokenLetter
WARNING: Found unsupported letter 'G' in pattern. Date / times will be formatted differently on the server and client. Use a different pattern.
Jan 07, 2023 2:57:22 AM org.primefaces.convert.CombinedDateTimePatternTokenVisitor visitTokenLetter
WARNING: Found unsupported letter 'I' in pattern. Date / times will be formatted differently on the server and client. Use a different pattern.
Jan 07, 2023 2:57:22 AM org.primefaces.convert.CombinedDateTimePatternTokenVisitor visitTokenLetter
WARNING: Found unsupported letter 'J' in pattern. Date / times will be formatted differently on the server and client. Use a different pattern.
Jan 07, 2023 2:57:22 AM org.primefaces.convert.CombinedDateTimePatternTokenVisitor visitTokenLetter
WARNING: Found unsupported letter 'K' in pattern. Date / times will be formatted differently on the server and client. Use a different pattern.
Jan 07, 2023 2:57:22 AM org.primefaces.convert.CombinedDateTimePatternTokenVisitor visitTokenLetter
WARNING: Found unsupported letter 'L' in pattern. Date / times will be formatted differently on the server and client. Use a different pattern.
Jan 07, 2023 2:57:22 AM org.primefaces.convert.CombinedDateTimePatternTokenVisitor visitTokenLetter
WARNING: Found unsupported letter 'N' in pattern. Date / times will be formatted differently on the server and client. Use a different pattern.
Jan 07, 2023 2:57:22 AM org.primefaces.convert.CombinedDateTimePatternTokenVisitor visitTokenLetter
WARNING: Found unsupported letter 'O' in pattern. Date / times will be formatted differently on the server and client. Use a different pattern.
Jan 07, 2023 2:57:22 AM org.primefaces.convert.CombinedDateTimePatternTokenVisitor visitTokenLetter
WARNING: Found unsupported letter 'P' in pattern. Date / times will be formatted differently on the server and client. Use a different pattern.
Jan 07, 2023 2:57:22 AM org.primefaces.convert.CombinedDateTimePatternTokenVisitor visitTokenLetter
WARNING: Found unsupported letter 'Q' in pattern. Date / times will be formatted differently on the server and client. Use a different pattern.
Jan 07, 2023 2:57:22 AM org.primefaces.convert.CombinedDateTimePatternTokenVisitor visitTokenLetter
WARNING: Found unsupported letter 'R' in pattern. Date / times will be formatted differently on the server and client. Use a different pattern.
Jan 07, 2023 2:57:22 AM org.primefaces.convert.CombinedDateTimePatternTokenVisitor visitTokenLetter
WARNING: Found unsupported letter 'T' in pattern. Date / times will be formatted differently on the server and client. Use a different pattern.
Jan 07, 2023 2:57:22 AM org.primefaces.convert.CombinedDateTimePatternTokenVisitor visitTokenLetter
WARNING: Found unsupported letter 'U' in pattern. Date / times will be formatted differently on the server and client. Use a different pattern.
Jan 07, 2023 2:57:22 AM org.primefaces.convert.CombinedDateTimePatternTokenVisitor visitTokenLetter
WARNING: Found unsupported letter 'V' in pattern. Date / times will be formatted differently on the server and client. Use a different pattern.
Jan 07, 2023 2:57:22 AM org.primefaces.convert.CombinedDateTimePatternTokenVisitor visitTokenLetter
WARNING: Found unsupported letter 'W' in pattern. Date / times will be formatted differently on the server and client. Use a different pattern.
Jan 07, 2023 2:57:22 AM org.primefaces.convert.CombinedDateTimePatternTokenVisitor visitTokenLetter
WARNING: Found unsupported letter 'Y' in pattern. Date / times will be formatted differently on the server and client. Use a different pattern.
Jan 07, 2023 2:57:22 AM org.primefaces.convert.CombinedDateTimePatternTokenVisitor visitTokenLetter
WARNING: Found unsupported letter 'b' in pattern. Date / times will be formatted differently on the server and client. Use a different pattern.
Jan 07, 2023 2:57:22 AM org.primefaces.convert.CombinedDateTimePatternTokenVisitor visitTokenLetter
WARNING: Found unsupported letter 'c' in pattern. Date / times will be formatted differently on the server and client. Use a different pattern.
Jan 07, 2023 2:57:22 AM org.primefaces.convert.CombinedDateTimePatternTokenVisitor visitTokenLetter
WARNING: Found unsupported letter 'e' in pattern. Date / times will be formatted differently on the server and client. Use a different pattern.
Jan 07, 2023 2:57:22 AM org.primefaces.convert.CombinedDateTimePatternTokenVisitor visitTokenLetter
WARNING: Found unsupported letter 'f' in pattern. Date / times will be formatted differently on the server and client. Use a different pattern.
Jan 07, 2023 2:57:22 AM org.primefaces.convert.CombinedDateTimePatternTokenVisitor visitTokenLetter
WARNING: Found unsupported letter 'g' in pattern. Date / times will be formatted differently on the server and client. Use a different pattern.
Jan 07, 2023 2:57:22 AM org.primefaces.convert.CombinedDateTimePatternTokenVisitor visitTokenLetter
WARNING: Found unsupported letter 'i' in pattern. Date / times will be formatted differently on the server and client. Use a different pattern.
Jan 07, 2023 2:57:22 AM org.primefaces.convert.CombinedDateTimePatternTokenVisitor visitTokenLetter
WARNING: Found unsupported letter 'j' in pattern. Date / times will be formatted differently on the server and client. Use a different pattern.
Jan 07, 2023 2:57:22 AM org.primefaces.convert.CombinedDateTimePatternTokenVisitor visitTokenLetter
WARNING: Found unsupported letter 'k' in pattern. Date / times will be formatted differently on the server and client. Use a different pattern.
Jan 07, 2023 2:57:22 AM org.primefaces.convert.CombinedDateTimePatternTokenVisitor visitTokenLetter
WARNING: Found unsupported letter 'l' in pattern. Date / times will be formatted differently on the server and client. Use a different pattern.
Jan 07, 2023 2:57:22 AM org.primefaces.convert.CombinedDateTimePatternTokenVisitor visitTokenLetter
WARNING: Found unsupported letter 'n' in pattern. Date / times will be formatted differently on the server and client. Use a different pattern.
Jan 07, 2023 2:57:22 AM org.primefaces.convert.CombinedDateTimePatternTokenVisitor visitTokenLetter
WARNING: Found unsupported letter 'o' in pattern. Date / times will be formatted differently on the server and client. Use a different pattern.
Jan 07, 2023 2:57:22 AM org.primefaces.convert.CombinedDateTimePatternTokenVisitor visitTokenLetter
WARNING: Found unsupported letter 'p' in pattern. Date / times will be formatted differently on the server and client. Use a different pattern.
Jan 07, 2023 2:57:22 AM org.primefaces.convert.CombinedDateTimePatternTokenVisitor visitTokenLetter
WARNING: Found unsupported letter 'q' in pattern. Date / times will be formatted differently on the server and client. Use a different pattern.
Jan 07, 2023 2:57:22 AM org.primefaces.convert.CombinedDateTimePatternTokenVisitor visitTokenLetter
WARNING: Found unsupported letter 'r' in pattern. Date / times will be formatted differently on the server and client. Use a different pattern.
Jan 07, 2023 2:57:22 AM org.primefaces.convert.CombinedDateTimePatternTokenVisitor visitTokenLetter
WARNING: Found unsupported letter 't' in pattern. Date / times will be formatted differently on the server and client. Use a different pattern.
Jan 07, 2023 2:57:22 AM org.primefaces.convert.CombinedDateTimePatternTokenVisitor visitTokenLetter
WARNING: Found unsupported letter 'v' in pattern. Date / times will be formatted differently on the server and client. Use a different pattern.
Jan 07, 2023 2:57:22 AM org.primefaces.convert.CombinedDateTimePatternTokenVisitor visitTokenLetter
WARNING: Found unsupported letter 'w' in pattern. Date / times will be formatted differently on the server and client. Use a different pattern.
Jan 07, 2023 2:57:22 AM org.primefaces.convert.CombinedDateTimePatternTokenVisitor visitTokenLetter
WARNING: Found unsupported letter 'x' in pattern. Date / times will be formatted differently on the server and client. Use a different pattern.
Jan 07, 2023 2:57:22 AM org.primefaces.convert.CombinedDateTimePatternTokenVisitor visitTokenLetter
WARNING: Found unsupported letter 'A' in pattern. Date / times will be formatted differently on the server and client. Use a different pattern.
Jan 07, 2023 2:57:22 AM org.primefaces.convert.CombinedDateTimePatternTokenVisitor visitTokenLetter
WARNING: Found unsupported letter 'B' in pattern. Date / times will be formatted differently on the server and client. Use a different pattern.
Jan 07, 2023 2:57:22 AM org.primefaces.convert.CombinedDateTimePatternTokenVisitor visitTokenLetter
WARNING: Found unsupported letter 'C' in pattern. Date / times will be formatted differently on the server and client. Use a different pattern.
Jan 07, 2023 2:57:22 AM org.primefaces.convert.CombinedDateTimePatternTokenVisitor visitTokenLetter
WARNING: Found unsupported letter 'F' in pattern. Date / times will be formatted differently on the server and client. Use a different pattern.
Jan 07, 2023 2:57:22 AM org.primefaces.convert.CombinedDateTimePatternTokenVisitor visitTokenLetter
WARNING: Found unsupported letter 'G' in pattern. Date / times will be formatted differently on the server and client. Use a different pattern.
Jan 07, 2023 2:57:22 AM org.primefaces.convert.CombinedDateTimePatternTokenVisitor visitTokenLetter
WARNING: Found unsupported letter 'I' in pattern. Date / times will be formatted differently on the server and client. Use a different pattern.
Jan 07, 2023 2:57:22 AM org.primefaces.convert.CombinedDateTimePatternTokenVisitor visitTokenLetter
WARNING: Found unsupported letter 'J' in pattern. Date / times will be formatted differently on the server and client. Use a different pattern.
Jan 07, 2023 2:57:22 AM org.primefaces.convert.CombinedDateTimePatternTokenVisitor visitTokenLetter
WARNING: Found unsupported letter 'K' in pattern. Date / times will be formatted differently on the server and client. Use a different pattern.
Jan 07, 2023 2:57:22 AM org.primefaces.convert.CombinedDateTimePatternTokenVisitor visitTokenLetter
WARNING: Found unsupported letter 'L' in pattern. Date / times will be formatted differently on the server and client. Use a different pattern.
Jan 07, 2023 2:57:22 AM org.primefaces.convert.CombinedDateTimePatternTokenVisitor visitTokenLetter
WARNING: Found unsupported letter 'N' in pattern. Date / times will be formatted differently on the server and client. Use a different pattern.
Jan 07, 2023 2:57:22 AM org.primefaces.convert.CombinedDateTimePatternTokenVisitor visitTokenLetter
WARNING: Found unsupported letter 'O' in pattern. Date / times will be formatted differently on the server and client. Use a different pattern.
Jan 07, 2023 2:57:22 AM org.primefaces.convert.CombinedDateTimePatternTokenVisitor visitTokenLetter
WARNING: Found unsupported letter 'P' in pattern. Date / times will be formatted differently on the server and client. Use a different pattern.
Jan 07, 2023 2:57:22 AM org.primefaces.convert.CombinedDateTimePatternTokenVisitor visitTokenLetter
WARNING: Found unsupported letter 'Q' in pattern. Date / times will be formatted differently on the server and client. Use a different pattern.
Jan 07, 2023 2:57:22 AM org.primefaces.convert.CombinedDateTimePatternTokenVisitor visitTokenLetter
WARNING: Found unsupported letter 'R' in pattern. Date / times will be formatted differently on the server and client. Use a different pattern.
Jan 07, 2023 2:57:22 AM org.primefaces.convert.CombinedDateTimePatternTokenVisitor visitTokenLetter
WARNING: Found unsupported letter 'T' in pattern. Date / times will be formatted differently on the server and client. Use a different pattern.
Jan 07, 2023 2:57:22 AM org.primefaces.convert.CombinedDateTimePatternTokenVisitor visitTokenLetter
WARNING: Found unsupported letter 'U' in pattern. Date / times will be formatted differently on the server and client. Use a different pattern.
Jan 07, 2023 2:57:22 AM org.primefaces.convert.CombinedDateTimePatternTokenVisitor visitTokenLetter
WARNING: Found unsupported letter 'V' in pattern. Date / times will be formatted differently on the server and client. Use a different pattern.
Jan 07, 2023 2:57:22 AM org.primefaces.convert.CombinedDateTimePatternTokenVisitor visitTokenLetter
WARNING: Found unsupported letter 'W' in pattern. Date / times will be formatted differently on the server and client. Use a different pattern.
Jan 07, 2023 2:57:22 AM org.primefaces.convert.CombinedDateTimePatternTokenVisitor visitTokenLetter
WARNING: Found unsupported letter 'Y' in pattern. Date / times will be formatted differently on the server and client. Use a different pattern.
Jan 07, 2023 2:57:22 AM org.primefaces.convert.CombinedDateTimePatternTokenVisitor visitTokenLetter
WARNING: Found unsupported letter 'b' in pattern. Date / times will be formatted differently on the server and client. Use a different pattern.
Jan 07, 2023 2:57:22 AM org.primefaces.convert.CombinedDateTimePatternTokenVisitor visitTokenLetter
WARNING: Found unsupported letter 'c' in pattern. Date / times will be formatted differently on the server and client. Use a different pattern.
Jan 07, 2023 2:57:22 AM org.primefaces.convert.CombinedDateTimePatternTokenVisitor visitTokenLetter
WARNING: Found unsupported letter 'e' in pattern. Date / times will be formatted differently on the server and client. Use a different pattern.
Jan 07, 2023 2:57:22 AM org.primefaces.convert.CombinedDateTimePatternTokenVisitor visitTokenLetter
WARNING: Found unsupported letter 'f' in pattern. Date / times will be formatted differently on the server and client. Use a different pattern.
Jan 07, 2023 2:57:22 AM org.primefaces.convert.CombinedDateTimePatternTokenVisitor visitTokenLetter
WARNING: Found unsupported letter 'g' in pattern. Date / times will be formatted differently on the server and client. Use a different pattern.
Jan 07, 2023 2:57:22 AM org.primefaces.convert.CombinedDateTimePatternTokenVisitor visitTokenLetter
WARNING: Found unsupported letter 'i' in pattern. Date / times will be formatted differently on the server and client. Use a different pattern.
Jan 07, 2023 2:57:22 AM org.primefaces.convert.CombinedDateTimePatternTokenVisitor visitTokenLetter
WARNING: Found unsupported letter 'j' in pattern. Date / times will be formatted differently on the server and client. Use a different pattern.
Jan 07, 2023 2:57:22 AM org.primefaces.convert.CombinedDateTimePatternTokenVisitor visitTokenLetter
WARNING: Found unsupported letter 'k' in pattern. Date / times will be formatted differently on the server and client. Use a different pattern.
Jan 07, 2023 2:57:22 AM org.primefaces.convert.CombinedDateTimePatternTokenVisitor visitTokenLetter
WARNING: Found unsupported letter 'l' in pattern. Date / times will be formatted differently on the server and client. Use a different pattern.
Jan 07, 2023 2:57:22 AM org.primefaces.convert.CombinedDateTimePatternTokenVisitor visitTokenLetter
WARNING: Found unsupported letter 'n' in pattern. Date / times will be formatted differently on the server and client. Use a different pattern.
Jan 07, 2023 2:57:22 AM org.primefaces.convert.CombinedDateTimePatternTokenVisitor visitTokenLetter
WARNING: Found unsupported letter 'o' in pattern. Date / times will be formatted differently on the server and client. Use a different pattern.
Jan 07, 2023 2:57:22 AM org.primefaces.convert.CombinedDateTimePatternTokenVisitor visitTokenLetter
WARNING: Found unsupported letter 'p' in pattern. Date / times will be formatted differently on the server and client. Use a different pattern.
Jan 07, 2023 2:57:22 AM org.primefaces.convert.CombinedDateTimePatternTokenVisitor visitTokenLetter
WARNING: Found unsupported letter 'q' in pattern. Date / times will be formatted differently on the server and client. Use a different pattern.
Jan 07, 2023 2:57:22 AM org.primefaces.convert.CombinedDateTimePatternTokenVisitor visitTokenLetter
WARNING: Found unsupported letter 'r' in pattern. Date / times will be formatted differently on the server and client. Use a different pattern.
Jan 07, 2023 2:57:22 AM org.primefaces.convert.CombinedDateTimePatternTokenVisitor visitTokenLetter
WARNING: Found unsupported letter 't' in pattern. Date / times will be formatted differently on the server and client. Use a different pattern.
Jan 07, 2023 2:57:22 AM org.primefaces.convert.CombinedDateTimePatternTokenVisitor visitTokenLetter
WARNING: Found unsupported letter 'v' in pattern. Date / times will be formatted differently on the server and client. Use a different pattern.
Jan 07, 2023 2:57:22 AM org.primefaces.convert.CombinedDateTimePatternTokenVisitor visitTokenLetter
WARNING: Found unsupported letter 'w' in pattern. Date / times will be formatted differently on the server and client. Use a different pattern.
Jan 07, 2023 2:57:22 AM org.primefaces.convert.CombinedDateTimePatternTokenVisitor visitTokenLetter
WARNING: Found unsupported letter 'x' in pattern. Date / times will be formatted differently on the server and client. Use a different pattern.
Jan 07, 2023 2:57:22 AM org.primefaces.convert.CombinedDateTimePatternTokenVisitor visitTokenLetter
WARNING: Found unsupported letter 'A' in pattern. Date / times will be formatted differently on the server and client. Use a different pattern.
Jan 07, 2023 2:57:22 AM org.primefaces.convert.CombinedDateTimePatternTokenVisitor visitTokenLetter
WARNING: Found unsupported letter 'B' in pattern. Date / times will be formatted differently on the server and client. Use a different pattern.
Jan 07, 2023 2:57:22 AM org.primefaces.convert.CombinedDateTimePatternTokenVisitor visitTokenLetter
WARNING: Found unsupported letter 'C' in pattern. Date / times will be formatted differently on the server and client. Use a different pattern.
Jan 07, 2023 2:57:22 AM org.primefaces.convert.CombinedDateTimePatternTokenVisitor visitTokenLetter
WARNING: Found unsupported letter 'F' in pattern. Date / times will be formatted differently on the server and client. Use a different pattern.
Jan 07, 2023 2:57:22 AM org.primefaces.convert.CombinedDateTimePatternTokenVisitor visitTokenLetter
WARNING: Found unsupported letter 'G' in pattern. Date / times will be formatted differently on the server and client. Use a different pattern.
Jan 07, 2023 2:57:22 AM org.primefaces.convert.CombinedDateTimePatternTokenVisitor visitTokenLetter
WARNING: Found unsupported letter 'I' in pattern. Date / times will be formatted differently on the server and client. Use a different pattern.
Jan 07, 2023 2:57:22 AM org.primefaces.convert.CombinedDateTimePatternTokenVisitor visitTokenLetter
WARNING: Found unsupported letter 'J' in pattern. Date / times will be formatted differently on the server and client. Use a different pattern.
Jan 07, 2023 2:57:22 AM org.primefaces.convert.CombinedDateTimePatternTokenVisitor visitTokenLetter
WARNING: Found unsupported letter 'K' in pattern. Date / times will be formatted differently on the server and client. Use a different pattern.
Jan 07, 2023 2:57:22 AM org.primefaces.convert.CombinedDateTimePatternTokenVisitor visitTokenLetter
WARNING: Found unsupported letter 'L' in pattern. Date / times will be formatted differently on the server and client. Use a different pattern.
Jan 07, 2023 2:57:22 AM org.primefaces.convert.CombinedDateTimePatternTokenVisitor visitTokenLetter
WARNING: Found unsupported letter 'N' in pattern. Date / times will be formatted differently on the server and client. Use a different pattern.
Jan 07, 2023 2:57:22 AM org.primefaces.convert.CombinedDateTimePatternTokenVisitor visitTokenLetter
WARNING: Found unsupported letter 'O' in pattern. Date / times will be formatted differently on the server and client. Use a different pattern.
Jan 07, 2023 2:57:22 AM org.primefaces.convert.CombinedDateTimePatternTokenVisitor visitTokenLetter
WARNING: Found unsupported letter 'P' in pattern. Date / times will be formatted differently on the server and client. Use a different pattern.
Jan 07, 2023 2:57:22 AM org.primefaces.convert.CombinedDateTimePatternTokenVisitor visitTokenLetter
WARNING: Found unsupported letter 'Q' in pattern. Date / times will be formatted differently on the server and client. Use a different pattern.
Jan 07, 2023 2:57:22 AM org.primefaces.convert.CombinedDateTimePatternTokenVisitor visitTokenLetter
WARNING: Found unsupported letter 'R' in pattern. Date / times will be formatted differently on the server and client. Use a different pattern.
Jan 07, 2023 2:57:22 AM org.primefaces.convert.CombinedDateTimePatternTokenVisitor visitTokenLetter
WARNING: Found unsupported letter 'T' in pattern. Date / times will be formatted differently on the server and client. Use a different pattern.
Jan 07, 2023 2:57:22 AM org.primefaces.convert.CombinedDateTimePatternTokenVisitor visitTokenLetter
WARNING: Found unsupported letter 'U' in pattern. Date / times will be formatted differently on the server and client. Use a different pattern.
Jan 07, 2023 2:57:22 AM org.primefaces.convert.CombinedDateTimePatternTokenVisitor visitTokenLetter
WARNING: Found unsupported letter 'V' in pattern. Date / times will be formatted differently on the server and client. Use a different pattern.
Jan 07, 2023 2:57:22 AM org.primefaces.convert.CombinedDateTimePatternTokenVisitor visitTokenLetter
WARNING: Found unsupported letter 'W' in pattern. Date / times will be formatted differently on the server and client. Use a different pattern.
Jan 07, 2023 2:57:22 AM org.primefaces.convert.CombinedDateTimePatternTokenVisitor visitTokenLetter
WARNING: Found unsupported letter 'Y' in pattern. Date / times will be formatted differently on the server and client. Use a different pattern.
Jan 07, 2023 2:57:22 AM org.primefaces.convert.CombinedDateTimePatternTokenVisitor visitTokenLetter
WARNING: Found unsupported letter 'b' in pattern. Date / times will be formatted differently on the server and client. Use a different pattern.
Jan 07, 2023 2:57:22 AM org.primefaces.convert.CombinedDateTimePatternTokenVisitor visitTokenLetter
WARNING: Found unsupported letter 'c' in pattern. Date / times will be formatted differently on the server and client. Use a different pattern.
Jan 07, 2023 2:57:22 AM org.primefaces.convert.CombinedDateTimePatternTokenVisitor visitTokenLetter
WARNING: Found unsupported letter 'e' in pattern. Date / times will be formatted differently on the server and client. Use a different pattern.
Jan 07, 2023 2:57:22 AM org.primefaces.convert.CombinedDateTimePatternTokenVisitor visitTokenLetter
WARNING: Found unsupported letter 'f' in pattern. Date / times will be formatted differently on the server and client. Use a different pattern.
Jan 07, 2023 2:57:22 AM org.primefaces.convert.CombinedDateTimePatternTokenVisitor visitTokenLetter
WARNING: Found unsupported letter 'g' in pattern. Date / times will be formatted differently on the server and client. Use a different pattern.
Jan 07, 2023 2:57:22 AM org.primefaces.convert.CombinedDateTimePatternTokenVisitor visitTokenLetter
WARNING: Found unsupported letter 'i' in pattern. Date / times will be formatted differently on the server and client. Use a different pattern.
Jan 07, 2023 2:57:22 AM org.primefaces.convert.CombinedDateTimePatternTokenVisitor visitTokenLetter
WARNING: Found unsupported letter 'j' in pattern. Date / times will be formatted differently on the server and client. Use a different pattern.
Jan 07, 2023 2:57:22 AM org.primefaces.convert.CombinedDateTimePatternTokenVisitor visitTokenLetter
WARNING: Found unsupported letter 'k' in pattern. Date / times will be formatted differently on the server and client. Use a different pattern.
Jan 07, 2023 2:57:22 AM org.primefaces.convert.CombinedDateTimePatternTokenVisitor visitTokenLetter
WARNING: Found unsupported letter 'l' in pattern. Date / times will be formatted differently on the server and client. Use a different pattern.
Jan 07, 2023 2:57:22 AM org.primefaces.convert.CombinedDateTimePatternTokenVisitor visitTokenLetter
WARNING: Found unsupported letter 'n' in pattern. Date / times will be formatted differently on the server and client. Use a different pattern.
Jan 07, 2023 2:57:22 AM org.primefaces.convert.CombinedDateTimePatternTokenVisitor visitTokenLetter
WARNING: Found unsupported letter 'o' in pattern. Date / times will be formatted differently on the server and client. Use a different pattern.
Jan 07, 2023 2:57:22 AM org.primefaces.convert.CombinedDateTimePatternTokenVisitor visitTokenLetter
WARNING: Found unsupported letter 'p' in pattern. Date / times will be formatted differently on the server and client. Use a different pattern.
Jan 07, 2023 2:57:22 AM org.primefaces.convert.CombinedDateTimePatternTokenVisitor visitTokenLetter
WARNING: Found unsupported letter 'q' in pattern. Date / times will be formatted differently on the server and client. Use a different pattern.
Jan 07, 2023 2:57:22 AM org.primefaces.convert.CombinedDateTimePatternTokenVisitor visitTokenLetter
WARNING: Found unsupported letter 'r' in pattern. Date / times will be formatted differently on the server and client. Use a different pattern.
Jan 07, 2023 2:57:22 AM org.primefaces.convert.CombinedDateTimePatternTokenVisitor visitTokenLetter
WARNING: Found unsupported letter 't' in pattern. Date / times will be formatted differently on the server and client. Use a different pattern.
Jan 07, 2023 2:57:22 AM org.primefaces.convert.CombinedDateTimePatternTokenVisitor visitTokenLetter
WARNING: Found unsupported letter 'v' in pattern. Date / times will be formatted differently on the server and client. Use a different pattern.
Jan 07, 2023 2:57:22 AM org.primefaces.convert.CombinedDateTimePatternTokenVisitor visitTokenLetter
WARNING: Found unsupported letter 'w' in pattern. Date / times will be formatted differently on the server and client. Use a different pattern.
Jan 07, 2023 2:57:22 AM org.primefaces.convert.CombinedDateTimePatternTokenVisitor visitTokenLetter
WARNING: Found unsupported letter 'x' in pattern. Date / times will be formatted differently on the server and client. Use a different pattern.
Jan 07, 2023 2:57:22 AM org.primefaces.convert.CombinedDateTimePatternTokenVisitor visitTokenLetter
WARNING: Found unsupported letter 'A' in pattern. Date / times will be formatted differently on the server and client. Use a different pattern.
Jan 07, 2023 2:57:22 AM org.primefaces.convert.CombinedDateTimePatternTokenVisitor visitTokenLetter
WARNING: Found unsupported letter 'B' in pattern. Date / times will be formatted differently on the server and client. Use a different pattern.
Jan 07, 2023 2:57:22 AM org.primefaces.convert.CombinedDateTimePatternTokenVisitor visitTokenLetter
WARNING: Found unsupported letter 'C' in pattern. Date / times will be formatted differently on the server and client. Use a different pattern.
Jan 07, 2023 2:57:22 AM org.primefaces.convert.CombinedDateTimePatternTokenVisitor visitTokenLetter
WARNING: Found unsupported letter 'F' in pattern. Date / times will be formatted differently on the server and client. Use a different pattern.
Jan 07, 2023 2:57:22 AM org.primefaces.convert.CombinedDateTimePatternTokenVisitor visitTokenLetter
WARNING: Found unsupported letter 'G' in pattern. Date / times will be formatted differently on the server and client. Use a different pattern.
Jan 07, 2023 2:57:22 AM org.primefaces.convert.CombinedDateTimePatternTokenVisitor visitTokenLetter
WARNING: Found unsupported letter 'I' in pattern. Date / times will be formatted differently on the server and client. Use a different pattern.
Jan 07, 2023 2:57:22 AM org.primefaces.convert.CombinedDateTimePatternTokenVisitor visitTokenLetter
WARNING: Found unsupported letter 'J' in pattern. Date / times will be formatted differently on the server and client. Use a different pattern.
Jan 07, 2023 2:57:22 AM org.primefaces.convert.CombinedDateTimePatternTokenVisitor visitTokenLetter
WARNING: Found unsupported letter 'K' in pattern. Date / times will be formatted differently on the server and client. Use a different pattern.
Jan 07, 2023 2:57:22 AM org.primefaces.convert.CombinedDateTimePatternTokenVisitor visitTokenLetter
WARNING: Found unsupported letter 'L' in pattern. Date / times will be formatted differently on the server and client. Use a different pattern.
Jan 07, 2023 2:57:22 AM org.primefaces.convert.CombinedDateTimePatternTokenVisitor visitTokenLetter
WARNING: Found unsupported letter 'N' in pattern. Date / times will be formatted differently on the server and client. Use a different pattern.
Jan 07, 2023 2:57:22 AM org.primefaces.convert.CombinedDateTimePatternTokenVisitor visitTokenLetter
WARNING: Found unsupported letter 'O' in pattern. Date / times will be formatted differently on the server and client. Use a different pattern.
Jan 07, 2023 2:57:22 AM org.primefaces.convert.CombinedDateTimePatternTokenVisitor visitTokenLetter
WARNING: Found unsupported letter 'P' in pattern. Date / times will be formatted differently on the server and client. Use a different pattern.
Jan 07, 2023 2:57:22 AM org.primefaces.convert.CombinedDateTimePatternTokenVisitor visitTokenLetter
WARNING: Found unsupported letter 'Q' in pattern. Date / times will be formatted differently on the server and client. Use a different pattern.
Jan 07, 2023 2:57:22 AM org.primefaces.convert.CombinedDateTimePatternTokenVisitor visitTokenLetter
WARNING: Found unsupported letter 'R' in pattern. Date / times will be formatted differently on the server and client. Use a different pattern.
Jan 07, 2023 2:57:22 AM org.primefaces.convert.CombinedDateTimePatternTokenVisitor visitTokenLetter
WARNING: Found unsupported letter 'T' in pattern. Date / times will be formatted differently on the server and client. Use a different pattern.
Jan 07, 2023 2:57:22 AM org.primefaces.convert.CombinedDateTimePatternTokenVisitor visitTokenLetter
WARNING: Found unsupported letter 'U' in pattern. Date / times will be formatted differently on the server and client. Use a different pattern.
Jan 07, 2023 2:57:22 AM org.primefaces.convert.CombinedDateTimePatternTokenVisitor visitTokenLetter
WARNING: Found unsupported letter 'V' in pattern. Date / times will be formatted differently on the server and client. Use a different pattern.
Jan 07, 2023 2:57:22 AM org.primefaces.convert.CombinedDateTimePatternTokenVisitor visitTokenLetter
WARNING: Found unsupported letter 'W' in pattern. Date / times will be formatted differently on the server and client. Use a different pattern.
Jan 07, 2023 2:57:22 AM org.primefaces.convert.CombinedDateTimePatternTokenVisitor visitTokenLetter
WARNING: Found unsupported letter 'Y' in pattern. Date / times will be formatted differently on the server and client. Use a different pattern.
Jan 07, 2023 2:57:22 AM org.primefaces.convert.CombinedDateTimePatternTokenVisitor visitTokenLetter
WARNING: Found unsupported letter 'b' in pattern. Date / times will be formatted differently on the server and client. Use a different pattern.
Jan 07, 2023 2:57:22 AM org.primefaces.convert.CombinedDateTimePatternTokenVisitor visitTokenLetter
WARNING: Found unsupported letter 'c' in pattern. Date / times will be formatted differently on the server and client. Use a different pattern.
Jan 07, 2023 2:57:22 AM org.primefaces.convert.CombinedDateTimePatternTokenVisitor visitTokenLetter
WARNING: Found unsupported letter 'e' in pattern. Date / times will be formatted differently on the server and client. Use a different pattern.
Jan 07, 2023 2:57:22 AM org.primefaces.convert.CombinedDateTimePatternTokenVisitor visitTokenLetter
WARNING: Found unsupported letter 'f' in pattern. Date / times will be formatted differently on the server and client. Use a different pattern.
Jan 07, 2023 2:57:22 AM org.primefaces.convert.CombinedDateTimePatternTokenVisitor visitTokenLetter
WARNING: Found unsupported letter 'g' in pattern. Date / times will be formatted differently on the server and client. Use a different pattern.
Jan 07, 2023 2:57:22 AM org.primefaces.convert.CombinedDateTimePatternTokenVisitor visitTokenLetter
WARNING: Found unsupported letter 'i' in pattern. Date / times will be formatted differently on the server and client. Use a different pattern.
Jan 07, 2023 2:57:22 AM org.primefaces.convert.CombinedDateTimePatternTokenVisitor visitTokenLetter
WARNING: Found unsupported letter 'j' in pattern. Date / times will be formatted differently on the server and client. Use a different pattern.
Jan 07, 2023 2:57:22 AM org.primefaces.convert.CombinedDateTimePatternTokenVisitor visitTokenLetter
WARNING: Found unsupported letter 'k' in pattern. Date / times will be formatted differently on the server and client. Use a different pattern.
Jan 07, 2023 2:57:22 AM org.primefaces.convert.CombinedDateTimePatternTokenVisitor visitTokenLetter
WARNING: Found unsupported letter 'l' in pattern. Date / times will be formatted differently on the server and client. Use a different pattern.
Jan 07, 2023 2:57:22 AM org.primefaces.convert.CombinedDateTimePatternTokenVisitor visitTokenLetter
WARNING: Found unsupported letter 'n' in pattern. Date / times will be formatted differently on the server and client. Use a different pattern.
Jan 07, 2023 2:57:22 AM org.primefaces.convert.CombinedDateTimePatternTokenVisitor visitTokenLetter
WARNING: Found unsupported letter 'o' in pattern. Date / times will be formatted differently on the server and client. Use a different pattern.
Jan 07, 2023 2:57:22 AM org.primefaces.convert.CombinedDateTimePatternTokenVisitor visitTokenLetter
WARNING: Found unsupported letter 'p' in pattern. Date / times will be formatted differently on the server and client. Use a different pattern.
Jan 07, 2023 2:57:22 AM org.primefaces.convert.CombinedDateTimePatternTokenVisitor visitTokenLetter
WARNING: Found unsupported letter 'q' in pattern. Date / times will be formatted differently on the server and client. Use a different pattern.
Jan 07, 2023 2:57:22 AM org.primefaces.convert.CombinedDateTimePatternTokenVisitor visitTokenLetter
WARNING: Found unsupported letter 'r' in pattern. Date / times will be formatted differently on the server and client. Use a different pattern.
Jan 07, 2023 2:57:22 AM org.primefaces.convert.CombinedDateTimePatternTokenVisitor visitTokenLetter
WARNING: Found unsupported letter 't' in pattern. Date / times will be formatted differently on the server and client. Use a different pattern.
Jan 07, 2023 2:57:22 AM org.primefaces.convert.CombinedDateTimePatternTokenVisitor visitTokenLetter
WARNING: Found unsupported letter 'v' in pattern. Date / times will be formatted differently on the server and client. Use a different pattern.
Jan 07, 2023 2:57:22 AM org.primefaces.convert.CombinedDateTimePatternTokenVisitor visitTokenLetter
WARNING: Found unsupported letter 'w' in pattern. Date / times will be formatted differently on the server and client. Use a different pattern.
Jan 07, 2023 2:57:22 AM org.primefaces.convert.CombinedDateTimePatternTokenVisitor visitTokenLetter
WARNING: Found unsupported letter 'x' in pattern. Date / times will be formatted differently on the server and client. Use a different pattern.
Jan 07, 2023 2:57:22 AM org.primefaces.convert.CombinedDateTimePatternTokenVisitor visitTokenLetter
WARNING: Found unsupported letter 'A' in pattern. Date / times will be formatted differently on the server and client. Use a different pattern.
Jan 07, 2023 2:57:22 AM org.primefaces.convert.CombinedDateTimePatternTokenVisitor visitTokenLetter
WARNING: Found unsupported letter 'B' in pattern. Date / times will be formatted differently on the server and client. Use a different pattern.
Jan 07, 2023 2:57:22 AM org.primefaces.convert.CombinedDateTimePatternTokenVisitor visitTokenLetter
WARNING: Found unsupported letter 'C' in pattern. Date / times will be formatted differently on the server and client. Use a different pattern.
Jan 07, 2023 2:57:22 AM org.primefaces.convert.CombinedDateTimePatternTokenVisitor visitTokenLetter
WARNING: Found unsupported letter 'F' in pattern. Date / times will be formatted differently on the server and client. Use a different pattern.
Jan 07, 2023 2:57:22 AM org.primefaces.convert.CombinedDateTimePatternTokenVisitor visitTokenLetter
WARNING: Found unsupported letter 'G' in pattern. Date / times will be formatted differently on the server and client. Use a different pattern.
Jan 07, 2023 2:57:22 AM org.primefaces.convert.CombinedDateTimePatternTokenVisitor visitTokenLetter
WARNING: Found unsupported letter 'I' in pattern. Date / times will be formatted differently on the server and client. Use a different pattern.
Jan 07, 2023 2:57:22 AM org.primefaces.convert.CombinedDateTimePatternTokenVisitor visitTokenLetter
WARNING: Found unsupported letter 'J' in pattern. Date / times will be formatted differently on the server and client. Use a different pattern.
Jan 07, 2023 2:57:22 AM org.primefaces.convert.CombinedDateTimePatternTokenVisitor visitTokenLetter
WARNING: Found unsupported letter 'K' in pattern. Date / times will be formatted differently on the server and client. Use a different pattern.
Jan 07, 2023 2:57:22 AM org.primefaces.convert.CombinedDateTimePatternTokenVisitor visitTokenLetter
WARNING: Found unsupported letter 'L' in pattern. Date / times will be formatted differently on the server and client. Use a different pattern.
Jan 07, 2023 2:57:22 AM org.primefaces.convert.CombinedDateTimePatternTokenVisitor visitTokenLetter
WARNING: Found unsupported letter 'N' in pattern. Date / times will be formatted differently on the server and client. Use a different pattern.
Jan 07, 2023 2:57:22 AM org.primefaces.convert.CombinedDateTimePatternTokenVisitor visitTokenLetter
WARNING: Found unsupported letter 'O' in pattern. Date / times will be formatted differently on the server and client. Use a different pattern.
Jan 07, 2023 2:57:22 AM org.primefaces.convert.CombinedDateTimePatternTokenVisitor visitTokenLetter
WARNING: Found unsupported letter 'P' in pattern. Date / times will be formatted differently on the server and client. Use a different pattern.
Jan 07, 2023 2:57:22 AM org.primefaces.convert.CombinedDateTimePatternTokenVisitor visitTokenLetter
WARNING: Found unsupported letter 'Q' in pattern. Date / times will be formatted differently on the server and client. Use a different pattern.
Jan 07, 2023 2:57:22 AM org.primefaces.convert.CombinedDateTimePatternTokenVisitor visitTokenLetter
WARNING: Found unsupported letter 'R' in pattern. Date / times will be formatted differently on the server and client. Use a different pattern.
Jan 07, 2023 2:57:22 AM org.primefaces.convert.CombinedDateTimePatternTokenVisitor visitTokenLetter
WARNING: Found unsupported letter 'T' in pattern. Date / times will be formatted differently on the server and client. Use a different pattern.
Jan 07, 2023 2:57:22 AM org.primefaces.convert.CombinedDateTimePatternTokenVisitor visitTokenLetter
WARNING: Found unsupported letter 'U' in pattern. Date / times will be formatted differently on the server and client. Use a different pattern.
Jan 07, 2023 2:57:22 AM org.primefaces.convert.CombinedDateTimePatternTokenVisitor visitTokenLetter
WARNING: Found unsupported letter 'V' in pattern. Date / times will be formatted differently on the server and client. Use a different pattern.
Jan 07, 2023 2:57:22 AM org.primefaces.convert.CombinedDateTimePatternTokenVisitor visitTokenLetter
WARNING: Found unsupported letter 'W' in pattern. Date / times will be formatted differently on the server and client. Use a different pattern.
Jan 07, 2023 2:57:22 AM org.primefaces.convert.CombinedDateTimePatternTokenVisitor visitTokenLetter
WARNING: Found unsupported letter 'Y' in pattern. Date / times will be formatted differently on the server and client. Use a different pattern.
Jan 07, 2023 2:57:22 AM org.primefaces.convert.CombinedDateTimePatternTokenVisitor visitTokenLetter
WARNING: Found unsupported letter 'b' in pattern. Date / times will be formatted differently on the server and client. Use a different pattern.
Jan 07, 2023 2:57:22 AM org.primefaces.convert.CombinedDateTimePatternTokenVisitor visitTokenLetter
WARNING: Found unsupported letter 'c' in pattern. Date / times will be formatted differently on the server and client. Use a different pattern.
Jan 07, 2023 2:57:22 AM org.primefaces.convert.CombinedDateTimePatternTokenVisitor visitTokenLetter
WARNING: Found unsupported letter 'e' in pattern. Date / times will be formatted differently on the server and client. Use a different pattern.
Jan 07, 2023 2:57:22 AM org.primefaces.convert.CombinedDateTimePatternTokenVisitor visitTokenLetter
WARNING: Found unsupported letter 'f' in pattern. Date / times will be formatted differently on the server and client. Use a different pattern.
Jan 07, 2023 2:57:22 AM org.primefaces.convert.CombinedDateTimePatternTokenVisitor visitTokenLetter
WARNING: Found unsupported letter 'g' in pattern. Date / times will be formatted differently on the server and client. Use a different pattern.
Jan 07, 2023 2:57:22 AM org.primefaces.convert.CombinedDateTimePatternTokenVisitor visitTokenLetter
WARNING: Found unsupported letter 'i' in pattern. Date / times will be formatted differently on the server and client. Use a different pattern.
Jan 07, 2023 2:57:22 AM org.primefaces.convert.CombinedDateTimePatternTokenVisitor visitTokenLetter
WARNING: Found unsupported letter 'j' in pattern. Date / times will be formatted differently on the server and client. Use a different pattern.
Jan 07, 2023 2:57:22 AM org.primefaces.convert.CombinedDateTimePatternTokenVisitor visitTokenLetter
WARNING: Found unsupported letter 'k' in pattern. Date / times will be formatted differently on the server and client. Use a different pattern.
Jan 07, 2023 2:57:22 AM org.primefaces.convert.CombinedDateTimePatternTokenVisitor visitTokenLetter
WARNING: Found unsupported letter 'l' in pattern. Date / times will be formatted differently on the server and client. Use a different pattern.
Jan 07, 2023 2:57:22 AM org.primefaces.convert.CombinedDateTimePatternTokenVisitor visitTokenLetter
WARNING: Found unsupported letter 'n' in pattern. Date / times will be formatted differently on the server and client. Use a different pattern.
Jan 07, 2023 2:57:22 AM org.primefaces.convert.CombinedDateTimePatternTokenVisitor visitTokenLetter
WARNING: Found unsupported letter 'o' in pattern. Date / times will be formatted differently on the server and client. Use a different pattern.
Jan 07, 2023 2:57:22 AM org.primefaces.convert.CombinedDateTimePatternTokenVisitor visitTokenLetter
WARNING: Found unsupported letter 'p' in pattern. Date / times will be formatted differently on the server and client. Use a different pattern.
Jan 07, 2023 2:57:22 AM org.primefaces.convert.CombinedDateTimePatternTokenVisitor visitTokenLetter
WARNING: Found unsupported letter 'q' in pattern. Date / times will be formatted differently on the server and client. Use a different pattern.
Jan 07, 2023 2:57:22 AM org.primefaces.convert.CombinedDateTimePatternTokenVisitor visitTokenLetter
WARNING: Found unsupported letter 'r' in pattern. Date / times will be formatted differently on the server and client. Use a different pattern.
Jan 07, 2023 2:57:22 AM org.primefaces.convert.CombinedDateTimePatternTokenVisitor visitTokenLetter
WARNING: Found unsupported letter 't' in pattern. Date / times will be formatted differently on the server and client. Use a different pattern.
Jan 07, 2023 2:57:22 AM org.primefaces.convert.CombinedDateTimePatternTokenVisitor visitTokenLetter
WARNING: Found unsupported letter 'v' in pattern. Date / times will be formatted differently on the server and client. Use a different pattern.
Jan 07, 2023 2:57:22 AM org.primefaces.convert.CombinedDateTimePatternTokenVisitor visitTokenLetter
WARNING: Found unsupported letter 'w' in pattern. Date / times will be formatted differently on the server and client. Use a different pattern.
Jan 07, 2023 2:57:22 AM org.primefaces.convert.CombinedDateTimePatternTokenVisitor visitTokenLetter
WARNING: Found unsupported letter 'x' in pattern. Date / times will be formatted differently on the server and client. Use a different pattern.
[INFO] Tests run: 9, Failures: 0, Errors: 0, Skipped: 0, Time elapsed: 0.05 s - in org.primefaces.convert.DateTimePatternConverterTest
[INFO] Running org.primefaces.el.ValueExpressionAnalyzerTest
Jan 07, 2023 2:57:22 AM org.primefaces.config.PrimeEnvironment resolveBuildVersion
SEVERE: PrimeFaces version not resolvable - Could not load pom.properties.
Jan 07, 2023 2:57:22 AM org.primefaces.config.PrimeEnvironment resolveBuildVersion
SEVERE: PrimeFaces version not resolvable - Could not load pom.properties.
Jan 07, 2023 2:57:22 AM org.primefaces.config.PrimeEnvironment resolveBuildVersion
SEVERE: PrimeFaces version not resolvable - Could not load pom.properties.
Jan 07, 2023 2:57:22 AM org.primefaces.config.PrimeEnvironment resolveBuildVersion
SEVERE: PrimeFaces version not resolvable - Could not load pom.properties.
Jan 07, 2023 2:57:22 AM org.primefaces.config.PrimeEnvironment resolveBuildVersion
SEVERE: PrimeFaces version not resolvable - Could not load pom.properties.
Jan 07, 2023 2:57:22 AM org.primefaces.config.PrimeEnvironment resolveBuildVersion
SEVERE: PrimeFaces version not resolvable - Could not load pom.properties.
Jan 07, 2023 2:57:22 AM org.primefaces.config.PrimeEnvironment resolveBuildVersion
SEVERE: PrimeFaces version not resolvable - Could not load pom.properties.
Jan 07, 2023 2:57:22 AM org.primefaces.config.PrimeEnvironment resolveBuildVersion
SEVERE: PrimeFaces version not resolvable - Could not load pom.properties.
[INFO] Tests run: 8, Failures: 0, Errors: 0, Skipped: 0, Time elapsed: 0.062 s - in org.primefaces.el.ValueExpressionAnalyzerTest
[INFO] Running org.primefaces.renderkit.SelectRendererTest
[INFO] Tests run: 9, Failures: 0, Errors: 0, Skipped: 0, Time elapsed: 0.077 s - in org.primefaces.renderkit.SelectRendererTest
[INFO] Running org.primefaces.expression.SearchExpressionFacadeTest
Jan 07, 2023 2:57:22 AM javax.faces.FactoryFinderInstance copyInjectionProviderFromFacesContext
SEVERE: Unable to obtain InjectionProvider from init time FacesContext. Does this container implement the Mojarra Injection SPI?
Jan 07, 2023 2:57:22 AM javax.faces.FactoryFinderInstance injectImplementation
SEVERE: Unable to inject org.primefaces.mock.TestVisitContextFactory@5c70eda4 because no InjectionProvider can be found. Does this container implement the Mojarra Injection SPI?
Jan 07, 2023 2:57:22 AM javax.faces.FactoryFinderInstance injectImplementation
SEVERE: Unable to inject org.primefaces.mock.TestVisitContextFactory@77ac7cd6 because no InjectionProvider can be found. Does this container implement the Mojarra Injection SPI?
Jan 07, 2023 2:57:22 AM javax.faces.FactoryFinderInstance injectImplementation
SEVERE: Unable to inject org.primefaces.mock.TestVisitContextFactory@12830e23 because no InjectionProvider can be found. Does this container implement the Mojarra Injection SPI?
Jan 07, 2023 2:57:22 AM javax.faces.FactoryFinderInstance injectImplementation
SEVERE: Unable to inject org.primefaces.mock.TestVisitContextFactory@81f9b01 because no InjectionProvider can be found. Does this container implement the Mojarra Injection SPI?
Jan 07, 2023 2:57:22 AM javax.faces.FactoryFinderInstance injectImplementation
SEVERE: Unable to inject org.primefaces.mock.TestVisitContextFactory@53d94a6b because no InjectionProvider can be found. Does this container implement the Mojarra Injection SPI?
Jan 07, 2023 2:57:22 AM javax.faces.FactoryFinderInstance injectImplementation
SEVERE: Unable to inject org.primefaces.mock.TestVisitContextFactory@4707d60a because no InjectionProvider can be found. Does this container implement the Mojarra Injection SPI?
Jan 07, 2023 2:57:22 AM javax.faces.FactoryFinderInstance injectImplementation
SEVERE: Unable to inject org.primefaces.mock.TestVisitContextFactory@4d7f3adf because no InjectionProvider can be found. Does this container implement the Mojarra Injection SPI?
Jan 07, 2023 2:57:22 AM javax.faces.FactoryFinderInstance injectImplementation
SEVERE: Unable to inject org.primefaces.mock.TestVisitContextFactory@394c77e2 because no InjectionProvider can be found. Does this container implement the Mojarra Injection SPI?
Jan 07, 2023 2:57:22 AM javax.faces.FactoryFinderInstance injectImplementation
SEVERE: Unable to inject org.primefaces.mock.TestVisitContextFactory@20dfe8b2 because no InjectionProvider can be found. Does this container implement the Mojarra Injection SPI?
Jan 07, 2023 2:57:22 AM javax.faces.FactoryFinderInstance injectImplementation
SEVERE: Unable to inject org.primefaces.mock.TestVisitContextFactory@5911dd25 because no InjectionProvider can be found. Does this container implement the Mojarra Injection SPI?
Jan 07, 2023 2:57:22 AM javax.faces.FactoryFinderInstance injectImplementation
SEVERE: Unable to inject org.primefaces.mock.TestVisitContextFactory@6d8cbd1a because no InjectionProvider can be found. Does this container implement the Mojarra Injection SPI?
Jan 07, 2023 2:57:22 AM javax.faces.FactoryFinderInstance injectImplementation
SEVERE: Unable to inject org.primefaces.mock.TestVisitContextFactory@3725242e because no InjectionProvider can be found. Does this container implement the Mojarra Injection SPI?
Jan 07, 2023 2:57:22 AM javax.faces.FactoryFinderInstance injectImplementation
SEVERE: Unable to inject org.primefaces.mock.TestVisitContextFactory@6860c000 because no InjectionProvider can be found. Does this container implement the Mojarra Injection SPI?
Jan 07, 2023 2:57:22 AM javax.faces.FactoryFinderInstance injectImplementation
SEVERE: Unable to inject org.primefaces.mock.TestVisitContextFactory@3f4fd0dc because no InjectionProvider can be found. Does this container implement the Mojarra Injection SPI?
Jan 07, 2023 2:57:22 AM javax.faces.FactoryFinderInstance injectImplementation
SEVERE: Unable to inject org.primefaces.mock.TestVisitContextFactory@3723de42 because no InjectionProvider can be found. Does this container implement the Mojarra Injection SPI?
Jan 07, 2023 2:57:22 AM javax.faces.FactoryFinderInstance injectImplementation
SEVERE: Unable to inject org.primefaces.mock.TestVisitContextFactory@63fcc21 because no InjectionProvider can be found. Does this container implement the Mojarra Injection SPI?
Jan 07, 2023 2:57:22 AM javax.faces.FactoryFinderInstance injectImplementation
SEVERE: Unable to inject org.primefaces.mock.TestVisitContextFactory@2fc7c36a because no InjectionProvider can be found. Does this container implement the Mojarra Injection SPI?
[INFO] Tests run: 74, Failures: 0, Errors: 0, Skipped: 0, Time elapsed: 0.059 s - in org.primefaces.expression.SearchExpressionFacadeTest
[INFO] Running org.primefaces.PrimeFacesTest
Jan 07, 2023 2:57:22 AM org.primefaces.PrimeFaces$Ajax update
WARNING: PrimeFaces.current().ajax().update() called but component cant be resolved! Expression will just be added to the renderIds: {0}
Jan 07, 2023 2:57:22 AM org.primefaces.PrimeFaces$Ajax update
WARNING: PrimeFaces.current().ajax().update() called but component cant be resolved! Expression will just be added to the renderIds: {0}
[INFO] Tests run: 4, Failures: 0, Errors: 0, Skipped: 0, Time elapsed: 0.001 s - in org.primefaces.PrimeFacesTest
[INFO] 
[INFO] Results:
[INFO] 
[INFO] Tests run: 435, Failures: 0, Errors: 0, Skipped: 0
[INFO] 
[INFO] 
[INFO] -----------------< org.primefaces:primefaces-showcase >-----------------
[INFO] Building PrimeFaces Showcase 11.0.0-SNAPSHOT                       [3/8]
[INFO] --------------------------------[ war ]---------------------------------
[INFO] 
[INFO] --- maven-clean-plugin:2.5:clean (default-clean) @ primefaces-showcase ---
[INFO] Deleting /home/gabsko/breaking-updates/primefaces-showcase/target
[INFO] 
[INFO] --- maven-checkstyle-plugin:3.1.2:check (checkstyle) @ primefaces-showcase ---
[INFO] Starting audit...
Audit done.
[INFO] You have 0 Checkstyle violations.
[INFO] 
[INFO] --- sass-maven-plugin:3.7.2:update-stylesheets (default) @ primefaces-showcase ---
[INFO] Checked 20 files for /home/gabsko/breaking-updates/primefaces-showcase/src/main/webapp/resources/showcase/css
[INFO] Checked 3 filtered (**/*.css) files for /home/gabsko/breaking-updates/primefaces-showcase/src/main/webapp/resources/showcase/css
[INFO] Skip compiling Sass templates, no changes.
[INFO] 
[INFO] --- maven-resources-plugin:3.2.0:resources (default-resources) @ primefaces-showcase ---
[INFO] Using 'UTF-8' encoding to copy filtered resources.
[INFO] Using 'UTF-8' encoding to copy filtered properties files.
[INFO] Copying 12 resources
[INFO] Copying 1 resource to /home/gabsko/breaking-updates/primefaces-showcase/target
[INFO] The encoding used to copy filtered properties files have not been set. This means that the same encoding will be used to copy filtered properties files as when copying other filtered resources. This might not be what you want! Run your build with --debug to see which files might be affected. Read more at https://maven.apache.org/plugins/maven-resources-plugin/examples/filtering-properties-files.html
[INFO] 
[INFO] --- maven-compiler-plugin:3.8.1:compile (default-compile) @ primefaces-showcase ---
[INFO] Changes detected - recompiling the module!
[INFO] Compiling 231 source files to /home/gabsko/breaking-updates/primefaces-showcase/target/classes
[WARNING] bootstrap class path not set in conjunction with -source 8
[WARNING] /home/gabsko/breaking-updates/primefaces-showcase/src/main/java/org/primefaces/showcase/view/data/datatable/FilterView.java:[87,37] RANGE in org.primefaces.model.MatchMode has been deprecated
[INFO] /home/gabsko/breaking-updates/primefaces-showcase/src/main/java/org/primefaces/showcase/service/DocumentService.java: Some input files use unchecked or unsafe operations.
[INFO] /home/gabsko/breaking-updates/primefaces-showcase/src/main/java/org/primefaces/showcase/service/DocumentService.java: Recompile with -Xlint:unchecked for details.
[INFO] 
[INFO] --- maven-resources-plugin:3.2.0:copy-resources (copy-java-files) @ primefaces-showcase ---
[INFO] Using 'UTF-8' encoding to copy filtered resources.
[INFO] Using 'UTF-8' encoding to copy filtered properties files.
[INFO] Copying 231 resources
[INFO] 
[INFO] --- maven-resources-plugin:3.2.0:testResources (default-testResources) @ primefaces-showcase ---
[INFO] Using 'UTF-8' encoding to copy filtered resources.
[INFO] Using 'UTF-8' encoding to copy filtered properties files.
[INFO] skip non existing resourceDirectory /home/gabsko/breaking-updates/primefaces-showcase/src/test/resources
[INFO] 
[INFO] --- maven-compiler-plugin:3.8.1:testCompile (default-testCompile) @ primefaces-showcase ---
[INFO] No sources to compile
[INFO] 
[INFO] --- maven-surefire-plugin:2.22.2:test (default-test) @ primefaces-showcase ---
[INFO] No tests to run.
[INFO] 
[INFO] -----------------< org.primefaces:primefaces-selenium >-----------------
[INFO] Building PrimeFaces Selenium 11.0.0-SNAPSHOT                       [4/8]
[INFO] --------------------------------[ pom ]---------------------------------
[INFO] 
[INFO] --- maven-clean-plugin:2.5:clean (default-clean) @ primefaces-selenium ---
[INFO] Deleting /home/gabsko/breaking-updates/primefaces-selenium/target
[INFO] 
[INFO] --- maven-checkstyle-plugin:3.1.2:check (checkstyle) @ primefaces-selenium ---
[INFO] Starting audit...
Audit done.
[INFO] You have 0 Checkstyle violations.
[INFO] 
[INFO] --------------< org.primefaces:primefaces-selenium-core >---------------
[INFO] Building PrimeFaces Selenium - Core 11.0.0-SNAPSHOT                [5/8]
[INFO] --------------------------------[ jar ]---------------------------------
[INFO] 
[INFO] --- maven-clean-plugin:2.5:clean (default-clean) @ primefaces-selenium-core ---
[INFO] Deleting /home/gabsko/breaking-updates/primefaces-selenium/primefaces-selenium-core/target
[INFO] 
[INFO] --- maven-checkstyle-plugin:3.1.2:check (checkstyle) @ primefaces-selenium-core ---
[INFO] Starting audit...
Audit done.
[INFO] You have 0 Checkstyle violations.
[INFO] 
[INFO] --- maven-resources-plugin:3.2.0:resources (default-resources) @ primefaces-selenium-core ---
[INFO] Using 'UTF-8' encoding to copy filtered resources.
[INFO] Using 'UTF-8' encoding to copy filtered properties files.
[INFO] Copying 4 resources
[INFO] 
[INFO] --- maven-compiler-plugin:3.8.1:compile (default-compile) @ primefaces-selenium-core ---
[INFO] Changes detected - recompiling the module!
[INFO] Compiling 25 source files to /home/gabsko/breaking-updates/primefaces-selenium/primefaces-selenium-core/target/classes
[WARNING] bootstrap class path not set in conjunction with -source 8
[INFO] /home/gabsko/breaking-updates/primefaces-selenium/primefaces-selenium-core/src/main/java/org/primefaces/selenium/internal/Guard.java: Some input files use unchecked or unsafe operations.
[INFO] /home/gabsko/breaking-updates/primefaces-selenium/primefaces-selenium-core/src/main/java/org/primefaces/selenium/internal/Guard.java: Recompile with -Xlint:unchecked for details.
[INFO] 
[INFO] --- maven-resources-plugin:3.2.0:testResources (default-testResources) @ primefaces-selenium-core ---
[INFO] Using 'UTF-8' encoding to copy filtered resources.
[INFO] Using 'UTF-8' encoding to copy filtered properties files.
[INFO] skip non existing resourceDirectory /home/gabsko/breaking-updates/primefaces-selenium/primefaces-selenium-core/src/test/resources
[INFO] 
[INFO] --- maven-compiler-plugin:3.8.1:testCompile (default-testCompile) @ primefaces-selenium-core ---
[INFO] No sources to compile
[INFO] 
[INFO] --- maven-surefire-plugin:2.22.2:test (default-test) @ primefaces-selenium-core ---
[INFO] No tests to run.
[INFO] 
[INFO] -----------< org.primefaces:primefaces-selenium-components >------------
[INFO] Building PrimeFaces Selenium - Components 11.0.0-SNAPSHOT          [6/8]
[INFO] --------------------------------[ jar ]---------------------------------
[INFO] 
[INFO] --- maven-clean-plugin:2.5:clean (default-clean) @ primefaces-selenium-components ---
[INFO] Deleting /home/gabsko/breaking-updates/primefaces-selenium/primefaces-selenium-components/target
[INFO] 
[INFO] --- maven-checkstyle-plugin:3.1.2:check (checkstyle) @ primefaces-selenium-components ---
[INFO] Starting audit...
Audit done.
[INFO] You have 0 Checkstyle violations.
[INFO] 
[INFO] --- maven-resources-plugin:3.2.0:resources (default-resources) @ primefaces-selenium-components ---
[INFO] Using 'UTF-8' encoding to copy filtered resources.
[INFO] Using 'UTF-8' encoding to copy filtered properties files.
[INFO] skip non existing resourceDirectory /home/gabsko/breaking-updates/primefaces-selenium/primefaces-selenium-components/src/main/resources
[INFO] 
[INFO] --- maven-compiler-plugin:3.8.1:compile (default-compile) @ primefaces-selenium-components ---
[INFO] Changes detected - recompiling the module!
[INFO] Compiling 63 source files to /home/gabsko/breaking-updates/primefaces-selenium/primefaces-selenium-components/target/classes
[WARNING] bootstrap class path not set in conjunction with -source 8
[INFO] 
[INFO] --- maven-resources-plugin:3.2.0:testResources (default-testResources) @ primefaces-selenium-components ---
[INFO] Using 'UTF-8' encoding to copy filtered resources.
[INFO] Using 'UTF-8' encoding to copy filtered properties files.
[INFO] skip non existing resourceDirectory /home/gabsko/breaking-updates/primefaces-selenium/primefaces-selenium-components/src/test/resources
[INFO] 
[INFO] --- maven-compiler-plugin:3.8.1:testCompile (default-testCompile) @ primefaces-selenium-components ---
[INFO] No sources to compile
[INFO] 
[INFO] --- maven-surefire-plugin:2.22.2:test (default-test) @ primefaces-selenium-components ---
[INFO] No tests to run.
[INFO] 
[INFO] ------------< org.primefaces:primefaces-integration-tests >-------------
[INFO] Building PrimeFaces Integration Tests 11.0.0-SNAPSHOT              [7/8]
[INFO] --------------------------------[ war ]---------------------------------
[INFO] 
[INFO] --- maven-clean-plugin:2.5:clean (default-clean) @ primefaces-integration-tests ---
[INFO] Deleting /home/gabsko/breaking-updates/primefaces-integration-tests/target
[INFO] 
[INFO] --- maven-checkstyle-plugin:3.1.2:check (checkstyle) @ primefaces-integration-tests ---
[INFO] Starting audit...
Audit done.
[INFO] You have 0 Checkstyle violations.
[INFO] 
[INFO] --- maven-resources-plugin:3.2.0:resources (default-resources) @ primefaces-integration-tests ---
[INFO] Using 'UTF-8' encoding to copy filtered resources.
[INFO] Using 'UTF-8' encoding to copy filtered properties files.
[INFO] Copying 1 resource
[INFO] 
[INFO] --- maven-compiler-plugin:3.8.1:compile (default-compile) @ primefaces-integration-tests ---
[INFO] Changes detected - recompiling the module!
[INFO] Compiling 140 source files to /home/gabsko/breaking-updates/primefaces-integration-tests/target/classes
[WARNING] bootstrap class path not set in conjunction with -source 8
[INFO] /home/gabsko/breaking-updates/primefaces-integration-tests/src/main/java/org/primefaces/integrationtests/datatable/ProgrammingLanguageLazySorter.java: Some input files use unchecked or unsafe operations.
[INFO] /home/gabsko/breaking-updates/primefaces-integration-tests/src/main/java/org/primefaces/integrationtests/datatable/ProgrammingLanguageLazySorter.java: Recompile with -Xlint:unchecked for details.
[INFO] 
[INFO] --- maven-resources-plugin:3.2.0:testResources (default-testResources) @ primefaces-integration-tests ---
[INFO] Using 'UTF-8' encoding to copy filtered resources.
[INFO] Using 'UTF-8' encoding to copy filtered properties files.
[INFO] Copying 7 resources
[INFO] Copying 1 resource
[INFO] The encoding used to copy filtered properties files have not been set. This means that the same encoding will be used to copy filtered properties files as when copying other filtered resources. This might not be what you want! Run your build with --debug to see which files might be affected. Read more at https://maven.apache.org/plugins/maven-resources-plugin/examples/filtering-properties-files.html
[INFO] 
[INFO] --- maven-compiler-plugin:3.8.1:testCompile (default-testCompile) @ primefaces-integration-tests ---
[INFO] Changes detected - recompiling the module!
[INFO] Compiling 149 source files to /home/gabsko/breaking-updates/primefaces-integration-tests/target/test-classes
[INFO] /home/gabsko/breaking-updates/primefaces-integration-tests/src/test/java/org/primefaces/integrationtests/datatable/AbstractDataTableTest.java: Some input files use unchecked or unsafe operations.
[INFO] /home/gabsko/breaking-updates/primefaces-integration-tests/src/test/java/org/primefaces/integrationtests/datatable/AbstractDataTableTest.java: Recompile with -Xlint:unchecked for details.
[INFO] 
[INFO] --- maven-surefire-plugin:2.22.2:test (default-test) @ primefaces-integration-tests ---
[INFO] Tests are skipped.
[INFO] 
[INFO] -------------------< org.primefaces:primefaces-cli >--------------------
[INFO] Building PrimeFaces CLI 11.0.0-SNAPSHOT                            [8/8]
[INFO] --------------------------------[ jar ]---------------------------------
[INFO] 
[INFO] --- maven-clean-plugin:2.5:clean (default-clean) @ primefaces-cli ---
[INFO] Deleting /home/gabsko/breaking-updates/primefaces-cli/target
[INFO] 
[INFO] --- maven-checkstyle-plugin:3.1.2:check (checkstyle) @ primefaces-cli ---
[INFO] Starting audit...
Audit done.
[INFO] You have 0 Checkstyle violations.
[INFO] 
[INFO] --- maven-resources-plugin:3.2.0:resources (default-resources) @ primefaces-cli ---
[INFO] Using 'UTF-8' encoding to copy filtered resources.
[INFO] Using 'UTF-8' encoding to copy filtered properties files.
[INFO] skip non existing resourceDirectory /home/gabsko/breaking-updates/primefaces-cli/src/main/resources
[INFO] 
[INFO] --- maven-compiler-plugin:3.8.1:compile (default-compile) @ primefaces-cli ---
[INFO] Changes detected - recompiling the module!
[INFO] Compiling 3 source files to /home/gabsko/breaking-updates/primefaces-cli/target/classes
[WARNING] bootstrap class path not set in conjunction with -source 8
[INFO] 
[INFO] --- maven-resources-plugin:3.2.0:testResources (default-testResources) @ primefaces-cli ---
[INFO] Using 'UTF-8' encoding to copy filtered resources.
[INFO] Using 'UTF-8' encoding to copy filtered properties files.
[INFO] skip non existing resourceDirectory /home/gabsko/breaking-updates/primefaces-cli/src/test/resources
[INFO] 
[INFO] --- maven-compiler-plugin:3.8.1:testCompile (default-testCompile) @ primefaces-cli ---
[INFO] Changes detected - recompiling the module!
[INFO] Compiling 1 source file to /home/gabsko/breaking-updates/primefaces-cli/target/test-classes
[INFO] 
[INFO] --- maven-surefire-plugin:2.22.2:test (default-test) @ primefaces-cli ---
[INFO] 
[INFO] -------------------------------------------------------
[INFO]  T E S T S
[INFO] -------------------------------------------------------
[INFO] Running org.primefaces.cli.migration.primeflex.PrimeFlexMigrationTest
[INFO] Tests run: 4, Failures: 0, Errors: 0, Skipped: 0, Time elapsed: 0.033 s - in org.primefaces.cli.migration.primeflex.PrimeFlexMigrationTest
[INFO] 
[INFO] Results:
[INFO] 
[INFO] Tests run: 4, Failures: 0, Errors: 0, Skipped: 0
[INFO] 
[INFO] ------------------------------------------------------------------------
[INFO] Reactor Summary for PrimeFaces Parent 11.0.0-SNAPSHOT:
[INFO] 
[INFO] PrimeFaces Parent .................................. SUCCESS [  0.544 s]
[INFO] PrimeFaces ......................................... SUCCESS [ 18.031 s]
[INFO] PrimeFaces Showcase ................................ SUCCESS [  2.170 s]
[INFO] PrimeFaces Selenium ................................ SUCCESS [  0.035 s]
[INFO] PrimeFaces Selenium - Core ......................... SUCCESS [  0.481 s]
[INFO] PrimeFaces Selenium - Components ................... SUCCESS [  0.424 s]
[INFO] PrimeFaces Integration Tests ....................... SUCCESS [  3.521 s]
[INFO] PrimeFaces CLI ..................................... SUCCESS [  0.871 s]
[INFO] ------------------------------------------------------------------------
[INFO] BUILD SUCCESS
[INFO] ------------------------------------------------------------------------
[INFO] Total time:  26.878 s
[INFO] Finished at: 2023-01-07T02:57:30Z
[INFO] ------------------------------------------------------------------------
