[INFO] Scanning for projects...
[INFO] Inspecting build with total of 5 modules...
[INFO] Installing Nexus Staging features:
[INFO]   ... total of 5 executions of maven-deploy-plugin replaced with nexus-staging-maven-plugin
[INFO] ------------------------------------------------------------------------
[INFO] Reactor Build Order:
[INFO] 
[INFO] Google Cloud Logging Parent                                        [pom]
[INFO] proto-google-cloud-logging-v2                                      [jar]
[INFO] grpc-google-cloud-logging-v2                                       [jar]
[INFO] Google Cloud Logging                                               [jar]
[INFO] Google Cloud logging BOM                                           [pom]
[INFO] 
[INFO] ------------< com.google.cloud:google-cloud-logging-parent >------------
[INFO] Building Google Cloud Logging Parent 3.7.1-SNAPSHOT                [1/5]
[INFO] --------------------------------[ pom ]---------------------------------
[INFO] 
[INFO] --- maven-clean-plugin:2.5:clean (default-clean) @ google-cloud-logging-parent ---
[INFO] Deleting /home/gabsko/breaking-updates/target
[INFO] 
[INFO] --- maven-enforcer-plugin:3.0.0-M3:enforce (enforce) @ google-cloud-logging-parent ---
[INFO] Adding ignore: module-info
[INFO] Adding ignore: META-INF/versions/*/module-info
[INFO] 
[INFO] --- maven-checkstyle-plugin:3.1.2:check (checkstyle) @ google-cloud-logging-parent ---
[INFO] Starting audit...
Audit done.
[INFO] You have 0 Checkstyle violations.
[INFO] 
[INFO] --- jacoco-maven-plugin:0.8.7:prepare-agent (default) @ google-cloud-logging-parent ---
[INFO] argLine set to -javaagent:/home/gabsko/.m2/repository/org/jacoco/org.jacoco.agent/0.8.7/org.jacoco.agent-0.8.7-runtime.jar=destfile=/home/gabsko/breaking-updates/target/jacoco.exec
[INFO] 
[INFO] --- build-helper-maven-plugin:3.3.0:add-resource (add-main-proto-resources) @ google-cloud-logging-parent ---
[INFO] 
[INFO] --- build-helper-maven-plugin:3.3.0:add-test-resource (add-test-proto-resources) @ google-cloud-logging-parent ---
[INFO] 
[INFO] --- animal-sniffer-maven-plugin:1.20:check (java8) @ google-cloud-logging-parent ---
[INFO] Checking unresolved references to org.codehaus.mojo.signature:java18:1.0
[INFO] 
[INFO] --- jacoco-maven-plugin:0.8.7:report (report) @ google-cloud-logging-parent ---
[INFO] Skipping JaCoCo execution due to missing execution data file.
[INFO] 
[INFO] ---------< com.google.api.grpc:proto-google-cloud-logging-v2 >----------
[INFO] Building proto-google-cloud-logging-v2 0.96.1-SNAPSHOT             [2/5]
[INFO] --------------------------------[ jar ]---------------------------------
[INFO] 
[INFO] --- maven-clean-plugin:2.5:clean (default-clean) @ proto-google-cloud-logging-v2 ---
[INFO] Deleting /home/gabsko/breaking-updates/proto-google-cloud-logging-v2/target
[INFO] 
[INFO] --- flatten-maven-plugin:1.2.7:clean (flatten.clean) @ proto-google-cloud-logging-v2 ---
[INFO] Deleting /home/gabsko/breaking-updates/proto-google-cloud-logging-v2/.flattened-pom.xml
[INFO] 
[INFO] --- maven-enforcer-plugin:3.0.0-M3:enforce (enforce) @ proto-google-cloud-logging-v2 ---
[INFO] Adding ignore: module-info
[INFO] Adding ignore: META-INF/versions/*/module-info
[INFO] 
[INFO] --- maven-checkstyle-plugin:3.1.2:check (checkstyle) @ proto-google-cloud-logging-v2 ---
[INFO] Starting audit...
Audit done.
[INFO] You have 0 Checkstyle violations.
[INFO] 
[INFO] --- jacoco-maven-plugin:0.8.7:prepare-agent (default) @ proto-google-cloud-logging-v2 ---
[INFO] argLine set to -javaagent:/home/gabsko/.m2/repository/org/jacoco/org.jacoco.agent/0.8.7/org.jacoco.agent-0.8.7-runtime.jar=destfile=/home/gabsko/breaking-updates/proto-google-cloud-logging-v2/target/jacoco.exec
[INFO] 
[INFO] --- build-helper-maven-plugin:3.3.0:add-resource (add-main-proto-resources) @ proto-google-cloud-logging-v2 ---
[INFO] 
[INFO] --- maven-resources-plugin:2.6:resources (default-resources) @ proto-google-cloud-logging-v2 ---
[INFO] Using 'UTF-8' encoding to copy filtered resources.
[INFO] skip non existing resourceDirectory /home/gabsko/breaking-updates/proto-google-cloud-logging-v2/src/main/resources
[INFO] Copying 4 resources
[INFO] 
[INFO] --- flatten-maven-plugin:1.2.7:flatten (flatten) @ proto-google-cloud-logging-v2 ---
[INFO] Generating flattened POM of project com.google.api.grpc:proto-google-cloud-logging-v2:jar:0.96.1-SNAPSHOT...
[INFO] 
[INFO] --- maven-compiler-plugin:3.9.0:compile (default-compile) @ proto-google-cloud-logging-v2 ---
[INFO] Changes detected - recompiling the module!
[INFO] Compiling 146 source files to /home/gabsko/breaking-updates/proto-google-cloud-logging-v2/target/classes
[WARNING] bootstrap class path not set in conjunction with -source 8
[INFO] 
[INFO] --- build-helper-maven-plugin:3.3.0:add-test-resource (add-test-proto-resources) @ proto-google-cloud-logging-v2 ---
[INFO] 
[INFO] --- maven-resources-plugin:2.6:testResources (default-testResources) @ proto-google-cloud-logging-v2 ---
[INFO] Using 'UTF-8' encoding to copy filtered resources.
[INFO] skip non existing resourceDirectory /home/gabsko/breaking-updates/proto-google-cloud-logging-v2/src/test/resources
[INFO] skip non existing resourceDirectory /home/gabsko/breaking-updates/proto-google-cloud-logging-v2/src/test/proto
[INFO] 
[INFO] --- maven-compiler-plugin:3.9.0:testCompile (default-testCompile) @ proto-google-cloud-logging-v2 ---
[INFO] No sources to compile
[INFO] 
[INFO] --- animal-sniffer-maven-plugin:1.20:check (java8) @ proto-google-cloud-logging-v2 ---
[INFO] Checking unresolved references to org.codehaus.mojo.signature:java18:1.0
[INFO] 
[INFO] --- maven-surefire-plugin:3.0.0-M5:test (default-test) @ proto-google-cloud-logging-v2 ---
[INFO] No tests to run.
[INFO] 
[INFO] --- jacoco-maven-plugin:0.8.7:report (report) @ proto-google-cloud-logging-v2 ---
[INFO] Skipping JaCoCo execution due to missing execution data file.
[INFO] 
[INFO] ----------< com.google.api.grpc:grpc-google-cloud-logging-v2 >----------
[INFO] Building grpc-google-cloud-logging-v2 0.96.1-SNAPSHOT              [3/5]
[INFO] --------------------------------[ jar ]---------------------------------
[INFO] 
[INFO] --- maven-clean-plugin:2.5:clean (default-clean) @ grpc-google-cloud-logging-v2 ---
[INFO] Deleting /home/gabsko/breaking-updates/grpc-google-cloud-logging-v2/target
[INFO] 
[INFO] --- flatten-maven-plugin:1.2.7:clean (flatten.clean) @ grpc-google-cloud-logging-v2 ---
[INFO] Deleting /home/gabsko/breaking-updates/grpc-google-cloud-logging-v2/.flattened-pom.xml
[INFO] 
[INFO] --- maven-enforcer-plugin:3.0.0-M3:enforce (enforce) @ grpc-google-cloud-logging-v2 ---
[INFO] Adding ignore: module-info
[INFO] Adding ignore: META-INF/versions/*/module-info
[INFO] 
[INFO] --- maven-checkstyle-plugin:3.1.2:check (checkstyle) @ grpc-google-cloud-logging-v2 ---
[INFO] Starting audit...
Audit done.
[INFO] You have 0 Checkstyle violations.
[INFO] 
[INFO] --- jacoco-maven-plugin:0.8.7:prepare-agent (default) @ grpc-google-cloud-logging-v2 ---
[INFO] argLine set to -javaagent:/home/gabsko/.m2/repository/org/jacoco/org.jacoco.agent/0.8.7/org.jacoco.agent-0.8.7-runtime.jar=destfile=/home/gabsko/breaking-updates/grpc-google-cloud-logging-v2/target/jacoco.exec
[INFO] 
[INFO] --- build-helper-maven-plugin:3.3.0:add-resource (add-main-proto-resources) @ grpc-google-cloud-logging-v2 ---
[INFO] 
[INFO] --- maven-resources-plugin:2.6:resources (default-resources) @ grpc-google-cloud-logging-v2 ---
[INFO] Using 'UTF-8' encoding to copy filtered resources.
[INFO] skip non existing resourceDirectory /home/gabsko/breaking-updates/grpc-google-cloud-logging-v2/src/main/resources
[INFO] skip non existing resourceDirectory /home/gabsko/breaking-updates/grpc-google-cloud-logging-v2/src/main/proto
[INFO] 
[INFO] --- flatten-maven-plugin:1.2.7:flatten (flatten) @ grpc-google-cloud-logging-v2 ---
[INFO] Generating flattened POM of project com.google.api.grpc:grpc-google-cloud-logging-v2:jar:0.96.1-SNAPSHOT...
[INFO] 
[INFO] --- maven-compiler-plugin:3.9.0:compile (default-compile) @ grpc-google-cloud-logging-v2 ---
[INFO] Changes detected - recompiling the module!
[INFO] Compiling 3 source files to /home/gabsko/breaking-updates/grpc-google-cloud-logging-v2/target/classes
[WARNING] bootstrap class path not set in conjunction with -source 8
[INFO] 
[INFO] --- build-helper-maven-plugin:3.3.0:add-test-resource (add-test-proto-resources) @ grpc-google-cloud-logging-v2 ---
[INFO] 
[INFO] --- maven-resources-plugin:2.6:testResources (default-testResources) @ grpc-google-cloud-logging-v2 ---
[INFO] Using 'UTF-8' encoding to copy filtered resources.
[INFO] skip non existing resourceDirectory /home/gabsko/breaking-updates/grpc-google-cloud-logging-v2/src/test/resources
[INFO] skip non existing resourceDirectory /home/gabsko/breaking-updates/grpc-google-cloud-logging-v2/src/test/proto
[INFO] 
[INFO] --- maven-compiler-plugin:3.9.0:testCompile (default-testCompile) @ grpc-google-cloud-logging-v2 ---
[INFO] No sources to compile
[INFO] 
[INFO] --- animal-sniffer-maven-plugin:1.20:check (java8) @ grpc-google-cloud-logging-v2 ---
[INFO] Checking unresolved references to org.codehaus.mojo.signature:java18:1.0
[INFO] 
[INFO] --- maven-surefire-plugin:3.0.0-M5:test (default-test) @ grpc-google-cloud-logging-v2 ---
[INFO] No tests to run.
[INFO] 
[INFO] --- jacoco-maven-plugin:0.8.7:report (report) @ grpc-google-cloud-logging-v2 ---
[INFO] Skipping JaCoCo execution due to missing execution data file.
[INFO] 
[INFO] ---------------< com.google.cloud:google-cloud-logging >----------------
[INFO] Building Google Cloud Logging 3.7.1-SNAPSHOT                       [4/5]
[INFO] --------------------------------[ jar ]---------------------------------
[INFO] 
[INFO] --- maven-clean-plugin:2.5:clean (default-clean) @ google-cloud-logging ---
[INFO] Deleting /home/gabsko/breaking-updates/google-cloud-logging/target
[INFO] 
[INFO] --- flatten-maven-plugin:1.2.7:clean (flatten.clean) @ google-cloud-logging ---
[INFO] Deleting /home/gabsko/breaking-updates/google-cloud-logging/.flattened-pom.xml
[INFO] 
[INFO] --- maven-enforcer-plugin:3.0.0-M3:enforce (enforce) @ google-cloud-logging ---
[INFO] Adding ignore: module-info
[INFO] Adding ignore: META-INF/versions/*/module-info
[INFO] 
[INFO] --- maven-checkstyle-plugin:3.1.2:check (checkstyle) @ google-cloud-logging ---
[INFO] Starting audit...
Audit done.
[INFO] You have 0 Checkstyle violations.
[INFO] 
[INFO] --- jacoco-maven-plugin:0.8.7:prepare-agent (default) @ google-cloud-logging ---
[INFO] argLine set to -javaagent:/home/gabsko/.m2/repository/org/jacoco/org.jacoco.agent/0.8.7/org.jacoco.agent-0.8.7-runtime.jar=destfile=/home/gabsko/breaking-updates/google-cloud-logging/target/jacoco.exec
[INFO] 
[INFO] --- build-helper-maven-plugin:3.3.0:add-resource (add-main-proto-resources) @ google-cloud-logging ---
[INFO] 
[INFO] --- maven-resources-plugin:2.6:resources (default-resources) @ google-cloud-logging ---
[INFO] Using 'UTF-8' encoding to copy filtered resources.
[INFO] skip non existing resourceDirectory /home/gabsko/breaking-updates/google-cloud-logging/src/main/resources
[INFO] skip non existing resourceDirectory /home/gabsko/breaking-updates/google-cloud-logging/src/main/proto
[INFO] 
[INFO] --- flatten-maven-plugin:1.2.7:flatten (flatten) @ google-cloud-logging ---
[INFO] Generating flattened POM of project com.google.cloud:google-cloud-logging:jar:3.7.1-SNAPSHOT...
[INFO] 
[INFO] --- maven-compiler-plugin:3.9.0:compile (default-compile) @ google-cloud-logging ---
[INFO] Changes detected - recompiling the module!
[INFO] Compiling 60 source files to /home/gabsko/breaking-updates/google-cloud-logging/target/classes
[WARNING] bootstrap class path not set in conjunction with -source 8
[WARNING] /home/gabsko/breaking-updates/google-cloud-logging/src/main/java/com/google/cloud/logging/v2/stub/LoggingServiceV2StubSettings.java:[332,71] getLabels() in com.google.logging.v2.WriteLogEntriesRequest has been deprecated
[INFO] /home/gabsko/breaking-updates/google-cloud-logging/src/main/java/com/google/cloud/logging/v2/stub/ConfigServiceV2StubSettings.java: Some input files use unchecked or unsafe operations.
[INFO] /home/gabsko/breaking-updates/google-cloud-logging/src/main/java/com/google/cloud/logging/v2/stub/ConfigServiceV2StubSettings.java: Recompile with -Xlint:unchecked for details.
[INFO] 
[INFO] --- build-helper-maven-plugin:3.3.0:add-test-resource (add-test-proto-resources) @ google-cloud-logging ---
[INFO] 
[INFO] --- maven-resources-plugin:2.6:testResources (default-testResources) @ google-cloud-logging ---
[INFO] Using 'UTF-8' encoding to copy filtered resources.
[INFO] skip non existing resourceDirectory /home/gabsko/breaking-updates/google-cloud-logging/src/test/resources
[INFO] skip non existing resourceDirectory /home/gabsko/breaking-updates/google-cloud-logging/src/test/proto
[INFO] 
[INFO] --- maven-compiler-plugin:3.9.0:testCompile (default-testCompile) @ google-cloud-logging ---
[INFO] Changes detected - recompiling the module!
[INFO] Compiling 41 source files to /home/gabsko/breaking-updates/google-cloud-logging/target/test-classes
[WARNING] bootstrap class path not set in conjunction with -source 8
[WARNING] /home/gabsko/breaking-updates/google-cloud-logging/src/test/java/com/google/cloud/logging/AutoPopulateMetadataTests.java:[169,18] Long(long) in java.lang.Long has been deprecated
[WARNING] /home/gabsko/breaking-updates/google-cloud-logging/src/test/java/com/google/cloud/logging/it/ITLoggingTest.java:[103,24] getTimestamp() in com.google.cloud.logging.LogEntry has been deprecated
[WARNING] /home/gabsko/breaking-updates/google-cloud-logging/src/test/java/com/google/cloud/logging/it/ITLoggingTest.java:[115,24] getTimestamp() in com.google.cloud.logging.LogEntry has been deprecated
[WARNING] /home/gabsko/breaking-updates/google-cloud-logging/src/test/java/com/google/cloud/logging/it/ITLoggingTest.java:[135,41] getTimestamp() in com.google.cloud.logging.LogEntry has been deprecated
[WARNING] /home/gabsko/breaking-updates/google-cloud-logging/src/test/java/com/google/cloud/logging/it/ITLoggingTest.java:[137,33] getTimestamp() in com.google.cloud.logging.LogEntry has been deprecated
[WARNING] /home/gabsko/breaking-updates/google-cloud-logging/src/test/java/com/google/cloud/logging/it/ITJulLoggerTest.java:[84,21] getTimestamp() in com.google.cloud.logging.LogEntry has been deprecated
[WARNING] /home/gabsko/breaking-updates/google-cloud-logging/src/test/java/com/google/cloud/logging/it/ITJulLoggerTest.java:[131,24] getTimestamp() in com.google.cloud.logging.LogEntry has been deprecated
[WARNING] /home/gabsko/breaking-updates/google-cloud-logging/src/test/java/com/google/cloud/logging/v2/ConfigClientTest.java:[2441,38] ofProjectCmekSettingsName(java.lang.String) in com.google.logging.v2.CmekSettingsName has been deprecated
[WARNING] /home/gabsko/breaking-updates/google-cloud-logging/src/test/java/com/google/cloud/logging/v2/ConfigClientTest.java:[2449,38] ofProjectCmekSettingsName(java.lang.String) in com.google.logging.v2.CmekSettingsName has been deprecated
[WARNING] /home/gabsko/breaking-updates/google-cloud-logging/src/test/java/com/google/cloud/logging/v2/ConfigClientTest.java:[2474,40] ofProjectCmekSettingsName(java.lang.String) in com.google.logging.v2.CmekSettingsName has been deprecated
[WARNING] /home/gabsko/breaking-updates/google-cloud-logging/src/test/java/com/google/cloud/logging/v2/ConfigClientTest.java:[2487,38] ofProjectCmekSettingsName(java.lang.String) in com.google.logging.v2.CmekSettingsName has been deprecated
[WARNING] /home/gabsko/breaking-updates/google-cloud-logging/src/test/java/com/google/cloud/logging/v2/LoggingClientTest.java:[617,17] bidiStreamingCall(com.google.api.gax.rpc.ApiStreamObserver<ResponseT>) in com.google.api.gax.rpc.BidiStreamingCallable has been deprecated
[WARNING] /home/gabsko/breaking-updates/google-cloud-logging/src/test/java/com/google/cloud/logging/v2/LoggingClientTest.java:[643,17] bidiStreamingCall(com.google.api.gax.rpc.ApiStreamObserver<ResponseT>) in com.google.api.gax.rpc.BidiStreamingCallable has been deprecated
[INFO] 
[INFO] --- animal-sniffer-maven-plugin:1.20:check (java8) @ google-cloud-logging ---
[INFO] Checking unresolved references to org.codehaus.mojo.signature:java18:1.0
[INFO] 
[INFO] --- maven-surefire-plugin:3.0.0-M5:test (default-test) @ google-cloud-logging ---
[INFO] 
[INFO] -------------------------------------------------------
[INFO]  T E S T S
[INFO] -------------------------------------------------------
[INFO] Running com.google.cloud.logging.PayloadTest
[INFO] Tests run: 2, Failures: 0, Errors: 0, Skipped: 0, Time elapsed: 0.297 s - in com.google.cloud.logging.PayloadTest
[INFO] Running com.google.cloud.logging.SourceLocationTest
[INFO] Tests run: 6, Failures: 0, Errors: 0, Skipped: 0, Time elapsed: 0.001 s - in com.google.cloud.logging.SourceLocationTest
[INFO] Running com.google.cloud.logging.LoggingHandlerTest
[INFO] Tests run: 20, Failures: 0, Errors: 0, Skipped: 0, Time elapsed: 1.224 s - in com.google.cloud.logging.LoggingHandlerTest
[INFO] Running com.google.cloud.logging.OperationTest
[INFO] Tests run: 4, Failures: 0, Errors: 0, Skipped: 0, Time elapsed: 0.002 s - in com.google.cloud.logging.OperationTest
[INFO] Running com.google.cloud.logging.StructsTest
[INFO] Tests run: 9, Failures: 0, Errors: 0, Skipped: 0, Time elapsed: 0.004 s - in com.google.cloud.logging.StructsTest
[INFO] Running com.google.cloud.logging.SinkTest
[INFO] Tests run: 12, Failures: 0, Errors: 0, Skipped: 0, Time elapsed: 0.03 s - in com.google.cloud.logging.SinkTest
[INFO] Running com.google.cloud.logging.v2.MetricsClientTest
Jan 07, 2023 12:58:25 AM io.grpc.internal.ManagedChannelOrphanWrapper$ManagedChannelReference cleanQueue
SEVERE: *~*~*~ Channel ManagedChannelImpl{logId=1, target=logging.googleapis.com:443} was not shutdown properly!!! ~*~*~*
    Make sure to call shutdown()/shutdownNow() and wait until awaitTermination() returns true.
java.lang.RuntimeException: ManagedChannel allocation site
	at io.grpc.internal.ManagedChannelOrphanWrapper$ManagedChannelReference.<init>(ManagedChannelOrphanWrapper.java:93)
	at io.grpc.internal.ManagedChannelOrphanWrapper.<init>(ManagedChannelOrphanWrapper.java:53)
	at io.grpc.internal.ManagedChannelOrphanWrapper.<init>(ManagedChannelOrphanWrapper.java:44)
	at io.grpc.internal.ManagedChannelImplBuilder.build(ManagedChannelImplBuilder.java:630)
	at io.grpc.internal.AbstractManagedChannelImplBuilder.build(AbstractManagedChannelImplBuilder.java:297)
	at com.google.api.gax.grpc.InstantiatingGrpcChannelProvider.createSingleChannel(InstantiatingGrpcChannelProvider.java:404)
	at com.google.api.gax.grpc.InstantiatingGrpcChannelProvider.access$1900(InstantiatingGrpcChannelProvider.java:85)
	at com.google.api.gax.grpc.InstantiatingGrpcChannelProvider$1.createSingleChannel(InstantiatingGrpcChannelProvider.java:246)
	at com.google.api.gax.grpc.ChannelPool.<init>(ChannelPool.java:149)
	at com.google.api.gax.grpc.ChannelPool.create(ChannelPool.java:96)
	at com.google.api.gax.grpc.InstantiatingGrpcChannelProvider.createChannel(InstantiatingGrpcChannelProvider.java:256)
	at com.google.api.gax.grpc.InstantiatingGrpcChannelProvider.getTransportChannel(InstantiatingGrpcChannelProvider.java:234)
	at com.google.api.gax.rpc.ClientContext.create(ClientContext.java:205)
	at com.google.api.gax.rpc.ClientContext.create(ClientContext.java:136)
	at com.google.cloud.logging.spi.v2.GrpcLoggingRpc.<init>(GrpcLoggingRpc.java:148)
	at com.google.cloud.logging.LoggingOptions$DefaultLoggingRpcFactory.create(LoggingOptions.java:63)
	at com.google.cloud.logging.LoggingOptions$DefaultLoggingRpcFactory.create(LoggingOptions.java:57)
	at com.google.cloud.ServiceOptions.getRpc(ServiceOptions.java:560)
	at com.google.cloud.logging.LoggingOptions.getLoggingRpcV2(LoggingOptions.java:140)
	at com.google.cloud.logging.LoggingImpl.<init>(LoggingImpl.java:126)
	at com.google.cloud.logging.LoggingOptions$DefaultLoggingFactory.create(LoggingOptions.java:48)
	at com.google.cloud.logging.LoggingOptions$DefaultLoggingFactory.create(LoggingOptions.java:43)
	at com.google.cloud.ServiceOptions.getService(ServiceOptions.java:540)
	at com.google.cloud.logging.LoggingHandler.<init>(LoggingHandler.java:269)
	at com.google.cloud.logging.LoggingHandler.<init>(LoggingHandler.java:193)
	at com.google.cloud.logging.LoggingHandler.<init>(LoggingHandler.java:162)
	at com.google.cloud.logging.LoggingHandlerTest.testDefaultHandlerCreation(LoggingHandlerTest.java:231)
	at java.base/jdk.internal.reflect.NativeMethodAccessorImpl.invoke0(Native Method)
	at java.base/jdk.internal.reflect.NativeMethodAccessorImpl.invoke(NativeMethodAccessorImpl.java:62)
	at java.base/jdk.internal.reflect.DelegatingMethodAccessorImpl.invoke(DelegatingMethodAccessorImpl.java:43)
	at java.base/java.lang.reflect.Method.invoke(Method.java:566)
	at org.junit.runners.model.FrameworkMethod$1.runReflectiveCall(FrameworkMethod.java:59)
	at org.junit.internal.runners.model.ReflectiveCallable.run(ReflectiveCallable.java:12)
	at org.junit.runners.model.FrameworkMethod.invokeExplosively(FrameworkMethod.java:56)
	at org.junit.internal.runners.statements.InvokeMethod.evaluate(InvokeMethod.java:17)
	at org.junit.internal.runners.statements.RunBefores.evaluate(RunBefores.java:26)
	at org.junit.internal.runners.statements.RunAfters.evaluate(RunAfters.java:27)
	at org.junit.runners.ParentRunner$3.evaluate(ParentRunner.java:306)
	at org.junit.runners.BlockJUnit4ClassRunner$1.evaluate(BlockJUnit4ClassRunner.java:100)
	at org.junit.runners.ParentRunner.runLeaf(ParentRunner.java:366)
	at org.junit.runners.BlockJUnit4ClassRunner.runChild(BlockJUnit4ClassRunner.java:103)
	at org.junit.runners.BlockJUnit4ClassRunner.runChild(BlockJUnit4ClassRunner.java:63)
	at org.junit.runners.ParentRunner$4.run(ParentRunner.java:331)
	at org.junit.runners.ParentRunner$1.schedule(ParentRunner.java:79)
	at org.junit.runners.ParentRunner.runChildren(ParentRunner.java:329)
	at org.junit.runners.ParentRunner.access$100(ParentRunner.java:66)
	at org.junit.runners.ParentRunner$2.evaluate(ParentRunner.java:293)
	at org.junit.runners.ParentRunner$3.evaluate(ParentRunner.java:306)
	at org.junit.runners.ParentRunner.run(ParentRunner.java:413)
	at org.junit.runners.Suite.runChild(Suite.java:128)
	at org.junit.runners.Suite.runChild(Suite.java:27)
	at org.junit.runners.ParentRunner$4.run(ParentRunner.java:331)
	at org.junit.runners.ParentRunner$1.schedule(ParentRunner.java:79)
	at org.junit.runners.ParentRunner.runChildren(ParentRunner.java:329)
	at org.junit.runners.ParentRunner.access$100(ParentRunner.java:66)
	at org.junit.runners.ParentRunner$2.evaluate(ParentRunner.java:293)
	at org.junit.runners.ParentRunner$3.evaluate(ParentRunner.java:306)
	at org.junit.runners.ParentRunner.run(ParentRunner.java:413)
	at org.apache.maven.surefire.junitcore.JUnitCore.run(JUnitCore.java:55)
	at org.apache.maven.surefire.junitcore.JUnitCoreWrapper.createRequestAndRun(JUnitCoreWrapper.java:137)
	at org.apache.maven.surefire.junitcore.JUnitCoreWrapper.executeEager(JUnitCoreWrapper.java:107)
	at org.apache.maven.surefire.junitcore.JUnitCoreWrapper.execute(JUnitCoreWrapper.java:83)
	at org.apache.maven.surefire.junitcore.JUnitCoreWrapper.execute(JUnitCoreWrapper.java:75)
	at org.apache.maven.surefire.junitcore.JUnitCoreProvider.invoke(JUnitCoreProvider.java:157)
	at org.apache.maven.surefire.booter.ForkedBooter.runSuitesInProcess(ForkedBooter.java:428)
	at org.apache.maven.surefire.booter.ForkedBooter.execute(ForkedBooter.java:162)
	at org.apache.maven.surefire.booter.ForkedBooter.run(ForkedBooter.java:562)
	at org.apache.maven.surefire.booter.ForkedBooter.main(ForkedBooter.java:548)

[INFO] Tests run: 20, Failures: 0, Errors: 0, Skipped: 0, Time elapsed: 0.37 s - in com.google.cloud.logging.v2.MetricsClientTest
[INFO] Running com.google.cloud.logging.v2.ConfigClientTest
[INFO] Tests run: 110, Failures: 0, Errors: 0, Skipped: 0, Time elapsed: 0.514 s - in com.google.cloud.logging.v2.ConfigClientTest
[INFO] Running com.google.cloud.logging.v2.LoggingClientTest
[INFO] Tests run: 24, Failures: 0, Errors: 0, Skipped: 0, Time elapsed: 0.311 s - in com.google.cloud.logging.v2.LoggingClientTest
[INFO] Running com.google.cloud.logging.MetricTest
[INFO] Tests run: 12, Failures: 0, Errors: 0, Skipped: 0, Time elapsed: 0.007 s - in com.google.cloud.logging.MetricTest
[INFO] Running com.google.cloud.logging.AutoPopulateMetadataTests
[INFO] Tests run: 6, Failures: 0, Errors: 0, Skipped: 0, Time elapsed: 0.03 s - in com.google.cloud.logging.AutoPopulateMetadataTests
[INFO] Running com.google.cloud.logging.ContextTest
[INFO] Tests run: 4, Failures: 0, Errors: 0, Skipped: 0, Time elapsed: 0.001 s - in com.google.cloud.logging.ContextTest
[INFO] Running com.google.cloud.logging.SinkInfoTest
[INFO] Tests run: 10, Failures: 0, Errors: 0, Skipped: 0, Time elapsed: 0 s - in com.google.cloud.logging.SinkInfoTest
[INFO] Running com.google.cloud.logging.HttpRequestTest
[INFO] Tests run: 4, Failures: 0, Errors: 0, Skipped: 0, Time elapsed: 0 s - in com.google.cloud.logging.HttpRequestTest
[INFO] Running com.google.cloud.logging.OptionTest
[INFO] Tests run: 4, Failures: 0, Errors: 0, Skipped: 0, Time elapsed: 0 s - in com.google.cloud.logging.OptionTest
[INFO] Running com.google.cloud.logging.SerializationTest
[INFO] Tests run: 2, Failures: 0, Errors: 0, Skipped: 0, Time elapsed: 0.057 s - in com.google.cloud.logging.SerializationTest
[INFO] Running com.google.cloud.logging.TailLogEntriesTest
[INFO] Tests run: 3, Failures: 0, Errors: 0, Skipped: 0, Time elapsed: 0.018 s - in com.google.cloud.logging.TailLogEntriesTest
[INFO] Running com.google.cloud.logging.LoggingImplTest
[INFO] Tests run: 106, Failures: 0, Errors: 0, Skipped: 0, Time elapsed: 1.147 s - in com.google.cloud.logging.LoggingImplTest
[INFO] Running com.google.cloud.logging.MonitoredResourceUtilTest
[INFO] Tests run: 7, Failures: 0, Errors: 0, Skipped: 0, Time elapsed: 0 s - in com.google.cloud.logging.MonitoredResourceUtilTest
[INFO] Running com.google.cloud.logging.LoggingTest
[INFO] Tests run: 4, Failures: 0, Errors: 0, Skipped: 0, Time elapsed: 0.001 s - in com.google.cloud.logging.LoggingTest
[INFO] Running com.google.cloud.logging.TimestampDefaultFilterTest
[INFO] Tests run: 1, Failures: 0, Errors: 0, Skipped: 0, Time elapsed: 0.002 s - in com.google.cloud.logging.TimestampDefaultFilterTest
[INFO] Running com.google.cloud.logging.ExclusionTest
[INFO] Tests run: 4, Failures: 0, Errors: 0, Skipped: 0, Time elapsed: 0 s - in com.google.cloud.logging.ExclusionTest
[INFO] Running com.google.cloud.logging.MetricInfoTest
[INFO] Tests run: 4, Failures: 0, Errors: 0, Skipped: 0, Time elapsed: 0 s - in com.google.cloud.logging.MetricInfoTest
[INFO] Running com.google.cloud.logging.LoggingLevelTest
[INFO] Tests run: 6, Failures: 0, Errors: 0, Skipped: 0, Time elapsed: 0 s - in com.google.cloud.logging.LoggingLevelTest
[INFO] Running com.google.cloud.logging.LogEntryTest
[INFO] Tests run: 7, Failures: 0, Errors: 0, Skipped: 0, Time elapsed: 0.013 s - in com.google.cloud.logging.LogEntryTest
[INFO] Running com.google.cloud.logging.InvalidContextTest
[INFO] Tests run: 11, Failures: 0, Errors: 0, Skipped: 0, Time elapsed: 0 s - in com.google.cloud.logging.InvalidContextTest
[INFO] Running com.google.cloud.logging.LoggingOptionsTest
[INFO] Tests run: 3, Failures: 0, Errors: 0, Skipped: 0, Time elapsed: 0.001 s - in com.google.cloud.logging.LoggingOptionsTest
[INFO] 
[INFO] Results:
[INFO] 
[INFO] Tests run: 405, Failures: 0, Errors: 0, Skipped: 0
[INFO] 
[INFO] 
[INFO] --- jacoco-maven-plugin:0.8.7:report (report) @ google-cloud-logging ---
[INFO] Loading execution data file /home/gabsko/breaking-updates/google-cloud-logging/target/jacoco.exec
[INFO] Analyzed bundle 'Google Cloud Logging' with 181 classes
[INFO] 
[INFO] -------------< com.google.cloud:google-cloud-logging-bom >--------------
[INFO] Building Google Cloud logging BOM 3.7.1-SNAPSHOT                   [5/5]
[INFO] --------------------------------[ pom ]---------------------------------
[INFO] 
[INFO] --- maven-clean-plugin:2.5:clean (default-clean) @ google-cloud-logging-bom ---
[INFO] 
[INFO] --- maven-enforcer-plugin:3.0.0-M3:enforce (enforce) @ google-cloud-logging-bom ---
[INFO] Adding ignore: module-info
[INFO] Adding ignore: META-INF/versions/*/module-info
[INFO] 
[INFO] --- maven-checkstyle-plugin:3.1.2:check (checkstyle) @ google-cloud-logging-bom ---
[INFO] 
[INFO] --- jacoco-maven-plugin:0.8.7:prepare-agent (default) @ google-cloud-logging-bom ---
[INFO] argLine set to -javaagent:/home/gabsko/.m2/repository/org/jacoco/org.jacoco.agent/0.8.7/org.jacoco.agent-0.8.7-runtime.jar=destfile=/home/gabsko/breaking-updates/google-cloud-logging-bom/target/jacoco.exec
[INFO] 
[INFO] --- build-helper-maven-plugin:3.3.0:add-resource (add-main-proto-resources) @ google-cloud-logging-bom ---
[INFO] 
[INFO] --- build-helper-maven-plugin:3.3.0:add-test-resource (add-test-proto-resources) @ google-cloud-logging-bom ---
[INFO] 
[INFO] --- animal-sniffer-maven-plugin:1.20:check (java8) @ google-cloud-logging-bom ---
[INFO] Checking unresolved references to org.codehaus.mojo.signature:java18:1.0
[INFO] 
[INFO] --- jacoco-maven-plugin:0.8.7:report (report) @ google-cloud-logging-bom ---
[INFO] Skipping JaCoCo execution due to missing execution data file.
[INFO] ------------------------------------------------------------------------
[INFO] Reactor Summary:
[INFO] 
[INFO] Google Cloud Logging Parent 3.7.1-SNAPSHOT ......... SUCCESS [  1.149 s]
[INFO] proto-google-cloud-logging-v2 0.96.1-SNAPSHOT ...... SUCCESS [  4.277 s]
[INFO] grpc-google-cloud-logging-v2 0.96.1-SNAPSHOT ....... SUCCESS [  0.937 s]
[INFO] Google Cloud Logging 3.7.1-SNAPSHOT ................ SUCCESS [  8.054 s]
[INFO] Google Cloud logging BOM 3.7.1-SNAPSHOT ............ SUCCESS [  0.315 s]
[INFO] ------------------------------------------------------------------------
[INFO] BUILD SUCCESS
[INFO] ------------------------------------------------------------------------
[INFO] Total time:  15.183 s
[INFO] Finished at: 2023-01-07T00:58:28Z
[INFO] ------------------------------------------------------------------------
