[INFO] Scanning for projects...
[INFO] ------------------------------------------------------------------------
[INFO] Reactor Build Order:
[INFO] 
[INFO] Vert.x Deploy Tools                                                [pom]
[INFO] Vert.x Deploy Tools : Deploy Agent                                 [jar]
[INFO] Vert.x Deploy Tools : Maven plugin                        [maven-plugin]
[INFO] Vert.x Deploy Tools : Test Config                                  [jar]
[INFO] Vert.x Deploy Tools : Test Artifact                                [jar]
[INFO] Vert.x Deploy Tools : Test Application                             [jar]
[INFO] Vert.x Deploy Tools : Test                                         [pom]
[INFO] 
[INFO] --------------------< nl.jpoint:vertx-deploy-tools >--------------------
[INFO] Building Vert.x Deploy Tools 3.8.6-SNAPSHOT                        [1/7]
[INFO] --------------------------------[ pom ]---------------------------------
[INFO] 
[INFO] --- maven-clean-plugin:2.5:clean (default-clean) @ vertx-deploy-tools ---
[INFO] 
[INFO] ----------< nl.jpoint.vertx-deploy-tools:vertx-deploy-agent >-----------
[INFO] Building Vert.x Deploy Tools : Deploy Agent 3.8.6-SNAPSHOT         [2/7]
[INFO] --------------------------------[ jar ]---------------------------------
[INFO] 
[INFO] --- maven-clean-plugin:2.5:clean (default-clean) @ vertx-deploy-agent ---
[INFO] Deleting /home/gabsko/breaking-updates/vertx-deploy-agent/target
[INFO] 
[INFO] --- maven-resources-plugin:2.7:resources (default-resources) @ vertx-deploy-agent ---
[INFO] Using 'UTF-8' encoding to copy filtered resources.
[INFO] Copying 11 resources
[INFO] 
[INFO] --- maven-compiler-plugin:3.8.1:compile (default-compile) @ vertx-deploy-agent ---
[INFO] Changes detected - recompiling the module!
[INFO] Compiling 50 source files to /home/gabsko/breaking-updates/vertx-deploy-agent/target/classes
[INFO] /home/gabsko/breaking-updates/vertx-deploy-agent/src/main/java/nl/jpoint/vertx/deploy/agent/AwsDeployApplication.java: /home/gabsko/breaking-updates/vertx-deploy-agent/src/main/java/nl/jpoint/vertx/deploy/agent/AwsDeployApplication.java uses or overrides a deprecated API.
[INFO] /home/gabsko/breaking-updates/vertx-deploy-agent/src/main/java/nl/jpoint/vertx/deploy/agent/AwsDeployApplication.java: Recompile with -Xlint:deprecation for details.
[INFO] /home/gabsko/breaking-updates/vertx-deploy-agent/src/main/java/nl/jpoint/vertx/deploy/agent/DeployConfig.java: /home/gabsko/breaking-updates/vertx-deploy-agent/src/main/java/nl/jpoint/vertx/deploy/agent/DeployConfig.java uses unchecked or unsafe operations.
[INFO] /home/gabsko/breaking-updates/vertx-deploy-agent/src/main/java/nl/jpoint/vertx/deploy/agent/DeployConfig.java: Recompile with -Xlint:unchecked for details.
[INFO] 
[INFO] --- maven-resources-plugin:2.7:testResources (default-testResources) @ vertx-deploy-agent ---
[INFO] Using 'UTF-8' encoding to copy filtered resources.
[INFO] Copying 9 resources
[INFO] 
[INFO] --- maven-compiler-plugin:3.8.1:testCompile (default-testCompile) @ vertx-deploy-agent ---
[INFO] Changes detected - recompiling the module!
[INFO] Compiling 4 source files to /home/gabsko/breaking-updates/vertx-deploy-agent/target/test-classes
[INFO] /home/gabsko/breaking-updates/vertx-deploy-agent/src/test/java/nl/jpoint/vertx/deploy/agent/command/RunApplicationTest.java: /home/gabsko/breaking-updates/vertx-deploy-agent/src/test/java/nl/jpoint/vertx/deploy/agent/command/RunApplicationTest.java uses or overrides a deprecated API.
[INFO] /home/gabsko/breaking-updates/vertx-deploy-agent/src/test/java/nl/jpoint/vertx/deploy/agent/command/RunApplicationTest.java: Recompile with -Xlint:deprecation for details.
[INFO] 
[INFO] --- maven-surefire-plugin:2.12.4:test (default-test) @ vertx-deploy-agent ---
[INFO] Surefire report directory: /home/gabsko/breaking-updates/vertx-deploy-agent/target/surefire-reports

-------------------------------------------------------
 T E S T S
-------------------------------------------------------
Running nl.jpoint.vertx.deploy.agent.util.FileDigestUtilTest
02:10:21.946 DEBUG - MD is null MD5 Message Digest from SUN, <initialized>
, or file does not exist doesnotexist.txt
02:10:21.949 DEBUG - MD is null MD5 Message Digest from SUN, <initialized>
, or file does not exist doesnotexist.txt
02:10:21.951 DEBUG - MD is null MD5 Message Digest from SUN, <initialized>
, or file does not exist doesnotexist.txt
Tests run: 5, Failures: 0, Errors: 0, Skipped: 0, Time elapsed: 0.168 sec
Running nl.jpoint.vertx.deploy.agent.aws.AwsAutoScalingUtilTest
Tests run: 2, Failures: 0, Errors: 0, Skipped: 2, Time elapsed: 0.016 sec
Running nl.jpoint.vertx.deploy.agent.command.RunApplicationTest
Tests run: 10, Failures: 0, Errors: 0, Skipped: 0, Time elapsed: 1.055 sec

Results :

Tests run: 17, Failures: 0, Errors: 0, Skipped: 2

[INFO] 
[INFO] -------< nl.jpoint.vertx-deploy-tools:vertx-deploy-maven-plugin >-------
[INFO] Building Vert.x Deploy Tools : Maven plugin 3.8.6-SNAPSHOT         [3/7]
[INFO] ----------------------------[ maven-plugin ]----------------------------
[INFO] 
[INFO] --- maven-clean-plugin:2.5:clean (default-clean) @ vertx-deploy-maven-plugin ---
[INFO] Deleting /home/gabsko/breaking-updates/vertx-deploy-maven-plugin/target
[INFO] 
[INFO] --- maven-resources-plugin:2.7:resources (default-resources) @ vertx-deploy-maven-plugin ---
[INFO] Using 'UTF-8' encoding to copy filtered resources.
[INFO] Copying 1 resource
[INFO] 
[INFO] --- maven-compiler-plugin:3.8.1:compile (default-compile) @ vertx-deploy-maven-plugin ---
[INFO] Changes detected - recompiling the module!
[INFO] Compiling 39 source files to /home/gabsko/breaking-updates/vertx-deploy-maven-plugin/target/classes
[INFO] 
[INFO] --- maven-plugin-plugin:3.6.0:descriptor (default-descriptor) @ vertx-deploy-maven-plugin ---
[INFO] Using 'UTF-8' encoding to read mojo source files.
[INFO] java-javadoc mojo extractor found 0 mojo descriptor.
[INFO] java-annotations mojo extractor found 4 mojo descriptors.
[INFO] 
[INFO] --- maven-plugin-plugin:3.6.0:descriptor (mojo-descriptor) @ vertx-deploy-maven-plugin ---
[INFO] Using 'UTF-8' encoding to read mojo source files.
[INFO] java-javadoc mojo extractor found 0 mojo descriptor.
[INFO] java-annotations mojo extractor found 4 mojo descriptors.
[INFO] 
[INFO] --- maven-resources-plugin:2.7:testResources (default-testResources) @ vertx-deploy-maven-plugin ---
[INFO] Using 'UTF-8' encoding to copy filtered resources.
[INFO] skip non existing resourceDirectory /home/gabsko/breaking-updates/vertx-deploy-maven-plugin/src/test/resources
[INFO] 
[INFO] --- maven-compiler-plugin:3.8.1:testCompile (default-testCompile) @ vertx-deploy-maven-plugin ---
[INFO] Changes detected - recompiling the module!
[INFO] Compiling 2 source files to /home/gabsko/breaking-updates/vertx-deploy-maven-plugin/target/test-classes
[INFO] 
[INFO] --- maven-surefire-plugin:2.12.4:test (default-test) @ vertx-deploy-maven-plugin ---
[INFO] Surefire report directory: /home/gabsko/breaking-updates/vertx-deploy-maven-plugin/target/surefire-reports

-------------------------------------------------------
 T E S T S
-------------------------------------------------------
Running nl.jpoint.maven.vertx.utils.AwsDeployUtilsTest
Tests run: 1, Failures: 0, Errors: 0, Skipped: 1, Time elapsed: 0.012 sec
Running nl.jpoint.maven.vertx.utils.AwsAutoScalingDeployUtilsTest
Tests run: 1, Failures: 0, Errors: 0, Skipped: 1, Time elapsed: 0 sec

Results :

Tests run: 2, Failures: 0, Errors: 0, Skipped: 2

[INFO] 
[INFO] -------< nl.jpoint.vertx-deploy-tools:vertx-deploy-test-config >--------
[INFO] Building Vert.x Deploy Tools : Test Config 3.8.6-SNAPSHOT          [4/7]
[INFO] --------------------------------[ jar ]---------------------------------
[INFO] 
[INFO] --- maven-clean-plugin:2.5:clean (default-clean) @ vertx-deploy-test-config ---
[INFO] Deleting /home/gabsko/breaking-updates/vertx-deploy-test-config/target
[INFO] 
[INFO] --- maven-resources-plugin:2.7:resources (default-resources) @ vertx-deploy-test-config ---
[INFO] Using 'UTF-8' encoding to copy filtered resources.
[INFO] Copying 2 resources
[INFO] 
[INFO] --- maven-compiler-plugin:3.8.1:compile (default-compile) @ vertx-deploy-test-config ---
[INFO] No sources to compile
[INFO] 
[INFO] --- maven-resources-plugin:2.7:testResources (default-testResources) @ vertx-deploy-test-config ---
[INFO] Using 'UTF-8' encoding to copy filtered resources.
[INFO] skip non existing resourceDirectory /home/gabsko/breaking-updates/vertx-deploy-test-config/src/test/resources
[INFO] 
[INFO] --- maven-compiler-plugin:3.8.1:testCompile (default-testCompile) @ vertx-deploy-test-config ---
[INFO] No sources to compile
[INFO] 
[INFO] --- maven-surefire-plugin:2.12.4:test (default-test) @ vertx-deploy-test-config ---
[INFO] No tests to run.
[INFO] 
[INFO] ------< nl.jpoint.vertx-deploy-tools:vertx-deploy-test-artifact >-------
[INFO] Building Vert.x Deploy Tools : Test Artifact 3.8.6-SNAPSHOT        [5/7]
[INFO] --------------------------------[ jar ]---------------------------------
[INFO] 
[INFO] --- maven-clean-plugin:2.5:clean (default-clean) @ vertx-deploy-test-artifact ---
[INFO] Deleting /home/gabsko/breaking-updates/vertx-deploy-test-artifact/target
[INFO] 
[INFO] --- maven-resources-plugin:2.7:resources (default-resources) @ vertx-deploy-test-artifact ---
[INFO] Using 'UTF-8' encoding to copy filtered resources.
[INFO] Copying 3 resources
[INFO] 
[INFO] --- maven-compiler-plugin:3.8.1:compile (default-compile) @ vertx-deploy-test-artifact ---
[INFO] No sources to compile
[INFO] 
[INFO] --- maven-resources-plugin:2.7:testResources (default-testResources) @ vertx-deploy-test-artifact ---
[INFO] Using 'UTF-8' encoding to copy filtered resources.
[INFO] skip non existing resourceDirectory /home/gabsko/breaking-updates/vertx-deploy-test-artifact/src/test/resources
[INFO] 
[INFO] --- maven-compiler-plugin:3.8.1:testCompile (default-testCompile) @ vertx-deploy-test-artifact ---
[INFO] No sources to compile
[INFO] 
[INFO] --- maven-surefire-plugin:2.12.4:test (default-test) @ vertx-deploy-test-artifact ---
[INFO] No tests to run.
[INFO] 
[INFO] -----< nl.jpoint.vertx-deploy-tools:vertx-deploy-test-application >-----
[INFO] Building Vert.x Deploy Tools : Test Application 3.8.6-SNAPSHOT     [6/7]
[INFO] --------------------------------[ jar ]---------------------------------
[INFO] 
[INFO] --- maven-clean-plugin:2.5:clean (default-clean) @ vertx-deploy-test-application ---
[INFO] Deleting /home/gabsko/breaking-updates/vertx-deploy-test-application/target
[INFO] 
[INFO] --- maven-resources-plugin:2.7:resources (default-resources) @ vertx-deploy-test-application ---
[INFO] Using 'UTF-8' encoding to copy filtered resources.
[INFO] Copying 1 resource
[INFO] 
[INFO] --- maven-compiler-plugin:3.8.1:compile (default-compile) @ vertx-deploy-test-application ---
[INFO] Changes detected - recompiling the module!
[INFO] Compiling 1 source file to /home/gabsko/breaking-updates/vertx-deploy-test-application/target/classes
[INFO] /home/gabsko/breaking-updates/vertx-deploy-test-application/src/main/java/nl/jpoint/vertx/mod/test/DeployTestApplication.java: /home/gabsko/breaking-updates/vertx-deploy-test-application/src/main/java/nl/jpoint/vertx/mod/test/DeployTestApplication.java uses or overrides a deprecated API.
[INFO] /home/gabsko/breaking-updates/vertx-deploy-test-application/src/main/java/nl/jpoint/vertx/mod/test/DeployTestApplication.java: Recompile with -Xlint:deprecation for details.
[INFO] 
[INFO] --- maven-resources-plugin:2.7:testResources (default-testResources) @ vertx-deploy-test-application ---
[INFO] Using 'UTF-8' encoding to copy filtered resources.
[INFO] skip non existing resourceDirectory /home/gabsko/breaking-updates/vertx-deploy-test-application/src/test/resources
[INFO] 
[INFO] --- maven-compiler-plugin:3.8.1:testCompile (default-testCompile) @ vertx-deploy-test-application ---
[INFO] Changes detected - recompiling the module!
[INFO] Compiling 1 source file to /home/gabsko/breaking-updates/vertx-deploy-test-application/target/test-classes
[INFO] 
[INFO] --- maven-surefire-plugin:2.12.4:test (default-test) @ vertx-deploy-test-application ---
[INFO] Surefire report directory: /home/gabsko/breaking-updates/vertx-deploy-test-application/target/surefire-reports

-------------------------------------------------------
 T E S T S
-------------------------------------------------------

Results :

Tests run: 0, Failures: 0, Errors: 0, Skipped: 0

[INFO] 
[INFO] -----------< nl.jpoint.vertx-deploy-tools:vertx-deploy-test >-----------
[INFO] Building Vert.x Deploy Tools : Test 3.8.6-SNAPSHOT                 [7/7]
[INFO] --------------------------------[ pom ]---------------------------------
[INFO] 
[INFO] --- maven-clean-plugin:2.5:clean (default-clean) @ vertx-deploy-test ---
[INFO] ------------------------------------------------------------------------
[INFO] Reactor Summary for Vert.x Deploy Tools 3.8.6-SNAPSHOT:
[INFO] 
[INFO] Vert.x Deploy Tools ................................ SUCCESS [  0.154 s]
[INFO] Vert.x Deploy Tools : Deploy Agent ................. SUCCESS [  3.904 s]
[INFO] Vert.x Deploy Tools : Maven plugin ................. SUCCESS [  2.470 s]
[INFO] Vert.x Deploy Tools : Test Config .................. SUCCESS [  0.016 s]
[INFO] Vert.x Deploy Tools : Test Artifact ................ SUCCESS [  0.010 s]
[INFO] Vert.x Deploy Tools : Test Application ............. SUCCESS [  0.279 s]
[INFO] Vert.x Deploy Tools : Test ......................... SUCCESS [  0.041 s]
[INFO] ------------------------------------------------------------------------
[INFO] BUILD SUCCESS
[INFO] ------------------------------------------------------------------------
[INFO] Total time:  6.977 s
[INFO] Finished at: 2023-01-07T02:10:26Z
[INFO] ------------------------------------------------------------------------
