[INFO] Scanning for projects...
[INFO] 
[INFO] -------------< org.apache.maven.plugins:maven-site-plugin >-------------
[INFO] Building Apache Maven Site Plugin 3.10.0-SNAPSHOT
[INFO] ----------------------------[ maven-plugin ]----------------------------
[INFO] 
[INFO] --- maven-clean-plugin:3.1.0:clean (default-clean) @ maven-site-plugin ---
[INFO] Deleting /home/gabsko/breaking-updates/target
[INFO] 
[INFO] --- maven-enforcer-plugin:1.4.1:enforce (enforce-maven-version) @ maven-site-plugin ---
[INFO] 
[INFO] --- maven-enforcer-plugin:1.4.1:enforce (enforce-bytecode-version) @ maven-site-plugin ---
[INFO] Adding ignore: module-info
[INFO] 
[INFO] --- maven-enforcer-plugin:1.4.1:enforce (ensure-no-container-api) @ maven-site-plugin ---
[INFO] 
[INFO] --- apache-rat-plugin:0.13:check (rat-check) @ maven-site-plugin ---
[INFO] Enabled default license matchers.
[INFO] Will parse SCM ignores for exclusions...
[INFO] Parsing exclusions from /home/gabsko/breaking-updates/.gitignore
[INFO] Finished adding exclusions from SCM ignore files.
[INFO] 73 implicit excludes (use -debug for more details).
[INFO] 5 explicit excludes (use -debug for more details).
[INFO] 603 resources included (use -debug for more details)
[INFO] Rat check: Summary over all files. Unapproved: 0, unknown: 0, generated: 0, approved: 597 licenses.
[INFO] 
[INFO] --- maven-plugin-plugin:3.5.2:helpmojo (generate-helpmojo) @ maven-site-plugin ---
[INFO] Using 'UTF-8' encoding to read mojo source files.
[INFO] java-javadoc mojo extractor found 0 mojo descriptor.
[INFO] java-annotations mojo extractor found 0 mojo descriptor.
[INFO] 
[INFO] --- maven-remote-resources-plugin:1.7.0:process (process-resource-bundles) @ maven-site-plugin ---
[INFO] Preparing remote bundle org.apache:apache-jar-resource-bundle:1.4
[INFO] Copying 3 resources from 1 bundle.
[INFO] 
[INFO] --- maven-resources-plugin:3.1.0:resources (default-resources) @ maven-site-plugin ---
[INFO] Using 'UTF-8' encoding to copy filtered resources.
[INFO] Copying 26 resources
[INFO] Copying 3 resources
[INFO] 
[INFO] --- maven-compiler-plugin:3.8.1:compile (default-compile) @ maven-site-plugin ---
[INFO] Changes detected - recompiling the module!
[INFO] Compiling 20 source files to /home/gabsko/breaking-updates/target/classes
[INFO] /home/gabsko/breaking-updates/src/main/java/org/apache/maven/plugins/site/deploy/AbstractDeployMojo.java: Some input files use or override a deprecated API.
[INFO] /home/gabsko/breaking-updates/src/main/java/org/apache/maven/plugins/site/deploy/AbstractDeployMojo.java: Recompile with -Xlint:deprecation for details.
[INFO] /home/gabsko/breaking-updates/src/main/java/org/apache/maven/plugins/site/run/DoxiaFilter.java: /home/gabsko/breaking-updates/src/main/java/org/apache/maven/plugins/site/run/DoxiaFilter.java uses unchecked or unsafe operations.
[INFO] /home/gabsko/breaking-updates/src/main/java/org/apache/maven/plugins/site/run/DoxiaFilter.java: Recompile with -Xlint:unchecked for details.
[INFO] 
[INFO] --- maven-plugin-plugin:3.5.2:descriptor (default-descriptor) @ maven-site-plugin ---
[INFO] Using 'UTF-8' encoding to read mojo source files.
[INFO] java-javadoc mojo extractor found 0 mojo descriptor.
[INFO] java-annotations mojo extractor found 9 mojo descriptors.
[INFO] 
[INFO] --- maven-resources-plugin:3.1.0:testResources (default-testResources) @ maven-site-plugin ---
[INFO] Using 'UTF-8' encoding to copy filtered resources.
[INFO] Copying 3 resources
[INFO] Copying 3 resources
[INFO] 
[INFO] --- maven-compiler-plugin:3.8.1:testCompile (default-testCompile) @ maven-site-plugin ---
[INFO] Changes detected - recompiling the module!
[INFO] Compiling 8 source files to /home/gabsko/breaking-updates/target/test-classes
[INFO] /home/gabsko/breaking-updates/src/test/java/org/apache/maven/plugins/site/deploy/SiteDeployMojoTest.java: Some input files use or override a deprecated API.
[INFO] /home/gabsko/breaking-updates/src/test/java/org/apache/maven/plugins/site/deploy/SiteDeployMojoTest.java: Recompile with -Xlint:deprecation for details.
[INFO] 
[INFO] --- maven-surefire-plugin:2.22.0:test (default-test) @ maven-site-plugin ---
[INFO] 
[INFO] -------------------------------------------------------
[INFO]  T E S T S
[INFO] -------------------------------------------------------
[INFO] Running org.apache.maven.plugins.site.run.WebXmlTest
[INFO] Tests run: 1, Failures: 0, Errors: 0, Skipped: 0, Time elapsed: 0.102 s - in org.apache.maven.plugins.site.run.WebXmlTest
[INFO] Running org.apache.maven.plugins.site.deploy.SiteDeployWebDavTest
448 [main] INFO org.eclipse.jetty.util.log - Logging initialized @877ms
465 [main] INFO org.eclipse.jetty.server.Server - jetty-9.2.29.v20191105
482 [main] INFO org.eclipse.jetty.server.ServerConnector - Started ServerConnector@3faf2e7d{HTTP/1.1}{0.0.0.0:43179}
483 [main] INFO org.eclipse.jetty.server.Server - Started @912ms
[INFO] Pushing src/test/resources/unit/deploy-dav/target/site
[INFO]    >>> to http://toto.com/site/./
822 [qtp1907604549-40] INFO org.apache.maven.plugins.site.deploy.SimpleDavServerHandler - writing file /home/gabsko/breaking-updates/target/siteTargetDeploy/site/index.html
842 [qtp1907604549-38] INFO org.apache.maven.plugins.site.deploy.SimpleDavServerHandler - writing file /home/gabsko/breaking-updates/target/siteTargetDeploy/site/css/maven-base.css
851 [main] INFO org.apache.maven.plugins.site.deploy.SiteDeployWebDavTest - MKCOL path /site/
Cache-Control : no-cache
User-Agent : Apache-HttpClient/4.5.8 (Java/11.0.17)
Host : toto.com
Pragma : no-cache
Accept-Encoding : gzip,deflate
Cache-store : no-store
Content-Length : 0
Proxy-Connection : Keep-Alive

851 [main] INFO org.apache.maven.plugins.site.deploy.SiteDeployWebDavTest - MKCOL path /
Cache-Control : no-cache
User-Agent : Apache-HttpClient/4.5.8 (Java/11.0.17)
Host : toto.com
Pragma : no-cache
Accept-Encoding : gzip,deflate
Cache-store : no-store
Content-Length : 0
Proxy-Connection : Keep-Alive

851 [main] INFO org.apache.maven.plugins.site.deploy.SiteDeployWebDavTest - MKCOL path /site/
Cache-Control : no-cache
User-Agent : Apache-HttpClient/4.5.8 (Java/11.0.17)
Host : toto.com
Pragma : no-cache
Accept-Encoding : gzip,deflate
Cache-store : no-store
Content-Length : 0
Proxy-Connection : Keep-Alive

851 [main] INFO org.apache.maven.plugins.site.deploy.SiteDeployWebDavTest - PUT path /site/index.html
Cache-Control : no-cache
Expect : 100-continue
User-Agent : Apache-HttpClient/4.5.8 (Java/11.0.17)
Host : toto.com
Pragma : no-cache
Accept-Encoding : gzip,deflate
Cache-store : no-store
Content-Length : 21107
Proxy-Connection : Keep-Alive

851 [main] INFO org.apache.maven.plugins.site.deploy.SiteDeployWebDavTest - MKCOL path /site/css/
Cache-Control : no-cache
User-Agent : Apache-HttpClient/4.5.8 (Java/11.0.17)
Host : toto.com
Pragma : no-cache
Accept-Encoding : gzip,deflate
Cache-store : no-store
Content-Length : 0
Proxy-Connection : Keep-Alive

851 [main] INFO org.apache.maven.plugins.site.deploy.SiteDeployWebDavTest - MKCOL path /site/
Cache-Control : no-cache
User-Agent : Apache-HttpClient/4.5.8 (Java/11.0.17)
Host : toto.com
Pragma : no-cache
Accept-Encoding : gzip,deflate
Cache-store : no-store
Content-Length : 0
Proxy-Connection : Keep-Alive

852 [main] INFO org.apache.maven.plugins.site.deploy.SiteDeployWebDavTest - MKCOL path /
Cache-Control : no-cache
User-Agent : Apache-HttpClient/4.5.8 (Java/11.0.17)
Host : toto.com
Pragma : no-cache
Accept-Encoding : gzip,deflate
Cache-store : no-store
Content-Length : 0
Proxy-Connection : Keep-Alive

852 [main] INFO org.apache.maven.plugins.site.deploy.SiteDeployWebDavTest - MKCOL path /site/
Cache-Control : no-cache
User-Agent : Apache-HttpClient/4.5.8 (Java/11.0.17)
Host : toto.com
Pragma : no-cache
Accept-Encoding : gzip,deflate
Cache-store : no-store
Content-Length : 0
Proxy-Connection : Keep-Alive

852 [main] INFO org.apache.maven.plugins.site.deploy.SiteDeployWebDavTest - PUT path /site/css/maven-base.css
Cache-Control : no-cache
Expect : 100-continue
User-Agent : Apache-HttpClient/4.5.8 (Java/11.0.17)
Host : toto.com
Pragma : no-cache
Accept-Encoding : gzip,deflate
Cache-store : no-store
Content-Length : 3121
Proxy-Connection : Keep-Alive

858 [main] INFO org.eclipse.jetty.server.ServerConnector - Stopped ServerConnector@3faf2e7d{HTTP/1.1}{0.0.0.0:0}
982 [main] INFO org.eclipse.jetty.server.Server - jetty-9.2.29.v20191105
985 [main] INFO org.eclipse.jetty.server.ServerConnector - Started ServerConnector@30331109{HTTP/1.1}{0.0.0.0:33785}
985 [main] INFO org.eclipse.jetty.server.Server - Started @1414ms
[INFO] Pushing src/test/resources/unit/deploy-dav/target/site
[INFO]    >>> to http://localhost:33785/site/./
1007 [qtp1956060889-53] INFO org.apache.maven.plugins.site.deploy.SimpleDavServerHandler - writing file /home/gabsko/breaking-updates/target/siteTargetDeploy/site/index.html
1015 [qtp1956060889-51] INFO org.apache.maven.plugins.site.deploy.SimpleDavServerHandler - writing file /home/gabsko/breaking-updates/target/siteTargetDeploy/site/css/maven-base.css
1022 [main] INFO org.eclipse.jetty.server.ServerConnector - Stopped ServerConnector@30331109{HTTP/1.1}{0.0.0.0:0}
1097 [main] INFO org.eclipse.jetty.server.Server - jetty-9.2.29.v20191105
1131 [main] INFO org.eclipse.jetty.server.handler.ContextHandler - Started o.e.j.s.ServletContextHandler@6eaa21d8{/,null,AVAILABLE}
1132 [main] INFO org.eclipse.jetty.server.ServerConnector - Started ServerConnector@328902d5{HTTP/1.1}{0.0.0.0:37717}
1132 [main] INFO org.eclipse.jetty.server.Server - Started @1561ms
[INFO] Pushing src/test/resources/unit/deploy-dav/target/site
[INFO]    >>> to http://toto.com/site/./
1159 [qtp2003961164-86] INFO org.apache.maven.plugins.site.deploy.AuthAsyncProxyServlet - handle 
1164 [qtp2003961164-88] INFO org.apache.maven.plugins.site.deploy.AuthAsyncProxyServlet - handle 
1167 [qtp2003961164-86] INFO org.apache.maven.plugins.site.deploy.AuthAsyncProxyServlet - handle 
1170 [qtp2003961164-88] INFO org.apache.maven.plugins.site.deploy.AuthAsyncProxyServlet - handle 
1170 [qtp2003961164-88] INFO org.apache.maven.plugins.site.deploy.AuthAsyncProxyServlet - writing file /home/gabsko/breaking-updates/target/siteTargetDeploy/site/index.html
1175 [qtp2003961164-86] INFO org.apache.maven.plugins.site.deploy.AuthAsyncProxyServlet - handle 
1178 [qtp2003961164-88] INFO org.apache.maven.plugins.site.deploy.AuthAsyncProxyServlet - handle 
1181 [qtp2003961164-86] INFO org.apache.maven.plugins.site.deploy.AuthAsyncProxyServlet - handle 
1183 [qtp2003961164-88] INFO org.apache.maven.plugins.site.deploy.AuthAsyncProxyServlet - handle 
1186 [qtp2003961164-86] INFO org.apache.maven.plugins.site.deploy.AuthAsyncProxyServlet - handle 
1186 [qtp2003961164-86] INFO org.apache.maven.plugins.site.deploy.AuthAsyncProxyServlet - writing file /home/gabsko/breaking-updates/target/siteTargetDeploy/site/css/maven-base.css
1188 [main] INFO org.apache.maven.plugins.site.deploy.SiteDeployWebDavTest - MKCOL path /site/
Cache-Control : no-cache
User-Agent : Apache-HttpClient/4.5.8 (Java/11.0.17)
Host : toto.com
Pragma : no-cache
Accept-Encoding : gzip,deflate
Cache-store : no-store
Content-Length : 0
Proxy-Connection : Keep-Alive
Proxy-Authorization : Basic Zm9vOnRpdGk=

1188 [main] INFO org.apache.maven.plugins.site.deploy.SiteDeployWebDavTest - MKCOL path /
Cache-Control : no-cache
User-Agent : Apache-HttpClient/4.5.8 (Java/11.0.17)
Host : toto.com
Pragma : no-cache
Accept-Encoding : gzip,deflate
Cache-store : no-store
Content-Length : 0
Proxy-Connection : Keep-Alive
Proxy-Authorization : Basic Zm9vOnRpdGk=

1188 [main] INFO org.apache.maven.plugins.site.deploy.SiteDeployWebDavTest - MKCOL path /site/
Cache-Control : no-cache
User-Agent : Apache-HttpClient/4.5.8 (Java/11.0.17)
Host : toto.com
Pragma : no-cache
Accept-Encoding : gzip,deflate
Cache-store : no-store
Content-Length : 0
Proxy-Connection : Keep-Alive
Proxy-Authorization : Basic Zm9vOnRpdGk=

1188 [main] INFO org.apache.maven.plugins.site.deploy.SiteDeployWebDavTest - PUT path /site/index.html
Cache-Control : no-cache
Expect : 100-continue
User-Agent : Apache-HttpClient/4.5.8 (Java/11.0.17)
Host : toto.com
Pragma : no-cache
Accept-Encoding : gzip,deflate
Cache-store : no-store
Content-Length : 21107
Proxy-Connection : Keep-Alive
Proxy-Authorization : Basic Zm9vOnRpdGk=

1188 [main] INFO org.apache.maven.plugins.site.deploy.SiteDeployWebDavTest - MKCOL path /site/css/
Cache-Control : no-cache
User-Agent : Apache-HttpClient/4.5.8 (Java/11.0.17)
Host : toto.com
Pragma : no-cache
Accept-Encoding : gzip,deflate
Cache-store : no-store
Content-Length : 0
Proxy-Connection : Keep-Alive
Proxy-Authorization : Basic Zm9vOnRpdGk=

1188 [main] INFO org.apache.maven.plugins.site.deploy.SiteDeployWebDavTest - MKCOL path /site/
Cache-Control : no-cache
User-Agent : Apache-HttpClient/4.5.8 (Java/11.0.17)
Host : toto.com
Pragma : no-cache
Accept-Encoding : gzip,deflate
Cache-store : no-store
Content-Length : 0
Proxy-Connection : Keep-Alive
Proxy-Authorization : Basic Zm9vOnRpdGk=

1189 [main] INFO org.apache.maven.plugins.site.deploy.SiteDeployWebDavTest - MKCOL path /
Cache-Control : no-cache
User-Agent : Apache-HttpClient/4.5.8 (Java/11.0.17)
Host : toto.com
Pragma : no-cache
Accept-Encoding : gzip,deflate
Cache-store : no-store
Content-Length : 0
Proxy-Connection : Keep-Alive
Proxy-Authorization : Basic Zm9vOnRpdGk=

1189 [main] INFO org.apache.maven.plugins.site.deploy.SiteDeployWebDavTest - MKCOL path /site/
Cache-Control : no-cache
User-Agent : Apache-HttpClient/4.5.8 (Java/11.0.17)
Host : toto.com
Pragma : no-cache
Accept-Encoding : gzip,deflate
Cache-store : no-store
Content-Length : 0
Proxy-Connection : Keep-Alive
Proxy-Authorization : Basic Zm9vOnRpdGk=

1189 [main] INFO org.apache.maven.plugins.site.deploy.SiteDeployWebDavTest - PUT path /site/css/maven-base.css
Cache-Control : no-cache
Expect : 100-continue
User-Agent : Apache-HttpClient/4.5.8 (Java/11.0.17)
Host : toto.com
Pragma : no-cache
Accept-Encoding : gzip,deflate
Cache-store : no-store
Content-Length : 3121
Proxy-Connection : Keep-Alive
Proxy-Authorization : Basic Zm9vOnRpdGk=

1194 [main] INFO org.eclipse.jetty.server.ServerConnector - Stopped ServerConnector@328902d5{HTTP/1.1}{0.0.0.0:0}
1199 [main] INFO org.eclipse.jetty.server.handler.ContextHandler - Stopped o.e.j.s.ServletContextHandler@6eaa21d8{/,null,UNAVAILABLE}
[INFO] Tests run: 3, Failures: 0, Errors: 0, Skipped: 0, Time elapsed: 1.193 s - in org.apache.maven.plugins.site.deploy.SiteDeployWebDavTest
[INFO] Running org.apache.maven.plugins.site.deploy.SiteDeployMojoTest
[INFO] Tests run: 1, Failures: 0, Errors: 0, Skipped: 0, Time elapsed: 0.033 s - in org.apache.maven.plugins.site.deploy.SiteDeployMojoTest
[INFO] 
[INFO] Results:
[INFO] 
[INFO] Tests run: 5, Failures: 0, Errors: 0, Skipped: 0
[INFO] 
[INFO] ------------------------------------------------------------------------
[INFO] BUILD SUCCESS
[INFO] ------------------------------------------------------------------------
[INFO] Total time:  7.435 s
[INFO] Finished at: 2023-01-06T19:58:03Z
[INFO] ------------------------------------------------------------------------
