[INFO] Scanning for projects...
[INFO] 
[INFO] ----------------------< com.artipie:pypi-adapter >----------------------
[INFO] Building pypi-adapter 1.0-SNAPSHOT
[INFO] --------------------------------[ jar ]---------------------------------
[INFO] 
[INFO] --- maven-clean-plugin:3.1.0:clean (default-clean) @ pypi-adapter ---
[INFO] Deleting /home/gabsko/breaking-updates/target
[INFO] 
[INFO] --- maven-enforcer-plugin:3.0.0-M3:enforce (enforce-maven) @ pypi-adapter ---
[INFO] 
[INFO] --- jacoco-maven-plugin:0.8.5:prepare-agent (jacoco-initialize) @ pypi-adapter ---
[INFO] argLine set to -javaagent:/home/gabsko/.m2/repository/org/jacoco/org.jacoco.agent/0.8.5/org.jacoco.agent-0.8.5-runtime.jar=destfile=/home/gabsko/breaking-updates/target/jacoco.exec,output=file
[INFO] 
[INFO] --- maven-resources-plugin:3.2.0:resources (default-resources) @ pypi-adapter ---
[INFO] Using 'UTF-8' encoding to copy filtered resources.
[INFO] Using 'UTF-8' encoding to copy filtered properties files.
[INFO] skip non existing resourceDirectory /home/gabsko/breaking-updates/src/main/resources
[INFO] 
[INFO] --- maven-compiler-plugin:3.8.1:compile (default-compile) @ pypi-adapter ---
[INFO] Compiling 14 source files to /home/gabsko/breaking-updates/target/classes
[INFO] 
[INFO] --- maven-resources-plugin:3.2.0:testResources (default-testResources) @ pypi-adapter ---
[INFO] Using 'UTF-8' encoding to copy filtered resources.
[INFO] Using 'UTF-8' encoding to copy filtered properties files.
[INFO] Copying 22 resources
[INFO] 
[INFO] --- maven-compiler-plugin:3.8.1:testCompile (default-testCompile) @ pypi-adapter ---
[INFO] Compiling 19 source files to /home/gabsko/breaking-updates/target/test-classes
[INFO] 
[INFO] --- maven-surefire-plugin:3.0.0-M5:test (default-test) @ pypi-adapter ---
[INFO] 
[INFO] -------------------------------------------------------
[INFO]  T E S T S
[INFO] -------------------------------------------------------
[INFO] Running com.artipie.pypi.http.ProxySliceTest
[INFO] Tests run: 9, Failures: 0, Errors: 0, Skipped: 0, Time elapsed: 0.426 s - in com.artipie.pypi.http.ProxySliceTest
[INFO] Running com.artipie.pypi.http.SearchSliceTest
[INFO] Tests run: 8, Failures: 0, Errors: 0, Skipped: 0, Time elapsed: 0.429 s - in com.artipie.pypi.http.SearchSliceTest
[INFO] Running com.artipie.pypi.http.SliceIndexTest
[INFO] Tests run: 9, Failures: 0, Errors: 0, Skipped: 0, Time elapsed: 0.064 s - in com.artipie.pypi.http.SliceIndexTest
[INFO] Running com.artipie.pypi.http.NameFromXmlTest
[INFO] Tests run: 2, Failures: 0, Errors: 0, Skipped: 0, Time elapsed: 0.02 s - in com.artipie.pypi.http.NameFromXmlTest
[INFO] Running com.artipie.pypi.http.WheelSliceTest
[[2;37mDEBUG[m] pool-3-thread-1 com.artipie.pypi.http.WheelSlice: WS: multipart request body parsed, part com.artipie.http.rq.multipart.MultiPart@154c22ea found
[[2;37mDEBUG[m] pool-3-thread-1 com.artipie.pypi.http.WheelSlice: WS: content saved to temp file `7cd1e7d2-2d7b-4ebe-8a67-cf8e0db4800e`
[[2;37mDEBUG[m] pool-4-thread-1 com.artipie.pypi.http.WheelSlice: WS: multipart request body parsed, part com.artipie.http.rq.multipart.MultiPart@116e4173 found
[[2;37mDEBUG[m] pool-4-thread-1 com.artipie.pypi.http.WheelSlice: WS: content saved to temp file `772dde34-b379-4522-a247-cf0dd78cf3a2`
[[2;37mDEBUG[m] pool-5-thread-1 com.artipie.pypi.http.WheelSlice: WS: multipart request body parsed, part com.artipie.http.rq.multipart.MultiPart@4f862913 found
[[2;37mDEBUG[m] pool-2-thread-2 com.artipie.pypi.http.WheelSlice: WS: content saved to temp file `bd1aee60-b51a-4bc6-abc8-e8e811d5072a`
[[2;37mDEBUG[m] pool-6-thread-1 com.artipie.pypi.http.WheelSlice: WS: multipart request body parsed, part com.artipie.http.rq.multipart.MultiPart@74a41d05 found
[[2;37mDEBUG[m] pool-2-thread-2 com.artipie.pypi.http.WheelSlice: WS: content saved to temp file `a402dcd3-a5d0-4a43-900d-fd721371b41a`
[INFO] Tests run: 4, Failures: 0, Errors: 0, Skipped: 0, Time elapsed: 0.229 s - in com.artipie.pypi.http.WheelSliceTest
[INFO] Running com.artipie.pypi.http.RedirectSliceTest
[INFO] Tests run: 4, Failures: 0, Errors: 0, Skipped: 0, Time elapsed: 0.01 s - in com.artipie.pypi.http.RedirectSliceTest
[INFO] Running com.artipie.pypi.http.PySliceTest
[INFO] Tests run: 11, Failures: 0, Errors: 0, Skipped: 0, Time elapsed: 0.048 s - in com.artipie.pypi.http.PySliceTest
[INFO] Running com.artipie.pypi.NormalizedProjectNameSimpleTest
[INFO] Tests run: 5, Failures: 0, Errors: 0, Skipped: 0, Time elapsed: 0.021 s - in com.artipie.pypi.NormalizedProjectNameSimpleTest
[INFO] Running com.artipie.pypi.meta.PackageInfoFromMetadataTest
[INFO] Tests run: 6, Failures: 0, Errors: 0, Skipped: 0, Time elapsed: 0.015 s - in com.artipie.pypi.meta.PackageInfoFromMetadataTest
[INFO] Running com.artipie.pypi.meta.MetadataFromArchiveTest
[INFO] Tests run: 8, Failures: 0, Errors: 0, Skipped: 0, Time elapsed: 0.016 s - in com.artipie.pypi.meta.MetadataFromArchiveTest
[INFO] Running com.artipie.pypi.meta.ValidFilenameTest
[INFO] Tests run: 5, Failures: 0, Errors: 0, Skipped: 0, Time elapsed: 0.008 s - in com.artipie.pypi.meta.ValidFilenameTest
[INFO] 
[INFO] Results:
[INFO] 
[INFO] Tests run: 71, Failures: 0, Errors: 0, Skipped: 0
[INFO] 
[INFO] 
[INFO] --- jacoco-maven-plugin:0.8.5:check (jacoco-check) @ pypi-adapter ---
[INFO] Loading execution data file /home/gabsko/breaking-updates/target/jacoco.exec
[INFO] Analyzed bundle 'pypi-adapter' with 12 classes
[INFO] All coverage checks have been met.
[INFO] ------------------------------------------------------------------------
[INFO] BUILD SUCCESS
[INFO] ------------------------------------------------------------------------
[INFO] Total time:  5.132 s
[INFO] Finished at: 2023-01-06T20:07:51Z
[INFO] ------------------------------------------------------------------------
