[INFO] Scanning for projects...
[WARNING] 
[WARNING] Some problems were encountered while building the effective model for com.google.oauth-client:google-oauth-client-bom:pom:1.31.5-SNAPSHOT
[WARNING] 'build.plugins.plugin.version' for org.apache.maven.plugins:maven-site-plugin is missing. @ line 114, column 15
[WARNING] 'build.plugins.plugin.version' for org.apache.maven.plugins:maven-javadoc-plugin is missing. @ line 108, column 15
[WARNING] 
[WARNING] It is highly recommended to fix these problems because they threaten the stability of your build.
[WARNING] 
[WARNING] For this reason, future Maven versions might no longer support building such malformed projects.
[WARNING] 
[INFO] Inspecting build with total of 10 modules...
[INFO] Installing Nexus Staging features:
[INFO]   ... total of 10 executions of maven-deploy-plugin replaced with nexus-staging-maven-plugin
[INFO] ------------------------------------------------------------------------
[INFO] Reactor Build Order:
[INFO] 
[INFO] Parent for the Google OAuth Client Library for Java                [pom]
[INFO] Google OAuth Client Library for Java                               [jar]
[INFO] Servlet and JDO extensions to the Google OAuth Client Library for Java. [jar]
[INFO] Google App Engine extensions to the Google OAuth Client Library for Java. [jar]
[INFO] Google OAuth Client Library for Java BOM                           [pom]
[INFO] Java 6 (and higher) extensions to the Google OAuth Client Library for Java. [jar]
[INFO] OAuth 2.0 verification code receiver for Google OAuth Client Library for Java. [jar]
[INFO] Example for the DailyMotion API using OAuth2.                      [jar]
[INFO] Example for obtaining OAuth2 tokens with PKCE verification using the Authorization Code Flow against Keycloak. [jar]
[INFO] Assembly for the Google OAuth Client Library for Java              [pom]
[INFO] 
[INFO] ---------< com.google.oauth-client:google-oauth-client-parent >---------
[INFO] Building Parent for the Google OAuth Client Library for Java 1.31.5-SNAPSHOT [1/10]
[INFO] --------------------------------[ pom ]---------------------------------
[INFO] 
[INFO] --- maven-clean-plugin:2.5:clean (default-clean) @ google-oauth-client-parent ---
[INFO] 
[INFO] --- maven-enforcer-plugin:3.0.0-M3:enforce (enforce-maven) @ google-oauth-client-parent ---
[INFO] 
[INFO] --- animal-sniffer-maven-plugin:1.16:check (default) @ google-oauth-client-parent ---
[INFO] Checking unresolved references to org.codehaus.mojo.signature:java17:1.0
[INFO] 
[INFO] ------------< com.google.oauth-client:google-oauth-client >-------------
[INFO] Building Google OAuth Client Library for Java 1.31.5-SNAPSHOT     [2/10]
[INFO] --------------------------------[ jar ]---------------------------------
[INFO] 
[INFO] --- maven-clean-plugin:2.5:clean (default-clean) @ google-oauth-client ---
[INFO] Deleting /home/gabsko/breaking-updates/google-oauth-client/target
[INFO] 
[INFO] --- maven-enforcer-plugin:3.0.0-M3:enforce (enforce-maven) @ google-oauth-client ---
[INFO] 
[INFO] --- maven-resources-plugin:2.6:resources (default-resources) @ google-oauth-client ---
[INFO] Using 'UTF-8' encoding to copy filtered resources.
[INFO] skip non existing resourceDirectory /home/gabsko/breaking-updates/google-oauth-client/src/main/resources
[INFO] 
[INFO] --- maven-compiler-plugin:2.5.1:compile (default-compile) @ google-oauth-client ---
[INFO] Compiling 37 source files to /home/gabsko/breaking-updates/google-oauth-client/target/classes
[INFO] 
[INFO] --- animal-sniffer-maven-plugin:1.16:check (default) @ google-oauth-client ---
[INFO] Checking unresolved references to org.codehaus.mojo.signature:java17:1.0
[INFO] 
[INFO] >>> maven-bundle-plugin:2.5.4:manifest (bundle-manifest) > process-classes @ google-oauth-client >>>
[INFO] 
[INFO] --- maven-enforcer-plugin:3.0.0-M3:enforce (enforce-maven) @ google-oauth-client ---
[INFO] 
[INFO] --- maven-resources-plugin:2.6:resources (default-resources) @ google-oauth-client ---
[INFO] Using 'UTF-8' encoding to copy filtered resources.
[INFO] skip non existing resourceDirectory /home/gabsko/breaking-updates/google-oauth-client/src/main/resources
[INFO] 
[INFO] --- maven-compiler-plugin:2.5.1:compile (default-compile) @ google-oauth-client ---
[INFO] Compiling 1 source file to /home/gabsko/breaking-updates/google-oauth-client/target/classes
[INFO] 
[INFO] --- animal-sniffer-maven-plugin:1.16:check (default) @ google-oauth-client ---
[INFO] Checking unresolved references to org.codehaus.mojo.signature:java17:1.0
[INFO] 
[INFO] <<< maven-bundle-plugin:2.5.4:manifest (bundle-manifest) < process-classes @ google-oauth-client <<<
[INFO] 
[INFO] 
[INFO] --- maven-bundle-plugin:2.5.4:manifest (bundle-manifest) @ google-oauth-client ---
[INFO] 
[INFO] --- maven-resources-plugin:2.6:testResources (default-testResources) @ google-oauth-client ---
[INFO] Using 'UTF-8' encoding to copy filtered resources.
[INFO] Copying 2 resources
[INFO] 
[INFO] --- maven-compiler-plugin:2.5.1:testCompile (default-testCompile) @ google-oauth-client ---
[INFO] Compiling 22 source files to /home/gabsko/breaking-updates/google-oauth-client/target/test-classes
[INFO] 
[INFO] --- maven-surefire-plugin:3.0.0-M5:test (default-test) @ google-oauth-client ---
[INFO] 
[INFO] -------------------------------------------------------
[INFO]  T E S T S
[INFO] -------------------------------------------------------
[INFO] Running com.google.api.client.auth.oauth.OAuthRsaSignerTest
[INFO] Tests run: 1, Failures: 0, Errors: 0, Skipped: 0, Time elapsed: 0.145 s - in com.google.api.client.auth.oauth.OAuthRsaSignerTest
[INFO] Running com.google.api.client.auth.oauth.OAuthHmacSignerTest
[INFO] Tests run: 1, Failures: 0, Errors: 0, Skipped: 0, Time elapsed: 0.002 s - in com.google.api.client.auth.oauth.OAuthHmacSignerTest
[INFO] Running com.google.api.client.auth.oauth.OAuthParametersTest
[INFO] Tests run: 5, Failures: 0, Errors: 0, Skipped: 0, Time elapsed: 0.071 s - in com.google.api.client.auth.oauth.OAuthParametersTest
[INFO] Running com.google.api.client.auth.oauth2.ClientCredentialsTokenRequestTest
[INFO] Tests run: 2, Failures: 0, Errors: 0, Skipped: 0, Time elapsed: 0 s - in com.google.api.client.auth.oauth2.ClientCredentialsTokenRequestTest
[INFO] Running com.google.api.client.auth.oauth2.RefreshTokenRequestTest
[INFO] Tests run: 2, Failures: 0, Errors: 0, Skipped: 0, Time elapsed: 0 s - in com.google.api.client.auth.oauth2.RefreshTokenRequestTest
[INFO] Running com.google.api.client.auth.oauth2.BrowserClientRequestUrlTest
[INFO] Tests run: 1, Failures: 0, Errors: 0, Skipped: 0, Time elapsed: 0 s - in com.google.api.client.auth.oauth2.BrowserClientRequestUrlTest
[INFO] Running com.google.api.client.auth.oauth2.TokenErrorResponseTest
[INFO] Tests run: 1, Failures: 0, Errors: 0, Skipped: 0, Time elapsed: 0 s - in com.google.api.client.auth.oauth2.TokenErrorResponseTest
[INFO] Running com.google.api.client.auth.oauth2.TokenRequestTest
[INFO] Tests run: 1, Failures: 0, Errors: 0, Skipped: 0, Time elapsed: 0.001 s - in com.google.api.client.auth.oauth2.TokenRequestTest
[INFO] Running com.google.api.client.auth.oauth2.AuthorizationCodeFlowTest
[INFO] Tests run: 4, Failures: 0, Errors: 0, Skipped: 0, Time elapsed: 0.031 s - in com.google.api.client.auth.oauth2.AuthorizationCodeFlowTest
[INFO] Running com.google.api.client.auth.oauth2.ClientParametersAuthenticationTest
[INFO] Tests run: 2, Failures: 0, Errors: 0, Skipped: 0, Time elapsed: 0 s - in com.google.api.client.auth.oauth2.ClientParametersAuthenticationTest
[INFO] Running com.google.api.client.auth.oauth2.TokenResponseTest
[INFO] Tests run: 1, Failures: 0, Errors: 0, Skipped: 0, Time elapsed: 0 s - in com.google.api.client.auth.oauth2.TokenResponseTest
[INFO] Running com.google.api.client.auth.oauth2.PasswordTokenRequestTest
[INFO] Tests run: 2, Failures: 0, Errors: 0, Skipped: 0, Time elapsed: 0.001 s - in com.google.api.client.auth.oauth2.PasswordTokenRequestTest
[INFO] Running com.google.api.client.auth.oauth2.AuthorizationCodeTokenRequestTest
[INFO] Tests run: 2, Failures: 0, Errors: 0, Skipped: 0, Time elapsed: 0 s - in com.google.api.client.auth.oauth2.AuthorizationCodeTokenRequestTest
[INFO] Running com.google.api.client.auth.oauth2.AuthorizationCodeResponseUrlTest
[INFO] Tests run: 1, Failures: 0, Errors: 0, Skipped: 0, Time elapsed: 0 s - in com.google.api.client.auth.oauth2.AuthorizationCodeResponseUrlTest
[INFO] Running com.google.api.client.auth.oauth2.AuthorizationCodeRequestUrlTest
[INFO] Tests run: 1, Failures: 0, Errors: 0, Skipped: 0, Time elapsed: 0.001 s - in com.google.api.client.auth.oauth2.AuthorizationCodeRequestUrlTest
[INFO] Running com.google.api.client.auth.oauth2.CustomTokenRequestTest
[INFO] Tests run: 2, Failures: 0, Errors: 0, Skipped: 0, Time elapsed: 0.001 s - in com.google.api.client.auth.oauth2.CustomTokenRequestTest
[INFO] Running com.google.api.client.auth.oauth2.AuthorizationRequestUrlTest
[INFO] Tests run: 1, Failures: 0, Errors: 0, Skipped: 0, Time elapsed: 0.001 s - in com.google.api.client.auth.oauth2.AuthorizationRequestUrlTest
[INFO] Running com.google.api.client.auth.oauth2.CustomTokenResponseTest
[INFO] Tests run: 1, Failures: 0, Errors: 0, Skipped: 0, Time elapsed: 0.002 s - in com.google.api.client.auth.oauth2.CustomTokenResponseTest
[INFO] Running com.google.api.client.auth.oauth2.CredentialTest
[INFO] Tests run: 15, Failures: 0, Errors: 0, Skipped: 0, Time elapsed: 0.02 s - in com.google.api.client.auth.oauth2.CredentialTest
[INFO] Running com.google.api.client.auth.openidconnect.IdTokenTest
[INFO] Tests run: 7, Failures: 0, Errors: 0, Skipped: 0, Time elapsed: 0.001 s - in com.google.api.client.auth.openidconnect.IdTokenTest
[INFO] Running com.google.api.client.auth.openidconnect.IdTokenVerifierTest
[INFO] Tests run: 5, Failures: 0, Errors: 0, Skipped: 0, Time elapsed: 0.002 s - in com.google.api.client.auth.openidconnect.IdTokenVerifierTest
[INFO] 
[INFO] Results:
[INFO] 
[INFO] Tests run: 58, Failures: 0, Errors: 0, Skipped: 0
[INFO] 
[INFO] 
[INFO] --------< com.google.oauth-client:google-oauth-client-servlet >---------
[INFO] Building Servlet and JDO extensions to the Google OAuth Client Library for Java. 1.31.5-SNAPSHOT [3/10]
[INFO] --------------------------------[ jar ]---------------------------------
[INFO] 
[INFO] --- maven-clean-plugin:2.5:clean (default-clean) @ google-oauth-client-servlet ---
[INFO] Deleting /home/gabsko/breaking-updates/google-oauth-client-servlet/target
[INFO] 
[INFO] --- maven-enforcer-plugin:3.0.0-M3:enforce (enforce-maven) @ google-oauth-client-servlet ---
[INFO] 
[INFO] --- maven-resources-plugin:2.6:resources (default-resources) @ google-oauth-client-servlet ---
[INFO] Using 'UTF-8' encoding to copy filtered resources.
[INFO] skip non existing resourceDirectory /home/gabsko/breaking-updates/google-oauth-client-servlet/src/main/resources
[INFO] 
[INFO] --- maven-compiler-plugin:2.5.1:compile (default-compile) @ google-oauth-client-servlet ---
[INFO] Compiling 12 source files to /home/gabsko/breaking-updates/google-oauth-client-servlet/target/classes
[INFO] 
[INFO] --- animal-sniffer-maven-plugin:1.16:check (default) @ google-oauth-client-servlet ---
[INFO] Checking unresolved references to org.codehaus.mojo.signature:java17:1.0
[INFO] 
[INFO] --- datanucleus-maven-plugin:4.0.5:enhance (default) @ google-oauth-client-servlet ---
[INFO] DataNucleus Enhancer (version 3.2.2) for API "JDO" using JRE "11.0"
DataNucleus Enhancer : Classpath
>>  /home/gabsko/.m2/repository/org/datanucleus/datanucleus-maven-plugin/4.0.5/datanucleus-maven-plugin-4.0.5.jar
>>  /home/gabsko/.m2/repository/org/datanucleus/datanucleus-core/3.2.2/datanucleus-core-3.2.2.jar
>>  /home/gabsko/.m2/repository/org/datanucleus/datanucleus-api-jdo/3.2.1/datanucleus-api-jdo-3.2.1.jar
>>  /home/gabsko/.m2/repository/javax/jdo/jdo2-api/2.3-eb/jdo2-api-2.3-eb.jar
>>  /home/gabsko/.m2/repository/javax/transaction/transaction-api/1.1/transaction-api-1.1.jar
>>  /home/gabsko/.m2/repository/org/codehaus/plexus/plexus-utils/3.0.8/plexus-utils-3.0.8.jar
>>  /home/gabsko/.m2/repository/org/apache/maven/maven-artifact/3.0.4/maven-artifact-3.0.4.jar
>>  /home/gabsko/.m2/repository/org/apache/maven/maven-plugin-api/3.0.4/maven-plugin-api-3.0.4.jar
>>  /home/gabsko/.m2/repository/org/apache/maven/maven-model/3.0.4/maven-model-3.0.4.jar
>>  /home/gabsko/.m2/repository/org/sonatype/sisu/sisu-inject-plexus/2.3.0/sisu-inject-plexus-2.3.0.jar
>>  /home/gabsko/.m2/repository/org/codehaus/plexus/plexus-component-annotations/1.5.5/plexus-component-annotations-1.5.5.jar
>>  /home/gabsko/.m2/repository/org/sonatype/sisu/sisu-inject-bean/2.3.0/sisu-inject-bean-2.3.0.jar
>>  /home/gabsko/.m2/repository/org/sonatype/sisu/sisu-guice/3.1.0/sisu-guice-3.1.0-no_aop.jar
>>  /home/gabsko/.m2/repository/org/sonatype/sisu/sisu-guava/0.9.9/sisu-guava-0.9.9.jar
>>  /home/gabsko/.m2/repository/org/codehaus/plexus/plexus-container-default/1.5.5/plexus-container-default-1.5.5.jar
>>  /home/gabsko/.m2/repository/org/codehaus/plexus/plexus-classworlds/2.2.2/plexus-classworlds-2.2.2.jar
>>  /home/gabsko/.m2/repository/org/apache/xbean/xbean-reflect/3.4/xbean-reflect-3.4.jar
>>  /home/gabsko/.m2/repository/log4j/log4j/1.2.12/log4j-1.2.12.jar
>>  /home/gabsko/.m2/repository/commons-logging/commons-logging-api/1.1/commons-logging-api-1.1.jar
>>  /home/gabsko/.m2/repository/com/google/collections/google-collections/1.0/google-collections-1.0.jar
>>  /home/gabsko/.m2/repository/junit/junit/3.8.2/junit-3.8.2.jar
>>  /home/gabsko/breaking-updates/google-oauth-client-servlet/target/classes
>>  /home/gabsko/breaking-updates/google-oauth-client/target/classes
>>  /home/gabsko/.m2/repository/com/google/guava/guava/30.1-android/guava-30.1-android.jar
>>  /home/gabsko/.m2/repository/com/google/guava/failureaccess/1.0.1/failureaccess-1.0.1.jar
>>  /home/gabsko/.m2/repository/com/google/guava/listenablefuture/9999.0-empty-to-avoid-conflict-with-guava/listenablefuture-9999.0-empty-to-avoid-conflict-with-guava.jar
>>  /home/gabsko/.m2/repository/org/checkerframework/checker-compat-qual/2.5.5/checker-compat-qual-2.5.5.jar
>>  /home/gabsko/.m2/repository/com/google/errorprone/error_prone_annotations/2.3.4/error_prone_annotations-2.3.4.jar
>>  /home/gabsko/.m2/repository/com/google/http-client/google-http-client/1.38.1/google-http-client-1.38.1.jar
>>  /home/gabsko/.m2/repository/org/apache/httpcomponents/httpclient/4.5.13/httpclient-4.5.13.jar
>>  /home/gabsko/.m2/repository/commons-logging/commons-logging/1.2/commons-logging-1.2.jar
>>  /home/gabsko/.m2/repository/commons-codec/commons-codec/1.15/commons-codec-1.15.jar
>>  /home/gabsko/.m2/repository/org/apache/httpcomponents/httpcore/4.4.14/httpcore-4.4.14.jar
>>  /home/gabsko/.m2/repository/com/google/code/findbugs/jsr305/3.0.2/jsr305-3.0.2.jar
>>  /home/gabsko/.m2/repository/com/google/j2objc/j2objc-annotations/1.3/j2objc-annotations-1.3.jar
>>  /home/gabsko/.m2/repository/io/opencensus/opencensus-api/0.24.0/opencensus-api-0.24.0.jar
>>  /home/gabsko/.m2/repository/io/grpc/grpc-context/1.22.1/grpc-context-1.22.1.jar
>>  /home/gabsko/.m2/repository/io/opencensus/opencensus-contrib-http-util/0.24.0/opencensus-contrib-http-util-0.24.0.jar
>>  /home/gabsko/.m2/repository/javax/servlet/servlet-api/2.5/servlet-api-2.5.jar
ENHANCED (PersistenceCapable) : com.google.api.client.extensions.auth.helpers.oauth.OAuthHmacThreeLeggedFlow
ENHANCED (PersistenceCapable) : com.google.api.client.extensions.auth.helpers.oauth.OAuthHmacCredential
DataNucleus Enhancer completed with success for 2 classes. Timings : input=79 ms, enhance=61 ms, total=140 ms. Consult the log for full details

[ERROR] --------------------
[ERROR]  Standard error from the DataNucleus tool + org.datanucleus.enhancer.DataNucleusEnhancer :
[ERROR] --------------------
[ERROR] log4j:WARN No appenders could be found for logger (DataNucleus.General).
log4j:WARN Please initialize the log4j system properly.

[ERROR] --------------------
[INFO] 
[INFO] >>> maven-bundle-plugin:2.5.4:manifest (bundle-manifest) > process-classes @ google-oauth-client-servlet >>>
[INFO] 
[INFO] --- maven-enforcer-plugin:3.0.0-M3:enforce (enforce-maven) @ google-oauth-client-servlet ---
[INFO] 
[INFO] --- maven-resources-plugin:2.6:resources (default-resources) @ google-oauth-client-servlet ---
[INFO] Using 'UTF-8' encoding to copy filtered resources.
[INFO] skip non existing resourceDirectory /home/gabsko/breaking-updates/google-oauth-client-servlet/src/main/resources
[INFO] 
[INFO] --- maven-compiler-plugin:2.5.1:compile (default-compile) @ google-oauth-client-servlet ---
[INFO] Compiling 1 source file to /home/gabsko/breaking-updates/google-oauth-client-servlet/target/classes
[INFO] 
[INFO] --- animal-sniffer-maven-plugin:1.16:check (default) @ google-oauth-client-servlet ---
[INFO] Checking unresolved references to org.codehaus.mojo.signature:java17:1.0
[INFO] 
[INFO] --- datanucleus-maven-plugin:4.0.5:enhance (default) @ google-oauth-client-servlet ---
[INFO] DataNucleus Enhancer (version 3.2.2) for API "JDO" using JRE "11.0"
DataNucleus Enhancer : Classpath
>>  /home/gabsko/.m2/repository/org/datanucleus/datanucleus-maven-plugin/4.0.5/datanucleus-maven-plugin-4.0.5.jar
>>  /home/gabsko/.m2/repository/org/datanucleus/datanucleus-core/3.2.2/datanucleus-core-3.2.2.jar
>>  /home/gabsko/.m2/repository/org/datanucleus/datanucleus-api-jdo/3.2.1/datanucleus-api-jdo-3.2.1.jar
>>  /home/gabsko/.m2/repository/javax/jdo/jdo2-api/2.3-eb/jdo2-api-2.3-eb.jar
>>  /home/gabsko/.m2/repository/javax/transaction/transaction-api/1.1/transaction-api-1.1.jar
>>  /home/gabsko/.m2/repository/org/codehaus/plexus/plexus-utils/3.0.8/plexus-utils-3.0.8.jar
>>  /home/gabsko/.m2/repository/org/apache/maven/maven-artifact/3.0.4/maven-artifact-3.0.4.jar
>>  /home/gabsko/.m2/repository/org/apache/maven/maven-plugin-api/3.0.4/maven-plugin-api-3.0.4.jar
>>  /home/gabsko/.m2/repository/org/apache/maven/maven-model/3.0.4/maven-model-3.0.4.jar
>>  /home/gabsko/.m2/repository/org/sonatype/sisu/sisu-inject-plexus/2.3.0/sisu-inject-plexus-2.3.0.jar
>>  /home/gabsko/.m2/repository/org/codehaus/plexus/plexus-component-annotations/1.5.5/plexus-component-annotations-1.5.5.jar
>>  /home/gabsko/.m2/repository/org/sonatype/sisu/sisu-inject-bean/2.3.0/sisu-inject-bean-2.3.0.jar
>>  /home/gabsko/.m2/repository/org/sonatype/sisu/sisu-guice/3.1.0/sisu-guice-3.1.0-no_aop.jar
>>  /home/gabsko/.m2/repository/org/sonatype/sisu/sisu-guava/0.9.9/sisu-guava-0.9.9.jar
>>  /home/gabsko/.m2/repository/org/codehaus/plexus/plexus-container-default/1.5.5/plexus-container-default-1.5.5.jar
>>  /home/gabsko/.m2/repository/org/codehaus/plexus/plexus-classworlds/2.2.2/plexus-classworlds-2.2.2.jar
>>  /home/gabsko/.m2/repository/org/apache/xbean/xbean-reflect/3.4/xbean-reflect-3.4.jar
>>  /home/gabsko/.m2/repository/log4j/log4j/1.2.12/log4j-1.2.12.jar
>>  /home/gabsko/.m2/repository/commons-logging/commons-logging-api/1.1/commons-logging-api-1.1.jar
>>  /home/gabsko/.m2/repository/com/google/collections/google-collections/1.0/google-collections-1.0.jar
>>  /home/gabsko/.m2/repository/junit/junit/3.8.2/junit-3.8.2.jar
>>  /home/gabsko/breaking-updates/google-oauth-client-servlet/target/classes
>>  /home/gabsko/breaking-updates/google-oauth-client/target/classes
>>  /home/gabsko/.m2/repository/com/google/guava/guava/30.1-android/guava-30.1-android.jar
>>  /home/gabsko/.m2/repository/com/google/guava/failureaccess/1.0.1/failureaccess-1.0.1.jar
>>  /home/gabsko/.m2/repository/com/google/guava/listenablefuture/9999.0-empty-to-avoid-conflict-with-guava/listenablefuture-9999.0-empty-to-avoid-conflict-with-guava.jar
>>  /home/gabsko/.m2/repository/org/checkerframework/checker-compat-qual/2.5.5/checker-compat-qual-2.5.5.jar
>>  /home/gabsko/.m2/repository/com/google/errorprone/error_prone_annotations/2.3.4/error_prone_annotations-2.3.4.jar
>>  /home/gabsko/.m2/repository/com/google/http-client/google-http-client/1.38.1/google-http-client-1.38.1.jar
>>  /home/gabsko/.m2/repository/org/apache/httpcomponents/httpclient/4.5.13/httpclient-4.5.13.jar
>>  /home/gabsko/.m2/repository/commons-logging/commons-logging/1.2/commons-logging-1.2.jar
>>  /home/gabsko/.m2/repository/commons-codec/commons-codec/1.15/commons-codec-1.15.jar
>>  /home/gabsko/.m2/repository/org/apache/httpcomponents/httpcore/4.4.14/httpcore-4.4.14.jar
>>  /home/gabsko/.m2/repository/com/google/code/findbugs/jsr305/3.0.2/jsr305-3.0.2.jar
>>  /home/gabsko/.m2/repository/com/google/j2objc/j2objc-annotations/1.3/j2objc-annotations-1.3.jar
>>  /home/gabsko/.m2/repository/io/opencensus/opencensus-api/0.24.0/opencensus-api-0.24.0.jar
>>  /home/gabsko/.m2/repository/io/grpc/grpc-context/1.22.1/grpc-context-1.22.1.jar
>>  /home/gabsko/.m2/repository/io/opencensus/opencensus-contrib-http-util/0.24.0/opencensus-contrib-http-util-0.24.0.jar
>>  /home/gabsko/.m2/repository/javax/servlet/servlet-api/2.5/servlet-api-2.5.jar
ENHANCED (PersistenceCapable) : com.google.api.client.extensions.auth.helpers.oauth.OAuthHmacThreeLeggedFlow
ENHANCED (PersistenceCapable) : com.google.api.client.extensions.auth.helpers.oauth.OAuthHmacCredential
DataNucleus Enhancer completed with success for 2 classes. Timings : input=65 ms, enhance=16 ms, total=81 ms. Consult the log for full details

[ERROR] --------------------
[ERROR]  Standard error from the DataNucleus tool + org.datanucleus.enhancer.DataNucleusEnhancer :
[ERROR] --------------------
[ERROR] log4j:WARN No appenders could be found for logger (DataNucleus.General).
log4j:WARN Please initialize the log4j system properly.

[ERROR] --------------------
[INFO] 
[INFO] <<< maven-bundle-plugin:2.5.4:manifest (bundle-manifest) < process-classes @ google-oauth-client-servlet <<<
[INFO] 
[INFO] 
[INFO] --- maven-bundle-plugin:2.5.4:manifest (bundle-manifest) @ google-oauth-client-servlet ---
[INFO] 
[INFO] --- maven-resources-plugin:2.6:testResources (default-testResources) @ google-oauth-client-servlet ---
[INFO] Using 'UTF-8' encoding to copy filtered resources.
[INFO] skip non existing resourceDirectory /home/gabsko/breaking-updates/google-oauth-client-servlet/src/test/resources
[INFO] 
[INFO] --- maven-compiler-plugin:2.5.1:testCompile (default-testCompile) @ google-oauth-client-servlet ---
[INFO] No sources to compile
[INFO] 
[INFO] --- maven-surefire-plugin:3.0.0-M5:test (default-test) @ google-oauth-client-servlet ---
[INFO] No tests to run.
[INFO] 
[INFO] -------< com.google.oauth-client:google-oauth-client-appengine >--------
[INFO] Building Google App Engine extensions to the Google OAuth Client Library for Java. 1.31.5-SNAPSHOT [4/10]
[INFO] --------------------------------[ jar ]---------------------------------
[INFO] 
[INFO] --- maven-clean-plugin:2.5:clean (default-clean) @ google-oauth-client-appengine ---
[INFO] Deleting /home/gabsko/breaking-updates/google-oauth-client-appengine/target
[INFO] 
[INFO] --- maven-enforcer-plugin:3.0.0-M3:enforce (enforce-maven) @ google-oauth-client-appengine ---
[INFO] 
[INFO] --- maven-resources-plugin:2.6:resources (default-resources) @ google-oauth-client-appengine ---
[INFO] Using 'UTF-8' encoding to copy filtered resources.
[INFO] skip non existing resourceDirectory /home/gabsko/breaking-updates/google-oauth-client-appengine/src/main/resources
[INFO] 
[INFO] --- maven-compiler-plugin:2.5.1:compile (default-compile) @ google-oauth-client-appengine ---
[INFO] Compiling 8 source files to /home/gabsko/breaking-updates/google-oauth-client-appengine/target/classes
[INFO] 
[INFO] --- animal-sniffer-maven-plugin:1.16:check (default) @ google-oauth-client-appengine ---
[INFO] Checking unresolved references to org.codehaus.mojo.signature:java17:1.0
[INFO] 
[INFO] >>> maven-bundle-plugin:2.5.4:manifest (bundle-manifest) > process-classes @ google-oauth-client-appengine >>>
[INFO] 
[INFO] --- maven-enforcer-plugin:3.0.0-M3:enforce (enforce-maven) @ google-oauth-client-appengine ---
[INFO] 
[INFO] --- maven-resources-plugin:2.6:resources (default-resources) @ google-oauth-client-appengine ---
[INFO] Using 'UTF-8' encoding to copy filtered resources.
[INFO] skip non existing resourceDirectory /home/gabsko/breaking-updates/google-oauth-client-appengine/src/main/resources
[INFO] 
[INFO] --- maven-compiler-plugin:2.5.1:compile (default-compile) @ google-oauth-client-appengine ---
[INFO] Compiling 1 source file to /home/gabsko/breaking-updates/google-oauth-client-appengine/target/classes
[INFO] 
[INFO] --- animal-sniffer-maven-plugin:1.16:check (default) @ google-oauth-client-appengine ---
[INFO] Checking unresolved references to org.codehaus.mojo.signature:java17:1.0
[INFO] 
[INFO] <<< maven-bundle-plugin:2.5.4:manifest (bundle-manifest) < process-classes @ google-oauth-client-appengine <<<
[INFO] 
[INFO] 
[INFO] --- maven-bundle-plugin:2.5.4:manifest (bundle-manifest) @ google-oauth-client-appengine ---
[INFO] 
[INFO] --- maven-resources-plugin:2.6:testResources (default-testResources) @ google-oauth-client-appengine ---
[INFO] Using 'UTF-8' encoding to copy filtered resources.
[INFO] skip non existing resourceDirectory /home/gabsko/breaking-updates/google-oauth-client-appengine/src/test/resources
[INFO] 
[INFO] --- maven-compiler-plugin:2.5.1:testCompile (default-testCompile) @ google-oauth-client-appengine ---
[INFO] Compiling 1 source file to /home/gabsko/breaking-updates/google-oauth-client-appengine/target/test-classes
[INFO] 
[INFO] --- maven-surefire-plugin:3.0.0-M5:test (default-test) @ google-oauth-client-appengine ---
[INFO] 
[INFO] -------------------------------------------------------
[INFO]  T E S T S
[INFO] -------------------------------------------------------
[INFO] Running com.google.api.client.extensions.appengine.auth.oauth2.AppEngineCredentialStoreTest
Jan 07, 2023 12:33:49 AM com.google.appengine.api.datastore.dev.LocalDatastoreService init
INFO: Local Datastore initialized: 
	Type: High Replication
	Storage: In-memory
[INFO] Tests run: 1, Failures: 0, Errors: 0, Skipped: 0, Time elapsed: 0.55 s - in com.google.api.client.extensions.appengine.auth.oauth2.AppEngineCredentialStoreTest
[INFO] 
[INFO] Results:
[INFO] 
[INFO] Tests run: 1, Failures: 0, Errors: 0, Skipped: 0
[INFO] 
[INFO] 
[INFO] ----------< com.google.oauth-client:google-oauth-client-bom >-----------
[INFO] Building Google OAuth Client Library for Java BOM 1.31.5-SNAPSHOT [5/10]
[INFO] --------------------------------[ pom ]---------------------------------
[INFO] 
[INFO] --- maven-clean-plugin:2.5:clean (default-clean) @ google-oauth-client-bom ---
[INFO] 
[INFO] ---------< com.google.oauth-client:google-oauth-client-java6 >----------
[INFO] Building Java 6 (and higher) extensions to the Google OAuth Client Library for Java. 1.31.5-SNAPSHOT [6/10]
[INFO] --------------------------------[ jar ]---------------------------------
[INFO] 
[INFO] --- maven-clean-plugin:2.5:clean (default-clean) @ google-oauth-client-java6 ---
[INFO] Deleting /home/gabsko/breaking-updates/google-oauth-client-java6/target
[INFO] 
[INFO] --- maven-enforcer-plugin:3.0.0-M3:enforce (enforce-maven) @ google-oauth-client-java6 ---
[INFO] 
[INFO] --- maven-resources-plugin:2.6:resources (default-resources) @ google-oauth-client-java6 ---
[INFO] Using 'UTF-8' encoding to copy filtered resources.
[INFO] skip non existing resourceDirectory /home/gabsko/breaking-updates/google-oauth-client-java6/src/main/resources
[INFO] 
[INFO] --- maven-compiler-plugin:2.5.1:compile (default-compile) @ google-oauth-client-java6 ---
[INFO] Compiling 7 source files to /home/gabsko/breaking-updates/google-oauth-client-java6/target/classes
[INFO] 
[INFO] --- animal-sniffer-maven-plugin:1.16:check (default) @ google-oauth-client-java6 ---
[INFO] Checking unresolved references to org.codehaus.mojo.signature:java17:1.0
[INFO] 
[INFO] >>> maven-bundle-plugin:2.5.4:manifest (bundle-manifest) > process-classes @ google-oauth-client-java6 >>>
[INFO] 
[INFO] --- maven-enforcer-plugin:3.0.0-M3:enforce (enforce-maven) @ google-oauth-client-java6 ---
[INFO] 
[INFO] --- maven-resources-plugin:2.6:resources (default-resources) @ google-oauth-client-java6 ---
[INFO] Using 'UTF-8' encoding to copy filtered resources.
[INFO] skip non existing resourceDirectory /home/gabsko/breaking-updates/google-oauth-client-java6/src/main/resources
[INFO] 
[INFO] --- maven-compiler-plugin:2.5.1:compile (default-compile) @ google-oauth-client-java6 ---
[INFO] Compiling 1 source file to /home/gabsko/breaking-updates/google-oauth-client-java6/target/classes
[INFO] 
[INFO] --- animal-sniffer-maven-plugin:1.16:check (default) @ google-oauth-client-java6 ---
[INFO] Checking unresolved references to org.codehaus.mojo.signature:java17:1.0
[INFO] 
[INFO] <<< maven-bundle-plugin:2.5.4:manifest (bundle-manifest) < process-classes @ google-oauth-client-java6 <<<
[INFO] 
[INFO] 
[INFO] --- maven-bundle-plugin:2.5.4:manifest (bundle-manifest) @ google-oauth-client-java6 ---
[INFO] 
[INFO] --- maven-resources-plugin:2.6:testResources (default-testResources) @ google-oauth-client-java6 ---
[INFO] Using 'UTF-8' encoding to copy filtered resources.
[INFO] skip non existing resourceDirectory /home/gabsko/breaking-updates/google-oauth-client-java6/src/test/resources
[INFO] 
[INFO] --- maven-compiler-plugin:2.5.1:testCompile (default-testCompile) @ google-oauth-client-java6 ---
[INFO] Compiling 1 source file to /home/gabsko/breaking-updates/google-oauth-client-java6/target/test-classes
[INFO] 
[INFO] --- maven-surefire-plugin:3.0.0-M5:test (default-test) @ google-oauth-client-java6 ---
[INFO] 
[INFO] -------------------------------------------------------
[INFO]  T E S T S
[INFO] -------------------------------------------------------
[INFO] Running com.google.api.client.extensions.java6.auth.oauth2.FileCredentialStoreTest
[INFO] Tests run: 7, Failures: 0, Errors: 0, Skipped: 0, Time elapsed: 0.109 s - in com.google.api.client.extensions.java6.auth.oauth2.FileCredentialStoreTest
[INFO] 
[INFO] Results:
[INFO] 
[INFO] Tests run: 7, Failures: 0, Errors: 0, Skipped: 0
[INFO] 
[INFO] 
[INFO] ---------< com.google.oauth-client:google-oauth-client-jetty >----------
[INFO] Building OAuth 2.0 verification code receiver for Google OAuth Client Library for Java. 1.31.5-SNAPSHOT [7/10]
[INFO] --------------------------------[ jar ]---------------------------------
[INFO] 
[INFO] --- maven-clean-plugin:2.5:clean (default-clean) @ google-oauth-client-jetty ---
[INFO] Deleting /home/gabsko/breaking-updates/google-oauth-client-jetty/target
[INFO] 
[INFO] --- maven-enforcer-plugin:3.0.0-M3:enforce (enforce-maven) @ google-oauth-client-jetty ---
[INFO] 
[INFO] --- maven-resources-plugin:2.6:resources (default-resources) @ google-oauth-client-jetty ---
[INFO] Using 'UTF-8' encoding to copy filtered resources.
[INFO] skip non existing resourceDirectory /home/gabsko/breaking-updates/google-oauth-client-jetty/src/main/resources
[INFO] 
[INFO] --- maven-compiler-plugin:2.5.1:compile (default-compile) @ google-oauth-client-jetty ---
[INFO] Compiling 2 source files to /home/gabsko/breaking-updates/google-oauth-client-jetty/target/classes
[INFO] 
[INFO] --- animal-sniffer-maven-plugin:1.16:check (default) @ google-oauth-client-jetty ---
[INFO] Checking unresolved references to org.codehaus.mojo.signature:java17:1.0
[INFO] 
[INFO] >>> maven-bundle-plugin:2.5.4:manifest (bundle-manifest) > process-classes @ google-oauth-client-jetty >>>
[INFO] 
[INFO] --- maven-enforcer-plugin:3.0.0-M3:enforce (enforce-maven) @ google-oauth-client-jetty ---
[INFO] 
[INFO] --- maven-resources-plugin:2.6:resources (default-resources) @ google-oauth-client-jetty ---
[INFO] Using 'UTF-8' encoding to copy filtered resources.
[INFO] skip non existing resourceDirectory /home/gabsko/breaking-updates/google-oauth-client-jetty/src/main/resources
[INFO] 
[INFO] --- maven-compiler-plugin:2.5.1:compile (default-compile) @ google-oauth-client-jetty ---
[INFO] Compiling 1 source file to /home/gabsko/breaking-updates/google-oauth-client-jetty/target/classes
[INFO] 
[INFO] --- animal-sniffer-maven-plugin:1.16:check (default) @ google-oauth-client-jetty ---
[INFO] Checking unresolved references to org.codehaus.mojo.signature:java17:1.0
[INFO] 
[INFO] <<< maven-bundle-plugin:2.5.4:manifest (bundle-manifest) < process-classes @ google-oauth-client-jetty <<<
[INFO] 
[INFO] 
[INFO] --- maven-bundle-plugin:2.5.4:manifest (bundle-manifest) @ google-oauth-client-jetty ---
[INFO] 
[INFO] --- maven-resources-plugin:2.6:testResources (default-testResources) @ google-oauth-client-jetty ---
[INFO] Using 'UTF-8' encoding to copy filtered resources.
[INFO] skip non existing resourceDirectory /home/gabsko/breaking-updates/google-oauth-client-jetty/src/test/resources
[INFO] 
[INFO] --- maven-compiler-plugin:2.5.1:testCompile (default-testCompile) @ google-oauth-client-jetty ---
[INFO] Compiling 1 source file to /home/gabsko/breaking-updates/google-oauth-client-jetty/target/test-classes
[INFO] 
[INFO] --- maven-surefire-plugin:3.0.0-M5:test (default-test) @ google-oauth-client-jetty ---
[INFO] 
[INFO] -------------------------------------------------------
[INFO]  T E S T S
[INFO] -------------------------------------------------------
[INFO] Running com.google.api.client.extensions.jetty.auth.oauth2.LocalServerReceiverTest
[INFO] Tests run: 16, Failures: 0, Errors: 0, Skipped: 0, Time elapsed: 0.92 s - in com.google.api.client.extensions.jetty.auth.oauth2.LocalServerReceiverTest
[INFO] 
[INFO] Results:
[INFO] 
[INFO] Tests run: 16, Failures: 0, Errors: 0, Skipped: 0
[INFO] 
[INFO] 
[INFO] -----< com.google.oauth-client:dailymotion-simple-cmdline-sample >------
[INFO] Building Example for the DailyMotion API using OAuth2. 1.31.5-SNAPSHOT [8/10]
[INFO] --------------------------------[ jar ]---------------------------------
[INFO] 
[INFO] --- maven-clean-plugin:2.5:clean (default-clean) @ dailymotion-simple-cmdline-sample ---
[INFO] Deleting /home/gabsko/breaking-updates/samples/dailymotion-cmdline-sample/target
[INFO] 
[INFO] --- maven-enforcer-plugin:3.0.0-M3:enforce (enforce-maven) @ dailymotion-simple-cmdline-sample ---
[INFO] 
[INFO] --- maven-resources-plugin:2.6:resources (default-resources) @ dailymotion-simple-cmdline-sample ---
[INFO] Using 'UTF-8' encoding to copy filtered resources.
[INFO] skip non existing resourceDirectory /home/gabsko/breaking-updates/samples/dailymotion-cmdline-sample/src/main/resources
[INFO] 
[INFO] --- maven-compiler-plugin:2.5.1:compile (default-compile) @ dailymotion-simple-cmdline-sample ---
[INFO] Compiling 5 source files to /home/gabsko/breaking-updates/samples/dailymotion-cmdline-sample/target/classes
[INFO] 
[INFO] --- animal-sniffer-maven-plugin:1.16:check (default) @ dailymotion-simple-cmdline-sample ---
[INFO] Checking unresolved references to org.codehaus.mojo.signature:java17:1.0
[INFO] 
[INFO] --- maven-resources-plugin:2.6:testResources (default-testResources) @ dailymotion-simple-cmdline-sample ---
[INFO] Using 'UTF-8' encoding to copy filtered resources.
[INFO] skip non existing resourceDirectory /home/gabsko/breaking-updates/samples/dailymotion-cmdline-sample/src/test/resources
[INFO] 
[INFO] --- maven-compiler-plugin:2.5.1:testCompile (default-testCompile) @ dailymotion-simple-cmdline-sample ---
[INFO] No sources to compile
[INFO] 
[INFO] --- maven-surefire-plugin:3.0.0-M5:test (default-test) @ dailymotion-simple-cmdline-sample ---
[INFO] No tests to run.
[INFO] 
[INFO] --------< com.google.oauth-client:keycloak-pkce-cmdline-sample >--------
[INFO] Building Example for obtaining OAuth2 tokens with PKCE verification using the Authorization Code Flow against Keycloak. 1.31.5-SNAPSHOT [9/10]
[INFO] --------------------------------[ jar ]---------------------------------
[INFO] 
[INFO] --- maven-clean-plugin:2.5:clean (default-clean) @ keycloak-pkce-cmdline-sample ---
[INFO] Deleting /home/gabsko/breaking-updates/samples/keycloak-pkce-cmdline-sample/target
[INFO] 
[INFO] --- maven-enforcer-plugin:3.0.0-M3:enforce (enforce-maven) @ keycloak-pkce-cmdline-sample ---
[INFO] 
[INFO] --- maven-resources-plugin:2.6:resources (default-resources) @ keycloak-pkce-cmdline-sample ---
[INFO] Using 'UTF-8' encoding to copy filtered resources.
[INFO] skip non existing resourceDirectory /home/gabsko/breaking-updates/samples/keycloak-pkce-cmdline-sample/src/main/resources
[INFO] 
[INFO] --- maven-compiler-plugin:2.5.1:compile (default-compile) @ keycloak-pkce-cmdline-sample ---
[INFO] Compiling 1 source file to /home/gabsko/breaking-updates/samples/keycloak-pkce-cmdline-sample/target/classes
[INFO] 
[INFO] --- animal-sniffer-maven-plugin:1.16:check (default) @ keycloak-pkce-cmdline-sample ---
[INFO] Checking unresolved references to org.codehaus.mojo.signature:java17:1.0
[INFO] 
[INFO] --- maven-resources-plugin:2.6:testResources (default-testResources) @ keycloak-pkce-cmdline-sample ---
[INFO] Using 'UTF-8' encoding to copy filtered resources.
[INFO] skip non existing resourceDirectory /home/gabsko/breaking-updates/samples/keycloak-pkce-cmdline-sample/src/test/resources
[INFO] 
[INFO] --- maven-compiler-plugin:2.5.1:testCompile (default-testCompile) @ keycloak-pkce-cmdline-sample ---
[INFO] No sources to compile
[INFO] 
[INFO] --- maven-surefire-plugin:3.0.0-M5:test (default-test) @ keycloak-pkce-cmdline-sample ---
[INFO] No tests to run.
[INFO] 
[INFO] --------< com.google.oauth-client:google-oauth-client-assembly >--------
[INFO] Building Assembly for the Google OAuth Client Library for Java 1.31.5-SNAPSHOT [10/10]
[INFO] --------------------------------[ pom ]---------------------------------
[INFO] 
[INFO] --- maven-clean-plugin:2.5:clean (default-clean) @ google-oauth-client-assembly ---
[INFO] 
[INFO] --- maven-enforcer-plugin:3.0.0-M3:enforce (enforce-maven) @ google-oauth-client-assembly ---
[INFO] 
[INFO] --- animal-sniffer-maven-plugin:1.16:check (default) @ google-oauth-client-assembly ---
[INFO] Checking unresolved references to org.codehaus.mojo.signature:java17:1.0
[INFO] ------------------------------------------------------------------------
[INFO] Reactor Summary for Parent for the Google OAuth Client Library for Java 1.31.5-SNAPSHOT:
[INFO] 
[INFO] Parent for the Google OAuth Client Library for Java  SUCCESS [  0.518 s]
[INFO] Google OAuth Client Library for Java ............... SUCCESS [  3.099 s]
[INFO] Servlet and JDO extensions to the Google OAuth Client Library for Java. SUCCESS [  1.643 s]
[INFO] Google App Engine extensions to the Google OAuth Client Library for Java. SUCCESS [  2.199 s]
[INFO] Google OAuth Client Library for Java BOM ........... SUCCESS [  0.044 s]
[INFO] Java 6 (and higher) extensions to the Google OAuth Client Library for Java. SUCCESS [  0.766 s]
[INFO] OAuth 2.0 verification code receiver for Google OAuth Client Library for Java. SUCCESS [  1.551 s]
[INFO] Example for the DailyMotion API using OAuth2. ...... SUCCESS [  0.275 s]
[INFO] Example for obtaining OAuth2 tokens with PKCE verification using the Authorization Code Flow against Keycloak. SUCCESS [  0.249 s]
[INFO] Assembly for the Google OAuth Client Library for Java SUCCESS [  0.216 s]
[INFO] ------------------------------------------------------------------------
[INFO] BUILD SUCCESS
[INFO] ------------------------------------------------------------------------
[INFO] Total time:  10.996 s
[INFO] Finished at: 2023-01-07T00:33:53Z
[INFO] ------------------------------------------------------------------------
