[INFO] Scanning for projects...
[WARNING] 
[WARNING] Some problems were encountered while building the effective model for io.smallrye:smallrye-open-api-maven-plugin:maven-plugin:2.1.23-SNAPSHOT
[WARNING] 'build.plugins.plugin.version' for org.apache.maven.plugins:maven-failsafe-plugin is missing. @ line 115, column 21
[WARNING] 
[WARNING] It is highly recommended to fix these problems because they threaten the stability of your build.
[WARNING] 
[WARNING] For this reason, future Maven versions might no longer support building such malformed projects.
[WARNING] 
[INFO] ------------------------------------------------------------------------
[INFO] Reactor Build Order:
[INFO] 
[INFO] SmallRye: OpenAPI Parent                                           [pom]
[INFO] SmallRye: OpenAPI Core                                             [jar]
[INFO] SmallRye: OpenAPI extension - JAX-RS                               [jar]
[INFO] SmallRye: OpenAPI extension - Spring                               [jar]
[INFO] SmallRye: OpenAPI extension - Vert.x                               [jar]
[INFO] SmallRye: OpenAPI Implementation                                   [pom]
[INFO] SmallRye: MicroProfile OpenAPI Test Suite                          [pom]
[INFO] SmallRye: MicroProfile OpenAPI TCK                                 [jar]
[INFO] SmallRye: OpenAPI Extra Test Cases                                 [jar]
[INFO] SmallRye: OpenAPI UI parent                                        [pom]
[INFO] SmallRye: OpenAPI UI                                               [jar]
[INFO] SmallRye: OpenAPI UI as Forms                                      [jar]
[INFO] SmallRye: OpenAPI Tools                                            [pom]
[INFO] SmallRye: OpenAPI Tools :: Maven                          [maven-plugin]
[INFO] Empty Release Project to Avoid Maven Bug                           [pom]
[INFO] 
[INFO] ----------------< io.smallrye:smallrye-open-api-parent >----------------
[INFO] Building SmallRye: OpenAPI Parent 2.1.23-SNAPSHOT                 [1/15]
[INFO] --------------------------------[ pom ]---------------------------------
[INFO] 
[INFO] --- maven-clean-plugin:2.5:clean (default-clean) @ smallrye-open-api-parent ---
[INFO] Deleting /home/gabsko/breaking-updates/target
[INFO] 
[INFO] --- formatter-maven-plugin:2.16.0:format (default) @ smallrye-open-api-parent ---
[INFO] Using 'UTF-8' encoding to format source files.
[INFO] Number of files to be formatted: 0
[INFO] 
[INFO] --- impsort-maven-plugin:1.6.2:sort (sort-imports) @ smallrye-open-api-parent ---
[INFO] Processed 0 files in 00:00.001 (Already Sorted: 0, Needed Sorting: 0)
[INFO] 
[INFO] --- maven-compiler-plugin:3.10.0:compile (default-compile) @ smallrye-open-api-parent ---
[INFO] No sources to compile
[INFO] 
[INFO] -----------------< io.smallrye:smallrye-open-api-core >-----------------
[INFO] Building SmallRye: OpenAPI Core 2.1.23-SNAPSHOT                   [2/15]
[INFO] --------------------------------[ jar ]---------------------------------
[INFO] 
[INFO] --- maven-clean-plugin:2.5:clean (default-clean) @ smallrye-open-api-core ---
[INFO] Deleting /home/gabsko/breaking-updates/core/target
[INFO] 
[INFO] --- formatter-maven-plugin:2.16.0:format (default) @ smallrye-open-api-core ---
[INFO] Using 'UTF-8' encoding to format source files.
[INFO] Number of files to be formatted: 239
[INFO] Successfully formatted:          0 file(s)
[INFO] Fail to format:                  0 file(s)
[INFO] Skipped:                         239 file(s)
[INFO] Read only skipped:               0 file(s)
[INFO] Approximate time taken:          1s
[INFO] 
[INFO] --- impsort-maven-plugin:1.6.2:sort (sort-imports) @ smallrye-open-api-core ---
[INFO] Processed 239 files in 00:01.608 (Already Sorted: 239, Needed Sorting: 0)
[INFO] 
[INFO] --- maven-resources-plugin:3.2.0:resources (default-resources) @ smallrye-open-api-core ---
[INFO] Using 'UTF-8' encoding to copy filtered resources.
[INFO] Using 'UTF-8' encoding to copy filtered properties files.
[INFO] Copying 1 resource
[INFO] 
[INFO] --- maven-compiler-plugin:3.10.0:compile (default-compile) @ smallrye-open-api-core ---
[INFO] Changes detected - recompiling the module!
[INFO] Compiling 185 source files to /home/gabsko/breaking-updates/core/target/classes
[INFO] 
[INFO] --- maven-resources-plugin:3.2.0:testResources (default-testResources) @ smallrye-open-api-core ---
[INFO] Using 'UTF-8' encoding to copy filtered resources.
[INFO] Using 'UTF-8' encoding to copy filtered properties files.
[INFO] Copying 114 resources
[INFO] 
[INFO] --- maven-compiler-plugin:3.10.0:testCompile (default-testCompile) @ smallrye-open-api-core ---
[INFO] Changes detected - recompiling the module!
[INFO] Compiling 54 source files to /home/gabsko/breaking-updates/core/target/test-classes
[INFO] 
[INFO] --- maven-surefire-plugin:2.22.2:test (default-test) @ smallrye-open-api-core ---
[INFO] 
[INFO] -------------------------------------------------------
[INFO]  T E S T S
[INFO] -------------------------------------------------------
[INFO] Running io.smallrye.openapi.spi.OASFactoryResolverImplTest
[INFO] Tests run: 3, Failures: 0, Errors: 0, Skipped: 0, Time elapsed: 0.034 s - in io.smallrye.openapi.spi.OASFactoryResolverImplTest
[INFO] Running io.smallrye.openapi.api.util.FilterUtilTest
[INFO] Tests run: 1, Failures: 0, Errors: 0, Skipped: 0, Time elapsed: 0.219 s - in io.smallrye.openapi.api.util.FilterUtilTest
[INFO] Running io.smallrye.openapi.api.util.MergeUtilTest
[INFO] Tests run: 10, Failures: 0, Errors: 0, Skipped: 0, Time elapsed: 0.081 s - in io.smallrye.openapi.api.util.MergeUtilTest
[INFO] Running io.smallrye.openapi.api.OpenApiConfigImplTest
[INFO] Tests run: 3, Failures: 0, Errors: 0, Skipped: 0, Time elapsed: 0.002 s - in io.smallrye.openapi.api.OpenApiConfigImplTest
[INFO] Running io.smallrye.openapi.runtime.io.schema.SchemaFactoryTest
[INFO] Tests run: 1, Failures: 0, Errors: 0, Skipped: 0, Time elapsed: 0.074 s - in io.smallrye.openapi.runtime.io.schema.SchemaFactoryTest
[INFO] Running io.smallrye.openapi.runtime.io.OpenApiParserAndSerializerTest
[INFO] Tests run: 48, Failures: 0, Errors: 0, Skipped: 0, Time elapsed: 0.111 s - in io.smallrye.openapi.runtime.io.OpenApiParserAndSerializerTest
[INFO] Running io.smallrye.openapi.runtime.scanner.ComponentOrderTest
[INFO] Tests run: 2, Failures: 0, Errors: 0, Skipped: 0, Time elapsed: 0.031 s - in io.smallrye.openapi.runtime.scanner.ComponentOrderTest
[INFO] Running io.smallrye.openapi.runtime.scanner.PropertyNamingStrategyTest
[INFO] Tests run: 12, Failures: 0, Errors: 0, Skipped: 0, Time elapsed: 0.085 s - in io.smallrye.openapi.runtime.scanner.PropertyNamingStrategyTest
[INFO] Running io.smallrye.openapi.runtime.scanner.spi.AbstractAnnotationScannerTest
[INFO] Tests run: 4, Failures: 0, Errors: 0, Skipped: 0, Time elapsed: 0.001 s - in io.smallrye.openapi.runtime.scanner.spi.AbstractAnnotationScannerTest
[INFO] Running io.smallrye.openapi.runtime.scanner.SchemaPropertyTest
[INFO] Tests run: 1, Failures: 0, Errors: 0, Skipped: 0, Time elapsed: 0.016 s - in io.smallrye.openapi.runtime.scanner.SchemaPropertyTest
[INFO] Running io.smallrye.openapi.runtime.scanner.FilteredIndexViewTest
[INFO] Tests run: 17, Failures: 0, Errors: 0, Skipped: 0, Time elapsed: 0.006 s - in io.smallrye.openapi.runtime.scanner.FilteredIndexViewTest
[INFO] Running io.smallrye.openapi.runtime.scanner.StandaloneSchemaScanTest
[INFO] Tests run: 13, Failures: 0, Errors: 0, Skipped: 0, Time elapsed: 0.056 s - in io.smallrye.openapi.runtime.scanner.StandaloneSchemaScanTest
[INFO] Running io.smallrye.openapi.runtime.scanner.SchemaPropertyNegativeTest
[INFO] Tests run: 19, Failures: 0, Errors: 0, Skipped: 0, Time elapsed: 0.074 s - in io.smallrye.openapi.runtime.scanner.SchemaPropertyNegativeTest
[INFO] Running io.smallrye.openapi.runtime.scanner.dataobject.BeanValidationScannerTest
[INFO] Tests run: 62, Failures: 0, Errors: 0, Skipped: 0, Time elapsed: 0.128 s - in io.smallrye.openapi.runtime.scanner.dataobject.BeanValidationScannerTest
[INFO] Running io.smallrye.openapi.runtime.scanner.dataobject.TypeResolverTests
[INFO] Tests run: 35, Failures: 0, Errors: 0, Skipped: 0, Time elapsed: 0.038 s - in io.smallrye.openapi.runtime.scanner.dataobject.TypeResolverTests
[INFO] 
[INFO] Results:
[INFO] 
[INFO] Tests run: 231, Failures: 0, Errors: 0, Skipped: 0
[INFO] 
[INFO] 
[INFO] ----------------< io.smallrye:smallrye-open-api-jaxrs >-----------------
[INFO] Building SmallRye: OpenAPI extension - JAX-RS 2.1.23-SNAPSHOT     [3/15]
[INFO] --------------------------------[ jar ]---------------------------------
[INFO] 
[INFO] --- maven-clean-plugin:2.5:clean (default-clean) @ smallrye-open-api-jaxrs ---
[INFO] Deleting /home/gabsko/breaking-updates/extension-jaxrs/target
[INFO] 
[INFO] --- formatter-maven-plugin:2.16.0:format (default) @ smallrye-open-api-jaxrs ---
[INFO] Using 'UTF-8' encoding to format source files.
[INFO] Number of files to be formatted: 376
[INFO] Successfully formatted:          0 file(s)
[INFO] Fail to format:                  0 file(s)
[INFO] Skipped:                         376 file(s)
[INFO] Read only skipped:               0 file(s)
[INFO] Approximate time taken:          0s
[INFO] 
[INFO] --- impsort-maven-plugin:1.6.2:sort (sort-imports) @ smallrye-open-api-jaxrs ---
[INFO] Processed 376 files in 00:00.482 (Already Sorted: 376, Needed Sorting: 0)
[INFO] 
[INFO] --- maven-resources-plugin:3.2.0:resources (default-resources) @ smallrye-open-api-jaxrs ---
[INFO] Using 'UTF-8' encoding to copy filtered resources.
[INFO] Using 'UTF-8' encoding to copy filtered properties files.
[INFO] Copying 1 resource
[INFO] 
[INFO] --- maven-compiler-plugin:3.10.0:compile (default-compile) @ smallrye-open-api-jaxrs ---
[INFO] Changes detected - recompiling the module!
[INFO] Compiling 7 source files to /home/gabsko/breaking-updates/extension-jaxrs/target/classes
[INFO] 
[INFO] --- maven-resources-plugin:3.2.0:testResources (default-testResources) @ smallrye-open-api-jaxrs ---
[INFO] Using 'UTF-8' encoding to copy filtered resources.
[INFO] Using 'UTF-8' encoding to copy filtered properties files.
[INFO] Copying 175 resources
[INFO] 
[INFO] --- maven-compiler-plugin:3.10.0:testCompile (default-testCompile) @ smallrye-open-api-jaxrs ---
[INFO] Changes detected - recompiling the module!
[INFO] Compiling 369 source files to /home/gabsko/breaking-updates/extension-jaxrs/target/test-classes
[INFO] 
[INFO] --- maven-surefire-plugin:3.0.0-M6:test (default-test) @ smallrye-open-api-jaxrs ---
[INFO] Using auto detected provider org.apache.maven.surefire.junitplatform.JUnitPlatformProvider
[INFO] 
[INFO] -------------------------------------------------------
[INFO]  T E S T S
[INFO] -------------------------------------------------------
[INFO] Running io.smallrye.openapi.runtime.util.JandexUtilTests
[INFO] Tests run: 4, Failures: 0, Errors: 0, Skipped: 0, Time elapsed: 0.074 s - in io.smallrye.openapi.runtime.util.JandexUtilTests
[INFO] Running io.smallrye.openapi.runtime.util.TypeUtilTest
[INFO] Tests run: 12, Failures: 0, Errors: 0, Skipped: 0, Time elapsed: 0.113 s - in io.smallrye.openapi.runtime.util.TypeUtilTest
[INFO] Running io.smallrye.openapi.runtime.scanner.JaxRsAnnotationScannerBasicTest
[INFO] Tests run: 8, Failures: 0, Errors: 0, Skipped: 0, Time elapsed: 0.456 s - in io.smallrye.openapi.runtime.scanner.JaxRsAnnotationScannerBasicTest
[INFO] Running io.smallrye.openapi.runtime.scanner.ExpectationTests
[INFO] Tests run: 10, Failures: 0, Errors: 0, Skipped: 0, Time elapsed: 0.112 s - in io.smallrye.openapi.runtime.scanner.ExpectationTests
[INFO] Running io.smallrye.openapi.runtime.scanner.RolesAllowedScopeScanTests
[INFO] Tests run: 14, Failures: 0, Errors: 0, Skipped: 0, Time elapsed: 0.088 s - in io.smallrye.openapi.runtime.scanner.RolesAllowedScopeScanTests
[INFO] Running io.smallrye.openapi.runtime.scanner.SchemaRegistryTests
[INFO] Tests run: 5, Failures: 0, Errors: 0, Skipped: 0, Time elapsed: 0.012 s - in io.smallrye.openapi.runtime.scanner.SchemaRegistryTests
[INFO] Running io.smallrye.openapi.runtime.scanner.ResourceInheritanceTests
[INFO] Tests run: 2, Failures: 0, Errors: 0, Skipped: 0, Time elapsed: 0.029 s - in io.smallrye.openapi.runtime.scanner.ResourceInheritanceTests
[INFO] Running io.smallrye.openapi.runtime.scanner.InterfaceInheritanceTest
[INFO] Tests run: 2, Failures: 0, Errors: 0, Skipped: 0, Time elapsed: 0.015 s - in io.smallrye.openapi.runtime.scanner.InterfaceInheritanceTest
[INFO] Running io.smallrye.openapi.runtime.scanner.ParameterScanTests
[INFO] Tests run: 54, Failures: 0, Errors: 0, Skipped: 0, Time elapsed: 0.282 s - in io.smallrye.openapi.runtime.scanner.ParameterScanTests
[INFO] Running io.smallrye.openapi.runtime.scanner.DefaultContentTypeTest
[INFO] Tests run: 4, Failures: 0, Errors: 0, Skipped: 0, Time elapsed: 0.093 s - in io.smallrye.openapi.runtime.scanner.DefaultContentTypeTest
[INFO] Running io.smallrye.openapi.runtime.scanner.DeprecatedAnnotationTest
[INFO] Tests run: 3, Failures: 0, Errors: 0, Skipped: 0, Time elapsed: 0.015 s - in io.smallrye.openapi.runtime.scanner.DeprecatedAnnotationTest
[INFO] Running io.smallrye.openapi.runtime.scanner.OperationIdTest
[INFO] Tests run: 5, Failures: 0, Errors: 0, Skipped: 0, Time elapsed: 0.039 s - in io.smallrye.openapi.runtime.scanner.OperationIdTest
[INFO] Running io.smallrye.openapi.runtime.scanner.KitchenSinkTest
[INFO] Tests run: 3, Failures: 0, Errors: 0, Skipped: 0, Time elapsed: 0.054 s - in io.smallrye.openapi.runtime.scanner.KitchenSinkTest
[INFO] Running io.smallrye.openapi.runtime.scanner.JaxbJaxRsAnnotationScannerBasicTest
[INFO] Tests run: 2, Failures: 0, Errors: 0, Skipped: 0, Time elapsed: 0.016 s - in io.smallrye.openapi.runtime.scanner.JaxbJaxRsAnnotationScannerBasicTest
[INFO] Running io.smallrye.openapi.runtime.scanner.SpecialCaseTests
[INFO] Tests run: 5, Failures: 0, Errors: 0, Skipped: 0, Time elapsed: 0.015 s - in io.smallrye.openapi.runtime.scanner.SpecialCaseTests
[INFO] Running io.smallrye.openapi.runtime.scanner.ConfigExtensionsTest
[INFO] Tests run: 4, Failures: 0, Errors: 0, Skipped: 0, Time elapsed: 0.028 s - in io.smallrye.openapi.runtime.scanner.ConfigExtensionsTest
[INFO] Running io.smallrye.openapi.runtime.scanner.ExceptionMapperScanTests
[INFO] Tests run: 4, Failures: 0, Errors: 0, Skipped: 0, Time elapsed: 0.012 s - in io.smallrye.openapi.runtime.scanner.ExceptionMapperScanTests
[INFO] Running io.smallrye.openapi.runtime.scanner.ApiResponseTests
[INFO] Tests run: 28, Failures: 0, Errors: 0, Skipped: 0, Time elapsed: 0.106 s - in io.smallrye.openapi.runtime.scanner.ApiResponseTests
[INFO] Running io.smallrye.openapi.runtime.scanner.DiscriminatorMappingTests
[INFO] Tests run: 12, Failures: 0, Errors: 0, Skipped: 0, Time elapsed: 0.04 s - in io.smallrye.openapi.runtime.scanner.DiscriminatorMappingTests
[INFO] Running io.smallrye.openapi.runtime.scanner.ExpectationWithRefsTests
[INFO] Tests run: 12, Failures: 0, Errors: 0, Skipped: 0, Time elapsed: 0.02 s - in io.smallrye.openapi.runtime.scanner.ExpectationWithRefsTests
[INFO] Running io.smallrye.openapi.runtime.scanner.SubresourceScanTests
[INFO] Tests run: 2, Failures: 0, Errors: 0, Skipped: 0, Time elapsed: 0.024 s - in io.smallrye.openapi.runtime.scanner.SubresourceScanTests
[INFO] Running io.smallrye.openapi.runtime.scanner.ConfigSchemaTest
[INFO] Tests run: 4, Failures: 0, Errors: 0, Skipped: 0, Time elapsed: 0.038 s - in io.smallrye.openapi.runtime.scanner.ConfigSchemaTest
[INFO] Running io.smallrye.openapi.runtime.scanner.GenericModelTypesResourceTest
[INFO] Tests run: 4, Failures: 0, Errors: 0, Skipped: 0, Time elapsed: 0.064 s - in io.smallrye.openapi.runtime.scanner.GenericModelTypesResourceTest
[INFO] Running io.smallrye.openapi.runtime.scanner.IgnoreTests
[INFO] Tests run: 8, Failures: 0, Errors: 0, Skipped: 0, Time elapsed: 0.025 s - in io.smallrye.openapi.runtime.scanner.IgnoreTests
[INFO] Running io.smallrye.openapi.runtime.scanner.JaxRsAnnotationScannerTest
[INFO] Tests run: 28, Failures: 0, Errors: 0, Skipped: 0, Time elapsed: 0.353 s - in io.smallrye.openapi.runtime.scanner.JaxRsAnnotationScannerTest
[INFO] Running io.smallrye.openapi.runtime.scanner.RequestBodyScanTests
[INFO] Tests run: 10, Failures: 0, Errors: 0, Skipped: 0, Time elapsed: 0.019 s - in io.smallrye.openapi.runtime.scanner.RequestBodyScanTests
[INFO] Running io.smallrye.openapi.runtime.scanner.VersionTest
[INFO] Tests run: 6, Failures: 0, Errors: 0, Skipped: 0, Time elapsed: 0.028 s - in io.smallrye.openapi.runtime.scanner.VersionTest
[INFO] Running io.smallrye.openapi.runtime.scanner.NestedSchemaReferenceTests
[INFO] Tests run: 5, Failures: 0, Errors: 0, Skipped: 0, Time elapsed: 0.017 s - in io.smallrye.openapi.runtime.scanner.NestedSchemaReferenceTests
[INFO] Running io.smallrye.openapi.runtime.scanner.ExtensionParsingTests
[INFO] Tests run: 4, Failures: 0, Errors: 0, Skipped: 0, Time elapsed: 0.026 s - in io.smallrye.openapi.runtime.scanner.ExtensionParsingTests
[INFO] Running io.smallrye.openapi.runtime.scanner.HiddenScanTests
[INFO] Tests run: 2, Failures: 0, Errors: 0, Skipped: 0, Time elapsed: 0.007 s - in io.smallrye.openapi.runtime.scanner.HiddenScanTests
[INFO] Running io.smallrye.openapi.runtime.scanner.dataobject.BeanValidationResourceTest
[INFO] Tests run: 4, Failures: 0, Errors: 0, Skipped: 0, Time elapsed: 0.023 s - in io.smallrye.openapi.runtime.scanner.dataobject.BeanValidationResourceTest
[INFO] Running io.smallrye.openapi.runtime.scanner.ResourceParameterTests
[INFO] Tests run: 28, Failures: 0, Errors: 0, Skipped: 0, Time elapsed: 0.089 s - in io.smallrye.openapi.runtime.scanner.ResourceParameterTests
[INFO] 
[INFO] Results:
[INFO] 
[INFO] Tests run: 298, Failures: 0, Errors: 0, Skipped: 0
[INFO] 
[INFO] 
[INFO] --- maven-surefire-plugin:3.0.0-M6:test (jackson-exclusion-tests) @ smallrye-open-api-jaxrs ---
[INFO] Using auto detected provider org.apache.maven.surefire.junitplatform.JUnitPlatformProvider
[INFO] 
[INFO] -------------------------------------------------------
[INFO]  T E S T S
[INFO] -------------------------------------------------------
[INFO] Running io.smallrye.openapi.runtime.scanner.CustomExtensionParsingTests
[INFO] Tests run: 4, Failures: 0, Errors: 0, Skipped: 0, Time elapsed: 0.239 s - in io.smallrye.openapi.runtime.scanner.CustomExtensionParsingTests
[INFO] 
[INFO] Results:
[INFO] 
[INFO] Tests run: 4, Failures: 0, Errors: 0, Skipped: 0
[INFO] 
[INFO] 
[INFO] ----------------< io.smallrye:smallrye-open-api-spring >----------------
[INFO] Building SmallRye: OpenAPI extension - Spring 2.1.23-SNAPSHOT     [4/15]
[INFO] --------------------------------[ jar ]---------------------------------
[INFO] 
[INFO] --- maven-clean-plugin:2.5:clean (default-clean) @ smallrye-open-api-spring ---
[INFO] Deleting /home/gabsko/breaking-updates/extension-spring/target
[INFO] 
[INFO] --- formatter-maven-plugin:2.16.0:format (default) @ smallrye-open-api-spring ---
[INFO] Using 'UTF-8' encoding to format source files.
[INFO] Number of files to be formatted: 18
[INFO] Successfully formatted:          0 file(s)
[INFO] Fail to format:                  0 file(s)
[INFO] Skipped:                         18 file(s)
[INFO] Read only skipped:               0 file(s)
[INFO] Approximate time taken:          0s
[INFO] 
[INFO] --- impsort-maven-plugin:1.6.2:sort (sort-imports) @ smallrye-open-api-spring ---
[INFO] Processed 18 files in 00:00.035 (Already Sorted: 18, Needed Sorting: 0)
[INFO] 
[INFO] --- maven-resources-plugin:3.2.0:resources (default-resources) @ smallrye-open-api-spring ---
[INFO] Using 'UTF-8' encoding to copy filtered resources.
[INFO] Using 'UTF-8' encoding to copy filtered properties files.
[INFO] Copying 1 resource
[INFO] 
[INFO] --- maven-compiler-plugin:3.10.0:compile (default-compile) @ smallrye-open-api-spring ---
[INFO] Changes detected - recompiling the module!
[INFO] Compiling 5 source files to /home/gabsko/breaking-updates/extension-spring/target/classes
[INFO] 
[INFO] --- maven-resources-plugin:3.2.0:testResources (default-testResources) @ smallrye-open-api-spring ---
[INFO] Using 'UTF-8' encoding to copy filtered resources.
[INFO] Using 'UTF-8' encoding to copy filtered properties files.
[INFO] Copying 4 resources
[INFO] 
[INFO] --- maven-compiler-plugin:3.10.0:testCompile (default-testCompile) @ smallrye-open-api-spring ---
[INFO] Changes detected - recompiling the module!
[INFO] Compiling 13 source files to /home/gabsko/breaking-updates/extension-spring/target/test-classes
[INFO] 
[INFO] --- maven-surefire-plugin:2.22.2:test (default-test) @ smallrye-open-api-spring ---
[INFO] 
[INFO] -------------------------------------------------------
[INFO]  T E S T S
[INFO] -------------------------------------------------------
[INFO] Running io.smallrye.openapi.runtime.scanner.DeprecatedAnnotationTest
[INFO] Tests run: 3, Failures: 0, Errors: 0, Skipped: 0, Time elapsed: 0.342 s - in io.smallrye.openapi.runtime.scanner.DeprecatedAnnotationTest
[INFO] Running io.smallrye.openapi.runtime.scanner.SpringAnnotationScannerTest
[INFO] Tests run: 9, Failures: 0, Errors: 0, Skipped: 0, Time elapsed: 0.146 s - in io.smallrye.openapi.runtime.scanner.SpringAnnotationScannerTest
[INFO] 
[INFO] Results:
[INFO] 
[INFO] Tests run: 12, Failures: 0, Errors: 0, Skipped: 0
[INFO] 
[INFO] 
[INFO] ----------------< io.smallrye:smallrye-open-api-vertx >-----------------
[INFO] Building SmallRye: OpenAPI extension - Vert.x 2.1.23-SNAPSHOT     [5/15]
[INFO] --------------------------------[ jar ]---------------------------------
[WARNING] The artifact io.quarkus:quarkus-vertx-web:jar:2.8.0.Final has been relocated to io.quarkus:quarkus-reactive-routes:jar:2.8.0.Final: The artifact quarkus-vertx-web is now named quarkus-reactive-routes. Please update your dependency.
[INFO] 
[INFO] --- maven-clean-plugin:2.5:clean (default-clean) @ smallrye-open-api-vertx ---
[INFO] Deleting /home/gabsko/breaking-updates/extension-vertx/target
[INFO] 
[INFO] --- formatter-maven-plugin:2.16.0:format (default) @ smallrye-open-api-vertx ---
[INFO] Using 'UTF-8' encoding to format source files.
[INFO] Number of files to be formatted: 13
[INFO] Successfully formatted:          0 file(s)
[INFO] Fail to format:                  0 file(s)
[INFO] Skipped:                         13 file(s)
[INFO] Read only skipped:               0 file(s)
[INFO] Approximate time taken:          0s
[INFO] 
[INFO] --- impsort-maven-plugin:1.6.2:sort (sort-imports) @ smallrye-open-api-vertx ---
[INFO] Processed 13 files in 00:00.031 (Already Sorted: 13, Needed Sorting: 0)
[INFO] 
[INFO] --- maven-resources-plugin:3.2.0:resources (default-resources) @ smallrye-open-api-vertx ---
[INFO] Using 'UTF-8' encoding to copy filtered resources.
[INFO] Using 'UTF-8' encoding to copy filtered properties files.
[INFO] Copying 2 resources
[INFO] 
[INFO] --- maven-compiler-plugin:3.10.0:compile (default-compile) @ smallrye-open-api-vertx ---
[INFO] Changes detected - recompiling the module!
[INFO] Compiling 5 source files to /home/gabsko/breaking-updates/extension-vertx/target/classes
[INFO] 
[INFO] --- maven-resources-plugin:3.2.0:testResources (default-testResources) @ smallrye-open-api-vertx ---
[INFO] Using 'UTF-8' encoding to copy filtered resources.
[INFO] Using 'UTF-8' encoding to copy filtered properties files.
[INFO] Copying 4 resources
[INFO] 
[INFO] --- maven-compiler-plugin:3.10.0:testCompile (default-testCompile) @ smallrye-open-api-vertx ---
[INFO] Changes detected - recompiling the module!
[INFO] Compiling 8 source files to /home/gabsko/breaking-updates/extension-vertx/target/test-classes
[INFO] 
[INFO] --- maven-surefire-plugin:2.22.2:test (default-test) @ smallrye-open-api-vertx ---
[INFO] 
[INFO] -------------------------------------------------------
[INFO]  T E S T S
[INFO] -------------------------------------------------------
[INFO] Running io.smallrye.openapi.runtime.scanner.DeprecatedAnnotationTest
[INFO] Tests run: 3, Failures: 0, Errors: 0, Skipped: 0, Time elapsed: 0.385 s - in io.smallrye.openapi.runtime.scanner.DeprecatedAnnotationTest
[INFO] Running io.smallrye.openapi.runtime.scanner.VertxAnnotationScannerTest
[INFO] Tests run: 4, Failures: 0, Errors: 0, Skipped: 0, Time elapsed: 0.284 s - in io.smallrye.openapi.runtime.scanner.VertxAnnotationScannerTest
[INFO] 
[INFO] Results:
[INFO] 
[INFO] Tests run: 7, Failures: 0, Errors: 0, Skipped: 0
[INFO] 
[INFO] 
[INFO] -------------------< io.smallrye:smallrye-open-api >--------------------
[INFO] Building SmallRye: OpenAPI Implementation 2.1.23-SNAPSHOT         [6/15]
[INFO] --------------------------------[ pom ]---------------------------------
[INFO] 
[INFO] --- maven-clean-plugin:2.5:clean (default-clean) @ smallrye-open-api ---
[INFO] Deleting /home/gabsko/breaking-updates/implementation/target
[INFO] 
[INFO] --- formatter-maven-plugin:2.16.0:format (default) @ smallrye-open-api ---
[INFO] Using 'UTF-8' encoding to format source files.
[INFO] Number of files to be formatted: 0
[INFO] 
[INFO] --- impsort-maven-plugin:1.6.2:sort (sort-imports) @ smallrye-open-api ---
[INFO] Processed 0 files in 00:00.000 (Already Sorted: 0, Needed Sorting: 0)
[INFO] 
[INFO] --- maven-compiler-plugin:3.10.0:compile (default-compile) @ smallrye-open-api ---
[INFO] No sources to compile
[INFO] 
[INFO] --------------< io.smallrye:smallrye-open-api-testsuite >---------------
[INFO] Building SmallRye: MicroProfile OpenAPI Test Suite 2.1.23-SNAPSHOT [7/15]
[INFO] --------------------------------[ pom ]---------------------------------
[INFO] 
[INFO] --- maven-clean-plugin:2.5:clean (default-clean) @ smallrye-open-api-testsuite ---
[INFO] Deleting /home/gabsko/breaking-updates/testsuite/target
[INFO] 
[INFO] --- formatter-maven-plugin:2.16.0:format (default) @ smallrye-open-api-testsuite ---
[INFO] Using 'UTF-8' encoding to format source files.
[INFO] Number of files to be formatted: 0
[INFO] 
[INFO] --- impsort-maven-plugin:1.6.2:sort (sort-imports) @ smallrye-open-api-testsuite ---
[INFO] Processed 0 files in 00:00.000 (Already Sorted: 0, Needed Sorting: 0)
[INFO] 
[INFO] --- maven-compiler-plugin:3.10.0:compile (default-compile) @ smallrye-open-api-testsuite ---
[INFO] No sources to compile
[INFO] 
[INFO] ------------< io.smallrye:smallrye-open-api-testsuite-tck >-------------
[INFO] Building SmallRye: MicroProfile OpenAPI TCK 2.1.23-SNAPSHOT       [8/15]
[INFO] --------------------------------[ jar ]---------------------------------
[INFO] 
[INFO] --- maven-clean-plugin:2.5:clean (default-clean) @ smallrye-open-api-testsuite-tck ---
[INFO] Deleting /home/gabsko/breaking-updates/testsuite/tck/target
[INFO] 
[INFO] --- formatter-maven-plugin:2.16.0:format (default) @ smallrye-open-api-testsuite-tck ---
[INFO] Using 'UTF-8' encoding to format source files.
[INFO] Number of files to be formatted: 7
[INFO] Successfully formatted:          0 file(s)
[INFO] Fail to format:                  0 file(s)
[INFO] Skipped:                         7 file(s)
[INFO] Read only skipped:               0 file(s)
[INFO] Approximate time taken:          0s
[INFO] 
[INFO] --- impsort-maven-plugin:1.6.2:sort (sort-imports) @ smallrye-open-api-testsuite-tck ---
[INFO] Processed 7 files in 00:00.013 (Already Sorted: 7, Needed Sorting: 0)
[INFO] 
[INFO] --- maven-resources-plugin:3.2.0:resources (default-resources) @ smallrye-open-api-testsuite-tck ---
[INFO] Using 'UTF-8' encoding to copy filtered resources.
[INFO] Using 'UTF-8' encoding to copy filtered properties files.
[INFO] skip non existing resourceDirectory /home/gabsko/breaking-updates/testsuite/tck/src/main/resources
[INFO] 
[INFO] --- maven-compiler-plugin:3.10.0:compile (default-compile) @ smallrye-open-api-testsuite-tck ---
[INFO] No sources to compile
[INFO] 
[INFO] --- maven-resources-plugin:3.2.0:testResources (default-testResources) @ smallrye-open-api-testsuite-tck ---
[INFO] Using 'UTF-8' encoding to copy filtered resources.
[INFO] Using 'UTF-8' encoding to copy filtered properties files.
[INFO] Copying 3 resources
[INFO] 
[INFO] --- maven-compiler-plugin:3.10.0:testCompile (default-testCompile) @ smallrye-open-api-testsuite-tck ---
[INFO] Changes detected - recompiling the module!
[INFO] Compiling 7 source files to /home/gabsko/breaking-updates/testsuite/tck/target/test-classes
[INFO] 
[INFO] --- maven-surefire-plugin:2.22.2:test (default-test) @ smallrye-open-api-testsuite-tck ---
[INFO] 
[INFO] -------------------------------------------------------
[INFO]  T E S T S
[INFO] -------------------------------------------------------
[INFO] Running TestSuite
[2023-01-07 03:47:39] [INFO   ] org.eclipse.jetty.util.log.Log initialized Logging initialized @732ms
[2023-01-07 03:47:39] [INFO   ] org.jboss.arquillian.container.jetty.embedded_9.JettyEmbeddedContainer start Starting Jetty Embedded Server 9.3.30.v20211001 [id:315805187]
[2023-01-07 03:47:39] [INFO   ] org.eclipse.jetty.server.Server doStart jetty-9.3.30.v20211001, build timestamp: 2021-10-01T15:51:54Z, git hash: 148ea770504ad315b7936c5737e462879680042b
[2023-01-07 03:47:39] [INFO   ] org.eclipse.jetty.server.AbstractConnector doStart Started ServerConnector@528c868{HTTP/1.1,[http/1.1]}{localhost:8080}
[2023-01-07 03:47:39] [INFO   ] org.eclipse.jetty.server.Server doStart Started @813ms
SLF4J: Failed to load class "org.slf4j.impl.StaticLoggerBinder".
SLF4J: Defaulting to no-operation (NOP) logger implementation
SLF4J: See http://www.slf4j.org/codes.html#StaticLoggerBinder for further details.
[2023-01-07 03:47:40] [INFO   ] org.jboss.arquillian.container.jetty.embedded_9.ArquillianAppProvider createApp Webapp archive location: file:/home/gabsko/breaking-updates/testsuite/tck/target/arquillian-jetty-temp/export1445339828298206925755a62f5f-d732-4df9-bace-16ec681f4c78.war
[2023-01-07 03:47:40] [INFO   ] org.eclipse.jetty.annotations.AnnotationConfiguration scanForAnnotations Scanning elapsed time=96ms
[2023-01-07 03:47:40] [INFO   ] org.eclipse.jetty.webapp.StandardDescriptorProcessor visitServlet NO JSP Support for /55a62f5f-d732-4df9-bace-16ec681f4c78.war, did not find org.eclipse.jetty.jsp.JettyJspServlet
[2023-01-07 03:47:40] [INFO   ] org.jboss.weld.environment.servlet.EnhancedListener onStartup WELD-ENV-001008: Initialize Weld using ServletContainerInitializer
[2023-01-07 03:47:40] [INFO   ] org.jboss.weld.bootstrap.WeldStartup <clinit> WELD-000900: 3.1.7 (SP1)
[2023-01-07 03:47:41] [INFO   ] org.jboss.weld.environment.deployment.discovery.DiscoveryStrategyFactory create WELD-ENV-000020: Using jandex for bean discovery
[2023-01-07 03:47:41] [INFO   ] org.jboss.weld.bootstrap.WeldStartup startContainer WELD-000101: Transactional services not available. Injection of @Inject UserTransaction not available. Transactional observers will be invoked synchronously.
[2023-01-07 03:47:41] [INFO   ] org.jboss.weld.environment.jetty.JettyLegacyContainer initialize WELD-ENV-001200: Jetty 7.2+ detected, CDI injection will be available in Servlets and Filters. Injection into Listeners should work on Jetty 9.1.1 and newer.
[2023-01-07 03:47:41] [INFO   ] org.jboss.resteasy.core.ResteasyDeploymentImpl processApplication RESTEASY002225: Deploying javax.ws.rs.core.Application: class io.smallrye.openapi.tck.OpenApiApplication$Proxy$_$$_WeldClientProxy
[2023-01-07 03:47:41] [WARN   ] org.jboss.resteasy.core.providerfactory.ResteasyProviderFactoryImpl registerProvider RESTEASY002155: Provider class org.jboss.resteasy.plugins.providers.jsonb.JsonBindingProvider is already registered.  2nd registration is being ignored.
[2023-01-07 03:47:41] [INFO   ] org.eclipse.jetty.server.handler.ContextHandler doStart Started o.e.j.w.WebAppContext@37606fee{/55a62f5f-d732-4df9-bace-16ec681f4c78.war,file:///tmp/jetty-localhost-8080-export1445339828298206925755a62f5f-d732-4df9-bace-16ec681f4c78.war-_export1445339828298206925755a62f5f-d732-4df9-bace-16ec681f4c78-any-13601661703179570316/webapp/,AVAILABLE}{/home/gabsko/breaking-updates/testsuite/tck/target/arquillian-jetty-temp/export1445339828298206925755a62f5f-d732-4df9-bace-16ec681f4c78.war}
[2023-01-07 03:47:41] [INFO   ] org.eclipse.jetty.webapp.WebAppContext dumpUrl export1445339828298206925755a62f5f-d732-4df9-bace-16ec681f4c78 at http://ServerConnector@528c868{HTTP/1.1,[http/1.1]}{localhost:8080}/55a62f5f-d732-4df9-bace-16ec681f4c78.war
uri = http://localhost:8080/55a62f5f-d732-4df9-bace-16ec681f4c78.war/openapi
uri = http://localhost:8080/55a62f5f-d732-4df9-bace-16ec681f4c78.war/
[2023-01-07 03:47:42] [INFO   ] org.eclipse.jetty.server.handler.ContextHandler doStop Stopped o.e.j.w.WebAppContext@37606fee{/55a62f5f-d732-4df9-bace-16ec681f4c78.war,null,UNAVAILABLE}{/home/gabsko/breaking-updates/testsuite/tck/target/arquillian-jetty-temp/export1445339828298206925755a62f5f-d732-4df9-bace-16ec681f4c78.war}
[2023-01-07 03:47:42] [WARN   ] org.jboss.resteasy.client.jaxrs.engines.ApacheHttpClient43Engine finalize RESTEASY004687: Closing a class org.jboss.resteasy.client.jaxrs.engines.ApacheHttpClient43Engine instance for you. Please close clients yourself.
[2023-01-07 03:47:42] [WARN   ] org.jboss.resteasy.client.jaxrs.engines.ApacheHttpClient43Engine finalize RESTEASY004687: Closing a class org.jboss.resteasy.client.jaxrs.engines.ApacheHttpClient43Engine instance for you. Please close clients yourself.
[2023-01-07 03:47:43] [INFO   ] org.jboss.arquillian.container.jetty.embedded_9.ArquillianAppProvider createApp Webapp archive location: file:/home/gabsko/breaking-updates/testsuite/tck/target/arquillian-jetty-temp/export6612030997258136341airlines.war
[2023-01-07 03:47:43] [INFO   ] org.eclipse.jetty.annotations.AnnotationConfiguration scanForAnnotations Scanning elapsed time=52ms
[2023-01-07 03:47:43] [INFO   ] org.eclipse.jetty.webapp.StandardDescriptorProcessor visitServlet NO JSP Support for /airlines.war, did not find org.eclipse.jetty.jsp.JettyJspServlet
[2023-01-07 03:47:43] [INFO   ] org.jboss.weld.environment.servlet.EnhancedListener onStartup WELD-ENV-001008: Initialize Weld using ServletContainerInitializer
[2023-01-07 03:47:43] [INFO   ] org.jboss.weld.environment.deployment.discovery.DiscoveryStrategyFactory create WELD-ENV-000020: Using jandex for bean discovery
[2023-01-07 03:47:43] [INFO   ] org.jboss.weld.bootstrap.WeldStartup startContainer WELD-000101: Transactional services not available. Injection of @Inject UserTransaction not available. Transactional observers will be invoked synchronously.
[2023-01-07 03:47:43] [INFO   ] org.jboss.weld.environment.jetty.JettyLegacyContainer initialize WELD-ENV-001200: Jetty 7.2+ detected, CDI injection will be available in Servlets and Filters. Injection into Listeners should work on Jetty 9.1.1 and newer.
[2023-01-07 03:47:43] [INFO   ] org.jboss.resteasy.core.ResteasyDeploymentImpl processApplication RESTEASY002225: Deploying javax.ws.rs.core.Application: class io.smallrye.openapi.tck.OpenApiApplication$Proxy$_$$_WeldClientProxy
[2023-01-07 03:47:43] [WARN   ] org.jboss.resteasy.core.providerfactory.ResteasyProviderFactoryImpl registerProvider RESTEASY002155: Provider class org.jboss.resteasy.plugins.providers.jsonb.JsonBindingProvider is already registered.  2nd registration is being ignored.
[2023-01-07 03:47:43] [INFO   ] org.jboss.resteasy.core.ResteasyDeploymentImpl processApplication RESTEASY002225: Deploying javax.ws.rs.core.Application: class org.eclipse.microprofile.openapi.apps.airlines.JAXRSApp$Proxy$_$$_WeldClientProxy
[2023-01-07 03:47:43] [INFO   ] org.jboss.resteasy.core.ResteasyDeploymentImpl processApplication RESTEASY002220: Adding singleton resource org.eclipse.microprofile.openapi.apps.airlines.resources.AirlinesResource from Application class org.eclipse.microprofile.openapi.apps.airlines.JAXRSApp$Proxy$_$$_WeldClientProxy
[2023-01-07 03:47:43] [INFO   ] org.jboss.resteasy.core.ResteasyDeploymentImpl processApplication RESTEASY002220: Adding singleton resource org.eclipse.microprofile.openapi.apps.airlines.resources.bookings.BookingResource from Application class org.eclipse.microprofile.openapi.apps.airlines.JAXRSApp$Proxy$_$$_WeldClientProxy
[2023-01-07 03:47:43] [INFO   ] org.jboss.resteasy.core.ResteasyDeploymentImpl processApplication RESTEASY002220: Adding singleton resource org.eclipse.microprofile.openapi.apps.airlines.resources.ReviewResource from Application class org.eclipse.microprofile.openapi.apps.airlines.JAXRSApp$Proxy$_$$_WeldClientProxy
[2023-01-07 03:47:43] [INFO   ] org.jboss.resteasy.core.ResteasyDeploymentImpl processApplication RESTEASY002220: Adding singleton resource org.eclipse.microprofile.openapi.apps.airlines.resources.AvailabilityResource from Application class org.eclipse.microprofile.openapi.apps.airlines.JAXRSApp$Proxy$_$$_WeldClientProxy
[2023-01-07 03:47:43] [INFO   ] org.eclipse.jetty.server.handler.ContextHandler doStart Started o.e.j.w.WebAppContext@80b70fd{/airlines.war,file:///tmp/jetty-localhost-8080-export6612030997258136341airlines.war-_export6612030997258136341airlines-any-3741354385721761327/webapp/,AVAILABLE}{/home/gabsko/breaking-updates/testsuite/tck/target/arquillian-jetty-temp/export6612030997258136341airlines.war}
[2023-01-07 03:47:43] [INFO   ] org.eclipse.jetty.webapp.WebAppContext dumpUrl export6612030997258136341airlines at http://ServerConnector@528c868{HTTP/1.1,[http/1.1]}{localhost:8080}/airlines.war
[2023-01-07 03:47:44] [INFO   ] org.eclipse.jetty.server.handler.ContextHandler doStop Stopped o.e.j.w.WebAppContext@80b70fd{/airlines.war,null,UNAVAILABLE}{/home/gabsko/breaking-updates/testsuite/tck/target/arquillian-jetty-temp/export6612030997258136341airlines.war}
[2023-01-07 03:47:45] [WARN   ] io.smallrye.openapi.runtime.scanner.OpenApiDataObjectScanner process SROAP04005: Could not find schema class in index: org.eclipse.microprofile.openapi.apps.airlines.model.Review
[2023-01-07 03:47:45] [WARN   ] io.smallrye.openapi.runtime.scanner.OpenApiDataObjectScanner process SROAP04005: Could not find schema class in index: org.eclipse.microprofile.openapi.apps.airlines.model.Review
[2023-01-07 03:47:45] [WARN   ] io.smallrye.openapi.runtime.scanner.OpenApiDataObjectScanner process SROAP04005: Could not find schema class in index: org.eclipse.microprofile.openapi.apps.airlines.model.Review
[2023-01-07 03:47:45] [WARN   ] io.smallrye.openapi.runtime.scanner.OpenApiDataObjectScanner process SROAP04005: Could not find schema class in index: org.eclipse.microprofile.openapi.apps.airlines.model.Review
[2023-01-07 03:47:45] [WARN   ] io.smallrye.openapi.runtime.scanner.OpenApiDataObjectScanner process SROAP04005: Could not find schema class in index: org.eclipse.microprofile.openapi.apps.airlines.model.Review
[2023-01-07 03:47:45] [WARN   ] io.smallrye.openapi.runtime.scanner.OpenApiDataObjectScanner process SROAP04005: Could not find schema class in index: org.eclipse.microprofile.openapi.apps.airlines.model.Review
[2023-01-07 03:47:45] [INFO   ] org.jboss.arquillian.container.jetty.embedded_9.ArquillianAppProvider createApp Webapp archive location: file:/home/gabsko/breaking-updates/testsuite/tck/target/arquillian-jetty-temp/export438109768021525728airlinesWebInf.war
[2023-01-07 03:47:45] [INFO   ] org.eclipse.jetty.annotations.AnnotationConfiguration scanForAnnotations Scanning elapsed time=35ms
[2023-01-07 03:47:45] [INFO   ] org.eclipse.jetty.webapp.StandardDescriptorProcessor visitServlet NO JSP Support for /airlinesWebInf.war, did not find org.eclipse.jetty.jsp.JettyJspServlet
[2023-01-07 03:47:45] [INFO   ] org.jboss.weld.environment.servlet.EnhancedListener onStartup WELD-ENV-001008: Initialize Weld using ServletContainerInitializer
[2023-01-07 03:47:45] [INFO   ] org.jboss.weld.environment.deployment.discovery.DiscoveryStrategyFactory create WELD-ENV-000020: Using jandex for bean discovery
[2023-01-07 03:47:45] [INFO   ] org.jboss.weld.bootstrap.WeldStartup startContainer WELD-000101: Transactional services not available. Injection of @Inject UserTransaction not available. Transactional observers will be invoked synchronously.
[2023-01-07 03:47:45] [INFO   ] org.jboss.weld.environment.jetty.JettyLegacyContainer initialize WELD-ENV-001200: Jetty 7.2+ detected, CDI injection will be available in Servlets and Filters. Injection into Listeners should work on Jetty 9.1.1 and newer.
[2023-01-07 03:47:45] [INFO   ] org.jboss.resteasy.core.ResteasyDeploymentImpl processApplication RESTEASY002225: Deploying javax.ws.rs.core.Application: class io.smallrye.openapi.tck.OpenApiApplication$Proxy$_$$_WeldClientProxy
[2023-01-07 03:47:45] [WARN   ] org.jboss.resteasy.core.providerfactory.ResteasyProviderFactoryImpl registerProvider RESTEASY002155: Provider class org.jboss.resteasy.plugins.providers.jsonb.JsonBindingProvider is already registered.  2nd registration is being ignored.
[2023-01-07 03:47:45] [INFO   ] org.jboss.resteasy.core.ResteasyDeploymentImpl processApplication RESTEASY002225: Deploying javax.ws.rs.core.Application: class org.eclipse.microprofile.openapi.apps.airlines.JAXRSApp$Proxy$_$$_WeldClientProxy
[2023-01-07 03:47:45] [INFO   ] org.jboss.resteasy.core.ResteasyDeploymentImpl processApplication RESTEASY002220: Adding singleton resource org.eclipse.microprofile.openapi.apps.airlines.resources.AirlinesResource from Application class org.eclipse.microprofile.openapi.apps.airlines.JAXRSApp$Proxy$_$$_WeldClientProxy
[2023-01-07 03:47:45] [INFO   ] org.jboss.resteasy.core.ResteasyDeploymentImpl processApplication RESTEASY002220: Adding singleton resource org.eclipse.microprofile.openapi.apps.airlines.resources.bookings.BookingResource from Application class org.eclipse.microprofile.openapi.apps.airlines.JAXRSApp$Proxy$_$$_WeldClientProxy
[2023-01-07 03:47:45] [INFO   ] org.jboss.resteasy.core.ResteasyDeploymentImpl processApplication RESTEASY002220: Adding singleton resource org.eclipse.microprofile.openapi.apps.airlines.resources.AvailabilityResource from Application class org.eclipse.microprofile.openapi.apps.airlines.JAXRSApp$Proxy$_$$_WeldClientProxy
[2023-01-07 03:47:45] [INFO   ] org.jboss.resteasy.core.ResteasyDeploymentImpl processApplication RESTEASY002220: Adding singleton resource org.eclipse.microprofile.openapi.apps.airlines.resources.ReviewResource from Application class org.eclipse.microprofile.openapi.apps.airlines.JAXRSApp$Proxy$_$$_WeldClientProxy
[2023-01-07 03:47:45] [INFO   ] org.eclipse.jetty.server.handler.ContextHandler doStart Started o.e.j.w.WebAppContext@43ee585f{/airlinesWebInf.war,file:///tmp/jetty-localhost-8080-export438109768021525728airlinesWebInf.war-_export438109768021525728airlinesWebInf-any-15551285612086835884/webapp/,AVAILABLE}{/home/gabsko/breaking-updates/testsuite/tck/target/arquillian-jetty-temp/export438109768021525728airlinesWebInf.war}
[2023-01-07 03:47:45] [INFO   ] org.eclipse.jetty.webapp.WebAppContext dumpUrl export438109768021525728airlinesWebInf at http://ServerConnector@528c868{HTTP/1.1,[http/1.1]}{localhost:8080}/airlinesWebInf.war
[2023-01-07 03:47:46] [INFO   ] org.eclipse.jetty.server.handler.ContextHandler doStop Stopped o.e.j.w.WebAppContext@43ee585f{/airlinesWebInf.war,null,UNAVAILABLE}{/home/gabsko/breaking-updates/testsuite/tck/target/arquillian-jetty-temp/export438109768021525728airlinesWebInf.war}
[2023-01-07 03:47:46] [INFO   ] org.jboss.arquillian.container.jetty.embedded_9.ArquillianAppProvider createApp Webapp archive location: file:/home/gabsko/breaking-updates/testsuite/tck/target/arquillian-jetty-temp/export5588296079312697413petstore.war
[2023-01-07 03:47:46] [INFO   ] org.eclipse.jetty.annotations.AnnotationConfiguration scanForAnnotations Scanning elapsed time=33ms
[2023-01-07 03:47:46] [INFO   ] org.eclipse.jetty.webapp.StandardDescriptorProcessor visitServlet NO JSP Support for /petstore.war, did not find org.eclipse.jetty.jsp.JettyJspServlet
[2023-01-07 03:47:46] [INFO   ] org.jboss.weld.environment.servlet.EnhancedListener onStartup WELD-ENV-001008: Initialize Weld using ServletContainerInitializer
[2023-01-07 03:47:46] [INFO   ] org.jboss.weld.environment.deployment.discovery.DiscoveryStrategyFactory create WELD-ENV-000020: Using jandex for bean discovery
[2023-01-07 03:47:46] [INFO   ] org.jboss.weld.bootstrap.WeldStartup startContainer WELD-000101: Transactional services not available. Injection of @Inject UserTransaction not available. Transactional observers will be invoked synchronously.
[2023-01-07 03:47:46] [INFO   ] org.jboss.weld.environment.jetty.JettyLegacyContainer initialize WELD-ENV-001200: Jetty 7.2+ detected, CDI injection will be available in Servlets and Filters. Injection into Listeners should work on Jetty 9.1.1 and newer.
[2023-01-07 03:47:46] [INFO   ] org.jboss.resteasy.core.ResteasyDeploymentImpl processApplication RESTEASY002225: Deploying javax.ws.rs.core.Application: class io.smallrye.openapi.tck.OpenApiApplication$Proxy$_$$_WeldClientProxy
[2023-01-07 03:47:46] [WARN   ] org.jboss.resteasy.core.providerfactory.ResteasyProviderFactoryImpl registerProvider RESTEASY002155: Provider class org.jboss.resteasy.plugins.providers.jsonb.JsonBindingProvider is already registered.  2nd registration is being ignored.
[2023-01-07 03:47:46] [INFO   ] org.jboss.resteasy.core.ResteasyDeploymentImpl processApplication RESTEASY002225: Deploying javax.ws.rs.core.Application: class org.eclipse.microprofile.openapi.apps.petstore.PetStoreApp$Proxy$_$$_WeldClientProxy
[2023-01-07 03:47:46] [INFO   ] org.jboss.resteasy.core.ResteasyDeploymentImpl processApplication RESTEASY002220: Adding singleton resource org.eclipse.microprofile.openapi.apps.petstore.resource.UserResource from Application class org.eclipse.microprofile.openapi.apps.petstore.PetStoreApp$Proxy$_$$_WeldClientProxy
[2023-01-07 03:47:46] [INFO   ] org.jboss.resteasy.core.ResteasyDeploymentImpl processApplication RESTEASY002220: Adding singleton resource org.eclipse.microprofile.openapi.apps.petstore.resource.PetStoreResource from Application class org.eclipse.microprofile.openapi.apps.petstore.PetStoreApp$Proxy$_$$_WeldClientProxy
[2023-01-07 03:47:46] [INFO   ] org.jboss.resteasy.core.ResteasyDeploymentImpl processApplication RESTEASY002220: Adding singleton resource org.eclipse.microprofile.openapi.apps.petstore.resource.PetResource from Application class org.eclipse.microprofile.openapi.apps.petstore.PetStoreApp$Proxy$_$$_WeldClientProxy
[2023-01-07 03:47:46] [INFO   ] org.eclipse.jetty.server.handler.ContextHandler doStart Started o.e.j.w.WebAppContext@3c703142{/petstore.war,file:///tmp/jetty-localhost-8080-export5588296079312697413petstore.war-_export5588296079312697413petstore-any-14840160768625586571/webapp/,AVAILABLE}{/home/gabsko/breaking-updates/testsuite/tck/target/arquillian-jetty-temp/export5588296079312697413petstore.war}
[2023-01-07 03:47:46] [INFO   ] org.eclipse.jetty.webapp.WebAppContext dumpUrl export5588296079312697413petstore at http://ServerConnector@528c868{HTTP/1.1,[http/1.1]}{localhost:8080}/petstore.war
[2023-01-07 03:47:49] [INFO   ] org.eclipse.jetty.server.handler.ContextHandler doStop Stopped o.e.j.w.WebAppContext@3c703142{/petstore.war,null,UNAVAILABLE}{/home/gabsko/breaking-updates/testsuite/tck/target/arquillian-jetty-temp/export5588296079312697413petstore.war}
[2023-01-07 03:47:49] [INFO   ] org.jboss.arquillian.container.jetty.embedded_9.ArquillianAppProvider createApp Webapp archive location: file:/home/gabsko/breaking-updates/testsuite/tck/target/arquillian-jetty-temp/export13468358100358651296airlines.war
[2023-01-07 03:47:49] [INFO   ] org.eclipse.jetty.annotations.AnnotationConfiguration scanForAnnotations Scanning elapsed time=40ms
[2023-01-07 03:47:49] [INFO   ] org.eclipse.jetty.webapp.StandardDescriptorProcessor visitServlet NO JSP Support for /airlines.war, did not find org.eclipse.jetty.jsp.JettyJspServlet
[2023-01-07 03:47:49] [INFO   ] org.jboss.weld.environment.servlet.EnhancedListener onStartup WELD-ENV-001008: Initialize Weld using ServletContainerInitializer
[2023-01-07 03:47:49] [INFO   ] org.jboss.weld.environment.deployment.discovery.DiscoveryStrategyFactory create WELD-ENV-000020: Using jandex for bean discovery
[2023-01-07 03:47:49] [INFO   ] org.jboss.weld.bootstrap.WeldStartup startContainer WELD-000101: Transactional services not available. Injection of @Inject UserTransaction not available. Transactional observers will be invoked synchronously.
[2023-01-07 03:47:49] [INFO   ] org.jboss.weld.environment.jetty.JettyLegacyContainer initialize WELD-ENV-001200: Jetty 7.2+ detected, CDI injection will be available in Servlets and Filters. Injection into Listeners should work on Jetty 9.1.1 and newer.
[2023-01-07 03:47:49] [INFO   ] org.jboss.resteasy.core.ResteasyDeploymentImpl processApplication RESTEASY002225: Deploying javax.ws.rs.core.Application: class io.smallrye.openapi.tck.OpenApiApplication$Proxy$_$$_WeldClientProxy
[2023-01-07 03:47:49] [WARN   ] org.jboss.resteasy.core.providerfactory.ResteasyProviderFactoryImpl registerProvider RESTEASY002155: Provider class org.jboss.resteasy.plugins.providers.jsonb.JsonBindingProvider is already registered.  2nd registration is being ignored.
[2023-01-07 03:47:49] [INFO   ] org.jboss.resteasy.core.ResteasyDeploymentImpl processApplication RESTEASY002225: Deploying javax.ws.rs.core.Application: class org.eclipse.microprofile.openapi.apps.airlines.JAXRSApp$Proxy$_$$_WeldClientProxy
[2023-01-07 03:47:49] [INFO   ] org.jboss.resteasy.core.ResteasyDeploymentImpl processApplication RESTEASY002220: Adding singleton resource org.eclipse.microprofile.openapi.apps.airlines.resources.AvailabilityResource from Application class org.eclipse.microprofile.openapi.apps.airlines.JAXRSApp$Proxy$_$$_WeldClientProxy
[2023-01-07 03:47:49] [INFO   ] org.jboss.resteasy.core.ResteasyDeploymentImpl processApplication RESTEASY002220: Adding singleton resource org.eclipse.microprofile.openapi.apps.airlines.resources.bookings.BookingResource from Application class org.eclipse.microprofile.openapi.apps.airlines.JAXRSApp$Proxy$_$$_WeldClientProxy
[2023-01-07 03:47:49] [INFO   ] org.jboss.resteasy.core.ResteasyDeploymentImpl processApplication RESTEASY002220: Adding singleton resource org.eclipse.microprofile.openapi.apps.airlines.resources.ReviewResource from Application class org.eclipse.microprofile.openapi.apps.airlines.JAXRSApp$Proxy$_$$_WeldClientProxy
[2023-01-07 03:47:49] [INFO   ] org.jboss.resteasy.core.ResteasyDeploymentImpl processApplication RESTEASY002220: Adding singleton resource org.eclipse.microprofile.openapi.apps.airlines.resources.AirlinesResource from Application class org.eclipse.microprofile.openapi.apps.airlines.JAXRSApp$Proxy$_$$_WeldClientProxy
[2023-01-07 03:47:49] [INFO   ] org.eclipse.jetty.server.handler.ContextHandler doStart Started o.e.j.w.WebAppContext@2b8df4bc{/airlines.war,file:///tmp/jetty-localhost-8080-export13468358100358651296airlines.war-_export13468358100358651296airlines-any-7077293316994757425/webapp/,AVAILABLE}{/home/gabsko/breaking-updates/testsuite/tck/target/arquillian-jetty-temp/export13468358100358651296airlines.war}
[2023-01-07 03:47:49] [INFO   ] org.eclipse.jetty.webapp.WebAppContext dumpUrl export13468358100358651296airlines at http://ServerConnector@528c868{HTTP/1.1,[http/1.1]}{localhost:8080}/airlines.war
[2023-01-07 03:47:50] [INFO   ] org.eclipse.jetty.server.handler.ContextHandler doStop Stopped o.e.j.w.WebAppContext@2b8df4bc{/airlines.war,null,UNAVAILABLE}{/home/gabsko/breaking-updates/testsuite/tck/target/arquillian-jetty-temp/export13468358100358651296airlines.war}
[2023-01-07 03:47:50] [WARN   ] io.smallrye.openapi.runtime.scanner.OpenApiDataObjectScanner process SROAP04005: Could not find schema class in index: org.eclipse.microprofile.openapi.apps.airlines.model.Review
[2023-01-07 03:47:50] [WARN   ] io.smallrye.openapi.runtime.scanner.OpenApiDataObjectScanner process SROAP04005: Could not find schema class in index: org.eclipse.microprofile.openapi.apps.airlines.model.Review
[2023-01-07 03:47:50] [WARN   ] io.smallrye.openapi.runtime.scanner.OpenApiDataObjectScanner process SROAP04005: Could not find schema class in index: org.eclipse.microprofile.openapi.apps.airlines.model.Review
[2023-01-07 03:47:50] [WARN   ] io.smallrye.openapi.runtime.scanner.OpenApiDataObjectScanner process SROAP04005: Could not find schema class in index: org.eclipse.microprofile.openapi.apps.airlines.model.Review
[2023-01-07 03:47:50] [WARN   ] io.smallrye.openapi.runtime.scanner.OpenApiDataObjectScanner process SROAP04005: Could not find schema class in index: org.eclipse.microprofile.openapi.apps.airlines.model.Review
[2023-01-07 03:47:50] [WARN   ] io.smallrye.openapi.runtime.scanner.OpenApiDataObjectScanner process SROAP04005: Could not find schema class in index: org.eclipse.microprofile.openapi.apps.airlines.model.Review
[2023-01-07 03:47:50] [INFO   ] org.jboss.arquillian.container.jetty.embedded_9.ArquillianAppProvider createApp Webapp archive location: file:/home/gabsko/breaking-updates/testsuite/tck/target/arquillian-jetty-temp/export529726189934792207airlines.war
[2023-01-07 03:47:50] [INFO   ] org.eclipse.jetty.annotations.AnnotationConfiguration scanForAnnotations Scanning elapsed time=41ms
[2023-01-07 03:47:50] [INFO   ] org.eclipse.jetty.webapp.StandardDescriptorProcessor visitServlet NO JSP Support for /airlines.war, did not find org.eclipse.jetty.jsp.JettyJspServlet
[2023-01-07 03:47:50] [INFO   ] org.jboss.weld.environment.servlet.EnhancedListener onStartup WELD-ENV-001008: Initialize Weld using ServletContainerInitializer
[2023-01-07 03:47:50] [INFO   ] org.jboss.weld.environment.deployment.discovery.DiscoveryStrategyFactory create WELD-ENV-000020: Using jandex for bean discovery
[2023-01-07 03:47:50] [INFO   ] org.jboss.weld.bootstrap.WeldStartup startContainer WELD-000101: Transactional services not available. Injection of @Inject UserTransaction not available. Transactional observers will be invoked synchronously.
[2023-01-07 03:47:50] [INFO   ] org.jboss.weld.environment.jetty.JettyLegacyContainer initialize WELD-ENV-001200: Jetty 7.2+ detected, CDI injection will be available in Servlets and Filters. Injection into Listeners should work on Jetty 9.1.1 and newer.
[2023-01-07 03:47:50] [INFO   ] org.jboss.resteasy.core.ResteasyDeploymentImpl processApplication RESTEASY002225: Deploying javax.ws.rs.core.Application: class io.smallrye.openapi.tck.OpenApiApplication$Proxy$_$$_WeldClientProxy
[2023-01-07 03:47:50] [WARN   ] org.jboss.resteasy.core.providerfactory.ResteasyProviderFactoryImpl registerProvider RESTEASY002155: Provider class org.jboss.resteasy.plugins.providers.jsonb.JsonBindingProvider is already registered.  2nd registration is being ignored.
[2023-01-07 03:47:50] [INFO   ] org.jboss.resteasy.core.ResteasyDeploymentImpl processApplication RESTEASY002225: Deploying javax.ws.rs.core.Application: class org.eclipse.microprofile.openapi.apps.airlines.JAXRSApp$Proxy$_$$_WeldClientProxy
[2023-01-07 03:47:50] [INFO   ] org.jboss.resteasy.core.ResteasyDeploymentImpl processApplication RESTEASY002220: Adding singleton resource org.eclipse.microprofile.openapi.apps.airlines.resources.bookings.BookingResource from Application class org.eclipse.microprofile.openapi.apps.airlines.JAXRSApp$Proxy$_$$_WeldClientProxy
[2023-01-07 03:47:50] [INFO   ] org.jboss.resteasy.core.ResteasyDeploymentImpl processApplication RESTEASY002220: Adding singleton resource org.eclipse.microprofile.openapi.apps.airlines.resources.ReviewResource from Application class org.eclipse.microprofile.openapi.apps.airlines.JAXRSApp$Proxy$_$$_WeldClientProxy
[2023-01-07 03:47:50] [INFO   ] org.jboss.resteasy.core.ResteasyDeploymentImpl processApplication RESTEASY002220: Adding singleton resource org.eclipse.microprofile.openapi.apps.airlines.resources.AirlinesResource from Application class org.eclipse.microprofile.openapi.apps.airlines.JAXRSApp$Proxy$_$$_WeldClientProxy
[2023-01-07 03:47:50] [INFO   ] org.jboss.resteasy.core.ResteasyDeploymentImpl processApplication RESTEASY002220: Adding singleton resource org.eclipse.microprofile.openapi.apps.airlines.resources.AvailabilityResource from Application class org.eclipse.microprofile.openapi.apps.airlines.JAXRSApp$Proxy$_$$_WeldClientProxy
[2023-01-07 03:47:50] [INFO   ] org.eclipse.jetty.server.handler.ContextHandler doStart Started o.e.j.w.WebAppContext@506e35b9{/airlines.war,file:///tmp/jetty-localhost-8080-export529726189934792207airlines.war-_export529726189934792207airlines-any-5881839318375734219/webapp/,AVAILABLE}{/home/gabsko/breaking-updates/testsuite/tck/target/arquillian-jetty-temp/export529726189934792207airlines.war}
[2023-01-07 03:47:50] [INFO   ] org.eclipse.jetty.webapp.WebAppContext dumpUrl export529726189934792207airlines at http://ServerConnector@528c868{HTTP/1.1,[http/1.1]}{localhost:8080}/airlines.war
[2023-01-07 03:47:50] [INFO   ] org.eclipse.jetty.server.handler.ContextHandler doStop Stopped o.e.j.w.WebAppContext@506e35b9{/airlines.war,null,UNAVAILABLE}{/home/gabsko/breaking-updates/testsuite/tck/target/arquillian-jetty-temp/export529726189934792207airlines.war}
[2023-01-07 03:47:51] [INFO   ] org.jboss.arquillian.container.jetty.embedded_9.ArquillianAppProvider createApp Webapp archive location: file:/home/gabsko/breaking-updates/testsuite/tck/target/arquillian-jetty-temp/export9343614524074140600airlines.war
[2023-01-07 03:47:51] [INFO   ] org.eclipse.jetty.annotations.AnnotationConfiguration scanForAnnotations Scanning elapsed time=40ms
[2023-01-07 03:47:51] [INFO   ] org.eclipse.jetty.webapp.StandardDescriptorProcessor visitServlet NO JSP Support for /airlines.war, did not find org.eclipse.jetty.jsp.JettyJspServlet
[2023-01-07 03:47:51] [INFO   ] org.jboss.weld.environment.servlet.EnhancedListener onStartup WELD-ENV-001008: Initialize Weld using ServletContainerInitializer
[2023-01-07 03:47:51] [INFO   ] org.jboss.weld.environment.deployment.discovery.DiscoveryStrategyFactory create WELD-ENV-000020: Using jandex for bean discovery
[2023-01-07 03:47:51] [INFO   ] org.jboss.weld.bootstrap.WeldStartup startContainer WELD-000101: Transactional services not available. Injection of @Inject UserTransaction not available. Transactional observers will be invoked synchronously.
[2023-01-07 03:47:51] [INFO   ] org.jboss.weld.environment.jetty.JettyLegacyContainer initialize WELD-ENV-001200: Jetty 7.2+ detected, CDI injection will be available in Servlets and Filters. Injection into Listeners should work on Jetty 9.1.1 and newer.
[2023-01-07 03:47:51] [INFO   ] org.jboss.resteasy.core.ResteasyDeploymentImpl processApplication RESTEASY002225: Deploying javax.ws.rs.core.Application: class io.smallrye.openapi.tck.OpenApiApplication$Proxy$_$$_WeldClientProxy
[2023-01-07 03:47:51] [WARN   ] org.jboss.resteasy.core.providerfactory.ResteasyProviderFactoryImpl registerProvider RESTEASY002155: Provider class org.jboss.resteasy.plugins.providers.jsonb.JsonBindingProvider is already registered.  2nd registration is being ignored.
[2023-01-07 03:47:51] [INFO   ] org.jboss.resteasy.core.ResteasyDeploymentImpl processApplication RESTEASY002225: Deploying javax.ws.rs.core.Application: class org.eclipse.microprofile.openapi.apps.airlines.JAXRSApp$Proxy$_$$_WeldClientProxy
[2023-01-07 03:47:51] [INFO   ] org.jboss.resteasy.core.ResteasyDeploymentImpl processApplication RESTEASY002220: Adding singleton resource org.eclipse.microprofile.openapi.apps.airlines.resources.AirlinesResource from Application class org.eclipse.microprofile.openapi.apps.airlines.JAXRSApp$Proxy$_$$_WeldClientProxy
[2023-01-07 03:47:51] [INFO   ] org.jboss.resteasy.core.ResteasyDeploymentImpl processApplication RESTEASY002220: Adding singleton resource org.eclipse.microprofile.openapi.apps.airlines.resources.ReviewResource from Application class org.eclipse.microprofile.openapi.apps.airlines.JAXRSApp$Proxy$_$$_WeldClientProxy
[2023-01-07 03:47:51] [INFO   ] org.jboss.resteasy.core.ResteasyDeploymentImpl processApplication RESTEASY002220: Adding singleton resource org.eclipse.microprofile.openapi.apps.airlines.resources.AvailabilityResource from Application class org.eclipse.microprofile.openapi.apps.airlines.JAXRSApp$Proxy$_$$_WeldClientProxy
[2023-01-07 03:47:51] [INFO   ] org.jboss.resteasy.core.ResteasyDeploymentImpl processApplication RESTEASY002220: Adding singleton resource org.eclipse.microprofile.openapi.apps.airlines.resources.bookings.BookingResource from Application class org.eclipse.microprofile.openapi.apps.airlines.JAXRSApp$Proxy$_$$_WeldClientProxy
[2023-01-07 03:47:51] [INFO   ] org.eclipse.jetty.server.handler.ContextHandler doStart Started o.e.j.w.WebAppContext@716a2c04{/airlines.war,file:///tmp/jetty-localhost-8080-export9343614524074140600airlines.war-_export9343614524074140600airlines-any-3795372960572613811/webapp/,AVAILABLE}{/home/gabsko/breaking-updates/testsuite/tck/target/arquillian-jetty-temp/export9343614524074140600airlines.war}
[2023-01-07 03:47:51] [INFO   ] org.eclipse.jetty.webapp.WebAppContext dumpUrl export9343614524074140600airlines at http://ServerConnector@528c868{HTTP/1.1,[http/1.1]}{localhost:8080}/airlines.war
[2023-01-07 03:47:51] [INFO   ] org.eclipse.jetty.server.handler.ContextHandler doStop Stopped o.e.j.w.WebAppContext@716a2c04{/airlines.war,null,UNAVAILABLE}{/home/gabsko/breaking-updates/testsuite/tck/target/arquillian-jetty-temp/export9343614524074140600airlines.war}
[2023-01-07 03:47:52] [INFO   ] org.jboss.arquillian.container.jetty.embedded_9.ArquillianAppProvider createApp Webapp archive location: file:/home/gabsko/breaking-updates/testsuite/tck/target/arquillian-jetty-temp/export5407936003530684512airlinesFiltered.war
[2023-01-07 03:47:52] [INFO   ] org.eclipse.jetty.annotations.AnnotationConfiguration scanForAnnotations Scanning elapsed time=37ms
[2023-01-07 03:47:52] [INFO   ] org.eclipse.jetty.webapp.StandardDescriptorProcessor visitServlet NO JSP Support for /airlinesFiltered.war, did not find org.eclipse.jetty.jsp.JettyJspServlet
[2023-01-07 03:47:52] [INFO   ] org.jboss.weld.environment.servlet.EnhancedListener onStartup WELD-ENV-001008: Initialize Weld using ServletContainerInitializer
[2023-01-07 03:47:52] [INFO   ] org.jboss.weld.environment.deployment.discovery.DiscoveryStrategyFactory create WELD-ENV-000020: Using jandex for bean discovery
[2023-01-07 03:47:52] [INFO   ] org.jboss.weld.bootstrap.WeldStartup startContainer WELD-000101: Transactional services not available. Injection of @Inject UserTransaction not available. Transactional observers will be invoked synchronously.
[2023-01-07 03:47:52] [INFO   ] org.jboss.weld.environment.jetty.JettyLegacyContainer initialize WELD-ENV-001200: Jetty 7.2+ detected, CDI injection will be available in Servlets and Filters. Injection into Listeners should work on Jetty 9.1.1 and newer.
[2023-01-07 03:47:52] [INFO   ] org.jboss.resteasy.core.ResteasyDeploymentImpl processApplication RESTEASY002225: Deploying javax.ws.rs.core.Application: class io.smallrye.openapi.tck.OpenApiApplication$Proxy$_$$_WeldClientProxy
[2023-01-07 03:47:52] [WARN   ] org.jboss.resteasy.core.providerfactory.ResteasyProviderFactoryImpl registerProvider RESTEASY002155: Provider class org.jboss.resteasy.plugins.providers.jsonb.JsonBindingProvider is already registered.  2nd registration is being ignored.
[2023-01-07 03:47:52] [INFO   ] org.jboss.resteasy.core.ResteasyDeploymentImpl processApplication RESTEASY002225: Deploying javax.ws.rs.core.Application: class org.eclipse.microprofile.openapi.apps.airlines.JAXRSApp$Proxy$_$$_WeldClientProxy
[2023-01-07 03:47:52] [INFO   ] org.jboss.resteasy.core.ResteasyDeploymentImpl processApplication RESTEASY002220: Adding singleton resource org.eclipse.microprofile.openapi.apps.airlines.resources.bookings.BookingResource from Application class org.eclipse.microprofile.openapi.apps.airlines.JAXRSApp$Proxy$_$$_WeldClientProxy
[2023-01-07 03:47:52] [INFO   ] org.jboss.resteasy.core.ResteasyDeploymentImpl processApplication RESTEASY002220: Adding singleton resource org.eclipse.microprofile.openapi.apps.airlines.resources.AvailabilityResource from Application class org.eclipse.microprofile.openapi.apps.airlines.JAXRSApp$Proxy$_$$_WeldClientProxy
[2023-01-07 03:47:52] [INFO   ] org.jboss.resteasy.core.ResteasyDeploymentImpl processApplication RESTEASY002220: Adding singleton resource org.eclipse.microprofile.openapi.apps.airlines.resources.ReviewResource from Application class org.eclipse.microprofile.openapi.apps.airlines.JAXRSApp$Proxy$_$$_WeldClientProxy
[2023-01-07 03:47:52] [INFO   ] org.jboss.resteasy.core.ResteasyDeploymentImpl processApplication RESTEASY002220: Adding singleton resource org.eclipse.microprofile.openapi.apps.airlines.resources.AirlinesResource from Application class org.eclipse.microprofile.openapi.apps.airlines.JAXRSApp$Proxy$_$$_WeldClientProxy
[2023-01-07 03:47:52] [INFO   ] org.eclipse.jetty.server.handler.ContextHandler doStart Started o.e.j.w.WebAppContext@16c1fc82{/airlinesFiltered.war,file:///tmp/jetty-localhost-8080-export5407936003530684512airlinesFiltered.war-_export5407936003530684512airlinesFiltered-any-316755702083951162/webapp/,AVAILABLE}{/home/gabsko/breaking-updates/testsuite/tck/target/arquillian-jetty-temp/export5407936003530684512airlinesFiltered.war}
[2023-01-07 03:47:52] [INFO   ] org.eclipse.jetty.webapp.WebAppContext dumpUrl export5407936003530684512airlinesFiltered at http://ServerConnector@528c868{HTTP/1.1,[http/1.1]}{localhost:8080}/airlinesFiltered.war
[2023-01-07 03:47:53] [INFO   ] org.eclipse.jetty.server.handler.ContextHandler doStop Stopped o.e.j.w.WebAppContext@16c1fc82{/airlinesFiltered.war,null,UNAVAILABLE}{/home/gabsko/breaking-updates/testsuite/tck/target/arquillian-jetty-temp/export5407936003530684512airlinesFiltered.war}
[2023-01-07 03:47:54] [INFO   ] org.jboss.arquillian.container.jetty.embedded_9.ArquillianAppProvider createApp Webapp archive location: file:/home/gabsko/breaking-updates/testsuite/tck/target/arquillian-jetty-temp/export130238059112324231130be34b41-4d1c-4825-b125-037e5c95e825.war
[2023-01-07 03:47:54] [INFO   ] org.eclipse.jetty.annotations.AnnotationConfiguration scanForAnnotations Scanning elapsed time=37ms
[2023-01-07 03:47:54] [INFO   ] org.eclipse.jetty.webapp.StandardDescriptorProcessor visitServlet NO JSP Support for /0be34b41-4d1c-4825-b125-037e5c95e825.war, did not find org.eclipse.jetty.jsp.JettyJspServlet
[2023-01-07 03:47:54] [INFO   ] org.jboss.weld.environment.servlet.EnhancedListener onStartup WELD-ENV-001008: Initialize Weld using ServletContainerInitializer
[2023-01-07 03:47:54] [INFO   ] org.jboss.weld.environment.deployment.discovery.DiscoveryStrategyFactory create WELD-ENV-000020: Using jandex for bean discovery
[2023-01-07 03:47:54] [INFO   ] org.jboss.weld.bootstrap.WeldStartup startContainer WELD-000101: Transactional services not available. Injection of @Inject UserTransaction not available. Transactional observers will be invoked synchronously.
[2023-01-07 03:47:54] [INFO   ] org.jboss.weld.environment.jetty.JettyLegacyContainer initialize WELD-ENV-001200: Jetty 7.2+ detected, CDI injection will be available in Servlets and Filters. Injection into Listeners should work on Jetty 9.1.1 and newer.
[2023-01-07 03:47:54] [INFO   ] org.jboss.resteasy.core.ResteasyDeploymentImpl processApplication RESTEASY002225: Deploying javax.ws.rs.core.Application: class io.smallrye.openapi.tck.OpenApiApplication$Proxy$_$$_WeldClientProxy
[2023-01-07 03:47:54] [WARN   ] org.jboss.resteasy.core.providerfactory.ResteasyProviderFactoryImpl registerProvider RESTEASY002155: Provider class org.jboss.resteasy.plugins.providers.jsonb.JsonBindingProvider is already registered.  2nd registration is being ignored.
[2023-01-07 03:47:54] [INFO   ] org.eclipse.jetty.server.handler.ContextHandler doStart Started o.e.j.w.WebAppContext@13eb146f{/0be34b41-4d1c-4825-b125-037e5c95e825.war,file:///tmp/jetty-localhost-8080-export130238059112324231130be34b41-4d1c-4825-b125-037e5c95e825.war-_export130238059112324231130be34b41-4d1c-4825-b125-037e5c95e825-any-7520407684267056505/webapp/,AVAILABLE}{/home/gabsko/breaking-updates/testsuite/tck/target/arquillian-jetty-temp/export130238059112324231130be34b41-4d1c-4825-b125-037e5c95e825.war}
[2023-01-07 03:47:54] [INFO   ] org.eclipse.jetty.webapp.WebAppContext dumpUrl export130238059112324231130be34b41-4d1c-4825-b125-037e5c95e825 at http://ServerConnector@528c868{HTTP/1.1,[http/1.1]}{localhost:8080}/0be34b41-4d1c-4825-b125-037e5c95e825.war
[2023-01-07 03:47:55] [INFO   ] org.eclipse.jetty.server.handler.ContextHandler doStop Stopped o.e.j.w.WebAppContext@13eb146f{/0be34b41-4d1c-4825-b125-037e5c95e825.war,null,UNAVAILABLE}{/home/gabsko/breaking-updates/testsuite/tck/target/arquillian-jetty-temp/export130238059112324231130be34b41-4d1c-4825-b125-037e5c95e825.war}
[2023-01-07 03:47:55] [INFO   ] io.smallrye.openapi.runtime.scanner.SchemaRegistry lambda$new$2 SROAP04004: Configured schema for java.time.Instant has been registered
[2023-01-07 03:47:55] [INFO   ] org.jboss.arquillian.container.jetty.embedded_9.ArquillianAppProvider createApp Webapp archive location: file:/home/gabsko/breaking-updates/testsuite/tck/target/arquillian-jetty-temp/export6279244712465178161petstore.war
[2023-01-07 03:47:55] [INFO   ] org.eclipse.jetty.annotations.AnnotationConfiguration scanForAnnotations Scanning elapsed time=51ms
[2023-01-07 03:47:55] [INFO   ] org.eclipse.jetty.webapp.StandardDescriptorProcessor visitServlet NO JSP Support for /petstore.war, did not find org.eclipse.jetty.jsp.JettyJspServlet
[2023-01-07 03:47:55] [INFO   ] org.jboss.weld.environment.servlet.EnhancedListener onStartup WELD-ENV-001008: Initialize Weld using ServletContainerInitializer
[2023-01-07 03:47:55] [INFO   ] org.jboss.weld.environment.deployment.discovery.DiscoveryStrategyFactory create WELD-ENV-000020: Using jandex for bean discovery
[2023-01-07 03:47:55] [INFO   ] org.jboss.weld.bootstrap.WeldStartup startContainer WELD-000101: Transactional services not available. Injection of @Inject UserTransaction not available. Transactional observers will be invoked synchronously.
[2023-01-07 03:47:55] [INFO   ] org.jboss.weld.environment.jetty.JettyLegacyContainer initialize WELD-ENV-001200: Jetty 7.2+ detected, CDI injection will be available in Servlets and Filters. Injection into Listeners should work on Jetty 9.1.1 and newer.
[2023-01-07 03:47:55] [INFO   ] org.jboss.resteasy.core.ResteasyDeploymentImpl processApplication RESTEASY002225: Deploying javax.ws.rs.core.Application: class io.smallrye.openapi.tck.OpenApiApplication$Proxy$_$$_WeldClientProxy
[2023-01-07 03:47:55] [WARN   ] org.jboss.resteasy.core.providerfactory.ResteasyProviderFactoryImpl registerProvider RESTEASY002155: Provider class org.jboss.resteasy.plugins.providers.jsonb.JsonBindingProvider is already registered.  2nd registration is being ignored.
[2023-01-07 03:47:55] [INFO   ] org.jboss.resteasy.core.ResteasyDeploymentImpl processApplication RESTEASY002225: Deploying javax.ws.rs.core.Application: class org.eclipse.microprofile.openapi.apps.petstore.PetStoreApp$Proxy$_$$_WeldClientProxy
[2023-01-07 03:47:55] [INFO   ] org.jboss.resteasy.core.ResteasyDeploymentImpl processApplication RESTEASY002220: Adding singleton resource org.eclipse.microprofile.openapi.apps.petstore.resource.PetResource from Application class org.eclipse.microprofile.openapi.apps.petstore.PetStoreApp$Proxy$_$$_WeldClientProxy
[2023-01-07 03:47:55] [INFO   ] org.jboss.resteasy.core.ResteasyDeploymentImpl processApplication RESTEASY002220: Adding singleton resource org.eclipse.microprofile.openapi.apps.petstore.resource.PetStoreResource from Application class org.eclipse.microprofile.openapi.apps.petstore.PetStoreApp$Proxy$_$$_WeldClientProxy
[2023-01-07 03:47:55] [INFO   ] org.jboss.resteasy.core.ResteasyDeploymentImpl processApplication RESTEASY002220: Adding singleton resource org.eclipse.microprofile.openapi.apps.petstore.resource.UserResource from Application class org.eclipse.microprofile.openapi.apps.petstore.PetStoreApp$Proxy$_$$_WeldClientProxy
[2023-01-07 03:47:55] [INFO   ] org.eclipse.jetty.server.handler.ContextHandler doStart Started o.e.j.w.WebAppContext@372bcdc6{/petstore.war,file:///tmp/jetty-localhost-8080-export6279244712465178161petstore.war-_export6279244712465178161petstore-any-16184400929780950971/webapp/,AVAILABLE}{/home/gabsko/breaking-updates/testsuite/tck/target/arquillian-jetty-temp/export6279244712465178161petstore.war}
[2023-01-07 03:47:55] [INFO   ] org.eclipse.jetty.webapp.WebAppContext dumpUrl export6279244712465178161petstore at http://ServerConnector@528c868{HTTP/1.1,[http/1.1]}{localhost:8080}/petstore.war
[2023-01-07 03:47:56] [INFO   ] org.eclipse.jetty.server.handler.ContextHandler doStop Stopped o.e.j.w.WebAppContext@372bcdc6{/petstore.war,null,UNAVAILABLE}{/home/gabsko/breaking-updates/testsuite/tck/target/arquillian-jetty-temp/export6279244712465178161petstore.war}
[2023-01-07 03:47:56] [WARN   ] io.smallrye.openapi.runtime.scanner.OpenApiDataObjectScanner process SROAP04005: Could not find schema class in index: org.eclipse.microprofile.openapi.apps.airlines.model.Flight
[2023-01-07 03:47:56] [WARN   ] io.smallrye.openapi.runtime.scanner.OpenApiDataObjectScanner process SROAP04005: Could not find schema class in index: org.eclipse.microprofile.openapi.apps.airlines.model.Review
[2023-01-07 03:47:56] [WARN   ] io.smallrye.openapi.runtime.scanner.OpenApiDataObjectScanner process SROAP04005: Could not find schema class in index: org.eclipse.microprofile.openapi.apps.airlines.model.Review
[2023-01-07 03:47:56] [WARN   ] io.smallrye.openapi.runtime.scanner.OpenApiDataObjectScanner process SROAP04005: Could not find schema class in index: org.eclipse.microprofile.openapi.apps.airlines.model.Review
[2023-01-07 03:47:56] [WARN   ] io.smallrye.openapi.runtime.scanner.OpenApiDataObjectScanner process SROAP04005: Could not find schema class in index: org.eclipse.microprofile.openapi.apps.airlines.model.Review
[2023-01-07 03:47:56] [WARN   ] io.smallrye.openapi.runtime.scanner.OpenApiDataObjectScanner process SROAP04005: Could not find schema class in index: org.eclipse.microprofile.openapi.apps.airlines.model.Review
[2023-01-07 03:47:56] [WARN   ] io.smallrye.openapi.runtime.scanner.OpenApiDataObjectScanner process SROAP04005: Could not find schema class in index: org.eclipse.microprofile.openapi.apps.airlines.model.Review
[2023-01-07 03:47:56] [INFO   ] org.jboss.arquillian.container.jetty.embedded_9.ArquillianAppProvider createApp Webapp archive location: file:/home/gabsko/breaking-updates/testsuite/tck/target/arquillian-jetty-temp/export8474616657483541607airlines.war
[2023-01-07 03:47:56] [INFO   ] org.eclipse.jetty.annotations.AnnotationConfiguration scanForAnnotations Scanning elapsed time=38ms
[2023-01-07 03:47:56] [INFO   ] org.eclipse.jetty.webapp.StandardDescriptorProcessor visitServlet NO JSP Support for /airlines.war, did not find org.eclipse.jetty.jsp.JettyJspServlet
[2023-01-07 03:47:56] [INFO   ] org.jboss.weld.environment.servlet.EnhancedListener onStartup WELD-ENV-001008: Initialize Weld using ServletContainerInitializer
[2023-01-07 03:47:56] [INFO   ] org.jboss.weld.environment.deployment.discovery.DiscoveryStrategyFactory create WELD-ENV-000020: Using jandex for bean discovery
[2023-01-07 03:47:56] [INFO   ] org.jboss.weld.bootstrap.WeldStartup startContainer WELD-000101: Transactional services not available. Injection of @Inject UserTransaction not available. Transactional observers will be invoked synchronously.
[2023-01-07 03:47:56] [INFO   ] org.jboss.weld.environment.jetty.JettyLegacyContainer initialize WELD-ENV-001200: Jetty 7.2+ detected, CDI injection will be available in Servlets and Filters. Injection into Listeners should work on Jetty 9.1.1 and newer.
[2023-01-07 03:47:56] [INFO   ] org.jboss.resteasy.core.ResteasyDeploymentImpl processApplication RESTEASY002225: Deploying javax.ws.rs.core.Application: class io.smallrye.openapi.tck.OpenApiApplication$Proxy$_$$_WeldClientProxy
[2023-01-07 03:47:56] [WARN   ] org.jboss.resteasy.core.providerfactory.ResteasyProviderFactoryImpl registerProvider RESTEASY002155: Provider class org.jboss.resteasy.plugins.providers.jsonb.JsonBindingProvider is already registered.  2nd registration is being ignored.
[2023-01-07 03:47:56] [INFO   ] org.jboss.resteasy.core.ResteasyDeploymentImpl processApplication RESTEASY002225: Deploying javax.ws.rs.core.Application: class org.eclipse.microprofile.openapi.apps.airlines.JAXRSApp$Proxy$_$$_WeldClientProxy
[2023-01-07 03:47:56] [INFO   ] org.jboss.resteasy.core.ResteasyDeploymentImpl processApplication RESTEASY002220: Adding singleton resource org.eclipse.microprofile.openapi.apps.airlines.resources.ReviewResource from Application class org.eclipse.microprofile.openapi.apps.airlines.JAXRSApp$Proxy$_$$_WeldClientProxy
[2023-01-07 03:47:56] [INFO   ] org.jboss.resteasy.core.ResteasyDeploymentImpl processApplication RESTEASY002220: Adding singleton resource org.eclipse.microprofile.openapi.apps.airlines.resources.bookings.BookingResource from Application class org.eclipse.microprofile.openapi.apps.airlines.JAXRSApp$Proxy$_$$_WeldClientProxy
[2023-01-07 03:47:56] [INFO   ] org.jboss.resteasy.core.ResteasyDeploymentImpl processApplication RESTEASY002220: Adding singleton resource org.eclipse.microprofile.openapi.apps.airlines.resources.AvailabilityResource from Application class org.eclipse.microprofile.openapi.apps.airlines.JAXRSApp$Proxy$_$$_WeldClientProxy
[2023-01-07 03:47:56] [INFO   ] org.jboss.resteasy.core.ResteasyDeploymentImpl processApplication RESTEASY002220: Adding singleton resource org.eclipse.microprofile.openapi.apps.airlines.resources.AirlinesResource from Application class org.eclipse.microprofile.openapi.apps.airlines.JAXRSApp$Proxy$_$$_WeldClientProxy
[2023-01-07 03:47:56] [INFO   ] org.eclipse.jetty.server.handler.ContextHandler doStart Started o.e.j.w.WebAppContext@67933479{/airlines.war,file:///tmp/jetty-localhost-8080-export8474616657483541607airlines.war-_export8474616657483541607airlines-any-7777326469465695753/webapp/,AVAILABLE}{/home/gabsko/breaking-updates/testsuite/tck/target/arquillian-jetty-temp/export8474616657483541607airlines.war}
[2023-01-07 03:47:56] [INFO   ] org.eclipse.jetty.webapp.WebAppContext dumpUrl export8474616657483541607airlines at http://ServerConnector@528c868{HTTP/1.1,[http/1.1]}{localhost:8080}/airlines.war
[2023-01-07 03:47:56] [INFO   ] org.eclipse.jetty.server.handler.ContextHandler doStop Stopped o.e.j.w.WebAppContext@67933479{/airlines.war,null,UNAVAILABLE}{/home/gabsko/breaking-updates/testsuite/tck/target/arquillian-jetty-temp/export8474616657483541607airlines.war}
[2023-01-07 03:47:57] [INFO   ] org.jboss.arquillian.container.jetty.embedded_9.ArquillianAppProvider createApp Webapp archive location: file:/home/gabsko/breaking-updates/testsuite/tck/target/arquillian-jetty-temp/export16005521126293200002fd4f6939-14e4-4300-a36c-5bf99c1661f5.war
[2023-01-07 03:47:57] [INFO   ] org.eclipse.jetty.annotations.AnnotationConfiguration scanForAnnotations Scanning elapsed time=42ms
[2023-01-07 03:47:57] [INFO   ] org.eclipse.jetty.webapp.StandardDescriptorProcessor visitServlet NO JSP Support for /fd4f6939-14e4-4300-a36c-5bf99c1661f5.war, did not find org.eclipse.jetty.jsp.JettyJspServlet
[2023-01-07 03:47:57] [INFO   ] org.jboss.weld.environment.servlet.EnhancedListener onStartup WELD-ENV-001008: Initialize Weld using ServletContainerInitializer
[2023-01-07 03:47:57] [INFO   ] org.jboss.weld.environment.deployment.discovery.DiscoveryStrategyFactory create WELD-ENV-000020: Using jandex for bean discovery
[2023-01-07 03:47:57] [INFO   ] org.jboss.weld.bootstrap.WeldStartup startContainer WELD-000101: Transactional services not available. Injection of @Inject UserTransaction not available. Transactional observers will be invoked synchronously.
[2023-01-07 03:47:57] [INFO   ] org.jboss.weld.environment.jetty.JettyLegacyContainer initialize WELD-ENV-001200: Jetty 7.2+ detected, CDI injection will be available in Servlets and Filters. Injection into Listeners should work on Jetty 9.1.1 and newer.
[2023-01-07 03:47:57] [INFO   ] org.jboss.resteasy.core.ResteasyDeploymentImpl processApplication RESTEASY002225: Deploying javax.ws.rs.core.Application: class io.smallrye.openapi.tck.OpenApiApplication$Proxy$_$$_WeldClientProxy
[2023-01-07 03:47:57] [WARN   ] org.jboss.resteasy.core.providerfactory.ResteasyProviderFactoryImpl registerProvider RESTEASY002155: Provider class org.jboss.resteasy.plugins.providers.jsonb.JsonBindingProvider is already registered.  2nd registration is being ignored.
[2023-01-07 03:47:57] [INFO   ] org.eclipse.jetty.server.handler.ContextHandler doStart Started o.e.j.w.WebAppContext@52bfc174{/fd4f6939-14e4-4300-a36c-5bf99c1661f5.war,file:///tmp/jetty-localhost-8080-export16005521126293200002fd4f6939-14e4-4300-a36c-5bf99c1661f5.war-_export16005521126293200002fd4f6939-14e4-4300-a36c-5bf99c1661f5-any-1432265909755848199/webapp/,AVAILABLE}{/home/gabsko/breaking-updates/testsuite/tck/target/arquillian-jetty-temp/export16005521126293200002fd4f6939-14e4-4300-a36c-5bf99c1661f5.war}
[2023-01-07 03:47:57] [INFO   ] org.eclipse.jetty.webapp.WebAppContext dumpUrl export16005521126293200002fd4f6939-14e4-4300-a36c-5bf99c1661f5 at http://ServerConnector@528c868{HTTP/1.1,[http/1.1]}{localhost:8080}/fd4f6939-14e4-4300-a36c-5bf99c1661f5.war
[2023-01-07 03:47:57] [INFO   ] org.eclipse.jetty.server.handler.ContextHandler doStop Stopped o.e.j.w.WebAppContext@52bfc174{/fd4f6939-14e4-4300-a36c-5bf99c1661f5.war,null,UNAVAILABLE}{/home/gabsko/breaking-updates/testsuite/tck/target/arquillian-jetty-temp/export16005521126293200002fd4f6939-14e4-4300-a36c-5bf99c1661f5.war}
[2023-01-07 03:47:58] [INFO   ] org.jboss.arquillian.container.jetty.embedded_9.ArquillianAppProvider createApp Webapp archive location: file:/home/gabsko/breaking-updates/testsuite/tck/target/arquillian-jetty-temp/export10256003162971560412static.war
[2023-01-07 03:47:58] [INFO   ] org.eclipse.jetty.annotations.AnnotationConfiguration scanForAnnotations Scanning elapsed time=30ms
[2023-01-07 03:47:58] [INFO   ] org.eclipse.jetty.webapp.StandardDescriptorProcessor visitServlet NO JSP Support for /static.war, did not find org.eclipse.jetty.jsp.JettyJspServlet
[2023-01-07 03:47:58] [INFO   ] org.jboss.weld.environment.servlet.EnhancedListener onStartup WELD-ENV-001008: Initialize Weld using ServletContainerInitializer
[2023-01-07 03:47:58] [INFO   ] org.jboss.weld.environment.deployment.discovery.DiscoveryStrategyFactory create WELD-ENV-000020: Using jandex for bean discovery
[2023-01-07 03:47:58] [INFO   ] org.jboss.weld.bootstrap.WeldStartup startContainer WELD-000101: Transactional services not available. Injection of @Inject UserTransaction not available. Transactional observers will be invoked synchronously.
[2023-01-07 03:47:58] [INFO   ] org.jboss.weld.environment.jetty.JettyLegacyContainer initialize WELD-ENV-001200: Jetty 7.2+ detected, CDI injection will be available in Servlets and Filters. Injection into Listeners should work on Jetty 9.1.1 and newer.
[2023-01-07 03:47:58] [INFO   ] org.jboss.resteasy.core.ResteasyDeploymentImpl processApplication RESTEASY002225: Deploying javax.ws.rs.core.Application: class io.smallrye.openapi.tck.OpenApiApplication$Proxy$_$$_WeldClientProxy
[2023-01-07 03:47:58] [WARN   ] org.jboss.resteasy.core.providerfactory.ResteasyProviderFactoryImpl registerProvider RESTEASY002155: Provider class org.jboss.resteasy.plugins.providers.jsonb.JsonBindingProvider is already registered.  2nd registration is being ignored.
[2023-01-07 03:47:58] [INFO   ] org.eclipse.jetty.server.handler.ContextHandler doStart Started o.e.j.w.WebAppContext@58c5fa8b{/static.war,file:///tmp/jetty-localhost-8080-export10256003162971560412static.war-_export10256003162971560412static-any-9754411561115822889/webapp/,AVAILABLE}{/home/gabsko/breaking-updates/testsuite/tck/target/arquillian-jetty-temp/export10256003162971560412static.war}
[2023-01-07 03:47:58] [INFO   ] org.eclipse.jetty.webapp.WebAppContext dumpUrl export10256003162971560412static at http://ServerConnector@528c868{HTTP/1.1,[http/1.1]}{localhost:8080}/static.war
[2023-01-07 03:47:59] [INFO   ] org.eclipse.jetty.server.handler.ContextHandler doStop Stopped o.e.j.w.WebAppContext@58c5fa8b{/static.war,null,UNAVAILABLE}{/home/gabsko/breaking-updates/testsuite/tck/target/arquillian-jetty-temp/export10256003162971560412static.war}
[2023-01-07 03:47:59] [WARN   ] io.smallrye.openapi.runtime.scanner.OpenApiDataObjectScanner process SROAP04005: Could not find schema class in index: org.eclipse.microprofile.openapi.apps.airlines.model.Booking
[2023-01-07 03:47:59] [WARN   ] io.smallrye.openapi.runtime.scanner.OpenApiDataObjectScanner process SROAP04005: Could not find schema class in index: org.eclipse.microprofile.openapi.apps.airlines.model.Booking
[2023-01-07 03:47:59] [WARN   ] io.smallrye.openapi.runtime.scanner.OpenApiDataObjectScanner process SROAP04005: Could not find schema class in index: org.eclipse.microprofile.openapi.apps.airlines.model.Booking
[2023-01-07 03:47:59] [WARN   ] io.smallrye.openapi.runtime.scanner.OpenApiDataObjectScanner process SROAP04005: Could not find schema class in index: org.eclipse.microprofile.openapi.apps.airlines.model.Booking
[2023-01-07 03:47:59] [INFO   ] org.jboss.arquillian.container.jetty.embedded_9.ArquillianAppProvider createApp Webapp archive location: file:/home/gabsko/breaking-updates/testsuite/tck/target/arquillian-jetty-temp/export3175980363457752140airlines.war
[2023-01-07 03:47:59] [INFO   ] org.eclipse.jetty.annotations.AnnotationConfiguration scanForAnnotations Scanning elapsed time=52ms
[2023-01-07 03:47:59] [INFO   ] org.eclipse.jetty.webapp.StandardDescriptorProcessor visitServlet NO JSP Support for /airlines.war, did not find org.eclipse.jetty.jsp.JettyJspServlet
[2023-01-07 03:47:59] [INFO   ] org.jboss.weld.environment.servlet.EnhancedListener onStartup WELD-ENV-001008: Initialize Weld using ServletContainerInitializer
[2023-01-07 03:47:59] [INFO   ] org.jboss.weld.environment.deployment.discovery.DiscoveryStrategyFactory create WELD-ENV-000020: Using jandex for bean discovery
[2023-01-07 03:47:59] [INFO   ] org.jboss.weld.bootstrap.WeldStartup startContainer WELD-000101: Transactional services not available. Injection of @Inject UserTransaction not available. Transactional observers will be invoked synchronously.
[2023-01-07 03:47:59] [INFO   ] org.jboss.weld.environment.jetty.JettyLegacyContainer initialize WELD-ENV-001200: Jetty 7.2+ detected, CDI injection will be available in Servlets and Filters. Injection into Listeners should work on Jetty 9.1.1 and newer.
[2023-01-07 03:47:59] [INFO   ] org.jboss.resteasy.core.ResteasyDeploymentImpl processApplication RESTEASY002225: Deploying javax.ws.rs.core.Application: class io.smallrye.openapi.tck.OpenApiApplication$Proxy$_$$_WeldClientProxy
[2023-01-07 03:47:59] [WARN   ] org.jboss.resteasy.core.providerfactory.ResteasyProviderFactoryImpl registerProvider RESTEASY002155: Provider class org.jboss.resteasy.plugins.providers.jsonb.JsonBindingProvider is already registered.  2nd registration is being ignored.
[2023-01-07 03:47:59] [INFO   ] org.jboss.resteasy.core.ResteasyDeploymentImpl processApplication RESTEASY002225: Deploying javax.ws.rs.core.Application: class org.eclipse.microprofile.openapi.apps.airlines.JAXRSApp$Proxy$_$$_WeldClientProxy
[2023-01-07 03:47:59] [INFO   ] org.jboss.resteasy.core.ResteasyDeploymentImpl processApplication RESTEASY002220: Adding singleton resource org.eclipse.microprofile.openapi.apps.airlines.resources.bookings.BookingResource from Application class org.eclipse.microprofile.openapi.apps.airlines.JAXRSApp$Proxy$_$$_WeldClientProxy
[2023-01-07 03:47:59] [INFO   ] org.jboss.resteasy.core.ResteasyDeploymentImpl processApplication RESTEASY002220: Adding singleton resource org.eclipse.microprofile.openapi.apps.airlines.resources.ReviewResource from Application class org.eclipse.microprofile.openapi.apps.airlines.JAXRSApp$Proxy$_$$_WeldClientProxy
[2023-01-07 03:47:59] [INFO   ] org.jboss.resteasy.core.ResteasyDeploymentImpl processApplication RESTEASY002220: Adding singleton resource org.eclipse.microprofile.openapi.apps.airlines.resources.AirlinesResource from Application class org.eclipse.microprofile.openapi.apps.airlines.JAXRSApp$Proxy$_$$_WeldClientProxy
[2023-01-07 03:47:59] [INFO   ] org.jboss.resteasy.core.ResteasyDeploymentImpl processApplication RESTEASY002220: Adding singleton resource org.eclipse.microprofile.openapi.apps.airlines.resources.AvailabilityResource from Application class org.eclipse.microprofile.openapi.apps.airlines.JAXRSApp$Proxy$_$$_WeldClientProxy
[2023-01-07 03:47:59] [INFO   ] org.eclipse.jetty.server.handler.ContextHandler doStart Started o.e.j.w.WebAppContext@4dc319d0{/airlines.war,file:///tmp/jetty-localhost-8080-export3175980363457752140airlines.war-_export3175980363457752140airlines-any-5881404856435030051/webapp/,AVAILABLE}{/home/gabsko/breaking-updates/testsuite/tck/target/arquillian-jetty-temp/export3175980363457752140airlines.war}
[2023-01-07 03:47:59] [INFO   ] org.eclipse.jetty.webapp.WebAppContext dumpUrl export3175980363457752140airlines at http://ServerConnector@528c868{HTTP/1.1,[http/1.1]}{localhost:8080}/airlines.war
[2023-01-07 03:47:59] [INFO   ] org.eclipse.jetty.server.handler.ContextHandler doStop Stopped o.e.j.w.WebAppContext@4dc319d0{/airlines.war,null,UNAVAILABLE}{/home/gabsko/breaking-updates/testsuite/tck/target/arquillian-jetty-temp/export3175980363457752140airlines.war}
[2023-01-07 03:48:00] [INFO   ] org.jboss.arquillian.container.jetty.embedded_9.ArquillianAppProvider createApp Webapp archive location: file:/home/gabsko/breaking-updates/testsuite/tck/target/arquillian-jetty-temp/export18160092349512277083airlines.war
[2023-01-07 03:48:00] [INFO   ] org.eclipse.jetty.annotations.AnnotationConfiguration scanForAnnotations Scanning elapsed time=54ms
[2023-01-07 03:48:00] [INFO   ] org.eclipse.jetty.webapp.StandardDescriptorProcessor visitServlet NO JSP Support for /airlines.war, did not find org.eclipse.jetty.jsp.JettyJspServlet
[2023-01-07 03:48:00] [INFO   ] org.jboss.weld.environment.servlet.EnhancedListener onStartup WELD-ENV-001008: Initialize Weld using ServletContainerInitializer
[2023-01-07 03:48:00] [INFO   ] org.jboss.weld.environment.deployment.discovery.DiscoveryStrategyFactory create WELD-ENV-000020: Using jandex for bean discovery
[2023-01-07 03:48:00] [INFO   ] org.jboss.weld.bootstrap.WeldStartup startContainer WELD-000101: Transactional services not available. Injection of @Inject UserTransaction not available. Transactional observers will be invoked synchronously.
[2023-01-07 03:48:00] [INFO   ] org.jboss.weld.environment.jetty.JettyLegacyContainer initialize WELD-ENV-001200: Jetty 7.2+ detected, CDI injection will be available in Servlets and Filters. Injection into Listeners should work on Jetty 9.1.1 and newer.
[2023-01-07 03:48:00] [INFO   ] org.jboss.resteasy.core.ResteasyDeploymentImpl processApplication RESTEASY002225: Deploying javax.ws.rs.core.Application: class io.smallrye.openapi.tck.OpenApiApplication$Proxy$_$$_WeldClientProxy
[2023-01-07 03:48:00] [WARN   ] org.jboss.resteasy.core.providerfactory.ResteasyProviderFactoryImpl registerProvider RESTEASY002155: Provider class org.jboss.resteasy.plugins.providers.jsonb.JsonBindingProvider is already registered.  2nd registration is being ignored.
[2023-01-07 03:48:00] [INFO   ] org.jboss.resteasy.core.ResteasyDeploymentImpl processApplication RESTEASY002225: Deploying javax.ws.rs.core.Application: class org.eclipse.microprofile.openapi.apps.airlines.JAXRSApp$Proxy$_$$_WeldClientProxy
[2023-01-07 03:48:00] [INFO   ] org.jboss.resteasy.core.ResteasyDeploymentImpl processApplication RESTEASY002220: Adding singleton resource org.eclipse.microprofile.openapi.apps.airlines.resources.ReviewResource from Application class org.eclipse.microprofile.openapi.apps.airlines.JAXRSApp$Proxy$_$$_WeldClientProxy
[2023-01-07 03:48:00] [INFO   ] org.jboss.resteasy.core.ResteasyDeploymentImpl processApplication RESTEASY002220: Adding singleton resource org.eclipse.microprofile.openapi.apps.airlines.resources.AirlinesResource from Application class org.eclipse.microprofile.openapi.apps.airlines.JAXRSApp$Proxy$_$$_WeldClientProxy
[2023-01-07 03:48:00] [INFO   ] org.jboss.resteasy.core.ResteasyDeploymentImpl processApplication RESTEASY002220: Adding singleton resource org.eclipse.microprofile.openapi.apps.airlines.resources.AvailabilityResource from Application class org.eclipse.microprofile.openapi.apps.airlines.JAXRSApp$Proxy$_$$_WeldClientProxy
[2023-01-07 03:48:00] [INFO   ] org.jboss.resteasy.core.ResteasyDeploymentImpl processApplication RESTEASY002220: Adding singleton resource org.eclipse.microprofile.openapi.apps.airlines.resources.bookings.BookingResource from Application class org.eclipse.microprofile.openapi.apps.airlines.JAXRSApp$Proxy$_$$_WeldClientProxy
[2023-01-07 03:48:00] [INFO   ] org.eclipse.jetty.server.handler.ContextHandler doStart Started o.e.j.w.WebAppContext@5ef2b3b1{/airlines.war,file:///tmp/jetty-localhost-8080-export18160092349512277083airlines.war-_export18160092349512277083airlines-any-17845385061557584128/webapp/,AVAILABLE}{/home/gabsko/breaking-updates/testsuite/tck/target/arquillian-jetty-temp/export18160092349512277083airlines.war}
[2023-01-07 03:48:00] [INFO   ] org.eclipse.jetty.webapp.WebAppContext dumpUrl export18160092349512277083airlines at http://ServerConnector@528c868{HTTP/1.1,[http/1.1]}{localhost:8080}/airlines.war
[2023-01-07 03:48:00] [INFO   ] org.eclipse.jetty.server.handler.ContextHandler doStop Stopped o.e.j.w.WebAppContext@5ef2b3b1{/airlines.war,null,UNAVAILABLE}{/home/gabsko/breaking-updates/testsuite/tck/target/arquillian-jetty-temp/export18160092349512277083airlines.war}
[2023-01-07 03:48:01] [INFO   ] org.jboss.arquillian.container.jetty.embedded_9.ArquillianAppProvider createApp Webapp archive location: file:/home/gabsko/breaking-updates/testsuite/tck/target/arquillian-jetty-temp/export15212347240831644414airlines.war
[2023-01-07 03:48:01] [INFO   ] org.eclipse.jetty.annotations.AnnotationConfiguration scanForAnnotations Scanning elapsed time=41ms
[2023-01-07 03:48:01] [INFO   ] org.eclipse.jetty.webapp.StandardDescriptorProcessor visitServlet NO JSP Support for /airlines.war, did not find org.eclipse.jetty.jsp.JettyJspServlet
[2023-01-07 03:48:01] [INFO   ] org.jboss.weld.environment.servlet.EnhancedListener onStartup WELD-ENV-001008: Initialize Weld using ServletContainerInitializer
[2023-01-07 03:48:01] [INFO   ] org.jboss.weld.environment.deployment.discovery.DiscoveryStrategyFactory create WELD-ENV-000020: Using jandex for bean discovery
[2023-01-07 03:48:01] [INFO   ] org.jboss.weld.bootstrap.WeldStartup startContainer WELD-000101: Transactional services not available. Injection of @Inject UserTransaction not available. Transactional observers will be invoked synchronously.
[2023-01-07 03:48:01] [INFO   ] org.jboss.weld.environment.jetty.JettyLegacyContainer initialize WELD-ENV-001200: Jetty 7.2+ detected, CDI injection will be available in Servlets and Filters. Injection into Listeners should work on Jetty 9.1.1 and newer.
[2023-01-07 03:48:01] [INFO   ] org.jboss.resteasy.core.ResteasyDeploymentImpl processApplication RESTEASY002225: Deploying javax.ws.rs.core.Application: class io.smallrye.openapi.tck.OpenApiApplication$Proxy$_$$_WeldClientProxy
[2023-01-07 03:48:01] [WARN   ] org.jboss.resteasy.core.providerfactory.ResteasyProviderFactoryImpl registerProvider RESTEASY002155: Provider class org.jboss.resteasy.plugins.providers.jsonb.JsonBindingProvider is already registered.  2nd registration is being ignored.
[2023-01-07 03:48:01] [INFO   ] org.jboss.resteasy.core.ResteasyDeploymentImpl processApplication RESTEASY002225: Deploying javax.ws.rs.core.Application: class org.eclipse.microprofile.openapi.apps.airlines.JAXRSApp$Proxy$_$$_WeldClientProxy
[2023-01-07 03:48:01] [INFO   ] org.jboss.resteasy.core.ResteasyDeploymentImpl processApplication RESTEASY002220: Adding singleton resource org.eclipse.microprofile.openapi.apps.airlines.resources.bookings.BookingResource from Application class org.eclipse.microprofile.openapi.apps.airlines.JAXRSApp$Proxy$_$$_WeldClientProxy
[2023-01-07 03:48:01] [INFO   ] org.jboss.resteasy.core.ResteasyDeploymentImpl processApplication RESTEASY002220: Adding singleton resource org.eclipse.microprofile.openapi.apps.airlines.resources.AirlinesResource from Application class org.eclipse.microprofile.openapi.apps.airlines.JAXRSApp$Proxy$_$$_WeldClientProxy
[2023-01-07 03:48:01] [INFO   ] org.jboss.resteasy.core.ResteasyDeploymentImpl processApplication RESTEASY002220: Adding singleton resource org.eclipse.microprofile.openapi.apps.airlines.resources.AvailabilityResource from Application class org.eclipse.microprofile.openapi.apps.airlines.JAXRSApp$Proxy$_$$_WeldClientProxy
[2023-01-07 03:48:01] [INFO   ] org.jboss.resteasy.core.ResteasyDeploymentImpl processApplication RESTEASY002220: Adding singleton resource org.eclipse.microprofile.openapi.apps.airlines.resources.ReviewResource from Application class org.eclipse.microprofile.openapi.apps.airlines.JAXRSApp$Proxy$_$$_WeldClientProxy
[2023-01-07 03:48:01] [INFO   ] org.eclipse.jetty.server.handler.ContextHandler doStart Started o.e.j.w.WebAppContext@2e4a6e36{/airlines.war,file:///tmp/jetty-localhost-8080-export15212347240831644414airlines.war-_export15212347240831644414airlines-any-3726111528456804256/webapp/,AVAILABLE}{/home/gabsko/breaking-updates/testsuite/tck/target/arquillian-jetty-temp/export15212347240831644414airlines.war}
[2023-01-07 03:48:01] [INFO   ] org.eclipse.jetty.webapp.WebAppContext dumpUrl export15212347240831644414airlines at http://ServerConnector@528c868{HTTP/1.1,[http/1.1]}{localhost:8080}/airlines.war
[2023-01-07 03:48:08] [INFO   ] org.eclipse.jetty.server.handler.ContextHandler doStop Stopped o.e.j.w.WebAppContext@2e4a6e36{/airlines.war,null,UNAVAILABLE}{/home/gabsko/breaking-updates/testsuite/tck/target/arquillian-jetty-temp/export15212347240831644414airlines.war}
[2023-01-07 03:48:09] [INFO   ] org.jboss.arquillian.container.jetty.embedded_9.ArquillianAppProvider createApp Webapp archive location: file:/home/gabsko/breaking-updates/testsuite/tck/target/arquillian-jetty-temp/export9963738866145236826airlinesReader.war
[2023-01-07 03:48:09] [INFO   ] org.eclipse.jetty.annotations.AnnotationConfiguration scanForAnnotations Scanning elapsed time=43ms
[2023-01-07 03:48:09] [INFO   ] org.eclipse.jetty.webapp.StandardDescriptorProcessor visitServlet NO JSP Support for /airlinesReader.war, did not find org.eclipse.jetty.jsp.JettyJspServlet
[2023-01-07 03:48:09] [INFO   ] org.jboss.weld.environment.servlet.EnhancedListener onStartup WELD-ENV-001008: Initialize Weld using ServletContainerInitializer
[2023-01-07 03:48:09] [INFO   ] org.jboss.weld.environment.deployment.discovery.DiscoveryStrategyFactory create WELD-ENV-000020: Using jandex for bean discovery
[2023-01-07 03:48:09] [INFO   ] org.jboss.weld.bootstrap.WeldStartup startContainer WELD-000101: Transactional services not available. Injection of @Inject UserTransaction not available. Transactional observers will be invoked synchronously.
[2023-01-07 03:48:09] [INFO   ] org.jboss.weld.environment.jetty.JettyLegacyContainer initialize WELD-ENV-001200: Jetty 7.2+ detected, CDI injection will be available in Servlets and Filters. Injection into Listeners should work on Jetty 9.1.1 and newer.
[2023-01-07 03:48:09] [INFO   ] org.jboss.resteasy.core.ResteasyDeploymentImpl processApplication RESTEASY002225: Deploying javax.ws.rs.core.Application: class io.smallrye.openapi.tck.OpenApiApplication$Proxy$_$$_WeldClientProxy
[2023-01-07 03:48:09] [WARN   ] org.jboss.resteasy.core.providerfactory.ResteasyProviderFactoryImpl registerProvider RESTEASY002155: Provider class org.jboss.resteasy.plugins.providers.jsonb.JsonBindingProvider is already registered.  2nd registration is being ignored.
[2023-01-07 03:48:09] [INFO   ] org.jboss.resteasy.core.ResteasyDeploymentImpl processApplication RESTEASY002225: Deploying javax.ws.rs.core.Application: class org.eclipse.microprofile.openapi.apps.airlines.JAXRSApp$Proxy$_$$_WeldClientProxy
[2023-01-07 03:48:09] [INFO   ] org.jboss.resteasy.core.ResteasyDeploymentImpl processApplication RESTEASY002220: Adding singleton resource org.eclipse.microprofile.openapi.apps.airlines.resources.ReviewResource from Application class org.eclipse.microprofile.openapi.apps.airlines.JAXRSApp$Proxy$_$$_WeldClientProxy
[2023-01-07 03:48:09] [INFO   ] org.jboss.resteasy.core.ResteasyDeploymentImpl processApplication RESTEASY002220: Adding singleton resource org.eclipse.microprofile.openapi.apps.airlines.resources.AvailabilityResource from Application class org.eclipse.microprofile.openapi.apps.airlines.JAXRSApp$Proxy$_$$_WeldClientProxy
[2023-01-07 03:48:09] [INFO   ] org.jboss.resteasy.core.ResteasyDeploymentImpl processApplication RESTEASY002220: Adding singleton resource org.eclipse.microprofile.openapi.apps.airlines.resources.AirlinesResource from Application class org.eclipse.microprofile.openapi.apps.airlines.JAXRSApp$Proxy$_$$_WeldClientProxy
[2023-01-07 03:48:09] [INFO   ] org.jboss.resteasy.core.ResteasyDeploymentImpl processApplication RESTEASY002220: Adding singleton resource org.eclipse.microprofile.openapi.apps.airlines.resources.bookings.BookingResource from Application class org.eclipse.microprofile.openapi.apps.airlines.JAXRSApp$Proxy$_$$_WeldClientProxy
[2023-01-07 03:48:09] [INFO   ] org.eclipse.jetty.server.handler.ContextHandler doStart Started o.e.j.w.WebAppContext@37c19f{/airlinesReader.war,file:///tmp/jetty-localhost-8080-export9963738866145236826airlinesReader.war-_export9963738866145236826airlinesReader-any-2446514077595932936/webapp/,AVAILABLE}{/home/gabsko/breaking-updates/testsuite/tck/target/arquillian-jetty-temp/export9963738866145236826airlinesReader.war}
[2023-01-07 03:48:09] [INFO   ] org.eclipse.jetty.webapp.WebAppContext dumpUrl export9963738866145236826airlinesReader at http://ServerConnector@528c868{HTTP/1.1,[http/1.1]}{localhost:8080}/airlinesReader.war
[2023-01-07 03:48:11] [INFO   ] org.eclipse.jetty.server.handler.ContextHandler doStop Stopped o.e.j.w.WebAppContext@37c19f{/airlinesReader.war,null,UNAVAILABLE}{/home/gabsko/breaking-updates/testsuite/tck/target/arquillian-jetty-temp/export9963738866145236826airlinesReader.war}
[2023-01-07 03:48:11] [INFO   ] org.jboss.arquillian.container.jetty.embedded_9.ArquillianAppProvider createApp Webapp archive location: file:/home/gabsko/breaking-updates/testsuite/tck/target/arquillian-jetty-temp/export5534443362444207441airlines.war
[2023-01-07 03:48:11] [INFO   ] org.eclipse.jetty.annotations.AnnotationConfiguration scanForAnnotations Scanning elapsed time=37ms
[2023-01-07 03:48:11] [INFO   ] org.eclipse.jetty.webapp.StandardDescriptorProcessor visitServlet NO JSP Support for /airlines.war, did not find org.eclipse.jetty.jsp.JettyJspServlet
[2023-01-07 03:48:11] [INFO   ] org.jboss.weld.environment.servlet.EnhancedListener onStartup WELD-ENV-001008: Initialize Weld using ServletContainerInitializer
[2023-01-07 03:48:11] [INFO   ] org.jboss.weld.environment.deployment.discovery.DiscoveryStrategyFactory create WELD-ENV-000020: Using jandex for bean discovery
[2023-01-07 03:48:11] [INFO   ] org.jboss.weld.bootstrap.WeldStartup startContainer WELD-000101: Transactional services not available. Injection of @Inject UserTransaction not available. Transactional observers will be invoked synchronously.
[2023-01-07 03:48:11] [INFO   ] org.jboss.weld.environment.jetty.JettyLegacyContainer initialize WELD-ENV-001200: Jetty 7.2+ detected, CDI injection will be available in Servlets and Filters. Injection into Listeners should work on Jetty 9.1.1 and newer.
[2023-01-07 03:48:11] [INFO   ] org.jboss.resteasy.core.ResteasyDeploymentImpl processApplication RESTEASY002225: Deploying javax.ws.rs.core.Application: class io.smallrye.openapi.tck.OpenApiApplication$Proxy$_$$_WeldClientProxy
[2023-01-07 03:48:11] [WARN   ] org.jboss.resteasy.core.providerfactory.ResteasyProviderFactoryImpl registerProvider RESTEASY002155: Provider class org.jboss.resteasy.plugins.providers.jsonb.JsonBindingProvider is already registered.  2nd registration is being ignored.
[2023-01-07 03:48:11] [INFO   ] org.jboss.resteasy.core.ResteasyDeploymentImpl processApplication RESTEASY002225: Deploying javax.ws.rs.core.Application: class org.eclipse.microprofile.openapi.apps.airlines.JAXRSApp$Proxy$_$$_WeldClientProxy
[2023-01-07 03:48:11] [INFO   ] org.jboss.resteasy.core.ResteasyDeploymentImpl processApplication RESTEASY002220: Adding singleton resource org.eclipse.microprofile.openapi.apps.airlines.resources.ReviewResource from Application class org.eclipse.microprofile.openapi.apps.airlines.JAXRSApp$Proxy$_$$_WeldClientProxy
[2023-01-07 03:48:11] [INFO   ] org.jboss.resteasy.core.ResteasyDeploymentImpl processApplication RESTEASY002220: Adding singleton resource org.eclipse.microprofile.openapi.apps.airlines.resources.AirlinesResource from Application class org.eclipse.microprofile.openapi.apps.airlines.JAXRSApp$Proxy$_$$_WeldClientProxy
[2023-01-07 03:48:11] [INFO   ] org.jboss.resteasy.core.ResteasyDeploymentImpl processApplication RESTEASY002220: Adding singleton resource org.eclipse.microprofile.openapi.apps.airlines.resources.bookings.BookingResource from Application class org.eclipse.microprofile.openapi.apps.airlines.JAXRSApp$Proxy$_$$_WeldClientProxy
[2023-01-07 03:48:11] [INFO   ] org.jboss.resteasy.core.ResteasyDeploymentImpl processApplication RESTEASY002220: Adding singleton resource org.eclipse.microprofile.openapi.apps.airlines.resources.AvailabilityResource from Application class org.eclipse.microprofile.openapi.apps.airlines.JAXRSApp$Proxy$_$$_WeldClientProxy
[2023-01-07 03:48:11] [INFO   ] org.eclipse.jetty.server.handler.ContextHandler doStart Started o.e.j.w.WebAppContext@878046f{/airlines.war,file:///tmp/jetty-localhost-8080-export5534443362444207441airlines.war-_export5534443362444207441airlines-any-254622674361750547/webapp/,AVAILABLE}{/home/gabsko/breaking-updates/testsuite/tck/target/arquillian-jetty-temp/export5534443362444207441airlines.war}
[2023-01-07 03:48:11] [INFO   ] org.eclipse.jetty.webapp.WebAppContext dumpUrl export5534443362444207441airlines at http://ServerConnector@528c868{HTTP/1.1,[http/1.1]}{localhost:8080}/airlines.war
[2023-01-07 03:48:11] [INFO   ] org.eclipse.jetty.server.handler.ContextHandler doStop Stopped o.e.j.w.WebAppContext@878046f{/airlines.war,null,UNAVAILABLE}{/home/gabsko/breaking-updates/testsuite/tck/target/arquillian-jetty-temp/export5534443362444207441airlines.war}
[2023-01-07 03:48:12] [INFO   ] org.jboss.arquillian.container.jetty.embedded_9.JettyEmbeddedContainer stop Stopping Jetty Embedded Server [id:315805187]
[2023-01-07 03:48:12] [INFO   ] org.eclipse.jetty.server.AbstractConnector doStop Stopped ServerConnector@528c868{HTTP/1.1,[http/1.1]}{localhost:8080}
[INFO] Tests run: 246, Failures: 0, Errors: 0, Skipped: 0, Time elapsed: 33.528 s - in TestSuite
[INFO] 
[INFO] Results:
[INFO] 
[INFO] Tests run: 246, Failures: 0, Errors: 0, Skipped: 0
[INFO] 
[INFO] 
[INFO] -----------< io.smallrye:smallrye-open-api-testsuite-extra >------------
[INFO] Building SmallRye: OpenAPI Extra Test Cases 2.1.23-SNAPSHOT       [9/15]
[INFO] --------------------------------[ jar ]---------------------------------
[INFO] 
[INFO] --- maven-clean-plugin:2.5:clean (default-clean) @ smallrye-open-api-testsuite-extra ---
[INFO] Deleting /home/gabsko/breaking-updates/testsuite/extra/target
[INFO] 
[INFO] --- formatter-maven-plugin:2.16.0:format (default) @ smallrye-open-api-testsuite-extra ---
[INFO] Using 'UTF-8' encoding to format source files.
[INFO] Number of files to be formatted: 21
[INFO] Successfully formatted:          0 file(s)
[INFO] Fail to format:                  0 file(s)
[INFO] Skipped:                         21 file(s)
[INFO] Read only skipped:               0 file(s)
[INFO] Approximate time taken:          0s
[INFO] 
[INFO] --- impsort-maven-plugin:1.6.2:sort (sort-imports) @ smallrye-open-api-testsuite-extra ---
[INFO] Processed 21 files in 00:00.039 (Already Sorted: 21, Needed Sorting: 0)
[INFO] 
[INFO] --- maven-resources-plugin:3.2.0:resources (default-resources) @ smallrye-open-api-testsuite-extra ---
[INFO] Using 'UTF-8' encoding to copy filtered resources.
[INFO] Using 'UTF-8' encoding to copy filtered properties files.
[INFO] skip non existing resourceDirectory /home/gabsko/breaking-updates/testsuite/extra/src/main/resources
[INFO] 
[INFO] --- maven-compiler-plugin:3.10.0:compile (default-compile) @ smallrye-open-api-testsuite-extra ---
[INFO] No sources to compile
[INFO] 
[INFO] --- maven-resources-plugin:3.2.0:testResources (default-testResources) @ smallrye-open-api-testsuite-extra ---
[INFO] Using 'UTF-8' encoding to copy filtered resources.
[INFO] Using 'UTF-8' encoding to copy filtered properties files.
[INFO] Copying 2 resources
[INFO] 
[INFO] --- maven-compiler-plugin:3.10.0:testCompile (default-testCompile) @ smallrye-open-api-testsuite-extra ---
[INFO] Changes detected - recompiling the module!
[INFO] Compiling 21 source files to /home/gabsko/breaking-updates/testsuite/extra/target/test-classes
[INFO] 
[INFO] --- maven-surefire-plugin:2.22.2:test (default-test) @ smallrye-open-api-testsuite-extra ---
[INFO] 
[INFO] -------------------------------------------------------
[INFO]  T E S T S
[INFO] -------------------------------------------------------
[INFO] Running io.smallrye.openapi.tck.extra.jsonignoreproperties.JsonIgnorePropertiesUpstreamBehaviourTest
[INFO] Tests run: 5, Failures: 0, Errors: 0, Skipped: 0, Time elapsed: 0.187 s - in io.smallrye.openapi.tck.extra.jsonignoreproperties.JsonIgnorePropertiesUpstreamBehaviourTest
[INFO] Running io.smallrye.openapi.tck.extra.DisabledApplicationPathTest
[INFO] Tests run: 2, Failures: 0, Errors: 0, Skipped: 0, Time elapsed: 1.82 s - in io.smallrye.openapi.tck.extra.DisabledApplicationPathTest
[INFO] Running io.smallrye.openapi.tck.extra.SmallRyeDisabledApplicationPathTest
[INFO] Tests run: 2, Failures: 0, Errors: 0, Skipped: 0, Time elapsed: 0.111 s - in io.smallrye.openapi.tck.extra.SmallRyeDisabledApplicationPathTest
[INFO] Running io.smallrye.openapi.tck.extra.IgnoreJsonPropertiesTest
[INFO] Tests run: 10, Failures: 0, Errors: 0, Skipped: 0, Time elapsed: 0.479 s - in io.smallrye.openapi.tck.extra.IgnoreJsonPropertiesTest
[INFO] Running io.smallrye.openapi.tck.extra.JaxRsTest
[INFO] Tests run: 8, Failures: 0, Errors: 0, Skipped: 0, Time elapsed: 0.344 s - in io.smallrye.openapi.tck.extra.JaxRsTest
[INFO] Running io.smallrye.openapi.tck.extra.ApplicationPathTest
[INFO] Tests run: 2, Failures: 0, Errors: 0, Skipped: 0, Time elapsed: 0.062 s - in io.smallrye.openapi.tck.extra.ApplicationPathTest
[INFO] Running io.smallrye.openapi.tck.extra.ComplexResourceTest
[INFO] Tests run: 4, Failures: 0, Errors: 0, Skipped: 0, Time elapsed: 0.168 s - in io.smallrye.openapi.tck.extra.ComplexResourceTest
[INFO] Running io.smallrye.openapi.tck.extra.ExtensionsTest
[INFO] Tests run: 8, Failures: 0, Errors: 0, Skipped: 0, Time elapsed: 0.253 s - in io.smallrye.openapi.tck.extra.ExtensionsTest
[INFO] 
[INFO] Results:
[INFO] 
[INFO] Tests run: 41, Failures: 0, Errors: 0, Skipped: 0
[INFO] 
[INFO] 
[INFO] --------------< io.smallrye:smallrye-open-api-ui-parent >---------------
[INFO] Building SmallRye: OpenAPI UI parent 2.1.23-SNAPSHOT             [10/15]
[INFO] --------------------------------[ pom ]---------------------------------
[INFO] 
[INFO] --- maven-clean-plugin:2.5:clean (default-clean) @ smallrye-open-api-ui-parent ---
[INFO] Deleting /home/gabsko/breaking-updates/ui/target
[INFO] 
[INFO] --- formatter-maven-plugin:2.16.0:format (default) @ smallrye-open-api-ui-parent ---
[INFO] Using 'UTF-8' encoding to format source files.
[INFO] Number of files to be formatted: 0
[INFO] 
[INFO] --- impsort-maven-plugin:1.6.2:sort (sort-imports) @ smallrye-open-api-ui-parent ---
[INFO] Processed 0 files in 00:00.000 (Already Sorted: 0, Needed Sorting: 0)
[INFO] 
[INFO] --- maven-compiler-plugin:3.10.0:compile (default-compile) @ smallrye-open-api-ui-parent ---
[INFO] No sources to compile
[INFO] 
[INFO] ------------------< io.smallrye:smallrye-open-api-ui >------------------
[INFO] Building SmallRye: OpenAPI UI 2.1.23-SNAPSHOT                    [11/15]
[INFO] --------------------------------[ jar ]---------------------------------
[INFO] 
[INFO] --- maven-clean-plugin:2.5:clean (default-clean) @ smallrye-open-api-ui ---
[INFO] Deleting /home/gabsko/breaking-updates/ui/open-api-ui/target
[INFO] 
[INFO] --- maven-dependency-plugin:3.3.0:unpack (install-swagger-ui) @ smallrye-open-api-ui ---
[INFO] Configured Artifact: org.webjars.npm:swagger-ui-dist:4.10.3:jar
[INFO] Configured Artifact: org.webjars.npm:swagger-ui-themes:3.0.1:jar
[INFO] Unpacking /home/gabsko/.m2/repository/org/webjars/npm/swagger-ui-dist/4.10.3/swagger-ui-dist-4.10.3.jar to /home/gabsko/breaking-updates/ui/open-api-ui/target/classes/META-INF/resources/openapi-ui with includes "**/swagger-ui.css,**/swagger-ui.css.map,**/swagger-ui-bundle.js,**/swagger-ui-bundle.js.map,**/swagger-ui-standalone-preset.js,**/swagger-ui-standalone-preset.js.map,**/oauth2-redirect.html" and excludes ""
[INFO] Unpacking /home/gabsko/.m2/repository/org/webjars/npm/swagger-ui-themes/3.0.1/swagger-ui-themes-3.0.1.jar to /home/gabsko/breaking-updates/ui/open-api-ui/target/classes/META-INF/resources/openapi-ui with includes "**/*.css" and excludes ""
[INFO] 
[INFO] --- formatter-maven-plugin:2.16.0:format (default) @ smallrye-open-api-ui ---
[INFO] Using 'UTF-8' encoding to format source files.
[INFO] Number of files to be formatted: 6
[INFO] Successfully formatted:          0 file(s)
[INFO] Fail to format:                  0 file(s)
[INFO] Skipped:                         6 file(s)
[INFO] Read only skipped:               0 file(s)
[INFO] Approximate time taken:          0s
[INFO] 
[INFO] --- impsort-maven-plugin:1.6.2:sort (sort-imports) @ smallrye-open-api-ui ---
[INFO] Processed 6 files in 00:00.026 (Already Sorted: 6, Needed Sorting: 0)
[INFO] 
[INFO] --- maven-resources-plugin:3.2.0:resources (default-resources) @ smallrye-open-api-ui ---
[INFO] Using 'UTF-8' encoding to copy filtered resources.
[INFO] Using 'UTF-8' encoding to copy filtered properties files.
[INFO] Copying 1 resource
[INFO] Copying 1 resource to /home/gabsko/breaking-updates/ui/open-api-ui/target/classes/META-INF/resources/template
[INFO] Copying 1 resource to /home/gabsko/breaking-updates/ui/open-api-ui/target/classes/META-INF/resources/openapi-ui
[INFO] Copying 3 resources to /home/gabsko/breaking-updates/ui/open-api-ui/target/classes/META-INF/resources/openapi-ui
[INFO] 
[INFO] --- maven-compiler-plugin:3.10.0:compile (default-compile) @ smallrye-open-api-ui ---
[INFO] Changes detected - recompiling the module!
[INFO] Compiling 5 source files to /home/gabsko/breaking-updates/ui/open-api-ui/target/classes
[INFO] 
[INFO] --- maven-resources-plugin:3.2.0:testResources (default-testResources) @ smallrye-open-api-ui ---
[INFO] Using 'UTF-8' encoding to copy filtered resources.
[INFO] Using 'UTF-8' encoding to copy filtered properties files.
[INFO] skip non existing resourceDirectory /home/gabsko/breaking-updates/ui/open-api-ui/src/test/resources
[INFO] 
[INFO] --- maven-compiler-plugin:3.10.0:testCompile (default-testCompile) @ smallrye-open-api-ui ---
[INFO] Changes detected - recompiling the module!
[INFO] Compiling 1 source file to /home/gabsko/breaking-updates/ui/open-api-ui/target/test-classes
[INFO] 
[INFO] --- maven-surefire-plugin:2.22.2:test (default-test) @ smallrye-open-api-ui ---
[INFO] 
[INFO] -------------------------------------------------------
[INFO]  T E S T S
[INFO] -------------------------------------------------------
[INFO] Running io.smallrye.openapi.ui.IndexCreatorTest
[INFO] Tests run: 9, Failures: 0, Errors: 0, Skipped: 0, Time elapsed: 0.033 s - in io.smallrye.openapi.ui.IndexCreatorTest
[INFO] 
[INFO] Results:
[INFO] 
[INFO] Tests run: 9, Failures: 0, Errors: 0, Skipped: 0
[INFO] 
[INFO] 
[INFO] ---------------< io.smallrye:smallrye-open-api-ui-forms >---------------
[INFO] Building SmallRye: OpenAPI UI as Forms 2.1.23-SNAPSHOT           [12/15]
[INFO] --------------------------------[ jar ]---------------------------------
[INFO] 
[INFO] --- maven-clean-plugin:2.5:clean (default-clean) @ smallrye-open-api-ui-forms ---
[INFO] Deleting /home/gabsko/breaking-updates/ui/open-api-ui-forms/target
[INFO] 
[INFO] --- frontend-maven-plugin:1.12.1:install-node-and-npm (install node and npm) @ smallrye-open-api-ui-forms ---
[INFO] Installing node version v16.13.0
[INFO] Unpacking /home/gabsko/.m2/repository/com/github/eirslett/node/16.13.0/node-16.13.0-linux-x64.tar.gz into /home/gabsko/breaking-updates/ui/open-api-ui-forms/target/node/tmp
[INFO] Copying node binary from /home/gabsko/breaking-updates/ui/open-api-ui-forms/target/node/tmp/node-v16.13.0-linux-x64/bin/node to /home/gabsko/breaking-updates/ui/open-api-ui-forms/target/node/node
[INFO] Extracting NPM
[INFO] Installed node locally.
[INFO] 
[INFO] --- formatter-maven-plugin:2.16.0:format (default) @ smallrye-open-api-ui-forms ---
[INFO] Using 'UTF-8' encoding to format source files.
[INFO] Number of files to be formatted: 0
[INFO] 
[INFO] --- impsort-maven-plugin:1.6.2:sort (sort-imports) @ smallrye-open-api-ui-forms ---
[INFO] Processed 0 files in 00:00.000 (Already Sorted: 0, Needed Sorting: 0)
[INFO] 
[INFO] --- frontend-maven-plugin:1.12.1:npm (npm install) @ smallrye-open-api-ui-forms ---
[INFO] Running 'npm ci' in /home/gabsko/breaking-updates/ui/open-api-ui-forms
[INFO] npm WARN deprecated querystring@0.2.0: The querystring API is considered Legacy. new code should use the URLSearchParams API instead.
[INFO] 
[INFO] added 352 packages, and audited 353 packages in 2s
[INFO] 
[INFO] 31 packages are looking for funding
[INFO]   run `npm fund` for details
[INFO] 
[INFO] 4 vulnerabilities (1 moderate, 2 high, 1 critical)
[INFO] 
[INFO] To address all issues, run:
[INFO]   npm audit fix
[INFO] 
[INFO] Run `npm audit` for details.
[INFO] 
[INFO] --- frontend-maven-plugin:1.12.1:npm (npm build-prod) @ smallrye-open-api-ui-forms ---
[INFO] Running 'npm run build-prod' in /home/gabsko/breaking-updates/ui/open-api-ui-forms
[INFO] 
[INFO] > smallrye-open-api-ui-forms@1.0.0 build-prod
[INFO] > webpack --mode=production
[INFO] 
[INFO] Browserslist: caniuse-lite is outdated. Please run:
[INFO]   npx browserslist@latest --update-db
[INFO]   Why you should do it regularly: https://github.com/browserslist/browserslist#browsers-data-updating
[INFO] asset bundle.js 673 KiB [compared for emit] [minimized] [big] (name: main) 1 related asset
[INFO] orphan modules 2.97 MiB [orphan] 199 modules
[INFO] runtime modules 1.25 KiB 6 modules
[INFO] javascript modules 3.91 MiB
[INFO]   modules by path ./node_modules/ 964 KiB 659 modules
[INFO]   ./src/index.js + 197 modules 2.97 MiB [built] [code generated]
[INFO]   ./util.inspect (ignored) 15 bytes [built] [code generated]
[INFO] json modules 3.12 KiB
[INFO]   ./node_modules/ajv/lib/refs/json-schema-draft-07.json 2.72 KiB [built] [code generated]
[INFO]   ./node_modules/ajv/lib/refs/data.json 409 bytes [built] [code generated]
[INFO] 
[INFO] WARNING in asset size limit: The following asset(s) exceed the recommended size limit (244 KiB).
[INFO] This can impact web performance.
[INFO] Assets: 
[INFO]   bundle.js (673 KiB)
[INFO] 
[INFO] WARNING in entrypoint size limit: The following entrypoint(s) combined asset size exceeds the recommended limit (244 KiB). This can impact web performance.
[INFO] Entrypoints:
[INFO]   main (673 KiB)
[INFO]       bundle.js
[INFO] 
[INFO] WARNING in webpack performance recommendations: 
[INFO] You can limit the size of your bundles by using import() or require.ensure to lazy load some parts of your application.
[INFO] For more info visit https://webpack.js.org/guides/code-splitting/
[INFO] 
[INFO] webpack 5.67.0 compiled with 3 warnings in 10475 ms
[INFO] 
[INFO] --- maven-resources-plugin:3.2.0:resources (default-resources) @ smallrye-open-api-ui-forms ---
[INFO] Using 'UTF-8' encoding to copy filtered resources.
[INFO] Using 'UTF-8' encoding to copy filtered properties files.
[INFO] skip non existing resourceDirectory /home/gabsko/breaking-updates/ui/open-api-ui-forms/src/main/resources
[INFO] 
[INFO] --- maven-compiler-plugin:3.10.0:compile (default-compile) @ smallrye-open-api-ui-forms ---
[INFO] No sources to compile
[INFO] 
[INFO] --- maven-resources-plugin:3.2.0:testResources (default-testResources) @ smallrye-open-api-ui-forms ---
[INFO] Using 'UTF-8' encoding to copy filtered resources.
[INFO] Using 'UTF-8' encoding to copy filtered properties files.
[INFO] skip non existing resourceDirectory /home/gabsko/breaking-updates/ui/open-api-ui-forms/src/test/resources
[INFO] 
[INFO] --- maven-compiler-plugin:3.10.0:testCompile (default-testCompile) @ smallrye-open-api-ui-forms ---
[INFO] No sources to compile
[INFO] 
[INFO] --- maven-surefire-plugin:2.22.2:test (default-test) @ smallrye-open-api-ui-forms ---
[INFO] No tests to run.
[INFO] 
[INFO] ----------------< io.smallrye:smallrye-open-api-tools >-----------------
[INFO] Building SmallRye: OpenAPI Tools 2.1.23-SNAPSHOT                 [13/15]
[INFO] --------------------------------[ pom ]---------------------------------
[INFO] 
[INFO] --- maven-clean-plugin:2.5:clean (default-clean) @ smallrye-open-api-tools ---
[INFO] Deleting /home/gabsko/breaking-updates/tools/target
[INFO] 
[INFO] --- formatter-maven-plugin:2.16.0:format (default) @ smallrye-open-api-tools ---
[INFO] Using 'UTF-8' encoding to format source files.
[INFO] Number of files to be formatted: 0
[INFO] 
[INFO] --- impsort-maven-plugin:1.6.2:sort (sort-imports) @ smallrye-open-api-tools ---
[INFO] Processed 0 files in 00:00.000 (Already Sorted: 0, Needed Sorting: 0)
[INFO] 
[INFO] --- maven-compiler-plugin:3.10.0:compile (default-compile) @ smallrye-open-api-tools ---
[INFO] No sources to compile
[INFO] 
[INFO] -------------< io.smallrye:smallrye-open-api-maven-plugin >-------------
[INFO] Building SmallRye: OpenAPI Tools :: Maven 2.1.23-SNAPSHOT        [14/15]
[INFO] ----------------------------[ maven-plugin ]----------------------------
[INFO] 
[INFO] --- maven-clean-plugin:2.5:clean (default-clean) @ smallrye-open-api-maven-plugin ---
[INFO] Deleting /home/gabsko/breaking-updates/tools/maven-plugin/target
[INFO] 
[INFO] --- formatter-maven-plugin:2.16.0:format (default) @ smallrye-open-api-maven-plugin ---
[INFO] Using 'UTF-8' encoding to format source files.
[INFO] Number of files to be formatted: 6
[INFO] Successfully formatted:          0 file(s)
[INFO] Fail to format:                  0 file(s)
[INFO] Skipped:                         6 file(s)
[INFO] Read only skipped:               0 file(s)
[INFO] Approximate time taken:          0s
[INFO] 
[INFO] --- impsort-maven-plugin:1.6.2:sort (sort-imports) @ smallrye-open-api-maven-plugin ---
[INFO] Processed 6 files in 00:00.020 (Already Sorted: 6, Needed Sorting: 0)
[INFO] 
[INFO] --- maven-resources-plugin:3.2.0:resources (default-resources) @ smallrye-open-api-maven-plugin ---
[INFO] Using 'UTF-8' encoding to copy filtered resources.
[INFO] Using 'UTF-8' encoding to copy filtered properties files.
[INFO] Copying 1 resource
[INFO] 
[INFO] --- maven-compiler-plugin:3.10.0:compile (default-compile) @ smallrye-open-api-maven-plugin ---
[INFO] Changes detected - recompiling the module!
[INFO] Compiling 3 source files to /home/gabsko/breaking-updates/tools/maven-plugin/target/classes
[INFO] /home/gabsko/breaking-updates/tools/maven-plugin/src/main/java/io/smallrye/openapi/mavenplugin/GenerateSchemaMojo.java: /home/gabsko/breaking-updates/tools/maven-plugin/src/main/java/io/smallrye/openapi/mavenplugin/GenerateSchemaMojo.java uses unchecked or unsafe operations.
[INFO] /home/gabsko/breaking-updates/tools/maven-plugin/src/main/java/io/smallrye/openapi/mavenplugin/GenerateSchemaMojo.java: Recompile with -Xlint:unchecked for details.
[INFO] 
[INFO] --- maven-plugin-plugin:3.6.4:descriptor (default-descriptor) @ smallrye-open-api-maven-plugin ---
[ERROR] 

Some dependencies of Maven Plugins are expected to be in provided scope.
Please make sure that dependencies listed below declared in POM
have set '<scope>provided</scope>' as well.

The following dependencies are in wrong scope:
 * org.apache.maven:maven-plugin-api:jar:3.6.3:compile
 * org.apache.maven:maven-model:jar:3.6.3:compile
 * org.apache.maven:maven-artifact:jar:3.6.3:compile
 * org.apache.maven:maven-core:jar:3.6.3:compile
 * org.apache.maven:maven-settings:jar:3.6.3:compile
 * org.apache.maven:maven-settings-builder:jar:3.6.3:compile
 * org.apache.maven:maven-builder-support:jar:3.6.3:compile
 * org.apache.maven:maven-repository-metadata:jar:3.6.3:compile
 * org.apache.maven:maven-model-builder:jar:3.6.3:compile
 * org.apache.maven:maven-resolver-provider:jar:3.6.3:compile



[INFO] Using 'UTF-8' encoding to read mojo source files.
[INFO] java-javadoc mojo extractor found 0 mojo descriptor.
[INFO] bsh mojo extractor found 0 mojo descriptor.
[INFO] ant mojo extractor found 0 mojo descriptor.
[INFO] java-annotations mojo extractor found 1 mojo descriptor.
[INFO] 
[INFO] --- plexus-component-metadata:2.1.1:generate-metadata (default) @ smallrye-open-api-maven-plugin ---
[INFO] Discovered 1 component descriptors(s)
[INFO] 
[INFO] --- maven-resources-plugin:3.2.0:testResources (default-testResources) @ smallrye-open-api-maven-plugin ---
[INFO] Using 'UTF-8' encoding to copy filtered resources.
[INFO] Using 'UTF-8' encoding to copy filtered properties files.
[INFO] skip non existing resourceDirectory /home/gabsko/breaking-updates/tools/maven-plugin/src/test/resources
[INFO] 
[INFO] --- maven-compiler-plugin:3.10.0:testCompile (default-testCompile) @ smallrye-open-api-maven-plugin ---
[INFO] Changes detected - recompiling the module!
[INFO] Compiling 3 source files to /home/gabsko/breaking-updates/tools/maven-plugin/target/test-classes
[INFO] 
[INFO] --- maven-surefire-plugin:2.22.2:test (default-test) @ smallrye-open-api-maven-plugin ---
[INFO] 
[INFO] -------------------------------------------------------
[INFO]  T E S T S
[INFO] -------------------------------------------------------
[INFO] Running io.smallrye.openapi.mavenplugin.TestObjectMapperHolder
[INFO] Tests run: 0, Failures: 0, Errors: 0, Skipped: 0, Time elapsed: 0.004 s - in io.smallrye.openapi.mavenplugin.TestObjectMapperHolder
[INFO] 
[INFO] Results:
[INFO] 
[INFO] Tests run: 0, Failures: 0, Errors: 0, Skipped: 0
[INFO] 
[INFO] 
[INFO] ---------------< io.smallrye:smallrye-open-api-release >----------------
[INFO] Building Empty Release Project to Avoid Maven Bug 2.1.23-SNAPSHOT [15/15]
[INFO] --------------------------------[ pom ]---------------------------------
[INFO] 
[INFO] --- maven-clean-plugin:2.5:clean (default-clean) @ smallrye-open-api-release ---
[INFO] Deleting /home/gabsko/breaking-updates/release/target
[INFO] 
[INFO] --- formatter-maven-plugin:2.16.0:format (default) @ smallrye-open-api-release ---
[INFO] Using 'UTF-8' encoding to format source files.
[INFO] Number of files to be formatted: 0
[INFO] 
[INFO] --- impsort-maven-plugin:1.6.2:sort (sort-imports) @ smallrye-open-api-release ---
[INFO] Processed 0 files in 00:00.000 (Already Sorted: 0, Needed Sorting: 0)
[INFO] 
[INFO] --- maven-compiler-plugin:3.10.0:compile (default-compile) @ smallrye-open-api-release ---
[INFO] No sources to compile
[INFO] ------------------------------------------------------------------------
[INFO] Reactor Summary for SmallRye: OpenAPI Parent 2.1.23-SNAPSHOT:
[INFO] 
[INFO] SmallRye: OpenAPI Parent ........................... SUCCESS [  0.472 s]
[INFO] SmallRye: OpenAPI Core ............................. SUCCESS [  9.016 s]
[INFO] SmallRye: OpenAPI extension - JAX-RS ............... SUCCESS [  6.466 s]
[INFO] SmallRye: OpenAPI extension - Spring ............... SUCCESS [  1.580 s]
[INFO] SmallRye: OpenAPI extension - Vert.x ............... SUCCESS [  1.989 s]
[INFO] SmallRye: OpenAPI Implementation ................... SUCCESS [  0.012 s]
[INFO] SmallRye: MicroProfile OpenAPI Test Suite .......... SUCCESS [  0.007 s]
[INFO] SmallRye: MicroProfile OpenAPI TCK ................. SUCCESS [ 34.638 s]
[INFO] SmallRye: OpenAPI Extra Test Cases ................. SUCCESS [  4.835 s]
[INFO] SmallRye: OpenAPI UI parent ........................ SUCCESS [  0.009 s]
[INFO] SmallRye: OpenAPI UI ............................... SUCCESS [  1.076 s]
[INFO] SmallRye: OpenAPI UI as Forms ...................... SUCCESS [ 15.315 s]
[INFO] SmallRye: OpenAPI Tools ............................ SUCCESS [  0.008 s]
[INFO] SmallRye: OpenAPI Tools :: Maven ................... SUCCESS [  1.548 s]
[INFO] Empty Release Project to Avoid Maven Bug ........... SUCCESS [  0.010 s]
[INFO] ------------------------------------------------------------------------
[INFO] BUILD SUCCESS
[INFO] ------------------------------------------------------------------------
[INFO] Total time:  01:17 min
[INFO] Finished at: 2023-01-07T03:48:35Z
[INFO] ------------------------------------------------------------------------
