[INFO] Scanning for projects...
[WARNING] 
[WARNING] Some problems were encountered while building the effective model for de.movaco:multi-tenant-rest-api:jar:0.0.1-SNAPSHOT
[WARNING] 'build.plugins.plugin.version' for org.sonatype.ossindex.maven:ossindex-maven-plugin is missing. @ line 229, column 15
[WARNING] 
[WARNING] It is highly recommended to fix these problems because they threaten the stability of your build.
[WARNING] 
[WARNING] For this reason, future Maven versions might no longer support building such malformed projects.
[WARNING] 
[INFO] 
[INFO] ------------------< de.movaco:multi-tenant-rest-api >-------------------
[INFO] Building server 0.0.1-SNAPSHOT
[INFO] --------------------------------[ jar ]---------------------------------
[INFO] 
[INFO] --- maven-clean-plugin:3.1.0:clean (default-clean) @ multi-tenant-rest-api ---
[INFO] Deleting /home/gabsko/breaking-updates/target
[INFO] 
[INFO] --- jacoco-maven-plugin:0.8.4:prepare-agent (default) @ multi-tenant-rest-api ---
[INFO] argLine set to -javaagent:/home/gabsko/.m2/repository/org/jacoco/org.jacoco.agent/0.8.4/org.jacoco.agent-0.8.4-runtime.jar=destfile=/home/gabsko/breaking-updates/target/jacoco.exec
[INFO] 
[INFO] --- maven-resources-plugin:3.1.0:resources (default-resources) @ multi-tenant-rest-api ---
[INFO] Using 'UTF-8' encoding to copy filtered resources.
[INFO] Copying 1 resource
[INFO] Copying 3 resources
[INFO] 
[INFO] --- maven-compiler-plugin:3.8.1:compile (default-compile) @ multi-tenant-rest-api ---
[INFO] Changes detected - recompiling the module!
[INFO] Compiling 57 source files to /home/gabsko/breaking-updates/target/classes
[INFO] /home/gabsko/breaking-updates/src/main/java/de/movaco/server/config/SecurityConfig.java: /home/gabsko/breaking-updates/src/main/java/de/movaco/server/config/SecurityConfig.java uses or overrides a deprecated API.
[INFO] /home/gabsko/breaking-updates/src/main/java/de/movaco/server/config/SecurityConfig.java: Recompile with -Xlint:deprecation for details.
[INFO] 
[INFO] --- maven-resources-plugin:3.1.0:testResources (default-testResources) @ multi-tenant-rest-api ---
[INFO] Using 'UTF-8' encoding to copy filtered resources.
[INFO] Copying 1 resource
[INFO] 
[INFO] --- maven-compiler-plugin:3.8.1:testCompile (default-testCompile) @ multi-tenant-rest-api ---
[INFO] Changes detected - recompiling the module!
[INFO] Compiling 24 source files to /home/gabsko/breaking-updates/target/test-classes
[INFO] /home/gabsko/breaking-updates/src/test/java/de/movaco/server/shared/AdminUser.java: Some input files use unchecked or unsafe operations.
[INFO] /home/gabsko/breaking-updates/src/test/java/de/movaco/server/shared/AdminUser.java: Recompile with -Xlint:unchecked for details.
[INFO] 
[INFO] --- maven-surefire-plugin:2.22.2:test (default-test) @ multi-tenant-rest-api ---
[INFO] 
[INFO] -------------------------------------------------------
[INFO]  T E S T S
[INFO] -------------------------------------------------------
[INFO] Running de.movaco.server.utils.TimeUtilsTest
[INFO] Tests run: 3, Failures: 0, Errors: 0, Skipped: 0, Time elapsed: 0.122 s - in de.movaco.server.utils.TimeUtilsTest
[INFO] Running de.movaco.server.utils.MathUtilsTest
[INFO] Tests run: 1, Failures: 0, Errors: 0, Skipped: 0, Time elapsed: 0 s - in de.movaco.server.utils.MathUtilsTest
[INFO] Running de.movaco.server.utils.DateUtilsTest
[INFO] Tests run: 1, Failures: 0, Errors: 0, Skipped: 0, Time elapsed: 0 s - in de.movaco.server.utils.DateUtilsTest
[INFO] Running de.movaco.server.utils.JwtTokenUtilsTest
[INFO] Tests run: 2, Failures: 0, Errors: 0, Skipped: 0, Time elapsed: 0.486 s - in de.movaco.server.utils.JwtTokenUtilsTest
[INFO] Running de.movaco.server.service.SchemaServiceTest
[INFO] 07.01.2023 02:09  org.springframework.boot.test.context.SpringBootTestContextBootstrapper - Neither @ContextConfiguration nor @ContextHierarchy found for test class [de.movaco.server.service.SchemaServiceTest], using SpringBootContextLoader
[INFO] 07.01.2023 02:09  org.springframework.test.context.support.AbstractContextLoader - Could not detect default resource locations for test class [de.movaco.server.service.SchemaServiceTest]: no resource found for suffixes {-context.xml, Context.groovy}.
[INFO] 07.01.2023 02:09  org.springframework.test.context.support.AnnotationConfigContextLoaderUtils - Could not detect default configuration classes for test class [de.movaco.server.service.SchemaServiceTest]: SchemaServiceTest does not declare any static, non-private, non-final, nested classes annotated with @Configuration.
[INFO] 07.01.2023 02:09  org.springframework.boot.test.context.SpringBootTestContextBootstrapper - Found @SpringBootConfiguration de.movaco.server.Main for test class de.movaco.server.service.SchemaServiceTest
[INFO] 07.01.2023 02:09  org.springframework.boot.test.context.SpringBootTestContextBootstrapper - Loaded default TestExecutionListener class names from location [META-INF/spring.factories]: [org.springframework.boot.test.mock.mockito.MockitoTestExecutionListener, org.springframework.boot.test.mock.mockito.ResetMocksTestExecutionListener, org.springframework.boot.test.autoconfigure.restdocs.RestDocsTestExecutionListener, org.springframework.boot.test.autoconfigure.web.client.MockRestServiceServerResetTestExecutionListener, org.springframework.boot.test.autoconfigure.web.servlet.MockMvcPrintOnlyOnFailureTestExecutionListener, org.springframework.boot.test.autoconfigure.web.servlet.WebDriverTestExecutionListener, org.springframework.test.context.web.ServletTestExecutionListener, org.springframework.test.context.support.DirtiesContextBeforeModesTestExecutionListener, org.springframework.test.context.support.DependencyInjectionTestExecutionListener, org.springframework.test.context.support.DirtiesContextTestExecutionListener, org.springframework.test.context.transaction.TransactionalTestExecutionListener, org.springframework.test.context.jdbc.SqlScriptsTestExecutionListener, org.springframework.test.context.event.EventPublishingTestExecutionListener, org.springframework.security.test.context.support.WithSecurityContextTestExecutionListener, org.springframework.security.test.context.support.ReactorContextTestExecutionListener]
[INFO] 07.01.2023 02:09  org.springframework.boot.test.context.SpringBootTestContextBootstrapper - Using TestExecutionListeners: [org.springframework.test.context.web.ServletTestExecutionListener@2d6dbcec, org.springframework.test.context.support.DirtiesContextBeforeModesTestExecutionListener@2c8d537e, org.springframework.boot.test.mock.mockito.MockitoTestExecutionListener@4e0d2ddd, org.springframework.boot.test.autoconfigure.SpringBootDependencyInjectionTestExecutionListener@64b0195e, org.springframework.test.context.support.DirtiesContextTestExecutionListener@24fa43f8, org.springframework.test.context.transaction.TransactionalTestExecutionListener@622ae2ba, org.springframework.test.context.jdbc.SqlScriptsTestExecutionListener@45ee48e7, org.springframework.test.context.event.EventPublishingTestExecutionListener@2170c3ed, org.springframework.security.test.context.support.WithSecurityContextTestExecutionListener@57e3a1b8, org.springframework.security.test.context.support.ReactorContextTestExecutionListener@62e9a6cc, org.springframework.boot.test.mock.mockito.ResetMocksTestExecutionListener@55f77306, org.springframework.boot.test.autoconfigure.restdocs.RestDocsTestExecutionListener@723fadfe, org.springframework.boot.test.autoconfigure.web.client.MockRestServiceServerResetTestExecutionListener@389b2c60, org.springframework.boot.test.autoconfigure.web.servlet.MockMvcPrintOnlyOnFailureTestExecutionListener@176b3279, org.springframework.boot.test.autoconfigure.web.servlet.WebDriverTestExecutionListener@796a1cd1]

  .   ____          _            __ _ _
 /\\ / ___'_ __ _ _(_)_ __  __ _ \ \ \ \
( ( )\___ | '_ | '_| | '_ \/ _` | \ \ \ \
 \\/  ___)| |_)| | | | | || (_| |  ) ) ) )
  '  |____| .__|_| |_|_| |_\__, | / / / /
 =========|_|==============|___/=/_/_/_/
 :: Spring Boot ::        (v2.2.5.RELEASE)

[INFO] 07.01.2023 02:09  de.movaco.server.service.SchemaServiceTest - Starting SchemaServiceTest on repairnator with PID 33583 (started by gabsko in /home/gabsko/breaking-updates)
[DEBUG] 07.01.2023 02:09  de.movaco.server.service.SchemaServiceTest - Running with Spring Boot v2.2.5.RELEASE, Spring v5.2.4.RELEASE
[INFO] 07.01.2023 02:09  de.movaco.server.service.SchemaServiceTest - The following profiles are active: test
[INFO] 07.01.2023 02:09  org.springframework.data.repository.config.RepositoryConfigurationDelegate - Bootstrapping Spring Data JPA repositories in DEFAULT mode.
[INFO] 07.01.2023 02:09  org.springframework.data.repository.config.RepositoryConfigurationDelegate - Finished Spring Data repository scanning in 60ms. Found 2 JPA repository interfaces.
[INFO] 07.01.2023 02:09  org.springframework.context.support.PostProcessorRegistrationDelegate$BeanPostProcessorChecker - Bean 'org.springframework.security.config.annotation.configuration.ObjectPostProcessorConfiguration' of type [org.springframework.security.config.annotation.configuration.ObjectPostProcessorConfiguration] is not eligible for getting processed by all BeanPostProcessors (for example: not eligible for auto-proxying)
[INFO] 07.01.2023 02:09  org.springframework.context.support.PostProcessorRegistrationDelegate$BeanPostProcessorChecker - Bean 'objectPostProcessor' of type [org.springframework.security.config.annotation.configuration.AutowireBeanFactoryObjectPostProcessor] is not eligible for getting processed by all BeanPostProcessors (for example: not eligible for auto-proxying)
[INFO] 07.01.2023 02:09  org.springframework.context.support.PostProcessorRegistrationDelegate$BeanPostProcessorChecker - Bean 'org.springframework.security.access.expression.method.DefaultMethodSecurityExpressionHandler@45a0f205' of type [org.springframework.security.access.expression.method.DefaultMethodSecurityExpressionHandler] is not eligible for getting processed by all BeanPostProcessors (for example: not eligible for auto-proxying)
[INFO] 07.01.2023 02:09  org.springframework.context.support.PostProcessorRegistrationDelegate$BeanPostProcessorChecker - Bean 'methodSecurityConfig' of type [de.movaco.server.config.MethodSecurityConfig$$EnhancerBySpringCGLIB$$f5d583a7] is not eligible for getting processed by all BeanPostProcessors (for example: not eligible for auto-proxying)
[INFO] 07.01.2023 02:09  org.springframework.context.support.PostProcessorRegistrationDelegate$BeanPostProcessorChecker - Bean 'org.springframework.security.config.annotation.method.configuration.Jsr250MetadataSourceConfiguration' of type [org.springframework.security.config.annotation.method.configuration.Jsr250MetadataSourceConfiguration] is not eligible for getting processed by all BeanPostProcessors (for example: not eligible for auto-proxying)
[INFO] 07.01.2023 02:09  org.springframework.context.support.PostProcessorRegistrationDelegate$BeanPostProcessorChecker - Bean 'jsr250MethodSecurityMetadataSource' of type [org.springframework.security.access.annotation.Jsr250MethodSecurityMetadataSource] is not eligible for getting processed by all BeanPostProcessors (for example: not eligible for auto-proxying)
[INFO] 07.01.2023 02:09  org.springframework.context.support.PostProcessorRegistrationDelegate$BeanPostProcessorChecker - Bean 'methodSecurityMetadataSource' of type [org.springframework.security.access.method.DelegatingMethodSecurityMetadataSource] is not eligible for getting processed by all BeanPostProcessors (for example: not eligible for auto-proxying)
[INFO] 07.01.2023 02:09  de.movaco.server.config.FlywayConfig - Migrating default schema 
[INFO] 07.01.2023 02:09  org.flywaydb.core.internal.license.VersionPrinter - Flyway Community Edition 6.0.0 by Boxfuse
[INFO] 07.01.2023 02:09  com.zaxxer.hikari.HikariDataSource - HikariPool-1 - Starting...
[INFO] 07.01.2023 02:09  com.zaxxer.hikari.pool.PoolBase - HikariPool-1 - Driver does not support get/set network timeout for connections. (feature not supported)
[INFO] 07.01.2023 02:09  com.zaxxer.hikari.HikariDataSource - HikariPool-1 - Start completed.
[INFO] 07.01.2023 02:09  org.flywaydb.core.internal.database.DatabaseFactory - Database: jdbc:hsqldb:mem:testdb;DB_CLOSE_DELAY=-1 (HSQL Database Engine 2.4)
[INFO] 07.01.2023 02:09  org.flywaydb.core.internal.database.base.Schema - Creating schema "TEST_TENANTS" ...
[INFO] 07.01.2023 02:09  org.flywaydb.core.internal.schemahistory.JdbcTableSchemaHistory - Creating Schema History table "TEST_TENANTS"."flyway_schema_history" ...
[INFO] 07.01.2023 02:09  org.flywaydb.core.internal.command.DbMigrate - Current version of schema "TEST_TENANTS": null
[INFO] 07.01.2023 02:09  org.flywaydb.core.internal.command.DbMigrate - Migrating schema "TEST_TENANTS" to version 1 - init tenant table
[INFO] 07.01.2023 02:09  org.flywaydb.core.internal.command.DbMigrate - Successfully applied 1 migration to schema "TEST_TENANTS" (execution time 00:00.024s)
[INFO] 07.01.2023 02:09  org.hibernate.jpa.internal.util.LogHelper - HHH000204: Processing PersistenceUnitInfo [name: default]
[INFO] 07.01.2023 02:09  org.hibernate.Version - HHH000412: Hibernate ORM core version 5.4.12.Final
[INFO] 07.01.2023 02:09  org.hibernate.annotations.common.Version - HCANN000001: Hibernate Commons Annotations {5.1.0.Final}
[INFO] 07.01.2023 02:09  org.hibernate.dialect.Dialect - HHH000400: Using dialect: org.hibernate.dialect.HSQLDialect
[INFO] 07.01.2023 02:09  org.hibernate.engine.transaction.jta.platform.internal.JtaPlatformInitiator - HHH000490: Using JtaPlatform implementation: [org.hibernate.engine.transaction.jta.platform.internal.NoJtaPlatform]
[INFO] 07.01.2023 02:09  org.springframework.orm.jpa.LocalContainerEntityManagerFactoryBean - Initialized JPA EntityManagerFactory for persistence unit 'default'
[WARN] 07.01.2023 02:09  org.springframework.boot.autoconfigure.orm.jpa.JpaBaseConfiguration$JpaWebConfiguration - spring.jpa.open-in-view is enabled by default. Therefore, database queries may be performed during view rendering. Explicitly configure spring.jpa.open-in-view to disable this warning
[DEBUG] 07.01.2023 02:09  de.movaco.server.persistence.TenantConnectionProvider - Get connection for tenant TEST_TENANTS
[DEBUG] 07.01.2023 02:09  de.movaco.server.persistence.TenantConnectionProvider - Release connection for schema TEST_TENANTS
[INFO] 07.01.2023 02:09  springfox.documentation.spring.web.PropertySourcedRequestMappingHandlerMapping - Mapped URL path [/v2/api-docs] onto method [springfox.documentation.swagger2.web.Swagger2Controller#getDocumentation(String, HttpServletRequest)]
[INFO] 07.01.2023 02:09  org.springframework.scheduling.concurrent.ThreadPoolTaskExecutor - Initializing ExecutorService 'applicationTaskExecutor'
[INFO] 07.01.2023 02:09  org.springframework.security.web.DefaultSecurityFilterChain - Creating filter chain: de.movaco.server.config.SecurityConfig$OAuthRequestedMatcher@31b2b4e, [org.springframework.security.web.context.request.async.WebAsyncManagerIntegrationFilter@1653c6a8, org.springframework.security.web.context.SecurityContextPersistenceFilter@1949ca2a, org.springframework.security.web.header.HeaderWriterFilter@1d43ea3d, org.springframework.security.web.authentication.logout.LogoutFilter@55d135d4, org.springframework.security.oauth2.provider.authentication.OAuth2AuthenticationProcessingFilter@525da4e4, org.springframework.security.web.savedrequest.RequestCacheAwareFilter@39b9ef5d, org.springframework.security.web.servletapi.SecurityContextHolderAwareRequestFilter@521eafff, org.springframework.security.web.authentication.AnonymousAuthenticationFilter@5b487fec, org.springframework.security.web.session.SessionManagementFilter@1b0a1bcb, org.springframework.security.web.access.ExceptionTranslationFilter@697a3616, org.springframework.security.web.access.intercept.FilterSecurityInterceptor@1192315]
[INFO] 07.01.2023 02:09  springfox.documentation.spring.web.plugins.DocumentationPluginsBootstrapper - Context refreshed
[INFO] 07.01.2023 02:09  springfox.documentation.spring.web.plugins.DocumentationPluginsBootstrapper - Found 1 custom documentation plugin(s)
[INFO] 07.01.2023 02:09  springfox.documentation.spring.web.scanners.ApiListingReferenceScanner - Scanning for api listing references
[INFO] 07.01.2023 02:09  de.movaco.server.service.SchemaServiceTest - Started SchemaServiceTest in 6.749 seconds (JVM running for 9.263)
[DEBUG] 07.01.2023 02:09  de.movaco.server.persistence.TenantConnectionProvider - Get connection for tenant TEST_TENANTS
[DEBUG] 07.01.2023 02:09  de.movaco.server.persistence.TenantConnectionProvider - Release connection for schema TEST_TENANTS
[INFO] 07.01.2023 02:09  org.flywaydb.core.internal.database.DatabaseFactory - Database: jdbc:hsqldb:mem:testdb;DB_CLOSE_DELAY=-1 (HSQL Database Engine 2.4)
[INFO] 07.01.2023 02:09  org.flywaydb.core.internal.database.base.Schema - Creating schema "test" ...
[INFO] 07.01.2023 02:09  org.flywaydb.core.internal.schemahistory.JdbcTableSchemaHistory - Creating Schema History table "test"."flyway_schema_history" ...
[INFO] 07.01.2023 02:09  org.flywaydb.core.internal.command.DbMigrate - Current version of schema "test": null
[INFO] 07.01.2023 02:09  org.flywaydb.core.internal.command.DbMigrate - Migrating schema "test" to version 1 - init schema
[INFO] 07.01.2023 02:09  org.flywaydb.core.internal.command.DbMigrate - Successfully applied 1 migration to schema "test" (execution time 00:00.009s)
[DEBUG] 07.01.2023 02:09  de.movaco.server.persistence.TenantConnectionProvider - Get connection for tenant TEST_TENANTS
[DEBUG] 07.01.2023 02:09  de.movaco.server.persistence.TenantConnectionProvider - Release connection for schema TEST_TENANTS
[DEBUG] 07.01.2023 02:09  de.movaco.server.persistence.TenantConnectionProvider - Get connection for tenant test
[DEBUG] 07.01.2023 02:09  de.movaco.server.persistence.TenantConnectionProvider - Release connection for schema test
[DEBUG] 07.01.2023 02:09  de.movaco.server.persistence.TenantConnectionProvider - Get connection for tenant TEST_TENANTS
[DEBUG] 07.01.2023 02:09  de.movaco.server.persistence.TenantConnectionProvider - Release connection for schema TEST_TENANTS
[DEBUG] 07.01.2023 02:09  de.movaco.server.persistence.TenantConnectionProvider - Get connection for tenant TEST_TENANTS
[DEBUG] 07.01.2023 02:09  de.movaco.server.persistence.TenantConnectionProvider - Release connection for schema TEST_TENANTS
[INFO] 07.01.2023 02:09  org.flywaydb.core.internal.database.DatabaseFactory - Database: jdbc:hsqldb:mem:testdb;DB_CLOSE_DELAY=-1 (HSQL Database Engine 2.4)
[INFO] 07.01.2023 02:09  org.flywaydb.core.internal.command.DbValidate - Successfully validated 2 migrations (execution time 00:00.002s)
[INFO] 07.01.2023 02:09  org.flywaydb.core.internal.command.DbMigrate - Current version of schema "test": 1
[INFO] 07.01.2023 02:09  org.flywaydb.core.internal.command.DbMigrate - Schema "test" is up to date. No migration necessary.
[DEBUG] 07.01.2023 02:09  de.movaco.server.persistence.TenantConnectionProvider - Get connection for tenant TEST_TENANTS
[DEBUG] 07.01.2023 02:09  de.movaco.server.persistence.TenantConnectionProvider - Release connection for schema TEST_TENANTS
[DEBUG] 07.01.2023 02:09  de.movaco.server.persistence.TenantConnectionProvider - Get connection for tenant test
[DEBUG] 07.01.2023 02:09  de.movaco.server.persistence.TenantConnectionProvider - Release connection for schema test
[DEBUG] 07.01.2023 02:09  de.movaco.server.persistence.TenantConnectionProvider - Get connection for tenant TEST_TENANTS
[DEBUG] 07.01.2023 02:09  de.movaco.server.persistence.TenantConnectionProvider - Release connection for schema TEST_TENANTS
[INFO] Tests run: 2, Failures: 0, Errors: 0, Skipped: 0, Time elapsed: 7.787 s - in de.movaco.server.service.SchemaServiceTest
[INFO] Running de.movaco.server.service.TenantServiceTest
[INFO] 07.01.2023 02:09  org.springframework.boot.test.context.SpringBootTestContextBootstrapper - Neither @ContextConfiguration nor @ContextHierarchy found for test class [de.movaco.server.service.TenantServiceTest], using SpringBootContextLoader
[INFO] 07.01.2023 02:09  org.springframework.test.context.support.AbstractContextLoader - Could not detect default resource locations for test class [de.movaco.server.service.TenantServiceTest]: no resource found for suffixes {-context.xml, Context.groovy}.
[INFO] 07.01.2023 02:09  org.springframework.test.context.support.AnnotationConfigContextLoaderUtils - Could not detect default configuration classes for test class [de.movaco.server.service.TenantServiceTest]: TenantServiceTest does not declare any static, non-private, non-final, nested classes annotated with @Configuration.
[INFO] 07.01.2023 02:09  org.springframework.boot.test.context.SpringBootTestContextBootstrapper - Found @SpringBootConfiguration de.movaco.server.Main for test class de.movaco.server.service.TenantServiceTest
[INFO] 07.01.2023 02:09  org.springframework.boot.test.context.SpringBootTestContextBootstrapper - Loaded default TestExecutionListener class names from location [META-INF/spring.factories]: [org.springframework.boot.test.mock.mockito.MockitoTestExecutionListener, org.springframework.boot.test.mock.mockito.ResetMocksTestExecutionListener, org.springframework.boot.test.autoconfigure.restdocs.RestDocsTestExecutionListener, org.springframework.boot.test.autoconfigure.web.client.MockRestServiceServerResetTestExecutionListener, org.springframework.boot.test.autoconfigure.web.servlet.MockMvcPrintOnlyOnFailureTestExecutionListener, org.springframework.boot.test.autoconfigure.web.servlet.WebDriverTestExecutionListener, org.springframework.test.context.web.ServletTestExecutionListener, org.springframework.test.context.support.DirtiesContextBeforeModesTestExecutionListener, org.springframework.test.context.support.DependencyInjectionTestExecutionListener, org.springframework.test.context.support.DirtiesContextTestExecutionListener, org.springframework.test.context.transaction.TransactionalTestExecutionListener, org.springframework.test.context.jdbc.SqlScriptsTestExecutionListener, org.springframework.test.context.event.EventPublishingTestExecutionListener, org.springframework.security.test.context.support.WithSecurityContextTestExecutionListener, org.springframework.security.test.context.support.ReactorContextTestExecutionListener]
[INFO] 07.01.2023 02:09  org.springframework.boot.test.context.SpringBootTestContextBootstrapper - Using TestExecutionListeners: [org.springframework.test.context.web.ServletTestExecutionListener@3466cf0a, org.springframework.test.context.support.DirtiesContextBeforeModesTestExecutionListener@5385226c, org.springframework.boot.test.mock.mockito.MockitoTestExecutionListener@5787da70, org.springframework.boot.test.autoconfigure.SpringBootDependencyInjectionTestExecutionListener@5a905a16, org.springframework.test.context.support.DirtiesContextTestExecutionListener@580cd0d1, org.springframework.test.context.transaction.TransactionalTestExecutionListener@22e01ffe, org.springframework.test.context.jdbc.SqlScriptsTestExecutionListener@4bdd0588, org.springframework.test.context.event.EventPublishingTestExecutionListener@1345b60f, org.springframework.security.test.context.support.WithSecurityContextTestExecutionListener@2d7166ee, org.springframework.security.test.context.support.ReactorContextTestExecutionListener@fcc8351, org.springframework.boot.test.mock.mockito.ResetMocksTestExecutionListener@2c1e3665, org.springframework.boot.test.autoconfigure.restdocs.RestDocsTestExecutionListener@12d50827, org.springframework.boot.test.autoconfigure.web.client.MockRestServiceServerResetTestExecutionListener@34b55a85, org.springframework.boot.test.autoconfigure.web.servlet.MockMvcPrintOnlyOnFailureTestExecutionListener@5f088149, org.springframework.boot.test.autoconfigure.web.servlet.WebDriverTestExecutionListener@27839d3]
[DEBUG] 07.01.2023 02:09  de.movaco.server.persistence.TenantConnectionProvider - Get connection for tenant TEST_TENANTS
[DEBUG] 07.01.2023 02:09  de.movaco.server.persistence.TenantConnectionProvider - Release connection for schema TEST_TENANTS
[INFO] 07.01.2023 02:09  org.flywaydb.core.internal.database.DatabaseFactory - Database: jdbc:hsqldb:mem:testdb;DB_CLOSE_DELAY=-1 (HSQL Database Engine 2.4)
[INFO] 07.01.2023 02:09  org.flywaydb.core.internal.command.DbValidate - Successfully validated 2 migrations (execution time 00:00.001s)
[INFO] 07.01.2023 02:09  org.flywaydb.core.internal.command.DbMigrate - Current version of schema "test": 1
[INFO] 07.01.2023 02:09  org.flywaydb.core.internal.command.DbMigrate - Schema "test" is up to date. No migration necessary.
[DEBUG] 07.01.2023 02:09  de.movaco.server.persistence.TenantConnectionProvider - Get connection for tenant TEST_TENANTS
[DEBUG] 07.01.2023 02:09  de.movaco.server.persistence.TenantConnectionProvider - Release connection for schema TEST_TENANTS
[DEBUG] 07.01.2023 02:09  de.movaco.server.persistence.TenantConnectionProvider - Get connection for tenant TEST_TENANTS
[DEBUG] 07.01.2023 02:09  de.movaco.server.persistence.TenantConnectionProvider - Release connection for schema TEST_TENANTS
[DEBUG] 07.01.2023 02:09  de.movaco.server.persistence.TenantConnectionProvider - Get connection for tenant TEST_TENANTS
[DEBUG] 07.01.2023 02:09  de.movaco.server.persistence.TenantConnectionProvider - Release connection for schema TEST_TENANTS
[INFO] 07.01.2023 02:09  org.flywaydb.core.internal.database.DatabaseFactory - Database: jdbc:hsqldb:mem:testdb;DB_CLOSE_DELAY=-1 (HSQL Database Engine 2.4)
[INFO] 07.01.2023 02:09  org.flywaydb.core.internal.database.base.Schema - Creating schema "todelete" ...
[INFO] 07.01.2023 02:09  org.flywaydb.core.internal.schemahistory.JdbcTableSchemaHistory - Creating Schema History table "todelete"."flyway_schema_history" ...
[INFO] 07.01.2023 02:09  org.flywaydb.core.internal.command.DbMigrate - Current version of schema "todelete": null
[INFO] 07.01.2023 02:09  org.flywaydb.core.internal.command.DbMigrate - Migrating schema "todelete" to version 1 - init schema
[INFO] 07.01.2023 02:09  org.flywaydb.core.internal.command.DbMigrate - Successfully applied 1 migration to schema "todelete" (execution time 00:00.008s)
[DEBUG] 07.01.2023 02:09  de.movaco.server.persistence.TenantConnectionProvider - Get connection for tenant TEST_TENANTS
[DEBUG] 07.01.2023 02:09  de.movaco.server.persistence.TenantConnectionProvider - Release connection for schema TEST_TENANTS
[DEBUG] 07.01.2023 02:09  de.movaco.server.persistence.TenantConnectionProvider - Get connection for tenant TEST_TENANTS
[DEBUG] 07.01.2023 02:09  de.movaco.server.persistence.TenantConnectionProvider - Release connection for schema TEST_TENANTS
[DEBUG] 07.01.2023 02:09  de.movaco.server.persistence.TenantConnectionProvider - Get connection for tenant test
[DEBUG] 07.01.2023 02:09  de.movaco.server.persistence.TenantConnectionProvider - Release connection for schema test
[DEBUG] 07.01.2023 02:09  de.movaco.server.persistence.TenantConnectionProvider - Get connection for tenant TEST_TENANTS
[DEBUG] 07.01.2023 02:09  de.movaco.server.persistence.TenantConnectionProvider - Release connection for schema TEST_TENANTS
[DEBUG] 07.01.2023 02:09  de.movaco.server.persistence.TenantConnectionProvider - Get connection for tenant TEST_TENANTS
[DEBUG] 07.01.2023 02:09  de.movaco.server.persistence.TenantConnectionProvider - Release connection for schema TEST_TENANTS
[INFO] 07.01.2023 02:09  org.flywaydb.core.internal.database.DatabaseFactory - Database: jdbc:hsqldb:mem:testdb;DB_CLOSE_DELAY=-1 (HSQL Database Engine 2.4)
[INFO] 07.01.2023 02:09  org.flywaydb.core.internal.command.DbValidate - Successfully validated 2 migrations (execution time 00:00.002s)
[INFO] 07.01.2023 02:09  org.flywaydb.core.internal.command.DbMigrate - Current version of schema "test": 1
[INFO] 07.01.2023 02:09  org.flywaydb.core.internal.command.DbMigrate - Schema "test" is up to date. No migration necessary.
[DEBUG] 07.01.2023 02:09  de.movaco.server.persistence.TenantConnectionProvider - Get connection for tenant TEST_TENANTS
[DEBUG] 07.01.2023 02:09  de.movaco.server.persistence.TenantConnectionProvider - Release connection for schema TEST_TENANTS
[DEBUG] 07.01.2023 02:09  de.movaco.server.persistence.TenantConnectionProvider - Get connection for tenant TEST_TENANTS
[DEBUG] 07.01.2023 02:09  de.movaco.server.persistence.TenantConnectionProvider - Release connection for schema TEST_TENANTS
[DEBUG] 07.01.2023 02:09  de.movaco.server.persistence.TenantConnectionProvider - Get connection for tenant test
[DEBUG] 07.01.2023 02:09  de.movaco.server.persistence.TenantConnectionProvider - Release connection for schema test
[DEBUG] 07.01.2023 02:09  de.movaco.server.persistence.TenantConnectionProvider - Get connection for tenant TEST_TENANTS
[DEBUG] 07.01.2023 02:09  de.movaco.server.persistence.TenantConnectionProvider - Release connection for schema TEST_TENANTS
[DEBUG] 07.01.2023 02:09  de.movaco.server.persistence.TenantConnectionProvider - Get connection for tenant TEST_TENANTS
[DEBUG] 07.01.2023 02:09  de.movaco.server.persistence.TenantConnectionProvider - Release connection for schema TEST_TENANTS
[INFO] 07.01.2023 02:09  org.flywaydb.core.internal.database.DatabaseFactory - Database: jdbc:hsqldb:mem:testdb;DB_CLOSE_DELAY=-1 (HSQL Database Engine 2.4)
[INFO] 07.01.2023 02:09  org.flywaydb.core.internal.command.DbValidate - Successfully validated 2 migrations (execution time 00:00.001s)
[INFO] 07.01.2023 02:09  org.flywaydb.core.internal.command.DbMigrate - Current version of schema "test": 1
[INFO] 07.01.2023 02:09  org.flywaydb.core.internal.command.DbMigrate - Schema "test" is up to date. No migration necessary.
[DEBUG] 07.01.2023 02:09  de.movaco.server.persistence.TenantConnectionProvider - Get connection for tenant TEST_TENANTS
[DEBUG] 07.01.2023 02:09  de.movaco.server.persistence.TenantConnectionProvider - Release connection for schema TEST_TENANTS
[DEBUG] 07.01.2023 02:09  de.movaco.server.persistence.TenantConnectionProvider - Get connection for tenant test
[DEBUG] 07.01.2023 02:09  de.movaco.server.persistence.TenantConnectionProvider - Release connection for schema test
[DEBUG] 07.01.2023 02:09  de.movaco.server.persistence.TenantConnectionProvider - Get connection for tenant TEST_TENANTS
[DEBUG] 07.01.2023 02:09  de.movaco.server.persistence.TenantConnectionProvider - Release connection for schema TEST_TENANTS
[DEBUG] 07.01.2023 02:09  de.movaco.server.persistence.TenantConnectionProvider - Get connection for tenant TEST_TENANTS
[DEBUG] 07.01.2023 02:09  de.movaco.server.persistence.TenantConnectionProvider - Release connection for schema TEST_TENANTS
[INFO] 07.01.2023 02:09  org.flywaydb.core.internal.database.DatabaseFactory - Database: jdbc:hsqldb:mem:testdb;DB_CLOSE_DELAY=-1 (HSQL Database Engine 2.4)
[INFO] 07.01.2023 02:09  org.flywaydb.core.internal.command.DbValidate - Successfully validated 2 migrations (execution time 00:00.002s)
[INFO] 07.01.2023 02:09  org.flywaydb.core.internal.command.DbMigrate - Current version of schema "test": 1
[INFO] 07.01.2023 02:09  org.flywaydb.core.internal.command.DbMigrate - Schema "test" is up to date. No migration necessary.
[DEBUG] 07.01.2023 02:09  de.movaco.server.persistence.TenantConnectionProvider - Get connection for tenant TEST_TENANTS
[DEBUG] 07.01.2023 02:09  de.movaco.server.persistence.TenantConnectionProvider - Release connection for schema TEST_TENANTS
[DEBUG] 07.01.2023 02:09  de.movaco.server.persistence.TenantConnectionProvider - Get connection for tenant TEST_TENANTS
[DEBUG] 07.01.2023 02:09  de.movaco.server.persistence.TenantConnectionProvider - Release connection for schema TEST_TENANTS
[DEBUG] 07.01.2023 02:09  de.movaco.server.persistence.TenantConnectionProvider - Get connection for tenant TEST_TENANTS
[DEBUG] 07.01.2023 02:09  de.movaco.server.persistence.TenantConnectionProvider - Release connection for schema TEST_TENANTS
[INFO] 07.01.2023 02:09  org.flywaydb.core.internal.database.DatabaseFactory - Database: jdbc:hsqldb:mem:testdb;DB_CLOSE_DELAY=-1 (HSQL Database Engine 2.4)
[INFO] 07.01.2023 02:09  org.flywaydb.core.internal.database.base.Schema - Creating schema "tTenant" ...
[INFO] 07.01.2023 02:09  org.flywaydb.core.internal.schemahistory.JdbcTableSchemaHistory - Creating Schema History table "tTenant"."flyway_schema_history" ...
[INFO] 07.01.2023 02:09  org.flywaydb.core.internal.command.DbMigrate - Current version of schema "tTenant": null
[INFO] 07.01.2023 02:09  org.flywaydb.core.internal.command.DbMigrate - Migrating schema "tTenant" to version 1 - init schema
[INFO] 07.01.2023 02:09  org.flywaydb.core.internal.command.DbMigrate - Successfully applied 1 migration to schema "tTenant" (execution time 00:00.006s)
[DEBUG] 07.01.2023 02:09  de.movaco.server.persistence.TenantConnectionProvider - Get connection for tenant TEST_TENANTS
[DEBUG] 07.01.2023 02:09  de.movaco.server.persistence.TenantConnectionProvider - Release connection for schema TEST_TENANTS
[DEBUG] 07.01.2023 02:09  de.movaco.server.persistence.TenantConnectionProvider - Get connection for tenant test
[DEBUG] 07.01.2023 02:09  de.movaco.server.persistence.TenantConnectionProvider - Release connection for schema test
[DEBUG] 07.01.2023 02:09  de.movaco.server.persistence.TenantConnectionProvider - Get connection for tenant TEST_TENANTS
[DEBUG] 07.01.2023 02:09  de.movaco.server.persistence.TenantConnectionProvider - Release connection for schema TEST_TENANTS
[DEBUG] 07.01.2023 02:09  de.movaco.server.persistence.TenantConnectionProvider - Get connection for tenant TEST_TENANTS
[DEBUG] 07.01.2023 02:09  de.movaco.server.persistence.TenantConnectionProvider - Release connection for schema TEST_TENANTS
[INFO] 07.01.2023 02:09  org.flywaydb.core.internal.database.DatabaseFactory - Database: jdbc:hsqldb:mem:testdb;DB_CLOSE_DELAY=-1 (HSQL Database Engine 2.4)
[INFO] 07.01.2023 02:09  org.flywaydb.core.internal.command.DbValidate - Successfully validated 2 migrations (execution time 00:00.001s)
[INFO] 07.01.2023 02:09  org.flywaydb.core.internal.command.DbMigrate - Current version of schema "test": 1
[INFO] 07.01.2023 02:09  org.flywaydb.core.internal.command.DbMigrate - Schema "test" is up to date. No migration necessary.
[DEBUG] 07.01.2023 02:09  de.movaco.server.persistence.TenantConnectionProvider - Get connection for tenant TEST_TENANTS
[DEBUG] 07.01.2023 02:09  de.movaco.server.persistence.TenantConnectionProvider - Release connection for schema TEST_TENANTS
[INFO] 07.01.2023 02:09  org.flywaydb.core.internal.database.DatabaseFactory - Database: jdbc:hsqldb:mem:testdb;DB_CLOSE_DELAY=-1 (HSQL Database Engine 2.4)
[INFO] 07.01.2023 02:09  org.flywaydb.core.internal.database.base.Schema - Creating schema "supischema" ...
[INFO] 07.01.2023 02:09  org.flywaydb.core.internal.schemahistory.JdbcTableSchemaHistory - Creating Schema History table "supischema"."flyway_schema_history" ...
[INFO] 07.01.2023 02:09  org.flywaydb.core.internal.command.DbMigrate - Current version of schema "supischema": null
[INFO] 07.01.2023 02:09  org.flywaydb.core.internal.command.DbMigrate - Migrating schema "supischema" to version 1 - init schema
[INFO] 07.01.2023 02:09  org.flywaydb.core.internal.command.DbMigrate - Successfully applied 1 migration to schema "supischema" (execution time 00:00.006s)
[DEBUG] 07.01.2023 02:09  de.movaco.server.persistence.TenantConnectionProvider - Get connection for tenant test
[DEBUG] 07.01.2023 02:09  de.movaco.server.persistence.TenantConnectionProvider - Release connection for schema test
[DEBUG] 07.01.2023 02:09  de.movaco.server.persistence.TenantConnectionProvider - Get connection for tenant TEST_TENANTS
[DEBUG] 07.01.2023 02:09  de.movaco.server.persistence.TenantConnectionProvider - Release connection for schema TEST_TENANTS
[DEBUG] 07.01.2023 02:09  de.movaco.server.persistence.TenantConnectionProvider - Get connection for tenant TEST_TENANTS
[DEBUG] 07.01.2023 02:09  de.movaco.server.persistence.TenantConnectionProvider - Release connection for schema TEST_TENANTS
[INFO] 07.01.2023 02:09  org.flywaydb.core.internal.database.DatabaseFactory - Database: jdbc:hsqldb:mem:testdb;DB_CLOSE_DELAY=-1 (HSQL Database Engine 2.4)
[INFO] 07.01.2023 02:09  org.flywaydb.core.internal.command.DbValidate - Successfully validated 2 migrations (execution time 00:00.001s)
[INFO] 07.01.2023 02:09  org.flywaydb.core.internal.command.DbMigrate - Current version of schema "test": 1
[INFO] 07.01.2023 02:09  org.flywaydb.core.internal.command.DbMigrate - Schema "test" is up to date. No migration necessary.
[DEBUG] 07.01.2023 02:09  de.movaco.server.persistence.TenantConnectionProvider - Get connection for tenant TEST_TENANTS
[DEBUG] 07.01.2023 02:09  de.movaco.server.persistence.TenantConnectionProvider - Release connection for schema TEST_TENANTS
[DEBUG] 07.01.2023 02:09  de.movaco.server.persistence.TenantConnectionProvider - Get connection for tenant TEST_TENANTS
[DEBUG] 07.01.2023 02:09  de.movaco.server.persistence.TenantConnectionProvider - Release connection for schema TEST_TENANTS
[DEBUG] 07.01.2023 02:09  de.movaco.server.persistence.TenantConnectionProvider - Get connection for tenant TEST_TENANTS
[DEBUG] 07.01.2023 02:09  de.movaco.server.persistence.TenantConnectionProvider - Release connection for schema TEST_TENANTS
[INFO] 07.01.2023 02:09  org.flywaydb.core.internal.database.DatabaseFactory - Database: jdbc:hsqldb:mem:testdb;DB_CLOSE_DELAY=-1 (HSQL Database Engine 2.4)
[INFO] 07.01.2023 02:09  org.flywaydb.core.internal.database.base.Schema - Creating schema "newTenant" ...
[INFO] 07.01.2023 02:09  org.flywaydb.core.internal.schemahistory.JdbcTableSchemaHistory - Creating Schema History table "newTenant"."flyway_schema_history" ...
[INFO] 07.01.2023 02:09  org.flywaydb.core.internal.command.DbMigrate - Current version of schema "newTenant": null
[INFO] 07.01.2023 02:09  org.flywaydb.core.internal.command.DbMigrate - Migrating schema "newTenant" to version 1 - init schema
[INFO] 07.01.2023 02:09  org.flywaydb.core.internal.command.DbMigrate - Successfully applied 1 migration to schema "newTenant" (execution time 00:00.007s)
[DEBUG] 07.01.2023 02:09  de.movaco.server.persistence.TenantConnectionProvider - Get connection for tenant TEST_TENANTS
[DEBUG] 07.01.2023 02:09  de.movaco.server.persistence.TenantConnectionProvider - Release connection for schema TEST_TENANTS
[DEBUG] 07.01.2023 02:09  de.movaco.server.persistence.TenantConnectionProvider - Get connection for tenant test
[DEBUG] 07.01.2023 02:09  de.movaco.server.persistence.TenantConnectionProvider - Release connection for schema test
[DEBUG] 07.01.2023 02:09  de.movaco.server.persistence.TenantConnectionProvider - Get connection for tenant TEST_TENANTS
[DEBUG] 07.01.2023 02:09  de.movaco.server.persistence.TenantConnectionProvider - Release connection for schema TEST_TENANTS
[INFO] Tests run: 6, Failures: 0, Errors: 0, Skipped: 0, Time elapsed: 0.294 s - in de.movaco.server.service.TenantServiceTest
[INFO] Running de.movaco.server.service.UserServiceTest
[INFO] 07.01.2023 02:09  org.springframework.boot.test.context.SpringBootTestContextBootstrapper - Neither @ContextConfiguration nor @ContextHierarchy found for test class [de.movaco.server.service.UserServiceTest], using SpringBootContextLoader
[INFO] 07.01.2023 02:09  org.springframework.test.context.support.AbstractContextLoader - Could not detect default resource locations for test class [de.movaco.server.service.UserServiceTest]: no resource found for suffixes {-context.xml, Context.groovy}.
[INFO] 07.01.2023 02:09  org.springframework.test.context.support.AnnotationConfigContextLoaderUtils - Could not detect default configuration classes for test class [de.movaco.server.service.UserServiceTest]: UserServiceTest does not declare any static, non-private, non-final, nested classes annotated with @Configuration.
[INFO] 07.01.2023 02:09  org.springframework.boot.test.context.SpringBootTestContextBootstrapper - Found @SpringBootConfiguration de.movaco.server.Main for test class de.movaco.server.service.UserServiceTest
[INFO] 07.01.2023 02:09  org.springframework.boot.test.context.SpringBootTestContextBootstrapper - Loaded default TestExecutionListener class names from location [META-INF/spring.factories]: [org.springframework.boot.test.mock.mockito.MockitoTestExecutionListener, org.springframework.boot.test.mock.mockito.ResetMocksTestExecutionListener, org.springframework.boot.test.autoconfigure.restdocs.RestDocsTestExecutionListener, org.springframework.boot.test.autoconfigure.web.client.MockRestServiceServerResetTestExecutionListener, org.springframework.boot.test.autoconfigure.web.servlet.MockMvcPrintOnlyOnFailureTestExecutionListener, org.springframework.boot.test.autoconfigure.web.servlet.WebDriverTestExecutionListener, org.springframework.test.context.web.ServletTestExecutionListener, org.springframework.test.context.support.DirtiesContextBeforeModesTestExecutionListener, org.springframework.test.context.support.DependencyInjectionTestExecutionListener, org.springframework.test.context.support.DirtiesContextTestExecutionListener, org.springframework.test.context.transaction.TransactionalTestExecutionListener, org.springframework.test.context.jdbc.SqlScriptsTestExecutionListener, org.springframework.test.context.event.EventPublishingTestExecutionListener, org.springframework.security.test.context.support.WithSecurityContextTestExecutionListener, org.springframework.security.test.context.support.ReactorContextTestExecutionListener]
[INFO] 07.01.2023 02:09  org.springframework.boot.test.context.SpringBootTestContextBootstrapper - Using TestExecutionListeners: [org.springframework.test.context.web.ServletTestExecutionListener@8f90dd, org.springframework.test.context.support.DirtiesContextBeforeModesTestExecutionListener@7e88bbc5, org.springframework.boot.test.mock.mockito.MockitoTestExecutionListener@6d77c297, org.springframework.boot.test.autoconfigure.SpringBootDependencyInjectionTestExecutionListener@3af384d0, org.springframework.test.context.support.DirtiesContextTestExecutionListener@4606e22b, org.springframework.test.context.transaction.TransactionalTestExecutionListener@7deb2fbd, org.springframework.test.context.jdbc.SqlScriptsTestExecutionListener@2e5b29ed, org.springframework.test.context.event.EventPublishingTestExecutionListener@8a8fdf2, org.springframework.security.test.context.support.WithSecurityContextTestExecutionListener@79ce5176, org.springframework.security.test.context.support.ReactorContextTestExecutionListener@5dfc0f35, org.springframework.boot.test.mock.mockito.ResetMocksTestExecutionListener@2a1f4126, org.springframework.boot.test.autoconfigure.restdocs.RestDocsTestExecutionListener@65176efa, org.springframework.boot.test.autoconfigure.web.client.MockRestServiceServerResetTestExecutionListener@6e59c6cf, org.springframework.boot.test.autoconfigure.web.servlet.MockMvcPrintOnlyOnFailureTestExecutionListener@53e1e996, org.springframework.boot.test.autoconfigure.web.servlet.WebDriverTestExecutionListener@32784bd]
[DEBUG] 07.01.2023 02:09  de.movaco.server.persistence.TenantConnectionProvider - Get connection for tenant TEST_TENANTS
[DEBUG] 07.01.2023 02:09  de.movaco.server.persistence.TenantConnectionProvider - Release connection for schema TEST_TENANTS
[INFO] 07.01.2023 02:09  org.flywaydb.core.internal.database.DatabaseFactory - Database: jdbc:hsqldb:mem:testdb;DB_CLOSE_DELAY=-1 (HSQL Database Engine 2.4)
[INFO] 07.01.2023 02:09  org.flywaydb.core.internal.command.DbValidate - Successfully validated 2 migrations (execution time 00:00.001s)
[INFO] 07.01.2023 02:09  org.flywaydb.core.internal.command.DbMigrate - Current version of schema "test": 1
[INFO] 07.01.2023 02:09  org.flywaydb.core.internal.command.DbMigrate - Schema "test" is up to date. No migration necessary.
[DEBUG] 07.01.2023 02:09  de.movaco.server.persistence.TenantConnectionProvider - Get connection for tenant TEST_TENANTS
[DEBUG] 07.01.2023 02:09  de.movaco.server.persistence.TenantConnectionProvider - Release connection for schema TEST_TENANTS
[DEBUG] 07.01.2023 02:09  de.movaco.server.persistence.TenantConnectionProvider - Get connection for tenant test
[DEBUG] 07.01.2023 02:09  de.movaco.server.persistence.TenantConnectionProvider - Release connection for schema test
[DEBUG] 07.01.2023 02:09  de.movaco.server.persistence.TenantConnectionProvider - Get connection for tenant test
[DEBUG] 07.01.2023 02:09  de.movaco.server.persistence.TenantConnectionProvider - Release connection for schema test
[DEBUG] 07.01.2023 02:09  de.movaco.server.persistence.TenantConnectionProvider - Get connection for tenant test
[DEBUG] 07.01.2023 02:09  de.movaco.server.persistence.TenantConnectionProvider - Release connection for schema test
[DEBUG] 07.01.2023 02:09  de.movaco.server.persistence.TenantConnectionProvider - Get connection for tenant test
[DEBUG] 07.01.2023 02:09  de.movaco.server.persistence.TenantConnectionProvider - Release connection for schema test
[DEBUG] 07.01.2023 02:09  de.movaco.server.persistence.TenantConnectionProvider - Get connection for tenant test
[DEBUG] 07.01.2023 02:09  de.movaco.server.persistence.TenantConnectionProvider - Release connection for schema test
[DEBUG] 07.01.2023 02:09  de.movaco.server.persistence.TenantConnectionProvider - Get connection for tenant test
[DEBUG] 07.01.2023 02:09  de.movaco.server.persistence.TenantConnectionProvider - Release connection for schema test
[DEBUG] 07.01.2023 02:09  de.movaco.server.persistence.TenantConnectionProvider - Get connection for tenant test
[DEBUG] 07.01.2023 02:09  de.movaco.server.persistence.TenantConnectionProvider - Release connection for schema test
[DEBUG] 07.01.2023 02:09  de.movaco.server.persistence.TenantConnectionProvider - Get connection for tenant TEST_TENANTS
[DEBUG] 07.01.2023 02:09  de.movaco.server.persistence.TenantConnectionProvider - Release connection for schema TEST_TENANTS
[DEBUG] 07.01.2023 02:09  de.movaco.server.persistence.TenantConnectionProvider - Get connection for tenant TEST_TENANTS
[DEBUG] 07.01.2023 02:09  de.movaco.server.persistence.TenantConnectionProvider - Release connection for schema TEST_TENANTS
[INFO] 07.01.2023 02:09  org.flywaydb.core.internal.database.DatabaseFactory - Database: jdbc:hsqldb:mem:testdb;DB_CLOSE_DELAY=-1 (HSQL Database Engine 2.4)
[INFO] 07.01.2023 02:09  org.flywaydb.core.internal.command.DbValidate - Successfully validated 2 migrations (execution time 00:00.001s)
[INFO] 07.01.2023 02:09  org.flywaydb.core.internal.command.DbMigrate - Current version of schema "test": 1
[INFO] 07.01.2023 02:09  org.flywaydb.core.internal.command.DbMigrate - Schema "test" is up to date. No migration necessary.
[DEBUG] 07.01.2023 02:09  de.movaco.server.persistence.TenantConnectionProvider - Get connection for tenant TEST_TENANTS
[DEBUG] 07.01.2023 02:09  de.movaco.server.persistence.TenantConnectionProvider - Release connection for schema TEST_TENANTS
[DEBUG] 07.01.2023 02:09  de.movaco.server.persistence.TenantConnectionProvider - Get connection for tenant test
[DEBUG] 07.01.2023 02:09  de.movaco.server.persistence.TenantConnectionProvider - Release connection for schema test
[DEBUG] 07.01.2023 02:09  de.movaco.server.persistence.TenantConnectionProvider - Get connection for tenant test
[DEBUG] 07.01.2023 02:09  de.movaco.server.persistence.TenantConnectionProvider - Release connection for schema test
[DEBUG] 07.01.2023 02:09  de.movaco.server.persistence.TenantConnectionProvider - Get connection for tenant test
[DEBUG] 07.01.2023 02:09  de.movaco.server.persistence.TenantConnectionProvider - Release connection for schema test
[DEBUG] 07.01.2023 02:09  de.movaco.server.persistence.TenantConnectionProvider - Get connection for tenant test
[DEBUG] 07.01.2023 02:09  de.movaco.server.persistence.TenantConnectionProvider - Release connection for schema test
[DEBUG] 07.01.2023 02:09  de.movaco.server.persistence.TenantConnectionProvider - Get connection for tenant test
[DEBUG] 07.01.2023 02:09  de.movaco.server.persistence.TenantConnectionProvider - Release connection for schema test
[DEBUG] 07.01.2023 02:09  de.movaco.server.persistence.TenantConnectionProvider - Get connection for tenant test
[DEBUG] 07.01.2023 02:09  de.movaco.server.persistence.TenantConnectionProvider - Release connection for schema test
[DEBUG] 07.01.2023 02:09  de.movaco.server.persistence.TenantConnectionProvider - Get connection for tenant test
[DEBUG] 07.01.2023 02:09  de.movaco.server.persistence.TenantConnectionProvider - Release connection for schema test
[DEBUG] 07.01.2023 02:09  de.movaco.server.persistence.TenantConnectionProvider - Get connection for tenant TEST_TENANTS
[DEBUG] 07.01.2023 02:09  de.movaco.server.persistence.TenantConnectionProvider - Release connection for schema TEST_TENANTS
[DEBUG] 07.01.2023 02:09  de.movaco.server.persistence.TenantConnectionProvider - Get connection for tenant TEST_TENANTS
[DEBUG] 07.01.2023 02:09  de.movaco.server.persistence.TenantConnectionProvider - Release connection for schema TEST_TENANTS
[INFO] 07.01.2023 02:09  org.flywaydb.core.internal.database.DatabaseFactory - Database: jdbc:hsqldb:mem:testdb;DB_CLOSE_DELAY=-1 (HSQL Database Engine 2.4)
[INFO] 07.01.2023 02:09  org.flywaydb.core.internal.command.DbValidate - Successfully validated 2 migrations (execution time 00:00.002s)
[INFO] 07.01.2023 02:09  org.flywaydb.core.internal.command.DbMigrate - Current version of schema "test": 1
[INFO] 07.01.2023 02:09  org.flywaydb.core.internal.command.DbMigrate - Schema "test" is up to date. No migration necessary.
[DEBUG] 07.01.2023 02:09  de.movaco.server.persistence.TenantConnectionProvider - Get connection for tenant TEST_TENANTS
[DEBUG] 07.01.2023 02:09  de.movaco.server.persistence.TenantConnectionProvider - Release connection for schema TEST_TENANTS
[DEBUG] 07.01.2023 02:09  de.movaco.server.persistence.TenantConnectionProvider - Get connection for tenant test
[DEBUG] 07.01.2023 02:09  de.movaco.server.persistence.TenantConnectionProvider - Release connection for schema test
[DEBUG] 07.01.2023 02:09  de.movaco.server.persistence.TenantConnectionProvider - Get connection for tenant TEST_TENANTS
[DEBUG] 07.01.2023 02:09  de.movaco.server.persistence.TenantConnectionProvider - Release connection for schema TEST_TENANTS
[DEBUG] 07.01.2023 02:09  de.movaco.server.persistence.TenantConnectionProvider - Get connection for tenant TEST_TENANTS
[DEBUG] 07.01.2023 02:09  de.movaco.server.persistence.TenantConnectionProvider - Release connection for schema TEST_TENANTS
[INFO] 07.01.2023 02:09  org.flywaydb.core.internal.database.DatabaseFactory - Database: jdbc:hsqldb:mem:testdb;DB_CLOSE_DELAY=-1 (HSQL Database Engine 2.4)
[INFO] 07.01.2023 02:09  org.flywaydb.core.internal.command.DbValidate - Successfully validated 2 migrations (execution time 00:00.001s)
[INFO] 07.01.2023 02:09  org.flywaydb.core.internal.command.DbMigrate - Current version of schema "test": 1
[INFO] 07.01.2023 02:09  org.flywaydb.core.internal.command.DbMigrate - Schema "test" is up to date. No migration necessary.
[DEBUG] 07.01.2023 02:09  de.movaco.server.persistence.TenantConnectionProvider - Get connection for tenant TEST_TENANTS
[DEBUG] 07.01.2023 02:09  de.movaco.server.persistence.TenantConnectionProvider - Release connection for schema TEST_TENANTS
[DEBUG] 07.01.2023 02:09  de.movaco.server.persistence.TenantConnectionProvider - Get connection for tenant test
[DEBUG] 07.01.2023 02:09  de.movaco.server.persistence.TenantConnectionProvider - Release connection for schema test
[DEBUG] 07.01.2023 02:09  de.movaco.server.persistence.TenantConnectionProvider - Get connection for tenant TEST_TENANTS
[DEBUG] 07.01.2023 02:09  de.movaco.server.persistence.TenantConnectionProvider - Release connection for schema TEST_TENANTS
[DEBUG] 07.01.2023 02:09  de.movaco.server.persistence.TenantConnectionProvider - Get connection for tenant TEST_TENANTS
[DEBUG] 07.01.2023 02:09  de.movaco.server.persistence.TenantConnectionProvider - Release connection for schema TEST_TENANTS
[INFO] 07.01.2023 02:09  org.flywaydb.core.internal.database.DatabaseFactory - Database: jdbc:hsqldb:mem:testdb;DB_CLOSE_DELAY=-1 (HSQL Database Engine 2.4)
[INFO] 07.01.2023 02:09  org.flywaydb.core.internal.command.DbValidate - Successfully validated 2 migrations (execution time 00:00.001s)
[INFO] 07.01.2023 02:09  org.flywaydb.core.internal.command.DbMigrate - Current version of schema "test": 1
[INFO] 07.01.2023 02:09  org.flywaydb.core.internal.command.DbMigrate - Schema "test" is up to date. No migration necessary.
[DEBUG] 07.01.2023 02:09  de.movaco.server.persistence.TenantConnectionProvider - Get connection for tenant TEST_TENANTS
[DEBUG] 07.01.2023 02:09  de.movaco.server.persistence.TenantConnectionProvider - Release connection for schema TEST_TENANTS
[DEBUG] 07.01.2023 02:09  de.movaco.server.persistence.TenantConnectionProvider - Get connection for tenant test
[DEBUG] 07.01.2023 02:09  de.movaco.server.persistence.TenantConnectionProvider - Release connection for schema test
[DEBUG] 07.01.2023 02:09  de.movaco.server.persistence.TenantConnectionProvider - Get connection for tenant test
[DEBUG] 07.01.2023 02:09  de.movaco.server.persistence.TenantConnectionProvider - Release connection for schema test
[DEBUG] 07.01.2023 02:09  de.movaco.server.persistence.TenantConnectionProvider - Get connection for tenant test
[DEBUG] 07.01.2023 02:09  de.movaco.server.persistence.TenantConnectionProvider - Release connection for schema test
[DEBUG] 07.01.2023 02:09  de.movaco.server.persistence.TenantConnectionProvider - Get connection for tenant test
[DEBUG] 07.01.2023 02:09  de.movaco.server.persistence.TenantConnectionProvider - Release connection for schema test
[DEBUG] 07.01.2023 02:09  de.movaco.server.persistence.TenantConnectionProvider - Get connection for tenant TEST_TENANTS
[DEBUG] 07.01.2023 02:09  de.movaco.server.persistence.TenantConnectionProvider - Release connection for schema TEST_TENANTS
[DEBUG] 07.01.2023 02:09  de.movaco.server.persistence.TenantConnectionProvider - Get connection for tenant TEST_TENANTS
[DEBUG] 07.01.2023 02:09  de.movaco.server.persistence.TenantConnectionProvider - Release connection for schema TEST_TENANTS
[INFO] 07.01.2023 02:09  org.flywaydb.core.internal.database.DatabaseFactory - Database: jdbc:hsqldb:mem:testdb;DB_CLOSE_DELAY=-1 (HSQL Database Engine 2.4)
[INFO] 07.01.2023 02:09  org.flywaydb.core.internal.command.DbValidate - Successfully validated 2 migrations (execution time 00:00.003s)
[INFO] 07.01.2023 02:09  org.flywaydb.core.internal.command.DbMigrate - Current version of schema "test": 1
[INFO] 07.01.2023 02:09  org.flywaydb.core.internal.command.DbMigrate - Schema "test" is up to date. No migration necessary.
[DEBUG] 07.01.2023 02:09  de.movaco.server.persistence.TenantConnectionProvider - Get connection for tenant TEST_TENANTS
[DEBUG] 07.01.2023 02:09  de.movaco.server.persistence.TenantConnectionProvider - Release connection for schema TEST_TENANTS
[DEBUG] 07.01.2023 02:09  de.movaco.server.persistence.TenantConnectionProvider - Get connection for tenant test
[DEBUG] 07.01.2023 02:09  de.movaco.server.persistence.TenantConnectionProvider - Release connection for schema test
[DEBUG] 07.01.2023 02:09  de.movaco.server.persistence.TenantConnectionProvider - Get connection for tenant test
[DEBUG] 07.01.2023 02:09  de.movaco.server.persistence.TenantConnectionProvider - Release connection for schema test
[DEBUG] 07.01.2023 02:09  de.movaco.server.persistence.TenantConnectionProvider - Get connection for tenant test
[DEBUG] 07.01.2023 02:09  de.movaco.server.persistence.TenantConnectionProvider - Release connection for schema test
[DEBUG] 07.01.2023 02:09  de.movaco.server.persistence.TenantConnectionProvider - Get connection for tenant test
[DEBUG] 07.01.2023 02:09  de.movaco.server.persistence.TenantConnectionProvider - Release connection for schema test
[DEBUG] 07.01.2023 02:09  de.movaco.server.persistence.TenantConnectionProvider - Get connection for tenant test
[DEBUG] 07.01.2023 02:09  de.movaco.server.persistence.TenantConnectionProvider - Release connection for schema test
[DEBUG] 07.01.2023 02:09  de.movaco.server.persistence.TenantConnectionProvider - Get connection for tenant test
[DEBUG] 07.01.2023 02:09  de.movaco.server.persistence.TenantConnectionProvider - Release connection for schema test
[DEBUG] 07.01.2023 02:09  de.movaco.server.persistence.TenantConnectionProvider - Get connection for tenant test
[DEBUG] 07.01.2023 02:09  de.movaco.server.persistence.TenantConnectionProvider - Release connection for schema test
[DEBUG] 07.01.2023 02:09  de.movaco.server.persistence.TenantConnectionProvider - Get connection for tenant TEST_TENANTS
[DEBUG] 07.01.2023 02:09  de.movaco.server.persistence.TenantConnectionProvider - Release connection for schema TEST_TENANTS
[DEBUG] 07.01.2023 02:09  de.movaco.server.persistence.TenantConnectionProvider - Get connection for tenant TEST_TENANTS
[DEBUG] 07.01.2023 02:09  de.movaco.server.persistence.TenantConnectionProvider - Release connection for schema TEST_TENANTS
[INFO] 07.01.2023 02:09  org.flywaydb.core.internal.database.DatabaseFactory - Database: jdbc:hsqldb:mem:testdb;DB_CLOSE_DELAY=-1 (HSQL Database Engine 2.4)
[INFO] 07.01.2023 02:09  org.flywaydb.core.internal.command.DbValidate - Successfully validated 2 migrations (execution time 00:00.001s)
[INFO] 07.01.2023 02:09  org.flywaydb.core.internal.command.DbMigrate - Current version of schema "test": 1
[INFO] 07.01.2023 02:09  org.flywaydb.core.internal.command.DbMigrate - Schema "test" is up to date. No migration necessary.
[DEBUG] 07.01.2023 02:09  de.movaco.server.persistence.TenantConnectionProvider - Get connection for tenant TEST_TENANTS
[DEBUG] 07.01.2023 02:09  de.movaco.server.persistence.TenantConnectionProvider - Release connection for schema TEST_TENANTS
[DEBUG] 07.01.2023 02:09  de.movaco.server.persistence.TenantConnectionProvider - Get connection for tenant test
[DEBUG] 07.01.2023 02:09  de.movaco.server.persistence.TenantConnectionProvider - Release connection for schema test
[DEBUG] 07.01.2023 02:09  de.movaco.server.persistence.TenantConnectionProvider - Get connection for tenant test
[DEBUG] 07.01.2023 02:09  de.movaco.server.persistence.TenantConnectionProvider - Release connection for schema test
[DEBUG] 07.01.2023 02:09  de.movaco.server.persistence.TenantConnectionProvider - Get connection for tenant TEST_TENANTS
[DEBUG] 07.01.2023 02:09  de.movaco.server.persistence.TenantConnectionProvider - Release connection for schema TEST_TENANTS
[DEBUG] 07.01.2023 02:09  de.movaco.server.persistence.TenantConnectionProvider - Get connection for tenant TEST_TENANTS
[DEBUG] 07.01.2023 02:09  de.movaco.server.persistence.TenantConnectionProvider - Release connection for schema TEST_TENANTS
[INFO] 07.01.2023 02:09  org.flywaydb.core.internal.database.DatabaseFactory - Database: jdbc:hsqldb:mem:testdb;DB_CLOSE_DELAY=-1 (HSQL Database Engine 2.4)
[INFO] 07.01.2023 02:09  org.flywaydb.core.internal.command.DbValidate - Successfully validated 2 migrations (execution time 00:00.001s)
[INFO] 07.01.2023 02:09  org.flywaydb.core.internal.command.DbMigrate - Current version of schema "test": 1
[INFO] 07.01.2023 02:09  org.flywaydb.core.internal.command.DbMigrate - Schema "test" is up to date. No migration necessary.
[DEBUG] 07.01.2023 02:09  de.movaco.server.persistence.TenantConnectionProvider - Get connection for tenant TEST_TENANTS
[DEBUG] 07.01.2023 02:09  de.movaco.server.persistence.TenantConnectionProvider - Release connection for schema TEST_TENANTS
[DEBUG] 07.01.2023 02:09  de.movaco.server.persistence.TenantConnectionProvider - Get connection for tenant test
[DEBUG] 07.01.2023 02:09  de.movaco.server.persistence.TenantConnectionProvider - Release connection for schema test
[DEBUG] 07.01.2023 02:09  de.movaco.server.persistence.TenantConnectionProvider - Get connection for tenant test
[DEBUG] 07.01.2023 02:09  de.movaco.server.persistence.TenantConnectionProvider - Release connection for schema test
[DEBUG] 07.01.2023 02:09  de.movaco.server.persistence.TenantConnectionProvider - Get connection for tenant TEST_TENANTS
[DEBUG] 07.01.2023 02:09  de.movaco.server.persistence.TenantConnectionProvider - Release connection for schema TEST_TENANTS
[INFO] Tests run: 8, Failures: 0, Errors: 0, Skipped: 0, Time elapsed: 0.265 s - in de.movaco.server.service.UserServiceTest
[INFO] Running de.movaco.server.multi_tenancy.TenantResolverTest
[INFO] 07.01.2023 02:09  org.springframework.boot.test.context.SpringBootTestContextBootstrapper - Neither @ContextConfiguration nor @ContextHierarchy found for test class [de.movaco.server.multi_tenancy.TenantResolverTest], using SpringBootContextLoader
[INFO] 07.01.2023 02:09  org.springframework.test.context.support.AbstractContextLoader - Could not detect default resource locations for test class [de.movaco.server.multi_tenancy.TenantResolverTest]: no resource found for suffixes {-context.xml, Context.groovy}.
[INFO] 07.01.2023 02:09  org.springframework.test.context.support.AnnotationConfigContextLoaderUtils - Could not detect default configuration classes for test class [de.movaco.server.multi_tenancy.TenantResolverTest]: TenantResolverTest does not declare any static, non-private, non-final, nested classes annotated with @Configuration.
[INFO] 07.01.2023 02:09  org.springframework.boot.test.context.SpringBootTestContextBootstrapper - Found @SpringBootConfiguration de.movaco.server.Main for test class de.movaco.server.multi_tenancy.TenantResolverTest
[INFO] 07.01.2023 02:09  org.springframework.boot.test.context.SpringBootTestContextBootstrapper - Loaded default TestExecutionListener class names from location [META-INF/spring.factories]: [org.springframework.boot.test.mock.mockito.MockitoTestExecutionListener, org.springframework.boot.test.mock.mockito.ResetMocksTestExecutionListener, org.springframework.boot.test.autoconfigure.restdocs.RestDocsTestExecutionListener, org.springframework.boot.test.autoconfigure.web.client.MockRestServiceServerResetTestExecutionListener, org.springframework.boot.test.autoconfigure.web.servlet.MockMvcPrintOnlyOnFailureTestExecutionListener, org.springframework.boot.test.autoconfigure.web.servlet.WebDriverTestExecutionListener, org.springframework.test.context.web.ServletTestExecutionListener, org.springframework.test.context.support.DirtiesContextBeforeModesTestExecutionListener, org.springframework.test.context.support.DependencyInjectionTestExecutionListener, org.springframework.test.context.support.DirtiesContextTestExecutionListener, org.springframework.test.context.transaction.TransactionalTestExecutionListener, org.springframework.test.context.jdbc.SqlScriptsTestExecutionListener, org.springframework.test.context.event.EventPublishingTestExecutionListener, org.springframework.security.test.context.support.WithSecurityContextTestExecutionListener, org.springframework.security.test.context.support.ReactorContextTestExecutionListener]
[INFO] 07.01.2023 02:09  org.springframework.boot.test.context.SpringBootTestContextBootstrapper - Using TestExecutionListeners: [org.springframework.test.context.web.ServletTestExecutionListener@f371d55, org.springframework.test.context.support.DirtiesContextBeforeModesTestExecutionListener@55f4705f, org.springframework.boot.test.mock.mockito.MockitoTestExecutionListener@5d84acbd, org.springframework.boot.test.autoconfigure.SpringBootDependencyInjectionTestExecutionListener@317bc62b, org.springframework.test.context.support.DirtiesContextTestExecutionListener@691a8e4, org.springframework.test.context.transaction.TransactionalTestExecutionListener@701156e1, org.springframework.test.context.jdbc.SqlScriptsTestExecutionListener@808ed1a, org.springframework.test.context.event.EventPublishingTestExecutionListener@67ad38ae, org.springframework.security.test.context.support.WithSecurityContextTestExecutionListener@6cf07a37, org.springframework.security.test.context.support.ReactorContextTestExecutionListener@162c8f16, org.springframework.boot.test.mock.mockito.ResetMocksTestExecutionListener@5903d0f4, org.springframework.boot.test.autoconfigure.restdocs.RestDocsTestExecutionListener@57e5fb32, org.springframework.boot.test.autoconfigure.web.client.MockRestServiceServerResetTestExecutionListener@382b023b, org.springframework.boot.test.autoconfigure.web.servlet.MockMvcPrintOnlyOnFailureTestExecutionListener@4a0d6e17, org.springframework.boot.test.autoconfigure.web.servlet.WebDriverTestExecutionListener@dce93d2]
[INFO] Tests run: 2, Failures: 0, Errors: 0, Skipped: 0, Time elapsed: 0.125 s - in de.movaco.server.multi_tenancy.TenantResolverTest
[INFO] Running de.movaco.server.controller.UserControllerIntegrationTest
[INFO] 07.01.2023 02:09  org.springframework.boot.test.context.SpringBootTestContextBootstrapper - Neither @ContextConfiguration nor @ContextHierarchy found for test class [de.movaco.server.controller.UserControllerIntegrationTest], using SpringBootContextLoader
[INFO] 07.01.2023 02:09  org.springframework.test.context.support.AbstractContextLoader - Could not detect default resource locations for test class [de.movaco.server.controller.UserControllerIntegrationTest]: no resource found for suffixes {-context.xml, Context.groovy}.
[INFO] 07.01.2023 02:09  org.springframework.test.context.support.AnnotationConfigContextLoaderUtils - Could not detect default configuration classes for test class [de.movaco.server.controller.UserControllerIntegrationTest]: UserControllerIntegrationTest does not declare any static, non-private, non-final, nested classes annotated with @Configuration.
[INFO] 07.01.2023 02:09  org.springframework.boot.test.context.SpringBootTestContextBootstrapper - Found @SpringBootConfiguration de.movaco.server.Main for test class de.movaco.server.controller.UserControllerIntegrationTest
[INFO] 07.01.2023 02:09  org.springframework.boot.test.context.SpringBootTestContextBootstrapper - Loaded default TestExecutionListener class names from location [META-INF/spring.factories]: [org.springframework.boot.test.mock.mockito.MockitoTestExecutionListener, org.springframework.boot.test.mock.mockito.ResetMocksTestExecutionListener, org.springframework.boot.test.autoconfigure.restdocs.RestDocsTestExecutionListener, org.springframework.boot.test.autoconfigure.web.client.MockRestServiceServerResetTestExecutionListener, org.springframework.boot.test.autoconfigure.web.servlet.MockMvcPrintOnlyOnFailureTestExecutionListener, org.springframework.boot.test.autoconfigure.web.servlet.WebDriverTestExecutionListener, org.springframework.test.context.web.ServletTestExecutionListener, org.springframework.test.context.support.DirtiesContextBeforeModesTestExecutionListener, org.springframework.test.context.support.DependencyInjectionTestExecutionListener, org.springframework.test.context.support.DirtiesContextTestExecutionListener, org.springframework.test.context.transaction.TransactionalTestExecutionListener, org.springframework.test.context.jdbc.SqlScriptsTestExecutionListener, org.springframework.test.context.event.EventPublishingTestExecutionListener, org.springframework.security.test.context.support.WithSecurityContextTestExecutionListener, org.springframework.security.test.context.support.ReactorContextTestExecutionListener]
[INFO] 07.01.2023 02:09  org.springframework.boot.test.context.SpringBootTestContextBootstrapper - Using TestExecutionListeners: [org.springframework.test.context.web.ServletTestExecutionListener@6aaeb693, org.springframework.test.context.support.DirtiesContextBeforeModesTestExecutionListener@7107b512, org.springframework.boot.test.mock.mockito.MockitoTestExecutionListener@31084b1f, org.springframework.boot.test.autoconfigure.SpringBootDependencyInjectionTestExecutionListener@6e9787e2, org.springframework.test.context.support.DirtiesContextTestExecutionListener@7192ae8d, org.springframework.test.context.transaction.TransactionalTestExecutionListener@3d713a88, org.springframework.test.context.jdbc.SqlScriptsTestExecutionListener@4e52ce8a, org.springframework.test.context.event.EventPublishingTestExecutionListener@1ca8e835, org.springframework.security.test.context.support.WithSecurityContextTestExecutionListener@782adbeb, org.springframework.security.test.context.support.ReactorContextTestExecutionListener@4cbb1b1c, org.springframework.boot.test.mock.mockito.ResetMocksTestExecutionListener@14c5ba9f, org.springframework.boot.test.autoconfigure.restdocs.RestDocsTestExecutionListener@4ff70172, org.springframework.boot.test.autoconfigure.web.client.MockRestServiceServerResetTestExecutionListener@61ac7ee4, org.springframework.boot.test.autoconfigure.web.servlet.MockMvcPrintOnlyOnFailureTestExecutionListener@75dbfa36, org.springframework.boot.test.autoconfigure.web.servlet.WebDriverTestExecutionListener@4c73b750]

  .   ____          _            __ _ _
 /\\ / ___'_ __ _ _(_)_ __  __ _ \ \ \ \
( ( )\___ | '_ | '_| | '_ \/ _` | \ \ \ \
 \\/  ___)| |_)| | | | | || (_| |  ) ) ) )
  '  |____| .__|_| |_|_| |_\__, | / / / /
 =========|_|==============|___/=/_/_/_/
 :: Spring Boot ::        (v2.2.5.RELEASE)

[INFO] 07.01.2023 02:09  de.movaco.server.controller.UserControllerIntegrationTest - Starting UserControllerIntegrationTest on repairnator with PID 33583 (started by gabsko in /home/gabsko/breaking-updates)
[DEBUG] 07.01.2023 02:09  de.movaco.server.controller.UserControllerIntegrationTest - Running with Spring Boot v2.2.5.RELEASE, Spring v5.2.4.RELEASE
[INFO] 07.01.2023 02:09  de.movaco.server.controller.UserControllerIntegrationTest - The following profiles are active: test
[INFO] 07.01.2023 02:09  org.springframework.data.repository.config.RepositoryConfigurationDelegate - Bootstrapping Spring Data JPA repositories in DEFAULT mode.
[INFO] 07.01.2023 02:09  org.springframework.data.repository.config.RepositoryConfigurationDelegate - Finished Spring Data repository scanning in 11ms. Found 2 JPA repository interfaces.
[INFO] 07.01.2023 02:09  org.springframework.context.support.PostProcessorRegistrationDelegate$BeanPostProcessorChecker - Bean 'org.springframework.security.config.annotation.configuration.ObjectPostProcessorConfiguration' of type [org.springframework.security.config.annotation.configuration.ObjectPostProcessorConfiguration] is not eligible for getting processed by all BeanPostProcessors (for example: not eligible for auto-proxying)
[INFO] 07.01.2023 02:09  org.springframework.context.support.PostProcessorRegistrationDelegate$BeanPostProcessorChecker - Bean 'objectPostProcessor' of type [org.springframework.security.config.annotation.configuration.AutowireBeanFactoryObjectPostProcessor] is not eligible for getting processed by all BeanPostProcessors (for example: not eligible for auto-proxying)
[INFO] 07.01.2023 02:09  org.springframework.context.support.PostProcessorRegistrationDelegate$BeanPostProcessorChecker - Bean 'org.springframework.security.access.expression.method.DefaultMethodSecurityExpressionHandler@2b33a60f' of type [org.springframework.security.access.expression.method.DefaultMethodSecurityExpressionHandler] is not eligible for getting processed by all BeanPostProcessors (for example: not eligible for auto-proxying)
[INFO] 07.01.2023 02:09  org.springframework.context.support.PostProcessorRegistrationDelegate$BeanPostProcessorChecker - Bean 'methodSecurityConfig' of type [de.movaco.server.config.MethodSecurityConfig$$EnhancerBySpringCGLIB$$f5d583a7] is not eligible for getting processed by all BeanPostProcessors (for example: not eligible for auto-proxying)
[INFO] 07.01.2023 02:09  org.springframework.context.support.PostProcessorRegistrationDelegate$BeanPostProcessorChecker - Bean 'org.springframework.security.config.annotation.method.configuration.Jsr250MetadataSourceConfiguration' of type [org.springframework.security.config.annotation.method.configuration.Jsr250MetadataSourceConfiguration] is not eligible for getting processed by all BeanPostProcessors (for example: not eligible for auto-proxying)
[INFO] 07.01.2023 02:09  org.springframework.context.support.PostProcessorRegistrationDelegate$BeanPostProcessorChecker - Bean 'jsr250MethodSecurityMetadataSource' of type [org.springframework.security.access.annotation.Jsr250MethodSecurityMetadataSource] is not eligible for getting processed by all BeanPostProcessors (for example: not eligible for auto-proxying)
[INFO] 07.01.2023 02:09  org.springframework.context.support.PostProcessorRegistrationDelegate$BeanPostProcessorChecker - Bean 'methodSecurityMetadataSource' of type [org.springframework.security.access.method.DelegatingMethodSecurityMetadataSource] is not eligible for getting processed by all BeanPostProcessors (for example: not eligible for auto-proxying)
[INFO] 07.01.2023 02:09  org.springframework.boot.web.embedded.tomcat.TomcatWebServer - Tomcat initialized with port(s): 0 (http)
[INFO] 07.01.2023 02:09  org.apache.coyote.http11.Http11NioProtocol - Initializing ProtocolHandler ["http-nio-127.0.0.1-auto-1"]
[INFO] 07.01.2023 02:09  org.apache.catalina.core.StandardService - Starting service [Tomcat]
[INFO] 07.01.2023 02:09  org.apache.catalina.core.StandardEngine - Starting Servlet engine: [Apache Tomcat/9.0.31]
[INFO] 07.01.2023 02:09  org.apache.catalina.core.ContainerBase.[Tomcat].[localhost].[/] - Initializing Spring embedded WebApplicationContext
[INFO] 07.01.2023 02:09  org.springframework.web.context.ContextLoader - Root WebApplicationContext: initialization completed in 616 ms
[INFO] 07.01.2023 02:09  de.movaco.server.config.FlywayConfig - Migrating default schema 
[INFO] 07.01.2023 02:09  com.zaxxer.hikari.HikariDataSource - HikariPool-2 - Starting...
[INFO] 07.01.2023 02:09  com.zaxxer.hikari.pool.PoolBase - HikariPool-2 - Driver does not support get/set network timeout for connections. (feature not supported)
[INFO] 07.01.2023 02:09  com.zaxxer.hikari.HikariDataSource - HikariPool-2 - Start completed.
[INFO] 07.01.2023 02:09  org.flywaydb.core.internal.database.DatabaseFactory - Database: jdbc:hsqldb:mem:testdb;DB_CLOSE_DELAY=-1 (HSQL Database Engine 2.4)
[INFO] 07.01.2023 02:09  org.flywaydb.core.internal.command.DbValidate - Successfully validated 2 migrations (execution time 00:00.001s)
[INFO] 07.01.2023 02:09  org.flywaydb.core.internal.command.DbMigrate - Current version of schema "TEST_TENANTS": 1
[INFO] 07.01.2023 02:09  org.flywaydb.core.internal.command.DbMigrate - Schema "TEST_TENANTS" is up to date. No migration necessary.
[INFO] 07.01.2023 02:09  org.hibernate.jpa.internal.util.LogHelper - HHH000204: Processing PersistenceUnitInfo [name: default]
[INFO] 07.01.2023 02:09  org.hibernate.dialect.Dialect - HHH000400: Using dialect: org.hibernate.dialect.HSQLDialect
[INFO] 07.01.2023 02:09  org.hibernate.engine.transaction.jta.platform.internal.JtaPlatformInitiator - HHH000490: Using JtaPlatform implementation: [org.hibernate.engine.transaction.jta.platform.internal.NoJtaPlatform]
[INFO] 07.01.2023 02:09  org.springframework.orm.jpa.LocalContainerEntityManagerFactoryBean - Initialized JPA EntityManagerFactory for persistence unit 'default'
[WARN] 07.01.2023 02:09  org.springframework.boot.autoconfigure.orm.jpa.JpaBaseConfiguration$JpaWebConfiguration - spring.jpa.open-in-view is enabled by default. Therefore, database queries may be performed during view rendering. Explicitly configure spring.jpa.open-in-view to disable this warning
[DEBUG] 07.01.2023 02:09  de.movaco.server.persistence.TenantConnectionProvider - Get connection for tenant TEST_TENANTS
[DEBUG] 07.01.2023 02:09  de.movaco.server.persistence.TenantConnectionProvider - Release connection for schema TEST_TENANTS
[INFO] 07.01.2023 02:09  springfox.documentation.spring.web.PropertySourcedRequestMappingHandlerMapping - Mapped URL path [/v2/api-docs] onto method [springfox.documentation.swagger2.web.Swagger2Controller#getDocumentation(String, HttpServletRequest)]
[INFO] 07.01.2023 02:09  org.springframework.scheduling.concurrent.ThreadPoolTaskExecutor - Initializing ExecutorService 'applicationTaskExecutor'
[INFO] 07.01.2023 02:09  org.springframework.security.web.DefaultSecurityFilterChain - Creating filter chain: de.movaco.server.config.SecurityConfig$OAuthRequestedMatcher@12e9287f, [org.springframework.security.web.context.request.async.WebAsyncManagerIntegrationFilter@6013775f, org.springframework.security.web.context.SecurityContextPersistenceFilter@65bb8f4e, org.springframework.security.web.header.HeaderWriterFilter@4e7bbc24, org.springframework.security.web.authentication.logout.LogoutFilter@12a4ac66, org.springframework.security.oauth2.provider.authentication.OAuth2AuthenticationProcessingFilter@31e099c5, org.springframework.security.web.savedrequest.RequestCacheAwareFilter@7de67f7d, org.springframework.security.web.servletapi.SecurityContextHolderAwareRequestFilter@6e6f6679, org.springframework.security.web.authentication.AnonymousAuthenticationFilter@5b8f9ab0, org.springframework.security.web.session.SessionManagementFilter@71269a12, org.springframework.security.web.access.ExceptionTranslationFilter@5e48d1bd, org.springframework.security.web.access.intercept.FilterSecurityInterceptor@971e535]
[INFO] 07.01.2023 02:09  org.apache.catalina.core.ContainerBase.[Tomcat].[localhost].[/] - Initializing Spring TestDispatcherServlet ''
[INFO] 07.01.2023 02:09  org.springframework.test.web.servlet.TestDispatcherServlet - Initializing Servlet ''
[INFO] 07.01.2023 02:09  org.springframework.test.web.servlet.TestDispatcherServlet - Completed initialization in 11 ms
[INFO] 07.01.2023 02:09  springfox.documentation.spring.web.plugins.DocumentationPluginsBootstrapper - Context refreshed
[INFO] 07.01.2023 02:09  springfox.documentation.spring.web.plugins.DocumentationPluginsBootstrapper - Found 1 custom documentation plugin(s)
[INFO] 07.01.2023 02:09  springfox.documentation.spring.web.scanners.ApiListingReferenceScanner - Scanning for api listing references
[INFO] 07.01.2023 02:09  org.apache.coyote.http11.Http11NioProtocol - Starting ProtocolHandler ["http-nio-127.0.0.1-auto-1"]
[INFO] 07.01.2023 02:09  org.springframework.boot.web.embedded.tomcat.TomcatWebServer - Tomcat started on port(s): 45143 (http) with context path ''
[INFO] 07.01.2023 02:09  de.movaco.server.controller.UserControllerIntegrationTest - Started UserControllerIntegrationTest in 1.829 seconds (JVM running for 11.989)
[DEBUG] 07.01.2023 02:09  de.movaco.server.persistence.TenantConnectionProvider - Get connection for tenant TEST_TENANTS
[DEBUG] 07.01.2023 02:09  de.movaco.server.persistence.TenantConnectionProvider - Release connection for schema TEST_TENANTS
[INFO] 07.01.2023 02:09  org.flywaydb.core.internal.database.DatabaseFactory - Database: jdbc:hsqldb:mem:testdb;DB_CLOSE_DELAY=-1 (HSQL Database Engine 2.4)
[INFO] 07.01.2023 02:09  org.flywaydb.core.internal.command.DbValidate - Successfully validated 2 migrations (execution time 00:00.001s)
[INFO] 07.01.2023 02:09  org.flywaydb.core.internal.command.DbMigrate - Current version of schema "test": 1
[INFO] 07.01.2023 02:09  org.flywaydb.core.internal.command.DbMigrate - Schema "test" is up to date. No migration necessary.
[DEBUG] 07.01.2023 02:09  de.movaco.server.persistence.TenantConnectionProvider - Get connection for tenant TEST_TENANTS
[DEBUG] 07.01.2023 02:09  de.movaco.server.persistence.TenantConnectionProvider - Release connection for schema TEST_TENANTS
[DEBUG] 07.01.2023 02:09  de.movaco.server.persistence.TenantConnectionProvider - Get connection for tenant test
[DEBUG] 07.01.2023 02:09  de.movaco.server.persistence.TenantConnectionProvider - Release connection for schema test
[DEBUG] 07.01.2023 02:09  de.movaco.server.persistence.TenantConnectionProvider - Get connection for tenant test
[DEBUG] 07.01.2023 02:09  de.movaco.server.persistence.TenantConnectionProvider - Release connection for schema test
[DEBUG] 07.01.2023 02:09  de.movaco.server.persistence.TenantConnectionProvider - Get connection for tenant test
[DEBUG] 07.01.2023 02:09  de.movaco.server.persistence.TenantConnectionProvider - Release connection for schema test
[DEBUG] 07.01.2023 02:09  de.movaco.server.persistence.TenantConnectionProvider - Get connection for tenant test
[DEBUG] 07.01.2023 02:09  de.movaco.server.persistence.TenantConnectionProvider - Release connection for schema test
[DEBUG] 07.01.2023 02:09  de.movaco.server.persistence.TenantConnectionProvider - Get connection for tenant TEST_TENANTS
[DEBUG] 07.01.2023 02:09  de.movaco.server.persistence.TenantConnectionProvider - Release connection for schema TEST_TENANTS
[DEBUG] 07.01.2023 02:09  de.movaco.server.persistence.TenantConnectionProvider - Get connection for tenant TEST_TENANTS
[DEBUG] 07.01.2023 02:09  de.movaco.server.persistence.TenantConnectionProvider - Release connection for schema TEST_TENANTS
[INFO] 07.01.2023 02:09  org.flywaydb.core.internal.database.DatabaseFactory - Database: jdbc:hsqldb:mem:testdb;DB_CLOSE_DELAY=-1 (HSQL Database Engine 2.4)
[INFO] 07.01.2023 02:09  org.flywaydb.core.internal.command.DbValidate - Successfully validated 2 migrations (execution time 00:00.001s)
[INFO] 07.01.2023 02:09  org.flywaydb.core.internal.command.DbMigrate - Current version of schema "test": 1
[INFO] 07.01.2023 02:09  org.flywaydb.core.internal.command.DbMigrate - Schema "test" is up to date. No migration necessary.
[DEBUG] 07.01.2023 02:09  de.movaco.server.persistence.TenantConnectionProvider - Get connection for tenant TEST_TENANTS
[DEBUG] 07.01.2023 02:09  de.movaco.server.persistence.TenantConnectionProvider - Release connection for schema TEST_TENANTS
[DEBUG] 07.01.2023 02:09  de.movaco.server.persistence.TenantConnectionProvider - Get connection for tenant test
[DEBUG] 07.01.2023 02:09  de.movaco.server.persistence.TenantConnectionProvider - Release connection for schema test
[DEBUG] 07.01.2023 02:09  de.movaco.server.persistence.TenantConnectionProvider - Get connection for tenant test
[DEBUG] 07.01.2023 02:09  de.movaco.server.persistence.TenantConnectionProvider - Release connection for schema test
[DEBUG] 07.01.2023 02:09  de.movaco.server.persistence.TenantConnectionProvider - Get connection for tenant test
[DEBUG] 07.01.2023 02:09  de.movaco.server.persistence.TenantConnectionProvider - Release connection for schema test
[DEBUG] 07.01.2023 02:09  de.movaco.server.persistence.TenantConnectionProvider - Get connection for tenant test
[DEBUG] 07.01.2023 02:09  de.movaco.server.persistence.TenantConnectionProvider - Release connection for schema test
[DEBUG] 07.01.2023 02:09  de.movaco.server.persistence.TenantConnectionProvider - Get connection for tenant TEST_TENANTS
[DEBUG] 07.01.2023 02:09  de.movaco.server.persistence.TenantConnectionProvider - Release connection for schema TEST_TENANTS
[DEBUG] 07.01.2023 02:09  de.movaco.server.persistence.TenantConnectionProvider - Get connection for tenant TEST_TENANTS
[DEBUG] 07.01.2023 02:09  de.movaco.server.persistence.TenantConnectionProvider - Release connection for schema TEST_TENANTS
[INFO] 07.01.2023 02:09  org.flywaydb.core.internal.database.DatabaseFactory - Database: jdbc:hsqldb:mem:testdb;DB_CLOSE_DELAY=-1 (HSQL Database Engine 2.4)
[INFO] 07.01.2023 02:09  org.flywaydb.core.internal.command.DbValidate - Successfully validated 2 migrations (execution time 00:00.001s)
[INFO] 07.01.2023 02:09  org.flywaydb.core.internal.command.DbMigrate - Current version of schema "test": 1
[INFO] 07.01.2023 02:09  org.flywaydb.core.internal.command.DbMigrate - Schema "test" is up to date. No migration necessary.
[DEBUG] 07.01.2023 02:09  de.movaco.server.persistence.TenantConnectionProvider - Get connection for tenant TEST_TENANTS
[DEBUG] 07.01.2023 02:09  de.movaco.server.persistence.TenantConnectionProvider - Release connection for schema TEST_TENANTS
[DEBUG] 07.01.2023 02:09  de.movaco.server.persistence.TenantConnectionProvider - Get connection for tenant test
[DEBUG] 07.01.2023 02:09  de.movaco.server.persistence.TenantConnectionProvider - Release connection for schema test
[DEBUG] 07.01.2023 02:09  de.movaco.server.persistence.TenantConnectionProvider - Get connection for tenant test
[DEBUG] 07.01.2023 02:09  de.movaco.server.persistence.TenantConnectionProvider - Release connection for schema test
[DEBUG] 07.01.2023 02:09  de.movaco.server.persistence.TenantConnectionProvider - Get connection for tenant test
[DEBUG] 07.01.2023 02:09  de.movaco.server.persistence.TenantConnectionProvider - Release connection for schema test
[DEBUG] 07.01.2023 02:09  de.movaco.server.persistence.TenantConnectionProvider - Get connection for tenant test
[DEBUG] 07.01.2023 02:09  de.movaco.server.persistence.TenantConnectionProvider - Release connection for schema test
[DEBUG] 07.01.2023 02:09  de.movaco.server.persistence.TenantConnectionProvider - Get connection for tenant test
[DEBUG] 07.01.2023 02:09  de.movaco.server.persistence.TenantConnectionProvider - Release connection for schema test
[DEBUG] 07.01.2023 02:09  de.movaco.server.persistence.TenantConnectionProvider - Get connection for tenant TEST_TENANTS
[DEBUG] 07.01.2023 02:09  de.movaco.server.persistence.TenantConnectionProvider - Release connection for schema TEST_TENANTS
[DEBUG] 07.01.2023 02:09  de.movaco.server.persistence.TenantConnectionProvider - Get connection for tenant TEST_TENANTS
[DEBUG] 07.01.2023 02:09  de.movaco.server.persistence.TenantConnectionProvider - Release connection for schema TEST_TENANTS
[INFO] 07.01.2023 02:09  org.flywaydb.core.internal.database.DatabaseFactory - Database: jdbc:hsqldb:mem:testdb;DB_CLOSE_DELAY=-1 (HSQL Database Engine 2.4)
[INFO] 07.01.2023 02:09  org.flywaydb.core.internal.command.DbValidate - Successfully validated 2 migrations (execution time 00:00.001s)
[INFO] 07.01.2023 02:09  org.flywaydb.core.internal.command.DbMigrate - Current version of schema "test": 1
[INFO] 07.01.2023 02:09  org.flywaydb.core.internal.command.DbMigrate - Schema "test" is up to date. No migration necessary.
[DEBUG] 07.01.2023 02:09  de.movaco.server.persistence.TenantConnectionProvider - Get connection for tenant TEST_TENANTS
[DEBUG] 07.01.2023 02:09  de.movaco.server.persistence.TenantConnectionProvider - Release connection for schema TEST_TENANTS
[DEBUG] 07.01.2023 02:09  de.movaco.server.persistence.TenantConnectionProvider - Get connection for tenant test
[DEBUG] 07.01.2023 02:09  de.movaco.server.persistence.TenantConnectionProvider - Release connection for schema test
[DEBUG] 07.01.2023 02:09  de.movaco.server.persistence.TenantConnectionProvider - Get connection for tenant test
[DEBUG] 07.01.2023 02:09  de.movaco.server.persistence.TenantConnectionProvider - Release connection for schema test
[DEBUG] 07.01.2023 02:09  de.movaco.server.persistence.TenantConnectionProvider - Get connection for tenant test
[DEBUG] 07.01.2023 02:09  de.movaco.server.persistence.TenantConnectionProvider - Release connection for schema test
[DEBUG] 07.01.2023 02:09  de.movaco.server.persistence.TenantConnectionProvider - Get connection for tenant test
[DEBUG] 07.01.2023 02:09  de.movaco.server.persistence.TenantConnectionProvider - Release connection for schema test
[DEBUG] 07.01.2023 02:09  de.movaco.server.persistence.TenantConnectionProvider - Get connection for tenant TEST_TENANTS
[DEBUG] 07.01.2023 02:09  de.movaco.server.persistence.TenantConnectionProvider - Release connection for schema TEST_TENANTS
[DEBUG] 07.01.2023 02:09  de.movaco.server.persistence.TenantConnectionProvider - Get connection for tenant TEST_TENANTS
[DEBUG] 07.01.2023 02:09  de.movaco.server.persistence.TenantConnectionProvider - Release connection for schema TEST_TENANTS
[INFO] 07.01.2023 02:09  org.flywaydb.core.internal.database.DatabaseFactory - Database: jdbc:hsqldb:mem:testdb;DB_CLOSE_DELAY=-1 (HSQL Database Engine 2.4)
[INFO] 07.01.2023 02:09  org.flywaydb.core.internal.command.DbValidate - Successfully validated 2 migrations (execution time 00:00.001s)
[INFO] 07.01.2023 02:09  org.flywaydb.core.internal.command.DbMigrate - Current version of schema "test": 1
[INFO] 07.01.2023 02:09  org.flywaydb.core.internal.command.DbMigrate - Schema "test" is up to date. No migration necessary.
[DEBUG] 07.01.2023 02:09  de.movaco.server.persistence.TenantConnectionProvider - Get connection for tenant TEST_TENANTS
[DEBUG] 07.01.2023 02:09  de.movaco.server.persistence.TenantConnectionProvider - Release connection for schema TEST_TENANTS
[DEBUG] 07.01.2023 02:09  de.movaco.server.persistence.TenantConnectionProvider - Get connection for tenant test
[DEBUG] 07.01.2023 02:09  de.movaco.server.persistence.TenantConnectionProvider - Release connection for schema test
[DEBUG] 07.01.2023 02:09  de.movaco.server.persistence.TenantConnectionProvider - Get connection for tenant test
[DEBUG] 07.01.2023 02:09  de.movaco.server.persistence.TenantConnectionProvider - Release connection for schema test
[DEBUG] 07.01.2023 02:09  de.movaco.server.persistence.TenantConnectionProvider - Get connection for tenant test
[DEBUG] 07.01.2023 02:09  de.movaco.server.persistence.TenantConnectionProvider - Release connection for schema test
[DEBUG] 07.01.2023 02:09  de.movaco.server.persistence.TenantConnectionProvider - Get connection for tenant TEST_TENANTS
[DEBUG] 07.01.2023 02:09  de.movaco.server.persistence.TenantConnectionProvider - Release connection for schema TEST_TENANTS
[DEBUG] 07.01.2023 02:09  de.movaco.server.persistence.TenantConnectionProvider - Get connection for tenant TEST_TENANTS
[DEBUG] 07.01.2023 02:09  de.movaco.server.persistence.TenantConnectionProvider - Release connection for schema TEST_TENANTS
[INFO] 07.01.2023 02:09  org.flywaydb.core.internal.database.DatabaseFactory - Database: jdbc:hsqldb:mem:testdb;DB_CLOSE_DELAY=-1 (HSQL Database Engine 2.4)
[INFO] 07.01.2023 02:09  org.flywaydb.core.internal.command.DbValidate - Successfully validated 2 migrations (execution time 00:00.001s)
[INFO] 07.01.2023 02:09  org.flywaydb.core.internal.command.DbMigrate - Current version of schema "test": 1
[INFO] 07.01.2023 02:09  org.flywaydb.core.internal.command.DbMigrate - Schema "test" is up to date. No migration necessary.
[DEBUG] 07.01.2023 02:09  de.movaco.server.persistence.TenantConnectionProvider - Get connection for tenant TEST_TENANTS
[DEBUG] 07.01.2023 02:09  de.movaco.server.persistence.TenantConnectionProvider - Release connection for schema TEST_TENANTS
[DEBUG] 07.01.2023 02:09  de.movaco.server.persistence.TenantConnectionProvider - Get connection for tenant test
[DEBUG] 07.01.2023 02:09  de.movaco.server.persistence.TenantConnectionProvider - Release connection for schema test
[DEBUG] 07.01.2023 02:09  de.movaco.server.persistence.TenantConnectionProvider - Get connection for tenant test
[DEBUG] 07.01.2023 02:09  de.movaco.server.persistence.TenantConnectionProvider - Release connection for schema test
[DEBUG] 07.01.2023 02:09  de.movaco.server.persistence.TenantConnectionProvider - Get connection for tenant TEST_TENANTS
[DEBUG] 07.01.2023 02:09  de.movaco.server.persistence.TenantConnectionProvider - Release connection for schema TEST_TENANTS
[INFO] Tests run: 6, Failures: 0, Errors: 0, Skipped: 0, Time elapsed: 2.196 s - in de.movaco.server.controller.UserControllerIntegrationTest
[INFO] Running de.movaco.server.controller.TenantControllerTest
[INFO] 07.01.2023 02:09  org.springframework.boot.test.context.SpringBootTestContextBootstrapper - Neither @ContextConfiguration nor @ContextHierarchy found for test class [de.movaco.server.controller.TenantControllerTest], using SpringBootContextLoader
[INFO] 07.01.2023 02:09  org.springframework.test.context.support.AbstractContextLoader - Could not detect default resource locations for test class [de.movaco.server.controller.TenantControllerTest]: no resource found for suffixes {-context.xml, Context.groovy}.
[INFO] 07.01.2023 02:09  org.springframework.test.context.support.AnnotationConfigContextLoaderUtils - Could not detect default configuration classes for test class [de.movaco.server.controller.TenantControllerTest]: TenantControllerTest does not declare any static, non-private, non-final, nested classes annotated with @Configuration.
[INFO] 07.01.2023 02:09  org.springframework.boot.test.context.SpringBootTestContextBootstrapper - Found @SpringBootConfiguration de.movaco.server.Main for test class de.movaco.server.controller.TenantControllerTest
[INFO] 07.01.2023 02:09  org.springframework.boot.test.context.SpringBootTestContextBootstrapper - Loaded default TestExecutionListener class names from location [META-INF/spring.factories]: [org.springframework.boot.test.mock.mockito.MockitoTestExecutionListener, org.springframework.boot.test.mock.mockito.ResetMocksTestExecutionListener, org.springframework.boot.test.autoconfigure.restdocs.RestDocsTestExecutionListener, org.springframework.boot.test.autoconfigure.web.client.MockRestServiceServerResetTestExecutionListener, org.springframework.boot.test.autoconfigure.web.servlet.MockMvcPrintOnlyOnFailureTestExecutionListener, org.springframework.boot.test.autoconfigure.web.servlet.WebDriverTestExecutionListener, org.springframework.test.context.web.ServletTestExecutionListener, org.springframework.test.context.support.DirtiesContextBeforeModesTestExecutionListener, org.springframework.test.context.support.DependencyInjectionTestExecutionListener, org.springframework.test.context.support.DirtiesContextTestExecutionListener, org.springframework.test.context.transaction.TransactionalTestExecutionListener, org.springframework.test.context.jdbc.SqlScriptsTestExecutionListener, org.springframework.test.context.event.EventPublishingTestExecutionListener, org.springframework.security.test.context.support.WithSecurityContextTestExecutionListener, org.springframework.security.test.context.support.ReactorContextTestExecutionListener]
[INFO] 07.01.2023 02:09  org.springframework.boot.test.context.SpringBootTestContextBootstrapper - Using TestExecutionListeners: [org.springframework.test.context.web.ServletTestExecutionListener@503cf659, org.springframework.test.context.support.DirtiesContextBeforeModesTestExecutionListener@26fc41c6, org.springframework.boot.test.mock.mockito.MockitoTestExecutionListener@42202e7c, org.springframework.boot.test.autoconfigure.SpringBootDependencyInjectionTestExecutionListener@48122a8c, org.springframework.test.context.support.DirtiesContextTestExecutionListener@7f2b83e9, org.springframework.test.context.transaction.TransactionalTestExecutionListener@3b9d0fbb, org.springframework.test.context.jdbc.SqlScriptsTestExecutionListener@788d957a, org.springframework.test.context.event.EventPublishingTestExecutionListener@219296ad, org.springframework.security.test.context.support.WithSecurityContextTestExecutionListener@2856dbd, org.springframework.security.test.context.support.ReactorContextTestExecutionListener@51b65a81, org.springframework.boot.test.mock.mockito.ResetMocksTestExecutionListener@45842388, org.springframework.boot.test.autoconfigure.restdocs.RestDocsTestExecutionListener@7016e26b, org.springframework.boot.test.autoconfigure.web.client.MockRestServiceServerResetTestExecutionListener@59d78151, org.springframework.boot.test.autoconfigure.web.servlet.MockMvcPrintOnlyOnFailureTestExecutionListener@3ad6bab8, org.springframework.boot.test.autoconfigure.web.servlet.WebDriverTestExecutionListener@5eaa4609]

  .   ____          _            __ _ _
 /\\ / ___'_ __ _ _(_)_ __  __ _ \ \ \ \
( ( )\___ | '_ | '_| | '_ \/ _` | \ \ \ \
 \\/  ___)| |_)| | | | | || (_| |  ) ) ) )
  '  |____| .__|_| |_|_| |_\__, | / / / /
 =========|_|==============|___/=/_/_/_/
 :: Spring Boot ::        (v2.2.5.RELEASE)

[INFO] 07.01.2023 02:09  de.movaco.server.controller.TenantControllerTest - Starting TenantControllerTest on repairnator with PID 33583 (started by gabsko in /home/gabsko/breaking-updates)
[DEBUG] 07.01.2023 02:09  de.movaco.server.controller.TenantControllerTest - Running with Spring Boot v2.2.5.RELEASE, Spring v5.2.4.RELEASE
[INFO] 07.01.2023 02:09  de.movaco.server.controller.TenantControllerTest - The following profiles are active: test
[INFO] 07.01.2023 02:09  org.springframework.data.repository.config.RepositoryConfigurationDelegate - Bootstrapping Spring Data JPA repositories in DEFAULT mode.
[INFO] 07.01.2023 02:09  org.springframework.data.repository.config.RepositoryConfigurationDelegate - Finished Spring Data repository scanning in 11ms. Found 2 JPA repository interfaces.
[INFO] 07.01.2023 02:09  org.springframework.context.support.PostProcessorRegistrationDelegate$BeanPostProcessorChecker - Bean 'org.springframework.security.config.annotation.configuration.ObjectPostProcessorConfiguration' of type [org.springframework.security.config.annotation.configuration.ObjectPostProcessorConfiguration] is not eligible for getting processed by all BeanPostProcessors (for example: not eligible for auto-proxying)
[INFO] 07.01.2023 02:09  org.springframework.context.support.PostProcessorRegistrationDelegate$BeanPostProcessorChecker - Bean 'objectPostProcessor' of type [org.springframework.security.config.annotation.configuration.AutowireBeanFactoryObjectPostProcessor] is not eligible for getting processed by all BeanPostProcessors (for example: not eligible for auto-proxying)
[INFO] 07.01.2023 02:09  org.springframework.context.support.PostProcessorRegistrationDelegate$BeanPostProcessorChecker - Bean 'org.springframework.security.access.expression.method.DefaultMethodSecurityExpressionHandler@7230a9cd' of type [org.springframework.security.access.expression.method.DefaultMethodSecurityExpressionHandler] is not eligible for getting processed by all BeanPostProcessors (for example: not eligible for auto-proxying)
[INFO] 07.01.2023 02:09  org.springframework.context.support.PostProcessorRegistrationDelegate$BeanPostProcessorChecker - Bean 'methodSecurityConfig' of type [de.movaco.server.config.MethodSecurityConfig$$EnhancerBySpringCGLIB$$f5d583a7] is not eligible for getting processed by all BeanPostProcessors (for example: not eligible for auto-proxying)
[INFO] 07.01.2023 02:09  org.springframework.context.support.PostProcessorRegistrationDelegate$BeanPostProcessorChecker - Bean 'org.springframework.security.config.annotation.method.configuration.Jsr250MetadataSourceConfiguration' of type [org.springframework.security.config.annotation.method.configuration.Jsr250MetadataSourceConfiguration] is not eligible for getting processed by all BeanPostProcessors (for example: not eligible for auto-proxying)
[INFO] 07.01.2023 02:09  org.springframework.context.support.PostProcessorRegistrationDelegate$BeanPostProcessorChecker - Bean 'jsr250MethodSecurityMetadataSource' of type [org.springframework.security.access.annotation.Jsr250MethodSecurityMetadataSource] is not eligible for getting processed by all BeanPostProcessors (for example: not eligible for auto-proxying)
[INFO] 07.01.2023 02:09  org.springframework.context.support.PostProcessorRegistrationDelegate$BeanPostProcessorChecker - Bean 'methodSecurityMetadataSource' of type [org.springframework.security.access.method.DelegatingMethodSecurityMetadataSource] is not eligible for getting processed by all BeanPostProcessors (for example: not eligible for auto-proxying)
[INFO] 07.01.2023 02:09  org.springframework.boot.web.embedded.tomcat.TomcatWebServer - Tomcat initialized with port(s): 0 (http)
[INFO] 07.01.2023 02:09  org.apache.coyote.http11.Http11NioProtocol - Initializing ProtocolHandler ["http-nio-127.0.0.1-auto-2"]
[INFO] 07.01.2023 02:09  org.apache.catalina.core.StandardService - Starting service [Tomcat]
[INFO] 07.01.2023 02:09  org.apache.catalina.core.StandardEngine - Starting Servlet engine: [Apache Tomcat/9.0.31]
[INFO] 07.01.2023 02:09  org.apache.catalina.core.ContainerBase.[Tomcat-1].[localhost].[/] - Initializing Spring embedded WebApplicationContext
[INFO] 07.01.2023 02:09  org.springframework.web.context.ContextLoader - Root WebApplicationContext: initialization completed in 429 ms
[INFO] 07.01.2023 02:09  de.movaco.server.config.FlywayConfig - Migrating default schema 
[INFO] 07.01.2023 02:09  com.zaxxer.hikari.HikariDataSource - HikariPool-3 - Starting...
[INFO] 07.01.2023 02:09  com.zaxxer.hikari.pool.PoolBase - HikariPool-3 - Driver does not support get/set network timeout for connections. (feature not supported)
[INFO] 07.01.2023 02:09  com.zaxxer.hikari.HikariDataSource - HikariPool-3 - Start completed.
[INFO] 07.01.2023 02:09  org.flywaydb.core.internal.database.DatabaseFactory - Database: jdbc:hsqldb:mem:testdb;DB_CLOSE_DELAY=-1 (HSQL Database Engine 2.4)
[INFO] 07.01.2023 02:09  org.flywaydb.core.internal.command.DbValidate - Successfully validated 2 migrations (execution time 00:00.001s)
[INFO] 07.01.2023 02:09  org.flywaydb.core.internal.command.DbMigrate - Current version of schema "TEST_TENANTS": 1
[INFO] 07.01.2023 02:09  org.flywaydb.core.internal.command.DbMigrate - Schema "TEST_TENANTS" is up to date. No migration necessary.
[INFO] 07.01.2023 02:09  org.hibernate.jpa.internal.util.LogHelper - HHH000204: Processing PersistenceUnitInfo [name: default]
[INFO] 07.01.2023 02:09  org.hibernate.dialect.Dialect - HHH000400: Using dialect: org.hibernate.dialect.HSQLDialect
[INFO] 07.01.2023 02:09  org.hibernate.engine.transaction.jta.platform.internal.JtaPlatformInitiator - HHH000490: Using JtaPlatform implementation: [org.hibernate.engine.transaction.jta.platform.internal.NoJtaPlatform]
[INFO] 07.01.2023 02:09  org.springframework.orm.jpa.LocalContainerEntityManagerFactoryBean - Initialized JPA EntityManagerFactory for persistence unit 'default'
[WARN] 07.01.2023 02:09  org.springframework.boot.autoconfigure.orm.jpa.JpaBaseConfiguration$JpaWebConfiguration - spring.jpa.open-in-view is enabled by default. Therefore, database queries may be performed during view rendering. Explicitly configure spring.jpa.open-in-view to disable this warning
[DEBUG] 07.01.2023 02:09  de.movaco.server.persistence.TenantConnectionProvider - Get connection for tenant TEST_TENANTS
[DEBUG] 07.01.2023 02:09  de.movaco.server.persistence.TenantConnectionProvider - Release connection for schema TEST_TENANTS
[INFO] 07.01.2023 02:09  springfox.documentation.spring.web.PropertySourcedRequestMappingHandlerMapping - Mapped URL path [/v2/api-docs] onto method [springfox.documentation.swagger2.web.Swagger2Controller#getDocumentation(String, HttpServletRequest)]
[INFO] 07.01.2023 02:09  org.springframework.scheduling.concurrent.ThreadPoolTaskExecutor - Initializing ExecutorService 'applicationTaskExecutor'
[INFO] 07.01.2023 02:09  org.springframework.security.web.DefaultSecurityFilterChain - Creating filter chain: de.movaco.server.config.SecurityConfig$OAuthRequestedMatcher@2c1d9e32, [org.springframework.security.web.context.request.async.WebAsyncManagerIntegrationFilter@d372126, org.springframework.security.web.context.SecurityContextPersistenceFilter@2b088ae3, org.springframework.security.web.header.HeaderWriterFilter@7611fc45, org.springframework.security.web.authentication.logout.LogoutFilter@c2ae79e, org.springframework.security.oauth2.provider.authentication.OAuth2AuthenticationProcessingFilter@4d6521a0, org.springframework.security.web.savedrequest.RequestCacheAwareFilter@a8a06c, org.springframework.security.web.servletapi.SecurityContextHolderAwareRequestFilter@792297e8, org.springframework.security.web.authentication.AnonymousAuthenticationFilter@47c12efe, org.springframework.security.web.session.SessionManagementFilter@39c47cdc, org.springframework.security.web.access.ExceptionTranslationFilter@40ad74ca, org.springframework.security.web.access.intercept.FilterSecurityInterceptor@b845732]
[INFO] 07.01.2023 02:09  org.apache.catalina.core.ContainerBase.[Tomcat-1].[localhost].[/] - Initializing Spring TestDispatcherServlet ''
[INFO] 07.01.2023 02:09  org.springframework.test.web.servlet.TestDispatcherServlet - Initializing Servlet ''
[INFO] 07.01.2023 02:09  org.springframework.test.web.servlet.TestDispatcherServlet - Completed initialization in 6 ms
[INFO] 07.01.2023 02:09  springfox.documentation.spring.web.plugins.DocumentationPluginsBootstrapper - Context refreshed
[INFO] 07.01.2023 02:09  springfox.documentation.spring.web.plugins.DocumentationPluginsBootstrapper - Found 1 custom documentation plugin(s)
[INFO] 07.01.2023 02:09  springfox.documentation.spring.web.scanners.ApiListingReferenceScanner - Scanning for api listing references
[INFO] 07.01.2023 02:09  org.apache.coyote.http11.Http11NioProtocol - Starting ProtocolHandler ["http-nio-127.0.0.1-auto-2"]
[INFO] 07.01.2023 02:09  org.springframework.boot.web.embedded.tomcat.TomcatWebServer - Tomcat started on port(s): 42797 (http) with context path ''
[INFO] 07.01.2023 02:09  de.movaco.server.controller.TenantControllerTest - Started TenantControllerTest in 1.3 seconds (JVM running for 13.651)
[DEBUG] 07.01.2023 02:09  de.movaco.server.persistence.TenantConnectionProvider - Get connection for tenant TEST_TENANTS
[DEBUG] 07.01.2023 02:09  de.movaco.server.persistence.TenantConnectionProvider - Release connection for schema TEST_TENANTS
[DEBUG] 07.01.2023 02:09  de.movaco.server.persistence.TenantConnectionProvider - Get connection for tenant TEST_TENANTS
[DEBUG] 07.01.2023 02:09  de.movaco.server.persistence.TenantConnectionProvider - Release connection for schema TEST_TENANTS
[INFO] 07.01.2023 02:09  org.flywaydb.core.internal.database.DatabaseFactory - Database: jdbc:hsqldb:mem:testdb;DB_CLOSE_DELAY=-1 (HSQL Database Engine 2.4)
[INFO] 07.01.2023 02:09  org.flywaydb.core.internal.database.base.Schema - Creating schema "TestTenant" ...
[INFO] 07.01.2023 02:09  org.flywaydb.core.internal.schemahistory.JdbcTableSchemaHistory - Creating Schema History table "TestTenant"."flyway_schema_history" ...
[INFO] 07.01.2023 02:09  org.flywaydb.core.internal.command.DbMigrate - Current version of schema "TestTenant": null
[INFO] 07.01.2023 02:09  org.flywaydb.core.internal.command.DbMigrate - Migrating schema "TestTenant" to version 1 - init schema
[INFO] 07.01.2023 02:09  org.flywaydb.core.internal.command.DbMigrate - Successfully applied 1 migration to schema "TestTenant" (execution time 00:00.006s)
[DEBUG] 07.01.2023 02:09  de.movaco.server.persistence.TenantConnectionProvider - Get connection for tenant TEST_TENANTS
[DEBUG] 07.01.2023 02:09  de.movaco.server.persistence.TenantConnectionProvider - Release connection for schema TEST_TENANTS
[DEBUG] 07.01.2023 02:09  de.movaco.server.persistence.TenantConnectionProvider - Get connection for tenant TEST_TENANTS
[DEBUG] 07.01.2023 02:09  de.movaco.server.persistence.TenantConnectionProvider - Release connection for schema TEST_TENANTS
[DEBUG] 07.01.2023 02:09  de.movaco.server.persistence.TenantConnectionProvider - Get connection for tenant TEST_TENANTS
[DEBUG] 07.01.2023 02:09  de.movaco.server.persistence.TenantConnectionProvider - Release connection for schema TEST_TENANTS
[DEBUG] 07.01.2023 02:09  de.movaco.server.persistence.TenantConnectionProvider - Get connection for tenant TEST_TENANTS
[DEBUG] 07.01.2023 02:09  de.movaco.server.persistence.TenantConnectionProvider - Release connection for schema TEST_TENANTS
[DEBUG] 07.01.2023 02:09  de.movaco.server.persistence.TenantConnectionProvider - Get connection for tenant TEST_TENANTS
[DEBUG] 07.01.2023 02:09  de.movaco.server.persistence.TenantConnectionProvider - Release connection for schema TEST_TENANTS
[DEBUG] 07.01.2023 02:09  de.movaco.server.persistence.TenantConnectionProvider - Get connection for tenant TEST_TENANTS
[DEBUG] 07.01.2023 02:09  de.movaco.server.persistence.TenantConnectionProvider - Release connection for schema TEST_TENANTS
[DEBUG] 07.01.2023 02:09  de.movaco.server.persistence.TenantConnectionProvider - Get connection for tenant TEST_TENANTS
[DEBUG] 07.01.2023 02:09  de.movaco.server.persistence.TenantConnectionProvider - Release connection for schema TEST_TENANTS
[DEBUG] 07.01.2023 02:09  de.movaco.server.persistence.TenantConnectionProvider - Get connection for tenant TEST_TENANTS
[INFO] 07.01.2023 02:09  org.flywaydb.core.internal.database.DatabaseFactory - Database: jdbc:hsqldb:mem:testdb;DB_CLOSE_DELAY=-1 (HSQL Database Engine 2.4)
[INFO] 07.01.2023 02:09  org.flywaydb.core.internal.database.base.Schema - Creating schema "newtesttenant" ...
[INFO] 07.01.2023 02:09  org.flywaydb.core.internal.schemahistory.JdbcTableSchemaHistory - Creating Schema History table "newtesttenant"."flyway_schema_history" ...
[INFO] 07.01.2023 02:09  org.flywaydb.core.internal.command.DbMigrate - Current version of schema "newtesttenant": null
[INFO] 07.01.2023 02:09  org.flywaydb.core.internal.command.DbMigrate - Migrating schema "newtesttenant" to version 1 - init schema
[INFO] 07.01.2023 02:09  org.flywaydb.core.internal.command.DbMigrate - Successfully applied 1 migration to schema "newtesttenant" (execution time 00:00.004s)
[DEBUG] 07.01.2023 02:09  de.movaco.server.persistence.TenantConnectionProvider - Release connection for schema TEST_TENANTS
[DEBUG] 07.01.2023 02:09  de.movaco.server.persistence.TenantConnectionProvider - Get connection for tenant TEST_TENANTS
[DEBUG] 07.01.2023 02:09  de.movaco.server.persistence.TenantConnectionProvider - Release connection for schema TEST_TENANTS
[DEBUG] 07.01.2023 02:09  de.movaco.server.persistence.TenantConnectionProvider - Get connection for tenant TEST_TENANTS
[DEBUG] 07.01.2023 02:09  de.movaco.server.persistence.TenantConnectionProvider - Release connection for schema TEST_TENANTS
[INFO] Tests run: 4, Failures: 0, Errors: 0, Skipped: 0, Time elapsed: 1.397 s - in de.movaco.server.controller.TenantControllerTest
[INFO] Running de.movaco.server.security.cognito.CognitoAccessTokenReaderTest
[INFO] Tests run: 3, Failures: 0, Errors: 0, Skipped: 0, Time elapsed: 0.015 s - in de.movaco.server.security.cognito.CognitoAccessTokenReaderTest
[INFO] Running de.movaco.server.security.cognito.CognitoAccessTokenVerifierTest
[INFO] Tests run: 1, Failures: 0, Errors: 0, Skipped: 0, Time elapsed: 0.036 s - in de.movaco.server.security.cognito.CognitoAccessTokenVerifierTest
[INFO] Running de.movaco.server.security.cognito.CognitoSecurityContextTenantResolverTest
[INFO] Tests run: 1, Failures: 0, Errors: 0, Skipped: 0, Time elapsed: 0.03 s - in de.movaco.server.security.cognito.CognitoSecurityContextTenantResolverTest
[INFO] Running de.movaco.server.MainTest
[INFO] 07.01.2023 02:09  org.springframework.boot.test.context.SpringBootTestContextBootstrapper - Neither @ContextConfiguration nor @ContextHierarchy found for test class [de.movaco.server.MainTest], using SpringBootContextLoader
[INFO] 07.01.2023 02:09  org.springframework.test.context.support.AbstractContextLoader - Could not detect default resource locations for test class [de.movaco.server.MainTest]: no resource found for suffixes {-context.xml, Context.groovy}.
[INFO] 07.01.2023 02:09  org.springframework.boot.test.context.SpringBootTestContextBootstrapper - Loaded default TestExecutionListener class names from location [META-INF/spring.factories]: [org.springframework.boot.test.mock.mockito.MockitoTestExecutionListener, org.springframework.boot.test.mock.mockito.ResetMocksTestExecutionListener, org.springframework.boot.test.autoconfigure.restdocs.RestDocsTestExecutionListener, org.springframework.boot.test.autoconfigure.web.client.MockRestServiceServerResetTestExecutionListener, org.springframework.boot.test.autoconfigure.web.servlet.MockMvcPrintOnlyOnFailureTestExecutionListener, org.springframework.boot.test.autoconfigure.web.servlet.WebDriverTestExecutionListener, org.springframework.test.context.web.ServletTestExecutionListener, org.springframework.test.context.support.DirtiesContextBeforeModesTestExecutionListener, org.springframework.test.context.support.DependencyInjectionTestExecutionListener, org.springframework.test.context.support.DirtiesContextTestExecutionListener, org.springframework.test.context.transaction.TransactionalTestExecutionListener, org.springframework.test.context.jdbc.SqlScriptsTestExecutionListener, org.springframework.test.context.event.EventPublishingTestExecutionListener, org.springframework.security.test.context.support.WithSecurityContextTestExecutionListener, org.springframework.security.test.context.support.ReactorContextTestExecutionListener]
[INFO] 07.01.2023 02:09  org.springframework.boot.test.context.SpringBootTestContextBootstrapper - Using TestExecutionListeners: [org.springframework.test.context.web.ServletTestExecutionListener@7447101a, org.springframework.test.context.support.DirtiesContextBeforeModesTestExecutionListener@2e530570, org.springframework.boot.test.mock.mockito.MockitoTestExecutionListener@198ffe1, org.springframework.boot.test.autoconfigure.SpringBootDependencyInjectionTestExecutionListener@6580dc02, org.springframework.test.context.support.DirtiesContextTestExecutionListener@298bd768, org.springframework.test.context.transaction.TransactionalTestExecutionListener@1f453fac, org.springframework.test.context.jdbc.SqlScriptsTestExecutionListener@59e4ac52, org.springframework.test.context.event.EventPublishingTestExecutionListener@3ae71ba0, org.springframework.security.test.context.support.WithSecurityContextTestExecutionListener@4d20ab03, org.springframework.security.test.context.support.ReactorContextTestExecutionListener@7bae4554, org.springframework.boot.test.mock.mockito.ResetMocksTestExecutionListener@7d4f04f, org.springframework.boot.test.autoconfigure.restdocs.RestDocsTestExecutionListener@56cc10e, org.springframework.boot.test.autoconfigure.web.client.MockRestServiceServerResetTestExecutionListener@4d5c0a13, org.springframework.boot.test.autoconfigure.web.servlet.MockMvcPrintOnlyOnFailureTestExecutionListener@44d16209, org.springframework.boot.test.autoconfigure.web.servlet.WebDriverTestExecutionListener@64a7b454]

  .   ____          _            __ _ _
 /\\ / ___'_ __ _ _(_)_ __  __ _ \ \ \ \
( ( )\___ | '_ | '_| | '_ \/ _` | \ \ \ \
 \\/  ___)| |_)| | | | | || (_| |  ) ) ) )
  '  |____| .__|_| |_|_| |_\__, | / / / /
 =========|_|==============|___/=/_/_/_/
 :: Spring Boot ::        (v2.2.5.RELEASE)

[INFO] 07.01.2023 02:09  de.movaco.server.MainTest - Starting MainTest on repairnator with PID 33583 (started by gabsko in /home/gabsko/breaking-updates)
[DEBUG] 07.01.2023 02:09  de.movaco.server.MainTest - Running with Spring Boot v2.2.5.RELEASE, Spring v5.2.4.RELEASE
[INFO] 07.01.2023 02:09  de.movaco.server.MainTest - The following profiles are active: test
[INFO] 07.01.2023 02:09  org.springframework.data.repository.config.RepositoryConfigurationDelegate - Bootstrapping Spring Data JPA repositories in DEFAULT mode.
[INFO] 07.01.2023 02:09  org.springframework.data.repository.config.RepositoryConfigurationDelegate - Finished Spring Data repository scanning in 8ms. Found 2 JPA repository interfaces.
[INFO] 07.01.2023 02:09  org.springframework.context.support.PostProcessorRegistrationDelegate$BeanPostProcessorChecker - Bean 'org.springframework.security.config.annotation.configuration.ObjectPostProcessorConfiguration' of type [org.springframework.security.config.annotation.configuration.ObjectPostProcessorConfiguration] is not eligible for getting processed by all BeanPostProcessors (for example: not eligible for auto-proxying)
[INFO] 07.01.2023 02:09  org.springframework.context.support.PostProcessorRegistrationDelegate$BeanPostProcessorChecker - Bean 'objectPostProcessor' of type [org.springframework.security.config.annotation.configuration.AutowireBeanFactoryObjectPostProcessor] is not eligible for getting processed by all BeanPostProcessors (for example: not eligible for auto-proxying)
[INFO] 07.01.2023 02:09  org.springframework.context.support.PostProcessorRegistrationDelegate$BeanPostProcessorChecker - Bean 'org.springframework.security.access.expression.method.DefaultMethodSecurityExpressionHandler@70272028' of type [org.springframework.security.access.expression.method.DefaultMethodSecurityExpressionHandler] is not eligible for getting processed by all BeanPostProcessors (for example: not eligible for auto-proxying)
[INFO] 07.01.2023 02:09  org.springframework.context.support.PostProcessorRegistrationDelegate$BeanPostProcessorChecker - Bean 'methodSecurityConfig' of type [de.movaco.server.config.MethodSecurityConfig$$EnhancerBySpringCGLIB$$f5d583a7] is not eligible for getting processed by all BeanPostProcessors (for example: not eligible for auto-proxying)
[INFO] 07.01.2023 02:09  org.springframework.context.support.PostProcessorRegistrationDelegate$BeanPostProcessorChecker - Bean 'org.springframework.security.config.annotation.method.configuration.Jsr250MetadataSourceConfiguration' of type [org.springframework.security.config.annotation.method.configuration.Jsr250MetadataSourceConfiguration] is not eligible for getting processed by all BeanPostProcessors (for example: not eligible for auto-proxying)
[INFO] 07.01.2023 02:09  org.springframework.context.support.PostProcessorRegistrationDelegate$BeanPostProcessorChecker - Bean 'jsr250MethodSecurityMetadataSource' of type [org.springframework.security.access.annotation.Jsr250MethodSecurityMetadataSource] is not eligible for getting processed by all BeanPostProcessors (for example: not eligible for auto-proxying)
[INFO] 07.01.2023 02:09  org.springframework.context.support.PostProcessorRegistrationDelegate$BeanPostProcessorChecker - Bean 'methodSecurityMetadataSource' of type [org.springframework.security.access.method.DelegatingMethodSecurityMetadataSource] is not eligible for getting processed by all BeanPostProcessors (for example: not eligible for auto-proxying)
[INFO] 07.01.2023 02:09  de.movaco.server.config.FlywayConfig - Migrating default schema 
[INFO] 07.01.2023 02:09  com.zaxxer.hikari.HikariDataSource - HikariPool-4 - Starting...
[INFO] 07.01.2023 02:09  com.zaxxer.hikari.pool.PoolBase - HikariPool-4 - Driver does not support get/set network timeout for connections. (feature not supported)
[INFO] 07.01.2023 02:09  com.zaxxer.hikari.HikariDataSource - HikariPool-4 - Start completed.
[INFO] 07.01.2023 02:09  org.flywaydb.core.internal.database.DatabaseFactory - Database: jdbc:hsqldb:mem:testdb;DB_CLOSE_DELAY=-1 (HSQL Database Engine 2.4)
[INFO] 07.01.2023 02:09  org.flywaydb.core.internal.command.DbValidate - Successfully validated 2 migrations (execution time 00:00.002s)
[INFO] 07.01.2023 02:09  org.flywaydb.core.internal.command.DbMigrate - Current version of schema "TEST_TENANTS": 1
[INFO] 07.01.2023 02:09  org.flywaydb.core.internal.command.DbMigrate - Schema "TEST_TENANTS" is up to date. No migration necessary.
[INFO] 07.01.2023 02:09  org.hibernate.jpa.internal.util.LogHelper - HHH000204: Processing PersistenceUnitInfo [name: default]
[INFO] 07.01.2023 02:09  org.hibernate.dialect.Dialect - HHH000400: Using dialect: org.hibernate.dialect.HSQLDialect
[INFO] 07.01.2023 02:09  org.hibernate.engine.transaction.jta.platform.internal.JtaPlatformInitiator - HHH000490: Using JtaPlatform implementation: [org.hibernate.engine.transaction.jta.platform.internal.NoJtaPlatform]
[INFO] 07.01.2023 02:09  org.springframework.orm.jpa.LocalContainerEntityManagerFactoryBean - Initialized JPA EntityManagerFactory for persistence unit 'default'
[WARN] 07.01.2023 02:09  org.springframework.boot.autoconfigure.orm.jpa.JpaBaseConfiguration$JpaWebConfiguration - spring.jpa.open-in-view is enabled by default. Therefore, database queries may be performed during view rendering. Explicitly configure spring.jpa.open-in-view to disable this warning
[DEBUG] 07.01.2023 02:09  de.movaco.server.persistence.TenantConnectionProvider - Get connection for tenant TEST_TENANTS
[DEBUG] 07.01.2023 02:09  de.movaco.server.persistence.TenantConnectionProvider - Release connection for schema TEST_TENANTS
[INFO] 07.01.2023 02:09  springfox.documentation.spring.web.PropertySourcedRequestMappingHandlerMapping - Mapped URL path [/v2/api-docs] onto method [springfox.documentation.swagger2.web.Swagger2Controller#getDocumentation(String, HttpServletRequest)]
[INFO] 07.01.2023 02:09  org.springframework.scheduling.concurrent.ThreadPoolTaskExecutor - Initializing ExecutorService 'applicationTaskExecutor'
[INFO] 07.01.2023 02:09  org.springframework.security.web.DefaultSecurityFilterChain - Creating filter chain: de.movaco.server.config.SecurityConfig$OAuthRequestedMatcher@7a0ffd18, [org.springframework.security.web.context.request.async.WebAsyncManagerIntegrationFilter@4711c01b, org.springframework.security.web.context.SecurityContextPersistenceFilter@3bc1a2b7, org.springframework.security.web.header.HeaderWriterFilter@641a3fdd, org.springframework.security.web.authentication.logout.LogoutFilter@78607542, org.springframework.security.oauth2.provider.authentication.OAuth2AuthenticationProcessingFilter@64862cf8, org.springframework.security.web.savedrequest.RequestCacheAwareFilter@6a7c9ce1, org.springframework.security.web.servletapi.SecurityContextHolderAwareRequestFilter@5fada2a4, org.springframework.security.web.authentication.AnonymousAuthenticationFilter@c1e9ee, org.springframework.security.web.session.SessionManagementFilter@12d06ddb, org.springframework.security.web.access.ExceptionTranslationFilter@49830dfb, org.springframework.security.web.access.intercept.FilterSecurityInterceptor@321c50e7]
[INFO] 07.01.2023 02:09  springfox.documentation.spring.web.plugins.DocumentationPluginsBootstrapper - Context refreshed
[INFO] 07.01.2023 02:09  springfox.documentation.spring.web.plugins.DocumentationPluginsBootstrapper - Found 1 custom documentation plugin(s)
[INFO] 07.01.2023 02:09  springfox.documentation.spring.web.scanners.ApiListingReferenceScanner - Scanning for api listing references
[INFO] 07.01.2023 02:09  de.movaco.server.MainTest - Started MainTest in 0.961 seconds (JVM running for 14.807)
[INFO] Tests run: 1, Failures: 0, Errors: 0, Skipped: 0, Time elapsed: 0.966 s - in de.movaco.server.MainTest
[INFO] Running de.movaco.server.persistence.entities.BaseEntityTest
[INFO] Tests run: 4, Failures: 0, Errors: 0, Skipped: 0, Time elapsed: 0 s - in de.movaco.server.persistence.entities.BaseEntityTest
[INFO] Running de.movaco.server.persistence.repository.UserDetailsRepositoryTest
[INFO] 07.01.2023 02:09  org.springframework.boot.test.context.SpringBootTestContextBootstrapper - Neither @ContextConfiguration nor @ContextHierarchy found for test class [de.movaco.server.persistence.repository.UserDetailsRepositoryTest], using SpringBootContextLoader
[INFO] 07.01.2023 02:09  org.springframework.test.context.support.AbstractContextLoader - Could not detect default resource locations for test class [de.movaco.server.persistence.repository.UserDetailsRepositoryTest]: no resource found for suffixes {-context.xml, Context.groovy}.
[INFO] 07.01.2023 02:09  org.springframework.test.context.support.AnnotationConfigContextLoaderUtils - Could not detect default configuration classes for test class [de.movaco.server.persistence.repository.UserDetailsRepositoryTest]: UserDetailsRepositoryTest does not declare any static, non-private, non-final, nested classes annotated with @Configuration.
[INFO] 07.01.2023 02:09  org.springframework.boot.test.context.SpringBootTestContextBootstrapper - Found @SpringBootConfiguration de.movaco.server.Main for test class de.movaco.server.persistence.repository.UserDetailsRepositoryTest
[INFO] 07.01.2023 02:09  org.springframework.boot.test.context.SpringBootTestContextBootstrapper - Loaded default TestExecutionListener class names from location [META-INF/spring.factories]: [org.springframework.boot.test.mock.mockito.MockitoTestExecutionListener, org.springframework.boot.test.mock.mockito.ResetMocksTestExecutionListener, org.springframework.boot.test.autoconfigure.restdocs.RestDocsTestExecutionListener, org.springframework.boot.test.autoconfigure.web.client.MockRestServiceServerResetTestExecutionListener, org.springframework.boot.test.autoconfigure.web.servlet.MockMvcPrintOnlyOnFailureTestExecutionListener, org.springframework.boot.test.autoconfigure.web.servlet.WebDriverTestExecutionListener, org.springframework.test.context.web.ServletTestExecutionListener, org.springframework.test.context.support.DirtiesContextBeforeModesTestExecutionListener, org.springframework.test.context.support.DependencyInjectionTestExecutionListener, org.springframework.test.context.support.DirtiesContextTestExecutionListener, org.springframework.test.context.transaction.TransactionalTestExecutionListener, org.springframework.test.context.jdbc.SqlScriptsTestExecutionListener, org.springframework.test.context.event.EventPublishingTestExecutionListener, org.springframework.security.test.context.support.WithSecurityContextTestExecutionListener, org.springframework.security.test.context.support.ReactorContextTestExecutionListener]
[INFO] 07.01.2023 02:09  org.springframework.boot.test.context.SpringBootTestContextBootstrapper - Using TestExecutionListeners: [org.springframework.test.context.web.ServletTestExecutionListener@3b5bd939, org.springframework.test.context.support.DirtiesContextBeforeModesTestExecutionListener@469d45b3, org.springframework.boot.test.mock.mockito.MockitoTestExecutionListener@5cfa9fda, org.springframework.boot.test.autoconfigure.SpringBootDependencyInjectionTestExecutionListener@24d79831, org.springframework.test.context.support.DirtiesContextTestExecutionListener@41200f83, org.springframework.test.context.transaction.TransactionalTestExecutionListener@6d3c7ac9, org.springframework.test.context.jdbc.SqlScriptsTestExecutionListener@65b03cfb, org.springframework.test.context.event.EventPublishingTestExecutionListener@7dbe266c, org.springframework.security.test.context.support.WithSecurityContextTestExecutionListener@3c23724f, org.springframework.security.test.context.support.ReactorContextTestExecutionListener@3247ad30, org.springframework.boot.test.mock.mockito.ResetMocksTestExecutionListener@56740867, org.springframework.boot.test.autoconfigure.restdocs.RestDocsTestExecutionListener@5af5d983, org.springframework.boot.test.autoconfigure.web.client.MockRestServiceServerResetTestExecutionListener@7d637998, org.springframework.boot.test.autoconfigure.web.servlet.MockMvcPrintOnlyOnFailureTestExecutionListener@72c26529, org.springframework.boot.test.autoconfigure.web.servlet.WebDriverTestExecutionListener@4836c26]
[DEBUG] 07.01.2023 02:09  de.movaco.server.persistence.TenantConnectionProvider - Get connection for tenant TEST_TENANTS
[DEBUG] 07.01.2023 02:09  de.movaco.server.persistence.TenantConnectionProvider - Release connection for schema TEST_TENANTS
[INFO] 07.01.2023 02:09  org.flywaydb.core.internal.database.DatabaseFactory - Database: jdbc:hsqldb:mem:testdb;DB_CLOSE_DELAY=-1 (HSQL Database Engine 2.4)
[INFO] 07.01.2023 02:09  org.flywaydb.core.internal.command.DbValidate - Successfully validated 2 migrations (execution time 00:00.001s)
[INFO] 07.01.2023 02:09  org.flywaydb.core.internal.command.DbMigrate - Current version of schema "test": 1
[INFO] 07.01.2023 02:09  org.flywaydb.core.internal.command.DbMigrate - Schema "test" is up to date. No migration necessary.
[DEBUG] 07.01.2023 02:09  de.movaco.server.persistence.TenantConnectionProvider - Get connection for tenant TEST_TENANTS
[DEBUG] 07.01.2023 02:09  de.movaco.server.persistence.TenantConnectionProvider - Release connection for schema TEST_TENANTS
[DEBUG] 07.01.2023 02:09  de.movaco.server.persistence.TenantConnectionProvider - Get connection for tenant test
[DEBUG] 07.01.2023 02:09  de.movaco.server.persistence.TenantConnectionProvider - Release connection for schema test
[DEBUG] 07.01.2023 02:09  de.movaco.server.persistence.TenantConnectionProvider - Get connection for tenant test
[DEBUG] 07.01.2023 02:09  de.movaco.server.persistence.TenantConnectionProvider - Release connection for schema test
[DEBUG] 07.01.2023 02:09  de.movaco.server.persistence.TenantConnectionProvider - Get connection for tenant test
[DEBUG] 07.01.2023 02:09  de.movaco.server.persistence.TenantConnectionProvider - Release connection for schema test
[DEBUG] 07.01.2023 02:09  de.movaco.server.persistence.TenantConnectionProvider - Get connection for tenant TEST_TENANTS
[DEBUG] 07.01.2023 02:09  de.movaco.server.persistence.TenantConnectionProvider - Release connection for schema TEST_TENANTS
[DEBUG] 07.01.2023 02:09  de.movaco.server.persistence.TenantConnectionProvider - Get connection for tenant TEST_TENANTS
[DEBUG] 07.01.2023 02:09  de.movaco.server.persistence.TenantConnectionProvider - Release connection for schema TEST_TENANTS
[INFO] 07.01.2023 02:09  org.flywaydb.core.internal.database.DatabaseFactory - Database: jdbc:hsqldb:mem:testdb;DB_CLOSE_DELAY=-1 (HSQL Database Engine 2.4)
[INFO] 07.01.2023 02:09  org.flywaydb.core.internal.command.DbValidate - Successfully validated 2 migrations (execution time 00:00.001s)
[INFO] 07.01.2023 02:09  org.flywaydb.core.internal.command.DbMigrate - Current version of schema "test": 1
[INFO] 07.01.2023 02:09  org.flywaydb.core.internal.command.DbMigrate - Schema "test" is up to date. No migration necessary.
[DEBUG] 07.01.2023 02:09  de.movaco.server.persistence.TenantConnectionProvider - Get connection for tenant TEST_TENANTS
[DEBUG] 07.01.2023 02:09  de.movaco.server.persistence.TenantConnectionProvider - Release connection for schema TEST_TENANTS
[DEBUG] 07.01.2023 02:09  de.movaco.server.persistence.TenantConnectionProvider - Get connection for tenant test
[DEBUG] 07.01.2023 02:09  de.movaco.server.persistence.TenantConnectionProvider - Release connection for schema test
[DEBUG] 07.01.2023 02:09  de.movaco.server.persistence.TenantConnectionProvider - Get connection for tenant test
[DEBUG] 07.01.2023 02:09  de.movaco.server.persistence.TenantConnectionProvider - Release connection for schema test
[DEBUG] 07.01.2023 02:09  de.movaco.server.persistence.TenantConnectionProvider - Get connection for tenant TEST_TENANTS
[DEBUG] 07.01.2023 02:09  de.movaco.server.persistence.TenantConnectionProvider - Release connection for schema TEST_TENANTS
[DEBUG] 07.01.2023 02:09  de.movaco.server.persistence.TenantConnectionProvider - Get connection for tenant TEST_TENANTS
[DEBUG] 07.01.2023 02:09  de.movaco.server.persistence.TenantConnectionProvider - Release connection for schema TEST_TENANTS
[INFO] 07.01.2023 02:09  org.flywaydb.core.internal.database.DatabaseFactory - Database: jdbc:hsqldb:mem:testdb;DB_CLOSE_DELAY=-1 (HSQL Database Engine 2.4)
[INFO] 07.01.2023 02:09  org.flywaydb.core.internal.command.DbValidate - Successfully validated 2 migrations (execution time 00:00.000s)
[INFO] 07.01.2023 02:09  org.flywaydb.core.internal.command.DbMigrate - Current version of schema "test": 1
[INFO] 07.01.2023 02:09  org.flywaydb.core.internal.command.DbMigrate - Schema "test" is up to date. No migration necessary.
[DEBUG] 07.01.2023 02:09  de.movaco.server.persistence.TenantConnectionProvider - Get connection for tenant TEST_TENANTS
[DEBUG] 07.01.2023 02:09  de.movaco.server.persistence.TenantConnectionProvider - Release connection for schema TEST_TENANTS
[DEBUG] 07.01.2023 02:09  de.movaco.server.persistence.TenantConnectionProvider - Get connection for tenant test
[DEBUG] 07.01.2023 02:09  de.movaco.server.persistence.TenantConnectionProvider - Release connection for schema test
[DEBUG] 07.01.2023 02:09  de.movaco.server.persistence.TenantConnectionProvider - Get connection for tenant test
[DEBUG] 07.01.2023 02:09  de.movaco.server.persistence.TenantConnectionProvider - Release connection for schema test
[DEBUG] 07.01.2023 02:09  de.movaco.server.persistence.TenantConnectionProvider - Get connection for tenant TEST_TENANTS
[DEBUG] 07.01.2023 02:09  de.movaco.server.persistence.TenantConnectionProvider - Release connection for schema TEST_TENANTS
[INFO] Tests run: 3, Failures: 0, Errors: 0, Skipped: 0, Time elapsed: 0.073 s - in de.movaco.server.persistence.repository.UserDetailsRepositoryTest
[INFO] Running de.movaco.server.persistence.repository.TenantRepositoryTest
[INFO] 07.01.2023 02:09  org.springframework.boot.test.context.SpringBootTestContextBootstrapper - Neither @ContextConfiguration nor @ContextHierarchy found for test class [de.movaco.server.persistence.repository.TenantRepositoryTest], using SpringBootContextLoader
[INFO] 07.01.2023 02:09  org.springframework.test.context.support.AbstractContextLoader - Could not detect default resource locations for test class [de.movaco.server.persistence.repository.TenantRepositoryTest]: no resource found for suffixes {-context.xml, Context.groovy}.
[INFO] 07.01.2023 02:09  org.springframework.test.context.support.AnnotationConfigContextLoaderUtils - Could not detect default configuration classes for test class [de.movaco.server.persistence.repository.TenantRepositoryTest]: TenantRepositoryTest does not declare any static, non-private, non-final, nested classes annotated with @Configuration.
[INFO] 07.01.2023 02:09  org.springframework.boot.test.context.SpringBootTestContextBootstrapper - Found @SpringBootConfiguration de.movaco.server.Main for test class de.movaco.server.persistence.repository.TenantRepositoryTest
[INFO] 07.01.2023 02:09  org.springframework.boot.test.context.SpringBootTestContextBootstrapper - Loaded default TestExecutionListener class names from location [META-INF/spring.factories]: [org.springframework.boot.test.mock.mockito.MockitoTestExecutionListener, org.springframework.boot.test.mock.mockito.ResetMocksTestExecutionListener, org.springframework.boot.test.autoconfigure.restdocs.RestDocsTestExecutionListener, org.springframework.boot.test.autoconfigure.web.client.MockRestServiceServerResetTestExecutionListener, org.springframework.boot.test.autoconfigure.web.servlet.MockMvcPrintOnlyOnFailureTestExecutionListener, org.springframework.boot.test.autoconfigure.web.servlet.WebDriverTestExecutionListener, org.springframework.test.context.web.ServletTestExecutionListener, org.springframework.test.context.support.DirtiesContextBeforeModesTestExecutionListener, org.springframework.test.context.support.DependencyInjectionTestExecutionListener, org.springframework.test.context.support.DirtiesContextTestExecutionListener, org.springframework.test.context.transaction.TransactionalTestExecutionListener, org.springframework.test.context.jdbc.SqlScriptsTestExecutionListener, org.springframework.test.context.event.EventPublishingTestExecutionListener, org.springframework.security.test.context.support.WithSecurityContextTestExecutionListener, org.springframework.security.test.context.support.ReactorContextTestExecutionListener]
[INFO] 07.01.2023 02:09  org.springframework.boot.test.context.SpringBootTestContextBootstrapper - Using TestExecutionListeners: [org.springframework.test.context.web.ServletTestExecutionListener@63720aa1, org.springframework.test.context.support.DirtiesContextBeforeModesTestExecutionListener@64130e68, org.springframework.boot.test.mock.mockito.MockitoTestExecutionListener@5d3f492, org.springframework.boot.test.autoconfigure.SpringBootDependencyInjectionTestExecutionListener@6ead2998, org.springframework.test.context.support.DirtiesContextTestExecutionListener@1df901ee, org.springframework.test.context.transaction.TransactionalTestExecutionListener@61652c77, org.springframework.test.context.jdbc.SqlScriptsTestExecutionListener@7b0823ad, org.springframework.test.context.event.EventPublishingTestExecutionListener@7cee34bd, org.springframework.security.test.context.support.WithSecurityContextTestExecutionListener@29cdacbf, org.springframework.security.test.context.support.ReactorContextTestExecutionListener@61033b65, org.springframework.boot.test.mock.mockito.ResetMocksTestExecutionListener@5bac79a3, org.springframework.boot.test.autoconfigure.restdocs.RestDocsTestExecutionListener@566ae5b7, org.springframework.boot.test.autoconfigure.web.client.MockRestServiceServerResetTestExecutionListener@12860391, org.springframework.boot.test.autoconfigure.web.servlet.MockMvcPrintOnlyOnFailureTestExecutionListener@6aa6dab7, org.springframework.boot.test.autoconfigure.web.servlet.WebDriverTestExecutionListener@52ffd721]

  .   ____          _            __ _ _
 /\\ / ___'_ __ _ _(_)_ __  __ _ \ \ \ \
( ( )\___ | '_ | '_| | '_ \/ _` | \ \ \ \
 \\/  ___)| |_)| | | | | || (_| |  ) ) ) )
  '  |____| .__|_| |_|_| |_\__, | / / / /
 =========|_|==============|___/=/_/_/_/
 :: Spring Boot ::        (v2.2.5.RELEASE)

[INFO] 07.01.2023 02:09  de.movaco.server.persistence.repository.TenantRepositoryTest - Starting TenantRepositoryTest on repairnator with PID 33583 (started by gabsko in /home/gabsko/breaking-updates)
[DEBUG] 07.01.2023 02:09  de.movaco.server.persistence.repository.TenantRepositoryTest - Running with Spring Boot v2.2.5.RELEASE, Spring v5.2.4.RELEASE
[INFO] 07.01.2023 02:09  de.movaco.server.persistence.repository.TenantRepositoryTest - The following profiles are active: test
[INFO] 07.01.2023 02:09  org.springframework.data.repository.config.RepositoryConfigurationDelegate - Bootstrapping Spring Data JPA repositories in DEFAULT mode.
[INFO] 07.01.2023 02:09  org.springframework.data.repository.config.RepositoryConfigurationDelegate - Finished Spring Data repository scanning in 8ms. Found 2 JPA repository interfaces.
[INFO] 07.01.2023 02:09  org.springframework.context.support.PostProcessorRegistrationDelegate$BeanPostProcessorChecker - Bean 'org.springframework.security.config.annotation.configuration.ObjectPostProcessorConfiguration' of type [org.springframework.security.config.annotation.configuration.ObjectPostProcessorConfiguration] is not eligible for getting processed by all BeanPostProcessors (for example: not eligible for auto-proxying)
[INFO] 07.01.2023 02:09  org.springframework.context.support.PostProcessorRegistrationDelegate$BeanPostProcessorChecker - Bean 'objectPostProcessor' of type [org.springframework.security.config.annotation.configuration.AutowireBeanFactoryObjectPostProcessor] is not eligible for getting processed by all BeanPostProcessors (for example: not eligible for auto-proxying)
[INFO] 07.01.2023 02:09  org.springframework.context.support.PostProcessorRegistrationDelegate$BeanPostProcessorChecker - Bean 'org.springframework.security.access.expression.method.DefaultMethodSecurityExpressionHandler@4d35f64d' of type [org.springframework.security.access.expression.method.DefaultMethodSecurityExpressionHandler] is not eligible for getting processed by all BeanPostProcessors (for example: not eligible for auto-proxying)
[INFO] 07.01.2023 02:09  org.springframework.context.support.PostProcessorRegistrationDelegate$BeanPostProcessorChecker - Bean 'methodSecurityConfig' of type [de.movaco.server.config.MethodSecurityConfig$$EnhancerBySpringCGLIB$$f5d583a7] is not eligible for getting processed by all BeanPostProcessors (for example: not eligible for auto-proxying)
[INFO] 07.01.2023 02:09  org.springframework.context.support.PostProcessorRegistrationDelegate$BeanPostProcessorChecker - Bean 'org.springframework.security.config.annotation.method.configuration.Jsr250MetadataSourceConfiguration' of type [org.springframework.security.config.annotation.method.configuration.Jsr250MetadataSourceConfiguration] is not eligible for getting processed by all BeanPostProcessors (for example: not eligible for auto-proxying)
[INFO] 07.01.2023 02:09  org.springframework.context.support.PostProcessorRegistrationDelegate$BeanPostProcessorChecker - Bean 'jsr250MethodSecurityMetadataSource' of type [org.springframework.security.access.annotation.Jsr250MethodSecurityMetadataSource] is not eligible for getting processed by all BeanPostProcessors (for example: not eligible for auto-proxying)
[INFO] 07.01.2023 02:09  org.springframework.context.support.PostProcessorRegistrationDelegate$BeanPostProcessorChecker - Bean 'methodSecurityMetadataSource' of type [org.springframework.security.access.method.DelegatingMethodSecurityMetadataSource] is not eligible for getting processed by all BeanPostProcessors (for example: not eligible for auto-proxying)
[INFO] 07.01.2023 02:09  de.movaco.server.config.FlywayConfig - Migrating default schema 
[INFO] 07.01.2023 02:09  com.zaxxer.hikari.HikariDataSource - HikariPool-5 - Starting...
[INFO] 07.01.2023 02:09  com.zaxxer.hikari.pool.PoolBase - HikariPool-5 - Driver does not support get/set network timeout for connections. (feature not supported)
[INFO] 07.01.2023 02:09  com.zaxxer.hikari.HikariDataSource - HikariPool-5 - Start completed.
[INFO] 07.01.2023 02:09  org.flywaydb.core.internal.database.DatabaseFactory - Database: jdbc:hsqldb:mem:testdb;DB_CLOSE_DELAY=-1 (HSQL Database Engine 2.4)
[INFO] 07.01.2023 02:09  org.flywaydb.core.internal.command.DbValidate - Successfully validated 2 migrations (execution time 00:00.001s)
[INFO] 07.01.2023 02:09  org.flywaydb.core.internal.command.DbMigrate - Current version of schema "TEST_TENANTS": 1
[INFO] 07.01.2023 02:09  org.flywaydb.core.internal.command.DbMigrate - Schema "TEST_TENANTS" is up to date. No migration necessary.
[INFO] 07.01.2023 02:09  org.hibernate.jpa.internal.util.LogHelper - HHH000204: Processing PersistenceUnitInfo [name: default]
[INFO] 07.01.2023 02:09  org.hibernate.dialect.Dialect - HHH000400: Using dialect: org.hibernate.dialect.HSQLDialect
[INFO] 07.01.2023 02:09  org.hibernate.engine.transaction.jta.platform.internal.JtaPlatformInitiator - HHH000490: Using JtaPlatform implementation: [org.hibernate.engine.transaction.jta.platform.internal.NoJtaPlatform]
[INFO] 07.01.2023 02:09  org.springframework.orm.jpa.LocalContainerEntityManagerFactoryBean - Initialized JPA EntityManagerFactory for persistence unit 'default'
[WARN] 07.01.2023 02:09  org.springframework.boot.autoconfigure.orm.jpa.JpaBaseConfiguration$JpaWebConfiguration - spring.jpa.open-in-view is enabled by default. Therefore, database queries may be performed during view rendering. Explicitly configure spring.jpa.open-in-view to disable this warning
[DEBUG] 07.01.2023 02:09  de.movaco.server.persistence.TenantConnectionProvider - Get connection for tenant TEST_TENANTS
[DEBUG] 07.01.2023 02:09  de.movaco.server.persistence.TenantConnectionProvider - Release connection for schema TEST_TENANTS
[INFO] 07.01.2023 02:09  springfox.documentation.spring.web.PropertySourcedRequestMappingHandlerMapping - Mapped URL path [/v2/api-docs] onto method [springfox.documentation.swagger2.web.Swagger2Controller#getDocumentation(String, HttpServletRequest)]
[INFO] 07.01.2023 02:09  org.springframework.scheduling.concurrent.ThreadPoolTaskExecutor - Initializing ExecutorService 'applicationTaskExecutor'
[INFO] 07.01.2023 02:09  org.springframework.security.web.DefaultSecurityFilterChain - Creating filter chain: de.movaco.server.config.SecurityConfig$OAuthRequestedMatcher@68b72de1, [org.springframework.security.web.context.request.async.WebAsyncManagerIntegrationFilter@58401ea4, org.springframework.security.web.context.SecurityContextPersistenceFilter@52b56163, org.springframework.security.web.header.HeaderWriterFilter@2aed6588, org.springframework.security.web.authentication.logout.LogoutFilter@648ab3e0, org.springframework.security.oauth2.provider.authentication.OAuth2AuthenticationProcessingFilter@658a2ca8, org.springframework.security.web.savedrequest.RequestCacheAwareFilter@465096b9, org.springframework.security.web.servletapi.SecurityContextHolderAwareRequestFilter@7d07ade, org.springframework.security.web.authentication.AnonymousAuthenticationFilter@34e6a3a5, org.springframework.security.web.session.SessionManagementFilter@3914626d, org.springframework.security.web.access.ExceptionTranslationFilter@3c950c80, org.springframework.security.web.access.intercept.FilterSecurityInterceptor@3038ecb2]
[INFO] 07.01.2023 02:09  springfox.documentation.spring.web.plugins.DocumentationPluginsBootstrapper - Context refreshed
[INFO] 07.01.2023 02:09  springfox.documentation.spring.web.plugins.DocumentationPluginsBootstrapper - Found 1 custom documentation plugin(s)
[INFO] 07.01.2023 02:09  springfox.documentation.spring.web.scanners.ApiListingReferenceScanner - Scanning for api listing references
[INFO] 07.01.2023 02:09  de.movaco.server.persistence.repository.TenantRepositoryTest - Started TenantRepositoryTest in 0.893 seconds (JVM running for 15.787)
[DEBUG] 07.01.2023 02:09  de.movaco.server.persistence.TenantConnectionProvider - Get connection for tenant TEST_TENANTS
[DEBUG] 07.01.2023 02:09  de.movaco.server.persistence.TenantConnectionProvider - Release connection for schema TEST_TENANTS
[DEBUG] 07.01.2023 02:09  de.movaco.server.persistence.TenantConnectionProvider - Get connection for tenant TEST_TENANTS
[DEBUG] 07.01.2023 02:09  de.movaco.server.persistence.TenantConnectionProvider - Release connection for schema TEST_TENANTS
[DEBUG] 07.01.2023 02:09  de.movaco.server.persistence.TenantConnectionProvider - Get connection for tenant TEST_TENANTS
[DEBUG] 07.01.2023 02:09  de.movaco.server.persistence.TenantConnectionProvider - Release connection for schema TEST_TENANTS
[DEBUG] 07.01.2023 02:09  de.movaco.server.persistence.TenantConnectionProvider - Get connection for tenant TEST_TENANTS
[DEBUG] 07.01.2023 02:09  de.movaco.server.persistence.TenantConnectionProvider - Release connection for schema TEST_TENANTS
[DEBUG] 07.01.2023 02:09  de.movaco.server.persistence.TenantConnectionProvider - Get connection for tenant TEST_TENANTS
[DEBUG] 07.01.2023 02:09  de.movaco.server.persistence.TenantConnectionProvider - Release connection for schema TEST_TENANTS
[DEBUG] 07.01.2023 02:09  de.movaco.server.persistence.TenantConnectionProvider - Get connection for tenant TEST_TENANTS
[DEBUG] 07.01.2023 02:09  de.movaco.server.persistence.TenantConnectionProvider - Release connection for schema TEST_TENANTS
[DEBUG] 07.01.2023 02:09  de.movaco.server.persistence.TenantConnectionProvider - Get connection for tenant TEST_TENANTS
[DEBUG] 07.01.2023 02:09  de.movaco.server.persistence.TenantConnectionProvider - Release connection for schema TEST_TENANTS
[DEBUG] 07.01.2023 02:09  de.movaco.server.persistence.TenantConnectionProvider - Get connection for tenant TEST_TENANTS
[DEBUG] 07.01.2023 02:09  de.movaco.server.persistence.TenantConnectionProvider - Release connection for schema TEST_TENANTS
[DEBUG] 07.01.2023 02:09  de.movaco.server.persistence.TenantConnectionProvider - Get connection for tenant TEST_TENANTS
[DEBUG] 07.01.2023 02:09  de.movaco.server.persistence.TenantConnectionProvider - Release connection for schema TEST_TENANTS
[DEBUG] 07.01.2023 02:09  de.movaco.server.persistence.TenantConnectionProvider - Get connection for tenant TEST_TENANTS
[DEBUG] 07.01.2023 02:09  de.movaco.server.persistence.TenantConnectionProvider - Release connection for schema TEST_TENANTS
[DEBUG] 07.01.2023 02:09  de.movaco.server.persistence.TenantConnectionProvider - Get connection for tenant TEST_TENANTS
[DEBUG] 07.01.2023 02:09  de.movaco.server.persistence.TenantConnectionProvider - Release connection for schema TEST_TENANTS
[DEBUG] 07.01.2023 02:09  de.movaco.server.persistence.TenantConnectionProvider - Get connection for tenant TEST_TENANTS
[DEBUG] 07.01.2023 02:09  de.movaco.server.persistence.TenantConnectionProvider - Release connection for schema TEST_TENANTS
[INFO] Tests run: 4, Failures: 0, Errors: 0, Skipped: 0, Time elapsed: 0.939 s - in de.movaco.server.persistence.repository.TenantRepositoryTest
[INFO] 07.01.2023 02:09  org.springframework.scheduling.concurrent.ThreadPoolTaskExecutor - Shutting down ExecutorService 'applicationTaskExecutor'
[INFO] 07.01.2023 02:09  org.springframework.scheduling.concurrent.ThreadPoolTaskExecutor - Shutting down ExecutorService 'applicationTaskExecutor'
[INFO] 07.01.2023 02:09  org.springframework.scheduling.concurrent.ThreadPoolTaskExecutor - Shutting down ExecutorService 'applicationTaskExecutor'
[INFO] 07.01.2023 02:09  org.springframework.scheduling.concurrent.ThreadPoolTaskExecutor - Shutting down ExecutorService 'applicationTaskExecutor'
[INFO] 07.01.2023 02:09  org.springframework.scheduling.concurrent.ThreadPoolTaskExecutor - Shutting down ExecutorService 'applicationTaskExecutor'
[INFO] 07.01.2023 02:09  org.springframework.orm.jpa.LocalContainerEntityManagerFactoryBean - Closing JPA EntityManagerFactory for persistence unit 'default'
[INFO] 07.01.2023 02:09  org.springframework.orm.jpa.LocalContainerEntityManagerFactoryBean - Closing JPA EntityManagerFactory for persistence unit 'default'
[INFO] 07.01.2023 02:09  com.zaxxer.hikari.HikariDataSource - HikariPool-4 - Shutdown initiated...
[INFO] 07.01.2023 02:09  com.zaxxer.hikari.HikariDataSource - HikariPool-5 - Shutdown initiated...
[INFO] 07.01.2023 02:09  org.springframework.orm.jpa.LocalContainerEntityManagerFactoryBean - Closing JPA EntityManagerFactory for persistence unit 'default'
[INFO] 07.01.2023 02:09  org.springframework.orm.jpa.LocalContainerEntityManagerFactoryBean - Closing JPA EntityManagerFactory for persistence unit 'default'
[INFO] 07.01.2023 02:09  org.springframework.orm.jpa.LocalContainerEntityManagerFactoryBean - Closing JPA EntityManagerFactory for persistence unit 'default'
[INFO] 07.01.2023 02:09  com.zaxxer.hikari.HikariDataSource - HikariPool-3 - Shutdown initiated...
[INFO] 07.01.2023 02:09  com.zaxxer.hikari.HikariDataSource - HikariPool-2 - Shutdown initiated...
[INFO] 07.01.2023 02:09  com.zaxxer.hikari.HikariDataSource - HikariPool-1 - Shutdown initiated...
[INFO] 07.01.2023 02:09  com.zaxxer.hikari.HikariDataSource - HikariPool-2 - Shutdown completed.
[INFO] 07.01.2023 02:09  com.zaxxer.hikari.HikariDataSource - HikariPool-1 - Shutdown completed.
[INFO] 07.01.2023 02:09  com.zaxxer.hikari.HikariDataSource - HikariPool-3 - Shutdown completed.
[INFO] 07.01.2023 02:09  com.zaxxer.hikari.HikariDataSource - HikariPool-4 - Shutdown completed.
[INFO] 07.01.2023 02:09  com.zaxxer.hikari.HikariDataSource - HikariPool-5 - Shutdown completed.
[INFO] 
[INFO] Results:
[INFO] 
[INFO] Tests run: 52, Failures: 0, Errors: 0, Skipped: 0
[INFO] 
[INFO] ------------------------------------------------------------------------
[INFO] BUILD SUCCESS
[INFO] ------------------------------------------------------------------------
[INFO] Total time:  20.414 s
[INFO] Finished at: 2023-01-07T02:09:30Z
[INFO] ------------------------------------------------------------------------
