[INFO] Scanning for projects...
[INFO] 
[INFO] ---------------------< org.spdx:java-spdx-library >---------------------
[INFO] Building java-spdx-library 1.0.8-SNAPSHOT
[INFO] --------------------------------[ jar ]---------------------------------
[INFO] 
[INFO] --- maven-clean-plugin:2.5:clean (default-clean) @ java-spdx-library ---
[INFO] Deleting /home/gabsko/breaking-updates/target
[INFO] 
[INFO] --- maven-resources-plugin:2.6:resources (default-resources) @ java-spdx-library ---
[INFO] Using 'UTF-8' encoding to copy filtered resources.
[INFO] Copying 451 resources to resources
[INFO] Copying 1 resource to META-INF
[INFO] Copying 1 resource
[INFO] 
[INFO] --- maven-compiler-plugin:3.6.1:compile (default-compile) @ java-spdx-library ---
[INFO] Changes detected - recompiling the module!
[INFO] Compiling 131 source files to /home/gabsko/breaking-updates/target/classes
[WARNING] bootstrap class path not set in conjunction with -source 8
[INFO] 
[INFO] --- maven-resources-plugin:2.6:testResources (default-testResources) @ java-spdx-library ---
[INFO] Using 'UTF-8' encoding to copy filtered resources.
[INFO] Copying 1 resource
[INFO] Copying 117 resources
[INFO] 
[INFO] --- maven-compiler-plugin:3.6.1:testCompile (default-testCompile) @ java-spdx-library ---
[INFO] Changes detected - recompiling the module!
[INFO] Compiling 63 source files to /home/gabsko/breaking-updates/target/test-classes
[WARNING] bootstrap class path not set in conjunction with -source 8
[INFO] 
[INFO] --- maven-surefire-plugin:2.12.4:test (default-test) @ java-spdx-library ---
[INFO] Surefire report directory: /home/gabsko/breaking-updates/target/surefire-reports

-------------------------------------------------------
 T E S T S
-------------------------------------------------------
Running org.spdx.licenseTemplate.TestTextTemplateOutputHandler
Tests run: 5, Failures: 0, Errors: 0, Skipped: 0, Time elapsed: 0.037 sec
Running org.spdx.licenseTemplate.TestHtmlTemplateOutputHandler
Tests run: 9, Failures: 0, Errors: 0, Skipped: 0, Time elapsed: 0.015 sec
Running org.spdx.licenseTemplate.TestLicenseTemplateRule
Tests run: 3, Failures: 0, Errors: 0, Skipped: 0, Time elapsed: 0.001 sec
Running org.spdx.licenseTemplate.TestSpdxLicenseTemplateHelper
Tests run: 5, Failures: 0, Errors: 0, Skipped: 0, Time elapsed: 0.002 sec
Running org.spdx.utility.compare.LicenseCompareHelperTest
ERROR StatusLogger No log4j2 configuration file found. Using default configuration: logging only errors to the console. Set system property 'log4j2.debug' to show Log4j2 internal initialization logging.
Tests run: 23, Failures: 0, Errors: 0, Skipped: 0, Time elapsed: 1.36 sec
Running org.spdx.utility.compare.SpdxComparerTest
Tests run: 26, Failures: 0, Errors: 0, Skipped: 0, Time elapsed: 0.563 sec
Running org.spdx.utility.compare.SpdxFileComparerTest
Tests run: 15, Failures: 0, Errors: 0, Skipped: 0, Time elapsed: 0.009 sec
Running org.spdx.utility.compare.SpdxItemComparerTest
Tests run: 16, Failures: 0, Errors: 0, Skipped: 0, Time elapsed: 0.008 sec
Running org.spdx.utility.compare.SpdxPackageComparerTest
Tests run: 22, Failures: 0, Errors: 0, Skipped: 0, Time elapsed: 0.023 sec
Running org.spdx.utility.compare.SpdxSnippetComparerTest
Tests run: 6, Failures: 0, Errors: 0, Skipped: 0, Time elapsed: 0.125 sec
Running org.spdx.utility.compare.TestCompareTemplateOutputHandler
Tests run: 33, Failures: 0, Errors: 0, Skipped: 0, Time elapsed: 0.542 sec
Running org.spdx.utility.verificationcode.VerificationCodeGeneratorTest
Tests run: 2, Failures: 0, Errors: 0, Skipped: 0, Time elapsed: 0.008 sec
Running org.spdx.storage.simple.InMemSpdxStoreTest
03:50:52.799 [main] ERROR org.spdx.storage.simple.InMemSpdxStore - Can not delete ID testId3.  It is in use
03:50:52.800 [main] ERROR org.spdx.storage.simple.InMemSpdxStore - Can not delete ID testId4.  It is in use
03:50:52.800 [main] ERROR org.spdx.storage.simple.InMemSpdxStore - Can not delete ID TestId1.  It is in use
03:50:52.800 [main] ERROR org.spdx.storage.simple.InMemSpdxStore - Can not delete ID testId3.  It is in use
Tests run: 22, Failures: 0, Errors: 0, Skipped: 0, Time elapsed: 0.008 sec
Running org.spdx.storage.simple.StoredTypedItemTest
Tests run: 12, Failures: 0, Errors: 0, Skipped: 0, Time elapsed: 0.001 sec
Running org.spdx.storage.listedlicense.ExceptionJsonTest
Tests run: 11, Failures: 0, Errors: 0, Skipped: 0, Time elapsed: 0.002 sec
Running org.spdx.storage.listedlicense.SpdxListedLicenseWebStoreTest
Tests run: 13, Failures: 0, Errors: 0, Skipped: 0, Time elapsed: 1.523 sec
Running org.spdx.storage.listedlicense.LicenseJsonTest
Tests run: 12, Failures: 0, Errors: 0, Skipped: 0, Time elapsed: 0.002 sec
Running org.spdx.storage.listedlicense.SpdxListedLicenseLocalStoreTest
Tests run: 15, Failures: 0, Errors: 0, Skipped: 0, Time elapsed: 0.058 sec
Running org.spdx.storage.listedlicense.CrossRefJsonTest
Tests run: 6, Failures: 0, Errors: 0, Skipped: 0, Time elapsed: 0 sec
Running org.spdx.storage.listedlicense.ExceptionJsonTOCTest
Tests run: 4, Failures: 0, Errors: 0, Skipped: 0, Time elapsed: 0 sec
Running org.spdx.storage.listedlicense.LicenseJsonTOCTest
Tests run: 4, Failures: 0, Errors: 0, Skipped: 0, Time elapsed: 0 sec
Running org.spdx.library.model.SpdxFileTest
Tests run: 11, Failures: 0, Errors: 0, Skipped: 0, Time elapsed: 0.012 sec
Running org.spdx.library.model.SpdxSnippetTest
Tests run: 6, Failures: 0, Errors: 0, Skipped: 0, Time elapsed: 0.006 sec
Running org.spdx.library.model.RelatedElementCollectionTest
Tests run: 14, Failures: 0, Errors: 0, Skipped: 0, Time elapsed: 0.002 sec
Running org.spdx.library.model.SimpleUriValueTest
Tests run: 2, Failures: 0, Errors: 0, Skipped: 0, Time elapsed: 0 sec
Running org.spdx.library.model.SpdxPackageTest
Tests run: 28, Failures: 0, Errors: 0, Skipped: 0, Time elapsed: 0.013 sec
Running org.spdx.library.model.ByteOffsetPointerTest
Tests run: 5, Failures: 0, Errors: 0, Skipped: 0, Time elapsed: 0 sec
Running org.spdx.library.model.ChecksumTest
Tests run: 6, Failures: 0, Errors: 0, Skipped: 0, Time elapsed: 0 sec
Running org.spdx.library.model.ModelObjectTest
03:50:54.445 [main] ERROR org.spdx.library.model.ModelObject - Property boolProp1 is not of type String
Tests run: 35, Failures: 0, Errors: 0, Skipped: 0, Time elapsed: 0.011 sec
Running org.spdx.library.model.RelationshipTest
Tests run: 6, Failures: 0, Errors: 0, Skipped: 0, Time elapsed: 0.001 sec
Running org.spdx.library.model.AnnotationTest
Tests run: 6, Failures: 0, Errors: 0, Skipped: 0, Time elapsed: 0.001 sec
Running org.spdx.library.model.SpdxDocumentTest
Tests run: 10, Failures: 0, Errors: 0, Skipped: 0, Time elapsed: 0.178 sec
Running org.spdx.library.model.ModelCollectionTest
Tests run: 11, Failures: 0, Errors: 0, Skipped: 0, Time elapsed: 0.001 sec
Running org.spdx.library.model.SpdxNoneElementTest
Tests run: 2, Failures: 0, Errors: 0, Skipped: 0, Time elapsed: 0 sec
Running org.spdx.library.model.SpdxConstantElementTest
Tests run: 13, Failures: 0, Errors: 0, Skipped: 0, Time elapsed: 0.001 sec
Running org.spdx.library.model.SpdxModelFactoryTest
Tests run: 7, Failures: 0, Errors: 0, Skipped: 0, Time elapsed: 0.002 sec
Running org.spdx.library.model.SpdxCreatorInformationTest
Tests run: 5, Failures: 0, Errors: 0, Skipped: 0, Time elapsed: 0.002 sec
Running org.spdx.library.model.StartEndPointerTest
Tests run: 5, Failures: 0, Errors: 0, Skipped: 0, Time elapsed: 0.001 sec
Running org.spdx.library.model.ExternalSpdxElementTest
03:50:54.648 [main] ERROR org.spdx.library.model.SpdxElement - Could not find or create the external document reference for document namespace http://doc/uri/two
Tests run: 7, Failures: 0, Errors: 0, Skipped: 0, Time elapsed: 0.002 sec
Running org.spdx.library.model.license.DisjunctiveLiceseSetTest
Tests run: 3, Failures: 0, Errors: 0, Skipped: 0, Time elapsed: 0.001 sec
Running org.spdx.library.model.license.SpdxNoAssertionLicenseTest
Tests run: 1, Failures: 0, Errors: 0, Skipped: 0, Time elapsed: 0.001 sec
Running org.spdx.library.model.license.ExternalLicenseRefTest
03:50:54.654 [main] ERROR org.spdx.library.model.license.AnyLicenseInfo - Could not find or create the external document reference for document namespace http://doc/uri/four
Tests run: 18, Failures: 0, Errors: 0, Skipped: 0, Time elapsed: 0.003 sec
Running org.spdx.library.model.license.ListedLicensesTest
Tests run: 10, Failures: 0, Errors: 0, Skipped: 0, Time elapsed: 0.274 sec
Running org.spdx.library.model.license.LicenseExpressionParserTest
Tests run: 13, Failures: 0, Errors: 0, Skipped: 0, Time elapsed: 0.005 sec
Running org.spdx.library.model.license.ExtractedLicensingInfoTest
Tests run: 8, Failures: 0, Errors: 0, Skipped: 0, Time elapsed: 0.001 sec
Running org.spdx.library.model.license.ConjunctiveLicenseSetTest
Tests run: 3, Failures: 0, Errors: 0, Skipped: 0, Time elapsed: 0.001 sec
Running org.spdx.library.model.license.OrLaterOperatorTest
Tests run: 7, Failures: 0, Errors: 0, Skipped: 0, Time elapsed: 0.001 sec
Running org.spdx.library.model.license.SpdxListedLicenseTest
Tests run: 10, Failures: 0, Errors: 0, Skipped: 0, Time elapsed: 0.002 sec
Running org.spdx.library.model.license.LicenseInfoFactoryTest
Tests run: 4, Failures: 0, Errors: 0, Skipped: 0, Time elapsed: 0.104 sec
Running org.spdx.library.model.license.LicenseExceptionTest
Tests run: 13, Failures: 0, Errors: 0, Skipped: 0, Time elapsed: 0.001 sec
Running org.spdx.library.model.license.SpdxNoneLicenseTest
Tests run: 2, Failures: 0, Errors: 0, Skipped: 0, Time elapsed: 0.001 sec
Running org.spdx.library.model.license.CrossRefTest
Tests run: 11, Failures: 0, Errors: 0, Skipped: 0, Time elapsed: 0.001 sec
Running org.spdx.library.model.license.WithExceptionOperatorTest
Tests run: 7, Failures: 0, Errors: 0, Skipped: 0, Time elapsed: 0.12 sec
Running org.spdx.library.model.ExternalDocumentRefTest
Tests run: 8, Failures: 0, Errors: 0, Skipped: 0, Time elapsed: 0.003 sec
Running org.spdx.library.model.ModelStorageClassConverterTest
Tests run: 5, Failures: 0, Errors: 0, Skipped: 0, Time elapsed: 0.002 sec
Running org.spdx.library.model.ExternalRefTest
Tests run: 6, Failures: 0, Errors: 0, Skipped: 0, Time elapsed: 0.003 sec
Running org.spdx.library.model.LineCharPointerTest
Tests run: 4, Failures: 0, Errors: 0, Skipped: 0, Time elapsed: 0.001 sec
Running org.spdx.library.model.SpdxElementTest
Tests run: 6, Failures: 0, Errors: 0, Skipped: 0, Time elapsed: 0.01 sec
Running org.spdx.library.model.NoAssertionElementTest
Tests run: 2, Failures: 0, Errors: 0, Skipped: 0, Time elapsed: 0 sec
Running org.spdx.library.model.SpdxPackageVerificationCodeTest
Tests run: 3, Failures: 0, Errors: 0, Skipped: 0, Time elapsed: 0 sec
Running org.spdx.library.referencetype.ListedReferenceTypesTest
Tests run: 3, Failures: 0, Errors: 0, Skipped: 0, Time elapsed: 0 sec
Running org.spdx.library.SpdxVerificationHelperTest
Tests run: 10, Failures: 0, Errors: 0, Skipped: 0, Time elapsed: 0 sec

Results :

Tests run: 600, Failures: 0, Errors: 0, Skipped: 0

[INFO] ------------------------------------------------------------------------
[INFO] BUILD SUCCESS
[INFO] ------------------------------------------------------------------------
[INFO] Total time:  9.096 s
[INFO] Finished at: 2023-01-07T03:50:55Z
[INFO] ------------------------------------------------------------------------
