[INFO] Scanning for projects...
[INFO] ------------------------------------------------------------------------
[INFO] Reactor Build Order:
[INFO] 
[INFO] qulice                                                             [pom]
[INFO] qulice-spi                                                         [jar]
[INFO] qulice-checkstyle                                                  [jar]
[INFO] qulice-pmd                                                         [jar]
[INFO] qulice-ant                                                         [jar]
[INFO] qulice-maven-plugin                                       [maven-plugin]
[INFO] 
[INFO] -------------------------< com.qulice:qulice >--------------------------
[INFO] Building qulice 1.0-SNAPSHOT                                       [1/6]
[INFO] --------------------------------[ pom ]---------------------------------
[INFO] 
[INFO] --- maven-clean-plugin:3.1.0:clean (default-clean) @ qulice ---
[INFO] 
[INFO] --- maven-enforcer-plugin:3.0.0-M3:enforce (enforce-maven) @ qulice ---
[INFO] 
[INFO] --- buildnumber-maven-plugin:1.4:create (jcabi-build-number) @ qulice ---
[INFO] ShortRevision tag detected. The value is '7'.
[INFO] Executing: /bin/sh -c cd '/home/gabsko/breaking-updates' && 'git' 'rev-parse' '--verify' '--short=7' 'HEAD'
[INFO] Working directory: /home/gabsko/breaking-updates
[INFO] Storing buildNumber: 0f9af2e at timestamp: 2023-01-07T05:01:29
[INFO] Storing buildScmBranch: branch-yegor256/qulice-0f9af2e4a583bafe0868c8695b8ea7b64481768c
[INFO] 
[INFO] --- buildnumber-maven-plugin:1.4:create-timestamp (jcabi-build-number) @ qulice ---
[INFO] 
[INFO] -----------------------< com.qulice:qulice-spi >------------------------
[INFO] Building qulice-spi 1.0-SNAPSHOT                                   [2/6]
[INFO] --------------------------------[ jar ]---------------------------------
[INFO] 
[INFO] --- maven-clean-plugin:3.1.0:clean (default-clean) @ qulice-spi ---
[INFO] Deleting /home/gabsko/breaking-updates/qulice-spi/target
[INFO] 
[INFO] --- maven-enforcer-plugin:3.0.0-M3:enforce (enforce-maven) @ qulice-spi ---
[INFO] 
[INFO] --- buildnumber-maven-plugin:1.4:create (jcabi-build-number) @ qulice-spi ---
[INFO] 
[INFO] --- buildnumber-maven-plugin:1.4:create-timestamp (jcabi-build-number) @ qulice-spi ---
[INFO] 
[INFO] --- maven-resources-plugin:3.2.0:resources (default-resources) @ qulice-spi ---
[INFO] Using 'UTF-8' encoding to copy filtered resources.
[INFO] Using 'UTF-8' encoding to copy filtered properties files.
[INFO] skip non existing resourceDirectory /home/gabsko/breaking-updates/qulice-spi/src/main/resources
[INFO] 
[INFO] --- maven-compiler-plugin:3.9.0:compile (default-compile) @ qulice-spi ---
[INFO] Changes detected - recompiling the module!
[INFO] Compiling 6 source files to /home/gabsko/breaking-updates/qulice-spi/target/classes
[INFO] 
[INFO] --- maven-resources-plugin:3.2.0:testResources (default-testResources) @ qulice-spi ---
[INFO] Using 'UTF-8' encoding to copy filtered resources.
[INFO] Using 'UTF-8' encoding to copy filtered properties files.
[INFO] skip non existing resourceDirectory /home/gabsko/breaking-updates/qulice-spi/src/test/resources
[INFO] 
[INFO] --- maven-compiler-plugin:3.9.0:testCompile (default-testCompile) @ qulice-spi ---
[INFO] Changes detected - recompiling the module!
[INFO] Compiling 1 source file to /home/gabsko/breaking-updates/qulice-spi/target/test-classes
[INFO] 
[INFO] --- maven-surefire-plugin:3.0.0-M7:test (default-test) @ qulice-spi ---
[INFO] Tests will run in random order. To reproduce ordering use flag -Dsurefire.runOrder.random.seed=19054218385593770
[INFO] Using auto detected provider org.apache.maven.surefire.junitplatform.JUnitPlatformProvider
[INFO] 
[INFO] -------------------------------------------------------
[INFO]  T E S T S
[INFO] -------------------------------------------------------
[INFO] Running com.qulice.spi.EnvironmentTest
[INFO] Tests run: 5, Failures: 0, Errors: 0, Skipped: 0, Time elapsed: 0.053 s - in com.qulice.spi.EnvironmentTest
[INFO] 
[INFO] Results:
[INFO] 
[INFO] Tests run: 5, Failures: 0, Errors: 0, Skipped: 0
[INFO] 
[INFO] 
[INFO] --------------------< com.qulice:qulice-checkstyle >--------------------
[INFO] Building qulice-checkstyle 1.0-SNAPSHOT                            [3/6]
[INFO] --------------------------------[ jar ]---------------------------------
[INFO] 
[INFO] --- maven-clean-plugin:3.1.0:clean (default-clean) @ qulice-checkstyle ---
[INFO] Deleting /home/gabsko/breaking-updates/qulice-checkstyle/target
[INFO] 
[INFO] --- maven-enforcer-plugin:3.0.0-M3:enforce (enforce-maven) @ qulice-checkstyle ---
[INFO] 
[INFO] --- buildnumber-maven-plugin:1.4:create (jcabi-build-number) @ qulice-checkstyle ---
[INFO] 
[INFO] --- buildnumber-maven-plugin:1.4:create-timestamp (jcabi-build-number) @ qulice-checkstyle ---
[INFO] 
[INFO] --- maven-resources-plugin:3.2.0:resources (default-resources) @ qulice-checkstyle ---
[INFO] Using 'UTF-8' encoding to copy filtered resources.
[INFO] Using 'UTF-8' encoding to copy filtered properties files.
[INFO] Copying 2 resources
[INFO] 
[INFO] --- maven-compiler-plugin:3.9.0:compile (default-compile) @ qulice-checkstyle ---
[INFO] Changes detected - recompiling the module!
[INFO] Compiling 31 source files to /home/gabsko/breaking-updates/qulice-checkstyle/target/classes
[INFO] 
[INFO] --- maven-resources-plugin:3.2.0:testResources (default-testResources) @ qulice-checkstyle ---
[INFO] Using 'UTF-8' encoding to copy filtered resources.
[INFO] Using 'UTF-8' encoding to copy filtered properties files.
[INFO] Copying 110 resources
[INFO] The encoding used to copy filtered properties files have not been set. This means that the same encoding will be used to copy filtered properties files as when copying other filtered resources. This might not be what you want! Run your build with --debug to see which files might be affected. Read more at https://maven.apache.org/plugins/maven-resources-plugin/examples/filtering-properties-files.html
[INFO] 
[INFO] --- maven-compiler-plugin:3.9.0:testCompile (default-testCompile) @ qulice-checkstyle ---
[INFO] Changes detected - recompiling the module!
[INFO] Compiling 3 source files to /home/gabsko/breaking-updates/qulice-checkstyle/target/test-classes
[INFO] 
[INFO] --- maven-surefire-plugin:3.0.0-M7:test (default-test) @ qulice-checkstyle ---
[INFO] Tests will run in random order. To reproduce ordering use flag -Dsurefire.runOrder.random.seed=19054219720423366
[INFO] Using auto detected provider org.apache.maven.surefire.junitplatform.JUnitPlatformProvider
[INFO] 
[INFO] -------------------------------------------------------
[INFO]  T E S T S
[INFO] -------------------------------------------------------
[INFO] Running com.qulice.checkstyle.ChecksTest
[INFO] Tests run: 36, Failures: 0, Errors: 0, Skipped: 0, Time elapsed: 0.939 s - in com.qulice.checkstyle.ChecksTest
[INFO] Running com.qulice.checkstyle.CheckstyleValidatorTest
[DEBUG] com.qulice.checkstyle.CheckstyleValidator: LICENSE found: file:/tmp/LICENSE8816322834471627748.txt
[DEBUG] com.qulice.checkstyle.CheckstyleValidator: LICENSE full text after parsing:
/*
 * Hello.
 */
ANTLR Tool version 4.7.1 used for code generation does not match the current runtime version 4.9.2
ANTLR Runtime version 4.7.1 used for parser compilation does not match the current runtime version 4.9.2
ANTLR Tool version 4.7.1 used for code generation does not match the current runtime version 4.9.2
ANTLR Runtime version 4.7.1 used for parser compilation does not match the current runtime version 4.9.2
[DEBUG] com.qulice.checkstyle.CheckstyleValidator: LICENSE found: file:/tmp/LICENSE13870905268381112488.txt
[DEBUG] com.qulice.checkstyle.CheckstyleValidator: LICENSE full text after parsing:
/*
 * Hello.
 */
[DEBUG] com.qulice.checkstyle.CheckstyleValidator: LICENSE found: file:/tmp/LICENSE10276193574715366735.txt
[DEBUG] com.qulice.checkstyle.CheckstyleValidator: LICENSE full text after parsing:
/*
 * Hello.
 */
[DEBUG] com.qulice.checkstyle.CheckstyleValidator: LICENSE found: file:/tmp/LICENSE5731517038941205253.txt
[DEBUG] com.qulice.checkstyle.CheckstyleValidator: LICENSE full text after parsing:
/*
 * Hello.
 */
[DEBUG] com.qulice.checkstyle.CheckstyleValidator: LICENSE found: file:/tmp/LICENSE9818099274809519507.txt
[DEBUG] com.qulice.checkstyle.CheckstyleValidator: LICENSE full text after parsing:
/*
 * License-1.
 *
 * License-2.
 */
[DEBUG] com.qulice.checkstyle.CheckstyleValidator: LICENSE found: file:/tmp/LICENSE10308427780226868829.txt
[DEBUG] com.qulice.checkstyle.CheckstyleValidator: LICENSE full text after parsing:
/*
 * Hello.
 */
[DEBUG] com.qulice.checkstyle.CheckstyleValidator: LICENSE found: file:/tmp/LICENSE13706492910774855785.txt
[DEBUG] com.qulice.checkstyle.CheckstyleValidator: LICENSE full text after parsing:
/*
 * Hello.
 */
[DEBUG] com.qulice.checkstyle.CheckstyleValidator: LICENSE found: file:/tmp/LICENSE4724924513112517420.txt
[DEBUG] com.qulice.checkstyle.CheckstyleValidator: LICENSE full text after parsing:
/*
 * Hello.
 */
[DEBUG] com.qulice.checkstyle.CheckstyleValidator: LICENSE found: file:/tmp/LICENSE9706231558467139511.txt
[DEBUG] com.qulice.checkstyle.CheckstyleValidator: LICENSE full text after parsing:
/*
 * Hello.
 */
[DEBUG] com.qulice.checkstyle.CheckstyleValidator: LICENSE found: file:/tmp/LICENSE16752089221253608276.txt
[DEBUG] com.qulice.checkstyle.CheckstyleValidator: LICENSE full text after parsing:
/*
 * Hello.
 */
[DEBUG] com.qulice.checkstyle.CheckstyleValidator: LICENSE found: file:/tmp/LICENSE12376012517171055864.txt
[DEBUG] com.qulice.checkstyle.CheckstyleValidator: LICENSE full text after parsing:
/*
 * Hello.
 */
[DEBUG] com.qulice.checkstyle.CheckstyleValidator: LICENSE found: file:/tmp/LICENSE2471640286374215536.txt
[DEBUG] com.qulice.checkstyle.CheckstyleValidator: LICENSE full text after parsing:
/*
 * License-1.
 *
 * License-2.
 */
[DEBUG] com.qulice.checkstyle.CheckstyleValidator: LICENSE found: file:/tmp/LICENSE12865867580610062821.txt
[DEBUG] com.qulice.checkstyle.CheckstyleValidator: LICENSE full text after parsing:
/*
 * Hello.
 */
[DEBUG] com.qulice.checkstyle.CheckstyleValidator: LICENSE found: file:/tmp/LICENSE16027158031100177135.txt
[DEBUG] com.qulice.checkstyle.CheckstyleValidator: LICENSE full text after parsing:
/*
 * Hello.
 */
[DEBUG] com.qulice.checkstyle.CheckstyleValidator: LICENSE found: file:/tmp/LICENSE12587498800570734350.txt
[DEBUG] com.qulice.checkstyle.CheckstyleValidator: LICENSE full text after parsing:
/*
 * Hello.
 */
[DEBUG] com.qulice.checkstyle.CheckstyleValidator: LICENSE found: file:/tmp/LICENSE12746963845531449651.txt
[DEBUG] com.qulice.checkstyle.CheckstyleValidator: LICENSE full text after parsing:
/*
 * Hello.
 */
[DEBUG] com.qulice.checkstyle.CheckstyleValidator: LICENSE found: file:/tmp/LICENSE12165431094144764792.txt
[DEBUG] com.qulice.checkstyle.CheckstyleValidator: LICENSE full text after parsing:
/*
 * Hello.
 */
[DEBUG] com.qulice.checkstyle.CheckstyleValidator: LICENSE found: file:/tmp/LICENSE8915623199332186183.txt
[DEBUG] com.qulice.checkstyle.CheckstyleValidator: LICENSE full text after parsing:
/*
 * Hello.
 */
[DEBUG] com.qulice.checkstyle.CheckstyleValidator: LICENSE found: file:/tmp/LICENSE17784992255433537271.txt
[DEBUG] com.qulice.checkstyle.CheckstyleValidator: LICENSE full text after parsing:
/*
 * Hello.
 */
[DEBUG] com.qulice.checkstyle.CheckstyleValidator: LICENSE found: file:/tmp/LICENSE6263867607328505671.txt
[DEBUG] com.qulice.checkstyle.CheckstyleValidator: LICENSE full text after parsing:
/*
 * Hello.
 */
[DEBUG] com.qulice.checkstyle.CheckstyleValidator: LICENSE found: file:/tmp/LICENSE9732040406824302264.txt
[DEBUG] com.qulice.checkstyle.CheckstyleValidator: LICENSE full text after parsing:
/*
 * Hello.
 */
[DEBUG] com.qulice.checkstyle.CheckstyleValidator: LICENSE found: file:/tmp/LICENSE6277273838569353316.txt
[DEBUG] com.qulice.checkstyle.CheckstyleValidator: LICENSE full text after parsing:
/*
 * Hello.
 */
[DEBUG] com.qulice.checkstyle.CheckstyleValidator: LICENSE found: file:/tmp/LICENSE15430300035060485278.txt
[DEBUG] com.qulice.checkstyle.CheckstyleValidator: LICENSE full text after parsing:
/*
 * Hello.
 */
[DEBUG] com.qulice.checkstyle.CheckstyleValidator: LICENSE found: file:/tmp/LICENSE2180294732865320156.txt
[DEBUG] com.qulice.checkstyle.CheckstyleValidator: LICENSE full text after parsing:
/*
 * Hello.
 */
[DEBUG] com.qulice.checkstyle.CheckstyleValidator: LICENSE found: file:/tmp/LICENSE2720611919141006522.txt
[DEBUG] com.qulice.checkstyle.CheckstyleValidator: LICENSE full text after parsing:
/*
 * Hello.
 */
[DEBUG] com.qulice.checkstyle.CheckstyleValidator: LICENSE found: file:/tmp/LICENSE9956646282975695859.txt
[DEBUG] com.qulice.checkstyle.CheckstyleValidator: LICENSE full text after parsing:
/*
 * Hello.
 */
[DEBUG] com.qulice.checkstyle.CheckstyleValidator: LICENSE found: file:/tmp/LICENSE12481640308623230033.txt
[DEBUG] com.qulice.checkstyle.CheckstyleValidator: LICENSE full text after parsing:
/*
 * Hello.
 */
[DEBUG] com.qulice.checkstyle.CheckstyleValidator: LICENSE found: file:/tmp/LICENSE14076836594352494497.txt
[DEBUG] com.qulice.checkstyle.CheckstyleValidator: LICENSE full text after parsing:
/*
 * Hello.
 */
[DEBUG] com.qulice.checkstyle.CheckstyleValidator: LICENSE found: file:/tmp/LICENSE6947400789433606436.txt
[DEBUG] com.qulice.checkstyle.CheckstyleValidator: LICENSE full text after parsing:
/*
 * Hello.
 */
[DEBUG] com.qulice.checkstyle.CheckstyleValidator: LICENSE found: file:/tmp/LICENSE3419470450700481384.txt
[DEBUG] com.qulice.checkstyle.CheckstyleValidator: LICENSE full text after parsing:
/*
 * Hello.
 */
[DEBUG] com.qulice.checkstyle.CheckstyleValidator: LICENSE found: file:/tmp/LICENSE9916880178656584264.txt
[DEBUG] com.qulice.checkstyle.CheckstyleValidator: LICENSE full text after parsing:
/*
 * Hello.
 */
[DEBUG] com.qulice.checkstyle.CheckstyleValidator: LICENSE found: file:/tmp/LICENSE11706877182091662278.txt
[DEBUG] com.qulice.checkstyle.CheckstyleValidator: LICENSE full text after parsing:
/*
 * Hello.
 */
[WARNING] Tests run: 35, Failures: 0, Errors: 0, Skipped: 3, Time elapsed: 2.639 s - in com.qulice.checkstyle.CheckstyleValidatorTest
[INFO] 
[INFO] Results:
[INFO] 
[WARNING] Tests run: 71, Failures: 0, Errors: 0, Skipped: 3
[INFO] 
[INFO] 
[INFO] -----------------------< com.qulice:qulice-pmd >------------------------
[INFO] Building qulice-pmd 1.0-SNAPSHOT                                   [4/6]
[INFO] --------------------------------[ jar ]---------------------------------
[WARNING] The POM for org.glassfish.jaxb:jaxb-runtime:jar:2.2.11 is invalid, transitive dependencies (if any) will not be available, enable debug logging for more details
[INFO] 
[INFO] --- maven-clean-plugin:3.1.0:clean (default-clean) @ qulice-pmd ---
[INFO] Deleting /home/gabsko/breaking-updates/qulice-pmd/target
[INFO] 
[INFO] --- maven-enforcer-plugin:3.0.0-M3:enforce (enforce-maven) @ qulice-pmd ---
[INFO] 
[INFO] --- buildnumber-maven-plugin:1.4:create (jcabi-build-number) @ qulice-pmd ---
[INFO] 
[INFO] --- buildnumber-maven-plugin:1.4:create-timestamp (jcabi-build-number) @ qulice-pmd ---
[INFO] 
[INFO] --- maven-resources-plugin:3.2.0:resources (default-resources) @ qulice-pmd ---
[INFO] Using 'UTF-8' encoding to copy filtered resources.
[INFO] Using 'UTF-8' encoding to copy filtered properties files.
[INFO] Copying 1 resource
[INFO] 
[INFO] --- maven-compiler-plugin:3.9.0:compile (default-compile) @ qulice-pmd ---
[INFO] Changes detected - recompiling the module!
[INFO] Compiling 8 source files to /home/gabsko/breaking-updates/qulice-pmd/target/classes
[INFO] 
[INFO] --- maven-resources-plugin:3.2.0:testResources (default-testResources) @ qulice-pmd ---
[INFO] Using 'UTF-8' encoding to copy filtered resources.
[INFO] Using 'UTF-8' encoding to copy filtered properties files.
[INFO] Copying 56 resources
[INFO] The encoding used to copy filtered properties files have not been set. This means that the same encoding will be used to copy filtered properties files as when copying other filtered resources. This might not be what you want! Run your build with --debug to see which files might be affected. Read more at https://maven.apache.org/plugins/maven-resources-plugin/examples/filtering-properties-files.html
[INFO] 
[INFO] --- maven-compiler-plugin:3.9.0:testCompile (default-testCompile) @ qulice-pmd ---
[INFO] Changes detected - recompiling the module!
[INFO] Compiling 8 source files to /home/gabsko/breaking-updates/qulice-pmd/target/test-classes
[INFO] 
[INFO] --- maven-surefire-plugin:3.0.0-M7:test (default-test) @ qulice-pmd ---
[INFO] Tests will run in random order. To reproduce ordering use flag -Dsurefire.runOrder.random.seed=19054224166691749
[INFO] Using auto detected provider org.apache.maven.surefire.junitplatform.JUnitPlatformProvider
[INFO] 
[INFO] -------------------------------------------------------
[INFO]  T E S T S
[INFO] -------------------------------------------------------
[INFO] Running com.qulice.pmd.PmdDisabledRulesTest
[DEBUG] com.qulice.pmd.SourceValidator: Processing file: /tmp/mock11869747670584952724.qulice/basedir/src/main/java/foo/UseConcurrentHashMap.java
[DEBUG] com.qulice.pmd.SourceValidator: Processing file: /tmp/mock5161507675813215999.qulice/basedir/src/main/java/foo/DoNotUseThreads.java
[DEBUG] com.qulice.pmd.SourceValidator: Processing file: /tmp/mock15743779602909779939.qulice/basedir/src/main/java/foo/AvoidUsingVolatile.java
[DEBUG] com.qulice.pmd.SourceValidator: Processing file: /tmp/mock782379605955574924.qulice/basedir/src/main/java/foo/DefaultPackage.java
[DEBUG] com.qulice.pmd.SourceValidator: Processing file: /tmp/mock10462736578688182377.qulice/basedir/src/main/java/foo/ExcessiveImports.java
[DEBUG] com.qulice.pmd.SourceValidator: Processing file: /tmp/mock2036234024095521935.qulice/basedir/src/main/java/foo/PositionLiteralsFirstInComparisons.java
[DEBUG] com.qulice.pmd.SourceValidator: Processing file: /tmp/mock12006808465965608108.qulice/basedir/src/main/java/foo/MissingSerialVersionUID.java
[DEBUG] com.qulice.pmd.SourceValidator: Processing file: /tmp/mock4568641773132228786.qulice/basedir/src/main/java/foo/CallSuperInConstructor.java
[INFO] Tests run: 8, Failures: 0, Errors: 0, Skipped: 0, Time elapsed: 1.468 s - in com.qulice.pmd.PmdDisabledRulesTest
[INFO] Running com.qulice.pmd.LocalVariableCouldBeFinalRuleTest
[DEBUG] com.qulice.pmd.SourceValidator: Processing file: /tmp/mock2870033298682223616.qulice/basedir/src/main/java/foo/LocalVariableCouldBeFinal.java
[INFO] Tests run: 1, Failures: 0, Errors: 0, Skipped: 0, Time elapsed: 0.066 s - in com.qulice.pmd.LocalVariableCouldBeFinalRuleTest
[INFO] Running com.qulice.pmd.PmdEmptyTest
[DEBUG] com.qulice.pmd.SourceValidator: Processing file: /tmp/mock3898336508720159802.qulice/basedir/src/main/java/foo/EmptyFinallyBlock.java
[DEBUG] com.qulice.pmd.SourceValidator: Processing file: /tmp/mock13620153409705167095.qulice/basedir/src/main/java/foo/EmptyStatementBlock.java
[DEBUG] com.qulice.pmd.SourceValidator: Processing file: /tmp/mock7637969551299688521.qulice/basedir/src/main/java/foo/EmptySynchronizedBlock.java
[DEBUG] com.qulice.pmd.SourceValidator: Processing file: /tmp/mock4054626467247287373.qulice/basedir/src/main/java/foo/EmptyInitializer.java
[DEBUG] com.qulice.pmd.SourceValidator: Processing file: /tmp/mock17843081752473643287.qulice/basedir/src/main/java/foo/EmptyIfStmt.java
[DEBUG] com.qulice.pmd.SourceValidator: Processing file: /tmp/mock14379958253060956291.qulice/basedir/src/main/java/foo/EmptyStatementNotInLoop.java
[DEBUG] com.qulice.pmd.SourceValidator: Processing file: /tmp/mock5230474437751698987.qulice/basedir/src/main/java/foo/EmptyWhileStmt.java
[DEBUG] com.qulice.pmd.SourceValidator: Processing file: /tmp/mock4434328933909285746.qulice/basedir/src/main/java/foo/EmptyCatchBlock.java
[DEBUG] com.qulice.pmd.SourceValidator: Processing file: /tmp/mock9517534133030697791.qulice/basedir/src/main/java/foo/EmptySwitchStmt.java
[DEBUG] com.qulice.pmd.SourceValidator: Processing file: /tmp/mock11247512355693167447.qulice/basedir/src/main/java/foo/EmptyStaticInitializer.java
[INFO] Tests run: 10, Failures: 0, Errors: 0, Skipped: 0, Time elapsed: 0.596 s - in com.qulice.pmd.PmdEmptyTest
[INFO] Running com.qulice.pmd.PmdValidatorTest
[DEBUG] com.qulice.pmd.SourceValidator: Processing file: /tmp/mock3339691317045121349.qulice/basedir/src/main/java/foo/SimplifiedTernary.java
[DEBUG] com.qulice.pmd.SourceValidator: Processing file: /tmp/mock11139700746559098316.qulice/basedir/src/main/java/foo/FilesCreateFileOther.java
[DEBUG] com.qulice.pmd.SourceValidator: Processing file: /tmp/mock11132428161358234382.qulice/basedir/src/main/java/foo/StaticAccessToStaticFields.java
Jan 07, 2023 5:01:38 AM net.sourceforge.pmd.lang.ast.xpath.Attribute getValue
WARNING: Use of deprecated attribute 'FieldDeclaration/@VariableName' in XPath query
[DEBUG] com.qulice.pmd.SourceValidator: Processing file: /tmp/mock5426531687457342961.qulice/basedir/src/main/java/foo/FieldInitConstructor.java
[DEBUG] com.qulice.pmd.SourceValidator: Processing file: /tmp/mock13917804301518332097.qulice/basedir/src/main/java/foo/FieldInitSeveralConstructors.java
[DEBUG] com.qulice.pmd.SourceValidator: Processing file: /tmp/mock11597244139055093189.qulice/basedir/src/main/java/foo/JunitStaticPublicMethods.java
[DEBUG] com.qulice.pmd.SourceValidator: Processing file: /tmp/mock826292977640958346.qulice/basedir/src/main/java/foo/TestShouldBePackagePrivate.java
[DEBUG] com.qulice.pmd.SourceValidator: Processing file: /tmp/mock17646570776001141196.qulice/basedir/src/main/java/foo/StaticPublicVoidMainMethod.java
[DEBUG] com.qulice.pmd.SourceValidator: Processing file: /tmp/mock4746728134226924897.qulice/basedir/src/main/java/foo/CloneMethodReturnTypeMustMatchClassName.java
[DEBUG] com.qulice.pmd.SourceValidator: Processing file: /tmp/mock10699595576131158244.qulice/basedir/src/main/java/foo/AllowsDuplicateLiteralsInAnnotations.java
[DEBUG] com.qulice.pmd.SourceValidator: Processing file: /tmp/mock3188643269354910487.qulice/basedir/src/main/java/foo/StaticPublicMethod.java
[DEBUG] com.qulice.pmd.SourceValidator: Processing file: /tmp/mock9485858633578930274.qulice/basedir/src/main/java/foo/CloneMethodMustBePublic.java
[DEBUG] com.qulice.pmd.SourceValidator: Processing file: /tmp/mock1490302534106558552.qulice/basedir/src/main/java/foo/UnnecessaryFinalModifier.java
[DEBUG] com.qulice.pmd.SourceValidator: Processing file: /tmp/mock6232894753809451555.qulice/basedir/src/main/java/foo/PlainJUnitAssertionTestMethod.java
[DEBUG] com.qulice.pmd.SourceValidator: Processing file: /tmp/mock2339114052413668097.qulice/basedir/src/main/java/foo/FilesCreateFileTest.java
[DEBUG] com.qulice.pmd.SourceValidator: Processing file: /tmp/mock16607870277845271937.qulice/basedir/src/main/java/foo/LambdaInConstructor.java
[DEBUG] com.qulice.pmd.SourceValidator: Processing file: /tmp/mock6760500612364391737.qulice/basedir/src/main/java/Other.java
[DEBUG] com.qulice.pmd.SourceValidator: Processing file: /tmp/mock11727024510129631366.qulice/basedir/src/main/java/foo/Foo.java
[DEBUG] com.qulice.pmd.SourceValidator: Processing file: /tmp/mock13573915677852216924.qulice/basedir/src/main/java/foo/CallToConstructorInConstructor.java
[DEBUG] com.qulice.pmd.SourceValidator: Processing file: /tmp/mock14541233310000530493.qulice/basedir/src/main/java/foo/UselessParentheses.java
[DEBUG] com.qulice.pmd.SourceValidator: Processing file: /tmp/mock10007030752016427923.qulice/basedir/src/main/java/foo/AllowNonTransientFields.java
[DEBUG] com.qulice.pmd.SourceValidator: Processing file: /tmp/mock11804907198446049967.qulice/basedir/src/main/java/foo/FieldInitOneConstructor.java
[DEBUG] com.qulice.pmd.SourceValidator: Processing file: /tmp/mock3708004870294441702.qulice/basedir/src/main/java/foo/PlainJUnitAssertionStaticImportBlock.java
[DEBUG] com.qulice.pmd.SourceValidator: Processing file: /tmp/mock11696896077765901781.qulice/basedir/src/main/java/foo/CodeInConstructor.java
[DEBUG] com.qulice.pmd.SourceValidator: Processing file: /tmp/mock8617379067617739547.qulice/basedir/src/main/java/foo/NonStaticAccessToStaticFields.java
[DEBUG] com.qulice.pmd.SourceValidator: Processing file: /tmp/mock3570070443823012550.qulice/basedir/src/main/java/foo/FieldInitNoConstructor.java
[DEBUG] com.qulice.pmd.SourceValidator: Processing file: /tmp/mock5860167462147854130.qulice/basedir/src/main/java/foo/StaticFieldInitConstructor.java
[DEBUG] com.qulice.pmd.SourceValidator: Processing file: /tmp/mock13634382296621024471.qulice/basedir/src/main/java/Main.java
[DEBUG] com.qulice.pmd.SourceValidator: Processing file: /tmp/mock11251853640347486241.qulice/basedir/src/main/java/foo/AllowAssertFail.java
[INFO] Tests run: 29, Failures: 0, Errors: 0, Skipped: 0, Time elapsed: 1.579 s - in com.qulice.pmd.PmdValidatorTest
[INFO] Running com.qulice.pmd.UseStringIsEmptyRuleTest
[DEBUG] com.qulice.pmd.SourceValidator: Processing file: /tmp/mock13562691849075746698.qulice/basedir/src/main/java/foo/StringLengthGreaterThanZero.java
[DEBUG] com.qulice.pmd.SourceValidator: Processing file: /tmp/mock17673300820340054708.qulice/basedir/src/main/java/foo/StringLengthGreaterOrEqualZero.java
[DEBUG] com.qulice.pmd.SourceValidator: Processing file: /tmp/mock7492991082015068080.qulice/basedir/src/main/java/foo/StringLengthGreaterOrEqualOne.java
[DEBUG] com.qulice.pmd.SourceValidator: Processing file: /tmp/mock5694956504361223647.qulice/basedir/src/main/java/foo/StringLengthLessThanOne.java
[DEBUG] com.qulice.pmd.SourceValidator: Processing file: /tmp/mock4408648606015870437.qulice/basedir/src/main/java/foo/StringLengthLessOrEqualZero.java
[DEBUG] com.qulice.pmd.SourceValidator: Processing file: /tmp/mock468939661867425984.qulice/basedir/src/main/java/foo/StringLengthEqualsZero.java
[DEBUG] com.qulice.pmd.SourceValidator: Processing file: /tmp/mock11878183445921948396.qulice/basedir/src/main/java/foo/StringLengthNotEqualsZero.java
[DEBUG] com.qulice.pmd.SourceValidator: Processing file: /tmp/mock15428574368317452948.qulice/basedir/src/main/java/foo/ArrayOfStringsLengthGreaterThanZero.java
[INFO] Tests run: 8, Failures: 0, Errors: 0, Skipped: 0, Time elapsed: 0.444 s - in com.qulice.pmd.UseStringIsEmptyRuleTest
[INFO] Running com.qulice.pmd.EmptyCollectionRuleTest
[DEBUG] com.qulice.pmd.SourceValidator: Processing file: /tmp/mock10955248081970290356.qulice/basedir/src/main/java/foo/NullCollection.java
[INFO] Tests run: 1, Failures: 0, Errors: 0, Skipped: 0, Time elapsed: 0.053 s - in com.qulice.pmd.EmptyCollectionRuleTest
[INFO] Running com.qulice.pmd.UnusedImportsRuleTest
[DEBUG] com.qulice.pmd.SourceValidator: Processing file: /tmp/mock3014906516013849953.qulice/basedir/src/main/java/foo/UnusedImports.java
[INFO] Tests run: 1, Failures: 0, Errors: 0, Skipped: 0, Time elapsed: 0.05 s - in com.qulice.pmd.UnusedImportsRuleTest
[INFO] 
[INFO] Results:
[INFO] 
[INFO] Tests run: 58, Failures: 0, Errors: 0, Skipped: 0
[INFO] 
[INFO] 
[INFO] -----------------------< com.qulice:qulice-ant >------------------------
[INFO] Building qulice-ant 1.0-SNAPSHOT                                   [5/6]
[INFO] --------------------------------[ jar ]---------------------------------
[INFO] 
[INFO] --- maven-clean-plugin:3.1.0:clean (default-clean) @ qulice-ant ---
[INFO] Deleting /home/gabsko/breaking-updates/qulice-ant/target
[INFO] 
[INFO] --- maven-enforcer-plugin:3.0.0-M3:enforce (enforce-maven) @ qulice-ant ---
[INFO] 
[INFO] --- buildnumber-maven-plugin:1.4:create (jcabi-build-number) @ qulice-ant ---
[INFO] 
[INFO] --- buildnumber-maven-plugin:1.4:create-timestamp (jcabi-build-number) @ qulice-ant ---
[INFO] 
[INFO] --- maven-resources-plugin:3.2.0:resources (default-resources) @ qulice-ant ---
[INFO] Using 'UTF-8' encoding to copy filtered resources.
[INFO] Using 'UTF-8' encoding to copy filtered properties files.
[INFO] skip non existing resourceDirectory /home/gabsko/breaking-updates/qulice-ant/src/main/resources
[INFO] 
[INFO] --- maven-compiler-plugin:3.9.0:compile (default-compile) @ qulice-ant ---
[INFO] Changes detected - recompiling the module!
[INFO] Compiling 3 source files to /home/gabsko/breaking-updates/qulice-ant/target/classes
[INFO] 
[INFO] --- maven-resources-plugin:3.2.0:testResources (default-testResources) @ qulice-ant ---
[INFO] Using 'UTF-8' encoding to copy filtered resources.
[INFO] Using 'UTF-8' encoding to copy filtered properties files.
[INFO] skip non existing resourceDirectory /home/gabsko/breaking-updates/qulice-ant/src/test/resources
[INFO] 
[INFO] --- maven-compiler-plugin:3.9.0:testCompile (default-testCompile) @ qulice-ant ---
[INFO] Changes detected - recompiling the module!
[INFO] Compiling 1 source file to /home/gabsko/breaking-updates/qulice-ant/target/test-classes
[INFO] 
[INFO] --- maven-surefire-plugin:3.0.0-M7:test (default-test) @ qulice-ant ---
[INFO] Tests will run in random order. To reproduce ordering use flag -Dsurefire.runOrder.random.seed=19054229040517697
[INFO] Using auto detected provider org.apache.maven.surefire.junitplatform.JUnitPlatformProvider
[INFO] 
[INFO] -------------------------------------------------------
[INFO]  T E S T S
[INFO] -------------------------------------------------------
[INFO] Running com.qulice.ant.AntEnvironmentTest
[WARNING] Tests run: 3, Failures: 0, Errors: 0, Skipped: 3, Time elapsed: 0.015 s - in com.qulice.ant.AntEnvironmentTest
[INFO] 
[INFO] Results:
[INFO] 
[WARNING] Tests run: 3, Failures: 0, Errors: 0, Skipped: 3
[INFO] 
[INFO] 
[INFO] -------------------< com.qulice:qulice-maven-plugin >-------------------
[INFO] Building qulice-maven-plugin 1.0-SNAPSHOT                          [6/6]
[INFO] ----------------------------[ maven-plugin ]----------------------------
[INFO] 
[INFO] --- maven-clean-plugin:3.1.0:clean (default-clean) @ qulice-maven-plugin ---
[INFO] Deleting /home/gabsko/breaking-updates/qulice-maven-plugin/target
[INFO] 
[INFO] --- maven-enforcer-plugin:3.0.0-M3:enforce (enforce-maven) @ qulice-maven-plugin ---
[INFO] 
[INFO] --- buildnumber-maven-plugin:1.4:create (jcabi-build-number) @ qulice-maven-plugin ---
[INFO] 
[INFO] --- buildnumber-maven-plugin:1.4:create-timestamp (jcabi-build-number) @ qulice-maven-plugin ---
[INFO] 
[INFO] --- maven-plugin-plugin:3.6.1:helpmojo (default) @ qulice-maven-plugin ---
[INFO] Using 'UTF-8' encoding to read mojo source files.
[INFO] java-javadoc mojo extractor found 0 mojo descriptor.
[INFO] ant mojo extractor found 0 mojo descriptor.
[INFO] bsh mojo extractor found 0 mojo descriptor.
[INFO] java-annotations mojo extractor found 0 mojo descriptor.
[INFO] 
[INFO] --- maven-resources-plugin:3.2.0:resources (default-resources) @ qulice-maven-plugin ---
[INFO] Using 'UTF-8' encoding to copy filtered resources.
[INFO] Using 'UTF-8' encoding to copy filtered properties files.
[INFO] skip non existing resourceDirectory /home/gabsko/breaking-updates/qulice-maven-plugin/src/main/resources
[INFO] 
[INFO] --- maven-compiler-plugin:3.9.0:compile (default-compile) @ qulice-maven-plugin ---
[INFO] Changes detected - recompiling the module!
[INFO] Compiling 15 source files to /home/gabsko/breaking-updates/qulice-maven-plugin/target/classes
[INFO] 
[INFO] --- maven-compiler-plugin:3.9.0:compile (compile-helpmojo) @ qulice-maven-plugin ---
[INFO] Changes detected - recompiling the module!
[INFO] Compiling 1 source file to /home/gabsko/breaking-updates/qulice-maven-plugin/target/classes
[INFO] 
[INFO] --- maven-plugin-plugin:3.6.1:descriptor (default-descriptor) @ qulice-maven-plugin ---
[INFO] Using 'UTF-8' encoding to read mojo source files.
[INFO] java-javadoc mojo extractor found 0 mojo descriptor.
[INFO] ant mojo extractor found 0 mojo descriptor.
[INFO] bsh mojo extractor found 0 mojo descriptor.
[WARNING] Deprecated @Component annotation for 'project' field in com.qulice.maven.CheckMojo: replace with @Parameter( defaultValue = "${project}", readonly = true )
[WARNING] Deprecated @Component annotation for 'sess' field in com.qulice.maven.CheckMojo: replace with @Parameter( defaultValue = "${session}", readonly = true )
[INFO] java-annotations mojo extractor found 2 mojo descriptors.
[INFO] 
[INFO] --- maven-plugin-plugin:3.6.1:descriptor (default) @ qulice-maven-plugin ---
[INFO] Using 'UTF-8' encoding to read mojo source files.
[INFO] java-javadoc mojo extractor found 0 mojo descriptor.
[INFO] ant mojo extractor found 0 mojo descriptor.
[INFO] bsh mojo extractor found 0 mojo descriptor.
[WARNING] Deprecated @Component annotation for 'project' field in com.qulice.maven.CheckMojo: replace with @Parameter( defaultValue = "${project}", readonly = true )
[WARNING] Deprecated @Component annotation for 'sess' field in com.qulice.maven.CheckMojo: replace with @Parameter( defaultValue = "${session}", readonly = true )
[INFO] java-annotations mojo extractor found 2 mojo descriptors.
[INFO] 
[INFO] --- maven-resources-plugin:3.2.0:testResources (default-testResources) @ qulice-maven-plugin ---
[INFO] Using 'UTF-8' encoding to copy filtered resources.
[INFO] Using 'UTF-8' encoding to copy filtered properties files.
[INFO] Copying 4 resources
[INFO] 
[INFO] --- maven-compiler-plugin:3.9.0:testCompile (default-testCompile) @ qulice-maven-plugin ---
[INFO] Changes detected - recompiling the module!
[INFO] Compiling 10 source files to /home/gabsko/breaking-updates/qulice-maven-plugin/target/test-classes
[INFO] 
[INFO] --- maven-surefire-plugin:3.0.0-M7:test (default-test) @ qulice-maven-plugin ---
[INFO] Tests will run in random order. To reproduce ordering use flag -Dsurefire.runOrder.random.seed=19054231426799366
[INFO] Using auto detected provider org.apache.maven.surefire.junitplatform.JUnitPlatformProvider
[INFO] 
[INFO] -------------------------------------------------------
[INFO]  T E S T S
[INFO] -------------------------------------------------------
[INFO] Running com.qulice.maven.DependenciesValidatorTest
log4j:WARN No appenders could be found for logger (com.qulice.maven.DependenciesValidator).
log4j:WARN Please initialize the log4j system properly.
log4j:WARN See http://logging.apache.org/log4j/1.2/faq.html#noconfig for more info.
[INFO] Tests run: 5, Failures: 0, Errors: 0, Skipped: 0, Time elapsed: 0.809 s - in com.qulice.maven.DependenciesValidatorTest
[INFO] Running com.qulice.maven.DefaultValidatorsProviderTest
[WARNING] Tests run: 2, Failures: 0, Errors: 0, Skipped: 1, Time elapsed: 0.006 s - in com.qulice.maven.DefaultValidatorsProviderTest
[INFO] Running com.qulice.maven.DefaultMavenEnvironmentTest
[INFO] Tests run: 6, Failures: 0, Errors: 0, Skipped: 0, Time elapsed: 0.012 s - in com.qulice.maven.DefaultMavenEnvironmentTest
[INFO] Running com.qulice.maven.CheckMojoTest
[INFO] Tests run: 2, Failures: 0, Errors: 0, Skipped: 0, Time elapsed: 0.114 s - in com.qulice.maven.CheckMojoTest
[INFO] Running com.qulice.maven.PomXpathValidatorTest
[INFO] Tests run: 1, Failures: 0, Errors: 0, Skipped: 0, Time elapsed: 0.106 s - in com.qulice.maven.PomXpathValidatorTest
[INFO] Running com.qulice.maven.ValidationExclusionTest
[INFO] Tests run: 2, Failures: 0, Errors: 0, Skipped: 0, Time elapsed: 0.475 s - in com.qulice.maven.ValidationExclusionTest
[INFO] Running com.qulice.maven.SvnPropertiesValidatorTest
[INFO] Tests run: 1, Failures: 0, Errors: 0, Skipped: 0, Time elapsed: 0.003 s - in com.qulice.maven.SvnPropertiesValidatorTest
[INFO] 
[INFO] Results:
[INFO] 
[WARNING] Tests run: 19, Failures: 0, Errors: 0, Skipped: 1
[INFO] 
[INFO] ------------------------------------------------------------------------
[INFO] Reactor Summary for qulice 1.0-SNAPSHOT:
[INFO] 
[INFO] qulice ............................................. SUCCESS [  0.372 s]
[INFO] qulice-spi ......................................... SUCCESS [  1.751 s]
[INFO] qulice-checkstyle .................................. SUCCESS [  4.776 s]
[INFO] qulice-pmd ......................................... SUCCESS [  5.132 s]
[INFO] qulice-ant ......................................... SUCCESS [  0.563 s]
[INFO] qulice-maven-plugin ................................ SUCCESS [  4.036 s]
[INFO] ------------------------------------------------------------------------
[INFO] BUILD SUCCESS
[INFO] ------------------------------------------------------------------------
[INFO] Total time:  16.906 s
[INFO] Finished at: 2023-01-07T05:01:45Z
[INFO] ------------------------------------------------------------------------
