[INFO] Scanning for projects...
[INFO] Inspecting build with total of 1 modules...
[INFO] Installing Nexus Staging features:
[INFO]   ... total of 1 executions of maven-deploy-plugin replaced with nexus-staging-maven-plugin
[INFO] 
[INFO] ----------< com.google.cloud:google-cloud-spanner-pgadapter >-----------
[INFO] Building Google Cloud Spanner PostgreSQL Adapter 0.5.2-SNAPSHOT
[INFO] --------------------------------[ jar ]---------------------------------
[INFO] 
[INFO] --- maven-clean-plugin:2.5:clean (default-clean) @ google-cloud-spanner-pgadapter ---
[INFO] Deleting /home/gabsko/breaking-updates/target
[INFO] 
[INFO] --- maven-enforcer-plugin:3.0.0-M3:enforce (enforce) @ google-cloud-spanner-pgadapter ---
[INFO] Adding ignore: module-info
[INFO] Adding ignore: META-INF/versions/*/module-info
[INFO] 
[INFO] --- maven-checkstyle-plugin:3.1.2:check (checkstyle) @ google-cloud-spanner-pgadapter ---
[INFO] Starting audit...
Audit done.
[INFO] You have 0 Checkstyle violations.
[INFO] 
[INFO] --- jacoco-maven-plugin:0.8.8:prepare-agent (default) @ google-cloud-spanner-pgadapter ---
[INFO] surefire.jacoco.args set to -javaagent:/home/gabsko/.m2/repository/org/jacoco/org.jacoco.agent/0.8.8/org.jacoco.agent-0.8.8-runtime.jar=destfile=/home/gabsko/breaking-updates/target/jacoco-output/jacoco-unit-tests.exec,excludes=com/google/cloud/spanner/pgadapter/parsers/copy/**/*
[INFO] 
[INFO] --- fmt-maven-plugin:2.9:format (default) @ google-cloud-spanner-pgadapter ---
[INFO] Processed 100 files (0 reformatted).
[INFO] Processed 190 files (0 reformatted).
[INFO] 
[INFO] --- build-helper-maven-plugin:3.3.0:add-resource (add-main-proto-resources) @ google-cloud-spanner-pgadapter ---
[INFO] 
[INFO] --- maven-resources-plugin:2.6:resources (default-resources) @ google-cloud-spanner-pgadapter ---
[INFO] Using 'UTF-8' encoding to copy filtered resources.
[INFO] Copying 3 resources
[INFO] skip non existing resourceDirectory /home/gabsko/breaking-updates/src/main/proto
[INFO] 
[INFO] --- maven-compiler-plugin:3.10.1:compile (default-compile) @ google-cloud-spanner-pgadapter ---
[INFO] Changes detected - recompiling the module!
[INFO] Compiling 133 source files to /home/gabsko/breaking-updates/target/classes
[WARNING] /home/gabsko/breaking-updates/src/main/java/com/google/cloud/spanner/pgadapter/utils/MutationWriter.java:[598,51] withFirstRecordAsHeader() in org.apache.commons.csv.CSVFormat has been deprecated
[WARNING] /home/gabsko/breaking-updates/src/main/java/com/google/cloud/spanner/pgadapter/statements/CopyStatement.java:[128,32] withNullString(java.lang.String) in org.apache.commons.csv.CSVFormat has been deprecated
[WARNING] /home/gabsko/breaking-updates/src/main/java/com/google/cloud/spanner/pgadapter/statements/CopyStatement.java:[131,32] withDelimiter(char) in org.apache.commons.csv.CSVFormat has been deprecated
[WARNING] /home/gabsko/breaking-updates/src/main/java/com/google/cloud/spanner/pgadapter/statements/CopyStatement.java:[134,32] withEscape(char) in org.apache.commons.csv.CSVFormat has been deprecated
[WARNING] /home/gabsko/breaking-updates/src/main/java/com/google/cloud/spanner/pgadapter/statements/CopyStatement.java:[137,32] withQuote(char) in org.apache.commons.csv.CSVFormat has been deprecated
[WARNING] /home/gabsko/breaking-updates/src/main/java/com/google/cloud/spanner/pgadapter/statements/CopyStatement.java:[139,30] withHeader(java.lang.String...) in org.apache.commons.csv.CSVFormat has been deprecated
[WARNING] /home/gabsko/breaking-updates/src/main/java/com/google/cloud/spanner/pgadapter/statements/CopyStatement.java:[172,23] getDelimiter() in org.apache.commons.csv.CSVFormat has been deprecated
[INFO] 
[INFO] --- build-helper-maven-plugin:3.3.0:add-test-resource (add-test-proto-resources) @ google-cloud-spanner-pgadapter ---
[INFO] 
[INFO] --- maven-resources-plugin:2.6:testResources (default-testResources) @ google-cloud-spanner-pgadapter ---
[INFO] Using 'UTF-8' encoding to copy filtered resources.
[INFO] Copying 7 resources
[INFO] Copying 3 resources
[INFO] skip non existing resourceDirectory /home/gabsko/breaking-updates/src/test/proto
[INFO] 
[INFO] --- maven-compiler-plugin:3.10.1:testCompile (default-testCompile) @ google-cloud-spanner-pgadapter ---
[INFO] Changes detected - recompiling the module!
[INFO] Compiling 57 source files to /home/gabsko/breaking-updates/target/test-classes
[INFO] /home/gabsko/breaking-updates/src/test/java/com/google/cloud/spanner/pgadapter/AbstractMockServerTest.java: Some input files use unchecked or unsafe operations.
[INFO] /home/gabsko/breaking-updates/src/test/java/com/google/cloud/spanner/pgadapter/AbstractMockServerTest.java: Recompile with -Xlint:unchecked for details.
[INFO] 
[INFO] --- animal-sniffer-maven-plugin:1.20:check (java8) @ google-cloud-spanner-pgadapter ---
[INFO] Checking unresolved references to org.codehaus.mojo.signature:java18:1.0
[INFO] 
[INFO] --- maven-surefire-plugin:3.0.0-M7:test (default-test) @ google-cloud-spanner-pgadapter ---
[INFO] Using configured provider org.apache.maven.surefire.junitcore.JUnitCoreProvider
[INFO] 
[INFO] -------------------------------------------------------
[INFO]  T E S T S
[INFO] -------------------------------------------------------
[INFO] Running com.google.cloud.spanner.connection.ConnectionOptionsHelperTest
[INFO] Tests run: 2, Failures: 0, Errors: 0, Skipped: 0, Time elapsed: 0.85 s - in com.google.cloud.spanner.connection.ConnectionOptionsHelperTest
[INFO] Running com.google.cloud.spanner.pgadapter.wireoutput.RowDescriptionTest
[INFO] Tests run: 4, Failures: 0, Errors: 0, Skipped: 0, Time elapsed: 0.782 s - in com.google.cloud.spanner.pgadapter.wireoutput.RowDescriptionTest
[INFO] Running com.google.cloud.spanner.pgadapter.DdlTransactionModeNoneTest
[INFO] Tests run: 6, Failures: 0, Errors: 0, Skipped: 0, Time elapsed: 1.701 s - in com.google.cloud.spanner.pgadapter.DdlTransactionModeNoneTest
[INFO] Running com.google.cloud.spanner.pgadapter.DdlTransactionModeBatchTest
[INFO] Tests run: 16, Failures: 0, Errors: 0, Skipped: 0, Time elapsed: 0.776 s - in com.google.cloud.spanner.pgadapter.DdlTransactionModeBatchTest
[INFO] Running com.google.cloud.spanner.pgadapter.ControlMessageTest
[INFO] Tests run: 2, Failures: 0, Errors: 0, Skipped: 0, Time elapsed: 0.1 s - in com.google.cloud.spanner.pgadapter.ControlMessageTest
[INFO] Running com.google.cloud.spanner.pgadapter.metadata.OptionsMetadataTest
[INFO] Tests run: 14, Failures: 0, Errors: 0, Skipped: 0, Time elapsed: 0.011 s - in com.google.cloud.spanner.pgadapter.metadata.OptionsMetadataTest
[INFO] Running com.google.cloud.spanner.pgadapter.metadata.CommandMetadataParserTest
[INFO] Tests run: 5, Failures: 0, Errors: 0, Skipped: 0, Time elapsed: 0.001 s - in com.google.cloud.spanner.pgadapter.metadata.CommandMetadataParserTest
[INFO] Running com.google.cloud.spanner.pgadapter.utils.CopyDataReceiverTest
[INFO] Tests run: 2, Failures: 0, Errors: 0, Skipped: 0, Time elapsed: 0.062 s - in com.google.cloud.spanner.pgadapter.utils.CopyDataReceiverTest
[INFO] Running com.google.cloud.spanner.pgadapter.utils.ClientAutoDetectorTest
[INFO] Tests run: 3, Failures: 0, Errors: 0, Skipped: 0, Time elapsed: 0 s - in com.google.cloud.spanner.pgadapter.utils.ClientAutoDetectorTest
[INFO] Running com.google.cloud.spanner.pgadapter.utils.MutationWriterTest
[INFO] Tests run: 8, Failures: 0, Errors: 0, Skipped: 0, Time elapsed: 0.065 s - in com.google.cloud.spanner.pgadapter.utils.MutationWriterTest
[INFO] Running com.google.cloud.spanner.pgadapter.utils.StatementParserTest
[INFO] Tests run: 8, Failures: 0, Errors: 0, Skipped: 0, Time elapsed: 0 s - in com.google.cloud.spanner.pgadapter.utils.StatementParserTest
[INFO] Running com.google.cloud.spanner.pgadapter.DomainSocketsTest
[INFO] Tests run: 4, Failures: 0, Errors: 0, Skipped: 0, Time elapsed: 0.339 s - in com.google.cloud.spanner.pgadapter.DomainSocketsTest
[INFO] Running com.google.cloud.spanner.pgadapter.AuthMockServerTest
[INFO] Tests run: 4, Failures: 0, Errors: 0, Skipped: 0, Time elapsed: 0.498 s - in com.google.cloud.spanner.pgadapter.AuthMockServerTest
[INFO] Running com.google.cloud.spanner.pgadapter.CopyInMockServerTest
[INFO] Tests run: 34, Failures: 0, Errors: 0, Skipped: 0, Time elapsed: 2.157 s - in com.google.cloud.spanner.pgadapter.CopyInMockServerTest
[INFO] Running com.google.cloud.spanner.pgadapter.statements.BackendConnectionTest
[INFO] Tests run: 6, Failures: 0, Errors: 0, Skipped: 0, Time elapsed: 0.067 s - in com.google.cloud.spanner.pgadapter.statements.BackendConnectionTest
[INFO] Running com.google.cloud.spanner.pgadapter.statements.ExtendedQueryProtocolHandlerTest
[INFO] Tests run: 3, Failures: 0, Errors: 0, Skipped: 0, Time elapsed: 0.089 s - in com.google.cloud.spanner.pgadapter.statements.ExtendedQueryProtocolHandlerTest
[INFO] Running com.google.cloud.spanner.pgadapter.statements.DdlExecutorTest
[INFO] Tests run: 11, Failures: 0, Errors: 0, Skipped: 0, Time elapsed: 0.001 s - in com.google.cloud.spanner.pgadapter.statements.DdlExecutorTest
[INFO] Running com.google.cloud.spanner.pgadapter.statements.IntermediateStatementTest
[INFO] Tests run: 8, Failures: 0, Errors: 0, Skipped: 0, Time elapsed: 0.044 s - in com.google.cloud.spanner.pgadapter.statements.IntermediateStatementTest
[INFO] Running com.google.cloud.spanner.pgadapter.statements.PSQLTest
[INFO] Tests run: 29, Failures: 0, Errors: 0, Skipped: 0, Time elapsed: 0.247 s - in com.google.cloud.spanner.pgadapter.statements.PSQLTest
[INFO] Running com.google.cloud.spanner.pgadapter.statements.StatementTest
[INFO] Tests run: 18, Failures: 0, Errors: 0, Skipped: 0, Time elapsed: 1.076 s - in com.google.cloud.spanner.pgadapter.statements.StatementTest
[INFO] Running com.google.cloud.spanner.pgadapter.statements.local.ListDatabasesStatementTest
[INFO] Tests run: 7, Failures: 0, Errors: 0, Skipped: 0, Time elapsed: 0.054 s - in com.google.cloud.spanner.pgadapter.statements.local.ListDatabasesStatementTest
[INFO] Running com.google.cloud.spanner.pgadapter.statements.SimpleParserTest
[INFO] Tests run: 5, Failures: 0, Errors: 0, Skipped: 0, Time elapsed: 0.001 s - in com.google.cloud.spanner.pgadapter.statements.SimpleParserTest
[INFO] Running com.google.cloud.spanner.pgadapter.ErrorHandlingTest
[INFO] Tests run: 6, Failures: 0, Errors: 0, Skipped: 0, Time elapsed: 0.25 s - in com.google.cloud.spanner.pgadapter.ErrorHandlingTest
[INFO] Running com.google.cloud.spanner.pgadapter.JdbcMockServerTest
[INFO] Tests run: 29, Failures: 0, Errors: 0, Skipped: 0, Time elapsed: 0.862 s - in com.google.cloud.spanner.pgadapter.JdbcMockServerTest
[INFO] Running com.google.cloud.spanner.pgadapter.InvalidMessagesTest
[INFO] Tests run: 6, Failures: 0, Errors: 0, Skipped: 0, Time elapsed: 0.062 s - in com.google.cloud.spanner.pgadapter.InvalidMessagesTest
[INFO] Running com.google.cloud.spanner.pgadapter.ConnectionHandlerTest
[INFO] Tests run: 5, Failures: 0, Errors: 0, Skipped: 0, Time elapsed: 0.079 s - in com.google.cloud.spanner.pgadapter.ConnectionHandlerTest
[INFO] Running com.google.cloud.spanner.pgadapter.DdlTransactionModeAutocommitImplicitTest
[INFO] Tests run: 26, Failures: 0, Errors: 0, Skipped: 0, Time elapsed: 0.509 s - in com.google.cloud.spanner.pgadapter.DdlTransactionModeAutocommitImplicitTest
[INFO] Running com.google.cloud.spanner.pgadapter.JdbcBatchMockServerTest
[INFO] Tests run: 32, Failures: 0, Errors: 0, Skipped: 0, Time elapsed: 0.613 s - in com.google.cloud.spanner.pgadapter.JdbcBatchMockServerTest
[INFO] Running com.google.cloud.spanner.pgadapter.MetadataTest
[INFO] Tests run: 2, Failures: 0, Errors: 0, Skipped: 0, Time elapsed: 0 s - in com.google.cloud.spanner.pgadapter.MetadataTest
[INFO] Running com.google.cloud.spanner.pgadapter.ArraysMockServerTest
[INFO] Tests run: 8, Failures: 0, Errors: 0, Skipped: 0, Time elapsed: 0.161 s - in com.google.cloud.spanner.pgadapter.ArraysMockServerTest
[INFO] Running com.google.cloud.spanner.pgadapter.wireprotocol.ProtocolTest
[INFO] Tests run: 45, Failures: 0, Errors: 0, Skipped: 0, Time elapsed: 0.195 s - in com.google.cloud.spanner.pgadapter.wireprotocol.ProtocolTest
[INFO] Running com.google.cloud.spanner.pgadapter.EmulatedPsqlMockServerTest
[WARNING] Tests run: 6, Failures: 0, Errors: 0, Skipped: 1, Time elapsed: 0.315 s - in com.google.cloud.spanner.pgadapter.EmulatedPsqlMockServerTest
[INFO] Running com.google.cloud.spanner.pgadapter.DdlTransactionModeAutocommitExplicitTest
[INFO] Tests run: 28, Failures: 0, Errors: 0, Skipped: 0, Time elapsed: 0.482 s - in com.google.cloud.spanner.pgadapter.DdlTransactionModeAutocommitExplicitTest
[INFO] Running com.google.cloud.spanner.pgadapter.JdbcSimpleModeMockServerTest
[INFO] Tests run: 28, Failures: 0, Errors: 0, Skipped: 0, Time elapsed: 0.575 s - in com.google.cloud.spanner.pgadapter.JdbcSimpleModeMockServerTest
[INFO] Running com.google.cloud.spanner.pgadapter.parsers.ParserTest
com.google.cloud.spanner.pgadapter.parsers.copy.ParseException: Escaped UNICODE is not supported.
com.google.cloud.spanner.pgadapter.parsers.copy.ParseException: Escaped UNICODE is not supported.
[INFO] Tests run: 27, Failures: 0, Errors: 0, Skipped: 0, Time elapsed: 0.028 s - in com.google.cloud.spanner.pgadapter.parsers.ParserTest
[INFO] Running com.google.cloud.spanner.pgadapter.JdbcParametersMockServerTest
[INFO] Tests run: 22, Failures: 0, Errors: 0, Skipped: 0, Time elapsed: 1.475 s - in com.google.cloud.spanner.pgadapter.JdbcParametersMockServerTest
[INFO] 
[INFO] Results:
[INFO] 
[WARNING] Tests run: 469, Failures: 0, Errors: 0, Skipped: 1
[INFO] 
[INFO] 
[INFO] --- jacoco-maven-plugin:0.8.8:report (report) @ google-cloud-spanner-pgadapter ---
[INFO] Skipping JaCoCo execution due to missing execution data file.
[INFO] 
[INFO] --- jacoco-maven-plugin:0.8.8:report (after-unit-test-execution) @ google-cloud-spanner-pgadapter ---
[INFO] Loading execution data file /home/gabsko/breaking-updates/target/jacoco-output/jacoco-unit-tests.exec
[INFO] Analyzed bundle 'Google Cloud Spanner PostgreSQL Adapter' with 127 classes
[INFO] ------------------------------------------------------------------------
[INFO] BUILD SUCCESS
[INFO] ------------------------------------------------------------------------
[INFO] Total time:  24.250 s
[INFO] Finished at: 2023-01-13T11:17:29Z
[INFO] ------------------------------------------------------------------------
