[INFO] Scanning for projects...
[INFO] ------------------------------------------------------------------------
[INFO] Reactor Build Order:
[INFO] 
[INFO] POM Manipulation Extension for Maven                               [pom]
[INFO] POM Manipulation Extension for Maven Annotation Processor          [jar]
[INFO] POM Manipulation Extension for Maven Common Components             [jar]
[INFO] POM Manipulation Extension for Maven IO Library                    [jar]
[INFO] POM Manipulation Extension for Maven Core Library                  [jar]
[INFO] POM Manipulation CLI for Maven                                     [jar]
[INFO] POM Manipulation for Maven Extension                               [jar]
[INFO] POM Manipulation Integration Tests                                 [jar]
[INFO] POM Manipulation Extension for Maven Coverage Module               [pom]
[INFO] 
[INFO] ----------< org.commonjava.maven.ext:pom-manipulation-parent >----------
[INFO] Building POM Manipulation Extension for Maven 4.9-SNAPSHOT         [1/9]
[INFO] --------------------------------[ pom ]---------------------------------
[INFO] 
[INFO] --- maven-clean-plugin:3.1.0:clean (default-clean) @ pom-manipulation-parent ---
[INFO] Deleting /home/gabsko/breaking-updates/target
[INFO] 
[INFO] --- buildnumber-maven-plugin:1.4:create (buildnumber) @ pom-manipulation-parent ---
[INFO] ShortRevision tag detected. The value is '8'.
[INFO] Executing: /bin/sh -c cd '/home/gabsko/breaking-updates' && 'git' 'rev-parse' '--verify' '--short=8' 'HEAD'
[INFO] Working directory: /home/gabsko/breaking-updates
[INFO] Storing buildNumber: 14b8cb2b at timestamp: 13 January 2023
[INFO] Storing buildScmBranch: branch-release-engineering/pom-manipulation-ext-14b8cb2bb00c66a8525007c4f531b40c79114346
[INFO] 
[INFO] --- maven-enforcer-plugin:3.0.0-M3:enforce (enforce-versions) @ pom-manipulation-parent ---
[INFO] 
[INFO] --- maven-enforcer-plugin:3.0.0-M3:enforce (avoid-trip-hazards) @ pom-manipulation-parent ---
[INFO] 
[INFO] --- maven-enforcer-plugin:3.0.0-M3:enforce (enforce-best-practices) @ pom-manipulation-parent ---
[INFO] 
[INFO] --- jacoco-maven-plugin:0.8.8:prepare-agent (jacoco-prepare-agent) @ pom-manipulation-parent ---
[INFO] argLine set to -javaagent:/home/gabsko/.m2/repository/org/jacoco/org.jacoco.agent/0.8.8/org.jacoco.agent-0.8.8-runtime.jar=destfile=/home/gabsko/breaking-updates/target/jacoco.exec
[INFO] 
[INFO] --- lombok-maven-plugin:1.18.20.0:delombok (delombok) @ pom-manipulation-parent ---
[WARNING] Skipping Delombok; no source to process.
[INFO] 
[INFO] --- maven-enforcer-plugin:3.0.0-M3:enforce (enforce-commonjava-standards) @ pom-manipulation-parent ---
[INFO] 
[INFO] --- animal-sniffer-maven-plugin:1.20:check (check-java-api) @ pom-manipulation-parent ---
[INFO] Checking unresolved references to org.codehaus.mojo.signature:java18:1.0
[INFO] 
[INFO] --------< org.commonjava.maven.ext:pom-manipulation-annotation >--------
[INFO] Building POM Manipulation Extension for Maven Annotation Processor 4.9-SNAPSHOT [2/9]
[INFO] --------------------------------[ jar ]---------------------------------
[INFO] 
[INFO] --- maven-clean-plugin:3.1.0:clean (default-clean) @ pom-manipulation-annotation ---
[INFO] Deleting /home/gabsko/breaking-updates/annotation/target
[INFO] 
[INFO] --- buildnumber-maven-plugin:1.4:create (buildnumber) @ pom-manipulation-annotation ---
[INFO] 
[INFO] --- maven-enforcer-plugin:3.0.0-M3:enforce (enforce-versions) @ pom-manipulation-annotation ---
[INFO] 
[INFO] --- maven-enforcer-plugin:3.0.0-M3:enforce (avoid-trip-hazards) @ pom-manipulation-annotation ---
[INFO] 
[INFO] --- maven-enforcer-plugin:3.0.0-M3:enforce (enforce-best-practices) @ pom-manipulation-annotation ---
[INFO] 
[INFO] --- jacoco-maven-plugin:0.8.8:prepare-agent (jacoco-prepare-agent) @ pom-manipulation-annotation ---
[INFO] argLine set to -javaagent:/home/gabsko/.m2/repository/org/jacoco/org.jacoco.agent/0.8.8/org.jacoco.agent-0.8.8-runtime.jar=destfile=/home/gabsko/breaking-updates/annotation/target/jacoco.exec
[INFO] 
[INFO] --- lombok-maven-plugin:1.18.20.0:delombok (delombok) @ pom-manipulation-annotation ---
[INFO] Delombok complete.
[INFO] 
[INFO] --- maven-resources-plugin:3.2.0:resources (default-resources) @ pom-manipulation-annotation ---
[INFO] Using 'UTF-8' encoding to copy filtered resources.
[INFO] Using 'UTF-8' encoding to copy filtered properties files.
[INFO] Copying 1 resource
[INFO] 
[INFO] --- maven-compiler-plugin:3.8.1:compile (default-compile) @ pom-manipulation-annotation ---
[INFO] Changes detected - recompiling the module!
[INFO] Compiling 2 source files to /home/gabsko/breaking-updates/annotation/target/classes
[WARNING] bootstrap class path not set in conjunction with -source 8
[INFO] 
[INFO] --- maven-enforcer-plugin:3.0.0-M3:enforce (enforce-commonjava-standards) @ pom-manipulation-annotation ---
[INFO] 
[INFO] --- animal-sniffer-maven-plugin:1.20:check (check-java-api) @ pom-manipulation-annotation ---
[INFO] Checking unresolved references to org.codehaus.mojo.signature:java18:1.0
[INFO] 
[INFO] --- maven-resources-plugin:3.2.0:testResources (default-testResources) @ pom-manipulation-annotation ---
[INFO] Using 'UTF-8' encoding to copy filtered resources.
[INFO] Using 'UTF-8' encoding to copy filtered properties files.
[INFO] skip non existing resourceDirectory /home/gabsko/breaking-updates/annotation/src/test/resources
[INFO] 
[INFO] --- maven-compiler-plugin:3.8.1:testCompile (default-testCompile) @ pom-manipulation-annotation ---
[INFO] No sources to compile
[INFO] 
[INFO] --- maven-surefire-plugin:3.0.0-M5:test (default-test) @ pom-manipulation-annotation ---
[INFO] No tests to run.
[INFO] 
[INFO] ----------< org.commonjava.maven.ext:pom-manipulation-common >----------
[INFO] Building POM Manipulation Extension for Maven Common Components 4.9-SNAPSHOT [3/9]
[INFO] --------------------------------[ jar ]---------------------------------
[INFO] 
[INFO] --- maven-clean-plugin:3.1.0:clean (default-clean) @ pom-manipulation-common ---
[INFO] Deleting /home/gabsko/breaking-updates/common/target
[INFO] 
[INFO] --- buildnumber-maven-plugin:1.4:create (buildnumber) @ pom-manipulation-common ---
[INFO] 
[INFO] --- maven-enforcer-plugin:3.0.0-M3:enforce (enforce-versions) @ pom-manipulation-common ---
[INFO] 
[INFO] --- maven-enforcer-plugin:3.0.0-M3:enforce (avoid-trip-hazards) @ pom-manipulation-common ---
[INFO] 
[INFO] --- maven-enforcer-plugin:3.0.0-M3:enforce (enforce-best-practices) @ pom-manipulation-common ---
[INFO] 
[INFO] --- jacoco-maven-plugin:0.8.8:prepare-agent (jacoco-prepare-agent) @ pom-manipulation-common ---
[INFO] argLine set to -javaagent:/home/gabsko/.m2/repository/org/jacoco/org.jacoco.agent/0.8.8/org.jacoco.agent-0.8.8-runtime.jar=destfile=/home/gabsko/breaking-updates/common/target/jacoco.exec
[INFO] 
[INFO] --- lombok-maven-plugin:1.18.20.0:delombok (delombok) @ pom-manipulation-common ---
[INFO] Delombok complete.
[INFO] 
[INFO] --- maven-resources-plugin:3.2.0:resources (default-resources) @ pom-manipulation-common ---
[INFO] Using 'UTF-8' encoding to copy filtered resources.
[INFO] Using 'UTF-8' encoding to copy filtered properties files.
[INFO] skip non existing resourceDirectory /home/gabsko/breaking-updates/common/src/main/resources
[INFO] 
[INFO] --- maven-compiler-plugin:3.8.1:compile (default-compile) @ pom-manipulation-common ---
[INFO] Changes detected - recompiling the module!
[INFO] Compiling 33 source files to /home/gabsko/breaking-updates/common/target/classes
[WARNING] bootstrap class path not set in conjunction with -source 8
[INFO] No options supplied ; use maven-annotation-plugin to pass options through
[INFO] 
[INFO] --- maven-enforcer-plugin:3.0.0-M3:enforce (enforce-commonjava-standards) @ pom-manipulation-common ---
[INFO] 
[INFO] --- sisu-maven-plugin:0.3.4:main-index (generate-index) @ pom-manipulation-common ---
[INFO] 
[INFO] --- animal-sniffer-maven-plugin:1.20:check (check-java-api) @ pom-manipulation-common ---
[INFO] Checking unresolved references to org.codehaus.mojo.signature:java18:1.0
[INFO] 
[INFO] --- maven-resources-plugin:3.2.0:testResources (default-testResources) @ pom-manipulation-common ---
[INFO] Using 'UTF-8' encoding to copy filtered resources.
[INFO] Using 'UTF-8' encoding to copy filtered properties files.
[INFO] Copying 1 resource
[INFO] 
[INFO] --- maven-compiler-plugin:3.8.1:testCompile (default-testCompile) @ pom-manipulation-common ---
[INFO] Changes detected - recompiling the module!
[INFO] Compiling 5 source files to /home/gabsko/breaking-updates/common/target/test-classes
[WARNING] bootstrap class path not set in conjunction with -source 8
[INFO] /home/gabsko/breaking-updates/common/src/test/java/org/commonjava/maven/ext/common/util/WildcardMapTest.java: /home/gabsko/breaking-updates/common/src/test/java/org/commonjava/maven/ext/common/util/WildcardMapTest.java uses or overrides a deprecated API.
[INFO] /home/gabsko/breaking-updates/common/src/test/java/org/commonjava/maven/ext/common/util/WildcardMapTest.java: Recompile with -Xlint:deprecation for details.
[INFO] 
[INFO] --- maven-surefire-plugin:3.0.0-M5:test (default-test) @ pom-manipulation-common ---
[INFO] 
[INFO] -------------------------------------------------------
[INFO]  T E S T S
[INFO] -------------------------------------------------------
[INFO] Running org.commonjava.maven.ext.common.model.ProjectTest
[INFO] Tests run: 3, Failures: 0, Errors: 0, Skipped: 0, Time elapsed: 0.159 s - in org.commonjava.maven.ext.common.model.ProjectTest
[INFO] Running org.commonjava.maven.ext.common.model.SetAndSimpleScopeTest
[INFO] Tests run: 2, Failures: 0, Errors: 0, Skipped: 0, Time elapsed: 0 s - in org.commonjava.maven.ext.common.model.SetAndSimpleScopeTest
[INFO] Running org.commonjava.maven.ext.common.util.WildcardMapTest
[INFO] Tests run: 6, Failures: 0, Errors: 0, Skipped: 0, Time elapsed: 0.001 s - in org.commonjava.maven.ext.common.util.WildcardMapTest
[INFO] Running org.commonjava.maven.ext.common.util.ManifestUtilsTest
[ERROR] OpenJDK 64-Bit Server VM warning: Sharing is only supported for boot loader classes because bootstrap classpath has been appended
[INFO] Tests run: 6, Failures: 0, Errors: 0, Skipped: 0, Time elapsed: 0.475 s - in org.commonjava.maven.ext.common.util.ManifestUtilsTest
[INFO] Running org.commonjava.maven.ext.common.util.JSONUtilsTest
[INFO] Tests run: 1, Failures: 0, Errors: 0, Skipped: 0, Time elapsed: 0.572 s - in org.commonjava.maven.ext.common.util.JSONUtilsTest
[INFO] 
[INFO] Results:
[INFO] 
[INFO] Tests run: 18, Failures: 0, Errors: 0, Skipped: 0
[INFO] 
[INFO] 
[INFO] ------------< org.commonjava.maven.ext:pom-manipulation-io >------------
[INFO] Building POM Manipulation Extension for Maven IO Library 4.9-SNAPSHOT [4/9]
[INFO] --------------------------------[ jar ]---------------------------------
[INFO] 
[INFO] --- maven-clean-plugin:3.1.0:clean (default-clean) @ pom-manipulation-io ---
[INFO] Deleting /home/gabsko/breaking-updates/io/target
[INFO] 
[INFO] --- buildnumber-maven-plugin:1.4:create (buildnumber) @ pom-manipulation-io ---
[INFO] 
[INFO] --- maven-enforcer-plugin:3.0.0-M3:enforce (enforce-versions) @ pom-manipulation-io ---
[INFO] 
[INFO] --- maven-enforcer-plugin:3.0.0-M3:enforce (avoid-trip-hazards) @ pom-manipulation-io ---
[INFO] 
[INFO] --- maven-enforcer-plugin:3.0.0-M3:enforce (enforce-best-practices) @ pom-manipulation-io ---
[INFO] 
[INFO] --- jacoco-maven-plugin:0.8.8:prepare-agent (jacoco-prepare-agent) @ pom-manipulation-io ---
[INFO] argLine set to -javaagent:/home/gabsko/.m2/repository/org/jacoco/org.jacoco.agent/0.8.8/org.jacoco.agent-0.8.8-runtime.jar=destfile=/home/gabsko/breaking-updates/io/target/jacoco.exec
[INFO] 
[INFO] --- lombok-maven-plugin:1.18.20.0:delombok (delombok) @ pom-manipulation-io ---
[INFO] Delombok complete.
[INFO] 
[INFO] --- maven-resources-plugin:3.2.0:resources (default-resources) @ pom-manipulation-io ---
[INFO] Using 'UTF-8' encoding to copy filtered resources.
[INFO] Using 'UTF-8' encoding to copy filtered properties files.
[INFO] skip non existing resourceDirectory /home/gabsko/breaking-updates/io/src/main/resources
[INFO] 
[INFO] --- maven-compiler-plugin:3.8.1:compile (default-compile) @ pom-manipulation-io ---
[INFO] Changes detected - recompiling the module!
[INFO] Compiling 14 source files to /home/gabsko/breaking-updates/io/target/classes
[WARNING] bootstrap class path not set in conjunction with -source 8
[INFO] No options supplied ; use maven-annotation-plugin to pass options through
[INFO] 
[INFO] --- maven-enforcer-plugin:3.0.0-M3:enforce (enforce-commonjava-standards) @ pom-manipulation-io ---
[INFO] 
[INFO] --- animal-sniffer-maven-plugin:1.20:check (check-java-api) @ pom-manipulation-io ---
[INFO] Checking unresolved references to org.codehaus.mojo.signature:java18:1.0
[INFO] 
[INFO] --- sisu-maven-plugin:0.3.4:main-index (generate-index) @ pom-manipulation-io ---
[INFO] 
[INFO] --- maven-resources-plugin:3.2.0:testResources (default-testResources) @ pom-manipulation-io ---
[INFO] Using 'UTF-8' encoding to copy filtered resources.
[INFO] Using 'UTF-8' encoding to copy filtered properties files.
[INFO] Copying 13 resources
[INFO] 
[INFO] --- maven-compiler-plugin:3.8.1:testCompile (default-testCompile) @ pom-manipulation-io ---
[INFO] Changes detected - recompiling the module!
[INFO] Compiling 28 source files to /home/gabsko/breaking-updates/io/target/test-classes
[WARNING] bootstrap class path not set in conjunction with -source 8
[INFO] /home/gabsko/breaking-updates/io/src/test/java/org/commonjava/maven/ext/io/rest/VersionTranslatorTest.java: Some input files use or override a deprecated API.
[INFO] /home/gabsko/breaking-updates/io/src/test/java/org/commonjava/maven/ext/io/rest/VersionTranslatorTest.java: Recompile with -Xlint:deprecation for details.
[INFO] 
[INFO] --- maven-surefire-plugin:3.0.0-M5:test (default-test) @ pom-manipulation-io ---
[INFO] 
[INFO] -------------------------------------------------------
[INFO]  T E S T S
[INFO] -------------------------------------------------------
[INFO] Running org.commonjava.maven.ext.io.resolver.MavenLocationExpanderTest
[INFO] Tests run: 4, Failures: 0, Errors: 0, Skipped: 0, Time elapsed: 0.3 s - in org.commonjava.maven.ext.io.resolver.MavenLocationExpanderTest
[INFO] Running org.commonjava.maven.ext.io.SettingsIOTest
[INFO] Tests run: 4, Failures: 0, Errors: 0, Skipped: 0, Time elapsed: 0.163 s - in org.commonjava.maven.ext.io.SettingsIOTest
[INFO] Running org.commonjava.maven.ext.io.PomIOTest
[INFO] Tests run: 6, Failures: 0, Errors: 0, Skipped: 0, Time elapsed: 0.149 s - in org.commonjava.maven.ext.io.PomIOTest
[INFO] Running org.commonjava.maven.ext.io.XMLIOTest
[INFO] Tests run: 8, Failures: 0, Errors: 0, Skipped: 0, Time elapsed: 0.296 s - in org.commonjava.maven.ext.io.XMLIOTest
[INFO] Running org.commonjava.maven.ext.io.rest.HttpMessageTranslatorTest
[INFO] Tests run: 1, Failures: 0, Errors: 0, Skipped: 0, Time elapsed: 0.954 s - in org.commonjava.maven.ext.io.rest.HttpMessageTranslatorTest
[INFO] Running org.commonjava.maven.ext.io.rest.AutoSplitTest
[INFO] Tests run: 4, Failures: 0, Errors: 0, Skipped: 0, Time elapsed: 0.477 s - in org.commonjava.maven.ext.io.rest.AutoSplitTest
[INFO] Running org.commonjava.maven.ext.io.rest.VersionTranslatorTest
[INFO] Tests run: 5, Failures: 0, Errors: 0, Skipped: 0, Time elapsed: 0.256 s - in org.commonjava.maven.ext.io.rest.VersionTranslatorTest
[INFO] Running org.commonjava.maven.ext.io.rest.HttpEndpointTest
[ERROR] OpenJDK 64-Bit Server VM warning: Sharing is only supported for boot loader classes because bootstrap classpath has been appended
[INFO] Tests run: 6, Failures: 0, Errors: 0, Skipped: 0, Time elapsed: 0.589 s - in org.commonjava.maven.ext.io.rest.HttpEndpointTest
[INFO] Running org.commonjava.maven.ext.io.rest.HttpHeaderHeaderTest
[INFO] Tests run: 5, Failures: 0, Errors: 0, Skipped: 0, Time elapsed: 0.086 s - in org.commonjava.maven.ext.io.rest.HttpHeaderHeaderTest
[INFO] Running org.commonjava.maven.ext.io.rest.VersionTranslatorSplitTest
[INFO] Tests run: 6, Failures: 0, Errors: 0, Skipped: 0, Time elapsed: 0.262 s - in org.commonjava.maven.ext.io.rest.VersionTranslatorSplitTest
[INFO] Running org.commonjava.maven.ext.io.rest.HandleServiceUnavailableTest
[INFO] Tests run: 2, Failures: 0, Errors: 0, Skipped: 0, Time elapsed: 25.134 s - in org.commonjava.maven.ext.io.rest.HandleServiceUnavailableTest
[INFO] Running org.commonjava.maven.ext.io.rest.RESTHeaderTest
[INFO] Tests run: 1, Failures: 0, Errors: 0, Skipped: 0, Time elapsed: 0.022 s - in org.commonjava.maven.ext.io.rest.RESTHeaderTest
[INFO] Running org.commonjava.maven.ext.io.rest.HttpErrorTranslatorTest
[INFO] Tests run: 1, Failures: 0, Errors: 0, Skipped: 0, Time elapsed: 0.032 s - in org.commonjava.maven.ext.io.rest.HttpErrorTranslatorTest
[INFO] Running org.commonjava.maven.ext.io.rest.RESTParametersModeTest
[INFO] Tests run: 2, Failures: 0, Errors: 0, Skipped: 0, Time elapsed: 0.022 s - in org.commonjava.maven.ext.io.rest.RESTParametersModeTest
[INFO] Running org.commonjava.maven.ext.io.ManipulationUncheckedExceptionTest
[INFO] Tests run: 2, Failures: 0, Errors: 0, Skipped: 0, Time elapsed: 0 s - in org.commonjava.maven.ext.io.ManipulationUncheckedExceptionTest
[INFO] Running org.commonjava.maven.ext.io.JSONIOTest
[INFO] Tests run: 11, Failures: 0, Errors: 0, Skipped: 0, Time elapsed: 0.458 s - in org.commonjava.maven.ext.io.JSONIOTest
[INFO] Running org.commonjava.maven.ext.io.ManipulationExceptionTest
[INFO] Tests run: 3, Failures: 0, Errors: 0, Skipped: 0, Time elapsed: 0 s - in org.commonjava.maven.ext.io.ManipulationExceptionTest
[INFO] Running org.commonjava.maven.ext.io.FileIOTest
[INFO] Tests run: 3, Failures: 0, Errors: 0, Skipped: 0, Time elapsed: 0.149 s - in org.commonjava.maven.ext.io.FileIOTest
[INFO] Running org.commonjava.maven.ext.io.YamlTest
[INFO] Tests run: 2, Failures: 0, Errors: 0, Skipped: 0, Time elapsed: 0.13 s - in org.commonjava.maven.ext.io.YamlTest
[INFO] 
[INFO] Results:
[INFO] 
[INFO] Tests run: 76, Failures: 0, Errors: 0, Skipped: 0
[INFO] 
[INFO] 
[INFO] -----------< org.commonjava.maven.ext:pom-manipulation-core >-----------
[INFO] Building POM Manipulation Extension for Maven Core Library 4.9-SNAPSHOT [5/9]
[INFO] --------------------------------[ jar ]---------------------------------
[INFO] 
[INFO] --- maven-clean-plugin:3.1.0:clean (default-clean) @ pom-manipulation-core ---
[INFO] Deleting /home/gabsko/breaking-updates/core/target
[INFO] 
[INFO] --- buildnumber-maven-plugin:1.4:create (buildnumber) @ pom-manipulation-core ---
[INFO] 
[INFO] --- maven-enforcer-plugin:3.0.0-M3:enforce (enforce-versions) @ pom-manipulation-core ---
[INFO] 
[INFO] --- maven-enforcer-plugin:3.0.0-M3:enforce (avoid-trip-hazards) @ pom-manipulation-core ---
[INFO] 
[INFO] --- maven-enforcer-plugin:3.0.0-M3:enforce (enforce-best-practices) @ pom-manipulation-core ---
[INFO] 
[INFO] --- jacoco-maven-plugin:0.8.8:prepare-agent (jacoco-prepare-agent) @ pom-manipulation-core ---
[INFO] argLine set to -javaagent:/home/gabsko/.m2/repository/org/jacoco/org.jacoco.agent/0.8.8/org.jacoco.agent-0.8.8-runtime.jar=destfile=/home/gabsko/breaking-updates/core/target/jacoco.exec
[INFO] 
[INFO] --- maven-processor-plugin:3.3.3:process (process) @ pom-manipulation-core ---
22:04:55.530 [main] INFO org.commonjava.maven.ext.annotation.ConfigValueProcessor - Generating code and index
[WARNING] diagnostic: warning: Supported source version 'RELEASE_8' from annotation processor 'org.commonjava.maven.ext.annotation.ConfigValueProcessor' less than -source '11'
[INFO] diagnostic: Note: Found PLUGIN_SOURCE & plugin-manip.html#plugin-source & pluginSource
[INFO] diagnostic: Note: Found PLUGIN_MANAGEMENT_POM_PROPERTY & plugin-manip.html#basic-plugin-alignment & pluginManagement
[INFO] diagnostic: Note: Found PLUGIN_MANAGEMENT_PRECEDENCE & plugin-manip.html#basic-plugin-alignment & pluginManagementPrecedence
[INFO] diagnostic: Note: Found PLUGIN_OVERRIDE_PREFIX & plugin-manip.html#plugin-override & pluginOverride.
[INFO] diagnostic: Note: Found JSON_PROPERTY & json.html & jsonUpdate
[INFO] diagnostic: Note: Found ENFORCE_PROJECT_VERSION & misc.html#projectversion-expression-replacement & enforceProjectVersion
[INFO] diagnostic: Note: Found DEPENDENCY_REMOVAL_PROPERTY & dep-manip.html#dependency-removal & dependencyRemoval
[INFO] diagnostic: Note: Found BOM_BUILDER & dep-manip.html#bom-generation & bomBuilder
[INFO] diagnostic: Note: Found REST_URL & dep-manip.html#rest-endpoint & restURL
[INFO] diagnostic: Note: Found REST_BREW_PULL_ACTIVE & dep-manip.html#rest-endpoint & restBrewPullActive
[INFO] diagnostic: Note: Found REST_MODE & dep-manip.html#rest-endpoint & restMode
[INFO] diagnostic: Note: Found REST_MAX_SIZE & dep-manip.html#rest-endpoint & restMaxSize
[INFO] diagnostic: Note: Found REST_MIN_SIZE & dep-manip.html#rest-endpoint & restMinSize
[INFO] diagnostic: Note: Found REST_SUFFIX & dep-manip.html#rest-endpoint & restSuffixAlign
[INFO] diagnostic: Note: Found REST_HEADERS & dep-manip.html#rest-endpoint & restHeaders
[INFO] diagnostic: Note: Found REST_CONNECTION_TIMEOUT_SEC & dep-manip.html#rest-timeouts-and-retries & restConnectionTimeout
[INFO] diagnostic: Note: Found REST_SOCKET_TIMEOUT_SEC & dep-manip.html#rest-timeouts-and-retries & restSocketTimeout
[INFO] diagnostic: Note: Found REST_RETRY_DURATION_SEC & dep-manip.html#rest-timeouts-and-retries & restRetryDuration
[INFO] diagnostic: Note: Found PROPERTY_MANAGEMENT_POM_PROPERTY & misc.html#property-override & propertyManagement
[INFO] diagnostic: Note: Found REPOSITORY_INJECTION_PROPERTY & misc.html#repository-injection & repositoryInjection
[INFO] diagnostic: Note: Found REPOSITORY_INJECTION_POMS & misc.html#repository-injection & repositoryInjectionPoms
[INFO] diagnostic: Note: Found DEPENDENCY_EXCLUSION_PREFIX & dep-manip.html#exclusions-and-overrides & dependencyExclusion.
[INFO] diagnostic: Note: Found DEPENDENCY_SOURCE & dep-manip.html#dependency-source & dependencySource
[INFO] diagnostic: Note: Found DEPENDENCY_OVERRIDE_PREFIX & dep-manip.html#exclusions-and-overrides & dependencyOverride.
[INFO] diagnostic: Note: Found DEPENDENCY_MANAGEMENT_POM_PROPERTY & dep-manip.html#remote-pom & dependencyManagement
[INFO] diagnostic: Note: Found GROOVY_SCRIPT & groovy.html & groovyScripts
[INFO] diagnostic: Note: Found NEXUS_STAGING_MAVEN_PLUGIN_REMOVAL_PROPERTY & plugin-manip.html#nexus-staging-maven-plugin-removal & nexusStagingMavenPluginRemoval
[INFO] diagnostic: Note: Found PROJECT_SOURCES_SKIP_PROPERTY & plugin-manip.html#project-sources--build-metadata-plugin-injection & projectSrcSkip
[INFO] diagnostic: Note: Found BMMP_SKIP_PROPERTY & plugin-manip.html#project-sources--build-metadata-plugin-injection & projectMetaSkip
[INFO] diagnostic: Note: Found PROJECT_SOURCES_PLUGIN_VERSION_PROPERTY & plugin-manip.html#project-sources--build-metadata-plugin-injection & projectSrcVersion
[INFO] diagnostic: Note: Found BMMP_VERSION_PROPERTY & plugin-manip.html#project-sources--build-metadata-plugin-injection & projectMetaVersion
[INFO] diagnostic: Note: Found TRANSITIVE_OVERRIDE_PROPERTY & dep-manip.html#directtransitive-dependencies & overrideTransitive
[INFO] diagnostic: Note: Found PROPERTY_CLASH_FAILS & dep-manip.html#property-clash-replacement & propertyClashFails
[INFO] diagnostic: Note: Found STRICT_ALIGNMENT & dep-manip.html#strict-mode-version-alignment & strictAlignment
[INFO] diagnostic: Note: Found STRICT_VIOLATION_FAILS & dep-manip.html#strict-mode-version-alignment & strictViolationFails
[INFO] diagnostic: Note: Found STRICT_ALIGNMENT_IGNORE_SUFFIX & dep-manip.html#strict-mode-version-alignment & strictAlignmentIgnoreSuffix
[INFO] diagnostic: Note: Found EXCLUDED_SCOPES & dep-manip.html#scope-exclusion & excludedScopes
[INFO] diagnostic: Note: Found DEPENDENCY_PROPERTY_VALIDATION & dep-manip.html#strict-property-validation & strictPropertyValidation
[INFO] diagnostic: Note: Found ENFORCE_SYSPROP & plugin.html#install-and-deploy-skip-flag-alignment & enforceSkip
[INFO] diagnostic: Note: Found XML_PROPERTY & xml.html & xmlUpdate
[INFO] diagnostic: Note: Found PROFILE_INJECTION_PROPERTY & misc.html#profile-injection & profileInjection
[INFO] diagnostic: Note: Found SUFFIX_STRIP_PROPERTY & project-version-manip.html#suffix-stripping & versionSuffixStrip
[INFO] diagnostic: Note: Found RESOLVE_RANGES_PROPERTY & misc.html#version-range-resolving & resolveRanges
[INFO] diagnostic: Note: Found PARENT_INJECTION_PROPERTY & misc.html#parent-injection & parentInjection
[INFO] diagnostic: Note: Found VERSION_SUFFIX_SYSPROP & project-version-manip.html#manual-version-suffix & versionSuffix
[INFO] diagnostic: Note: Found INCREMENT_SERIAL_SUFFIX_SYSPROP & project-version-manip.html#automatic-version-increment & versionIncrementalSuffix
[INFO] diagnostic: Note: Found INCREMENT_SERIAL_SUFFIX_PADDING_SYSPROP & project-version-manip.html#version-increment-padding & versionIncrementalSuffixPadding
[INFO] diagnostic: Note: Found VERSION_SUFFIX_SNAPSHOT_SYSPROP & project-version-manip.html#snapshot-detection & versionSuffixSnapshot
[INFO] diagnostic: Note: Found VERSION_OSGI_SYSPROP & project-version-manip.html#osgi-compliance & versionOsgi
[INFO] diagnostic: Note: Found VERSION_OVERRIDE_SYSPROP & project-version-manip.html#version-override & versionOverride
[INFO] diagnostic: Note: Found VERSION_SUFFIX_ALT & project-version-manip.html#alternate-suffix-handling & versionSuffixAlternatives
[INFO] diagnostic: Note: Found DEPENDENCY_RELOCATIONS & dep-manip.html#dependency-relocations & dependencyRelocations.
[INFO] diagnostic: Note: Found PLUGIN_RELOCATIONS & plugin-manip.html#plugin-relocations & pluginRelocations.
[INFO] diagnostic: Note: Found PLUGIN_REMOVAL_PROPERTY & plugin-manip.html#plugin-removal & pluginRemoval
[INFO] diagnostic: Note: Found PROFILE_REMOVAL_PROPERTY & misc.html#profile-removal & profileRemoval
[INFO] diagnostic: Note: Found RR_SUFFIX_SYSPROP & misc.html#repository-and-reporting-removal & repoReportingRemoval
[INFO] diagnostic: Note: Found RR_SUFFIX_SYSPROP_LOCAL & misc.html#repository-and-reporting-removal & repoRemovalIgnorelocalhost
[INFO] diagnostic: Note: Found RR_SETTINGS_SFX_SYSPROP & misc.html#repository-and-reporting-removal & repoRemovalBackup
[INFO] diagnostic: Note: Found MANIPULATIONS_DISABLED_PROP & index.html#disabling-the-extension & manipulation.disable
[INFO] diagnostic: Note: Found REPORT_TXT_OUTPUT_FILE & index.html#summary-logging & reportTxtOutputFile
[INFO] diagnostic: Note: Found REPORT_JSON_OUTPUT_FILE & index.html#summary-logging & reportJSONOutputFile
[INFO] diagnostic: Note: Found DEPRECATED_PROPERTIES & index.html#deprecated-and-unknown-properties & enabledDeprecatedProperties
[INFO] diagnostic: Note: Found CONFIG_FILE_PRECEDENCE & configuration.html#overview & allowConfigFilePrecedence
[INFO] diagnostic: Note: Found REPORT_NON_ALIGNED & index.html#summary-logging & reportNonAligned
[INFO] diagnostic: Note: Found PROFILE_SCANNING & misc.html#profile-handling & scanActiveProfiles
[INFO] 
[INFO] --- lombok-maven-plugin:1.18.20.0:delombok (delombok) @ pom-manipulation-core ---
[INFO] Delombok complete.
[INFO] 
[INFO] --- maven-resources-plugin:3.2.0:resources (default-resources) @ pom-manipulation-core ---
[INFO] Using 'UTF-8' encoding to copy filtered resources.
[INFO] Using 'UTF-8' encoding to copy filtered properties files.
[INFO] skip non existing resourceDirectory /home/gabsko/breaking-updates/core/src/main/resources
[INFO] 
[INFO] --- maven-compiler-plugin:3.8.1:compile (default-compile) @ pom-manipulation-core ---
[INFO] Changes detected - recompiling the module!
[INFO] Compiling 75 source files to /home/gabsko/breaking-updates/core/target/classes
[WARNING] bootstrap class path not set in conjunction with -source 8
[INFO] No options supplied ; use maven-annotation-plugin to pass options through
[INFO] /home/gabsko/breaking-updates/core/src/main/java/org/commonjava/maven/ext/core/ManipulationManager.java: /home/gabsko/breaking-updates/core/src/main/java/org/commonjava/maven/ext/core/ManipulationManager.java uses or overrides a deprecated API.
[INFO] /home/gabsko/breaking-updates/core/src/main/java/org/commonjava/maven/ext/core/ManipulationManager.java: Recompile with -Xlint:deprecation for details.
[INFO] 
[INFO] --- maven-enforcer-plugin:3.0.0-M3:enforce (enforce-commonjava-standards) @ pom-manipulation-core ---
[INFO] 
[INFO] --- animal-sniffer-maven-plugin:1.20:check (check-java-api) @ pom-manipulation-core ---
[INFO] Checking unresolved references to org.codehaus.mojo.signature:java18:1.0
[INFO] 
[INFO] --- sisu-maven-plugin:0.3.4:main-index (generate-index) @ pom-manipulation-core ---
[INFO] 
[INFO] --- maven-resources-plugin:3.2.0:testResources (default-testResources) @ pom-manipulation-core ---
[INFO] Using 'UTF-8' encoding to copy filtered resources.
[INFO] Using 'UTF-8' encoding to copy filtered properties files.
[INFO] Copying 15 resources
[INFO] 
[INFO] --- maven-compiler-plugin:3.8.1:testCompile (default-testCompile) @ pom-manipulation-core ---
[INFO] Changes detected - recompiling the module!
[INFO] Compiling 31 source files to /home/gabsko/breaking-updates/core/target/test-classes
[WARNING] bootstrap class path not set in conjunction with -source 8
[INFO] /home/gabsko/breaking-updates/core/src/test/java/org/commonjava/maven/ext/core/state/EnforcingModeTest.java: Some input files use or override a deprecated API.
[INFO] /home/gabsko/breaking-updates/core/src/test/java/org/commonjava/maven/ext/core/state/EnforcingModeTest.java: Recompile with -Xlint:deprecation for details.
[INFO] 
[INFO] --- maven-surefire-plugin:3.0.0-M5:test (default-test) @ pom-manipulation-core ---
[INFO] 
[INFO] -------------------------------------------------------
[INFO]  T E S T S
[INFO] -------------------------------------------------------
[INFO] Running org.commonjava.maven.ext.core.impl.InitialGroovyManipulatorTest
[INFO] Tests run: 1, Failures: 0, Errors: 0, Skipped: 0, Time elapsed: 4.929 s - in org.commonjava.maven.ext.core.impl.InitialGroovyManipulatorTest
[INFO] Running org.commonjava.maven.ext.core.impl.VersioningCalculatorTest
[INFO] Tests run: 61, Failures: 0, Errors: 0, Skipped: 0, Time elapsed: 1.342 s - in org.commonjava.maven.ext.core.impl.VersioningCalculatorTest
[INFO] Running org.commonjava.maven.ext.core.impl.VersionRangeTest
[INFO] Tests run: 5, Failures: 0, Errors: 0, Skipped: 0, Time elapsed: 0 s - in org.commonjava.maven.ext.core.impl.VersionRangeTest
[INFO] Running org.commonjava.maven.ext.core.impl.VersionTest
[INFO] Tests run: 25, Failures: 0, Errors: 0, Skipped: 0, Time elapsed: 0.001 s - in org.commonjava.maven.ext.core.impl.VersionTest
[INFO] Running org.commonjava.maven.ext.core.impl.XMLManipulatorTest
[INFO] Tests run: 2, Failures: 0, Errors: 0, Skipped: 0, Time elapsed: 0.147 s - in org.commonjava.maven.ext.core.impl.XMLManipulatorTest
[INFO] Running org.commonjava.maven.ext.core.impl.JSONManipulatorTest
[INFO] Tests run: 4, Failures: 0, Errors: 0, Skipped: 0, Time elapsed: 0.142 s - in org.commonjava.maven.ext.core.impl.JSONManipulatorTest
[INFO] Running org.commonjava.maven.ext.core.impl.DistributionEnforcingManipulatorTest
[INFO] Tests run: 12, Failures: 0, Errors: 0, Skipped: 0, Time elapsed: 0.201 s - in org.commonjava.maven.ext.core.impl.DistributionEnforcingManipulatorTest
[INFO] Running org.commonjava.maven.ext.core.impl.ProjectVersionManipulatorTest
[INFO] Tests run: 6, Failures: 0, Errors: 0, Skipped: 0, Time elapsed: 4.115 s - in org.commonjava.maven.ext.core.impl.ProjectVersionManipulatorTest
[INFO] Running org.commonjava.maven.ext.core.state.CommonStateTest
[INFO] Tests run: 5, Failures: 0, Errors: 0, Skipped: 0, Time elapsed: 0 s - in org.commonjava.maven.ext.core.state.CommonStateTest
[INFO] Running org.commonjava.maven.ext.core.state.EnforcingModeTest
[INFO] Tests run: 2, Failures: 0, Errors: 0, Skipped: 0, Time elapsed: 0.001 s - in org.commonjava.maven.ext.core.state.EnforcingModeTest
[INFO] Running org.commonjava.maven.ext.core.state.SuffixStateTest
[INFO] Tests run: 4, Failures: 0, Errors: 0, Skipped: 0, Time elapsed: 0 s - in org.commonjava.maven.ext.core.state.SuffixStateTest
[INFO] Running org.commonjava.maven.ext.core.state.RelocationStateTest
[INFO] Tests run: 8, Failures: 0, Errors: 0, Skipped: 0, Time elapsed: 0 s - in org.commonjava.maven.ext.core.state.RelocationStateTest
[INFO] Running org.commonjava.maven.ext.core.state.VersioningStateTest
[INFO] Tests run: 3, Failures: 0, Errors: 0, Skipped: 0, Time elapsed: 0 s - in org.commonjava.maven.ext.core.state.VersioningStateTest
[INFO] Running org.commonjava.maven.ext.core.util.PomIOTest
[INFO] Tests run: 2, Failures: 0, Errors: 0, Skipped: 0, Time elapsed: 1.339 s - in org.commonjava.maven.ext.core.util.PomIOTest
[INFO] Running org.commonjava.maven.ext.core.util.CheckStrictValueTest
[INFO] Tests run: 27, Failures: 0, Errors: 0, Skipped: 0, Time elapsed: 0.013 s - in org.commonjava.maven.ext.core.util.CheckStrictValueTest
[INFO] Running org.commonjava.maven.ext.core.util.PropertiesUtilsTest
[INFO] Tests run: 22, Failures: 0, Errors: 0, Skipped: 0, Time elapsed: 0.248 s - in org.commonjava.maven.ext.core.util.PropertiesUtilsTest
[INFO] Running org.commonjava.maven.ext.core.util.CheckStrictValueAlternativesTest
[INFO] Tests run: 25, Failures: 0, Errors: 0, Skipped: 0, Time elapsed: 0.006 s - in org.commonjava.maven.ext.core.util.CheckStrictValueAlternativesTest
[INFO] Running org.commonjava.maven.ext.core.util.ResolveArtifactTest
[INFO] Tests run: 1, Failures: 0, Errors: 0, Skipped: 0, Time elapsed: 0.001 s - in org.commonjava.maven.ext.core.util.ResolveArtifactTest
[INFO] Running org.commonjava.maven.ext.core.util.ProfileActivationTest
[INFO] Tests run: 2, Failures: 0, Errors: 0, Skipped: 0, Time elapsed: 1.498 s - in org.commonjava.maven.ext.core.util.ProfileActivationTest
[INFO] Running org.commonjava.maven.ext.core.util.PropertyInterpolatorTest
[INFO] Tests run: 3, Failures: 0, Errors: 0, Skipped: 0, Time elapsed: 0.003 s - in org.commonjava.maven.ext.core.util.PropertyInterpolatorTest
[INFO] Running org.commonjava.maven.ext.core.util.ProjectInheritanceTest
[INFO] Tests run: 7, Failures: 0, Errors: 0, Skipped: 0, Time elapsed: 0.055 s - in org.commonjava.maven.ext.core.util.ProjectInheritanceTest
[INFO] Running org.commonjava.maven.ext.core.util.ProjectComparatorTest
[INFO] Tests run: 5, Failures: 0, Errors: 0, Skipped: 0, Time elapsed: 0.196 s - in org.commonjava.maven.ext.core.util.ProjectComparatorTest
[INFO] Running org.commonjava.maven.ext.core.ManipulationManagerTest
[INFO] Tests run: 3, Failures: 0, Errors: 0, Skipped: 0, Time elapsed: 4.688 s - in org.commonjava.maven.ext.core.ManipulationManagerTest
[INFO] Running org.commonjava.maven.ext.core.groovy.BaseScriptTest
[INFO] Tests run: 5, Failures: 0, Errors: 0, Skipped: 0, Time elapsed: 4.706 s - in org.commonjava.maven.ext.core.groovy.BaseScriptTest
[INFO] Running org.commonjava.maven.ext.core.groovy.GroovyFunctionsTest
[INFO] Tests run: 3, Failures: 0, Errors: 0, Skipped: 0, Time elapsed: 4.09 s - in org.commonjava.maven.ext.core.groovy.GroovyFunctionsTest
[INFO] Running org.commonjava.maven.ext.core.io.ResolverTest
[INFO] Tests run: 1, Failures: 0, Errors: 0, Skipped: 0, Time elapsed: 0.873 s - in org.commonjava.maven.ext.core.io.ResolverTest
[INFO] Running org.commonjava.maven.ext.core.io.ModelResolverTest
[ERROR] OpenJDK 64-Bit Server VM warning: Sharing is only supported for boot loader classes because bootstrap classpath has been appended
[INFO] Tests run: 3, Failures: 0, Errors: 0, Skipped: 0, Time elapsed: 2.479 s - in org.commonjava.maven.ext.core.io.ModelResolverTest
[INFO] 
[INFO] Results:
[INFO] 
[INFO] Tests run: 247, Failures: 0, Errors: 0, Skipped: 0
[INFO] 
[INFO] 
[INFO] -----------< org.commonjava.maven.ext:pom-manipulation-cli >------------
[INFO] Building POM Manipulation CLI for Maven 4.9-SNAPSHOT               [6/9]
[INFO] --------------------------------[ jar ]---------------------------------
[INFO] 
[INFO] --- maven-clean-plugin:3.1.0:clean (default-clean) @ pom-manipulation-cli ---
[INFO] Deleting /home/gabsko/breaking-updates/cli/target
[INFO] 
[INFO] --- buildnumber-maven-plugin:1.4:create (buildnumber) @ pom-manipulation-cli ---
[INFO] 
[INFO] --- maven-enforcer-plugin:3.0.0-M3:enforce (enforce-versions) @ pom-manipulation-cli ---
[INFO] 
[INFO] --- maven-enforcer-plugin:3.0.0-M3:enforce (avoid-trip-hazards) @ pom-manipulation-cli ---
[INFO] 
[INFO] --- maven-enforcer-plugin:3.0.0-M3:enforce (enforce-best-practices) @ pom-manipulation-cli ---
[INFO] 
[INFO] --- jacoco-maven-plugin:0.8.8:prepare-agent (jacoco-prepare-agent) @ pom-manipulation-cli ---
[INFO] argLine set to -javaagent:/home/gabsko/.m2/repository/org/jacoco/org.jacoco.agent/0.8.8/org.jacoco.agent-0.8.8-runtime.jar=destfile=/home/gabsko/breaking-updates/cli/target/jacoco.exec
[INFO] 
[INFO] --- lombok-maven-plugin:1.18.20.0:delombok (delombok) @ pom-manipulation-cli ---
[INFO] Delombok complete.
[INFO] 
[INFO] --- maven-resources-plugin:3.2.0:resources (default-resources) @ pom-manipulation-cli ---
[INFO] Using 'UTF-8' encoding to copy filtered resources.
[INFO] Using 'UTF-8' encoding to copy filtered properties files.
[INFO] Copying 1 resource
[INFO] 
[INFO] --- maven-compiler-plugin:3.8.1:compile (default-compile) @ pom-manipulation-cli ---
[INFO] Changes detected - recompiling the module!
[INFO] Compiling 2 source files to /home/gabsko/breaking-updates/cli/target/classes
[WARNING] bootstrap class path not set in conjunction with -source 8
[INFO] 
[INFO] --- maven-enforcer-plugin:3.0.0-M3:enforce (enforce-commonjava-standards) @ pom-manipulation-cli ---
[INFO] 
[INFO] --- animal-sniffer-maven-plugin:1.20:check (check-java-api) @ pom-manipulation-cli ---
[INFO] Checking unresolved references to org.codehaus.mojo.signature:java18:1.0
[INFO] 
[INFO] --- maven-resources-plugin:3.2.0:testResources (default-testResources) @ pom-manipulation-cli ---
[INFO] Using 'UTF-8' encoding to copy filtered resources.
[INFO] Using 'UTF-8' encoding to copy filtered properties files.
[INFO] Copying 4 resources
[INFO] 
[INFO] --- maven-compiler-plugin:3.8.1:testCompile (default-testCompile) @ pom-manipulation-cli ---
[INFO] Changes detected - recompiling the module!
[INFO] Compiling 2 source files to /home/gabsko/breaking-updates/cli/target/test-classes
[WARNING] bootstrap class path not set in conjunction with -source 8
[INFO] 
[INFO] --- maven-surefire-plugin:3.0.0-M5:test (default-test) @ pom-manipulation-cli ---
[INFO] 
[INFO] -------------------------------------------------------
[INFO]  T E S T S
[INFO] -------------------------------------------------------
[INFO] Running org.commonjava.maven.ext.cli.CliLoggingTest
[ERROR] OpenJDK 64-Bit Server VM warning: Sharing is only supported for boot loader classes because bootstrap classpath has been appended
[INFO] Tests run: 6, Failures: 0, Errors: 0, Skipped: 0, Time elapsed: 9.955 s - in org.commonjava.maven.ext.cli.CliLoggingTest
[INFO] Running org.commonjava.maven.ext.cli.CliTest
[INFO] Tests run: 19, Failures: 0, Errors: 0, Skipped: 0, Time elapsed: 12.296 s - in org.commonjava.maven.ext.cli.CliTest
[INFO] 
[INFO] Results:
[INFO] 
[INFO] Tests run: 25, Failures: 0, Errors: 0, Skipped: 0
[INFO] 
[INFO] 
[INFO] -----------< org.commonjava.maven.ext:pom-manipulation-ext >------------
[INFO] Building POM Manipulation for Maven Extension 4.9-SNAPSHOT         [7/9]
[INFO] --------------------------------[ jar ]---------------------------------
[INFO] 
[INFO] --- maven-clean-plugin:3.1.0:clean (default-clean) @ pom-manipulation-ext ---
[INFO] Deleting /home/gabsko/breaking-updates/ext/target
[INFO] 
[INFO] --- buildnumber-maven-plugin:1.4:create (buildnumber) @ pom-manipulation-ext ---
[INFO] 
[INFO] --- maven-enforcer-plugin:3.0.0-M3:enforce (enforce-versions) @ pom-manipulation-ext ---
[INFO] 
[INFO] --- maven-enforcer-plugin:3.0.0-M3:enforce (avoid-trip-hazards) @ pom-manipulation-ext ---
[INFO] 
[INFO] --- maven-enforcer-plugin:3.0.0-M3:enforce (enforce-best-practices) @ pom-manipulation-ext ---
[INFO] 
[INFO] --- jacoco-maven-plugin:0.8.8:prepare-agent (jacoco-prepare-agent) @ pom-manipulation-ext ---
[INFO] argLine set to -javaagent:/home/gabsko/.m2/repository/org/jacoco/org.jacoco.agent/0.8.8/org.jacoco.agent-0.8.8-runtime.jar=destfile=/home/gabsko/breaking-updates/ext/target/jacoco.exec
[INFO] 
[INFO] --- lombok-maven-plugin:1.18.20.0:delombok (delombok) @ pom-manipulation-ext ---
[INFO] Delombok complete.
[INFO] 
[INFO] --- maven-resources-plugin:3.2.0:resources (default-resources) @ pom-manipulation-ext ---
[INFO] Using 'UTF-8' encoding to copy filtered resources.
[INFO] Using 'UTF-8' encoding to copy filtered properties files.
[INFO] skip non existing resourceDirectory /home/gabsko/breaking-updates/ext/src/main/resources
[INFO] 
[INFO] --- maven-compiler-plugin:3.8.1:compile (default-compile) @ pom-manipulation-ext ---
[INFO] Changes detected - recompiling the module!
[INFO] Compiling 2 source files to /home/gabsko/breaking-updates/ext/target/classes
[WARNING] bootstrap class path not set in conjunction with -source 8
[INFO] 
[INFO] --- maven-enforcer-plugin:3.0.0-M3:enforce (enforce-commonjava-standards) @ pom-manipulation-ext ---
[INFO] 
[INFO] --- animal-sniffer-maven-plugin:1.20:check (check-java-api) @ pom-manipulation-ext ---
[INFO] Checking unresolved references to org.codehaus.mojo.signature:java18:1.0
[INFO] 
[INFO] --- sisu-maven-plugin:0.3.4:main-index (generate-index) @ pom-manipulation-ext ---
[INFO] 
[INFO] --- maven-resources-plugin:3.2.0:testResources (default-testResources) @ pom-manipulation-ext ---
[INFO] Using 'UTF-8' encoding to copy filtered resources.
[INFO] Using 'UTF-8' encoding to copy filtered properties files.
[INFO] skip non existing resourceDirectory /home/gabsko/breaking-updates/ext/src/test/resources
[INFO] 
[INFO] --- maven-compiler-plugin:3.8.1:testCompile (default-testCompile) @ pom-manipulation-ext ---
[INFO] No sources to compile
[INFO] 
[INFO] --- maven-surefire-plugin:3.0.0-M5:test (default-test) @ pom-manipulation-ext ---
[INFO] No tests to run.
[INFO] 
[INFO] -----< org.commonjava.maven.ext:pom-manipulation-integration-test >-----
[INFO] Building POM Manipulation Integration Tests 4.9-SNAPSHOT           [8/9]
[INFO] --------------------------------[ jar ]---------------------------------
[INFO] 
[INFO] --- maven-clean-plugin:3.1.0:clean (default-clean) @ pom-manipulation-integration-test ---
[INFO] Deleting /home/gabsko/breaking-updates/integration-test/target
[INFO] 
[INFO] --- buildnumber-maven-plugin:1.4:create (buildnumber) @ pom-manipulation-integration-test ---
[INFO] 
[INFO] --- maven-enforcer-plugin:3.0.0-M3:enforce (enforce-versions) @ pom-manipulation-integration-test ---
[INFO] 
[INFO] --- maven-enforcer-plugin:3.0.0-M3:enforce (avoid-trip-hazards) @ pom-manipulation-integration-test ---
[INFO] 
[INFO] --- maven-enforcer-plugin:3.0.0-M3:enforce (enforce-best-practices) @ pom-manipulation-integration-test ---
[INFO] 
[INFO] --- jacoco-maven-plugin:0.8.8:prepare-agent (jacoco-prepare-agent) @ pom-manipulation-integration-test ---
[INFO] argLine set to -javaagent:/home/gabsko/.m2/repository/org/jacoco/org.jacoco.agent/0.8.8/org.jacoco.agent-0.8.8-runtime.jar=destfile=/home/gabsko/breaking-updates/integration-test/target/jacoco.exec
[INFO] 
[INFO] --- lombok-maven-plugin:1.18.20.0:delombok (delombok) @ pom-manipulation-integration-test ---
[INFO] Delombok complete.
[INFO] 
[INFO] --- maven-resources-plugin:3.2.0:resources (default-resources) @ pom-manipulation-integration-test ---
[INFO] Using 'UTF-8' encoding to copy filtered resources.
[INFO] Using 'UTF-8' encoding to copy filtered properties files.
[INFO] skip non existing resourceDirectory /home/gabsko/breaking-updates/integration-test/src/main/resources
[INFO] 
[INFO] --- maven-compiler-plugin:3.8.1:compile (default-compile) @ pom-manipulation-integration-test ---
[INFO] Changes detected - recompiling the module!
[INFO] Compiling 5 source files to /home/gabsko/breaking-updates/integration-test/target/classes
[WARNING] bootstrap class path not set in conjunction with -source 8
[INFO] 
[INFO] --- maven-enforcer-plugin:3.0.0-M3:enforce (enforce-commonjava-standards) @ pom-manipulation-integration-test ---
[INFO] 
[INFO] --- animal-sniffer-maven-plugin:1.20:check (check-java-api) @ pom-manipulation-integration-test ---
[INFO] Checking unresolved references to org.codehaus.mojo.signature:java18:1.0
[INFO] 
[INFO] --- maven-resources-plugin:3.2.0:testResources (default-testResources) @ pom-manipulation-integration-test ---
[INFO] Using 'UTF-8' encoding to copy filtered resources.
[INFO] Using 'UTF-8' encoding to copy filtered properties files.
[INFO] Copying 1 resource
[INFO] 
[INFO] --- maven-compiler-plugin:3.8.1:testCompile (default-testCompile) @ pom-manipulation-integration-test ---
[INFO] Changes detected - recompiling the module!
[INFO] Compiling 6 source files to /home/gabsko/breaking-updates/integration-test/target/test-classes
[WARNING] bootstrap class path not set in conjunction with -source 8
[INFO] 
[INFO] --- maven-surefire-plugin:3.0.0-M5:test (default-test) @ pom-manipulation-integration-test ---
[INFO] Tests are skipped.
[INFO] 
[INFO] ---------< org.commonjava.maven.ext:pom-manipulation-coverage >---------
[INFO] Building POM Manipulation Extension for Maven Coverage Module 4.9-SNAPSHOT [9/9]
[INFO] --------------------------------[ pom ]---------------------------------
[INFO] 
[INFO] --- maven-clean-plugin:3.1.0:clean (default-clean) @ pom-manipulation-coverage ---
[INFO] 
[INFO] --- buildnumber-maven-plugin:1.4:create (buildnumber) @ pom-manipulation-coverage ---
[INFO] 
[INFO] --- maven-enforcer-plugin:3.0.0-M3:enforce (enforce-versions) @ pom-manipulation-coverage ---
[INFO] 
[INFO] --- maven-enforcer-plugin:3.0.0-M3:enforce (avoid-trip-hazards) @ pom-manipulation-coverage ---
[INFO] 
[INFO] --- maven-enforcer-plugin:3.0.0-M3:enforce (enforce-best-practices) @ pom-manipulation-coverage ---
[INFO] 
[INFO] --- jacoco-maven-plugin:0.8.8:prepare-agent (jacoco-prepare-agent) @ pom-manipulation-coverage ---
[INFO] argLine set to -javaagent:/home/gabsko/.m2/repository/org/jacoco/org.jacoco.agent/0.8.8/org.jacoco.agent-0.8.8-runtime.jar=destfile=/home/gabsko/breaking-updates/coverage-reporting/target/jacoco.exec,excludes=org/commonjava/maven/ext/integrationtest/invoker/**/*.class:org/commonjava/maven/ext/integrationtest/TestUtils*.class
[INFO] 
[INFO] --- lombok-maven-plugin:1.18.20.0:delombok (delombok) @ pom-manipulation-coverage ---
[WARNING] Skipping Delombok; no source to process.
[INFO] 
[INFO] --- maven-enforcer-plugin:3.0.0-M3:enforce (enforce-commonjava-standards) @ pom-manipulation-coverage ---
[INFO] 
[INFO] --- animal-sniffer-maven-plugin:1.20:check (check-java-api) @ pom-manipulation-coverage ---
[INFO] Checking unresolved references to org.codehaus.mojo.signature:java18:1.0
[INFO] ------------------------------------------------------------------------
[INFO] Reactor Summary for POM Manipulation Extension for Maven 4.9-SNAPSHOT:
[INFO] 
[INFO] POM Manipulation Extension for Maven ............... SUCCESS [  1.018 s]
[INFO] POM Manipulation Extension for Maven Annotation Processor SUCCESS [  1.331 s]
[INFO] POM Manipulation Extension for Maven Common Components SUCCESS [  4.954 s]
[INFO] POM Manipulation Extension for Maven IO Library .... SUCCESS [ 33.107 s]
[INFO] POM Manipulation Extension for Maven Core Library .. SUCCESS [ 36.254 s]
[INFO] POM Manipulation CLI for Maven ..................... SUCCESS [ 24.660 s]
[INFO] POM Manipulation for Maven Extension ............... SUCCESS [  1.275 s]
[INFO] POM Manipulation Integration Tests ................. SUCCESS [  1.353 s]
[INFO] POM Manipulation Extension for Maven Coverage Module SUCCESS [  0.951 s]
[INFO] ------------------------------------------------------------------------
[INFO] BUILD SUCCESS
[INFO] ------------------------------------------------------------------------
[INFO] Total time:  01:45 min
[INFO] Finished at: 2023-01-13T22:05:59Z
[INFO] ------------------------------------------------------------------------
