[INFO] Scanning for projects...
[WARNING] 
[WARNING] Some problems were encountered while building the effective model for com.github.docker-java:docker-java-transport-zerodep:jar:0-SNAPSHOT
[WARNING] 'build.plugins.plugin.version' for org.apache.maven.plugins:maven-shade-plugin is missing. @ line 48, column 12
[WARNING] 
[WARNING] It is highly recommended to fix these problems because they threaten the stability of your build.
[WARNING] 
[WARNING] For this reason, future Maven versions might no longer support building such malformed projects.
[WARNING] 
[INFO] ------------------------------------------------------------------------
[INFO] Reactor Build Order:
[INFO] 
[INFO] docker-java-parent                                                 [pom]
[INFO] docker-java-api                                                    [jar]
[INFO] docker-java-transport                                              [jar]
[INFO] docker-java-core                                                   [jar]
[INFO] docker-java-transport-netty                                        [jar]
[INFO] docker-java-transport-jersey                                       [jar]
[INFO] docker-java-transport-okhttp                                       [jar]
[INFO] docker-java-transport-httpclient5                                  [jar]
[INFO] docker-java-transport-zerodep                                      [jar]
[INFO] docker-java                                                        [jar]
[INFO] 
[INFO] -------------< com.github.docker-java:docker-java-parent >--------------
[INFO] Building docker-java-parent 0-SNAPSHOT                            [1/10]
[INFO] --------------------------------[ pom ]---------------------------------
[INFO] 
[INFO] --- maven-clean-plugin:3.1.0:clean (default-clean) @ docker-java-parent ---
[INFO] Deleting /home/gabsko/breaking-updates/target
[INFO] 
[INFO] --- maven-checkstyle-plugin:2.17:check (checkstyle) @ docker-java-parent ---
[INFO] 
[INFO] ---------------< com.github.docker-java:docker-java-api >---------------
[INFO] Building docker-java-api 0-SNAPSHOT                               [2/10]
[INFO] --------------------------------[ jar ]---------------------------------
[INFO] 
[INFO] --- maven-clean-plugin:3.1.0:clean (default-clean) @ docker-java-api ---
[INFO] Deleting /home/gabsko/breaking-updates/docker-java-api/target
[INFO] 
[INFO] --- maven-checkstyle-plugin:2.17:check (checkstyle) @ docker-java-api ---
[INFO] 
[INFO] --- maven-resources-plugin:3.1.0:resources (default-resources) @ docker-java-api ---
[INFO] Using 'UTF-8' encoding to copy filtered resources.
[INFO] skip non existing resourceDirectory /home/gabsko/breaking-updates/docker-java-api/src/main/resources
[INFO] 
[INFO] --- maven-compiler-plugin:3.8.1:compile (default-compile) @ docker-java-api ---
[INFO] Changes detected - recompiling the module!
[INFO] Compiling 283 source files to /home/gabsko/breaking-updates/docker-java-api/target/classes
[INFO] /home/gabsko/breaking-updates/docker-java-api/src/main/java/com/github/dockerjava/api/command/InspectContainerResponse.java: Some input files use or override a deprecated API.
[INFO] /home/gabsko/breaking-updates/docker-java-api/src/main/java/com/github/dockerjava/api/command/InspectContainerResponse.java: Recompile with -Xlint:deprecation for details.
[INFO] 
[INFO] --- maven-resources-plugin:3.1.0:testResources (default-testResources) @ docker-java-api ---
[INFO] Using 'UTF-8' encoding to copy filtered resources.
[INFO] skip non existing resourceDirectory /home/gabsko/breaking-updates/docker-java-api/src/test/resources
[INFO] 
[INFO] --- maven-compiler-plugin:3.8.1:testCompile (default-testCompile) @ docker-java-api ---
[INFO] Changes detected - recompiling the module!
[INFO] Compiling 1 source file to /home/gabsko/breaking-updates/docker-java-api/target/test-classes
[INFO] 
[INFO] --- maven-surefire-plugin:3.0.0-M4:test (default-test) @ docker-java-api ---
[INFO] 
[INFO] -------------------------------------------------------
[INFO]  T E S T S
[INFO] -------------------------------------------------------
SLF4J: Failed to load class "org.slf4j.impl.StaticLoggerBinder".
SLF4J: Defaulting to no-operation (NOP) logger implementation
SLF4J: See http://www.slf4j.org/codes.html#StaticLoggerBinder for further details.
[INFO] Running com.github.dockerjava.api.model.DockerObjectArchTest
[INFO] Tests run: 1, Failures: 0, Errors: 0, Skipped: 0, Time elapsed: 0.847 s - in com.github.dockerjava.api.model.DockerObjectArchTest
[INFO] 
[INFO] Results:
[INFO] 
[INFO] Tests run: 1, Failures: 0, Errors: 0, Skipped: 0
[INFO] 
[INFO] 
[INFO] ------------< com.github.docker-java:docker-java-transport >------------
[INFO] Building docker-java-transport 0-SNAPSHOT                         [3/10]
[INFO] --------------------------------[ jar ]---------------------------------
[INFO] 
[INFO] --- maven-clean-plugin:3.1.0:clean (default-clean) @ docker-java-transport ---
[INFO] Deleting /home/gabsko/breaking-updates/docker-java-transport/target
[INFO] 
[INFO] --- maven-checkstyle-plugin:2.17:check (checkstyle) @ docker-java-transport ---
[INFO] 
[INFO] --- maven-resources-plugin:3.1.0:resources (default-resources) @ docker-java-transport ---
[INFO] Using 'UTF-8' encoding to copy filtered resources.
[INFO] skip non existing resourceDirectory /home/gabsko/breaking-updates/docker-java-transport/src/main/resources
[INFO] 
[INFO] --- maven-compiler-plugin:3.8.1:compile (default-compile) @ docker-java-transport ---
[INFO] Changes detected - recompiling the module!
[INFO] Compiling 8 source files to /home/gabsko/breaking-updates/docker-java-transport/target/classes
[INFO] /home/gabsko/breaking-updates/docker-java-transport/src/main/java/com/github/dockerjava/transport/FileDescriptor.java: /home/gabsko/breaking-updates/docker-java-transport/src/main/java/com/github/dockerjava/transport/FileDescriptor.java uses or overrides a deprecated API.
[INFO] /home/gabsko/breaking-updates/docker-java-transport/src/main/java/com/github/dockerjava/transport/FileDescriptor.java: Recompile with -Xlint:deprecation for details.
[INFO] 
[INFO] --- maven-resources-plugin:3.1.0:testResources (default-testResources) @ docker-java-transport ---
[INFO] Using 'UTF-8' encoding to copy filtered resources.
[INFO] skip non existing resourceDirectory /home/gabsko/breaking-updates/docker-java-transport/src/test/resources
[INFO] 
[INFO] --- maven-compiler-plugin:3.8.1:testCompile (default-testCompile) @ docker-java-transport ---
[INFO] No sources to compile
[INFO] 
[INFO] --- maven-surefire-plugin:3.0.0-M4:test (default-test) @ docker-java-transport ---
[INFO] No tests to run.
[INFO] 
[INFO] --------------< com.github.docker-java:docker-java-core >---------------
[INFO] Building docker-java-core 0-SNAPSHOT                              [4/10]
[INFO] --------------------------------[ jar ]---------------------------------
[INFO] 
[INFO] --- maven-clean-plugin:3.1.0:clean (default-clean) @ docker-java-core ---
[INFO] Deleting /home/gabsko/breaking-updates/docker-java-core/target
[INFO] 
[INFO] --- maven-checkstyle-plugin:2.17:check (checkstyle) @ docker-java-core ---
[INFO] 
[INFO] --- maven-resources-plugin:3.1.0:resources (default-resources) @ docker-java-core ---
[INFO] Using 'UTF-8' encoding to copy filtered resources.
[INFO] skip non existing resourceDirectory /home/gabsko/breaking-updates/docker-java-core/src/main/resources
[INFO] 
[INFO] --- maven-compiler-plugin:3.8.1:compile (default-compile) @ docker-java-core ---
[INFO] Changes detected - recompiling the module!
[INFO] Compiling 206 source files to /home/gabsko/breaking-updates/docker-java-core/target/classes
[INFO] /home/gabsko/breaking-updates/docker-java-core/src/main/java/com/github/dockerjava/core/InvocationBuilder.java: Some input files use or override a deprecated API.
[INFO] /home/gabsko/breaking-updates/docker-java-core/src/main/java/com/github/dockerjava/core/InvocationBuilder.java: Recompile with -Xlint:deprecation for details.
[INFO] /home/gabsko/breaking-updates/docker-java-core/src/main/java/com/github/dockerjava/core/command/AbstrAsyncDockerCmd.java: Some input files use unchecked or unsafe operations.
[INFO] /home/gabsko/breaking-updates/docker-java-core/src/main/java/com/github/dockerjava/core/command/AbstrAsyncDockerCmd.java: Recompile with -Xlint:unchecked for details.
[INFO] 
[INFO] --- maven-resources-plugin:3.1.0:testResources (default-testResources) @ docker-java-core ---
[INFO] Using 'UTF-8' encoding to copy filtered resources.
[INFO] skip non existing resourceDirectory /home/gabsko/breaking-updates/docker-java-core/src/test/resources
[INFO] 
[INFO] --- maven-compiler-plugin:3.8.1:testCompile (default-testCompile) @ docker-java-core ---
[INFO] No sources to compile
[INFO] 
[INFO] --- maven-surefire-plugin:3.0.0-M4:test (default-test) @ docker-java-core ---
[INFO] No tests to run.
[INFO] 
[INFO] ---------< com.github.docker-java:docker-java-transport-netty >---------
[INFO] Building docker-java-transport-netty 0-SNAPSHOT                   [5/10]
[INFO] --------------------------------[ jar ]---------------------------------
[INFO] 
[INFO] --- maven-clean-plugin:3.1.0:clean (default-clean) @ docker-java-transport-netty ---
[INFO] Deleting /home/gabsko/breaking-updates/docker-java-transport-netty/target
[INFO] 
[INFO] --- maven-checkstyle-plugin:2.17:check (checkstyle) @ docker-java-transport-netty ---
[INFO] 
[INFO] --- maven-resources-plugin:3.1.0:resources (default-resources) @ docker-java-transport-netty ---
[INFO] Using 'UTF-8' encoding to copy filtered resources.
[INFO] skip non existing resourceDirectory /home/gabsko/breaking-updates/docker-java-transport-netty/src/main/resources
[INFO] 
[INFO] --- maven-compiler-plugin:3.8.1:compile (default-compile) @ docker-java-transport-netty ---
[INFO] Changes detected - recompiling the module!
[INFO] Compiling 11 source files to /home/gabsko/breaking-updates/docker-java-transport-netty/target/classes
[INFO] /home/gabsko/breaking-updates/docker-java-transport-netty/src/main/java/com/github/dockerjava/netty/NettyInvocationBuilder.java: Some input files use or override a deprecated API.
[INFO] /home/gabsko/breaking-updates/docker-java-transport-netty/src/main/java/com/github/dockerjava/netty/NettyInvocationBuilder.java: Recompile with -Xlint:deprecation for details.
[INFO] 
[INFO] --- maven-resources-plugin:3.1.0:testResources (default-testResources) @ docker-java-transport-netty ---
[INFO] Using 'UTF-8' encoding to copy filtered resources.
[INFO] skip non existing resourceDirectory /home/gabsko/breaking-updates/docker-java-transport-netty/src/test/resources
[INFO] 
[INFO] --- maven-compiler-plugin:3.8.1:testCompile (default-testCompile) @ docker-java-transport-netty ---
[INFO] No sources to compile
[INFO] 
[INFO] --- maven-surefire-plugin:3.0.0-M4:test (default-test) @ docker-java-transport-netty ---
[INFO] No tests to run.
[INFO] 
[INFO] --------< com.github.docker-java:docker-java-transport-jersey >---------
[INFO] Building docker-java-transport-jersey 0-SNAPSHOT                  [6/10]
[INFO] --------------------------------[ jar ]---------------------------------
[INFO] 
[INFO] --- maven-clean-plugin:3.1.0:clean (default-clean) @ docker-java-transport-jersey ---
[INFO] Deleting /home/gabsko/breaking-updates/docker-java-transport-jersey/target
[INFO] 
[INFO] --- maven-checkstyle-plugin:2.17:check (checkstyle) @ docker-java-transport-jersey ---
[INFO] 
[INFO] --- maven-resources-plugin:3.1.0:resources (default-resources) @ docker-java-transport-jersey ---
[INFO] Using 'UTF-8' encoding to copy filtered resources.
[INFO] skip non existing resourceDirectory /home/gabsko/breaking-updates/docker-java-transport-jersey/src/main/resources
[INFO] 
[INFO] --- maven-compiler-plugin:3.8.1:compile (default-compile) @ docker-java-transport-jersey ---
[INFO] Changes detected - recompiling the module!
[INFO] Compiling 10 source files to /home/gabsko/breaking-updates/docker-java-transport-jersey/target/classes
[INFO] /home/gabsko/breaking-updates/docker-java-transport-jersey/src/main/java/com/github/dockerjava/jaxrs/JerseyDockerHttpClient.java: /home/gabsko/breaking-updates/docker-java-transport-jersey/src/main/java/com/github/dockerjava/jaxrs/JerseyDockerHttpClient.java uses or overrides a deprecated API.
[INFO] /home/gabsko/breaking-updates/docker-java-transport-jersey/src/main/java/com/github/dockerjava/jaxrs/JerseyDockerHttpClient.java: Recompile with -Xlint:deprecation for details.
[INFO] 
[INFO] --- maven-resources-plugin:3.1.0:testResources (default-testResources) @ docker-java-transport-jersey ---
[INFO] Using 'UTF-8' encoding to copy filtered resources.
[INFO] skip non existing resourceDirectory /home/gabsko/breaking-updates/docker-java-transport-jersey/src/test/resources
[INFO] 
[INFO] --- maven-compiler-plugin:3.8.1:testCompile (default-testCompile) @ docker-java-transport-jersey ---
[INFO] No sources to compile
[INFO] 
[INFO] --- maven-surefire-plugin:3.0.0-M4:test (default-test) @ docker-java-transport-jersey ---
[INFO] No tests to run.
[INFO] 
[INFO] --------< com.github.docker-java:docker-java-transport-okhttp >---------
[INFO] Building docker-java-transport-okhttp 0-SNAPSHOT                  [7/10]
[INFO] --------------------------------[ jar ]---------------------------------
[INFO] 
[INFO] --- maven-clean-plugin:3.1.0:clean (default-clean) @ docker-java-transport-okhttp ---
[INFO] Deleting /home/gabsko/breaking-updates/docker-java-transport-okhttp/target
[INFO] 
[INFO] --- maven-checkstyle-plugin:2.17:check (checkstyle) @ docker-java-transport-okhttp ---
[INFO] 
[INFO] --- maven-resources-plugin:3.1.0:resources (default-resources) @ docker-java-transport-okhttp ---
[INFO] Using 'UTF-8' encoding to copy filtered resources.
[INFO] skip non existing resourceDirectory /home/gabsko/breaking-updates/docker-java-transport-okhttp/src/main/resources
[INFO] 
[INFO] --- maven-compiler-plugin:3.8.1:compile (default-compile) @ docker-java-transport-okhttp ---
[INFO] Changes detected - recompiling the module!
[INFO] Compiling 5 source files to /home/gabsko/breaking-updates/docker-java-transport-okhttp/target/classes
[INFO] 
[INFO] --- maven-resources-plugin:3.1.0:testResources (default-testResources) @ docker-java-transport-okhttp ---
[INFO] Using 'UTF-8' encoding to copy filtered resources.
[INFO] skip non existing resourceDirectory /home/gabsko/breaking-updates/docker-java-transport-okhttp/src/test/resources
[INFO] 
[INFO] --- maven-compiler-plugin:3.8.1:testCompile (default-testCompile) @ docker-java-transport-okhttp ---
[INFO] No sources to compile
[INFO] 
[INFO] --- maven-surefire-plugin:3.0.0-M4:test (default-test) @ docker-java-transport-okhttp ---
[INFO] No tests to run.
[INFO] 
[INFO] ------< com.github.docker-java:docker-java-transport-httpclient5 >------
[INFO] Building docker-java-transport-httpclient5 0-SNAPSHOT             [8/10]
[INFO] --------------------------------[ jar ]---------------------------------
[INFO] 
[INFO] --- maven-clean-plugin:3.1.0:clean (default-clean) @ docker-java-transport-httpclient5 ---
[INFO] Deleting /home/gabsko/breaking-updates/docker-java-transport-httpclient5/target
[INFO] 
[INFO] --- maven-checkstyle-plugin:2.17:check (checkstyle) @ docker-java-transport-httpclient5 ---
[INFO] 
[INFO] --- maven-resources-plugin:3.1.0:resources (default-resources) @ docker-java-transport-httpclient5 ---
[INFO] Using 'UTF-8' encoding to copy filtered resources.
[INFO] skip non existing resourceDirectory /home/gabsko/breaking-updates/docker-java-transport-httpclient5/src/main/resources
[INFO] 
[INFO] --- maven-compiler-plugin:3.8.1:compile (default-compile) @ docker-java-transport-httpclient5 ---
[INFO] Changes detected - recompiling the module!
[INFO] Compiling 3 source files to /home/gabsko/breaking-updates/docker-java-transport-httpclient5/target/classes
[INFO] 
[INFO] --- maven-resources-plugin:3.1.0:testResources (default-testResources) @ docker-java-transport-httpclient5 ---
[INFO] Using 'UTF-8' encoding to copy filtered resources.
[INFO] skip non existing resourceDirectory /home/gabsko/breaking-updates/docker-java-transport-httpclient5/src/test/resources
[INFO] 
[INFO] --- maven-compiler-plugin:3.8.1:testCompile (default-testCompile) @ docker-java-transport-httpclient5 ---
[INFO] No sources to compile
[INFO] 
[INFO] --- maven-surefire-plugin:3.0.0-M4:test (default-test) @ docker-java-transport-httpclient5 ---
[INFO] No tests to run.
[INFO] 
[INFO] --------< com.github.docker-java:docker-java-transport-zerodep >--------
[INFO] Building docker-java-transport-zerodep 0-SNAPSHOT                 [9/10]
[INFO] --------------------------------[ jar ]---------------------------------
[INFO] 
[INFO] --- maven-clean-plugin:3.1.0:clean (default-clean) @ docker-java-transport-zerodep ---
[INFO] Deleting /home/gabsko/breaking-updates/docker-java-transport-zerodep/target
[INFO] 
[INFO] --- maven-checkstyle-plugin:2.17:check (checkstyle) @ docker-java-transport-zerodep ---
[INFO] 
[INFO] --- maven-resources-plugin:3.1.0:resources (default-resources) @ docker-java-transport-zerodep ---
[INFO] Using 'UTF-8' encoding to copy filtered resources.
[INFO] skip non existing resourceDirectory /home/gabsko/breaking-updates/docker-java-transport-zerodep/src/main/resources
[INFO] 
[INFO] --- maven-compiler-plugin:3.8.1:compile (default-compile) @ docker-java-transport-zerodep ---
[INFO] Changes detected - recompiling the module!
[INFO] Compiling 1 source file to /home/gabsko/breaking-updates/docker-java-transport-zerodep/target/classes
[INFO] 
[INFO] --- maven-resources-plugin:3.1.0:testResources (default-testResources) @ docker-java-transport-zerodep ---
[INFO] Using 'UTF-8' encoding to copy filtered resources.
[INFO] skip non existing resourceDirectory /home/gabsko/breaking-updates/docker-java-transport-zerodep/src/test/resources
[INFO] 
[INFO] --- maven-compiler-plugin:3.8.1:testCompile (default-testCompile) @ docker-java-transport-zerodep ---
[INFO] No sources to compile
[INFO] 
[INFO] --- maven-surefire-plugin:3.0.0-M4:test (default-test) @ docker-java-transport-zerodep ---
[INFO] No tests to run.
[INFO] 
[INFO] -----------------< com.github.docker-java:docker-java >-----------------
[INFO] Building docker-java 0-SNAPSHOT                                  [10/10]
[INFO] --------------------------------[ jar ]---------------------------------
[INFO] 
[INFO] --- maven-clean-plugin:3.1.0:clean (default-clean) @ docker-java ---
[INFO] Deleting /home/gabsko/breaking-updates/docker-java/target
[INFO] 
[INFO] --- maven-checkstyle-plugin:2.17:check (checkstyle) @ docker-java ---
[INFO] 
[INFO] --- maven-resources-plugin:3.1.0:resources (default-resources) @ docker-java ---
[INFO] Using 'UTF-8' encoding to copy filtered resources.
[INFO] skip non existing resourceDirectory /home/gabsko/breaking-updates/docker-java/src/main/resources
[INFO] 
[INFO] --- maven-compiler-plugin:3.8.1:compile (default-compile) @ docker-java ---
[INFO] Changes detected - recompiling the module!
[INFO] Compiling 1 source file to /home/gabsko/breaking-updates/docker-java/target/classes
[INFO] /home/gabsko/breaking-updates/docker-java/src/main/java/com/github/dockerjava/core/DockerClientBuilder.java: /home/gabsko/breaking-updates/docker-java/src/main/java/com/github/dockerjava/core/DockerClientBuilder.java uses or overrides a deprecated API.
[INFO] /home/gabsko/breaking-updates/docker-java/src/main/java/com/github/dockerjava/core/DockerClientBuilder.java: Recompile with -Xlint:deprecation for details.
[INFO] 
[INFO] --- maven-resources-plugin:3.1.0:testResources (default-testResources) @ docker-java ---
[INFO] Using 'UTF-8' encoding to copy filtered resources.
[INFO] Copying 146 resources
[INFO] 
[INFO] --- maven-compiler-plugin:3.8.1:testCompile (default-testCompile) @ docker-java ---
[INFO] Changes detected - recompiling the module!
[INFO] Compiling 150 source files to /home/gabsko/breaking-updates/docker-java/target/test-classes
[INFO] /home/gabsko/breaking-updates/docker-java/src/test/java/com/github/dockerjava/cmd/ExecStartCmdIT.java: Some input files use or override a deprecated API.
[INFO] /home/gabsko/breaking-updates/docker-java/src/test/java/com/github/dockerjava/cmd/ExecStartCmdIT.java: Recompile with -Xlint:deprecation for details.
[INFO] /home/gabsko/breaking-updates/docker-java/src/test/java/com/github/dockerjava/core/dockerfile/DockerfileStatementAddTest.java: Some input files use unchecked or unsafe operations.
[INFO] /home/gabsko/breaking-updates/docker-java/src/test/java/com/github/dockerjava/core/dockerfile/DockerfileStatementAddTest.java: Recompile with -Xlint:unchecked for details.
[INFO] 
[INFO] --- maven-surefire-plugin:3.0.0-M4:test (default-test) @ docker-java ---
[INFO] 
[INFO] -------------------------------------------------------
[INFO]  T E S T S
[INFO] -------------------------------------------------------
[INFO] Running com.github.dockerjava.core.NameParserTest
[INFO] Tests run: 19, Failures: 0, Errors: 0, Skipped: 0, Time elapsed: 0.014 s - in com.github.dockerjava.core.NameParserTest
[INFO] Running com.github.dockerjava.core.DockerConfigFileTest
[INFO] Tests run: 12, Failures: 0, Errors: 0, Skipped: 0, Time elapsed: 0.163 s - in com.github.dockerjava.core.DockerConfigFileTest
[INFO] Running com.github.dockerjava.core.DefaultDockerClientConfigTest
[INFO] Tests run: 16, Failures: 0, Errors: 0, Skipped: 0, Time elapsed: 0.017 s - in com.github.dockerjava.core.DefaultDockerClientConfigTest
[INFO] Running com.github.dockerjava.core.GoLangFileMatchTest
[INFO] Tests run: 59, Failures: 0, Errors: 0, Skipped: 0, Time elapsed: 0.034 s - in com.github.dockerjava.core.GoLangFileMatchTest
[INFO] Running com.github.dockerjava.core.DockerClientImplTest
[INFO] Tests run: 2, Failures: 0, Errors: 0, Skipped: 0, Time elapsed: 0.001 s - in com.github.dockerjava.core.DockerClientImplTest
[INFO] Running com.github.dockerjava.core.util.FiltersBuilderTest
[INFO] Tests run: 7, Failures: 0, Errors: 0, Skipped: 0, Time elapsed: 0.002 s - in com.github.dockerjava.core.util.FiltersBuilderTest
[INFO] Running com.github.dockerjava.core.util.CompressArchiveUtilTest
[INFO] Tests run: 11, Failures: 0, Errors: 0, Skipped: 0, Time elapsed: 0.17 s - in com.github.dockerjava.core.util.CompressArchiveUtilTest
[INFO] Running com.github.dockerjava.core.util.CertificateUtilsTest
16:29:38,971 |-INFO in ch.qos.logback.classic.LoggerContext[default] - Could NOT find resource [logback-test.xml]
16:29:38,972 |-INFO in ch.qos.logback.classic.LoggerContext[default] - Could NOT find resource [logback.groovy]
16:29:38,972 |-INFO in ch.qos.logback.classic.LoggerContext[default] - Found resource [logback.xml] at [file:/home/gabsko/breaking-updates/docker-java/target/test-classes/logback.xml]
16:29:39,024 |-INFO in ch.qos.logback.core.joran.action.AppenderAction - About to instantiate appender of type [ch.qos.logback.core.ConsoleAppender]
16:29:39,025 |-INFO in ch.qos.logback.core.joran.action.AppenderAction - Naming appender as [STDOUT]
16:29:39,028 |-INFO in ch.qos.logback.core.joran.action.NestedComplexPropertyIA - Assuming default type [ch.qos.logback.classic.encoder.PatternLayoutEncoder] for [encoder] property
16:29:39,048 |-INFO in ch.qos.logback.classic.joran.action.LoggerAction - Setting level of logger [com.github.dockerjava] to DEBUG
16:29:39,049 |-INFO in ch.qos.logback.classic.joran.action.LoggerAction - Setting level of logger [com.github.dockerjava.jaxrs] to INFO
16:29:39,049 |-INFO in ch.qos.logback.classic.joran.action.LoggerAction - Setting level of logger [com.github.dockerjava.netty] to INFO
16:29:39,049 |-INFO in ch.qos.logback.classic.joran.action.LoggerAction - Setting level of logger [com.github.dockerjava.httpclient5] to INFO
16:29:39,049 |-INFO in ch.qos.logback.classic.joran.action.LoggerAction - Setting level of logger [com.github.dockerjava.okhttp] to INFO
16:29:39,049 |-INFO in ch.qos.logback.classic.joran.action.RootLoggerAction - Setting level of ROOT logger to INFO
16:29:39,049 |-INFO in ch.qos.logback.core.joran.action.AppenderRefAction - Attaching appender named [STDOUT] to Logger[ROOT]
16:29:39,050 |-INFO in ch.qos.logback.classic.joran.action.ConfigurationAction - End of configuration.
16:29:39,051 |-INFO in ch.qos.logback.classic.joran.JoranConfigurator@1b065145 - Registering current configuration as safe fallback point
[INFO] Tests run: 12, Failures: 0, Errors: 0, Skipped: 0, Time elapsed: 0.167 s - in com.github.dockerjava.core.util.CertificateUtilsTest
[INFO] Running com.github.dockerjava.core.dockerfile.DockerfileStatementAddTest$Tests
[INFO] Tests run: 1, Failures: 0, Errors: 0, Skipped: 0, Time elapsed: 0 s - in com.github.dockerjava.core.dockerfile.DockerfileStatementAddTest$Tests
[INFO] Running com.github.dockerjava.core.dockerfile.DockerfileStatementAddTest$ParamTests
[INFO] Tests run: 8, Failures: 0, Errors: 0, Skipped: 0, Time elapsed: 0 s - in com.github.dockerjava.core.dockerfile.DockerfileStatementAddTest$ParamTests
[INFO] Running com.github.dockerjava.core.dockerfile.DockerfileAddMultipleFilesTest
[INFO] Tests run: 5, Failures: 0, Errors: 0, Skipped: 0, Time elapsed: 0.009 s - in com.github.dockerjava.core.dockerfile.DockerfileAddMultipleFilesTest
[INFO] Running com.github.dockerjava.core.command.FrameReaderTest
[INFO] Tests run: 4, Failures: 0, Errors: 0, Skipped: 0, Time elapsed: 0.001 s - in com.github.dockerjava.core.command.FrameReaderTest
[INFO] Running com.github.dockerjava.core.DockerClientBuilderTest
[INFO] Tests run: 1, Failures: 0, Errors: 0, Skipped: 0, Time elapsed: 0.021 s - in com.github.dockerjava.core.DockerClientBuilderTest
[INFO] Running com.github.dockerjava.core.RemoteApiVersionTest
[INFO] Tests run: 1, Failures: 0, Errors: 0, Skipped: 0, Time elapsed: 0.001 s - in com.github.dockerjava.core.RemoteApiVersionTest
[INFO] Running com.github.dockerjava.api.model.ExposedPortsTest
[INFO] Tests run: 3, Failures: 0, Errors: 0, Skipped: 0, Time elapsed: 0.024 s - in com.github.dockerjava.api.model.ExposedPortsTest
[INFO] Running com.github.dockerjava.api.model.InternetProtocolTest
[INFO] Tests run: 6, Failures: 0, Errors: 0, Skipped: 0, Time elapsed: 0.001 s - in com.github.dockerjava.api.model.InternetProtocolTest
[INFO] Running com.github.dockerjava.api.model.PullResponseItemTest
[INFO] Tests run: 4, Failures: 0, Errors: 0, Skipped: 0, Time elapsed: 0.013 s - in com.github.dockerjava.api.model.PullResponseItemTest
[INFO] Running com.github.dockerjava.api.model.HostConfigTest
[INFO] Tests run: 1, Failures: 0, Errors: 0, Skipped: 0, Time elapsed: 0.002 s - in com.github.dockerjava.api.model.HostConfigTest
[INFO] Running com.github.dockerjava.api.model.PortBindingTest
[WARNING] Tests run: 8, Failures: 0, Errors: 0, Skipped: 1, Time elapsed: 0.001 s - in com.github.dockerjava.api.model.PortBindingTest
[INFO] Running com.github.dockerjava.api.model.RestartPolicyToStringTest
[INFO] Tests run: 5, Failures: 0, Errors: 0, Skipped: 0, Time elapsed: 0.001 s - in com.github.dockerjava.api.model.RestartPolicyToStringTest
[INFO] Running com.github.dockerjava.api.model.RestartPolicyParsingTest
[INFO] Tests run: 7, Failures: 0, Errors: 0, Skipped: 0, Time elapsed: 0 s - in com.github.dockerjava.api.model.RestartPolicyParsingTest
[INFO] Running com.github.dockerjava.api.model.LinksTest
[INFO] Tests run: 2, Failures: 0, Errors: 0, Skipped: 0, Time elapsed: 0.001 s - in com.github.dockerjava.api.model.LinksTest
[INFO] Running com.github.dockerjava.api.model.AuthConfigTest
[INFO] Tests run: 6, Failures: 0, Errors: 0, Skipped: 0, Time elapsed: 0.003 s - in com.github.dockerjava.api.model.AuthConfigTest
[INFO] Running com.github.dockerjava.api.model.ExposedPortTest
[INFO] Tests run: 5, Failures: 0, Errors: 0, Skipped: 0, Time elapsed: 0 s - in com.github.dockerjava.api.model.ExposedPortTest
[INFO] Running com.github.dockerjava.api.model.VolumeBindsTest
[INFO] Tests run: 3, Failures: 0, Errors: 0, Skipped: 0, Time elapsed: 0.01 s - in com.github.dockerjava.api.model.VolumeBindsTest
[INFO] Running com.github.dockerjava.api.model.BindPropagationTest
[INFO] Tests run: 2, Failures: 0, Errors: 0, Skipped: 0, Time elapsed: 0.002 s - in com.github.dockerjava.api.model.BindPropagationTest
[INFO] Running com.github.dockerjava.api.model.UlimitsTest
[INFO] Tests run: 2, Failures: 0, Errors: 0, Skipped: 0, Time elapsed: 0.01 s - in com.github.dockerjava.api.model.UlimitsTest
[INFO] Running com.github.dockerjava.api.model.VolumesRWTest
[INFO] Tests run: 2, Failures: 0, Errors: 0, Skipped: 0, Time elapsed: 0.004 s - in com.github.dockerjava.api.model.VolumesRWTest
[INFO] Running com.github.dockerjava.api.model.RepositoryTest
[INFO] Tests run: 1, Failures: 0, Errors: 0, Skipped: 0, Time elapsed: 0.001 s - in com.github.dockerjava.api.model.RepositoryTest
[INFO] Running com.github.dockerjava.api.model.BindTest
[INFO] Tests run: 32, Failures: 0, Errors: 0, Skipped: 0, Time elapsed: 0.002 s - in com.github.dockerjava.api.model.BindTest
[INFO] Running com.github.dockerjava.api.model.BindingTest
[WARNING] Tests run: 9, Failures: 0, Errors: 0, Skipped: 1, Time elapsed: 0.001 s - in com.github.dockerjava.api.model.BindingTest
[INFO] Running com.github.dockerjava.api.model.IdentifierTest
[INFO] Tests run: 1, Failures: 0, Errors: 0, Skipped: 0, Time elapsed: 0.001 s - in com.github.dockerjava.api.model.IdentifierTest
[INFO] Running com.github.dockerjava.api.model.InfoTest
[INFO] Tests run: 3, Failures: 0, Errors: 0, Skipped: 0, Time elapsed: 0.037 s - in com.github.dockerjava.api.model.InfoTest
[INFO] Running com.github.dockerjava.api.model.PortsAddBindingsTest
[INFO] Tests run: 3, Failures: 0, Errors: 0, Skipped: 0, Time elapsed: 0.002 s - in com.github.dockerjava.api.model.PortsAddBindingsTest
[INFO] Running com.github.dockerjava.api.model.LinkTest
[INFO] Tests run: 5, Failures: 0, Errors: 0, Skipped: 0, Time elapsed: 0.002 s - in com.github.dockerjava.api.model.LinkTest
[INFO] Running com.github.dockerjava.api.model.StatisticsTest
[INFO] Tests run: 1, Failures: 0, Errors: 0, Skipped: 0, Time elapsed: 0.033 s - in com.github.dockerjava.api.model.StatisticsTest
[INFO] Running com.github.dockerjava.api.model.EventsTest
[INFO] Tests run: 1, Failures: 0, Errors: 0, Skipped: 0, Time elapsed: 0.002 s - in com.github.dockerjava.api.model.EventsTest
[INFO] Running com.github.dockerjava.api.model.VolumeFromSerializingTest
[INFO] Tests run: 2, Failures: 0, Errors: 0, Skipped: 0, Time elapsed: 0.002 s - in com.github.dockerjava.api.model.VolumeFromSerializingTest
[INFO] Running com.github.dockerjava.api.model.RestartPolicySerializingTest
[INFO] Tests run: 5, Failures: 0, Errors: 0, Skipped: 0, Time elapsed: 0.001 s - in com.github.dockerjava.api.model.RestartPolicySerializingTest
[INFO] Running com.github.dockerjava.api.model.VersionTest
[INFO] Tests run: 2, Failures: 0, Errors: 0, Skipped: 0, Time elapsed: 0.001 s - in com.github.dockerjava.api.model.VersionTest
[INFO] Running com.github.dockerjava.api.model.VolumesTest
[INFO] Tests run: 2, Failures: 0, Errors: 0, Skipped: 0, Time elapsed: 0.002 s - in com.github.dockerjava.api.model.VolumesTest
[INFO] Running com.github.dockerjava.api.model.VolumeTest
[INFO] Tests run: 1, Failures: 0, Errors: 0, Skipped: 0, Time elapsed: 0.001 s - in com.github.dockerjava.api.model.VolumeTest
[INFO] Running com.github.dockerjava.api.model.PortsSerializingTest
[INFO] Tests run: 5, Failures: 0, Errors: 0, Skipped: 0, Time elapsed: 0.001 s - in com.github.dockerjava.api.model.PortsSerializingTest
[INFO] Running com.github.dockerjava.api.model.DeviceTest
[INFO] Tests run: 3, Failures: 0, Errors: 0, Skipped: 0, Time elapsed: 0.001 s - in com.github.dockerjava.api.model.DeviceTest
[INFO] Running com.github.dockerjava.api.model.CapabilityTest
[INFO] Tests run: 3, Failures: 0, Errors: 0, Skipped: 0, Time elapsed: 0.001 s - in com.github.dockerjava.api.model.CapabilityTest
[INFO] Running com.github.dockerjava.api.model.ContainerTest
[INFO] Tests run: 1, Failures: 0, Errors: 0, Skipped: 0, Time elapsed: 0 s - in com.github.dockerjava.api.model.ContainerTest
[INFO] Running com.github.dockerjava.api.model.BindsTest
[INFO] Tests run: 2, Failures: 0, Errors: 0, Skipped: 0, Time elapsed: 0 s - in com.github.dockerjava.api.model.BindsTest
[INFO] Running com.github.dockerjava.api.model.AccessModeTest
[INFO] Tests run: 4, Failures: 0, Errors: 0, Skipped: 0, Time elapsed: 0 s - in com.github.dockerjava.api.model.AccessModeTest
[INFO] Running com.github.dockerjava.api.ModelsSerializableTest
[INFO] Tests run: 1, Failures: 0, Errors: 0, Skipped: 0, Time elapsed: 0.016 s - in com.github.dockerjava.api.ModelsSerializableTest
[INFO] Running com.github.dockerjava.api.command.InspectContainerResponseTest
[INFO] Tests run: 8, Failures: 0, Errors: 0, Skipped: 0, Time elapsed: 0.061 s - in com.github.dockerjava.api.command.InspectContainerResponseTest
[INFO] Running com.github.dockerjava.api.command.InspectImageResponseTest
[INFO] Tests run: 5, Failures: 0, Errors: 0, Skipped: 0, Time elapsed: 0.012 s - in com.github.dockerjava.api.command.InspectImageResponseTest
[INFO] Running com.github.dockerjava.api.command.InspectExecResponseTest
[INFO] Tests run: 1, Failures: 0, Errors: 0, Skipped: 0, Time elapsed: 0.004 s - in com.github.dockerjava.api.command.InspectExecResponseTest
[INFO] Running com.github.dockerjava.netty.NettyWebTargetTest
[INFO] Tests run: 1, Failures: 0, Errors: 0, Skipped: 0, Time elapsed: 0.265 s - in com.github.dockerjava.netty.NettyWebTargetTest
[INFO] Running com.github.dockerjava.netty.handler.FramedResponseStreamHandlerTest
[INFO] Tests run: 9, Failures: 0, Errors: 0, Skipped: 0, Time elapsed: 0.09 s - in com.github.dockerjava.netty.handler.FramedResponseStreamHandlerTest
[INFO] Running com.github.dockerjava.netty.handler.HttpResponseStreamHandlerTest
[INFO] Tests run: 5, Failures: 0, Errors: 0, Skipped: 0, Time elapsed: 0.505 s - in com.github.dockerjava.netty.handler.HttpResponseStreamHandlerTest
[INFO] Running com.github.dockerjava.netty.NettyDockerCmdExecFactoryConfigTest
16:29:40.583 DEBUG c.g.d.core.command.AbstrDockerCmd - Cmd: 
16:29:40.770 DEBUG c.g.d.core.command.AbstrDockerCmd - Cmd: 
[INFO] Tests run: 2, Failures: 0, Errors: 0, Skipped: 0, Time elapsed: 0.453 s - in com.github.dockerjava.netty.NettyDockerCmdExecFactoryConfigTest
[INFO] 
[INFO] Results:
[INFO] 
[WARNING] Tests run: 332, Failures: 0, Errors: 0, Skipped: 2
[INFO] 
[INFO] ------------------------------------------------------------------------
[INFO] Reactor Summary for docker-java-parent 0-SNAPSHOT:
[INFO] 
[INFO] docker-java-parent ................................. SUCCESS [  0.657 s]
[INFO] docker-java-api .................................... SUCCESS [  6.345 s]
[INFO] docker-java-transport .............................. SUCCESS [  0.525 s]
[INFO] docker-java-core ................................... SUCCESS [  1.164 s]
[INFO] docker-java-transport-netty ........................ SUCCESS [  0.322 s]
[INFO] docker-java-transport-jersey ....................... SUCCESS [  0.349 s]
[INFO] docker-java-transport-okhttp ....................... SUCCESS [  0.206 s]
[INFO] docker-java-transport-httpclient5 .................. SUCCESS [  0.176 s]
[INFO] docker-java-transport-zerodep ...................... SUCCESS [  0.139 s]
[INFO] docker-java ........................................ SUCCESS [  5.801 s]
[INFO] ------------------------------------------------------------------------
[INFO] BUILD SUCCESS
[INFO] ------------------------------------------------------------------------
[INFO] Total time:  16.227 s
[INFO] Finished at: 2023-01-13T16:29:41Z
[INFO] ------------------------------------------------------------------------
