[INFO] Scanning for projects...
[INFO] ------------------------------------------------------------------------
[INFO] Reactor Build Order:
[INFO] 
[INFO] OpenMRS                                                            [pom]
[INFO] openmrs-tools                                                      [jar]
[INFO] openmrs-test                                                       [pom]
[INFO] openmrs-api                                                        [jar]
[INFO] openmrs-web                                                        [jar]
[INFO] openmrs-webapp                                                     [war]
[INFO] openmrs-liquibase                                                  [jar]
[INFO] 
[INFO] ------------------------< org.openmrs:openmrs >-------------------------
[INFO] Building OpenMRS 2.6.0-SNAPSHOT                                    [1/7]
[INFO] --------------------------------[ pom ]---------------------------------
[INFO] 
[INFO] --- maven-clean-plugin:2.5:clean (default-clean) @ openmrs ---
[INFO] 
[INFO] --- buildnumber-maven-plugin:3.0.0:create (default) @ openmrs ---
[INFO] ShortRevision tag detected. The value is '6'.
[INFO] Executing: /bin/sh -c cd '/home/gabsko/breaking-updates' && 'git' 'rev-parse' '--verify' '--short=6' 'HEAD'
[INFO] Working directory: /home/gabsko/breaking-updates
[INFO] Storing buildNumber: 190f8c8 at timestamp: 1673644015381
[INFO] Storing buildScmBranch: branch-openmrs/openmrs-core-190f8c8b4623c97e79a75fc051ec9f6f875343f3
[INFO] 
[INFO] --- build-helper-maven-plugin:3.3.0:parse-version (parse-version) @ openmrs ---
[INFO] 
[INFO] ------------------< org.openmrs.tools:openmrs-tools >-------------------
[INFO] Building openmrs-tools 2.6.0-SNAPSHOT                              [2/7]
[INFO] --------------------------------[ jar ]---------------------------------
[INFO] 
[INFO] --- maven-clean-plugin:2.5:clean (default-clean) @ openmrs-tools ---
[INFO] Deleting /home/gabsko/breaking-updates/tools/target
[INFO] 
[INFO] --- buildnumber-maven-plugin:3.0.0:create (default) @ openmrs-tools ---
[INFO] 
[INFO] --- build-helper-maven-plugin:3.3.0:parse-version (parse-version) @ openmrs-tools ---
[INFO] 
[INFO] --- maven-resources-plugin:3.2.0:resources (default-resources) @ openmrs-tools ---
[INFO] Using 'UTF-8' encoding to copy filtered resources.
[INFO] Using 'UTF-8' encoding to copy filtered properties files.
[INFO] Copying 4 resources
[INFO] 
[INFO] --- maven-compiler-plugin:3.9.0:compile (default-compile) @ openmrs-tools ---
[INFO] No sources to compile
[INFO] 
[INFO] --- maven-resources-plugin:3.2.0:testResources (default-testResources) @ openmrs-tools ---
[INFO] Using 'UTF-8' encoding to copy filtered resources.
[INFO] Using 'UTF-8' encoding to copy filtered properties files.
[INFO] skip non existing resourceDirectory /home/gabsko/breaking-updates/tools/src/test/resources
[INFO] 
[INFO] --- maven-compiler-plugin:3.9.0:testCompile (default-testCompile) @ openmrs-tools ---
[INFO] No sources to compile
[INFO] 
[INFO] --- maven-surefire-plugin:2.22.2:test (default-test) @ openmrs-tools ---
[INFO] No tests to run.
[INFO] 
[INFO] -------------------< org.openmrs.test:openmrs-test >--------------------
[INFO] Building openmrs-test 2.6.0-SNAPSHOT                               [3/7]
[INFO] --------------------------------[ pom ]---------------------------------
[INFO] 
[INFO] --- maven-clean-plugin:2.5:clean (default-clean) @ openmrs-test ---
[INFO] 
[INFO] --- buildnumber-maven-plugin:3.0.0:create (default) @ openmrs-test ---
[INFO] 
[INFO] --- build-helper-maven-plugin:3.3.0:parse-version (parse-version) @ openmrs-test ---
[INFO] 
[INFO] --------------------< org.openmrs.api:openmrs-api >---------------------
[INFO] Building openmrs-api 2.6.0-SNAPSHOT                                [4/7]
[INFO] --------------------------------[ jar ]---------------------------------
[INFO] 
[INFO] --- maven-clean-plugin:2.5:clean (default-clean) @ openmrs-api ---
[INFO] Deleting /home/gabsko/breaking-updates/api/target
[INFO] 
[INFO] --- buildnumber-maven-plugin:3.0.0:create (default) @ openmrs-api ---
[INFO] 
[INFO] --- build-helper-maven-plugin:3.3.0:parse-version (parse-version) @ openmrs-api ---
[INFO] 
[INFO] --- jacoco-maven-plugin:0.8.7:prepare-agent (prepare-agent) @ openmrs-api ---
[INFO] argLine set to -javaagent:/home/gabsko/.m2/repository/org/jacoco/org.jacoco.agent/0.8.7/org.jacoco.agent-0.8.7-runtime.jar=destfile=/home/gabsko/breaking-updates/api/target/jacoco.exec,includes=org/openmrs/** -Duser.language=en -Duser.region=US -Xmx1g -Djava.locale.providers=COMPAT
[INFO] 
[INFO] --- maven-java-formatter-plugin:0.3:format (default) @ openmrs-api ---
[INFO] Using 'UTF-8' encoding to format source files.
[INFO] Number of files to be formatted: 1099
[INFO] Successfully formatted: 0 file(s)
[INFO] Fail to format        : 0 file(s)
[INFO] Skipped               : 1099 file(s)
[INFO] Approximate time taken: 2s
[INFO] 
[INFO] --- maven-resources-plugin:3.2.0:resources (default-resources) @ openmrs-api ---
[INFO] Using 'UTF-8' encoding to copy filtered resources.
[INFO] Using 'UTF-8' encoding to copy filtered properties files.
[INFO] Copying 1 resource
[INFO] Copying 159 resources
[INFO] The encoding used to copy filtered properties files have not been set. This means that the same encoding will be used to copy filtered properties files as when copying other filtered resources. This might not be what you want! Run your build with --debug to see which files might be affected. Read more at https://maven.apache.org/plugins/maven-resources-plugin/examples/filtering-properties-files.html
[INFO] 
[INFO] --- maven-compiler-plugin:3.9.0:compile (default-compile) @ openmrs-api ---
[INFO] Changes detected - recompiling the module!
[INFO] Compiling 738 source files to /home/gabsko/breaking-updates/api/target/classes
[INFO] /home/gabsko/breaking-updates/api/src/main/java/org/openmrs/PersonName.java: Some input files use or override a deprecated API.
[INFO] /home/gabsko/breaking-updates/api/src/main/java/org/openmrs/PersonName.java: Recompile with -Xlint:deprecation for details.
[INFO] /home/gabsko/breaking-updates/api/src/main/java/org/openmrs/BaseCustomizableMetadata.java: Some input files use unchecked or unsafe operations.
[INFO] /home/gabsko/breaking-updates/api/src/main/java/org/openmrs/BaseCustomizableMetadata.java: Recompile with -Xlint:unchecked for details.
[INFO] 
[INFO] --- maven-resources-plugin:3.2.0:testResources (default-testResources) @ openmrs-api ---
[INFO] Using 'UTF-8' encoding to copy filtered resources.
[INFO] Using 'UTF-8' encoding to copy filtered properties files.
[INFO] Copying 149 resources
[INFO] 
[INFO] --- maven-compiler-plugin:3.9.0:testCompile (default-testCompile) @ openmrs-api ---
[INFO] Changes detected - recompiling the module!
[INFO] Compiling 361 source files to /home/gabsko/breaking-updates/api/target/test-classes
[INFO] /home/gabsko/breaking-updates/api/src/test/java/org/openmrs/test/jupiter/BaseContextSensitiveTest.java: Some input files use or override a deprecated API.
[INFO] /home/gabsko/breaking-updates/api/src/test/java/org/openmrs/test/jupiter/BaseContextSensitiveTest.java: Recompile with -Xlint:deprecation for details.
[INFO] /home/gabsko/breaking-updates/api/src/test/java/org/openmrs/api/db/hibernate/PersonAttributeHelper.java: Some input files use unchecked or unsafe operations.
[INFO] /home/gabsko/breaking-updates/api/src/test/java/org/openmrs/api/db/hibernate/PersonAttributeHelper.java: Recompile with -Xlint:unchecked for details.
[INFO] 
[INFO] --- maven-surefire-plugin:2.22.2:test (default-test) @ openmrs-api ---
[INFO] 
[INFO] -------------------------------------------------------
[INFO]  T E S T S
[INFO] -------------------------------------------------------
21:07:07.821 [main] ERROR org.openmrs.api.context.Context - serviceContext is null.  Creating new ServiceContext()
[INFO] Running liquibase.ext.sqlgenerator.core.ModifyColumnChangeTest
[INFO] Tests run: 2, Failures: 0, Errors: 0, Skipped: 0, Time elapsed: 0.037 s - in liquibase.ext.sqlgenerator.core.ModifyColumnChangeTest
[INFO] Running liquibase.ext.sqlgenerator.core.ModifyColumnGeneratorTest
[INFO] Tests run: 8, Failures: 0, Errors: 0, Skipped: 0, Time elapsed: 0.146 s - in liquibase.ext.sqlgenerator.core.ModifyColumnGeneratorTest
[INFO] Running liquibase.ext.change.core.InsertWithUuidDataChangeTest
[INFO] Tests run: 2, Failures: 0, Errors: 0, Skipped: 0, Time elapsed: 0 s - in liquibase.ext.change.core.InsertWithUuidDataChangeTest
[INFO] Running liquibase.ext.datatype.core.MySQLBooleanTypeTest
[INFO] Tests run: 3, Failures: 0, Errors: 0, Skipped: 0, Time elapsed: 0.005 s - in liquibase.ext.datatype.core.MySQLBooleanTypeTest
[INFO] Running org.openmrs.PatientTest
[INFO] Tests run: 9, Failures: 0, Errors: 0, Skipped: 0, Time elapsed: 0.012 s - in org.openmrs.PatientTest
[INFO] Running org.openmrs.FormTest
[INFO] Tests run: 1, Failures: 0, Errors: 0, Skipped: 0, Time elapsed: 0 s - in org.openmrs.FormTest
[INFO] Running org.openmrs.comparator.PatientIdentifierTypeDefaultComparatorTest
[INFO] Tests run: 1, Failures: 0, Errors: 0, Skipped: 0, Time elapsed: 0 s - in org.openmrs.comparator.PatientIdentifierTypeDefaultComparatorTest
[INFO] Running org.openmrs.OrderTest
[INFO] Tests run: 64, Failures: 0, Errors: 0, Skipped: 0, Time elapsed: 7.843 s - in org.openmrs.OrderTest
[INFO] Running org.openmrs.scheduler.SchedulerUtilTest
[INFO] Tests run: 1, Failures: 0, Errors: 0, Skipped: 0, Time elapsed: 0 s - in org.openmrs.scheduler.SchedulerUtilTest
[INFO] Running org.openmrs.scheduler.timer.TimerSchedulerServiceImplTest
[INFO] Tests run: 1, Failures: 0, Errors: 0, Skipped: 0, Time elapsed: 0.015 s - in org.openmrs.scheduler.timer.TimerSchedulerServiceImplTest
[INFO] Running org.openmrs.scheduler.SchedulerServiceTest
[WARNING] Tests run: 1, Failures: 0, Errors: 0, Skipped: 1, Time elapsed: 0 s - in org.openmrs.scheduler.SchedulerServiceTest
[INFO] Running org.openmrs.attribute.AttributeIntegrationTest
[INFO] Tests run: 1, Failures: 0, Errors: 0, Skipped: 0, Time elapsed: 0.051 s - in org.openmrs.attribute.AttributeIntegrationTest
[INFO] Running org.openmrs.liquibase.ChangeLogDetectiveTest
[INFO] Tests run: 11, Failures: 0, Errors: 0, Skipped: 0, Time elapsed: 0.12 s - in org.openmrs.liquibase.ChangeLogDetectiveTest
[INFO] Running org.openmrs.liquibase.ChangeLogVersionsTest
[INFO] Tests run: 3, Failures: 0, Errors: 0, Skipped: 0, Time elapsed: 0 s - in org.openmrs.liquibase.ChangeLogVersionsTest
[INFO] Running org.openmrs.liquibase.ChangeLogVersionFinderTest
[INFO] Tests run: 15, Failures: 0, Errors: 0, Skipped: 0, Time elapsed: 0.014 s - in org.openmrs.liquibase.ChangeLogVersionFinderTest
[INFO] Running org.openmrs.PatientProgramTest
[INFO] Tests run: 5, Failures: 0, Errors: 0, Skipped: 0, Time elapsed: 0 s - in org.openmrs.PatientProgramTest
[INFO] Running org.openmrs.EncounterProviderTest
[INFO] Tests run: 1, Failures: 0, Errors: 0, Skipped: 0, Time elapsed: 0 s - in org.openmrs.EncounterProviderTest
[INFO] Running org.openmrs.OrderGroupTest
[INFO] Tests run: 3, Failures: 0, Errors: 0, Skipped: 0, Time elapsed: 0 s - in org.openmrs.OrderGroupTest
[INFO] Running org.openmrs.messagesource.impl.DefaultMessageSourceServiceImplTest
[INFO] Tests run: 1, Failures: 0, Errors: 0, Skipped: 0, Time elapsed: 0 s - in org.openmrs.messagesource.impl.DefaultMessageSourceServiceImplTest
[INFO] Running org.openmrs.messagesource.impl.CachedMessageSourceTest
[INFO] Tests run: 2, Failures: 0, Errors: 0, Skipped: 0, Time elapsed: 0 s - in org.openmrs.messagesource.impl.CachedMessageSourceTest
[INFO] Running org.openmrs.messagesource.MessageSourceServiceTest
[INFO] Tests run: 1, Failures: 0, Errors: 0, Skipped: 0, Time elapsed: 0 s - in org.openmrs.messagesource.MessageSourceServiceTest
[INFO] Running org.openmrs.messagesource.PresentationMessageMapTest
[INFO] Tests run: 2, Failures: 0, Errors: 0, Skipped: 0, Time elapsed: 0 s - in org.openmrs.messagesource.PresentationMessageMapTest
[INFO] Running org.openmrs.ObsBehaviorTest
[WARNING] Tests run: 3, Failures: 0, Errors: 0, Skipped: 1, Time elapsed: 0.016 s - in org.openmrs.ObsBehaviorTest
[INFO] Running org.openmrs.DurationTest
[INFO] Tests run: 11, Failures: 0, Errors: 0, Skipped: 0, Time elapsed: 0.051 s - in org.openmrs.DurationTest
[INFO] Running org.openmrs.PersonNameTest
[INFO] Tests run: 19, Failures: 0, Errors: 0, Skipped: 0, Time elapsed: 0.003 s - in org.openmrs.PersonNameTest
[INFO] Running org.openmrs.DrugTest
[INFO] Tests run: 2, Failures: 0, Errors: 0, Skipped: 0, Time elapsed: 0.013 s - in org.openmrs.DrugTest
[INFO] Running org.openmrs.AllergenTest
[INFO] Tests run: 6, Failures: 0, Errors: 0, Skipped: 0, Time elapsed: 0.202 s - in org.openmrs.AllergenTest
[INFO] Running org.openmrs.obs.AbstractHandlerTest
[INFO] Tests run: 4, Failures: 0, Errors: 0, Skipped: 0, Time elapsed: 0.104 s - in org.openmrs.obs.AbstractHandlerTest
[INFO] Running org.openmrs.obs.ImageHandlerTest
[INFO] Tests run: 5, Failures: 0, Errors: 0, Skipped: 0, Time elapsed: 0.072 s - in org.openmrs.obs.ImageHandlerTest
[INFO] Running org.openmrs.obs.MediaHandlerTest
[INFO] Tests run: 4, Failures: 0, Errors: 0, Skipped: 0, Time elapsed: 0.033 s - in org.openmrs.obs.MediaHandlerTest
[INFO] Running org.openmrs.obs.BinaryDataHandlerTest
[INFO] Tests run: 4, Failures: 0, Errors: 0, Skipped: 0, Time elapsed: 0.022 s - in org.openmrs.obs.BinaryDataHandlerTest
[INFO] Running org.openmrs.obs.TextHandlerTest
[INFO] Tests run: 4, Failures: 0, Errors: 0, Skipped: 0, Time elapsed: 0.021 s - in org.openmrs.obs.TextHandlerTest
[INFO] Running org.openmrs.obs.BinaryStreamHandlerTest
[INFO] Tests run: 4, Failures: 0, Errors: 0, Skipped: 0, Time elapsed: 0.021 s - in org.openmrs.obs.BinaryStreamHandlerTest
[INFO] Running org.openmrs.PersonAttributeTest
[INFO] Tests run: 6, Failures: 0, Errors: 0, Skipped: 0, Time elapsed: 0.029 s - in org.openmrs.PersonAttributeTest
[INFO] Running org.openmrs.OrderTypeTest
[INFO] Tests run: 3, Failures: 0, Errors: 0, Skipped: 0, Time elapsed: 0.001 s - in org.openmrs.OrderTypeTest
[INFO] Running org.openmrs.propertyeditor.ConceptReferenceTermEditorTest
[INFO] Tests run: 8, Failures: 0, Errors: 0, Skipped: 0, Time elapsed: 0.041 s - in org.openmrs.propertyeditor.ConceptReferenceTermEditorTest
[INFO] Running org.openmrs.propertyeditor.PersonAttributeTypeEditorTest
[INFO] Tests run: 8, Failures: 0, Errors: 0, Skipped: 0, Time elapsed: 0.051 s - in org.openmrs.propertyeditor.PersonAttributeTypeEditorTest
[INFO] Running org.openmrs.propertyeditor.ConceptNameEditorTest
[INFO] Tests run: 8, Failures: 0, Errors: 0, Skipped: 0, Time elapsed: 0.036 s - in org.openmrs.propertyeditor.ConceptNameEditorTest
[INFO] Running org.openmrs.propertyeditor.VisitTypeEditorTest
[INFO] Tests run: 8, Failures: 0, Errors: 0, Skipped: 0, Time elapsed: 0.035 s - in org.openmrs.propertyeditor.VisitTypeEditorTest
[INFO] Running org.openmrs.propertyeditor.DateOrDatetimeEditorTest
[INFO] Tests run: 6, Failures: 0, Errors: 0, Skipped: 0, Time elapsed: 0.001 s - in org.openmrs.propertyeditor.DateOrDatetimeEditorTest
[INFO] Running org.openmrs.propertyeditor.DrugEditorTest
[INFO] Tests run: 8, Failures: 0, Errors: 0, Skipped: 0, Time elapsed: 0.045 s - in org.openmrs.propertyeditor.DrugEditorTest
[INFO] Running org.openmrs.propertyeditor.OrderEditorTest
[INFO] Tests run: 8, Failures: 0, Errors: 0, Skipped: 0, Time elapsed: 0.053 s - in org.openmrs.propertyeditor.OrderEditorTest
[INFO] Running org.openmrs.propertyeditor.WorkflowCollectionEditorTest
[INFO] Tests run: 1, Failures: 0, Errors: 0, Skipped: 0, Time elapsed: 0.006 s - in org.openmrs.propertyeditor.WorkflowCollectionEditorTest
[INFO] Running org.openmrs.propertyeditor.LocationEditorTest
[INFO] Tests run: 8, Failures: 0, Errors: 0, Skipped: 0, Time elapsed: 0.033 s - in org.openmrs.propertyeditor.LocationEditorTest
[INFO] Running org.openmrs.propertyeditor.ConceptNumericEditorTest
[INFO] Tests run: 8, Failures: 0, Errors: 0, Skipped: 0, Time elapsed: 0.035 s - in org.openmrs.propertyeditor.ConceptNumericEditorTest
[INFO] Running org.openmrs.propertyeditor.ProgramWorkflowStateEditorTest
[INFO] Tests run: 8, Failures: 0, Errors: 0, Skipped: 0, Time elapsed: 0.036 s - in org.openmrs.propertyeditor.ProgramWorkflowStateEditorTest
[INFO] Running org.openmrs.propertyeditor.ConceptEditorTest
[INFO] Tests run: 8, Failures: 0, Errors: 0, Skipped: 0, Time elapsed: 0.032 s - in org.openmrs.propertyeditor.ConceptEditorTest
[INFO] Running org.openmrs.propertyeditor.PatientIdentifierTypeEditorTest
[INFO] Tests run: 8, Failures: 0, Errors: 0, Skipped: 0, Time elapsed: 0.028 s - in org.openmrs.propertyeditor.PatientIdentifierTypeEditorTest
[INFO] Running org.openmrs.propertyeditor.PatientEditorTest
[INFO] Tests run: 8, Failures: 0, Errors: 0, Skipped: 0, Time elapsed: 0.036 s - in org.openmrs.propertyeditor.PatientEditorTest
[INFO] Running org.openmrs.propertyeditor.ConceptAnswersEditorTest
[INFO] Tests run: 1, Failures: 0, Errors: 0, Skipped: 0, Time elapsed: 0.005 s - in org.openmrs.propertyeditor.ConceptAnswersEditorTest
[INFO] Running org.openmrs.propertyeditor.ConceptAttributeTypeEditorTest
[INFO] Tests run: 8, Failures: 0, Errors: 0, Skipped: 0, Time elapsed: 0.151 s - in org.openmrs.propertyeditor.ConceptAttributeTypeEditorTest
[INFO] Running org.openmrs.propertyeditor.RoleEditorTest
[INFO] Tests run: 2, Failures: 0, Errors: 0, Skipped: 0, Time elapsed: 0.009 s - in org.openmrs.propertyeditor.RoleEditorTest
[INFO] Running org.openmrs.propertyeditor.ConceptClassEditorTest
[INFO] Tests run: 8, Failures: 0, Errors: 0, Skipped: 0, Time elapsed: 0.032 s - in org.openmrs.propertyeditor.ConceptClassEditorTest
[INFO] Running org.openmrs.propertyeditor.LocationAttributeTypeEditorTest
[INFO] Tests run: 8, Failures: 0, Errors: 0, Skipped: 0, Time elapsed: 0.145 s - in org.openmrs.propertyeditor.LocationAttributeTypeEditorTest
[INFO] Running org.openmrs.propertyeditor.ConceptDatatypeEditorTest
[INFO] Tests run: 8, Failures: 0, Errors: 0, Skipped: 0, Time elapsed: 0.031 s - in org.openmrs.propertyeditor.ConceptDatatypeEditorTest
[INFO] Running org.openmrs.propertyeditor.ProgramWorkflowEditorTest
[INFO] Tests run: 8, Failures: 0, Errors: 0, Skipped: 0, Time elapsed: 0.035 s - in org.openmrs.propertyeditor.ProgramWorkflowEditorTest
[INFO] Running org.openmrs.propertyeditor.ProgramEditorTest
[INFO] Tests run: 4, Failures: 0, Errors: 0, Skipped: 0, Time elapsed: 0.019 s - in org.openmrs.propertyeditor.ProgramEditorTest
[INFO] Running org.openmrs.propertyeditor.PersonEditorTest
[INFO] Tests run: 8, Failures: 0, Errors: 0, Skipped: 0, Time elapsed: 0.033 s - in org.openmrs.propertyeditor.PersonEditorTest
[INFO] Running org.openmrs.propertyeditor.PersonAttributeEditorTest
[INFO] Tests run: 8, Failures: 0, Errors: 0, Skipped: 0, Time elapsed: 0.03 s - in org.openmrs.propertyeditor.PersonAttributeEditorTest
[INFO] Running org.openmrs.propertyeditor.EncounterEditorTest
[INFO] Tests run: 8, Failures: 0, Errors: 0, Skipped: 0, Time elapsed: 0.045 s - in org.openmrs.propertyeditor.EncounterEditorTest
[INFO] Running org.openmrs.propertyeditor.LocationTagEditorTest
[INFO] Tests run: 8, Failures: 0, Errors: 0, Skipped: 0, Time elapsed: 0.423 s - in org.openmrs.propertyeditor.LocationTagEditorTest
[INFO] Running org.openmrs.propertyeditor.VisitEditorTest
[INFO] Tests run: 8, Failures: 0, Errors: 0, Skipped: 0, Time elapsed: 0.033 s - in org.openmrs.propertyeditor.VisitEditorTest
[INFO] Running org.openmrs.propertyeditor.ConceptAnswerEditorTest
[INFO] Tests run: 8, Failures: 0, Errors: 0, Skipped: 0, Time elapsed: 0.025 s - in org.openmrs.propertyeditor.ConceptAnswerEditorTest
[INFO] Running org.openmrs.propertyeditor.UserEditorTest
[INFO] Tests run: 8, Failures: 0, Errors: 0, Skipped: 0, Time elapsed: 0.034 s - in org.openmrs.propertyeditor.UserEditorTest
[INFO] Running org.openmrs.propertyeditor.ConceptMapTypeEditorTest
[INFO] Tests run: 8, Failures: 0, Errors: 0, Skipped: 0, Time elapsed: 0.029 s - in org.openmrs.propertyeditor.ConceptMapTypeEditorTest
[INFO] Running org.openmrs.propertyeditor.ConceptSourceEditorTest
[INFO] Tests run: 8, Failures: 0, Errors: 0, Skipped: 0, Time elapsed: 0.031 s - in org.openmrs.propertyeditor.ConceptSourceEditorTest
[INFO] Running org.openmrs.propertyeditor.ProviderEditorTest
[WARNING] Tests run: 8, Failures: 0, Errors: 0, Skipped: 1, Time elapsed: 0.028 s - in org.openmrs.propertyeditor.ProviderEditorTest
[INFO] Running org.openmrs.propertyeditor.PrivilegeEditorTest
[INFO] Tests run: 2, Failures: 0, Errors: 0, Skipped: 0, Time elapsed: 0.158 s - in org.openmrs.propertyeditor.PrivilegeEditorTest
[INFO] Running org.openmrs.propertyeditor.CohortEditorTest
[INFO] Tests run: 8, Failures: 0, Errors: 0, Skipped: 0, Time elapsed: 0.404 s - in org.openmrs.propertyeditor.CohortEditorTest
[INFO] Running org.openmrs.propertyeditor.EncounterTypeEditorTest
[INFO] Tests run: 8, Failures: 0, Errors: 0, Skipped: 0, Time elapsed: 0.025 s - in org.openmrs.propertyeditor.EncounterTypeEditorTest
[INFO] Running org.openmrs.propertyeditor.FormEditorTest
[INFO] Tests run: 8, Failures: 0, Errors: 0, Skipped: 0, Time elapsed: 0.025 s - in org.openmrs.propertyeditor.FormEditorTest
[INFO] Running org.openmrs.BaseOpenmrsObjectTest
[INFO] Tests run: 20, Failures: 0, Errors: 0, Skipped: 0, Time elapsed: 0.065 s - in org.openmrs.BaseOpenmrsObjectTest
[INFO] Running org.openmrs.validator.ProviderAttributeTypeValidatorTest
[INFO] Tests run: 2, Failures: 0, Errors: 0, Skipped: 0, Time elapsed: 0.013 s - in org.openmrs.validator.ProviderAttributeTypeValidatorTest
[INFO] Running org.openmrs.validator.RelationshipValidatorTest
[INFO] Tests run: 7, Failures: 0, Errors: 0, Skipped: 0, Time elapsed: 0.018 s - in org.openmrs.validator.RelationshipValidatorTest
[INFO] Running org.openmrs.validator.DiagnosisValidatorTest
[INFO] Tests run: 6, Failures: 0, Errors: 0, Skipped: 0, Time elapsed: 0.017 s - in org.openmrs.validator.DiagnosisValidatorTest
[INFO] Running org.openmrs.validator.StateConversionValidatorTest
[INFO] Tests run: 4, Failures: 0, Errors: 0, Skipped: 0, Time elapsed: 0.02 s - in org.openmrs.validator.StateConversionValidatorTest
[INFO] Running org.openmrs.validator.ImplementationIdValidatorTest
[INFO] Tests run: 8, Failures: 0, Errors: 0, Skipped: 0, Time elapsed: 0.026 s - in org.openmrs.validator.ImplementationIdValidatorTest
[INFO] Running org.openmrs.validator.PersonAttributeTypeValidatorTest
[INFO] Tests run: 7, Failures: 0, Errors: 0, Skipped: 0, Time elapsed: 0.026 s - in org.openmrs.validator.PersonAttributeTypeValidatorTest
[INFO] Running org.openmrs.validator.EncounterRoleValidatorTest
[INFO] Tests run: 5, Failures: 0, Errors: 0, Skipped: 0, Time elapsed: 0.022 s - in org.openmrs.validator.EncounterRoleValidatorTest
[INFO] Running org.openmrs.validator.PersonValidatorTest
Security framework of XStream not explicitly initialized, using predefined black list on your own risk.
[INFO] Tests run: 13, Failures: 0, Errors: 0, Skipped: 0, Time elapsed: 0.101 s - in org.openmrs.validator.PersonValidatorTest
[INFO] Running org.openmrs.validator.FieldValidatorTest
[INFO] Tests run: 8, Failures: 0, Errors: 0, Skipped: 0, Time elapsed: 0.027 s - in org.openmrs.validator.FieldValidatorTest
[INFO] Running org.openmrs.validator.LocationAttributeTypeValidatorTest
[INFO] Tests run: 6, Failures: 0, Errors: 0, Skipped: 0, Time elapsed: 0.121 s - in org.openmrs.validator.LocationAttributeTypeValidatorTest
[INFO] Running org.openmrs.validator.ConceptSourceValidatorTest
[INFO] Tests run: 6, Failures: 0, Errors: 0, Skipped: 0, Time elapsed: 0.056 s - in org.openmrs.validator.ConceptSourceValidatorTest
[INFO] Running org.openmrs.validator.ObsValidatorTest
[INFO] Tests run: 22, Failures: 0, Errors: 0, Skipped: 0, Time elapsed: 0.263 s - in org.openmrs.validator.ObsValidatorTest
[INFO] Running org.openmrs.validator.ProviderValidatorTest
[INFO] Tests run: 13, Failures: 0, Errors: 0, Skipped: 0, Time elapsed: 0.127 s - in org.openmrs.validator.ProviderValidatorTest
[INFO] Running org.openmrs.validator.FormValidatorTest
[INFO] Tests run: 8, Failures: 0, Errors: 0, Skipped: 0, Time elapsed: 0.024 s - in org.openmrs.validator.FormValidatorTest
[INFO] Running org.openmrs.validator.RelationshipTypeValidatorTest
[INFO] Tests run: 7, Failures: 0, Errors: 0, Skipped: 0, Time elapsed: 0.032 s - in org.openmrs.validator.RelationshipTypeValidatorTest
[INFO] Running org.openmrs.validator.HL7SourceValidatorTest
[INFO] Tests run: 2, Failures: 0, Errors: 0, Skipped: 0, Time elapsed: 0.007 s - in org.openmrs.validator.HL7SourceValidatorTest
[INFO] Running org.openmrs.validator.ConceptNameTagValidatorTest
[INFO] Tests run: 7, Failures: 0, Errors: 0, Skipped: 0, Time elapsed: 0.025 s - in org.openmrs.validator.ConceptNameTagValidatorTest
[INFO] Running org.openmrs.validator.PatientProgramValidatorTest
[INFO] Tests run: 22, Failures: 0, Errors: 0, Skipped: 0, Time elapsed: 0.167 s - in org.openmrs.validator.PatientProgramValidatorTest
[INFO] Running org.openmrs.validator.OrderValidatorTest
[INFO] Tests run: 22, Failures: 0, Errors: 0, Skipped: 0, Time elapsed: 0.258 s - in org.openmrs.validator.OrderValidatorTest
[INFO] Running org.openmrs.validator.TestOrderValidatorTest
[INFO] Tests run: 2, Failures: 0, Errors: 0, Skipped: 0, Time elapsed: 0.015 s - in org.openmrs.validator.TestOrderValidatorTest
[INFO] Running org.openmrs.validator.EncounterTypeValidatorTest
[INFO] Tests run: 7, Failures: 0, Errors: 0, Skipped: 0, Time elapsed: 0.021 s - in org.openmrs.validator.EncounterTypeValidatorTest
[INFO] Running org.openmrs.validator.ConceptClassValidatorTest
[INFO] Tests run: 6, Failures: 0, Errors: 0, Skipped: 0, Time elapsed: 0.018 s - in org.openmrs.validator.ConceptClassValidatorTest
[INFO] Running org.openmrs.validator.VisitTypeValidatorTest
[INFO] Tests run: 2, Failures: 0, Errors: 0, Skipped: 0, Time elapsed: 0.005 s - in org.openmrs.validator.VisitTypeValidatorTest
[INFO] Running org.openmrs.validator.DrugOrderValidatorTest
[INFO] Tests run: 37, Failures: 0, Errors: 0, Skipped: 0, Time elapsed: 1.366 s - in org.openmrs.validator.DrugOrderValidatorTest
[INFO] Running org.openmrs.validator.ConceptValidatorTest
[INFO] Tests run: 31, Failures: 0, Errors: 0, Skipped: 0, Time elapsed: 0.359 s - in org.openmrs.validator.ConceptValidatorTest
[INFO] Running org.openmrs.validator.DrugValidatorTest
[INFO] Tests run: 9, Failures: 0, Errors: 0, Skipped: 0, Time elapsed: 0.155 s - in org.openmrs.validator.DrugValidatorTest
[INFO] Running org.openmrs.validator.PersonMergeLogValidatorTest
[INFO] Tests run: 6, Failures: 0, Errors: 0, Skipped: 0, Time elapsed: 0.014 s - in org.openmrs.validator.PersonMergeLogValidatorTest
[INFO] Running org.openmrs.validator.BaseAttributeTypeValidatorTest
[INFO] Tests run: 16, Failures: 0, Errors: 0, Skipped: 0, Time elapsed: 2.801 s - in org.openmrs.validator.BaseAttributeTypeValidatorTest
[INFO] Running org.openmrs.validator.VisitValidatorTest
[WARNING] Tests run: 27, Failures: 0, Errors: 0, Skipped: 1, Time elapsed: 0.964 s - in org.openmrs.validator.VisitValidatorTest
[INFO] Running org.openmrs.validator.ReferralOrderValidatorTest
[INFO] Tests run: 2, Failures: 0, Errors: 0, Skipped: 0, Time elapsed: 0.009 s - in org.openmrs.validator.ReferralOrderValidatorTest
[INFO] Running org.openmrs.validator.SchedulerFormValidatorTest
[INFO] Tests run: 10, Failures: 0, Errors: 0, Skipped: 0, Time elapsed: 0.027 s - in org.openmrs.validator.SchedulerFormValidatorTest
[INFO] Running org.openmrs.validator.LocationTagValidatorTest
[INFO] Tests run: 2, Failures: 0, Errors: 0, Skipped: 0, Time elapsed: 0.006 s - in org.openmrs.validator.LocationTagValidatorTest
[INFO] Running org.openmrs.validator.ConceptReferenceTermValidatorTest
[Field error in object 'term' on field 'conceptReferenceTermMaps[1].termB': rejected value [weight term(WGT234)]; codes [ConceptReferenceTerm.termToTerm.alreadyMapped.term.conceptReferenceTermMaps[1].termB,ConceptReferenceTerm.termToTerm.alreadyMapped.term.conceptReferenceTermMaps.termB,ConceptReferenceTerm.termToTerm.alreadyMapped.conceptReferenceTermMaps[1].termB,ConceptReferenceTerm.termToTerm.alreadyMapped.conceptReferenceTermMaps.termB,ConceptReferenceTerm.termToTerm.alreadyMapped.termB,ConceptReferenceTerm.termToTerm.alreadyMapped.org.openmrs.ConceptReferenceTerm,ConceptReferenceTerm.termToTerm.alreadyMapped]; arguments []; default message [Cannot map a reference term multiple times to the same concept reference term]]
[WARNING] Tests run: 18, Failures: 0, Errors: 0, Skipped: 3, Time elapsed: 0.043 s - in org.openmrs.validator.ConceptReferenceTermValidatorTest
[INFO] Running org.openmrs.validator.FieldTypeValidatorTest
[INFO] Tests run: 5, Failures: 0, Errors: 0, Skipped: 0, Time elapsed: 0.011 s - in org.openmrs.validator.FieldTypeValidatorTest
[INFO] Running org.openmrs.validator.AllergyValidatorTest
[INFO] Tests run: 10, Failures: 0, Errors: 0, Skipped: 0, Time elapsed: 0.21 s - in org.openmrs.validator.AllergyValidatorTest
[INFO] Running org.openmrs.validator.VisitAttributeTypeValidatorTest
[INFO] Tests run: 2, Failures: 0, Errors: 0, Skipped: 0, Time elapsed: 0.005 s - in org.openmrs.validator.VisitAttributeTypeValidatorTest
[INFO] Running org.openmrs.validator.ConceptDrugValidatorTest
[INFO] Tests run: 3, Failures: 0, Errors: 0, Skipped: 0, Time elapsed: 0 s - in org.openmrs.validator.ConceptDrugValidatorTest
[INFO] Running org.openmrs.validator.ConceptMapTypeValidatorTest
[INFO] Tests run: 8, Failures: 0, Errors: 0, Skipped: 0, Time elapsed: 0.017 s - in org.openmrs.validator.ConceptMapTypeValidatorTest
[INFO] Running org.openmrs.validator.PersonAddressValidatorTest
[INFO] Tests run: 10, Failures: 0, Errors: 0, Skipped: 0, Time elapsed: 0.052 s - in org.openmrs.validator.PersonAddressValidatorTest
[INFO] Running org.openmrs.validator.ValidateUtilTest
[INFO] Tests run: 9, Failures: 0, Errors: 0, Skipped: 0, Time elapsed: 0.025 s - in org.openmrs.validator.ValidateUtilTest
[INFO] Running org.openmrs.validator.PrivilegeValidatorTest
[INFO] Tests run: 5, Failures: 0, Errors: 0, Skipped: 0, Time elapsed: 0.01 s - in org.openmrs.validator.PrivilegeValidatorTest
[INFO] Running org.openmrs.validator.PatientIdentifierTypeValidatorTest
[INFO] Tests run: 9, Failures: 0, Errors: 0, Skipped: 0, Time elapsed: 0.023 s - in org.openmrs.validator.PatientIdentifierTypeValidatorTest
[INFO] Running org.openmrs.validator.AlertValidatorTest
[INFO] Tests run: 5, Failures: 0, Errors: 0, Skipped: 0, Time elapsed: 0.011 s - in org.openmrs.validator.AlertValidatorTest
[INFO] Running org.openmrs.validator.CohortValidatorTest
[INFO] Tests run: 7, Failures: 0, Errors: 0, Skipped: 0, Time elapsed: 0.369 s - in org.openmrs.validator.CohortValidatorTest
[INFO] Running org.openmrs.validator.ConditionValidatorTest
[INFO] Tests run: 4, Failures: 0, Errors: 0, Skipped: 0, Time elapsed: 0 s - in org.openmrs.validator.ConditionValidatorTest
[INFO] Running org.openmrs.validator.PatientIdentifierValidatorTest
[INFO] Tests run: 20, Failures: 0, Errors: 0, Skipped: 0, Time elapsed: 0.085 s - in org.openmrs.validator.PatientIdentifierValidatorTest
[INFO] Running org.openmrs.validator.ProgramValidatorTest
[INFO] Tests run: 8, Failures: 0, Errors: 0, Skipped: 0, Time elapsed: 0.038 s - in org.openmrs.validator.ProgramValidatorTest
[INFO] Running org.openmrs.validator.RoleValidatorTest
[INFO] Tests run: 6, Failures: 0, Errors: 0, Skipped: 0, Time elapsed: 0.015 s - in org.openmrs.validator.RoleValidatorTest
[INFO] Running org.openmrs.validator.ConceptAttributeTypeValidatorTest
[INFO] Tests run: 8, Failures: 0, Errors: 0, Skipped: 0, Time elapsed: 0.129 s - in org.openmrs.validator.ConceptAttributeTypeValidatorTest
[INFO] Running org.openmrs.validator.OrderFrequencyValidatorTest
[INFO] Tests run: 9, Failures: 0, Errors: 0, Skipped: 0, Time elapsed: 0.038 s - in org.openmrs.validator.OrderFrequencyValidatorTest
[INFO] Running org.openmrs.validator.EncounterValidatorTest
[INFO] Tests run: 12, Failures: 0, Errors: 0, Skipped: 0, Time elapsed: 0.036 s - in org.openmrs.validator.EncounterValidatorTest
[INFO] Running org.openmrs.validator.OrderTypeValidatorTest
[INFO] Tests run: 14, Failures: 0, Errors: 0, Skipped: 0, Time elapsed: 0.045 s - in org.openmrs.validator.OrderTypeValidatorTest
[INFO] Running org.openmrs.validator.ConceptDatatypeValidatorTest
[INFO] Tests run: 5, Failures: 0, Errors: 0, Skipped: 0, Time elapsed: 0.01 s - in org.openmrs.validator.ConceptDatatypeValidatorTest
[INFO] Running org.openmrs.validator.LocationValidatorTest
[INFO] Tests run: 9, Failures: 0, Errors: 0, Skipped: 0, Time elapsed: 0.024 s - in org.openmrs.validator.LocationValidatorTest
[INFO] Running org.openmrs.validator.UserValidatorTest
[INFO] Tests run: 23, Failures: 0, Errors: 0, Skipped: 0, Time elapsed: 0.066 s - in org.openmrs.validator.UserValidatorTest
[INFO] Running org.openmrs.validator.PatientValidatorTest
[INFO] Tests run: 17, Failures: 0, Errors: 0, Skipped: 0, Time elapsed: 0.067 s - in org.openmrs.validator.PatientValidatorTest
[INFO] Running org.openmrs.validator.PersonNameValidatorTest
[WARNING] Tests run: 59, Failures: 0, Errors: 0, Skipped: 8, Time elapsed: 0.173 s - in org.openmrs.validator.PersonNameValidatorTest
[INFO] Running org.openmrs.validator.RequireNameValidatorTest
[INFO] Tests run: 2, Failures: 0, Errors: 0, Skipped: 0, Time elapsed: 0 s - in org.openmrs.validator.RequireNameValidatorTest
[INFO] Running org.openmrs.order.OrderUtilTest
[INFO] Tests run: 15, Failures: 0, Errors: 0, Skipped: 0, Time elapsed: 0 s - in org.openmrs.order.OrderUtilTest
[INFO] Running org.openmrs.RoleTest
[INFO] Tests run: 8, Failures: 0, Errors: 0, Skipped: 0, Time elapsed: 0 s - in org.openmrs.RoleTest
[INFO] Running org.openmrs.OrderEntryIntegrationTest
[INFO] Tests run: 15, Failures: 0, Errors: 0, Skipped: 0, Time elapsed: 0.442 s - in org.openmrs.OrderEntryIntegrationTest
[INFO] Running org.openmrs.logic.result.ResultTest
[INFO] Tests run: 17, Failures: 0, Errors: 0, Skipped: 0, Time elapsed: 0.002 s - in org.openmrs.logic.result.ResultTest
[INFO] Running org.openmrs.logic.result.EmptyResultTest
[INFO] Tests run: 2, Failures: 0, Errors: 0, Skipped: 0, Time elapsed: 0 s - in org.openmrs.logic.result.EmptyResultTest
[INFO] Running org.openmrs.CohortTest
[INFO] Tests run: 15, Failures: 0, Errors: 0, Skipped: 0, Time elapsed: 0.151 s - in org.openmrs.CohortTest
[INFO] Running org.openmrs.EncounterRoleTest
[INFO] Tests run: 1, Failures: 0, Errors: 0, Skipped: 0, Time elapsed: 0 s - in org.openmrs.EncounterRoleTest
[INFO] Running org.openmrs.ConceptComponentTest
[INFO] Tests run: 1, Failures: 0, Errors: 0, Skipped: 0, Time elapsed: 0 s - in org.openmrs.ConceptComponentTest
[INFO] Running org.openmrs.api.OpenmrsServiceTest
[WARNING] Tests run: 1, Failures: 0, Errors: 0, Skipped: 1, Time elapsed: 0 s - in org.openmrs.api.OpenmrsServiceTest
[INFO] Running org.openmrs.api.ConceptServiceTest
[WARNING] Tests run: 247, Failures: 0, Errors: 0, Skipped: 1, Time elapsed: 62.585 s - in org.openmrs.api.ConceptServiceTest
[INFO] Running org.openmrs.api.context.ContextWithModuleTest
[INFO] Tests run: 1, Failures: 0, Errors: 0, Skipped: 0, Time elapsed: 0.08 s - in org.openmrs.api.context.ContextWithModuleTest
[INFO] Running org.openmrs.api.context.ContextTest
[INFO] Tests run: 17, Failures: 0, Errors: 0, Skipped: 0, Time elapsed: 0.062 s - in org.openmrs.api.context.ContextTest
[INFO] Running org.openmrs.api.context.DaemonTest
[INFO] Tests run: 10, Failures: 0, Errors: 0, Skipped: 0, Time elapsed: 0.096 s - in org.openmrs.api.context.DaemonTest
[INFO] Running org.openmrs.api.VisitServiceTest
[INFO] Tests run: 68, Failures: 0, Errors: 0, Skipped: 0, Time elapsed: 1.229 s - in org.openmrs.api.VisitServiceTest
[INFO] Running org.openmrs.api.AdministrationServiceUnitTest
[INFO] Tests run: 5, Failures: 0, Errors: 0, Skipped: 0, Time elapsed: 0.021 s - in org.openmrs.api.AdministrationServiceUnitTest
[INFO] Running org.openmrs.api.impl.DiagnosisServiceImplTest
[INFO] Tests run: 31, Failures: 0, Errors: 0, Skipped: 0, Time elapsed: 1.429 s - in org.openmrs.api.impl.DiagnosisServiceImplTest
[INFO] Running org.openmrs.api.impl.PatientServiceImplTest
[INFO] Tests run: 14, Failures: 0, Errors: 0, Skipped: 0, Time elapsed: 0.188 s - in org.openmrs.api.impl.PatientServiceImplTest
[INFO] Running org.openmrs.api.impl.SerializationServiceImplTest
[INFO] Tests run: 1, Failures: 0, Errors: 0, Skipped: 0, Time elapsed: 0 s - in org.openmrs.api.impl.SerializationServiceImplTest
[INFO] Running org.openmrs.api.impl.GlobalLocaleListTest
[INFO] Tests run: 2, Failures: 0, Errors: 0, Skipped: 0, Time elapsed: 0 s - in org.openmrs.api.impl.GlobalLocaleListTest
[INFO] Running org.openmrs.api.impl.ConditionServiceImplTest
[INFO] Tests run: 12, Failures: 0, Errors: 0, Skipped: 0, Time elapsed: 0.192 s - in org.openmrs.api.impl.ConditionServiceImplTest
[INFO] Running org.openmrs.api.impl.ConceptServiceImplTest
[INFO] Tests run: 63, Failures: 0, Errors: 0, Skipped: 0, Time elapsed: 0.276 s - in org.openmrs.api.impl.ConceptServiceImplTest
[INFO] Running org.openmrs.api.EncounterServiceTest
[WARNING] Tests run: 146, Failures: 0, Errors: 0, Skipped: 2, Time elapsed: 18.75 s - in org.openmrs.api.EncounterServiceTest
[INFO] Running org.openmrs.api.ProgramWorkflowServiceUnitTest
[INFO] Tests run: 12, Failures: 0, Errors: 0, Skipped: 0, Time elapsed: 0.006 s - in org.openmrs.api.ProgramWorkflowServiceUnitTest
[INFO] Running org.openmrs.api.PatientServiceAllergyTest
[INFO] Tests run: 16, Failures: 0, Errors: 0, Skipped: 0, Time elapsed: 0.675 s - in org.openmrs.api.PatientServiceAllergyTest
[INFO] Running org.openmrs.api.ObsServiceTest
[INFO] Tests run: 80, Failures: 0, Errors: 0, Skipped: 0, Time elapsed: 1.798 s - in org.openmrs.api.ObsServiceTest
[INFO] Running org.openmrs.api.LocationServiceTest
[INFO] Tests run: 70, Failures: 0, Errors: 0, Skipped: 0, Time elapsed: 3.423 s - in org.openmrs.api.LocationServiceTest
[INFO] Running org.openmrs.api.cache.OpenmrsCacheManagerFactoryBeanTest
[INFO] Tests run: 1, Failures: 0, Errors: 0, Skipped: 0, Time elapsed: 0 s - in org.openmrs.api.cache.OpenmrsCacheManagerFactoryBeanTest
[INFO] Running org.openmrs.api.cache.CachePropertiesUtilTest
[INFO] Tests run: 1, Failures: 0, Errors: 0, Skipped: 0, Time elapsed: 0 s - in org.openmrs.api.cache.CachePropertiesUtilTest
[INFO] Running org.openmrs.api.PatientServiceTest
[WARNING] Tests run: 169, Failures: 0, Errors: 0, Skipped: 1, Time elapsed: 43.429 s - in org.openmrs.api.PatientServiceTest
[INFO] Running org.openmrs.api.OrderSetServiceTest
[INFO] Tests run: 21, Failures: 0, Errors: 0, Skipped: 0, Time elapsed: 0.617 s - in org.openmrs.api.OrderSetServiceTest
[INFO] Running org.openmrs.api.handler.PatientDataUnvoidHandlerTest
[INFO] Tests run: 3, Failures: 0, Errors: 0, Skipped: 0, Time elapsed: 2.085 s - in org.openmrs.api.handler.PatientDataUnvoidHandlerTest
[INFO] Running org.openmrs.api.handler.ConceptNameSaveHandlerTest
[INFO] Tests run: 4, Failures: 0, Errors: 0, Skipped: 0, Time elapsed: 0.006 s - in org.openmrs.api.handler.ConceptNameSaveHandlerTest
[INFO] Running org.openmrs.api.handler.BaseUnretireHandlerTest
[INFO] Tests run: 6, Failures: 0, Errors: 0, Skipped: 0, Time elapsed: 0 s - in org.openmrs.api.handler.BaseUnretireHandlerTest
[INFO] Running org.openmrs.api.handler.PersonSaveHandlerTest
[INFO] Tests run: 1, Failures: 0, Errors: 0, Skipped: 0, Time elapsed: 0 s - in org.openmrs.api.handler.PersonSaveHandlerTest
[INFO] Running org.openmrs.api.handler.RequiredReasonVoidSaveHandlerTest
[INFO] Tests run: 5, Failures: 0, Errors: 0, Skipped: 0, Time elapsed: 0.02 s - in org.openmrs.api.handler.RequiredReasonVoidSaveHandlerTest
[INFO] Running org.openmrs.api.handler.ExistingOrNewVisitAssignmentHandlerTest
[INFO] Tests run: 5, Failures: 0, Errors: 0, Skipped: 0, Time elapsed: 0.618 s - in org.openmrs.api.handler.ExistingOrNewVisitAssignmentHandlerTest
[INFO] Running org.openmrs.api.handler.BaseRetireHandlerTest
[INFO] Tests run: 8, Failures: 0, Errors: 0, Skipped: 0, Time elapsed: 0 s - in org.openmrs.api.handler.BaseRetireHandlerTest
[INFO] Running org.openmrs.api.handler.BaseVoidHandlerTest
[INFO] Tests run: 8, Failures: 0, Errors: 0, Skipped: 0, Time elapsed: 0 s - in org.openmrs.api.handler.BaseVoidHandlerTest
[INFO] Running org.openmrs.api.handler.ExistingVisitAssignmentHandlerTest
[INFO] Tests run: 3, Failures: 0, Errors: 0, Skipped: 0, Time elapsed: 0.363 s - in org.openmrs.api.handler.ExistingVisitAssignmentHandlerTest
[INFO] Running org.openmrs.api.handler.OpenmrsObjectSaveHandlerTest
[INFO] Tests run: 5, Failures: 0, Errors: 0, Skipped: 0, Time elapsed: 0 s - in org.openmrs.api.handler.OpenmrsObjectSaveHandlerTest
[INFO] Running org.openmrs.api.handler.OpenmrsMetadataSaveHandlerTest
[INFO] Tests run: 2, Failures: 0, Errors: 0, Skipped: 0, Time elapsed: 0 s - in org.openmrs.api.handler.OpenmrsMetadataSaveHandlerTest
[INFO] Running org.openmrs.api.handler.BaseUnvoidHandlerTest
[INFO] Tests run: 6, Failures: 0, Errors: 0, Skipped: 0, Time elapsed: 0 s - in org.openmrs.api.handler.BaseUnvoidHandlerTest
[INFO] Running org.openmrs.api.handler.PersonVoidHandlerTest
[INFO] Tests run: 8, Failures: 0, Errors: 0, Skipped: 0, Time elapsed: 0.015 s - in org.openmrs.api.handler.PersonVoidHandlerTest
[INFO] Running org.openmrs.api.handler.RequireVoidReasonVoidHandlerTest
[INFO] Tests run: 5, Failures: 0, Errors: 0, Skipped: 0, Time elapsed: 0.013 s - in org.openmrs.api.handler.RequireVoidReasonVoidHandlerTest
[INFO] Running org.openmrs.api.handler.PersonUnvoidHandlerTest
[INFO] Tests run: 6, Failures: 0, Errors: 0, Skipped: 0, Time elapsed: 0.001 s - in org.openmrs.api.handler.PersonUnvoidHandlerTest
[INFO] Running org.openmrs.api.handler.PatientDataVoidHandlerTest
[INFO] Tests run: 2, Failures: 0, Errors: 0, Skipped: 0, Time elapsed: 0.042 s - in org.openmrs.api.handler.PatientDataVoidHandlerTest
[INFO] Running org.openmrs.api.ProviderServiceTest
[INFO] Tests run: 40, Failures: 0, Errors: 0, Skipped: 0, Time elapsed: 1.501 s - in org.openmrs.api.ProviderServiceTest
[INFO] Running org.openmrs.api.PersonServiceTest
[INFO] Tests run: 148, Failures: 0, Errors: 0, Skipped: 0, Time elapsed: 3.184 s - in org.openmrs.api.PersonServiceTest
[INFO] Running org.openmrs.api.ProgramWorkflowServiceTest
[INFO] Tests run: 65, Failures: 0, Errors: 0, Skipped: 0, Time elapsed: 4.294 s - in org.openmrs.api.ProgramWorkflowServiceTest
[INFO] Running org.openmrs.api.CohortServiceTest
[INFO] Tests run: 39, Failures: 0, Errors: 0, Skipped: 0, Time elapsed: 1.697 s - in org.openmrs.api.CohortServiceTest
[INFO] Running org.openmrs.api.UserServiceTest
[WARNING] Tests run: 111, Failures: 0, Errors: 0, Skipped: 1, Time elapsed: 7.006 s - in org.openmrs.api.UserServiceTest
[INFO] Running org.openmrs.api.FormServiceTest
[INFO] Tests run: 48, Failures: 0, Errors: 0, Skipped: 0, Time elapsed: 0.389 s - in org.openmrs.api.FormServiceTest
[INFO] Running org.openmrs.api.AdministrationServiceTest
[WARNING] Tests run: 57, Failures: 0, Errors: 0, Skipped: 4, Time elapsed: 0.358 s - in org.openmrs.api.AdministrationServiceTest
[INFO] Running org.openmrs.api.db.ConceptDAOTest
[WARNING] Tests run: 13, Failures: 0, Errors: 0, Skipped: 2, Time elapsed: 0.258 s - in org.openmrs.api.db.ConceptDAOTest
[INFO] Running org.openmrs.api.db.EncounterDAOTest
[INFO] Tests run: 4, Failures: 0, Errors: 0, Skipped: 0, Time elapsed: 0.245 s - in org.openmrs.api.db.EncounterDAOTest
[INFO] Running org.openmrs.api.db.PersonDAOTest
[INFO] Tests run: 4, Failures: 0, Errors: 0, Skipped: 0, Time elapsed: 0.005 s - in org.openmrs.api.db.PersonDAOTest
[INFO] Running org.openmrs.api.db.ContextDAOTest
[INFO] Tests run: 24, Failures: 0, Errors: 0, Skipped: 0, Time elapsed: 0.37 s - in org.openmrs.api.db.ContextDAOTest
[INFO] Running org.openmrs.api.db.PatientDAOTest
[WARNING] Tests run: 159, Failures: 0, Errors: 0, Skipped: 1, Time elapsed: 49.194 s - in org.openmrs.api.db.PatientDAOTest
[INFO] Running org.openmrs.api.db.hibernate.HibernateLocationDAOTest
[INFO] Tests run: 3, Failures: 0, Errors: 0, Skipped: 0, Time elapsed: 0.155 s - in org.openmrs.api.db.hibernate.HibernateLocationDAOTest
[INFO] Running org.openmrs.api.db.hibernate.HibernateFormDAOTest
[INFO] Tests run: 1, Failures: 0, Errors: 0, Skipped: 0, Time elapsed: 0.021 s - in org.openmrs.api.db.hibernate.HibernateFormDAOTest
[INFO] Running org.openmrs.api.db.hibernate.HibernateDiagnosisDAOTest
[INFO] Tests run: 13, Failures: 0, Errors: 0, Skipped: 0, Time elapsed: 0.282 s - in org.openmrs.api.db.hibernate.HibernateDiagnosisDAOTest
[INFO] Running org.openmrs.api.db.hibernate.DropMillisecondsHibernateInterceptorTest
[INFO] Tests run: 4, Failures: 0, Errors: 0, Skipped: 0, Time elapsed: 0.008 s - in org.openmrs.api.db.hibernate.DropMillisecondsHibernateInterceptorTest
[INFO] Running org.openmrs.api.db.hibernate.AuditableInterceptorTest
[INFO] Tests run: 15, Failures: 0, Errors: 0, Skipped: 0, Time elapsed: 0.051 s - in org.openmrs.api.db.hibernate.AuditableInterceptorTest
[INFO] Running org.openmrs.api.db.hibernate.HibernateOrderDAOTest
[INFO] Tests run: 13, Failures: 0, Errors: 0, Skipped: 0, Time elapsed: 0.85 s - in org.openmrs.api.db.hibernate.HibernateOrderDAOTest
[INFO] Running org.openmrs.api.db.hibernate.PersonAttributeHelperTest
[INFO] Tests run: 5, Failures: 0, Errors: 0, Skipped: 0, Time elapsed: 0.218 s - in org.openmrs.api.db.hibernate.PersonAttributeHelperTest
[INFO] Running org.openmrs.api.db.hibernate.PatientSearchCriteriaTest
[INFO] Tests run: 18, Failures: 0, Errors: 0, Skipped: 0, Time elapsed: 0.059 s - in org.openmrs.api.db.hibernate.PatientSearchCriteriaTest
[INFO] Running org.openmrs.api.db.hibernate.HibernateAdministrationDAOTest
[INFO] Tests run: 4, Failures: 0, Errors: 0, Skipped: 0, Time elapsed: 0.006 s - in org.openmrs.api.db.hibernate.HibernateAdministrationDAOTest
[INFO] Running org.openmrs.api.db.hibernate.HibernateConditionDAOTest
[INFO] Tests run: 6, Failures: 0, Errors: 0, Skipped: 0, Time elapsed: 1.238 s - in org.openmrs.api.db.hibernate.HibernateConditionDAOTest
[INFO] Running org.openmrs.api.db.hibernate.ProviderDAOTest
[INFO] Tests run: 3, Failures: 0, Errors: 0, Skipped: 0, Time elapsed: 0.086 s - in org.openmrs.api.db.hibernate.ProviderDAOTest
[INFO] Running org.openmrs.api.db.hibernate.HibernateProviderDAOTest
[INFO] Tests run: 3, Failures: 0, Errors: 0, Skipped: 0, Time elapsed: 0.073 s - in org.openmrs.api.db.hibernate.HibernateProviderDAOTest
[INFO] Running org.openmrs.api.db.hibernate.HibernatePatientDAOTest
[INFO] Tests run: 10, Failures: 0, Errors: 0, Skipped: 0, Time elapsed: 1.927 s - in org.openmrs.api.db.hibernate.HibernatePatientDAOTest
[INFO] Running org.openmrs.api.db.hibernate.HibernatePersonDAOTest
[INFO] Tests run: 41, Failures: 0, Errors: 0, Skipped: 0, Time elapsed: 9.421 s - in org.openmrs.api.db.hibernate.HibernatePersonDAOTest
[INFO] Running org.openmrs.api.db.hibernate.HibernateConceptDAOTest
[INFO] Tests run: 11, Failures: 0, Errors: 0, Skipped: 0, Time elapsed: 2.498 s - in org.openmrs.api.db.hibernate.HibernateConceptDAOTest
[INFO] Running org.openmrs.api.db.hibernate.HibernateObsDAOTest
[INFO] Tests run: 1, Failures: 0, Errors: 0, Skipped: 0, Time elapsed: 0.008 s - in org.openmrs.api.db.hibernate.HibernateObsDAOTest
[INFO] Running org.openmrs.api.db.hibernate.ImmutableEntityInterceptorTest
[INFO] Tests run: 4, Failures: 0, Errors: 0, Skipped: 0, Time elapsed: 0.014 s - in org.openmrs.api.db.hibernate.ImmutableEntityInterceptorTest
[INFO] Running org.openmrs.api.db.SerializedObjectDAOTest
[WARNING] Tests run: 1, Failures: 0, Errors: 0, Skipped: 1, Time elapsed: 0 s - in org.openmrs.api.db.SerializedObjectDAOTest
[INFO] Running org.openmrs.api.db.UserDAOTest
[INFO] Tests run: 8, Failures: 0, Errors: 0, Skipped: 0, Time elapsed: 0.02 s - in org.openmrs.api.db.UserDAOTest
[INFO] Running org.openmrs.api.db.ProgramWorkflowDAOTest
[INFO] Tests run: 5, Failures: 0, Errors: 0, Skipped: 0, Time elapsed: 0.007 s - in org.openmrs.api.db.ProgramWorkflowDAOTest
[INFO] Running org.openmrs.api.db.VisitDAOTest
[INFO] Tests run: 3, Failures: 0, Errors: 0, Skipped: 0, Time elapsed: 0.18 s - in org.openmrs.api.db.VisitDAOTest
[INFO] Running org.openmrs.api.DatatypeServiceTest
[INFO] Tests run: 2, Failures: 0, Errors: 0, Skipped: 0, Time elapsed: 0.002 s - in org.openmrs.api.DatatypeServiceTest
[INFO] Running org.openmrs.api.OrderServiceTest
[WARNING] Tests run: 215, Failures: 0, Errors: 0, Skipped: 3, Time elapsed: 8.886 s - in org.openmrs.api.OrderServiceTest
[INFO] Running org.openmrs.DrugOrderTest
[INFO] Tests run: 22, Failures: 0, Errors: 0, Skipped: 0, Time elapsed: 0.063 s - in org.openmrs.DrugOrderTest
[INFO] Running org.openmrs.aop.AuthorizationAdviceTest
[INFO] Tests run: 2, Failures: 0, Errors: 0, Skipped: 0, Time elapsed: 0.008 s - in org.openmrs.aop.AuthorizationAdviceTest
[INFO] Running org.openmrs.aop.RequiredDataAdviceTest
[INFO] Tests run: 26, Failures: 0, Errors: 0, Skipped: 0, Time elapsed: 0.075 s - in org.openmrs.aop.RequiredDataAdviceTest
[INFO] Running org.openmrs.ProviderTest
[INFO] Tests run: 2, Failures: 0, Errors: 0, Skipped: 0, Time elapsed: 0 s - in org.openmrs.ProviderTest
[INFO] Running org.openmrs.util.JavaVersionTest
[INFO] Tests run: 1, Failures: 0, Errors: 0, Skipped: 0, Time elapsed: 0 s - in org.openmrs.util.JavaVersionTest
[INFO] Running org.openmrs.util.HttpClientTest
[INFO] Tests run: 1, Failures: 0, Errors: 0, Skipped: 0, Time elapsed: 0.028 s - in org.openmrs.util.HttpClientTest
[INFO] Running org.openmrs.util.NaturalStringsTest
[INFO] Tests run: 40, Failures: 0, Errors: 0, Skipped: 0, Time elapsed: 0.001 s - in org.openmrs.util.NaturalStringsTest
[INFO] Running org.openmrs.util.ExceptionUtilTest
[INFO] Tests run: 1, Failures: 0, Errors: 0, Skipped: 0, Time elapsed: 0 s - in org.openmrs.util.ExceptionUtilTest
[INFO] Running org.openmrs.util.DatabaseUpdaterTest
[INFO] Tests run: 5, Failures: 0, Errors: 0, Skipped: 0, Time elapsed: 6.444 s - in org.openmrs.util.DatabaseUpdaterTest
[INFO] Running org.openmrs.util.OpenmrsUtilUnitTest
[INFO] Tests run: 49, Failures: 0, Errors: 0, Skipped: 0, Time elapsed: 0.002 s - in org.openmrs.util.OpenmrsUtilUnitTest
[INFO] Running org.openmrs.util.ProviderByPersonNameComparatorTest
[INFO] Tests run: 6, Failures: 0, Errors: 0, Skipped: 0, Time elapsed: 0 s - in org.openmrs.util.ProviderByPersonNameComparatorTest
[INFO] Running org.openmrs.util.GraphTest
[INFO] Tests run: 2, Failures: 0, Errors: 0, Skipped: 0, Time elapsed: 0 s - in org.openmrs.util.GraphTest
[INFO] Running org.openmrs.util.OpenmrsUtilTest
[INFO] Tests run: 58, Failures: 0, Errors: 0, Skipped: 0, Time elapsed: 2.184 s - in org.openmrs.util.OpenmrsUtilTest
[INFO] Running org.openmrs.util.FormatTest
[INFO] Tests run: 8, Failures: 0, Errors: 0, Skipped: 0, Time elapsed: 0 s - in org.openmrs.util.FormatTest
[INFO] Running org.openmrs.util.DoubleRangeTest
[INFO] Tests run: 28, Failures: 0, Errors: 0, Skipped: 0, Time elapsed: 0.001 s - in org.openmrs.util.DoubleRangeTest
[INFO] Running org.openmrs.util.DrugsByNameComparatorTest
[INFO] Tests run: 4, Failures: 0, Errors: 0, Skipped: 0, Time elapsed: 0 s - in org.openmrs.util.DrugsByNameComparatorTest
[INFO] Running org.openmrs.util.PersonByNameComparatorTest
[INFO] Tests run: 4, Failures: 0, Errors: 0, Skipped: 0, Time elapsed: 0 s - in org.openmrs.util.PersonByNameComparatorTest
[INFO] Running org.openmrs.util.LocationUtilityTest
[INFO] Tests run: 2, Failures: 0, Errors: 0, Skipped: 0, Time elapsed: 0 s - in org.openmrs.util.LocationUtilityTest
[INFO] Running org.openmrs.util.HttpUrlTest
[INFO] Tests run: 6, Failures: 0, Errors: 0, Skipped: 0, Time elapsed: 0 s - in org.openmrs.util.HttpUrlTest
[INFO] Running org.openmrs.util.OpenmrsSecurityManagerTest
[INFO] Tests run: 2, Failures: 0, Errors: 0, Skipped: 0, Time elapsed: 0 s - in org.openmrs.util.OpenmrsSecurityManagerTest
[INFO] Running org.openmrs.util.databasechange.ClassLoaderFileOpenerTest
[INFO] Tests run: 3, Failures: 0, Errors: 0, Skipped: 0, Time elapsed: 0.014 s - in org.openmrs.util.databasechange.ClassLoaderFileOpenerTest
[INFO] Running org.openmrs.util.DateUtilTest
[INFO] Tests run: 1, Failures: 0, Errors: 0, Skipped: 0, Time elapsed: 0 s - in org.openmrs.util.DateUtilTest
[INFO] Running org.openmrs.util.SecurityTest
[INFO] Tests run: 7, Failures: 0, Errors: 0, Skipped: 0, Time elapsed: 0.064 s - in org.openmrs.util.SecurityTest
[INFO] Running org.openmrs.util.HandlerUtilTest
[INFO] Tests run: 6, Failures: 0, Errors: 0, Skipped: 0, Time elapsed: 0.011 s - in org.openmrs.util.HandlerUtilTest
[INFO] Running org.openmrs.util.UpgradeUtilTest
[INFO] Tests run: 2, Failures: 0, Errors: 0, Skipped: 0, Time elapsed: 0.005 s - in org.openmrs.util.UpgradeUtilTest
[INFO] Running org.openmrs.util.UserByNameComparatorTest
[INFO] Tests run: 1, Failures: 0, Errors: 0, Skipped: 0, Time elapsed: 0 s - in org.openmrs.util.UserByNameComparatorTest
[INFO] Running org.openmrs.util.ReflectTest
[INFO] Tests run: 18, Failures: 0, Errors: 0, Skipped: 0, Time elapsed: 0 s - in org.openmrs.util.ReflectTest
[INFO] Running org.openmrs.util.LocaleUtilityTest
[INFO] Tests run: 21, Failures: 0, Errors: 0, Skipped: 0, Time elapsed: 0.041 s - in org.openmrs.util.LocaleUtilityTest
[INFO] Running org.openmrs.ConceptReferenceTermTest
[INFO] Tests run: 3, Failures: 0, Errors: 0, Skipped: 0, Time elapsed: 0 s - in org.openmrs.ConceptReferenceTermTest
[INFO] Running org.openmrs.AllergiesTest
[INFO] Tests run: 26, Failures: 0, Errors: 0, Skipped: 0, Time elapsed: 0.518 s - in org.openmrs.AllergiesTest
[INFO] Running org.openmrs.UserTest
[INFO] Tests run: 9, Failures: 0, Errors: 0, Skipped: 0, Time elapsed: 0 s - in org.openmrs.UserTest
[INFO] Running org.openmrs.EncounterTest
[INFO] Tests run: 66, Failures: 0, Errors: 0, Skipped: 0, Time elapsed: 0.063 s - in org.openmrs.EncounterTest
[INFO] Running org.openmrs.EncounterTypeTest
[INFO] Tests run: 1, Failures: 0, Errors: 0, Skipped: 0, Time elapsed: 0 s - in org.openmrs.EncounterTypeTest
[INFO] Running org.openmrs.TestOrderTest
[INFO] Tests run: 4, Failures: 0, Errors: 0, Skipped: 0, Time elapsed: 0 s - in org.openmrs.TestOrderTest
[INFO] Running org.openmrs.BaseFormRecordableOpenmrsDataTest
[INFO] Tests run: 10, Failures: 0, Errors: 0, Skipped: 0, Time elapsed: 0 s - in org.openmrs.BaseFormRecordableOpenmrsDataTest
[INFO] Running org.openmrs.OpenmrsTestsTest
[INFO] Tests run: 5, Failures: 0, Errors: 0, Skipped: 0, Time elapsed: 0.056 s - in org.openmrs.OpenmrsTestsTest
[INFO] Running org.openmrs.ConceptTest
[INFO] Tests run: 73, Failures: 0, Errors: 0, Skipped: 0, Time elapsed: 0.217 s - in org.openmrs.ConceptTest
[INFO] Running org.openmrs.PersonAddressTest
[INFO] Tests run: 15, Failures: 0, Errors: 0, Skipped: 0, Time elapsed: 0 s - in org.openmrs.PersonAddressTest
[INFO] Running org.openmrs.test.matchers.HasFieldErrorsTest
[INFO] Tests run: 13, Failures: 0, Errors: 0, Skipped: 0, Time elapsed: 0.003 s - in org.openmrs.test.matchers.HasFieldErrorsTest
[INFO] Running org.openmrs.test.matchers.HasGlobalErrorsTest
[INFO] Tests run: 7, Failures: 0, Errors: 0, Skipped: 0, Time elapsed: 0 s - in org.openmrs.test.matchers.HasGlobalErrorsTest
[INFO] Running org.openmrs.OpenmrsTestAnnotationsTest
[INFO] Tests run: 2, Failures: 0, Errors: 0, Skipped: 0, Time elapsed: 0.177 s - in org.openmrs.OpenmrsTestAnnotationsTest
[INFO] Running org.openmrs.CohortMembershipTest
[INFO] Tests run: 21, Failures: 0, Errors: 0, Skipped: 0, Time elapsed: 0.006 s - in org.openmrs.CohortMembershipTest
[INFO] Running org.openmrs.ObsTest
[INFO] Tests run: 48, Failures: 0, Errors: 0, Skipped: 0, Time elapsed: 0.013 s - in org.openmrs.ObsTest
[INFO] Running org.openmrs.customdatatype.CustomDatatypeUtilTest
[INFO] Tests run: 1, Failures: 0, Errors: 0, Skipped: 0, Time elapsed: 0.633 s - in org.openmrs.customdatatype.CustomDatatypeUtilTest
[INFO] Running org.openmrs.customdatatype.datatype.DateDatatypeTest
[INFO] Tests run: 2, Failures: 0, Errors: 0, Skipped: 0, Time elapsed: 0 s - in org.openmrs.customdatatype.datatype.DateDatatypeTest
[INFO] Running org.openmrs.customdatatype.datatype.BaseMetadataDatatypeTest
[INFO] Tests run: 1, Failures: 0, Errors: 0, Skipped: 0, Time elapsed: 0 s - in org.openmrs.customdatatype.datatype.BaseMetadataDatatypeTest
[INFO] Running org.openmrs.customdatatype.datatype.RegexValidatedTextTest
[INFO] Tests run: 3, Failures: 0, Errors: 0, Skipped: 0, Time elapsed: 0 s - in org.openmrs.customdatatype.datatype.RegexValidatedTextTest
[INFO] Running org.openmrs.customdatatype.datatype.BaseOpenmrsDatatypeTest
[INFO] Tests run: 1, Failures: 0, Errors: 0, Skipped: 0, Time elapsed: 0 s - in org.openmrs.customdatatype.datatype.BaseOpenmrsDatatypeTest
[INFO] Running org.openmrs.hl7.HL7UtilTest
[INFO] Tests run: 5, Failures: 0, Errors: 0, Skipped: 0, Time elapsed: 0 s - in org.openmrs.hl7.HL7UtilTest
[INFO] Running org.openmrs.hl7.handler.ORUR01HandlerTest
[INFO] Tests run: 39, Failures: 0, Errors: 0, Skipped: 0, Time elapsed: 3.995 s - in org.openmrs.hl7.handler.ORUR01HandlerTest
[INFO] Running org.openmrs.hl7.HL7ServiceTest
[WARNING] Tests run: 29, Failures: 0, Errors: 0, Skipped: 2, Time elapsed: 1.515 s - in org.openmrs.hl7.HL7ServiceTest
[INFO] Running org.openmrs.ConceptNumericTest
[INFO] Tests run: 8, Failures: 0, Errors: 0, Skipped: 0, Time elapsed: 0.017 s - in org.openmrs.ConceptNumericTest
[INFO] Running org.openmrs.layout.name.NameTemplateTest
[INFO] Tests run: 2, Failures: 0, Errors: 0, Skipped: 0, Time elapsed: 0.001 s - in org.openmrs.layout.name.NameTemplateTest
[INFO] Running org.openmrs.module.ModuleActivatorTest
[INFO] Tests run: 11, Failures: 0, Errors: 0, Skipped: 0, Time elapsed: 0.844 s - in org.openmrs.module.ModuleActivatorTest
[INFO] Running org.openmrs.module.ModuleFileParserTest
[INFO] Tests run: 6, Failures: 0, Errors: 0, Skipped: 0, Time elapsed: 0.046 s - in org.openmrs.module.ModuleFileParserTest
[INFO] Running org.openmrs.module.ModuleUtilTest
[INFO] Tests run: 56, Failures: 0, Errors: 0, Skipped: 0, Time elapsed: 0.122 s - in org.openmrs.module.ModuleUtilTest
[INFO] Running org.openmrs.module.ModuleClassLoaderTest
[INFO] Tests run: 10, Failures: 0, Errors: 0, Skipped: 0, Time elapsed: 0.014 s - in org.openmrs.module.ModuleClassLoaderTest
[INFO] Running org.openmrs.module.ModuleFactoryTest
[INFO] Tests run: 9, Failures: 0, Errors: 0, Skipped: 0, Time elapsed: 0.21 s - in org.openmrs.module.ModuleFactoryTest
[INFO] Running org.openmrs.module.ModuleFileParserUnitTest
[Fatal Error] :1:67: XML document structures must start and end within the same entity.
[Fatal Error] :-1:-1: Premature end of file.
[INFO] Tests run: 73, Failures: 0, Errors: 0, Skipped: 0, Time elapsed: 0.186 s - in org.openmrs.module.ModuleFileParserUnitTest
[INFO] Running org.openmrs.module.VersionComparatorTest
[INFO] Tests run: 1, Failures: 0, Errors: 0, Skipped: 0, Time elapsed: 0 s - in org.openmrs.module.VersionComparatorTest
[INFO] Running org.openmrs.module.ModuleExtensionsTest
[INFO] Tests run: 10, Failures: 0, Errors: 0, Skipped: 0, Time elapsed: 0.001 s - in org.openmrs.module.ModuleExtensionsTest
[INFO] Running org.openmrs.module.UpdateFileParserTest
[INFO] Tests run: 3, Failures: 0, Errors: 0, Skipped: 0, Time elapsed: 0 s - in org.openmrs.module.UpdateFileParserTest
[INFO] Running org.openmrs.module.ModuleTest
[INFO] Tests run: 9, Failures: 0, Errors: 0, Skipped: 0, Time elapsed: 0.001 s - in org.openmrs.module.ModuleTest
[INFO] Running org.openmrs.module.ModuleInteroperabilityTest
[INFO] Tests run: 1, Failures: 0, Errors: 0, Skipped: 0, Time elapsed: 0.471 s - in org.openmrs.module.ModuleInteroperabilityTest
[INFO] Running org.openmrs.logging.MemoryAppenderTest
[INFO] Tests run: 3, Failures: 0, Errors: 0, Skipped: 0, Time elapsed: 0.004 s - in org.openmrs.logging.MemoryAppenderTest
[INFO] Running org.openmrs.logging.Log4JCompatibilityTest
[INFO] Tests run: 1, Failures: 0, Errors: 0, Skipped: 0, Time elapsed: 0 s - in org.openmrs.logging.Log4JCompatibilityTest
[INFO] Running org.openmrs.SimpleDosingInstructionsTest
[INFO] Tests run: 10, Failures: 0, Errors: 0, Skipped: 0, Time elapsed: 0.811 s - in org.openmrs.SimpleDosingInstructionsTest
[INFO] Running org.openmrs.annotation.StartModuleAnnotationReuseTest
[INFO] Tests run: 1, Failures: 0, Errors: 0, Skipped: 0, Time elapsed: 0.94 s - in org.openmrs.annotation.StartModuleAnnotationReuseTest
[INFO] Running org.openmrs.annotation.OpenmrsProfileExcludeFilterTest
[WARNING] Tests run: 8, Failures: 0, Errors: 0, Skipped: 2, Time elapsed: 0.826 s - in org.openmrs.annotation.OpenmrsProfileExcludeFilterTest
[INFO] Running org.openmrs.annotation.OpenmrsProfileExcludeFilterWithModulesTest
[INFO] Tests run: 1, Failures: 0, Errors: 0, Skipped: 0, Time elapsed: 0.932 s - in org.openmrs.annotation.OpenmrsProfileExcludeFilterWithModulesTest
[INFO] Running org.openmrs.annotation.StartModuleAnnotationTest
[INFO] Tests run: 1, Failures: 0, Errors: 0, Skipped: 0, Time elapsed: 0.894 s - in org.openmrs.annotation.StartModuleAnnotationTest
[INFO] Running org.openmrs.annotation.OpenmrsProfileIncludeFilterTest
[INFO] Tests run: 2, Failures: 0, Errors: 0, Skipped: 0, Time elapsed: 0.81 s - in org.openmrs.annotation.OpenmrsProfileIncludeFilterTest
[INFO] Running org.openmrs.PatientStateTest
[INFO] Tests run: 13, Failures: 0, Errors: 0, Skipped: 0, Time elapsed: 0 s - in org.openmrs.PatientStateTest
[INFO] Running org.openmrs.PersonTest
[INFO] Tests run: 36, Failures: 0, Errors: 0, Skipped: 0, Time elapsed: 0.879 s - in org.openmrs.PersonTest
[INFO] Running org.openmrs.patient.impl.VerhoeffIdentifierValidatorTest
[INFO] Tests run: 8, Failures: 0, Errors: 0, Skipped: 0, Time elapsed: 0.005 s - in org.openmrs.patient.impl.VerhoeffIdentifierValidatorTest
[INFO] Running org.openmrs.patient.impl.LuhnIdentifierValidatorTest
[INFO] Tests run: 3, Failures: 0, Errors: 0, Skipped: 0, Time elapsed: 0 s - in org.openmrs.patient.impl.LuhnIdentifierValidatorTest
[INFO] Running org.openmrs.notification.MessageTest
[INFO] Tests run: 4, Failures: 0, Errors: 0, Skipped: 0, Time elapsed: 0 s - in org.openmrs.notification.MessageTest
[INFO] Running org.openmrs.notification.db.hibernate.HibernateAlertDAOTest
[INFO] Tests run: 5, Failures: 0, Errors: 0, Skipped: 0, Time elapsed: 0.891 s - in org.openmrs.notification.db.hibernate.HibernateAlertDAOTest
[INFO] Running org.openmrs.notification.AlertServiceTest
[INFO] Tests run: 3, Failures: 0, Errors: 0, Skipped: 0, Time elapsed: 0.819 s - in org.openmrs.notification.AlertServiceTest
[INFO] Running org.openmrs.LocationTest
[INFO] Tests run: 3, Failures: 0, Errors: 0, Skipped: 0, Time elapsed: 0 s - in org.openmrs.LocationTest
[INFO] Running org.openmrs.serialization.JavaSerializationTest
[INFO] Tests run: 2, Failures: 0, Errors: 0, Skipped: 0, Time elapsed: 0.012 s - in org.openmrs.serialization.JavaSerializationTest
[INFO] Running org.openmrs.serialization.SimpleXStreamSerializerTest
Security framework of XStream not explicitly initialized, using predefined black list on your own risk.
Security framework of XStream not explicitly initialized, using predefined black list on your own risk.
Security framework of XStream not explicitly initialized, using predefined black list on your own risk.
[INFO] Tests run: 5, Failures: 0, Errors: 0, Skipped: 0, Time elapsed: 0.008 s - in org.openmrs.serialization.SimpleXStreamSerializerTest
[INFO] Running org.openmrs.BaseCustomizableMetadataTest
[INFO] Tests run: 2, Failures: 0, Errors: 0, Skipped: 0, Time elapsed: 0.893 s - in org.openmrs.BaseCustomizableMetadataTest
[INFO] Running org.openmrs.ReferralOrderTest
[INFO] Tests run: 4, Failures: 0, Errors: 0, Skipped: 0, Time elapsed: 0 s - in org.openmrs.ReferralOrderTest
[INFO] Running org.openmrs.util.ThreadSafeCircularFifoQueueTest
[INFO] Tests run: 36, Failures: 0, Errors: 0, Skipped: 0, Time elapsed: 0.018 s - in org.openmrs.util.ThreadSafeCircularFifoQueueTest
[INFO] Running org.openmrs.annotation.StartModuleAnnotationReuseJUnit4Test
[INFO] Tests run: 1, Failures: 0, Errors: 0, Skipped: 0, Time elapsed: 0.944 s - in org.openmrs.annotation.StartModuleAnnotationReuseJUnit4Test
[INFO] Running org.openmrs.annotation.OpenmrsProfileExcludeFilterWithModulesJUnit4Test
[INFO] Tests run: 1, Failures: 0, Errors: 0, Skipped: 0, Time elapsed: 0.93 s - in org.openmrs.annotation.OpenmrsProfileExcludeFilterWithModulesJUnit4Test
[INFO] Running org.openmrs.annotation.StartModuleAnnotationJUnit4Test
[INFO] Tests run: 1, Failures: 0, Errors: 0, Skipped: 0, Time elapsed: 1.068 s - in org.openmrs.annotation.StartModuleAnnotationJUnit4Test
[INFO] 
[INFO] Results:
[INFO] 
[WARNING] Tests run: 4413, Failures: 0, Errors: 0, Skipped: 36
[INFO] 
[INFO] 
[INFO] --------------------< org.openmrs.web:openmrs-web >---------------------
[INFO] Building openmrs-web 2.6.0-SNAPSHOT                                [5/7]
[INFO] --------------------------------[ jar ]---------------------------------
[INFO] 
[INFO] --- maven-clean-plugin:2.5:clean (default-clean) @ openmrs-web ---
[INFO] Deleting /home/gabsko/breaking-updates/web/target
[INFO] 
[INFO] --- buildnumber-maven-plugin:3.0.0:create (default) @ openmrs-web ---
[INFO] 
[INFO] --- build-helper-maven-plugin:3.3.0:parse-version (parse-version) @ openmrs-web ---
[INFO] 
[INFO] --- jacoco-maven-plugin:0.8.7:prepare-agent (prepare-agent) @ openmrs-web ---
[INFO] argLine set to -javaagent:/home/gabsko/.m2/repository/org/jacoco/org.jacoco.agent/0.8.7/org.jacoco.agent-0.8.7-runtime.jar=destfile=/home/gabsko/breaking-updates/web/target/jacoco.exec,includes=org/openmrs/** -Duser.language=en -Duser.region=US -Xmx1g -Djava.locale.providers=COMPAT
[INFO] 
[INFO] --- maven-java-formatter-plugin:0.3:format (default) @ openmrs-web ---
[INFO] Using 'UTF-8' encoding to format source files.
[INFO] Number of files to be formatted: 59
[INFO] Successfully formatted: 0 file(s)
[INFO] Fail to format        : 0 file(s)
[INFO] Skipped               : 59 file(s)
[INFO] Approximate time taken: 0s
[INFO] 
[INFO] --- maven-resources-plugin:3.2.0:resources (default-resources) @ openmrs-web ---
[INFO] Using 'UTF-8' encoding to copy filtered resources.
[INFO] Using 'UTF-8' encoding to copy filtered properties files.
[INFO] Copying 22 resources
[INFO] 
[INFO] --- maven-compiler-plugin:3.9.0:compile (default-compile) @ openmrs-web ---
[INFO] Changes detected - recompiling the module!
[INFO] Compiling 40 source files to /home/gabsko/breaking-updates/web/target/classes
[INFO] /home/gabsko/breaking-updates/web/src/main/java/org/openmrs/web/WebUtil.java: Some input files use or override a deprecated API.
[INFO] /home/gabsko/breaking-updates/web/src/main/java/org/openmrs/web/WebUtil.java: Recompile with -Xlint:deprecation for details.
[INFO] /home/gabsko/breaking-updates/web/src/main/java/org/openmrs/module/web/ModuleServlet.java: /home/gabsko/breaking-updates/web/src/main/java/org/openmrs/module/web/ModuleServlet.java uses unchecked or unsafe operations.
[INFO] /home/gabsko/breaking-updates/web/src/main/java/org/openmrs/module/web/ModuleServlet.java: Recompile with -Xlint:unchecked for details.
[INFO] 
[INFO] --- maven-resources-plugin:3.2.0:testResources (default-testResources) @ openmrs-web ---
[INFO] Using 'UTF-8' encoding to copy filtered resources.
[INFO] Using 'UTF-8' encoding to copy filtered properties files.
[INFO] Copying 3 resources
[INFO] 
[INFO] --- maven-compiler-plugin:3.9.0:testCompile (default-testCompile) @ openmrs-web ---
[INFO] Changes detected - recompiling the module!
[INFO] Compiling 19 source files to /home/gabsko/breaking-updates/web/target/test-classes
[INFO] /home/gabsko/breaking-updates/web/src/test/java/org/openmrs/web/filter/update/UpdateFilterModelTest.java: Some input files use or override a deprecated API.
[INFO] /home/gabsko/breaking-updates/web/src/test/java/org/openmrs/web/filter/update/UpdateFilterModelTest.java: Recompile with -Xlint:deprecation for details.
[INFO] 
[INFO] --- maven-surefire-plugin:2.22.2:test (default-test) @ openmrs-web ---
[INFO] 
[INFO] -------------------------------------------------------
[INFO]  T E S T S
[INFO] -------------------------------------------------------
[INFO] Running org.openmrs.web.context.AltAuthSchemeContextTest
21:11:54.496 [main] ERROR org.openmrs.api.context.Context - serviceContext is null.  Creating new ServiceContext()
[INFO] Tests run: 1, Failures: 0, Errors: 0, Skipped: 0, Time elapsed: 8.524 s - in org.openmrs.web.context.AltAuthSchemeContextTest
[INFO] Running org.openmrs.web.WebDaemonTest
[INFO] Tests run: 1, Failures: 0, Errors: 0, Skipped: 0, Time elapsed: 0.009 s - in org.openmrs.web.WebDaemonTest
[INFO] Running org.openmrs.web.WebUtilTest
[INFO] Tests run: 14, Failures: 0, Errors: 0, Skipped: 0, Time elapsed: 0.006 s - in org.openmrs.web.WebUtilTest
[INFO] Running org.openmrs.web.filter.update.GZIPFilterTest
[INFO] Tests run: 1, Failures: 0, Errors: 0, Skipped: 0, Time elapsed: 0.118 s - in org.openmrs.web.filter.update.GZIPFilterTest
[INFO] Running org.openmrs.web.filter.update.util.FilterUtilTest
[WARNING] Tests run: 2, Failures: 0, Errors: 0, Skipped: 2, Time elapsed: 0.002 s - in org.openmrs.web.filter.update.util.FilterUtilTest
[INFO] Running org.openmrs.web.filter.update.UpdateFilterModelTest
[INFO] Tests run: 6, Failures: 0, Errors: 0, Skipped: 0, Time elapsed: 0.044 s - in org.openmrs.web.filter.update.UpdateFilterModelTest
[INFO] Running org.openmrs.web.filter.update.UpdateFilterTest
[INFO] Tests run: 5, Failures: 0, Errors: 0, Skipped: 0, Time elapsed: 0.161 s - in org.openmrs.web.filter.update.UpdateFilterTest
[INFO] Running org.openmrs.web.filter.startuperror.StartupErrorFilterTest
[INFO] Tests run: 3, Failures: 0, Errors: 0, Skipped: 0, Time elapsed: 0.001 s - in org.openmrs.web.filter.startuperror.StartupErrorFilterTest
[INFO] Running org.openmrs.web.filter.initialization.DatabaseDetectiveTest
[INFO] Tests run: 2, Failures: 0, Errors: 0, Skipped: 0, Time elapsed: 0 s - in org.openmrs.web.filter.initialization.DatabaseDetectiveTest
[INFO] Running org.openmrs.module.web.WebModuleUtilTest
[INFO] Tests run: 9, Failures: 0, Errors: 0, Skipped: 0, Time elapsed: 0.196 s - in org.openmrs.module.web.WebModuleUtilTest
[INFO] Running org.openmrs.module.filter.ModuleFilterDefinitionTest
[INFO] Tests run: 4, Failures: 0, Errors: 0, Skipped: 0, Time elapsed: 0.005 s - in org.openmrs.module.filter.ModuleFilterDefinitionTest
[INFO] 
[INFO] Results:
[INFO] 
[WARNING] Tests run: 48, Failures: 0, Errors: 0, Skipped: 2
[INFO] 
[INFO] 
[INFO] -------------------< org.openmrs.web:openmrs-webapp >-------------------
[INFO] Building openmrs-webapp 2.6.0-SNAPSHOT                             [6/7]
[INFO] --------------------------------[ war ]---------------------------------
[INFO] 
[INFO] --- maven-clean-plugin:2.5:clean (default-clean) @ openmrs-webapp ---
[INFO] Deleting /home/gabsko/breaking-updates/webapp/target
[INFO] 
[INFO] --- buildnumber-maven-plugin:3.0.0:create (default) @ openmrs-webapp ---
[INFO] 
[INFO] --- build-helper-maven-plugin:3.3.0:parse-version (parse-version) @ openmrs-webapp ---
[INFO] 
[INFO] --- maven-resources-plugin:3.2.0:resources (default-resources) @ openmrs-webapp ---
[INFO] Using 'UTF-8' encoding to copy filtered resources.
[INFO] Using 'UTF-8' encoding to copy filtered properties files.
[INFO] Copying 2 resources
[INFO] Copying 1 resource to ../jetty
[INFO] 
[INFO] --- maven-antrun-plugin:3.0.0:run (default) @ openmrs-webapp ---
[INFO] Executing tasks
[INFO]     [unzip] Expanding: /home/gabsko/breaking-updates/webapp/src/main/resources/liquibase-demo-data.zip into /home/gabsko/breaking-updates/webapp/target/classes
[INFO] Executed tasks
[INFO] 
[INFO] --- maven-compiler-plugin:3.9.0:compile (default-compile) @ openmrs-webapp ---
[INFO] No sources to compile
[INFO] 
[INFO] --- maven-resources-plugin:3.2.0:testResources (default-testResources) @ openmrs-webapp ---
[INFO] Using 'UTF-8' encoding to copy filtered resources.
[INFO] Using 'UTF-8' encoding to copy filtered properties files.
[INFO] Copying 1 resource
[INFO] 
[INFO] --- maven-compiler-plugin:3.9.0:testCompile (default-testCompile) @ openmrs-webapp ---
[INFO] No sources to compile
[INFO] 
[INFO] --- maven-surefire-plugin:2.22.2:test (default-test) @ openmrs-webapp ---
[INFO] 
[INFO] --------------< org.openmrs.liquibase:openmrs-liquibase >---------------
[INFO] Building openmrs-liquibase 2.6.0-SNAPSHOT                          [7/7]
[INFO] --------------------------------[ jar ]---------------------------------
[INFO] 
[INFO] --- maven-clean-plugin:2.5:clean (default-clean) @ openmrs-liquibase ---
[INFO] Deleting /home/gabsko/breaking-updates/liquibase/target
[INFO] 
[INFO] --- buildnumber-maven-plugin:3.0.0:create (default) @ openmrs-liquibase ---
[INFO] 
[INFO] --- build-helper-maven-plugin:3.3.0:parse-version (parse-version) @ openmrs-liquibase ---
[INFO] 
[INFO] --- maven-resources-plugin:3.2.0:resources (default-resources) @ openmrs-liquibase ---
[INFO] Using 'UTF-8' encoding to copy filtered resources.
[INFO] Using 'UTF-8' encoding to copy filtered properties files.
[INFO] Copying 1 resource
[INFO] 
[INFO] --- maven-compiler-plugin:3.9.0:compile (default-compile) @ openmrs-liquibase ---
[INFO] Changes detected - recompiling the module!
[INFO] Compiling 4 source files to /home/gabsko/breaking-updates/liquibase/target/classes
[INFO] 
[INFO] --- maven-resources-plugin:3.2.0:testResources (default-testResources) @ openmrs-liquibase ---
[INFO] Using 'UTF-8' encoding to copy filtered resources.
[INFO] Using 'UTF-8' encoding to copy filtered properties files.
[INFO] Copying 7 resources
[INFO] 
[INFO] --- maven-compiler-plugin:3.9.0:testCompile (default-testCompile) @ openmrs-liquibase ---
[INFO] Changes detected - recompiling the module!
[INFO] Compiling 4 source files to /home/gabsko/breaking-updates/liquibase/target/test-classes
[INFO] 
[INFO] --- maven-surefire-plugin:2.22.2:test (default-test) @ openmrs-liquibase ---
[INFO] 
[INFO] -------------------------------------------------------
[INFO]  T E S T S
[INFO] -------------------------------------------------------
[INFO] Running org.openmrs.liquibase.SchemaOnlyTunerTest
[INFO] Tests run: 0, Failures: 0, Errors: 0, Skipped: 0, Time elapsed: 0.001 s - in org.openmrs.liquibase.SchemaOnlyTunerTest
[INFO] Running org.openmrs.liquibase.CoreDataTunerTest
[INFO] Tests run: 0, Failures: 0, Errors: 0, Skipped: 0, Time elapsed: 0 s - in org.openmrs.liquibase.CoreDataTunerTest
[INFO] Running org.openmrs.liquibase.MainTest
[INFO] Tests run: 0, Failures: 0, Errors: 0, Skipped: 0, Time elapsed: 0 s - in org.openmrs.liquibase.MainTest
[INFO] Running org.openmrs.liquibase.AbstractSnapshotTunerTest
[INFO] Tests run: 0, Failures: 0, Errors: 0, Skipped: 0, Time elapsed: 0 s - in org.openmrs.liquibase.AbstractSnapshotTunerTest
[INFO] 
[INFO] Results:
[INFO] 
[INFO] Tests run: 0, Failures: 0, Errors: 0, Skipped: 0
[INFO] 
[INFO] ------------------------------------------------------------------------
[INFO] Reactor Summary for OpenMRS 2.6.0-SNAPSHOT:
[INFO] 
[INFO] OpenMRS ............................................ SUCCESS [  0.399 s]
[INFO] openmrs-tools ...................................... SUCCESS [  0.232 s]
[INFO] openmrs-test ....................................... SUCCESS [  0.004 s]
[INFO] openmrs-api ........................................ SUCCESS [04:56 min]
[INFO] openmrs-web ........................................ SUCCESS [ 10.904 s]
[INFO] openmrs-webapp ..................................... SUCCESS [  0.390 s]
[INFO] openmrs-liquibase .................................. SUCCESS [  0.601 s]
[INFO] ------------------------------------------------------------------------
[INFO] BUILD SUCCESS
[INFO] ------------------------------------------------------------------------
[INFO] Total time:  05:09 min
[INFO] Finished at: 2023-01-13T21:12:04Z
[INFO] ------------------------------------------------------------------------
