[INFO] Scanning for projects...
[INFO] ------------------------------------------------------------------------
[INFO] Reactor Build Order:
[INFO] 
[INFO] Yamcs                                                              [pom]
[INFO] Yamcs :: API                                                       [jar]
[INFO] Yamcs :: Yamcs Client                                              [jar]
[INFO] Yamcs :: XTCE                                                      [jar]
[INFO] Yamcs :: Core                                                      [jar]
[INFO] Yamcs :: TSE                                                       [jar]
[INFO] Yamcs :: Simulator                                                 [jar]
[INFO] Yamcs :: Web Interface                                             [jar]
[INFO] Yamcs :: Examples                                                  [pom]
[INFO] Yamcs :: Examples :: CCSDS Frames                                  [jar]
[INFO] Yamcs :: Examples :: CFDP                                          [jar]
[INFO] Yamcs :: Examples :: Replication1                                  [jar]
[INFO] Yamcs :: Examples :: Replication2                                  [jar]
[INFO] Yamcs :: Examples :: Replication3                                  [jar]
[INFO] Yamcs :: Examples :: Simulation                                    [jar]
[INFO] Yamcs :: Examples :: Snippets                                      [jar]
[INFO] Yamcs :: Examples :: Templates                                     [jar]
[INFO] Yamcs :: Packet Viewer                                             [jar]
[INFO] Yamcs :: Distribution                                              [pom]
[INFO] 
[INFO] --------------------------< org.yamcs:yamcs >---------------------------
[INFO] Building Yamcs 5.1.4-SNAPSHOT                                     [1/19]
[INFO] --------------------------------[ pom ]---------------------------------
[INFO] 
[INFO] --- maven-clean-plugin:2.4.1:clean (default-clean) @ yamcs ---
[INFO] 
[INFO] ------------------------< org.yamcs:yamcs-api >-------------------------
[INFO] Building Yamcs :: API 5.1.4-SNAPSHOT                              [2/19]
[INFO] --------------------------------[ jar ]---------------------------------
[INFO] 
[INFO] --- maven-clean-plugin:2.4.1:clean (default-clean) @ yamcs-api ---
[INFO] Deleting /home/gabsko/breaking-updates/yamcs-api/target
[INFO] 
[INFO] --- os-maven-plugin:1.6.2:detect (default) @ yamcs-api ---
[INFO] ------------------------------------------------------------------------
[INFO] Detecting the operating system and CPU architecture
[INFO] ------------------------------------------------------------------------
[INFO] os.detected.name: linux
[INFO] os.detected.arch: x86_64
[INFO] os.detected.version: 5.4
[INFO] os.detected.version.major: 5
[INFO] os.detected.version.minor: 4
[INFO] os.detected.release: ubuntu
[INFO] os.detected.release.version: 18.04
[INFO] os.detected.release.like.ubuntu: true
[INFO] os.detected.release.like.debian: true
[INFO] os.detected.classifier: linux-x86_64
[INFO] 
[INFO] --- protobuf-maven-plugin:0.6.1:compile (default) @ yamcs-api ---
[INFO] Building protoc plugin: yamcs
[INFO] Will write descriptor set:
[INFO]  /home/gabsko/breaking-updates/yamcs-api/target/generated-resources/protobuf/yamcs-api.protobin
[INFO] Compiling 32 proto file(s) to /home/gabsko/breaking-updates/yamcs-api/target/generated-sources/protobuf/java
[INFO] 
[INFO] --- maven-resources-plugin:3.1.0:resources (default-resources) @ yamcs-api ---
[INFO] Using 'UTF-8' encoding to copy filtered resources.
[INFO] skip non existing resourceDirectory /home/gabsko/breaking-updates/yamcs-api/src/main/resources
[INFO] Copying 1 resource
[INFO] Copying 32 resources
[INFO] 
[INFO] --- maven-compiler-plugin:3.8.0:compile (default-compile) @ yamcs-api ---
[INFO] Changes detected - recompiling the module!
[INFO] Compiling 576 source files to /home/gabsko/breaking-updates/yamcs-api/target/classes
[INFO] /home/gabsko/breaking-updates/yamcs-api/target/generated-sources/protobuf/java/org/yamcs/protobuf/ThreadInfo.java: Some input files use or override a deprecated API.
[INFO] /home/gabsko/breaking-updates/yamcs-api/target/generated-sources/protobuf/java/org/yamcs/protobuf/ThreadInfo.java: Recompile with -Xlint:deprecation for details.
[INFO] 
[INFO] --- maven-resources-plugin:3.1.0:testResources (default-testResources) @ yamcs-api ---
[INFO] Using 'UTF-8' encoding to copy filtered resources.
[INFO] skip non existing resourceDirectory /home/gabsko/breaking-updates/yamcs-api/src/test/resources
[INFO] 
[INFO] --- maven-compiler-plugin:3.8.0:testCompile (default-testCompile) @ yamcs-api ---
[INFO] No sources to compile
[INFO] 
[INFO] --- maven-surefire-plugin:3.0.0-M3:test (default-test) @ yamcs-api ---
[INFO] No tests to run.
[INFO] 
[INFO] -----------------------< org.yamcs:yamcs-client >-----------------------
[INFO] Building Yamcs :: Yamcs Client 5.1.4-SNAPSHOT                     [3/19]
[INFO] --------------------------------[ jar ]---------------------------------
[INFO] 
[INFO] --- maven-clean-plugin:2.4.1:clean (default-clean) @ yamcs-client ---
[INFO] Deleting /home/gabsko/breaking-updates/yamcs-client/target
[INFO] 
[INFO] --- maven-resources-plugin:3.1.0:resources (default-resources) @ yamcs-client ---
[INFO] Using 'UTF-8' encoding to copy filtered resources.
[INFO] skip non existing resourceDirectory /home/gabsko/breaking-updates/yamcs-client/src/main/resources
[INFO] 
[INFO] --- maven-compiler-plugin:3.8.0:compile (default-compile) @ yamcs-client ---
[INFO] Changes detected - recompiling the module!
[INFO] Compiling 52 source files to /home/gabsko/breaking-updates/yamcs-client/target/classes
[INFO] 
[INFO] --- maven-resources-plugin:3.1.0:testResources (default-testResources) @ yamcs-client ---
[INFO] Using 'UTF-8' encoding to copy filtered resources.
[INFO] skip non existing resourceDirectory /home/gabsko/breaking-updates/yamcs-client/src/test/resources
[INFO] 
[INFO] --- maven-compiler-plugin:3.8.0:testCompile (default-testCompile) @ yamcs-client ---
[INFO] No sources to compile
[INFO] 
[INFO] --- maven-surefire-plugin:3.0.0-M3:test (default-test) @ yamcs-client ---
[INFO] No tests to run.
[INFO] 
[INFO] ------------------------< org.yamcs:yamcs-xtce >------------------------
[INFO] Building Yamcs :: XTCE 5.1.4-SNAPSHOT                             [4/19]
[INFO] --------------------------------[ jar ]---------------------------------
[INFO] 
[INFO] --- maven-clean-plugin:2.4.1:clean (default-clean) @ yamcs-xtce ---
[INFO] Deleting /home/gabsko/breaking-updates/yamcs-xtce/target
[INFO] 
[INFO] --- maven-resources-plugin:3.1.0:resources (default-resources) @ yamcs-xtce ---
[INFO] Using 'UTF-8' encoding to copy filtered resources.
[INFO] skip non existing resourceDirectory /home/gabsko/breaking-updates/yamcs-xtce/src/main/resources
[INFO] 
[INFO] --- maven-compiler-plugin:3.8.0:compile (default-compile) @ yamcs-xtce ---
[INFO] Changes detected - recompiling the module!
[INFO] Compiling 137 source files to /home/gabsko/breaking-updates/yamcs-xtce/target/classes
[INFO] 
[INFO] --- maven-resources-plugin:3.1.0:testResources (default-testResources) @ yamcs-xtce ---
[INFO] Using 'UTF-8' encoding to copy filtered resources.
[INFO] Copying 3 resources
[INFO] 
[INFO] --- maven-compiler-plugin:3.8.0:testCompile (default-testCompile) @ yamcs-xtce ---
[INFO] Changes detected - recompiling the module!
[INFO] Compiling 10 source files to /home/gabsko/breaking-updates/yamcs-xtce/target/test-classes
[INFO] 
[INFO] --- maven-surefire-plugin:3.0.0-M3:test (default-test) @ yamcs-xtce ---
[INFO] 
[INFO] -------------------------------------------------------
[INFO]  T E S T S
[INFO] -------------------------------------------------------
[INFO] Running org.yamcs.xtce.TestBaseType
SLF4J: Failed to load class "org.slf4j.impl.StaticLoggerBinder".
SLF4J: Defaulting to no-operation (NOP) logger implementation
SLF4J: See http://www.slf4j.org/codes.html#StaticLoggerBinder for further details.
[INFO] Tests run: 1, Failures: 0, Errors: 0, Skipped: 0, Time elapsed: 0.093 s - in org.yamcs.xtce.TestBaseType
[INFO] Running org.yamcs.xtce.PathElementTest
[INFO] Tests run: 3, Failures: 0, Errors: 0, Skipped: 0, Time elapsed: 0.001 s - in org.yamcs.xtce.PathElementTest
[INFO] Running org.yamcs.xtce.IntegerDataTypeTest
[INFO] Tests run: 2, Failures: 0, Errors: 0, Skipped: 0, Time elapsed: 0 s - in org.yamcs.xtce.IntegerDataTypeTest
[INFO] Running org.yamcs.xtce.TestInclusiveExclusiveRange
[INFO] Tests run: 1, Failures: 0, Errors: 0, Skipped: 0, Time elapsed: 0.021 s - in org.yamcs.xtce.TestInclusiveExclusiveRange
[INFO] Running org.yamcs.xtce.TestParameterTypeConstructors
[INFO] Tests run: 1, Failures: 0, Errors: 0, Skipped: 0, Time elapsed: 0.01 s - in org.yamcs.xtce.TestParameterTypeConstructors
[INFO] Running org.yamcs.xtce.HistoryTest
[INFO] Tests run: 2, Failures: 0, Errors: 0, Skipped: 0, Time elapsed: 0 s - in org.yamcs.xtce.HistoryTest
[INFO] Running org.yamcs.xtce.XtceParameterArrayTest
[INFO] Tests run: 1, Failures: 0, Errors: 0, Skipped: 0, Time elapsed: 0.008 s - in org.yamcs.xtce.XtceParameterArrayTest
[INFO] Running org.yamcs.xtce.TestReferenceFinder
[INFO] Tests run: 1, Failures: 0, Errors: 0, Skipped: 0, Time elapsed: 0 s - in org.yamcs.xtce.TestReferenceFinder
[INFO] Running org.yamcs.xtce.TestValidRange
[INFO] Tests run: 3, Failures: 0, Errors: 0, Skipped: 0, Time elapsed: 0.008 s - in org.yamcs.xtce.TestValidRange
[INFO] Running org.yamcs.xtce.TestAncillaryData
[INFO] Tests run: 1, Failures: 0, Errors: 0, Skipped: 0, Time elapsed: 0.005 s - in org.yamcs.xtce.TestAncillaryData
[INFO] 
[INFO] Results:
[INFO] 
[INFO] Tests run: 16, Failures: 0, Errors: 0, Skipped: 0
[INFO] 
[INFO] 
[INFO] ------------------------< org.yamcs:yamcs-core >------------------------
[INFO] Building Yamcs :: Core 5.1.4-SNAPSHOT                             [5/19]
[INFO] --------------------------------[ jar ]---------------------------------
[INFO] 
[INFO] --- maven-clean-plugin:2.4.1:clean (default-clean) @ yamcs-core ---
[INFO] Deleting /home/gabsko/breaking-updates/yamcs-core/target
[INFO] 
[INFO] --- os-maven-plugin:1.6.2:detect (default) @ yamcs-core ---
[INFO] ------------------------------------------------------------------------
[INFO] Detecting the operating system and CPU architecture
[INFO] ------------------------------------------------------------------------
[INFO] os.detected.name: linux
[INFO] os.detected.arch: x86_64
[INFO] os.detected.version: 5.4
[INFO] os.detected.version.major: 5
[INFO] os.detected.version.minor: 4
[INFO] os.detected.release: ubuntu
[INFO] os.detected.release.version: 18.04
[INFO] os.detected.release.like.ubuntu: true
[INFO] os.detected.release.like.debian: true
[INFO] os.detected.classifier: linux-x86_64
[INFO] 
[INFO] --- protobuf-maven-plugin:0.6.1:compile (protoc-core) @ yamcs-core ---
[INFO] Compiling 5 proto file(s) to /home/gabsko/breaking-updates/yamcs-core/target/generated-sources/protobuf/java
[INFO] 
[INFO] --- maven-antrun-plugin:1.8:run (generate-version) @ yamcs-core ---
[INFO] Executing tasks

main:
    [mkdir] Created dir: /home/gabsko/breaking-updates/yamcs-core/target/generated-resources/version
[INFO] Executed tasks
[INFO] 
[INFO] --- maven-resources-plugin:3.1.0:resources (default-resources) @ yamcs-core ---
[INFO] Using 'UTF-8' encoding to copy filtered resources.
[INFO] Copying 2 resources
[INFO] Copying 1 resource
[INFO] Copying 5 resources
[INFO] 
[INFO] --- maven-compiler-plugin:3.8.0:compile (default-compile) @ yamcs-core ---
[INFO] Changes detected - recompiling the module!
[INFO] Compiling 833 source files to /home/gabsko/breaking-updates/yamcs-core/target/classes
[INFO] /home/gabsko/breaking-updates/yamcs-core/target/generated-sources/protobuf/java/org/yamcs/yarch/protobuf/Db.java: Some input files use or override a deprecated API.
[INFO] /home/gabsko/breaking-updates/yamcs-core/target/generated-sources/protobuf/java/org/yamcs/yarch/protobuf/Db.java: Recompile with -Xlint:deprecation for details.
[INFO] /home/gabsko/breaking-updates/yamcs-core/src/main/java/org/yamcs/yarch/TableDefinition.java: Some input files use unchecked or unsafe operations.
[INFO] /home/gabsko/breaking-updates/yamcs-core/src/main/java/org/yamcs/yarch/TableDefinition.java: Recompile with -Xlint:unchecked for details.
[INFO] 
[INFO] --- maven-resources-plugin:3.1.0:testResources (default-testResources) @ yamcs-core ---
[INFO] Using 'UTF-8' encoding to copy filtered resources.
[INFO] Copying 42 resources
[INFO] 
[INFO] --- maven-compiler-plugin:3.8.0:testCompile (default-testCompile) @ yamcs-core ---
[INFO] Changes detected - recompiling the module!
[INFO] Compiling 159 source files to /home/gabsko/breaking-updates/yamcs-core/target/test-classes
[INFO] /home/gabsko/breaking-updates/yamcs-core/src/test/java/org/yamcs/PermissionsTest.java: Some input files use or override a deprecated API.
[INFO] /home/gabsko/breaking-updates/yamcs-core/src/test/java/org/yamcs/PermissionsTest.java: Recompile with -Xlint:deprecation for details.
[INFO] /home/gabsko/breaking-updates/yamcs-core/src/test/java/org/yamcs/xtce/xlsv7/XlsV7LoaderTest.java: Some input files use unchecked or unsafe operations.
[INFO] /home/gabsko/breaking-updates/yamcs-core/src/test/java/org/yamcs/xtce/xlsv7/XlsV7LoaderTest.java: Recompile with -Xlint:unchecked for details.
[INFO] 
[INFO] --- maven-surefire-plugin:3.0.0-M3:test (default-test) @ yamcs-core ---
[INFO] 
[INFO] -------------------------------------------------------
[INFO]  T E S T S
[INFO] -------------------------------------------------------
[INFO] Running org.yamcs.client.base.HttpClientTest
Warning: Nashorn engine is planned to be removed from a future JDK release
Warning: Nashorn engine is planned to be removed from a future JDK release
Jan 13 23:06:18.958 _global [49] org.yamcs.http.HttpRequestHandler [WARNING] a86ef8c6 GET /blaba 404
[INFO] Tests run: 2, Failures: 0, Errors: 0, Skipped: 0, Time elapsed: 4.271 s - in org.yamcs.client.base.HttpClientTest
[INFO] Running org.yamcs.LongWebsocketFrameTest
Warning: Nashorn engine is planned to be removed from a future JDK release
Jan 13 23:06:23.515 _global [40] org.yamcs.http.api.SubscribeParameterObserver [WARNING] Received subscribe attempt will all-invalid parameters
Jan 13 23:06:23.731 _global [117] org.yamcs.http.api.SubscribeParameterObserver [WARNING] Received subscribe attempt will all-invalid parameters
Jan 13 23:06:23.742 _global [116] org.yamcs.client.YamcsClient [WARNING] Connection to localhost:9191 lost
[INFO] Tests run: 2, Failures: 0, Errors: 0, Skipped: 0, Time elapsed: 6.896 s - in org.yamcs.LongWebsocketFrameTest
[INFO] Running org.yamcs.SpecTest
[INFO] Tests run: 25, Failures: 0, Errors: 0, Skipped: 0, Time elapsed: 0.078 s - in org.yamcs.SpecTest
[INFO] Running org.yamcs.parameter.ValueArrayTest
[INFO] Tests run: 1, Failures: 0, Errors: 0, Skipped: 0, Time elapsed: 0.043 s - in org.yamcs.parameter.ValueArrayTest
[INFO] Running org.yamcs.parameter.ArrayParameterCacheTest
[INFO] Tests run: 5, Failures: 0, Errors: 0, Skipped: 0, Time elapsed: 0.092 s - in org.yamcs.parameter.ArrayParameterCacheTest
[INFO] Running org.yamcs.parameter.SubsriptionArrayTest
[INFO] Tests run: 1, Failures: 0, Errors: 0, Skipped: 0, Time elapsed: 0.039 s - in org.yamcs.parameter.SubsriptionArrayTest
[INFO] Running org.yamcs.parameter.ValueTest
[WARNING] Tests run: 1, Failures: 0, Errors: 0, Skipped: 1, Time elapsed: 0.038 s - in org.yamcs.parameter.ValueTest
[INFO] Running org.yamcs.parameter.ParameterCacheImplTest
[WARNING] Tests run: 6, Failures: 0, Errors: 0, Skipped: 1, Time elapsed: 0.07 s - in org.yamcs.parameter.ParameterCacheImplTest
[INFO] Running org.yamcs.parameter.LocalParameterManagerTest
[INFO] Tests run: 1, Failures: 0, Errors: 0, Skipped: 0, Time elapsed: 2.714 s - in org.yamcs.parameter.LocalParameterManagerTest
[INFO] Running org.yamcs.parameter.ParameterValueListTest
[INFO] Tests run: 5, Failures: 0, Errors: 0, Skipped: 0, Time elapsed: 0.063 s - in org.yamcs.parameter.ParameterValueListTest
[INFO] Running org.yamcs.algorithms.AlgorithmManagerTest
Warning: Nashorn engine is planned to be removed from a future JDK release
Warning: Nashorn engine is planned to be removed from a future JDK release
Warning: Nashorn engine is planned to be removed from a future JDK release
Warning: Nashorn engine is planned to be removed from a future JDK release
Warning: Nashorn engine is planned to be removed from a future JDK release
Warning: Nashorn engine is planned to be removed from a future JDK release
Warning: Nashorn engine is planned to be removed from a future JDK release
Warning: Nashorn engine is planned to be removed from a future JDK release
Warning: Nashorn engine is planned to be removed from a future JDK release
Warning: Nashorn engine is planned to be removed from a future JDK release
Warning: Nashorn engine is planned to be removed from a future JDK release
Warning: Nashorn engine is planned to be removed from a future JDK release
Warning: Nashorn engine is planned to be removed from a future JDK release
Warning: Nashorn engine is planned to be removed from a future JDK release
[WARNING] Tests run: 15, Failures: 0, Errors: 0, Skipped: 1, Time elapsed: 11.604 s - in org.yamcs.algorithms.AlgorithmManagerTest
[INFO] Running org.yamcs.algorithms.AlgorithmWithContextTest
Warning: Nashorn engine is planned to be removed from a future JDK release
[INFO] Tests run: 1, Failures: 0, Errors: 0, Skipped: 0, Time elapsed: 1.156 s - in org.yamcs.algorithms.AlgorithmWithContextTest
[INFO] Running org.yamcs.algorithms.WindowBufferTest
[INFO] Tests run: 1, Failures: 0, Errors: 0, Skipped: 0, Time elapsed: 0.041 s - in org.yamcs.algorithms.WindowBufferTest
[INFO] Running org.yamcs.algorithms.AlgorithmManagerPyTest
Warning: Nashorn engine is planned to be removed from a future JDK release
Warning: Nashorn engine is planned to be removed from a future JDK release
Warning: Nashorn engine is planned to be removed from a future JDK release
[INFO] Tests run: 3, Failures: 0, Errors: 0, Skipped: 0, Time elapsed: 2.802 s - in org.yamcs.algorithms.AlgorithmManagerPyTest
[INFO] Running org.yamcs.algorithms.AlgorithmManagerJavaTest
Warning: Nashorn engine is planned to be removed from a future JDK release
Warning: Nashorn engine is planned to be removed from a future JDK release
Warning: Nashorn engine is planned to be removed from a future JDK release
[INFO] Tests run: 3, Failures: 0, Errors: 0, Skipped: 0, Time elapsed: 1.168 s - in org.yamcs.algorithms.AlgorithmManagerJavaTest
[INFO] Running org.yamcs.algorithms.XtceAlgorithmTest
Warning: Nashorn engine is planned to be removed from a future JDK release
[INFO] Tests run: 2, Failures: 0, Errors: 0, Skipped: 0, Time elapsed: 0.977 s - in org.yamcs.algorithms.XtceAlgorithmTest
[INFO] Running org.yamcs.AlarmIntegrationTest
Warning: Nashorn engine is planned to be removed from a future JDK release
Warning: Nashorn engine is planned to be removed from a future JDK release
[INFO] Tests run: 1, Failures: 0, Errors: 0, Skipped: 0, Time elapsed: 9.021 s - in org.yamcs.AlarmIntegrationTest
[INFO] Running org.yamcs.ServicesTest
Warning: Nashorn engine is planned to be removed from a future JDK release
Warning: Nashorn engine is planned to be removed from a future JDK release
[INFO] Tests run: 1, Failures: 0, Errors: 0, Skipped: 0, Time elapsed: 4.228 s - in org.yamcs.ServicesTest
[INFO] Running org.yamcs.PermissionsTest
Warning: Nashorn engine is planned to be removed from a future JDK release
Warning: Nashorn engine is planned to be removed from a future JDK release
[INFO] Tests run: 5, Failures: 0, Errors: 0, Skipped: 0, Time elapsed: 6.75 s - in org.yamcs.PermissionsTest
[INFO] Running org.yamcs.parameterarchive.LongValueSegmentTest
[INFO] Tests run: 3, Failures: 0, Errors: 0, Skipped: 0, Time elapsed: 0.046 s - in org.yamcs.parameterarchive.LongValueSegmentTest
[INFO] Running org.yamcs.parameterarchive.ParameterGroupIdMapTest
[INFO] Tests run: 1, Failures: 0, Errors: 0, Skipped: 0, Time elapsed: 0.325 s - in org.yamcs.parameterarchive.ParameterGroupIdMapTest
[INFO] Running org.yamcs.parameterarchive.TimeSegmentTest
[INFO] Tests run: 1, Failures: 0, Errors: 0, Skipped: 0, Time elapsed: 0.066 s - in org.yamcs.parameterarchive.TimeSegmentTest
[INFO] Running org.yamcs.parameterarchive.TestStructure
[WARNING] Tests run: 2, Failures: 0, Errors: 0, Skipped: 2, Time elapsed: 0.036 s - in org.yamcs.parameterarchive.TestStructure
[INFO] Running org.yamcs.parameterarchive.StringValueSegmentTest
[INFO] Tests run: 1, Failures: 0, Errors: 0, Skipped: 0, Time elapsed: 0.048 s - in org.yamcs.parameterarchive.StringValueSegmentTest
[INFO] Running org.yamcs.parameterarchive.TestCompression
[WARNING] Tests run: 1, Failures: 0, Errors: 0, Skipped: 1, Time elapsed: 0.04 s - in org.yamcs.parameterarchive.TestCompression
[INFO] Running org.yamcs.parameterarchive.ArrayAndAggregatesTest
[INFO] Tests run: 1, Failures: 0, Errors: 0, Skipped: 0, Time elapsed: 0.52 s - in org.yamcs.parameterarchive.ArrayAndAggregatesTest
[INFO] Running org.yamcs.parameterarchive.DoubleValueSegmentTest
[INFO] Tests run: 1, Failures: 0, Errors: 0, Skipped: 0, Time elapsed: 0.044 s - in org.yamcs.parameterarchive.DoubleValueSegmentTest
[INFO] Running org.yamcs.parameterarchive.ParameterIdMapTest
[INFO] Tests run: 1, Failures: 0, Errors: 0, Skipped: 0, Time elapsed: 0.319 s - in org.yamcs.parameterarchive.ParameterIdMapTest
[INFO] Running org.yamcs.parameterarchive.IntValueSegmentTest
[INFO] Tests run: 3, Failures: 0, Errors: 0, Skipped: 0, Time elapsed: 0.05 s - in org.yamcs.parameterarchive.IntValueSegmentTest
[INFO] Running org.yamcs.parameterarchive.ParameterStatusTest
[INFO] Tests run: 1, Failures: 0, Errors: 0, Skipped: 0, Time elapsed: 0.056 s - in org.yamcs.parameterarchive.ParameterStatusTest
[INFO] Running org.yamcs.parameterarchive.ObjectSegmentTest
[INFO] Tests run: 4, Failures: 0, Errors: 0, Skipped: 0, Time elapsed: 0.101 s - in org.yamcs.parameterarchive.ObjectSegmentTest
[INFO] Running org.yamcs.parameterarchive.BooleanValueSegmentTest
[INFO] Tests run: 1, Failures: 0, Errors: 0, Skipped: 0, Time elapsed: 0.043 s - in org.yamcs.parameterarchive.BooleanValueSegmentTest
[INFO] Running org.yamcs.parameterarchive.FloatValueSegmentTest
[INFO] Tests run: 2, Failures: 0, Errors: 0, Skipped: 0, Time elapsed: 0.046 s - in org.yamcs.parameterarchive.FloatValueSegmentTest
[INFO] Running org.yamcs.parameterarchive.ParameterArchiveTest
[INFO] Tests run: 18, Failures: 0, Errors: 0, Skipped: 0, Time elapsed: 2.708 s - in org.yamcs.parameterarchive.ParameterArchiveTest
[INFO] Running org.yamcs.tctm.TmFileReaderTest
Jan 13 23:07:29.916 _global [1] org.yamcs.events.Slf4jEventProducer [WARNING] [IssPacketPreprocessor][SEQ_COUNT_JUMP] Sequence count jump for apid: 997 old seq: 0 newseq: 6560
Jan 13 23:07:29.919 _global [1] org.yamcs.events.Slf4jEventProducer [WARNING] [IssPacketPreprocessor][SEQ_COUNT_JUMP] Sequence count jump for apid: 991 old seq: 0 newseq: 13388
Jan 13 23:07:29.920 _global [1] org.yamcs.events.Slf4jEventProducer [WARNING] [IssPacketPreprocessor][SEQ_COUNT_JUMP] Sequence count jump for apid: 997 old seq: 0 newseq: 6560
Jan 13 23:07:29.920 _global [1] org.yamcs.events.Slf4jEventProducer [WARNING] [IssPacketPreprocessor][SEQ_COUNT_JUMP] Sequence count jump for apid: 991 old seq: 0 newseq: 13388
[INFO] Tests run: 2, Failures: 0, Errors: 0, Skipped: 0, Time elapsed: 0.1 s - in org.yamcs.tctm.TmFileReaderTest
[INFO] Running org.yamcs.tctm.TcpTcDataLinkTest
[INFO] Tests run: 2, Failures: 0, Errors: 0, Skipped: 0, Time elapsed: 9.782 s - in org.yamcs.tctm.TcpTcDataLinkTest
[INFO] Running org.yamcs.tctm.ccsds.AosFrameDecoderTest
[INFO] Tests run: 2, Failures: 0, Errors: 0, Skipped: 0, Time elapsed: 0.059 s - in org.yamcs.tctm.ccsds.AosFrameDecoderTest
[INFO] Running org.yamcs.tctm.ccsds.PacketDecoderTest
9 p0: 32
[INFO] Tests run: 10, Failures: 0, Errors: 0, Skipped: 0, Time elapsed: 0.082 s - in org.yamcs.tctm.ccsds.PacketDecoderTest
[INFO] Running org.yamcs.tctm.ccsds.Cop1TcPacketHandlerTest
Jan 13 23:07:42.352 test [30] org.yamcs.tctm.ccsds.Cop1TcPacketHandler[test] [SEVERE] VC 0 Invalid state of the queue sentQueue[3] is null
Jan 13 23:07:42.358 test [30] org.yamcs.tctm.ccsds.Cop1TcPacketHandler[test] [SEVERE] VC 0 Invalid state of the queue sentQueue[4] is null
[INFO] Tests run: 23, Failures: 0, Errors: 0, Skipped: 0, Time elapsed: 10.982 s - in org.yamcs.tctm.ccsds.Cop1TcPacketHandlerTest
[INFO] Running org.yamcs.tctm.ccsds.error.LdpcEncoderTest
[WARNING] Tests run: 5, Failures: 0, Errors: 0, Skipped: 2, Time elapsed: 0.056 s - in org.yamcs.tctm.ccsds.error.LdpcEncoderTest
[INFO] Running org.yamcs.tctm.ccsds.error.Crc32Test
[INFO] Tests run: 1, Failures: 0, Errors: 0, Skipped: 0, Time elapsed: 0.04 s - in org.yamcs.tctm.ccsds.error.Crc32Test
[INFO] Running org.yamcs.tctm.ccsds.error.CrcCciitCalculatorTest
[INFO] Tests run: 1, Failures: 0, Errors: 0, Skipped: 0, Time elapsed: 0.063 s - in org.yamcs.tctm.ccsds.error.CrcCciitCalculatorTest
[INFO] Running org.yamcs.tctm.ccsds.error.AosFrameHeaderErrorCorrTest
[INFO] Tests run: 3, Failures: 0, Errors: 0, Skipped: 0, Time elapsed: 0.04 s - in org.yamcs.tctm.ccsds.error.AosFrameHeaderErrorCorrTest
[INFO] Running org.yamcs.tctm.ccsds.error.BchCltuGeneratorTest
[INFO] Tests run: 3, Failures: 0, Errors: 0, Skipped: 0, Time elapsed: 0.042 s - in org.yamcs.tctm.ccsds.error.BchCltuGeneratorTest
[INFO] Running org.yamcs.tctm.ccsds.error.ProximityCrcTest
[INFO] Tests run: 1, Failures: 0, Errors: 0, Skipped: 0, Time elapsed: 0.058 s - in org.yamcs.tctm.ccsds.error.ProximityCrcTest
[INFO] Running org.yamcs.tctm.ccsds.TmFrameDecoderTest
[INFO] Tests run: 2, Failures: 0, Errors: 0, Skipped: 0, Time elapsed: 0.06 s - in org.yamcs.tctm.ccsds.TmFrameDecoderTest
[INFO] Running org.yamcs.tctm.CcsdsPacketTest
[INFO] Tests run: 2, Failures: 0, Errors: 0, Skipped: 0, Time elapsed: 0.073 s - in org.yamcs.tctm.CcsdsPacketTest
[INFO] Running org.yamcs.tctm.TcpTcUplinkerTest
[INFO] Tests run: 2, Failures: 0, Errors: 0, Skipped: 0, Time elapsed: 0.221 s - in org.yamcs.tctm.TcpTcUplinkerTest
[INFO] Running org.yamcs.tctm.CucTimeDecoderTest
[INFO] Tests run: 1, Failures: 0, Errors: 0, Skipped: 0, Time elapsed: 0.039 s - in org.yamcs.tctm.CucTimeDecoderTest
[INFO] Running org.yamcs.ArchiveIntegrationTest
Warning: Nashorn engine is planned to be removed from a future JDK release
Warning: Nashorn engine is planned to be removed from a future JDK release
Jan 13 23:08:05.750 _global [49] org.yamcs.http.api.ParameterArchiveApi [WARNING] No parameter id found in the parameter archive for /REFMDB/ccsds-apid
Jan 13 23:08:05.808 _global [52] org.yamcs.http.api.ParameterArchiveApi [WARNING] No parameter id found in the parameter archive for /REFMDB/ccsds-apid
[WARNING] Tests run: 13, Failures: 0, Errors: 0, Skipped: 2, Time elapsed: 54.285 s - in org.yamcs.ArchiveIntegrationTest
[INFO] Running org.yamcs.archive.CcsdsTmIndexTest
[WARNING] Tests run: 3, Failures: 0, Errors: 0, Skipped: 1, Time elapsed: 0.467 s - in org.yamcs.archive.CcsdsTmIndexTest
[INFO] Running org.yamcs.archive.CmdHistoryRecordingTest
[INFO] Tests run: 1, Failures: 0, Errors: 0, Skipped: 0, Time elapsed: 1.14 s - in org.yamcs.archive.CmdHistoryRecordingTest
[INFO] Running org.yamcs.cfdp.ChecksumTest
[INFO] Tests run: 3, Failures: 0, Errors: 0, Skipped: 0, Time elapsed: 0.131 s - in org.yamcs.cfdp.ChecksumTest
[INFO] Running org.yamcs.cfdp.CfdpIntegrationTest
[INFO] Tests run: 7, Failures: 0, Errors: 0, Skipped: 0, Time elapsed: 8.649 s - in org.yamcs.cfdp.CfdpIntegrationTest
[INFO] Running org.yamcs.utils.FilterParserTest
[INFO] Tests run: 1, Failures: 0, Errors: 0, Skipped: 0, Time elapsed: 0.05 s - in org.yamcs.utils.FilterParserTest
[INFO] Running org.yamcs.utils.TimeIntervalTest
[INFO] Tests run: 1, Failures: 0, Errors: 0, Skipped: 0, Time elapsed: 0.037 s - in org.yamcs.utils.TimeIntervalTest
[INFO] Running org.yamcs.utils.SortedIntArrayTest
[WARNING] Tests run: 7, Failures: 0, Errors: 0, Skipped: 1, Time elapsed: 0.041 s - in org.yamcs.utils.SortedIntArrayTest
[INFO] Running org.yamcs.utils.TimeEncodingTest
[INFO] Tests run: 20, Failures: 0, Errors: 0, Skipped: 0, Time elapsed: 0.096 s - in org.yamcs.utils.TimeEncodingTest
[INFO] Running org.yamcs.utils.VarIntUtilTest
[INFO] Tests run: 6, Failures: 0, Errors: 0, Skipped: 0, Time elapsed: 0.043 s - in org.yamcs.utils.VarIntUtilTest
[INFO] Running org.yamcs.utils.TaiUtcConverterTest
[INFO] Tests run: 6, Failures: 0, Errors: 0, Skipped: 0, Time elapsed: 0.105 s - in org.yamcs.utils.TaiUtcConverterTest
[INFO] Running org.yamcs.utils.AggregateUtilTest
[INFO] Tests run: 6, Failures: 0, Errors: 0, Skipped: 0, Time elapsed: 0.073 s - in org.yamcs.utils.AggregateUtilTest
[INFO] Running org.yamcs.utils.GlobFileFinderTest
[INFO] Tests run: 4, Failures: 0, Errors: 0, Skipped: 0, Time elapsed: 0.085 s - in org.yamcs.utils.GlobFileFinderTest
[INFO] Running org.yamcs.utils.TimestampUtilsTest
[INFO] Tests run: 3, Failures: 0, Errors: 0, Skipped: 0, Time elapsed: 0.06 s - in org.yamcs.utils.TimestampUtilsTest
[INFO] Running org.yamcs.utils.ByteArrayUtilsTest
[INFO] Tests run: 3, Failures: 0, Errors: 0, Skipped: 0, Time elapsed: 0.04 s - in org.yamcs.utils.ByteArrayUtilsTest
[INFO] Running org.yamcs.utils.BitBufferTest
[INFO] Tests run: 12, Failures: 0, Errors: 0, Skipped: 0, Time elapsed: 0.044 s - in org.yamcs.utils.BitBufferTest
[INFO] Running org.yamcs.utils.ParititionedTimeTest
[INFO] Tests run: 4, Failures: 0, Errors: 0, Skipped: 0, Time elapsed: 0.038 s - in org.yamcs.utils.ParititionedTimeTest
[INFO] Running org.yamcs.utils.Mil1750ATest
[INFO] Tests run: 4, Failures: 0, Errors: 0, Skipped: 0, Time elapsed: 0.046 s - in org.yamcs.utils.Mil1750ATest
[INFO] Running org.yamcs.utils.BooleanArrayTest
[INFO] Tests run: 2, Failures: 0, Errors: 0, Skipped: 0, Time elapsed: 0.038 s - in org.yamcs.utils.BooleanArrayTest
[INFO] Running org.yamcs.utils.IntArrayTest
[INFO] Tests run: 6, Failures: 0, Errors: 0, Skipped: 0, Time elapsed: 2.399 s - in org.yamcs.utils.IntArrayTest
[INFO] Running org.yamcs.YConfigurationTest
[INFO] Tests run: 5, Failures: 0, Errors: 0, Skipped: 0, Time elapsed: 0.094 s - in org.yamcs.YConfigurationTest
[INFO] Running org.yamcs.http.JwtHelperTest
[INFO] Tests run: 2, Failures: 0, Errors: 0, Skipped: 0, Time elapsed: 0.115 s - in org.yamcs.http.JwtHelperTest
[INFO] Running org.yamcs.http.api.XtceToGpbAssemblerTest
[INFO] Tests run: 3, Failures: 0, Errors: 0, Skipped: 0, Time elapsed: 1.148 s - in org.yamcs.http.api.XtceToGpbAssemblerTest
[INFO] Running org.yamcs.http.api.NameDescriptionSearchMatcherTest
[INFO] Tests run: 1, Failures: 0, Errors: 0, Skipped: 0, Time elapsed: 0.612 s - in org.yamcs.http.api.NameDescriptionSearchMatcherTest
[INFO] Running org.yamcs.http.api.DownsamplerTest
[INFO] Tests run: 3, Failures: 0, Errors: 0, Skipped: 0, Time elapsed: 0.054 s - in org.yamcs.http.api.DownsamplerTest
[INFO] Running org.yamcs.events.AbstractEventProducerTest
[INFO] Tests run: 5, Failures: 0, Errors: 0, Skipped: 0, Time elapsed: 0.102 s - in org.yamcs.events.AbstractEventProducerTest
[INFO] Running org.yamcs.replication.ReplicationFileTest
[INFO] Tests run: 6, Failures: 0, Errors: 0, Skipped: 0, Time elapsed: 0.554 s - in org.yamcs.replication.ReplicationFileTest
[INFO] Running org.yamcs.security.Pbkdf2PasswordHasherTest
[INFO] Tests run: 1, Failures: 0, Errors: 0, Skipped: 0, Time elapsed: 0.128 s - in org.yamcs.security.Pbkdf2PasswordHasherTest
[INFO] Running org.yamcs.InstancesIntegrationTest
Warning: Nashorn engine is planned to be removed from a future JDK release
Warning: Nashorn engine is planned to be removed from a future JDK release
Warning: Nashorn engine is planned to be removed from a future JDK release
Warning: Nashorn engine is planned to be removed from a future JDK release
[INFO] Tests run: 2, Failures: 0, Errors: 0, Skipped: 0, Time elapsed: 5.636 s - in org.yamcs.InstancesIntegrationTest
[INFO] Running org.yamcs.ParameterArchiveIntegrationTest
Warning: Nashorn engine is planned to be removed from a future JDK release
Warning: Nashorn engine is planned to be removed from a future JDK release
Jan 13 23:09:36.854 _global [49] org.yamcs.http.api.ParameterArchiveApi [WARNING] No parameter id found in the parameter archive for /REFMDB/SUBSYS1/array_para1[5].member2
Jan 13 23:09:46.906 _global [134] org.yamcs.http.api.ParameterArchiveApi [WARNING] No parameter id found in the parameter archive for /REFMDB/SUBSYS1/FloatPara1_1_2
Jan 13 23:09:46.950 _global [136] org.yamcs.parameterarchive.SingleParameterArchiveRetrieval [WARNING] No parameter id found in the parameter archive for /REFMDB/SUBSYS1/FloatPara1_1_2
Jan 13 23:09:48.128 _global [225] org.yamcs.http.api.ParameterArchiveApi [WARNING] No parameter id found in the parameter archive for /REFMDB/SUBSYS1/aggregate_para1.member2
[INFO] Tests run: 4, Failures: 0, Errors: 0, Skipped: 0, Time elapsed: 19.728 s - in org.yamcs.ParameterArchiveIntegrationTest
[INFO] Running org.yamcs.rs.ReedSolomonTest
[INFO] Tests run: 2, Failures: 0, Errors: 0, Skipped: 0, Time elapsed: 0.058 s - in org.yamcs.rs.ReedSolomonTest
[INFO] Running org.yamcs.xtce.XtceFilesetTest
[INFO] Tests run: 1, Failures: 0, Errors: 0, Skipped: 0, Time elapsed: 0.162 s - in org.yamcs.xtce.XtceFilesetTest
[INFO] Running org.yamcs.xtce.XmlLoaderTest
[INFO] Tests run: 6, Failures: 0, Errors: 0, Skipped: 0, Time elapsed: 0.484 s - in org.yamcs.xtce.XmlLoaderTest
[INFO] Running org.yamcs.xtce.PathElementTest
[INFO] Tests run: 4, Failures: 0, Errors: 0, Skipped: 0, Time elapsed: 0.056 s - in org.yamcs.xtce.PathElementTest
[INFO] Running org.yamcs.xtce.xlsv6.XlsV6LoaderTest
[INFO] Tests run: 8, Failures: 0, Errors: 0, Skipped: 0, Time elapsed: 0.885 s - in org.yamcs.xtce.xlsv6.XlsV6LoaderTest
[INFO] Running org.yamcs.xtce.XtceAssemblerTest
[INFO] Tests run: 1, Failures: 0, Errors: 0, Skipped: 0, Time elapsed: 0.349 s - in org.yamcs.xtce.XtceAssemblerTest
[INFO] Running org.yamcs.xtce.SpreadsheetLoaderTest
[INFO] Tests run: 11, Failures: 0, Errors: 0, Skipped: 0, Time elapsed: 2.433 s - in org.yamcs.xtce.SpreadsheetLoaderTest
[INFO] Running org.yamcs.xtce.xlsv7.XlsV7LoaderTest
[INFO] Tests run: 9, Failures: 0, Errors: 0, Skipped: 0, Time elapsed: 1.931 s - in org.yamcs.xtce.xlsv7.XlsV7LoaderTest
[INFO] Running org.yamcs.xtceproc.BogusSat2Test
Jan 13 23:10:03.171 _global [1] org.yamcs.xtceproc.SequenceContainerProcessor [WARNING] Could not extract parameter /BogusSAT/PUS_Timefrom container /BogusSAT/CCSDSPUSTelemetryPacket at position 88 because it falls beyond the end of the container. Container size in bits: 104
[INFO] Tests run: 5, Failures: 0, Errors: 0, Skipped: 0, Time elapsed: 0.331 s - in org.yamcs.xtceproc.BogusSat2Test
[INFO] Running org.yamcs.xtceproc.CcsdsGreenBookTmTest
[INFO] Tests run: 3, Failures: 0, Errors: 0, Skipped: 0, Time elapsed: 0.262 s - in org.yamcs.xtceproc.CcsdsGreenBookTmTest
[INFO] Running org.yamcs.xtceproc.ParameterRangesTest
[INFO] Tests run: 1, Failures: 0, Errors: 0, Skipped: 0, Time elapsed: 0.211 s - in org.yamcs.xtceproc.ParameterRangesTest
[INFO] Running org.yamcs.xtceproc.RefMdbCommandEncodingTest
[INFO] Tests run: 24, Failures: 0, Errors: 0, Skipped: 0, Time elapsed: 1.122 s - in org.yamcs.xtceproc.RefMdbCommandEncodingTest
[INFO] Running org.yamcs.xtceproc.JavaExpressionCalibratorFactoryTest
[INFO] Tests run: 3, Failures: 0, Errors: 0, Skipped: 0, Time elapsed: 0.168 s - in org.yamcs.xtceproc.JavaExpressionCalibratorFactoryTest
[INFO] Running org.yamcs.xtceproc.RefXtceCommandEncodingTest
v: m1 : 42, m2 : 23.4
[INFO] Tests run: 4, Failures: 0, Errors: 0, Skipped: 0, Time elapsed: 0.242 s - in org.yamcs.xtceproc.RefXtceCommandEncodingTest
[INFO] Running org.yamcs.xtceproc.CcsdsGreenBookCommandEncodingTest
[INFO] Tests run: 1, Failures: 0, Errors: 0, Skipped: 0, Time elapsed: 0.239 s - in org.yamcs.xtceproc.CcsdsGreenBookCommandEncodingTest
[INFO] Running org.yamcs.xtceproc.ProcessorDataTest
[INFO] Tests run: 1, Failures: 0, Errors: 0, Skipped: 0, Time elapsed: 0.622 s - in org.yamcs.xtceproc.ProcessorDataTest
[INFO] Running org.yamcs.xtceproc.XtceTmExtractorTest
Jan 13 23:10:10.887 _global [1] org.yamcs.xtceproc.ParameterTypeProcessor [WARNING] StringIntTerm1_5_2: failed to parse string 'invalidint' to long
Jan 13 23:10:10.907 _global [1] org.yamcs.xtceproc.ParameterTypeProcessor [WARNING] StringEnum1_12_1: failed to parse string 'invalidlong' to long
Jan 13 23:10:10.916 _global [1] org.yamcs.xtceproc.ParameterTypeProcessor [WARNING] StringFloatTSC1_4_2: failed to parse string 'invalidfloat' to double
[INFO] Tests run: 32, Failures: 0, Errors: 0, Skipped: 0, Time elapsed: 0.653 s - in org.yamcs.xtceproc.XtceTmExtractorTest
[INFO] Running org.yamcs.xtceproc.EmptyMatchCriteriaTest
[INFO] Tests run: 1, Failures: 0, Errors: 0, Skipped: 0, Time elapsed: 0.328 s - in org.yamcs.xtceproc.EmptyMatchCriteriaTest
[INFO] Running org.yamcs.xtceproc.XtceDbFactoryTest
[INFO] Tests run: 1, Failures: 0, Errors: 0, Skipped: 0, Time elapsed: 0.583 s - in org.yamcs.xtceproc.XtceDbFactoryTest
[INFO] Running org.yamcs.xtceproc.TestMdbLoadingSpeed
[WARNING] Tests run: 1, Failures: 0, Errors: 0, Skipped: 1, Time elapsed: 0.039 s - in org.yamcs.xtceproc.TestMdbLoadingSpeed
[INFO] Running org.yamcs.ContainerRequestManagerTest
[INFO] Tests run: 1, Failures: 0, Errors: 0, Skipped: 0, Time elapsed: 0.864 s - in org.yamcs.ContainerRequestManagerTest
[INFO] Running org.yamcs.templating.TemplateProcessorTest
[INFO] Tests run: 8, Failures: 0, Errors: 0, Skipped: 0, Time elapsed: 0.065 s - in org.yamcs.templating.TemplateProcessorTest
[INFO] Running org.yamcs.cli.YamcsCliTest
[INFO] Tests run: 1, Failures: 0, Errors: 0, Skipped: 0, Time elapsed: 0.72 s - in org.yamcs.cli.YamcsCliTest
[INFO] Running org.yamcs.EventCrashHandlerTest
[INFO] Tests run: 1, Failures: 0, Errors: 0, Skipped: 0, Time elapsed: 0.084 s - in org.yamcs.EventCrashHandlerTest
[INFO] Running org.yamcs.ParameterTest
Warning: Nashorn engine is planned to be removed from a future JDK release
Warning: Nashorn engine is planned to be removed from a future JDK release
Jan 13 23:10:34.716 _global [362] org.yamcs.http.RouteHandler [WARNING] 6: Responding '400 Bad Request': Cannot assign aggregate members don't match; expected [member1, member2, member3] but got [member1, member2]
Jan 13 23:10:34.718 _global [362] org.yamcs.http.HttpRequestHandler [WARNING] a554dbd0 PUT /api/processors/IntegrationTest/realtime/parameters/%2FREFMDB%2FSUBSYS1%2FLocalArray1 400
Jan 13 23:10:35.933 _global [518] org.yamcs.http.RouteHandler [WARNING] 9: Responding '400 Bad Request': Invalid parameters: [name: "/REFMDB/SUBSYS1/InvalidParaName"
]
Jan 13 23:10:35.934 _global [518] org.yamcs.http.HttpRequestHandler [WARNING] 1e375ffb POST /api/processors/IntegrationTest/realtime/parameters:batchGet 400
Jan 13 23:10:39.003 _global [205] org.yamcs.http.RouteHandler [SEVERE] 11: Blocking the netty thread for 2 seconds. uri: /api/processors/IntegrationTest/realtime/parameters:batchGet
Jan 13 23:10:40.086 _global [600] org.yamcs.http.RouteHandler [WARNING] 13: Responding '400 Bad Request': Cannot assign integer from STRING
Jan 13 23:10:40.086 _global [600] org.yamcs.http.HttpRequestHandler [WARNING] ab3d9994 PUT /api/processors/IntegrationTest/realtime/parameters/%2FREFMDB%2FSUBSYS1%2FLocalPara1 400
Jan 13 23:10:47.411 _global [911] org.yamcs.http.api.SubscribeParameterObserver [WARNING] Received subscribe attempt with 1 invalid parameters. Subscription will continue with 2 remaining valids.
Jan 13 23:10:56.874 _global [123] org.yamcs.http.RouteHandler [WARNING] 29: Responding '400 Bad Request': SoftwareParameterManager not activated for this processor
Jan 13 23:10:56.874 _global [123] org.yamcs.http.HttpRequestHandler [WARNING] e4defa6e PUT /api/processors/IntegrationTest/realtime/parameters/%2FREFMDB%2FSUBSYS1%2FIntegerPara1_1_6 400
[WARNING] Tests run: 19, Failures: 0, Errors: 0, Skipped: 1, Time elapsed: 38.888 s - in org.yamcs.ParameterTest
[INFO] Running org.yamcs.EventTests
Warning: Nashorn engine is planned to be removed from a future JDK release
Warning: Nashorn engine is planned to be removed from a future JDK release
[INFO] Tests run: 1, Failures: 0, Errors: 0, Skipped: 0, Time elapsed: 6.386 s - in org.yamcs.EventTests
[INFO] Running org.yamcs.HttpServerTest
Warning: Nashorn engine is planned to be removed from a future JDK release
Warning: Nashorn engine is planned to be removed from a future JDK release
[INFO] Tests run: 1, Failures: 0, Errors: 0, Skipped: 0, Time elapsed: 4.316 s - in org.yamcs.HttpServerTest
[INFO] Running org.yamcs.CommandIntegrationTest
Warning: Nashorn engine is planned to be removed from a future JDK release
Warning: Nashorn engine is planned to be removed from a future JDK release
Jan 13 23:11:16.450 _global [291] org.yamcs.http.RouteHandler [WARNING] 11: Responding '403 Forbidden': No Command authorization for '/REFMDB/SUBSYS1/FLOAT_ARG_TC'
Jan 13 23:11:16.452 _global [291] org.yamcs.http.HttpRequestHandler [WARNING] e46c5bdd POST /api/processors/IntegrationTest/realtime/commands/%2FREFMDB%2FSUBSYS1%2FFLOAT_ARG_TC 403
alg_verif_started:
  receivedCmdId: 25
  sentCmdId: 25
  receivedSeqNum: 5000
  sentSeqNum: 5000
  stage: 0
  result: 0
yep, this is our command
alg_verif_completed:
  receivedCmdId: 25
  sentCmdId: 25
  receivedSeqNum: 5000
  sentSeqNum: 5000
  stage: 1
  result: 5
yep, this is our command
[INFO] Tests run: 11, Failures: 0, Errors: 0, Skipped: 0, Time elapsed: 9.348 s - in org.yamcs.CommandIntegrationTest
[INFO] Running org.yamcs.TimeSubscriptionTest
Warning: Nashorn engine is planned to be removed from a future JDK release
Warning: Nashorn engine is planned to be removed from a future JDK release
[INFO] Tests run: 1, Failures: 0, Errors: 0, Skipped: 0, Time elapsed: 4.288 s - in org.yamcs.TimeSubscriptionTest
[INFO] Running org.yamcs.ModifyMissionDatabaseTest
Warning: Nashorn engine is planned to be removed from a future JDK release
Warning: Nashorn engine is planned to be removed from a future JDK release
[INFO] Tests run: 5, Failures: 0, Errors: 0, Skipped: 0, Time elapsed: 18.321 s - in org.yamcs.ModifyMissionDatabaseTest
[INFO] Running org.yamcs.yarch.StandaloneStreamTest
[INFO] Tests run: 1, Failures: 0, Errors: 0, Skipped: 0, Time elapsed: 0.395 s - in org.yamcs.yarch.StandaloneStreamTest
[INFO] Running org.yamcs.yarch.EnumTest
[INFO] Tests run: 3, Failures: 0, Errors: 0, Skipped: 0, Time elapsed: 0.909 s - in org.yamcs.yarch.EnumTest
[INFO] Running org.yamcs.yarch.StreamSelectBinaryFunctionTest
[INFO] Tests run: 5, Failures: 0, Errors: 0, Skipped: 0, Time elapsed: 0.871 s - in org.yamcs.yarch.StreamSelectBinaryFunctionTest
[INFO] Running org.yamcs.yarch.TimePartitionSchemaTest
[INFO] Tests run: 5, Failures: 0, Errors: 0, Skipped: 0, Time elapsed: 0.065 s - in org.yamcs.yarch.TimePartitionSchemaTest
[INFO] Running org.yamcs.yarch.StreamSelect1Test
[INFO] Tests run: 3, Failures: 0, Errors: 0, Skipped: 0, Time elapsed: 0.63 s - in org.yamcs.yarch.StreamSelect1Test
[INFO] Running org.yamcs.yarch.ColumnSerializerTest
bbposition: 57
[INFO] Tests run: 1, Failures: 0, Errors: 0, Skipped: 0, Time elapsed: 0.149 s - in org.yamcs.yarch.ColumnSerializerTest
[INFO] Running org.yamcs.yarch.ConcurrencyTest
[INFO] Tests run: 1, Failures: 0, Errors: 0, Skipped: 0, Time elapsed: 12.427 s - in org.yamcs.yarch.ConcurrencyTest
[INFO] Running org.yamcs.yarch.StreamSqlParserTest
[INFO] Tests run: 3, Failures: 0, Errors: 0, Skipped: 0, Time elapsed: 0.637 s - in org.yamcs.yarch.StreamSqlParserTest
[INFO] Running org.yamcs.yarch.StreamSelectTest
[INFO] Tests run: 4, Failures: 0, Errors: 0, Skipped: 0, Time elapsed: 0.89 s - in org.yamcs.yarch.StreamSelectTest
[INFO] Running org.yamcs.yarch.HistogramStreamTest
[WARNING] Tests run: 5, Failures: 0, Errors: 0, Skipped: 1, Time elapsed: 1.449 s - in org.yamcs.yarch.HistogramStreamTest
[INFO] Running org.yamcs.yarch.DynamicSchemaTableTest
[INFO] Tests run: 4, Failures: 0, Errors: 0, Skipped: 0, Time elapsed: 0.65 s - in org.yamcs.yarch.DynamicSchemaTableTest
[INFO] Running org.yamcs.yarch.WriterTest
[INFO] Tests run: 3, Failures: 0, Errors: 0, Skipped: 0, Time elapsed: 0.665 s - in org.yamcs.yarch.WriterTest
[INFO] Running org.yamcs.yarch.rocksdb.RdbEngineTest
[INFO] Tests run: 2, Failures: 0, Errors: 0, Skipped: 0, Time elapsed: 2.913 s - in org.yamcs.yarch.rocksdb.RdbEngineTest
[INFO] Running org.yamcs.yarch.rocksdb.RDBFactoryTest
Jan 13 23:12:13.647 _global [27] org.yamcs.yarch.rocksdb.RDBFactory [WARNING] Got error when creating the backup: /tmp/rdb_backup_test//db1: Directory '/tmp/rdb_backup_test//db1' is not a backup directory 
[INFO] Tests run: 2, Failures: 0, Errors: 0, Skipped: 0, Time elapsed: 13.065 s - in org.yamcs.yarch.rocksdb.RDBFactoryTest
[INFO] Running org.yamcs.yarch.rocksdb.TablespaceTest
[INFO] Tests run: 2, Failures: 0, Errors: 0, Skipped: 0, Time elapsed: 0.488 s - in org.yamcs.yarch.rocksdb.TablespaceTest
[INFO] Running org.yamcs.yarch.rocksdb.RdbSelectPerfTest
[WARNING] Tests run: 1, Failures: 0, Errors: 0, Skipped: 1, Time elapsed: 0.01 s - in org.yamcs.yarch.rocksdb.RdbSelectPerfTest
[INFO] Running org.yamcs.yarch.rocksdb.PartitioningTest
[INFO] Tests run: 3, Failures: 0, Errors: 0, Skipped: 0, Time elapsed: 1.176 s - in org.yamcs.yarch.rocksdb.PartitioningTest
[INFO] Running org.yamcs.yarch.rocksdb.HistogramRebuilderTest
[INFO] Tests run: 2, Failures: 0, Errors: 0, Skipped: 0, Time elapsed: 0.847 s - in org.yamcs.yarch.rocksdb.HistogramRebuilderTest
[INFO] Running org.yamcs.yarch.rocksdb.TagsTest
[INFO] Tests run: 1, Failures: 0, Errors: 0, Skipped: 0, Time elapsed: 0.572 s - in org.yamcs.yarch.rocksdb.TagsTest
[INFO] Running org.yamcs.yarch.rocksdb.RdbPartitionManagerTest
[INFO] Tests run: 2, Failures: 0, Errors: 0, Skipped: 0, Time elapsed: 0.476 s - in org.yamcs.yarch.rocksdb.RdbPartitionManagerTest
[INFO] Running org.yamcs.yarch.rocksdb.RdbHistogramIteratorTest
[INFO] Tests run: 1, Failures: 0, Errors: 0, Skipped: 0, Time elapsed: 0.589 s - in org.yamcs.yarch.rocksdb.RdbHistogramIteratorTest
[INFO] Running org.yamcs.yarch.rocksdb.BucketDbTest
[INFO] Tests run: 4, Failures: 0, Errors: 0, Skipped: 0, Time elapsed: 1.182 s - in org.yamcs.yarch.rocksdb.BucketDbTest
[INFO] Running org.yamcs.yarch.rocksdb.RdbSelectTest
[INFO] Tests run: 7, Failures: 0, Errors: 0, Skipped: 0, Time elapsed: 1.422 s - in org.yamcs.yarch.rocksdb.RdbSelectTest
[INFO] Running org.yamcs.yarch.StreamSelectProtobufTest
[INFO] Tests run: 5, Failures: 0, Errors: 0, Skipped: 0, Time elapsed: 0.917 s - in org.yamcs.yarch.StreamSelectProtobufTest
[INFO] Running org.yamcs.yarch.StreamMergeTest
[INFO] Tests run: 4, Failures: 0, Errors: 0, Skipped: 0, Time elapsed: 1.13 s - in org.yamcs.yarch.StreamMergeTest
[INFO] Running org.yamcs.yarch.InsertSelectTest
[INFO] Tests run: 1, Failures: 0, Errors: 0, Skipped: 0, Time elapsed: 0.393 s - in org.yamcs.yarch.InsertSelectTest
[INFO] Running org.yamcs.yarch.StreamSelectPerfTest
[INFO] Tests run: 1, Failures: 0, Errors: 0, Skipped: 0, Time elapsed: 1.327 s - in org.yamcs.yarch.StreamSelectPerfTest
[INFO] Running org.yamcs.yarch.HistogramSegmentTest
[INFO] Tests run: 10, Failures: 0, Errors: 0, Skipped: 0, Time elapsed: 0.102 s - in org.yamcs.yarch.HistogramSegmentTest
[INFO] Running org.yamcs.yarch.StreamSelect2Test
[INFO] Tests run: 8, Failures: 0, Errors: 0, Skipped: 0, Time elapsed: 2.852 s - in org.yamcs.yarch.StreamSelect2Test
[INFO] Running org.yamcs.yarch.StarSelectTest
[INFO] Tests run: 1, Failures: 0, Errors: 0, Skipped: 0, Time elapsed: 0.543 s - in org.yamcs.yarch.StarSelectTest
[INFO] Running org.yamcs.yarch.EnumWithPartitionTest
[INFO] Tests run: 4, Failures: 0, Errors: 0, Skipped: 0, Time elapsed: 1.038 s - in org.yamcs.yarch.EnumWithPartitionTest
[INFO] Running org.yamcs.yarch.StreamSelectParameterValueTest
[INFO] Tests run: 1, Failures: 0, Errors: 0, Skipped: 0, Time elapsed: 0.521 s - in org.yamcs.yarch.StreamSelectParameterValueTest
[INFO] Running org.yamcs.alarms.EventIdTest
[INFO] Tests run: 4, Failures: 0, Errors: 0, Skipped: 0, Time elapsed: 0.052 s - in org.yamcs.alarms.EventIdTest
[INFO] Running org.yamcs.alarms.AlarmServerTest
[INFO] Tests run: 7, Failures: 0, Errors: 0, Skipped: 0, Time elapsed: 0.6 s - in org.yamcs.alarms.AlarmServerTest
[INFO] Running org.yamcs.AlarmTest
[INFO] Tests run: 5, Failures: 0, Errors: 0, Skipped: 0, Time elapsed: 0.888 s - in org.yamcs.AlarmTest
[INFO] 
[INFO] Results:
[INFO] 
[WARNING] Tests run: 610, Failures: 0, Errors: 0, Skipped: 16
[INFO] 
[INFO] 
[INFO] ------------------------< org.yamcs:yamcs-tse >-------------------------
[INFO] Building Yamcs :: TSE 5.1.4-SNAPSHOT                              [6/19]
[INFO] --------------------------------[ jar ]---------------------------------
[INFO] 
[INFO] --- maven-clean-plugin:2.4.1:clean (default-clean) @ yamcs-tse ---
[INFO] Deleting /home/gabsko/breaking-updates/yamcs-tse/target
[INFO] 
[INFO] --- os-maven-plugin:1.6.2:detect (default) @ yamcs-tse ---
[INFO] ------------------------------------------------------------------------
[INFO] Detecting the operating system and CPU architecture
[INFO] ------------------------------------------------------------------------
[INFO] os.detected.name: linux
[INFO] os.detected.arch: x86_64
[INFO] os.detected.version: 5.4
[INFO] os.detected.version.major: 5
[INFO] os.detected.version.minor: 4
[INFO] os.detected.release: ubuntu
[INFO] os.detected.release.version: 18.04
[INFO] os.detected.release.like.ubuntu: true
[INFO] os.detected.release.like.debian: true
[INFO] os.detected.classifier: linux-x86_64
[INFO] 
[INFO] --- protobuf-maven-plugin:0.6.1:compile (default) @ yamcs-tse ---
[INFO] Compiling 1 proto file(s) to /home/gabsko/breaking-updates/yamcs-tse/target/generated-sources/protobuf/java
[INFO] 
[INFO] --- maven-resources-plugin:3.1.0:resources (default-resources) @ yamcs-tse ---
[INFO] Using 'UTF-8' encoding to copy filtered resources.
[INFO] Copying 1 resource
[INFO] Copying 1 resource
[INFO] 
[INFO] --- maven-compiler-plugin:3.8.0:compile (default-compile) @ yamcs-tse ---
[INFO] Changes detected - recompiling the module!
[INFO] Compiling 27 source files to /home/gabsko/breaking-updates/yamcs-tse/target/classes
[INFO] /home/gabsko/breaking-updates/yamcs-tse/target/generated-sources/protobuf/java/org/yamcs/tse/api/TseCommanderMessage.java: Some input files use or override a deprecated API.
[INFO] /home/gabsko/breaking-updates/yamcs-tse/target/generated-sources/protobuf/java/org/yamcs/tse/api/TseCommanderMessage.java: Recompile with -Xlint:deprecation for details.
[INFO] 
[INFO] >>> yamcs-maven-plugin:1.2.5:detect (default) > process-classes @ yamcs-tse >>>
[INFO] 
[INFO] --- os-maven-plugin:1.6.2:detect (default) @ yamcs-tse ---
[INFO] ------------------------------------------------------------------------
[INFO] Detecting the operating system and CPU architecture
[INFO] ------------------------------------------------------------------------
[INFO] os.detected.name: linux
[INFO] os.detected.arch: x86_64
[INFO] os.detected.version: 5.4
[INFO] os.detected.version.major: 5
[INFO] os.detected.version.minor: 4
[INFO] os.detected.release: ubuntu
[INFO] os.detected.release.version: 18.04
[INFO] os.detected.release.like.ubuntu: true
[INFO] os.detected.release.like.debian: true
[INFO] os.detected.classifier: linux-x86_64
[INFO] 
[INFO] --- protobuf-maven-plugin:0.6.1:compile (default) @ yamcs-tse ---
[INFO] Skipping compilation because target directory newer than sources.
[INFO] 
[INFO] --- maven-resources-plugin:3.1.0:resources (default-resources) @ yamcs-tse ---
[INFO] Using 'UTF-8' encoding to copy filtered resources.
[INFO] Copying 1 resource
[INFO] Copying 1 resource
[INFO] Copying 1 resource
[INFO] 
[INFO] --- maven-compiler-plugin:3.8.0:compile (default-compile) @ yamcs-tse ---
[INFO] Nothing to compile - all classes are up to date
[INFO] 
[INFO] <<< yamcs-maven-plugin:1.2.5:detect (default) < process-classes @ yamcs-tse <<<
[INFO] 
[INFO] 
[INFO] --- yamcs-maven-plugin:1.2.5:detect (default) @ yamcs-tse ---
[INFO] 
[INFO] --- maven-resources-plugin:3.1.0:testResources (default-testResources) @ yamcs-tse ---
[INFO] Using 'UTF-8' encoding to copy filtered resources.
[INFO] skip non existing resourceDirectory /home/gabsko/breaking-updates/yamcs-tse/src/test/resources
[INFO] 
[INFO] --- maven-compiler-plugin:3.8.0:testCompile (default-testCompile) @ yamcs-tse ---
[INFO] Changes detected - recompiling the module!
[INFO] Compiling 1 source file to /home/gabsko/breaking-updates/yamcs-tse/target/test-classes
[INFO] 
[INFO] --- maven-surefire-plugin:3.0.0-M3:test (default-test) @ yamcs-tse ---
[INFO] 
[INFO] -------------------------------------------------------
[INFO]  T E S T S
[INFO] -------------------------------------------------------
[INFO] Running org.yamcs.tse.ResponseBufferTest
[INFO] Tests run: 1, Failures: 0, Errors: 0, Skipped: 0, Time elapsed: 0.054 s - in org.yamcs.tse.ResponseBufferTest
[INFO] 
[INFO] Results:
[INFO] 
[INFO] Tests run: 1, Failures: 0, Errors: 0, Skipped: 0
[INFO] 
[INFO] 
[INFO] ------------------------< org.yamcs:simulator >-------------------------
[INFO] Building Yamcs :: Simulator 5.1.4-SNAPSHOT                        [7/19]
[INFO] --------------------------------[ jar ]---------------------------------
[INFO] 
[INFO] --- maven-clean-plugin:2.4.1:clean (default-clean) @ simulator ---
[INFO] Deleting /home/gabsko/breaking-updates/simulator/target
[INFO] 
[INFO] --- maven-resources-plugin:3.1.0:resources (default-resources) @ simulator ---
[INFO] Using 'UTF-8' encoding to copy filtered resources.
[INFO] Copying 7 resources
[INFO] 
[INFO] --- maven-compiler-plugin:3.8.0:compile (default-compile) @ simulator ---
[INFO] Changes detected - recompiling the module!
[INFO] Compiling 24 source files to /home/gabsko/breaking-updates/simulator/target/classes
[INFO] /home/gabsko/breaking-updates/simulator/src/main/java/org/yamcs/simulator/PerfMdbLoader.java: /home/gabsko/breaking-updates/simulator/src/main/java/org/yamcs/simulator/PerfMdbLoader.java uses or overrides a deprecated API.
[INFO] /home/gabsko/breaking-updates/simulator/src/main/java/org/yamcs/simulator/PerfMdbLoader.java: Recompile with -Xlint:deprecation for details.
[INFO] 
[INFO] --- maven-resources-plugin:3.1.0:testResources (default-testResources) @ simulator ---
[INFO] Using 'UTF-8' encoding to copy filtered resources.
[INFO] skip non existing resourceDirectory /home/gabsko/breaking-updates/simulator/src/test/resources
[INFO] 
[INFO] --- maven-compiler-plugin:3.8.0:testCompile (default-testCompile) @ simulator ---
[INFO] No sources to compile
[INFO] 
[INFO] --- maven-surefire-plugin:3.0.0-M3:test (default-test) @ simulator ---
[INFO] No tests to run.
[INFO] 
[INFO] ------------------------< org.yamcs:yamcs-web >-------------------------
[INFO] Building Yamcs :: Web Interface 5.1.4-SNAPSHOT                    [8/19]
[INFO] --------------------------------[ jar ]---------------------------------
[INFO] 
[INFO] --- maven-clean-plugin:2.4.1:clean (default-clean) @ yamcs-web ---
[INFO] Deleting /home/gabsko/breaking-updates/yamcs-web/target
[INFO] 
[INFO] --- maven-resources-plugin:3.1.0:resources (default-resources) @ yamcs-web ---
[INFO] Using 'UTF-8' encoding to copy filtered resources.
[INFO] Copying 1 resource
[INFO] skip non existing resourceDirectory /home/gabsko/breaking-updates/yamcs-web/target/webapp
[INFO] 
[INFO] --- maven-compiler-plugin:3.8.0:compile (default-compile) @ yamcs-web ---
[INFO] Changes detected - recompiling the module!
[INFO] Compiling 2 source files to /home/gabsko/breaking-updates/yamcs-web/target/classes
[INFO] 
[INFO] >>> yamcs-maven-plugin:1.2.5:detect (default) > process-classes @ yamcs-web >>>
[INFO] 
[INFO] --- maven-resources-plugin:3.1.0:resources (default-resources) @ yamcs-web ---
[INFO] Using 'UTF-8' encoding to copy filtered resources.
[INFO] Copying 1 resource
[INFO] skip non existing resourceDirectory /home/gabsko/breaking-updates/yamcs-web/target/webapp
[INFO] 
[INFO] --- maven-compiler-plugin:3.8.0:compile (default-compile) @ yamcs-web ---
[INFO] Nothing to compile - all classes are up to date
[INFO] 
[INFO] <<< yamcs-maven-plugin:1.2.5:detect (default) < process-classes @ yamcs-web <<<
[INFO] 
[INFO] 
[INFO] --- yamcs-maven-plugin:1.2.5:detect (default) @ yamcs-web ---
[INFO] 
[INFO] --- maven-resources-plugin:3.1.0:testResources (default-testResources) @ yamcs-web ---
[INFO] Using 'UTF-8' encoding to copy filtered resources.
[INFO] skip non existing resourceDirectory /home/gabsko/breaking-updates/yamcs-web/src/test/resources
[INFO] 
[INFO] --- maven-compiler-plugin:3.8.0:testCompile (default-testCompile) @ yamcs-web ---
[INFO] No sources to compile
[INFO] 
[INFO] --- maven-surefire-plugin:3.0.0-M3:test (default-test) @ yamcs-web ---
[INFO] No tests to run.
[INFO] 
[INFO] --------------------< org.yamcs.examples:examples >---------------------
[INFO] Building Yamcs :: Examples 5.1.4-SNAPSHOT                         [9/19]
[INFO] --------------------------------[ pom ]---------------------------------
[INFO] 
[INFO] --- maven-clean-plugin:2.4.1:clean (default-clean) @ examples ---
[INFO] 
[INFO] ------------------< org.yamcs.examples:ccsds-frames >-------------------
[INFO] Building Yamcs :: Examples :: CCSDS Frames 5.1.4-SNAPSHOT        [10/19]
[INFO] --------------------------------[ jar ]---------------------------------
[INFO] 
[INFO] --- maven-clean-plugin:2.4.1:clean (default-clean) @ ccsds-frames ---
[INFO] 
[INFO] --- maven-resources-plugin:3.1.0:resources (default-resources) @ ccsds-frames ---
[INFO] Using 'UTF-8' encoding to copy filtered resources.
[INFO] skip non existing resourceDirectory /home/gabsko/breaking-updates/examples/ccsds-frames/src/main/resources
[INFO] 
[INFO] --- maven-compiler-plugin:3.8.0:compile (default-compile) @ ccsds-frames ---
[INFO] No sources to compile
[INFO] 
[INFO] --- maven-resources-plugin:3.1.0:testResources (default-testResources) @ ccsds-frames ---
[INFO] Using 'UTF-8' encoding to copy filtered resources.
[INFO] skip non existing resourceDirectory /home/gabsko/breaking-updates/examples/ccsds-frames/src/test/resources
[INFO] 
[INFO] --- maven-compiler-plugin:3.8.0:testCompile (default-testCompile) @ ccsds-frames ---
[INFO] No sources to compile
[INFO] 
[INFO] --- maven-surefire-plugin:3.0.0-M3:test (default-test) @ ccsds-frames ---
[INFO] No tests to run.
[INFO] 
[INFO] ----------------------< org.yamcs.examples:cfdp >-----------------------
[INFO] Building Yamcs :: Examples :: CFDP 5.1.4-SNAPSHOT                [11/19]
[INFO] --------------------------------[ jar ]---------------------------------
[INFO] 
[INFO] --- maven-clean-plugin:2.4.1:clean (default-clean) @ cfdp ---
[INFO] 
[INFO] --- maven-resources-plugin:3.1.0:resources (default-resources) @ cfdp ---
[INFO] Using 'UTF-8' encoding to copy filtered resources.
[INFO] skip non existing resourceDirectory /home/gabsko/breaking-updates/examples/cfdp/src/main/resources
[INFO] 
[INFO] --- maven-compiler-plugin:3.8.0:compile (default-compile) @ cfdp ---
[INFO] No sources to compile
[INFO] 
[INFO] --- maven-resources-plugin:3.1.0:testResources (default-testResources) @ cfdp ---
[INFO] Using 'UTF-8' encoding to copy filtered resources.
[INFO] skip non existing resourceDirectory /home/gabsko/breaking-updates/examples/cfdp/src/test/resources
[INFO] 
[INFO] --- maven-compiler-plugin:3.8.0:testCompile (default-testCompile) @ cfdp ---
[INFO] No sources to compile
[INFO] 
[INFO] --- maven-surefire-plugin:3.0.0-M3:test (default-test) @ cfdp ---
[INFO] No tests to run.
[INFO] 
[INFO] ------------------< org.yamcs.examples:replication1 >-------------------
[INFO] Building Yamcs :: Examples :: Replication1 5.1.4-SNAPSHOT        [12/19]
[INFO] --------------------------------[ jar ]---------------------------------
[INFO] 
[INFO] --- maven-clean-plugin:2.4.1:clean (default-clean) @ replication1 ---
[INFO] 
[INFO] --- maven-resources-plugin:3.1.0:resources (default-resources) @ replication1 ---
[INFO] Using 'UTF-8' encoding to copy filtered resources.
[INFO] skip non existing resourceDirectory /home/gabsko/breaking-updates/examples/replication1/src/main/resources
[INFO] 
[INFO] --- maven-compiler-plugin:3.8.0:compile (default-compile) @ replication1 ---
[INFO] No sources to compile
[INFO] 
[INFO] --- maven-resources-plugin:3.1.0:testResources (default-testResources) @ replication1 ---
[INFO] Using 'UTF-8' encoding to copy filtered resources.
[INFO] skip non existing resourceDirectory /home/gabsko/breaking-updates/examples/replication1/src/test/resources
[INFO] 
[INFO] --- maven-compiler-plugin:3.8.0:testCompile (default-testCompile) @ replication1 ---
[INFO] No sources to compile
[INFO] 
[INFO] --- maven-surefire-plugin:3.0.0-M3:test (default-test) @ replication1 ---
[INFO] No tests to run.
[INFO] 
[INFO] ------------------< org.yamcs.examples:replication2 >-------------------
[INFO] Building Yamcs :: Examples :: Replication2 5.1.4-SNAPSHOT        [13/19]
[INFO] --------------------------------[ jar ]---------------------------------
[INFO] 
[INFO] --- maven-clean-plugin:2.4.1:clean (default-clean) @ replication2 ---
[INFO] 
[INFO] --- maven-resources-plugin:3.1.0:resources (default-resources) @ replication2 ---
[INFO] Using 'UTF-8' encoding to copy filtered resources.
[INFO] skip non existing resourceDirectory /home/gabsko/breaking-updates/examples/replication2/src/main/resources
[INFO] 
[INFO] --- maven-compiler-plugin:3.8.0:compile (default-compile) @ replication2 ---
[INFO] No sources to compile
[INFO] 
[INFO] --- maven-resources-plugin:3.1.0:testResources (default-testResources) @ replication2 ---
[INFO] Using 'UTF-8' encoding to copy filtered resources.
[INFO] skip non existing resourceDirectory /home/gabsko/breaking-updates/examples/replication2/src/test/resources
[INFO] 
[INFO] --- maven-compiler-plugin:3.8.0:testCompile (default-testCompile) @ replication2 ---
[INFO] No sources to compile
[INFO] 
[INFO] --- maven-surefire-plugin:3.0.0-M3:test (default-test) @ replication2 ---
[INFO] No tests to run.
[INFO] 
[INFO] ------------------< org.yamcs.examples:replication3 >-------------------
[INFO] Building Yamcs :: Examples :: Replication3 5.1.4-SNAPSHOT        [14/19]
[INFO] --------------------------------[ jar ]---------------------------------
[INFO] 
[INFO] --- maven-clean-plugin:2.4.1:clean (default-clean) @ replication3 ---
[INFO] 
[INFO] --- maven-resources-plugin:3.1.0:resources (default-resources) @ replication3 ---
[INFO] Using 'UTF-8' encoding to copy filtered resources.
[INFO] skip non existing resourceDirectory /home/gabsko/breaking-updates/examples/replication3/src/main/resources
[INFO] 
[INFO] --- maven-compiler-plugin:3.8.0:compile (default-compile) @ replication3 ---
[INFO] No sources to compile
[INFO] 
[INFO] --- maven-resources-plugin:3.1.0:testResources (default-testResources) @ replication3 ---
[INFO] Using 'UTF-8' encoding to copy filtered resources.
[INFO] skip non existing resourceDirectory /home/gabsko/breaking-updates/examples/replication3/src/test/resources
[INFO] 
[INFO] --- maven-compiler-plugin:3.8.0:testCompile (default-testCompile) @ replication3 ---
[INFO] No sources to compile
[INFO] 
[INFO] --- maven-surefire-plugin:3.0.0-M3:test (default-test) @ replication3 ---
[INFO] No tests to run.
[INFO] 
[INFO] -------------------< org.yamcs.examples:simulation >--------------------
[INFO] Building Yamcs :: Examples :: Simulation 5.1.4-SNAPSHOT          [15/19]
[INFO] --------------------------------[ jar ]---------------------------------
[INFO] 
[INFO] --- maven-clean-plugin:2.4.1:clean (default-clean) @ simulation ---
[INFO] 
[INFO] --- maven-resources-plugin:3.1.0:resources (default-resources) @ simulation ---
[INFO] Using 'UTF-8' encoding to copy filtered resources.
[INFO] skip non existing resourceDirectory /home/gabsko/breaking-updates/examples/simulation/src/main/resources
[INFO] 
[INFO] --- maven-compiler-plugin:3.8.0:compile (default-compile) @ simulation ---
[INFO] No sources to compile
[INFO] 
[INFO] --- maven-resources-plugin:3.1.0:testResources (default-testResources) @ simulation ---
[INFO] Using 'UTF-8' encoding to copy filtered resources.
[INFO] skip non existing resourceDirectory /home/gabsko/breaking-updates/examples/simulation/src/test/resources
[INFO] 
[INFO] --- maven-compiler-plugin:3.8.0:testCompile (default-testCompile) @ simulation ---
[INFO] No sources to compile
[INFO] 
[INFO] --- maven-surefire-plugin:3.0.0-M3:test (default-test) @ simulation ---
[INFO] No tests to run.
[INFO] 
[INFO] --------------------< org.yamcs.examples:snippets >---------------------
[INFO] Building Yamcs :: Examples :: Snippets 5.1.4-SNAPSHOT            [16/19]
[INFO] --------------------------------[ jar ]---------------------------------
[INFO] 
[INFO] --- maven-clean-plugin:2.4.1:clean (default-clean) @ snippets ---
[INFO] Deleting /home/gabsko/breaking-updates/examples/snippets/target
[INFO] 
[INFO] --- maven-resources-plugin:3.1.0:resources (default-resources) @ snippets ---
[INFO] Using 'UTF-8' encoding to copy filtered resources.
[INFO] Copying 1 resource
[INFO] 
[INFO] --- maven-compiler-plugin:3.8.0:compile (default-compile) @ snippets ---
[INFO] Changes detected - recompiling the module!
[INFO] Compiling 1 source file to /home/gabsko/breaking-updates/examples/snippets/target/classes
[INFO] 
[INFO] --- maven-resources-plugin:3.1.0:testResources (default-testResources) @ snippets ---
[INFO] Using 'UTF-8' encoding to copy filtered resources.
[INFO] skip non existing resourceDirectory /home/gabsko/breaking-updates/examples/snippets/src/test/resources
[INFO] 
[INFO] --- maven-compiler-plugin:3.8.0:testCompile (default-testCompile) @ snippets ---
[INFO] No sources to compile
[INFO] 
[INFO] --- maven-surefire-plugin:3.0.0-M3:test (default-test) @ snippets ---
[INFO] No tests to run.
[INFO] 
[INFO] --------------------< org.yamcs.examples:templates >--------------------
[INFO] Building Yamcs :: Examples :: Templates 5.1.4-SNAPSHOT           [17/19]
[INFO] --------------------------------[ jar ]---------------------------------
[INFO] 
[INFO] --- maven-clean-plugin:2.4.1:clean (default-clean) @ templates ---
[INFO] 
[INFO] --- maven-resources-plugin:3.1.0:resources (default-resources) @ templates ---
[INFO] Using 'UTF-8' encoding to copy filtered resources.
[INFO] skip non existing resourceDirectory /home/gabsko/breaking-updates/examples/templates/src/main/resources
[INFO] 
[INFO] --- maven-compiler-plugin:3.8.0:compile (default-compile) @ templates ---
[INFO] No sources to compile
[INFO] 
[INFO] --- maven-resources-plugin:3.1.0:testResources (default-testResources) @ templates ---
[INFO] Using 'UTF-8' encoding to copy filtered resources.
[INFO] skip non existing resourceDirectory /home/gabsko/breaking-updates/examples/templates/src/test/resources
[INFO] 
[INFO] --- maven-compiler-plugin:3.8.0:testCompile (default-testCompile) @ templates ---
[INFO] No sources to compile
[INFO] 
[INFO] --- maven-surefire-plugin:3.0.0-M3:test (default-test) @ templates ---
[INFO] No tests to run.
[INFO] 
[INFO] ----------------------< org.yamcs:packet-viewer >-----------------------
[INFO] Building Yamcs :: Packet Viewer 5.1.4-SNAPSHOT                   [18/19]
[INFO] --------------------------------[ jar ]---------------------------------
[INFO] 
[INFO] --- maven-clean-plugin:2.4.1:clean (default-clean) @ packet-viewer ---
[INFO] Deleting /home/gabsko/breaking-updates/packet-viewer/target
[INFO] 
[INFO] --- maven-resources-plugin:3.1.0:resources (default-resources) @ packet-viewer ---
[INFO] Using 'UTF-8' encoding to copy filtered resources.
[INFO] Copying 3 resources
[INFO] 
[INFO] --- maven-compiler-plugin:3.8.0:compile (default-compile) @ packet-viewer ---
[INFO] Changes detected - recompiling the module!
[INFO] Compiling 28 source files to /home/gabsko/breaking-updates/packet-viewer/target/classes
[INFO] 
[INFO] --- maven-resources-plugin:3.1.0:testResources (default-testResources) @ packet-viewer ---
[INFO] Using 'UTF-8' encoding to copy filtered resources.
[INFO] skip non existing resourceDirectory /home/gabsko/breaking-updates/packet-viewer/src/test/resources
[INFO] 
[INFO] --- maven-compiler-plugin:3.8.0:testCompile (default-testCompile) @ packet-viewer ---
[INFO] No sources to compile
[INFO] 
[INFO] --- maven-surefire-plugin:3.0.0-M3:test (default-test) @ packet-viewer ---
[INFO] No tests to run.
[INFO] 
[INFO] -----------------------< org.yamcs:distribution >-----------------------
[INFO] Building Yamcs :: Distribution 5.1.4-SNAPSHOT                    [19/19]
[INFO] --------------------------------[ pom ]---------------------------------
[INFO] 
[INFO] --- maven-clean-plugin:2.4.1:clean (default-clean) @ distribution ---
[INFO] ------------------------------------------------------------------------
[INFO] Reactor Summary for Yamcs 5.1.4-SNAPSHOT:
[INFO] 
[INFO] Yamcs .............................................. SUCCESS [  0.096 s]
[INFO] Yamcs :: API ....................................... SUCCESS [ 12.073 s]
[INFO] Yamcs :: Yamcs Client .............................. SUCCESS [  0.622 s]
[INFO] Yamcs :: XTCE ...................................... SUCCESS [  1.378 s]
[INFO] Yamcs :: Core ...................................... SUCCESS [06:45 min]
[INFO] Yamcs :: TSE ....................................... SUCCESS [  1.236 s]
[INFO] Yamcs :: Simulator ................................. SUCCESS [  0.163 s]
[INFO] Yamcs :: Web Interface ............................. SUCCESS [  0.118 s]
[INFO] Yamcs :: Examples .................................. SUCCESS [  0.000 s]
[INFO] Yamcs :: Examples :: CCSDS Frames .................. SUCCESS [  0.007 s]
[INFO] Yamcs :: Examples :: CFDP .......................... SUCCESS [  0.006 s]
[INFO] Yamcs :: Examples :: Replication1 .................. SUCCESS [  0.006 s]
[INFO] Yamcs :: Examples :: Replication2 .................. SUCCESS [  0.007 s]
[INFO] Yamcs :: Examples :: Replication3 .................. SUCCESS [  0.005 s]
[INFO] Yamcs :: Examples :: Simulation .................... SUCCESS [  0.006 s]
[INFO] Yamcs :: Examples :: Snippets ...................... SUCCESS [  0.116 s]
[INFO] Yamcs :: Examples :: Templates ..................... SUCCESS [  0.007 s]
[INFO] Yamcs :: Packet Viewer ............................. SUCCESS [  0.241 s]
[INFO] Yamcs :: Distribution .............................. SUCCESS [  0.001 s]
[INFO] ------------------------------------------------------------------------
[INFO] BUILD SUCCESS
[INFO] ------------------------------------------------------------------------
[INFO] Total time:  07:01 min
[INFO] Finished at: 2023-01-13T23:12:57Z
[INFO] ------------------------------------------------------------------------
