[INFO] Scanning for projects...
[WARNING] The POM for org.jenkins-ci.tools:maven-hpi-plugin:jar:3.17 is missing, no dependency information available
[WARNING] Failed to build parent project for org.jenkins-ci.plugins:parameterized-trigger:hpi:2.42-SNAPSHOT
[INFO] 
[INFO] ------------< org.jenkins-ci.plugins:parameterized-trigger >------------
[INFO] Building Jenkins Parameterized Trigger plugin 2.42-SNAPSHOT
[INFO] --------------------------------[ hpi ]---------------------------------
[INFO] 
[INFO] --- maven-clean-plugin:3.1.0:clean (default-clean) @ parameterized-trigger ---
[INFO] Deleting /home/gabsko/breaking-updates/target
[INFO] 
[INFO] --- maven-hpi-plugin:3.17:validate (default-validate) @ parameterized-trigger ---
[INFO] 
[INFO] --- maven-hpi-plugin:3.17:validate-hpi (default-validate-hpi) @ parameterized-trigger ---
[INFO] 
[INFO] --- maven-enforcer-plugin:3.0.0-M3:display-info (display-info) @ parameterized-trigger ---
[INFO] Maven Version: 3.8.6
[INFO] JDK Version: 11.0.17 normalized as: 11.0.17
[INFO] OS Info: Arch: amd64 Family: unix Name: linux Version: 5.4.0-113-generic
[INFO] 
[INFO] --- maven-enforcer-plugin:3.0.0-M3:enforce (display-info) @ parameterized-trigger ---
[INFO] Adding ignore: module-info
[WARNING] Invalid bytecodeVersion for com.fasterxml.jackson.module:jackson-module-jaxb-annotations:jar:2.12.4:compile : META-INF/versions/11/module-info.class: expected 55, but was 53
[INFO] 
[INFO] --- maven-enforcer-plugin:3.0.0-M3:enforce (no-snapshots-in-release) @ parameterized-trigger ---
[INFO] 
[INFO] --- gmavenplus-plugin:1.12.1:addTestSources (test-in-groovy) @ parameterized-trigger ---
[INFO] 
[INFO] --- localizer-maven-plugin:1.31:generate (default) @ parameterized-trigger ---
[INFO] 
[INFO] --- maven-resources-plugin:3.2.0:resources (default-resources) @ parameterized-trigger ---
[INFO] Using 'UTF-8' encoding to copy filtered resources.
[INFO] Using 'UTF-8' encoding to copy filtered properties files.
[INFO] Copying 67 resources
[INFO] 
[INFO] --- flatten-maven-plugin:1.2.7:flatten (flatten) @ parameterized-trigger ---
[INFO] Generating flattened POM of project org.jenkins-ci.plugins:parameterized-trigger:hpi:2.42-SNAPSHOT...
[INFO] 
[INFO] --- maven-compiler-plugin:3.8.1:compile (default-compile) @ parameterized-trigger ---
[INFO] Changes detected - recompiling the module!
[INFO] Compiling 42 source files to /home/gabsko/breaking-updates/target/classes
[INFO] /home/gabsko/breaking-updates/src/main/java/hudson/plugins/parameterizedtrigger/BuildTriggerConfig.java: Some input files use or override a deprecated API.
[INFO] /home/gabsko/breaking-updates/src/main/java/hudson/plugins/parameterizedtrigger/BuildTriggerConfig.java: Recompile with -Xlint:deprecation for details.
[INFO] /home/gabsko/breaking-updates/src/main/java/hudson/plugins/parameterizedtrigger/BuildTriggerConfig.java: Some input files use unchecked or unsafe operations.
[INFO] /home/gabsko/breaking-updates/src/main/java/hudson/plugins/parameterizedtrigger/BuildTriggerConfig.java: Recompile with -Xlint:unchecked for details.
[INFO] 
[INFO] --- access-modifier-checker:1.21:enforce (default-enforce) @ parameterized-trigger ---
[INFO] 
[INFO] --- maven-hpi-plugin:3.17:insert-test (default-insert-test) @ parameterized-trigger ---
[INFO] 
[INFO] --- gmavenplus-plugin:1.12.1:generateTestStubs (test-in-groovy) @ parameterized-trigger ---
[INFO] No sources specified for stub generation. Skipping.
[INFO] Generated 0 stubs.
[INFO] 
[INFO] --- maven-antrun-plugin:3.0.0:run (createTempDir) @ parameterized-trigger ---
[INFO] Executing tasks
[INFO]     [mkdir] Created dir: /home/gabsko/breaking-updates/target/tmp
[INFO] Executed tasks
[INFO] 
[INFO] --- maven-resources-plugin:3.2.0:testResources (default-testResources) @ parameterized-trigger ---
[INFO] Using 'UTF-8' encoding to copy filtered resources.
[INFO] Using 'UTF-8' encoding to copy filtered properties files.
[INFO] Copying 12 resources
[INFO] 
[INFO] --- maven-compiler-plugin:3.8.1:testCompile (default-testCompile) @ parameterized-trigger ---
[INFO] Changes detected - recompiling the module!
[INFO] Compiling 25 source files to /home/gabsko/breaking-updates/target/test-classes
[INFO] /home/gabsko/breaking-updates/src/test/java/hudson/plugins/parameterizedtrigger/test/ParameterizedTriggerPermissionTest.java: Some input files use or override a deprecated API.
[INFO] /home/gabsko/breaking-updates/src/test/java/hudson/plugins/parameterizedtrigger/test/ParameterizedTriggerPermissionTest.java: Recompile with -Xlint:deprecation for details.
[INFO] /home/gabsko/breaking-updates/src/test/java/hudson/plugins/parameterizedtrigger/test/DefaultParameterValuesActionsTransformTest.java: Some input files use unchecked or unsafe operations.
[INFO] /home/gabsko/breaking-updates/src/test/java/hudson/plugins/parameterizedtrigger/test/DefaultParameterValuesActionsTransformTest.java: Recompile with -Xlint:unchecked for details.
[INFO] 
[INFO] --- maven-hpi-plugin:3.17:test-hpl (default-test-hpl) @ parameterized-trigger ---
[INFO] Generating /home/gabsko/breaking-updates/target/test-classes/the.hpl
[INFO] 
[INFO] --- maven-hpi-plugin:3.17:resolve-test-dependencies (default-resolve-test-dependencies) @ parameterized-trigger ---
[INFO] Downloading from repo.jenkins-ci.org: https://repo.jenkins-ci.org/public/org/jenkins-ci/plugins/workflow/workflow-cps/2.93/workflow-cps-2.93.hpi
[INFO] Downloaded from repo.jenkins-ci.org: https://repo.jenkins-ci.org/public/org/jenkins-ci/plugins/workflow/workflow-cps/2.93/workflow-cps-2.93.hpi (634 kB at 301 kB/s)
[INFO] Downloading from repo.jenkins-ci.org: https://repo.jenkins-ci.org/public/org/jenkins-ci/plugins/junit/1.51/junit-1.51.hpi
[INFO] Downloaded from repo.jenkins-ci.org: https://repo.jenkins-ci.org/public/org/jenkins-ci/plugins/junit/1.51/junit-1.51.hpi (389 kB at 689 kB/s)
[INFO] Downloading from repo.jenkins-ci.org: https://repo.jenkins-ci.org/public/org/jenkins-ci/plugins/matrix-auth/2.6.8/matrix-auth-2.6.8.hpi
[INFO] Downloaded from repo.jenkins-ci.org: https://repo.jenkins-ci.org/public/org/jenkins-ci/plugins/matrix-auth/2.6.8/matrix-auth-2.6.8.hpi (128 kB at 215 kB/s)
[INFO] 
[INFO] --- gmavenplus-plugin:1.12.1:compileTests (test-in-groovy) @ parameterized-trigger ---
[INFO] No sources specified for compilation. Skipping.
[INFO] 
[INFO] --- maven-surefire-plugin:3.0.0-M4:test (default-test) @ parameterized-trigger ---
[INFO] 
[INFO] -------------------------------------------------------
[INFO]  T E S T S
[INFO] -------------------------------------------------------
[INFO] Running InjectedTest
[INFO] Tests run: 28, Failures: 0, Errors: 0, Skipped: 0, Time elapsed: 9.044 s - in InjectedTest
[INFO] Running hudson.plugins.parameterizedtrigger.test.BuildInfoExporterTest
[INFO] Tests run: 6, Failures: 0, Errors: 0, Skipped: 0, Time elapsed: 26.851 s - in hudson.plugins.parameterizedtrigger.test.BuildInfoExporterTest
[INFO] Running hudson.plugins.parameterizedtrigger.test.BuildTriggerConfigTest
[INFO] Tests run: 12, Failures: 0, Errors: 0, Skipped: 0, Time elapsed: 16.017 s - in hudson.plugins.parameterizedtrigger.test.BuildTriggerConfigTest
[INFO] Running hudson.plugins.parameterizedtrigger.test.BuildTriggerTest
[INFO] Tests run: 2, Failures: 0, Errors: 0, Skipped: 0, Time elapsed: 20.813 s - in hudson.plugins.parameterizedtrigger.test.BuildTriggerTest
[INFO] Running hudson.plugins.parameterizedtrigger.test.CompatibilityTest
[INFO] Tests run: 1, Failures: 0, Errors: 0, Skipped: 0, Time elapsed: 1.218 s - in hudson.plugins.parameterizedtrigger.test.CompatibilityTest
[INFO] Running hudson.plugins.parameterizedtrigger.test.ConfigurationRoundtripTest
[INFO] Tests run: 1, Failures: 0, Errors: 0, Skipped: 0, Time elapsed: 0.79 s - in hudson.plugins.parameterizedtrigger.test.ConfigurationRoundtripTest
[INFO] Running hudson.plugins.parameterizedtrigger.test.CounterBuildParameterFactoryTest
[INFO] Tests run: 2, Failures: 0, Errors: 0, Skipped: 0, Time elapsed: 3.093 s - in hudson.plugins.parameterizedtrigger.test.CounterBuildParameterFactoryTest
[INFO] Running hudson.plugins.parameterizedtrigger.test.CounterBuildParameterFactoryUnitTest
[INFO] Tests run: 9, Failures: 0, Errors: 0, Skipped: 0, Time elapsed: 0.434 s - in hudson.plugins.parameterizedtrigger.test.CounterBuildParameterFactoryUnitTest
[INFO] Running hudson.plugins.parameterizedtrigger.test.CurrentBuildParametersTest
[INFO] Tests run: 4, Failures: 0, Errors: 0, Skipped: 0, Time elapsed: 9.935 s - in hudson.plugins.parameterizedtrigger.test.CurrentBuildParametersTest
[INFO] Running hudson.plugins.parameterizedtrigger.test.DefaultParameterValuesActionsTransformTest
[INFO] Tests run: 1, Failures: 0, Errors: 0, Skipped: 0, Time elapsed: 0.913 s - in hudson.plugins.parameterizedtrigger.test.DefaultParameterValuesActionsTransformTest
[INFO] Running hudson.plugins.parameterizedtrigger.test.DefaultParametersTest
[INFO] Tests run: 2, Failures: 0, Errors: 0, Skipped: 0, Time elapsed: 15.592 s - in hudson.plugins.parameterizedtrigger.test.DefaultParametersTest
[INFO] Running hudson.plugins.parameterizedtrigger.test.DontBuildTest
[INFO] Tests run: 1, Failures: 0, Errors: 0, Skipped: 0, Time elapsed: 2.649 s - in hudson.plugins.parameterizedtrigger.test.DontBuildTest
[INFO] Running hudson.plugins.parameterizedtrigger.test.FileBuildParameterFactoryTest
[INFO] Tests run: 10, Failures: 0, Errors: 0, Skipped: 0, Time elapsed: 14.184 s - in hudson.plugins.parameterizedtrigger.test.FileBuildParameterFactoryTest
[INFO] Running hudson.plugins.parameterizedtrigger.test.FileBuildTriggerConfigTest
[INFO] Tests run: 15, Failures: 0, Errors: 0, Skipped: 0, Time elapsed: 178.619 s - in hudson.plugins.parameterizedtrigger.test.FileBuildTriggerConfigTest
[INFO] Running hudson.plugins.parameterizedtrigger.test.NodeParametersTest
[INFO] Tests run: 3, Failures: 0, Errors: 0, Skipped: 0, Time elapsed: 51.185 s - in hudson.plugins.parameterizedtrigger.test.NodeParametersTest
[INFO] Running hudson.plugins.parameterizedtrigger.test.ParameterizedTriggerPermissionTest
[INFO] Tests run: 2, Failures: 0, Errors: 0, Skipped: 0, Time elapsed: 2.675 s - in hudson.plugins.parameterizedtrigger.test.ParameterizedTriggerPermissionTest
[INFO] Running hudson.plugins.parameterizedtrigger.test.ParameterizedTriggerUtilsTest
[INFO] Tests run: 1, Failures: 0, Errors: 0, Skipped: 0, Time elapsed: 0.002 s - in hudson.plugins.parameterizedtrigger.test.ParameterizedTriggerUtilsTest
[INFO] Running hudson.plugins.parameterizedtrigger.test.PredefinedPropertiesBuildTriggerConfigTest
[INFO] Tests run: 3, Failures: 0, Errors: 0, Skipped: 0, Time elapsed: 15.95 s - in hudson.plugins.parameterizedtrigger.test.PredefinedPropertiesBuildTriggerConfigTest
[INFO] Running hudson.plugins.parameterizedtrigger.test.ProjectSpecificParameterValuesActionTransformTest
[INFO] Tests run: 2, Failures: 0, Errors: 0, Skipped: 0, Time elapsed: 3.458 s - in hudson.plugins.parameterizedtrigger.test.ProjectSpecificParameterValuesActionTransformTest
[INFO] Running hudson.plugins.parameterizedtrigger.test.RenameJobTest
[INFO] Tests run: 6, Failures: 0, Errors: 0, Skipped: 0, Time elapsed: 65.455 s - in hudson.plugins.parameterizedtrigger.test.RenameJobTest
[INFO] Running hudson.plugins.parameterizedtrigger.test.ResultConditionTest
[INFO] Tests run: 5, Failures: 0, Errors: 0, Skipped: 0, Time elapsed: 71.627 s - in hudson.plugins.parameterizedtrigger.test.ResultConditionTest
[INFO] Running hudson.plugins.parameterizedtrigger.test.SubversionRevisionBuildTriggerConfigTest
[WARNING] Tests run: 1, Failures: 0, Errors: 0, Skipped: 1, Time elapsed: 0.002 s - in hudson.plugins.parameterizedtrigger.test.SubversionRevisionBuildTriggerConfigTest
[INFO] Running hudson.plugins.parameterizedtrigger.test.TriggerBuilderTest
[INFO] Tests run: 14, Failures: 0, Errors: 0, Skipped: 0, Time elapsed: 43.007 s - in hudson.plugins.parameterizedtrigger.test.TriggerBuilderTest
[INFO] 
[INFO] Results:
[INFO] 
[WARNING] Tests run: 131, Failures: 0, Errors: 0, Skipped: 1
[INFO] 
[INFO] 
[INFO] --- animal-sniffer-maven-plugin:1.20:check (check) @ parameterized-trigger ---
[INFO] Resolved signature org.codehaus.mojo.signature:java18 version as 1.0 from dependencyManagement
[INFO] Checking unresolved references to org.codehaus.mojo.signature:java18:1.0
[INFO] ------------------------------------------------------------------------
[INFO] BUILD SUCCESS
[INFO] ------------------------------------------------------------------------
[INFO] Total time:  09:28 min
[INFO] Finished at: 2023-01-13T19:30:12Z
[INFO] ------------------------------------------------------------------------
