[INFO] Scanning for projects...
[INFO] Inspecting build with total of 6 modules...
[INFO] Installing Nexus Staging features:
[INFO]   ... total of 6 executions of maven-deploy-plugin replaced with nexus-staging-maven-plugin
[INFO] ------------------------------------------------------------------------
[INFO] Reactor Build Order:
[INFO] 
[INFO] Open Foris Collect                                                 [pom]
[INFO] Open Foris Collect Base module                                     [jar]
[INFO] Open Foris Collect Core module                                     [jar]
[INFO] Open Foris Collect Relational DB generation module                 [jar]
[INFO] Open Foris Collect Server module                                   [jar]
[INFO] Open Foris Collect Webapp module                                   [war]
[INFO] 
[INFO] -------------------< org.openforis.collect:collect >--------------------
[INFO] Building Open Foris Collect 4.0.65-SNAPSHOT                        [1/6]
[INFO] --------------------------------[ pom ]---------------------------------
[INFO] 
[INFO] --- maven-clean-plugin:3.1.0:clean (default-clean) @ collect ---
[INFO] 
[INFO] --- maven-enforcer-plugin:1.4.1:enforce (enforce-maven) @ collect ---
[INFO] 
[INFO] --- buildnumber-maven-plugin:1.4:create (default) @ collect ---
[INFO] Storing buildNumber: 202301132054 at timestamp: 1673643242967
[INFO] Storing buildScmBranch: branch-openforis/collect-1e971ff1cc2589fe7cedfb0d194b72f2017f1196
[INFO] 
[INFO] -----------------< org.openforis.collect:collect-base >-----------------
[INFO] Building Open Foris Collect Base module 4.0.65-SNAPSHOT            [2/6]
[INFO] --------------------------------[ jar ]---------------------------------
[INFO] 
[INFO] --- maven-clean-plugin:3.1.0:clean (default-clean) @ collect-base ---
[INFO] Deleting /home/gabsko/breaking-updates/collect-base/target
[INFO] 
[INFO] --- maven-enforcer-plugin:1.4.1:enforce (enforce-maven) @ collect-base ---
[INFO] 
[INFO] --- buildnumber-maven-plugin:1.4:create (default) @ collect-base ---
[INFO] Storing buildNumber: 202301132054 at timestamp: 1673643243046
[INFO] Storing buildScmBranch: branch-openforis/collect-1e971ff1cc2589fe7cedfb0d194b72f2017f1196
[INFO] 
[INFO] --- maven-resources-plugin:3.2.0:resources (default-resources) @ collect-base ---
[INFO] Using 'UTF-8' encoding to copy filtered resources.
[INFO] Using 'UTF-8' encoding to copy filtered properties files.
[INFO] Copying 1 resource
[INFO] 
[INFO] --- maven-compiler-plugin:3.8.1:compile (default-compile) @ collect-base ---
[INFO] Changes detected - recompiling the module!
[INFO] Compiling 2 source files to /home/gabsko/breaking-updates/collect-base/target/classes
[INFO] 
[INFO] --- maven-resources-plugin:3.2.0:testResources (default-testResources) @ collect-base ---
[INFO] Using 'UTF-8' encoding to copy filtered resources.
[INFO] Using 'UTF-8' encoding to copy filtered properties files.
[INFO] skip non existing resourceDirectory /home/gabsko/breaking-updates/collect-base/src/test/resources
[INFO] 
[INFO] --- maven-compiler-plugin:3.8.1:testCompile (default-testCompile) @ collect-base ---
[INFO] No sources to compile
[INFO] 
[INFO] --- maven-surefire-plugin:2.22.2:test (default-test) @ collect-base ---
[INFO] No tests to run.
[INFO] 
[INFO] -----------------< org.openforis.collect:collect-core >-----------------
[INFO] Building Open Foris Collect Core module 4.0.65-SNAPSHOT            [3/6]
[INFO] --------------------------------[ jar ]---------------------------------
[INFO] 
[INFO] --- maven-clean-plugin:3.1.0:clean (default-clean) @ collect-core ---
[INFO] Deleting /home/gabsko/breaking-updates/collect-core/target
[INFO] 
[INFO] --- maven-enforcer-plugin:1.4.1:enforce (enforce-maven) @ collect-core ---
[INFO] 
[INFO] --- buildnumber-maven-plugin:1.4:create (default) @ collect-core ---
[INFO] Storing buildNumber: 202301132054 at timestamp: 1673643243721
[INFO] Storing buildScmBranch: branch-openforis/collect-1e971ff1cc2589fe7cedfb0d194b72f2017f1196
[INFO] 
[INFO] --- build-helper-maven-plugin:3.3.0:add-source (add-generated-source) @ collect-core ---
[INFO] Source directory: /home/gabsko/breaking-updates/collect-core/src/generated/java added.
[INFO] 
[INFO] --- maven-resources-plugin:3.2.0:resources (default-resources) @ collect-core ---
[INFO] Using 'UTF-8' encoding to copy filtered resources.
[INFO] Using 'UTF-8' encoding to copy filtered properties files.
[INFO] Copying 134 resources
[INFO] 
[INFO] --- maven-compiler-plugin:3.8.1:compile (default-compile) @ collect-core ---
[INFO] Changes detected - recompiling the module!
[INFO] Compiling 837 source files to /home/gabsko/breaking-updates/collect-core/target/classes
[INFO] /home/gabsko/breaking-updates/collect-core/src/main/java/org/openforis/collect/io/data/XMLDataImportProcess.java: Some input files use or override a deprecated API.
[INFO] /home/gabsko/breaking-updates/collect-core/src/main/java/org/openforis/collect/io/data/XMLDataImportProcess.java: Recompile with -Xlint:deprecation for details.
[INFO] /home/gabsko/breaking-updates/collect-core/src/main/java/org/openforis/idm/metamodel/CoordinateAttributeDefinition.java: Some input files use unchecked or unsafe operations.
[INFO] /home/gabsko/breaking-updates/collect-core/src/main/java/org/openforis/idm/metamodel/CoordinateAttributeDefinition.java: Recompile with -Xlint:unchecked for details.
[INFO] 
[INFO] --- build-helper-maven-plugin:3.3.0:add-test-source (add-integration-test-sources) @ collect-core ---
[INFO] Test Source directory: /home/gabsko/breaking-updates/collect-core/src/it/java added.
[INFO] 
[INFO] --- build-helper-maven-plugin:3.3.0:add-test-resource (add-integration-test-resources) @ collect-core ---
[INFO] 
[INFO] --- maven-resources-plugin:3.2.0:testResources (default-testResources) @ collect-core ---
[INFO] Using 'UTF-8' encoding to copy filtered resources.
[INFO] Using 'UTF-8' encoding to copy filtered properties files.
[INFO] Copying 2 resources
[INFO] Copying 23 resources
[INFO] 
[INFO] --- maven-compiler-plugin:3.8.1:testCompile (default-testCompile) @ collect-core ---
[INFO] Changes detected - recompiling the module!
[INFO] Compiling 90 source files to /home/gabsko/breaking-updates/collect-core/target/test-classes
[INFO] /home/gabsko/breaking-updates/collect-core/src/test/java/org/openforis/idm/model/ValidationDependencyGraphTest.java: Some input files use or override a deprecated API.
[INFO] /home/gabsko/breaking-updates/collect-core/src/test/java/org/openforis/idm/model/ValidationDependencyGraphTest.java: Recompile with -Xlint:deprecation for details.
[INFO] 
[INFO] --- maven-surefire-plugin:2.22.2:test (default-test) @ collect-core ---
[INFO] 
[INFO] -------------------------------------------------------
[INFO]  T E S T S
[INFO] -------------------------------------------------------
[INFO] Running org.openforis.collect.model.VirtualEntityTest
[INFO] Tests run: 1, Failures: 0, Errors: 0, Skipped: 0, Time elapsed: 0.462 s - in org.openforis.collect.model.VirtualEntityTest
[INFO] Running org.openforis.collect.model.RecordUpdaterTest
[INFO] Tests run: 32, Failures: 0, Errors: 0, Skipped: 0, Time elapsed: 0.087 s - in org.openforis.collect.model.RecordUpdaterTest
[INFO] Running org.openforis.collect.model.expression.IDMDistanceFunctionTest
[INFO] Tests run: 2, Failures: 0, Errors: 0, Skipped: 0, Time elapsed: 0.103 s - in org.openforis.collect.model.expression.IDMDistanceFunctionTest
[INFO] Running org.openforis.collect.event.EventProducerTest
[INFO] Tests run: 2, Failures: 0, Errors: 0, Skipped: 0, Time elapsed: 0.001 s - in org.openforis.collect.event.EventProducerTest
[INFO] Running org.openforis.collect.metamodel.ui.UIOptionsMigratorTest
Jan 13, 2023 8:54:11 PM liquibase.lockservice
INFO: Successfully acquired change log lock
Jan 13, 2023 8:54:11 PM liquibase.servicelocator
INFO: Cannot load service: liquibase.parser.ChangeLogParser: liquibase.parser.core.json.JsonChangeLogParser Unable to get public no-arg constructor
Jan 13, 2023 8:54:11 PM liquibase.servicelocator
INFO: Cannot load service: liquibase.parser.ChangeLogParser: liquibase.parser.core.yaml.YamlChangeLogParser Unable to get public no-arg constructor
Jan 13, 2023 8:54:12 PM liquibase.changelog
INFO: Creating database history table with name: DATABASECHANGELOG
Jan 13, 2023 8:54:12 PM liquibase.changelog
INFO: Reading from DATABASECHANGELOG
Jan 13, 2023 8:54:12 PM liquibase.servicelocator
INFO: Cannot load service: liquibase.hub.HubService: Provider liquibase.hub.core.StandardHubService could not be instantiated
Running Changeset: org/openforis/collect/db/changelog/sqlite/db.changelog-baseline.xml::baseline::collect
Jan 13, 2023 8:54:12 PM liquibase.changelog
INFO: Table ofc_application_info created
Jan 13, 2023 8:54:12 PM liquibase.changelog
INFO: Table ofc_config created
Jan 13, 2023 8:54:12 PM liquibase.changelog
INFO: Table ofc_logo created
Jan 13, 2023 8:54:12 PM liquibase.changelog
INFO: Table ofc_record created
Jan 13, 2023 8:54:12 PM liquibase.changelog
INFO: Table ofc_sampling_design created
Jan 13, 2023 8:54:12 PM liquibase.changelog
INFO: Table ofc_survey created
Jan 13, 2023 8:54:12 PM liquibase.changelog
INFO: Table ofc_survey_work created
Jan 13, 2023 8:54:12 PM liquibase.changelog
INFO: Table ofc_taxon created
Jan 13, 2023 8:54:12 PM liquibase.changelog
INFO: Table ofc_taxon_vernacular_name created
Jan 13, 2023 8:54:12 PM liquibase.changelog
INFO: Table ofc_taxonomy created
Jan 13, 2023 8:54:12 PM liquibase.changelog
INFO: Table ofc_user created
Jan 13, 2023 8:54:12 PM liquibase.changelog
INFO: Table ofc_user_role created
Jan 13, 2023 8:54:12 PM liquibase.changelog
INFO: New row inserted into ofc_application_info
Jan 13, 2023 8:54:12 PM liquibase.changelog
INFO: New row inserted into ofc_user
Jan 13, 2023 8:54:12 PM liquibase.changelog
INFO: New row inserted into ofc_user_role
Jan 13, 2023 8:54:12 PM liquibase.changelog
INFO: ChangeSet org/openforis/collect/db/changelog/sqlite/db.changelog-baseline.xml::baseline::collect ran successfully in 25ms
Running Changeset: org/openforis/collect/db/changelog/sqlite/db.changelog-20130610.1400.xml::code-list-storage::ricci
Jan 13, 2023 8:54:12 PM liquibase.changelog
INFO: Table ofc_code_list created
Jan 13, 2023 8:54:12 PM liquibase.changelog
INFO: Index ofc_code_list_survey_idx created
Jan 13, 2023 8:54:12 PM liquibase.changelog
INFO: Index ofc_code_list_survey_work_idx created
Jan 13, 2023 8:54:12 PM liquibase.changelog
INFO: Index ofc_code_list_parent_id_idx created
Jan 13, 2023 8:54:12 PM liquibase.changelog
INFO: Index ofc_code_list_child_items_idx created
Jan 13, 2023 8:54:12 PM liquibase.changelog
INFO: Index ofc_code_list_work_child_items__idx created
Jan 13, 2023 8:54:12 PM liquibase.changelog
INFO: ChangeSet org/openforis/collect/db/changelog/sqlite/db.changelog-20130610.1400.xml::code-list-storage::ricci ran successfully in 10ms
Running Changeset: org/openforis/collect/db/changelog/sqlite/db.changelog-20131118.1600.xml::add-record-owner::ricci
Jan 13, 2023 8:54:12 PM liquibase.changelog
INFO: Custom SQL executed
Jan 13, 2023 8:54:12 PM liquibase.changelog
INFO: Custom SQL executed
Jan 13, 2023 8:54:12 PM liquibase.changelog
INFO: ChangeSet org/openforis/collect/db/changelog/sqlite/db.changelog-20131118.1600.xml::add-record-owner::ricci ran successfully in 6ms
Running Changeset: org/openforis/collect/db/changelog/sqlite/db.changelog-20131120.1600.xml::improve-code-list-search-performances::ricci
Jan 13, 2023 8:54:12 PM liquibase.changelog
INFO: Custom SQL executed
Jan 13, 2023 8:54:12 PM liquibase.changelog
INFO: Index ofc_code_list_child_item_idx created
Jan 13, 2023 8:54:12 PM liquibase.changelog
INFO: Index ofc_code_list_survey_idx created
Jan 13, 2023 8:54:12 PM liquibase.changelog
INFO: Index ofc_code_list_child_items_idx created
Jan 13, 2023 8:54:12 PM liquibase.changelog
INFO: ChangeSet org/openforis/collect/db/changelog/sqlite/db.changelog-20131120.1600.xml::improve-code-list-search-performances::ricci ran successfully in 5ms
Running Changeset: org/openforis/collect/db/changelog/sqlite/db.changelog-20140723.1000.xml::add-sampling-design-info::ricci
Jan 13, 2023 8:54:12 PM liquibase.changelog
INFO: Custom SQL executed
Jan 13, 2023 8:54:12 PM liquibase.changelog
INFO: ChangeSet org/openforis/collect/db/changelog/sqlite/db.changelog-20140723.1000.xml::add-sampling-design-info::ricci ran successfully in 3ms
Running Changeset: org/openforis/collect/db/changelog/sqlite/db.changelog-20140730.1000.xml::add-code-list-item-level::ricci
Jan 13, 2023 8:54:12 PM liquibase.changelog
INFO: Custom SQL executed
Jan 13, 2023 8:54:12 PM liquibase.changelog
INFO: ChangeSet org/openforis/collect/db/changelog/sqlite/db.changelog-20140730.1000.xml::add-code-list-item-level::ricci ran successfully in 5ms
Running Changeset: org/openforis/collect/db/changelog/sqlite/db.changelog-20140826.1000.xml::update-code-list-item-level::ricci
Jan 13, 2023 8:54:12 PM liquibase.changelog
INFO: Custom SQL executed
Jan 13, 2023 8:54:12 PM liquibase.changelog
INFO: ChangeSet org/openforis/collect/db/changelog/sqlite/db.changelog-20140826.1000.xml::update-code-list-item-level::ricci ran successfully in 2ms
Running Changeset: org/openforis/collect/db/changelog/sqlite/db.changelog-20140904.1800.xml::add-sampling-design-info-2::ricci
Jan 13, 2023 8:54:12 PM liquibase.changelog
INFO: Custom SQL executed
Jan 13, 2023 8:54:12 PM liquibase.changelog
INFO: ChangeSet org/openforis/collect/db/changelog/sqlite/db.changelog-20140904.1800.xml::add-sampling-design-info-2::ricci ran successfully in 4ms
Running Changeset: org/openforis/collect/db/changelog/sqlite/db.changelog-20150302.1600.xml::improve-record-search-performance::ricci
Jan 13, 2023 8:54:12 PM liquibase.changelog
INFO: Index ofc_record_key1_idx created
Jan 13, 2023 8:54:12 PM liquibase.changelog
INFO: Index ofc_record_key2_idx created
Jan 13, 2023 8:54:12 PM liquibase.changelog
INFO: Index ofc_record_key3_idx created
Jan 13, 2023 8:54:12 PM liquibase.changelog
INFO: Index ofc_record_date_modified_idx created
Jan 13, 2023 8:54:12 PM liquibase.changelog
INFO: ChangeSet org/openforis/collect/db/changelog/sqlite/db.changelog-20150302.1600.xml::improve-record-search-performance::ricci ran successfully in 2ms
Running Changeset: org/openforis/collect/db/changelog/sqlite/db.changelog-20150407.1800.xml::add-code-list-item-image::ricci
Jan 13, 2023 8:54:12 PM liquibase.changelog
INFO: Custom SQL executed
Jan 13, 2023 8:54:12 PM liquibase.changelog
INFO: ChangeSet org/openforis/collect/db/changelog/sqlite/db.changelog-20150407.1800.xml::add-code-list-item-image::ricci ran successfully in 2ms
Running Changeset: org/openforis/collect/db/changelog/sqlite/db.changelog-20150413.1000.xml::add-survey-info-columns::ricci
Jan 13, 2023 8:54:12 PM liquibase.changelog
INFO: Custom SQL executed
Jan 13, 2023 8:54:12 PM liquibase.changelog
INFO: ChangeSet org/openforis/collect/db/changelog/sqlite/db.changelog-20150413.1000.xml::add-survey-info-columns::ricci ran successfully in 6ms
Running Changeset: org/openforis/collect/db/changelog/sqlite/db.changelog-20150727.xml::add-other-code-list-label-columns::ricci
Jan 13, 2023 8:54:12 PM liquibase.changelog
INFO: Custom SQL executed
Jan 13, 2023 8:54:12 PM liquibase.changelog
INFO: ChangeSet org/openforis/collect/db/changelog/sqlite/db.changelog-20150727.xml::add-other-code-list-label-columns::ricci ran successfully in 3ms
Running Changeset: org/openforis/collect/db/changelog/sqlite/db.changelog-20150820.xml::data-cleansing-toolkit::ricci
Jan 13, 2023 8:54:12 PM liquibase.changelog
INFO: Table ofc_data_query created
Jan 13, 2023 8:54:12 PM liquibase.changelog
INFO: Table ofc_data_error_type created
Jan 13, 2023 8:54:12 PM liquibase.changelog
INFO: Table ofc_data_error_query created
Jan 13, 2023 8:54:12 PM liquibase.changelog
INFO: Table ofc_data_error_query_group created
Jan 13, 2023 8:54:12 PM liquibase.changelog
INFO: Table ofc_data_error_query_group_query created
Jan 13, 2023 8:54:12 PM liquibase.changelog
INFO: Table ofc_data_error_report created
Jan 13, 2023 8:54:12 PM liquibase.changelog
INFO: Table ofc_data_error_report_item created
Jan 13, 2023 8:54:12 PM liquibase.changelog
INFO: Index ofc_data_error_report_item_report_record_idx created
Jan 13, 2023 8:54:12 PM liquibase.changelog
INFO: Table ofc_data_cleansing_step created
Jan 13, 2023 8:54:12 PM liquibase.changelog
INFO: Table ofc_data_cleansing_step_value created
Jan 13, 2023 8:54:12 PM liquibase.changelog
INFO: Index ofc_data_cleansing_step_value_idx created
Jan 13, 2023 8:54:12 PM liquibase.changelog
INFO: Table ofc_data_cleansing_chain created
Jan 13, 2023 8:54:12 PM liquibase.changelog
INFO: Table ofc_data_cleansing_chain_steps created
Jan 13, 2023 8:54:12 PM liquibase.changelog
INFO: ChangeSet org/openforis/collect/db/changelog/sqlite/db.changelog-20150820.xml::data-cleansing-toolkit::ricci ran successfully in 14ms
Running Changeset: org/openforis/collect/db/changelog/sqlite/db.changelog-20150820_addon.xml::delete-duplicate-code-list-items::ricci
Jan 13, 2023 8:54:12 PM liquibase.changelog
INFO: Custom SQL executed
Jan 13, 2023 8:54:12 PM liquibase.changelog
INFO: ChangeSet org/openforis/collect/db/changelog/sqlite/db.changelog-20150820_addon.xml::delete-duplicate-code-list-items::ricci ran successfully in 6ms
Running Changeset: org/openforis/collect/db/changelog/sqlite/db.changelog-20150821.xml::merge-survey-tables::ricci
Jan 13, 2023 8:54:12 PM liquibase.changelog
INFO: Custom SQL executed
Jan 13, 2023 8:54:12 PM liquibase.changelog
INFO: ChangeSet org/openforis/collect/db/changelog/sqlite/db.changelog-20150821.xml::merge-survey-tables::ricci ran successfully in 18ms
Running Changeset: org/openforis/collect/db/changelog/sqlite/db.changelog-20150928.xml::add-data-error-report-columns::ricci
Jan 13, 2023 8:54:12 PM liquibase.changelog
INFO: Custom SQL executed
Jan 13, 2023 8:54:12 PM liquibase.changelog
INFO: ChangeSet org/openforis/collect/db/changelog/sqlite/db.changelog-20150928.xml::add-data-error-report-columns::ricci ran successfully in 2ms
Running Changeset: org/openforis/collect/db/changelog/sqlite/db.changelog-20150930.xml::set-published-survey-id::ricci
Jan 13, 2023 8:54:12 PM liquibase.changelog
INFO: Custom SQL executed
Jan 13, 2023 8:54:12 PM liquibase.changelog
INFO: ChangeSet org/openforis/collect/db/changelog/sqlite/db.changelog-20150930.xml::set-published-survey-id::ricci ran successfully in 1ms
Running Changeset: org/openforis/collect/db/changelog/sqlite/db.changelog-20151009-rev.xml::data-cleansing-report-rev::ricci
Jan 13, 2023 8:54:12 PM liquibase.changelog
INFO: Table ofc_data_cleansing_report created
Jan 13, 2023 8:54:12 PM liquibase.changelog
INFO: ChangeSet org/openforis/collect/db/changelog/sqlite/db.changelog-20151009-rev.xml::data-cleansing-report-rev::ricci ran successfully in 4ms
Running Changeset: org/openforis/collect/db/changelog/sqlite/db.changelog-20151016.xml::merge-data-query-and-data-error-query::ricci
Jan 13, 2023 8:54:12 PM liquibase.changelog
INFO: Table ofc_data_query_type created
Jan 13, 2023 8:54:12 PM liquibase.changelog
INFO: Custom SQL executed
Jan 13, 2023 8:54:12 PM liquibase.changelog
INFO: Custom SQL executed
Jan 13, 2023 8:54:12 PM liquibase.changelog
INFO: Custom SQL executed
Jan 13, 2023 8:54:12 PM liquibase.changelog
INFO: Table ofc_data_query_group created
Jan 13, 2023 8:54:12 PM liquibase.changelog
INFO: Table ofc_data_query_group_query created
Jan 13, 2023 8:54:12 PM liquibase.changelog
INFO: Custom SQL executed
Jan 13, 2023 8:54:12 PM liquibase.changelog
INFO: Table ofc_data_report created
Jan 13, 2023 8:54:12 PM liquibase.changelog
INFO: Table ofc_data_report_item created
Jan 13, 2023 8:54:12 PM liquibase.changelog
INFO: Index ofc_data_report_item_report_record_idx created
Jan 13, 2023 8:54:12 PM liquibase.changelog
INFO: Custom SQL executed
Jan 13, 2023 8:54:12 PM liquibase.changelog
INFO: Table ofc_data_error_report_item dropped
Jan 13, 2023 8:54:12 PM liquibase.changelog
INFO: Table ofc_data_error_report dropped
Jan 13, 2023 8:54:12 PM liquibase.changelog
INFO: Table ofc_data_error_query_group_query dropped
Jan 13, 2023 8:54:12 PM liquibase.changelog
INFO: Table ofc_data_error_query_group dropped
Jan 13, 2023 8:54:12 PM liquibase.changelog
INFO: Table ofc_data_error_query dropped
Jan 13, 2023 8:54:12 PM liquibase.changelog
INFO: Table ofc_data_error_type dropped
Jan 13, 2023 8:54:12 PM liquibase.changelog
INFO: ChangeSet org/openforis/collect/db/changelog/sqlite/db.changelog-20151016.xml::merge-data-query-and-data-error-query::ricci ran successfully in 14ms
Running Changeset: org/openforis/collect/db/changelog/sqlite/db.changelog-20151022.xml::add-sampling-design-info-3::ricci
Jan 13, 2023 8:54:12 PM liquibase.changelog
INFO: Custom SQL executed
Jan 13, 2023 8:54:12 PM liquibase.changelog
INFO: ChangeSet org/openforis/collect/db/changelog/sqlite/db.changelog-20151022.xml::add-sampling-design-info-3::ricci ran successfully in 6ms
Running Changeset: org/openforis/collect/db/changelog/sqlite/db.changelog-20151101.xml::event-queue::ricci
Jan 13, 2023 8:54:12 PM liquibase.changelog
INFO: Table ofc_message created
Jan 13, 2023 8:54:12 PM liquibase.changelog
INFO: Table ofc_message_processing created
Jan 13, 2023 8:54:12 PM liquibase.changelog
INFO: Index ofc_message_idx created
Jan 13, 2023 8:54:12 PM liquibase.changelog
INFO: Index ofc_message_processing_pkey created
Jan 13, 2023 8:54:12 PM liquibase.changelog
INFO: ChangeSet org/openforis/collect/db/changelog/sqlite/db.changelog-20151101.xml::event-queue::ricci ran successfully in 6ms
Running Changeset: org/openforis/collect/db/changelog/sqlite/db.changelog-20160317.xml::survey-files::ricci
Jan 13, 2023 8:54:12 PM liquibase.changelog
INFO: Table ofc_survey_file created
Jan 13, 2023 8:54:12 PM liquibase.changelog
INFO: ChangeSet org/openforis/collect/db/changelog/sqlite/db.changelog-20160317.xml::survey-files::ricci ran successfully in 8ms
Running Changeset: org/openforis/collect/db/changelog/sqlite/db.changelog-20160825.xml::add-data-cleansing-step-type::ricci
Jan 13, 2023 8:54:12 PM liquibase.changelog
INFO: Custom SQL executed
Jan 13, 2023 8:54:12 PM liquibase.changelog
INFO: ChangeSet org/openforis/collect/db/changelog/sqlite/db.changelog-20160825.xml::add-data-cleansing-step-type::ricci ran successfully in 3ms
Running Changeset: org/openforis/collect/db/changelog/sqlite/db.changelog-20160825.xml::add-record-application-version::ricci
Jan 13, 2023 8:54:12 PM liquibase.changelog
INFO: Custom SQL executed
Jan 13, 2023 8:54:12 PM liquibase.changelog
INFO: ChangeSet org/openforis/collect/db/changelog/sqlite/db.changelog-20160825.xml::add-record-application-version::ricci ran successfully in 1ms
Running Changeset: org/openforis/collect/db/changelog/sqlite/db.changelog-20170425.xml::add-species-list-info-columns::ricci
Jan 13, 2023 8:54:12 PM liquibase.changelog
INFO: Custom SQL executed
Jan 13, 2023 8:54:12 PM liquibase.changelog
INFO: ChangeSet org/openforis/collect/db/changelog/sqlite/db.changelog-20170425.xml::add-species-list-info-columns::ricci ran successfully in 15ms
Running Changeset: org/openforis/collect/db/changelog/sqlite/db.changelog-20170530.xml::taxon-indexes::ricci
Jan 13, 2023 8:54:12 PM liquibase.changelog
INFO: Index ofc_taxon_taxonomy_idx created
Jan 13, 2023 8:54:12 PM liquibase.changelog
INFO: Index ofc_taxon_parent_idx created
Jan 13, 2023 8:54:12 PM liquibase.changelog
INFO: Index ofc_taxon_vernacular_name_taxonomy_idx created
Jan 13, 2023 8:54:12 PM liquibase.changelog
INFO: ChangeSet org/openforis/collect/db/changelog/sqlite/db.changelog-20170530.xml::taxon-indexes::ricci ran successfully in 2ms
Running Changeset: org/openforis/collect/db/changelog/sqlite/db.changelog-20170815.xml::usergroups::ricci
Jan 13, 2023 8:54:12 PM liquibase.changelog
INFO: Table ofc_usergroup created
Jan 13, 2023 8:54:12 PM liquibase.changelog
INFO: Index ofc_usergroup_parent_idx created
Jan 13, 2023 8:54:12 PM liquibase.changelog
INFO: Table ofc_user_usergroup created
Jan 13, 2023 8:54:12 PM liquibase.changelog
INFO: Index ofc_user_usergroup_pkey created
Jan 13, 2023 8:54:12 PM liquibase.changelog
INFO: Index ofc_user_usergroup_user_idx created
Jan 13, 2023 8:54:12 PM liquibase.changelog
INFO: Index ofc_user_usergroup_group_idx created
Jan 13, 2023 8:54:12 PM liquibase.changelog
INFO: ChangeSet org/openforis/collect/db/changelog/sqlite/db.changelog-20170815.xml::usergroups::ricci ran successfully in 4ms
Running Changeset: org/openforis/collect/db/changelog/sqlite/db.changelog-20170815.xml::survey-usergroup-column::ricci
Jan 13, 2023 8:54:12 PM liquibase.changelog
INFO: Custom SQL executed
Jan 13, 2023 8:54:12 PM liquibase.changelog
INFO: Index ofc_survey_usergroup_idx created
Jan 13, 2023 8:54:12 PM liquibase.changelog
INFO: ChangeSet org/openforis/collect/db/changelog/sqlite/db.changelog-20170815.xml::survey-usergroup-column::ricci ran successfully in 2ms
Running Changeset: org/openforis/collect/db/changelog/sqlite/db.changelog-20170815.xml::user-groups-default-values::ricci
Jan 13, 2023 8:54:12 PM liquibase.changelog
INFO: Custom SQL executed
Jan 13, 2023 8:54:12 PM liquibase.changelog
INFO: ChangeSet org/openforis/collect/db/changelog/sqlite/db.changelog-20170815.xml::user-groups-default-values::ricci ran successfully in 9ms
Running Changeset: org/openforis/collect/db/changelog/sqlite/db.changelog-20170816.xml::add-code-list-item-color-column::ricci
Jan 13, 2023 8:54:12 PM liquibase.changelog
INFO: Custom SQL executed
Jan 13, 2023 8:54:12 PM liquibase.changelog
INFO: ChangeSet org/openforis/collect/db/changelog/sqlite/db.changelog-20170816.xml::add-code-list-item-color-column::ricci ran successfully in 1ms
Running Changeset: org/openforis/collect/db/changelog/sqlite/db.changelog-20170913.xml::add-survey-availability-column::ricci
Jan 13, 2023 8:54:12 PM liquibase.changelog
INFO: Custom SQL executed
Jan 13, 2023 8:54:12 PM liquibase.changelog
INFO: ChangeSet org/openforis/collect/db/changelog/sqlite/db.changelog-20170913.xml::add-survey-availability-column::ricci ran successfully in 1ms
Running Changeset: org/openforis/collect/db/changelog/sqlite/db.changelog-20170913.xml::survey-availability-default-values::ricci
Jan 13, 2023 8:54:12 PM liquibase.changelog
INFO: Custom SQL executed
Jan 13, 2023 8:54:12 PM liquibase.changelog
INFO: ChangeSet org/openforis/collect/db/changelog/sqlite/db.changelog-20170913.xml::survey-availability-default-values::ricci ran successfully in 1ms
Running Changeset: org/openforis/collect/db/changelog/sqlite/db.changelog-20170920.xml::record-data::ricci
Jan 13, 2023 8:54:12 PM liquibase.changelog
INFO: Table ofc_record_data created
Jan 13, 2023 8:54:12 PM liquibase.changelog
INFO: Index ofc_record_data_pkey_idx created
Jan 13, 2023 8:54:12 PM liquibase.changelog
INFO: Index ofc_record_data_idx created
Jan 13, 2023 8:54:12 PM liquibase.changelog
INFO: ChangeSet org/openforis/collect/db/changelog/sqlite/db.changelog-20170920.xml::record-data::ricci ran successfully in 2ms
Running Changeset: org/openforis/collect/db/changelog/sqlite/db.changelog-20170920.xml::populate-record-data-table::ricci
Jan 13, 2023 8:54:12 PM liquibase.changelog
INFO: Custom SQL executed
Jan 13, 2023 8:54:12 PM liquibase.changelog
INFO: ChangeSet org/openforis/collect/db/changelog/sqlite/db.changelog-20170920.xml::populate-record-data-table::ricci ran successfully in 3ms
Running Changeset: org/openforis/collect/db/changelog/sqlite/db.changelog-20170920.xml::add-record-data-seq-num-column::ricci
Jan 13, 2023 8:54:12 PM liquibase.changelog
INFO: Custom SQL executed
Jan 13, 2023 8:54:12 PM liquibase.changelog
INFO: ChangeSet org/openforis/collect/db/changelog/sqlite/db.changelog-20170920.xml::add-record-data-seq-num-column::ricci ran successfully in 1ms
Running Changeset: org/openforis/collect/db/changelog/sqlite/db.changelog-20170920.xml::update-record-data-seq-num::ricci
Jan 13, 2023 8:54:12 PM liquibase.changelog
INFO: Custom SQL executed
Jan 13, 2023 8:54:12 PM liquibase.changelog
INFO: ChangeSet org/openforis/collect/db/changelog/sqlite/db.changelog-20170920.xml::update-record-data-seq-num::ricci ran successfully in 1ms
Running Changeset: org/openforis/collect/db/changelog/sqlite/db.changelog-20171002.xml::add-user-group-qualifiers-column::ricci
Jan 13, 2023 8:54:12 PM liquibase.changelog
INFO: Custom SQL executed
Jan 13, 2023 8:54:12 PM liquibase.changelog
INFO: ChangeSet org/openforis/collect/db/changelog/sqlite/db.changelog-20171002.xml::add-user-group-qualifiers-column::ricci ran successfully in 2ms
Running Changeset: org/openforis/collect/db/changelog/sqlite/db.changelog-20171002.xml::add-record-qualifier-columns::ricci
Jan 13, 2023 8:54:12 PM liquibase.changelog
INFO: Custom SQL executed
Jan 13, 2023 8:54:12 PM liquibase.changelog
INFO: ChangeSet org/openforis/collect/db/changelog/sqlite/db.changelog-20171002.xml::add-record-qualifier-columns::ricci ran successfully in 3ms
Running Changeset: org/openforis/collect/db/changelog/sqlite/db.changelog-20171002.xml::add-record-data-qualifier-columns::ricci
Jan 13, 2023 8:54:12 PM liquibase.changelog
INFO: Custom SQL executed
Jan 13, 2023 8:54:12 PM liquibase.changelog
INFO: ChangeSet org/openforis/collect/db/changelog/sqlite/db.changelog-20171002.xml::add-record-data-qualifier-columns::ricci ran successfully in 2ms
Running Changeset: org/openforis/collect/db/changelog/sqlite/db.changelog-20171002.xml::add-record-summary-columns::ricci
Jan 13, 2023 8:54:12 PM liquibase.changelog
INFO: Custom SQL executed
Jan 13, 2023 8:54:12 PM liquibase.changelog
INFO: ChangeSet org/openforis/collect/db/changelog/sqlite/db.changelog-20171002.xml::add-record-summary-columns::ricci ran successfully in 2ms
Running Changeset: org/openforis/collect/db/changelog/sqlite/db.changelog-20171002.xml::add-record-data-summary-columns::ricci
Jan 13, 2023 8:54:12 PM liquibase.changelog
INFO: Custom SQL executed
Jan 13, 2023 8:54:12 PM liquibase.changelog
INFO: ChangeSet org/openforis/collect/db/changelog/sqlite/db.changelog-20171002.xml::add-record-data-summary-columns::ricci ran successfully in 3ms
Running Changeset: org/openforis/collect/db/changelog/sqlite/db.changelog-20171017.xml::imagery::ricci
Jan 13, 2023 8:54:12 PM liquibase.changelog
INFO: Table ofc_imagery created
Jan 13, 2023 8:54:12 PM liquibase.changelog
INFO: ChangeSet org/openforis/collect/db/changelog/sqlite/db.changelog-20171017.xml::imagery::ricci ran successfully in 1ms
Running Changeset: org/openforis/collect/db/changelog/sqlite/db.changelog-20180126.xml::default-user-usergroup-role-update::ricci
Jan 13, 2023 8:54:12 PM liquibase.changelog
INFO: Custom SQL executed
Jan 13, 2023 8:54:12 PM liquibase.changelog
INFO: ChangeSet org/openforis/collect/db/changelog/sqlite/db.changelog-20180126.xml::default-user-usergroup-role-update::ricci ran successfully in 1ms
Running Changeset: org/openforis/collect/db/changelog/sqlite/db.changelog-20180409.xml::fix-wrong-record-step-number::ricci
Jan 13, 2023 8:54:12 PM liquibase.changelog
INFO: Custom SQL executed
Jan 13, 2023 8:54:12 PM liquibase.changelog
INFO: ChangeSet org/openforis/collect/db/changelog/sqlite/db.changelog-20180409.xml::fix-wrong-record-step-number::ricci ran successfully in 0ms
Running Changeset: org/openforis/collect/db/changelog/sqlite/db.changelog-20180912.xml::add-sampling-design-info-3::ricci
Jan 13, 2023 8:54:12 PM liquibase.changelog
INFO: Custom SQL executed
Jan 13, 2023 8:54:12 PM liquibase.changelog
INFO: ChangeSet org/openforis/collect/db/changelog/sqlite/db.changelog-20180912.xml::add-sampling-design-info-3::ricci ran successfully in 7ms
Running Changeset: org/openforis/collect/db/changelog/sqlite/db.changelog-20181212.xml::add-survey-title::ricci
Jan 13, 2023 8:54:12 PM liquibase.changelog
INFO: Custom SQL executed
Jan 13, 2023 8:54:12 PM liquibase.changelog
INFO: ChangeSet org/openforis/collect/db/changelog/sqlite/db.changelog-20181212.xml::add-survey-title::ricci ran successfully in 2ms
Running Changeset: org/openforis/collect/db/changelog/sqlite/db.changelog-20190117.xml::add-survey-languages::ricci
Jan 13, 2023 8:54:12 PM liquibase.changelog
INFO: Custom SQL executed
Jan 13, 2023 8:54:12 PM liquibase.changelog
INFO: ChangeSet org/openforis/collect/db/changelog/sqlite/db.changelog-20190117.xml::add-survey-languages::ricci ran successfully in 1ms
Running Changeset: org/openforis/collect/db/changelog/sqlite/db.changelog-20201011.xml::update-admin-user-default-password::ricci
Jan 13, 2023 8:54:12 PM liquibase.changelog
INFO: Custom SQL executed
Jan 13, 2023 8:54:12 PM liquibase.changelog
INFO: ChangeSet org/openforis/collect/db/changelog/sqlite/db.changelog-20201011.xml::update-admin-user-default-password::ricci ran successfully in 1ms
Running Changeset: org/openforis/collect/db/changelog/sqlite/db.changelog-20210720-fix.xml::fix-survey-usergroup-foreign-key-fixed::ricci
Jan 13, 2023 8:54:12 PM liquibase.changelog
INFO: Custom SQL executed
Jan 13, 2023 8:54:12 PM liquibase.changelog
INFO: ChangeSet org/openforis/collect/db/changelog/sqlite/db.changelog-20210720-fix.xml::fix-survey-usergroup-foreign-key-fixed::ricci ran successfully in 4ms
Jan 13, 2023 8:54:12 PM liquibase.lockservice
INFO: Successfully released change log lock
Jan 13, 2023 8:54:12 PM org.jooq.tools.JooqLogger info
INFO: 
                                      
@@@@@@@@@@@@@@@@@@@@@@@@@@@@@@@@@@@@@@
@@@@@@@@@@@@@@@@@@@@@@@@@@@@@@@@@@@@@@
@@@@@@@@@@@@@@@@  @@        @@@@@@@@@@
@@@@@@@@@@@@@@@@@@@@        @@@@@@@@@@
@@@@@@@@@@@@@@@@  @@  @@    @@@@@@@@@@
@@@@@@@@@@  @@@@  @@  @@    @@@@@@@@@@
@@@@@@@@@@        @@        @@@@@@@@@@
@@@@@@@@@@@@@@@@@@@@@@@@@@@@@@@@@@@@@@
@@@@@@@@@@@@@@@@@@@@@@@@@@@@@@@@@@@@@@
@@@@@@@@@@        @@        @@@@@@@@@@
@@@@@@@@@@    @@  @@  @@@@  @@@@@@@@@@
@@@@@@@@@@    @@  @@  @@@@  @@@@@@@@@@
@@@@@@@@@@        @@  @  @  @@@@@@@@@@
@@@@@@@@@@        @@        @@@@@@@@@@
@@@@@@@@@@@@@@@@@@@@@@@  @@@@@@@@@@@@@
@@@@@@@@@@@@@@@@@@@@@@@@@@@@@@@@@@@@@@
@@@@@@@@@@@@@@@@@@@@@@@@@@@@@@@@@@@@@@  Thank you for using jOOQ 3.6.2
                                      
[INFO] Tests run: 1, Failures: 0, Errors: 0, Skipped: 0, Time elapsed: 3.116 s - in org.openforis.collect.metamodel.ui.UIOptionsMigratorTest
[INFO] Running org.openforis.collect.metamodel.ui.UIOptionsTest
[INFO] Tests run: 2, Failures: 0, Errors: 0, Skipped: 0, Time elapsed: 0.001 s - in org.openforis.collect.metamodel.ui.UIOptionsTest
[INFO] Running org.openforis.collect.persistence.ModelSerializationTest
[INFO] Tests run: 1, Failures: 0, Errors: 0, Skipped: 0, Time elapsed: 0.135 s - in org.openforis.collect.persistence.ModelSerializationTest
[INFO] Running org.openforis.collect.persistence.xml.UIOptionsBinderTest
[INFO] Tests run: 2, Failures: 0, Errors: 0, Skipped: 0, Time elapsed: 0.007 s - in org.openforis.collect.persistence.xml.UIOptionsBinderTest
[INFO] Running org.openforis.collect.persistence.xml.DataMarshallerTest
[INFO] Tests run: 1, Failures: 0, Errors: 0, Skipped: 0, Time elapsed: 0.155 s - in org.openforis.collect.persistence.xml.DataMarshallerTest
[INFO] Running org.openforis.idm.model.MinCountDependencyGraphTest
[INFO] Tests run: 6, Failures: 0, Errors: 0, Skipped: 0, Time elapsed: 0.003 s - in org.openforis.idm.model.MinCountDependencyGraphTest
[INFO] Running org.openforis.idm.model.EntityTest
[INFO] Tests run: 5, Failures: 0, Errors: 0, Skipped: 0, Time elapsed: 0.009 s - in org.openforis.idm.model.EntityTest
[INFO] Running org.openforis.idm.model.ProtostuffSerializationTest
[INFO] Tests run: 3, Failures: 0, Errors: 0, Skipped: 0, Time elapsed: 0.04 s - in org.openforis.idm.model.ProtostuffSerializationTest
[INFO] Running org.openforis.idm.model.NumericRangeTest
[INFO] Tests run: 10, Failures: 0, Errors: 0, Skipped: 0, Time elapsed: 0.001 s - in org.openforis.idm.model.NumericRangeTest
[INFO] Running org.openforis.idm.model.TaxonAttributeTest
[INFO] Tests run: 2, Failures: 0, Errors: 0, Skipped: 0, Time elapsed: 0.004 s - in org.openforis.idm.model.TaxonAttributeTest
[INFO] Running org.openforis.idm.model.DefaultValueTest
[INFO] Tests run: 4, Failures: 0, Errors: 0, Skipped: 0, Time elapsed: 0 s - in org.openforis.idm.model.DefaultValueTest
[INFO] Running org.openforis.idm.model.RecordTest
[INFO] Tests run: 1, Failures: 0, Errors: 0, Skipped: 0, Time elapsed: 0 s - in org.openforis.idm.model.RecordTest
[INFO] Running org.openforis.idm.model.RelevanceDependencyGraphTest
[INFO] Tests run: 7, Failures: 0, Errors: 0, Skipped: 0, Time elapsed: 0 s - in org.openforis.idm.model.RelevanceDependencyGraphTest
[INFO] Running org.openforis.idm.model.ValidationDependencyGraphTest
[INFO] Tests run: 7, Failures: 0, Errors: 0, Skipped: 0, Time elapsed: 0.001 s - in org.openforis.idm.model.ValidationDependencyGraphTest
[INFO] Running org.openforis.idm.model.CalculatedAttributeDependencyGraphTest
[INFO] Tests run: 22, Failures: 0, Errors: 0, Skipped: 0, Time elapsed: 0.007 s - in org.openforis.idm.model.CalculatedAttributeDependencyGraphTest
[INFO] Running org.openforis.idm.model.expression.RelevanceExpressionTest
[WARNING] Tests run: 16, Failures: 0, Errors: 0, Skipped: 3, Time elapsed: 0.011 s - in org.openforis.idm.model.expression.RelevanceExpressionTest
[INFO] Running org.openforis.idm.model.expression.LookupFunctionTest
[INFO] Tests run: 4, Failures: 0, Errors: 0, Skipped: 0, Time elapsed: 0.013 s - in org.openforis.idm.model.expression.LookupFunctionTest
[INFO] Running org.openforis.idm.model.expression.CheckExpressionTest
[WARNING] Tests run: 4, Failures: 0, Errors: 0, Skipped: 1, Time elapsed: 0.005 s - in org.openforis.idm.model.expression.CheckExpressionTest
[INFO] Running org.openforis.idm.model.expression.RegExFunctionsTest
[INFO] Tests run: 4, Failures: 0, Errors: 0, Skipped: 0, Time elapsed: 0.006 s - in org.openforis.idm.model.expression.RegExFunctionsTest
[INFO] Running org.openforis.idm.model.expression.ComparisonExpressionTest
[INFO] Tests run: 9, Failures: 0, Errors: 0, Skipped: 0, Time elapsed: 0.008 s - in org.openforis.idm.model.expression.ComparisonExpressionTest
[INFO] Running org.openforis.idm.model.expression.CheckConditionExpressionTest
[INFO] Tests run: 2, Failures: 0, Errors: 0, Skipped: 0, Time elapsed: 0.005 s - in org.openforis.idm.model.expression.CheckConditionExpressionTest
[INFO] Running org.openforis.idm.model.expression.AbsoluteModelPathExpressionTest
[INFO] Tests run: 4, Failures: 0, Errors: 0, Skipped: 0, Time elapsed: 0.007 s - in org.openforis.idm.model.expression.AbsoluteModelPathExpressionTest
[INFO] Running org.openforis.idm.model.expression.EnvironmentFunctionsTest
[INFO] Tests run: 2, Failures: 0, Errors: 0, Skipped: 0, Time elapsed: 0.006 s - in org.openforis.idm.model.expression.EnvironmentFunctionsTest
[INFO] Running org.openforis.idm.model.expression.ExpressionTest
[INFO] Tests run: 13, Failures: 0, Errors: 0, Skipped: 0, Time elapsed: 0.009 s - in org.openforis.idm.model.expression.ExpressionTest
[INFO] Running org.openforis.idm.model.expression.UtilFunctionsTest
[INFO] Tests run: 1, Failures: 0, Errors: 0, Skipped: 0, Time elapsed: 0.005 s - in org.openforis.idm.model.expression.UtilFunctionsTest
[INFO] Running org.openforis.idm.model.expression.RequiredExpressionTest
[INFO] Tests run: 4, Failures: 0, Errors: 0, Skipped: 0, Time elapsed: 0.005 s - in org.openforis.idm.model.expression.RequiredExpressionTest
[INFO] Running org.openforis.idm.model.expression.IDMFunctionsTest
[INFO] Tests run: 18, Failures: 0, Errors: 0, Skipped: 0, Time elapsed: 0.011 s - in org.openforis.idm.model.expression.IDMFunctionsTest
[INFO] Running org.openforis.idm.model.expression.ModelPathExpressionTest
[INFO] Tests run: 8, Failures: 0, Errors: 0, Skipped: 0, Time elapsed: 0.009 s - in org.openforis.idm.model.expression.ModelPathExpressionTest
[INFO] Running org.openforis.idm.model.expression.MathFunctionsTest
[INFO] Tests run: 13, Failures: 0, Errors: 0, Skipped: 0, Time elapsed: 0.01 s - in org.openforis.idm.model.expression.MathFunctionsTest
[INFO] Running org.openforis.idm.model.expression.ExpressionReferencePathTest
[INFO] Tests run: 1, Failures: 0, Errors: 0, Skipped: 0, Time elapsed: 0.005 s - in org.openforis.idm.model.expression.ExpressionReferencePathTest
[INFO] Running org.openforis.idm.model.MaxCountDependencyGraphTest
[INFO] Tests run: 5, Failures: 0, Errors: 0, Skipped: 0, Time elapsed: 0.001 s - in org.openforis.idm.model.MaxCountDependencyGraphTest
[INFO] Running org.openforis.idm.model.CalculatedAttributeTest
[WARNING] Tests run: 3, Failures: 0, Errors: 0, Skipped: 3, Time elapsed: 0 s - in org.openforis.idm.model.CalculatedAttributeTest
[INFO] Running org.openforis.idm.path.PathTest
[INFO] Tests run: 5, Failures: 0, Errors: 0, Skipped: 0, Time elapsed: 0.008 s - in org.openforis.idm.path.PathTest
[INFO] Running org.openforis.idm.metamodel.validation.ComparisonCheckTest
[INFO] Tests run: 18, Failures: 0, Errors: 0, Skipped: 0, Time elapsed: 0.012 s - in org.openforis.idm.metamodel.validation.ComparisonCheckTest
[INFO] Running org.openforis.idm.metamodel.validation.CustomCheckTest
Unusual relationship between dbh (16.5) and total height (2.0).
[INFO] Tests run: 7, Failures: 0, Errors: 0, Skipped: 0, Time elapsed: 0.01 s - in org.openforis.idm.metamodel.validation.CustomCheckTest
[INFO] Running org.openforis.idm.metamodel.validation.MinCountValidatorTest
[INFO] Tests run: 10, Failures: 0, Errors: 0, Skipped: 0, Time elapsed: 0.007 s - in org.openforis.idm.metamodel.validation.MinCountValidatorTest
[INFO] Running org.openforis.idm.metamodel.validation.UniquenessCheckTest
[INFO] Tests run: 5, Failures: 0, Errors: 0, Skipped: 0, Time elapsed: 0.006 s - in org.openforis.idm.metamodel.validation.UniquenessCheckTest
[INFO] Running org.openforis.idm.metamodel.validation.MaxCountValidatorTest
[INFO] Tests run: 8, Failures: 0, Errors: 0, Skipped: 0, Time elapsed: 0.007 s - in org.openforis.idm.metamodel.validation.MaxCountValidatorTest
[INFO] Running org.openforis.idm.metamodel.validation.PatternCheckTest
[INFO] Tests run: 9, Failures: 0, Errors: 0, Skipped: 0, Time elapsed: 0.008 s - in org.openforis.idm.metamodel.validation.PatternCheckTest
[INFO] Running org.openforis.idm.metamodel.validation.EntityKeyValidationTest
[INFO] Tests run: 1, Failures: 0, Errors: 0, Skipped: 0, Time elapsed: 0.007 s - in org.openforis.idm.metamodel.validation.EntityKeyValidationTest
[INFO] Running org.openforis.idm.metamodel.SchemaExpressionTest
[INFO] Tests run: 2, Failures: 0, Errors: 0, Skipped: 0, Time elapsed: 0.007 s - in org.openforis.idm.metamodel.SchemaExpressionTest
[INFO] Running org.openforis.idm.metamodel.SurveyObjectDetachTest
[INFO] Tests run: 2, Failures: 0, Errors: 0, Skipped: 0, Time elapsed: 0.021 s - in org.openforis.idm.metamodel.SurveyObjectDetachTest
[INFO] Running org.openforis.idm.metamodel.LocalizedLanguageMapTest
[INFO] Tests run: 4, Failures: 0, Errors: 0, Skipped: 0, Time elapsed: 0 s - in org.openforis.idm.metamodel.LocalizedLanguageMapTest
[INFO] Running org.openforis.idm.metamodel.TypedLocalizedLanguageMapTest
[INFO] Tests run: 4, Failures: 0, Errors: 0, Skipped: 0, Time elapsed: 0 s - in org.openforis.idm.metamodel.TypedLocalizedLanguageMapTest
[INFO] Running org.openforis.idm.metamodel.NodeDefinitionTest
[INFO] Tests run: 3, Failures: 0, Errors: 0, Skipped: 0, Time elapsed: 0.134 s - in org.openforis.idm.metamodel.NodeDefinitionTest
[INFO] Running org.openforis.idm.metamodel.expression.ExpressionValidatorTest
[INFO] Tests run: 13, Failures: 0, Errors: 0, Skipped: 0, Time elapsed: 0.005 s - in org.openforis.idm.metamodel.expression.ExpressionValidatorTest
[INFO] Running org.openforis.idm.metamodel.expression.MetaModelExpressionTest
[INFO] Tests run: 1, Failures: 0, Errors: 0, Skipped: 0, Time elapsed: 0.008 s - in org.openforis.idm.metamodel.expression.MetaModelExpressionTest
[INFO] 
[INFO] Results:
[INFO] 
[WARNING] Tests run: 314, Failures: 0, Errors: 0, Skipped: 7
[INFO] 
[INFO] 
[INFO] -----------------< org.openforis.collect:collect-rdb >------------------
[INFO] Building Open Foris Collect Relational DB generation module 4.0.65-SNAPSHOT [4/6]
[INFO] --------------------------------[ jar ]---------------------------------
[WARNING] The artifact kxml2:kxml2:jar:2.3.0 has been relocated to net.sf.kxml:kxml2:jar:2.3.0
[INFO] 
[INFO] --- maven-clean-plugin:3.1.0:clean (default-clean) @ collect-rdb ---
[INFO] Deleting /home/gabsko/breaking-updates/collect-rdb/target
[INFO] 
[INFO] --- maven-enforcer-plugin:1.4.1:enforce (enforce-maven) @ collect-rdb ---
[INFO] 
[INFO] --- buildnumber-maven-plugin:1.4:create (default) @ collect-rdb ---
[INFO] Storing buildNumber: 202301132054 at timestamp: 1673643254472
[INFO] Storing buildScmBranch: branch-openforis/collect-1e971ff1cc2589fe7cedfb0d194b72f2017f1196
[INFO] 
[INFO] --- maven-resources-plugin:3.2.0:resources (default-resources) @ collect-rdb ---
[INFO] Using 'UTF-8' encoding to copy filtered resources.
[INFO] Using 'UTF-8' encoding to copy filtered properties files.
[INFO] Copying 2 resources
[INFO] 
[INFO] --- maven-compiler-plugin:3.8.1:compile (default-compile) @ collect-rdb ---
[INFO] Changes detected - recompiling the module!
[INFO] Compiling 60 source files to /home/gabsko/breaking-updates/collect-rdb/target/classes
[INFO] 
[INFO] --- maven-resources-plugin:3.2.0:testResources (default-testResources) @ collect-rdb ---
[INFO] Using 'UTF-8' encoding to copy filtered resources.
[INFO] Using 'UTF-8' encoding to copy filtered properties files.
[INFO] skip non existing resourceDirectory /home/gabsko/breaking-updates/collect-rdb/src/test/resources
[INFO] 
[INFO] --- maven-compiler-plugin:3.8.1:testCompile (default-testCompile) @ collect-rdb ---
[INFO] No sources to compile
[INFO] 
[INFO] --- maven-surefire-plugin:2.22.2:test (default-test) @ collect-rdb ---
[INFO] No tests to run.
[INFO] 
[INFO] ----------------< org.openforis.collect:collect-server >----------------
[INFO] Building Open Foris Collect Server module 4.0.65-SNAPSHOT          [5/6]
[INFO] --------------------------------[ jar ]---------------------------------
[WARNING] The artifact org.hibernate:hibernate-validator:jar:7.0.4.Final has been relocated to org.hibernate.validator:hibernate-validator:jar:7.0.4.Final
[INFO] 
[INFO] --- maven-clean-plugin:3.1.0:clean (default-clean) @ collect-server ---
[INFO] Deleting /home/gabsko/breaking-updates/collect-server/target
[INFO] 
[INFO] --- maven-enforcer-plugin:1.4.1:enforce (enforce-maven) @ collect-server ---
[INFO] 
[INFO] --- buildnumber-maven-plugin:1.4:create (default) @ collect-server ---
[INFO] Storing buildNumber: 202301132054 at timestamp: 1673643255125
[INFO] Storing buildScmBranch: branch-openforis/collect-1e971ff1cc2589fe7cedfb0d194b72f2017f1196
[INFO] 
[INFO] --- maven-resources-plugin:3.2.0:resources (default-resources) @ collect-server ---
[INFO] Using 'UTF-8' encoding to copy filtered resources.
[INFO] Using 'UTF-8' encoding to copy filtered properties files.
[INFO] Copying 85 resources
[INFO] 
[INFO] --- maven-compiler-plugin:3.8.1:compile (default-compile) @ collect-server ---
[INFO] Changes detected - recompiling the module!
[INFO] Compiling 461 source files to /home/gabsko/breaking-updates/collect-server/target/classes
[INFO] /home/gabsko/breaking-updates/collect-server/src/main/java/org/openforis/collect/designer/viewmodel/NodeDefinitionVM.java: Some input files use or override a deprecated API.
[INFO] /home/gabsko/breaking-updates/collect-server/src/main/java/org/openforis/collect/designer/viewmodel/NodeDefinitionVM.java: Recompile with -Xlint:deprecation for details.
[INFO] 
[INFO] --- build-helper-maven-plugin:3.3.0:add-test-source (add-integration-test-sources) @ collect-server ---
[INFO] Test Source directory: /home/gabsko/breaking-updates/collect-server/src/it/java added.
[INFO] 
[INFO] --- build-helper-maven-plugin:3.3.0:add-test-resource (add-integration-test-resources) @ collect-server ---
[INFO] 
[INFO] --- maven-resources-plugin:3.2.0:testResources (default-testResources) @ collect-server ---
[INFO] Using 'UTF-8' encoding to copy filtered resources.
[INFO] Using 'UTF-8' encoding to copy filtered properties files.
[INFO] skip non existing resourceDirectory /home/gabsko/breaking-updates/collect-server/src/test/resources
[INFO] Copying 10 resources
[INFO] 
[INFO] --- maven-compiler-plugin:3.8.1:testCompile (default-testCompile) @ collect-server ---
[INFO] Changes detected - recompiling the module!
[INFO] Compiling 15 source files to /home/gabsko/breaking-updates/collect-server/target/test-classes
[INFO] /home/gabsko/breaking-updates/collect-server/src/it/java/org/openforis/collect/manager/CodeListImportProcessIntegrationTest.java: /home/gabsko/breaking-updates/collect-server/src/it/java/org/openforis/collect/manager/CodeListImportProcessIntegrationTest.java uses or overrides a deprecated API.
[INFO] /home/gabsko/breaking-updates/collect-server/src/it/java/org/openforis/collect/manager/CodeListImportProcessIntegrationTest.java: Recompile with -Xlint:deprecation for details.
[INFO] /home/gabsko/breaking-updates/collect-server/src/it/java/org/openforis/collect/datacleansing/DataCleansingIntegrationTest.java: /home/gabsko/breaking-updates/collect-server/src/it/java/org/openforis/collect/datacleansing/DataCleansingIntegrationTest.java uses unchecked or unsafe operations.
[INFO] /home/gabsko/breaking-updates/collect-server/src/it/java/org/openforis/collect/datacleansing/DataCleansingIntegrationTest.java: Recompile with -Xlint:unchecked for details.
[INFO] 
[INFO] --- maven-surefire-plugin:2.22.2:test (default-test) @ collect-server ---
[INFO] 
[INFO] -------------------------------------------------------
[INFO]  T E S T S
[INFO] -------------------------------------------------------
[INFO] Running org.openforis.collect.model.expression.CollectLookupFunctionTest
[INFO] Tests run: 3, Failures: 0, Errors: 0, Skipped: 0, Time elapsed: 0.828 s - in org.openforis.collect.model.expression.CollectLookupFunctionTest
[INFO] Running org.openforis.collect.event.RepositoryEventHandlerTest
2023-01-13 20:54:19,356 ERROR [main] event.RepositoryEventHandler (RepositoryEventHandler.java:136) - Survey event ignored for survey 'test'; reporting repository is in a inconsistent state; delete the reporting repository to force its recreation: []
2023-01-13 20:54:19,363 ERROR [main] event.RepositoryEventHandler (RepositoryEventHandler.java:136) - Survey event ignored for survey 'test'; reporting repository is in a inconsistent state; delete the reporting repository to force its recreation: []
2023-01-13 20:54:19,364 ERROR [main] event.RepositoryEventHandler (RepositoryEventHandler.java:143) - Failed to process survey event org.openforis.collect.event.RecordTransaction@1e6b9a95; reporting repository is in a inconsistent state; delete the reporting repository to force its recreation: []
java.lang.RuntimeException: Process failed
	at org.openforis.collect.event.RepositoryEventHandlerTest$FakeReportingRepositories.process(RepositoryEventHandlerTest.java:159) ~[test-classes/:?]
	at org.openforis.collect.event.RepositoryEventHandler.handleEvent(RepositoryEventHandler.java:82) ~[classes/:?]
	at org.openforis.collect.event.RepositoryEventHandler.handleFailingEvent(RepositoryEventHandler.java:110) ~[classes/:?]
	at org.openforis.collect.event.RepositoryEventHandler.handle(RepositoryEventHandler.java:54) ~[classes/:?]
	at org.openforis.collect.event.RepositoryEventHandlerTest.handle(RepositoryEventHandlerTest.java:92) ~[test-classes/:?]
	at org.openforis.collect.event.RepositoryEventHandlerTest.testFailingRecordTransactionFailsToRecreateRepositoryThenEventsAreIgnored(RepositoryEventHandlerTest.java:73) ~[test-classes/:?]
	at jdk.internal.reflect.NativeMethodAccessorImpl.invoke0(Native Method) ~[?:?]
	at jdk.internal.reflect.NativeMethodAccessorImpl.invoke(NativeMethodAccessorImpl.java:62) ~[?:?]
	at jdk.internal.reflect.DelegatingMethodAccessorImpl.invoke(DelegatingMethodAccessorImpl.java:43) ~[?:?]
	at java.lang.reflect.Method.invoke(Method.java:566) ~[?:?]
	at org.junit.runners.model.FrameworkMethod$1.runReflectiveCall(FrameworkMethod.java:59) ~[junit-4.13.2.jar:4.13.2]
	at org.junit.internal.runners.model.ReflectiveCallable.run(ReflectiveCallable.java:12) ~[junit-4.13.2.jar:4.13.2]
	at org.junit.runners.model.FrameworkMethod.invokeExplosively(FrameworkMethod.java:56) ~[junit-4.13.2.jar:4.13.2]
	at org.junit.internal.runners.statements.InvokeMethod.evaluate(InvokeMethod.java:17) ~[junit-4.13.2.jar:4.13.2]
	at org.junit.internal.runners.statements.RunBefores.evaluate(RunBefores.java:26) ~[junit-4.13.2.jar:4.13.2]
	at org.junit.runners.ParentRunner$3.evaluate(ParentRunner.java:306) ~[junit-4.13.2.jar:4.13.2]
	at org.junit.runners.BlockJUnit4ClassRunner$1.evaluate(BlockJUnit4ClassRunner.java:100) ~[junit-4.13.2.jar:4.13.2]
	at org.junit.runners.ParentRunner.runLeaf(ParentRunner.java:366) ~[junit-4.13.2.jar:4.13.2]
	at org.junit.runners.BlockJUnit4ClassRunner.runChild(BlockJUnit4ClassRunner.java:103) ~[junit-4.13.2.jar:4.13.2]
	at org.junit.runners.BlockJUnit4ClassRunner.runChild(BlockJUnit4ClassRunner.java:63) ~[junit-4.13.2.jar:4.13.2]
	at org.junit.runners.ParentRunner$4.run(ParentRunner.java:331) ~[junit-4.13.2.jar:4.13.2]
	at org.junit.runners.ParentRunner$1.schedule(ParentRunner.java:79) ~[junit-4.13.2.jar:4.13.2]
	at org.junit.runners.ParentRunner.runChildren(ParentRunner.java:329) ~[junit-4.13.2.jar:4.13.2]
	at org.junit.runners.ParentRunner.access$100(ParentRunner.java:66) ~[junit-4.13.2.jar:4.13.2]
	at org.junit.runners.ParentRunner$2.evaluate(ParentRunner.java:293) ~[junit-4.13.2.jar:4.13.2]
	at org.junit.runners.ParentRunner$3.evaluate(ParentRunner.java:306) ~[junit-4.13.2.jar:4.13.2]
	at org.junit.runners.ParentRunner.run(ParentRunner.java:413) ~[junit-4.13.2.jar:4.13.2]
	at org.apache.maven.surefire.junit4.JUnit4Provider.execute(JUnit4Provider.java:365) ~[surefire-junit4-2.22.2.jar:2.22.2]
	at org.apache.maven.surefire.junit4.JUnit4Provider.executeWithRerun(JUnit4Provider.java:273) ~[surefire-junit4-2.22.2.jar:2.22.2]
	at org.apache.maven.surefire.junit4.JUnit4Provider.executeTestSet(JUnit4Provider.java:238) ~[surefire-junit4-2.22.2.jar:2.22.2]
	at org.apache.maven.surefire.junit4.JUnit4Provider.invoke(JUnit4Provider.java:159) ~[surefire-junit4-2.22.2.jar:2.22.2]
	at org.apache.maven.surefire.booter.ForkedBooter.invokeProviderInSameClassLoader(ForkedBooter.java:384) ~[surefire-booter-2.22.2.jar:2.22.2]
	at org.apache.maven.surefire.booter.ForkedBooter.runSuitesInProcess(ForkedBooter.java:345) ~[surefire-booter-2.22.2.jar:2.22.2]
	at org.apache.maven.surefire.booter.ForkedBooter.execute(ForkedBooter.java:126) ~[surefire-booter-2.22.2.jar:2.22.2]
	at org.apache.maven.surefire.booter.ForkedBooter.main(ForkedBooter.java:418) ~[surefire-booter-2.22.2.jar:2.22.2]
2023-01-13 20:54:19,372 ERROR [main] event.RepositoryEventHandler (RepositoryEventHandler.java:136) - Survey event ignored for survey 'test'; reporting repository is in a inconsistent state; delete the reporting repository to force its recreation: []
[INFO] Tests run: 4, Failures: 0, Errors: 0, Skipped: 0, Time elapsed: 0.001 s - in org.openforis.collect.event.RepositoryEventHandlerTest
[INFO] Running org.openforis.collect.metamodel.validation.DistanceCheckTest
[INFO] Tests run: 5, Failures: 0, Errors: 0, Skipped: 0, Time elapsed: 0.063 s - in org.openforis.collect.metamodel.validation.DistanceCheckTest
[INFO] Running org.openforis.collect.metamodel.samplingpointdata.SamplingPointDataGeneratorTest
2023-01-13 20:54:19,987 INFO  [main] lib.FrameworkLogger (null:-1) - dataFileCache open start
[INFO] Tests run: 2, Failures: 0, Errors: 0, Skipped: 0, Time elapsed: 0.743 s - in org.openforis.collect.metamodel.samplingpointdata.SamplingPointDataGeneratorTest
[INFO] 
[INFO] Results:
[INFO] 
[INFO] Tests run: 14, Failures: 0, Errors: 0, Skipped: 0
[INFO] 
[INFO] 
[INFO] ----------------< org.openforis.collect:collect-webapp >----------------
[INFO] Building Open Foris Collect Webapp module 4.0.65-SNAPSHOT          [6/6]
[INFO] --------------------------------[ war ]---------------------------------
[INFO] 
[INFO] --- maven-clean-plugin:3.1.0:clean (default-clean) @ collect-webapp ---
[INFO] Deleting /home/gabsko/breaking-updates/collect-webapp/target
[INFO] Deleting /home/gabsko/breaking-updates/collect-webapp/frontend/node_modules (includes = [], excludes = [])
[INFO] 
[INFO] --- maven-enforcer-plugin:1.4.1:enforce (enforce-maven) @ collect-webapp ---
[INFO] 
[INFO] --- buildnumber-maven-plugin:1.4:create (default) @ collect-webapp ---
[INFO] Storing buildNumber: 202301132054 at timestamp: 1673643262178
[INFO] Storing buildScmBranch: branch-openforis/collect-1e971ff1cc2589fe7cedfb0d194b72f2017f1196
[INFO] 
[INFO] --- frontend-maven-plugin:1.12.0:install-node-and-npm (install node and npm) @ collect-webapp ---
[INFO] Installing node version v14.18.2
[INFO] Unpacking /home/gabsko/.m2/repository/com/github/eirslett/node/14.18.2/node-14.18.2-linux-x64.tar.gz into /home/gabsko/breaking-updates/collect-webapp/target/node/tmp
[INFO] Copying node binary from /home/gabsko/breaking-updates/collect-webapp/target/node/tmp/node-v14.18.2-linux-x64/bin/node to /home/gabsko/breaking-updates/collect-webapp/target/node/node
[INFO] Installed node locally.
[INFO] Installing npm version 8.2.0
[INFO] Unpacking /home/gabsko/.m2/repository/com/github/eirslett/npm/8.2.0/npm-8.2.0.tar.gz into /home/gabsko/breaking-updates/collect-webapp/target/node/node_modules
[INFO] Installed npm locally.
[INFO] 
[INFO] --- frontend-maven-plugin:1.12.0:npm (npm install) @ collect-webapp ---
[INFO] Running 'npm install' in /home/gabsko/breaking-updates/collect-webapp/frontend
[INFO] npm WARN deprecated formidable@1.2.6: Please upgrade to latest, formidable@v2 or formidable@v3! Check these notes: https://bit.ly/2ZEqIau
[INFO] npm WARN deprecated superagent@6.1.0: Please upgrade to v7.0.2+ of superagent.  We have fixed numerous issues with streams, form-data, attach(), filesystem errors not bubbling up (ENOENT on attach()), and all tests are now passing.  See the releases tab for more information at <https://github.com/visionmedia/superagent/releases>. Thanks to @shadowgate15, @spence-s, and @niftylettuce. Superagent is sponsored by Forward Email at <https://forwardemail.net>.
[INFO] 
[INFO] added 1897 packages, and audited 1898 packages in 17s
[INFO] 
[INFO] 169 packages are looking for funding
[INFO]   run `npm fund` for details
[INFO] 
[INFO] 19 vulnerabilities (1 low, 17 high, 1 critical)
[INFO] 
[INFO] To address issues that do not require attention, run:
[INFO]   npm audit fix
[INFO] 
[INFO] To address all issues (including breaking changes), run:
[INFO]   npm audit fix --force
[INFO] 
[INFO] Run `npm audit` for details.
[INFO] 
[INFO] --- maven-resources-plugin:3.2.0:resources (default-resources) @ collect-webapp ---
[INFO] Using 'UTF-8' encoding to copy filtered resources.
[INFO] Using 'UTF-8' encoding to copy filtered properties files.
[INFO] skip non existing resourceDirectory /home/gabsko/breaking-updates/collect-webapp/src/main/resources
[INFO] 
[INFO] --- maven-compiler-plugin:3.8.1:compile (default-compile) @ collect-webapp ---
[INFO] No sources to compile
[INFO] 
[INFO] --- maven-resources-plugin:3.2.0:testResources (default-testResources) @ collect-webapp ---
[INFO] Using 'UTF-8' encoding to copy filtered resources.
[INFO] Using 'UTF-8' encoding to copy filtered properties files.
[INFO] skip non existing resourceDirectory /home/gabsko/breaking-updates/collect-webapp/src/test/resources
[INFO] 
[INFO] --- maven-compiler-plugin:3.8.1:testCompile (default-testCompile) @ collect-webapp ---
[INFO] No sources to compile
[INFO] 
[INFO] --- maven-surefire-plugin:2.22.2:test (default-test) @ collect-webapp ---
[INFO] No tests to run.
[INFO] ------------------------------------------------------------------------
[INFO] Reactor Summary for Open Foris Collect 4.0.65-SNAPSHOT:
[INFO] 
[INFO] Open Foris Collect ................................. SUCCESS [  0.438 s]
[INFO] Open Foris Collect Base module ..................... SUCCESS [  0.596 s]
[INFO] Open Foris Collect Core module ..................... SUCCESS [ 10.827 s]
[INFO] Open Foris Collect Relational DB generation module . SUCCESS [  0.338 s]
[INFO] Open Foris Collect Server module ................... SUCCESS [  5.818 s]
[INFO] Open Foris Collect Webapp module ................... SUCCESS [ 20.515 s]
[INFO] ------------------------------------------------------------------------
[INFO] BUILD SUCCESS
[INFO] ------------------------------------------------------------------------
[INFO] Total time:  39.009 s
[INFO] Finished at: 2023-01-13T20:54:41Z
[INFO] ------------------------------------------------------------------------
