[INFO] Scanning for projects...
[INFO] 
[INFO] ----------< org.apache.maven.plugins:maven-dependency-plugin >----------
[INFO] Building Apache Maven Dependency Plugin 3.2.1-SNAPSHOT
[INFO] ----------------------------[ maven-plugin ]----------------------------
[INFO] 
[INFO] --- maven-clean-plugin:3.1.0:clean (default-clean) @ maven-dependency-plugin ---
[INFO] Deleting /home/gabsko/breaking-updates/target
[INFO] 
[INFO] --- maven-enforcer-plugin:1.4.1:enforce (enforce-maven-version) @ maven-dependency-plugin ---
[INFO] 
[INFO] --- maven-enforcer-plugin:1.4.1:enforce (enforce-bytecode-version) @ maven-dependency-plugin ---
[INFO] Adding ignore: module-info
[INFO] Adding ignore: module-info
[INFO] 
[INFO] --- maven-enforcer-plugin:1.4.1:enforce (ensure-no-container-api) @ maven-dependency-plugin ---
[INFO] 
[INFO] --- apache-rat-plugin:0.13:check (rat-check) @ maven-dependency-plugin ---
[INFO] Enabled default license matchers.
[INFO] Will parse SCM ignores for exclusions...
[INFO] Parsing exclusions from /home/gabsko/breaking-updates/.gitignore
[INFO] Finished adding exclusions from SCM ignore files.
[INFO] 75 implicit excludes (use -debug for more details).
[INFO] 18 explicit excludes (use -debug for more details).
[INFO] 446 resources included (use -debug for more details)
[INFO] Rat check: Summary over all files. Unapproved: 0, unknown: 0, generated: 0, approved: 439 licenses.
[INFO] 
[INFO] --- maven-plugin-plugin:3.5.2:helpmojo (generate-helpmojo) @ maven-dependency-plugin ---
[INFO] Using 'UTF-8' encoding to read mojo source files.
[INFO] java-javadoc mojo extractor found 0 mojo descriptor.
[INFO] java-annotations mojo extractor found 0 mojo descriptor.
[INFO] 
[INFO] --- maven-remote-resources-plugin:1.7.0:process (process-resource-bundles) @ maven-dependency-plugin ---
[INFO] Preparing remote bundle org.apache:apache-jar-resource-bundle:1.4
[INFO] Copying 3 resources from 1 bundle.
[INFO] 
[INFO] --- maven-resources-plugin:3.1.0:resources (default-resources) @ maven-dependency-plugin ---
[INFO] Using 'UTF-8' encoding to copy filtered resources.
[INFO] Copying 6 resources
[INFO] Copying 3 resources
[INFO] 
[INFO] --- maven-compiler-plugin:3.8.1:compile (default-compile) @ maven-dependency-plugin ---
[INFO] Changes detected - recompiling the module!
[INFO] Compiling 60 source files to /home/gabsko/breaking-updates/target/classes
[INFO] /home/gabsko/breaking-updates/src/main/java/org/apache/maven/plugins/dependency/resolvers/ResolvePluginsMojo.java: Some input files use or override a deprecated API.
[INFO] /home/gabsko/breaking-updates/src/main/java/org/apache/maven/plugins/dependency/resolvers/ResolvePluginsMojo.java: Recompile with -Xlint:deprecation for details.
[INFO] /home/gabsko/breaking-updates/src/main/java/org/apache/maven/plugins/dependency/resolvers/ResolveDependenciesMojo.java: /home/gabsko/breaking-updates/src/main/java/org/apache/maven/plugins/dependency/resolvers/ResolveDependenciesMojo.java uses unchecked or unsafe operations.
[INFO] /home/gabsko/breaking-updates/src/main/java/org/apache/maven/plugins/dependency/resolvers/ResolveDependenciesMojo.java: Recompile with -Xlint:unchecked for details.
[INFO] 
[INFO] --- maven-plugin-plugin:3.5.2:descriptor (default-descriptor) @ maven-dependency-plugin ---
[INFO] Using 'UTF-8' encoding to read mojo source files.
[INFO] java-javadoc mojo extractor found 0 mojo descriptor.
[INFO] java-annotations mojo extractor found 24 mojo descriptors.
[INFO] 
[INFO] --- maven-resources-plugin:3.1.0:testResources (default-testResources) @ maven-dependency-plugin ---
[INFO] Using 'UTF-8' encoding to copy filtered resources.
[INFO] Copying 23 resources
[INFO] Copying 3 resources
[INFO] 
[INFO] --- maven-compiler-plugin:3.8.1:testCompile (default-testCompile) @ maven-dependency-plugin ---
[INFO] Changes detected - recompiling the module!
[INFO] Compiling 44 source files to /home/gabsko/breaking-updates/target/test-classes
[INFO] /home/gabsko/breaking-updates/src/test/java/org/apache/maven/plugins/dependency/testUtils/stubs/DependencyProjectStub.java: Some input files use or override a deprecated API.
[INFO] /home/gabsko/breaking-updates/src/test/java/org/apache/maven/plugins/dependency/testUtils/stubs/DependencyProjectStub.java: Recompile with -Xlint:deprecation for details.
[INFO] 
[INFO] --- maven-surefire-plugin:2.22.0:test (default-test) @ maven-dependency-plugin ---
[INFO] 
[INFO] -------------------------------------------------------
[INFO]  T E S T S
[INFO] -------------------------------------------------------
[INFO] Running org.apache.maven.plugins.dependency.TestGetMojo
[INFO] Resolving org.apache.maven:maven-model:jar:2.0.9 with transitive dependencies
[main] INFO org.eclipse.jetty.util.log - Logging initialized @2007ms to org.eclipse.jetty.util.log.Slf4jLog
[main] INFO org.eclipse.jetty.server.Server - jetty-9.4.41.v20210516; built: 2021-05-16T23:56:28.993Z; git: 98607f93c7833e7dc59489b13f3cb0a114fb9f4c; jvm 11.0.17+8-post-Ubuntu-1ubuntu218.04
[main] INFO org.eclipse.jetty.server.handler.ContextHandler - Started o.e.j.s.h.ContextHandler@512575e9{/maven,null,AVAILABLE}
[main] INFO org.eclipse.jetty.server.AbstractConnector - Started ServerConnector@5a6fa56e{HTTP/1.1, (http/1.1)}{0.0.0.0:42807}
[main] INFO org.eclipse.jetty.server.Server - Started @2168ms
[INFO] Resolving test:test:jar:1.0 with transitive dependencies
[main] INFO org.eclipse.jetty.server.AbstractConnector - Stopped ServerConnector@5a6fa56e{HTTP/1.1, (http/1.1)}{0.0.0.0:0}
[main] INFO org.eclipse.jetty.server.handler.ContextHandler - Stopped o.e.j.s.h.ContextHandler@512575e9{/maven,null,STOPPED}
[INFO] Resolving org.apache.maven:maven-model:jar:2.0.9
[INFO] Resolving org.apache.maven:maven-model:jar:2.0.9
[INFO] Tests run: 4, Failures: 0, Errors: 0, Skipped: 0, Time elapsed: 2.261 s - in org.apache.maven.plugins.dependency.TestGetMojo
[INFO] Running org.apache.maven.plugins.dependency.resolvers.ResolveDependenciesMojoTest
[info] Can't extract module name from a-1.0.jar: zip file is empty
[info] Can't extract module name from a-1.0.jar: zip file is empty
[info] Can't extract module name from a-1.0.jar: zip file is empty
[info] Can't extract module name from a-1.0.jar: zip file is empty
[info] Can't extract module name from a-1.0.jar: zip file is empty
[info] Can't extract module name from a-1.0.jar: zip file is empty
[info] Can't extract module name from a-1.0.jar: zip file is empty
[info] Can't extract module name from a-1.0.jar: zip file is empty
[info] Can't extract module name from a-1.0.jar: zip file is empty
[info] Can't extract module name from a-1.0.jar: zip file is empty
[info] Can't extract module name from a-1.0.jar: zip file is empty
[info] Can't extract module name from a-1.0.jar: zip file is empty
[info] Can't extract module name from a-1.0.jar: zip file is empty
[info] Can't extract module name from a-1.0.jar: zip file is empty
[info] Can't extract module name from a-1.0.jar: zip file is empty
[info] Can't extract module name from a-1.0.jar: zip file is empty
[info] Can't extract module name from a-1.0.jar: zip file is empty
[info] Can't extract module name from a-1.0.jar: zip file is empty
[info] Can't extract module name from a-1.0.jar: zip file is empty
[info] Can't extract module name from a-1.0.jar: zip file is empty
[info] Can't extract module name from a-1.0.jar: zip file is empty
[info] Can't extract module name from a-1.0.jar: zip file is empty
[info] Can't extract module name from a-1.0.jar: zip file is empty
[info] Can't extract module name from a-1.0.jar: zip file is empty
[info] Can't extract module name from a-1.0.jar: zip file is empty
[info] Can't extract module name from a-1.0.jar: zip file is empty
[info] Can't extract module name from a-1.0.jar: zip file is empty
[info] Can't extract module name from a-1.0.jar: zip file is empty
[info] Can't extract module name from a-1.0.jar: zip file is empty
[info] Can't extract module name from a-1.0.jar: zip file is empty
[info] Can't extract module name from a-1.0.jar: zip file is empty
[info] Can't extract module name from a-1.0.war: Module format not recognized: /home/gabsko/breaking-updates/target/unit-tests/dss/localTestRepo/a-1.0.war
[info] Can't extract module name from release-1.0.jar: zip file is empty
[info] Can't extract module name from c-1.0.sources: Module format not recognized: /home/gabsko/breaking-updates/target/unit-tests/dss/localTestRepo/c-1.0.sources
[info] Can't extract module name from b-1.0.jar: zip file is empty
[info] Can't extract module name from runtime-1.0.jar: zip file is empty
[info] Can't extract module name from compile-1.0.jar: zip file is empty
[info] Can't extract module name from e-1.0.rar: Module format not recognized: /home/gabsko/breaking-updates/target/unit-tests/dss/localTestRepo/e-1.0.rar
[info] Can't extract module name from provided-1.0.jar: zip file is empty
[info] Can't extract module name from test-1.0.jar: zip file is empty
[info] Can't extract module name from snapshot-2.0-SNAPSHOT.jar: zip file is empty
[info] Can't extract module name from d-1.0.zip: Module format not recognized: /home/gabsko/breaking-updates/target/unit-tests/dss/localTestRepo/d-1.0.zip
[info] Can't extract module name from system-1.0.jar: zip file is empty
[info] Can't extract module name from a-1.0.war: Module format not recognized: /home/gabsko/breaking-updates/target/unit-tests/dss/localTestRepo/a-1.0.war
[info] Can't extract module name from release-1.0.jar: zip file is empty
[info] Can't extract module name from c-1.0.sources: Module format not recognized: /home/gabsko/breaking-updates/target/unit-tests/dss/localTestRepo/c-1.0.sources
[info] Can't extract module name from b-1.0.jar: zip file is empty
[info] Can't extract module name from runtime-1.0.jar: zip file is empty
[info] Can't extract module name from compile-1.0.jar: zip file is empty
[info] Can't extract module name from e-1.0.rar: Module format not recognized: /home/gabsko/breaking-updates/target/unit-tests/dss/localTestRepo/e-1.0.rar
[info] Can't extract module name from provided-1.0.jar: zip file is empty
[info] Can't extract module name from test-1.0.jar: zip file is empty
[info] Can't extract module name from snapshot-2.0-SNAPSHOT.jar: zip file is empty
[info] Can't extract module name from d-1.0.zip: Module format not recognized: /home/gabsko/breaking-updates/target/unit-tests/dss/localTestRepo/d-1.0.zip
[info] Can't extract module name from system-1.0.jar: zip file is empty
[info] Can't extract module name from a-1.0.war: Module format not recognized: /home/gabsko/breaking-updates/target/unit-tests/dss/localTestRepo/a-1.0.war
[info] Can't extract module name from release-1.0.jar: zip file is empty
[info] Can't extract module name from c-1.0.sources: Module format not recognized: /home/gabsko/breaking-updates/target/unit-tests/dss/localTestRepo/c-1.0.sources
[info] Can't extract module name from b-1.0.jar: zip file is empty
[info] Can't extract module name from runtime-1.0.jar: zip file is empty
[info] Can't extract module name from compile-1.0.jar: zip file is empty
[info] Can't extract module name from e-1.0.rar: Module format not recognized: /home/gabsko/breaking-updates/target/unit-tests/dss/localTestRepo/e-1.0.rar
[info] Can't extract module name from provided-1.0.jar: zip file is empty
[info] Can't extract module name from test-1.0.jar: zip file is empty
[info] Can't extract module name from snapshot-2.0-SNAPSHOT.jar: zip file is empty
[info] Can't extract module name from d-1.0.zip: Module format not recognized: /home/gabsko/breaking-updates/target/unit-tests/dss/localTestRepo/d-1.0.zip
[info] Can't extract module name from system-1.0.jar: zip file is empty
[info] Can't extract module name from a-1.0.war: Module format not recognized: /home/gabsko/breaking-updates/target/unit-tests/dss/localTestRepo/a-1.0.war
[info] Can't extract module name from release-1.0.jar: zip file is empty
[info] Can't extract module name from c-1.0.sources: Module format not recognized: /home/gabsko/breaking-updates/target/unit-tests/dss/localTestRepo/c-1.0.sources
[info] Can't extract module name from b-1.0.jar: zip file is empty
[info] Can't extract module name from runtime-1.0.jar: zip file is empty
[info] Can't extract module name from compile-1.0.jar: zip file is empty
[info] Can't extract module name from e-1.0.rar: Module format not recognized: /home/gabsko/breaking-updates/target/unit-tests/dss/localTestRepo/e-1.0.rar
[info] Can't extract module name from provided-1.0.jar: zip file is empty
[info] Can't extract module name from test-1.0.jar: zip file is empty
[info] Can't extract module name from snapshot-2.0-SNAPSHOT.jar: zip file is empty
[info] Can't extract module name from d-1.0.zip: Module format not recognized: /home/gabsko/breaking-updates/target/unit-tests/dss/localTestRepo/d-1.0.zip
[info] Can't extract module name from system-1.0.jar: zip file is empty
[info] Can't extract module name from a-1.0.war: Module format not recognized: /home/gabsko/breaking-updates/target/unit-tests/dss/localTestRepo/a-1.0.war
[info] Can't extract module name from release-1.0.jar: zip file is empty
[info] Can't extract module name from c-1.0.sources: Module format not recognized: /home/gabsko/breaking-updates/target/unit-tests/dss/localTestRepo/c-1.0.sources
[info] Can't extract module name from b-1.0.jar: zip file is empty
[info] Can't extract module name from runtime-1.0.jar: zip file is empty
[info] Can't extract module name from compile-1.0.jar: zip file is empty
[info] Can't extract module name from e-1.0.rar: Module format not recognized: /home/gabsko/breaking-updates/target/unit-tests/dss/localTestRepo/e-1.0.rar
[info] Can't extract module name from provided-1.0.jar: zip file is empty
[info] Can't extract module name from test-1.0.jar: zip file is empty
[info] Can't extract module name from snapshot-2.0-SNAPSHOT.jar: zip file is empty
[info] Can't extract module name from d-1.0.zip: Module format not recognized: /home/gabsko/breaking-updates/target/unit-tests/dss/localTestRepo/d-1.0.zip
[info] Can't extract module name from system-1.0.jar: zip file is empty
[info] Can't extract module name from a-1.0.war: Module format not recognized: /home/gabsko/breaking-updates/target/unit-tests/dss/localTestRepo/a-1.0.war
[info] Can't extract module name from release-1.0.jar: zip file is empty
[info] Can't extract module name from c-1.0.sources: Module format not recognized: /home/gabsko/breaking-updates/target/unit-tests/dss/localTestRepo/c-1.0.sources
[info] Can't extract module name from b-1.0.jar: zip file is empty
[info] Can't extract module name from runtime-1.0.jar: zip file is empty
[info] Can't extract module name from compile-1.0.jar: zip file is empty
[info] Can't extract module name from e-1.0.rar: Module format not recognized: /home/gabsko/breaking-updates/target/unit-tests/dss/localTestRepo/e-1.0.rar
[info] Can't extract module name from provided-1.0.jar: zip file is empty
[info] Can't extract module name from test-1.0.jar: zip file is empty
[info] Can't extract module name from snapshot-2.0-SNAPSHOT.jar: zip file is empty
[info] Can't extract module name from d-1.0.zip: Module format not recognized: /home/gabsko/breaking-updates/target/unit-tests/dss/localTestRepo/d-1.0.zip
[info] Can't extract module name from system-1.0.jar: zip file is empty
[info] Can't extract module name from a-1.0.war: Module format not recognized: /home/gabsko/breaking-updates/target/unit-tests/dss/localTestRepo/a-1.0.war
[info] Can't extract module name from release-1.0.jar: zip file is empty
[info] Can't extract module name from c-1.0.sources: Module format not recognized: /home/gabsko/breaking-updates/target/unit-tests/dss/localTestRepo/c-1.0.sources
[info] Can't extract module name from b-1.0.jar: zip file is empty
[info] Can't extract module name from runtime-1.0.jar: zip file is empty
[info] Can't extract module name from compile-1.0.jar: zip file is empty
[info] Can't extract module name from e-1.0.rar: Module format not recognized: /home/gabsko/breaking-updates/target/unit-tests/dss/localTestRepo/e-1.0.rar
[info] Can't extract module name from provided-1.0.jar: zip file is empty
[info] Can't extract module name from test-1.0.jar: zip file is empty
[info] Can't extract module name from snapshot-2.0-SNAPSHOT.jar: zip file is empty
[info] Can't extract module name from d-1.0.zip: Module format not recognized: /home/gabsko/breaking-updates/target/unit-tests/dss/localTestRepo/d-1.0.zip
[info] Can't extract module name from system-1.0.jar: zip file is empty
[info] Can't extract module name from a-1.0.war: Module format not recognized: /home/gabsko/breaking-updates/target/unit-tests/dss/localTestRepo/a-1.0.war
[info] Can't extract module name from release-1.0.jar: zip file is empty
[info] Can't extract module name from c-1.0.sources: Module format not recognized: /home/gabsko/breaking-updates/target/unit-tests/dss/localTestRepo/c-1.0.sources
[info] Can't extract module name from b-1.0.jar: zip file is empty
[info] Can't extract module name from runtime-1.0.jar: zip file is empty
[info] Can't extract module name from compile-1.0.jar: zip file is empty
[info] Can't extract module name from e-1.0.rar: Module format not recognized: /home/gabsko/breaking-updates/target/unit-tests/dss/localTestRepo/e-1.0.rar
[info] Can't extract module name from provided-1.0.jar: zip file is empty
[info] Can't extract module name from test-1.0.jar: zip file is empty
[info] Can't extract module name from snapshot-2.0-SNAPSHOT.jar: zip file is empty
[info] Can't extract module name from d-1.0.zip: Module format not recognized: /home/gabsko/breaking-updates/target/unit-tests/dss/localTestRepo/d-1.0.zip
[info] Can't extract module name from system-1.0.jar: zip file is empty
[info] Can't extract module name from a-1.0.war: Module format not recognized: /home/gabsko/breaking-updates/target/unit-tests/dss/localTestRepo/a-1.0.war
[info] Can't extract module name from release-1.0.jar: zip file is empty
[info] Can't extract module name from c-1.0.sources: Module format not recognized: /home/gabsko/breaking-updates/target/unit-tests/dss/localTestRepo/c-1.0.sources
[info] Can't extract module name from b-1.0.jar: zip file is empty
[info] Can't extract module name from runtime-1.0.jar: zip file is empty
[info] Can't extract module name from compile-1.0.jar: zip file is empty
[info] Can't extract module name from e-1.0.rar: Module format not recognized: /home/gabsko/breaking-updates/target/unit-tests/dss/localTestRepo/e-1.0.rar
[info] Can't extract module name from provided-1.0.jar: zip file is empty
[info] Can't extract module name from test-1.0.jar: zip file is empty
[info] Can't extract module name from snapshot-2.0-SNAPSHOT.jar: zip file is empty
[info] Can't extract module name from d-1.0.zip: Module format not recognized: /home/gabsko/breaking-updates/target/unit-tests/dss/localTestRepo/d-1.0.zip
[info] Can't extract module name from system-1.0.jar: zip file is empty
[info] Can't extract module name from a-1.0.war: Module format not recognized: /home/gabsko/breaking-updates/target/unit-tests/dss/localTestRepo/a-1.0.war
[info] Can't extract module name from release-1.0.jar: zip file is empty
[info] Can't extract module name from c-1.0.sources: Module format not recognized: /home/gabsko/breaking-updates/target/unit-tests/dss/localTestRepo/c-1.0.sources
[info] Can't extract module name from b-1.0.jar: zip file is empty
[info] Can't extract module name from runtime-1.0.jar: zip file is empty
[info] Can't extract module name from compile-1.0.jar: zip file is empty
[info] Can't extract module name from e-1.0.rar: Module format not recognized: /home/gabsko/breaking-updates/target/unit-tests/dss/localTestRepo/e-1.0.rar
[info] Can't extract module name from provided-1.0.jar: zip file is empty
[info] Can't extract module name from test-1.0.jar: zip file is empty
[info] Can't extract module name from snapshot-2.0-SNAPSHOT.jar: zip file is empty
[info] Can't extract module name from d-1.0.zip: Module format not recognized: /home/gabsko/breaking-updates/target/unit-tests/dss/localTestRepo/d-1.0.zip
[info] Can't extract module name from system-1.0.jar: zip file is empty
[info] Can't extract module name from a-1.0.war: Module format not recognized: /home/gabsko/breaking-updates/target/unit-tests/dss/localTestRepo/a-1.0.war
[info] Can't extract module name from release-1.0.jar: zip file is empty
[info] Can't extract module name from c-1.0.sources: Module format not recognized: /home/gabsko/breaking-updates/target/unit-tests/dss/localTestRepo/c-1.0.sources
[info] Can't extract module name from b-1.0.jar: zip file is empty
[info] Can't extract module name from runtime-1.0.jar: zip file is empty
[info] Can't extract module name from compile-1.0.jar: zip file is empty
[info] Can't extract module name from e-1.0.rar: Module format not recognized: /home/gabsko/breaking-updates/target/unit-tests/dss/localTestRepo/e-1.0.rar
[info] Can't extract module name from provided-1.0.jar: zip file is empty
[info] Can't extract module name from test-1.0.jar: zip file is empty
[info] Can't extract module name from snapshot-2.0-SNAPSHOT.jar: zip file is empty
[info] Can't extract module name from d-1.0.zip: Module format not recognized: /home/gabsko/breaking-updates/target/unit-tests/dss/localTestRepo/d-1.0.zip
[info] Can't extract module name from system-1.0.jar: zip file is empty
[info] Can't extract module name from a-1.0.war: Module format not recognized: /home/gabsko/breaking-updates/target/unit-tests/dss/localTestRepo/a-1.0.war
[info] Can't extract module name from release-1.0.jar: zip file is empty
[info] Can't extract module name from c-1.0.sources: Module format not recognized: /home/gabsko/breaking-updates/target/unit-tests/dss/localTestRepo/c-1.0.sources
[info] Can't extract module name from b-1.0.jar: zip file is empty
[info] Can't extract module name from runtime-1.0.jar: zip file is empty
[info] Can't extract module name from compile-1.0.jar: zip file is empty
[info] Can't extract module name from e-1.0.rar: Module format not recognized: /home/gabsko/breaking-updates/target/unit-tests/dss/localTestRepo/e-1.0.rar
[info] Can't extract module name from provided-1.0.jar: zip file is empty
[info] Can't extract module name from test-1.0.jar: zip file is empty
[info] Can't extract module name from snapshot-2.0-SNAPSHOT.jar: zip file is empty
[info] Can't extract module name from d-1.0.zip: Module format not recognized: /home/gabsko/breaking-updates/target/unit-tests/dss/localTestRepo/d-1.0.zip
[info] Can't extract module name from system-1.0.jar: zip file is empty
[info] Can't extract module name from a-1.0.war: Module format not recognized: /home/gabsko/breaking-updates/target/unit-tests/dss/localTestRepo/a-1.0.war
[info] Can't extract module name from release-1.0.jar: zip file is empty
[info] Can't extract module name from c-1.0.sources: Module format not recognized: /home/gabsko/breaking-updates/target/unit-tests/dss/localTestRepo/c-1.0.sources
[info] Can't extract module name from b-1.0.jar: zip file is empty
[info] Can't extract module name from runtime-1.0.jar: zip file is empty
[info] Can't extract module name from compile-1.0.jar: zip file is empty
[info] Can't extract module name from e-1.0.rar: Module format not recognized: /home/gabsko/breaking-updates/target/unit-tests/dss/localTestRepo/e-1.0.rar
[info] Can't extract module name from provided-1.0.jar: zip file is empty
[info] Can't extract module name from test-1.0.jar: zip file is empty
[info] Can't extract module name from snapshot-2.0-SNAPSHOT.jar: zip file is empty
[info] Can't extract module name from d-1.0.zip: Module format not recognized: /home/gabsko/breaking-updates/target/unit-tests/dss/localTestRepo/d-1.0.zip
[info] Can't extract module name from system-1.0.jar: zip file is empty
[info] Can't extract module name from a-1.0.war: Module format not recognized: /home/gabsko/breaking-updates/target/unit-tests/dss/localTestRepo/a-1.0.war
[info] Can't extract module name from release-1.0.jar: zip file is empty
[info] Can't extract module name from c-1.0.sources: Module format not recognized: /home/gabsko/breaking-updates/target/unit-tests/dss/localTestRepo/c-1.0.sources
[info] Can't extract module name from b-1.0.jar: zip file is empty
[info] Can't extract module name from runtime-1.0.jar: zip file is empty
[info] Can't extract module name from compile-1.0.jar: zip file is empty
[info] Can't extract module name from e-1.0.rar: Module format not recognized: /home/gabsko/breaking-updates/target/unit-tests/dss/localTestRepo/e-1.0.rar
[info] Can't extract module name from provided-1.0.jar: zip file is empty
[info] Can't extract module name from test-1.0.jar: zip file is empty
[info] Can't extract module name from snapshot-2.0-SNAPSHOT.jar: zip file is empty
[info] Can't extract module name from d-1.0.zip: Module format not recognized: /home/gabsko/breaking-updates/target/unit-tests/dss/localTestRepo/d-1.0.zip
[info] Can't extract module name from system-1.0.jar: zip file is empty
[info] Can't extract module name from a-1.0.war: Module format not recognized: /home/gabsko/breaking-updates/target/unit-tests/dss/localTestRepo/a-1.0.war
[info] Can't extract module name from release-1.0.jar: zip file is empty
[info] Can't extract module name from c-1.0.sources: Module format not recognized: /home/gabsko/breaking-updates/target/unit-tests/dss/localTestRepo/c-1.0.sources
[info] Can't extract module name from b-1.0.jar: zip file is empty
[info] Can't extract module name from runtime-1.0.jar: zip file is empty
[info] Can't extract module name from compile-1.0.jar: zip file is empty
[info] Can't extract module name from e-1.0.rar: Module format not recognized: /home/gabsko/breaking-updates/target/unit-tests/dss/localTestRepo/e-1.0.rar
[info] Can't extract module name from provided-1.0.jar: zip file is empty
[info] Can't extract module name from test-1.0.jar: zip file is empty
[info] Can't extract module name from snapshot-2.0-SNAPSHOT.jar: zip file is empty
[info] Can't extract module name from d-1.0.zip: Module format not recognized: /home/gabsko/breaking-updates/target/unit-tests/dss/localTestRepo/d-1.0.zip
[info] Can't extract module name from system-1.0.jar: zip file is empty
[info] Can't extract module name from a-1.0.war: Module format not recognized: /home/gabsko/breaking-updates/target/unit-tests/dss/localTestRepo/a-1.0.war
[info] Can't extract module name from release-1.0.jar: zip file is empty
[info] Can't extract module name from c-1.0.sources: Module format not recognized: /home/gabsko/breaking-updates/target/unit-tests/dss/localTestRepo/c-1.0.sources
[info] Can't extract module name from b-1.0.jar: zip file is empty
[info] Can't extract module name from runtime-1.0.jar: zip file is empty
[info] Can't extract module name from compile-1.0.jar: zip file is empty
[info] Can't extract module name from e-1.0.rar: Module format not recognized: /home/gabsko/breaking-updates/target/unit-tests/dss/localTestRepo/e-1.0.rar
[info] Can't extract module name from provided-1.0.jar: zip file is empty
[info] Can't extract module name from test-1.0.jar: zip file is empty
[info] Can't extract module name from snapshot-2.0-SNAPSHOT.jar: zip file is empty
[info] Can't extract module name from d-1.0.zip: Module format not recognized: /home/gabsko/breaking-updates/target/unit-tests/dss/localTestRepo/d-1.0.zip
[info] Can't extract module name from system-1.0.jar: zip file is empty
[info] Can't extract module name from a-1.0.war: Module format not recognized: /home/gabsko/breaking-updates/target/unit-tests/dss/localTestRepo/a-1.0.war
[info] Can't extract module name from release-1.0.jar: zip file is empty
[info] Can't extract module name from c-1.0.sources: Module format not recognized: /home/gabsko/breaking-updates/target/unit-tests/dss/localTestRepo/c-1.0.sources
[info] Can't extract module name from b-1.0.jar: zip file is empty
[info] Can't extract module name from runtime-1.0.jar: zip file is empty
[info] Can't extract module name from compile-1.0.jar: zip file is empty
[info] Can't extract module name from e-1.0.rar: Module format not recognized: /home/gabsko/breaking-updates/target/unit-tests/dss/localTestRepo/e-1.0.rar
[info] Can't extract module name from provided-1.0.jar: zip file is empty
[info] Can't extract module name from test-1.0.jar: zip file is empty
[info] Can't extract module name from snapshot-2.0-SNAPSHOT.jar: zip file is empty
[info] Can't extract module name from d-1.0.zip: Module format not recognized: /home/gabsko/breaking-updates/target/unit-tests/dss/localTestRepo/d-1.0.zip
[info] Can't extract module name from system-1.0.jar: zip file is empty
[info] Can't extract module name from a-1.0.war: Module format not recognized: /home/gabsko/breaking-updates/target/unit-tests/dss/localTestRepo/a-1.0.war
[info] Can't extract module name from release-1.0.jar: zip file is empty
[info] Can't extract module name from c-1.0.sources: Module format not recognized: /home/gabsko/breaking-updates/target/unit-tests/dss/localTestRepo/c-1.0.sources
[info] Can't extract module name from b-1.0.jar: zip file is empty
[info] Can't extract module name from runtime-1.0.jar: zip file is empty
[info] Can't extract module name from compile-1.0.jar: zip file is empty
[info] Can't extract module name from e-1.0.rar: Module format not recognized: /home/gabsko/breaking-updates/target/unit-tests/dss/localTestRepo/e-1.0.rar
[info] Can't extract module name from provided-1.0.jar: zip file is empty
[info] Can't extract module name from test-1.0.jar: zip file is empty
[info] Can't extract module name from snapshot-2.0-SNAPSHOT.jar: zip file is empty
[info] Can't extract module name from d-1.0.zip: Module format not recognized: /home/gabsko/breaking-updates/target/unit-tests/dss/localTestRepo/d-1.0.zip
[info] Can't extract module name from system-1.0.jar: zip file is empty
[info] Can't extract module name from a-1.0.war: Module format not recognized: /home/gabsko/breaking-updates/target/unit-tests/dss/localTestRepo/a-1.0.war
[info] Can't extract module name from release-1.0.jar: zip file is empty
[info] Can't extract module name from c-1.0.sources: Module format not recognized: /home/gabsko/breaking-updates/target/unit-tests/dss/localTestRepo/c-1.0.sources
[info] Can't extract module name from b-1.0.jar: zip file is empty
[info] Can't extract module name from runtime-1.0.jar: zip file is empty
[info] Can't extract module name from compile-1.0.jar: zip file is empty
[info] Can't extract module name from e-1.0.rar: Module format not recognized: /home/gabsko/breaking-updates/target/unit-tests/dss/localTestRepo/e-1.0.rar
[info] Can't extract module name from provided-1.0.jar: zip file is empty
[info] Can't extract module name from test-1.0.jar: zip file is empty
[info] Can't extract module name from snapshot-2.0-SNAPSHOT.jar: zip file is empty
[info] Can't extract module name from d-1.0.zip: Module format not recognized: /home/gabsko/breaking-updates/target/unit-tests/dss/localTestRepo/d-1.0.zip
[info] Can't extract module name from system-1.0.jar: zip file is empty
[info] Can't extract module name from a-1.0.war: Module format not recognized: /home/gabsko/breaking-updates/target/unit-tests/dss/localTestRepo/a-1.0.war
[info] Can't extract module name from release-1.0.jar: zip file is empty
[info] Can't extract module name from c-1.0.sources: Module format not recognized: /home/gabsko/breaking-updates/target/unit-tests/dss/localTestRepo/c-1.0.sources
[info] Can't extract module name from b-1.0.jar: zip file is empty
[info] Can't extract module name from runtime-1.0.jar: zip file is empty
[info] Can't extract module name from compile-1.0.jar: zip file is empty
[info] Can't extract module name from e-1.0.rar: Module format not recognized: /home/gabsko/breaking-updates/target/unit-tests/dss/localTestRepo/e-1.0.rar
[info] Can't extract module name from provided-1.0.jar: zip file is empty
[info] Can't extract module name from test-1.0.jar: zip file is empty
[info] Can't extract module name from snapshot-2.0-SNAPSHOT.jar: zip file is empty
[info] Can't extract module name from d-1.0.zip: Module format not recognized: /home/gabsko/breaking-updates/target/unit-tests/dss/localTestRepo/d-1.0.zip
[info] Can't extract module name from system-1.0.jar: zip file is empty
[info] Can't extract module name from a-1.0.war: Module format not recognized: /home/gabsko/breaking-updates/target/unit-tests/dss/localTestRepo/a-1.0.war
[info] Can't extract module name from release-1.0.jar: zip file is empty
[info] Can't extract module name from c-1.0.sources: Module format not recognized: /home/gabsko/breaking-updates/target/unit-tests/dss/localTestRepo/c-1.0.sources
[info] Can't extract module name from b-1.0.jar: zip file is empty
[info] Can't extract module name from runtime-1.0.jar: zip file is empty
[info] Can't extract module name from compile-1.0.jar: zip file is empty
[info] Can't extract module name from e-1.0.rar: Module format not recognized: /home/gabsko/breaking-updates/target/unit-tests/dss/localTestRepo/e-1.0.rar
[info] Can't extract module name from provided-1.0.jar: zip file is empty
[info] Can't extract module name from test-1.0.jar: zip file is empty
[info] Can't extract module name from snapshot-2.0-SNAPSHOT.jar: zip file is empty
[info] Can't extract module name from d-1.0.zip: Module format not recognized: /home/gabsko/breaking-updates/target/unit-tests/dss/localTestRepo/d-1.0.zip
[info] Can't extract module name from system-1.0.jar: zip file is empty
[info] Can't extract module name from a-1.0.war: Module format not recognized: /home/gabsko/breaking-updates/target/unit-tests/dss/localTestRepo/a-1.0.war
[info] Can't extract module name from release-1.0.jar: zip file is empty
[info] Can't extract module name from c-1.0.sources: Module format not recognized: /home/gabsko/breaking-updates/target/unit-tests/dss/localTestRepo/c-1.0.sources
[info] Can't extract module name from b-1.0.jar: zip file is empty
[info] Can't extract module name from runtime-1.0.jar: zip file is empty
[info] Can't extract module name from compile-1.0.jar: zip file is empty
[info] Can't extract module name from e-1.0.rar: Module format not recognized: /home/gabsko/breaking-updates/target/unit-tests/dss/localTestRepo/e-1.0.rar
[info] Can't extract module name from provided-1.0.jar: zip file is empty
[info] Can't extract module name from test-1.0.jar: zip file is empty
[info] Can't extract module name from snapshot-2.0-SNAPSHOT.jar: zip file is empty
[info] Can't extract module name from d-1.0.zip: Module format not recognized: /home/gabsko/breaking-updates/target/unit-tests/dss/localTestRepo/d-1.0.zip
[info] Can't extract module name from system-1.0.jar: zip file is empty
[info] Can't extract module name from a-1.0.war: Module format not recognized: /home/gabsko/breaking-updates/target/unit-tests/dss/localTestRepo/a-1.0.war
[info] Can't extract module name from release-1.0.jar: zip file is empty
[info] Can't extract module name from c-1.0.sources: Module format not recognized: /home/gabsko/breaking-updates/target/unit-tests/dss/localTestRepo/c-1.0.sources
[info] Can't extract module name from b-1.0.jar: zip file is empty
[info] Can't extract module name from runtime-1.0.jar: zip file is empty
[info] Can't extract module name from compile-1.0.jar: zip file is empty
[info] Can't extract module name from e-1.0.rar: Module format not recognized: /home/gabsko/breaking-updates/target/unit-tests/dss/localTestRepo/e-1.0.rar
[info] Can't extract module name from provided-1.0.jar: zip file is empty
[info] Can't extract module name from test-1.0.jar: zip file is empty
[info] Can't extract module name from snapshot-2.0-SNAPSHOT.jar: zip file is empty
[info] Can't extract module name from d-1.0.zip: Module format not recognized: /home/gabsko/breaking-updates/target/unit-tests/dss/localTestRepo/d-1.0.zip
[info] Can't extract module name from system-1.0.jar: zip file is empty
[info] Can't extract module name from a-1.0.war: Module format not recognized: /home/gabsko/breaking-updates/target/unit-tests/dss/localTestRepo/a-1.0.war
[info] Can't extract module name from release-1.0.jar: zip file is empty
[info] Can't extract module name from c-1.0.sources: Module format not recognized: /home/gabsko/breaking-updates/target/unit-tests/dss/localTestRepo/c-1.0.sources
[info] Can't extract module name from b-1.0.jar: zip file is empty
[info] Can't extract module name from runtime-1.0.jar: zip file is empty
[info] Can't extract module name from compile-1.0.jar: zip file is empty
[info] Can't extract module name from e-1.0.rar: Module format not recognized: /home/gabsko/breaking-updates/target/unit-tests/dss/localTestRepo/e-1.0.rar
[info] Can't extract module name from provided-1.0.jar: zip file is empty
[info] Can't extract module name from test-1.0.jar: zip file is empty
[info] Can't extract module name from snapshot-2.0-SNAPSHOT.jar: zip file is empty
[info] Can't extract module name from d-1.0.zip: Module format not recognized: /home/gabsko/breaking-updates/target/unit-tests/dss/localTestRepo/d-1.0.zip
[info] Can't extract module name from system-1.0.jar: zip file is empty
[info] Can't extract module name from a-1.0.war: Module format not recognized: /home/gabsko/breaking-updates/target/unit-tests/dss/localTestRepo/a-1.0.war
[info] Can't extract module name from release-1.0.jar: zip file is empty
[info] Can't extract module name from c-1.0.sources: Module format not recognized: /home/gabsko/breaking-updates/target/unit-tests/dss/localTestRepo/c-1.0.sources
[info] Can't extract module name from b-1.0.jar: zip file is empty
[info] Can't extract module name from runtime-1.0.jar: zip file is empty
[info] Can't extract module name from compile-1.0.jar: zip file is empty
[info] Can't extract module name from e-1.0.rar: Module format not recognized: /home/gabsko/breaking-updates/target/unit-tests/dss/localTestRepo/e-1.0.rar
[info] Can't extract module name from provided-1.0.jar: zip file is empty
[info] Can't extract module name from test-1.0.jar: zip file is empty
[info] Can't extract module name from snapshot-2.0-SNAPSHOT.jar: zip file is empty
[info] Can't extract module name from d-1.0.zip: Module format not recognized: /home/gabsko/breaking-updates/target/unit-tests/dss/localTestRepo/d-1.0.zip
[info] Can't extract module name from system-1.0.jar: zip file is empty
[info] Can't extract module name from a-1.0.war: Module format not recognized: /home/gabsko/breaking-updates/target/unit-tests/dss/localTestRepo/a-1.0.war
[info] Can't extract module name from release-1.0.jar: zip file is empty
[info] Can't extract module name from c-1.0.sources: Module format not recognized: /home/gabsko/breaking-updates/target/unit-tests/dss/localTestRepo/c-1.0.sources
[info] Can't extract module name from b-1.0.jar: zip file is empty
[info] Can't extract module name from runtime-1.0.jar: zip file is empty
[info] Can't extract module name from compile-1.0.jar: zip file is empty
[info] Can't extract module name from e-1.0.rar: Module format not recognized: /home/gabsko/breaking-updates/target/unit-tests/dss/localTestRepo/e-1.0.rar
[info] Can't extract module name from provided-1.0.jar: zip file is empty
[info] Can't extract module name from test-1.0.jar: zip file is empty
[info] Can't extract module name from snapshot-2.0-SNAPSHOT.jar: zip file is empty
[info] Can't extract module name from d-1.0.zip: Module format not recognized: /home/gabsko/breaking-updates/target/unit-tests/dss/localTestRepo/d-1.0.zip
[info] Can't extract module name from system-1.0.jar: zip file is empty
[info] Can't extract module name from a-1.0.war: Module format not recognized: /home/gabsko/breaking-updates/target/unit-tests/dss/localTestRepo/a-1.0.war
[info] Can't extract module name from release-1.0.jar: zip file is empty
[info] Can't extract module name from c-1.0.sources: Module format not recognized: /home/gabsko/breaking-updates/target/unit-tests/dss/localTestRepo/c-1.0.sources
[info] Can't extract module name from b-1.0.jar: zip file is empty
[info] Can't extract module name from runtime-1.0.jar: zip file is empty
[info] Can't extract module name from compile-1.0.jar: zip file is empty
[info] Can't extract module name from e-1.0.rar: Module format not recognized: /home/gabsko/breaking-updates/target/unit-tests/dss/localTestRepo/e-1.0.rar
[info] Can't extract module name from provided-1.0.jar: zip file is empty
[info] Can't extract module name from test-1.0.jar: zip file is empty
[info] Can't extract module name from snapshot-2.0-SNAPSHOT.jar: zip file is empty
[info] Can't extract module name from d-1.0.zip: Module format not recognized: /home/gabsko/breaking-updates/target/unit-tests/dss/localTestRepo/d-1.0.zip
[info] Can't extract module name from system-1.0.jar: zip file is empty
[info] Can't extract module name from a-1.0.war: Module format not recognized: /home/gabsko/breaking-updates/target/unit-tests/dss/localTestRepo/a-1.0.war
[info] Can't extract module name from release-1.0.jar: zip file is empty
[info] Can't extract module name from c-1.0.sources: Module format not recognized: /home/gabsko/breaking-updates/target/unit-tests/dss/localTestRepo/c-1.0.sources
[info] Can't extract module name from b-1.0.jar: zip file is empty
[info] Can't extract module name from runtime-1.0.jar: zip file is empty
[info] Can't extract module name from compile-1.0.jar: zip file is empty
[info] Can't extract module name from e-1.0.rar: Module format not recognized: /home/gabsko/breaking-updates/target/unit-tests/dss/localTestRepo/e-1.0.rar
[info] Can't extract module name from provided-1.0.jar: zip file is empty
[info] Can't extract module name from test-1.0.jar: zip file is empty
[info] Can't extract module name from snapshot-2.0-SNAPSHOT.jar: zip file is empty
[info] Can't extract module name from d-1.0.zip: Module format not recognized: /home/gabsko/breaking-updates/target/unit-tests/dss/localTestRepo/d-1.0.zip
[info] Can't extract module name from system-1.0.jar: zip file is empty
[info] Can't extract module name from a-1.0.war: Module format not recognized: /home/gabsko/breaking-updates/target/unit-tests/dss/localTestRepo/a-1.0.war
[info] Can't extract module name from release-1.0.jar: zip file is empty
[info] Can't extract module name from c-1.0.sources: Module format not recognized: /home/gabsko/breaking-updates/target/unit-tests/dss/localTestRepo/c-1.0.sources
[info] Can't extract module name from b-1.0.jar: zip file is empty
[info] Can't extract module name from runtime-1.0.jar: zip file is empty
[info] Can't extract module name from compile-1.0.jar: zip file is empty
[info] Can't extract module name from e-1.0.rar: Module format not recognized: /home/gabsko/breaking-updates/target/unit-tests/dss/localTestRepo/e-1.0.rar
[info] Can't extract module name from provided-1.0.jar: zip file is empty
[info] Can't extract module name from test-1.0.jar: zip file is empty
[info] Can't extract module name from snapshot-2.0-SNAPSHOT.jar: zip file is empty
[info] Can't extract module name from d-1.0.zip: Module format not recognized: /home/gabsko/breaking-updates/target/unit-tests/dss/localTestRepo/d-1.0.zip
[info] Can't extract module name from system-1.0.jar: zip file is empty
[info] Can't extract module name from a-1.0.war: Module format not recognized: /home/gabsko/breaking-updates/target/unit-tests/dss/localTestRepo/a-1.0.war
[info] Can't extract module name from release-1.0.jar: zip file is empty
[info] Can't extract module name from c-1.0.sources: Module format not recognized: /home/gabsko/breaking-updates/target/unit-tests/dss/localTestRepo/c-1.0.sources
[info] Can't extract module name from b-1.0.jar: zip file is empty
[info] Can't extract module name from runtime-1.0.jar: zip file is empty
[info] Can't extract module name from compile-1.0.jar: zip file is empty
[info] Can't extract module name from e-1.0.rar: Module format not recognized: /home/gabsko/breaking-updates/target/unit-tests/dss/localTestRepo/e-1.0.rar
[info] Can't extract module name from provided-1.0.jar: zip file is empty
[info] Can't extract module name from test-1.0.jar: zip file is empty
[info] Can't extract module name from snapshot-2.0-SNAPSHOT.jar: zip file is empty
[info] Can't extract module name from d-1.0.zip: Module format not recognized: /home/gabsko/breaking-updates/target/unit-tests/dss/localTestRepo/d-1.0.zip
[info] Can't extract module name from system-1.0.jar: zip file is empty
[INFO] Tests run: 4, Failures: 0, Errors: 0, Skipped: 0, Time elapsed: 0.316 s - in org.apache.maven.plugins.dependency.resolvers.ResolveDependenciesMojoTest
[INFO] Running org.apache.maven.plugins.dependency.resolvers.ExcludeReactorProjectsDependencyFilterTest
[INFO] Tests run: 3, Failures: 0, Errors: 0, Skipped: 0, Time elapsed: 0.469 s - in org.apache.maven.plugins.dependency.resolvers.ExcludeReactorProjectsDependencyFilterTest
[INFO] Running org.apache.maven.plugins.dependency.resolvers.ExcludeReactorProjectsArtifactFilterTest
[INFO] Tests run: 2, Failures: 0, Errors: 0, Skipped: 0, Time elapsed: 0.107 s - in org.apache.maven.plugins.dependency.resolvers.ExcludeReactorProjectsArtifactFilterTest
[INFO] Running org.apache.maven.plugins.dependency.resolvers.TestResolveMojo
[INFO] Tests run: 2, Failures: 0, Errors: 0, Skipped: 0, Time elapsed: 0.104 s - in org.apache.maven.plugins.dependency.resolvers.TestResolveMojo
[INFO] Running org.apache.maven.plugins.dependency.utils.markers.TestUnpackMarkerFileHandler
[INFO] Tests run: 9, Failures: 0, Errors: 0, Skipped: 0, Time elapsed: 0.503 s - in org.apache.maven.plugins.dependency.utils.markers.TestUnpackMarkerFileHandler
[INFO] Running org.apache.maven.plugins.dependency.utils.markers.TestSourcesMarkerFileHandler
[INFO] Tests run: 10, Failures: 0, Errors: 0, Skipped: 0, Time elapsed: 0.001 s - in org.apache.maven.plugins.dependency.utils.markers.TestSourcesMarkerFileHandler
[INFO] Running org.apache.maven.plugins.dependency.utils.markers.TestDefaultMarkerFileHandler
[INFO] Tests run: 6, Failures: 0, Errors: 0, Skipped: 0, Time elapsed: 0.001 s - in org.apache.maven.plugins.dependency.utils.markers.TestDefaultMarkerFileHandler
[INFO] Running org.apache.maven.plugins.dependency.utils.filters.TestMarkerFileFilter
[INFO] Tests run: 5, Failures: 0, Errors: 0, Skipped: 0, Time elapsed: 0 s - in org.apache.maven.plugins.dependency.utils.filters.TestMarkerFileFilter
[INFO] Running org.apache.maven.plugins.dependency.utils.filters.TestResolveMarkerFileFilter
[INFO] Tests run: 1, Failures: 0, Errors: 0, Skipped: 0, Time elapsed: 0 s - in org.apache.maven.plugins.dependency.utils.filters.TestResolveMarkerFileFilter
[INFO] Running org.apache.maven.plugins.dependency.utils.filters.TestDestFileFilter
[INFO] Tests run: 8, Failures: 0, Errors: 0, Skipped: 0, Time elapsed: 0 s - in org.apache.maven.plugins.dependency.utils.filters.TestDestFileFilter
[INFO] Running org.apache.maven.plugins.dependency.utils.TestSilentLog
[INFO] Tests run: 2, Failures: 0, Errors: 0, Skipped: 0, Time elapsed: 0 s - in org.apache.maven.plugins.dependency.utils.TestSilentLog
[INFO] Running org.apache.maven.plugins.dependency.utils.TestDependencyUtil
[INFO] Tests run: 9, Failures: 0, Errors: 0, Skipped: 0, Time elapsed: 0 s - in org.apache.maven.plugins.dependency.utils.TestDependencyUtil
[INFO] Running org.apache.maven.plugins.dependency.utils.TestDependencyStatusSets
[INFO] Tests run: 2, Failures: 0, Errors: 0, Skipped: 0, Time elapsed: 0.074 s - in org.apache.maven.plugins.dependency.utils.TestDependencyStatusSets
[INFO] Running org.apache.maven.plugins.dependency.utils.translators.TestClassifierTypeTranslator
[INFO] Tests run: 6, Failures: 0, Errors: 0, Skipped: 0, Time elapsed: 0.299 s - in org.apache.maven.plugins.dependency.utils.translators.TestClassifierTypeTranslator
[INFO] Running org.apache.maven.plugins.dependency.TestPropertiesMojo
[INFO] Tests run: 1, Failures: 0, Errors: 0, Skipped: 0, Time elapsed: 0.039 s - in org.apache.maven.plugins.dependency.TestPropertiesMojo
[INFO] Running org.apache.maven.plugins.dependency.TestListClassesMojo
[INFO] org.apache.commons.lang3.BitField
[INFO] org.apache.commons.lang3.builder.Diffable
[INFO] org.apache.commons.lang3.builder.DiffBuilder$11
[INFO] org.apache.commons.lang3.builder.DiffBuilder$12
[INFO] org.apache.commons.lang3.builder.DiffBuilder$17
[INFO] org.apache.commons.lang3.builder.DiffBuilder$18
[INFO] org.apache.commons.lang3.builder.DiffBuilder$8
[INFO] org.apache.commons.lang3.builder.EqualsBuilder
[INFO] org.apache.commons.lang3.builder.ReflectionDiffBuilder
[INFO] org.apache.commons.lang3.builder.ToStringExclude
[INFO] org.apache.commons.lang3.builder.ToStringStyle$MultiLineToStringStyle
[INFO] org.apache.commons.lang3.builder.ToStringStyle$NoClassNameToStringStyle
[INFO] org.apache.commons.lang3.builder.ToStringStyle$NoFieldNameToStringStyle
[INFO] org.apache.commons.lang3.CharEncoding
[INFO] org.apache.commons.lang3.CharRange
[INFO] org.apache.commons.lang3.CharUtils
[INFO] org.apache.commons.lang3.ClassUtils$2
[INFO] org.apache.commons.lang3.concurrent.AbstractCircuitBreaker$State$1
[INFO] org.apache.commons.lang3.concurrent.AtomicInitializer
[INFO] org.apache.commons.lang3.concurrent.AtomicSafeInitializer
[INFO] org.apache.commons.lang3.concurrent.BasicThreadFactory$Builder
[INFO] org.apache.commons.lang3.concurrent.CallableBackgroundInitializer
[INFO] org.apache.commons.lang3.concurrent.Computable
[INFO] org.apache.commons.lang3.concurrent.ConcurrentUtils$ConstantFuture
[INFO] org.apache.commons.lang3.concurrent.EventCountCircuitBreaker$CheckIntervalData
[INFO] org.apache.commons.lang3.concurrent.EventCountCircuitBreaker$StateStrategyOpen
[INFO] org.apache.commons.lang3.concurrent.Memoizer
[INFO] org.apache.commons.lang3.event.EventListenerSupport$ProxyInvocationHandler
[INFO] org.apache.commons.lang3.exception.CloneFailedException
[INFO] org.apache.commons.lang3.exception.ContextedRuntimeException
[INFO] org.apache.commons.lang3.JavaVersion
[INFO] org.apache.commons.lang3.math.Fraction
[INFO] org.apache.commons.lang3.mutable.MutableByte
[INFO] org.apache.commons.lang3.mutable.MutableFloat
[INFO] org.apache.commons.lang3.mutable.MutableObject
[INFO] org.apache.commons.lang3.NotImplementedException
[INFO] org.apache.commons.lang3.RandomStringUtils
[INFO] org.apache.commons.lang3.Range$ComparableComparator
[INFO] org.apache.commons.lang3.reflect.FieldUtils
[INFO] org.apache.commons.lang3.reflect.MethodUtils
[INFO] org.apache.commons.lang3.SerializationUtils
[INFO] org.apache.commons.lang3.StringEscapeUtils$CsvUnescaper
[INFO] org.apache.commons.lang3.StringUtils
[INFO] org.apache.commons.lang3.text.translate.CodePointTranslator
[INFO] org.apache.commons.lang3.text.translate.JavaUnicodeEscaper
[INFO] org.apache.commons.lang3.text.translate.NumericEntityEscaper
[INFO] org.apache.commons.lang3.text.translate.NumericEntityUnescaper
[INFO] org.apache.commons.lang3.text.translate.UnicodeUnescaper
[INFO] org.apache.commons.lang3.text.WordUtils
[INFO] org.apache.commons.lang3.ThreadUtils$ThreadGroupPredicate
[INFO] org.apache.commons.lang3.ThreadUtils
[INFO] org.apache.commons.lang3.time.DateUtils
[INFO] org.apache.commons.lang3.time.FastDateParser$5
[INFO] org.apache.commons.lang3.time.FastDateParser$CopyQuotedStrategy
[INFO] org.apache.commons.lang3.time.FastDateParser$NumberStrategy
[INFO] org.apache.commons.lang3.time.FastDateParser$Strategy
[INFO] org.apache.commons.lang3.time.FastDateParser$StrategyParser
[INFO] org.apache.commons.lang3.time.FastDateParser
[INFO] org.apache.commons.lang3.time.FastDatePrinter$PaddedNumberField
[INFO] org.apache.commons.lang3.time.FastDatePrinter$TextField
[INFO] org.apache.commons.lang3.time.FastDatePrinter$TimeZoneNameRule
[INFO] org.apache.commons.lang3.time.FastDatePrinter$TwelveHourField
[INFO] org.apache.commons.lang3.time.StopWatch$1
[INFO] org.apache.commons.lang3.time.StopWatch$State$4
[INFO] org.apache.commons.lang3.time.StopWatch
[INFO] org.apache.commons.lang3.tuple.MutablePair
[INFO] org.apache.commons.lang3.tuple.Pair
[INFO] org.apache.commons.lang3.arch.Processor$Type
[INFO] org.apache.commons.lang3.arch.Processor
[INFO] org.apache.commons.lang3.ArchUtils
[INFO] org.apache.commons.lang3.BooleanUtils
[INFO] org.apache.commons.lang3.builder.CompareToBuilder
[INFO] org.apache.commons.lang3.builder.DiffBuilder$10
[INFO] org.apache.commons.lang3.builder.DiffBuilder$13
[INFO] org.apache.commons.lang3.builder.DiffBuilder$16
[INFO] org.apache.commons.lang3.builder.DiffBuilder$2
[INFO] org.apache.commons.lang3.builder.DiffBuilder$3
[INFO] org.apache.commons.lang3.builder.DiffBuilder$4
[INFO] org.apache.commons.lang3.builder.DiffBuilder$5
[INFO] org.apache.commons.lang3.builder.DiffBuilder$9
[INFO] org.apache.commons.lang3.builder.EqualsExclude
[INFO] org.apache.commons.lang3.builder.IDKey
[INFO] org.apache.commons.lang3.builder.MultilineRecursiveToStringStyle
[INFO] org.apache.commons.lang3.builder.StandardToStringStyle
[INFO] org.apache.commons.lang3.builder.ToStringStyle$DefaultToStringStyle
[INFO] org.apache.commons.lang3.builder.ToStringStyle
[INFO] org.apache.commons.lang3.CharSetUtils
[INFO] org.apache.commons.lang3.ClassUtils$1
[INFO] org.apache.commons.lang3.ClassUtils
[INFO] org.apache.commons.lang3.concurrent.BasicThreadFactory$1
[INFO] org.apache.commons.lang3.concurrent.CircuitBreaker
[INFO] org.apache.commons.lang3.concurrent.ConcurrentInitializer
[INFO] org.apache.commons.lang3.concurrent.ConstantInitializer
[INFO] org.apache.commons.lang3.concurrent.EventCountCircuitBreaker$StateStrategy
[INFO] org.apache.commons.lang3.concurrent.EventCountCircuitBreaker
[INFO] org.apache.commons.lang3.EnumUtils
[INFO] org.apache.commons.lang3.event.EventUtils$EventBindingInvocationHandler
[INFO] org.apache.commons.lang3.exception.ContextedException
[INFO] org.apache.commons.lang3.exception.ExceptionUtils
[INFO] org.apache.commons.lang3.math.NumberUtils
[INFO] org.apache.commons.lang3.mutable.MutableLong
[INFO] org.apache.commons.lang3.ObjectUtils$Null
[INFO] org.apache.commons.lang3.RandomUtils
[INFO] org.apache.commons.lang3.reflect.ConstructorUtils
[INFO] org.apache.commons.lang3.reflect.MemberUtils$Executable
[INFO] org.apache.commons.lang3.reflect.Typed
[INFO] org.apache.commons.lang3.reflect.TypeUtils$1
[INFO] org.apache.commons.lang3.reflect.TypeUtils$ParameterizedTypeImpl
[INFO] org.apache.commons.lang3.reflect.TypeUtils$WildcardTypeImpl
[INFO] org.apache.commons.lang3.SerializationException
[INFO] org.apache.commons.lang3.SerializationUtils$ClassLoaderAwareObjectInputStream
[INFO] org.apache.commons.lang3.StringEscapeUtils$CsvEscaper
[INFO] org.apache.commons.lang3.StringEscapeUtils
[INFO] org.apache.commons.lang3.SystemUtils
[INFO] org.apache.commons.lang3.text.ExtendedMessageFormat
[INFO] org.apache.commons.lang3.text.StrBuilder$StrBuilderWriter
[INFO] org.apache.commons.lang3.text.StrLookup$1
[INFO] org.apache.commons.lang3.text.StrLookup$MapStrLookup
[INFO] org.apache.commons.lang3.text.StrLookup$SystemPropertiesStrLookup
[INFO] org.apache.commons.lang3.text.StrLookup
[INFO] org.apache.commons.lang3.text.StrMatcher$CharMatcher
[INFO] org.apache.commons.lang3.text.StrMatcher$CharSetMatcher
[INFO] org.apache.commons.lang3.text.StrMatcher$NoMatcher
[INFO] org.apache.commons.lang3.text.StrMatcher$StringMatcher
[INFO] org.apache.commons.lang3.text.StrMatcher$TrimMatcher
[INFO] org.apache.commons.lang3.text.StrMatcher
[INFO] org.apache.commons.lang3.text.StrSubstitutor
[INFO] org.apache.commons.lang3.text.translate.AggregateTranslator
[INFO] org.apache.commons.lang3.text.translate.CharSequenceTranslator
[INFO] org.apache.commons.lang3.text.translate.LookupTranslator
[INFO] org.apache.commons.lang3.text.translate.NumericEntityUnescaper$OPTION
[INFO] org.apache.commons.lang3.text.translate.OctalUnescaper
[INFO] org.apache.commons.lang3.text.translate.UnicodeEscaper
[INFO] org.apache.commons.lang3.text.translate.UnicodeUnpairedSurrogateRemover
[INFO] org.apache.commons.lang3.ThreadUtils$1
[INFO] org.apache.commons.lang3.ThreadUtils$ThreadPredicate
[INFO] org.apache.commons.lang3.time.DateFormatUtils
[INFO] org.apache.commons.lang3.time.DateUtils$ModifyType
[INFO] org.apache.commons.lang3.time.DurationFormatUtils
[INFO] org.apache.commons.lang3.time.FastDateParser$1
[INFO] org.apache.commons.lang3.time.FastDateParser$2
[INFO] org.apache.commons.lang3.time.FastDateParser$4
[INFO] org.apache.commons.lang3.time.FastDateParser$CaseInsensitiveTextStrategy
[INFO] org.apache.commons.lang3.time.FastDateParser$ISO8601TimeZoneStrategy
[INFO] org.apache.commons.lang3.time.FastDateParser$PatternStrategy
[INFO] org.apache.commons.lang3.time.FastDateParser$StrategyAndWidth
[INFO] org.apache.commons.lang3.time.FastDateParser$TimeZoneStrategy$TzInfo
[INFO] org.apache.commons.lang3.time.FastDateParser$TimeZoneStrategy
[INFO] org.apache.commons.lang3.time.FastDatePrinter$CharacterLiteral
[INFO] org.apache.commons.lang3.time.FastDatePrinter$DayInWeekField
[INFO] org.apache.commons.lang3.time.FastDatePrinter$Iso8601_Rule
[INFO] org.apache.commons.lang3.time.FastDatePrinter$NumberRule
[INFO] org.apache.commons.lang3.time.FastDatePrinter$Rule
[INFO] org.apache.commons.lang3.time.FastDatePrinter$StringLiteral
[INFO] org.apache.commons.lang3.time.FastDatePrinter$TimeZoneDisplayKey
[INFO] org.apache.commons.lang3.time.FastDatePrinter$TimeZoneNumberRule
[INFO] org.apache.commons.lang3.time.FastDatePrinter$TwentyFourHourField
[INFO] org.apache.commons.lang3.time.FastDatePrinter$TwoDigitNumberField
[INFO] org.apache.commons.lang3.time.FastDatePrinter$UnpaddedMonthField
[INFO] org.apache.commons.lang3.time.FastDatePrinter$WeekYear
[INFO] org.apache.commons.lang3.time.FormatCache$MultipartKey
[INFO] org.apache.commons.lang3.time.FormatCache
[INFO] org.apache.commons.lang3.time.StopWatch$SplitState
[INFO] org.apache.commons.lang3.time.StopWatch$State$1
[INFO] org.apache.commons.lang3.time.StopWatch$State$2
[INFO] org.apache.commons.lang3.time.StopWatch$State$3
[INFO] org.apache.commons.lang3.time.StopWatch$State
[INFO] org.apache.commons.lang3.tuple.ImmutablePair
[INFO] org.apache.commons.lang3.tuple.ImmutableTriple
[INFO] org.apache.commons.lang3.tuple.MutableTriple
[INFO] org.apache.commons.lang3.tuple.Triple
[INFO] org.apache.commons.lang3.Validate
[INFO] org.apache.commons.lang3.AnnotationUtils
[INFO] org.apache.commons.lang3.ArrayUtils
[INFO] org.apache.commons.lang3.builder.DiffBuilder$7
[INFO] org.apache.commons.lang3.builder.DiffResult
[INFO] org.apache.commons.lang3.builder.HashCodeBuilder
[INFO] org.apache.commons.lang3.builder.ReflectionToStringBuilder
[INFO] org.apache.commons.lang3.builder.ToStringStyle$JsonToStringStyle
[INFO] org.apache.commons.lang3.builder.ToStringStyle$SimpleToStringStyle
[INFO] org.apache.commons.lang3.CharRange$CharacterIterator
[INFO] org.apache.commons.lang3.CharSet
[INFO] org.apache.commons.lang3.ClassUtils$1$1
[INFO] org.apache.commons.lang3.ClassUtils$Interfaces
[INFO] org.apache.commons.lang3.concurrent.AbstractCircuitBreaker$State$2
[INFO] org.apache.commons.lang3.concurrent.AbstractCircuitBreaker$State
[INFO] org.apache.commons.lang3.concurrent.BackgroundInitializer
[INFO] org.apache.commons.lang3.concurrent.CircuitBreakingException
[INFO] org.apache.commons.lang3.concurrent.ConcurrentRuntimeException
[INFO] org.apache.commons.lang3.concurrent.EventCountCircuitBreaker$1
[INFO] org.apache.commons.lang3.concurrent.LazyInitializer
[INFO] org.apache.commons.lang3.concurrent.MultiBackgroundInitializer$MultiBackgroundInitializerResults
[INFO] org.apache.commons.lang3.concurrent.ThresholdCircuitBreaker
[INFO] org.apache.commons.lang3.concurrent.TimedSemaphore$1
[INFO] org.apache.commons.lang3.Conversion
[INFO] org.apache.commons.lang3.event.EventUtils
[INFO] org.apache.commons.lang3.exception.ExceptionContext
[INFO] org.apache.commons.lang3.LocaleUtils$SyncAvoid
[INFO] org.apache.commons.lang3.math.IEEE754rUtils
[INFO] org.apache.commons.lang3.mutable.MutableBoolean
[INFO] org.apache.commons.lang3.AnnotationUtils$1
[INFO] org.apache.commons.lang3.arch.Processor$Arch
[INFO] org.apache.commons.lang3.ArrayUtils$1
[INFO] org.apache.commons.lang3.builder.Builder
[INFO] org.apache.commons.lang3.builder.Diff
[INFO] org.apache.commons.lang3.builder.DiffBuilder$1
[INFO] org.apache.commons.lang3.builder.DiffBuilder$14
[INFO] org.apache.commons.lang3.builder.DiffBuilder$15
[INFO] org.apache.commons.lang3.builder.DiffBuilder$6
[INFO] org.apache.commons.lang3.builder.DiffBuilder
[INFO] org.apache.commons.lang3.builder.HashCodeExclude
[INFO] org.apache.commons.lang3.builder.RecursiveToStringStyle
[INFO] org.apache.commons.lang3.builder.ToStringBuilder
[INFO] org.apache.commons.lang3.builder.ToStringStyle$ShortPrefixToStringStyle
[INFO] org.apache.commons.lang3.CharRange$1
[INFO] org.apache.commons.lang3.CharSequenceUtils
[INFO] org.apache.commons.lang3.ClassPathUtils
[INFO] org.apache.commons.lang3.ClassUtils$2$1
[INFO] org.apache.commons.lang3.concurrent.AbstractCircuitBreaker$1
[INFO] org.apache.commons.lang3.concurrent.AbstractCircuitBreaker
[INFO] org.apache.commons.lang3.concurrent.BackgroundInitializer$InitializationTask
[INFO] org.apache.commons.lang3.concurrent.BasicThreadFactory
[INFO] org.apache.commons.lang3.concurrent.ConcurrentException
[INFO] org.apache.commons.lang3.concurrent.ConcurrentUtils
[INFO] org.apache.commons.lang3.concurrent.EventCountCircuitBreaker$StateStrategyClosed
[INFO] org.apache.commons.lang3.concurrent.Memoizer$1
[INFO] org.apache.commons.lang3.concurrent.MultiBackgroundInitializer$1
[INFO] org.apache.commons.lang3.concurrent.MultiBackgroundInitializer
[INFO] org.apache.commons.lang3.concurrent.TimedSemaphore
[INFO] org.apache.commons.lang3.event.EventListenerSupport
[INFO] org.apache.commons.lang3.exception.DefaultExceptionContext
[INFO] org.apache.commons.lang3.LocaleUtils
[INFO] org.apache.commons.lang3.mutable.Mutable
[INFO] org.apache.commons.lang3.mutable.MutableDouble
[INFO] org.apache.commons.lang3.mutable.MutableInt
[INFO] org.apache.commons.lang3.mutable.MutableShort
[INFO] org.apache.commons.lang3.ObjectUtils
[INFO] org.apache.commons.lang3.Range
[INFO] org.apache.commons.lang3.reflect.InheritanceUtils
[INFO] org.apache.commons.lang3.reflect.MemberUtils
[INFO] org.apache.commons.lang3.reflect.TypeLiteral
[INFO] org.apache.commons.lang3.reflect.TypeUtils$GenericArrayTypeImpl
[INFO] org.apache.commons.lang3.reflect.TypeUtils$WildcardTypeBuilder
[INFO] org.apache.commons.lang3.reflect.TypeUtils
[INFO] org.apache.commons.lang3.text.CompositeFormat
[INFO] org.apache.commons.lang3.text.FormatFactory
[INFO] org.apache.commons.lang3.text.FormattableUtils
[INFO] org.apache.commons.lang3.text.StrBuilder$StrBuilderReader
[INFO] org.apache.commons.lang3.text.StrBuilder$StrBuilderTokenizer
[INFO] org.apache.commons.lang3.text.StrBuilder
[INFO] org.apache.commons.lang3.text.StrTokenizer
[INFO] org.apache.commons.lang3.text.translate.EntityArrays
[INFO] org.apache.commons.lang3.ThreadUtils$AlwaysTruePredicate
[INFO] org.apache.commons.lang3.ThreadUtils$NamePredicate
[INFO] org.apache.commons.lang3.ThreadUtils$ThreadIdPredicate
[INFO] org.apache.commons.lang3.time.DateParser
[INFO] org.apache.commons.lang3.time.DatePrinter
[INFO] org.apache.commons.lang3.time.DateUtils$DateIterator
[INFO] org.apache.commons.lang3.time.DurationFormatUtils$Token
[INFO] org.apache.commons.lang3.time.FastDateFormat$1
[INFO] org.apache.commons.lang3.time.FastDateFormat
[INFO] org.apache.commons.lang3.time.FastDateParser$3
[INFO] org.apache.commons.lang3.time.FastDateParser$6
[INFO] org.apache.commons.lang3.time.FastDatePrinter$TwoDigitMonthField
[INFO] org.apache.commons.lang3.time.FastDatePrinter$TwoDigitYearField
[INFO] org.apache.commons.lang3.time.FastDatePrinter$UnpaddedNumberField
[INFO] org.apache.commons.lang3.time.FastDatePrinter
[INFO] org.apache.commons.lang3.BitField
[INFO] org.apache.commons.lang3.builder.Diffable
[INFO] org.apache.commons.lang3.builder.DiffBuilder$11
[INFO] org.apache.commons.lang3.builder.DiffBuilder$12
[INFO] org.apache.commons.lang3.builder.DiffBuilder$17
[INFO] org.apache.commons.lang3.builder.DiffBuilder$18
[INFO] org.apache.commons.lang3.builder.DiffBuilder$8
[INFO] org.apache.commons.lang3.builder.EqualsBuilder
[INFO] org.apache.commons.lang3.builder.ReflectionDiffBuilder
[INFO] org.apache.commons.lang3.builder.ToStringExclude
[INFO] org.apache.commons.lang3.builder.ToStringStyle$MultiLineToStringStyle
[INFO] org.apache.commons.lang3.builder.ToStringStyle$NoClassNameToStringStyle
[INFO] org.apache.commons.lang3.builder.ToStringStyle$NoFieldNameToStringStyle
[INFO] org.apache.commons.lang3.CharEncoding
[INFO] org.apache.commons.lang3.CharRange
[INFO] org.apache.commons.lang3.CharUtils
[INFO] org.apache.commons.lang3.ClassUtils$2
[INFO] org.apache.commons.lang3.concurrent.AbstractCircuitBreaker$State$1
[INFO] org.apache.commons.lang3.concurrent.AtomicInitializer
[INFO] org.apache.commons.lang3.concurrent.AtomicSafeInitializer
[INFO] org.apache.commons.lang3.concurrent.BasicThreadFactory$Builder
[INFO] org.apache.commons.lang3.concurrent.CallableBackgroundInitializer
[INFO] org.apache.commons.lang3.concurrent.Computable
[INFO] org.apache.commons.lang3.concurrent.ConcurrentUtils$ConstantFuture
[INFO] org.apache.commons.lang3.concurrent.EventCountCircuitBreaker$CheckIntervalData
[INFO] org.apache.commons.lang3.concurrent.EventCountCircuitBreaker$StateStrategyOpen
[INFO] org.apache.commons.lang3.concurrent.Memoizer
[INFO] org.apache.commons.lang3.event.EventListenerSupport$ProxyInvocationHandler
[INFO] org.apache.commons.lang3.exception.CloneFailedException
[INFO] org.apache.commons.lang3.exception.ContextedRuntimeException
[INFO] org.apache.commons.lang3.JavaVersion
[INFO] org.apache.commons.lang3.math.Fraction
[INFO] org.apache.commons.lang3.mutable.MutableByte
[INFO] org.apache.commons.lang3.mutable.MutableFloat
[INFO] org.apache.commons.lang3.mutable.MutableObject
[INFO] org.apache.commons.lang3.NotImplementedException
[INFO] org.apache.commons.lang3.RandomStringUtils
[INFO] org.apache.commons.lang3.Range$ComparableComparator
[INFO] org.apache.commons.lang3.reflect.FieldUtils
[INFO] org.apache.commons.lang3.reflect.MethodUtils
[INFO] org.apache.commons.lang3.SerializationUtils
[INFO] org.apache.commons.lang3.StringEscapeUtils$CsvUnescaper
[INFO] org.apache.commons.lang3.StringUtils
[INFO] org.apache.commons.lang3.text.translate.CodePointTranslator
[INFO] org.apache.commons.lang3.text.translate.JavaUnicodeEscaper
[INFO] org.apache.commons.lang3.text.translate.NumericEntityEscaper
[INFO] org.apache.commons.lang3.text.translate.NumericEntityUnescaper
[INFO] org.apache.commons.lang3.text.translate.UnicodeUnescaper
[INFO] org.apache.commons.lang3.text.WordUtils
[INFO] org.apache.commons.lang3.ThreadUtils$ThreadGroupPredicate
[INFO] org.apache.commons.lang3.ThreadUtils
[INFO] org.apache.commons.lang3.time.DateUtils
[INFO] org.apache.commons.lang3.time.FastDateParser$5
[INFO] org.apache.commons.lang3.time.FastDateParser$CopyQuotedStrategy
[INFO] org.apache.commons.lang3.time.FastDateParser$NumberStrategy
[INFO] org.apache.commons.lang3.time.FastDateParser$Strategy
[INFO] org.apache.commons.lang3.time.FastDateParser$StrategyParser
[INFO] org.apache.commons.lang3.time.FastDateParser
[INFO] org.apache.commons.lang3.time.FastDatePrinter$PaddedNumberField
[INFO] org.apache.commons.lang3.time.FastDatePrinter$TextField
[INFO] org.apache.commons.lang3.time.FastDatePrinter$TimeZoneNameRule
[INFO] org.apache.commons.lang3.time.FastDatePrinter$TwelveHourField
[INFO] org.apache.commons.lang3.time.StopWatch$1
[INFO] org.apache.commons.lang3.time.StopWatch$State$4
[INFO] org.apache.commons.lang3.time.StopWatch
[INFO] org.apache.commons.lang3.tuple.MutablePair
[INFO] org.apache.commons.lang3.tuple.Pair
[INFO] org.apache.commons.lang3.arch.Processor$Type
[INFO] org.apache.commons.lang3.arch.Processor
[INFO] org.apache.commons.lang3.ArchUtils
[INFO] org.apache.commons.lang3.BooleanUtils
[INFO] org.apache.commons.lang3.builder.CompareToBuilder
[INFO] org.apache.commons.lang3.builder.DiffBuilder$10
[INFO] org.apache.commons.lang3.builder.DiffBuilder$13
[INFO] org.apache.commons.lang3.builder.DiffBuilder$16
[INFO] org.apache.commons.lang3.builder.DiffBuilder$2
[INFO] org.apache.commons.lang3.builder.DiffBuilder$3
[INFO] org.apache.commons.lang3.builder.DiffBuilder$4
[INFO] org.apache.commons.lang3.builder.DiffBuilder$5
[INFO] org.apache.commons.lang3.builder.DiffBuilder$9
[INFO] org.apache.commons.lang3.builder.EqualsExclude
[INFO] org.apache.commons.lang3.builder.IDKey
[INFO] org.apache.commons.lang3.builder.MultilineRecursiveToStringStyle
[INFO] org.apache.commons.lang3.builder.StandardToStringStyle
[INFO] org.apache.commons.lang3.builder.ToStringStyle$DefaultToStringStyle
[INFO] org.apache.commons.lang3.builder.ToStringStyle
[INFO] org.apache.commons.lang3.CharSetUtils
[INFO] org.apache.commons.lang3.ClassUtils$1
[INFO] org.apache.commons.lang3.ClassUtils
[INFO] org.apache.commons.lang3.concurrent.BasicThreadFactory$1
[INFO] org.apache.commons.lang3.concurrent.CircuitBreaker
[INFO] org.apache.commons.lang3.concurrent.ConcurrentInitializer
[INFO] org.apache.commons.lang3.concurrent.ConstantInitializer
[INFO] org.apache.commons.lang3.concurrent.EventCountCircuitBreaker$StateStrategy
[INFO] org.apache.commons.lang3.concurrent.EventCountCircuitBreaker
[INFO] org.apache.commons.lang3.EnumUtils
[INFO] org.apache.commons.lang3.event.EventUtils$EventBindingInvocationHandler
[INFO] org.apache.commons.lang3.exception.ContextedException
[INFO] org.apache.commons.lang3.exception.ExceptionUtils
[INFO] org.apache.commons.lang3.math.NumberUtils
[INFO] org.apache.commons.lang3.mutable.MutableLong
[INFO] org.apache.commons.lang3.ObjectUtils$Null
[INFO] org.apache.commons.lang3.RandomUtils
[INFO] org.apache.commons.lang3.reflect.ConstructorUtils
[INFO] org.apache.commons.lang3.reflect.MemberUtils$Executable
[INFO] org.apache.commons.lang3.reflect.Typed
[INFO] org.apache.commons.lang3.reflect.TypeUtils$1
[INFO] org.apache.commons.lang3.reflect.TypeUtils$ParameterizedTypeImpl
[INFO] org.apache.commons.lang3.reflect.TypeUtils$WildcardTypeImpl
[INFO] org.apache.commons.lang3.SerializationException
[INFO] org.apache.commons.lang3.SerializationUtils$ClassLoaderAwareObjectInputStream
[INFO] org.apache.commons.lang3.StringEscapeUtils$CsvEscaper
[INFO] org.apache.commons.lang3.StringEscapeUtils
[INFO] org.apache.commons.lang3.SystemUtils
[INFO] org.apache.commons.lang3.text.ExtendedMessageFormat
[INFO] org.apache.commons.lang3.text.StrBuilder$StrBuilderWriter
[INFO] org.apache.commons.lang3.text.StrLookup$1
[INFO] org.apache.commons.lang3.text.StrLookup$MapStrLookup
[INFO] org.apache.commons.lang3.text.StrLookup$SystemPropertiesStrLookup
[INFO] org.apache.commons.lang3.text.StrLookup
[INFO] org.apache.commons.lang3.text.StrMatcher$CharMatcher
[INFO] org.apache.commons.lang3.text.StrMatcher$CharSetMatcher
[INFO] org.apache.commons.lang3.text.StrMatcher$NoMatcher
[INFO] org.apache.commons.lang3.text.StrMatcher$StringMatcher
[INFO] org.apache.commons.lang3.text.StrMatcher$TrimMatcher
[INFO] org.apache.commons.lang3.text.StrMatcher
[INFO] org.apache.commons.lang3.text.StrSubstitutor
[INFO] org.apache.commons.lang3.text.translate.AggregateTranslator
[INFO] org.apache.commons.lang3.text.translate.CharSequenceTranslator
[INFO] org.apache.commons.lang3.text.translate.LookupTranslator
[INFO] org.apache.commons.lang3.text.translate.NumericEntityUnescaper$OPTION
[INFO] org.apache.commons.lang3.text.translate.OctalUnescaper
[INFO] org.apache.commons.lang3.text.translate.UnicodeEscaper
[INFO] org.apache.commons.lang3.text.translate.UnicodeUnpairedSurrogateRemover
[INFO] org.apache.commons.lang3.ThreadUtils$1
[INFO] org.apache.commons.lang3.ThreadUtils$ThreadPredicate
[INFO] org.apache.commons.lang3.time.DateFormatUtils
[INFO] org.apache.commons.lang3.time.DateUtils$ModifyType
[INFO] org.apache.commons.lang3.time.DurationFormatUtils
[INFO] org.apache.commons.lang3.time.FastDateParser$1
[INFO] org.apache.commons.lang3.time.FastDateParser$2
[INFO] org.apache.commons.lang3.time.FastDateParser$4
[INFO] org.apache.commons.lang3.time.FastDateParser$CaseInsensitiveTextStrategy
[INFO] org.apache.commons.lang3.time.FastDateParser$ISO8601TimeZoneStrategy
[INFO] org.apache.commons.lang3.time.FastDateParser$PatternStrategy
[INFO] org.apache.commons.lang3.time.FastDateParser$StrategyAndWidth
[INFO] org.apache.commons.lang3.time.FastDateParser$TimeZoneStrategy$TzInfo
[INFO] org.apache.commons.lang3.time.FastDateParser$TimeZoneStrategy
[INFO] org.apache.commons.lang3.time.FastDatePrinter$CharacterLiteral
[INFO] org.apache.commons.lang3.time.FastDatePrinter$DayInWeekField
[INFO] org.apache.commons.lang3.time.FastDatePrinter$Iso8601_Rule
[INFO] org.apache.commons.lang3.time.FastDatePrinter$NumberRule
[INFO] org.apache.commons.lang3.time.FastDatePrinter$Rule
[INFO] org.apache.commons.lang3.time.FastDatePrinter$StringLiteral
[INFO] org.apache.commons.lang3.time.FastDatePrinter$TimeZoneDisplayKey
[INFO] org.apache.commons.lang3.time.FastDatePrinter$TimeZoneNumberRule
[INFO] org.apache.commons.lang3.time.FastDatePrinter$TwentyFourHourField
[INFO] org.apache.commons.lang3.time.FastDatePrinter$TwoDigitNumberField
[INFO] org.apache.commons.lang3.time.FastDatePrinter$UnpaddedMonthField
[INFO] org.apache.commons.lang3.time.FastDatePrinter$WeekYear
[INFO] org.apache.commons.lang3.time.FormatCache$MultipartKey
[INFO] org.apache.commons.lang3.time.FormatCache
[INFO] org.apache.commons.lang3.time.StopWatch$SplitState
[INFO] org.apache.commons.lang3.time.StopWatch$State$1
[INFO] org.apache.commons.lang3.time.StopWatch$State$2
[INFO] org.apache.commons.lang3.time.StopWatch$State$3
[INFO] org.apache.commons.lang3.time.StopWatch$State
[INFO] org.apache.commons.lang3.tuple.ImmutablePair
[INFO] org.apache.commons.lang3.tuple.ImmutableTriple
[INFO] org.apache.commons.lang3.tuple.MutableTriple
[INFO] org.apache.commons.lang3.tuple.Triple
[INFO] org.apache.commons.lang3.Validate
[INFO] org.apache.commons.lang3.AnnotationUtils
[INFO] org.apache.commons.lang3.ArrayUtils
[INFO] org.apache.commons.lang3.builder.DiffBuilder$7
[INFO] org.apache.commons.lang3.builder.DiffResult
[INFO] org.apache.commons.lang3.builder.HashCodeBuilder
[INFO] org.apache.commons.lang3.builder.ReflectionToStringBuilder
[INFO] org.apache.commons.lang3.builder.ToStringStyle$JsonToStringStyle
[INFO] org.apache.commons.lang3.builder.ToStringStyle$SimpleToStringStyle
[INFO] org.apache.commons.lang3.CharRange$CharacterIterator
[INFO] org.apache.commons.lang3.CharSet
[INFO] org.apache.commons.lang3.ClassUtils$1$1
[INFO] org.apache.commons.lang3.ClassUtils$Interfaces
[INFO] org.apache.commons.lang3.concurrent.AbstractCircuitBreaker$State$2
[INFO] org.apache.commons.lang3.concurrent.AbstractCircuitBreaker$State
[INFO] org.apache.commons.lang3.concurrent.BackgroundInitializer
[INFO] org.apache.commons.lang3.concurrent.CircuitBreakingException
[INFO] org.apache.commons.lang3.concurrent.ConcurrentRuntimeException
[INFO] org.apache.commons.lang3.concurrent.EventCountCircuitBreaker$1
[INFO] org.apache.commons.lang3.concurrent.LazyInitializer
[INFO] org.apache.commons.lang3.concurrent.MultiBackgroundInitializer$MultiBackgroundInitializerResults
[INFO] org.apache.commons.lang3.concurrent.ThresholdCircuitBreaker
[INFO] org.apache.commons.lang3.concurrent.TimedSemaphore$1
[INFO] org.apache.commons.lang3.Conversion
[INFO] org.apache.commons.lang3.event.EventUtils
[INFO] org.apache.commons.lang3.exception.ExceptionContext
[INFO] org.apache.commons.lang3.LocaleUtils$SyncAvoid
[INFO] org.apache.commons.lang3.math.IEEE754rUtils
[INFO] org.apache.commons.lang3.mutable.MutableBoolean
[INFO] org.apache.commons.lang3.AnnotationUtils$1
[INFO] org.apache.commons.lang3.arch.Processor$Arch
[INFO] org.apache.commons.lang3.ArrayUtils$1
[INFO] org.apache.commons.lang3.builder.Builder
[INFO] org.apache.commons.lang3.builder.Diff
[INFO] org.apache.commons.lang3.builder.DiffBuilder$1
[INFO] org.apache.commons.lang3.builder.DiffBuilder$14
[INFO] org.apache.commons.lang3.builder.DiffBuilder$15
[INFO] org.apache.commons.lang3.builder.DiffBuilder$6
[INFO] org.apache.commons.lang3.builder.DiffBuilder
[INFO] org.apache.commons.lang3.builder.HashCodeExclude
[INFO] org.apache.commons.lang3.builder.RecursiveToStringStyle
[INFO] org.apache.commons.lang3.builder.ToStringBuilder
[INFO] org.apache.commons.lang3.builder.ToStringStyle$ShortPrefixToStringStyle
[INFO] org.apache.commons.lang3.CharRange$1
[INFO] org.apache.commons.lang3.CharSequenceUtils
[INFO] org.apache.commons.lang3.ClassPathUtils
[INFO] org.apache.commons.lang3.ClassUtils$2$1
[INFO] org.apache.commons.lang3.concurrent.AbstractCircuitBreaker$1
[INFO] org.apache.commons.lang3.concurrent.AbstractCircuitBreaker
[INFO] org.apache.commons.lang3.concurrent.BackgroundInitializer$InitializationTask
[INFO] org.apache.commons.lang3.concurrent.BasicThreadFactory
[INFO] org.apache.commons.lang3.concurrent.ConcurrentException
[INFO] org.apache.commons.lang3.concurrent.ConcurrentUtils
[INFO] org.apache.commons.lang3.concurrent.EventCountCircuitBreaker$StateStrategyClosed
[INFO] org.apache.commons.lang3.concurrent.Memoizer$1
[INFO] org.apache.commons.lang3.concurrent.MultiBackgroundInitializer$1
[INFO] org.apache.commons.lang3.concurrent.MultiBackgroundInitializer
[INFO] org.apache.commons.lang3.concurrent.TimedSemaphore
[INFO] org.apache.commons.lang3.event.EventListenerSupport
[INFO] org.apache.commons.lang3.exception.DefaultExceptionContext
[INFO] org.apache.commons.lang3.LocaleUtils
[INFO] org.apache.commons.lang3.mutable.Mutable
[INFO] org.apache.commons.lang3.mutable.MutableDouble
[INFO] org.apache.commons.lang3.mutable.MutableInt
[INFO] org.apache.commons.lang3.mutable.MutableShort
[INFO] org.apache.commons.lang3.ObjectUtils
[INFO] org.apache.commons.lang3.Range
[INFO] org.apache.commons.lang3.reflect.InheritanceUtils
[INFO] org.apache.commons.lang3.reflect.MemberUtils
[INFO] org.apache.commons.lang3.reflect.TypeLiteral
[INFO] org.apache.commons.lang3.reflect.TypeUtils$GenericArrayTypeImpl
[INFO] org.apache.commons.lang3.reflect.TypeUtils$WildcardTypeBuilder
[INFO] org.apache.commons.lang3.reflect.TypeUtils
[INFO] org.apache.commons.lang3.text.CompositeFormat
[INFO] org.apache.commons.lang3.text.FormatFactory
[INFO] org.apache.commons.lang3.text.FormattableUtils
[INFO] org.apache.commons.lang3.text.StrBuilder$StrBuilderReader
[INFO] org.apache.commons.lang3.text.StrBuilder$StrBuilderTokenizer
[INFO] org.apache.commons.lang3.text.StrBuilder
[INFO] org.apache.commons.lang3.text.StrTokenizer
[INFO] org.apache.commons.lang3.text.translate.EntityArrays
[INFO] org.apache.commons.lang3.ThreadUtils$AlwaysTruePredicate
[INFO] org.apache.commons.lang3.ThreadUtils$NamePredicate
[INFO] org.apache.commons.lang3.ThreadUtils$ThreadIdPredicate
[INFO] org.apache.commons.lang3.time.DateParser
[INFO] org.apache.commons.lang3.time.DatePrinter
[INFO] org.apache.commons.lang3.time.DateUtils$DateIterator
[INFO] org.apache.commons.lang3.time.DurationFormatUtils$Token
[INFO] org.apache.commons.lang3.time.FastDateFormat$1
[INFO] org.apache.commons.lang3.time.FastDateFormat
[INFO] org.apache.commons.lang3.time.FastDateParser$3
[INFO] org.apache.commons.lang3.time.FastDateParser$6
[INFO] org.apache.commons.lang3.time.FastDatePrinter$TwoDigitMonthField
[INFO] org.apache.commons.lang3.time.FastDatePrinter$TwoDigitYearField
[INFO] org.apache.commons.lang3.time.FastDatePrinter$UnpaddedNumberField
[INFO] org.apache.commons.lang3.time.FastDatePrinter
[INFO] Tests run: 2, Failures: 0, Errors: 0, Skipped: 0, Time elapsed: 0.443 s - in org.apache.maven.plugins.dependency.TestListClassesMojo
[INFO] Running org.apache.maven.plugins.dependency.AbstractDependencyMojoTest
[INFO] Tests run: 4, Failures: 0, Errors: 0, Skipped: 0, Time elapsed: 0.092 s - in org.apache.maven.plugins.dependency.AbstractDependencyMojoTest
[INFO] Running org.apache.maven.plugins.dependency.TestSkip
[INFO] Tests run: 19, Failures: 0, Errors: 0, Skipped: 0, Time elapsed: 0.884 s - in org.apache.maven.plugins.dependency.TestSkip
[INFO] Running org.apache.maven.plugins.dependency.analyze.TestAnalyzeDuplicateMojo
[INFO] Tests run: 2, Failures: 0, Errors: 0, Skipped: 0, Time elapsed: 0.085 s - in org.apache.maven.plugins.dependency.analyze.TestAnalyzeDuplicateMojo
[INFO] Running org.apache.maven.plugins.dependency.analyze.TestAnalyzeDepMgt
[info] Found Resolved Dependency/DependencyManagement mismatches:
[info] 	Nothing in DepMgt.
[info] Found Resolved Dependency/DependencyManagement mismatches:
[info] testGroupId:release:jar was excluded in DepMgt, but version 1.0 has been found in the dependency tree.
[info] 	Dependency: testGroupId:release:jar
[info] 		DepMgt  : 3.0
[info] 		Resolved: 1.0
[warn] Potential problems found in Dependency Management 
[info] Found Resolved Dependency/DependencyManagement mismatches:
[info] testGroupId:release:jar was excluded in DepMgt, but version 1.0 has been found in the dependency tree.
[info] 	Dependency: testGroupId:release:jar
[info] 		DepMgt  : 3.0
[info] 		Resolved: 1.0
[info] Found Resolved Dependency/DependencyManagement mismatches:
[info] 	Ignoring Direct Dependencies.
[info] 	None
[INFO] Tests run: 5, Failures: 0, Errors: 0, Skipped: 0, Time elapsed: 0 s - in org.apache.maven.plugins.dependency.analyze.TestAnalyzeDepMgt
[INFO] Running org.apache.maven.plugins.dependency.fromConfiguration.TestUnpackMojo
[INFO] Tests run: 18, Failures: 0, Errors: 0, Skipped: 0, Time elapsed: 1.573 s - in org.apache.maven.plugins.dependency.fromConfiguration.TestUnpackMojo
[INFO] Running org.apache.maven.plugins.dependency.fromConfiguration.TestIncludeExcludeUnpackMojo
[INFO] Configured Artifact: test:test:1.0:jar
[INFO] Unpacking /home/gabsko/breaking-updates/target/unit-tests/unpack/localTestRepo/test/test/1.0/test-1.0.jar to /home/gabsko/breaking-updates/target/unit-tests/unpack/outputDirectory with includes "" and excludes ""
[INFO] Configured Artifact: test:test:1.0:jar
[INFO] Unpacking /home/gabsko/breaking-updates/target/unit-tests/unpack/localTestRepo/test/test/1.0/test-1.0.jar to /home/gabsko/breaking-updates/target/unit-tests/unpack/outputDirectory with includes "**/*" and excludes ""
[INFO] Configured Artifact: test:test:1.0:jar
[INFO] Unpacking /home/gabsko/breaking-updates/target/unit-tests/unpack/localTestRepo/test/test/1.0/test-1.0.jar to /home/gabsko/breaking-updates/target/unit-tests/unpack/outputDirectory with includes "**/*1.txt" and excludes ""
[INFO] Configured Artifact: test:test:1.0:jar
[INFO] Unpacking /home/gabsko/breaking-updates/target/unit-tests/unpack/localTestRepo/test/test/1.0/test-1.0.jar to /home/gabsko/breaking-updates/target/unit-tests/unpack/outputDirectory with includes "" and excludes "**/*"
[INFO] Configured Artifact: test:test:1.0:jar
[INFO] Unpacking /home/gabsko/breaking-updates/target/unit-tests/unpack/localTestRepo/test/test/1.0/test-1.0.jar to /home/gabsko/breaking-updates/target/unit-tests/unpack/outputDirectory with includes "" and excludes "**/*"
[INFO] Configured Artifact: test:test:1.0:jar
[INFO] Unpacking /home/gabsko/breaking-updates/target/unit-tests/unpack/localTestRepo/test/test/1.0/test-1.0.jar to /home/gabsko/breaking-updates/target/unit-tests/unpack/outputDirectory with includes "**/*" and excludes ""
[INFO] Configured Artifact: test:test:1.0:jar
[INFO] Configured Artifact: test:test:1.0:jar
[INFO] Unpacking /home/gabsko/breaking-updates/target/unit-tests/unpack/localTestRepo/test/test/1.0/test-1.0.jar to /home/gabsko/breaking-updates/target/unit-tests/unpack/outputDirectory with includes "**/test2.txt" and excludes ""
[INFO] Unpacking /home/gabsko/breaking-updates/target/unit-tests/unpack/localTestRepo/test/test/1.0/test-1.0.jar to /home/gabsko/breaking-updates/target/unit-tests/unpack/outputDirectory with includes "**/test3.txt" and excludes ""
[INFO] Configured Artifact: test:test:1.0:jar
[INFO] Unpacking /home/gabsko/breaking-updates/target/unit-tests/unpack/localTestRepo/test/test/1.0/test-1.0.jar to /home/gabsko/breaking-updates/target/unit-tests/unpack/outputDirectory with includes "**/test2.txt" and excludes ""
[INFO] Configured Artifact: test:test:1.0:jar
[INFO] Unpacking /home/gabsko/breaking-updates/target/unit-tests/unpack/localTestRepo/test/test/1.0/test-1.0.jar to /home/gabsko/breaking-updates/target/unit-tests/unpack/outputDirectory with includes "" and excludes "**/test2.txt"
[INFO] Configured Artifact: test:test:1.0:jar
[INFO] Configured Artifact: test:test:1.0:jar
[INFO] Unpacking /home/gabsko/breaking-updates/target/unit-tests/unpack/localTestRepo/test/test/1.0/test-1.0.jar to /home/gabsko/breaking-updates/target/unit-tests/unpack/outputDirectory with includes "**/test2.txt" and excludes ""
[INFO] Unpacking /home/gabsko/breaking-updates/target/unit-tests/unpack/localTestRepo/test/test/1.0/test-1.0.jar to /home/gabsko/breaking-updates/target/unit-tests/unpack/outputDirectory with includes "**/test3.txt" and excludes ""
[INFO] Configured Artifact: test:test:1.0:jar
[INFO] Configured Artifact: test:test:1.0:jar
[INFO] test-1.0.jar already unpacked.
[INFO] test-1.0.jar already unpacked.
[INFO] Configured Artifact: test:test:1.0:jar
[INFO] Unpacking /home/gabsko/breaking-updates/target/unit-tests/unpack/localTestRepo/test/test/1.0/test-1.0.jar to /home/gabsko/breaking-updates/target/unit-tests/unpack/outputDirectory with includes "" and excludes "**/*1.txt"
[INFO] Tests run: 11, Failures: 0, Errors: 0, Skipped: 0, Time elapsed: 1.518 s - in org.apache.maven.plugins.dependency.fromConfiguration.TestIncludeExcludeUnpackMojo
[INFO] Running org.apache.maven.plugins.dependency.fromConfiguration.TestArtifactItem
[INFO] Tests run: 2, Failures: 0, Errors: 0, Skipped: 0, Time elapsed: 0.162 s - in org.apache.maven.plugins.dependency.fromConfiguration.TestArtifactItem
[INFO] Running org.apache.maven.plugins.dependency.fromConfiguration.TestCopyMojo
[INFO] Tests run: 30, Failures: 0, Errors: 0, Skipped: 0, Time elapsed: 1.75 s - in org.apache.maven.plugins.dependency.fromConfiguration.TestCopyMojo
[INFO] Running org.apache.maven.plugins.dependency.TestCollectMojo
[INFO] Tests run: 3, Failures: 0, Errors: 0, Skipped: 0, Time elapsed: 0.126 s - in org.apache.maven.plugins.dependency.TestCollectMojo
[INFO] Running org.apache.maven.plugins.dependency.tree.VerboseGraphSerializerTest
[INFO] Tests run: 9, Failures: 0, Errors: 0, Skipped: 0, Time elapsed: 0.345 s - in org.apache.maven.plugins.dependency.tree.VerboseGraphSerializerTest
[INFO] Running org.apache.maven.plugins.dependency.tree.TestTreeMojo
[INFO] Tests run: 1, Failures: 0, Errors: 0, Skipped: 0, Time elapsed: 0.033 s - in org.apache.maven.plugins.dependency.tree.TestTreeMojo
[INFO] Running org.apache.maven.plugins.dependency.tree.TestTreeMojo_ContainsVersion
[INFO] Tests run: 1, Failures: 0, Errors: 0, Skipped: 0, Time elapsed: 0.02 s - in org.apache.maven.plugins.dependency.tree.TestTreeMojo_ContainsVersion
[INFO] Running org.apache.maven.plugins.dependency.fromDependencies.TestCopyDependenciesMojo
[INFO] Tests run: 32, Failures: 0, Errors: 0, Skipped: 0, Time elapsed: 1.68 s - in org.apache.maven.plugins.dependency.fromDependencies.TestCopyDependenciesMojo
[INFO] Running org.apache.maven.plugins.dependency.fromDependencies.TestIncludeExcludeUnpackDependenciesMojo
[INFO] Tests run: 7, Failures: 0, Errors: 0, Skipped: 0, Time elapsed: 0.832 s - in org.apache.maven.plugins.dependency.fromDependencies.TestIncludeExcludeUnpackDependenciesMojo
[INFO] Running org.apache.maven.plugins.dependency.fromDependencies.TestCopyDependenciesMojo2
[INFO] Tests run: 11, Failures: 0, Errors: 0, Skipped: 0, Time elapsed: 0.552 s - in org.apache.maven.plugins.dependency.fromDependencies.TestCopyDependenciesMojo2
[INFO] Running org.apache.maven.plugins.dependency.fromDependencies.TestUnpackDependenciesMojo2
[INFO] Tests run: 5, Failures: 0, Errors: 0, Skipped: 0, Time elapsed: 6.3 s - in org.apache.maven.plugins.dependency.fromDependencies.TestUnpackDependenciesMojo2
[INFO] Running org.apache.maven.plugins.dependency.fromDependencies.TestUnpackDependenciesMojo
[INFO] Tests run: 28, Failures: 0, Errors: 0, Skipped: 0, Time elapsed: 4.3 s - in org.apache.maven.plugins.dependency.fromDependencies.TestUnpackDependenciesMojo
[INFO] Running org.apache.maven.plugins.dependency.fromDependencies.TestBuildClasspathMojo
[INFO] Dependencies classpath:
/home/gabsko/breaking-updates/target/unit-tests/build-classpath/localTestRepo/release-1.0.jar:/home/gabsko/breaking-updates/target/unit-tests/build-classpath/localTestRepo/runtime-1.0.jar:/home/gabsko/breaking-updates/target/unit-tests/build-classpath/localTestRepo/compile-1.0.jar:/home/gabsko/breaking-updates/target/unit-tests/build-classpath/localTestRepo/provided-1.0.jar:/home/gabsko/breaking-updates/target/unit-tests/build-classpath/localTestRepo/test-1.0.jar:/home/gabsko/breaking-updates/target/unit-tests/build-classpath/localTestRepo/snapshot-2.0-SNAPSHOT.jar:/home/gabsko/breaking-updates/target/unit-tests/build-classpath/localTestRepo/system-1.0.jar
[INFO] Wrote classpath file '/home/gabsko/breaking-updates/target/unit-tests/build-classpath/buildClasspath.txt'.
[INFO] Wrote classpath file '/home/gabsko/breaking-updates/target/unit-tests/build-classpath/buildClasspath.txt'.
[INFO] Skipped writing classpath file '/home/gabsko/breaking-updates/target/unit-tests/build-classpath/buildClasspath.txt'.  No changes found.
[INFO] Tests run: 2, Failures: 0, Errors: 0, Skipped: 0, Time elapsed: 0.072 s - in org.apache.maven.plugins.dependency.fromDependencies.TestBuildClasspathMojo
[INFO] 
[INFO] Results:
[INFO] 
[INFO] Tests run: 266, Failures: 0, Errors: 0, Skipped: 0
[INFO] 
[INFO] ------------------------------------------------------------------------
[INFO] BUILD SUCCESS
[INFO] ------------------------------------------------------------------------
[INFO] Total time:  32.053 s
[INFO] Finished at: 2023-01-13T14:29:36Z
[INFO] ------------------------------------------------------------------------
