[INFO] Scanning for projects...
[INFO] Inspecting build with total of 14 modules...
[INFO] Installing Nexus Staging features:
[INFO]   ... total of 14 executions of maven-deploy-plugin replaced with nexus-staging-maven-plugin
[INFO] ------------------------------------------------------------------------
[INFO] Detecting the operating system and CPU architecture
[INFO] ------------------------------------------------------------------------
[INFO] os.detected.name: linux
[INFO] os.detected.arch: x86_64
[INFO] os.detected.bitness: 64
[INFO] os.detected.version: 5.4
[INFO] os.detected.version.major: 5
[INFO] os.detected.version.minor: 4
[INFO] os.detected.release: ubuntu
[INFO] os.detected.release.version: 18.04
[INFO] os.detected.release.like.ubuntu: true
[INFO] os.detected.release.like.debian: true
[INFO] os.detected.classifier: linux-x86_64
[INFO] ------------------------------------------------------------------------
[INFO] Reactor Build Order:
[INFO] 
[INFO] Parent for the Google HTTP Client Library for Java                 [pom]
[INFO] Google HTTP Client Library for Java                                [jar]
[INFO] Android Platform Extensions to the Google HTTP Client Library for Java. [jar]
[INFO] Apache HTTP transport v2 for the Google HTTP Client Library for Java. [jar]
[INFO] Shared classes used for testing of artifacts in the Google HTTP Client Library for Java. [jar]
[INFO] Google App Engine extensions to the Google HTTP Client Library for Java. [jar]
[INFO] GSON extensions to the Google HTTP Client Library for Java.        [jar]
[INFO] Jackson 2 extensions to the Google HTTP Client Library for Java.   [jar]
[INFO] Protocol Buffer extensions to the Google HTTP Client Library for Java. [jar]
[INFO] XML extensions to the Google HTTP Client Library for Java.         [jar]
[INFO] Assembly for the Google HTTP Client Library for Java               [pom]
[INFO] Google APIs Client Library Findbugs custom plugin.                 [jar]
[INFO] Simple example for the Dailymotion API.                            [jar]
[INFO] Google HTTP Client Library for Java BOM                            [pom]
[INFO] 
[INFO] ----------< com.google.http-client:google-http-client-parent >----------
[INFO] Building Parent for the Google HTTP Client Library for Java 1.41.8-SNAPSHOT [1/14]
[INFO] --------------------------------[ pom ]---------------------------------
[INFO] 
[INFO] --- maven-clean-plugin:2.5:clean (default-clean) @ google-http-client-parent ---
[INFO] 
[INFO] --- maven-enforcer-plugin:3.0.0-M3:enforce (enforce-maven) @ google-http-client-parent ---
[INFO] 
[INFO] --- animal-sniffer-maven-plugin:1.21:check (java7) @ google-http-client-parent ---
[INFO] Checking unresolved references to org.codehaus.mojo.signature:java17:1.0
[INFO] 
[INFO] --- animal-sniffer-maven-plugin:1.21:check (android) @ google-http-client-parent ---
[INFO] Checking unresolved references to net.sf.androidscents.signature:android-api-level-19:4.4.2_r4
[INFO] 
[INFO] -------------< com.google.http-client:google-http-client >--------------
[INFO] Building Google HTTP Client Library for Java 1.41.8-SNAPSHOT      [2/14]
[INFO] --------------------------------[ jar ]---------------------------------
[INFO] 
[INFO] --- maven-clean-plugin:2.5:clean (default-clean) @ google-http-client ---
[INFO] Deleting /home/gabsko/breaking-updates/google-http-client/target
[INFO] 
[INFO] --- maven-enforcer-plugin:3.0.0-M3:enforce (enforce-maven) @ google-http-client ---
[INFO] 
[INFO] --- maven-resources-plugin:3.2.0:resources (default-resources) @ google-http-client ---
[INFO] Using 'UTF-8' encoding to copy filtered resources.
[INFO] Using 'UTF-8' encoding to copy filtered properties files.
[INFO] Copying 1 resource
[INFO] The encoding used to copy filtered properties files have not been set. This means that the same encoding will be used to copy filtered properties files as when copying other filtered resources. This might not be what you want! Run your build with --debug to see which files might be affected. Read more at https://maven.apache.org/plugins/maven-resources-plugin/examples/filtering-properties-files.html
[INFO] 
[INFO] --- maven-resources-plugin:3.2.0:resources (default) @ google-http-client ---
[INFO] Using 'UTF-8' encoding to copy filtered resources.
[INFO] Using 'UTF-8' encoding to copy filtered properties files.
[INFO] Copying 1 resource
[INFO] The encoding used to copy filtered properties files have not been set. This means that the same encoding will be used to copy filtered properties files as when copying other filtered resources. This might not be what you want! Run your build with --debug to see which files might be affected. Read more at https://maven.apache.org/plugins/maven-resources-plugin/examples/filtering-properties-files.html
[INFO] 
[INFO] --- maven-compiler-plugin:3.10.1:compile (default-compile) @ google-http-client ---
[INFO] Changes detected - recompiling the module!
[INFO] Compiling 157 source files to /home/gabsko/breaking-updates/google-http-client/target/classes
[INFO] /home/gabsko/breaking-updates/google-http-client/src/main/java/com/google/api/client/http/HttpEncoding.java: Some input files use or override a deprecated API.
[INFO] /home/gabsko/breaking-updates/google-http-client/src/main/java/com/google/api/client/http/HttpEncoding.java: Recompile with -Xlint:deprecation for details.
[INFO] /home/gabsko/breaking-updates/google-http-client/src/main/java/com/google/api/client/util/store/FileDataStoreFactory.java: Some input files use unchecked or unsafe operations.
[INFO] /home/gabsko/breaking-updates/google-http-client/src/main/java/com/google/api/client/util/store/FileDataStoreFactory.java: Recompile with -Xlint:unchecked for details.
[INFO] 
[INFO] >>> maven-source-plugin:3.2.1:jar (source-jar) > generate-sources @ google-http-client >>>
[INFO] 
[INFO] --- maven-enforcer-plugin:3.0.0-M3:enforce (enforce-maven) @ google-http-client ---
[INFO] 
[INFO] <<< maven-source-plugin:3.2.1:jar (source-jar) < generate-sources @ google-http-client <<<
[INFO] 
[INFO] 
[INFO] --- maven-source-plugin:3.2.1:jar (source-jar) @ google-http-client ---
[INFO] Building jar: /home/gabsko/breaking-updates/google-http-client/target/google-http-client-1.41.8-SNAPSHOT-sources.jar
[INFO] 
[INFO] --- maven-bundle-plugin:5.1.4:manifest (bundle-manifest) @ google-http-client ---
[INFO] Writing manifest: /home/gabsko/breaking-updates/google-http-client/target/classes/META-INF/MANIFEST.MF
[INFO] 
[INFO] --- maven-resources-plugin:3.2.0:testResources (default-testResources) @ google-http-client ---
[INFO] Using 'UTF-8' encoding to copy filtered resources.
[INFO] Using 'UTF-8' encoding to copy filtered properties files.
[INFO] Copying 6 resources
[INFO] 
[INFO] --- maven-compiler-plugin:3.10.1:testCompile (default-testCompile) @ google-http-client ---
[INFO] Changes detected - recompiling the module!
[INFO] Compiling 59 source files to /home/gabsko/breaking-updates/google-http-client/target/test-classes
[INFO] /home/gabsko/breaking-updates/google-http-client/src/test/java/com/google/api/client/http/javanet/NetHttpTransportTest.java: Some input files use or override a deprecated API.
[INFO] /home/gabsko/breaking-updates/google-http-client/src/test/java/com/google/api/client/http/javanet/NetHttpTransportTest.java: Recompile with -Xlint:deprecation for details.
[INFO] 
[INFO] --- animal-sniffer-maven-plugin:1.21:check (android) @ google-http-client ---
[INFO] Checking unresolved references to net.sf.androidscents.signature:android-api-level-19:4.4.2_r4
[INFO] 
[INFO] --- animal-sniffer-maven-plugin:1.21:check (java7) @ google-http-client ---
[INFO] Checking unresolved references to org.codehaus.mojo.signature:java17:1.0
[INFO] 
[INFO] --- maven-surefire-plugin:3.0.0-M6:test (default-test) @ google-http-client ---
[INFO] Using auto detected provider org.apache.maven.surefire.junit4.JUnit4Provider
[INFO] 
[INFO] -------------------------------------------------------
[INFO]  T E S T S
[INFO] -------------------------------------------------------
[INFO] Running com.google.api.client.json.webtoken.JsonWebSignatureTest
[INFO] Tests run: 9, Failures: 0, Errors: 0, Skipped: 0, Time elapsed: 0.124 s - in com.google.api.client.json.webtoken.JsonWebSignatureTest
[INFO] Running com.google.api.client.json.JsonObjectParserTest
[INFO] Tests run: 3, Failures: 0, Errors: 0, Skipped: 0, Time elapsed: 0 s - in com.google.api.client.json.JsonObjectParserTest
[INFO] Running com.google.api.client.json.JsonParserTest
[INFO] Tests run: 2, Failures: 0, Errors: 0, Skipped: 0, Time elapsed: 0.001 s - in com.google.api.client.json.JsonParserTest
[INFO] Running com.google.api.client.json.GenericJsonTest
[INFO] Tests run: 1, Failures: 0, Errors: 0, Skipped: 0, Time elapsed: 0 s - in com.google.api.client.json.GenericJsonTest
[INFO] Running com.google.api.client.http.OpenCensusUtilsTest
[INFO] Tests run: 19, Failures: 0, Errors: 0, Skipped: 0, Time elapsed: 0.056 s - in com.google.api.client.http.OpenCensusUtilsTest
[INFO] Running com.google.api.client.http.HttpHeadersTest
[INFO] Tests run: 9, Failures: 0, Errors: 0, Skipped: 0, Time elapsed: 0.004 s - in com.google.api.client.http.HttpHeadersTest
[INFO] Running com.google.api.client.http.EmptyContentTest
[INFO] Tests run: 1, Failures: 0, Errors: 0, Skipped: 0, Time elapsed: 0 s - in com.google.api.client.http.EmptyContentTest
[INFO] Running com.google.api.client.http.UriTemplateTest
[INFO] Tests run: 25, Failures: 0, Errors: 0, Skipped: 0, Time elapsed: 0.017 s - in com.google.api.client.http.UriTemplateTest
[INFO] Running com.google.api.client.http.HttpRequestFactoryTest
[INFO] Tests run: 1, Failures: 0, Errors: 0, Skipped: 0, Time elapsed: 0.002 s - in com.google.api.client.http.HttpRequestFactoryTest
[INFO] Running com.google.api.client.http.HttpStatusCodesTest
[INFO] Tests run: 2, Failures: 0, Errors: 0, Skipped: 0, Time elapsed: 0 s - in com.google.api.client.http.HttpStatusCodesTest
[INFO] Running com.google.api.client.http.GzipSupportTest
[INFO] Tests run: 1, Failures: 0, Errors: 0, Skipped: 0, Time elapsed: 0.004 s - in com.google.api.client.http.GzipSupportTest
[INFO] Running com.google.api.client.http.GZipEncodingTest
[INFO] Tests run: 1, Failures: 0, Errors: 0, Skipped: 0, Time elapsed: 0.002 s - in com.google.api.client.http.GZipEncodingTest
[INFO] Running com.google.api.client.http.HttpResponseTest
[INFO] Tests run: 25, Failures: 0, Errors: 0, Skipped: 0, Time elapsed: 0.046 s - in com.google.api.client.http.HttpResponseTest
[INFO] Running com.google.api.client.http.UrlEncodedParserTest
[INFO] Tests run: 6, Failures: 0, Errors: 0, Skipped: 0, Time elapsed: 0.001 s - in com.google.api.client.http.UrlEncodedParserTest
[INFO] Running com.google.api.client.http.BasicAuthenticationTest
[INFO] Tests run: 2, Failures: 0, Errors: 0, Skipped: 0, Time elapsed: 0 s - in com.google.api.client.http.BasicAuthenticationTest
[INFO] Running com.google.api.client.http.ByteArrayContentTest
[INFO] Tests run: 1, Failures: 0, Errors: 0, Skipped: 0, Time elapsed: 0 s - in com.google.api.client.http.ByteArrayContentTest
[INFO] Running com.google.api.client.http.javanet.NetHttpResponseTest
[INFO] Tests run: 3, Failures: 0, Errors: 0, Skipped: 0, Time elapsed: 0.001 s - in com.google.api.client.http.javanet.NetHttpResponseTest
[INFO] Running com.google.api.client.http.javanet.NetHttpRequestTest
[INFO] Tests run: 9, Failures: 0, Errors: 0, Skipped: 0, Time elapsed: 1.104 s - in com.google.api.client.http.javanet.NetHttpRequestTest
[INFO] Running com.google.api.client.http.javanet.NetHttpTransportTest
[INFO] Tests run: 7, Failures: 0, Errors: 0, Skipped: 0, Time elapsed: 0.149 s - in com.google.api.client.http.javanet.NetHttpTransportTest
[INFO] Running com.google.api.client.http.HttpRequestTracingTest
[INFO] Tests run: 2, Failures: 0, Errors: 0, Skipped: 0, Time elapsed: 8.603 s - in com.google.api.client.http.HttpRequestTracingTest
[INFO] Running com.google.api.client.http.ExponentialBackOffPolicyTest
[INFO] Tests run: 5, Failures: 0, Errors: 0, Skipped: 0, Time elapsed: 0.004 s - in com.google.api.client.http.ExponentialBackOffPolicyTest
[INFO] Running com.google.api.client.http.AbstractHttpContentTest
[INFO] Tests run: 2, Failures: 0, Errors: 0, Skipped: 0, Time elapsed: 0.001 s - in com.google.api.client.http.AbstractHttpContentTest
[INFO] Running com.google.api.client.http.HttpBackOffUnsuccessfulResponseHandlerTest
[INFO] Tests run: 4, Failures: 0, Errors: 0, Skipped: 0, Time elapsed: 0.505 s - in com.google.api.client.http.HttpBackOffUnsuccessfulResponseHandlerTest
[INFO] Running com.google.api.client.http.ConsumingInputStreamTest
[INFO] Tests run: 1, Failures: 0, Errors: 0, Skipped: 0, Time elapsed: 0.001 s - in com.google.api.client.http.ConsumingInputStreamTest
[INFO] Running com.google.api.client.http.HttpRequestTest
[INFO] Tests run: 44, Failures: 0, Errors: 0, Skipped: 0, Time elapsed: 0.055 s - in com.google.api.client.http.HttpRequestTest
[INFO] Running com.google.api.client.http.HttpEncodingStreamingContentTest
[INFO] Tests run: 1, Failures: 0, Errors: 0, Skipped: 0, Time elapsed: 0.001 s - in com.google.api.client.http.HttpEncodingStreamingContentTest
[INFO] Running com.google.api.client.http.HttpBackOffIOExpcetionHandlerTest
[INFO] Tests run: 2, Failures: 0, Errors: 0, Skipped: 0, Time elapsed: 0.494 s - in com.google.api.client.http.HttpBackOffIOExpcetionHandlerTest
[INFO] Running com.google.api.client.http.HttpMediaTypeTest
[INFO] Tests run: 23, Failures: 0, Errors: 0, Skipped: 0, Time elapsed: 0.019 s - in com.google.api.client.http.HttpMediaTypeTest
[INFO] Running com.google.api.client.http.UrlEncodedContentTest
[INFO] Tests run: 3, Failures: 0, Errors: 0, Skipped: 0, Time elapsed: 0 s - in com.google.api.client.http.UrlEncodedContentTest
[INFO] Running com.google.api.client.http.HttpResponseExceptionTest
java.nio.charset.UnsupportedCharsetException: invalid-charset
	at java.base/java.nio.charset.Charset.forName(Charset.java:529)
	at com.google.api.client.http.HttpMediaType.getCharsetParameter(HttpMediaType.java:327)
	at com.google.api.client.http.HttpResponse.getContentCharset(HttpResponse.java:526)
	at com.google.api.client.http.HttpResponse.parseAsString(HttpResponse.java:514)
	at com.google.api.client.http.HttpResponseException$Builder.<init>(HttpResponseException.java:180)
	at com.google.api.client.http.HttpRequest.execute(HttpRequest.java:1116)
	at com.google.api.client.http.HttpResponseExceptionTest$15.run(HttpResponseExceptionTest.java:322)
	at org.junit.Assert.assertThrows(Assert.java:1001)
	at org.junit.Assert.assertThrows(Assert.java:981)
	at com.google.api.client.http.HttpResponseExceptionTest.testUnsupportedCharset(HttpResponseExceptionTest.java:317)
	at java.base/jdk.internal.reflect.NativeMethodAccessorImpl.invoke0(Native Method)
	at java.base/jdk.internal.reflect.NativeMethodAccessorImpl.invoke(NativeMethodAccessorImpl.java:62)
	at java.base/jdk.internal.reflect.DelegatingMethodAccessorImpl.invoke(DelegatingMethodAccessorImpl.java:43)
	at java.base/java.lang.reflect.Method.invoke(Method.java:566)
	at junit.framework.TestCase.runTest(TestCase.java:177)
	at junit.framework.TestCase.runBare(TestCase.java:142)
	at junit.framework.TestResult$1.protect(TestResult.java:122)
	at junit.framework.TestResult.runProtected(TestResult.java:142)
	at junit.framework.TestResult.run(TestResult.java:125)
	at junit.framework.TestCase.run(TestCase.java:130)
	at junit.framework.TestSuite.runTest(TestSuite.java:241)
	at junit.framework.TestSuite.run(TestSuite.java:236)
	at org.junit.internal.runners.JUnit38ClassRunner.run(JUnit38ClassRunner.java:90)
	at org.apache.maven.surefire.junit4.JUnit4Provider.execute(JUnit4Provider.java:377)
	at org.apache.maven.surefire.junit4.JUnit4Provider.executeWithRerun(JUnit4Provider.java:284)
	at org.apache.maven.surefire.junit4.JUnit4Provider.executeTestSet(JUnit4Provider.java:248)
	at org.apache.maven.surefire.junit4.JUnit4Provider.invoke(JUnit4Provider.java:167)
	at org.apache.maven.surefire.booter.ForkedBooter.runSuitesInProcess(ForkedBooter.java:456)
	at org.apache.maven.surefire.booter.ForkedBooter.execute(ForkedBooter.java:169)
	at org.apache.maven.surefire.booter.ForkedBooter.run(ForkedBooter.java:595)
	at org.apache.maven.surefire.booter.ForkedBooter.main(ForkedBooter.java:581)
java.nio.charset.IllegalCharsetNameException: 
	at java.base/java.nio.charset.Charset.checkName(Charset.java:296)
	at java.base/java.nio.charset.Charset.lookup2(Charset.java:482)
	at java.base/java.nio.charset.Charset.lookup(Charset.java:462)
	at java.base/java.nio.charset.Charset.forName(Charset.java:526)
	at com.google.api.client.http.HttpMediaType.getCharsetParameter(HttpMediaType.java:327)
	at com.google.api.client.http.HttpResponse.getContentCharset(HttpResponse.java:526)
	at com.google.api.client.http.HttpResponse.parseAsString(HttpResponse.java:514)
	at com.google.api.client.http.HttpResponseException$Builder.<init>(HttpResponseException.java:180)
	at com.google.api.client.http.HttpRequest.execute(HttpRequest.java:1116)
	at com.google.api.client.http.HttpResponseExceptionTest$10.run(HttpResponseExceptionTest.java:243)
	at org.junit.Assert.assertThrows(Assert.java:1001)
	at org.junit.Assert.assertThrows(Assert.java:981)
	at com.google.api.client.http.HttpResponseExceptionTest.testInvalidCharset(HttpResponseExceptionTest.java:238)
	at java.base/jdk.internal.reflect.NativeMethodAccessorImpl.invoke0(Native Method)
	at java.base/jdk.internal.reflect.NativeMethodAccessorImpl.invoke(NativeMethodAccessorImpl.java:62)
	at java.base/jdk.internal.reflect.DelegatingMethodAccessorImpl.invoke(DelegatingMethodAccessorImpl.java:43)
	at java.base/java.lang.reflect.Method.invoke(Method.java:566)
	at junit.framework.TestCase.runTest(TestCase.java:177)
	at junit.framework.TestCase.runBare(TestCase.java:142)
	at junit.framework.TestResult$1.protect(TestResult.java:122)
	at junit.framework.TestResult.runProtected(TestResult.java:142)
	at junit.framework.TestResult.run(TestResult.java:125)
	at junit.framework.TestCase.run(TestCase.java:130)
	at junit.framework.TestSuite.runTest(TestSuite.java:241)
	at junit.framework.TestSuite.run(TestSuite.java:236)
	at org.junit.internal.runners.JUnit38ClassRunner.run(JUnit38ClassRunner.java:90)
	at org.apache.maven.surefire.junit4.JUnit4Provider.execute(JUnit4Provider.java:377)
	at org.apache.maven.surefire.junit4.JUnit4Provider.executeWithRerun(JUnit4Provider.java:284)
	at org.apache.maven.surefire.junit4.JUnit4Provider.executeTestSet(JUnit4Provider.java:248)
	at org.apache.maven.surefire.junit4.JUnit4Provider.invoke(JUnit4Provider.java:167)
	at org.apache.maven.surefire.booter.ForkedBooter.runSuitesInProcess(ForkedBooter.java:456)
	at org.apache.maven.surefire.booter.ForkedBooter.execute(ForkedBooter.java:169)
	at org.apache.maven.surefire.booter.ForkedBooter.run(ForkedBooter.java:595)
	at org.apache.maven.surefire.booter.ForkedBooter.main(ForkedBooter.java:581)
[INFO] Tests run: 11, Failures: 0, Errors: 0, Skipped: 0, Time elapsed: 0.57 s - in com.google.api.client.http.HttpResponseExceptionTest
[INFO] Running com.google.api.client.http.GenericUrlTest
[INFO] Tests run: 44, Failures: 0, Errors: 0, Skipped: 0, Time elapsed: 0.004 s - in com.google.api.client.http.GenericUrlTest
[INFO] Running com.google.api.client.http.MultipartContentTest
[INFO] Tests run: 2, Failures: 0, Errors: 0, Skipped: 0, Time elapsed: 0.001 s - in com.google.api.client.http.MultipartContentTest
[INFO] Running com.google.api.client.testing.http.MockHttpTransportTest
[INFO] Tests run: 1, Failures: 0, Errors: 0, Skipped: 0, Time elapsed: 0.001 s - in com.google.api.client.testing.http.MockHttpTransportTest
[INFO] Running com.google.api.client.testing.http.javanet.MockHttpUrlConnectionTest
[INFO] Tests run: 4, Failures: 0, Errors: 0, Skipped: 0, Time elapsed: 0 s - in com.google.api.client.testing.http.javanet.MockHttpUrlConnectionTest
[INFO] Running com.google.api.client.testing.http.MockLowLevelHttpRequestTest
[INFO] Tests run: 1, Failures: 0, Errors: 0, Skipped: 0, Time elapsed: 0 s - in com.google.api.client.testing.http.MockLowLevelHttpRequestTest
[INFO] Running com.google.api.client.testing.http.FixedClockTest
[INFO] Tests run: 1, Failures: 0, Errors: 0, Skipped: 0, Time elapsed: 0.001 s - in com.google.api.client.testing.http.FixedClockTest
[INFO] Running com.google.api.client.testing.util.MockBackOffTest
[INFO] Tests run: 1, Failures: 0, Errors: 0, Skipped: 0, Time elapsed: 0.001 s - in com.google.api.client.testing.util.MockBackOffTest
[INFO] Running com.google.api.client.util.LoggingStreamingContentTest
[INFO] Tests run: 2, Failures: 0, Errors: 0, Skipped: 0, Time elapsed: 0 s - in com.google.api.client.util.LoggingStreamingContentTest
[INFO] Running com.google.api.client.util.SecurityUtilsTest
[INFO] Tests run: 8, Failures: 0, Errors: 0, Skipped: 0, Time elapsed: 0.014 s - in com.google.api.client.util.SecurityUtilsTest
[INFO] Running com.google.api.client.util.escape.CharEscapersTest
[INFO] Tests run: 2, Failures: 0, Errors: 0, Skipped: 0, Time elapsed: 0 s - in com.google.api.client.util.escape.CharEscapersTest
[INFO] Running com.google.api.client.util.escape.PercentEscaperTest
[INFO] Tests run: 2, Failures: 0, Errors: 0, Skipped: 0, Time elapsed: 0 s - in com.google.api.client.util.escape.PercentEscaperTest
[INFO] Running com.google.api.client.util.NanoClockTest
[INFO] Tests run: 1, Failures: 0, Errors: 0, Skipped: 0, Time elapsed: 0 s - in com.google.api.client.util.NanoClockTest
[INFO] Running com.google.api.client.util.ClockTest
[INFO] Tests run: 1, Failures: 0, Errors: 0, Skipped: 0, Time elapsed: 0 s - in com.google.api.client.util.ClockTest
[INFO] Running com.google.api.client.util.ArrayMapTest
[INFO] Tests run: 13, Failures: 0, Errors: 0, Skipped: 0, Time elapsed: 0 s - in com.google.api.client.util.ArrayMapTest
[INFO] Running com.google.api.client.util.Base64Test
[INFO] Tests run: 8, Failures: 0, Errors: 0, Skipped: 0, Time elapsed: 0.013 s - in com.google.api.client.util.Base64Test
[INFO] Running com.google.api.client.util.ExponentialBackOffTest
[INFO] Tests run: 7, Failures: 0, Errors: 0, Skipped: 0, Time elapsed: 0 s - in com.google.api.client.util.ExponentialBackOffTest
[INFO] Running com.google.api.client.util.StringUtilsTest
[INFO] Tests run: 5, Failures: 0, Errors: 0, Skipped: 0, Time elapsed: 0 s - in com.google.api.client.util.StringUtilsTest
[INFO] Running com.google.api.client.util.ObjectsTest
[INFO] Tests run: 4, Failures: 0, Errors: 0, Skipped: 0, Time elapsed: 0 s - in com.google.api.client.util.ObjectsTest
[INFO] Running com.google.api.client.util.FieldInfoTest
[INFO] Tests run: 2, Failures: 0, Errors: 0, Skipped: 0, Time elapsed: 0 s - in com.google.api.client.util.FieldInfoTest
[INFO] Running com.google.api.client.util.BackOffUtilsTest
[INFO] Tests run: 1, Failures: 0, Errors: 0, Skipped: 0, Time elapsed: 0 s - in com.google.api.client.util.BackOffUtilsTest
[INFO] Running com.google.api.client.util.PemReaderTest
[INFO] Tests run: 1, Failures: 0, Errors: 0, Skipped: 0, Time elapsed: 0 s - in com.google.api.client.util.PemReaderTest
[INFO] Running com.google.api.client.util.DataMapTest
[INFO] Tests run: 7, Failures: 0, Errors: 0, Skipped: 0, Time elapsed: 0 s - in com.google.api.client.util.DataMapTest
[INFO] Running com.google.api.client.util.GenericDataTest
[INFO] Tests run: 13, Failures: 0, Errors: 0, Skipped: 0, Time elapsed: 0 s - in com.google.api.client.util.GenericDataTest
[INFO] Running com.google.api.client.util.IOUtilsTest
[INFO] Tests run: 4, Failures: 0, Errors: 0, Skipped: 0, Time elapsed: 0 s - in com.google.api.client.util.IOUtilsTest
[INFO] Running com.google.api.client.util.BackOffTest
[INFO] Tests run: 1, Failures: 0, Errors: 0, Skipped: 0, Time elapsed: 0 s - in com.google.api.client.util.BackOffTest
[INFO] Running com.google.api.client.util.ClassInfoTest
[INFO] Tests run: 6, Failures: 0, Errors: 0, Skipped: 0, Time elapsed: 0 s - in com.google.api.client.util.ClassInfoTest
[INFO] Running com.google.api.client.util.DateTimeTest
[INFO] Tests run: 8, Failures: 0, Errors: 0, Skipped: 0, Time elapsed: 0.008 s - in com.google.api.client.util.DateTimeTest
[INFO] Running com.google.api.client.util.DataTest
[INFO] Tests run: 13, Failures: 0, Errors: 0, Skipped: 0, Time elapsed: 0.004 s - in com.google.api.client.util.DataTest
[INFO] Running com.google.api.client.util.TypesTest
[INFO] Tests run: 8, Failures: 0, Errors: 0, Skipped: 0, Time elapsed: 0.002 s - in com.google.api.client.util.TypesTest
[INFO] 
[INFO] Results:
[INFO] 
[INFO] Tests run: 396, Failures: 0, Errors: 0, Skipped: 0
[INFO] 
[INFO] 
[INFO] ---------< com.google.http-client:google-http-client-android >----------
[INFO] Building Android Platform Extensions to the Google HTTP Client Library for Java. 1.41.8-SNAPSHOT [3/14]
[INFO] --------------------------------[ jar ]---------------------------------
[INFO] 
[INFO] --- maven-clean-plugin:2.5:clean (default-clean) @ google-http-client-android ---
[INFO] Deleting /home/gabsko/breaking-updates/google-http-client-android/target
[INFO] 
[INFO] --- maven-enforcer-plugin:3.0.0-M3:enforce (enforce-maven) @ google-http-client-android ---
[INFO] 
[INFO] --- maven-resources-plugin:3.2.0:resources (default-resources) @ google-http-client-android ---
[INFO] Using 'UTF-8' encoding to copy filtered resources.
[INFO] Using 'UTF-8' encoding to copy filtered properties files.
[INFO] skip non existing resourceDirectory /home/gabsko/breaking-updates/google-http-client-android/src/main/resources
[INFO] 
[INFO] --- maven-compiler-plugin:3.10.1:compile (default-compile) @ google-http-client-android ---
[INFO] Changes detected - recompiling the module!
[INFO] Compiling 9 source files to /home/gabsko/breaking-updates/google-http-client-android/target/classes
[INFO] /home/gabsko/breaking-updates/google-http-client-android/src/main/java/com/google/api/client/extensions/android/json/AndroidJsonFactory.java: Some input files use or override a deprecated API.
[INFO] /home/gabsko/breaking-updates/google-http-client-android/src/main/java/com/google/api/client/extensions/android/json/AndroidJsonFactory.java: Recompile with -Xlint:deprecation for details.
[INFO] 
[INFO] >>> maven-source-plugin:3.2.1:jar (source-jar) > generate-sources @ google-http-client-android >>>
[INFO] 
[INFO] --- maven-enforcer-plugin:3.0.0-M3:enforce (enforce-maven) @ google-http-client-android ---
[INFO] 
[INFO] <<< maven-source-plugin:3.2.1:jar (source-jar) < generate-sources @ google-http-client-android <<<
[INFO] 
[INFO] 
[INFO] --- maven-source-plugin:3.2.1:jar (source-jar) @ google-http-client-android ---
[INFO] Building jar: /home/gabsko/breaking-updates/google-http-client-android/target/google-http-client-android-1.41.8-SNAPSHOT-sources.jar
[INFO] 
[INFO] --- maven-resources-plugin:3.2.0:testResources (default-testResources) @ google-http-client-android ---
[INFO] Using 'UTF-8' encoding to copy filtered resources.
[INFO] Using 'UTF-8' encoding to copy filtered properties files.
[INFO] skip non existing resourceDirectory /home/gabsko/breaking-updates/google-http-client-android/src/test/resources
[INFO] 
[INFO] --- maven-compiler-plugin:3.10.1:testCompile (default-testCompile) @ google-http-client-android ---
[INFO] No sources to compile
[INFO] 
[INFO] --- animal-sniffer-maven-plugin:1.21:check (java7) @ google-http-client-android ---
[INFO] Checking unresolved references to org.codehaus.mojo.signature:java17:1.0
[INFO] 
[INFO] --- animal-sniffer-maven-plugin:1.21:check (android) @ google-http-client-android ---
[INFO] Checking unresolved references to net.sf.androidscents.signature:android-api-level-19:4.4.2_r4
[INFO] 
[INFO] --- maven-surefire-plugin:3.0.0-M6:test (default-test) @ google-http-client-android ---
[INFO] No tests to run.
[INFO] 
[INFO] --------< com.google.http-client:google-http-client-apache-v2 >---------
[INFO] Building Apache HTTP transport v2 for the Google HTTP Client Library for Java. 1.41.8-SNAPSHOT [4/14]
[INFO] --------------------------------[ jar ]---------------------------------
[INFO] 
[INFO] --- maven-clean-plugin:2.5:clean (default-clean) @ google-http-client-apache-v2 ---
[INFO] Deleting /home/gabsko/breaking-updates/google-http-client-apache-v2/target
[INFO] 
[INFO] --- maven-enforcer-plugin:3.0.0-M3:enforce (enforce-maven) @ google-http-client-apache-v2 ---
[INFO] 
[INFO] --- maven-resources-plugin:3.2.0:resources (default-resources) @ google-http-client-apache-v2 ---
[INFO] Using 'UTF-8' encoding to copy filtered resources.
[INFO] Using 'UTF-8' encoding to copy filtered properties files.
[INFO] skip non existing resourceDirectory /home/gabsko/breaking-updates/google-http-client-apache-v2/src/main/resources
[INFO] 
[INFO] --- maven-compiler-plugin:3.10.1:compile (default-compile) @ google-http-client-apache-v2 ---
[INFO] Changes detected - recompiling the module!
[INFO] Compiling 6 source files to /home/gabsko/breaking-updates/google-http-client-apache-v2/target/classes
[INFO] /home/gabsko/breaking-updates/google-http-client-apache-v2/src/main/java/com/google/api/client/http/apache/v2/ApacheHttpTransport.java: Some input files use or override a deprecated API.
[INFO] /home/gabsko/breaking-updates/google-http-client-apache-v2/src/main/java/com/google/api/client/http/apache/v2/ApacheHttpTransport.java: Recompile with -Xlint:deprecation for details.
[INFO] 
[INFO] >>> maven-source-plugin:3.2.1:jar (source-jar) > generate-sources @ google-http-client-apache-v2 >>>
[INFO] 
[INFO] --- maven-enforcer-plugin:3.0.0-M3:enforce (enforce-maven) @ google-http-client-apache-v2 ---
[INFO] 
[INFO] <<< maven-source-plugin:3.2.1:jar (source-jar) < generate-sources @ google-http-client-apache-v2 <<<
[INFO] 
[INFO] 
[INFO] --- maven-source-plugin:3.2.1:jar (source-jar) @ google-http-client-apache-v2 ---
[INFO] Building jar: /home/gabsko/breaking-updates/google-http-client-apache-v2/target/google-http-client-apache-v2-1.41.8-SNAPSHOT-sources.jar
[INFO] 
[INFO] --- maven-bundle-plugin:5.1.4:manifest (bundle-manifest) @ google-http-client-apache-v2 ---
[INFO] Writing manifest: /home/gabsko/breaking-updates/google-http-client-apache-v2/target/classes/META-INF/MANIFEST.MF
[INFO] 
[INFO] --- build-helper-maven-plugin:3.3.0:add-test-source (add-test-source) @ google-http-client-apache-v2 ---
[INFO] Test Source directory: /home/gabsko/breaking-updates/google-http-client-apache-v2/target/generated-test-sources added.
[INFO] 
[INFO] --- maven-resources-plugin:3.2.0:testResources (default-testResources) @ google-http-client-apache-v2 ---
[INFO] Using 'UTF-8' encoding to copy filtered resources.
[INFO] Using 'UTF-8' encoding to copy filtered properties files.
[INFO] skip non existing resourceDirectory /home/gabsko/breaking-updates/google-http-client-apache-v2/src/test/resources
[INFO] 
[INFO] --- maven-compiler-plugin:3.10.1:testCompile (default-testCompile) @ google-http-client-apache-v2 ---
[INFO] Changes detected - recompiling the module!
[INFO] Compiling 2 source files to /home/gabsko/breaking-updates/google-http-client-apache-v2/target/test-classes
[INFO] /home/gabsko/breaking-updates/google-http-client-apache-v2/src/test/java/com/google/api/client/http/apache/v2/ApacheHttpTransportTest.java: /home/gabsko/breaking-updates/google-http-client-apache-v2/src/test/java/com/google/api/client/http/apache/v2/ApacheHttpTransportTest.java uses or overrides a deprecated API.
[INFO] /home/gabsko/breaking-updates/google-http-client-apache-v2/src/test/java/com/google/api/client/http/apache/v2/ApacheHttpTransportTest.java: Recompile with -Xlint:deprecation for details.
[INFO] 
[INFO] --- animal-sniffer-maven-plugin:1.21:check (java7) @ google-http-client-apache-v2 ---
[INFO] Checking unresolved references to org.codehaus.mojo.signature:java17:1.0
[INFO] 
[INFO] --- animal-sniffer-maven-plugin:1.21:check (android) @ google-http-client-apache-v2 ---
[INFO] Checking unresolved references to net.sf.androidscents.signature:android-api-level-19:4.4.2_r4
[INFO] 
[INFO] --- maven-surefire-plugin:3.0.0-M6:test (default-test) @ google-http-client-apache-v2 ---
[INFO] Using auto detected provider org.apache.maven.surefire.junit4.JUnit4Provider
[INFO] 
[INFO] -------------------------------------------------------
[INFO]  T E S T S
[INFO] -------------------------------------------------------
[INFO] Running com.google.api.client.http.apache.v2.ApacheHttpTransportTest
Jan 17, 2023 5:30:44 PM org.apache.http.impl.execchain.RetryExec execute
INFO: I/O exception (java.io.IOException) caught when processing request to {s}->https://google.com:443: cancelling request
Jan 17, 2023 5:30:44 PM org.apache.http.impl.execchain.RetryExec execute
INFO: Retrying request to {s}->https://google.com:443
Jan 17, 2023 5:30:44 PM org.apache.http.impl.execchain.RetryExec execute
INFO: I/O exception (java.io.IOException) caught when processing request to {s}->https://google.com:443: cancelling request
Jan 17, 2023 5:30:44 PM org.apache.http.impl.execchain.RetryExec execute
INFO: Retrying request to {s}->https://google.com:443
Jan 17, 2023 5:30:44 PM org.apache.http.impl.execchain.RetryExec execute
INFO: I/O exception (java.io.IOException) caught when processing request to {s}->https://google.com:443: cancelling request
Jan 17, 2023 5:30:44 PM org.apache.http.impl.execchain.RetryExec execute
INFO: Retrying request to {s}->https://google.com:443
[INFO] Tests run: 10, Failures: 0, Errors: 0, Skipped: 0, Time elapsed: 0.875 s - in com.google.api.client.http.apache.v2.ApacheHttpTransportTest
[INFO] Running com.google.api.client.http.apache.v2.ApacheHttpRequestTest
[INFO] Tests run: 2, Failures: 0, Errors: 0, Skipped: 0, Time elapsed: 0.197 s - in com.google.api.client.http.apache.v2.ApacheHttpRequestTest
[INFO] 
[INFO] Results:
[INFO] 
[INFO] Tests run: 12, Failures: 0, Errors: 0, Skipped: 0
[INFO] 
[INFO] 
[INFO] -----------< com.google.http-client:google-http-client-test >-----------
[INFO] Building Shared classes used for testing of artifacts in the Google HTTP Client Library for Java. 1.41.8-SNAPSHOT [5/14]
[INFO] --------------------------------[ jar ]---------------------------------
[INFO] 
[INFO] --- maven-clean-plugin:2.5:clean (default-clean) @ google-http-client-test ---
[INFO] Deleting /home/gabsko/breaking-updates/google-http-client-test/target
[INFO] 
[INFO] --- maven-enforcer-plugin:3.0.0-M3:enforce (enforce-maven) @ google-http-client-test ---
[INFO] 
[INFO] --- maven-resources-plugin:3.2.0:resources (default-resources) @ google-http-client-test ---
[INFO] Using 'UTF-8' encoding to copy filtered resources.
[INFO] Using 'UTF-8' encoding to copy filtered properties files.
[INFO] skip non existing resourceDirectory /home/gabsko/breaking-updates/google-http-client-test/src/main/resources
[INFO] 
[INFO] --- maven-compiler-plugin:3.10.1:compile (default-compile) @ google-http-client-test ---
[INFO] Changes detected - recompiling the module!
[INFO] Compiling 6 source files to /home/gabsko/breaking-updates/google-http-client-test/target/classes
[INFO] /home/gabsko/breaking-updates/google-http-client-test/src/main/java/com/google/api/client/test/util/store/AbstractDataStoreFactoryTest.java: /home/gabsko/breaking-updates/google-http-client-test/src/main/java/com/google/api/client/test/util/store/AbstractDataStoreFactoryTest.java uses or overrides a deprecated API.
[INFO] /home/gabsko/breaking-updates/google-http-client-test/src/main/java/com/google/api/client/test/util/store/AbstractDataStoreFactoryTest.java: Recompile with -Xlint:deprecation for details.
[INFO] 
[INFO] >>> maven-source-plugin:3.2.1:jar (source-jar) > generate-sources @ google-http-client-test >>>
[INFO] 
[INFO] --- maven-enforcer-plugin:3.0.0-M3:enforce (enforce-maven) @ google-http-client-test ---
[INFO] 
[INFO] <<< maven-source-plugin:3.2.1:jar (source-jar) < generate-sources @ google-http-client-test <<<
[INFO] 
[INFO] 
[INFO] --- maven-source-plugin:3.2.1:jar (source-jar) @ google-http-client-test ---
[INFO] Building jar: /home/gabsko/breaking-updates/google-http-client-test/target/google-http-client-test-1.41.8-SNAPSHOT-sources.jar
[INFO] 
[INFO] --- build-helper-maven-plugin:3.3.0:add-test-source (add-test-source) @ google-http-client-test ---
[INFO] Test Source directory: /home/gabsko/breaking-updates/google-http-client-test/target/generated-test-sources added.
[INFO] 
[INFO] --- maven-resources-plugin:3.2.0:testResources (default-testResources) @ google-http-client-test ---
[INFO] Using 'UTF-8' encoding to copy filtered resources.
[INFO] Using 'UTF-8' encoding to copy filtered properties files.
[INFO] skip non existing resourceDirectory /home/gabsko/breaking-updates/google-http-client-test/src/test/resources
[INFO] 
[INFO] --- maven-compiler-plugin:3.10.1:testCompile (default-testCompile) @ google-http-client-test ---
[INFO] Changes detected - recompiling the module!
[INFO] Compiling 2 source files to /home/gabsko/breaking-updates/google-http-client-test/target/test-classes
[INFO] /home/gabsko/breaking-updates/google-http-client-test/src/test/java/com/google/api/client/test/util/store/FileDataStoreFactoryTest.java: /home/gabsko/breaking-updates/google-http-client-test/src/test/java/com/google/api/client/test/util/store/FileDataStoreFactoryTest.java uses or overrides a deprecated API.
[INFO] /home/gabsko/breaking-updates/google-http-client-test/src/test/java/com/google/api/client/test/util/store/FileDataStoreFactoryTest.java: Recompile with -Xlint:deprecation for details.
[INFO] 
[INFO] --- animal-sniffer-maven-plugin:1.21:check (java7) @ google-http-client-test ---
[INFO] Checking unresolved references to org.codehaus.mojo.signature:java17:1.0
[INFO] 
[INFO] --- animal-sniffer-maven-plugin:1.21:check (android) @ google-http-client-test ---
[INFO] Checking unresolved references to net.sf.androidscents.signature:android-api-level-19:4.4.2_r4
[INFO] 
[INFO] --- maven-surefire-plugin:3.0.0-M6:test (default-test) @ google-http-client-test ---
[INFO] Using auto detected provider org.apache.maven.surefire.junit4.JUnit4Provider
[INFO] 
[INFO] -------------------------------------------------------
[INFO]  T E S T S
[INFO] -------------------------------------------------------
[INFO] Running com.google.api.client.test.util.store.MemoryDataStoreFactoryTest
[INFO] Tests run: 8, Failures: 0, Errors: 0, Skipped: 0, Time elapsed: 0.045 s - in com.google.api.client.test.util.store.MemoryDataStoreFactoryTest
[INFO] Running com.google.api.client.test.util.store.FileDataStoreFactoryTest
[INFO] Tests run: 9, Failures: 0, Errors: 0, Skipped: 0, Time elapsed: 0.068 s - in com.google.api.client.test.util.store.FileDataStoreFactoryTest
[INFO] 
[INFO] Results:
[INFO] 
[INFO] Tests run: 17, Failures: 0, Errors: 0, Skipped: 0
[INFO] 
[INFO] 
[INFO] --------< com.google.http-client:google-http-client-appengine >---------
[INFO] Building Google App Engine extensions to the Google HTTP Client Library for Java. 1.41.8-SNAPSHOT [6/14]
[INFO] --------------------------------[ jar ]---------------------------------
[INFO] 
[INFO] --- maven-clean-plugin:2.5:clean (default-clean) @ google-http-client-appengine ---
[INFO] Deleting /home/gabsko/breaking-updates/google-http-client-appengine/target
[INFO] 
[INFO] --- maven-enforcer-plugin:3.0.0-M3:enforce (enforce-maven) @ google-http-client-appengine ---
[INFO] 
[INFO] --- maven-resources-plugin:3.2.0:resources (default-resources) @ google-http-client-appengine ---
[INFO] Using 'UTF-8' encoding to copy filtered resources.
[INFO] Using 'UTF-8' encoding to copy filtered properties files.
[INFO] skip non existing resourceDirectory /home/gabsko/breaking-updates/google-http-client-appengine/src/main/resources
[INFO] 
[INFO] --- maven-compiler-plugin:3.10.1:compile (default-compile) @ google-http-client-appengine ---
[INFO] Changes detected - recompiling the module!
[INFO] Compiling 6 source files to /home/gabsko/breaking-updates/google-http-client-appengine/target/classes
[INFO] 
[INFO] >>> maven-source-plugin:3.2.1:jar (source-jar) > generate-sources @ google-http-client-appengine >>>
[INFO] 
[INFO] --- maven-enforcer-plugin:3.0.0-M3:enforce (enforce-maven) @ google-http-client-appengine ---
[INFO] 
[INFO] <<< maven-source-plugin:3.2.1:jar (source-jar) < generate-sources @ google-http-client-appengine <<<
[INFO] 
[INFO] 
[INFO] --- maven-source-plugin:3.2.1:jar (source-jar) @ google-http-client-appengine ---
[INFO] Building jar: /home/gabsko/breaking-updates/google-http-client-appengine/target/google-http-client-appengine-1.41.8-SNAPSHOT-sources.jar
[INFO] 
[INFO] --- maven-resources-plugin:3.2.0:testResources (default-testResources) @ google-http-client-appengine ---
[INFO] Using 'UTF-8' encoding to copy filtered resources.
[INFO] Using 'UTF-8' encoding to copy filtered properties files.
[INFO] skip non existing resourceDirectory /home/gabsko/breaking-updates/google-http-client-appengine/src/test/resources
[INFO] 
[INFO] --- maven-compiler-plugin:3.10.1:testCompile (default-testCompile) @ google-http-client-appengine ---
[INFO] Changes detected - recompiling the module!
[INFO] Compiling 3 source files to /home/gabsko/breaking-updates/google-http-client-appengine/target/test-classes
[INFO] 
[INFO] --- animal-sniffer-maven-plugin:1.21:check (java7) @ google-http-client-appengine ---
[INFO] Checking unresolved references to org.codehaus.mojo.signature:java17:1.0
[INFO] 
[INFO] --- animal-sniffer-maven-plugin:1.21:check (android) @ google-http-client-appengine ---
[INFO] Checking unresolved references to net.sf.androidscents.signature:android-api-level-19:4.4.2_r4
[INFO] 
[INFO] --- maven-surefire-plugin:3.0.0-M6:test (default-test) @ google-http-client-appengine ---
[INFO] Using auto detected provider org.apache.maven.surefire.junit4.JUnit4Provider
[INFO] 
[INFO] -------------------------------------------------------
[INFO]  T E S T S
[INFO] -------------------------------------------------------
[INFO] Running com.google.api.client.extensions.appengine.http.UrlFetchTransportTest
[INFO] Tests run: 1, Failures: 0, Errors: 0, Skipped: 0, Time elapsed: 0.058 s - in com.google.api.client.extensions.appengine.http.UrlFetchTransportTest
[INFO] Running com.google.api.client.extensions.appengine.datastore.AppEngineNoMemcacheDataStoreFactoryTest
Jan 17, 2023 5:30:47 PM com.google.appengine.api.datastore.dev.LocalDatastoreService init
INFO: Local Datastore initialized: 
	Type: High Replication
	Storage: In-memory
Jan 17, 2023 5:30:47 PM com.google.appengine.api.datastore.dev.LocalDatastoreService init
INFO: Local Datastore initialized: 
	Type: High Replication
	Storage: In-memory
Jan 17, 2023 5:30:47 PM com.google.appengine.api.datastore.dev.LocalDatastoreService init
INFO: Local Datastore initialized: 
	Type: High Replication
	Storage: In-memory
Jan 17, 2023 5:30:47 PM com.google.appengine.api.datastore.dev.LocalDatastoreService init
INFO: Local Datastore initialized: 
	Type: High Replication
	Storage: In-memory
Jan 17, 2023 5:30:47 PM com.google.appengine.api.datastore.dev.LocalDatastoreService init
INFO: Local Datastore initialized: 
	Type: High Replication
	Storage: In-memory
Jan 17, 2023 5:30:47 PM com.google.appengine.api.datastore.dev.LocalDatastoreService init
INFO: Local Datastore initialized: 
	Type: High Replication
	Storage: In-memory
Jan 17, 2023 5:30:47 PM com.google.appengine.api.datastore.dev.LocalDatastoreService init
INFO: Local Datastore initialized: 
	Type: High Replication
	Storage: In-memory
Jan 17, 2023 5:30:47 PM com.google.appengine.api.datastore.dev.LocalDatastoreService init
INFO: Local Datastore initialized: 
	Type: High Replication
	Storage: In-memory
[INFO] Tests run: 8, Failures: 0, Errors: 0, Skipped: 0, Time elapsed: 0.681 s - in com.google.api.client.extensions.appengine.datastore.AppEngineNoMemcacheDataStoreFactoryTest
[INFO] Running com.google.api.client.extensions.appengine.datastore.AppEngineDataStoreFactoryTest
Jan 17, 2023 5:30:47 PM com.google.appengine.api.datastore.dev.LocalDatastoreService init
INFO: Local Datastore initialized: 
	Type: High Replication
	Storage: In-memory
Jan 17, 2023 5:30:48 PM com.google.appengine.api.datastore.dev.LocalDatastoreService init
INFO: Local Datastore initialized: 
	Type: High Replication
	Storage: In-memory
Jan 17, 2023 5:30:48 PM com.google.appengine.api.datastore.dev.LocalDatastoreService init
INFO: Local Datastore initialized: 
	Type: High Replication
	Storage: In-memory
Jan 17, 2023 5:30:48 PM com.google.appengine.api.datastore.dev.LocalDatastoreService init
INFO: Local Datastore initialized: 
	Type: High Replication
	Storage: In-memory
Jan 17, 2023 5:30:48 PM com.google.appengine.api.datastore.dev.LocalDatastoreService init
INFO: Local Datastore initialized: 
	Type: High Replication
	Storage: In-memory
Jan 17, 2023 5:30:48 PM com.google.appengine.api.datastore.dev.LocalDatastoreService init
INFO: Local Datastore initialized: 
	Type: High Replication
	Storage: In-memory
Jan 17, 2023 5:30:48 PM com.google.appengine.api.datastore.dev.LocalDatastoreService init
INFO: Local Datastore initialized: 
	Type: High Replication
	Storage: In-memory
Jan 17, 2023 5:30:48 PM com.google.appengine.api.datastore.dev.LocalDatastoreService init
INFO: Local Datastore initialized: 
	Type: High Replication
	Storage: In-memory
[INFO] Tests run: 8, Failures: 0, Errors: 0, Skipped: 0, Time elapsed: 0.407 s - in com.google.api.client.extensions.appengine.datastore.AppEngineDataStoreFactoryTest
[INFO] 
[INFO] Results:
[INFO] 
[INFO] Tests run: 17, Failures: 0, Errors: 0, Skipped: 0
[INFO] 
[INFO] 
[INFO] -----------< com.google.http-client:google-http-client-gson >-----------
[INFO] Building GSON extensions to the Google HTTP Client Library for Java. 1.41.8-SNAPSHOT [7/14]
[INFO] --------------------------------[ jar ]---------------------------------
[INFO] 
[INFO] --- maven-clean-plugin:2.5:clean (default-clean) @ google-http-client-gson ---
[INFO] Deleting /home/gabsko/breaking-updates/google-http-client-gson/target
[INFO] 
[INFO] --- maven-enforcer-plugin:3.0.0-M3:enforce (enforce-maven) @ google-http-client-gson ---
[INFO] 
[INFO] --- maven-resources-plugin:3.2.0:resources (default-resources) @ google-http-client-gson ---
[INFO] Using 'UTF-8' encoding to copy filtered resources.
[INFO] Using 'UTF-8' encoding to copy filtered properties files.
[INFO] skip non existing resourceDirectory /home/gabsko/breaking-updates/google-http-client-gson/src/main/resources
[INFO] 
[INFO] --- maven-compiler-plugin:3.10.1:compile (default-compile) @ google-http-client-gson ---
[INFO] Changes detected - recompiling the module!
[INFO] Compiling 4 source files to /home/gabsko/breaking-updates/google-http-client-gson/target/classes
[INFO] /home/gabsko/breaking-updates/google-http-client-gson/src/main/java/com/google/api/client/json/gson/GsonFactory.java: /home/gabsko/breaking-updates/google-http-client-gson/src/main/java/com/google/api/client/json/gson/GsonFactory.java uses or overrides a deprecated API.
[INFO] /home/gabsko/breaking-updates/google-http-client-gson/src/main/java/com/google/api/client/json/gson/GsonFactory.java: Recompile with -Xlint:deprecation for details.
[INFO] 
[INFO] >>> maven-source-plugin:3.2.1:jar (source-jar) > generate-sources @ google-http-client-gson >>>
[INFO] 
[INFO] --- maven-enforcer-plugin:3.0.0-M3:enforce (enforce-maven) @ google-http-client-gson ---
[INFO] 
[INFO] <<< maven-source-plugin:3.2.1:jar (source-jar) < generate-sources @ google-http-client-gson <<<
[INFO] 
[INFO] 
[INFO] --- maven-source-plugin:3.2.1:jar (source-jar) @ google-http-client-gson ---
[INFO] Building jar: /home/gabsko/breaking-updates/google-http-client-gson/target/google-http-client-gson-1.41.8-SNAPSHOT-sources.jar
[INFO] 
[INFO] --- build-helper-maven-plugin:3.3.0:add-test-source (add-test-source) @ google-http-client-gson ---
[INFO] Test Source directory: /home/gabsko/breaking-updates/google-http-client-gson/target/generated-test-sources added.
[INFO] 
[INFO] --- maven-resources-plugin:3.2.0:testResources (default-testResources) @ google-http-client-gson ---
[INFO] Using 'UTF-8' encoding to copy filtered resources.
[INFO] Using 'UTF-8' encoding to copy filtered properties files.
[INFO] skip non existing resourceDirectory /home/gabsko/breaking-updates/google-http-client-gson/src/test/resources
[INFO] 
[INFO] --- maven-compiler-plugin:3.10.1:testCompile (default-testCompile) @ google-http-client-gson ---
[INFO] Changes detected - recompiling the module!
[INFO] Compiling 3 source files to /home/gabsko/breaking-updates/google-http-client-gson/target/test-classes
[INFO] 
[INFO] --- animal-sniffer-maven-plugin:1.21:check (java7) @ google-http-client-gson ---
[INFO] Checking unresolved references to org.codehaus.mojo.signature:java17:1.0
[INFO] 
[INFO] --- animal-sniffer-maven-plugin:1.21:check (android) @ google-http-client-gson ---
[INFO] Checking unresolved references to net.sf.androidscents.signature:android-api-level-19:4.4.2_r4
[INFO] 
[INFO] --- maven-surefire-plugin:3.0.0-M6:test (default-test) @ google-http-client-gson ---
[INFO] Using auto detected provider org.apache.maven.surefire.junit4.JUnit4Provider
[INFO] 
[INFO] -------------------------------------------------------
[INFO]  T E S T S
[INFO] -------------------------------------------------------
[INFO] Running com.google.api.client.json.gson.GsonFactoryTest
[INFO] Tests run: 93, Failures: 0, Errors: 0, Skipped: 0, Time elapsed: 0.136 s - in com.google.api.client.json.gson.GsonFactoryTest
[INFO] Running com.google.api.client.json.gson.GsonParserTest
[INFO] Tests run: 4, Failures: 0, Errors: 0, Skipped: 0, Time elapsed: 0 s - in com.google.api.client.json.gson.GsonParserTest
[INFO] Running com.google.api.client.json.gson.GsonGeneratorTest
[INFO] Tests run: 2, Failures: 0, Errors: 0, Skipped: 0, Time elapsed: 0.001 s - in com.google.api.client.json.gson.GsonGeneratorTest
[INFO] 
[INFO] Results:
[INFO] 
[INFO] Tests run: 99, Failures: 0, Errors: 0, Skipped: 0
[INFO] 
[INFO] 
[INFO] ---------< com.google.http-client:google-http-client-jackson2 >---------
[INFO] Building Jackson 2 extensions to the Google HTTP Client Library for Java. 1.41.8-SNAPSHOT [8/14]
[INFO] --------------------------------[ jar ]---------------------------------
[INFO] 
[INFO] --- maven-clean-plugin:2.5:clean (default-clean) @ google-http-client-jackson2 ---
[INFO] Deleting /home/gabsko/breaking-updates/google-http-client-jackson2/target
[INFO] 
[INFO] --- maven-enforcer-plugin:3.0.0-M3:enforce (enforce-maven) @ google-http-client-jackson2 ---
[INFO] 
[INFO] --- maven-resources-plugin:3.2.0:resources (default-resources) @ google-http-client-jackson2 ---
[INFO] Using 'UTF-8' encoding to copy filtered resources.
[INFO] Using 'UTF-8' encoding to copy filtered properties files.
[INFO] skip non existing resourceDirectory /home/gabsko/breaking-updates/google-http-client-jackson2/src/main/resources
[INFO] 
[INFO] --- maven-compiler-plugin:3.10.1:compile (default-compile) @ google-http-client-jackson2 ---
[INFO] Changes detected - recompiling the module!
[INFO] Compiling 4 source files to /home/gabsko/breaking-updates/google-http-client-jackson2/target/classes
[INFO] 
[INFO] >>> maven-source-plugin:3.2.1:jar (source-jar) > generate-sources @ google-http-client-jackson2 >>>
[INFO] 
[INFO] --- maven-enforcer-plugin:3.0.0-M3:enforce (enforce-maven) @ google-http-client-jackson2 ---
[INFO] 
[INFO] <<< maven-source-plugin:3.2.1:jar (source-jar) < generate-sources @ google-http-client-jackson2 <<<
[INFO] 
[INFO] 
[INFO] --- maven-source-plugin:3.2.1:jar (source-jar) @ google-http-client-jackson2 ---
[INFO] Building jar: /home/gabsko/breaking-updates/google-http-client-jackson2/target/google-http-client-jackson2-1.41.8-SNAPSHOT-sources.jar
[INFO] 
[INFO] --- build-helper-maven-plugin:3.3.0:add-test-source (add-test-source) @ google-http-client-jackson2 ---
[INFO] Test Source directory: /home/gabsko/breaking-updates/google-http-client-jackson2/target/generated-test-sources added.
[INFO] 
[INFO] --- maven-resources-plugin:3.2.0:testResources (default-testResources) @ google-http-client-jackson2 ---
[INFO] Using 'UTF-8' encoding to copy filtered resources.
[INFO] Using 'UTF-8' encoding to copy filtered properties files.
[INFO] skip non existing resourceDirectory /home/gabsko/breaking-updates/google-http-client-jackson2/src/test/resources
[INFO] 
[INFO] --- maven-compiler-plugin:3.10.1:testCompile (default-testCompile) @ google-http-client-jackson2 ---
[INFO] Changes detected - recompiling the module!
[INFO] Compiling 3 source files to /home/gabsko/breaking-updates/google-http-client-jackson2/target/test-classes
[INFO] /home/gabsko/breaking-updates/google-http-client-jackson2/src/test/java/com/google/api/client/json/jackson2/JacksonFactoryTest.java: Some input files use or override a deprecated API.
[INFO] /home/gabsko/breaking-updates/google-http-client-jackson2/src/test/java/com/google/api/client/json/jackson2/JacksonFactoryTest.java: Recompile with -Xlint:deprecation for details.
[INFO] 
[INFO] --- animal-sniffer-maven-plugin:1.21:check (java7) @ google-http-client-jackson2 ---
[INFO] Checking unresolved references to org.codehaus.mojo.signature:java17:1.0
[INFO] 
[INFO] --- animal-sniffer-maven-plugin:1.21:check (android) @ google-http-client-jackson2 ---
[INFO] Checking unresolved references to net.sf.androidscents.signature:android-api-level-19:4.4.2_r4
[INFO] 
[INFO] --- maven-surefire-plugin:3.0.0-M6:test (default-test) @ google-http-client-jackson2 ---
[INFO] Using auto detected provider org.apache.maven.surefire.junit4.JUnit4Provider
[INFO] 
[INFO] -------------------------------------------------------
[INFO]  T E S T S
[INFO] -------------------------------------------------------
[INFO] Running com.google.api.client.json.jackson2.JacksonParserTest
[INFO] Tests run: 4, Failures: 0, Errors: 0, Skipped: 0, Time elapsed: 0.075 s - in com.google.api.client.json.jackson2.JacksonParserTest
[INFO] Running com.google.api.client.json.jackson2.JacksonGeneratorTest
[INFO] Tests run: 2, Failures: 0, Errors: 0, Skipped: 0, Time elapsed: 0.002 s - in com.google.api.client.json.jackson2.JacksonGeneratorTest
[INFO] Running com.google.api.client.json.jackson2.JacksonFactoryTest
[INFO] Tests run: 93, Failures: 0, Errors: 0, Skipped: 0, Time elapsed: 0.091 s - in com.google.api.client.json.jackson2.JacksonFactoryTest
[INFO] 
[INFO] Results:
[INFO] 
[INFO] Tests run: 99, Failures: 0, Errors: 0, Skipped: 0
[INFO] 
[INFO] 
[INFO] ---------< com.google.http-client:google-http-client-protobuf >---------
[INFO] Building Protocol Buffer extensions to the Google HTTP Client Library for Java. 1.41.8-SNAPSHOT [9/14]
[INFO] --------------------------------[ jar ]---------------------------------
[INFO] 
[INFO] --- maven-clean-plugin:2.5:clean (default-clean) @ google-http-client-protobuf ---
[INFO] Deleting /home/gabsko/breaking-updates/google-http-client-protobuf/target
[INFO] 
[INFO] --- maven-enforcer-plugin:3.0.0-M3:enforce (enforce-maven) @ google-http-client-protobuf ---
[INFO] 
[INFO] --- maven-resources-plugin:3.2.0:resources (default-resources) @ google-http-client-protobuf ---
[INFO] Using 'UTF-8' encoding to copy filtered resources.
[INFO] Using 'UTF-8' encoding to copy filtered properties files.
[INFO] skip non existing resourceDirectory /home/gabsko/breaking-updates/google-http-client-protobuf/src/main/resources
[INFO] 
[INFO] --- maven-compiler-plugin:3.10.1:compile (default-compile) @ google-http-client-protobuf ---
[INFO] Changes detected - recompiling the module!
[INFO] Compiling 5 source files to /home/gabsko/breaking-updates/google-http-client-protobuf/target/classes
[INFO] /home/gabsko/breaking-updates/google-http-client-protobuf/src/main/java/com/google/api/client/protobuf/ProtoObjectParser.java: Some input files use or override a deprecated API.
[INFO] /home/gabsko/breaking-updates/google-http-client-protobuf/src/main/java/com/google/api/client/protobuf/ProtoObjectParser.java: Recompile with -Xlint:deprecation for details.
[INFO] 
[INFO] >>> maven-source-plugin:3.2.1:jar (source-jar) > generate-sources @ google-http-client-protobuf >>>
[INFO] 
[INFO] --- maven-enforcer-plugin:3.0.0-M3:enforce (enforce-maven) @ google-http-client-protobuf ---
[INFO] 
[INFO] <<< maven-source-plugin:3.2.1:jar (source-jar) < generate-sources @ google-http-client-protobuf <<<
[INFO] 
[INFO] 
[INFO] --- maven-source-plugin:3.2.1:jar (source-jar) @ google-http-client-protobuf ---
[INFO] Building jar: /home/gabsko/breaking-updates/google-http-client-protobuf/target/google-http-client-protobuf-1.41.8-SNAPSHOT-sources.jar
[INFO] 
[INFO] --- protobuf-maven-plugin:0.6.1:test-compile (default) @ google-http-client-protobuf ---
[INFO] Compiling 1 proto file(s) to /home/gabsko/breaking-updates/google-http-client-protobuf/target/generated-test-sources/protobuf/java
[WARNING] PROTOC: [libprotobuf WARNING ../../../../../src/google/protobuf/compiler/java/java_file.cc:244] The optimize_for = LITE_RUNTIME option is no longer supported by protobuf Java code generator and is ignored--protoc will always generate full runtime code for Java. To use Java Lite runtime, users should use the Java Lite plugin instead. See:
  https://github.com/protocolbuffers/protobuf/blob/master/java/lite.md

[INFO] 
[INFO] --- maven-resources-plugin:3.2.0:testResources (default-testResources) @ google-http-client-protobuf ---
[INFO] Using 'UTF-8' encoding to copy filtered resources.
[INFO] Using 'UTF-8' encoding to copy filtered properties files.
[INFO] skip non existing resourceDirectory /home/gabsko/breaking-updates/google-http-client-protobuf/src/test/resources
[INFO] Copying 1 resource
[INFO] 
[INFO] --- maven-compiler-plugin:3.10.1:testCompile (default-testCompile) @ google-http-client-protobuf ---
[INFO] Changes detected - recompiling the module!
[INFO] Compiling 2 source files to /home/gabsko/breaking-updates/google-http-client-protobuf/target/test-classes
[INFO] 
[INFO] --- animal-sniffer-maven-plugin:1.21:check (java7) @ google-http-client-protobuf ---
[INFO] Checking unresolved references to org.codehaus.mojo.signature:java17:1.0
[INFO] 
[INFO] --- animal-sniffer-maven-plugin:1.21:check (android) @ google-http-client-protobuf ---
[INFO] Checking unresolved references to net.sf.androidscents.signature:android-api-level-19:4.4.2_r4
[INFO] 
[INFO] --- maven-surefire-plugin:3.0.0-M6:test (default-test) @ google-http-client-protobuf ---
[INFO] Using auto detected provider org.apache.maven.surefire.junit4.JUnit4Provider
[INFO] 
[INFO] -------------------------------------------------------
[INFO]  T E S T S
[INFO] -------------------------------------------------------
[INFO] Running com.google.api.client.protobuf.ProtocolBuffersTest
[INFO] Tests run: 1, Failures: 0, Errors: 0, Skipped: 0, Time elapsed: 0.07 s - in com.google.api.client.protobuf.ProtocolBuffersTest
[INFO] 
[INFO] Results:
[INFO] 
[INFO] Tests run: 1, Failures: 0, Errors: 0, Skipped: 0
[INFO] 
[INFO] 
[INFO] -----------< com.google.http-client:google-http-client-xml >------------
[INFO] Building XML extensions to the Google HTTP Client Library for Java. 1.41.8-SNAPSHOT [10/14]
[INFO] --------------------------------[ jar ]---------------------------------
[INFO] 
[INFO] --- maven-clean-plugin:2.5:clean (default-clean) @ google-http-client-xml ---
[INFO] Deleting /home/gabsko/breaking-updates/google-http-client-xml/target
[INFO] 
[INFO] --- maven-enforcer-plugin:3.0.0-M3:enforce (enforce-maven) @ google-http-client-xml ---
[INFO] 
[INFO] --- maven-resources-plugin:3.2.0:resources (default-resources) @ google-http-client-xml ---
[INFO] Using 'UTF-8' encoding to copy filtered resources.
[INFO] Using 'UTF-8' encoding to copy filtered properties files.
[INFO] skip non existing resourceDirectory /home/gabsko/breaking-updates/google-http-client-xml/src/main/resources
[INFO] 
[INFO] --- maven-compiler-plugin:3.10.1:compile (default-compile) @ google-http-client-xml ---
[INFO] Changes detected - recompiling the module!
[INFO] Compiling 14 source files to /home/gabsko/breaking-updates/google-http-client-xml/target/classes
[INFO] /home/gabsko/breaking-updates/google-http-client-xml/src/main/java/com/google/api/client/xml/atom/Atom.java: Some input files use or override a deprecated API.
[INFO] /home/gabsko/breaking-updates/google-http-client-xml/src/main/java/com/google/api/client/xml/atom/Atom.java: Recompile with -Xlint:deprecation for details.
[INFO] 
[INFO] >>> maven-source-plugin:3.2.1:jar (source-jar) > generate-sources @ google-http-client-xml >>>
[INFO] 
[INFO] --- maven-enforcer-plugin:3.0.0-M3:enforce (enforce-maven) @ google-http-client-xml ---
[INFO] 
[INFO] <<< maven-source-plugin:3.2.1:jar (source-jar) < generate-sources @ google-http-client-xml <<<
[INFO] 
[INFO] 
[INFO] --- maven-source-plugin:3.2.1:jar (source-jar) @ google-http-client-xml ---
[INFO] Building jar: /home/gabsko/breaking-updates/google-http-client-xml/target/google-http-client-xml-1.41.8-SNAPSHOT-sources.jar
[INFO] 
[INFO] --- build-helper-maven-plugin:3.3.0:add-test-source (add-test-source) @ google-http-client-xml ---
[INFO] Test Source directory: /home/gabsko/breaking-updates/google-http-client-xml/target/generated-test-sources added.
[INFO] 
[INFO] --- maven-resources-plugin:3.2.0:testResources (default-testResources) @ google-http-client-xml ---
[INFO] Using 'UTF-8' encoding to copy filtered resources.
[INFO] Using 'UTF-8' encoding to copy filtered properties files.
[INFO] Copying 1 resource
[INFO] 
[INFO] --- maven-compiler-plugin:3.10.1:testCompile (default-testCompile) @ google-http-client-xml ---
[INFO] Changes detected - recompiling the module!
[INFO] Compiling 7 source files to /home/gabsko/breaking-updates/google-http-client-xml/target/test-classes
[INFO] /home/gabsko/breaking-updates/google-http-client-xml/src/test/java/com/google/api/client/xml/AtomTest.java: /home/gabsko/breaking-updates/google-http-client-xml/src/test/java/com/google/api/client/xml/AtomTest.java uses or overrides a deprecated API.
[INFO] /home/gabsko/breaking-updates/google-http-client-xml/src/test/java/com/google/api/client/xml/AtomTest.java: Recompile with -Xlint:deprecation for details.
[INFO] 
[INFO] --- animal-sniffer-maven-plugin:1.21:check (java7) @ google-http-client-xml ---
[INFO] Checking unresolved references to org.codehaus.mojo.signature:java17:1.0
[INFO] 
[INFO] --- animal-sniffer-maven-plugin:1.21:check (android) @ google-http-client-xml ---
[INFO] Checking unresolved references to net.sf.androidscents.signature:android-api-level-19:4.4.2_r4
[INFO] 
[INFO] --- maven-surefire-plugin:3.0.0-M6:test (default-test) @ google-http-client-xml ---
[INFO] Using auto detected provider org.apache.maven.surefire.junit4.JUnit4Provider
[INFO] 
[INFO] -------------------------------------------------------
[INFO]  T E S T S
[INFO] -------------------------------------------------------
[INFO] Running com.google.api.client.xml.GenericXmlTest
[INFO] Tests run: 11, Failures: 0, Errors: 0, Skipped: 0, Time elapsed: 0.089 s - in com.google.api.client.xml.GenericXmlTest
[INFO] Running com.google.api.client.xml.AtomTest
[INFO] Tests run: 4, Failures: 0, Errors: 0, Skipped: 0, Time elapsed: 0.016 s - in com.google.api.client.xml.AtomTest
[INFO] Running com.google.api.client.xml.GenericXmlListTest
[INFO] Tests run: 13, Failures: 0, Errors: 0, Skipped: 0, Time elapsed: 0.023 s - in com.google.api.client.xml.GenericXmlListTest
[INFO] Running com.google.api.client.xml.XmlTest
[INFO] Tests run: 20, Failures: 0, Errors: 0, Skipped: 0, Time elapsed: 0.021 s - in com.google.api.client.xml.XmlTest
[INFO] Running com.google.api.client.xml.XmlEnumTest
[INFO] Tests run: 5, Failures: 0, Errors: 0, Skipped: 0, Time elapsed: 0.002 s - in com.google.api.client.xml.XmlEnumTest
[INFO] Running com.google.api.client.xml.XmlNamespaceDictionaryTest
[INFO] Tests run: 10, Failures: 0, Errors: 0, Skipped: 0, Time elapsed: 0.013 s - in com.google.api.client.xml.XmlNamespaceDictionaryTest
[INFO] Running com.google.api.client.xml.XmlListTest
[INFO] Tests run: 12, Failures: 0, Errors: 0, Skipped: 0, Time elapsed: 0.006 s - in com.google.api.client.xml.XmlListTest
[INFO] 
[INFO] Results:
[INFO] 
[INFO] Tests run: 75, Failures: 0, Errors: 0, Skipped: 0
[INFO] 
[INFO] 
[INFO] ---------< com.google.http-client:google-http-client-assembly >---------
[INFO] Building Assembly for the Google HTTP Client Library for Java 1.41.8-SNAPSHOT [11/14]
[INFO] --------------------------------[ pom ]---------------------------------
[INFO] 
[INFO] --- maven-clean-plugin:2.5:clean (default-clean) @ google-http-client-assembly ---
[INFO] 
[INFO] --- maven-enforcer-plugin:3.0.0-M3:enforce (enforce-maven) @ google-http-client-assembly ---
[INFO] 
[INFO] --- animal-sniffer-maven-plugin:1.21:check (java7) @ google-http-client-assembly ---
[INFO] Checking unresolved references to org.codehaus.mojo.signature:java17:1.0
[INFO] 
[INFO] --- animal-sniffer-maven-plugin:1.21:check (android) @ google-http-client-assembly ---
[INFO] Checking unresolved references to net.sf.androidscents.signature:android-api-level-19:4.4.2_r4
[INFO] 
[INFO] ---------< com.google.http-client:google-http-client-findbugs >---------
[INFO] Building Google APIs Client Library Findbugs custom plugin. 1.41.8-SNAPSHOT [12/14]
[INFO] --------------------------------[ jar ]---------------------------------
[INFO] 
[INFO] --- maven-clean-plugin:2.5:clean (default-clean) @ google-http-client-findbugs ---
[INFO] Deleting /home/gabsko/breaking-updates/google-http-client-findbugs/target
[INFO] 
[INFO] --- maven-enforcer-plugin:3.0.0-M3:enforce (enforce-maven) @ google-http-client-findbugs ---
[INFO] 
[INFO] --- maven-resources-plugin:3.2.0:resources (default-resources) @ google-http-client-findbugs ---
[INFO] Using 'UTF-8' encoding to copy filtered resources.
[INFO] Using 'UTF-8' encoding to copy filtered properties files.
[INFO] Copying 3 resources
[INFO] 
[INFO] --- maven-compiler-plugin:3.10.1:compile (default-compile) @ google-http-client-findbugs ---
[INFO] Changes detected - recompiling the module!
[INFO] Compiling 2 source files to /home/gabsko/breaking-updates/google-http-client-findbugs/target/classes
[INFO] /home/gabsko/breaking-updates/google-http-client-findbugs/src/main/java/com/google/api/client/findbugs/BetaDetector.java: /home/gabsko/breaking-updates/google-http-client-findbugs/src/main/java/com/google/api/client/findbugs/BetaDetector.java uses or overrides a deprecated API.
[INFO] /home/gabsko/breaking-updates/google-http-client-findbugs/src/main/java/com/google/api/client/findbugs/BetaDetector.java: Recompile with -Xlint:deprecation for details.
[INFO] 
[INFO] >>> maven-source-plugin:3.2.1:jar (source-jar) > generate-sources @ google-http-client-findbugs >>>
[INFO] 
[INFO] --- maven-enforcer-plugin:3.0.0-M3:enforce (enforce-maven) @ google-http-client-findbugs ---
[INFO] 
[INFO] <<< maven-source-plugin:3.2.1:jar (source-jar) < generate-sources @ google-http-client-findbugs <<<
[INFO] 
[INFO] 
[INFO] --- maven-source-plugin:3.2.1:jar (source-jar) @ google-http-client-findbugs ---
[INFO] Building jar: /home/gabsko/breaking-updates/google-http-client-findbugs/target/google-http-client-findbugs-1.41.8-SNAPSHOT-sources.jar
[INFO] 
[INFO] --- maven-resources-plugin:3.2.0:testResources (default-testResources) @ google-http-client-findbugs ---
[INFO] Using 'UTF-8' encoding to copy filtered resources.
[INFO] Using 'UTF-8' encoding to copy filtered properties files.
[INFO] skip non existing resourceDirectory /home/gabsko/breaking-updates/google-http-client-findbugs/src/test/resources
[INFO] 
[INFO] --- maven-compiler-plugin:3.10.1:testCompile (default-testCompile) @ google-http-client-findbugs ---
[INFO] No sources to compile
[INFO] 
[INFO] --- animal-sniffer-maven-plugin:1.21:check (java7) @ google-http-client-findbugs ---
[INFO] Signature checking is skipped.
[INFO] 
[INFO] --- animal-sniffer-maven-plugin:1.21:check (android) @ google-http-client-findbugs ---
[INFO] Signature checking is skipped.
[INFO] 
[INFO] --- maven-surefire-plugin:3.0.0-M6:test (default-test) @ google-http-client-findbugs ---
[INFO] No tests to run.
[INFO] 
[INFO] ------< com.google.http-client:dailymotion-simple-cmdline-sample >------
[INFO] Building Simple example for the Dailymotion API. 1.41.8-SNAPSHOT [13/14]
[INFO] --------------------------------[ jar ]---------------------------------
[INFO] 
[INFO] --- maven-clean-plugin:2.5:clean (default-clean) @ dailymotion-simple-cmdline-sample ---
[INFO] Deleting /home/gabsko/breaking-updates/samples/dailymotion-simple-cmdline-sample/target
[INFO] 
[INFO] --- maven-enforcer-plugin:3.0.0-M3:enforce (enforce-maven) @ dailymotion-simple-cmdline-sample ---
[INFO] 
[INFO] --- maven-resources-plugin:3.2.0:resources (default-resources) @ dailymotion-simple-cmdline-sample ---
[INFO] Using 'UTF-8' encoding to copy filtered resources.
[INFO] Using 'UTF-8' encoding to copy filtered properties files.
[INFO] skip non existing resourceDirectory /home/gabsko/breaking-updates/samples/dailymotion-simple-cmdline-sample/src/main/resources
[INFO] 
[INFO] --- maven-compiler-plugin:3.10.1:compile (default-compile) @ dailymotion-simple-cmdline-sample ---
[INFO] Changes detected - recompiling the module!
[INFO] Compiling 1 source file to /home/gabsko/breaking-updates/samples/dailymotion-simple-cmdline-sample/target/classes
[INFO] /home/gabsko/breaking-updates/samples/dailymotion-simple-cmdline-sample/src/main/java/com/google/api/services/samples/dailymotion/cmdline/simple/DailyMotionSample.java: /home/gabsko/breaking-updates/samples/dailymotion-simple-cmdline-sample/src/main/java/com/google/api/services/samples/dailymotion/cmdline/simple/DailyMotionSample.java uses or overrides a deprecated API.
[INFO] /home/gabsko/breaking-updates/samples/dailymotion-simple-cmdline-sample/src/main/java/com/google/api/services/samples/dailymotion/cmdline/simple/DailyMotionSample.java: Recompile with -Xlint:deprecation for details.
[INFO] 
[INFO] --- maven-resources-plugin:3.2.0:testResources (default-testResources) @ dailymotion-simple-cmdline-sample ---
[INFO] Using 'UTF-8' encoding to copy filtered resources.
[INFO] Using 'UTF-8' encoding to copy filtered properties files.
[INFO] skip non existing resourceDirectory /home/gabsko/breaking-updates/samples/dailymotion-simple-cmdline-sample/src/test/resources
[INFO] 
[INFO] --- maven-compiler-plugin:3.10.1:testCompile (default-testCompile) @ dailymotion-simple-cmdline-sample ---
[INFO] No sources to compile
[INFO] 
[INFO] --- animal-sniffer-maven-plugin:1.21:check (java7) @ dailymotion-simple-cmdline-sample ---
[INFO] Checking unresolved references to org.codehaus.mojo.signature:java17:1.0
[INFO] 
[INFO] --- animal-sniffer-maven-plugin:1.21:check (android) @ dailymotion-simple-cmdline-sample ---
[INFO] Checking unresolved references to net.sf.androidscents.signature:android-api-level-19:4.4.2_r4
[INFO] 
[INFO] --- maven-surefire-plugin:3.0.0-M6:test (default-test) @ dailymotion-simple-cmdline-sample ---
[INFO] No tests to run.
[INFO] 
[INFO] -----------< com.google.http-client:google-http-client-bom >------------
[INFO] Building Google HTTP Client Library for Java BOM 1.41.8-SNAPSHOT [14/14]
[INFO] --------------------------------[ pom ]---------------------------------
[INFO] 
[INFO] --- maven-clean-plugin:2.5:clean (default-clean) @ google-http-client-bom ---
[INFO] ------------------------------------------------------------------------
[INFO] Reactor Summary for Parent for the Google HTTP Client Library for Java 1.41.8-SNAPSHOT:
[INFO] 
[INFO] Parent for the Google HTTP Client Library for Java . SUCCESS [  0.546 s]
[INFO] Google HTTP Client Library for Java ................ SUCCESS [ 15.951 s]
[INFO] Android Platform Extensions to the Google HTTP Client Library for Java. SUCCESS [  0.443 s]
[INFO] Apache HTTP transport v2 for the Google HTTP Client Library for Java. SUCCESS [  1.743 s]
[INFO] Shared classes used for testing of artifacts in the Google HTTP Client Library for Java. SUCCESS [  0.820 s]
[INFO] Google App Engine extensions to the Google HTTP Client Library for Java. SUCCESS [  2.577 s]
[INFO] GSON extensions to the Google HTTP Client Library for Java. SUCCESS [  0.776 s]
[INFO] Jackson 2 extensions to the Google HTTP Client Library for Java. SUCCESS [  0.798 s]
[INFO] Protocol Buffer extensions to the Google HTTP Client Library for Java. SUCCESS [  1.359 s]
[INFO] XML extensions to the Google HTTP Client Library for Java. SUCCESS [  0.708 s]
[INFO] Assembly for the Google HTTP Client Library for Java SUCCESS [  0.298 s]
[INFO] Google APIs Client Library Findbugs custom plugin. . SUCCESS [  0.075 s]
[INFO] Simple example for the Dailymotion API. ............ SUCCESS [  0.242 s]
[INFO] Google HTTP Client Library for Java BOM ............ SUCCESS [  0.000 s]
[INFO] ------------------------------------------------------------------------
[INFO] BUILD SUCCESS
[INFO] ------------------------------------------------------------------------
[INFO] Total time:  26.847 s
[INFO] Finished at: 2023-01-17T17:30:52Z
[INFO] ------------------------------------------------------------------------
