[INFO] Scanning for projects...
[WARNING] 
[WARNING] Some problems were encountered while building the effective model for org.ardulink:ardulink-core-base:jar:2.1.2-SNAPSHOT
[WARNING] 'build.plugins.plugin.version' for org.apache.maven.plugins:maven-jar-plugin is missing. @ line 48, column 12
[WARNING] 
[WARNING] Some problems were encountered while building the effective model for org.ardulink:ardulink-networkproxyserver:jar:2.1.2-SNAPSHOT
[WARNING] 'build.plugins.plugin.version' for org.apache.maven.plugins:maven-jar-plugin is missing. @ line 13, column 12
[WARNING] 
[WARNING] Some problems were encountered while building the effective model for org.ardulink:ardulink-mqtt:jar:2.1.2-SNAPSHOT
[WARNING] 'build.plugins.plugin.version' for org.apache.maven.plugins:maven-jar-plugin is missing. @ line 21, column 12
[WARNING] 
[WARNING] Some problems were encountered while building the effective model for org.ardulink:ardulink-console:jar:2.1.2-SNAPSHOT
[WARNING] 'build.plugins.plugin.version' for org.apache.maven.plugins:maven-jar-plugin is missing. @ line 14, column 12
[WARNING] 
[WARNING] Some problems were encountered while building the effective model for org.ardulink:ardulink-rest:jar:2.1.2-SNAPSHOT
[WARNING] 'build.plugins.plugin.version' for org.apache.maven.plugins:maven-jar-plugin is missing. @ line 93, column 12
[WARNING] 
[WARNING] Some problems were encountered while building the effective model for org.ardulink.examples:example-datareceiver:jar:2.1.2-SNAPSHOT
[WARNING] 'build.plugins.plugin.version' for org.apache.maven.plugins:maven-jar-plugin is missing. @ line 19, column 12
[WARNING] 
[WARNING] Some problems were encountered while building the effective model for org.ardulink.examples:example-uniqueid:jar:2.1.2-SNAPSHOT
[WARNING] 'build.plugins.plugin.version' for org.apache.maven.plugins:maven-jar-plugin is missing. @ line 19, column 12
[WARNING] 
[WARNING] Some problems were encountered while building the effective model for org.ardulink.examples:example-buttonquest:jar:2.1.2-SNAPSHOT
[WARNING] 'build.plugins.plugin.version' for org.apache.maven.plugins:maven-jar-plugin is missing. @ line 19, column 12
[WARNING] 
[WARNING] Some problems were encountered while building the effective model for org.ardulink.examples:example-joysticksmartcardriver:jar:2.1.2-SNAPSHOT
[WARNING] 'build.plugins.plugin.version' for org.apache.maven.plugins:maven-jar-plugin is missing. @ line 19, column 12
[WARNING] 
[WARNING] Some problems were encountered while building the effective model for org.ardulink.examples:example-simplesmartcardriver:jar:2.1.2-SNAPSHOT
[WARNING] 'build.plugins.plugin.version' for org.apache.maven.plugins:maven-jar-plugin is missing. @ line 19, column 12
[WARNING] 
[WARNING] It is highly recommended to fix these problems because they threaten the stability of your build.
[WARNING] 
[WARNING] For this reason, future Maven versions might no longer support building such malformed projects.
[WARNING] 
[INFO] ------------------------------------------------------------------------
[INFO] Reactor Build Order:
[INFO] 
[INFO] Ardulink Project                                                   [pom]
[INFO] ardulink-core-util                                                 [jar]
[INFO] ardulink-core-beans                                                [jar]
[INFO] ardulink-core-base                                                 [jar]
[INFO] ardulink-core-virtual                                              [jar]
[INFO] ardulink-core-nodemcu                                              [jar]
[INFO] ardulink-core-serial-rxtx                                          [jar]
[INFO] ardulink-core-serial-jssc                                          [jar]
[INFO] ardulink-core-bluetooth                                            [jar]
[INFO] ardulink-core-digispark                                            [jar]
[INFO] ardulink-core-raspberry                                            [jar]
[INFO] ardulink-core-proxy                                                [jar]
[INFO] ardulink-core-mqtt                                                 [jar]
[INFO] ardulink-legacy                                                    [jar]
[INFO] ardulink-camel                                                     [jar]
[INFO] ardulink-networkproxyserver                                        [jar]
[INFO] ardulink-mqtt                                                      [jar]
[INFO] ardulink-swing                                                     [jar]
[INFO] ardulink-console                                                   [jar]
[INFO] ardulink-mail                                                      [jar]
[INFO] ardulink-rest                                                      [jar]
[INFO] example-datareceiver                                               [jar]
[INFO] example-uniqueid                                                   [jar]
[INFO] example-buttonquest                                                [jar]
[INFO] example-joysticksmartcardriver                                     [jar]
[INFO] example-simplesmartcardriver                                       [jar]
[INFO] deploy-dist                                                        [pom]
[INFO] 
[INFO] ------------------------< org.ardulink:parent >-------------------------
[INFO] Building Ardulink Project 2.1.2-SNAPSHOT                          [1/27]
[INFO] --------------------------------[ pom ]---------------------------------
[INFO] 
[INFO] --- maven-clean-plugin:2.5:clean (default-clean) @ parent ---
[INFO] 
[INFO] ------------------< org.ardulink:ardulink-core-util >-------------------
[INFO] Building ardulink-core-util 2.1.2-SNAPSHOT                        [2/27]
[INFO] --------------------------------[ jar ]---------------------------------
[INFO] 
[INFO] --- maven-clean-plugin:2.5:clean (default-clean) @ ardulink-core-util ---
[INFO] Deleting /home/gabsko/breaking-updates/ardulink-core-util/target
[INFO] 
[INFO] --- maven-resources-plugin:2.6:resources (default-resources) @ ardulink-core-util ---
[INFO] Using 'UTF-8' encoding to copy filtered resources.
[INFO] skip non existing resourceDirectory /home/gabsko/breaking-updates/ardulink-core-util/src/main/resources
[INFO] 
[INFO] --- maven-compiler-plugin:3.1:compile (default-compile) @ ardulink-core-util ---
[INFO] Changes detected - recompiling the module!
[INFO] Compiling 27 source files to /home/gabsko/breaking-updates/ardulink-core-util/target/classes
[INFO] 
[INFO] --- maven-resources-plugin:2.6:testResources (default-testResources) @ ardulink-core-util ---
[INFO] Using 'UTF-8' encoding to copy filtered resources.
[INFO] skip non existing resourceDirectory /home/gabsko/breaking-updates/ardulink-core-util/src/test/resources
[INFO] 
[INFO] --- maven-compiler-plugin:3.1:testCompile (default-testCompile) @ ardulink-core-util ---
[INFO] Changes detected - recompiling the module!
[INFO] Compiling 8 source files to /home/gabsko/breaking-updates/ardulink-core-util/target/test-classes
[WARNING] /home/gabsko/breaking-updates/ardulink-core-util/src/test/java/org/ardulink/util/PrimitivesTest.java: /home/gabsko/breaking-updates/ardulink-core-util/src/test/java/org/ardulink/util/PrimitivesTest.java uses or overrides a deprecated API.
[WARNING] /home/gabsko/breaking-updates/ardulink-core-util/src/test/java/org/ardulink/util/PrimitivesTest.java: Recompile with -Xlint:deprecation for details.
[INFO] 
[INFO] --- maven-surefire-plugin:2.22.2:test (default-test) @ ardulink-core-util ---
[INFO] 
[INFO] -------------------------------------------------------
[INFO]  T E S T S
[INFO] -------------------------------------------------------
[INFO] Running org.ardulink.util.URIsTest
[INFO] Tests run: 2, Failures: 0, Errors: 0, Skipped: 0, Time elapsed: 0.034 s - in org.ardulink.util.URIsTest
[INFO] Running org.ardulink.util.OptionalTest
[INFO] Tests run: 12, Failures: 0, Errors: 0, Skipped: 0, Time elapsed: 0.001 s - in org.ardulink.util.OptionalTest
[INFO] Running org.ardulink.util.ListMultiMapTest
[INFO] Tests run: 3, Failures: 0, Errors: 0, Skipped: 0, Time elapsed: 0 s - in org.ardulink.util.ListMultiMapTest
[INFO] Running org.ardulink.util.IteratorsTest
[INFO] Tests run: 2, Failures: 0, Errors: 0, Skipped: 0, Time elapsed: 0 s - in org.ardulink.util.IteratorsTest
[INFO] Running org.ardulink.util.ObjectsTest
[INFO] Tests run: 3, Failures: 0, Errors: 0, Skipped: 0, Time elapsed: 0 s - in org.ardulink.util.ObjectsTest
[INFO] Running org.ardulink.util.SetMultiMapTest
[INFO] Tests run: 5, Failures: 0, Errors: 0, Skipped: 0, Time elapsed: 0 s - in org.ardulink.util.SetMultiMapTest
[INFO] Running org.ardulink.util.PrimitivesTest
[INFO] Tests run: 12, Failures: 0, Errors: 0, Skipped: 0, Time elapsed: 0 s - in org.ardulink.util.PrimitivesTest
[INFO] Running org.ardulink.util.ByteArrayTest
[INFO] Tests run: 1, Failures: 0, Errors: 0, Skipped: 0, Time elapsed: 0 s - in org.ardulink.util.ByteArrayTest
[INFO] 
[INFO] Results:
[INFO] 
[INFO] Tests run: 40, Failures: 0, Errors: 0, Skipped: 0
[INFO] 
[INFO] 
[INFO] ------------------< org.ardulink:ardulink-core-beans >------------------
[INFO] Building ardulink-core-beans 2.1.2-SNAPSHOT                       [3/27]
[INFO] --------------------------------[ jar ]---------------------------------
[INFO] 
[INFO] --- maven-clean-plugin:2.5:clean (default-clean) @ ardulink-core-beans ---
[INFO] Deleting /home/gabsko/breaking-updates/ardulink-core-beans/target
[INFO] 
[INFO] --- maven-resources-plugin:2.6:resources (default-resources) @ ardulink-core-beans ---
[INFO] Using 'UTF-8' encoding to copy filtered resources.
[INFO] skip non existing resourceDirectory /home/gabsko/breaking-updates/ardulink-core-beans/src/main/resources
[INFO] 
[INFO] --- maven-compiler-plugin:3.1:compile (default-compile) @ ardulink-core-beans ---
[INFO] Changes detected - recompiling the module!
[INFO] Compiling 9 source files to /home/gabsko/breaking-updates/ardulink-core-beans/target/classes
[INFO] 
[INFO] --- maven-resources-plugin:2.6:testResources (default-testResources) @ ardulink-core-beans ---
[INFO] Using 'UTF-8' encoding to copy filtered resources.
[INFO] skip non existing resourceDirectory /home/gabsko/breaking-updates/ardulink-core-beans/src/test/resources
[INFO] 
[INFO] --- maven-compiler-plugin:3.1:testCompile (default-testCompile) @ ardulink-core-beans ---
[INFO] Changes detected - recompiling the module!
[INFO] Compiling 2 source files to /home/gabsko/breaking-updates/ardulink-core-beans/target/test-classes
[INFO] 
[INFO] --- maven-surefire-plugin:2.22.2:test (default-test) @ ardulink-core-beans ---
[INFO] 
[INFO] -------------------------------------------------------
[INFO]  T E S T S
[INFO] -------------------------------------------------------
[INFO] Running org.ardulink.core.beans.AnnotationsTest
[INFO] Tests run: 5, Failures: 0, Errors: 0, Skipped: 0, Time elapsed: 0.091 s - in org.ardulink.core.beans.AnnotationsTest
[INFO] Running org.ardulink.core.beans.BeanPropertiesTest
[INFO] Tests run: 13, Failures: 0, Errors: 0, Skipped: 0, Time elapsed: 0.018 s - in org.ardulink.core.beans.BeanPropertiesTest
[INFO] 
[INFO] Results:
[INFO] 
[INFO] Tests run: 18, Failures: 0, Errors: 0, Skipped: 0
[INFO] 
[INFO] 
[INFO] ------------------< org.ardulink:ardulink-core-base >-------------------
[INFO] Building ardulink-core-base 2.1.2-SNAPSHOT                        [4/27]
[INFO] --------------------------------[ jar ]---------------------------------
[INFO] 
[INFO] --- maven-clean-plugin:2.5:clean (default-clean) @ ardulink-core-base ---
[INFO] Deleting /home/gabsko/breaking-updates/ardulink-core-base/target
[INFO] 
[INFO] --- maven-resources-plugin:2.6:resources (default-resources) @ ardulink-core-base ---
[INFO] Using 'UTF-8' encoding to copy filtered resources.
[INFO] Copying 2 resources
[INFO] 
[INFO] --- maven-compiler-plugin:3.1:compile (default-compile) @ ardulink-core-base ---
[INFO] Changes detected - recompiling the module!
[INFO] Compiling 74 source files to /home/gabsko/breaking-updates/ardulink-core-base/target/classes
[WARNING] /home/gabsko/breaking-updates/ardulink-core-base/src/main/java/org/ardulink/core/linkmanager/providers/FactoriesViaMetaInfArdulink.java: /home/gabsko/breaking-updates/ardulink-core-base/src/main/java/org/ardulink/core/linkmanager/providers/FactoriesViaMetaInfArdulink.java uses or overrides a deprecated API.
[WARNING] /home/gabsko/breaking-updates/ardulink-core-base/src/main/java/org/ardulink/core/linkmanager/providers/FactoriesViaMetaInfArdulink.java: Recompile with -Xlint:deprecation for details.
[WARNING] /home/gabsko/breaking-updates/ardulink-core-base/src/main/java/org/ardulink/core/linkmanager/LinkManager.java: /home/gabsko/breaking-updates/ardulink-core-base/src/main/java/org/ardulink/core/linkmanager/LinkManager.java uses unchecked or unsafe operations.
[WARNING] /home/gabsko/breaking-updates/ardulink-core-base/src/main/java/org/ardulink/core/linkmanager/LinkManager.java: Recompile with -Xlint:unchecked for details.
[INFO] 
[INFO] --- maven-resources-plugin:2.6:testResources (default-testResources) @ ardulink-core-base ---
[INFO] Using 'UTF-8' encoding to copy filtered resources.
[INFO] Copying 6 resources
[INFO] 
[INFO] --- maven-compiler-plugin:3.1:testCompile (default-testCompile) @ ardulink-core-base ---
[INFO] Changes detected - recompiling the module!
[INFO] Compiling 26 source files to /home/gabsko/breaking-updates/ardulink-core-base/target/test-classes
[INFO] 
[INFO] --- maven-surefire-plugin:2.22.2:test (default-test) @ ardulink-core-base ---
[INFO] 
[INFO] -------------------------------------------------------
[INFO]  T E S T S
[INFO] -------------------------------------------------------
[INFO] Running org.ardulink.core.linkmanager.DummyLinkFactoryTest
SLF4J: Failed to load class "org.slf4j.impl.StaticLoggerBinder".
SLF4J: Defaulting to no-operation (NOP) logger implementation
SLF4J: See http://www.slf4j.org/codes.html#StaticLoggerBinder for further details.
[INFO] Tests run: 17, Failures: 0, Errors: 0, Skipped: 0, Time elapsed: 0.253 s - in org.ardulink.core.linkmanager.DummyLinkFactoryTest
[INFO] Running org.ardulink.core.linkmanager.LinkConfigWithDependentAttributesLinkFactoryTest
[INFO] Tests run: 1, Failures: 0, Errors: 0, Skipped: 0, Time elapsed: 0.007 s - in org.ardulink.core.linkmanager.LinkConfigWithDependentAttributesLinkFactoryTest
[INFO] Running org.ardulink.core.linkmanager.LinkManagerTest
[INFO] Tests run: 7, Failures: 0, Errors: 0, Skipped: 0, Time elapsed: 0.031 s - in org.ardulink.core.linkmanager.LinkManagerTest
[INFO] Running org.ardulink.core.ConnectionBasedLinkTest
[INFO] Tests run: 19, Failures: 0, Errors: 0, Skipped: 0, Time elapsed: 5.108 s - in org.ardulink.core.ConnectionBasedLinkTest
[INFO] Running org.ardulink.core.WaitForArduinoToBootTest
[INFO] Tests run: 5, Failures: 0, Errors: 0, Skipped: 0, Time elapsed: 7.142 s - in org.ardulink.core.WaitForArduinoToBootTest
[INFO] Running org.ardulink.core.qos.QosLinkTest
[INFO] Tests run: 4, Failures: 0, Errors: 0, Skipped: 0, Time elapsed: 1.014 s - in org.ardulink.core.qos.QosLinkTest
[INFO] Running org.ardulink.core.proto.api.ProtocolsTest
[INFO] Tests run: 3, Failures: 0, Errors: 0, Skipped: 0, Time elapsed: 0.001 s - in org.ardulink.core.proto.api.ProtocolsTest
[INFO] Running org.ardulink.core.StreamReaderTest
[INFO] Tests run: 4, Failures: 0, Errors: 0, Skipped: 0, Time elapsed: 4.441 s - in org.ardulink.core.StreamReaderTest
[INFO] Running org.ardulink.core.convenience.LinksTest
[INFO] Tests run: 14, Failures: 0, Errors: 0, Skipped: 0, Time elapsed: 0.102 s - in org.ardulink.core.convenience.LinksTest
[INFO] Running org.ardulink.testsupport.mock.MockLinkFactoryTest
[INFO] Tests run: 4, Failures: 0, Errors: 0, Skipped: 0, Time elapsed: 0.013 s - in org.ardulink.testsupport.mock.MockLinkFactoryTest
[INFO] 
[INFO] Results:
[INFO] 
[INFO] Tests run: 78, Failures: 0, Errors: 0, Skipped: 0
[INFO] 
[INFO] 
[INFO] -----------------< org.ardulink:ardulink-core-virtual >-----------------
[INFO] Building ardulink-core-virtual 2.1.2-SNAPSHOT                     [5/27]
[INFO] --------------------------------[ jar ]---------------------------------
[INFO] 
[INFO] --- maven-clean-plugin:2.5:clean (default-clean) @ ardulink-core-virtual ---
[INFO] Deleting /home/gabsko/breaking-updates/ardulink-core-virtual/target
[INFO] 
[INFO] --- maven-resources-plugin:2.6:resources (default-resources) @ ardulink-core-virtual ---
[INFO] Using 'UTF-8' encoding to copy filtered resources.
[INFO] Copying 1 resource
[INFO] 
[INFO] --- maven-compiler-plugin:3.1:compile (default-compile) @ ardulink-core-virtual ---
[INFO] Changes detected - recompiling the module!
[INFO] Compiling 5 source files to /home/gabsko/breaking-updates/ardulink-core-virtual/target/classes
[INFO] 
[INFO] --- maven-resources-plugin:2.6:testResources (default-testResources) @ ardulink-core-virtual ---
[INFO] Using 'UTF-8' encoding to copy filtered resources.
[INFO] skip non existing resourceDirectory /home/gabsko/breaking-updates/ardulink-core-virtual/src/test/resources
[INFO] 
[INFO] --- maven-compiler-plugin:3.1:testCompile (default-testCompile) @ ardulink-core-virtual ---
[INFO] No sources to compile
[INFO] 
[INFO] --- maven-surefire-plugin:2.22.2:test (default-test) @ ardulink-core-virtual ---
[INFO] No tests to run.
[INFO] 
[INFO] -----------------< org.ardulink:ardulink-core-nodemcu >-----------------
[INFO] Building ardulink-core-nodemcu 2.1.2-SNAPSHOT                     [6/27]
[INFO] --------------------------------[ jar ]---------------------------------
[INFO] 
[INFO] --- maven-clean-plugin:2.5:clean (default-clean) @ ardulink-core-nodemcu ---
[INFO] Deleting /home/gabsko/breaking-updates/ardulink-core-nodemcu/target
[INFO] 
[INFO] --- maven-resources-plugin:2.6:resources (default-resources) @ ardulink-core-nodemcu ---
[INFO] Using 'UTF-8' encoding to copy filtered resources.
[INFO] Copying 2 resources
[INFO] 
[INFO] --- maven-compiler-plugin:3.1:compile (default-compile) @ ardulink-core-nodemcu ---
[INFO] Changes detected - recompiling the module!
[INFO] Compiling 2 source files to /home/gabsko/breaking-updates/ardulink-core-nodemcu/target/classes
[INFO] 
[INFO] --- maven-resources-plugin:2.6:testResources (default-testResources) @ ardulink-core-nodemcu ---
[INFO] Using 'UTF-8' encoding to copy filtered resources.
[INFO] skip non existing resourceDirectory /home/gabsko/breaking-updates/ardulink-core-nodemcu/src/test/resources
[INFO] 
[INFO] --- maven-compiler-plugin:3.1:testCompile (default-testCompile) @ ardulink-core-nodemcu ---
[INFO] Changes detected - recompiling the module!
[INFO] Compiling 1 source file to /home/gabsko/breaking-updates/ardulink-core-nodemcu/target/test-classes
[INFO] 
[INFO] --- maven-surefire-plugin:2.22.2:test (default-test) @ ardulink-core-nodemcu ---
[INFO] 
[INFO] -------------------------------------------------------
[INFO]  T E S T S
[INFO] -------------------------------------------------------
[INFO] Running org.ardulink.core.proto.impl.LuaProtoTest
[INFO] Tests run: 5, Failures: 0, Errors: 0, Skipped: 0, Time elapsed: 0.05 s - in org.ardulink.core.proto.impl.LuaProtoTest
[INFO] 
[INFO] Results:
[INFO] 
[INFO] Tests run: 5, Failures: 0, Errors: 0, Skipped: 0
[INFO] 
[INFO] 
[INFO] ---------------< org.ardulink:ardulink-core-serial-rxtx >---------------
[INFO] Building ardulink-core-serial-rxtx 2.1.2-SNAPSHOT                 [7/27]
[INFO] --------------------------------[ jar ]---------------------------------
[INFO] 
[INFO] --- maven-clean-plugin:2.5:clean (default-clean) @ ardulink-core-serial-rxtx ---
[INFO] Deleting /home/gabsko/breaking-updates/ardulink-core-serial-rxtx/target
[INFO] 
[INFO] --- maven-resources-plugin:2.6:resources (default-resources) @ ardulink-core-serial-rxtx ---
[INFO] Using 'UTF-8' encoding to copy filtered resources.
[INFO] Copying 2 resources
[INFO] 
[INFO] --- maven-compiler-plugin:3.1:compile (default-compile) @ ardulink-core-serial-rxtx ---
[INFO] Changes detected - recompiling the module!
[INFO] Compiling 2 source files to /home/gabsko/breaking-updates/ardulink-core-serial-rxtx/target/classes
[INFO] 
[INFO] --- maven-resources-plugin:2.6:testResources (default-testResources) @ ardulink-core-serial-rxtx ---
[INFO] Using 'UTF-8' encoding to copy filtered resources.
[INFO] skip non existing resourceDirectory /home/gabsko/breaking-updates/ardulink-core-serial-rxtx/src/test/resources
[INFO] 
[INFO] --- maven-compiler-plugin:3.1:testCompile (default-testCompile) @ ardulink-core-serial-rxtx ---
[INFO] Changes detected - recompiling the module!
[INFO] Compiling 2 source files to /home/gabsko/breaking-updates/ardulink-core-serial-rxtx/target/test-classes
[INFO] 
[INFO] --- maven-surefire-plugin:2.22.2:test (default-test) @ ardulink-core-serial-rxtx ---
[INFO] 
[INFO] -------------------------------------------------------
[INFO]  T E S T S
[INFO] -------------------------------------------------------
[INFO] Running org.ardulink.core.serial.rxtx.I18NTest
[INFO] Tests run: 1, Failures: 0, Errors: 0, Skipped: 0, Time elapsed: 0.108 s - in org.ardulink.core.serial.rxtx.I18NTest
[INFO] 
[INFO] Results:
[INFO] 
[INFO] Tests run: 1, Failures: 0, Errors: 0, Skipped: 0
[INFO] 
[INFO] 
[INFO] ---------------< org.ardulink:ardulink-core-serial-jssc >---------------
[INFO] Building ardulink-core-serial-jssc 2.1.2-SNAPSHOT                 [8/27]
[INFO] --------------------------------[ jar ]---------------------------------
[INFO] 
[INFO] --- maven-clean-plugin:2.5:clean (default-clean) @ ardulink-core-serial-jssc ---
[INFO] Deleting /home/gabsko/breaking-updates/ardulink-core-serial-jssc/target
[INFO] 
[INFO] --- maven-resources-plugin:2.6:resources (default-resources) @ ardulink-core-serial-jssc ---
[INFO] Using 'UTF-8' encoding to copy filtered resources.
[INFO] Copying 2 resources
[INFO] 
[INFO] --- maven-compiler-plugin:3.1:compile (default-compile) @ ardulink-core-serial-jssc ---
[INFO] Changes detected - recompiling the module!
[INFO] Compiling 4 source files to /home/gabsko/breaking-updates/ardulink-core-serial-jssc/target/classes
[INFO] 
[INFO] --- maven-resources-plugin:2.6:testResources (default-testResources) @ ardulink-core-serial-jssc ---
[INFO] Using 'UTF-8' encoding to copy filtered resources.
[INFO] skip non existing resourceDirectory /home/gabsko/breaking-updates/ardulink-core-serial-jssc/src/test/resources
[INFO] 
[INFO] --- maven-compiler-plugin:3.1:testCompile (default-testCompile) @ ardulink-core-serial-jssc ---
[INFO] Changes detected - recompiling the module!
[INFO] Compiling 3 source files to /home/gabsko/breaking-updates/ardulink-core-serial-jssc/target/test-classes
[INFO] 
[INFO] --- maven-surefire-plugin:2.22.2:test (default-test) @ ardulink-core-serial-jssc ---
[INFO] 
[INFO] -------------------------------------------------------
[INFO]  T E S T S
[INFO] -------------------------------------------------------
[INFO] Running org.ardulink.core.serial.jssc.I18NTest
[INFO] Tests run: 1, Failures: 0, Errors: 0, Skipped: 0, Time elapsed: 0.099 s - in org.ardulink.core.serial.jssc.I18NTest
[INFO] Running org.ardulink.core.serial.jssc.connectionmanager.RealConnectionListenTest
[WARNING] Tests run: 1, Failures: 0, Errors: 0, Skipped: 1, Time elapsed: 0 s - in org.ardulink.core.serial.jssc.connectionmanager.RealConnectionListenTest
[INFO] 
[INFO] Results:
[INFO] 
[WARNING] Tests run: 2, Failures: 0, Errors: 0, Skipped: 1
[INFO] 
[INFO] 
[INFO] ----------------< org.ardulink:ardulink-core-bluetooth >----------------
[INFO] Building ardulink-core-bluetooth 2.1.2-SNAPSHOT                   [9/27]
[INFO] --------------------------------[ jar ]---------------------------------
[INFO] 
[INFO] --- maven-clean-plugin:2.5:clean (default-clean) @ ardulink-core-bluetooth ---
[INFO] Deleting /home/gabsko/breaking-updates/ardulink-core-bluetooth/target
[INFO] 
[INFO] --- maven-resources-plugin:2.6:resources (default-resources) @ ardulink-core-bluetooth ---
[INFO] Using 'UTF-8' encoding to copy filtered resources.
[INFO] Copying 1 resource
[INFO] 
[INFO] --- maven-compiler-plugin:3.1:compile (default-compile) @ ardulink-core-bluetooth ---
[INFO] Changes detected - recompiling the module!
[INFO] Compiling 3 source files to /home/gabsko/breaking-updates/ardulink-core-bluetooth/target/classes
[INFO] 
[INFO] --- maven-resources-plugin:2.6:testResources (default-testResources) @ ardulink-core-bluetooth ---
[INFO] Using 'UTF-8' encoding to copy filtered resources.
[INFO] skip non existing resourceDirectory /home/gabsko/breaking-updates/ardulink-core-bluetooth/src/test/resources
[INFO] 
[INFO] --- maven-compiler-plugin:3.1:testCompile (default-testCompile) @ ardulink-core-bluetooth ---
[INFO] No sources to compile
[INFO] 
[INFO] --- maven-surefire-plugin:2.22.2:test (default-test) @ ardulink-core-bluetooth ---
[INFO] No tests to run.
[INFO] 
[INFO] ----------------< org.ardulink:ardulink-core-digispark >----------------
[INFO] Building ardulink-core-digispark 2.1.2-SNAPSHOT                  [10/27]
[INFO] --------------------------------[ jar ]---------------------------------
[INFO] 
[INFO] --- maven-clean-plugin:2.5:clean (default-clean) @ ardulink-core-digispark ---
[INFO] Deleting /home/gabsko/breaking-updates/ardulink-core-digispark/target
[INFO] 
[INFO] --- maven-resources-plugin:2.6:resources (default-resources) @ ardulink-core-digispark ---
[INFO] Using 'UTF-8' encoding to copy filtered resources.
[INFO] Copying 1 resource
[INFO] 
[INFO] --- maven-compiler-plugin:3.1:compile (default-compile) @ ardulink-core-digispark ---
[INFO] Changes detected - recompiling the module!
[INFO] Compiling 5 source files to /home/gabsko/breaking-updates/ardulink-core-digispark/target/classes
[INFO] 
[INFO] --- maven-resources-plugin:2.6:testResources (default-testResources) @ ardulink-core-digispark ---
[INFO] Using 'UTF-8' encoding to copy filtered resources.
[INFO] skip non existing resourceDirectory /home/gabsko/breaking-updates/ardulink-core-digispark/src/test/resources
[INFO] 
[INFO] --- maven-compiler-plugin:3.1:testCompile (default-testCompile) @ ardulink-core-digispark ---
[INFO] No sources to compile
[INFO] 
[INFO] --- maven-surefire-plugin:2.22.2:test (default-test) @ ardulink-core-digispark ---
[INFO] No tests to run.
[INFO] 
[INFO] ----------------< org.ardulink:ardulink-core-raspberry >----------------
[INFO] Building ardulink-core-raspberry 2.1.2-SNAPSHOT                  [11/27]
[INFO] --------------------------------[ jar ]---------------------------------
[INFO] 
[INFO] --- maven-clean-plugin:2.5:clean (default-clean) @ ardulink-core-raspberry ---
[INFO] Deleting /home/gabsko/breaking-updates/ardulink-core-raspberry/target
[INFO] 
[INFO] --- maven-resources-plugin:2.6:resources (default-resources) @ ardulink-core-raspberry ---
[INFO] Using 'UTF-8' encoding to copy filtered resources.
[INFO] Copying 1 resource
[INFO] 
[INFO] --- maven-compiler-plugin:3.1:compile (default-compile) @ ardulink-core-raspberry ---
[INFO] Changes detected - recompiling the module!
[INFO] Compiling 2 source files to /home/gabsko/breaking-updates/ardulink-core-raspberry/target/classes
[INFO] 
[INFO] --- maven-resources-plugin:2.6:testResources (default-testResources) @ ardulink-core-raspberry ---
[INFO] Using 'UTF-8' encoding to copy filtered resources.
[INFO] skip non existing resourceDirectory /home/gabsko/breaking-updates/ardulink-core-raspberry/src/test/resources
[INFO] 
[INFO] --- maven-compiler-plugin:3.1:testCompile (default-testCompile) @ ardulink-core-raspberry ---
[INFO] Changes detected - recompiling the module!
[INFO] Compiling 1 source file to /home/gabsko/breaking-updates/ardulink-core-raspberry/target/test-classes
[INFO] 
[INFO] --- maven-surefire-plugin:2.22.2:test (default-test) @ ardulink-core-raspberry ---
[INFO] 
[INFO] -------------------------------------------------------
[INFO]  T E S T S
[INFO] -------------------------------------------------------
[INFO] Running org.ardulink.core.raspi.PiLinkTest
SLF4J: Failed to load class "org.slf4j.impl.StaticLoggerBinder".
SLF4J: Defaulting to no-operation (NOP) logger implementation
SLF4J: See http://www.slf4j.org/codes.html#StaticLoggerBinder for further details.
Jan 16, 2023 1:26:36 PM com.pi4j.util.NativeLibraryLoader load
SEVERE: Unable to load [libpi4j.so] using path: [/lib/raspberrypi/dynamic/libpi4j.so]
java.lang.UnsatisfiedLinkError: /tmp/libpi4j8395570692487289039.so: /tmp/libpi4j8395570692487289039.so: wrong ELF class: ELFCLASS32 (Possible cause: architecture word width mismatch)
	at java.base/java.lang.ClassLoader$NativeLibrary.load0(Native Method)
	at java.base/java.lang.ClassLoader$NativeLibrary.load(ClassLoader.java:2445)
	at java.base/java.lang.ClassLoader$NativeLibrary.loadLibrary(ClassLoader.java:2501)
	at java.base/java.lang.ClassLoader.loadLibrary0(ClassLoader.java:2700)
	at java.base/java.lang.ClassLoader.loadLibrary(ClassLoader.java:2630)
	at java.base/java.lang.Runtime.load0(Runtime.java:768)
	at java.base/java.lang.System.load(System.java:1837)
	at com.pi4j.util.NativeLibraryLoader.loadLibraryFromClasspath(NativeLibraryLoader.java:227)
	at com.pi4j.util.NativeLibraryLoader.load(NativeLibraryLoader.java:172)
	at com.pi4j.wiringpi.Gpio.<clinit>(Gpio.java:189)
	at com.pi4j.io.gpio.RaspiGpioProvider.<init>(RaspiGpioProvider.java:69)
	at com.pi4j.io.gpio.RaspiGpioProvider.<init>(RaspiGpioProvider.java:51)
	at com.pi4j.platform.Platform.getGpioProvider(Platform.java:125)
	at com.pi4j.platform.Platform.getGpioProvider(Platform.java:118)
	at com.pi4j.io.gpio.GpioFactory.getDefaultProvider(GpioFactory.java:109)
	at com.pi4j.io.gpio.impl.GpioControllerImpl.<init>(GpioControllerImpl.java:53)
	at com.pi4j.io.gpio.GpioFactory.getInstance(GpioFactory.java:91)
	at org.ardulink.core.raspi.PiLink.<init>(PiLink.java:68)
	at java.base/jdk.internal.reflect.NativeConstructorAccessorImpl.newInstance0(Native Method)
	at java.base/jdk.internal.reflect.NativeConstructorAccessorImpl.newInstance(NativeConstructorAccessorImpl.java:62)
	at java.base/jdk.internal.reflect.DelegatingConstructorAccessorImpl.newInstance(DelegatingConstructorAccessorImpl.java:45)
	at java.base/java.lang.reflect.Constructor.newInstance(Constructor.java:490)
	at org.ardulink.core.linkmanager.providers.FactoriesViaMetaInfArdulink$GenericLinkFactory.newLink(FactoriesViaMetaInfArdulink.java:84)
	at org.ardulink.core.linkmanager.LinkManager$DefaultConfigurer.newLink(LinkManager.java:545)
	at org.ardulink.core.convenience.Links.getLink(Links.java:203)
	at org.ardulink.core.convenience.Links.getLink(Links.java:149)
	at org.ardulink.core.convenience.Links.getLink(Links.java:135)
	at org.ardulink.core.raspi.PiLinkTest$1.run(PiLinkTest.java:44)
	at org.junit.Assert.assertThrows(Assert.java:1001)
	at org.junit.Assert.assertThrows(Assert.java:981)
	at org.ardulink.core.raspi.PiLinkTest.creatingInstanceWillFailOnX86withUnsatisfiedLinkError(PiLinkTest.java:47)
	at java.base/jdk.internal.reflect.NativeMethodAccessorImpl.invoke0(Native Method)
	at java.base/jdk.internal.reflect.NativeMethodAccessorImpl.invoke(NativeMethodAccessorImpl.java:62)
	at java.base/jdk.internal.reflect.DelegatingMethodAccessorImpl.invoke(DelegatingMethodAccessorImpl.java:43)
	at java.base/java.lang.reflect.Method.invoke(Method.java:566)
	at org.junit.runners.model.FrameworkMethod$1.runReflectiveCall(FrameworkMethod.java:59)
	at org.junit.internal.runners.model.ReflectiveCallable.run(ReflectiveCallable.java:12)
	at org.junit.runners.model.FrameworkMethod.invokeExplosively(FrameworkMethod.java:56)
	at org.junit.internal.runners.statements.InvokeMethod.evaluate(InvokeMethod.java:17)
	at org.junit.runners.ParentRunner$3.evaluate(ParentRunner.java:306)
	at org.junit.runners.BlockJUnit4ClassRunner$1.evaluate(BlockJUnit4ClassRunner.java:100)
	at org.junit.runners.ParentRunner.runLeaf(ParentRunner.java:366)
	at org.junit.runners.BlockJUnit4ClassRunner.runChild(BlockJUnit4ClassRunner.java:103)
	at org.junit.runners.BlockJUnit4ClassRunner.runChild(BlockJUnit4ClassRunner.java:63)
	at org.junit.runners.ParentRunner$4.run(ParentRunner.java:331)
	at org.junit.runners.ParentRunner$1.schedule(ParentRunner.java:79)
	at org.junit.runners.ParentRunner.runChildren(ParentRunner.java:329)
	at org.junit.runners.ParentRunner.access$100(ParentRunner.java:66)
	at org.junit.runners.ParentRunner$2.evaluate(ParentRunner.java:293)
	at org.junit.runners.ParentRunner$3.evaluate(ParentRunner.java:306)
	at org.junit.runners.ParentRunner.run(ParentRunner.java:413)
	at org.apache.maven.surefire.junit4.JUnit4Provider.execute(JUnit4Provider.java:365)
	at org.apache.maven.surefire.junit4.JUnit4Provider.executeWithRerun(JUnit4Provider.java:273)
	at org.apache.maven.surefire.junit4.JUnit4Provider.executeTestSet(JUnit4Provider.java:238)
	at org.apache.maven.surefire.junit4.JUnit4Provider.invoke(JUnit4Provider.java:159)
	at org.apache.maven.surefire.booter.ForkedBooter.invokeProviderInSameClassLoader(ForkedBooter.java:384)
	at org.apache.maven.surefire.booter.ForkedBooter.runSuitesInProcess(ForkedBooter.java:345)
	at org.apache.maven.surefire.booter.ForkedBooter.execute(ForkedBooter.java:126)
	at org.apache.maven.surefire.booter.ForkedBooter.main(ForkedBooter.java:418)

[INFO] Tests run: 1, Failures: 0, Errors: 0, Skipped: 0, Time elapsed: 0.125 s - in org.ardulink.core.raspi.PiLinkTest
[INFO] 
[INFO] Results:
[INFO] 
[INFO] Tests run: 1, Failures: 0, Errors: 0, Skipped: 0
[INFO] 
[INFO] 
[INFO] ------------------< org.ardulink:ardulink-core-proxy >------------------
[INFO] Building ardulink-core-proxy 2.1.2-SNAPSHOT                      [12/27]
[INFO] --------------------------------[ jar ]---------------------------------
[INFO] 
[INFO] --- maven-clean-plugin:2.5:clean (default-clean) @ ardulink-core-proxy ---
[INFO] Deleting /home/gabsko/breaking-updates/ardulink-core-proxy/target
[INFO] 
[INFO] --- maven-resources-plugin:2.6:resources (default-resources) @ ardulink-core-proxy ---
[INFO] Using 'UTF-8' encoding to copy filtered resources.
[INFO] Copying 1 resource
[INFO] 
[INFO] --- maven-compiler-plugin:3.1:compile (default-compile) @ ardulink-core-proxy ---
[INFO] Changes detected - recompiling the module!
[INFO] Compiling 3 source files to /home/gabsko/breaking-updates/ardulink-core-proxy/target/classes
[INFO] 
[INFO] --- maven-resources-plugin:2.6:testResources (default-testResources) @ ardulink-core-proxy ---
[INFO] Using 'UTF-8' encoding to copy filtered resources.
[INFO] skip non existing resourceDirectory /home/gabsko/breaking-updates/ardulink-core-proxy/src/test/resources
[INFO] 
[INFO] --- maven-compiler-plugin:3.1:testCompile (default-testCompile) @ ardulink-core-proxy ---
[INFO] Changes detected - recompiling the module!
[INFO] Compiling 2 source files to /home/gabsko/breaking-updates/ardulink-core-proxy/target/test-classes
[INFO] 
[INFO] --- maven-surefire-plugin:2.22.2:test (default-test) @ ardulink-core-proxy ---
[INFO] 
[INFO] -------------------------------------------------------
[INFO]  T E S T S
[INFO] -------------------------------------------------------
[INFO] Running org.ardulink.core.proxy.ProxyLinkFactoryTest
Jan 16, 2023 1:26:37 PM org.ardulink.core.proxy.ProxyServerDouble$1 run
INFO: Read ardulink:networkproxyserver:get_port_list
Jan 16, 2023 1:26:37 PM org.ardulink.core.proxy.ProxyServerDouble$1 run
INFO: Responding NUMBER_OF_PORTS=1
Jan 16, 2023 1:26:37 PM org.ardulink.core.proxy.ProxyServerDouble$1 run
INFO: Responding myPortNr0
Jan 16, 2023 1:26:37 PM org.ardulink.core.proxy.ProxyServerDouble$1 run
INFO: Read ardulink:networkproxyserver:get_port_list
Jan 16, 2023 1:26:37 PM org.ardulink.core.proxy.ProxyServerDouble$1 run
INFO: Responding NUMBER_OF_PORTS=1
Jan 16, 2023 1:26:37 PM org.ardulink.core.proxy.ProxyServerDouble$1 run
INFO: Responding myPortNr0
Jan 16, 2023 1:26:37 PM org.ardulink.core.proxy.ProxyServerDouble$1 run
INFO: Read ardulink:networkproxyserver:get_port_list
Jan 16, 2023 1:26:37 PM org.ardulink.core.proxy.ProxyServerDouble$1 run
INFO: Responding NUMBER_OF_PORTS=1
Jan 16, 2023 1:26:37 PM org.ardulink.core.proxy.ProxyServerDouble$1 run
INFO: Responding myPortNr0
Jan 16, 2023 1:26:37 PM org.ardulink.core.proxy.ProxyServerDouble$1 run
INFO: Read ardulink:networkproxyserver:connect
Jan 16, 2023 1:26:37 PM org.ardulink.core.proxy.ProxyServerDouble$1 run
INFO: Responding OK
Jan 16, 2023 1:26:37 PM org.ardulink.core.proxy.ProxyServerDouble$1 run
INFO: Read myPortNr0
Jan 16, 2023 1:26:37 PM org.ardulink.core.proxy.ProxyServerDouble$1 run
INFO: Read 115200
Jan 16, 2023 1:26:37 PM org.ardulink.core.StreamReader readUntilClosed
SEVERE: Error while Reader Initialization
java.net.SocketException: Socket closed
	at java.base/java.net.SocketInputStream.socketRead0(Native Method)
	at java.base/java.net.SocketInputStream.socketRead(SocketInputStream.java:115)
	at java.base/java.net.SocketInputStream.read(SocketInputStream.java:168)
	at java.base/java.net.SocketInputStream.read(SocketInputStream.java:140)
	at java.base/java.net.SocketInputStream.read(SocketInputStream.java:126)
	at org.ardulink.core.StreamScanner.read(StreamScanner.java:62)
	at org.ardulink.core.StreamScanner.hasNext(StreamScanner.java:52)
	at org.ardulink.core.StreamReader.readUntilClosed(StreamReader.java:69)
	at org.ardulink.core.StreamReader$1.run(StreamReader.java:60)

Jan 16, 2023 1:26:37 PM org.ardulink.core.proxy.ProxyServerDouble$1 run
INFO: Read ardulink:networkproxyserver:get_port_list
Jan 16, 2023 1:26:37 PM org.ardulink.core.proxy.ProxyServerDouble$1 run
INFO: Responding NUMBER_OF_PORTS=1
Jan 16, 2023 1:26:37 PM org.ardulink.core.proxy.ProxyServerDouble$1 run
INFO: Responding myPortNr0
Jan 16, 2023 1:26:37 PM org.ardulink.core.proxy.ProxyServerDouble$1 run
INFO: Read ardulink:networkproxyserver:connect
Jan 16, 2023 1:26:37 PM org.ardulink.core.proxy.ProxyServerDouble$1 run
INFO: Responding OK
Jan 16, 2023 1:26:37 PM org.ardulink.core.proxy.ProxyServerDouble$1 run
INFO: Read myPortNr0
Jan 16, 2023 1:26:37 PM org.ardulink.core.proxy.ProxyServerDouble$1 run
INFO: Read 115200
Jan 16, 2023 1:26:37 PM org.ardulink.core.proxy.ProxyServerDouble$1 run
INFO: Read alp://ppin/1/123
Jan 16, 2023 1:26:37 PM org.ardulink.core.StreamReader readUntilClosed
SEVERE: Error while Reader Initialization
java.net.SocketException: Socket closed
	at java.base/java.net.SocketInputStream.socketRead0(Native Method)
	at java.base/java.net.SocketInputStream.socketRead(SocketInputStream.java:115)
	at java.base/java.net.SocketInputStream.read(SocketInputStream.java:168)
	at java.base/java.net.SocketInputStream.read(SocketInputStream.java:140)
	at java.base/java.net.SocketInputStream.read(SocketInputStream.java:126)
	at org.ardulink.core.StreamScanner.read(StreamScanner.java:62)
	at org.ardulink.core.StreamScanner.hasNext(StreamScanner.java:52)
	at org.ardulink.core.StreamReader.readUntilClosed(StreamReader.java:69)
	at org.ardulink.core.StreamReader$1.run(StreamReader.java:60)

Jan 16, 2023 1:26:37 PM org.ardulink.core.proxy.ProxyServerDouble$1 run
INFO: Read ardulink:networkproxyserver:get_port_list
Jan 16, 2023 1:26:37 PM org.ardulink.core.proxy.ProxyServerDouble$1 run
INFO: Responding NUMBER_OF_PORTS=0
[INFO] Tests run: 4, Failures: 0, Errors: 0, Skipped: 0, Time elapsed: 0.36 s - in org.ardulink.core.proxy.ProxyLinkFactoryTest
[INFO] 
[INFO] Results:
[INFO] 
[INFO] Tests run: 4, Failures: 0, Errors: 0, Skipped: 0
[INFO] 
[INFO] 
[INFO] ------------------< org.ardulink:ardulink-core-mqtt >-------------------
[INFO] Building ardulink-core-mqtt 2.1.2-SNAPSHOT                       [13/27]
[INFO] --------------------------------[ jar ]---------------------------------
[INFO] 
[INFO] --- maven-clean-plugin:2.5:clean (default-clean) @ ardulink-core-mqtt ---
[INFO] Deleting /home/gabsko/breaking-updates/ardulink-core-mqtt/target
[INFO] 
[INFO] --- maven-resources-plugin:2.6:resources (default-resources) @ ardulink-core-mqtt ---
[INFO] Using 'UTF-8' encoding to copy filtered resources.
[INFO] Copying 2 resources
[INFO] 
[INFO] --- maven-compiler-plugin:3.1:compile (default-compile) @ ardulink-core-mqtt ---
[INFO] Changes detected - recompiling the module!
[INFO] Compiling 3 source files to /home/gabsko/breaking-updates/ardulink-core-mqtt/target/classes
[WARNING] /home/gabsko/breaking-updates/ardulink-core-mqtt/src/main/java/org/ardulink/core/mqtt/MqttLink.java: /home/gabsko/breaking-updates/ardulink-core-mqtt/src/main/java/org/ardulink/core/mqtt/MqttLink.java uses or overrides a deprecated API.
[WARNING] /home/gabsko/breaking-updates/ardulink-core-mqtt/src/main/java/org/ardulink/core/mqtt/MqttLink.java: Recompile with -Xlint:deprecation for details.
[INFO] 
[INFO] --- maven-resources-plugin:2.6:testResources (default-testResources) @ ardulink-core-mqtt ---
[INFO] Using 'UTF-8' encoding to copy filtered resources.
[INFO] skip non existing resourceDirectory /home/gabsko/breaking-updates/ardulink-core-mqtt/src/test/resources
[INFO] 
[INFO] --- maven-compiler-plugin:3.1:testCompile (default-testCompile) @ ardulink-core-mqtt ---
[INFO] Changes detected - recompiling the module!
[INFO] Compiling 9 source files to /home/gabsko/breaking-updates/ardulink-core-mqtt/target/test-classes
[INFO] 
[INFO] --- maven-surefire-plugin:2.22.2:test (default-test) @ ardulink-core-mqtt ---
[INFO] 
[INFO] -------------------------------------------------------
[INFO]  T E S T S
[INFO] -------------------------------------------------------
[INFO] Running org.ardulink.core.mqtt.I18NTest
[INFO] Tests run: 1, Failures: 0, Errors: 0, Skipped: 0, Time elapsed: 0.106 s - in org.ardulink.core.mqtt.I18NTest
[INFO] 
[INFO] Results:
[INFO] 
[INFO] Tests run: 1, Failures: 0, Errors: 0, Skipped: 0
[INFO] 
[INFO] 
[INFO] --------------------< org.ardulink:ardulink-legacy >--------------------
[INFO] Building ardulink-legacy 2.1.2-SNAPSHOT                          [14/27]
[INFO] --------------------------------[ jar ]---------------------------------
[INFO] 
[INFO] --- maven-clean-plugin:2.5:clean (default-clean) @ ardulink-legacy ---
[INFO] Deleting /home/gabsko/breaking-updates/ardulink-legacy/target
[INFO] 
[INFO] --- maven-resources-plugin:2.6:resources (default-resources) @ ardulink-legacy ---
[INFO] Using 'UTF-8' encoding to copy filtered resources.
[INFO] skip non existing resourceDirectory /home/gabsko/breaking-updates/ardulink-legacy/src/main/resources
[INFO] 
[INFO] --- maven-compiler-plugin:3.1:compile (default-compile) @ ardulink-legacy ---
[INFO] Changes detected - recompiling the module!
[INFO] Compiling 1 source file to /home/gabsko/breaking-updates/ardulink-legacy/target/classes
[INFO] 
[INFO] --- maven-resources-plugin:2.6:testResources (default-testResources) @ ardulink-legacy ---
[INFO] Using 'UTF-8' encoding to copy filtered resources.
[INFO] skip non existing resourceDirectory /home/gabsko/breaking-updates/ardulink-legacy/src/test/resources
[INFO] 
[INFO] --- maven-compiler-plugin:3.1:testCompile (default-testCompile) @ ardulink-legacy ---
[INFO] No sources to compile
[INFO] 
[INFO] --- maven-surefire-plugin:2.22.2:test (default-test) @ ardulink-legacy ---
[INFO] No tests to run.
[INFO] 
[INFO] --------------------< org.ardulink:ardulink-camel >---------------------
[INFO] Building ardulink-camel 2.1.2-SNAPSHOT                           [15/27]
[INFO] --------------------------------[ jar ]---------------------------------
[INFO] 
[INFO] --- maven-clean-plugin:2.5:clean (default-clean) @ ardulink-camel ---
[INFO] Deleting /home/gabsko/breaking-updates/ardulink-camel/target
[INFO] 
[INFO] --- maven-resources-plugin:2.6:resources (default-resources) @ ardulink-camel ---
[INFO] Using 'UTF-8' encoding to copy filtered resources.
[INFO] Copying 1 resource
[INFO] 
[INFO] --- maven-compiler-plugin:3.1:compile (default-compile) @ ardulink-camel ---
[INFO] Changes detected - recompiling the module!
[INFO] Compiling 5 source files to /home/gabsko/breaking-updates/ardulink-camel/target/classes
[INFO] 
[INFO] --- maven-resources-plugin:2.6:testResources (default-testResources) @ ardulink-camel ---
[INFO] Using 'UTF-8' encoding to copy filtered resources.
[INFO] skip non existing resourceDirectory /home/gabsko/breaking-updates/ardulink-camel/src/test/resources
[INFO] 
[INFO] --- maven-compiler-plugin:3.1:testCompile (default-testCompile) @ ardulink-camel ---
[INFO] Changes detected - recompiling the module!
[INFO] Compiling 3 source files to /home/gabsko/breaking-updates/ardulink-camel/target/test-classes
[INFO] 
[INFO] --- maven-surefire-plugin:2.22.2:test (default-test) @ ardulink-camel ---
[INFO] 
[INFO] -------------------------------------------------------
[INFO]  T E S T S
[INFO] -------------------------------------------------------
[INFO] Running org.ardulink.camel.test.ArdulinkComponentListenerTest
SLF4J: Failed to load class "org.slf4j.impl.StaticLoggerBinder".
SLF4J: Defaulting to no-operation (NOP) logger implementation
SLF4J: See http://www.slf4j.org/codes.html#StaticLoggerBinder for further details.
[INFO] Tests run: 3, Failures: 0, Errors: 0, Skipped: 0, Time elapsed: 0.541 s - in org.ardulink.camel.test.ArdulinkComponentListenerTest
[INFO] Running org.ardulink.camel.test.ArdulinkComponentTest
[WARNING] Tests run: 10, Failures: 0, Errors: 0, Skipped: 1, Time elapsed: 0.219 s - in org.ardulink.camel.test.ArdulinkComponentTest
[INFO] 
[INFO] Results:
[INFO] 
[WARNING] Tests run: 13, Failures: 0, Errors: 0, Skipped: 1
[INFO] 
[INFO] 
[INFO] --------------< org.ardulink:ardulink-networkproxyserver >--------------
[INFO] Building ardulink-networkproxyserver 2.1.2-SNAPSHOT              [16/27]
[INFO] --------------------------------[ jar ]---------------------------------
[INFO] 
[INFO] --- maven-clean-plugin:2.5:clean (default-clean) @ ardulink-networkproxyserver ---
[INFO] Deleting /home/gabsko/breaking-updates/ardulink-networkproxyserver/target
[INFO] 
[INFO] --- maven-resources-plugin:2.6:resources (default-resources) @ ardulink-networkproxyserver ---
[INFO] Using 'UTF-8' encoding to copy filtered resources.
[INFO] skip non existing resourceDirectory /home/gabsko/breaking-updates/ardulink-networkproxyserver/src/main/resources
[INFO] 
[INFO] --- maven-compiler-plugin:3.1:compile (default-compile) @ ardulink-networkproxyserver ---
[INFO] Changes detected - recompiling the module!
[INFO] Compiling 4 source files to /home/gabsko/breaking-updates/ardulink-networkproxyserver/target/classes
[INFO] 
[INFO] --- maven-resources-plugin:2.6:testResources (default-testResources) @ ardulink-networkproxyserver ---
[INFO] Using 'UTF-8' encoding to copy filtered resources.
[INFO] skip non existing resourceDirectory /home/gabsko/breaking-updates/ardulink-networkproxyserver/src/test/resources
[INFO] 
[INFO] --- maven-compiler-plugin:3.1:testCompile (default-testCompile) @ ardulink-networkproxyserver ---
[INFO] Changes detected - recompiling the module!
[INFO] Compiling 1 source file to /home/gabsko/breaking-updates/ardulink-networkproxyserver/target/test-classes
[INFO] 
[INFO] --- maven-surefire-plugin:2.22.2:test (default-test) @ ardulink-networkproxyserver ---
[INFO] 
[INFO] -------------------------------------------------------
[INFO]  T E S T S
[INFO] -------------------------------------------------------
[INFO] Running org.ardulink.connection.proxy.NetworkProxyServerTest
Ardulink Network Proxy Server listening on port 38281
[INFO] Tests run: 1, Failures: 0, Errors: 0, Skipped: 0, Time elapsed: 0.227 s - in org.ardulink.connection.proxy.NetworkProxyServerTest
[INFO] 
[INFO] Results:
[INFO] 
[INFO] Tests run: 1, Failures: 0, Errors: 0, Skipped: 0
[INFO] 
[INFO] 
[INFO] ---------------------< org.ardulink:ardulink-mqtt >---------------------
[INFO] Building ardulink-mqtt 2.1.2-SNAPSHOT                            [17/27]
[INFO] --------------------------------[ jar ]---------------------------------
[INFO] 
[INFO] --- maven-clean-plugin:2.5:clean (default-clean) @ ardulink-mqtt ---
[INFO] Deleting /home/gabsko/breaking-updates/ardulink-mqtt/target
[INFO] 
[INFO] --- maven-resources-plugin:2.6:resources (default-resources) @ ardulink-mqtt ---
[INFO] Using 'UTF-8' encoding to copy filtered resources.
[INFO] skip non existing resourceDirectory /home/gabsko/breaking-updates/ardulink-mqtt/src/main/resources
[INFO] 
[INFO] --- maven-compiler-plugin:3.1:compile (default-compile) @ ardulink-mqtt ---
[INFO] Changes detected - recompiling the module!
[INFO] Compiling 8 source files to /home/gabsko/breaking-updates/ardulink-mqtt/target/classes
[INFO] 
[INFO] --- maven-resources-plugin:2.6:testResources (default-testResources) @ ardulink-mqtt ---
[INFO] Using 'UTF-8' encoding to copy filtered resources.
[INFO] skip non existing resourceDirectory /home/gabsko/breaking-updates/ardulink-mqtt/src/test/resources
[INFO] 
[INFO] --- maven-compiler-plugin:3.1:testCompile (default-testCompile) @ ardulink-mqtt ---
[INFO] Changes detected - recompiling the module!
[INFO] Compiling 5 source files to /home/gabsko/breaking-updates/ardulink-mqtt/target/test-classes
[WARNING] /home/gabsko/breaking-updates/ardulink-mqtt/src/test/java/org/ardulink/mqtt/camel/MqttOnCamelMqttToLinkIntegrationTest.java: /home/gabsko/breaking-updates/ardulink-mqtt/src/test/java/org/ardulink/mqtt/camel/MqttOnCamelMqttToLinkIntegrationTest.java uses or overrides a deprecated API.
[WARNING] /home/gabsko/breaking-updates/ardulink-mqtt/src/test/java/org/ardulink/mqtt/camel/MqttOnCamelMqttToLinkIntegrationTest.java: Recompile with -Xlint:deprecation for details.
[INFO] 
[INFO] --- maven-surefire-plugin:2.22.2:test (default-test) @ ardulink-mqtt ---
[INFO] 
[INFO] -------------------------------------------------------
[INFO]  T E S T S
[INFO] -------------------------------------------------------
[INFO] Running org.ardulink.mqtt.camel.AggregateThrottleTest
SLF4J: Class path contains multiple SLF4J bindings.
SLF4J: Found binding in [jar:file:/home/gabsko/.m2/repository/org/slf4j/slf4j-jdk14/1.7.36/slf4j-jdk14-1.7.36.jar!/org/slf4j/impl/StaticLoggerBinder.class]
SLF4J: Found binding in [jar:file:/home/gabsko/.m2/repository/org/slf4j/slf4j-reload4j/1.7.36/slf4j-reload4j-1.7.36.jar!/org/slf4j/impl/StaticLoggerBinder.class]
SLF4J: See http://www.slf4j.org/codes.html#multiple_bindings for an explanation.
SLF4J: Actual binding is of type [org.slf4j.impl.JDK14LoggerFactory]
Jan 16, 2023 1:26:43 PM org.apache.camel.processor.aggregate.AggregateProcessor doStart
INFO: Defaulting to MemoryAggregationRepository
Jan 16, 2023 1:26:43 PM org.apache.camel.processor.aggregate.AggregateProcessor doStart
INFO: Using CompletionInterval to run every 1000 millis.
Jan 16, 2023 1:26:43 PM org.apache.camel.impl.engine.AbstractCamelContext logStartSummary
INFO: Routes startup (total:2 started:2)
Jan 16, 2023 1:26:43 PM org.apache.camel.impl.engine.AbstractCamelContext logStartSummary
INFO:     Started route1 (direct://in)
Jan 16, 2023 1:26:43 PM org.apache.camel.impl.engine.AbstractCamelContext logStartSummary
INFO:     Started route2 (direct://endOfAnalogAggregation)
Jan 16, 2023 1:26:43 PM org.apache.camel.impl.engine.AbstractCamelContext logStartSummary
INFO: Apache Camel 3.14.0 (camel-1) started in 198ms (build:38ms init:125ms start:35ms)
Jan 16, 2023 1:26:43 PM org.apache.camel.component.mock.MockEndpoint assertIsSatisfied
INFO: Asserting: mock://result is satisfied
Jan 16, 2023 1:26:44 PM org.apache.camel.impl.engine.AbstractCamelContext doStop
INFO: Apache Camel 3.14.0 (camel-1) shutting down (timeout:45s)
Jan 16, 2023 1:26:44 PM org.apache.camel.spi.CamelLogger log
INFO: Routes stopped (total:2 stopped:2)
Jan 16, 2023 1:26:44 PM org.apache.camel.spi.CamelLogger log
INFO:     Stopped route2 (direct://endOfAnalogAggregation)
Jan 16, 2023 1:26:44 PM org.apache.camel.spi.CamelLogger log
INFO:     Stopped route1 (direct://in)
Jan 16, 2023 1:26:44 PM org.apache.camel.impl.engine.AbstractCamelContext doStop
INFO: Apache Camel 3.14.0 (camel-1) shutdown in 24ms (uptime:1s61ms)
Jan 16, 2023 1:26:44 PM org.apache.camel.processor.aggregate.AggregateProcessor doStart
INFO: Defaulting to MemoryAggregationRepository
Jan 16, 2023 1:26:44 PM org.apache.camel.processor.aggregate.AggregateProcessor doStart
INFO: Using CompletionInterval to run every 1000 millis.
Jan 16, 2023 1:26:44 PM org.apache.camel.impl.engine.AbstractCamelContext logStartSummary
INFO: Routes startup (total:2 started:2)
Jan 16, 2023 1:26:44 PM org.apache.camel.impl.engine.AbstractCamelContext logStartSummary
INFO:     Started route3 (direct://in)
Jan 16, 2023 1:26:44 PM org.apache.camel.impl.engine.AbstractCamelContext logStartSummary
INFO:     Started route4 (direct://endOfAnalogAggregation)
Jan 16, 2023 1:26:44 PM org.apache.camel.impl.engine.AbstractCamelContext logStartSummary
INFO: Apache Camel 3.14.0 (camel-2) started in 21ms (build:5ms init:14ms start:2ms)
Jan 16, 2023 1:26:44 PM org.apache.camel.component.mock.MockEndpoint assertIsSatisfied
INFO: Asserting: mock://result is satisfied
Jan 16, 2023 1:26:45 PM org.apache.camel.impl.engine.AbstractCamelContext doStop
INFO: Apache Camel 3.14.0 (camel-2) shutting down (timeout:45s)
Jan 16, 2023 1:26:45 PM org.apache.camel.spi.CamelLogger log
INFO: Routes stopped (total:2 stopped:2)
Jan 16, 2023 1:26:45 PM org.apache.camel.spi.CamelLogger log
INFO:     Stopped route4 (direct://endOfAnalogAggregation)
Jan 16, 2023 1:26:45 PM org.apache.camel.spi.CamelLogger log
INFO:     Stopped route3 (direct://in)
Jan 16, 2023 1:26:45 PM org.apache.camel.impl.engine.AbstractCamelContext doStop
INFO: Apache Camel 3.14.0 (camel-2) shutdown in 7ms (uptime:1s16ms)
[INFO] Tests run: 2, Failures: 0, Errors: 0, Skipped: 0, Time elapsed: 2.407 s - in org.ardulink.mqtt.camel.AggregateThrottleTest
[INFO] 
[INFO] Results:
[INFO] 
[INFO] Tests run: 2, Failures: 0, Errors: 0, Skipped: 0
[INFO] 
[INFO] 
[INFO] --------------------< org.ardulink:ardulink-swing >---------------------
[INFO] Building ardulink-swing 2.1.2-SNAPSHOT                           [18/27]
[INFO] --------------------------------[ jar ]---------------------------------
[INFO] 
[INFO] --- maven-clean-plugin:2.5:clean (default-clean) @ ardulink-swing ---
[INFO] Deleting /home/gabsko/breaking-updates/ardulink-swing/target
[INFO] 
[INFO] --- maven-resources-plugin:2.6:resources (default-resources) @ ardulink-swing ---
[INFO] Using 'UTF-8' encoding to copy filtered resources.
[INFO] Copying 18 resources
[INFO] 
[INFO] --- maven-compiler-plugin:3.1:compile (default-compile) @ ardulink-swing ---
[INFO] Changes detected - recompiling the module!
[INFO] Compiling 34 source files to /home/gabsko/breaking-updates/ardulink-swing/target/classes
[WARNING] /home/gabsko/breaking-updates/ardulink-swing/src/main/java/org/ardulink/gui/Linkable.java: Some input files use or override a deprecated API.
[WARNING] /home/gabsko/breaking-updates/ardulink-swing/src/main/java/org/ardulink/gui/Linkable.java: Recompile with -Xlint:deprecation for details.
[WARNING] /home/gabsko/breaking-updates/ardulink-swing/src/main/java/org/ardulink/gui/ToneController.java: Some input files use unchecked or unsafe operations.
[WARNING] /home/gabsko/breaking-updates/ardulink-swing/src/main/java/org/ardulink/gui/ToneController.java: Recompile with -Xlint:unchecked for details.
[INFO] 
[INFO] --- maven-resources-plugin:2.6:testResources (default-testResources) @ ardulink-swing ---
[INFO] Using 'UTF-8' encoding to copy filtered resources.
[INFO] Copying 1 resource
[INFO] 
[INFO] --- maven-compiler-plugin:3.1:testCompile (default-testCompile) @ ardulink-swing ---
[INFO] Changes detected - recompiling the module!
[INFO] Compiling 10 source files to /home/gabsko/breaking-updates/ardulink-swing/target/test-classes
[INFO] 
[INFO] --- maven-surefire-plugin:2.22.2:test (default-test) @ ardulink-swing ---
[INFO] 
[INFO] -------------------------------------------------------
[INFO]  T E S T S
[INFO] -------------------------------------------------------
[INFO] Running org.ardulink.gui.connectionpanel.GenericConnectionPanelTest
[INFO] Tests run: 2, Failures: 0, Errors: 0, Skipped: 0, Time elapsed: 0.259 s - in org.ardulink.gui.connectionpanel.GenericConnectionPanelTest
[INFO] 
[INFO] Results:
[INFO] 
[INFO] Tests run: 2, Failures: 0, Errors: 0, Skipped: 0
[INFO] 
[INFO] 
[INFO] -------------------< org.ardulink:ardulink-console >--------------------
[INFO] Building ardulink-console 2.1.2-SNAPSHOT                         [19/27]
[INFO] --------------------------------[ jar ]---------------------------------
[INFO] 
[INFO] --- maven-clean-plugin:2.5:clean (default-clean) @ ardulink-console ---
[INFO] Deleting /home/gabsko/breaking-updates/ardulink-console/target
[INFO] 
[INFO] --- maven-resources-plugin:2.6:resources (default-resources) @ ardulink-console ---
[INFO] Using 'UTF-8' encoding to copy filtered resources.
[INFO] skip non existing resourceDirectory /home/gabsko/breaking-updates/ardulink-console/src/main/resources
[INFO] 
[INFO] --- maven-compiler-plugin:3.1:compile (default-compile) @ ardulink-console ---
[INFO] Changes detected - recompiling the module!
[INFO] Compiling 1 source file to /home/gabsko/breaking-updates/ardulink-console/target/classes
[WARNING] /home/gabsko/breaking-updates/ardulink-console/src/main/java/org/ardulink/gui/Console.java: /home/gabsko/breaking-updates/ardulink-console/src/main/java/org/ardulink/gui/Console.java uses or overrides a deprecated API.
[WARNING] /home/gabsko/breaking-updates/ardulink-console/src/main/java/org/ardulink/gui/Console.java: Recompile with -Xlint:deprecation for details.
[INFO] 
[INFO] --- maven-resources-plugin:2.6:testResources (default-testResources) @ ardulink-console ---
[INFO] Using 'UTF-8' encoding to copy filtered resources.
[INFO] skip non existing resourceDirectory /home/gabsko/breaking-updates/ardulink-console/src/test/resources
[INFO] 
[INFO] --- maven-compiler-plugin:3.1:testCompile (default-testCompile) @ ardulink-console ---
[INFO] Changes detected - recompiling the module!
[INFO] Compiling 1 source file to /home/gabsko/breaking-updates/ardulink-console/target/test-classes
[WARNING] /home/gabsko/breaking-updates/ardulink-console/src/test/java/org/ardulink/gui/ConsoleTest.java: /home/gabsko/breaking-updates/ardulink-console/src/test/java/org/ardulink/gui/ConsoleTest.java uses or overrides a deprecated API.
[WARNING] /home/gabsko/breaking-updates/ardulink-console/src/test/java/org/ardulink/gui/ConsoleTest.java: Recompile with -Xlint:deprecation for details.
[INFO] 
[INFO] --- maven-surefire-plugin:2.22.2:test (default-test) @ ardulink-console ---
[INFO] 
[INFO] -------------------------------------------------------
[INFO]  T E S T S
[INFO] -------------------------------------------------------
[INFO] Running org.ardulink.gui.ConsoleTest
[WARNING] Tests run: 3, Failures: 0, Errors: 0, Skipped: 3, Time elapsed: 0.151 s - in org.ardulink.gui.ConsoleTest
[INFO] 
[INFO] Results:
[INFO] 
[WARNING] Tests run: 3, Failures: 0, Errors: 0, Skipped: 3
[INFO] 
[INFO] 
[INFO] ---------------------< org.ardulink:ardulink-mail >---------------------
[INFO] Building ardulink-mail 2.1.2-SNAPSHOT                            [20/27]
[INFO] --------------------------------[ jar ]---------------------------------
[INFO] 
[INFO] --- maven-clean-plugin:2.5:clean (default-clean) @ ardulink-mail ---
[INFO] Deleting /home/gabsko/breaking-updates/ardulink-mail/target
[INFO] 
[INFO] --- maven-resources-plugin:2.6:resources (default-resources) @ ardulink-mail ---
[INFO] Using 'UTF-8' encoding to copy filtered resources.
[INFO] skip non existing resourceDirectory /home/gabsko/breaking-updates/ardulink-mail/src/main/resources
[INFO] 
[INFO] --- maven-compiler-plugin:3.1:compile (default-compile) @ ardulink-mail ---
[INFO] No sources to compile
[INFO] 
[INFO] --- maven-resources-plugin:2.6:testResources (default-testResources) @ ardulink-mail ---
[INFO] Using 'UTF-8' encoding to copy filtered resources.
[INFO] skip non existing resourceDirectory /home/gabsko/breaking-updates/ardulink-mail/src/test/resources
[INFO] 
[INFO] --- maven-compiler-plugin:3.1:testCompile (default-testCompile) @ ardulink-mail ---
[INFO] Changes detected - recompiling the module!
[INFO] Compiling 4 source files to /home/gabsko/breaking-updates/ardulink-mail/target/test-classes
[WARNING] /home/gabsko/breaking-updates/ardulink-mail/src/test/java/org/ardulink/mail/camel/ArdulinkMailOnCamelIntegrationTest.java: /home/gabsko/breaking-updates/ardulink-mail/src/test/java/org/ardulink/mail/camel/ArdulinkMailOnCamelIntegrationTest.java uses or overrides a deprecated API.
[WARNING] /home/gabsko/breaking-updates/ardulink-mail/src/test/java/org/ardulink/mail/camel/ArdulinkMailOnCamelIntegrationTest.java: Recompile with -Xlint:deprecation for details.
[INFO] 
[INFO] --- maven-surefire-plugin:2.22.2:test (default-test) @ ardulink-mail ---
[INFO] 
[INFO] -------------------------------------------------------
[INFO]  T E S T S
[INFO] -------------------------------------------------------
[INFO] Running org.ardulink.mail.camel.ArdulinkProducerTest
Jan 16, 2023 1:26:48 PM org.apache.camel.impl.engine.AbstractCamelContext doStartCamel
INFO: Tracing is enabled on CamelContext: camel-1
Jan 16, 2023 1:26:48 PM org.apache.camel.impl.engine.AbstractCamelContext logStartSummary
INFO: Routes startup (total:2 started:2)
Jan 16, 2023 1:26:48 PM org.apache.camel.impl.engine.AbstractCamelContext logStartSummary
INFO:     Started route1 (direct://splitter-63001505)
Jan 16, 2023 1:26:48 PM org.apache.camel.impl.engine.AbstractCamelContext logStartSummary
INFO:     Started route2 (direct://in)
Jan 16, 2023 1:26:48 PM org.apache.camel.impl.engine.AbstractCamelContext logStartSummary
INFO: Apache Camel 3.14.0 (camel-1) started in 207ms (build:43ms init:124ms start:40ms)
Jan 16, 2023 1:26:48 PM org.apache.camel.impl.engine.DefaultTracer dumpTrace
INFO: *--> [route2      ] [from[direct:in]                  ] Exchange[Id: BA403DCEC27D987-0000000000000000, BodyType: String, Body: scenario 2]
Jan 16, 2023 1:26:48 PM org.apache.camel.impl.engine.DefaultTracer dumpTrace
INFO:      [route2      ] [filter[{header(From) =~ anyuser}]] Exchange[Id: BA403DCEC27D987-0000000000000000, BodyType: String, Body: scenario 2]
Jan 16, 2023 1:26:48 PM org.apache.camel.impl.engine.DefaultTracer dumpTrace
INFO:      [route2      ] [choice[when[{body =~ scenario 2}]] Exchange[Id: BA403DCEC27D987-0000000000000000, BodyType: String, Body: scenario 2]
Jan 16, 2023 1:26:48 PM org.apache.camel.impl.engine.DefaultTracer dumpTrace
INFO:      [route2      ] [setBody[[alp://ppsw/7/1, alp://pp] Exchange[Id: BA403DCEC27D987-0000000000000000, BodyType: String, Body: scenario 2]
Jan 16, 2023 1:26:48 PM org.apache.camel.impl.engine.DefaultTracer dumpTrace
INFO:      [route2      ] [direct:splitter-63001505         ] Exchange[Id: BA403DCEC27D987-0000000000000000, BodyType: java.util.ArrayList, Body: [alp://ppsw/7/1, alp://ppin/8/123]]
Jan 16, 2023 1:26:48 PM org.apache.camel.impl.engine.DefaultTracer dumpTrace
INFO: ---> [route1      ] [from[direct:splitter-63001505]   ] Exchange[Id: BA403DCEC27D987-0000000000000000, BodyType: java.util.ArrayList, Body: [alp://ppsw/7/1, alp://ppin/8/123]]
Jan 16, 2023 1:26:48 PM org.apache.camel.impl.engine.DefaultTracer dumpTrace
INFO:      [route1      ] [split[simple{${body}}]           ] Exchange[Id: BA403DCEC27D987-0000000000000000, BodyType: java.util.ArrayList, Body: [alp://ppsw/7/1, alp://ppin/8/123]]
Jan 16, 2023 1:26:48 PM org.apache.camel.impl.engine.DefaultTracer dumpTrace
INFO: ---> [route1      ] [from[direct:splitter-63001505]   ] Exchange[Id: BA403DCEC27D987-0000000000000001, BodyType: String, Body: alp://ppsw/7/1]
Jan 16, 2023 1:26:48 PM org.apache.camel.impl.engine.DefaultTracer dumpTrace
INFO:      [route1      ] [mock:result                      ] Exchange[Id: BA403DCEC27D987-0000000000000001, BodyType: String, Body: alp://ppsw/7/1]
Jan 16, 2023 1:26:48 PM org.apache.camel.impl.engine.DefaultTracer dumpTrace
INFO: ---> [route1      ] [from[direct:splitter-63001505]   ] Exchange[Id: BA403DCEC27D987-0000000000000002, BodyType: String, Body: alp://ppin/8/123]
Jan 16, 2023 1:26:48 PM org.apache.camel.impl.engine.DefaultTracer dumpTrace
INFO:      [route1      ] [mock:result                      ] Exchange[Id: BA403DCEC27D987-0000000000000002, BodyType: String, Body: alp://ppin/8/123]
Jan 16, 2023 1:26:48 PM org.apache.camel.impl.engine.DefaultTracer dumpTrace
INFO: <--- [route1      ] [from[direct://splitter-63001505] ] Exchange[Id: BA403DCEC27D987-0000000000000000, BodyType: java.util.ArrayList, Body: [alp://ppsw/7/1, alp://ppin/8/123]]
Jan 16, 2023 1:26:48 PM org.apache.camel.impl.engine.DefaultTracer dumpTrace
INFO: *<-- [route2      ] [from[direct://in]                ] Exchange[Id: BA403DCEC27D987-0000000000000000, BodyType: java.util.ArrayList, Body: [alp://ppsw/7/1, alp://ppin/8/123]]
Jan 16, 2023 1:26:48 PM org.apache.camel.component.mock.MockEndpoint assertIsSatisfied
INFO: Asserting: mock://result is satisfied
Jan 16, 2023 1:26:48 PM org.apache.camel.impl.engine.AbstractCamelContext doStartCamel
INFO: Tracing is enabled on CamelContext: camel-2
Jan 16, 2023 1:26:48 PM org.apache.camel.impl.engine.AbstractCamelContext logStartSummary
INFO: Routes startup (total:2 started:2)
Jan 16, 2023 1:26:48 PM org.apache.camel.impl.engine.AbstractCamelContext logStartSummary
INFO:     Started route3 (direct://splitter-1585239756)
Jan 16, 2023 1:26:48 PM org.apache.camel.impl.engine.AbstractCamelContext logStartSummary
INFO:     Started route4 (direct://in)
Jan 16, 2023 1:26:48 PM org.apache.camel.impl.engine.AbstractCamelContext logStartSummary
INFO: Apache Camel 3.14.0 (camel-2) started in 13ms (build:2ms init:10ms start:1ms)
Jan 16, 2023 1:26:48 PM org.apache.camel.impl.engine.DefaultTracer dumpTrace
INFO: *--> [route4      ] [from[direct:in]                  ] Exchange[Id: E409A93015ED3B4-0000000000000000, BodyType: null, Body: [Body is null]]
Jan 16, 2023 1:26:48 PM org.apache.camel.impl.engine.DefaultTracer dumpTrace
INFO:      [route4      ] [filter[{header(From) =~ aValidUse] Exchange[Id: E409A93015ED3B4-0000000000000000, BodyType: null, Body: [Body is null]]
Jan 16, 2023 1:26:48 PM org.apache.camel.impl.engine.DefaultTracer dumpTrace
INFO:      [route4      ] [choice[when[{body =~ null}],other] Exchange[Id: E409A93015ED3B4-0000000000000000, BodyType: null, Body: [Body is null]]
Jan 16, 2023 1:26:48 PM org.apache.camel.impl.engine.DefaultTracer dumpTrace
INFO:      [route4      ] [setBody[[]]                      ] Exchange[Id: E409A93015ED3B4-0000000000000000, BodyType: null, Body: [Body is null]]
Jan 16, 2023 1:26:48 PM org.apache.camel.impl.engine.DefaultTracer dumpTrace
INFO:      [route4      ] [direct:splitter-1585239756       ] Exchange[Id: E409A93015ED3B4-0000000000000000, BodyType: java.util.Collections.EmptyList, Body: []]
Jan 16, 2023 1:26:48 PM org.apache.camel.impl.engine.DefaultTracer dumpTrace
INFO: ---> [route3      ] [from[direct:splitter-1585239756] ] Exchange[Id: E409A93015ED3B4-0000000000000000, BodyType: java.util.Collections.EmptyList, Body: []]
Jan 16, 2023 1:26:48 PM org.apache.camel.impl.engine.DefaultTracer dumpTrace
INFO:      [route3      ] [split[simple{${body}}]           ] Exchange[Id: E409A93015ED3B4-0000000000000000, BodyType: java.util.Collections.EmptyList, Body: []]
Jan 16, 2023 1:26:48 PM org.apache.camel.impl.engine.DefaultTracer dumpTrace
INFO: <--- [route3      ] [from[direct://splitter-1585239756] Exchange[Id: E409A93015ED3B4-0000000000000000, BodyType: java.util.Collections.EmptyList, Body: []]
Jan 16, 2023 1:26:48 PM org.apache.camel.impl.engine.DefaultTracer dumpTrace
INFO: *<-- [route4      ] [from[direct://in]                ] Exchange[Id: E409A93015ED3B4-0000000000000000, BodyType: java.util.Collections.EmptyList, Body: []]
Jan 16, 2023 1:26:48 PM org.apache.camel.component.mock.MockEndpoint assertIsSatisfied
INFO: Asserting: mock://result is satisfied
Jan 16, 2023 1:26:48 PM org.apache.camel.impl.engine.AbstractCamelContext doStartCamel
INFO: Tracing is enabled on CamelContext: camel-3
Jan 16, 2023 1:26:48 PM org.apache.camel.impl.engine.AbstractCamelContext logStartSummary
INFO: Routes startup (total:2 started:2)
Jan 16, 2023 1:26:48 PM org.apache.camel.impl.engine.AbstractCamelContext logStartSummary
INFO:     Started route5 (direct://splitter-1764996806)
Jan 16, 2023 1:26:48 PM org.apache.camel.impl.engine.AbstractCamelContext logStartSummary
INFO:     Started route6 (direct://in)
Jan 16, 2023 1:26:48 PM org.apache.camel.impl.engine.AbstractCamelContext logStartSummary
INFO: Apache Camel 3.14.0 (camel-3) started in 13ms (build:3ms init:8ms start:2ms)
Jan 16, 2023 1:26:48 PM org.apache.camel.impl.engine.DefaultTracer dumpTrace
INFO: *--> [route6      ] [from[direct:in]                  ] Exchange[Id: 183963D843399D6-0000000000000000, BodyType: null, Body: [Body is null]]
Jan 16, 2023 1:26:48 PM org.apache.camel.impl.engine.DefaultTracer dumpTrace
INFO:      [route6      ] [filter[{header(From) =~ anyuser}]] Exchange[Id: 183963D843399D6-0000000000000000, BodyType: null, Body: [Body is null]]
Jan 16, 2023 1:26:48 PM org.apache.camel.impl.engine.DefaultTracer dumpTrace
INFO: *<-- [route6      ] [from[direct://in]                ] Exchange[Id: 183963D843399D6-0000000000000000, BodyType: null, Body: [Body is null]]
Jan 16, 2023 1:26:48 PM org.apache.camel.component.mock.MockEndpoint assertIsSatisfied
INFO: Asserting: mock://result is satisfied
Jan 16, 2023 1:26:48 PM org.apache.camel.impl.engine.AbstractCamelContext doStartCamel
INFO: Tracing is enabled on CamelContext: camel-4
Jan 16, 2023 1:26:48 PM org.apache.camel.impl.engine.AbstractCamelContext logStartSummary
INFO: Routes startup (total:2 started:2)
Jan 16, 2023 1:26:48 PM org.apache.camel.impl.engine.AbstractCamelContext logStartSummary
INFO:     Started route7 (direct://splitter-573958827)
Jan 16, 2023 1:26:48 PM org.apache.camel.impl.engine.AbstractCamelContext logStartSummary
INFO:     Started route8 (direct://in)
Jan 16, 2023 1:26:48 PM org.apache.camel.impl.engine.AbstractCamelContext logStartSummary
INFO: Apache Camel 3.14.0 (camel-4) started in 21ms (build:1ms init:17ms start:3ms)
Jan 16, 2023 1:26:48 PM org.apache.camel.impl.engine.DefaultTracer dumpTrace
INFO: *--> [route8      ] [from[direct:in]                  ] Exchange[Id: 10C6BBB649265BE-0000000000000000, BodyType: String, Body: scenario 1]
Jan 16, 2023 1:26:48 PM org.apache.camel.impl.engine.DefaultTracer dumpTrace
INFO:      [route8      ] [filter[{header(From) =~ anyuser}]] Exchange[Id: 10C6BBB649265BE-0000000000000000, BodyType: String, Body: scenario 1]
Jan 16, 2023 1:26:48 PM org.apache.camel.impl.engine.DefaultTracer dumpTrace
INFO:      [route8      ] [choice[when[{body =~ scenario 1}]] Exchange[Id: 10C6BBB649265BE-0000000000000000, BodyType: String, Body: scenario 1]
Jan 16, 2023 1:26:48 PM org.apache.camel.impl.engine.DefaultTracer dumpTrace
INFO:      [route8      ] [setBody[[alp://ppsw/7/1]]        ] Exchange[Id: 10C6BBB649265BE-0000000000000000, BodyType: String, Body: scenario 1]
Jan 16, 2023 1:26:48 PM org.apache.camel.impl.engine.DefaultTracer dumpTrace
INFO:      [route8      ] [direct:splitter-573958827        ] Exchange[Id: 10C6BBB649265BE-0000000000000000, BodyType: java.util.Collections.SingletonList, Body: [alp://ppsw/7/1]]
Jan 16, 2023 1:26:48 PM org.apache.camel.impl.engine.DefaultTracer dumpTrace
INFO: ---> [route7      ] [from[direct:splitter-573958827]  ] Exchange[Id: 10C6BBB649265BE-0000000000000000, BodyType: java.util.Collections.SingletonList, Body: [alp://ppsw/7/1]]
Jan 16, 2023 1:26:48 PM org.apache.camel.impl.engine.DefaultTracer dumpTrace
INFO:      [route7      ] [split[simple{${body}}]           ] Exchange[Id: 10C6BBB649265BE-0000000000000000, BodyType: java.util.Collections.SingletonList, Body: [alp://ppsw/7/1]]
Jan 16, 2023 1:26:48 PM org.apache.camel.impl.engine.DefaultTracer dumpTrace
INFO: ---> [route7      ] [from[direct:splitter-573958827]  ] Exchange[Id: 10C6BBB649265BE-0000000000000001, BodyType: String, Body: alp://ppsw/7/1]
Jan 16, 2023 1:26:48 PM org.apache.camel.impl.engine.DefaultTracer dumpTrace
INFO:      [route7      ] [mock:result                      ] Exchange[Id: 10C6BBB649265BE-0000000000000001, BodyType: String, Body: alp://ppsw/7/1]
Jan 16, 2023 1:26:48 PM org.apache.camel.impl.engine.DefaultTracer dumpTrace
INFO: <--- [route7      ] [from[direct://splitter-573958827]] Exchange[Id: 10C6BBB649265BE-0000000000000000, BodyType: java.util.Collections.SingletonList, Body: [alp://ppsw/7/1]]
Jan 16, 2023 1:26:48 PM org.apache.camel.impl.engine.DefaultTracer dumpTrace
INFO: *<-- [route8      ] [from[direct://in]                ] Exchange[Id: 10C6BBB649265BE-0000000000000000, BodyType: java.util.Collections.SingletonList, Body: [alp://ppsw/7/1]]
Jan 16, 2023 1:26:48 PM org.apache.camel.component.mock.MockEndpoint assertIsSatisfied
INFO: Asserting: mock://result is satisfied
Jan 16, 2023 1:26:48 PM org.apache.camel.impl.engine.AbstractCamelContext doStartCamel
INFO: Tracing is enabled on CamelContext: camel-5
Jan 16, 2023 1:26:48 PM org.apache.camel.impl.engine.AbstractCamelContext logStartSummary
INFO: Routes startup (total:2 started:2)
Jan 16, 2023 1:26:48 PM org.apache.camel.impl.engine.AbstractCamelContext logStartSummary
INFO:     Started route9 (direct://splitter-1819940427)
Jan 16, 2023 1:26:48 PM org.apache.camel.impl.engine.AbstractCamelContext logStartSummary
INFO:     Started route10 (direct://in)
Jan 16, 2023 1:26:48 PM org.apache.camel.impl.engine.AbstractCamelContext logStartSummary
INFO: Apache Camel 3.14.0 (camel-5) started in 13ms (build:3ms init:9ms start:1ms)
Jan 16, 2023 1:26:48 PM org.apache.camel.impl.engine.DefaultTracer dumpTrace
INFO: *--> [route10     ] [from[direct:in]                  ] Exchange[Id: B80E9FFD2192158-0000000000000000, BodyType: String, Body: unknown command name]
Jan 16, 2023 1:26:48 PM org.apache.camel.impl.engine.DefaultTracer dumpTrace
INFO:      [route10     ] [filter[{header(From) =~ anyuser}]] Exchange[Id: B80E9FFD2192158-0000000000000000, BodyType: String, Body: unknown command name]
Jan 16, 2023 1:26:48 PM org.apache.camel.impl.engine.DefaultTracer dumpTrace
INFO:      [route10     ] [choice[when[{body =~ null}],other] Exchange[Id: B80E9FFD2192158-0000000000000000, BodyType: String, Body: unknown command name]
Jan 16, 2023 1:26:48 PM org.apache.camel.impl.engine.DefaultTracer dumpTrace
INFO:      [route10     ] [stop                             ] Exchange[Id: B80E9FFD2192158-0000000000000000, BodyType: String, Body: unknown command name]
Jan 16, 2023 1:26:48 PM org.apache.camel.impl.engine.DefaultTracer dumpTrace
INFO: *<-- [route10     ] [from[direct://in]                ] Exchange[Id: B80E9FFD2192158-0000000000000000, BodyType: String, Body: unknown command name]
Jan 16, 2023 1:26:48 PM org.apache.camel.component.mock.MockEndpoint assertIsSatisfied
INFO: Asserting: mock://result is satisfied
[INFO] Tests run: 5, Failures: 0, Errors: 0, Skipped: 0, Time elapsed: 0.44 s - in org.ardulink.mail.camel.ArdulinkProducerTest
[INFO] 
[INFO] Results:
[INFO] 
[INFO] Tests run: 5, Failures: 0, Errors: 0, Skipped: 0
[INFO] 
[INFO] 
[INFO] ---------------------< org.ardulink:ardulink-rest >---------------------
[INFO] Building ardulink-rest 2.1.2-SNAPSHOT                            [21/27]
[INFO] --------------------------------[ jar ]---------------------------------
[INFO] 
[INFO] --- maven-clean-plugin:2.5:clean (default-clean) @ ardulink-rest ---
[INFO] Deleting /home/gabsko/breaking-updates/ardulink-rest/target
[INFO] 
[INFO] --- maven-resources-plugin:2.6:resources (default-resources) @ ardulink-rest ---
[INFO] Using 'UTF-8' encoding to copy filtered resources.
[INFO] skip non existing resourceDirectory /home/gabsko/breaking-updates/ardulink-rest/src/main/resources
[INFO] 
[INFO] --- maven-compiler-plugin:3.1:compile (default-compile) @ ardulink-rest ---
[INFO] Changes detected - recompiling the module!
[INFO] Compiling 3 source files to /home/gabsko/breaking-updates/ardulink-rest/target/classes
[INFO] 
[INFO] --- maven-resources-plugin:2.6:testResources (default-testResources) @ ardulink-rest ---
[INFO] Using 'UTF-8' encoding to copy filtered resources.
[INFO] skip non existing resourceDirectory /home/gabsko/breaking-updates/ardulink-rest/src/test/resources
[INFO] 
[INFO] --- maven-compiler-plugin:3.1:testCompile (default-testCompile) @ ardulink-rest ---
[INFO] Changes detected - recompiling the module!
[INFO] Compiling 3 source files to /home/gabsko/breaking-updates/ardulink-rest/target/test-classes
[INFO] 
[INFO] --- maven-surefire-plugin:2.22.2:test (default-test) @ ardulink-rest ---
[INFO] 
[INFO] -------------------------------------------------------
[INFO]  T E S T S
[INFO] -------------------------------------------------------
[INFO] Running org.ardulink.rest.ArdulinkRestTest
Jan 16, 2023 1:26:50 PM org.eclipse.jetty.util.log.Log initialized
INFO: Logging initialized @1344ms to org.eclipse.jetty.util.log.Slf4jLog
Jan 16, 2023 1:26:50 PM org.apache.camel.component.jetty.JettyHttpComponent connect
WARNING: You use localhost interface! It means that no external connections will be available. Don't you want to use 0.0.0.0 instead (all network interfaces)? jetty:http://localhost:45865/swagger-ui/4.11.1/swagger-initializer.js
Jan 16, 2023 1:26:50 PM org.eclipse.jetty.server.Server doStart
INFO: jetty-9.4.43.v20210629; built: 2021-06-30T11:07:22.254Z; git: 526006ecfa3af7f1a27ef3a288e2bef7ea9dd7e8; jvm 11.0.17+8-post-Ubuntu-1ubuntu218.04
Jan 16, 2023 1:26:50 PM org.eclipse.jetty.server.handler.ContextHandler doStart
INFO: Started o.e.j.s.ServletContextHandler@67ec8477{/,null,AVAILABLE}
Jan 16, 2023 1:26:50 PM org.eclipse.jetty.server.AbstractConnector doStart
INFO: Started ServerConnector@412c995d{HTTP/1.1, (http/1.1)}{localhost:45865}
Jan 16, 2023 1:26:50 PM org.eclipse.jetty.server.Server doStart
INFO: Started @1721ms
Jan 16, 2023 1:26:51 PM org.eclipse.jetty.server.AbstractConnector doStop
INFO: Stopped ServerConnector@412c995d{HTTP/1.1, (http/1.1)}{localhost:45865}
Jan 16, 2023 1:26:51 PM org.eclipse.jetty.server.handler.ContextHandler doStop
INFO: Stopped o.e.j.s.ServletContextHandler@67ec8477{/,null,STOPPED}
Jan 16, 2023 1:26:51 PM org.eclipse.jetty.server.Server doStart
INFO: jetty-9.4.43.v20210629; built: 2021-06-30T11:07:22.254Z; git: 526006ecfa3af7f1a27ef3a288e2bef7ea9dd7e8; jvm 11.0.17+8-post-Ubuntu-1ubuntu218.04
Jan 16, 2023 1:26:51 PM org.eclipse.jetty.server.handler.ContextHandler doStart
INFO: Started o.e.j.s.ServletContextHandler@67ec8477{/,null,AVAILABLE}
Jan 16, 2023 1:26:51 PM org.eclipse.jetty.server.AbstractConnector doStart
INFO: Started ServerConnector@412c995d{HTTP/1.1, (http/1.1)}{localhost:45865}
Jan 16, 2023 1:26:51 PM org.eclipse.jetty.server.Server doStart
INFO: Started @1776ms
Jan 16, 2023 1:26:51 PM org.apache.camel.impl.engine.AbstractCamelContext logStartSummary
INFO: Routes startup (total:16 started:16)
Jan 16, 2023 1:26:51 PM org.apache.camel.impl.engine.AbstractCamelContext logStartSummary
INFO:     Started route2 (jetty:http://localhost:45865/swagger-ui/4.11.1/swagger-initializer.js)
Jan 16, 2023 1:26:51 PM org.apache.camel.impl.engine.AbstractCamelContext logStartSummary
INFO:     Started route3 (jetty:http://localhost:45865/api-browser)
Jan 16, 2023 1:26:51 PM org.apache.camel.impl.engine.AbstractCamelContext logStartSummary
INFO:     Started route4 (direct://patchAnalog-1446001495)
Jan 16, 2023 1:26:51 PM org.apache.camel.impl.engine.AbstractCamelContext logStartSummary
INFO:     Started route5 (direct://patchDigital-1446001495)
Jan 16, 2023 1:26:51 PM org.apache.camel.impl.engine.AbstractCamelContext logStartSummary
INFO:     Started route6 (direct://readAnalog-1446001495)
Jan 16, 2023 1:26:51 PM org.apache.camel.impl.engine.AbstractCamelContext logStartSummary
INFO:     Started route7 (direct://readDigital-1446001495)
Jan 16, 2023 1:26:51 PM org.apache.camel.impl.engine.AbstractCamelContext logStartSummary
INFO:     Started route8 (direct://switchAnalog-1446001495)
Jan 16, 2023 1:26:51 PM org.apache.camel.impl.engine.AbstractCamelContext logStartSummary
INFO:     Started route9 (direct://switchDigital-1446001495)
Jan 16, 2023 1:26:51 PM org.apache.camel.impl.engine.AbstractCamelContext logStartSummary
INFO:     Started route10 (ardulink://staticregistry)
Jan 16, 2023 1:26:51 PM org.apache.camel.impl.engine.AbstractCamelContext logStartSummary
INFO:     Started route1 (rest-api:///api-docs)
Jan 16, 2023 1:26:51 PM org.apache.camel.impl.engine.AbstractCamelContext logStartSummary
INFO:     Started route11 (rest://patch:/pin:/analog/%7Bpin%7D)
Jan 16, 2023 1:26:51 PM org.apache.camel.impl.engine.AbstractCamelContext logStartSummary
INFO:     Started route12 (rest://patch:/pin:/digital/%7Bpin%7D)
Jan 16, 2023 1:26:51 PM org.apache.camel.impl.engine.AbstractCamelContext logStartSummary
INFO:     Started route13 (rest://get:/pin:/analog/%7Bpin%7D)
Jan 16, 2023 1:26:51 PM org.apache.camel.impl.engine.AbstractCamelContext logStartSummary
INFO:     Started route14 (rest://get:/pin:/digital/%7Bpin%7D)
Jan 16, 2023 1:26:51 PM org.apache.camel.impl.engine.AbstractCamelContext logStartSummary
INFO:     Started route15 (rest://put:/pin:/analog/%7Bpin%7D)
Jan 16, 2023 1:26:51 PM org.apache.camel.impl.engine.AbstractCamelContext logStartSummary
INFO:     Started route16 (rest://put:/pin:/digital/%7Bpin%7D)
Jan 16, 2023 1:26:51 PM org.apache.camel.impl.engine.AbstractCamelContext logStartSummary
INFO: Apache Camel 3.14.0 (camel-1) started in 399ms (build:25ms init:162ms start:212ms)
Jan 16, 2023 1:26:51 PM org.apache.camel.impl.engine.AbstractCamelContext doStop
INFO: Apache Camel 3.14.0 (camel-1) shutting down (timeout:45s)
Jan 16, 2023 1:26:51 PM org.eclipse.jetty.server.AbstractConnector doStop
INFO: Stopped ServerConnector@412c995d{HTTP/1.1, (http/1.1)}{localhost:45865}
Jan 16, 2023 1:26:51 PM org.eclipse.jetty.server.handler.ContextHandler doStop
INFO: Stopped o.e.j.s.ServletContextHandler@67ec8477{/,null,STOPPED}
Jan 16, 2023 1:26:51 PM org.apache.camel.spi.CamelLogger log
INFO: Routes stopped (total:16 stopped:16)
Jan 16, 2023 1:26:51 PM org.apache.camel.spi.CamelLogger log
INFO:     Stopped route16 (rest://put:/pin:/digital/%7Bpin%7D)
Jan 16, 2023 1:26:51 PM org.apache.camel.spi.CamelLogger log
INFO:     Stopped route15 (rest://put:/pin:/analog/%7Bpin%7D)
Jan 16, 2023 1:26:51 PM org.apache.camel.spi.CamelLogger log
INFO:     Stopped route14 (rest://get:/pin:/digital/%7Bpin%7D)
Jan 16, 2023 1:26:51 PM org.apache.camel.spi.CamelLogger log
INFO:     Stopped route13 (rest://get:/pin:/analog/%7Bpin%7D)
Jan 16, 2023 1:26:51 PM org.apache.camel.spi.CamelLogger log
INFO:     Stopped route12 (rest://patch:/pin:/digital/%7Bpin%7D)
Jan 16, 2023 1:26:51 PM org.apache.camel.spi.CamelLogger log
INFO:     Stopped route11 (rest://patch:/pin:/analog/%7Bpin%7D)
Jan 16, 2023 1:26:51 PM org.apache.camel.spi.CamelLogger log
INFO:     Stopped route1 (rest-api:///api-docs)
Jan 16, 2023 1:26:51 PM org.apache.camel.spi.CamelLogger log
INFO:     Stopped route10 (ardulink://staticregistry)
Jan 16, 2023 1:26:51 PM org.apache.camel.spi.CamelLogger log
INFO:     Stopped route9 (direct://switchDigital-1446001495)
Jan 16, 2023 1:26:51 PM org.apache.camel.spi.CamelLogger log
INFO:     Stopped route8 (direct://switchAnalog-1446001495)
Jan 16, 2023 1:26:51 PM org.apache.camel.spi.CamelLogger log
INFO:     Stopped route7 (direct://readDigital-1446001495)
Jan 16, 2023 1:26:51 PM org.apache.camel.spi.CamelLogger log
INFO:     Stopped route6 (direct://readAnalog-1446001495)
Jan 16, 2023 1:26:51 PM org.apache.camel.spi.CamelLogger log
INFO:     Stopped route5 (direct://patchDigital-1446001495)
Jan 16, 2023 1:26:51 PM org.apache.camel.spi.CamelLogger log
INFO:     Stopped route4 (direct://patchAnalog-1446001495)
Jan 16, 2023 1:26:51 PM org.apache.camel.spi.CamelLogger log
INFO:     Stopped route3 (jetty:http://localhost:45865/api-browser)
Jan 16, 2023 1:26:51 PM org.apache.camel.spi.CamelLogger log
INFO:     Stopped route2 (jetty:http://localhost:45865/swagger-ui/4.11.1/swagger-initializer.js)
Jan 16, 2023 1:26:51 PM org.apache.camel.impl.engine.AbstractCamelContext doStop
INFO: Apache Camel 3.14.0 (camel-1) shutdown in 33ms (uptime:1s90ms)
Jan 16, 2023 1:26:52 PM org.apache.camel.component.jetty.JettyHttpComponent connect
WARNING: You use localhost interface! It means that no external connections will be available. Don't you want to use 0.0.0.0 instead (all network interfaces)? jetty:http://localhost:35429/swagger-ui/4.11.1/swagger-initializer.js
Jan 16, 2023 1:26:52 PM org.eclipse.jetty.server.Server doStart
INFO: jetty-9.4.43.v20210629; built: 2021-06-30T11:07:22.254Z; git: 526006ecfa3af7f1a27ef3a288e2bef7ea9dd7e8; jvm 11.0.17+8-post-Ubuntu-1ubuntu218.04
Jan 16, 2023 1:26:52 PM org.eclipse.jetty.server.handler.ContextHandler doStart
INFO: Started o.e.j.s.ServletContextHandler@6f8e9d06{/,null,AVAILABLE}
Jan 16, 2023 1:26:52 PM org.eclipse.jetty.server.AbstractConnector doStart
INFO: Started ServerConnector@3f63a513{HTTP/1.1, (http/1.1)}{localhost:35429}
Jan 16, 2023 1:26:52 PM org.eclipse.jetty.server.Server doStart
INFO: Started @2979ms
Jan 16, 2023 1:26:52 PM org.eclipse.jetty.server.AbstractConnector doStop
INFO: Stopped ServerConnector@3f63a513{HTTP/1.1, (http/1.1)}{localhost:35429}
Jan 16, 2023 1:26:52 PM org.eclipse.jetty.server.handler.ContextHandler doStop
INFO: Stopped o.e.j.s.ServletContextHandler@6f8e9d06{/,null,STOPPED}
Jan 16, 2023 1:26:52 PM org.eclipse.jetty.server.Server doStart
INFO: jetty-9.4.43.v20210629; built: 2021-06-30T11:07:22.254Z; git: 526006ecfa3af7f1a27ef3a288e2bef7ea9dd7e8; jvm 11.0.17+8-post-Ubuntu-1ubuntu218.04
Jan 16, 2023 1:26:52 PM org.eclipse.jetty.server.handler.ContextHandler doStart
INFO: Started o.e.j.s.ServletContextHandler@6f8e9d06{/,null,AVAILABLE}
Jan 16, 2023 1:26:52 PM org.eclipse.jetty.server.AbstractConnector doStart
INFO: Started ServerConnector@3f63a513{HTTP/1.1, (http/1.1)}{localhost:35429}
Jan 16, 2023 1:26:52 PM org.eclipse.jetty.server.Server doStart
INFO: Started @3000ms
Jan 16, 2023 1:26:52 PM org.apache.camel.impl.engine.AbstractCamelContext logStartSummary
INFO: Routes startup (total:16 started:16)
Jan 16, 2023 1:26:52 PM org.apache.camel.impl.engine.AbstractCamelContext logStartSummary
INFO:     Started route18 (jetty:http://localhost:35429/swagger-ui/4.11.1/swagger-initializer.js)
Jan 16, 2023 1:26:52 PM org.apache.camel.impl.engine.AbstractCamelContext logStartSummary
INFO:     Started route19 (jetty:http://localhost:35429/api-browser)
Jan 16, 2023 1:26:52 PM org.apache.camel.impl.engine.AbstractCamelContext logStartSummary
INFO:     Started route20 (direct://patchAnalog-802628402)
Jan 16, 2023 1:26:52 PM org.apache.camel.impl.engine.AbstractCamelContext logStartSummary
INFO:     Started route21 (direct://patchDigital-802628402)
Jan 16, 2023 1:26:52 PM org.apache.camel.impl.engine.AbstractCamelContext logStartSummary
INFO:     Started route22 (direct://readAnalog-802628402)
Jan 16, 2023 1:26:52 PM org.apache.camel.impl.engine.AbstractCamelContext logStartSummary
INFO:     Started route23 (direct://readDigital-802628402)
Jan 16, 2023 1:26:52 PM org.apache.camel.impl.engine.AbstractCamelContext logStartSummary
INFO:     Started route24 (direct://switchAnalog-802628402)
Jan 16, 2023 1:26:52 PM org.apache.camel.impl.engine.AbstractCamelContext logStartSummary
INFO:     Started route25 (direct://switchDigital-802628402)
Jan 16, 2023 1:26:52 PM org.apache.camel.impl.engine.AbstractCamelContext logStartSummary
INFO:     Started route26 (ardulink://mock)
Jan 16, 2023 1:26:52 PM org.apache.camel.impl.engine.AbstractCamelContext logStartSummary
INFO:     Started route17 (rest-api:///api-docs)
Jan 16, 2023 1:26:52 PM org.apache.camel.impl.engine.AbstractCamelContext logStartSummary
INFO:     Started route27 (rest://patch:/pin:/analog/%7Bpin%7D)
Jan 16, 2023 1:26:52 PM org.apache.camel.impl.engine.AbstractCamelContext logStartSummary
INFO:     Started route28 (rest://patch:/pin:/digital/%7Bpin%7D)
Jan 16, 2023 1:26:52 PM org.apache.camel.impl.engine.AbstractCamelContext logStartSummary
INFO:     Started route29 (rest://get:/pin:/analog/%7Bpin%7D)
Jan 16, 2023 1:26:52 PM org.apache.camel.impl.engine.AbstractCamelContext logStartSummary
INFO:     Started route30 (rest://get:/pin:/digital/%7Bpin%7D)
Jan 16, 2023 1:26:52 PM org.apache.camel.impl.engine.AbstractCamelContext logStartSummary
INFO:     Started route31 (rest://put:/pin:/analog/%7Bpin%7D)
Jan 16, 2023 1:26:52 PM org.apache.camel.impl.engine.AbstractCamelContext logStartSummary
INFO:     Started route32 (rest://put:/pin:/digital/%7Bpin%7D)
Jan 16, 2023 1:26:52 PM org.apache.camel.impl.engine.AbstractCamelContext logStartSummary
INFO: Apache Camel 3.14.0 (camel-2) started in 72ms (build:2ms init:24ms start:46ms)
Jan 16, 2023 1:26:52 PM org.apache.camel.impl.engine.AbstractCamelContext doStop
INFO: Apache Camel 3.14.0 (camel-2) shutting down (timeout:45s)
Jan 16, 2023 1:26:52 PM org.eclipse.jetty.server.AbstractConnector doStop
INFO: Stopped ServerConnector@3f63a513{HTTP/1.1, (http/1.1)}{localhost:35429}
Jan 16, 2023 1:26:52 PM org.eclipse.jetty.server.handler.ContextHandler doStop
INFO: Stopped o.e.j.s.ServletContextHandler@6f8e9d06{/,null,STOPPED}
Jan 16, 2023 1:26:52 PM org.apache.camel.spi.CamelLogger log
INFO: Routes stopped (total:16 stopped:16)
Jan 16, 2023 1:26:52 PM org.apache.camel.spi.CamelLogger log
INFO:     Stopped route32 (rest://put:/pin:/digital/%7Bpin%7D)
Jan 16, 2023 1:26:52 PM org.apache.camel.spi.CamelLogger log
INFO:     Stopped route31 (rest://put:/pin:/analog/%7Bpin%7D)
Jan 16, 2023 1:26:52 PM org.apache.camel.spi.CamelLogger log
INFO:     Stopped route30 (rest://get:/pin:/digital/%7Bpin%7D)
Jan 16, 2023 1:26:52 PM org.apache.camel.spi.CamelLogger log
INFO:     Stopped route29 (rest://get:/pin:/analog/%7Bpin%7D)
Jan 16, 2023 1:26:52 PM org.apache.camel.spi.CamelLogger log
INFO:     Stopped route28 (rest://patch:/pin:/digital/%7Bpin%7D)
Jan 16, 2023 1:26:52 PM org.apache.camel.spi.CamelLogger log
INFO:     Stopped route27 (rest://patch:/pin:/analog/%7Bpin%7D)
Jan 16, 2023 1:26:52 PM org.apache.camel.spi.CamelLogger log
INFO:     Stopped route17 (rest-api:///api-docs)
Jan 16, 2023 1:26:52 PM org.apache.camel.spi.CamelLogger log
INFO:     Stopped route26 (ardulink://mock)
Jan 16, 2023 1:26:52 PM org.apache.camel.spi.CamelLogger log
INFO:     Stopped route25 (direct://switchDigital-802628402)
Jan 16, 2023 1:26:52 PM org.apache.camel.spi.CamelLogger log
INFO:     Stopped route24 (direct://switchAnalog-802628402)
Jan 16, 2023 1:26:52 PM org.apache.camel.spi.CamelLogger log
INFO:     Stopped route23 (direct://readDigital-802628402)
Jan 16, 2023 1:26:52 PM org.apache.camel.spi.CamelLogger log
INFO:     Stopped route22 (direct://readAnalog-802628402)
Jan 16, 2023 1:26:52 PM org.apache.camel.spi.CamelLogger log
INFO:     Stopped route21 (direct://patchDigital-802628402)
Jan 16, 2023 1:26:52 PM org.apache.camel.spi.CamelLogger log
INFO:     Stopped route20 (direct://patchAnalog-802628402)
Jan 16, 2023 1:26:52 PM org.apache.camel.spi.CamelLogger log
INFO:     Stopped route19 (jetty:http://localhost:35429/api-browser)
Jan 16, 2023 1:26:52 PM org.apache.camel.spi.CamelLogger log
INFO:     Stopped route18 (jetty:http://localhost:35429/swagger-ui/4.11.1/swagger-initializer.js)
Jan 16, 2023 1:26:52 PM org.apache.camel.impl.engine.AbstractCamelContext doStop
INFO: Apache Camel 3.14.0 (camel-2) shutdown in 21ms (uptime:110ms)
Jan 16, 2023 1:26:52 PM org.apache.camel.component.jetty.JettyHttpComponent connect
WARNING: You use localhost interface! It means that no external connections will be available. Don't you want to use 0.0.0.0 instead (all network interfaces)? jetty:http://localhost:44667/swagger-ui/4.11.1/swagger-initializer.js
Jan 16, 2023 1:26:52 PM org.eclipse.jetty.server.Server doStart
INFO: jetty-9.4.43.v20210629; built: 2021-06-30T11:07:22.254Z; git: 526006ecfa3af7f1a27ef3a288e2bef7ea9dd7e8; jvm 11.0.17+8-post-Ubuntu-1ubuntu218.04
Jan 16, 2023 1:26:52 PM org.eclipse.jetty.server.handler.ContextHandler doStart
INFO: Started o.e.j.s.ServletContextHandler@151ab2b9{/,null,AVAILABLE}
Jan 16, 2023 1:26:52 PM org.eclipse.jetty.server.AbstractConnector doStart
INFO: Started ServerConnector@59a2388e{HTTP/1.1, (http/1.1)}{localhost:44667}
Jan 16, 2023 1:26:52 PM org.eclipse.jetty.server.Server doStart
INFO: Started @3199ms
Jan 16, 2023 1:26:52 PM org.eclipse.jetty.server.AbstractConnector doStop
INFO: Stopped ServerConnector@59a2388e{HTTP/1.1, (http/1.1)}{localhost:44667}
Jan 16, 2023 1:26:52 PM org.eclipse.jetty.server.handler.ContextHandler doStop
INFO: Stopped o.e.j.s.ServletContextHandler@151ab2b9{/,null,STOPPED}
Jan 16, 2023 1:26:52 PM org.eclipse.jetty.server.Server doStart
INFO: jetty-9.4.43.v20210629; built: 2021-06-30T11:07:22.254Z; git: 526006ecfa3af7f1a27ef3a288e2bef7ea9dd7e8; jvm 11.0.17+8-post-Ubuntu-1ubuntu218.04
Jan 16, 2023 1:26:52 PM org.eclipse.jetty.server.handler.ContextHandler doStart
INFO: Started o.e.j.s.ServletContextHandler@151ab2b9{/,null,AVAILABLE}
Jan 16, 2023 1:26:52 PM org.eclipse.jetty.server.AbstractConnector doStart
INFO: Started ServerConnector@59a2388e{HTTP/1.1, (http/1.1)}{localhost:44667}
Jan 16, 2023 1:26:52 PM org.eclipse.jetty.server.Server doStart
INFO: Started @3208ms
Jan 16, 2023 1:26:52 PM org.apache.camel.impl.engine.AbstractCamelContext logStartSummary
INFO: Routes startup (total:16 started:16)
Jan 16, 2023 1:26:52 PM org.apache.camel.impl.engine.AbstractCamelContext logStartSummary
INFO:     Started route34 (jetty:http://localhost:44667/swagger-ui/4.11.1/swagger-initializer.js)
Jan 16, 2023 1:26:52 PM org.apache.camel.impl.engine.AbstractCamelContext logStartSummary
INFO:     Started route35 (jetty:http://localhost:44667/api-browser)
Jan 16, 2023 1:26:52 PM org.apache.camel.impl.engine.AbstractCamelContext logStartSummary
INFO:     Started route36 (direct://patchAnalog-663083782)
Jan 16, 2023 1:26:52 PM org.apache.camel.impl.engine.AbstractCamelContext logStartSummary
INFO:     Started route37 (direct://patchDigital-663083782)
Jan 16, 2023 1:26:52 PM org.apache.camel.impl.engine.AbstractCamelContext logStartSummary
INFO:     Started route38 (direct://readAnalog-663083782)
Jan 16, 2023 1:26:52 PM org.apache.camel.impl.engine.AbstractCamelContext logStartSummary
INFO:     Started route39 (direct://readDigital-663083782)
Jan 16, 2023 1:26:52 PM org.apache.camel.impl.engine.AbstractCamelContext logStartSummary
INFO:     Started route40 (direct://switchAnalog-663083782)
Jan 16, 2023 1:26:52 PM org.apache.camel.impl.engine.AbstractCamelContext logStartSummary
INFO:     Started route41 (direct://switchDigital-663083782)
Jan 16, 2023 1:26:52 PM org.apache.camel.impl.engine.AbstractCamelContext logStartSummary
INFO:     Started route42 (ardulink://staticregistry)
Jan 16, 2023 1:26:52 PM org.apache.camel.impl.engine.AbstractCamelContext logStartSummary
INFO:     Started route33 (rest-api:///api-docs)
Jan 16, 2023 1:26:52 PM org.apache.camel.impl.engine.AbstractCamelContext logStartSummary
INFO:     Started route43 (rest://patch:/pin:/analog/%7Bpin%7D)
Jan 16, 2023 1:26:52 PM org.apache.camel.impl.engine.AbstractCamelContext logStartSummary
INFO:     Started route44 (rest://patch:/pin:/digital/%7Bpin%7D)
Jan 16, 2023 1:26:52 PM org.apache.camel.impl.engine.AbstractCamelContext logStartSummary
INFO:     Started route45 (rest://get:/pin:/analog/%7Bpin%7D)
Jan 16, 2023 1:26:52 PM org.apache.camel.impl.engine.AbstractCamelContext logStartSummary
INFO:     Started route46 (rest://get:/pin:/digital/%7Bpin%7D)
Jan 16, 2023 1:26:52 PM org.apache.camel.impl.engine.AbstractCamelContext logStartSummary
INFO:     Started route47 (rest://put:/pin:/analog/%7Bpin%7D)
Jan 16, 2023 1:26:52 PM org.apache.camel.impl.engine.AbstractCamelContext logStartSummary
INFO:     Started route48 (rest://put:/pin:/digital/%7Bpin%7D)
Jan 16, 2023 1:26:52 PM org.apache.camel.impl.engine.AbstractCamelContext logStartSummary
INFO: Apache Camel 3.14.0 (camel-3) started in 42ms (build:2ms init:18ms start:22ms)
Jan 16, 2023 1:26:52 PM org.apache.camel.impl.engine.AbstractCamelContext doStop
INFO: Apache Camel 3.14.0 (camel-3) shutting down (timeout:45s)
Jan 16, 2023 1:26:52 PM org.eclipse.jetty.server.AbstractConnector doStop
INFO: Stopped ServerConnector@59a2388e{HTTP/1.1, (http/1.1)}{localhost:44667}
Jan 16, 2023 1:26:52 PM org.eclipse.jetty.server.handler.ContextHandler doStop
INFO: Stopped o.e.j.s.ServletContextHandler@151ab2b9{/,null,STOPPED}
Jan 16, 2023 1:26:52 PM org.apache.camel.spi.CamelLogger log
INFO: Routes stopped (total:16 stopped:16)
Jan 16, 2023 1:26:52 PM org.apache.camel.spi.CamelLogger log
INFO:     Stopped route48 (rest://put:/pin:/digital/%7Bpin%7D)
Jan 16, 2023 1:26:52 PM org.apache.camel.spi.CamelLogger log
INFO:     Stopped route47 (rest://put:/pin:/analog/%7Bpin%7D)
Jan 16, 2023 1:26:52 PM org.apache.camel.spi.CamelLogger log
INFO:     Stopped route46 (rest://get:/pin:/digital/%7Bpin%7D)
Jan 16, 2023 1:26:52 PM org.apache.camel.spi.CamelLogger log
INFO:     Stopped route45 (rest://get:/pin:/analog/%7Bpin%7D)
Jan 16, 2023 1:26:52 PM org.apache.camel.spi.CamelLogger log
INFO:     Stopped route44 (rest://patch:/pin:/digital/%7Bpin%7D)
Jan 16, 2023 1:26:52 PM org.apache.camel.spi.CamelLogger log
INFO:     Stopped route43 (rest://patch:/pin:/analog/%7Bpin%7D)
Jan 16, 2023 1:26:52 PM org.apache.camel.spi.CamelLogger log
INFO:     Stopped route33 (rest-api:///api-docs)
Jan 16, 2023 1:26:52 PM org.apache.camel.spi.CamelLogger log
INFO:     Stopped route42 (ardulink://staticregistry)
Jan 16, 2023 1:26:52 PM org.apache.camel.spi.CamelLogger log
INFO:     Stopped route41 (direct://switchDigital-663083782)
Jan 16, 2023 1:26:52 PM org.apache.camel.spi.CamelLogger log
INFO:     Stopped route40 (direct://switchAnalog-663083782)
Jan 16, 2023 1:26:52 PM org.apache.camel.spi.CamelLogger log
INFO:     Stopped route39 (direct://readDigital-663083782)
Jan 16, 2023 1:26:52 PM org.apache.camel.spi.CamelLogger log
INFO:     Stopped route38 (direct://readAnalog-663083782)
Jan 16, 2023 1:26:52 PM org.apache.camel.spi.CamelLogger log
INFO:     Stopped route37 (direct://patchDigital-663083782)
Jan 16, 2023 1:26:52 PM org.apache.camel.spi.CamelLogger log
INFO:     Stopped route36 (direct://patchAnalog-663083782)
Jan 16, 2023 1:26:52 PM org.apache.camel.spi.CamelLogger log
INFO:     Stopped route35 (jetty:http://localhost:44667/api-browser)
Jan 16, 2023 1:26:52 PM org.apache.camel.spi.CamelLogger log
INFO:     Stopped route34 (jetty:http://localhost:44667/swagger-ui/4.11.1/swagger-initializer.js)
Jan 16, 2023 1:26:52 PM org.apache.camel.impl.engine.AbstractCamelContext doStop
INFO: Apache Camel 3.14.0 (camel-3) shutdown in 13ms (uptime:52ms)
Jan 16, 2023 1:26:52 PM org.apache.camel.component.jetty.JettyHttpComponent connect
WARNING: You use localhost interface! It means that no external connections will be available. Don't you want to use 0.0.0.0 instead (all network interfaces)? jetty:http://localhost:44689/swagger-ui/4.11.1/swagger-initializer.js
Jan 16, 2023 1:26:52 PM org.eclipse.jetty.server.Server doStart
INFO: jetty-9.4.43.v20210629; built: 2021-06-30T11:07:22.254Z; git: 526006ecfa3af7f1a27ef3a288e2bef7ea9dd7e8; jvm 11.0.17+8-post-Ubuntu-1ubuntu218.04
Jan 16, 2023 1:26:52 PM org.eclipse.jetty.server.handler.ContextHandler doStart
INFO: Started o.e.j.s.ServletContextHandler@4b56b031{/,null,AVAILABLE}
Jan 16, 2023 1:26:52 PM org.eclipse.jetty.server.AbstractConnector doStart
INFO: Started ServerConnector@76f2dad9{HTTP/1.1, (http/1.1)}{localhost:44689}
Jan 16, 2023 1:26:52 PM org.eclipse.jetty.server.Server doStart
INFO: Started @3359ms
Jan 16, 2023 1:26:52 PM org.eclipse.jetty.server.AbstractConnector doStop
INFO: Stopped ServerConnector@76f2dad9{HTTP/1.1, (http/1.1)}{localhost:44689}
Jan 16, 2023 1:26:52 PM org.eclipse.jetty.server.handler.ContextHandler doStop
INFO: Stopped o.e.j.s.ServletContextHandler@4b56b031{/,null,STOPPED}
Jan 16, 2023 1:26:52 PM org.eclipse.jetty.server.Server doStart
INFO: jetty-9.4.43.v20210629; built: 2021-06-30T11:07:22.254Z; git: 526006ecfa3af7f1a27ef3a288e2bef7ea9dd7e8; jvm 11.0.17+8-post-Ubuntu-1ubuntu218.04
Jan 16, 2023 1:26:52 PM org.eclipse.jetty.server.handler.ContextHandler doStart
INFO: Started o.e.j.s.ServletContextHandler@4b56b031{/,null,AVAILABLE}
Jan 16, 2023 1:26:52 PM org.eclipse.jetty.server.AbstractConnector doStart
INFO: Started ServerConnector@76f2dad9{HTTP/1.1, (http/1.1)}{localhost:44689}
Jan 16, 2023 1:26:52 PM org.eclipse.jetty.server.Server doStart
INFO: Started @3368ms
Jan 16, 2023 1:26:52 PM org.apache.camel.impl.engine.AbstractCamelContext logStartSummary
INFO: Routes startup (total:16 started:16)
Jan 16, 2023 1:26:52 PM org.apache.camel.impl.engine.AbstractCamelContext logStartSummary
INFO:     Started route50 (jetty:http://localhost:44689/swagger-ui/4.11.1/swagger-initializer.js)
Jan 16, 2023 1:26:52 PM org.apache.camel.impl.engine.AbstractCamelContext logStartSummary
INFO:     Started route51 (jetty:http://localhost:44689/api-browser)
Jan 16, 2023 1:26:52 PM org.apache.camel.impl.engine.AbstractCamelContext logStartSummary
INFO:     Started route52 (direct://patchAnalog-456832249)
Jan 16, 2023 1:26:52 PM org.apache.camel.impl.engine.AbstractCamelContext logStartSummary
INFO:     Started route53 (direct://patchDigital-456832249)
Jan 16, 2023 1:26:52 PM org.apache.camel.impl.engine.AbstractCamelContext logStartSummary
INFO:     Started route54 (direct://readAnalog-456832249)
Jan 16, 2023 1:26:52 PM org.apache.camel.impl.engine.AbstractCamelContext logStartSummary
INFO:     Started route55 (direct://readDigital-456832249)
Jan 16, 2023 1:26:52 PM org.apache.camel.impl.engine.AbstractCamelContext logStartSummary
INFO:     Started route56 (direct://switchAnalog-456832249)
Jan 16, 2023 1:26:52 PM org.apache.camel.impl.engine.AbstractCamelContext logStartSummary
INFO:     Started route57 (direct://switchDigital-456832249)
Jan 16, 2023 1:26:52 PM org.apache.camel.impl.engine.AbstractCamelContext logStartSummary
INFO:     Started route58 (ardulink://mock)
Jan 16, 2023 1:26:52 PM org.apache.camel.impl.engine.AbstractCamelContext logStartSummary
INFO:     Started route49 (rest-api:///api-docs)
Jan 16, 2023 1:26:52 PM org.apache.camel.impl.engine.AbstractCamelContext logStartSummary
INFO:     Started route59 (rest://patch:/pin:/analog/%7Bpin%7D)
Jan 16, 2023 1:26:52 PM org.apache.camel.impl.engine.AbstractCamelContext logStartSummary
INFO:     Started route60 (rest://patch:/pin:/digital/%7Bpin%7D)
Jan 16, 2023 1:26:52 PM org.apache.camel.impl.engine.AbstractCamelContext logStartSummary
INFO:     Started route61 (rest://get:/pin:/analog/%7Bpin%7D)
Jan 16, 2023 1:26:52 PM org.apache.camel.impl.engine.AbstractCamelContext logStartSummary
INFO:     Started route62 (rest://get:/pin:/digital/%7Bpin%7D)
Jan 16, 2023 1:26:52 PM org.apache.camel.impl.engine.AbstractCamelContext logStartSummary
INFO:     Started route63 (rest://put:/pin:/analog/%7Bpin%7D)
Jan 16, 2023 1:26:52 PM org.apache.camel.impl.engine.AbstractCamelContext logStartSummary
INFO:     Started route64 (rest://put:/pin:/digital/%7Bpin%7D)
Jan 16, 2023 1:26:52 PM org.apache.camel.impl.engine.AbstractCamelContext logStartSummary
INFO: Apache Camel 3.14.0 (camel-4) started in 47ms (build:2ms init:26ms start:19ms)
Jan 16, 2023 1:26:52 PM org.apache.camel.impl.engine.AbstractCamelContext doStop
INFO: Apache Camel 3.14.0 (camel-4) shutting down (timeout:45s)
Jan 16, 2023 1:26:52 PM org.eclipse.jetty.server.AbstractConnector doStop
INFO: Stopped ServerConnector@76f2dad9{HTTP/1.1, (http/1.1)}{localhost:44689}
Jan 16, 2023 1:26:52 PM org.eclipse.jetty.server.handler.ContextHandler doStop
INFO: Stopped o.e.j.s.ServletContextHandler@4b56b031{/,null,STOPPED}
Jan 16, 2023 1:26:52 PM org.apache.camel.spi.CamelLogger log
INFO: Routes stopped (total:16 stopped:16)
Jan 16, 2023 1:26:52 PM org.apache.camel.spi.CamelLogger log
INFO:     Stopped route64 (rest://put:/pin:/digital/%7Bpin%7D)
Jan 16, 2023 1:26:52 PM org.apache.camel.spi.CamelLogger log
INFO:     Stopped route63 (rest://put:/pin:/analog/%7Bpin%7D)
Jan 16, 2023 1:26:52 PM org.apache.camel.spi.CamelLogger log
INFO:     Stopped route62 (rest://get:/pin:/digital/%7Bpin%7D)
Jan 16, 2023 1:26:52 PM org.apache.camel.spi.CamelLogger log
INFO:     Stopped route61 (rest://get:/pin:/analog/%7Bpin%7D)
Jan 16, 2023 1:26:52 PM org.apache.camel.spi.CamelLogger log
INFO:     Stopped route60 (rest://patch:/pin:/digital/%7Bpin%7D)
Jan 16, 2023 1:26:52 PM org.apache.camel.spi.CamelLogger log
INFO:     Stopped route59 (rest://patch:/pin:/analog/%7Bpin%7D)
Jan 16, 2023 1:26:52 PM org.apache.camel.spi.CamelLogger log
INFO:     Stopped route49 (rest-api:///api-docs)
Jan 16, 2023 1:26:52 PM org.apache.camel.spi.CamelLogger log
INFO:     Stopped route58 (ardulink://mock)
Jan 16, 2023 1:26:52 PM org.apache.camel.spi.CamelLogger log
INFO:     Stopped route57 (direct://switchDigital-456832249)
Jan 16, 2023 1:26:52 PM org.apache.camel.spi.CamelLogger log
INFO:     Stopped route56 (direct://switchAnalog-456832249)
Jan 16, 2023 1:26:52 PM org.apache.camel.spi.CamelLogger log
INFO:     Stopped route55 (direct://readDigital-456832249)
Jan 16, 2023 1:26:52 PM org.apache.camel.spi.CamelLogger log
INFO:     Stopped route54 (direct://readAnalog-456832249)
Jan 16, 2023 1:26:52 PM org.apache.camel.spi.CamelLogger log
INFO:     Stopped route53 (direct://patchDigital-456832249)
Jan 16, 2023 1:26:52 PM org.apache.camel.spi.CamelLogger log
INFO:     Stopped route52 (direct://patchAnalog-456832249)
Jan 16, 2023 1:26:52 PM org.apache.camel.spi.CamelLogger log
INFO:     Stopped route51 (jetty:http://localhost:44689/api-browser)
Jan 16, 2023 1:26:52 PM org.apache.camel.spi.CamelLogger log
INFO:     Stopped route50 (jetty:http://localhost:44689/swagger-ui/4.11.1/swagger-initializer.js)
Jan 16, 2023 1:26:52 PM org.apache.camel.impl.engine.AbstractCamelContext doStop
INFO: Apache Camel 3.14.0 (camel-4) shutdown in 12ms (uptime:50ms)
Jan 16, 2023 1:26:52 PM org.apache.camel.component.jetty.JettyHttpComponent connect
WARNING: You use localhost interface! It means that no external connections will be available. Don't you want to use 0.0.0.0 instead (all network interfaces)? jetty:http://localhost:39131/swagger-ui/4.11.1/swagger-initializer.js
Jan 16, 2023 1:26:52 PM org.eclipse.jetty.server.Server doStart
INFO: jetty-9.4.43.v20210629; built: 2021-06-30T11:07:22.254Z; git: 526006ecfa3af7f1a27ef3a288e2bef7ea9dd7e8; jvm 11.0.17+8-post-Ubuntu-1ubuntu218.04
Jan 16, 2023 1:26:52 PM org.eclipse.jetty.server.handler.ContextHandler doStart
INFO: Started o.e.j.s.ServletContextHandler@49fdbe2b{/,null,AVAILABLE}
Jan 16, 2023 1:26:52 PM org.eclipse.jetty.server.AbstractConnector doStart
INFO: Started ServerConnector@324b6a56{HTTP/1.1, (http/1.1)}{localhost:39131}
Jan 16, 2023 1:26:52 PM org.eclipse.jetty.server.Server doStart
INFO: Started @3520ms
Jan 16, 2023 1:26:52 PM org.eclipse.jetty.server.AbstractConnector doStop
INFO: Stopped ServerConnector@324b6a56{HTTP/1.1, (http/1.1)}{localhost:39131}
Jan 16, 2023 1:26:52 PM org.eclipse.jetty.server.handler.ContextHandler doStop
INFO: Stopped o.e.j.s.ServletContextHandler@49fdbe2b{/,null,STOPPED}
Jan 16, 2023 1:26:52 PM org.eclipse.jetty.server.Server doStart
INFO: jetty-9.4.43.v20210629; built: 2021-06-30T11:07:22.254Z; git: 526006ecfa3af7f1a27ef3a288e2bef7ea9dd7e8; jvm 11.0.17+8-post-Ubuntu-1ubuntu218.04
Jan 16, 2023 1:26:52 PM org.eclipse.jetty.server.handler.ContextHandler doStart
INFO: Started o.e.j.s.ServletContextHandler@49fdbe2b{/,null,AVAILABLE}
Jan 16, 2023 1:26:52 PM org.eclipse.jetty.server.AbstractConnector doStart
INFO: Started ServerConnector@324b6a56{HTTP/1.1, (http/1.1)}{localhost:39131}
Jan 16, 2023 1:26:52 PM org.eclipse.jetty.server.Server doStart
INFO: Started @3528ms
Jan 16, 2023 1:26:52 PM org.apache.camel.impl.engine.AbstractCamelContext logStartSummary
INFO: Routes startup (total:16 started:16)
Jan 16, 2023 1:26:52 PM org.apache.camel.impl.engine.AbstractCamelContext logStartSummary
INFO:     Started route66 (jetty:http://localhost:39131/swagger-ui/4.11.1/swagger-initializer.js)
Jan 16, 2023 1:26:52 PM org.apache.camel.impl.engine.AbstractCamelContext logStartSummary
INFO:     Started route67 (jetty:http://localhost:39131/api-browser)
Jan 16, 2023 1:26:52 PM org.apache.camel.impl.engine.AbstractCamelContext logStartSummary
INFO:     Started route68 (direct://patchAnalog-481947474)
Jan 16, 2023 1:26:52 PM org.apache.camel.impl.engine.AbstractCamelContext logStartSummary
INFO:     Started route69 (direct://patchDigital-481947474)
Jan 16, 2023 1:26:52 PM org.apache.camel.impl.engine.AbstractCamelContext logStartSummary
INFO:     Started route70 (direct://readAnalog-481947474)
Jan 16, 2023 1:26:52 PM org.apache.camel.impl.engine.AbstractCamelContext logStartSummary
INFO:     Started route71 (direct://readDigital-481947474)
Jan 16, 2023 1:26:52 PM org.apache.camel.impl.engine.AbstractCamelContext logStartSummary
INFO:     Started route72 (direct://switchAnalog-481947474)
Jan 16, 2023 1:26:52 PM org.apache.camel.impl.engine.AbstractCamelContext logStartSummary
INFO:     Started route73 (direct://switchDigital-481947474)
Jan 16, 2023 1:26:52 PM org.apache.camel.impl.engine.AbstractCamelContext logStartSummary
INFO:     Started route74 (ardulink://mock)
Jan 16, 2023 1:26:52 PM org.apache.camel.impl.engine.AbstractCamelContext logStartSummary
INFO:     Started route65 (rest-api:///api-docs)
Jan 16, 2023 1:26:52 PM org.apache.camel.impl.engine.AbstractCamelContext logStartSummary
INFO:     Started route75 (rest://patch:/pin:/analog/%7Bpin%7D)
Jan 16, 2023 1:26:52 PM org.apache.camel.impl.engine.AbstractCamelContext logStartSummary
INFO:     Started route76 (rest://patch:/pin:/digital/%7Bpin%7D)
Jan 16, 2023 1:26:52 PM org.apache.camel.impl.engine.AbstractCamelContext logStartSummary
INFO:     Started route77 (rest://get:/pin:/analog/%7Bpin%7D)
Jan 16, 2023 1:26:52 PM org.apache.camel.impl.engine.AbstractCamelContext logStartSummary
INFO:     Started route78 (rest://get:/pin:/digital/%7Bpin%7D)
Jan 16, 2023 1:26:52 PM org.apache.camel.impl.engine.AbstractCamelContext logStartSummary
INFO:     Started route79 (rest://put:/pin:/analog/%7Bpin%7D)
Jan 16, 2023 1:26:52 PM org.apache.camel.impl.engine.AbstractCamelContext logStartSummary
INFO:     Started route80 (rest://put:/pin:/digital/%7Bpin%7D)
Jan 16, 2023 1:26:52 PM org.apache.camel.impl.engine.AbstractCamelContext logStartSummary
INFO: Apache Camel 3.14.0 (camel-5) started in 48ms (build:2ms init:28ms start:18ms)
Jan 16, 2023 1:26:52 PM org.apache.camel.impl.engine.AbstractCamelContext doStop
INFO: Apache Camel 3.14.0 (camel-5) shutting down (timeout:45s)
Jan 16, 2023 1:26:52 PM org.eclipse.jetty.server.AbstractConnector doStop
INFO: Stopped ServerConnector@324b6a56{HTTP/1.1, (http/1.1)}{localhost:39131}
Jan 16, 2023 1:26:52 PM org.eclipse.jetty.server.handler.ContextHandler doStop
INFO: Stopped o.e.j.s.ServletContextHandler@49fdbe2b{/,null,STOPPED}
Jan 16, 2023 1:26:52 PM org.apache.camel.spi.CamelLogger log
INFO: Routes stopped (total:16 stopped:16)
Jan 16, 2023 1:26:52 PM org.apache.camel.spi.CamelLogger log
INFO:     Stopped route80 (rest://put:/pin:/digital/%7Bpin%7D)
Jan 16, 2023 1:26:52 PM org.apache.camel.spi.CamelLogger log
INFO:     Stopped route79 (rest://put:/pin:/analog/%7Bpin%7D)
Jan 16, 2023 1:26:52 PM org.apache.camel.spi.CamelLogger log
INFO:     Stopped route78 (rest://get:/pin:/digital/%7Bpin%7D)
Jan 16, 2023 1:26:52 PM org.apache.camel.spi.CamelLogger log
INFO:     Stopped route77 (rest://get:/pin:/analog/%7Bpin%7D)
Jan 16, 2023 1:26:52 PM org.apache.camel.spi.CamelLogger log
INFO:     Stopped route76 (rest://patch:/pin:/digital/%7Bpin%7D)
Jan 16, 2023 1:26:52 PM org.apache.camel.spi.CamelLogger log
INFO:     Stopped route75 (rest://patch:/pin:/analog/%7Bpin%7D)
Jan 16, 2023 1:26:52 PM org.apache.camel.spi.CamelLogger log
INFO:     Stopped route65 (rest-api:///api-docs)
Jan 16, 2023 1:26:52 PM org.apache.camel.spi.CamelLogger log
INFO:     Stopped route74 (ardulink://mock)
Jan 16, 2023 1:26:52 PM org.apache.camel.spi.CamelLogger log
INFO:     Stopped route73 (direct://switchDigital-481947474)
Jan 16, 2023 1:26:52 PM org.apache.camel.spi.CamelLogger log
INFO:     Stopped route72 (direct://switchAnalog-481947474)
Jan 16, 2023 1:26:52 PM org.apache.camel.spi.CamelLogger log
INFO:     Stopped route71 (direct://readDigital-481947474)
Jan 16, 2023 1:26:52 PM org.apache.camel.spi.CamelLogger log
INFO:     Stopped route70 (direct://readAnalog-481947474)
Jan 16, 2023 1:26:52 PM org.apache.camel.spi.CamelLogger log
INFO:     Stopped route69 (direct://patchDigital-481947474)
Jan 16, 2023 1:26:52 PM org.apache.camel.spi.CamelLogger log
INFO:     Stopped route68 (direct://patchAnalog-481947474)
Jan 16, 2023 1:26:52 PM org.apache.camel.spi.CamelLogger log
INFO:     Stopped route67 (jetty:http://localhost:39131/api-browser)
Jan 16, 2023 1:26:52 PM org.apache.camel.spi.CamelLogger log
INFO:     Stopped route66 (jetty:http://localhost:39131/swagger-ui/4.11.1/swagger-initializer.js)
Jan 16, 2023 1:26:52 PM org.apache.camel.impl.engine.AbstractCamelContext doStop
INFO: Apache Camel 3.14.0 (camel-5) shutdown in 13ms (uptime:66ms)
Jan 16, 2023 1:26:52 PM org.apache.camel.component.jetty.JettyHttpComponent connect
WARNING: You use localhost interface! It means that no external connections will be available. Don't you want to use 0.0.0.0 instead (all network interfaces)? jetty:http://localhost:33003/swagger-ui/4.11.1/swagger-initializer.js
Jan 16, 2023 1:26:52 PM org.eclipse.jetty.server.Server doStart
INFO: jetty-9.4.43.v20210629; built: 2021-06-30T11:07:22.254Z; git: 526006ecfa3af7f1a27ef3a288e2bef7ea9dd7e8; jvm 11.0.17+8-post-Ubuntu-1ubuntu218.04
Jan 16, 2023 1:26:52 PM org.eclipse.jetty.server.handler.ContextHandler doStart
INFO: Started o.e.j.s.ServletContextHandler@2e0fdbe9{/,null,AVAILABLE}
Jan 16, 2023 1:26:52 PM org.eclipse.jetty.server.AbstractConnector doStart
INFO: Started ServerConnector@7436364d{HTTP/1.1, (http/1.1)}{localhost:33003}
Jan 16, 2023 1:26:52 PM org.eclipse.jetty.server.Server doStart
INFO: Started @3677ms
Jan 16, 2023 1:26:52 PM org.eclipse.jetty.server.AbstractConnector doStop
INFO: Stopped ServerConnector@7436364d{HTTP/1.1, (http/1.1)}{localhost:33003}
Jan 16, 2023 1:26:52 PM org.eclipse.jetty.server.handler.ContextHandler doStop
INFO: Stopped o.e.j.s.ServletContextHandler@2e0fdbe9{/,null,STOPPED}
Jan 16, 2023 1:26:52 PM org.eclipse.jetty.server.Server doStart
INFO: jetty-9.4.43.v20210629; built: 2021-06-30T11:07:22.254Z; git: 526006ecfa3af7f1a27ef3a288e2bef7ea9dd7e8; jvm 11.0.17+8-post-Ubuntu-1ubuntu218.04
Jan 16, 2023 1:26:52 PM org.eclipse.jetty.server.handler.ContextHandler doStart
INFO: Started o.e.j.s.ServletContextHandler@2e0fdbe9{/,null,AVAILABLE}
Jan 16, 2023 1:26:52 PM org.eclipse.jetty.server.AbstractConnector doStart
INFO: Started ServerConnector@7436364d{HTTP/1.1, (http/1.1)}{localhost:33003}
Jan 16, 2023 1:26:52 PM org.eclipse.jetty.server.Server doStart
INFO: Started @3689ms
Jan 16, 2023 1:26:52 PM org.apache.camel.impl.engine.AbstractCamelContext logStartSummary
INFO: Routes startup (total:16 started:16)
Jan 16, 2023 1:26:52 PM org.apache.camel.impl.engine.AbstractCamelContext logStartSummary
INFO:     Started route82 (jetty:http://localhost:33003/swagger-ui/4.11.1/swagger-initializer.js)
Jan 16, 2023 1:26:52 PM org.apache.camel.impl.engine.AbstractCamelContext logStartSummary
INFO:     Started route83 (jetty:http://localhost:33003/api-browser)
Jan 16, 2023 1:26:52 PM org.apache.camel.impl.engine.AbstractCamelContext logStartSummary
INFO:     Started route84 (direct://patchAnalog-10288247)
Jan 16, 2023 1:26:52 PM org.apache.camel.impl.engine.AbstractCamelContext logStartSummary
INFO:     Started route85 (direct://patchDigital-10288247)
Jan 16, 2023 1:26:52 PM org.apache.camel.impl.engine.AbstractCamelContext logStartSummary
INFO:     Started route86 (direct://readAnalog-10288247)
Jan 16, 2023 1:26:52 PM org.apache.camel.impl.engine.AbstractCamelContext logStartSummary
INFO:     Started route87 (direct://readDigital-10288247)
Jan 16, 2023 1:26:52 PM org.apache.camel.impl.engine.AbstractCamelContext logStartSummary
INFO:     Started route88 (direct://switchAnalog-10288247)
Jan 16, 2023 1:26:52 PM org.apache.camel.impl.engine.AbstractCamelContext logStartSummary
INFO:     Started route89 (direct://switchDigital-10288247)
Jan 16, 2023 1:26:52 PM org.apache.camel.impl.engine.AbstractCamelContext logStartSummary
INFO:     Started route90 (ardulink://mock)
Jan 16, 2023 1:26:52 PM org.apache.camel.impl.engine.AbstractCamelContext logStartSummary
INFO:     Started route81 (rest-api:///api-docs)
Jan 16, 2023 1:26:52 PM org.apache.camel.impl.engine.AbstractCamelContext logStartSummary
INFO:     Started route91 (rest://patch:/pin:/analog/%7Bpin%7D)
Jan 16, 2023 1:26:52 PM org.apache.camel.impl.engine.AbstractCamelContext logStartSummary
INFO:     Started route92 (rest://patch:/pin:/digital/%7Bpin%7D)
Jan 16, 2023 1:26:52 PM org.apache.camel.impl.engine.AbstractCamelContext logStartSummary
INFO:     Started route93 (rest://get:/pin:/analog/%7Bpin%7D)
Jan 16, 2023 1:26:52 PM org.apache.camel.impl.engine.AbstractCamelContext logStartSummary
INFO:     Started route94 (rest://get:/pin:/digital/%7Bpin%7D)
Jan 16, 2023 1:26:52 PM org.apache.camel.impl.engine.AbstractCamelContext logStartSummary
INFO:     Started route95 (rest://put:/pin:/analog/%7Bpin%7D)
Jan 16, 2023 1:26:52 PM org.apache.camel.impl.engine.AbstractCamelContext logStartSummary
INFO:     Started route96 (rest://put:/pin:/digital/%7Bpin%7D)
Jan 16, 2023 1:26:52 PM org.apache.camel.impl.engine.AbstractCamelContext logStartSummary
INFO: Apache Camel 3.14.0 (camel-6) started in 42ms (build:2ms init:18ms start:22ms)
Jan 16, 2023 1:26:52 PM org.apache.camel.impl.engine.AbstractCamelContext doStop
INFO: Apache Camel 3.14.0 (camel-6) shutting down (timeout:45s)
Jan 16, 2023 1:26:52 PM org.eclipse.jetty.server.AbstractConnector doStop
INFO: Stopped ServerConnector@7436364d{HTTP/1.1, (http/1.1)}{localhost:33003}
Jan 16, 2023 1:26:52 PM org.eclipse.jetty.server.handler.ContextHandler doStop
INFO: Stopped o.e.j.s.ServletContextHandler@2e0fdbe9{/,null,STOPPED}
Jan 16, 2023 1:26:53 PM org.apache.camel.spi.CamelLogger log
INFO: Routes stopped (total:16 stopped:16)
Jan 16, 2023 1:26:53 PM org.apache.camel.spi.CamelLogger log
INFO:     Stopped route96 (rest://put:/pin:/digital/%7Bpin%7D)
Jan 16, 2023 1:26:53 PM org.apache.camel.spi.CamelLogger log
INFO:     Stopped route95 (rest://put:/pin:/analog/%7Bpin%7D)
Jan 16, 2023 1:26:53 PM org.apache.camel.spi.CamelLogger log
INFO:     Stopped route94 (rest://get:/pin:/digital/%7Bpin%7D)
Jan 16, 2023 1:26:53 PM org.apache.camel.spi.CamelLogger log
INFO:     Stopped route93 (rest://get:/pin:/analog/%7Bpin%7D)
Jan 16, 2023 1:26:53 PM org.apache.camel.spi.CamelLogger log
INFO:     Stopped route92 (rest://patch:/pin:/digital/%7Bpin%7D)
Jan 16, 2023 1:26:53 PM org.apache.camel.spi.CamelLogger log
INFO:     Stopped route91 (rest://patch:/pin:/analog/%7Bpin%7D)
Jan 16, 2023 1:26:53 PM org.apache.camel.spi.CamelLogger log
INFO:     Stopped route81 (rest-api:///api-docs)
Jan 16, 2023 1:26:53 PM org.apache.camel.spi.CamelLogger log
INFO:     Stopped route90 (ardulink://mock)
Jan 16, 2023 1:26:53 PM org.apache.camel.spi.CamelLogger log
INFO:     Stopped route89 (direct://switchDigital-10288247)
Jan 16, 2023 1:26:53 PM org.apache.camel.spi.CamelLogger log
INFO:     Stopped route88 (direct://switchAnalog-10288247)
Jan 16, 2023 1:26:53 PM org.apache.camel.spi.CamelLogger log
INFO:     Stopped route87 (direct://readDigital-10288247)
Jan 16, 2023 1:26:53 PM org.apache.camel.spi.CamelLogger log
INFO:     Stopped route86 (direct://readAnalog-10288247)
Jan 16, 2023 1:26:53 PM org.apache.camel.spi.CamelLogger log
INFO:     Stopped route85 (direct://patchDigital-10288247)
Jan 16, 2023 1:26:53 PM org.apache.camel.spi.CamelLogger log
INFO:     Stopped route84 (direct://patchAnalog-10288247)
Jan 16, 2023 1:26:53 PM org.apache.camel.spi.CamelLogger log
INFO:     Stopped route83 (jetty:http://localhost:33003/api-browser)
Jan 16, 2023 1:26:53 PM org.apache.camel.spi.CamelLogger log
INFO:     Stopped route82 (jetty:http://localhost:33003/swagger-ui/4.11.1/swagger-initializer.js)
Jan 16, 2023 1:26:53 PM org.apache.camel.impl.engine.AbstractCamelContext doStop
INFO: Apache Camel 3.14.0 (camel-6) shutdown in 11ms (uptime:67ms)
[INFO] Tests run: 6, Failures: 0, Errors: 0, Skipped: 0, Time elapsed: 3.336 s - in org.ardulink.rest.ArdulinkRestTest
[INFO] Running org.ardulink.rest.main.ArdulinkRestMainTest
Jan 16, 2023 1:26:53 PM org.apache.camel.component.jetty.JettyHttpComponent connect
WARNING: You use localhost interface! It means that no external connections will be available. Don't you want to use 0.0.0.0 instead (all network interfaces)? jetty:http://localhost:37799/swagger-ui/4.11.1/swagger-initializer.js
Jan 16, 2023 1:26:53 PM org.eclipse.jetty.server.Server doStart
INFO: jetty-9.4.43.v20210629; built: 2021-06-30T11:07:22.254Z; git: 526006ecfa3af7f1a27ef3a288e2bef7ea9dd7e8; jvm 11.0.17+8-post-Ubuntu-1ubuntu218.04
Jan 16, 2023 1:26:53 PM org.eclipse.jetty.server.handler.ContextHandler doStart
INFO: Started o.e.j.s.ServletContextHandler@8b13d91{/,null,AVAILABLE}
Jan 16, 2023 1:26:53 PM org.eclipse.jetty.server.AbstractConnector doStart
INFO: Started ServerConnector@5cfed0ba{HTTP/1.1, (http/1.1)}{localhost:37799}
Jan 16, 2023 1:26:53 PM org.eclipse.jetty.server.Server doStart
INFO: Started @3841ms
Jan 16, 2023 1:26:53 PM org.eclipse.jetty.server.AbstractConnector doStop
INFO: Stopped ServerConnector@5cfed0ba{HTTP/1.1, (http/1.1)}{localhost:37799}
Jan 16, 2023 1:26:53 PM org.eclipse.jetty.server.handler.ContextHandler doStop
INFO: Stopped o.e.j.s.ServletContextHandler@8b13d91{/,null,STOPPED}
Jan 16, 2023 1:26:53 PM org.eclipse.jetty.server.Server doStart
INFO: jetty-9.4.43.v20210629; built: 2021-06-30T11:07:22.254Z; git: 526006ecfa3af7f1a27ef3a288e2bef7ea9dd7e8; jvm 11.0.17+8-post-Ubuntu-1ubuntu218.04
Jan 16, 2023 1:26:53 PM org.eclipse.jetty.server.handler.ContextHandler doStart
INFO: Started o.e.j.s.ServletContextHandler@8b13d91{/,null,AVAILABLE}
Jan 16, 2023 1:26:53 PM org.eclipse.jetty.server.AbstractConnector doStart
INFO: Started ServerConnector@5cfed0ba{HTTP/1.1, (http/1.1)}{localhost:37799}
Jan 16, 2023 1:26:53 PM org.eclipse.jetty.server.Server doStart
INFO: Started @3847ms
Jan 16, 2023 1:26:53 PM org.apache.camel.impl.engine.AbstractCamelContext logStartSummary
INFO: Routes startup (total:16 started:16)
Jan 16, 2023 1:26:53 PM org.apache.camel.impl.engine.AbstractCamelContext logStartSummary
INFO:     Started route98 (jetty:http://localhost:37799/swagger-ui/4.11.1/swagger-initializer.js)
Jan 16, 2023 1:26:53 PM org.apache.camel.impl.engine.AbstractCamelContext logStartSummary
INFO:     Started route99 (jetty:http://localhost:37799/api-browser)
Jan 16, 2023 1:26:53 PM org.apache.camel.impl.engine.AbstractCamelContext logStartSummary
INFO:     Started route100 (direct://patchAnalog-190490203)
Jan 16, 2023 1:26:53 PM org.apache.camel.impl.engine.AbstractCamelContext logStartSummary
INFO:     Started route101 (direct://patchDigital-190490203)
Jan 16, 2023 1:26:53 PM org.apache.camel.impl.engine.AbstractCamelContext logStartSummary
INFO:     Started route102 (direct://readAnalog-190490203)
Jan 16, 2023 1:26:53 PM org.apache.camel.impl.engine.AbstractCamelContext logStartSummary
INFO:     Started route103 (direct://readDigital-190490203)
Jan 16, 2023 1:26:53 PM org.apache.camel.impl.engine.AbstractCamelContext logStartSummary
INFO:     Started route104 (direct://switchAnalog-190490203)
Jan 16, 2023 1:26:53 PM org.apache.camel.impl.engine.AbstractCamelContext logStartSummary
INFO:     Started route105 (direct://switchDigital-190490203)
Jan 16, 2023 1:26:53 PM org.apache.camel.impl.engine.AbstractCamelContext logStartSummary
INFO:     Started route106 (ardulink://mock)
Jan 16, 2023 1:26:53 PM org.apache.camel.impl.engine.AbstractCamelContext logStartSummary
INFO:     Started route97 (rest-api:///api-docs)
Jan 16, 2023 1:26:53 PM org.apache.camel.impl.engine.AbstractCamelContext logStartSummary
INFO:     Started route107 (rest://patch:/pin:/analog/%7Bpin%7D)
Jan 16, 2023 1:26:53 PM org.apache.camel.impl.engine.AbstractCamelContext logStartSummary
INFO:     Started route108 (rest://patch:/pin:/digital/%7Bpin%7D)
Jan 16, 2023 1:26:53 PM org.apache.camel.impl.engine.AbstractCamelContext logStartSummary
INFO:     Started route109 (rest://get:/pin:/analog/%7Bpin%7D)
Jan 16, 2023 1:26:53 PM org.apache.camel.impl.engine.AbstractCamelContext logStartSummary
INFO:     Started route110 (rest://get:/pin:/digital/%7Bpin%7D)
Jan 16, 2023 1:26:53 PM org.apache.camel.impl.engine.AbstractCamelContext logStartSummary
INFO:     Started route111 (rest://put:/pin:/analog/%7Bpin%7D)
Jan 16, 2023 1:26:53 PM org.apache.camel.impl.engine.AbstractCamelContext logStartSummary
INFO:     Started route112 (rest://put:/pin:/digital/%7Bpin%7D)
Jan 16, 2023 1:26:53 PM org.apache.camel.impl.engine.AbstractCamelContext logStartSummary
INFO: Apache Camel 3.14.0 (camel-7) started in 37ms (build:1ms init:24ms start:12ms)
Jan 16, 2023 1:26:53 PM org.apache.camel.impl.engine.AbstractCamelContext doStop
INFO: Apache Camel 3.14.0 (camel-7) shutting down (timeout:45s)
Jan 16, 2023 1:26:53 PM org.eclipse.jetty.server.AbstractConnector doStop
INFO: Stopped ServerConnector@5cfed0ba{HTTP/1.1, (http/1.1)}{localhost:37799}
Jan 16, 2023 1:26:53 PM org.eclipse.jetty.server.handler.ContextHandler doStop
INFO: Stopped o.e.j.s.ServletContextHandler@8b13d91{/,null,STOPPED}
Jan 16, 2023 1:26:53 PM org.apache.camel.spi.CamelLogger log
INFO: Routes stopped (total:16 stopped:16)
Jan 16, 2023 1:26:53 PM org.apache.camel.spi.CamelLogger log
INFO:     Stopped route112 (rest://put:/pin:/digital/%7Bpin%7D)
Jan 16, 2023 1:26:53 PM org.apache.camel.spi.CamelLogger log
INFO:     Stopped route111 (rest://put:/pin:/analog/%7Bpin%7D)
Jan 16, 2023 1:26:53 PM org.apache.camel.spi.CamelLogger log
INFO:     Stopped route110 (rest://get:/pin:/digital/%7Bpin%7D)
Jan 16, 2023 1:26:53 PM org.apache.camel.spi.CamelLogger log
INFO:     Stopped route109 (rest://get:/pin:/analog/%7Bpin%7D)
Jan 16, 2023 1:26:53 PM org.apache.camel.spi.CamelLogger log
INFO:     Stopped route108 (rest://patch:/pin:/digital/%7Bpin%7D)
Jan 16, 2023 1:26:53 PM org.apache.camel.spi.CamelLogger log
INFO:     Stopped route107 (rest://patch:/pin:/analog/%7Bpin%7D)
Jan 16, 2023 1:26:53 PM org.apache.camel.spi.CamelLogger log
INFO:     Stopped route97 (rest-api:///api-docs)
Jan 16, 2023 1:26:53 PM org.apache.camel.spi.CamelLogger log
INFO:     Stopped route106 (ardulink://mock)
Jan 16, 2023 1:26:53 PM org.apache.camel.spi.CamelLogger log
INFO:     Stopped route105 (direct://switchDigital-190490203)
Jan 16, 2023 1:26:53 PM org.apache.camel.spi.CamelLogger log
INFO:     Stopped route104 (direct://switchAnalog-190490203)
Jan 16, 2023 1:26:53 PM org.apache.camel.spi.CamelLogger log
INFO:     Stopped route103 (direct://readDigital-190490203)
Jan 16, 2023 1:26:53 PM org.apache.camel.spi.CamelLogger log
INFO:     Stopped route102 (direct://readAnalog-190490203)
Jan 16, 2023 1:26:53 PM org.apache.camel.spi.CamelLogger log
INFO:     Stopped route101 (direct://patchDigital-190490203)
Jan 16, 2023 1:26:53 PM org.apache.camel.spi.CamelLogger log
INFO:     Stopped route100 (direct://patchAnalog-190490203)
Jan 16, 2023 1:26:53 PM org.apache.camel.spi.CamelLogger log
INFO:     Stopped route99 (jetty:http://localhost:37799/api-browser)
Jan 16, 2023 1:26:53 PM org.apache.camel.spi.CamelLogger log
INFO:     Stopped route98 (jetty:http://localhost:37799/swagger-ui/4.11.1/swagger-initializer.js)
Jan 16, 2023 1:26:53 PM org.apache.camel.impl.engine.AbstractCamelContext doStop
INFO: Apache Camel 3.14.0 (camel-7) shutdown in 10ms (uptime:36ms)
[INFO] Tests run: 2, Failures: 0, Errors: 0, Skipped: 0, Time elapsed: 0.126 s - in org.ardulink.rest.main.ArdulinkRestMainTest
[INFO] Running org.ardulink.rest.swagger.ArdulinkRestSwaggerTest
Jan 16, 2023 1:26:53 PM org.apache.camel.component.jetty.JettyHttpComponent connect
WARNING: You use localhost interface! It means that no external connections will be available. Don't you want to use 0.0.0.0 instead (all network interfaces)? jetty:http://localhost:40371/swagger-ui/4.11.1/swagger-initializer.js
Jan 16, 2023 1:26:53 PM org.eclipse.jetty.server.Server doStart
INFO: jetty-9.4.43.v20210629; built: 2021-06-30T11:07:22.254Z; git: 526006ecfa3af7f1a27ef3a288e2bef7ea9dd7e8; jvm 11.0.17+8-post-Ubuntu-1ubuntu218.04
Jan 16, 2023 1:26:53 PM org.eclipse.jetty.server.handler.ContextHandler doStart
INFO: Started o.e.j.s.ServletContextHandler@794240e2{/,null,AVAILABLE}
Jan 16, 2023 1:26:53 PM org.eclipse.jetty.server.AbstractConnector doStart
INFO: Started ServerConnector@7b8ea1db{HTTP/1.1, (http/1.1)}{localhost:40371}
Jan 16, 2023 1:26:53 PM org.eclipse.jetty.server.Server doStart
INFO: Started @3958ms
Jan 16, 2023 1:26:53 PM org.eclipse.jetty.server.AbstractConnector doStop
INFO: Stopped ServerConnector@7b8ea1db{HTTP/1.1, (http/1.1)}{localhost:40371}
Jan 16, 2023 1:26:53 PM org.eclipse.jetty.server.handler.ContextHandler doStop
INFO: Stopped o.e.j.s.ServletContextHandler@794240e2{/,null,STOPPED}
Jan 16, 2023 1:26:53 PM org.eclipse.jetty.server.Server doStart
INFO: jetty-9.4.43.v20210629; built: 2021-06-30T11:07:22.254Z; git: 526006ecfa3af7f1a27ef3a288e2bef7ea9dd7e8; jvm 11.0.17+8-post-Ubuntu-1ubuntu218.04
Jan 16, 2023 1:26:53 PM org.eclipse.jetty.server.handler.ContextHandler doStart
INFO: Started o.e.j.s.ServletContextHandler@794240e2{/,null,AVAILABLE}
Jan 16, 2023 1:26:53 PM org.eclipse.jetty.server.AbstractConnector doStart
INFO: Started ServerConnector@7b8ea1db{HTTP/1.1, (http/1.1)}{localhost:40371}
Jan 16, 2023 1:26:53 PM org.eclipse.jetty.server.Server doStart
INFO: Started @3966ms
Jan 16, 2023 1:26:53 PM org.apache.camel.impl.engine.AbstractCamelContext logStartSummary
INFO: Routes startup (total:16 started:16)
Jan 16, 2023 1:26:53 PM org.apache.camel.impl.engine.AbstractCamelContext logStartSummary
INFO:     Started route114 (jetty:http://localhost:40371/swagger-ui/4.11.1/swagger-initializer.js)
Jan 16, 2023 1:26:53 PM org.apache.camel.impl.engine.AbstractCamelContext logStartSummary
INFO:     Started route115 (jetty:http://localhost:40371/api-browser)
Jan 16, 2023 1:26:53 PM org.apache.camel.impl.engine.AbstractCamelContext logStartSummary
INFO:     Started route116 (direct://patchAnalog-1018094504)
Jan 16, 2023 1:26:53 PM org.apache.camel.impl.engine.AbstractCamelContext logStartSummary
INFO:     Started route117 (direct://patchDigital-1018094504)
Jan 16, 2023 1:26:53 PM org.apache.camel.impl.engine.AbstractCamelContext logStartSummary
INFO:     Started route118 (direct://readAnalog-1018094504)
Jan 16, 2023 1:26:53 PM org.apache.camel.impl.engine.AbstractCamelContext logStartSummary
INFO:     Started route119 (direct://readDigital-1018094504)
Jan 16, 2023 1:26:53 PM org.apache.camel.impl.engine.AbstractCamelContext logStartSummary
INFO:     Started route120 (direct://switchAnalog-1018094504)
Jan 16, 2023 1:26:53 PM org.apache.camel.impl.engine.AbstractCamelContext logStartSummary
INFO:     Started route121 (direct://switchDigital-1018094504)
Jan 16, 2023 1:26:53 PM org.apache.camel.impl.engine.AbstractCamelContext logStartSummary
INFO:     Started route122 (direct://noop)
Jan 16, 2023 1:26:53 PM org.apache.camel.impl.engine.AbstractCamelContext logStartSummary
INFO:     Started route113 (rest-api:///api-docs)
Jan 16, 2023 1:26:53 PM org.apache.camel.impl.engine.AbstractCamelContext logStartSummary
INFO:     Started route123 (rest://patch:/pin:/analog/%7Bpin%7D)
Jan 16, 2023 1:26:53 PM org.apache.camel.impl.engine.AbstractCamelContext logStartSummary
INFO:     Started route124 (rest://patch:/pin:/digital/%7Bpin%7D)
Jan 16, 2023 1:26:53 PM org.apache.camel.impl.engine.AbstractCamelContext logStartSummary
INFO:     Started route125 (rest://get:/pin:/analog/%7Bpin%7D)
Jan 16, 2023 1:26:53 PM org.apache.camel.impl.engine.AbstractCamelContext logStartSummary
INFO:     Started route126 (rest://get:/pin:/digital/%7Bpin%7D)
Jan 16, 2023 1:26:53 PM org.apache.camel.impl.engine.AbstractCamelContext logStartSummary
INFO:     Started route127 (rest://put:/pin:/analog/%7Bpin%7D)
Jan 16, 2023 1:26:53 PM org.apache.camel.impl.engine.AbstractCamelContext logStartSummary
INFO:     Started route128 (rest://put:/pin:/digital/%7Bpin%7D)
Jan 16, 2023 1:26:53 PM org.apache.camel.impl.engine.AbstractCamelContext logStartSummary
INFO: Apache Camel 3.14.0 (camel-8) started in 48ms (build:2ms init:24ms start:22ms)
Jan 16, 2023 1:26:54 PM org.apache.camel.impl.engine.AbstractCamelContext doStop
INFO: Apache Camel 3.14.0 (camel-8) shutting down (timeout:45s)
Jan 16, 2023 1:26:54 PM org.eclipse.jetty.server.AbstractConnector doStop
INFO: Stopped ServerConnector@7b8ea1db{HTTP/1.1, (http/1.1)}{localhost:40371}
Jan 16, 2023 1:26:54 PM org.eclipse.jetty.server.handler.ContextHandler doStop
INFO: Stopped o.e.j.s.ServletContextHandler@794240e2{/,null,STOPPED}
Jan 16, 2023 1:26:54 PM org.apache.camel.spi.CamelLogger log
INFO: Routes stopped (total:16 stopped:16)
Jan 16, 2023 1:26:54 PM org.apache.camel.spi.CamelLogger log
INFO:     Stopped route128 (rest://put:/pin:/digital/%7Bpin%7D)
Jan 16, 2023 1:26:54 PM org.apache.camel.spi.CamelLogger log
INFO:     Stopped route127 (rest://put:/pin:/analog/%7Bpin%7D)
Jan 16, 2023 1:26:54 PM org.apache.camel.spi.CamelLogger log
INFO:     Stopped route126 (rest://get:/pin:/digital/%7Bpin%7D)
Jan 16, 2023 1:26:54 PM org.apache.camel.spi.CamelLogger log
INFO:     Stopped route125 (rest://get:/pin:/analog/%7Bpin%7D)
Jan 16, 2023 1:26:54 PM org.apache.camel.spi.CamelLogger log
INFO:     Stopped route124 (rest://patch:/pin:/digital/%7Bpin%7D)
Jan 16, 2023 1:26:54 PM org.apache.camel.spi.CamelLogger log
INFO:     Stopped route123 (rest://patch:/pin:/analog/%7Bpin%7D)
Jan 16, 2023 1:26:54 PM org.apache.camel.spi.CamelLogger log
INFO:     Stopped route113 (rest-api:///api-docs)
Jan 16, 2023 1:26:54 PM org.apache.camel.spi.CamelLogger log
INFO:     Stopped route122 (direct://noop)
Jan 16, 2023 1:26:54 PM org.apache.camel.spi.CamelLogger log
INFO:     Stopped route121 (direct://switchDigital-1018094504)
Jan 16, 2023 1:26:54 PM org.apache.camel.spi.CamelLogger log
INFO:     Stopped route120 (direct://switchAnalog-1018094504)
Jan 16, 2023 1:26:54 PM org.apache.camel.spi.CamelLogger log
INFO:     Stopped route119 (direct://readDigital-1018094504)
Jan 16, 2023 1:26:54 PM org.apache.camel.spi.CamelLogger log
INFO:     Stopped route118 (direct://readAnalog-1018094504)
Jan 16, 2023 1:26:54 PM org.apache.camel.spi.CamelLogger log
INFO:     Stopped route117 (direct://patchDigital-1018094504)
Jan 16, 2023 1:26:54 PM org.apache.camel.spi.CamelLogger log
INFO:     Stopped route116 (direct://patchAnalog-1018094504)
Jan 16, 2023 1:26:54 PM org.apache.camel.spi.CamelLogger log
INFO:     Stopped route115 (jetty:http://localhost:40371/api-browser)
Jan 16, 2023 1:26:54 PM org.apache.camel.spi.CamelLogger log
INFO:     Stopped route114 (jetty:http://localhost:40371/swagger-ui/4.11.1/swagger-initializer.js)
Jan 16, 2023 1:26:54 PM org.apache.camel.impl.engine.AbstractCamelContext doStop
INFO: Apache Camel 3.14.0 (camel-8) shutdown in 10ms (uptime:1s109ms)
Jan 16, 2023 1:26:54 PM org.apache.camel.component.jetty.JettyHttpComponent connect
WARNING: You use localhost interface! It means that no external connections will be available. Don't you want to use 0.0.0.0 instead (all network interfaces)? jetty:http://localhost:33857/swagger-ui/4.11.1/swagger-initializer.js
Jan 16, 2023 1:26:54 PM org.eclipse.jetty.server.Server doStart
INFO: jetty-9.4.43.v20210629; built: 2021-06-30T11:07:22.254Z; git: 526006ecfa3af7f1a27ef3a288e2bef7ea9dd7e8; jvm 11.0.17+8-post-Ubuntu-1ubuntu218.04
Jan 16, 2023 1:26:54 PM org.eclipse.jetty.server.handler.ContextHandler doStart
INFO: Started o.e.j.s.ServletContextHandler@5c839677{/,null,AVAILABLE}
Jan 16, 2023 1:26:54 PM org.eclipse.jetty.server.AbstractConnector doStart
INFO: Started ServerConnector@1be8c122{HTTP/1.1, (http/1.1)}{localhost:33857}
Jan 16, 2023 1:26:54 PM org.eclipse.jetty.server.Server doStart
INFO: Started @5125ms
Jan 16, 2023 1:26:54 PM org.eclipse.jetty.server.AbstractConnector doStop
INFO: Stopped ServerConnector@1be8c122{HTTP/1.1, (http/1.1)}{localhost:33857}
Jan 16, 2023 1:26:54 PM org.eclipse.jetty.server.handler.ContextHandler doStop
INFO: Stopped o.e.j.s.ServletContextHandler@5c839677{/,null,STOPPED}
Jan 16, 2023 1:26:54 PM org.eclipse.jetty.server.Server doStart
INFO: jetty-9.4.43.v20210629; built: 2021-06-30T11:07:22.254Z; git: 526006ecfa3af7f1a27ef3a288e2bef7ea9dd7e8; jvm 11.0.17+8-post-Ubuntu-1ubuntu218.04
Jan 16, 2023 1:26:54 PM org.eclipse.jetty.server.handler.ContextHandler doStart
INFO: Started o.e.j.s.ServletContextHandler@5c839677{/,null,AVAILABLE}
Jan 16, 2023 1:26:54 PM org.eclipse.jetty.server.AbstractConnector doStart
INFO: Started ServerConnector@1be8c122{HTTP/1.1, (http/1.1)}{localhost:33857}
Jan 16, 2023 1:26:54 PM org.eclipse.jetty.server.Server doStart
INFO: Started @5132ms
Jan 16, 2023 1:26:54 PM org.apache.camel.impl.engine.AbstractCamelContext logStartSummary
INFO: Routes startup (total:16 started:16)
Jan 16, 2023 1:26:54 PM org.apache.camel.impl.engine.AbstractCamelContext logStartSummary
INFO:     Started route130 (jetty:http://localhost:33857/swagger-ui/4.11.1/swagger-initializer.js)
Jan 16, 2023 1:26:54 PM org.apache.camel.impl.engine.AbstractCamelContext logStartSummary
INFO:     Started route131 (jetty:http://localhost:33857/api-browser)
Jan 16, 2023 1:26:54 PM org.apache.camel.impl.engine.AbstractCamelContext logStartSummary
INFO:     Started route132 (direct://patchAnalog-1169780300)
Jan 16, 2023 1:26:54 PM org.apache.camel.impl.engine.AbstractCamelContext logStartSummary
INFO:     Started route133 (direct://patchDigital-1169780300)
Jan 16, 2023 1:26:54 PM org.apache.camel.impl.engine.AbstractCamelContext logStartSummary
INFO:     Started route134 (direct://readAnalog-1169780300)
Jan 16, 2023 1:26:54 PM org.apache.camel.impl.engine.AbstractCamelContext logStartSummary
INFO:     Started route135 (direct://readDigital-1169780300)
Jan 16, 2023 1:26:54 PM org.apache.camel.impl.engine.AbstractCamelContext logStartSummary
INFO:     Started route136 (direct://switchAnalog-1169780300)
Jan 16, 2023 1:26:54 PM org.apache.camel.impl.engine.AbstractCamelContext logStartSummary
INFO:     Started route137 (direct://switchDigital-1169780300)
Jan 16, 2023 1:26:54 PM org.apache.camel.impl.engine.AbstractCamelContext logStartSummary
INFO:     Started route138 (direct://noop)
Jan 16, 2023 1:26:54 PM org.apache.camel.impl.engine.AbstractCamelContext logStartSummary
INFO:     Started route129 (rest-api:///api-docs)
Jan 16, 2023 1:26:54 PM org.apache.camel.impl.engine.AbstractCamelContext logStartSummary
INFO:     Started route139 (rest://patch:/pin:/analog/%7Bpin%7D)
Jan 16, 2023 1:26:54 PM org.apache.camel.impl.engine.AbstractCamelContext logStartSummary
INFO:     Started route140 (rest://patch:/pin:/digital/%7Bpin%7D)
Jan 16, 2023 1:26:54 PM org.apache.camel.impl.engine.AbstractCamelContext logStartSummary
INFO:     Started route141 (rest://get:/pin:/analog/%7Bpin%7D)
Jan 16, 2023 1:26:54 PM org.apache.camel.impl.engine.AbstractCamelContext logStartSummary
INFO:     Started route142 (rest://get:/pin:/digital/%7Bpin%7D)
Jan 16, 2023 1:26:54 PM org.apache.camel.impl.engine.AbstractCamelContext logStartSummary
INFO:     Started route143 (rest://put:/pin:/analog/%7Bpin%7D)
Jan 16, 2023 1:26:54 PM org.apache.camel.impl.engine.AbstractCamelContext logStartSummary
INFO:     Started route144 (rest://put:/pin:/digital/%7Bpin%7D)
Jan 16, 2023 1:26:54 PM org.apache.camel.impl.engine.AbstractCamelContext logStartSummary
INFO: Apache Camel 3.14.0 (camel-9) started in 34ms (build:2ms init:17ms start:15ms)
Jan 16, 2023 1:26:54 PM org.apache.camel.impl.engine.AbstractCamelContext doStop
INFO: Apache Camel 3.14.0 (camel-9) shutting down (timeout:45s)
Jan 16, 2023 1:26:54 PM org.eclipse.jetty.server.AbstractConnector doStop
INFO: Stopped ServerConnector@1be8c122{HTTP/1.1, (http/1.1)}{localhost:33857}
Jan 16, 2023 1:26:54 PM org.eclipse.jetty.server.handler.ContextHandler doStop
INFO: Stopped o.e.j.s.ServletContextHandler@5c839677{/,null,STOPPED}
Jan 16, 2023 1:26:54 PM org.apache.camel.spi.CamelLogger log
INFO: Routes stopped (total:16 stopped:16)
Jan 16, 2023 1:26:54 PM org.apache.camel.spi.CamelLogger log
INFO:     Stopped route144 (rest://put:/pin:/digital/%7Bpin%7D)
Jan 16, 2023 1:26:54 PM org.apache.camel.spi.CamelLogger log
INFO:     Stopped route143 (rest://put:/pin:/analog/%7Bpin%7D)
Jan 16, 2023 1:26:54 PM org.apache.camel.spi.CamelLogger log
INFO:     Stopped route142 (rest://get:/pin:/digital/%7Bpin%7D)
Jan 16, 2023 1:26:54 PM org.apache.camel.spi.CamelLogger log
INFO:     Stopped route141 (rest://get:/pin:/analog/%7Bpin%7D)
Jan 16, 2023 1:26:54 PM org.apache.camel.spi.CamelLogger log
INFO:     Stopped route140 (rest://patch:/pin:/digital/%7Bpin%7D)
Jan 16, 2023 1:26:54 PM org.apache.camel.spi.CamelLogger log
INFO:     Stopped route139 (rest://patch:/pin:/analog/%7Bpin%7D)
Jan 16, 2023 1:26:54 PM org.apache.camel.spi.CamelLogger log
INFO:     Stopped route129 (rest-api:///api-docs)
Jan 16, 2023 1:26:54 PM org.apache.camel.spi.CamelLogger log
INFO:     Stopped route138 (direct://noop)
Jan 16, 2023 1:26:54 PM org.apache.camel.spi.CamelLogger log
INFO:     Stopped route137 (direct://switchDigital-1169780300)
Jan 16, 2023 1:26:54 PM org.apache.camel.spi.CamelLogger log
INFO:     Stopped route136 (direct://switchAnalog-1169780300)
Jan 16, 2023 1:26:54 PM org.apache.camel.spi.CamelLogger log
INFO:     Stopped route135 (direct://readDigital-1169780300)
Jan 16, 2023 1:26:54 PM org.apache.camel.spi.CamelLogger log
INFO:     Stopped route134 (direct://readAnalog-1169780300)
Jan 16, 2023 1:26:54 PM org.apache.camel.spi.CamelLogger log
INFO:     Stopped route133 (direct://patchDigital-1169780300)
Jan 16, 2023 1:26:54 PM org.apache.camel.spi.CamelLogger log
INFO:     Stopped route132 (direct://patchAnalog-1169780300)
Jan 16, 2023 1:26:54 PM org.apache.camel.spi.CamelLogger log
INFO:     Stopped route131 (jetty:http://localhost:33857/api-browser)
Jan 16, 2023 1:26:54 PM org.apache.camel.spi.CamelLogger log
INFO:     Stopped route130 (jetty:http://localhost:33857/swagger-ui/4.11.1/swagger-initializer.js)
Jan 16, 2023 1:26:54 PM org.apache.camel.impl.engine.AbstractCamelContext doStop
INFO: Apache Camel 3.14.0 (camel-9) shutdown in 9ms (uptime:49ms)
[INFO] Tests run: 2, Failures: 0, Errors: 0, Skipped: 0, Time elapsed: 1.289 s - in org.ardulink.rest.swagger.ArdulinkRestSwaggerTest
[INFO] 
[INFO] Results:
[INFO] 
[INFO] Tests run: 10, Failures: 0, Errors: 0, Skipped: 0
[INFO] 
[INFO] 
[INFO] -------------< org.ardulink.examples:example-datareceiver >-------------
[INFO] Building example-datareceiver 2.1.2-SNAPSHOT                     [22/27]
[INFO] --------------------------------[ jar ]---------------------------------
[INFO] 
[INFO] --- maven-clean-plugin:2.5:clean (default-clean) @ example-datareceiver ---
[INFO] Deleting /home/gabsko/breaking-updates/example-datareceiver/target
[INFO] 
[INFO] --- maven-resources-plugin:2.6:resources (default-resources) @ example-datareceiver ---
[INFO] Using 'UTF-8' encoding to copy filtered resources.
[INFO] skip non existing resourceDirectory /home/gabsko/breaking-updates/example-datareceiver/src/main/resources
[INFO] 
[INFO] --- maven-compiler-plugin:3.1:compile (default-compile) @ example-datareceiver ---
[INFO] Changes detected - recompiling the module!
[INFO] Compiling 1 source file to /home/gabsko/breaking-updates/example-datareceiver/target/classes
[INFO] 
[INFO] --- maven-resources-plugin:2.6:testResources (default-testResources) @ example-datareceiver ---
[INFO] Using 'UTF-8' encoding to copy filtered resources.
[INFO] skip non existing resourceDirectory /home/gabsko/breaking-updates/example-datareceiver/src/test/resources
[INFO] 
[INFO] --- maven-compiler-plugin:3.1:testCompile (default-testCompile) @ example-datareceiver ---
[INFO] No sources to compile
[INFO] 
[INFO] --- maven-surefire-plugin:2.22.2:test (default-test) @ example-datareceiver ---
[INFO] No tests to run.
[INFO] 
[INFO] ---------------< org.ardulink.examples:example-uniqueid >---------------
[INFO] Building example-uniqueid 2.1.2-SNAPSHOT                         [23/27]
[INFO] --------------------------------[ jar ]---------------------------------
[INFO] 
[INFO] --- maven-clean-plugin:2.5:clean (default-clean) @ example-uniqueid ---
[INFO] Deleting /home/gabsko/breaking-updates/example-uniqueid/target
[INFO] 
[INFO] --- maven-resources-plugin:2.6:resources (default-resources) @ example-uniqueid ---
[INFO] Using 'UTF-8' encoding to copy filtered resources.
[INFO] skip non existing resourceDirectory /home/gabsko/breaking-updates/example-uniqueid/src/main/resources
[INFO] 
[INFO] --- maven-compiler-plugin:3.1:compile (default-compile) @ example-uniqueid ---
[INFO] Changes detected - recompiling the module!
[INFO] Compiling 1 source file to /home/gabsko/breaking-updates/example-uniqueid/target/classes
[INFO] 
[INFO] --- maven-resources-plugin:2.6:testResources (default-testResources) @ example-uniqueid ---
[INFO] Using 'UTF-8' encoding to copy filtered resources.
[INFO] skip non existing resourceDirectory /home/gabsko/breaking-updates/example-uniqueid/src/test/resources
[INFO] 
[INFO] --- maven-compiler-plugin:3.1:testCompile (default-testCompile) @ example-uniqueid ---
[INFO] No sources to compile
[INFO] 
[INFO] --- maven-surefire-plugin:2.22.2:test (default-test) @ example-uniqueid ---
[INFO] No tests to run.
[INFO] 
[INFO] -------------< org.ardulink.examples:example-buttonquest >--------------
[INFO] Building example-buttonquest 2.1.2-SNAPSHOT                      [24/27]
[INFO] --------------------------------[ jar ]---------------------------------
[INFO] 
[INFO] --- maven-clean-plugin:2.5:clean (default-clean) @ example-buttonquest ---
[INFO] Deleting /home/gabsko/breaking-updates/example-buttonquest/target
[INFO] 
[INFO] --- maven-resources-plugin:2.6:resources (default-resources) @ example-buttonquest ---
[INFO] Using 'UTF-8' encoding to copy filtered resources.
[INFO] skip non existing resourceDirectory /home/gabsko/breaking-updates/example-buttonquest/src/main/resources
[INFO] 
[INFO] --- maven-compiler-plugin:3.1:compile (default-compile) @ example-buttonquest ---
[INFO] Changes detected - recompiling the module!
[INFO] Compiling 2 source files to /home/gabsko/breaking-updates/example-buttonquest/target/classes
[WARNING] /home/gabsko/breaking-updates/example-buttonquest/src/main/java/org/ardulink/gui/WaitReplyLink.java: Some input files use or override a deprecated API.
[WARNING] /home/gabsko/breaking-updates/example-buttonquest/src/main/java/org/ardulink/gui/WaitReplyLink.java: Recompile with -Xlint:deprecation for details.
[INFO] 
[INFO] --- maven-resources-plugin:2.6:testResources (default-testResources) @ example-buttonquest ---
[INFO] Using 'UTF-8' encoding to copy filtered resources.
[INFO] skip non existing resourceDirectory /home/gabsko/breaking-updates/example-buttonquest/src/test/resources
[INFO] 
[INFO] --- maven-compiler-plugin:3.1:testCompile (default-testCompile) @ example-buttonquest ---
[INFO] No sources to compile
[INFO] 
[INFO] --- maven-surefire-plugin:2.22.2:test (default-test) @ example-buttonquest ---
[INFO] No tests to run.
[INFO] 
[INFO] --------< org.ardulink.examples:example-joysticksmartcardriver >--------
[INFO] Building example-joysticksmartcardriver 2.1.2-SNAPSHOT           [25/27]
[INFO] --------------------------------[ jar ]---------------------------------
[INFO] 
[INFO] --- maven-clean-plugin:2.5:clean (default-clean) @ example-joysticksmartcardriver ---
[INFO] Deleting /home/gabsko/breaking-updates/example-joysticksmartcardriver/target
[INFO] 
[INFO] --- maven-resources-plugin:2.6:resources (default-resources) @ example-joysticksmartcardriver ---
[INFO] Using 'UTF-8' encoding to copy filtered resources.
[INFO] skip non existing resourceDirectory /home/gabsko/breaking-updates/example-joysticksmartcardriver/src/main/resources
[INFO] 
[INFO] --- maven-compiler-plugin:3.1:compile (default-compile) @ example-joysticksmartcardriver ---
[INFO] Changes detected - recompiling the module!
[INFO] Compiling 2 source files to /home/gabsko/breaking-updates/example-joysticksmartcardriver/target/classes
[WARNING] /home/gabsko/breaking-updates/example-joysticksmartcardriver/src/main/java/org/ardulink/gui/JoystickSmartCarDriver.java: Some input files use or override a deprecated API.
[WARNING] /home/gabsko/breaking-updates/example-joysticksmartcardriver/src/main/java/org/ardulink/gui/JoystickSmartCarDriver.java: Recompile with -Xlint:deprecation for details.
[INFO] 
[INFO] --- maven-resources-plugin:2.6:testResources (default-testResources) @ example-joysticksmartcardriver ---
[INFO] Using 'UTF-8' encoding to copy filtered resources.
[INFO] skip non existing resourceDirectory /home/gabsko/breaking-updates/example-joysticksmartcardriver/src/test/resources
[INFO] 
[INFO] --- maven-compiler-plugin:3.1:testCompile (default-testCompile) @ example-joysticksmartcardriver ---
[INFO] No sources to compile
[INFO] 
[INFO] --- maven-surefire-plugin:2.22.2:test (default-test) @ example-joysticksmartcardriver ---
[INFO] No tests to run.
[INFO] 
[INFO] ---------< org.ardulink.examples:example-simplesmartcardriver >---------
[INFO] Building example-simplesmartcardriver 2.1.2-SNAPSHOT             [26/27]
[INFO] --------------------------------[ jar ]---------------------------------
[INFO] 
[INFO] --- maven-clean-plugin:2.5:clean (default-clean) @ example-simplesmartcardriver ---
[INFO] Deleting /home/gabsko/breaking-updates/example-simplesmartcardriver/target
[INFO] 
[INFO] --- maven-resources-plugin:2.6:resources (default-resources) @ example-simplesmartcardriver ---
[INFO] Using 'UTF-8' encoding to copy filtered resources.
[INFO] Copying 4 resources
[INFO] 
[INFO] --- maven-compiler-plugin:3.1:compile (default-compile) @ example-simplesmartcardriver ---
[INFO] Changes detected - recompiling the module!
[INFO] Compiling 1 source file to /home/gabsko/breaking-updates/example-simplesmartcardriver/target/classes
[WARNING] /home/gabsko/breaking-updates/example-simplesmartcardriver/src/main/java/org/ardulink/gui/SimpleSmartCarDriver.java: /home/gabsko/breaking-updates/example-simplesmartcardriver/src/main/java/org/ardulink/gui/SimpleSmartCarDriver.java uses or overrides a deprecated API.
[WARNING] /home/gabsko/breaking-updates/example-simplesmartcardriver/src/main/java/org/ardulink/gui/SimpleSmartCarDriver.java: Recompile with -Xlint:deprecation for details.
[INFO] 
[INFO] --- maven-resources-plugin:2.6:testResources (default-testResources) @ example-simplesmartcardriver ---
[INFO] Using 'UTF-8' encoding to copy filtered resources.
[INFO] skip non existing resourceDirectory /home/gabsko/breaking-updates/example-simplesmartcardriver/src/test/resources
[INFO] 
[INFO] --- maven-compiler-plugin:3.1:testCompile (default-testCompile) @ example-simplesmartcardriver ---
[INFO] No sources to compile
[INFO] 
[INFO] --- maven-surefire-plugin:2.22.2:test (default-test) @ example-simplesmartcardriver ---
[INFO] No tests to run.
[INFO] 
[INFO] ----------------------< org.ardulink:deploy-dist >----------------------
[INFO] Building deploy-dist 2.1.2-SNAPSHOT                              [27/27]
[INFO] --------------------------------[ pom ]---------------------------------
[INFO] 
[INFO] --- maven-clean-plugin:2.5:clean (default-clean) @ deploy-dist ---
[INFO] ------------------------------------------------------------------------
[INFO] Reactor Summary for Ardulink Project 2.1.2-SNAPSHOT:
[INFO] 
[INFO] Ardulink Project ................................... SUCCESS [  0.087 s]
[INFO] ardulink-core-util ................................. SUCCESS [  2.007 s]
[INFO] ardulink-core-beans ................................ SUCCESS [  0.780 s]
[INFO] ardulink-core-base ................................. SUCCESS [ 19.199 s]
[INFO] ardulink-core-virtual .............................. SUCCESS [  0.056 s]
[INFO] ardulink-core-nodemcu .............................. SUCCESS [  0.602 s]
[INFO] ardulink-core-serial-rxtx .......................... SUCCESS [  0.672 s]
[INFO] ardulink-core-serial-jssc .......................... SUCCESS [  0.685 s]
[INFO] ardulink-core-bluetooth ............................ SUCCESS [  0.055 s]
[INFO] ardulink-core-digispark ............................ SUCCESS [  0.042 s]
[INFO] ardulink-core-raspberry ............................ SUCCESS [  0.700 s]
[INFO] ardulink-core-proxy ................................ SUCCESS [  0.945 s]
[INFO] ardulink-core-mqtt ................................. SUCCESS [  0.960 s]
[INFO] ardulink-legacy .................................... SUCCESS [  0.034 s]
[INFO] ardulink-camel ..................................... SUCCESS [  1.919 s]
[INFO] ardulink-networkproxyserver ........................ SUCCESS [  0.918 s]
[INFO] ardulink-mqtt ...................................... SUCCESS [  3.525 s]
[INFO] ardulink-swing ..................................... SUCCESS [  1.122 s]
[INFO] ardulink-console ................................... SUCCESS [  0.796 s]
[INFO] ardulink-mail ...................................... SUCCESS [  1.313 s]
[INFO] ardulink-rest ...................................... SUCCESS [  5.940 s]
[INFO] example-datareceiver ............................... SUCCESS [  0.037 s]
[INFO] example-uniqueid ................................... SUCCESS [  0.032 s]
[INFO] example-buttonquest ................................ SUCCESS [  0.043 s]
[INFO] example-joysticksmartcardriver ..................... SUCCESS [  0.042 s]
[INFO] example-simplesmartcardriver ....................... SUCCESS [  0.041 s]
[INFO] deploy-dist ........................................ SUCCESS [  0.000 s]
[INFO] ------------------------------------------------------------------------
[INFO] BUILD SUCCESS
[INFO] ------------------------------------------------------------------------
[INFO] Total time:  42.717 s
[INFO] Finished at: 2023-01-16T13:26:55Z
[INFO] ------------------------------------------------------------------------
