[INFO] Scanning for projects...
[INFO] Inspecting build with total of 1 modules...
[INFO] Installing Nexus Staging features:
[INFO]   ... total of 1 executions of maven-deploy-plugin replaced with nexus-staging-maven-plugin
[INFO] 
[INFO] -----------------------< org.kohsuke:github-api >-----------------------
[INFO] Building GitHub API for Java 1.302-SNAPSHOT
[INFO] --------------------------------[ jar ]---------------------------------
[INFO] 
[INFO] --- maven-clean-plugin:2.5:clean (default-clean) @ github-api ---
[INFO] Deleting /home/gabsko/breaking-updates/target
[INFO] 
[INFO] --- maven-resources-plugin:2.6:resources (default-resources) @ github-api ---
[INFO] Using 'UTF-8' encoding to copy filtered resources.
[INFO] skip non existing resourceDirectory /home/gabsko/breaking-updates/src/main/resources
[INFO] 
[INFO] --- maven-compiler-plugin:3.9.0:compile (default-compile) @ github-api ---
[INFO] Changes detected - recompiling the module!
[INFO] Compiling 215 source files to /home/gabsko/breaking-updates/target/classes
[INFO] /home/gabsko/breaking-updates/src/main/java/org/kohsuke/github/connector/GitHubConnector.java: Some input files use or override a deprecated API.
[INFO] /home/gabsko/breaking-updates/src/main/java/org/kohsuke/github/connector/GitHubConnector.java: Recompile with -Xlint:deprecation for details.
[INFO] /home/gabsko/breaking-updates/src/main/java/org/kohsuke/github/GitHubRequest.java: Some input files use unchecked or unsafe operations.
[INFO] /home/gabsko/breaking-updates/src/main/java/org/kohsuke/github/GitHubRequest.java: Recompile with -Xlint:unchecked for details.
[INFO] 
[INFO] --- maven-compiler-plugin:3.9.0:compile (compile-java-11) @ github-api ---
[INFO] Changes detected - recompiling the module!
[INFO] Compiling 1 source file to /home/gabsko/breaking-updates/target/classes/META-INF/versions/11
[INFO] /home/gabsko/breaking-updates/src/main/java11/org/kohsuke/github/extras/HttpClientGitHubConnector.java: /home/gabsko/breaking-updates/src/main/java11/org/kohsuke/github/extras/HttpClientGitHubConnector.java uses or overrides a deprecated API.
[INFO] /home/gabsko/breaking-updates/src/main/java11/org/kohsuke/github/extras/HttpClientGitHubConnector.java: Recompile with -Xlint:deprecation for details.
[INFO] 
[INFO] --- bridge-method-injector:1.23:process (default) @ github-api ---
[INFO] 
[INFO] --- maven-resources-plugin:2.6:testResources (default-testResources) @ github-api ---
[INFO] Using 'UTF-8' encoding to copy filtered resources.
[INFO] Copying 56 resources
[INFO] 
[INFO] --- maven-compiler-plugin:3.9.0:testCompile (default-testCompile) @ github-api ---
[INFO] Changes detected - recompiling the module!
[INFO] Compiling 72 source files to /home/gabsko/breaking-updates/target/test-classes
[INFO] /home/gabsko/breaking-updates/src/test/java/org/kohsuke/github/ArchTests.java: Some input files use or override a deprecated API.
[INFO] /home/gabsko/breaking-updates/src/test/java/org/kohsuke/github/ArchTests.java: Recompile with -Xlint:deprecation for details.
[INFO] /home/gabsko/breaking-updates/src/test/java/org/kohsuke/github/junit/GitHubWireMockRule.java: Some input files use unchecked or unsafe operations.
[INFO] /home/gabsko/breaking-updates/src/test/java/org/kohsuke/github/junit/GitHubWireMockRule.java: Recompile with -Xlint:unchecked for details.
[INFO] 
[INFO] --- maven-surefire-plugin:2.22.2:test (default-test) @ github-api ---
[INFO] 
[INFO] -------------------------------------------------------
[INFO]  T E S T S
[INFO] -------------------------------------------------------
[INFO] Running org.kohsuke.github.EnumTest
[main] INFO wiremock.org.eclipse.jetty.util.log - Logging initialized @611ms to wiremock.org.eclipse.jetty.util.log.Slf4jLog
[INFO] Tests run: 1, Failures: 0, Errors: 0, Skipped: 0, Time elapsed: 0.679 s - in org.kohsuke.github.EnumTest
[INFO] Running org.kohsuke.github.AppTest
[WARNING] Tests run: 64, Failures: 0, Errors: 0, Skipped: 12, Time elapsed: 5.403 s - in org.kohsuke.github.AppTest
[INFO] Running org.kohsuke.github.GHTagTest
[INFO] Tests run: 1, Failures: 0, Errors: 0, Skipped: 0, Time elapsed: 0.023 s - in org.kohsuke.github.GHTagTest
[INFO] Running org.kohsuke.github.GHDiscussionTest
[INFO] Tests run: 4, Failures: 0, Errors: 0, Skipped: 0, Time elapsed: 0.147 s - in org.kohsuke.github.GHDiscussionTest
[INFO] Running org.kohsuke.github.LifecycleTest
[INFO] Tests run: 1, Failures: 0, Errors: 0, Skipped: 0, Time elapsed: 0.065 s - in org.kohsuke.github.LifecycleTest
[INFO] Running org.kohsuke.github.GHCheckRunBuilderTest
[INFO] Tests run: 6, Failures: 0, Errors: 0, Skipped: 0, Time elapsed: 0.435 s - in org.kohsuke.github.GHCheckRunBuilderTest
[INFO] Running org.kohsuke.github.GHReleaseTest
[INFO] Tests run: 6, Failures: 0, Errors: 0, Skipped: 0, Time elapsed: 0.223 s - in org.kohsuke.github.GHReleaseTest
[INFO] Running org.kohsuke.github.Github2faTest
[INFO] Tests run: 1, Failures: 0, Errors: 0, Skipped: 0, Time elapsed: 0.022 s - in org.kohsuke.github.Github2faTest
[INFO] Running org.kohsuke.github.GHGistUpdaterTest
[INFO] Tests run: 1, Failures: 0, Errors: 0, Skipped: 0, Time elapsed: 0.03 s - in org.kohsuke.github.GHGistUpdaterTest
[INFO] Running org.kohsuke.github.GHTeamTest
[INFO] Tests run: 8, Failures: 0, Errors: 0, Skipped: 0, Time elapsed: 0.191 s - in org.kohsuke.github.GHTeamTest
[INFO] Running org.kohsuke.github.GHTreeBuilderTest
[WARNING] Tests run: 3, Failures: 0, Errors: 0, Skipped: 1, Time elapsed: 0.123 s - in org.kohsuke.github.GHTreeBuilderTest
[INFO] Running org.kohsuke.github.GHProjectCardTest
[INFO] Tests run: 6, Failures: 0, Errors: 0, Skipped: 0, Time elapsed: 0.246 s - in org.kohsuke.github.GHProjectCardTest
[INFO] Running org.kohsuke.github.GHPullRequestMockTest
[INFO] Tests run: 1, Failures: 0, Errors: 0, Skipped: 0, Time elapsed: 0.399 s - in org.kohsuke.github.GHPullRequestMockTest
[INFO] Running org.kohsuke.github.GHOrganizationTest
[INFO] Tests run: 13, Failures: 0, Errors: 0, Skipped: 0, Time elapsed: 0.309 s - in org.kohsuke.github.GHOrganizationTest
[INFO] Running org.kohsuke.github.GHAppInstallationTest
[INFO] Tests run: 2, Failures: 0, Errors: 0, Skipped: 0, Time elapsed: 0.071 s - in org.kohsuke.github.GHAppInstallationTest
[INFO] Running org.kohsuke.github.GHIssueEventAttributeTest
[INFO] Tests run: 1, Failures: 0, Errors: 0, Skipped: 0, Time elapsed: 0.042 s - in org.kohsuke.github.GHIssueEventAttributeTest
[INFO] Running org.kohsuke.github.GitHubTest
[INFO] Tests run: 12, Failures: 0, Errors: 0, Skipped: 0, Time elapsed: 0.427 s - in org.kohsuke.github.GitHubTest
[INFO] Running org.kohsuke.github.GHMarketplacePlanTest
[INFO] Tests run: 4, Failures: 0, Errors: 0, Skipped: 0, Time elapsed: 0.081 s - in org.kohsuke.github.GHMarketplacePlanTest
[INFO] Running org.kohsuke.github.GHIssueEventTest
[INFO] Tests run: 4, Failures: 0, Errors: 0, Skipped: 0, Time elapsed: 0.263 s - in org.kohsuke.github.GHIssueEventTest
[INFO] Running org.kohsuke.github.BridgeMethodTest
[INFO] Tests run: 1, Failures: 0, Errors: 0, Skipped: 0, Time elapsed: 0.003 s - in org.kohsuke.github.BridgeMethodTest
[INFO] Running org.kohsuke.github.GHPersonTest
[INFO] Tests run: 2, Failures: 0, Errors: 0, Skipped: 0, Time elapsed: 0.028 s - in org.kohsuke.github.GHPersonTest
[INFO] Running org.kohsuke.github.GHRepositoryTest
Jan 17, 2023 6:43:35 PM org.kohsuke.github.internal.EnumUtils getEnumOrDefault
WARNING: Unknown value bogus for enum class org.kohsuke.github.GHRepository$Visibility, defaulting to UNKNOWN
[INFO] Tests run: 64, Failures: 0, Errors: 0, Skipped: 0, Time elapsed: 1.911 s - in org.kohsuke.github.GHRepositoryTest
[INFO] Running org.kohsuke.github.GHVerificationReasonTest
[INFO] Tests run: 13, Failures: 0, Errors: 0, Skipped: 0, Time elapsed: 0.172 s - in org.kohsuke.github.GHVerificationReasonTest
[INFO] Running org.kohsuke.github.GHMilestoneTest
[INFO] Tests run: 3, Failures: 0, Errors: 0, Skipped: 0, Time elapsed: 0.087 s - in org.kohsuke.github.GHMilestoneTest
[INFO] Running org.kohsuke.github.GHProjectColumnTest
[INFO] Tests run: 3, Failures: 0, Errors: 0, Skipped: 0, Time elapsed: 0.058 s - in org.kohsuke.github.GHProjectColumnTest
[INFO] Running org.kohsuke.github.GitHubConnectionTest
[INFO] Tests run: 12, Failures: 0, Errors: 0, Skipped: 0, Time elapsed: 0.089 s - in org.kohsuke.github.GitHubConnectionTest
[INFO] Running org.kohsuke.github.GHTeamBuilderTest
[INFO] Tests run: 1, Failures: 0, Errors: 0, Skipped: 0, Time elapsed: 0.065 s - in org.kohsuke.github.GHTeamBuilderTest
[INFO] Running org.kohsuke.github.CommitTest
[INFO] Tests run: 11, Failures: 0, Errors: 0, Skipped: 0, Time elapsed: 0.397 s - in org.kohsuke.github.CommitTest
[INFO] Running org.kohsuke.github.GHRepositoryStatisticsTest
[INFO] Tests run: 5, Failures: 0, Errors: 0, Skipped: 0, Time elapsed: 0.19 s - in org.kohsuke.github.GHRepositoryStatisticsTest
[INFO] Running org.kohsuke.github.ArchTests
[main] INFO com.tngtech.archunit.core.PluginLoader - Detected Java version 11.0.17
[INFO] Tests run: 3, Failures: 0, Errors: 0, Skipped: 0, Time elapsed: 2.401 s - in org.kohsuke.github.ArchTests
[INFO] Running org.kohsuke.github.GHContentIntegrationTest
[INFO] Tests run: 11, Failures: 0, Errors: 0, Skipped: 0, Time elapsed: 0.235 s - in org.kohsuke.github.GHContentIntegrationTest
[INFO] Running org.kohsuke.github.GHProjectTest
[INFO] Tests run: 5, Failures: 0, Errors: 0, Skipped: 0, Time elapsed: 0.094 s - in org.kohsuke.github.GHProjectTest
[INFO] Running org.kohsuke.github.GHEventTest
[INFO] Tests run: 1, Failures: 0, Errors: 0, Skipped: 0, Time elapsed: 0.001 s - in org.kohsuke.github.GHEventTest
[INFO] Running org.kohsuke.github.GHBranchTest
[INFO] Tests run: 1, Failures: 0, Errors: 0, Skipped: 0, Time elapsed: 0.041 s - in org.kohsuke.github.GHBranchTest
[INFO] Running org.kohsuke.github.GHDeploymentTest
[INFO] Tests run: 2, Failures: 0, Errors: 0, Skipped: 0, Time elapsed: 0.029 s - in org.kohsuke.github.GHDeploymentTest
[INFO] Running org.kohsuke.github.GHUserTest
[INFO] Tests run: 8, Failures: 0, Errors: 0, Skipped: 0, Time elapsed: 0.21 s - in org.kohsuke.github.GHUserTest
[INFO] Running org.kohsuke.github.GHAppTest
[INFO] Tests run: 8, Failures: 0, Errors: 0, Skipped: 0, Time elapsed: 0.137 s - in org.kohsuke.github.GHAppTest
[INFO] Running org.kohsuke.github.GitHubStaticTest
Jan 17, 2023 6:43:47 PM org.kohsuke.github.GitHubClient getConnector
WARNING: HttpConnector and getConnector() are deprecated. Please file an issue describing your use case.
[INFO] Tests run: 8, Failures: 0, Errors: 0, Skipped: 0, Time elapsed: 7.083 s - in org.kohsuke.github.GitHubStaticTest
[INFO] Running org.kohsuke.github.GHLicenseTest
[INFO] Tests run: 10, Failures: 0, Errors: 0, Skipped: 0, Time elapsed: 0.323 s - in org.kohsuke.github.GHLicenseTest
[INFO] Running org.kohsuke.github.GHWorkflowTest
[INFO] Tests run: 5, Failures: 0, Errors: 0, Skipped: 0, Time elapsed: 0.169 s - in org.kohsuke.github.GHWorkflowTest
[INFO] Running org.kohsuke.github.AbuseLimitHandlerTest
[INFO] Tests run: 4, Failures: 0, Errors: 0, Skipped: 0, Time elapsed: 2.311 s - in org.kohsuke.github.AbuseLimitHandlerTest
[INFO] Running org.kohsuke.github.GHObjectTest
[INFO] Tests run: 1, Failures: 0, Errors: 0, Skipped: 0, Time elapsed: 0.015 s - in org.kohsuke.github.GHObjectTest
[INFO] Running org.kohsuke.github.GHBranchProtectionTest
[INFO] Tests run: 6, Failures: 0, Errors: 0, Skipped: 0, Time elapsed: 0.138 s - in org.kohsuke.github.GHBranchProtectionTest
[INFO] Running org.kohsuke.github.OrgAppInstallationAuthorizationProviderTest
[INFO] Tests run: 2, Failures: 0, Errors: 0, Skipped: 0, Time elapsed: 0.024 s - in org.kohsuke.github.OrgAppInstallationAuthorizationProviderTest
[INFO] Running org.kohsuke.github.internal.EnumUtilsTest
Jan 17, 2023 6:43:50 PM org.kohsuke.github.internal.EnumUtils getEnumOrDefault
WARNING: Unknown value null for enum class org.kohsuke.github.internal.EnumUtilsTest$TestEnum, defaulting to UNKNOWN
Jan 17, 2023 6:43:50 PM org.kohsuke.github.internal.EnumUtils getEnumOrDefault
WARNING: Unknown value foobar for enum class org.kohsuke.github.internal.EnumUtilsTest$TestEnum, defaulting to UNKNOWN
[INFO] Tests run: 1, Failures: 0, Errors: 0, Skipped: 0, Time elapsed: 0 s - in org.kohsuke.github.internal.EnumUtilsTest
[INFO] Running org.kohsuke.github.internal.DefaultGitHubConnectorTest
Jan 17, 2023 6:43:50 PM org.kohsuke.github.GitHubClient setConnector
WARNING: Connector should not be changed. Please file an issue describing your use case.
Jan 17, 2023 6:43:50 PM org.kohsuke.github.GitHubClient getConnector
WARNING: HttpConnector and getConnector() are deprecated. Please file an issue describing your use case.
[INFO] Tests run: 1, Failures: 0, Errors: 0, Skipped: 0, Time elapsed: 0.088 s - in org.kohsuke.github.internal.DefaultGitHubConnectorTest
[INFO] Running org.kohsuke.github.RepositoryTrafficTest
[INFO] Tests run: 3, Failures: 0, Errors: 0, Skipped: 0, Time elapsed: 0.04 s - in org.kohsuke.github.RepositoryTrafficTest
[INFO] Running org.kohsuke.github.GHGistTest
[INFO] Tests run: 3, Failures: 0, Errors: 0, Skipped: 0, Time elapsed: 0.059 s - in org.kohsuke.github.GHGistTest
[INFO] Running org.kohsuke.github.GHWorkflowRunTest
[INFO] Tests run: 7, Failures: 0, Errors: 0, Skipped: 0, Time elapsed: 0.291 s - in org.kohsuke.github.GHWorkflowRunTest
[INFO] Running org.kohsuke.github.GHPullRequestTest
[INFO] Tests run: 26, Failures: 0, Errors: 0, Skipped: 0, Time elapsed: 15.771 s - in org.kohsuke.github.GHPullRequestTest
[INFO] Running org.kohsuke.github.GHEventPayloadTest
[INFO] Tests run: 42, Failures: 0, Errors: 0, Skipped: 0, Time elapsed: 0.324 s - in org.kohsuke.github.GHEventPayloadTest
[INFO] Running org.kohsuke.github.GHHookTest
[WARNING] Tests run: 1, Failures: 0, Errors: 0, Skipped: 1, Time elapsed: 0 s - in org.kohsuke.github.GHHookTest
[INFO] Running org.kohsuke.github.WireMockStatusReporterTest
[WARNING] Tests run: 6, Failures: 0, Errors: 0, Skipped: 5, Time elapsed: 0.028 s - in org.kohsuke.github.WireMockStatusReporterTest
[INFO] 
[INFO] Results:
[INFO] 
[WARNING] Tests run: 419, Failures: 0, Errors: 0, Skipped: 19
[INFO] 
[INFO] 
[INFO] --- animal-sniffer-maven-plugin:1.21:check (ensure-java-1.8-class-library) @ github-api ---
[INFO] Checking unresolved references to org.codehaus.mojo.signature:java18:1.0
[INFO] ------------------------------------------------------------------------
[INFO] BUILD SUCCESS
[INFO] ------------------------------------------------------------------------
[INFO] Total time:  48.430 s
[INFO] Finished at: 2023-01-17T18:44:08Z
[INFO] ------------------------------------------------------------------------
