[INFO] Scanning for projects...
[INFO] Inspecting build with total of 1 modules...
[INFO] Installing Nexus Staging features:
[INFO]   ... total of 1 executions of maven-deploy-plugin replaced with nexus-staging-maven-plugin
[INFO] 
[INFO] ----------------< de.gwdg.metadataqa:metadata-qa-marc >-----------------
[INFO] Building Quality assessment for MARC 0.5-SNAPSHOT
[INFO] --------------------------------[ jar ]---------------------------------
[INFO] Downloading from mvnrepository: https://mvnrepository.com/artifact/de/gwdg/metadataqa/metadata-qa-api/0.8-SNAPSHOT/maven-metadata.xml
[WARNING] Could not transfer metadata de.gwdg.metadataqa:metadata-qa-api:0.8-SNAPSHOT/maven-metadata.xml from/to mvnrepository (https://mvnrepository.com/artifact): authorization failed for https://mvnrepository.com/artifact/de/gwdg/metadataqa/metadata-qa-api/0.8-SNAPSHOT/maven-metadata.xml, status: 403 Forbidden
[WARNING] de.gwdg.metadataqa:metadata-qa-api:0.8-SNAPSHOT/maven-metadata.xmlfailed to transfer from https://mvnrepository.com/artifact during a previous attempt. This failure was cached in the local repository and resolution will not be reattempted until the update interval of mvnrepository has elapsed or updates are forced. Original error: Could not transfer metadata de.gwdg.metadataqa:metadata-qa-api:0.8-SNAPSHOT/maven-metadata.xml from/to mvnrepository (https://mvnrepository.com/artifact): authorization failed for https://mvnrepository.com/artifact/de/gwdg/metadataqa/metadata-qa-api/0.8-SNAPSHOT/maven-metadata.xml, status: 403 Forbidden
[INFO] 
[INFO] --- maven-clean-plugin:2.5:clean (default-clean) @ metadata-qa-marc ---
[INFO] Deleting /home/gabsko/breaking-updates/target
[INFO] 
[INFO] --- jacoco-maven-plugin:0.8.6:prepare-agent (prepare-agent) @ metadata-qa-marc ---
[INFO] argLine set to -javaagent:/home/gabsko/.m2/repository/org/jacoco/org.jacoco.agent/0.8.6/org.jacoco.agent-0.8.6-runtime.jar=destfile=/home/gabsko/breaking-updates/target/jacoco.exec -Duser.timezone=UTC -Dfile.encoding=UTF-8 -Duser.language=en -Duser.region=US
[INFO] 
[INFO] --- maven-resources-plugin:2.6:resources (default-resources) @ metadata-qa-marc ---
[INFO] Using 'UTF-8' encoding to copy filtered resources.
[INFO] Copying 7 resources
[INFO] 
[INFO] --- maven-compiler-plugin:3.8.1:compile (default-compile) @ metadata-qa-marc ---
[INFO] Changes detected - recompiling the module!
[INFO] Compiling 934 source files to /home/gabsko/breaking-updates/target/classes
[INFO] /home/gabsko/breaking-updates/src/main/java/de/gwdg/metadataqa/marc/utils/pica/PicaSchemaReader.java: /home/gabsko/breaking-updates/src/main/java/de/gwdg/metadataqa/marc/utils/pica/PicaSchemaReader.java uses or overrides a deprecated API.
[INFO] /home/gabsko/breaking-updates/src/main/java/de/gwdg/metadataqa/marc/utils/pica/PicaSchemaReader.java: Recompile with -Xlint:deprecation for details.
[INFO] /home/gabsko/breaking-updates/src/main/java/de/gwdg/metadataqa/marc/dao/MarcRecord.java: Some input files use unchecked or unsafe operations.
[INFO] /home/gabsko/breaking-updates/src/main/java/de/gwdg/metadataqa/marc/dao/MarcRecord.java: Recompile with -Xlint:unchecked for details.
[INFO] 
[INFO] --- maven-resources-plugin:2.6:testResources (default-testResources) @ metadata-qa-marc ---
[INFO] Using 'UTF-8' encoding to copy filtered resources.
[INFO] Copying 40 resources
[INFO] 
[INFO] --- maven-compiler-plugin:3.8.1:testCompile (default-testCompile) @ metadata-qa-marc ---
[INFO] Changes detected - recompiling the module!
[INFO] Compiling 205 source files to /home/gabsko/breaking-updates/target/test-classes
[INFO] /home/gabsko/breaking-updates/src/test/java/de/gwdg/metadataqa/marc/utils/pica/PicaReaderTest.java: Some input files use or override a deprecated API.
[INFO] /home/gabsko/breaking-updates/src/test/java/de/gwdg/metadataqa/marc/utils/pica/PicaReaderTest.java: Recompile with -Xlint:deprecation for details.
[INFO] /home/gabsko/breaking-updates/src/test/java/de/gwdg/metadataqa/marc/cli/utils/RecordIteratorTest.java: Some input files use unchecked or unsafe operations.
[INFO] /home/gabsko/breaking-updates/src/test/java/de/gwdg/metadataqa/marc/cli/utils/RecordIteratorTest.java: Recompile with -Xlint:unchecked for details.
[INFO] 
[INFO] --- maven-surefire-plugin:2.12.4:test (default-test) @ metadata-qa-marc ---
[INFO] Surefire report directory: /home/gabsko/breaking-updates/target/surefire-reports

-------------------------------------------------------
 T E S T S
-------------------------------------------------------
Running de.gwdg.metadataqa.marc.ValidationTest
SLF4J: Class path contains multiple SLF4J bindings.
SLF4J: Found binding in [jar:file:/home/gabsko/.m2/repository/org/slf4j/slf4j-simple/1.7.25/slf4j-simple-1.7.25.jar!/org/slf4j/impl/StaticLoggerBinder.class]
SLF4J: Found binding in [jar:file:/home/gabsko/.m2/repository/org/slf4j/slf4j-log4j12/1.7.16/slf4j-log4j12-1.7.16.jar!/org/slf4j/impl/StaticLoggerBinder.class]
SLF4J: See http://www.slf4j.org/codes.html#multiple_bindings for an explanation.
SLF4J: Actual binding is of type [org.slf4j.impl.SimpleLoggerFactory]
[main] INFO org.reflections.Reflections - Reflections took 156 ms to scan 2 urls, producing 4 keys and 523 values 
[main] INFO org.spark_project.jetty.util.log - Logging initialized @1407ms
Tests run: 5, Failures: 0, Errors: 0, Skipped: 0, Time elapsed: 0.732 sec
Running de.gwdg.metadataqa.marc.utils.CounterTest
Tests run: 6, Failures: 0, Errors: 0, Skipped: 0, Time elapsed: 0.001 sec
Running de.gwdg.metadataqa.marc.utils.TagHierarchyTest
Tests run: 15, Failures: 0, Errors: 0, Skipped: 0, Time elapsed: 0.009 sec
Running de.gwdg.metadataqa.marc.utils.BasicStatisticsTest
Tests run: 3, Failures: 0, Errors: 0, Skipped: 0, Time elapsed: 0.002 sec
Running de.gwdg.metadataqa.marc.utils.alephseq.MarcLineLineTest
Tests run: 5, Failures: 0, Errors: 0, Skipped: 0, Time elapsed: 0.006 sec
Running de.gwdg.metadataqa.marc.utils.alephseq.MarcMakerReaderTest
Tests run: 3, Failures: 0, Errors: 0, Skipped: 0, Time elapsed: 0.012 sec
Running de.gwdg.metadataqa.marc.utils.alephseq.AlephseqLineTest
Jan 17, 2023 10:12:36 PM de.gwdg.metadataqa.marc.utils.alephseq.AlephseqLine parse
WARNING: 0) short line (1): ' '
Tests run: 1, Failures: 0, Errors: 0, Skipped: 0, Time elapsed: 0.005 sec
Running de.gwdg.metadataqa.marc.utils.alephseq.MarcMakerLineTest
Tests run: 5, Failures: 0, Errors: 0, Skipped: 0, Time elapsed: 0.001 sec
Running de.gwdg.metadataqa.marc.utils.alephseq.AlephseqMarcReaderTest
Tests run: 3, Failures: 0, Errors: 0, Skipped: 0, Time elapsed: 0.043 sec
Running de.gwdg.metadataqa.marc.utils.alephseq.MarclineReaderTest
Tests run: 2, Failures: 0, Errors: 0, Skipped: 0, Time elapsed: 0.004 sec
Running de.gwdg.metadataqa.marc.utils.SubfieldParserTest
Tests run: 2, Failures: 0, Errors: 0, Skipped: 0, Time elapsed: 0 sec
Running de.gwdg.metadataqa.marc.utils.MarcTagListerTest
[main] INFO org.reflections.Reflections - Reflections took 27 ms to scan 2 urls, producing 4 keys and 523 values 
[main] INFO org.reflections.Reflections - Reflections took 26 ms to scan 2 urls, producing 4 keys and 523 values 
NKCR 902$a
NKCR 902$a
NKCR 902$a
NKCR 902$c
NKCR 902$c
NKCR 902$z
NKCR 902$z
NKCR 902$z
Tag911 // subfields
NKCR 956$a
NKCR 956$b
NKCR 956$c
NKCR 956$d
NKCR 956$f
NKCR 956$i
NKCR 956$j
NKCR 956$k
NKCR 956$l
NKCR 956$m
NKCR 956$n
NKCR 956$o
NKCR 956$p
NKCR 956$q
NKCR 956$r
NKCR 956$t
NKCR 956$u
NKCR 956$u
NKCR 956$v
NKCR 956$6
NKCR 956$6
NKCR 956$8
NKCR 956$8
NKCR 975$a
NKCR 975$a
NKCR 975$b
NKCR 975$b
NKCR 975$c
NKCR 975$c
NKCR 975$d
NKCR 975$d
NKCR 975$e
NKCR 975$f
NKCR 975$f
NKCR 975$j
NKCR 975$j
NKCR 975$k
NKCR 975$k
NKCR 975$l
NKCR 975$l
NKCR 975$n
NKCR 975$n
NKCR 975$p
NKCR 975$p
NKCR 975$q
NKCR 975$q
NKCR 975$t
NKCR 975$t
NKCR 975$u
NKCR 975$4
NKCR 975$6
NKCR 975$6
NKCR 975$8
NKCR 975$8
NKCR 976$a
NKCR 976$a
NKCR 976$b
NKCR 976$b
NKCR 976$c
NKCR 976$c
NKCR 976$d
NKCR 976$d
NKCR 976$e
NKCR 976$f
NKCR 976$f
NKCR 976$h
NKCR 976$h
NKCR 976$k
NKCR 976$k
NKCR 976$l
NKCR 976$l
NKCR 976$m
NKCR 976$m
NKCR 976$n
NKCR 976$n
NKCR 976$o
NKCR 976$o
NKCR 976$p
NKCR 976$p
NKCR 976$r
NKCR 976$r
NKCR 976$s
NKCR 976$s
NKCR 976$t
NKCR 976$t
NKCR 976$u
NKCR 976$x
NKCR 976$x
NKCR 976$x
NKCR 976$3
NKCR 976$4
NKCR 976$5
NKCR 976$5
NKCR 976$6
NKCR 976$6
NKCR 976$8
NKCR 976$8
NKCR 981$a
NKCR 981$a
NKCR 981$b
NKCR 981$b
NKCR 981$c
NKCR 981$c
NKCR 981$d
NKCR 981$d
NKCR 981$e
NKCR 981$f
NKCR 981$f
NKCR 981$h
NKCR 981$h
NKCR 981$j
NKCR 981$j
NKCR 981$k
NKCR 981$k
NKCR 981$l
NKCR 981$l
NKCR 981$m
NKCR 981$m
NKCR 981$n
NKCR 981$n
NKCR 981$o
NKCR 981$o
NKCR 981$p
NKCR 981$p
NKCR 981$q
NKCR 981$q
NKCR 981$r
NKCR 981$r
NKCR 981$s
NKCR 981$s
NKCR 981$t
NKCR 981$t
NKCR 981$u
NKCR 981$x
NKCR 981$x
NKCR 981$x
NKCR 981$3
NKCR 981$4
NKCR 981$5
NKCR 981$5
NKCR 981$6
NKCR 981$6
NKCR 981$8
NKCR 981$8
NKCR 982$a
NKCR 982$a
NKCR 982$b
NKCR 982$b
NKCR 982$c
NKCR 982$c
NKCR 982$d
NKCR 982$d
NKCR 982$e
NKCR 982$f
NKCR 982$f
NKCR 982$h
NKCR 982$h
NKCR 982$k
NKCR 982$k
NKCR 982$l
NKCR 982$l
NKCR 982$m
NKCR 982$m
NKCR 982$n
NKCR 982$n
NKCR 982$o
NKCR 982$o
NKCR 982$p
NKCR 982$p
NKCR 982$r
NKCR 982$r
NKCR 982$s
NKCR 982$s
NKCR 982$t
NKCR 982$t
NKCR 982$u
NKCR 982$x
NKCR 982$x
NKCR 982$x
NKCR 982$3
NKCR 982$4
NKCR 982$5
NKCR 982$5
NKCR 982$6
NKCR 982$6
NKCR 982$8
NKCR 982$8
NKCR 983$a
NKCR 983$a
NKCR 983$b
NKCR 983$b
NKCR 983$c
NKCR 983$c
NKCR 983$d
NKCR 983$d
NKCR 983$e
NKCR 983$f
NKCR 983$f
NKCR 983$h
NKCR 983$h
NKCR 983$j
NKCR 983$j
NKCR 983$k
NKCR 983$k
NKCR 983$l
NKCR 983$l
NKCR 983$m
NKCR 983$m
NKCR 983$n
NKCR 983$n
NKCR 983$o
NKCR 983$o
NKCR 983$p
NKCR 983$p
NKCR 983$q
NKCR 983$q
NKCR 983$r
NKCR 983$r
NKCR 983$s
NKCR 983$s
NKCR 983$t
NKCR 983$t
NKCR 983$u
NKCR 983$x
NKCR 983$x
NKCR 983$x
NKCR 983$3
NKCR 983$4
NKCR 983$5
NKCR 983$5
NKCR 983$6
NKCR 983$6
NKCR 983$8
NKCR 983$8
TagWII // subfields
DiscoverySearch,464,013$a;017$a;020$a;020$z;022$a;022$y;022$z;024$a;024$z;025$a;027$a;027$z;028$a;030$a;030$z;031$a;031$b;031$c;031$d;031$g;031$n;031$o;031$r;032$a;034$d;034$e;034$f;034$g;034$j;034$k;034$m;034$n;034$p;034$s;034$t;036$a;037$a;043$a;043$b;043$c;045$a;045$b;045$c;046$b;046$c;046$d;046$e;046$j;046$k;046$l;046$m;046$n;050$a;050$b;051$a;051$b;052$a;052$b;052$d;055$a;055$b;060$a;060$b;061$a;061$b;070$a;070$b;071$a;071$b;072$a;072$x;074$a;074$z;080$a;080$b;080$x;082$a;082$b;084$a;084$b;086$a;086$z;088$a;088$z;100$a;100$b;100$c;100$d;100$f;100$j;100$k;100$l;100$n;100$p;100$q;100$t;110$a;110$b;110$c;110$d;110$f;110$k;110$l;110$n;110$p;110$t;111$a;111$c;111$d;111$e;111$f;111$k;111$l;111$n;111$p;111$q;111$t;130$a;130$d;130$f;130$h;130$k;130$l;130$m;130$n;130$o;130$p;130$r;130$s;130$t;210$a;222$a;240$a;240$d;240$f;240$k;240$l;240$m;240$n;240$o;240$p;240$r;240$s;242$a;242$n;242$p;243$a;243$d;243$f;243$k;243$l;243$m;243$n;243$o;243$p;243$r;243$s;245$a;245$c;245$f;245$g;245$k;245$n;245$p;245$s;246$a;246$n;246$p;247$a;247$n;247$p;247$x;255$c;255$d;255$e;255$g;365$b;365$d;365$f;365$g;365$j;365$k;365$m;366$b;366$g;366$j;366$k;366$m;440$a;440$n;440$p;440$v;440$x;490$a;490$l;490$v;490$x;510$x;563$u;583$u;600$a;600$b;600$c;600$d;600$f;600$h;600$j;600$k;600$l;600$m;600$n;600$o;600$p;600$q;600$r;600$s;600$t;600$v;600$x;600$y;600$z;610$a;610$b;610$c;610$d;610$f;610$h;610$k;610$l;610$m;610$n;610$o;610$p;610$r;610$s;610$t;610$v;610$x;610$y;610$z;611$a;611$c;611$d;611$e;611$f;611$h;611$k;611$l;611$n;611$p;611$q;611$s;611$t;611$v;611$x;611$y;611$z;630$a;630$d;630$f;630$h;630$k;630$l;630$m;630$n;630$o;630$p;630$r;630$s;630$t;630$v;630$x;630$y;630$z;648$a;648$v;648$x;648$y;648$z;650$a;650$b;650$c;650$d;650$v;650$x;650$y;650$z;651$a;651$v;651$x;651$y;651$z;653$a;654$a;654$b;654$v;654$y;654$z;655$a;655$b;655$v;655$x;655$y;655$z;656$a;656$k;656$v;656$x;656$y;656$z;657$a;657$v;657$x;657$y;657$z;658$a;658$b;658$c;662$a;662$b;662$c;662$d;662$f;662$g;662$h;700$a;700$b;700$c;700$d;700$f;700$h;700$j;700$k;700$l;700$m;700$n;700$o;700$p;700$q;700$r;700$s;700$t;700$x;710$a;710$b;710$c;710$d;710$f;710$h;710$k;710$l;710$m;710$n;710$o;710$p;710$r;710$s;710$t;710$x;711$a;711$c;711$d;711$e;711$f;711$h;711$k;711$l;711$n;711$p;711$q;711$s;711$t;711$x;720$a;730$a;730$d;730$f;730$h;730$k;730$l;730$m;730$n;730$o;730$p;730$r;730$s;730$t;730$x;740$a;740$h;740$n;740$p;752$a;752$b;752$c;752$d;752$f;752$g;752$h;753$a;753$b;753$c;754$a;754$c;754$d;773$q;800$a;800$b;800$c;800$d;800$f;800$h;800$j;800$k;800$l;800$m;800$n;800$o;800$p;800$q;800$r;800$s;800$t;810$a;810$b;810$c;810$d;810$f;810$h;810$k;810$l;810$m;810$n;810$o;810$p;810$r;810$s;810$t;811$a;811$c;811$d;811$e;811$f;811$h;811$k;811$l;811$n;811$p;811$q;811$s;811$t;830$a;830$d;830$f;830$h;830$k;830$l;830$m;830$n;830$o;830$p;830$r;830$s;830$t
DiscoveryIdentify,878,013$a;013$b;017$a;018$a;020$a;020$z;022$a;022$y;022$z;022$2;024$a;024$z;025$a;026$a;026$b;026$d;026$e;027$a;027$z;028$a;030$a;030$z;031$a;031$b;031$c;031$d;031$g;031$m;031$n;031$o;031$r;031$u;032$a;033$a;033$b;033$c;033$3;034$b;034$c;034$d;034$e;034$f;034$g;034$h;034$j;034$k;034$m;034$n;034$p;034$s;034$t;036$a;037$a;037$f;037$g;041$a;041$d;041$e;044$a;044$b;044$c;046$b;046$c;046$d;046$e;046$j;046$k;046$l;046$m;046$n;047$a;048$a;048$b;050$a;050$b;050$3;051$a;051$b;055$a;055$b;060$a;060$b;061$a;061$b;070$a;070$b;071$a;071$b;074$a;074$z;080$a;080$b;080$x;082$a;082$b;084$a;084$b;086$a;086$z;088$a;088$z;100$a;100$b;100$c;100$d;100$e;100$f;100$j;100$k;100$l;100$n;100$p;100$q;100$t;100$u;100$4;110$a;110$b;110$c;110$d;110$e;110$f;110$k;110$l;110$n;110$p;110$t;110$u;110$4;111$a;111$c;111$d;111$e;111$f;111$k;111$l;111$n;111$p;111$q;111$t;111$u;111$4;130$a;130$d;130$f;130$h;130$k;130$l;130$m;130$n;130$o;130$p;130$r;130$s;130$t;210$a;222$a;240$a;240$d;240$f;240$h;240$k;240$l;240$m;240$n;240$o;240$p;240$r;240$s;242$a;242$c;242$h;242$n;242$p;243$a;243$d;243$f;243$h;243$k;243$l;243$m;243$n;243$o;243$p;243$r;243$s;245$a;245$c;245$f;245$g;245$h;245$k;245$n;245$p;245$s;246$a;246$h;246$n;246$p;247$a;247$h;247$n;247$p;247$x;250$a;250$b;254$a;255$a;255$b;255$c;255$d;255$e;255$g;256$a;257$a;260$a;260$b;260$c;260$e;260$f;260$g;300$a;300$b;300$c;300$3;306$a;310$a;321$a;340$a;340$b;340$c;340$e;340$f;340$h;340$3;351$3;352$q;362$a;365$a;365$b;365$c;365$d;365$j;365$k;365$m;366$a;366$b;366$c;366$d;366$f;366$g;366$j;366$k;366$m;440$a;440$n;440$p;440$v;440$x;490$a;490$l;490$v;490$x;500$3;501$a;502$a;506$3;507$a;507$b;508$a;510$x;510$3;511$a;513$a;513$b;518$a;518$3;520$3;521$3;524$a;524$3;525$a;526$a;530$a;530$d;530$u;530$3;533$a;533$b;533$c;533$d;533$e;533$f;533$m;533$3;534$b;534$c;534$e;534$f;534$k;534$p;534$t;534$x;534$z;535$a;535$b;535$c;535$3;536$b;536$c;536$e;536$f;536$g;536$h;538$i;538$u;538$3;540$3;541$e;541$3;544$d;544$e;544$3;545$a;545$b;546$a;546$b;546$3;547$a;550$a;552$u;555$a;555$d;555$u;555$3;556$a;556$z;561$a;561$3;562$a;562$b;562$c;562$d;562$3;563$a;563$u;563$3;565$3;581$a;581$z;581$3;583$u;583$3;584$3;585$3;586$3;600$a;600$b;600$c;600$d;600$e;600$f;600$h;600$j;600$k;600$l;600$m;600$n;600$o;600$p;600$q;600$r;600$s;600$t;600$u;600$v;600$x;600$y;600$z;600$3;600$4;610$a;610$b;610$c;610$d;610$e;610$f;610$h;610$k;610$l;610$m;610$n;610$o;610$p;610$r;610$s;610$t;610$u;610$v;610$x;610$y;610$z;610$3;610$4;611$a;611$c;611$d;611$e;611$f;611$h;611$k;611$l;611$n;611$p;611$q;611$s;611$t;611$u;611$v;611$x;611$y;611$z;611$3;611$4;630$a;630$d;630$e;630$f;630$h;630$k;630$l;630$m;630$n;630$o;630$p;630$r;630$s;630$t;630$v;630$x;630$y;630$z;630$3;630$4;648$a;648$v;648$x;648$y;648$z;648$3;650$a;650$b;650$c;650$d;650$v;650$x;650$y;650$z;650$3;650$4;651$a;651$e;651$4;651$v;651$x;651$y;651$z;651$3;653$a;654$a;654$b;654$e;654$v;654$y;654$z;654$3;654$4;655$a;655$b;655$v;655$x;655$y;655$z;655$3;656$a;656$k;656$v;656$x;656$y;656$z;656$3;657$a;657$v;657$x;657$y;657$z;657$3;658$a;658$b;658$c;662$a;662$b;662$c;662$d;662$e;662$f;662$g;662$h;662$4;700$a;700$b;700$c;700$d;700$e;700$f;700$h;700$j;700$k;700$l;700$m;700$n;700$o;700$p;700$q;700$r;700$s;700$t;700$u;700$x;700$3;700$4;710$a;710$b;710$c;710$d;710$e;710$f;710$h;710$k;710$l;710$m;710$n;710$o;710$p;710$r;710$s;710$t;710$u;710$x;710$3;710$4;711$a;711$c;711$d;711$e;711$f;711$h;711$k;711$l;711$n;711$p;711$q;711$s;711$t;711$u;711$x;711$3;711$4;720$a;720$e;720$4;730$a;730$d;730$f;730$h;730$k;730$l;730$m;730$n;730$o;730$p;730$r;730$s;730$t;730$x;730$3;740$a;740$h;740$n;740$p;752$a;752$b;752$c;752$d;752$f;752$g;752$h;753$a;753$b;753$c;754$a;754$c;754$d;760$b;760$d;760$h;760$i;760$o;760$s;760$t;760$x;760$y;762$b;762$d;762$h;762$i;762$o;762$s;762$t;762$x;762$y;765$b;765$d;765$h;765$i;765$k;765$o;765$r;765$s;765$t;765$u;765$x;765$y;765$z;767$b;767$d;767$h;767$i;767$k;767$o;767$r;767$s;767$t;767$u;767$x;767$y;767$z;770$b;770$d;770$h;770$i;770$k;770$o;770$r;770$s;770$t;770$u;770$x;770$y;770$z;772$b;772$d;772$h;772$i;772$k;772$o;772$r;772$s;772$t;772$u;772$x;772$y;772$z;773$b;773$d;773$h;773$i;773$k;773$o;773$p;773$q;773$r;773$s;773$t;773$u;773$x;773$y;773$z;773$3;774$b;774$d;774$h;774$i;774$k;774$o;774$r;774$s;774$t;774$u;774$x;774$y;774$z;775$b;775$d;775$h;775$i;775$k;775$o;775$r;775$s;775$t;775$u;775$x;775$y;775$z;776$b;776$d;776$h;776$i;776$k;776$o;776$r;776$s;776$t;776$u;776$x;776$y;776$z;777$b;777$d;777$h;777$k;777$o;777$r;777$s;777$t;777$u;777$x;777$y;777$z;780$b;780$d;780$h;780$i;780$k;780$o;780$r;780$s;780$t;780$u;780$x;780$y;780$z;785$b;785$d;785$h;785$k;785$o;785$r;785$s;785$t;785$u;785$x;785$y;785$z;786$b;786$d;786$h;786$k;786$o;786$p;786$r;786$s;786$t;786$u;786$x;786$y;786$z;787$b;787$d;787$h;787$k;787$o;787$r;787$s;787$t;787$u;787$x;787$y;787$z;800$a;800$b;800$c;800$d;800$e;800$f;800$h;800$j;800$k;800$l;800$m;800$n;800$o;800$p;800$q;800$r;800$s;800$t;800$u;800$v;800$4;810$a;810$b;810$c;810$d;810$e;810$f;810$h;810$k;810$l;810$m;810$n;810$o;810$p;810$r;810$s;810$t;810$u;810$v;810$4;811$a;811$c;811$d;811$e;811$f;811$h;811$k;811$l;811$n;811$p;811$q;811$s;811$t;811$u;811$v;811$4;830$a;830$d;830$f;830$h;830$k;830$l;830$m;830$n;830$o;830$p;830$r;830$s;830$t;830$v;852$a;852$b;852$c;852$e;852$f;852$g;852$h;852$i;852$j;852$k;852$l;852$m;852$n;852$p;852$s;852$t;852$3;856$u
DiscoverySelect,218,020$c;024$c;026$d;031$m;034$b;034$c;034$d;034$e;034$f;034$g;034$h;034$j;034$k;034$m;034$n;034$p;034$s;034$t;037$c;037$f;037$g;041$a;041$b;041$d;041$e;041$f;041$g;041$h;043$a;043$b;043$c;044$a;044$b;044$c;045$a;045$b;045$c;046$b;046$c;046$d;046$e;046$j;046$k;046$l;046$m;046$n;047$a;048$a;048$b;052$a;052$b;052$d;072$a;072$x;240$h;240$k;240$l;240$m;240$s;242$h;243$h;243$l;243$m;245$h;246$h;247$h;250$a;250$b;254$a;255$a;255$b;255$c;255$d;255$e;255$g;256$a;257$a;260$a;260$c;260$e;260$g;263$a;300$a;300$b;300$c;300$e;306$a;307$a;310$a;321$a;340$a;340$b;340$c;340$d;340$e;340$f;340$i;365$b;365$f;365$g;365$j;365$k;366$a;366$b;366$c;366$d;366$f;366$g;366$j;366$k;366$m;440$a;440$n;440$p;440$v;440$x;490$a;490$v;490$x;502$a;504$a;505$a;505$g;505$r;505$t;507$a;507$b;508$a;510$a;511$a;513$a;513$b;516$a;518$a;520$a;521$a;522$a;526$a;526$b;526$c;526$d;533$b;533$c;533$d;533$e;533$f;534$b;534$c;534$e;534$f;538$a;538$i;540$u;546$a;546$b;562$d;583$l;586$a;760$b;760$d;760$h;762$b;762$d;762$h;765$b;765$d;765$h;765$k;767$b;767$d;767$h;767$k;770$b;770$d;770$h;770$k;772$b;772$d;772$h;772$k;773$b;773$d;773$h;773$k;774$b;774$d;774$h;774$k;775$b;775$d;775$h;775$k;776$b;776$d;776$h;776$k;777$b;777$d;777$h;777$k;780$b;780$d;780$h;780$k;785$b;785$d;785$h;785$k;786$b;786$d;786$h;786$j;786$k;787$b;787$d;787$h;787$k;852$q
DiscoveryObtain,380,013$a;013$b;018$a;020$a;020$c;020$z;022$a;022$z;024$a;024$c;024$z;027$a;027$z;028$a;030$a;030$z;031$a;031$b;031$c;031$d;031$g;031$s;031$u;031$z;032$a;036$a;037$a;037$c;037$f;037$g;041$a;041$d;041$e;044$a;044$b;044$c;046$b;046$c;046$d;046$e;046$j;046$k;046$l;046$m;046$n;048$2;050$a;050$b;051$a;051$b;055$a;055$b;060$a;060$b;061$a;061$b;070$a;070$b;071$a;071$b;074$a;074$z;080$a;080$b;080$x;082$a;082$b;084$a;084$b;086$a;086$z;088$a;088$z;210$a;222$a;243$h;243$k;243$l;243$m;243$n;243$o;243$p;243$r;243$s;245$a;245$c;245$f;245$g;245$h;245$k;245$n;245$p;245$s;246$a;246$h;246$n;246$p;247$a;247$h;247$n;247$p;247$x;250$a;250$b;256$a;257$a;260$a;260$b;260$c;260$e;260$f;260$g;263$a;270$a;270$b;270$c;270$d;270$e;270$f;270$g;270$h;270$j;270$k;270$l;270$m;270$n;270$p;270$q;270$r;270$z;300$b;300$c;307$a;340$a;340$b;340$c;340$e;340$f;362$a;440$a;440$n;440$p;440$v;440$x;490$a;490$l;490$v;490$x;502$a;505$u;506$u;510$x;514$u;520$u;524$a;530$b;530$c;530$d;530$u;533$b;533$c;533$d;533$e;533$f;533$m;534$b;534$c;534$e;534$f;534$l;534$t;535$a;535$b;535$c;535$d;535$g;544$a;544$b;544$c;544$d;545$u;546$a;546$b;552$u;555$b;555$u;556$a;556$z;563$u;581$z;583$u;700$x;710$x;711$x;730$x;760$b;760$d;760$h;760$o;760$t;760$x;760$y;762$b;762$d;762$h;762$o;762$t;762$x;762$y;765$b;765$d;765$h;765$k;765$o;765$r;765$t;765$u;765$x;765$y;765$z;767$b;767$d;767$h;767$k;767$o;767$r;767$t;767$u;767$x;767$y;767$z;770$b;770$d;770$h;770$k;770$o;770$r;770$t;770$u;770$x;770$y;770$z;772$b;772$d;772$h;772$k;772$o;772$r;772$t;772$u;772$x;772$y;772$z;773$b;773$d;773$h;773$k;773$o;773$r;773$t;773$u;773$x;773$y;773$z;774$b;774$d;774$h;774$k;774$o;774$r;774$t;774$u;774$x;774$y;774$z;775$b;775$d;775$h;775$k;775$o;775$r;775$t;775$u;775$x;775$y;775$z;776$b;776$d;776$h;776$k;776$o;776$r;776$t;776$u;776$x;776$y;776$z;777$b;777$d;777$h;777$k;777$o;777$r;777$t;777$u;777$x;777$y;777$z;780$b;780$d;780$h;780$k;780$o;780$r;780$t;780$u;780$x;780$y;780$z;785$b;785$d;785$h;785$k;785$o;785$r;785$t;785$u;785$x;785$y;785$z;786$b;786$d;786$h;786$k;786$o;786$p;786$r;786$t;786$u;786$x;786$y;786$z;787$b;787$d;787$h;787$k;787$o;787$r;787$t;787$u;787$x;787$y;787$z;850$a;852$a;852$b;852$c;852$e;852$f;852$g;852$h;852$i;852$j;852$k;852$l;852$m;852$n;852$p;852$s;852$t;856$a;856$c;856$d;856$f;856$m;856$o;856$p;856$q;856$u;856$v
UseRestrict,24,046$m;046$n;355$a;355$b;355$c;355$d;355$e;355$f;355$g;355$h;355$j;357$a;357$b;357$c;357$g;506$a;506$b;506$c;506$d;506$e;540$a;540$b;540$c;540$d
UseManage,63,018$a;025$a;037$f;037$g;038$a;256$a;300$b;300$f;300$g;310$a;310$b;321$b;340$a;340$c;340$d;340$e;340$h;362$a;515$a;533$m;541$a;541$b;541$c;541$d;541$e;541$f;541$h;541$n;541$o;583$a;583$b;583$c;583$d;583$e;583$f;583$h;583$i;583$j;583$k;583$l;583$o;583$x;583$z;584$a;584$b;585$a;852$a;852$b;852$c;852$e;852$f;852$g;852$h;852$i;852$j;852$k;852$l;852$m;852$n;852$p;852$q;852$s;852$t
UseOperate,21,037$f;037$g;256$a;300$b;300$c;300$f;300$g;340$b;340$d;340$f;340$i;352$a;352$b;352$c;352$d;352$e;352$f;352$g;352$i;352$q;538$a
UseInterpret,110,034$b;034$c;034$d;034$e;034$f;034$g;034$h;034$j;034$k;034$m;034$n;034$p;034$s;034$t;041$a;041$b;041$d;041$e;041$f;041$g;255$a;255$b;342$a;342$b;342$c;342$d;342$e;342$f;342$g;342$h;342$i;342$j;342$k;342$l;342$m;342$n;342$o;342$p;342$q;342$r;342$s;342$t;342$u;342$v;342$w;342$2;343$a;343$b;343$c;343$d;343$e;343$f;343$g;343$h;343$i;351$a;351$b;351$c;352$a;352$b;352$c;352$d;352$e;352$f;352$g;352$i;352$q;365$d;365$e;365$h;365$i;365$m;507$a;507$b;514$a;514$b;514$c;514$d;514$e;514$f;514$g;514$h;514$i;514$j;514$k;514$m;546$a;546$b;552$a;552$b;552$c;552$d;552$e;552$f;552$g;552$h;552$i;552$j;552$k;552$l;552$m;552$n;552$o;552$p;565$a;565$b;565$c;565$d;565$e;567$a
ManagementIdentify,436,010$a;010$b;010$z;010$8;013$c;015$a;015$2;015$6;015$8;016$a;016$z;016$2;016$8;017$b;017$2;017$6;017$8;018$6;018$8;020$6;020$8;022$2;022$6;022$8;024$2;024$6;024$8;025$8;026$6;026$8;027$6;027$8;028$b;028$6;028$8;030$6;030$8;031$p;031$2;031$6;031$8;032$b;032$6;032$8;033$6;033$8;034$a;034$6;034$8;035$a;035$z;035$6;035$8;036$b;036$6;036$8;037$b;037$6;037$8;038$6;038$8;040$a;040$6;040$8;041$2;041$6;041$8;042$a;043$2;043$6;043$8;044$2;044$6;044$8;045$6;045$8;046$a;046$2;046$6;046$8;047$8;050$6;050$8;051$8;052$2;052$6;052$8;055$2;055$8;060$8;061$8;070$8;071$8;072$2;072$6;072$8;074$8;080$2;080$6;080$8;082$2;082$6;082$8;084$2;084$6;084$8;086$2;086$6;086$8;088$6;088$8;100$6;100$8;110$6;110$8;111$6;111$8;130$6;130$8;210$2;210$6;210$8;222$6;222$8;240$6;240$8;242$6;242$8;243$6;243$8;245$6;245$8;246$6;246$8;247$6;247$8;250$6;250$8;254$6;254$8;255$6;255$8;256$6;256$8;257$6;257$8;258$6;258$8;260$6;260$8;263$6;263$8;270$6;270$8;300$6;300$8;306$6;306$8;307$6;307$8;310$6;310$8;321$6;321$8;340$6;340$8;342$6;342$8;343$6;343$8;351$6;351$8;352$6;352$8;355$6;355$8;357$6;357$8;362$z;362$6;362$8;365$b;365$c;365$d;365$f;365$g;365$j;365$k;365$2;365$6;365$8;366$a;366$b;366$c;366$d;366$f;366$g;366$j;366$k;366$m;366$2;366$6;366$8;440$6;440$8;490$6;490$8;500$6;500$8;501$6;501$8;502$6;502$8;504$6;504$8;505$6;505$8;506$6;506$8;507$6;507$8;508$6;508$8;510$6;510$8;511$6;511$8;513$6;513$8;514$6;514$8;515$6;515$8;516$6;516$8;518$6;518$8;520$6;520$8;521$b;521$6;521$8;522$6;522$8;524$2;524$6;524$8;525$6;525$8;526$6;526$8;530$6;530$8;533$6;533$8;534$6;534$8;535$6;535$8;536$6;536$8;538$i;538$u;538$3;538$6;538$8;540$6;540$8;541$6;541$8;544$6;544$8;545$6;545$8;546$6;546$8;547$6;547$8;550$6;550$8;552$6;552$8;555$6;555$8;556$6;556$8;561$6;561$8;562$6;562$8;563$6;563$8;565$6;565$8;567$6;567$8;580$6;580$8;581$6;581$8;583$2;583$6;583$8;584$6;584$8;585$6;585$8;586$6;586$8;600$2;600$6;600$8;610$2;610$6;610$8;611$2;611$6;611$8;630$2;630$6;630$8;648$2;648$6;648$8;650$2;650$6;650$8;651$2;651$6;651$8;653$6;653$8;654$c;654$2;654$6;654$8;655$c;655$2;655$6;655$8;656$2;656$6;656$8;657$2;657$6;657$8;658$2;658$6;658$8;662$2;662$6;662$8;700$6;700$8;710$6;710$8;711$6;711$8;720$6;720$8;730$6;730$8;740$6;740$8;752$2;752$6;752$8;753$6;753$8;754$2;754$6;754$8;760$w;760$6;760$8;762$w;762$6;762$8;765$w;765$6;765$8;767$w;767$6;767$8;770$w;770$6;770$8;772$w;772$6;772$8;773$w;773$6;773$8;774$w;774$6;774$8;775$w;775$6;775$8;776$w;776$6;776$8;777$w;777$6;777$8;780$w;780$6;780$8;785$w;785$6;785$8;786$w;786$6;786$8;787$w;787$6;787$8;800$6;800$8;810$6;810$8;811$6;811$8;830$6;830$8;850$8;852$2;852$6;852$8;856$6;856$8;866$6;866$8;886$a;886$2;887$2
ManagementProcess,432,010$a;010$b;010$z;010$8;013$c;015$a;015$2;015$6;015$8;016$a;016$z;016$2;016$8;017$b;017$2;017$6;017$8;018$6;018$8;020$6;020$8;022$2;022$6;022$8;024$2;024$6;024$8;025$8;026$5;026$6;026$8;027$6;027$8;028$b;028$6;028$8;030$6;030$8;031$p;031$2;031$6;031$8;032$b;032$6;032$8;033$6;033$8;034$a;034$6;034$8;035$a;035$z;035$6;035$8;036$b;036$6;036$8;037$b;037$6;037$8;038$6;038$8;040$a;040$b;040$c;040$d;040$e;040$6;040$8;041$2;041$6;041$8;042$a;043$2;043$6;043$8;044$2;044$6;044$8;045$6;045$8;046$a;046$2;046$6;046$8;047$8;050$6;050$8;051$8;052$2;052$6;052$8;055$2;055$8;060$8;061$8;066$a;066$b;066$c;070$8;071$8;072$2;072$6;072$8;074$8;080$2;080$6;080$8;082$2;082$6;082$8;084$2;084$6;084$8;086$2;086$6;086$8;088$6;088$8;100$6;100$8;110$6;110$8;111$6;111$8;130$6;130$8;210$2;210$6;210$8;222$6;222$8;240$6;240$8;242$y;242$6;242$8;243$6;243$8;245$6;245$8;246$5;246$6;246$8;247$6;247$8;250$6;250$8;254$6;254$8;255$6;255$8;256$6;256$8;257$6;257$8;258$6;258$8;260$6;260$8;263$6;263$8;270$6;270$8;300$6;300$8;306$6;306$8;307$6;307$8;310$6;310$8;321$6;321$8;340$6;340$8;342$6;342$8;343$6;343$8;351$6;351$8;352$6;352$8;355$6;355$8;357$6;357$8;362$z;362$6;362$8;365$a;365$f;365$g;365$6;365$8;366$6;366$8;440$6;440$8;490$6;490$8;500$5;500$6;500$8;501$5;501$6;501$8;502$6;502$8;504$6;504$8;505$6;505$8;506$5;506$6;506$8;507$6;507$8;508$6;508$8;510$6;510$8;511$6;511$8;513$6;513$8;514$6;514$8;515$6;515$8;516$6;516$8;518$6;518$8;520$6;520$8;521$6;521$8;522$6;522$8;524$2;524$6;524$8;525$6;525$8;526$5;526$6;526$8;530$6;530$8;533$6;533$8;534$6;534$8;535$6;535$8;536$6;536$8;538$3;538$6;538$8;540$5;540$6;540$8;541$5;541$6;541$8;544$6;544$8;545$6;545$8;546$6;546$8;547$6;547$8;550$6;550$8;552$6;552$8;555$6;555$8;556$6;556$8;561$5;561$6;561$8;562$5;562$6;562$8;563$5;563$6;563$8;565$6;565$8;567$6;567$8;580$6;580$8;581$6;581$8;583$2;583$5;583$6;583$8;584$5;584$6;584$8;585$5;585$6;585$8;586$6;586$8;600$2;600$6;600$8;610$2;610$6;610$8;611$2;611$6;611$8;630$2;630$6;630$8;648$2;648$6;648$8;650$2;650$6;650$8;651$2;651$6;651$8;653$6;653$8;654$c;654$2;654$6;654$8;655$c;655$2;655$5;655$6;655$8;656$2;656$6;656$8;657$2;657$6;657$8;658$2;658$6;658$8;662$2;662$6;662$8;700$5;700$6;700$8;710$5;710$6;710$8;711$5;711$6;711$8;720$6;720$8;730$5;730$6;730$8;740$5;740$6;740$8;752$2;752$6;752$8;753$6;753$8;754$2;754$6;754$8;760$6;760$8;762$6;762$8;765$6;765$8;767$6;767$8;770$6;770$8;772$6;772$8;773$q;773$6;773$8;774$6;774$8;775$6;775$8;776$6;776$8;777$6;777$8;780$6;780$8;785$6;785$8;786$6;786$8;787$6;787$8;800$6;800$8;810$6;810$8;811$6;811$8;830$6;830$8;850$8;852$2;852$6;852$8;856$6;856$8;866$6;866$8;886$a;886$2;887$2
ManagementDisplay,21,026$5;246$5;270$a;270$i;500$5;501$5;506$5;526$5;540$5;541$5;561$5;562$5;563$5;583$5;584$5;585$5;700$5;710$5;711$5;730$5;740$5
Tests run: 3, Failures: 0, Errors: 0, Skipped: 0, Time elapsed: 0.089 sec
Running de.gwdg.metadataqa.marc.utils.FrbrFunctionListerTest
[main] INFO org.reflections.Reflections - Reflections took 28 ms to scan 2 urls, producing 4 keys and 523 values 
Covered elements: 1831
Uncovered elements: 1520
Tests run: 1, Failures: 0, Errors: 0, Skipped: 0, Time elapsed: 0.053 sec
Running de.gwdg.metadataqa.marc.utils.keygenerator.DataFieldKeyGeneratorTest
Tests run: 3, Failures: 0, Errors: 0, Skipped: 0, Time elapsed: 0.001 sec
Running de.gwdg.metadataqa.marc.utils.keygenerator.ControlFieldKeyGeneratorTest
Tests run: 3, Failures: 0, Errors: 0, Skipped: 0, Time elapsed: 0.001 sec
Running de.gwdg.metadataqa.marc.utils.LineReaderTest
Tests run: 2, Failures: 0, Errors: 0, Skipped: 0, Time elapsed: 0.027 sec
Running de.gwdg.metadataqa.marc.utils.EncodedValueFileReaderTest
Tests run: 1, Failures: 0, Errors: 0, Skipped: 0, Time elapsed: 0 sec
Running de.gwdg.metadataqa.marc.utils.marcspec.MARCSpecTest
Tests run: 2, Failures: 0, Errors: 0, Skipped: 0, Time elapsed: 0.048 sec
Running de.gwdg.metadataqa.marc.utils.marcspec.MARCspecParserTest
Tests run: 25, Failures: 0, Errors: 0, Skipped: 0, Time elapsed: 0.012 sec
Running de.gwdg.metadataqa.marc.utils.marcspec.parser.MARCspecParser5_indicatorSpecTest
Tests run: 2, Failures: 0, Errors: 0, Skipped: 0, Time elapsed: 0.001 sec
Running de.gwdg.metadataqa.marc.utils.marcspec.parser.MARCspecParser1_fieldSpecTest
Tests run: 4, Failures: 0, Errors: 0, Skipped: 0, Time elapsed: 0.002 sec
Running de.gwdg.metadataqa.marc.utils.marcspec.parser.MARCspecParser3_subfieldSpecTest
Tests run: 4, Failures: 0, Errors: 0, Skipped: 0, Time elapsed: 0.002 sec
Running de.gwdg.metadataqa.marc.utils.marcspec.parser.MARCspecParser2_characterSpecTest
Tests run: 6, Failures: 0, Errors: 0, Skipped: 0, Time elapsed: 0.002 sec
Running de.gwdg.metadataqa.marc.utils.marcspec.parser.MARCspecParser6_subSpecTest
Tests run: 6, Failures: 0, Errors: 0, Skipped: 0, Time elapsed: 0.004 sec
Running de.gwdg.metadataqa.marc.utils.marcspec.parser.MARCspecParser7_abbreviationTest
Tests run: 7, Failures: 0, Errors: 0, Skipped: 0, Time elapsed: 0.002 sec
Running de.gwdg.metadataqa.marc.utils.marcspec.parser.MARCspecParser4_indexTest
Tests run: 10, Failures: 0, Errors: 0, Skipped: 0, Time elapsed: 0.001 sec
Running de.gwdg.metadataqa.marc.utils.marcspec.legacy.MarcSpecTest
MarcSpec{fieldTag='008', charStart=0, charEnd=5, charLength=6, subfields={}, indicator1='null', indicator2='null'}
Tests run: 20, Failures: 0, Errors: 0, Skipped: 0, Time elapsed: 0.02 sec
Running de.gwdg.metadataqa.marc.utils.DataElementsStaticticsTest
[main] INFO org.reflections.Reflections - Reflections took 28 ms to scan 2 urls, producing 4 keys and 523 values 
Tests run: 1, Failures: 0, Errors: 0, Skipped: 0, Time elapsed: 0.035 sec
Running de.gwdg.metadataqa.marc.utils.pica.PicaReaderTest
# 1.1 Bibliographische Ebene (Level 0)

## Codierte Angaben
Tag is already defined! 013@/01 [013@]

## Standardnummern

## Personennamen
Jan 17, 2023 10:12:37 PM de.gwdg.metadataqa.marc.utils.pica.PicaplusTag parse
SEVERE: Error in picaplus: 028C/D. Does not fit to the numeric pattern.
Tag is already defined! 028L/01 [028L/00]
Tag is already defined! 028L/02 [028L/00, 028L/01]
Tag is already defined! 028L/03 [028L/00, 028L/02, 028L/01]

## Körperschaften, Kongresse

## Weitere Sachtitel(formen)
Tag is already defined! 022A/01 [022A/00]

## Hauptsachtitel

## Veröffentlichungsvermerk, Umfang, Beigaben
Tag is already defined! 033B/05 [033B/01]
Tag is already defined! 009P/03 [009P/01]
Tag is already defined! 009P/05 [009P/01, 009P/03]
Jan 17, 2023 10:12:37 PM de.gwdg.metadataqa.marc.utils.pica.PicaplusTag parse
SEVERE: Error in picaplus: 009P/0x. Does not fit to the numeric pattern.
Tag is already defined! 009P/0x [009P/05, 009P/01, 009P/03]
Tag is already defined! 009P/09 [009P/05, 009P/01, 009P/03, 009P/0x]

## Übergeordnete Gesamtheiten

## Fußnoten

## Verknüpfungen (frühere, spätere Titel usw.)

## Angaben zu Computerdateien

## Hinweise auf Überordnungen/zugehörige Veröffentlichungen

## Nicht-standardmäßige Nebeneintragungen

## Sonderkategorien für die Erfassung gemäß AAD-Standard

## Bearbeitungshinweise

## Sacherschließung
Tag is already defined! 045B/01 [045B/00]
Tag is already defined! 045B/02 [045B/00, 045B/01]
Tag is already defined! 045B/03 [045B/02, 045B/00, 045B/01]
Tag is already defined! 045B/04 [045B/02, 045B/03, 045B/00, 045B/01]
Tag is already defined! 045B/05 [045B/02, 045B/03, 045B/04, 045B/00, 045B/01]
Tag is already defined! 041A/01 [041A/00]
Tag is already defined! 041A/05 [041A/01, 041A/00]
Tag is already defined! 041A/08 [041A/05, 041A/01, 041A/00]
Tag is already defined! 041A/09 [041A/08, 041A/05, 041A/01, 041A/00]
Tag is already defined! 041A/10 [041A/09, 041A/08, 041A/05, 041A/01, 041A/00]
Tag is already defined! ... [...]
Tag is already defined! 041A/15 [041A/09, 041A/08, 041A/05, 041A/01, 041A/00, 041A/10]
Tag is already defined! 041A/18 [041A/09, 041A/08, 041A/05, 041A/15, 041A/01, 041A/00, 041A/10]
Tag is already defined! 041A/19 [041A/09, 041A/08, 041A/18, 041A/05, 041A/15, 041A/01, 041A/00, 041A/10]
Tag is already defined! ... [...]
Tag is already defined! 041A/90 [041A/09, 041A/08, 041A/19, 041A/18, 041A/05, 041A/15, 041A/01, 041A/00, 041A/10]
Tag is already defined! ... [...]
Tag is already defined! 041A/95 [041A/09, 041A/08, 041A/19, 041A/18, 041A/90, 041A/05, 041A/15, 041A/01, 041A/00, 041A/10]
Tag is already defined! 041A/98 [041A/95, 041A/09, 041A/08, 041A/19, 041A/18, 041A/90, 041A/05, 041A/15, 041A/01, 041A/00, 041A/10]
Tag is already defined! 041A/99 [041A/95, 041A/09, 041A/08, 041A/19, 041A/18, 041A/90, 041A/05, 041A/15, 041A/01, 041A/00, 041A/10, 041A/98]
Tag is already defined! 045D/02 [045D/00]
Tag is already defined! 045D/04 [045D/00, 045D/02]
Tag is already defined! 045D/06 [045D/04, 045D/00, 045D/02]
Tag is already defined! 045D/08 [045D/04, 045D/06, 045D/00, 045D/02]
Tag is already defined! ... [...]
Tag is already defined! 045D/40 [045D/04, 045D/06, 045D/08, 045D/00, 045D/02]
Tag is already defined! ... [...]
Tag is already defined! 045D/48 [045D/04, 045D/06, 045D/08, 045D/40, 045D/00, 045D/02]
Tag is already defined! 045D/49 [045D/04, 045D/48, 045D/06, 045D/08, 045D/40, 045D/00, 045D/02]
Tag is already defined! 045D/50 [045D/49, 045D/04, 045D/48, 045D/06, 045D/08, 045D/40, 045D/00, 045D/02]
Tag is already defined! 045D/59 [045D/49, 045D/04, 045D/48, 045D/06, 045D/08, 045D/50, 045D/40, 045D/00, 045D/02]

## Mailboxsätze

# 1.2 Lokale Ebene (Level 1)
Tag is already defined! 147B/05 [147B]
Tag is already defined! 147B/06 [147B/05, 147B]

# 1.3 Exemplarebene (Level 2)
Tag is already defined! 201D/03 [201D/01]
Tag is already defined! 209B [209B]

# 2 Normdaten
# 2.1 Normdatensätze allgemein
Tag is already defined! 001A [001A]
Tag is already defined! 001B [001B]
Tag is already defined! 001D [001D]
Tag is already defined! 002@ [002@]
Tag is already defined! 007N [007N]
Tag is already defined! 038L [038L]
Tag is already defined! 047A [047A]

# 2.2 Normdatensätze Körperschaften (Tb-Sätze)
Tag is already defined! 029A [029A]

# 2.3 Normdatensätze Crosskonkordanz (Tc-Sätze)

# 2.4 Normdatensätze Drucker, Verleger, Buchhändler (Tb-/Tp-Sätze (ehemals Tf))
Tag is already defined! 028A [028A]
Tag is already defined! 029A [029A]
Tag is already defined! 009Q [009Q]

# 2.5 Normdatensätze Gattungsbegriffe (Ts-Sätze (ehemals Tg))
Tag is already defined! 041A [041A/95, 041A/90, 041A/15, 041A/01, 041A/00, 041A/99, 041A/10, 041A/98, 041A/09, 041A/08, 041A/19, 041A/18, 041A/05]

# 2.6 Normdatensätze Basisklassifikation (Tk-Sätze)
Tag is already defined! 009B [009B]
Tag is already defined! 045A [045A]
Tag is already defined! 044F [044F]
Tag is already defined! 045C [045C]

# 2.7 Normdatensätze Personen (Tp-Sätze)
Tag is already defined! 028A [028A]
Tag is already defined! 028M [028M]
Tag is already defined! 028L [028L/03, 028L/00, 028L/02, 028L/01]
Tag is already defined! 028@ [028@]
Tag is already defined! 028E [028E]
Tag is already defined! 046G [046G]

# 2.8 Normdatensätze STW-Klassifikationen (Tk-Sätze (ehemals Tq)
Tag is already defined! 045A [045A]

# 2.9 Normdatensätze Standardthesaurus Wirtschaft (Ts-Sätze (ehemals Tt))
Tag is already defined! 041A [041A/95, 041A, 041A/90, 041A/15, 041A/01, 041A/00, 041A/99, 041A/10, 041A/98, 041A/09, 041A/08, 041A/19, 041A/18, 041A/05]
Tag is already defined! 041@ [041@]
Tag is already defined! 045C [045C]

# 2.10 Normdatensätze Schlagwörter (SWD) (Ts-Sätze)
Tag is already defined! 041A [041A/95, 041A, 041A/90, 041A/15, 041A/01, 041A/00, 041A/99, 041A/10, 041A/98, 041A/09, 041A/08, 041A/19, 041A/18, 041A/05]
Tag is already defined! 041@ [041@]

# 2.11 Normdatensätze Werke (Tu-Sätze)
Tag is already defined! 022A [022A/00, 022A/01]
002D: 373
002E: 373
001X: 373
001U: 373
002C: 370
001@: 369
202D: 366
201U: 366
201B: 366
017G: 288
010E: 283
101B: 279
145Y: 264
017C: 221
044N: 200
013D: 126
003S: 119
003T: 107
017L: 46
004W: 40
011F: 38
039I: 33
033C: 28
047F: 23
016A: 22
017H: 17
091O: 14
017F: 14
045M: 11
047B: 10
016B: 7
039M: 6
006S: 5
005I: 5
017K: 5
001Q: 3
206X: 3
201A: 3
017D: 2
013F: 1
039N: 1
046U: 1
code: position
code: position
code: position
code: position
code: position
code: position
code: position
code: position
code: position
code: position
code: position
code: position
code: position
code: position
code: position
code: position
code: position
code: position
code: position
code: position
code: position
code: position
code: position
code: position
code: position
code: position
code: position
code: position
code: position
code: position
code: position
code: position
code: position
code: position
code: position
code: position
code: position
code: position
code: position
code: position
code: position
code: position
code: position
code: position
code: position
code: position
code: position
code: position
code: position
code: position
code: position
code: position
code: position
code: position
code: position
code: position
code: position
code: position
code: position
code: position
code: position
code: position
code: position
code: position
code: position
code: position
code: position
code: position
code: position
code: position
code: position
code: position
code: position
Tag is already defined! 022A DataFieldDefinition{tag='022A', label='Werktitel und sonstige unterscheidende Merkmale des Werks', cardinality=Nonrepeatable, descriptionUrl='http://swbtools.bsz-bw.de/cgi-bin/help.pl?cmd=kat&val=3210&regelwerk=RDA&verbund=GBV'}
code: position
code: position
code: position
code: position
code: position
code: position
code: position
code: position
code: position
code: position
code: position
code: position
code: position
code: position
code: position
code: position
code: position
code: position
code: position
code: position
code: position
code: position
code: position
code: position
code: position
code: position
code: position
code: position
code: position
code: position
code: position
code: position
code: position
code: position
code: position
code: position
code: position
code: position
code: position
code: position
code: position
code: position
code: position
code: position
code: position
code: position
code: position
code: position
code: position
Tag is already defined! 045B DataFieldDefinition{tag='045B', label='Systematik für Bibliotheken (SfB)', cardinality=Repeatable, descriptionUrl='http://swbtools.bsz-bw.de/cgi-bin/help.pl?cmd=kat&val=5022&regelwerk=RDA&verbund=GBV'}
code: position
code: position
Tag is already defined! 045B DataFieldDefinition{tag='045B', label='Klassifikation für Allgemeinbibliotheken (KAB)', cardinality=Repeatable, descriptionUrl='http://swbtools.bsz-bw.de/cgi-bin/help.pl?cmd=kat&val=5023&regelwerk=RDA&verbund=GBV'}
code: position
code: position
Tag is already defined! 045B DataFieldDefinition{tag='045B', label='Systematiken der ekz', cardinality=Repeatable, descriptionUrl='http://swbtools.bsz-bw.de/cgi-bin/help.pl?cmd=kat&val=5024&regelwerk=RDA&verbund=GBV'}
code: position
code: position
code: position
code: position
code: position
code: position
code: position
code: position
code: position
code: position
code: position
code: position
code: position
code: position
code: position
code: position
code: position
Tag is already defined! 045B DataFieldDefinition{tag='045B', label='Gattungsbegriffe (DNB)', cardinality=Repeatable, descriptionUrl='http://swbtools.bsz-bw.de/cgi-bin/help.pl?cmd=kat&val=5025&regelwerk=RDA&verbund=GBV'}
code: position
Tag is already defined! 045B DataFieldDefinition{tag='045B', label='Allgemeine Systematik für Bibliotheken (ASB)', cardinality=Repeatable, descriptionUrl='http://swbtools.bsz-bw.de/cgi-bin/help.pl?cmd=kat&val=5020&regelwerk=RDA&verbund=GBV'}
code: position
code: position
code: position
code: position
code: position
code: position
code: position
code: position
code: position
code: position
code: position
Jan 17, 2023 10:12:37 PM de.gwdg.metadataqa.marc.utils.pica.PicaplusTag parse
SEVERE: Error in picaplus: 209B/$x01. Does not fit to the numeric pattern.
Tag is already defined! 045D DataFieldDefinition{tag='045D', label='STW-Schlagwörter - Veröffentlichungsart', cardinality=Repeatable, descriptionUrl='http://swbtools.bsz-bw.de/cgi-bin/k10plushelp.pl?cmd=kat&val=5249&katalog=Standard'}
number of unhandled tags: 14
201U/001: 345 (1030400229)
202D/001: 345 (1030400229)
101U: 279 (1030400229)
102D: 278 (1030400229)
209A/001: 247 (1030400229)
209R/001: 37 (1030410267)
201U/002: 16 (875783805)
202D/002: 16 (875783805)
091O/05: 14 (1030400229)
209A/002: 12 (875783805)
201U/003: 5 (834733455)
202D/003: 5 (834733455)
209A/003: 5 (834733455)
245Z/001: 2 (120763796)
Tag is already defined! 091O DataFieldDefinition{tag='091O', label='Online-Profildienst: Preisangaben', cardinality=Repeatable, descriptionUrl='https://format.k10plus.de/k10plushelp.pl?cmd=kat&katalog=Standard&val=9628'}
Tag is already defined! 091O DataFieldDefinition{tag='091O', label='Online-Profildienst: Herkunftsangaben', cardinality=Repeatable, descriptionUrl='https://format.k10plus.de/k10plushelp.pl?cmd=kat&katalog=Standard&val=9604'}
Tag is already defined! 091O DataFieldDefinition{tag='091O', label='Lieferantendatenimport/Online-Profildienst: Erwerbungsdaten', cardinality=Repeatable, descriptionUrl='https://format.k10plus.de/k10plushelp.pl?cmd=kat&katalog=Standard&val=9605'}
Tag is already defined! 045D DataFieldDefinition{tag='045D', label='FIV-Schlagwörter (Apekte)', cardinality=Repeatable, descriptionUrl='https://format.k10plus.de/k10plushelp.pl?cmd=kat&katalog=Standard&val=5270'}
Tag is already defined! 045D DataFieldDefinition{tag='045D', label='FIV-Schlagwörter (Themen)', cardinality=Repeatable, descriptionUrl='https://format.k10plus.de/k10plushelp.pl?cmd=kat&katalog=Standard&val=5260'}
Tag is already defined! 045D DataFieldDefinition{tag='045D', label='Vorläufige Schlagwörter (STW)', cardinality=Repeatable, descriptionUrl='https://format.k10plus.de/k10plushelp.pl?cmd=kat&katalog=Standard&val=5250'}
Tag is already defined! 147B DataFieldDefinition{tag='147B', label='Nebeneintragungsvermerke usw.', cardinality=Nonrepeatable, descriptionUrl='https://format.k10plus.de/k10plushelp.pl?cmd=kat&katalog=Standard&val=4710'}
Tag is already defined! 147B DataFieldDefinition{tag='147B', label='Allgemeiner Hinweis Zeitschriftenbestand unter Einzelsignatur', cardinality=Nonrepeatable, descriptionUrl='https://format.k10plus.de/k10plushelp.pl?cmd=kat&katalog=Standard&val=4716'}
Tag is already defined! 033B DataFieldDefinition{tag='033B', label='Ort, Datenbankanbieter (Host)', cardinality=Repeatable, descriptionUrl='https://format.k10plus.de/k10plushelp.pl?cmd=kat&katalog=Standard&val=4031'}
Tag is already defined! 047A DataFieldDefinition{tag='047A', label='Abrufzeichen Schlagwortdaten in SWB-Bibliotheken', cardinality=Repeatable, descriptionUrl='https://format.k10plus.de/k10plushelp.pl?cmd=kat&katalog=Standard&val=907'}
Tag is already defined! 047A DataFieldDefinition{tag='047A', label='Adresse interne Redaktion in SWB-Bibliotheken oder projektbezogene Nachrichten', cardinality=Repeatable, descriptionUrl='https://format.k10plus.de/k10plushelp.pl?cmd=kat&katalog=Standard&val=908'}
Tag is already defined! 147B DataFieldDefinition{tag='147B', label='Allgemeiner Hinweis Sekundärausgaben Feld in Bearbeitung!', cardinality=Nonrepeatable, descriptionUrl='https://format.k10plus.de/k10plushelp.pl?cmd=kat&katalog=Standard&val=4715'}
Tag is already defined! 045D DataFieldDefinition{tag='045D', label='ZBW-Schlagwörter - Veröffentlichungsart', cardinality=Repeatable, descriptionUrl='https://format.k10plus.de/k10plushelp.pl?cmd=kat&katalog=Standard&val=5249'}
Tag is already defined! 036C DataFieldDefinition{tag='036C', label='Gesamttitel der mehrteiligen Monografie', cardinality=Nonrepeatable, descriptionUrl='https://format.k10plus.de/k10plushelp.pl?cmd=kat&katalog=Standard&val=4150'}
Tag is already defined! 041A DataFieldDefinition{tag='041A', label='Schlagwortfolgen (DNB und Verbünde)', cardinality=Nonrepeatable, descriptionUrl='https://format.k10plus.de/k10plushelp.pl?cmd=kat&katalog=Standard&val=5100'}
Tag is already defined! 045N DataFieldDefinition{tag='045N', label='Sonstige Notation des FIV', cardinality=Repeatable, descriptionUrl='https://format.k10plus.de/k10plushelp.pl?cmd=kat&katalog=Standard&val=5072'}
Tag is already defined! 091O DataFieldDefinition{tag='091O', label='Online-Profildienst: Besitzkennzeichen zur Selektion', cardinality=Repeatable, descriptionUrl='https://format.k10plus.de/k10plushelp.pl?cmd=kat&katalog=Standard&val=9600'}
Tag is already defined! 022A DataFieldDefinition{tag='022A', label='Werktitel und sonstige unterscheidende Merkmale des Werks', cardinality=Nonrepeatable, descriptionUrl='https://format.k10plus.de/k10plushelp.pl?cmd=kat&katalog=Standard&val=3210'}
Tag is already defined! 045N DataFieldDefinition{tag='045N', label='FIV-Sachklassifikation', cardinality=Repeatable, descriptionUrl='https://format.k10plus.de/k10plushelp.pl?cmd=kat&katalog=Standard&val=5071'}
Tag is already defined! 022A DataFieldDefinition{tag='022A', label='Weiterer Werktitel und sonstige unterscheidende Merkmale', cardinality=Repeatable, descriptionUrl='https://format.k10plus.de/k10plushelp.pl?cmd=kat&katalog=Standard&val=3211'}
Tag is already defined! 045B DataFieldDefinition{tag='045B', label='Systematik für Bibliotheken (SfB)', cardinality=Repeatable, descriptionUrl='https://format.k10plus.de/k10plushelp.pl?cmd=kat&katalog=Standard&val=5022'}
Tag is already defined! 045B DataFieldDefinition{tag='045B', label='Klassifikation für Allgemeinbibliotheken (KAB)', cardinality=Repeatable, descriptionUrl='https://format.k10plus.de/k10plushelp.pl?cmd=kat&katalog=Standard&val=5023'}
Tag is already defined! 045B DataFieldDefinition{tag='045B', label='Systematiken der ekz', cardinality=Repeatable, descriptionUrl='https://format.k10plus.de/k10plushelp.pl?cmd=kat&katalog=Standard&val=5024'}
Tag is already defined! 045B DataFieldDefinition{tag='045B', label='Gattungsbegriffe (DNB)', cardinality=Repeatable, descriptionUrl='https://format.k10plus.de/k10plushelp.pl?cmd=kat&katalog=Standard&val=5025'}
Tag is already defined! 045B DataFieldDefinition{tag='045B', label='Allgemeine Systematik für Bibliotheken (ASB)', cardinality=Repeatable, descriptionUrl='https://format.k10plus.de/k10plushelp.pl?cmd=kat&katalog=Standard&val=5020'}
Tag is already defined! 047A DataFieldDefinition{tag='047A', label='Kommentar', cardinality=Repeatable, descriptionUrl='https://format.k10plus.de/k10plushelp.pl?cmd=kat&katalog=Standard&val=900'}
Tag is already defined! 091O DataFieldDefinition{tag='091O', label='Online-Profildienst: Preisangaben', cardinality=Repeatable, descriptionUrl='https://format.k10plus.de/k10plushelp.pl?cmd=kat&katalog=Standard&val=9628'}
Tag is already defined! 091O DataFieldDefinition{tag='091O', label='Online-Profildienst: Herkunftsangaben', cardinality=Repeatable, descriptionUrl='https://format.k10plus.de/k10plushelp.pl?cmd=kat&katalog=Standard&val=9604'}
Tag is already defined! 091O DataFieldDefinition{tag='091O', label='Lieferantendatenimport/Online-Profildienst: Erwerbungsdaten', cardinality=Repeatable, descriptionUrl='https://format.k10plus.de/k10plushelp.pl?cmd=kat&katalog=Standard&val=9605'}
Tag is already defined! 045D DataFieldDefinition{tag='045D', label='FIV-Schlagwörter (Apekte)', cardinality=Repeatable, descriptionUrl='https://format.k10plus.de/k10plushelp.pl?cmd=kat&katalog=Standard&val=5270'}
Tag is already defined! 045D DataFieldDefinition{tag='045D', label='FIV-Schlagwörter (Themen)', cardinality=Repeatable, descriptionUrl='https://format.k10plus.de/k10plushelp.pl?cmd=kat&katalog=Standard&val=5260'}
Tag is already defined! 045D DataFieldDefinition{tag='045D', label='Vorläufige Schlagwörter (STW)', cardinality=Repeatable, descriptionUrl='https://format.k10plus.de/k10plushelp.pl?cmd=kat&katalog=Standard&val=5250'}
Tag is already defined! 147B DataFieldDefinition{tag='147B', label='Nebeneintragungsvermerke usw.', cardinality=Nonrepeatable, descriptionUrl='https://format.k10plus.de/k10plushelp.pl?cmd=kat&katalog=Standard&val=4710'}
Tag is already defined! 147B DataFieldDefinition{tag='147B', label='Allgemeiner Hinweis Zeitschriftenbestand unter Einzelsignatur', cardinality=Nonrepeatable, descriptionUrl='https://format.k10plus.de/k10plushelp.pl?cmd=kat&katalog=Standard&val=4716'}
Tag is already defined! 033B DataFieldDefinition{tag='033B', label='Ort, Datenbankanbieter (Host)', cardinality=Repeatable, descriptionUrl='https://format.k10plus.de/k10plushelp.pl?cmd=kat&katalog=Standard&val=4031'}
Tag is already defined! 047A DataFieldDefinition{tag='047A', label='Abrufzeichen Schlagwortdaten in SWB-Bibliotheken', cardinality=Repeatable, descriptionUrl='https://format.k10plus.de/k10plushelp.pl?cmd=kat&katalog=Standard&val=907'}
Tag is already defined! 047A DataFieldDefinition{tag='047A', label='Adresse interne Redaktion in SWB-Bibliotheken oder projektbezogene Nachrichten', cardinality=Repeatable, descriptionUrl='https://format.k10plus.de/k10plushelp.pl?cmd=kat&katalog=Standard&val=908'}
Tag is already defined! 147B DataFieldDefinition{tag='147B', label='Allgemeiner Hinweis Sekundärausgaben Feld in Bearbeitung!', cardinality=Nonrepeatable, descriptionUrl='https://format.k10plus.de/k10plushelp.pl?cmd=kat&katalog=Standard&val=4715'}
Tag is already defined! 045D DataFieldDefinition{tag='045D', label='ZBW-Schlagwörter - Veröffentlichungsart', cardinality=Repeatable, descriptionUrl='https://format.k10plus.de/k10plushelp.pl?cmd=kat&katalog=Standard&val=5249'}
Tag is already defined! 036C DataFieldDefinition{tag='036C', label='Gesamttitel der mehrteiligen Monografie', cardinality=Nonrepeatable, descriptionUrl='https://format.k10plus.de/k10plushelp.pl?cmd=kat&katalog=Standard&val=4150'}
Tag is already defined! 041A DataFieldDefinition{tag='041A', label='Schlagwortfolgen (DNB und Verbünde)', cardinality=Nonrepeatable, descriptionUrl='https://format.k10plus.de/k10plushelp.pl?cmd=kat&katalog=Standard&val=5100'}
Tag is already defined! 045N DataFieldDefinition{tag='045N', label='Sonstige Notation des FIV', cardinality=Repeatable, descriptionUrl='https://format.k10plus.de/k10plushelp.pl?cmd=kat&katalog=Standard&val=5072'}
Tag is already defined! 091O DataFieldDefinition{tag='091O', label='Online-Profildienst: Besitzkennzeichen zur Selektion', cardinality=Repeatable, descriptionUrl='https://format.k10plus.de/k10plushelp.pl?cmd=kat&katalog=Standard&val=9600'}
Tag is already defined! 022A DataFieldDefinition{tag='022A', label='Werktitel und sonstige unterscheidende Merkmale des Werks', cardinality=Nonrepeatable, descriptionUrl='https://format.k10plus.de/k10plushelp.pl?cmd=kat&katalog=Standard&val=3210'}
Tag is already defined! 045N DataFieldDefinition{tag='045N', label='FIV-Sachklassifikation', cardinality=Repeatable, descriptionUrl='https://format.k10plus.de/k10plushelp.pl?cmd=kat&katalog=Standard&val=5071'}
Tag is already defined! 022A DataFieldDefinition{tag='022A', label='Weiterer Werktitel und sonstige unterscheidende Merkmale', cardinality=Repeatable, descriptionUrl='https://format.k10plus.de/k10plushelp.pl?cmd=kat&katalog=Standard&val=3211'}
Tag is already defined! 045B DataFieldDefinition{tag='045B', label='Systematik für Bibliotheken (SfB)', cardinality=Repeatable, descriptionUrl='https://format.k10plus.de/k10plushelp.pl?cmd=kat&katalog=Standard&val=5022'}
Tag is already defined! 045B DataFieldDefinition{tag='045B', label='Klassifikation für Allgemeinbibliotheken (KAB)', cardinality=Repeatable, descriptionUrl='https://format.k10plus.de/k10plushelp.pl?cmd=kat&katalog=Standard&val=5023'}
Tag is already defined! 045B DataFieldDefinition{tag='045B', label='Systematiken der ekz', cardinality=Repeatable, descriptionUrl='https://format.k10plus.de/k10plushelp.pl?cmd=kat&katalog=Standard&val=5024'}
Tag is already defined! 045B DataFieldDefinition{tag='045B', label='Gattungsbegriffe (DNB)', cardinality=Repeatable, descriptionUrl='https://format.k10plus.de/k10plushelp.pl?cmd=kat&katalog=Standard&val=5025'}
Tag is already defined! 045B DataFieldDefinition{tag='045B', label='Allgemeine Systematik für Bibliotheken (ASB)', cardinality=Repeatable, descriptionUrl='https://format.k10plus.de/k10plushelp.pl?cmd=kat&katalog=Standard&val=5020'}
Tag is already defined! 047A DataFieldDefinition{tag='047A', label='Kommentar', cardinality=Repeatable, descriptionUrl='https://format.k10plus.de/k10plushelp.pl?cmd=kat&katalog=Standard&val=900'}
1030400229
1030397783
1029887675
102859397X
1028593392
1028590709
1028590660
1028590415
1028588917
1028577125
1028001924
1028000138
1027999468
1027599044
1027598161
1027070809
1025109430
1025108876
102510871X
1025108213
1025108205
1025106830
1025106318
1025106024
1025105079
104058618X
103041100X
1030410798
1030410267
1030410216
1030410089
1030409714
1030409641
1030409595
1030409498
1030409005
103040772X
1030407649
1030407568
1030407525
1030404666
103040285X
1030401810
1030401152
1030399476
1030399301
1030399298
1030399166
1030398798
1030397597
1030396663
1030396604
103039654X
1030395616
1030395268
103039489X
103038925X
1030389063
1030388679
1030388202
1030388091
1030387982
1030387419
1030387354
1030387249
1030387044
1030386757
1030386579
1030386374
103038598X
1030385459
1030385394
103038522X
1030385017
1030382964
1030382727
1030382565
1030377103
1030374147
1030370656
1030290741
1030288925
1030283036
1030282269
103028220X
1030279578
1030279349
1030278717
1030271275
1030267146
1030255008
1030254842
103025382X
1030131171
1030128367
1030120188
1030119392
1030098018
1030094330
1029933103
1029883327
102983430X
1029702861
1029440255
1029348782
1029348367
1029344256
1029343845
1029342911
1029272581
1029271321
1029209057
1029139776
1029138427
1029009260
1028773048
1028605684
1028605676
102860565X
1028600887
1028599730
1028594887
1028594186
1028593821
1028592957
1028592876
1028592809
1028592566
1028592078
1028591489
1028591187
1028589697
1028588216
1028588143
1028587864
1028582498
1028580282
1028580002
1028578865
102857813X
1028555601
1028452101
1028088582
1028014376
1028003471
1027728669
1027709737
1027709117
1027701396
1027569196
1026102960
1025875265
1025852362
1025846559
1025836154
1025407199
1025110528
1025108922
1025107543
1025105125
1024134598
102413458X
1020114584
1012069826
1009946404
1008905518
1004908229
1000892131
892844450
881115002
874796946
873432649
872194434
871098822
87001305X
869610430
1030403023
1030370400
103037032X
103036947X
1030369348
1030368937
1030368783
1030291918
1030287147
103028041X
1030273294
103026550X
1030256691
1030254516
1030254230
1030254117
1030253188
1030252858
1029881987
1029712719
1029712476
1029686726
1029686491
1029686467
1029686424
1029686351
1029481024
1029479704
1029124361
1029124094
1028376626
1028376553
102510269X
1024139867
897037057
893488747
893487651
880626100
879325992
877374023
876050607
875784453
875783805
874045762
874021391
873737660
87357561X
87357446X
871098156
869809695
868546453
868546313
867749202
867617802
86761773X
867616970
867616911
865336091
859567796
1030400466
103028069X
1029450196
1029449074
876547250
874293618
870302418
870300377
870300199
870299786
87029945X
870297104
869701991
869428535
868366390
868019771
867755105
867616814
866522123
86346646X
862392578
860248852
859558037
735167648
870302876
870299468
867632860
848462734
842275746
835931552
835822028
825777984
822036053
819470457
810663465
102832278X
834733455
785636765
784215553
779386736
1029854726
1027570348
870300180
870300121
870300024
782684505
766776115
751641553
750282584
740990497
737218932
735534225
731751353
688503039
676427316
870300245
870300113
870300032
870299859
870299794
723878072
723851158
723785740
723785589
723785376
721548970
721517978
719428467
685349063
683289470
665361769
664889077
617755558
68515873X
656214082
655883746
64385715X
1029853878
1027811728
657904775
627613276
687686180
532037197
513275673
571612334
502985291
486157601
485084864
866645780
521452112
338802851
271923563
271923393
271923385
271923644
271923474
271923628
27192344X
187618321
187226741
271923571
271923547
188197044
120763796
120746573
120742292
125394667
125304579
125356765
02291093X
167828541
130373974
124783104
192613715
130261807
168489023
167634453
192447300
129390623
129297879
130165514
130101443
130124656
167998188
312109288
152896260
129960969
395970571
566588730
532672836
171053931
129472573
170643603
235938106
235938130
1030401144
167789651
730769151
processed 373 records
[001@]
0: 26
[001A: Kennung und Datum der Ersterfassung]
0: 2004:03-12-12
[001B: Kennung und Datum der letzten Änderung]
0: 2004:09-06-19
t: 11:33:00.000
[001D: Kennung und Datum der Statusänderung]
0: 2004:03-12-12
[001U]
0: utf8
[001X]
0: 0
[002@: Bibliografische Gattung und Status]
0: Abv
[002C: Inhaltstyp]
a: Text
b: txt
[002D: Medientyp]
a: ohne Hilfsmittel zu benutzen
b: n
[002E: Datenträgertyp]
a: Band
b: nc
[003@: Pica-Produktionsnummer]
0: 730769151
[003O: OCLC-Nummer]
a: OCoLC
0: 1057308509
[006G: DNB-Nummer]
0: 1028081502
[006Z: ZDB-Nummer]
0: 2692146-7
[007G: Identnummer der erstkatalogisierenden Institution]
i: ZDB
0: 2692146-7
[011@: Erscheinungsdatum/Entstehungsdatum]
a: 1909
n: 1909-
[013D: Art des Inhalts]
9: 10454466XZeitschrift ; ID: gnd/4067488-5
[018@: Code für Erscheinungsfrequenz]
a: z
[021A: Haupttitel, Titelzusatz, Verantwortlichkeitsangabe]
a: Nevsāl-ı ʻOs̲mānı̄
[031@: Zählung von fortlaufenden Ressourcen]
a: [1909]=1325 - nachgewiesen
[031N: Zählung von fortlaufenden Ressourcen in maschinell interpretierbarer Form]
j: 1909
6: 
[033A: Veröffentlichungsangabe]
p: [İstanbul]
[045G: Sachgruppen der Deutschen Nationalbibliografie ab 2004]
a: 890
A: DE-600
[208@: Neuanlagedatum und Selektionsschlüssel]
a: 06-09-18
b: b1h
[201B: Datum und Uhrzeit der letzten Änderung]
0: 06-09-18
t: 10:59:23.000
[201U]
0: utf8
[202D]
0: 06-09-18
b: 6415
a: 0206/0001
[203@: EPN des Exemplarsatzes]
0: 1802552278
[209A]
b: 206
j: 1
f: A:
a: A 43 b2/1
d: b
x: 00
[231@: Bestandsangaben in maschinell interpretierbarer Form]
d: 1
j: 1325
n: 2
k: 1326
0:  
d: 4
j: 1328
[231B: Bestandsangaben im Anzeigeformat]
a: 1.1325{=[1909/10]} - 2.1326{=[1910/11]}; 4.1328/30{=[1912-1915]}

Tests run: 4, Failures: 0, Errors: 0, Skipped: 0, Time elapsed: 0.356 sec
Running de.gwdg.metadataqa.marc.utils.pica.PicaTagDefinitionTest
Tests run: 4, Failures: 0, Errors: 0, Skipped: 0, Time elapsed: 0.002 sec
Running de.gwdg.metadataqa.marc.utils.pica.PicaLineTest
Tests run: 3, Failures: 0, Errors: 0, Skipped: 0, Time elapsed: 0 sec
Running de.gwdg.metadataqa.marc.utils.FunctionValueTest
Tests run: 6, Failures: 0, Errors: 0, Skipped: 0, Time elapsed: 0.001 sec
Running de.gwdg.metadataqa.marc.utils.ReadMarcTest
Tests run: 1, Failures: 0, Errors: 0, Skipped: 0, Time elapsed: 0.003 sec
Running de.gwdg.metadataqa.marc.MarcFieldTest
Tests run: 4, Failures: 0, Errors: 0, Skipped: 0, Time elapsed: 0.002 sec
Running de.gwdg.metadataqa.marc.definition.general.indexer.subject.ClassificationSchemesTest
Tests run: 2, Failures: 0, Errors: 0, Skipped: 0, Time elapsed: 0 sec
Running de.gwdg.metadataqa.marc.definition.general.indexer.subject.SchemaFromSubfield2Test
Tests run: 5, Failures: 0, Errors: 0, Skipped: 0, Time elapsed: 0 sec
Running de.gwdg.metadataqa.marc.definition.general.indexer.subject.SchemaFromInd2AndSubfield2Test
Tests run: 15, Failures: 0, Errors: 0, Skipped: 0, Time elapsed: 0.001 sec
Running de.gwdg.metadataqa.marc.definition.general.indexer.subject.SchemaFromInd1OrIf7FromSubfield2Test
Jan 17, 2023 10:12:37 PM de.gwdg.metadataqa.marc.definition.general.indexer.subject.SubjectIndexer$KeyValuesExtractor invoke
WARNING: No subfield $a in the field: DataField{052, ind1=' ', ind2=' ', subfields=[MarcSubfield{code='b', value='value1'}, MarcSubfield{code='c', value='value2'}, MarcSubfield{code='2', value='dnb'}]}
Tests run: 18, Failures: 0, Errors: 0, Skipped: 0, Time elapsed: 0.003 sec
Running de.gwdg.metadataqa.marc.definition.general.indexer.subject.SchemaFromInd2Test
Tests run: 3, Failures: 0, Errors: 0, Skipped: 0, Time elapsed: 0 sec
Running de.gwdg.metadataqa.marc.definition.general.indexer.subject.SchemaFromInd1OrIfEmptyFromSubfield2Test
Tests run: 8, Failures: 0, Errors: 0, Skipped: 0, Time elapsed: 0 sec
Running de.gwdg.metadataqa.marc.definition.general.validator.ISSNValidatorTest
Tests run: 6, Failures: 0, Errors: 0, Skipped: 0, Time elapsed: 0 sec
Running de.gwdg.metadataqa.marc.definition.general.validator.ClassificationReferenceValidatorTest
Tests run: 1, Failures: 0, Errors: 0, Skipped: 0, Time elapsed: 0 sec
Running de.gwdg.metadataqa.marc.definition.general.validator.DateValidatorTest
Tests run: 2, Failures: 0, Errors: 0, Skipped: 0, Time elapsed: 0 sec
Running de.gwdg.metadataqa.marc.definition.general.validator.RegexValidatorTest
Tests run: 1, Failures: 0, Errors: 0, Skipped: 0, Time elapsed: 0 sec
Running de.gwdg.metadataqa.marc.definition.general.validator.RangeValidatorTest
Tests run: 2, Failures: 0, Errors: 0, Skipped: 0, Time elapsed: 0 sec
Running de.gwdg.metadataqa.marc.definition.general.validator.ISBNValidatorTest
Tests run: 14, Failures: 0, Errors: 0, Skipped: 0, Time elapsed: 0.001 sec
Running de.gwdg.metadataqa.marc.definition.general.FieldLinkAndSequenceNumberParserTest
Tests run: 9, Failures: 0, Errors: 0, Skipped: 0, Time elapsed: 0 sec
Running de.gwdg.metadataqa.marc.definition.general.LanguageCodesTest
Tests run: 1, Failures: 0, Errors: 0, Skipped: 0, Time elapsed: 0.001 sec
Running de.gwdg.metadataqa.marc.definition.general.parser.Control008All00DateParserTest
Tests run: 2, Failures: 0, Errors: 0, Skipped: 0, Time elapsed: 0.001 sec
Running de.gwdg.metadataqa.marc.definition.general.parser.RecordControlNumberParserTest
Tests run: 1, Failures: 0, Errors: 0, Skipped: 0, Time elapsed: 0 sec
Running de.gwdg.metadataqa.marc.definition.general.parser.LinkageParserTest
Tests run: 13, Failures: 0, Errors: 0, Skipped: 0, Time elapsed: 0.007 sec
Running de.gwdg.metadataqa.marc.definition.controlpositions.Control008PositionsTest
Tests run: 1, Failures: 0, Errors: 0, Skipped: 0, Time elapsed: 0.005 sec
Running de.gwdg.metadataqa.marc.definition.controlpositions.LeaderPositionsTest
Tests run: 1, Failures: 0, Errors: 0, Skipped: 0, Time elapsed: 0 sec
Running de.gwdg.metadataqa.marc.definition.controlpositions.tag007.Tag007nonprojected02Test
Tests run: 1, Failures: 0, Errors: 0, Skipped: 0, Time elapsed: 0 sec
Running de.gwdg.metadataqa.marc.definition.controlpositions.Control006PositionsTest
Tests run: 1, Failures: 0, Errors: 0, Skipped: 0, Time elapsed: 0.002 sec
Running de.gwdg.metadataqa.marc.definition.controlpositions.Control007PositionsTest
Tests run: 1, Failures: 0, Errors: 0, Skipped: 0, Time elapsed: 0.003 sec
Running de.gwdg.metadataqa.marc.definition.SourceSpecificationTypeTest
Tests run: 3, Failures: 0, Errors: 0, Skipped: 0, Time elapsed: 0 sec
Running de.gwdg.metadataqa.marc.definition.SubfieldDefinitionTest
Tests run: 4, Failures: 0, Errors: 0, Skipped: 0, Time elapsed: 0.001 sec
Running de.gwdg.metadataqa.marc.definition.tags.tags84x.Tag880Test
Tests run: 1, Failures: 0, Errors: 0, Skipped: 0, Time elapsed: 0.001 sec
Running de.gwdg.metadataqa.marc.definition.tags.tags3xx.Tag300Test
Tests run: 7, Failures: 0, Errors: 0, Skipped: 0, Time elapsed: 0.001 sec
Running de.gwdg.metadataqa.marc.definition.tags.tags4xx.Tag490Test
Tests run: 2, Failures: 0, Errors: 0, Skipped: 0, Time elapsed: 0 sec
Running de.gwdg.metadataqa.marc.definition.tags.tags6xx.Tag650Test
Tests run: 9, Failures: 0, Errors: 0, Skipped: 0, Time elapsed: 0 sec
Running de.gwdg.metadataqa.marc.definition.tags.tags6xx.Tag610Test
Tests run: 10, Failures: 0, Errors: 0, Skipped: 0, Time elapsed: 0.001 sec
Running de.gwdg.metadataqa.marc.definition.tags.tags20x.Tag245Test
Tests run: 14, Failures: 0, Errors: 0, Skipped: 0, Time elapsed: 0.001 sec
Running de.gwdg.metadataqa.marc.definition.tags.oclctags.Tag029Test
Tests run: 1, Failures: 0, Errors: 0, Skipped: 0, Time elapsed: 0 sec
Running de.gwdg.metadataqa.marc.definition.tags.tags25x.Tag260Test
Tests run: 11, Failures: 0, Errors: 0, Skipped: 0, Time elapsed: 0 sec
Running de.gwdg.metadataqa.marc.definition.tags.bltags.TagBUFTest
Tests run: 2, Failures: 0, Errors: 0, Skipped: 0, Time elapsed: 0 sec
Running de.gwdg.metadataqa.marc.definition.tags.bltags.Tag916Test
Tests run: 2, Failures: 0, Errors: 0, Skipped: 0, Time elapsed: 0.001 sec
Running de.gwdg.metadataqa.marc.definition.tags.bltags.Tag957Test
Tests run: 2, Failures: 0, Errors: 0, Skipped: 0, Time elapsed: 0 sec
Running de.gwdg.metadataqa.marc.definition.tags.bltags.TagOBJTest
Tests run: 2, Failures: 0, Errors: 0, Skipped: 0, Time elapsed: 0 sec
Running de.gwdg.metadataqa.marc.definition.tags.bltags.Tag692Test
Tests run: 2, Failures: 0, Errors: 0, Skipped: 0, Time elapsed: 0 sec
Running de.gwdg.metadataqa.marc.definition.tags.bltags.Tag509Test
Tests run: 2, Failures: 0, Errors: 0, Skipped: 0, Time elapsed: 0 sec
Running de.gwdg.metadataqa.marc.definition.tags.bltags.TagONSTest
Tests run: 2, Failures: 0, Errors: 0, Skipped: 0, Time elapsed: 0 sec
Running de.gwdg.metadataqa.marc.definition.tags.bltags.Tag597Test
Tests run: 2, Failures: 0, Errors: 0, Skipped: 0, Time elapsed: 0 sec
Running de.gwdg.metadataqa.marc.definition.tags.bltags.Tag945Test
Tests run: 2, Failures: 0, Errors: 0, Skipped: 0, Time elapsed: 0 sec
Running de.gwdg.metadataqa.marc.definition.tags.bltags.Tag961Test
Tests run: 2, Failures: 0, Errors: 0, Skipped: 0, Time elapsed: 0 sec
Running de.gwdg.metadataqa.marc.definition.tags.bltags.Tag591Test
Tests run: 2, Failures: 0, Errors: 0, Skipped: 0, Time elapsed: 0 sec
Running de.gwdg.metadataqa.marc.definition.tags.bltags.Tag962Test
Tests run: 2, Failures: 0, Errors: 0, Skipped: 0, Time elapsed: 0 sec
Running de.gwdg.metadataqa.marc.definition.tags.bltags.TagMPXTest
Tests run: 2, Failures: 0, Errors: 0, Skipped: 0, Time elapsed: 0 sec
Running de.gwdg.metadataqa.marc.definition.tags.bltags.Tag091Test
Tests run: 2, Failures: 0, Errors: 0, Skipped: 0, Time elapsed: 0 sec
Running de.gwdg.metadataqa.marc.definition.tags.bltags.Tag970Test
Tests run: 2, Failures: 0, Errors: 0, Skipped: 0, Time elapsed: 0 sec
Running de.gwdg.metadataqa.marc.definition.tags.bltags.TagNIDTest
Tests run: 2, Failures: 0, Errors: 0, Skipped: 0, Time elapsed: 0 sec
Running de.gwdg.metadataqa.marc.definition.tags.bltags.Tag964Test
Tests run: 2, Failures: 0, Errors: 0, Skipped: 0, Time elapsed: 0.001 sec
Running de.gwdg.metadataqa.marc.definition.tags.bltags.TagA02Test
Tests run: 2, Failures: 0, Errors: 0, Skipped: 0, Time elapsed: 0 sec
Running de.gwdg.metadataqa.marc.definition.tags.bltags.Tag917Test
Tests run: 2, Failures: 0, Errors: 0, Skipped: 0, Time elapsed: 0 sec
Running de.gwdg.metadataqa.marc.definition.tags.bltags.Tag852Test
Tests run: 1, Failures: 0, Errors: 0, Skipped: 0, Time elapsed: 0 sec
Running de.gwdg.metadataqa.marc.definition.tags.bltags.TagLEOTest
Tests run: 2, Failures: 0, Errors: 0, Skipped: 0, Time elapsed: 0 sec
Running de.gwdg.metadataqa.marc.definition.tags.bltags.TagVITTest
Tests run: 2, Failures: 0, Errors: 0, Skipped: 0, Time elapsed: 0.001 sec
Running de.gwdg.metadataqa.marc.definition.tags.bltags.TagUNOTest
Tests run: 2, Failures: 0, Errors: 0, Skipped: 0, Time elapsed: 0.001 sec
Running de.gwdg.metadataqa.marc.definition.tags.bltags.Tag595Test
Tests run: 2, Failures: 0, Errors: 0, Skipped: 0, Time elapsed: 0.001 sec
Running de.gwdg.metadataqa.marc.definition.tags.bltags.Tag979Test
Tests run: 2, Failures: 0, Errors: 0, Skipped: 0, Time elapsed: 0 sec
Running de.gwdg.metadataqa.marc.definition.tags.bltags.Tag960Test
Tests run: 2, Failures: 0, Errors: 0, Skipped: 0, Time elapsed: 0 sec
Running de.gwdg.metadataqa.marc.definition.tags.bltags.TagDRTTest
Tests run: 2, Failures: 0, Errors: 0, Skipped: 0, Time elapsed: 0.001 sec
Running de.gwdg.metadataqa.marc.definition.tags.bltags.Tag968Test
Tests run: 2, Failures: 0, Errors: 0, Skipped: 0, Time elapsed: 0 sec
Running de.gwdg.metadataqa.marc.definition.tags.bltags.TagDGMTest
Tests run: 2, Failures: 0, Errors: 0, Skipped: 0, Time elapsed: 0 sec
Running de.gwdg.metadataqa.marc.definition.tags.bltags.TagAQNTest
Tests run: 2, Failures: 0, Errors: 0, Skipped: 0, Time elapsed: 0 sec
Running de.gwdg.metadataqa.marc.definition.tags.bltags.TagFFPTest
Tests run: 2, Failures: 0, Errors: 0, Skipped: 0, Time elapsed: 0 sec
Running de.gwdg.metadataqa.marc.definition.tags.bltags.TagLDOTest
Tests run: 2, Failures: 0, Errors: 0, Skipped: 0, Time elapsed: 0 sec
Running de.gwdg.metadataqa.marc.definition.tags.bltags.Tag976Test
Tests run: 2, Failures: 0, Errors: 0, Skipped: 0, Time elapsed: 0 sec
Running de.gwdg.metadataqa.marc.definition.tags.bltags.TagSSDTest
Tests run: 2, Failures: 0, Errors: 0, Skipped: 0, Time elapsed: 0.001 sec
Running de.gwdg.metadataqa.marc.definition.tags.bltags.TagWIITest
Tests run: 2, Failures: 0, Errors: 0, Skipped: 0, Time elapsed: 0 sec
Running de.gwdg.metadataqa.marc.definition.tags.bltags.Tag598Test
Tests run: 2, Failures: 0, Errors: 0, Skipped: 0, Time elapsed: 0.001 sec
Running de.gwdg.metadataqa.marc.definition.tags.bltags.TagESTTest
Tests run: 2, Failures: 0, Errors: 0, Skipped: 0, Time elapsed: 0 sec
Running de.gwdg.metadataqa.marc.definition.tags.bltags.Tag955Test
Tests run: 2, Failures: 0, Errors: 0, Skipped: 0, Time elapsed: 0 sec
Running de.gwdg.metadataqa.marc.definition.tags.bltags.Tag996Test
Tests run: 2, Failures: 0, Errors: 0, Skipped: 0, Time elapsed: 0 sec
Running de.gwdg.metadataqa.marc.definition.tags.bltags.Tag690Test
Tests run: 2, Failures: 0, Errors: 0, Skipped: 0, Time elapsed: 0 sec
Running de.gwdg.metadataqa.marc.definition.tags.bltags.Tag037Test
Tests run: 2, Failures: 0, Errors: 0, Skipped: 0, Time elapsed: 0.001 sec
Running de.gwdg.metadataqa.marc.definition.tags.bltags.Tag599Test
Tests run: 2, Failures: 0, Errors: 0, Skipped: 0, Time elapsed: 0 sec
Running de.gwdg.metadataqa.marc.definition.tags.bltags.Tag966Test
Tests run: 2, Failures: 0, Errors: 0, Skipped: 0, Time elapsed: 0 sec
Running de.gwdg.metadataqa.marc.definition.tags.bltags.TagTOCTest
Tests run: 2, Failures: 0, Errors: 0, Skipped: 0, Time elapsed: 0.001 sec
Running de.gwdg.metadataqa.marc.definition.tags.bltags.Tag980Test
Tests run: 2, Failures: 0, Errors: 0, Skipped: 0, Time elapsed: 0 sec
Running de.gwdg.metadataqa.marc.definition.tags.bltags.Tag950Test
Tests run: 2, Failures: 0, Errors: 0, Skipped: 0, Time elapsed: 0.001 sec
Running de.gwdg.metadataqa.marc.definition.tags.bltags.TagLASTest
Tests run: 2, Failures: 0, Errors: 0, Skipped: 0, Time elapsed: 0.001 sec
Running de.gwdg.metadataqa.marc.definition.tags.bltags.TagMISTest
Tests run: 2, Failures: 0, Errors: 0, Skipped: 0, Time elapsed: 0.001 sec
Running de.gwdg.metadataqa.marc.definition.tags.bltags.TagRSCTest
Tests run: 2, Failures: 0, Errors: 0, Skipped: 0, Time elapsed: 0 sec
Running de.gwdg.metadataqa.marc.definition.tags.bltags.Tag594Test
Tests run: 2, Failures: 0, Errors: 0, Skipped: 0, Time elapsed: 0 sec
Running de.gwdg.metadataqa.marc.definition.tags.bltags.Tag039Test
Tests run: 2, Failures: 0, Errors: 0, Skipped: 0, Time elapsed: 0.001 sec
Running de.gwdg.metadataqa.marc.definition.tags.bltags.Tag959Test
Tests run: 2, Failures: 0, Errors: 0, Skipped: 0, Time elapsed: 0.001 sec
Running de.gwdg.metadataqa.marc.definition.tags.bltags.TagONXTest
Tests run: 2, Failures: 0, Errors: 0, Skipped: 0, Time elapsed: 0 sec
Running de.gwdg.metadataqa.marc.definition.tags.bltags.TagMNITest
Tests run: 2, Failures: 0, Errors: 0, Skipped: 0, Time elapsed: 0 sec
Running de.gwdg.metadataqa.marc.definition.tags.bltags.TagEXPTest
Tests run: 2, Failures: 0, Errors: 0, Skipped: 0, Time elapsed: 0.001 sec
Running de.gwdg.metadataqa.marc.definition.tags.bltags.TagLETTest
Tests run: 2, Failures: 0, Errors: 0, Skipped: 0, Time elapsed: 0.001 sec
Running de.gwdg.metadataqa.marc.definition.tags.bltags.Tag539Test
Tests run: 2, Failures: 0, Errors: 0, Skipped: 0, Time elapsed: 0 sec
Running de.gwdg.metadataqa.marc.definition.tags.bltags.Tag954Test
Tests run: 2, Failures: 0, Errors: 0, Skipped: 0, Time elapsed: 0 sec
Running de.gwdg.metadataqa.marc.definition.tags.bltags.Tag997Test
Tests run: 2, Failures: 0, Errors: 0, Skipped: 0, Time elapsed: 0.001 sec
Running de.gwdg.metadataqa.marc.definition.tags.bltags.Tag859Test
Tests run: 2, Failures: 0, Errors: 0, Skipped: 0, Time elapsed: 0 sec
Running de.gwdg.metadataqa.marc.definition.tags.bltags.Tag963Test
Tests run: 2, Failures: 0, Errors: 0, Skipped: 0, Time elapsed: 0.001 sec
Running de.gwdg.metadataqa.marc.definition.tags.bltags.Tag985Test
Tests run: 2, Failures: 0, Errors: 0, Skipped: 0, Time elapsed: 0.001 sec
Running de.gwdg.metadataqa.marc.definition.tags.bltags.Tag596Test
Tests run: 2, Failures: 0, Errors: 0, Skipped: 0, Time elapsed: 0 sec
Running de.gwdg.metadataqa.marc.definition.tags.bltags.TagSRCTest
Tests run: 2, Failures: 0, Errors: 0, Skipped: 0, Time elapsed: 0 sec
Running de.gwdg.metadataqa.marc.definition.tags.bltags.TagPLRTest
Tests run: 2, Failures: 0, Errors: 0, Skipped: 0, Time elapsed: 0 sec
Running de.gwdg.metadataqa.marc.definition.tags.bltags.TagCNFTest
Tests run: 2, Failures: 0, Errors: 0, Skipped: 0, Time elapsed: 0.001 sec
Running de.gwdg.metadataqa.marc.definition.tags.bltags.Tag592Test
Tests run: 2, Failures: 0, Errors: 0, Skipped: 0, Time elapsed: 0 sec
Running de.gwdg.metadataqa.marc.definition.tags.bltags.Tag992Test
Tests run: 2, Failures: 0, Errors: 0, Skipped: 0, Time elapsed: 0 sec
Running de.gwdg.metadataqa.marc.definition.tags.bltags.Tag975Test
Tests run: 2, Failures: 0, Errors: 0, Skipped: 0, Time elapsed: 0 sec
Running de.gwdg.metadataqa.marc.definition.tags.bltags.TagOHCTest
Tests run: 2, Failures: 0, Errors: 0, Skipped: 0, Time elapsed: 0 sec
Running de.gwdg.metadataqa.marc.definition.tags.bltags.TagFINTest
Tests run: 2, Failures: 0, Errors: 0, Skipped: 0, Time elapsed: 0 sec
Running de.gwdg.metadataqa.marc.definition.tags.bltags.TagCFITest
Tests run: 2, Failures: 0, Errors: 0, Skipped: 0, Time elapsed: 0.001 sec
Running de.gwdg.metadataqa.marc.definition.tags.bltags.TagNEGTest
Tests run: 2, Failures: 0, Errors: 0, Skipped: 0, Time elapsed: 0 sec
Running de.gwdg.metadataqa.marc.definition.tags.bltags.Tag909Test
Tests run: 2, Failures: 0, Errors: 0, Skipped: 0, Time elapsed: 0.001 sec
Running de.gwdg.metadataqa.marc.definition.tags.bltags.TagLCSTest
Tests run: 2, Failures: 0, Errors: 0, Skipped: 0, Time elapsed: 0 sec
Running de.gwdg.metadataqa.marc.definition.tags.bltags.TagBGTTest
Tests run: 2, Failures: 0, Errors: 0, Skipped: 0, Time elapsed: 0 sec
Running de.gwdg.metadataqa.marc.definition.tags.bltags.Tag990Test
Tests run: 2, Failures: 0, Errors: 0, Skipped: 0, Time elapsed: 0 sec
Running de.gwdg.metadataqa.marc.definition.tags.bltags.Tag590Test
Tests run: 2, Failures: 0, Errors: 0, Skipped: 0, Time elapsed: 0 sec
Running de.gwdg.metadataqa.marc.definition.tags.nkcrtags.NkcrMarcReaderTest
Tests run: 1, Failures: 0, Errors: 0, Skipped: 0, Time elapsed: 0.003 sec
Running de.gwdg.metadataqa.marc.definition.tags.holdings.Tag841Test
Tests run: 2, Failures: 0, Errors: 0, Skipped: 0, Time elapsed: 0 sec
Running de.gwdg.metadataqa.marc.definition.tags.tags01x.Tag040Test
Tests run: 2, Failures: 0, Errors: 0, Skipped: 0, Time elapsed: 0 sec
Running de.gwdg.metadataqa.marc.definition.tags.tags01x.Tag090Test
Tests run: 2, Failures: 0, Errors: 0, Skipped: 0, Time elapsed: 0 sec
Running de.gwdg.metadataqa.marc.definition.tags.tags01x.Tag045Test
Tests run: 1, Failures: 0, Errors: 0, Skipped: 0, Time elapsed: 0.002 sec
Running de.gwdg.metadataqa.marc.definition.TagDefinitionLoaderTest
Tests run: 6, Failures: 0, Errors: 0, Skipped: 0, Time elapsed: 0.001 sec
Running de.gwdg.metadataqa.marc.definition.DataFieldTest
Tests run: 5, Failures: 0, Errors: 0, Skipped: 0, Time elapsed: 0 sec
Running de.gwdg.metadataqa.marc.MarcFieldExtractorTest
Tests run: 1, Failures: 0, Errors: 0, Skipped: 0, Time elapsed: 0 sec
Running de.gwdg.metadataqa.marc.analysis.ClassificationAnalyzerTest
655
Tests run: 2, Failures: 0, Errors: 0, Skipped: 0, Time elapsed: 0.013 sec
Running de.gwdg.metadataqa.marc.analysis.SerialTest
Tests run: 1, Failures: 0, Errors: 0, Skipped: 0, Time elapsed: 0.008 sec
Running de.gwdg.metadataqa.marc.analysis.ThompsonTrailFieldsTest
Tests run: 1, Failures: 0, Errors: 0, Skipped: 0, Time elapsed: 0.005 sec
Running de.gwdg.metadataqa.marc.analysis.ThompsonTraillAnalysisTest
Tests run: 4, Failures: 0, Errors: 0, Skipped: 0, Time elapsed: 0.005 sec
Running de.gwdg.metadataqa.marc.analysis.ShelfReadyFieldsBooksTest
Tests run: 1, Failures: 0, Errors: 0, Skipped: 0, Time elapsed: 0.003 sec
Running de.gwdg.metadataqa.marc.analysis.bl.UseCaseTest
245$a -> [245$a], [245$a]
852;856 -> [852, 856], [852, 856]
506;540 -> [506, 540], [506, 540]
336;337;338 -> [336, 337, 338], [336, 337, 338]
As specified -> [As specified], []
541;561;700 -> [541, 561, 700], [541, 561, 700]
021;022 -> [021, 022], [022]
040 -> [040], [040]
FMT -> [FMT], [FMT]
FIN;859 -> [FIN, 859], [FIN, 859]
008/6-14 -> [008/6-14], []
008/15-17 -> [008/15-17], []
008/35-37 -> [008/35-37], []
040 -> [040], [040]
015 -> [015], [015]
130;1XX$t;240;730;7XX$t -> [130, 1XX$t, 240, 730, 7XX$t], [130, 110$t, 111$t, 130$t, 100$t, 240, 730, 700$t, 710$t, 711$t, 730$t, 760$t, 762$t, 765$t, 767$t, 770$t, 772$t, 773$t, 774$t, 775$t, 776$t, 777$t, 780$t, 785$t, 786$t, 787$t]
1XX;7XX -> [1XX, 7XX], [110, 111, 130, 100, 700, 710, 711, 720, 730, 740, 751, 752, 753, 754, 758, 760, 762, 765, 767, 770, 772, 773, 774, 775, 776, 777, 780, 785, 786, 787]
052;055;072;080;084;085;086;6XX -> [052, 055, 072, 080, 084, 085, 086, 6XX], [052, 055, 072, 080, 084, 085, 086, 600, 610, 611, 630, 647, 648, 650, 651, 653, 654, 655, 656, 657, 658, 662, 688, 690, 692]
As specified -> [As specified], []
250 -> [250], [250]
264;260 -> [264, 260], [264, 260]
246 -> [246], [246]
505 -> [505], [505]
300$a -> [300$a], [300$a]
588 -> [588], [588]
7XX -> [7XX], [700, 710, 711, 720, 730, 740, 751, 752, 753, 754, 758, 760, 762, 765, 767, 770, 772, 773, 774, 775, 776, 777, 780, 785, 786, 787]
1XX$e;7XX$e -> [1XX$e, 7XX$e], [110$e, 111$e, 100$e, 700$e, 710$e, 711$e, 720$e, 751$e, 752$e, 775$e]
082 -> [082], [082]
7XX -> [7XX], [700, 710, 711, 720, 730, 740, 751, 752, 753, 754, 758, 760, 762, 765, 767, 770, 772, 773, 774, 775, 776, 777, 780, 785, 786, 787]
6XX;730;7XX$t;LKR -> [6XX, 730, 7XX$t, LKR], [600, 610, 611, 630, 647, 648, 650, 651, 653, 654, 655, 656, 657, 658, 662, 688, 690, 692, 730, 700$t, 710$t, 711$t, 730$t, 760$t, 762$t, 765$t, 767$t, 770$t, 772$t, 773$t, 774$t, 775$t, 776$t, 777$t, 780$t, 785$t, 786$t, 787$t, LKR]
700$t;710$t;730 -> [700$t, 710$t, 730], [700$t, 710$t, 730]
Tests run: 4, Failures: 0, Errors: 0, Skipped: 0, Time elapsed: 0.009 sec
Running de.gwdg.metadataqa.marc.analysis.ThompsonTraillScoresTest
Tests run: 1, Failures: 0, Errors: 0, Skipped: 0, Time elapsed: 0.001 sec
Running de.gwdg.metadataqa.marc.analysis.AuthorithyAnalyzerTest
Tests run: 1, Failures: 0, Errors: 0, Skipped: 0, Time elapsed: 0.004 sec
Running de.gwdg.metadataqa.marc.analysis.ShelfReadyAnalysisTest
Tests run: 1, Failures: 0, Errors: 0, Skipped: 0, Time elapsed: 0.001 sec
Running de.gwdg.metadataqa.marc.analysis.BLClassifierTest
Jan 17, 2023 10:12:37 PM de.gwdg.metadataqa.marc.analysis.BLClassifier satisfy
INFO: failed for B02 (OBTAIN the item or access to the content using shelfmark or link -- 852;856 -- [852, 856])
Tests run: 1, Failures: 0, Errors: 0, Skipped: 0, Time elapsed: 0.001 sec
Running de.gwdg.metadataqa.marc.analysis.NetworkAnalyzerTest
Tests run: 1, Failures: 0, Errors: 0, Skipped: 0, Time elapsed: 0.001 sec
Running de.gwdg.metadataqa.marc.MarcFactoryTest
Jan 17, 2023 10:12:37 PM de.gwdg.metadataqa.marc.dao.Control007 handleContent
SEVERE: 10615: 007 control field is empty
no definition for 689$2 (value: 'gnd') false false
no definition for 689$2 (value: 'gnd') false false
no definition for 689$2 (value: 'gnd') false false
no definition for 710$9 (value: 'g:Frankfurt am Main') false false
02794cam0 2200709   450 
contentFromUnimarc: '19750228d1974    m  y0frey50      ba'
0/1) 1
#1 6: '750228'
#2 7: '750228s'
#3 11: '750228s1974'
#4 15: '750228s1974    '
16: '750228s1974     '
21: '750228s1974          '
22: '750228s1974          i'
26: '750228s1974          i    '
26: '750228s1974          i    '
30: '750228s1974          i        '
31: '750228s1974          i        r'
33: '750228s1974          i        r  '
toMarc21: '750228s1974          i        r  '
no definition for 689$2 (value: 'gnd') false false
no definition for 689$2 (value: 'gnd') false false
no definition for 689$2 (value: 'gnd') false false
no definition for 710$9 (value: 'g:Frankfurt am Main') false false
Tests run: 9, Failures: 0, Errors: 0, Skipped: 0, Time elapsed: 0.136 sec
Running de.gwdg.metadataqa.marc.MarcRecordTest
java.lang.instrument.IllegalClassFormatException: Error while instrumenting org/marc4j/converter/impl/CodeTableGenerated.
	at org.jacoco.agent.rt.internal_f3994fa.CoverageTransformer.transform(CoverageTransformer.java:94)
	at java.instrument/java.lang.instrument.ClassFileTransformer.transform(ClassFileTransformer.java:246)
	at java.instrument/sun.instrument.TransformerManager.transform(TransformerManager.java:188)
	at java.instrument/sun.instrument.InstrumentationImpl.transform(InstrumentationImpl.java:563)
	at java.base/java.lang.ClassLoader.defineClass1(Native Method)
	at java.base/java.lang.ClassLoader.defineClass(ClassLoader.java:1017)
	at java.base/java.security.SecureClassLoader.defineClass(SecureClassLoader.java:174)
	at java.base/jdk.internal.loader.BuiltinClassLoader.defineClass(BuiltinClassLoader.java:800)
	at java.base/jdk.internal.loader.BuiltinClassLoader.findClassOnClassPathOrNull(BuiltinClassLoader.java:698)
	at java.base/jdk.internal.loader.BuiltinClassLoader.loadClassOrNull(BuiltinClassLoader.java:621)
	at java.base/jdk.internal.loader.BuiltinClassLoader.loadClass(BuiltinClassLoader.java:579)
	at java.base/jdk.internal.loader.ClassLoaders$AppClassLoader.loadClass(ClassLoaders.java:178)
	at java.base/java.lang.ClassLoader.loadClass(ClassLoader.java:522)
	at java.base/java.lang.Class.forName0(Native Method)
	at java.base/java.lang.Class.forName(Class.java:315)
	at org.marc4j.converter.impl.AnselToUnicode.loadGeneratedTable(AnselToUnicode.java:210)
	at org.marc4j.converter.impl.AnselToUnicode.<init>(AnselToUnicode.java:180)
	at org.marc4j.MarcStreamReader.getDataAsString(MarcStreamReader.java:413)
	at org.marc4j.MarcStreamReader.parseRecord(MarcStreamReader.java:246)
	at org.marc4j.MarcStreamReader.next(MarcStreamReader.java:145)
	at de.gwdg.metadataqa.marc.utils.ReadMarc.read(ReadMarc.java:29)
	at de.gwdg.metadataqa.marc.MarcRecordTest.testFromMek(MarcRecordTest.java:142)
	at java.base/jdk.internal.reflect.NativeMethodAccessorImpl.invoke0(Native Method)
	at java.base/jdk.internal.reflect.NativeMethodAccessorImpl.invoke(NativeMethodAccessorImpl.java:62)
	at java.base/jdk.internal.reflect.DelegatingMethodAccessorImpl.invoke(DelegatingMethodAccessorImpl.java:43)
	at java.base/java.lang.reflect.Method.invoke(Method.java:566)
	at org.junit.runners.model.FrameworkMethod$1.runReflectiveCall(FrameworkMethod.java:59)
	at org.junit.internal.runners.model.ReflectiveCallable.run(ReflectiveCallable.java:12)
	at org.junit.runners.model.FrameworkMethod.invokeExplosively(FrameworkMethod.java:56)
	at org.junit.internal.runners.statements.InvokeMethod.evaluate(InvokeMethod.java:17)
	at org.junit.runners.ParentRunner$3.evaluate(ParentRunner.java:306)
	at org.junit.runners.BlockJUnit4ClassRunner$1.evaluate(BlockJUnit4ClassRunner.java:100)
	at org.junit.runners.ParentRunner.runLeaf(ParentRunner.java:366)
	at org.junit.runners.BlockJUnit4ClassRunner.runChild(BlockJUnit4ClassRunner.java:103)
	at org.junit.runners.BlockJUnit4ClassRunner.runChild(BlockJUnit4ClassRunner.java:63)
	at org.junit.runners.ParentRunner$4.run(ParentRunner.java:331)
	at org.junit.runners.ParentRunner$1.schedule(ParentRunner.java:79)
	at org.junit.runners.ParentRunner.runChildren(ParentRunner.java:329)
	at org.junit.runners.ParentRunner.access$100(ParentRunner.java:66)
	at org.junit.runners.ParentRunner$2.evaluate(ParentRunner.java:293)
	at org.junit.runners.ParentRunner$3.evaluate(ParentRunner.java:306)
	at org.junit.runners.ParentRunner.run(ParentRunner.java:413)
	at org.apache.maven.surefire.junit4.JUnit4Provider.execute(JUnit4Provider.java:252)
	at org.apache.maven.surefire.junit4.JUnit4Provider.executeTestSet(JUnit4Provider.java:141)
	at org.apache.maven.surefire.junit4.JUnit4Provider.invoke(JUnit4Provider.java:112)
	at java.base/jdk.internal.reflect.NativeMethodAccessorImpl.invoke0(Native Method)
	at java.base/jdk.internal.reflect.NativeMethodAccessorImpl.invoke(NativeMethodAccessorImpl.java:62)
	at java.base/jdk.internal.reflect.DelegatingMethodAccessorImpl.invoke(DelegatingMethodAccessorImpl.java:43)
	at java.base/java.lang.reflect.Method.invoke(Method.java:566)
	at org.apache.maven.surefire.util.ReflectionUtils.invokeMethodWithArray(ReflectionUtils.java:189)
	at org.apache.maven.surefire.booter.ProviderFactory$ProviderProxy.invoke(ProviderFactory.java:165)
	at org.apache.maven.surefire.booter.ProviderFactory.invokeProvider(ProviderFactory.java:85)
	at org.apache.maven.surefire.booter.ForkedBooter.runSuitesInProcess(ForkedBooter.java:115)
	at org.apache.maven.surefire.booter.ForkedBooter.main(ForkedBooter.java:75)
Caused by: java.io.IOException: Error while instrumenting org/marc4j/converter/impl/CodeTableGenerated.
	at org.jacoco.agent.rt.internal_f3994fa.core.instr.Instrumenter.instrumentError(Instrumenter.java:160)
	at org.jacoco.agent.rt.internal_f3994fa.core.instr.Instrumenter.instrument(Instrumenter.java:110)
	at org.jacoco.agent.rt.internal_f3994fa.CoverageTransformer.transform(CoverageTransformer.java:92)
	... 53 more
Caused by: org.jacoco.agent.rt.internal_f3994fa.asm.MethodTooLargeException: Method too large: org/marc4j/converter/impl/CodeTableGenerated.getMultiByteChar_0x210000_0x214fff (I)C
	at org.jacoco.agent.rt.internal_f3994fa.asm.MethodWriter.computeMethodInfoSize(MethodWriter.java:2087)
	at org.jacoco.agent.rt.internal_f3994fa.asm.ClassWriter.toByteArray(ClassWriter.java:496)
	at org.jacoco.agent.rt.internal_f3994fa.core.instr.Instrumenter.instrument(Instrumenter.java:91)
	at org.jacoco.agent.rt.internal_f3994fa.core.instr.Instrumenter.instrument(Instrumenter.java:108)
	... 54 more
Tests run: 7, Failures: 0, Errors: 0, Skipped: 0, Time elapsed: 0.356 sec
Running de.gwdg.metadataqa.marc.X035aSystemControlNumberTest
Tests run: 2, Failures: 0, Errors: 0, Skipped: 0, Time elapsed: 0.002 sec
Running de.gwdg.metadataqa.marc.MarcIteratorTest
Tests run: 1, Failures: 0, Errors: 0, Skipped: 0, Time elapsed: 0.051 sec
Running de.gwdg.metadataqa.marc.UtilsTest
Tests run: 10, Failures: 0, Errors: 0, Skipped: 0, Time elapsed: 0.002 sec
Running de.gwdg.metadataqa.marc.datastore.MarcSQLiteClientTest
{MarcPath=Leader, instances=1, records=1, typeId=1, id=860, type=undetectable type, message=Leader/06 (typeOfRecord): 'a', Leader/07 (bibliographicLevel): ' ', categoryId=1, url=https://www.loc.gov/marc/bibliographic/bdleader.html}
{MarcPath=880$6, instances=175, records=127, typeId=2, id=56, type=invalid linkage, message=Linkage does not fit the pattern 'nnn-nn[/..][/..]'., categoryId=1, url=https://www.loc.gov/marc/bibliographic/bd880.html}
{MarcPath=880$6, instances=2, records=2, typeId=2, id=881, type=invalid linkage, message=refers to field 945, which is not defined, categoryId=1, url=https://www.loc.gov/marc/bibliographic/bd880.html}
{MarcPath=880$6, instances=1, records=1, typeId=2, id=1337, type=invalid linkage, message=refers to field 696, which is not defined, categoryId=1, url=https://www.loc.gov/marc/bibliographic/bd880.html}
{MarcPath=880$6, instances=1, records=1, typeId=2, id=1016, type=invalid linkage, message=refers to field 899, which is not defined, categoryId=1, url=https://www.loc.gov/marc/bibliographic/bd880.html}
{MarcPath=008/33-34 (008map33), instances=86, records=86, typeId=5, id=1485, type=invalid code, message='|' in '| ', categoryId=2, url=https://www.loc.gov/marc/bibliographic/bd008p.html}
{MarcPath=006/16-17 (006map16), instances=47, records=47, typeId=5, id=1482, type=invalid code, message='0' in '0 ', categoryId=2, url=https://www.loc.gov/marc/bibliographic/bd006.html}
{MarcPath=006/01-04 (006book01), instances=120, records=30, typeId=5, id=418, type=invalid code, message='n' in 'nnnn', categoryId=2, url=https://www.loc.gov/marc/bibliographic/bd006.html}
{MarcPath=008/33-34 (008map33), instances=22, records=22, typeId=5, id=1488, type=invalid code, message='|' in 'r|', categoryId=2, url=https://www.loc.gov/marc/bibliographic/bd008p.html}
{MarcPath=006/01-04 (006book01), instances=54, records=18, typeId=5, id=607, type=invalid code, message='n' in 'nnn ', categoryId=2, url=https://www.loc.gov/marc/bibliographic/bd006.html}
{MarcPath=008/24-29 (008music24), instances=15, records=15, typeId=5, id=1518, type=invalid code, message='0' in '     0', categoryId=2, url=https://www.loc.gov/marc/bibliographic/bd008m.html}
{MarcPath=006/01-04 (006book01), instances=45, records=15, typeId=5, id=659, type=invalid code, message='-' in '--- ', categoryId=2, url=https://www.loc.gov/marc/bibliographic/bd006.html}
{MarcPath=006/01-04 (006book01), instances=26, records=13, typeId=5, id=611, type=invalid code, message='u' in 'uunn', categoryId=2, url=https://www.loc.gov/marc/bibliographic/bd006.html}
{MarcPath=006/01-04 (006book01), instances=26, records=13, typeId=5, id=612, type=invalid code, message='n' in 'uunn', categoryId=2, url=https://www.loc.gov/marc/bibliographic/bd006.html}
{MarcPath=006/01-04 (006book01), instances=14, records=7, typeId=5, id=385, type=invalid code, message='z' in 'zznn', categoryId=2, url=https://www.loc.gov/marc/bibliographic/bd006.html}
{MarcPath=006/01-04 (006book01), instances=14, records=7, typeId=5, id=386, type=invalid code, message='n' in 'zznn', categoryId=2, url=https://www.loc.gov/marc/bibliographic/bd006.html}
{MarcPath=006/01-04 (006book01), instances=12, records=6, typeId=5, id=821, type=invalid code, message='n' in 'munn', categoryId=2, url=https://www.loc.gov/marc/bibliographic/bd006.html}
{MarcPath=006/01-04 (006book01), instances=6, records=6, typeId=5, id=820, type=invalid code, message='u' in 'munn', categoryId=2, url=https://www.loc.gov/marc/bibliographic/bd006.html}
{MarcPath=006/01-04 (006book01), instances=10, records=5, typeId=5, id=793, type=invalid code, message='n' in 'sgnn', categoryId=2, url=https://www.loc.gov/marc/bibliographic/bd006.html}
{MarcPath=006/01-04 (006book01), instances=10, records=5, typeId=5, id=600, type=invalid code, message='n' in '  nn', categoryId=2, url=https://www.loc.gov/marc/bibliographic/bd006.html}
{MarcPath=006/01-04 (006book01), instances=5, records=5, typeId=5, id=792, type=invalid code, message='s' in 'sgnn', categoryId=2, url=https://www.loc.gov/marc/bibliographic/bd006.html}
{MarcPath=008/33-34 (008map33), instances=4, records=4, typeId=5, id=1487, type=invalid code, message='|' in 'o|', categoryId=2, url=https://www.loc.gov/marc/bibliographic/bd008p.html}
{MarcPath=006/01-04 (006book01), instances=8, records=4, typeId=5, id=168, type=invalid code, message='n' in 'fmnn', categoryId=2, url=https://www.loc.gov/marc/bibliographic/bd006.html}
{MarcPath=008/18-21 (008book18), instances=3, records=3, typeId=5, id=507, type=invalid code, message='u' in ' u  ', categoryId=2, url=https://www.loc.gov/marc/bibliographic/bd008b.html}
{MarcPath=008/18-21 (008book18), instances=2, records=2, typeId=5, id=748, type=invalid code, message='r' in 'ar p', categoryId=2, url=https://www.loc.gov/marc/bibliographic/bd008b.html}
{MarcPath=006/01-04 (006book01), instances=2, records=2, typeId=5, id=1136, type=invalid code, message='0' in '024 ', categoryId=2, url=https://www.loc.gov/marc/bibliographic/bd006.html}
{MarcPath=006/01-04 (006book01), instances=4, records=2, typeId=5, id=996, type=invalid code, message='0' in '080 ', categoryId=2, url=https://www.loc.gov/marc/bibliographic/bd006.html}
{MarcPath=006/01-04 (006book01), instances=2, records=2, typeId=5, id=486, type=invalid code, message='3' in '031 ', categoryId=2, url=https://www.loc.gov/marc/bibliographic/bd006.html}
{MarcPath=006/01-04 (006book01), instances=2, records=2, typeId=5, id=997, type=invalid code, message='8' in '080 ', categoryId=2, url=https://www.loc.gov/marc/bibliographic/bd006.html}
{MarcPath=008/30-31 (008music30), instances=4, records=2, typeId=5, id=1519, type=invalid code, message='0' in '00', categoryId=2, url=https://www.loc.gov/marc/bibliographic/bd008m.html}
{MarcPath=008/18-21 (008map18), instances=2, records=2, typeId=5, id=1506, type=invalid code, message='u' in '   u', categoryId=2, url=https://www.loc.gov/marc/bibliographic/bd008p.html}
{MarcPath=006/01-04 (006book01), instances=2, records=2, typeId=5, id=1137, type=invalid code, message='2' in '024 ', categoryId=2, url=https://www.loc.gov/marc/bibliographic/bd006.html}
{MarcPath=006/01-04 (006book01), instances=2, records=2, typeId=5, id=1138, type=invalid code, message='4' in '024 ', categoryId=2, url=https://www.loc.gov/marc/bibliographic/bd006.html}
{MarcPath=006/07-10 (006book07), instances=2, records=2, typeId=5, id=1141, type=invalid code, message='h' in '  h ', categoryId=2, url=https://www.loc.gov/marc/bibliographic/bd006.html}
{MarcPath=006/01-04 (006book01), instances=2, records=2, typeId=5, id=487, type=invalid code, message='1' in '031 ', categoryId=2, url=https://www.loc.gov/marc/bibliographic/bd006.html}
{MarcPath=006/01-04 (006book01), instances=2, records=2, typeId=5, id=485, type=invalid code, message='0' in '031 ', categoryId=2, url=https://www.loc.gov/marc/bibliographic/bd006.html}
{MarcPath=006/01-04 (006book01), instances=1, records=1, typeId=5, id=1471, type=invalid code, message='0' in '045 ', categoryId=2, url=https://www.loc.gov/marc/bibliographic/bd006.html}
{MarcPath=006/01-04 (006book01), instances=1, records=1, typeId=5, id=1081, type=invalid code, message='8' in '038 ', categoryId=2, url=https://www.loc.gov/marc/bibliographic/bd006.html}
/home/gabsko/breaking-updates/target/test-classes/sqlite/test.db
1673993559120
20480
Tests run: 2, Failures: 0, Errors: 0, Skipped: 0, Time elapsed: 1.03 sec
Running de.gwdg.metadataqa.marc.code.StandardIdentifierReaderTest
Tests run: 1, Failures: 0, Errors: 0, Skipped: 0, Time elapsed: 0.005 sec
Running de.gwdg.metadataqa.marc.ValidationErrorTypeTest
Tests run: 5, Failures: 0, Errors: 0, Skipped: 0, Time elapsed: 0.001 sec
Running de.gwdg.metadataqa.marc.ControlPositionTest
Tests run: 4, Failures: 0, Errors: 0, Skipped: 0, Time elapsed: 0.001 sec
Running de.gwdg.metadataqa.marc.dao.Control007Test
Tests run: 13, Failures: 0, Errors: 0, Skipped: 0, Time elapsed: 0.003 sec
Running de.gwdg.metadataqa.marc.dao.Control005Test
Jan 17, 2023 10:12:39 PM de.gwdg.metadataqa.marc.dao.Control005 extractRaw
SEVERE: Bad input for year: 99e2
{005=[20140808010151.9]}
Tests run: 8, Failures: 0, Errors: 0, Skipped: 0, Time elapsed: 0.002 sec
Running de.gwdg.metadataqa.marc.dao.Control003Test
Tests run: 2, Failures: 0, Errors: 0, Skipped: 0, Time elapsed: 0 sec
Running de.gwdg.metadataqa.marc.dao.Control001Test
Tests run: 2, Failures: 0, Errors: 0, Skipped: 0, Time elapsed: 0 sec
Running de.gwdg.metadataqa.marc.dao.LeaderTest
Tests run: 5, Failures: 0, Errors: 0, Skipped: 0, Time elapsed: 0.006 sec
Running de.gwdg.metadataqa.marc.dao.Control006Test
Tests run: 24, Failures: 0, Errors: 0, Skipped: 0, Time elapsed: 0.003 sec
Running de.gwdg.metadataqa.marc.dao.Control008Test
Tests run: 6, Failures: 0, Errors: 0, Skipped: 0, Time elapsed: 0.002 sec
Running de.gwdg.metadataqa.marc.ControlValueTest
Tests run: 4, Failures: 0, Errors: 0, Skipped: 0, Time elapsed: 0 sec
Running de.gwdg.metadataqa.marc.cli.utils.IgnorableFieldsTest
Tests run: 9, Failures: 0, Errors: 0, Skipped: 0, Time elapsed: 0.001 sec
Running de.gwdg.metadataqa.marc.cli.utils.IgnorableRecordsTest
Tests run: 2, Failures: 0, Errors: 0, Skipped: 0, Time elapsed: 0.001 sec
Running de.gwdg.metadataqa.marc.cli.utils.RecordIteratorTest
Tests run: 2, Failures: 0, Errors: 0, Skipped: 0, Time elapsed: 0.155 sec
Running de.gwdg.metadataqa.marc.cli.utils.CollocationTest
Tests run: 10, Failures: 0, Errors: 0, Skipped: 0, Time elapsed: 0.002 sec
Running de.gwdg.metadataqa.marc.cli.NetworkAnalysisTest
Tests run: 1, Failures: 0, Errors: 0, Skipped: 0, Time elapsed: 0 sec
Running de.gwdg.metadataqa.marc.cli.parameters.ThompsonTraillCompletenessParametersTest
Tests run: 7, Failures: 0, Errors: 0, Skipped: 0, Time elapsed: 0.01 sec
Running de.gwdg.metadataqa.marc.cli.parameters.MarcToSolrParametersTest
Tests run: 7, Failures: 0, Errors: 0, Skipped: 0, Time elapsed: 0.001 sec
Running de.gwdg.metadataqa.marc.cli.parameters.FormatterParametersTest
Tests run: 6, Failures: 0, Errors: 0, Skipped: 0, Time elapsed: 0.001 sec
Running de.gwdg.metadataqa.marc.cli.parameters.CommonParametersTest
Tests run: 10, Failures: 0, Errors: 0, Skipped: 0, Time elapsed: 0.002 sec
Running de.gwdg.metadataqa.marc.cli.parameters.ValidatorParametersTest
org.apache.commons.cli.ParseException: Unrecognized ValidationErrorFormat parameter value: 'iso'
	at de.gwdg.metadataqa.marc.cli.parameters.ValidatorParameters.setFormat(ValidatorParameters.java:111)
	at de.gwdg.metadataqa.marc.cli.parameters.ValidatorParameters.<init>(ValidatorParameters.java:55)
	at de.gwdg.metadataqa.marc.cli.parameters.ValidatorParametersTest.testInValidFormat(ValidatorParametersTest.java:112)
	at java.base/jdk.internal.reflect.NativeMethodAccessorImpl.invoke0(Native Method)
	at java.base/jdk.internal.reflect.NativeMethodAccessorImpl.invoke(NativeMethodAccessorImpl.java:62)
	at java.base/jdk.internal.reflect.DelegatingMethodAccessorImpl.invoke(DelegatingMethodAccessorImpl.java:43)
	at java.base/java.lang.reflect.Method.invoke(Method.java:566)
	at org.junit.runners.model.FrameworkMethod$1.runReflectiveCall(FrameworkMethod.java:59)
	at org.junit.internal.runners.model.ReflectiveCallable.run(ReflectiveCallable.java:12)
	at org.junit.runners.model.FrameworkMethod.invokeExplosively(FrameworkMethod.java:56)
	at org.junit.internal.runners.statements.InvokeMethod.evaluate(InvokeMethod.java:17)
	at org.junit.runners.ParentRunner$3.evaluate(ParentRunner.java:306)
	at org.junit.runners.BlockJUnit4ClassRunner$1.evaluate(BlockJUnit4ClassRunner.java:100)
	at org.junit.runners.ParentRunner.runLeaf(ParentRunner.java:366)
	at org.junit.runners.BlockJUnit4ClassRunner.runChild(BlockJUnit4ClassRunner.java:103)
	at org.junit.runners.BlockJUnit4ClassRunner.runChild(BlockJUnit4ClassRunner.java:63)
	at org.junit.runners.ParentRunner$4.run(ParentRunner.java:331)
	at org.junit.runners.ParentRunner$1.schedule(ParentRunner.java:79)
	at org.junit.runners.ParentRunner.runChildren(ParentRunner.java:329)
	at org.junit.runners.ParentRunner.access$100(ParentRunner.java:66)
	at org.junit.runners.ParentRunner$2.evaluate(ParentRunner.java:293)
	at org.junit.runners.ParentRunner$3.evaluate(ParentRunner.java:306)
	at org.junit.runners.ParentRunner.run(ParentRunner.java:413)
	at org.apache.maven.surefire.junit4.JUnit4Provider.execute(JUnit4Provider.java:252)
	at org.apache.maven.surefire.junit4.JUnit4Provider.executeTestSet(JUnit4Provider.java:141)
	at org.apache.maven.surefire.junit4.JUnit4Provider.invoke(JUnit4Provider.java:112)
	at java.base/jdk.internal.reflect.NativeMethodAccessorImpl.invoke0(Native Method)
	at java.base/jdk.internal.reflect.NativeMethodAccessorImpl.invoke(NativeMethodAccessorImpl.java:62)
	at java.base/jdk.internal.reflect.DelegatingMethodAccessorImpl.invoke(DelegatingMethodAccessorImpl.java:43)
	at java.base/java.lang.reflect.Method.invoke(Method.java:566)
	at org.apache.maven.surefire.util.ReflectionUtils.invokeMethodWithArray(ReflectionUtils.java:189)
	at org.apache.maven.surefire.booter.ProviderFactory$ProviderProxy.invoke(ProviderFactory.java:165)
	at org.apache.maven.surefire.booter.ProviderFactory.invokeProvider(ProviderFactory.java:85)
	at org.apache.maven.surefire.booter.ForkedBooter.runSuitesInProcess(ForkedBooter.java:115)
	at org.apache.maven.surefire.booter.ForkedBooter.main(ForkedBooter.java:75)
Tests run: 8, Failures: 0, Errors: 0, Skipped: 0, Time elapsed: 0.002 sec
Running de.gwdg.metadataqa.marc.cli.CompletenessTest
general
030: 3
020: 2
010: 1
specific
110: 1
130: 3
120: 2
1 Larry
2 Steve
3 James
Tests run: 3, Failures: 0, Errors: 0, Skipped: 0, Time elapsed: 0.001 sec
Running de.gwdg.metadataqa.marc.cli.ClassificationAnalysisTest
Jan 17, 2023 10:12:39 PM de.gwdg.metadataqa.marc.cli.utils.RecordIterator start
INFO: marcVersion: GENT, Universiteitsbibliotheek Gent
Jan 17, 2023 10:12:39 PM de.gwdg.metadataqa.marc.cli.utils.RecordIterator processFile
INFO: processing: alephseq-example3.txt
Jan 17, 2023 10:12:39 PM de.gwdg.metadataqa.marc.cli.utils.RecordIterator processFile
INFO: Finished processing file. Processed 1 records.
Jan 17, 2023 10:12:39 PM de.gwdg.metadataqa.marc.cli.ClassificationAnalysis printClassificationsCollocation
INFO: total: 1
Jan 17, 2023 10:12:39 PM de.gwdg.metadataqa.marc.cli.utils.RecordIterator start
INFO: Bye! It took: 00:00
Jan 17, 2023 10:12:39 PM de.gwdg.metadataqa.marc.cli.utils.RecordIterator start
INFO: marcVersion: GENT, Universiteitsbibliotheek Gent
Jan 17, 2023 10:12:39 PM de.gwdg.metadataqa.marc.cli.utils.RecordIterator processFile
INFO: processing: alephseq-example3.txt
Jan 17, 2023 10:12:39 PM de.gwdg.metadataqa.marc.cli.utils.RecordIterator processFile
INFO: Finished processing file. Processed 1 records.
Jan 17, 2023 10:12:39 PM de.gwdg.metadataqa.marc.cli.ClassificationAnalysis printClassificationsCollocation
INFO: total: 1
Jan 17, 2023 10:12:39 PM de.gwdg.metadataqa.marc.cli.utils.RecordIterator start
INFO: Bye! It took: 00:00
Tests run: 3, Failures: 0, Errors: 0, Skipped: 0, Time elapsed: 0.013 sec
Running de.gwdg.metadataqa.marc.cli.IndexingTest
Tests run: 3, Failures: 0, Errors: 0, Skipped: 0, Time elapsed: 0.002 sec
Running de.gwdg.metadataqa.marc.cli.CliTestUtilsTest
Tests run: 2, Failures: 0, Errors: 0, Skipped: 0, Time elapsed: 0 sec
Running de.gwdg.metadataqa.marc.cli.FunctionalAnalysisTest
[main] INFO org.reflections.Reflections - Reflections took 28 ms to scan 2 urls, producing 4 keys and 523 values 
Covered elements: 1831
Uncovered elements: 1520
Jan 17, 2023 10:12:39 PM de.gwdg.metadataqa.marc.cli.FunctionalAnalysis <init>
INFO: {DiscoverySelect=348, UseOperate=63, ManagementProcess=545, ManagementSort=26, DiscoverySearch=464, UseRestrict=24, UseInterpret=118, DiscoveryIdentify=968, ManagementDisplay=80, UseManage=103, ManagementIdentify=491, DiscoveryObtain=454}
Tests run: 1, Failures: 0, Errors: 0, Skipped: 0, Time elapsed: 0.041 sec
Running de.gwdg.metadataqa.marc.MarcJsonCalculatorTest
Tests run: 1, Failures: 0, Errors: 0, Skipped: 0, Time elapsed: 0.006 sec
Running de.gwdg.metadataqa.marc.ValidationErrorTest
432988793
Tests run: 4, Failures: 0, Errors: 0, Skipped: 0, Time elapsed: 0 sec
Running de.gwdg.metadataqa.marc.EncodedValueTest
Tests run: 7, Failures: 0, Errors: 0, Skipped: 0, Time elapsed: 0 sec

Results :

Tests run: 726, Failures: 0, Errors: 0, Skipped: 0

[INFO] ------------------------------------------------------------------------
[INFO] BUILD SUCCESS
[INFO] ------------------------------------------------------------------------
[INFO] Total time:  11.012 s
[INFO] Finished at: 2023-01-17T22:12:39Z
[INFO] ------------------------------------------------------------------------
