[INFO] Scanning for projects...
[WARNING] 
[WARNING] Some problems were encountered while building the effective model for org.asteriskjava:asterisk-java:jar:3.31.0
[WARNING] 'version' contains an expression but should be a constant. @ org.asteriskjava:asterisk-java:${releaseVersion}, /home/gabsko/breaking-updates/pom.xml, line 7, column 14
[WARNING] 
[WARNING] It is highly recommended to fix these problems because they threaten the stability of your build.
[WARNING] 
[WARNING] For this reason, future Maven versions might no longer support building such malformed projects.
[WARNING] 
[INFO] 
[INFO] -------------------< org.asteriskjava:asterisk-java >-------------------
[INFO] Building Asterisk-Java 3.31.0
[INFO] --------------------------------[ jar ]---------------------------------
[INFO] Downloading from central: https://repo.maven.apache.org/maven2/ch/qos/logback/logback-core/1.4.3/logback-core-1.4.3.jar
[INFO] Downloaded from central: https://repo.maven.apache.org/maven2/ch/qos/logback/logback-core/1.4.3/logback-core-1.4.3.jar (577 kB at 1.6 MB/s)
[INFO] 
[INFO] --- maven-clean-plugin:2.5:clean (default-clean) @ asterisk-java ---
[INFO] Deleting /home/gabsko/breaking-updates/target
[INFO] 
[INFO] --- maven-resources-plugin:2.6:resources (default-resources) @ asterisk-java ---
[INFO] Using 'UTF-8' encoding to copy filtered resources.
[INFO] skip non existing resourceDirectory /home/gabsko/breaking-updates/src/main/resources
[INFO] 
[INFO] --- maven-compiler-plugin:3.2:compile (default-compile) @ asterisk-java ---
[INFO] Changes detected - recompiling the module!
[INFO] Compiling 766 source files to /home/gabsko/breaking-updates/target/classes
[INFO] /home/gabsko/breaking-updates/src/main/java/org/asteriskjava/fastagi/AbstractAgiServer.java: Some input files use or override a deprecated API.
[INFO] /home/gabsko/breaking-updates/src/main/java/org/asteriskjava/fastagi/AbstractAgiServer.java: Recompile with -Xlint:deprecation for details.
[INFO] 
[INFO] --- bnd-maven-plugin:3.2.0:bnd-process (default) @ asterisk-java ---
[INFO] 
[INFO] --- maven-resources-plugin:2.6:testResources (default-testResources) @ asterisk-java ---
[INFO] Using 'UTF-8' encoding to copy filtered resources.
[INFO] Copying 6 resources
[INFO] 
[INFO] --- maven-compiler-plugin:3.2:testCompile (default-testCompile) @ asterisk-java ---
[INFO] Changes detected - recompiling the module!
[INFO] Compiling 108 source files to /home/gabsko/breaking-updates/target/test-classes
[INFO] /home/gabsko/breaking-updates/src/test/java/org/asteriskjava/manager/internal/ManagerReaderImplTest.java: Some input files use or override a deprecated API.
[INFO] /home/gabsko/breaking-updates/src/test/java/org/asteriskjava/manager/internal/ManagerReaderImplTest.java: Recompile with -Xlint:deprecation for details.
[INFO] 
[INFO] --- maven-surefire-plugin:3.0.0-M4:test (default-test) @ asterisk-java ---
[INFO] 
[INFO] -------------------------------------------------------
[INFO]  T E S T S
[INFO] -------------------------------------------------------
[INFO] Running org.asteriskjava.config.ConfigFileParserTest
[INFO] Tests run: 4, Failures: 0, Errors: 0, Skipped: 0, Time elapsed: 0.033 s - in org.asteriskjava.config.ConfigFileParserTest
[INFO] Running org.asteriskjava.live.CallerIdTest
[INFO] Tests run: 7, Failures: 0, Errors: 0, Skipped: 0, Time elapsed: 0.005 s - in org.asteriskjava.live.CallerIdTest
[INFO] Running org.asteriskjava.live.HangupCauseTest
[INFO] Tests run: 1, Failures: 0, Errors: 0, Skipped: 0, Time elapsed: 0.001 s - in org.asteriskjava.live.HangupCauseTest
[INFO] Running org.asteriskjava.live.QueueMemberStateTest
[INFO] Tests run: 2, Failures: 0, Errors: 0, Skipped: 0, Time elapsed: 0.002 s - in org.asteriskjava.live.QueueMemberStateTest
[INFO] Running org.asteriskjava.live.internal.AsteriskQueueMemberImplTest
[INFO] Tests run: 1, Failures: 0, Errors: 0, Skipped: 0, Time elapsed: 0.151 s - in org.asteriskjava.live.internal.AsteriskQueueMemberImplTest
[INFO] Running org.asteriskjava.live.internal.AsteriskChannelImplTest
[INFO] Tests run: 1, Failures: 0, Errors: 0, Skipped: 0, Time elapsed: 0.003 s - in org.asteriskjava.live.internal.AsteriskChannelImplTest
[INFO] Running org.asteriskjava.live.internal.AsteriskAgentImplTest
[INFO] Tests run: 1, Failures: 0, Errors: 0, Skipped: 0, Time elapsed: 0.001 s - in org.asteriskjava.live.internal.AsteriskAgentImplTest
[INFO] Running org.asteriskjava.fastagi.ClassNameMappingStrategyTest
[INFO] Tests run: 2, Failures: 0, Errors: 0, Skipped: 0, Time elapsed: 0.003 s - in org.asteriskjava.fastagi.ClassNameMappingStrategyTest
[INFO] Running org.asteriskjava.fastagi.ResourceBundleMappingStrategyTest
00:33:23.648 [main] INFO  o.a.f.ResourceBundleMappingStrategy - Added mapping for 'hello.agi' to class org.asteriskjava.fastagi.HelloAgiScript
00:33:23.650 [main] INFO  o.a.f.ResourceBundleMappingStrategy - Added mapping for 'string.agi' to class java.lang.String
00:33:23.650 [main] INFO  o.a.f.ResourceBundleMappingStrategy - Added mapping for 'nonexisting.agi' to class org.asteriskjava.fastagi.NonExistingAgiScript
00:33:23.651 [main] INFO  o.a.f.ResourceBundleMappingStrategy - Resource bundle 'net.sf.asterisk.fastagi.unavailable' not found.
00:33:23.652 [main] INFO  o.a.f.ResourceBundleMappingStrategy - Added mapping for 'hello.agi' to class org.asteriskjava.fastagi.HelloAgiScript
00:33:23.652 [main] WARN  o.a.f.ResourceBundleMappingStrategy - Unable to create AgiScript instance of type java.lang.String: Class does not implement the AgiScript interface
[INFO] Tests run: 3, Failures: 0, Errors: 0, Skipped: 0, Time elapsed: 0.009 s - in org.asteriskjava.fastagi.ResourceBundleMappingStrategyTest
[INFO] Running org.asteriskjava.fastagi.ScriptEngineMappingStrategyTest
[INFO] Tests run: 3, Failures: 0, Errors: 0, Skipped: 0, Time elapsed: 0.002 s - in org.asteriskjava.fastagi.ScriptEngineMappingStrategyTest
[INFO] Running org.asteriskjava.fastagi.DefaultAgiServerTest
[INFO] Tests run: 4, Failures: 0, Errors: 0, Skipped: 0, Time elapsed: 0.008 s - in org.asteriskjava.fastagi.DefaultAgiServerTest
[INFO] Running org.asteriskjava.fastagi.command.AbstractAgiCommandTest
00:33:23.705 [main] WARN  o.a.f.command.AbstractAgiCommand - Asterisk Version isn't known, returning 1.4
[INFO] Tests run: 11, Failures: 0, Errors: 0, Skipped: 0, Time elapsed: 0.041 s - in org.asteriskjava.fastagi.command.AbstractAgiCommandTest
[INFO] Running org.asteriskjava.fastagi.command.ControlStreamFileCommandTest
[INFO] Tests run: 5, Failures: 0, Errors: 0, Skipped: 0, Time elapsed: 0.003 s - in org.asteriskjava.fastagi.command.ControlStreamFileCommandTest
[INFO] Running org.asteriskjava.fastagi.command.DatabasePutCommandTest
[INFO] Tests run: 1, Failures: 0, Errors: 0, Skipped: 0, Time elapsed: 0.001 s - in org.asteriskjava.fastagi.command.DatabasePutCommandTest
[INFO] Running org.asteriskjava.fastagi.command.NoopCommandTest
[INFO] Tests run: 1, Failures: 0, Errors: 0, Skipped: 0, Time elapsed: 0.001 s - in org.asteriskjava.fastagi.command.NoopCommandTest
[INFO] Running org.asteriskjava.fastagi.command.AnswerCommandTest
[INFO] Tests run: 1, Failures: 0, Errors: 0, Skipped: 0, Time elapsed: 0.001 s - in org.asteriskjava.fastagi.command.AnswerCommandTest
[INFO] Running org.asteriskjava.fastagi.command.SpeechUnloadGrammarCommandTest
[INFO] Tests run: 1, Failures: 0, Errors: 0, Skipped: 0, Time elapsed: 0.001 s - in org.asteriskjava.fastagi.command.SpeechUnloadGrammarCommandTest
[INFO] Running org.asteriskjava.fastagi.command.SayAlphaCommandTest
[INFO] Tests run: 2, Failures: 0, Errors: 0, Skipped: 0, Time elapsed: 0.001 s - in org.asteriskjava.fastagi.command.SayAlphaCommandTest
[INFO] Running org.asteriskjava.fastagi.command.ExecCommandTest
[INFO] Tests run: 5, Failures: 0, Errors: 0, Skipped: 0, Time elapsed: 0.003 s - in org.asteriskjava.fastagi.command.ExecCommandTest
[INFO] Running org.asteriskjava.fastagi.command.SayNumberCommandTest
[INFO] Tests run: 2, Failures: 0, Errors: 0, Skipped: 0, Time elapsed: 0.002 s - in org.asteriskjava.fastagi.command.SayNumberCommandTest
[INFO] Running org.asteriskjava.fastagi.command.SpeechDeactivateGrammarCommandTest
[INFO] Tests run: 1, Failures: 0, Errors: 0, Skipped: 0, Time elapsed: 0.001 s - in org.asteriskjava.fastagi.command.SpeechDeactivateGrammarCommandTest
[INFO] Running org.asteriskjava.fastagi.command.DatabaseDelCommandTest
[INFO] Tests run: 2, Failures: 0, Errors: 0, Skipped: 0, Time elapsed: 0.001 s - in org.asteriskjava.fastagi.command.DatabaseDelCommandTest
[INFO] Running org.asteriskjava.fastagi.command.ConfbridgeCommandTest
00:33:23.733 [main] WARN  o.a.f.command.AbstractAgiCommand - Asterisk Version isn't known, returning 1.4
[INFO] Tests run: 2, Failures: 0, Errors: 0, Skipped: 0, Time elapsed: 0.002 s - in org.asteriskjava.fastagi.command.ConfbridgeCommandTest
[INFO] Running org.asteriskjava.fastagi.command.AsyncAgiBreakCommandTest
[INFO] Tests run: 1, Failures: 0, Errors: 0, Skipped: 0, Time elapsed: 0 s - in org.asteriskjava.fastagi.command.AsyncAgiBreakCommandTest
[INFO] Running org.asteriskjava.fastagi.command.SetMusicOffCommandTest
[INFO] Tests run: 1, Failures: 0, Errors: 0, Skipped: 0, Time elapsed: 0.001 s - in org.asteriskjava.fastagi.command.SetMusicOffCommandTest
[INFO] Running org.asteriskjava.fastagi.command.SetAutoHangupCommandTest
[INFO] Tests run: 1, Failures: 0, Errors: 0, Skipped: 0, Time elapsed: 0.001 s - in org.asteriskjava.fastagi.command.SetAutoHangupCommandTest
[INFO] Running org.asteriskjava.fastagi.command.SpeechLoadGrammarCommandTest
[INFO] Tests run: 1, Failures: 0, Errors: 0, Skipped: 0, Time elapsed: 0.008 s - in org.asteriskjava.fastagi.command.SpeechLoadGrammarCommandTest
[INFO] Running org.asteriskjava.fastagi.command.ReceiveCharCommandTest
[INFO] Tests run: 2, Failures: 0, Errors: 0, Skipped: 0, Time elapsed: 0.003 s - in org.asteriskjava.fastagi.command.ReceiveCharCommandTest
[INFO] Running org.asteriskjava.fastagi.command.SetPriorityCommandTest
[INFO] Tests run: 1, Failures: 0, Errors: 0, Skipped: 0, Time elapsed: 0.003 s - in org.asteriskjava.fastagi.command.SetPriorityCommandTest
[INFO] Running org.asteriskjava.fastagi.command.MeetmeCommandTest
[INFO] Tests run: 2, Failures: 0, Errors: 0, Skipped: 0, Time elapsed: 0.003 s - in org.asteriskjava.fastagi.command.MeetmeCommandTest
[INFO] Running org.asteriskjava.fastagi.command.SpeechActivateGrammarCommandTest
[INFO] Tests run: 1, Failures: 0, Errors: 0, Skipped: 0, Time elapsed: 0.002 s - in org.asteriskjava.fastagi.command.SpeechActivateGrammarCommandTest
[INFO] Running org.asteriskjava.fastagi.command.SetMusicOnCommandTest
[INFO] Tests run: 2, Failures: 0, Errors: 0, Skipped: 0, Time elapsed: 0.003 s - in org.asteriskjava.fastagi.command.SetMusicOnCommandTest
[INFO] Running org.asteriskjava.fastagi.command.QueueCommandTest
[INFO] Tests run: 1, Failures: 0, Errors: 0, Skipped: 0, Time elapsed: 0.003 s - in org.asteriskjava.fastagi.command.QueueCommandTest
[INFO] Running org.asteriskjava.fastagi.command.DatabaseGetCommandTest
[INFO] Tests run: 1, Failures: 0, Errors: 0, Skipped: 0, Time elapsed: 0.002 s - in org.asteriskjava.fastagi.command.DatabaseGetCommandTest
[INFO] Running org.asteriskjava.fastagi.command.SayTimeCommandTest
[INFO] Tests run: 2, Failures: 0, Errors: 0, Skipped: 0, Time elapsed: 0.004 s - in org.asteriskjava.fastagi.command.SayTimeCommandTest
[INFO] Running org.asteriskjava.fastagi.command.GetFullVariableCommandTest
[INFO] Tests run: 2, Failures: 0, Errors: 0, Skipped: 0, Time elapsed: 0.003 s - in org.asteriskjava.fastagi.command.GetFullVariableCommandTest
[INFO] Running org.asteriskjava.fastagi.command.SendTextCommandTest
[INFO] Tests run: 1, Failures: 0, Errors: 0, Skipped: 0, Time elapsed: 0.002 s - in org.asteriskjava.fastagi.command.SendTextCommandTest
[INFO] Running org.asteriskjava.fastagi.command.SpeechSetCommandTest
[INFO] Tests run: 1, Failures: 0, Errors: 0, Skipped: 0, Time elapsed: 0.002 s - in org.asteriskjava.fastagi.command.SpeechSetCommandTest
[INFO] Running org.asteriskjava.fastagi.command.DatabaseDelTreeCommandTest
[INFO] Tests run: 2, Failures: 0, Errors: 0, Skipped: 0, Time elapsed: 0.003 s - in org.asteriskjava.fastagi.command.DatabaseDelTreeCommandTest
[INFO] Running org.asteriskjava.fastagi.command.SpeechDestroyCommandTest
[INFO] Tests run: 1, Failures: 0, Errors: 0, Skipped: 0, Time elapsed: 0.001 s - in org.asteriskjava.fastagi.command.SpeechDestroyCommandTest
[INFO] Running org.asteriskjava.fastagi.command.GosubCommandTest
[INFO] Tests run: 2, Failures: 0, Errors: 0, Skipped: 0, Time elapsed: 0.003 s - in org.asteriskjava.fastagi.command.GosubCommandTest
[INFO] Running org.asteriskjava.fastagi.command.TddModeCommandTest
[INFO] Tests run: 1, Failures: 0, Errors: 0, Skipped: 0, Time elapsed: 0.001 s - in org.asteriskjava.fastagi.command.TddModeCommandTest
[INFO] Running org.asteriskjava.fastagi.command.GetOptionCommandTest
[INFO] Tests run: 2, Failures: 0, Errors: 0, Skipped: 0, Time elapsed: 0.002 s - in org.asteriskjava.fastagi.command.GetOptionCommandTest
[INFO] Running org.asteriskjava.fastagi.command.BridgeCommandTest
[INFO] Tests run: 2, Failures: 0, Errors: 0, Skipped: 0, Time elapsed: 0.001 s - in org.asteriskjava.fastagi.command.BridgeCommandTest
[INFO] Running org.asteriskjava.fastagi.command.RecordFileCommandTest
[INFO] Tests run: 2, Failures: 0, Errors: 0, Skipped: 0, Time elapsed: 0.001 s - in org.asteriskjava.fastagi.command.RecordFileCommandTest
[INFO] Running org.asteriskjava.fastagi.command.SayDateTimeCommandTest
[INFO] Tests run: 4, Failures: 0, Errors: 0, Skipped: 0, Time elapsed: 0.003 s - in org.asteriskjava.fastagi.command.SayDateTimeCommandTest
[INFO] Running org.asteriskjava.fastagi.command.SpeechRecognizeCommandTest
[INFO] Tests run: 2, Failures: 0, Errors: 0, Skipped: 0, Time elapsed: 0.001 s - in org.asteriskjava.fastagi.command.SpeechRecognizeCommandTest
[INFO] Running org.asteriskjava.fastagi.command.SayPhoneticCommandTest
[INFO] Tests run: 2, Failures: 0, Errors: 0, Skipped: 0, Time elapsed: 0.001 s - in org.asteriskjava.fastagi.command.SayPhoneticCommandTest
[INFO] Running org.asteriskjava.fastagi.command.StreamFileCommandTest
[INFO] Tests run: 3, Failures: 0, Errors: 0, Skipped: 0, Time elapsed: 0.002 s - in org.asteriskjava.fastagi.command.StreamFileCommandTest
[INFO] Running org.asteriskjava.fastagi.command.SpeechCreateCommandTest
[INFO] Tests run: 1, Failures: 0, Errors: 0, Skipped: 0, Time elapsed: 0.001 s - in org.asteriskjava.fastagi.command.SpeechCreateCommandTest
[INFO] Running org.asteriskjava.fastagi.command.SetVariableCommandTest
[INFO] Tests run: 1, Failures: 0, Errors: 0, Skipped: 0, Time elapsed: 0.001 s - in org.asteriskjava.fastagi.command.SetVariableCommandTest
[INFO] Running org.asteriskjava.fastagi.command.ChannelStatusCommandTest
[INFO] Tests run: 2, Failures: 0, Errors: 0, Skipped: 0, Time elapsed: 0.001 s - in org.asteriskjava.fastagi.command.ChannelStatusCommandTest
[INFO] Running org.asteriskjava.fastagi.command.WaitForDigitCommandTest
[INFO] Tests run: 2, Failures: 0, Errors: 0, Skipped: 0, Time elapsed: 0.001 s - in org.asteriskjava.fastagi.command.WaitForDigitCommandTest
[INFO] Running org.asteriskjava.fastagi.command.SayDigitsCommandTest
[INFO] Tests run: 2, Failures: 0, Errors: 0, Skipped: 0, Time elapsed: 0.001 s - in org.asteriskjava.fastagi.command.SayDigitsCommandTest
[INFO] Running org.asteriskjava.fastagi.command.GetDataCommandTest
[INFO] Tests run: 6, Failures: 0, Errors: 0, Skipped: 0, Time elapsed: 0.035 s - in org.asteriskjava.fastagi.command.GetDataCommandTest
[INFO] Running org.asteriskjava.fastagi.command.SetContextCommandTest
[INFO] Tests run: 1, Failures: 0, Errors: 0, Skipped: 0, Time elapsed: 0.001 s - in org.asteriskjava.fastagi.command.SetContextCommandTest
[INFO] Running org.asteriskjava.fastagi.command.SetCallerIdCommandTest
[INFO] Tests run: 1, Failures: 0, Errors: 0, Skipped: 0, Time elapsed: 0.001 s - in org.asteriskjava.fastagi.command.SetCallerIdCommandTest
[INFO] Running org.asteriskjava.fastagi.command.SetExtensionCommandTest
[INFO] Tests run: 1, Failures: 0, Errors: 0, Skipped: 0, Time elapsed: 0.001 s - in org.asteriskjava.fastagi.command.SetExtensionCommandTest
[INFO] Running org.asteriskjava.fastagi.command.SendImageCommandTest
[INFO] Tests run: 1, Failures: 0, Errors: 0, Skipped: 0, Time elapsed: 0 s - in org.asteriskjava.fastagi.command.SendImageCommandTest
[INFO] Running org.asteriskjava.fastagi.command.VerboseCommandTest
[INFO] Tests run: 1, Failures: 0, Errors: 0, Skipped: 0, Time elapsed: 0 s - in org.asteriskjava.fastagi.command.VerboseCommandTest
[INFO] Running org.asteriskjava.fastagi.command.DialCommandTest
00:33:23.892 [main] WARN  o.a.f.command.AbstractAgiCommand - Asterisk Version isn't known, returning 1.4
00:33:23.892 [main] INFO  o.a.fastagi.command.DialCommand - EXEC "dial" "PJSIP/alice"|"30"|"c"
00:33:23.893 [main] INFO  o.a.fastagi.command.DialCommand - EXEC "dial" "PJSIP/alice","30","c"
[INFO] Tests run: 2, Failures: 0, Errors: 0, Skipped: 0, Time elapsed: 0.001 s - in org.asteriskjava.fastagi.command.DialCommandTest
[INFO] Running org.asteriskjava.fastagi.command.HangupCommandTest
[INFO] Tests run: 2, Failures: 0, Errors: 0, Skipped: 0, Time elapsed: 0.002 s - in org.asteriskjava.fastagi.command.HangupCommandTest
[INFO] Running org.asteriskjava.fastagi.command.ReceiveTextCommandTest
[INFO] Tests run: 2, Failures: 0, Errors: 0, Skipped: 0, Time elapsed: 0.001 s - in org.asteriskjava.fastagi.command.ReceiveTextCommandTest
[INFO] Running org.asteriskjava.fastagi.internal.AgiChannelImplTest
00:33:24.161 [main] WARN  o.a.fastagi.internal.AgiChannelImpl - Request is null, I assume you're testing...
00:33:24.164 [main] WARN  o.a.fastagi.internal.AgiChannelImpl - Request is null, I assume you're testing...
00:33:24.165 [main] WARN  o.a.fastagi.internal.AgiChannelImpl - Request is null, I assume you're testing...
[INFO] Tests run: 3, Failures: 0, Errors: 0, Skipped: 0, Time elapsed: 0.268 s - in org.asteriskjava.fastagi.internal.AgiChannelImplTest
[INFO] Running org.asteriskjava.fastagi.internal.AgiRequestImplTest
[INFO] Tests run: 24, Failures: 0, Errors: 0, Skipped: 0, Time elapsed: 0.01 s - in org.asteriskjava.fastagi.internal.AgiRequestImplTest
[INFO] Running org.asteriskjava.fastagi.internal.AgiReaderImplTest
[INFO] Tests run: 5, Failures: 0, Errors: 0, Skipped: 0, Time elapsed: 0.021 s - in org.asteriskjava.fastagi.internal.AgiReaderImplTest
[INFO] Running org.asteriskjava.fastagi.internal.AgiWriterImplTest
[INFO] Tests run: 1, Failures: 0, Errors: 0, Skipped: 0, Time elapsed: 0.004 s - in org.asteriskjava.fastagi.internal.AgiWriterImplTest
[INFO] Running org.asteriskjava.fastagi.internal.AgiReplyImplTest
[INFO] Tests run: 12, Failures: 0, Errors: 0, Skipped: 0, Time elapsed: 0.005 s - in org.asteriskjava.fastagi.internal.AgiReplyImplTest
[INFO] Running org.asteriskjava.fastagi.CompositeMappingStrategyTest
00:33:24.209 [main] INFO  o.a.f.ResourceBundleMappingStrategy - Added mapping for 'hello.agi' to class org.asteriskjava.fastagi.HelloAgiScript
00:33:24.209 [main] WARN  o.a.f.ResourceBundleMappingStrategy - Unable to create AgiScript instance of type java.lang.String: Class does not implement the AgiScript interface
00:33:24.210 [main] INFO  o.a.f.ResourceBundleMappingStrategy - Added mapping for 'hello.agi' to class org.asteriskjava.fastagi.HelloAgiScript
00:33:24.210 [main] WARN  o.a.f.ResourceBundleMappingStrategy - Unable to create AgiScript instance of type java.lang.String: Class does not implement the AgiScript interface
[INFO] Tests run: 2, Failures: 0, Errors: 0, Skipped: 0, Time elapsed: 0.002 s - in org.asteriskjava.fastagi.CompositeMappingStrategyTest
[INFO] Running org.asteriskjava.util.AstUtilTest
[INFO] Tests run: 7, Failures: 0, Errors: 0, Skipped: 0, Time elapsed: 0.002 s - in org.asteriskjava.util.AstUtilTest
[INFO] Running org.asteriskjava.util.DateUtilTest
[INFO] Tests run: 2, Failures: 0, Errors: 0, Skipped: 0, Time elapsed: 0.017 s - in org.asteriskjava.util.DateUtilTest
[INFO] Running org.asteriskjava.util.internal.streamreader.FastScannerDeterministicTest

Testing scanner class: class org.asteriskjava.util.internal.streamreader.FastScannerCrNl
Done

L: agi_network: yes 16
L: agi_network_script: route?targ=7601&ctx=Pre-Handset 51
L: agi_request: agi://10.10.0.41/route?targ=7601&ctx=Pre-Handset 61
L: agi_channel: Local/7610@default-2df1,1 38
L: agi_language: en 16
L: agi_type: Local 15
L: agi_uniqueid: 1530169476.16133 30
L: agi_callerid: unknown 21
L: agi_calleridname: unknown 25
L: agi_callingpres: 0 18
L: agi_callingani2: 0 18
L: agi_callington: 0 17
L: agi_callingtns: 0 17
L: agi_dnid: unknown 17
L: agi_rdnis: unknown 18
L: agi_context: routesv2-handset 29
L: agi_extension: 7601 19
L: agi_priority: 1 15
L: agi_enhanced: 0.0 17
L: agi_accountcode:  17
L:  0
L: 200 result=0 12
L: 200 result=1 () 15
L: 200 result=0 12
L: 200 result=1 12
L: 200 result=0 12
L: 200 result=0 12
L: 200 result=0 12
L: 200 result=0 12
L: 200 result=1 () 15
L: 200 result=1 12

Testing scanner class: class org.asteriskjava.util.internal.streamreader.FastScannerNl
Done

[INFO] Tests run: 3, Failures: 0, Errors: 0, Skipped: 0, Time elapsed: 0.039 s - in org.asteriskjava.util.internal.streamreader.FastScannerDeterministicTest
[INFO] Running org.asteriskjava.util.internal.streamreader.FastScannerSpeedTest
Scanner 9:	51380	216 ms
Scanner 8:	51380	160 ms
Scanner 7:	51380	198 ms
Scanner 6:	51380	231 ms
Scanner 5:	51380	216 ms
Scanner 4:	51380	176 ms
Scanner 3:	51380	177 ms
Scanner 2:	51380	177 ms
Scanner 1:	51380	181 ms
Scanner 0:	51380	162 ms

Testing fast CrNlStream
Fast 9:	51100	79 ms
Fast 8:	51100	34 ms
Fast 7:	51100	49 ms
Fast 6:	51100	34 ms
Fast 5:	51100	33 ms
Fast 4:	51100	33 ms
Fast 3:	51100	33 ms
Fast 2:	51100	34 ms
Fast 1:	51100	34 ms
Fast 0:	51100	34 ms

Testing fast NlStream
Fast 9:	150801	47 ms
Fast 8:	150801	44 ms
Fast 7:	150801	39 ms
Fast 6:	150801	32 ms
Fast 5:	150801	31 ms
Fast 4:	150801	31 ms
Fast 3:	150801	31 ms
Fast 2:	150801	30 ms
Fast 1:	150801	32 ms
Fast 0:	150801	30 ms
[INFO] Tests run: 3, Failures: 0, Errors: 0, Skipped: 0, Time elapsed: 4.057 s - in org.asteriskjava.util.internal.streamreader.FastScannerSpeedTest
[INFO] Running org.asteriskjava.util.internal.streamreader.FastScannerRandomTest
CR NL Completed 1MB
CR NL Completed 2MB
CR NL Completed 3MB
CR NL Completed 4MB
CR NL Completed 5MB
CR NL Completed 6MB
CR NL Completed 7MB
CR NL Completed 8MB
CR NL Completed 9MB
CR NL Completed 10MB
CR NL Completed 11MB
CR NL Completed 12MB
CR NL Completed 13MB
CR NL Completed 14MB
CR NL Completed 15MB
CR NL Completed 16MB
CR NL Completed 17MB
CR NL Completed 18MB
CR NL Completed 19MB
CR NL Completed 20MB
CR NL Completed 21MB
CR NL Completed 22MB
CR NL Completed 23MB
CR NL Completed 24MB
CR NL Completed 25MB
CR NL Completed 26MB
CR NL Completed 27MB
CR NL Completed 28MB
CR NL Completed 29MB
CR NL Completed 30MB
CR NL Completed 31MB
CR NL Completed 32MB
CR NL Completed 33MB
CR NL Completed 34MB
CR NL Completed 35MB
CR NL Completed 36MB
CR NL Completed 37MB
CR NL Completed 38MB
CR NL Completed 39MB
CR NL Completed 40MB
CR NL Completed 41MB
CR NL Completed 42MB
CR NL Completed 43MB
CR NL Completed 44MB
CR NL Completed 45MB
CR NL Completed 46MB
CR NL Completed 47MB
CR NL Completed 48MB
CR NL Completed 49MB
CR NL Completed 50MB
NL Completed 1MB
NL Completed 2MB
NL Completed 3MB
NL Completed 4MB
NL Completed 5MB
NL Completed 6MB
NL Completed 7MB
NL Completed 8MB
NL Completed 9MB
NL Completed 10MB
NL Completed 11MB
NL Completed 12MB
NL Completed 13MB
NL Completed 14MB
NL Completed 15MB
NL Completed 16MB
NL Completed 17MB
NL Completed 18MB
NL Completed 19MB
NL Completed 20MB
NL Completed 21MB
NL Completed 22MB
NL Completed 23MB
NL Completed 24MB
NL Completed 25MB
NL Completed 26MB
NL Completed 27MB
NL Completed 28MB
NL Completed 29MB
NL Completed 30MB
NL Completed 31MB
NL Completed 32MB
NL Completed 33MB
NL Completed 34MB
NL Completed 35MB
NL Completed 36MB
NL Completed 37MB
NL Completed 38MB
NL Completed 39MB
NL Completed 40MB
NL Completed 41MB
NL Completed 42MB
NL Completed 43MB
NL Completed 44MB
NL Completed 45MB
NL Completed 46MB
NL Completed 47MB
NL Completed 48MB
NL Completed 49MB
NL Completed 50MB
[INFO] Tests run: 2, Failures: 0, Errors: 0, Skipped: 0, Time elapsed: 6.032 s - in org.asteriskjava.util.internal.streamreader.FastScannerRandomTest
[INFO] Running org.asteriskjava.AsteriskVersionTest
[INFO] Tests run: 5, Failures: 0, Errors: 0, Skipped: 0, Time elapsed: 0.002 s - in org.asteriskjava.AsteriskVersionTest
[INFO] Running org.asteriskjava.manager.event.SkypeChatMessageEventTest
[INFO] Tests run: 1, Failures: 0, Errors: 0, Skipped: 0, Time elapsed: 0.001 s - in org.asteriskjava.manager.event.SkypeChatMessageEventTest
[INFO] Running org.asteriskjava.manager.event.SkypeBuddyStatusEventTest
[INFO] Tests run: 2, Failures: 0, Errors: 0, Skipped: 0, Time elapsed: 0.001 s - in org.asteriskjava.manager.event.SkypeBuddyStatusEventTest
[INFO] Running org.asteriskjava.manager.event.AsyncAgiEventTest
[INFO] Tests run: 2, Failures: 0, Errors: 0, Skipped: 0, Time elapsed: 0.001 s - in org.asteriskjava.manager.event.AsyncAgiEventTest
[INFO] Running org.asteriskjava.manager.event.ChannelReloadEventTest
[INFO] Tests run: 3, Failures: 0, Errors: 0, Skipped: 0, Time elapsed: 0.001 s - in org.asteriskjava.manager.event.ChannelReloadEventTest
[INFO] Running org.asteriskjava.manager.event.NewStateEventTest
[INFO] Tests run: 2, Failures: 0, Errors: 0, Skipped: 0, Time elapsed: 0.002 s - in org.asteriskjava.manager.event.NewStateEventTest
[INFO] Running org.asteriskjava.manager.event.T38FaxStatusEventTest
[INFO] Tests run: 2, Failures: 0, Errors: 0, Skipped: 0, Time elapsed: 0.001 s - in org.asteriskjava.manager.event.T38FaxStatusEventTest
[INFO] Running org.asteriskjava.manager.event.CdrEventTest
[INFO] Tests run: 3, Failures: 0, Errors: 0, Skipped: 0, Time elapsed: 0.008 s - in org.asteriskjava.manager.event.CdrEventTest
[INFO] Running org.asteriskjava.manager.event.RtcpReceivedEventTest
[INFO] Tests run: 5, Failures: 0, Errors: 0, Skipped: 0, Time elapsed: 0.004 s - in org.asteriskjava.manager.event.RtcpReceivedEventTest
[INFO] Running org.asteriskjava.manager.response.CoreStatusResponseTest
[INFO] Tests run: 2, Failures: 0, Errors: 0, Skipped: 0, Time elapsed: 0.003 s - in org.asteriskjava.manager.response.CoreStatusResponseTest
[INFO] Running org.asteriskjava.manager.response.SipShowPeerResponseTest
[INFO] Tests run: 4, Failures: 0, Errors: 0, Skipped: 0, Time elapsed: 0.002 s - in org.asteriskjava.manager.response.SipShowPeerResponseTest
[INFO] Running org.asteriskjava.manager.AbstractManagerEventListenerTest
[INFO] Tests run: 2, Failures: 0, Errors: 0, Skipped: 0, Time elapsed: 0.001 s - in org.asteriskjava.manager.AbstractManagerEventListenerTest
[INFO] Running org.asteriskjava.manager.internal.ActionBuilderImplTest
[INFO] Tests run: 16, Failures: 0, Errors: 0, Skipped: 0, Time elapsed: 0.01 s - in org.asteriskjava.manager.internal.ActionBuilderImplTest
[INFO] Running org.asteriskjava.manager.internal.ManagerReaderImplTest
00:33:34.491 [main] INFO  org.reflections.Reflections - Reflections took 60 ms to scan 2 urls, producing 32 keys and 219 values
00:33:34.522 [main] INFO  o.a.m.internal.ManagerReaderImpl - Terminating reader thread: Something happened to the network...
00:33:34.521 [main:AsyncEventPump] INFO  o.a.manager.internal.AsyncEventPump - starting
00:33:34.522 [main] INFO  o.a.manager.internal.AsyncEventPump - main:AsyncEventPump Requesting AsyncEventPump to stop
00:33:34.522 [main:AsyncEventPump] WARN  o.a.manager.internal.AsyncEventPump - AsyncEventPump has exited
00:33:34.525 [main:AsyncEventPump] INFO  o.a.manager.internal.AsyncEventPump - starting
00:33:34.525 [main] INFO  o.a.manager.internal.AsyncEventPump - main:AsyncEventPump Requesting AsyncEventPump to stop
00:33:34.525 [main:AsyncEventPump] WARN  o.a.manager.internal.AsyncEventPump - AsyncEventPump has exited
00:33:34.527 [main] INFO  o.a.manager.internal.AsyncEventPump - main:AsyncEventPump Requesting AsyncEventPump to stop
00:33:34.527 [main:AsyncEventPump] INFO  o.a.manager.internal.AsyncEventPump - starting
00:33:34.527 [main:AsyncEventPump] WARN  o.a.manager.internal.AsyncEventPump - AsyncEventPump has exited
00:33:34.529 [main:AsyncEventPump] INFO  o.a.manager.internal.AsyncEventPump - starting
00:33:34.529 [main] INFO  o.a.manager.internal.AsyncEventPump - main:AsyncEventPump Requesting AsyncEventPump to stop
00:33:34.529 [main:AsyncEventPump] WARN  o.a.manager.internal.AsyncEventPump - AsyncEventPump has exited
00:33:34.531 [main:AsyncEventPump] INFO  o.a.manager.internal.AsyncEventPump - starting
00:33:34.531 [main] INFO  o.a.manager.internal.AsyncEventPump - main:AsyncEventPump Requesting AsyncEventPump to stop
00:33:34.531 [main:AsyncEventPump] WARN  o.a.manager.internal.AsyncEventPump - AsyncEventPump has exited
00:33:34.532 [main:AsyncEventPump] INFO  o.a.manager.internal.AsyncEventPump - starting
00:33:34.533 [main] INFO  o.a.manager.internal.AsyncEventPump - main:AsyncEventPump Requesting AsyncEventPump to stop
00:33:34.533 [main:AsyncEventPump] WARN  o.a.manager.internal.AsyncEventPump - AsyncEventPump has exited
00:33:34.534 [main] INFO  o.a.manager.internal.AsyncEventPump - main:AsyncEventPump Requesting AsyncEventPump to stop
00:33:34.534 [main:AsyncEventPump] INFO  o.a.manager.internal.AsyncEventPump - starting
00:33:34.534 [main:AsyncEventPump] WARN  o.a.manager.internal.AsyncEventPump - AsyncEventPump has exited
00:33:34.536 [main:AsyncEventPump] INFO  o.a.manager.internal.AsyncEventPump - starting
00:33:34.536 [main] INFO  o.a.manager.internal.AsyncEventPump - main:AsyncEventPump Requesting AsyncEventPump to stop
00:33:34.536 [main:AsyncEventPump] WARN  o.a.manager.internal.AsyncEventPump - AsyncEventPump has exited
[INFO] Tests run: 9, Failures: 0, Errors: 0, Skipped: 0, Time elapsed: 0.12 s - in org.asteriskjava.manager.internal.ManagerReaderImplTest
[INFO] Running org.asteriskjava.manager.internal.ManagerConnectionImplTest
00:33:34.590 [Asterisk-Java ManagerConnection-0-Reconnect-0] INFO  o.a.m.internal.ManagerConnectionImpl - Connecting to localhost:5038
00:33:34.592 [Asterisk-Java ManagerConnection-0-Reconnect-0] INFO  o.a.m.internal.ManagerConnectionImpl - Closing socket.
00:33:34.597 [Asterisk-Java ManagerConnection-0-Reconnect-0] ERROR o.a.m.internal.ManagerConnectionImpl - TimeoutException while trying to log in after reconnect.
00:33:34.643 [Thread-3] INFO  o.a.m.internal.ManagerConnectionImpl - Connected via Asterisk Call Manager/1.0
00:33:34.643 [Thread-3] WARN  o.a.m.internal.ManagerConnectionImpl - Unsupported protocol version 'Asterisk Call Manager/1.0'. Use at your own risk.
00:33:34.648 [Asterisk-Java ManagerConnection-0-Reconnect-0] INFO  o.a.m.internal.ManagerConnectionImpl - Connecting to localhost:5038
00:33:34.697 [Asterisk-Java ManagerConnection-0-Reconnect-0] INFO  o.a.m.internal.ManagerConnectionImpl - Successfully logged in
00:33:34.698 [Asterisk-Java ManagerConnection-0-Reconnect-0] INFO  o.a.m.internal.ManagerConnectionImpl - Determined Asterisk version: null
00:33:34.698 [Asterisk-Java ManagerConnection-0-Reconnect-0] INFO  o.a.m.internal.ManagerConnectionImpl - Successfully reconnected.
00:33:34.699 [Thread-5] INFO  o.a.m.internal.ManagerConnectionImpl - Connected via Asterisk Call Manager/1.0
00:33:34.699 [Thread-5] WARN  o.a.m.internal.ManagerConnectionImpl - Unsupported protocol version 'Asterisk Call Manager/1.0'. Use at your own risk.
00:33:35.545 [main] INFO  o.a.m.internal.ManagerConnectionImpl - Connecting to localhost:5038
00:33:35.596 [Thread-9] INFO  o.a.m.internal.ManagerConnectionImpl - Connected via Asterisk Call Manager/1.0
00:33:35.596 [Thread-9] WARN  o.a.m.internal.ManagerConnectionImpl - Unsupported protocol version 'Asterisk Call Manager/1.0'. Use at your own risk.
00:33:35.639 [main] INFO  o.a.m.internal.ManagerConnectionImpl - Successfully logged in
00:33:35.639 [main] INFO  o.a.m.internal.ManagerConnectionImpl - Determined Asterisk version: null
00:33:35.743 [main] INFO  o.a.m.internal.ManagerConnectionImpl - Connecting to localhost:5038
00:33:35.794 [Thread-13] INFO  o.a.m.internal.ManagerConnectionImpl - Connected via Asterisk Call Manager/1.0
00:33:35.794 [Thread-13] WARN  o.a.m.internal.ManagerConnectionImpl - Unsupported protocol version 'Asterisk Call Manager/1.0'. Use at your own risk.
00:33:36.013 [main] INFO  o.a.m.internal.ManagerConnectionImpl - Connecting to localhost:5038
00:33:36.064 [Thread-15] INFO  o.a.m.internal.ManagerConnectionImpl - Connected via Asterisk Call Manager/1.0
00:33:36.064 [Thread-15] WARN  o.a.m.internal.ManagerConnectionImpl - Unsupported protocol version 'Asterisk Call Manager/1.0'. Use at your own risk.
00:33:36.086 [Asterisk-Java ManagerConnection-7-Reconnect-0] INFO  o.a.m.internal.ManagerConnectionImpl - Connecting to localhost:5038
00:33:36.087 [Asterisk-Java ManagerConnection-7-Reconnect-0] WARN  o.a.m.internal.ManagerConnectionImpl - Exception while trying to reconnect: IOException
00:33:36.236 [Asterisk-Java ManagerConnection-7-Reconnect-0] INFO  o.a.m.internal.ManagerConnectionImpl - Connecting to localhost:5038
00:33:36.287 [Thread-19] INFO  o.a.m.internal.ManagerConnectionImpl - Connected via Asterisk Call Manager/1.0
00:33:36.288 [Thread-19] WARN  o.a.m.internal.ManagerConnectionImpl - Unsupported protocol version 'Asterisk Call Manager/1.0'. Use at your own risk.
00:33:36.330 [Asterisk-Java ManagerConnection-7-Reconnect-0] INFO  o.a.m.internal.ManagerConnectionImpl - Successfully logged in
00:33:36.330 [Asterisk-Java ManagerConnection-7-Reconnect-0] INFO  o.a.m.internal.ManagerConnectionImpl - Determined Asterisk version: null
00:33:36.330 [Asterisk-Java ManagerConnection-7-Reconnect-0] INFO  o.a.m.internal.ManagerConnectionImpl - Successfully reconnected.
00:33:37.038 [main] INFO  o.a.m.internal.ManagerConnectionImpl - Connecting to localhost:5038
00:33:37.040 [main] INFO  o.a.m.internal.ManagerConnectionImpl - Connecting to localhost:5038
00:33:37.062 [main] INFO  o.a.m.internal.ManagerConnectionImpl - Closing socket.
00:33:37.064 [main] ERROR o.a.m.internal.ManagerConnectionImpl - Unable to retrieve internalActionId from response: actionId 'null':
org.asteriskjava.manager.response.ManagerResponse: actionId='null'; message='null'; response='Success'; uniqueId='null'; systemHashcode=429269396
00:33:37.067 [main] INFO  o.a.m.internal.ManagerConnectionImpl - Connecting to localhost:5038
00:33:37.091 [Thread-23] INFO  o.a.m.internal.ManagerConnectionImpl - Connected via Asterisk Call Manager/1.0
00:33:37.092 [Thread-23] WARN  o.a.m.internal.ManagerConnectionImpl - Unsupported protocol version 'Asterisk Call Manager/1.0'. Use at your own risk.
00:33:37.118 [Thread-26] INFO  o.a.m.internal.ManagerConnectionImpl - Connected via Asterisk Call Manager/1.0
00:33:37.118 [Thread-26] WARN  o.a.m.internal.ManagerConnectionImpl - Unsupported protocol version 'Asterisk Call Manager/1.0'. Use at your own risk.
00:33:37.169 [main] INFO  o.a.m.internal.ManagerConnectionImpl - Closing socket.
00:33:37.272 [main] INFO  o.a.m.internal.ManagerConnectionImpl - Connecting to localhost:5038
00:33:37.323 [main] INFO  o.a.m.internal.ManagerConnectionImpl - Closing socket.
00:33:37.337 [main] ERROR o.a.m.internal.ManagerConnectionImpl - Unable to dispatch null response. This should never happen. Please file a bug.
00:33:37.340 [main] ERROR o.a.m.internal.ManagerConnectionImpl - Unable to retrieve internalActionId from response: actionId '123_0-abc':
org.asteriskjava.manager.response.ManagerResponse: actionId='null'; message='null'; response='Success'; uniqueId='null'; systemHashcode=1102181662
00:33:37.343 [main] INFO  o.a.m.internal.ManagerConnectionImpl - Connecting to localhost:5038
00:33:37.394 [Thread-31] INFO  o.a.m.internal.ManagerConnectionImpl - Connected via Asterisk Call Manager/1.0
00:33:37.394 [Thread-31] WARN  o.a.m.internal.ManagerConnectionImpl - Unsupported protocol version 'Asterisk Call Manager/1.0'. Use at your own risk.
00:33:37.595 [main] INFO  o.a.m.internal.ManagerConnectionImpl - Closing socket.
00:33:37.658 [Asterisk-Java ManagerConnection-17-Reconnect-0] INFO  o.a.m.internal.ManagerConnectionImpl - Connecting to localhost:5038
00:33:37.709 [Thread-34] INFO  o.a.m.internal.ManagerConnectionImpl - Connected via Asterisk Call Manager/1.0
00:33:37.709 [Thread-34] WARN  o.a.m.internal.ManagerConnectionImpl - Unsupported protocol version 'Asterisk Call Manager/1.0'. Use at your own risk.
00:33:37.751 [Asterisk-Java ManagerConnection-17-Reconnect-0] INFO  o.a.m.internal.ManagerConnectionImpl - Successfully logged in
00:33:37.752 [Asterisk-Java ManagerConnection-17-Reconnect-0] INFO  o.a.m.internal.ManagerConnectionImpl - Determined Asterisk version: null
00:33:37.752 [Asterisk-Java ManagerConnection-17-Reconnect-0] INFO  o.a.m.internal.ManagerConnectionImpl - Successfully reconnected.
00:33:38.610 [main] INFO  o.a.m.internal.ManagerConnectionImpl - Connecting to localhost:5038
00:33:38.612 [main] ERROR o.a.m.internal.ManagerConnectionImpl - Unable to retrieve internalActionId from response: actionId 'abc':
org.asteriskjava.manager.response.ManagerResponse: actionId='null'; message='null'; response='Success'; uniqueId='null'; systemHashcode=1203142603
[INFO] Tests run: 22, Failures: 0, Errors: 0, Skipped: 0, Time elapsed: 4.097 s - in org.asteriskjava.manager.internal.ManagerConnectionImplTest
[INFO] Running org.asteriskjava.manager.internal.ResponseBuilderImplTest
[INFO] Tests run: 9, Failures: 0, Errors: 0, Skipped: 0, Time elapsed: 0.005 s - in org.asteriskjava.manager.internal.ResponseBuilderImplTest
[INFO] Running org.asteriskjava.manager.internal.backwardsCompatibility.bridge.BridgeEnterEventComparatorTest
[INFO] Tests run: 17, Failures: 0, Errors: 0, Skipped: 0, Time elapsed: 0.007 s - in org.asteriskjava.manager.internal.backwardsCompatibility.bridge.BridgeEnterEventComparatorTest
[INFO] Running org.asteriskjava.manager.internal.EventBuilderImplTest
00:33:38.651 [main] ERROR o.a.m.internal.EventBuilderImpl - No event type in properties
00:33:38.661 [Thread-38] INFO  o.a.m.internal.ManagerConnectionImpl - Connected via Asterisk Call Manager/1.0
00:33:38.661 [Thread-38] WARN  o.a.m.internal.ManagerConnectionImpl - Unsupported protocol version 'Asterisk Call Manager/1.0'. Use at your own risk.
00:33:38.664 [main] WARN  o.asteriskjava.util.ReflectionUtil - multiple setters (case insensitive) exist for line on class(es) class org.asteriskjava.manager.internal.EEvent and class org.asteriskjava.manager.event.ManagerEvent
00:33:38.664 [main] WARN  o.asteriskjava.util.ReflectionUtil - Preferring setter from extending class public void org.asteriskjava.manager.event.ManagerEvent.setLine(java.lang.Integer) -> public void org.asteriskjava.manager.internal.EEvent.setLine(java.lang.Boolean)
00:33:38.674 [main] INFO  o.a.m.internal.EventBuilderImpl - No event class registered for event type 'nonexisting', attributes: {event=Nonexisting}. Please report at https://github.com/asterisk-java/asterisk-java/issues
[INFO] Tests run: 36, Failures: 0, Errors: 0, Skipped: 0, Time elapsed: 0.027 s - in org.asteriskjava.manager.internal.EventBuilderImplTest
[INFO] Running org.asteriskjava.manager.internal.ManagerWriterImplTest
[INFO] Tests run: 2, Failures: 0, Errors: 0, Skipped: 0, Time elapsed: 0.002 s - in org.asteriskjava.manager.internal.ManagerWriterImplTest
[INFO] Running org.asteriskjava.lock.LockerTest
00:33:38.679 [main] WARN  org.asteriskjava.lock.Locker - Lock checking is already disabled
8635586 Locker  per second
00:33:40.680 [main] WARN  org.asteriskjava.lock.Locker - Lock checking enabled
6084400 Locker With Diags  per second
48280856 Synchronized  per second
00:33:44.680 [main] WARN  org.asteriskjava.lock.Locker - Already enabled
2009544 Locker  per second with 2 threads and diags
00:33:47.682 [main] WARN  org.asteriskjava.lock.Locker - Will dump Lock stats each minute when there is contention...
00:33:47.682 [main] WARN  org.asteriskjava.lock.Locker - Lock checking disabled
3207081 Locker  per second with 2 threads
17429845 synchronized  per second with 2 threads

It seems wrong that 2 threads with diags is faster,
but the reality is that with the added overhead of diags there is less lock contention so it runs faster.
If more threads are added the two tests produce near identicaly through put as contention is high for both cases then.

[INFO] Tests run: 2, Failures: 0, Errors: 0, Skipped: 0, Time elapsed: 15.006 s - in org.asteriskjava.lock.LockerTest
[INFO] Running org.asteriskjava.pbx.internal.core.ListenerManagerTest
00:33:53.699 [main] INFO  o.asteriskjava.util.ReflectionUtil - Loaded 39
00:33:53.700 [main] INFO  o.a.p.i.core.CoherentEventFactory - Manager Event Added class org.asteriskjava.manager.event.AgentCalledEvent --> class org.asteriskjava.pbx.asterisk.wrap.events.AgentCalledEvent
00:33:53.700 [main] INFO  o.a.p.i.core.CoherentEventFactory - Response Event Added class org.asteriskjava.manager.event.StatusEvent --> class org.asteriskjava.pbx.asterisk.wrap.events.StatusEvent
00:33:53.700 [main] INFO  o.a.p.i.core.CoherentEventFactory - Response Event Added class org.asteriskjava.manager.event.StatusCompleteEvent --> class org.asteriskjava.pbx.asterisk.wrap.events.StatusCompleteEvent
00:33:53.700 [main] INFO  o.a.p.i.core.CoherentEventFactory - Response Event Added class org.asteriskjava.manager.event.OriginateResponseEvent --> class org.asteriskjava.pbx.asterisk.wrap.events.OriginateResponseEvent
00:33:53.700 [main] INFO  o.a.p.i.core.CoherentEventFactory - Skipping abstract class class org.asteriskjava.manager.event.AbstractMeetMeEvent
00:33:53.700 [main] INFO  o.a.p.i.core.CoherentEventFactory - Manager Event Added class org.asteriskjava.manager.event.MeetMeLeaveEvent --> class org.asteriskjava.pbx.asterisk.wrap.events.MeetMeLeaveEvent
00:33:53.700 [main] INFO  o.a.p.i.core.CoherentEventFactory - Skipping abstract class class org.asteriskjava.manager.event.ManagerEvent
00:33:53.701 [main] INFO  o.a.p.i.core.CoherentEventFactory - Manager Event Added class org.asteriskjava.manager.event.ConnectEvent --> class org.asteriskjava.pbx.asterisk.wrap.events.ConnectEvent
00:33:53.701 [main] INFO  o.a.p.i.core.CoherentEventFactory - Manager Event Added class org.asteriskjava.manager.event.ParkedCallEvent --> class org.asteriskjava.pbx.asterisk.wrap.events.ParkedCallEvent
00:33:53.701 [main] INFO  o.a.p.i.core.CoherentEventFactory - Manager Event Added class org.asteriskjava.manager.event.DisconnectEvent --> class org.asteriskjava.pbx.asterisk.wrap.events.DisconnectEvent
00:33:53.701 [main] INFO  o.a.p.i.core.CoherentEventFactory - Manager Event Added class org.asteriskjava.manager.event.PeerStatusEvent --> class org.asteriskjava.pbx.asterisk.wrap.events.PeerStatusEvent
00:33:53.701 [main] INFO  o.a.p.i.core.CoherentEventFactory - Manager Event Added class org.asteriskjava.manager.event.QueueCallerLeaveEvent --> class org.asteriskjava.pbx.asterisk.wrap.events.QueueCallerLeaveEvent
00:33:53.701 [main] INFO  o.a.p.i.core.CoherentEventFactory - Manager Event Added class org.asteriskjava.manager.event.BridgeEvent --> class org.asteriskjava.pbx.asterisk.wrap.events.BridgeEvent
00:33:53.701 [main] INFO  o.a.p.i.core.CoherentEventFactory - Skipping abstract class class org.asteriskjava.manager.event.ResponseEvent
00:33:53.701 [main] INFO  o.a.p.i.core.CoherentEventFactory - Manager Event Added class org.asteriskjava.manager.event.VarSetEvent --> class org.asteriskjava.pbx.asterisk.wrap.events.VarSetEvent
00:33:53.701 [main] INFO  o.a.p.i.core.CoherentEventFactory - Response Event Added class org.asteriskjava.manager.event.ConfbridgeListEvent --> class org.asteriskjava.pbx.asterisk.wrap.events.ConfbridgeListEvent
00:33:53.702 [main] INFO  o.a.p.i.core.CoherentEventFactory - Manager Event Added class org.asteriskjava.manager.event.ReloadEvent --> class org.asteriskjava.pbx.asterisk.wrap.events.ReloadEvent
00:33:53.702 [main] INFO  o.a.p.i.core.CoherentEventFactory - Manager Event Added class org.asteriskjava.manager.event.MasqueradeEvent --> class org.asteriskjava.pbx.asterisk.wrap.events.MasqueradeEvent
00:33:53.702 [main] INFO  o.a.p.i.core.CoherentEventFactory - Manager Event Added class org.asteriskjava.manager.event.UnlinkEvent --> class org.asteriskjava.pbx.asterisk.wrap.events.UnlinkEvent
00:33:53.702 [main] INFO  o.a.p.i.core.CoherentEventFactory - Manager Event Added class org.asteriskjava.manager.event.BlindTransferEvent --> class org.asteriskjava.pbx.asterisk.wrap.events.BlindTransferEvent
00:33:53.702 [main] INFO  o.a.p.i.core.CoherentEventFactory - Manager Event Added class org.asteriskjava.manager.event.MeetMeJoinEvent --> class org.asteriskjava.pbx.asterisk.wrap.events.MeetMeJoinEvent
00:33:53.702 [main] INFO  o.a.p.i.core.CoherentEventFactory - Manager Event Added class org.asteriskjava.manager.event.UnparkedCallEvent --> class org.asteriskjava.pbx.asterisk.wrap.events.UnparkedCallEvent
00:33:53.702 [main] INFO  o.a.p.i.core.CoherentEventFactory - Skipping abstract class class org.asteriskjava.manager.event.AbstractParkedCallEvent
00:33:53.702 [main] INFO  o.a.p.i.core.CoherentEventFactory - Manager Event Added class org.asteriskjava.manager.event.DbGetResponseEvent --> class org.asteriskjava.pbx.asterisk.wrap.events.DbGetResponseEvent
00:33:53.702 [main] INFO  o.a.p.i.core.CoherentEventFactory - Manager Event Added class org.asteriskjava.manager.event.ConfbridgeListCompleteEvent --> class org.asteriskjava.pbx.asterisk.wrap.events.ConfbridgeListCompleteEvent
00:33:53.703 [main] INFO  o.a.p.i.core.CoherentEventFactory - Manager Event Added class org.asteriskjava.manager.event.RenameEvent --> class org.asteriskjava.pbx.asterisk.wrap.events.RenameEvent
00:33:53.703 [main] INFO  o.a.p.i.core.CoherentEventFactory - Manager Event Added class org.asteriskjava.manager.event.DialEvent --> class org.asteriskjava.pbx.asterisk.wrap.events.DialEvent
00:33:53.703 [main] INFO  o.a.p.i.core.CoherentEventFactory - Manager Event Added class org.asteriskjava.manager.event.LinkEvent --> class org.asteriskjava.pbx.asterisk.wrap.events.LinkEvent
00:33:53.703 [main] INFO  o.a.p.i.core.CoherentEventFactory - Manager Event Added class org.asteriskjava.manager.event.DialEndEvent --> class org.asteriskjava.pbx.asterisk.wrap.events.DialEndEvent
00:33:53.703 [main] INFO  o.a.p.i.core.CoherentEventFactory - Manager Event Added class org.asteriskjava.manager.event.DndStateEvent --> class org.asteriskjava.pbx.asterisk.wrap.events.DndStateEvent
00:33:53.703 [main] INFO  o.a.p.i.core.CoherentEventFactory - Manager Event Added class org.asteriskjava.manager.event.NewChannelEvent --> class org.asteriskjava.pbx.asterisk.wrap.events.NewChannelEvent
00:33:53.703 [main] INFO  o.a.p.i.core.CoherentEventFactory - Response Event Added class org.asteriskjava.manager.event.PeerlistCompleteEvent --> class org.asteriskjava.pbx.asterisk.wrap.events.PeerlistCompleteEvent
00:33:53.704 [main] INFO  o.a.p.i.core.CoherentEventFactory - Manager Event Added class org.asteriskjava.manager.event.DialBeginEvent --> class org.asteriskjava.pbx.asterisk.wrap.events.DialBeginEvent
00:33:53.704 [main] INFO  o.a.p.i.core.CoherentEventFactory - Response Event Added class org.asteriskjava.manager.event.PeerEntryEvent --> class org.asteriskjava.pbx.asterisk.wrap.events.PeerEntryEvent
00:33:53.704 [main] INFO  o.a.p.i.core.CoherentEventFactory - Manager Event Added class org.asteriskjava.manager.event.AgentConnectEvent --> class org.asteriskjava.pbx.asterisk.wrap.events.AgentConnectEvent
00:33:53.704 [main] INFO  o.a.p.i.core.CoherentEventFactory - Manager Event Added class org.asteriskjava.manager.event.HangupEvent --> class org.asteriskjava.pbx.asterisk.wrap.events.HangupEvent
00:33:53.704 [main] INFO  o.a.p.i.core.CoherentEventFactory - Manager Event Added class org.asteriskjava.manager.event.NewStateEvent --> class org.asteriskjava.pbx.asterisk.wrap.events.NewStateEvent
00:33:53.704 [main] INFO  o.a.p.i.core.CoherentEventFactory - Manager Event Added class org.asteriskjava.manager.event.ExtensionStatusEvent --> class org.asteriskjava.pbx.asterisk.wrap.events.ExtensionStatusEvent
00:33:53.704 [main] INFO  o.a.p.i.core.CoherentEventFactory - Manager Event Added class org.asteriskjava.manager.event.NewExtenEvent --> class org.asteriskjava.pbx.asterisk.wrap.events.NewExtenEvent
[INFO] Tests run: 1, Failures: 0, Errors: 0, Skipped: 0, Time elapsed: 0.051 s - in org.asteriskjava.pbx.internal.core.ListenerManagerTest
[INFO] 
[INFO] Results:
[INFO] 
[INFO] Tests run: 342, Failures: 0, Errors: 0, Skipped: 0
[INFO] 
[INFO] ------------------------------------------------------------------------
[INFO] BUILD SUCCESS
[INFO] ------------------------------------------------------------------------
[INFO] Total time:  39.519 s
[INFO] Finished at: 2023-01-17T00:33:54Z
[INFO] ------------------------------------------------------------------------
