[INFO] Scanning for projects...
[WARNING] 
[WARNING] Some problems were encountered while building the effective model for org.phoenicis:phoenicis-dist:jar:5.0-SNAPSHOT
[WARNING] 'build.plugins.plugin.(groupId:artifactId)' must be unique but found duplicate declaration of plugin org.apache.maven.plugins:maven-dependency-plugin @ line 61, column 21
[WARNING] 
[WARNING] It is highly recommended to fix these problems because they threaten the stability of your build.
[WARNING] 
[WARNING] For this reason, future Maven versions might no longer support building such malformed projects.
[WARNING] 
[INFO] ------------------------------------------------------------------------
[INFO] Reactor Build Order:
[INFO] 
[INFO] phoenicis                                                          [pom]
[INFO] phoenicis-configuration                                            [jar]
[INFO] phoenicis-entities                                                 [jar]
[INFO] phoenicis-multithreading                                           [jar]
[INFO] phoenicis-win32                                                    [jar]
[INFO] phoenicis-tools                                                    [jar]
[INFO] phoenicis-repository                                               [jar]
[INFO] phoenicis-scripts                                                  [jar]
[INFO] phoenicis-library                                                  [jar]
[INFO] phoenicis-engines                                                  [jar]
[INFO] phoenicis-settings                                                 [jar]
[INFO] phoenicis-containers                                               [jar]
[INFO] phoenicis-javafx                                                   [jar]
[INFO] phoenicis-cli                                                      [jar]
[INFO] phoenicis-dist                                                     [jar]
[INFO] phoenicis-tests                                                    [jar]
[INFO] 
[INFO] ----------------------< org.phoenicis:phoenicis >-----------------------
[INFO] Building phoenicis 5.0-SNAPSHOT                                   [1/16]
[INFO] --------------------------------[ pom ]---------------------------------
[INFO] 
[INFO] --- maven-clean-plugin:2.5:clean (default-clean) @ phoenicis ---
[INFO] 
[INFO] --- sortpom-maven-plugin:3.2.0:sort (default) @ phoenicis ---
[INFO] Sorting file /home/gabsko/breaking-updates/pom.xml
[INFO] Pom file is already sorted, exiting
[INFO] 
[INFO] --- buildnumber-maven-plugin:3.0.0:create (default) @ phoenicis ---
[INFO] Executing: /bin/sh -c cd '/home/gabsko/breaking-updates' && 'git' 'rev-parse' '--verify' 'HEAD'
[INFO] Working directory: /home/gabsko/breaking-updates
[INFO] Storing buildNumber: 269e77c826d15d450c8507a6bd3b78d9e6d6604c at timestamp: 1673892332096
[INFO] Storing buildScmBranch: branch-PhoenicisOrg/phoenicis-269e77c826d15d450c8507a6bd3b78d9e6d6604c
[INFO] 
[INFO] --- jacoco-maven-plugin:0.8.8:prepare-agent (agent) @ phoenicis ---
[INFO] argLine set to -javaagent:/home/gabsko/.m2/repository/org/jacoco/org.jacoco.agent/0.8.8/org.jacoco.agent-0.8.8-runtime.jar=destfile=/home/gabsko/breaking-updates/target/jacoco.exec,excludes=**/org/phoenicis/javafx/**:**/org/phoenicis/app/**
[INFO] 
[INFO] --- formatter-maven-plugin:2.20.0:format (default) @ phoenicis ---
[INFO] 
[INFO] ---------------< org.phoenicis:phoenicis-configuration >----------------
[INFO] Building phoenicis-configuration 5.0-SNAPSHOT                     [2/16]
[INFO] --------------------------------[ jar ]---------------------------------
[INFO] 
[INFO] --- maven-clean-plugin:2.5:clean (default-clean) @ phoenicis-configuration ---
[INFO] Deleting /home/gabsko/breaking-updates/phoenicis-configuration/target
[INFO] 
[INFO] --- sortpom-maven-plugin:3.2.0:sort (default) @ phoenicis-configuration ---
[INFO] Sorting file /home/gabsko/breaking-updates/phoenicis-configuration/pom.xml
[INFO] Pom file is already sorted, exiting
[INFO] 
[INFO] --- buildnumber-maven-plugin:3.0.0:create (default) @ phoenicis-configuration ---
[INFO] 
[INFO] --- jacoco-maven-plugin:0.8.8:prepare-agent (agent) @ phoenicis-configuration ---
[INFO] argLine set to -javaagent:/home/gabsko/.m2/repository/org/jacoco/org.jacoco.agent/0.8.8/org.jacoco.agent-0.8.8-runtime.jar=destfile=/home/gabsko/breaking-updates/phoenicis-configuration/target/jacoco.exec,excludes=**/org/phoenicis/javafx/**:**/org/phoenicis/app/**
[INFO] 
[INFO] --- formatter-maven-plugin:2.20.0:format (default) @ phoenicis-configuration ---
[INFO] Processed 16 files in 823ms (Formatted: 0, Unchanged: 16, Failed: 0, Readonly: 0)
[INFO] 
[INFO] --- maven-resources-plugin:2.6:resources (default-resources) @ phoenicis-configuration ---
[INFO] Using 'UTF-8' encoding to copy filtered resources.
[INFO] Copying 3 resources
[INFO] Copying 1 resource
[INFO] 
[INFO] --- maven-compiler-plugin:3.10.1:compile (default-compile) @ phoenicis-configuration ---
[INFO] Changes detected - recompiling the module!
[INFO] Compiling 11 source files to /home/gabsko/breaking-updates/phoenicis-configuration/target/classes
[INFO] /home/gabsko/breaking-updates/phoenicis-configuration/src/main/java/org/phoenicis/configuration/localisation/Localisation.java: /home/gabsko/breaking-updates/phoenicis-configuration/src/main/java/org/phoenicis/configuration/localisation/Localisation.java uses or overrides a deprecated API.
[INFO] /home/gabsko/breaking-updates/phoenicis-configuration/src/main/java/org/phoenicis/configuration/localisation/Localisation.java: Recompile with -Xlint:deprecation for details.
[INFO] 
[INFO] --- gettext-maven-plugin:1.2.4:dist (gettext) @ phoenicis-configuration ---
[INFO] Processing sv.po
[INFO] Processing no.po
[INFO] Processing it.po
[INFO] Processing nl.po
[INFO] Processing ru.po
[INFO] Processing de.po
[INFO] Processing he.po
[INFO] Processing cs.po
[INFO] Processing az.po
[INFO] Processing hu.po
[INFO] Processing pt.po
[INFO] Processing ro.po
[INFO] Processing fi.po
[INFO] Processing fa.po
[INFO] Processing es.po
[INFO] Processing af.po
[INFO] Processing tr.po
[INFO] Processing ca.po
[INFO] Processing da.po
[INFO] Processing ko.po
[INFO] Processing uk.po
[INFO] Processing ar.po
[INFO] Processing pl.po
[INFO] Processing vi.po
[INFO] Processing el.po
[INFO] Processing fr.po
[INFO] Processing ja.po
[INFO] Processing sk.po
[INFO] Processing zh.po
[INFO] Processing sr.po
[INFO] Creating resource bundle for source locale
[INFO] Creating default resource bundle
[INFO] 
[INFO] --- maven-resources-plugin:2.6:testResources (default-testResources) @ phoenicis-configuration ---
[INFO] Using 'UTF-8' encoding to copy filtered resources.
[INFO] skip non existing resourceDirectory /home/gabsko/breaking-updates/phoenicis-configuration/src/test/resources
[INFO] 
[INFO] --- maven-compiler-plugin:3.10.1:testCompile (default-testCompile) @ phoenicis-configuration ---
[INFO] Changes detected - recompiling the module!
[INFO] Compiling 5 source files to /home/gabsko/breaking-updates/phoenicis-configuration/target/test-classes
[INFO] 
[INFO] --- maven-surefire-plugin:3.0.0-M7:test (default-test) @ phoenicis-configuration ---
[INFO] Using auto detected provider org.apache.maven.surefire.junit4.JUnit4Provider
[INFO] 
[INFO] -------------------------------------------------------
[INFO]  T E S T S
[INFO] -------------------------------------------------------
WARNING: Unknown module: javafx.graphics specified to --add-exports
[INFO] Running org.phoenicis.configuration.localisation.LocalisationTest
WARNING: An illegal reflective access operation has occurred
WARNING: Illegal reflective access by org.powermock.reflect.internal.WhiteboxImpl (file:/home/gabsko/.m2/repository/org/powermock/powermock-reflect/2.0.9/powermock-reflect-2.0.9.jar) to method java.lang.Object.clone()
WARNING: Please consider reporting this to the maintainers of org.powermock.reflect.internal.WhiteboxImpl
WARNING: Use --illegal-access=warn to enable warnings of further illegal reflective access operations
WARNING: All illegal access operations will be denied in a future release
[INFO] Tests run: 1, Failures: 0, Errors: 0, Skipped: 0, Time elapsed: 0.304 s - in org.phoenicis.configuration.localisation.LocalisationTest
[INFO] 
[INFO] Results:
[INFO] 
[INFO] Tests run: 1, Failures: 0, Errors: 0, Skipped: 0
[INFO] 
[INFO] 
[INFO] ------------------< org.phoenicis:phoenicis-entities >------------------
[INFO] Building phoenicis-entities 5.0-SNAPSHOT                          [3/16]
[INFO] --------------------------------[ jar ]---------------------------------
[INFO] 
[INFO] --- maven-clean-plugin:2.5:clean (default-clean) @ phoenicis-entities ---
[INFO] Deleting /home/gabsko/breaking-updates/phoenicis-entities/target
[INFO] 
[INFO] --- sortpom-maven-plugin:3.2.0:sort (default) @ phoenicis-entities ---
[INFO] Sorting file /home/gabsko/breaking-updates/phoenicis-entities/pom.xml
[INFO] Pom file is already sorted, exiting
[INFO] 
[INFO] --- buildnumber-maven-plugin:3.0.0:create (default) @ phoenicis-entities ---
[INFO] 
[INFO] --- jacoco-maven-plugin:0.8.8:prepare-agent (agent) @ phoenicis-entities ---
[INFO] argLine set to -javaagent:/home/gabsko/.m2/repository/org/jacoco/org.jacoco.agent/0.8.8/org.jacoco.agent-0.8.8-runtime.jar=destfile=/home/gabsko/breaking-updates/phoenicis-entities/target/jacoco.exec,excludes=**/org/phoenicis/javafx/**:**/org/phoenicis/app/**
[INFO] 
[INFO] --- formatter-maven-plugin:2.20.0:format (default) @ phoenicis-entities ---
[INFO] Processed 6 files in 45ms (Formatted: 0, Unchanged: 6, Failed: 0, Readonly: 0)
[INFO] 
[INFO] --- maven-resources-plugin:2.6:resources (default-resources) @ phoenicis-entities ---
[INFO] Using 'UTF-8' encoding to copy filtered resources.
[INFO] skip non existing resourceDirectory /home/gabsko/breaking-updates/phoenicis-entities/src/main/resources
[INFO] 
[INFO] --- maven-compiler-plugin:3.10.1:compile (default-compile) @ phoenicis-entities ---
[INFO] Changes detected - recompiling the module!
[INFO] Compiling 4 source files to /home/gabsko/breaking-updates/phoenicis-entities/target/classes
[INFO] 
[INFO] --- maven-resources-plugin:2.6:testResources (default-testResources) @ phoenicis-entities ---
[INFO] Using 'UTF-8' encoding to copy filtered resources.
[INFO] skip non existing resourceDirectory /home/gabsko/breaking-updates/phoenicis-entities/src/test/resources
[INFO] 
[INFO] --- maven-compiler-plugin:3.10.1:testCompile (default-testCompile) @ phoenicis-entities ---
[INFO] Changes detected - recompiling the module!
[INFO] Compiling 2 source files to /home/gabsko/breaking-updates/phoenicis-entities/target/test-classes
[INFO] 
[INFO] --- maven-surefire-plugin:3.0.0-M7:test (default-test) @ phoenicis-entities ---
[INFO] Using auto detected provider org.apache.maven.surefire.junit4.JUnit4Provider
[INFO] 
[INFO] -------------------------------------------------------
[INFO]  T E S T S
[INFO] -------------------------------------------------------
WARNING: Unknown module: javafx.graphics specified to --add-exports
[INFO] Running org.phoenicis.entities.ArchitectureTest
[INFO] Tests run: 2, Failures: 0, Errors: 0, Skipped: 0, Time elapsed: 0.057 s - in org.phoenicis.entities.ArchitectureTest
[INFO] Running org.phoenicis.entities.ProgressEntityTest
[INFO] Tests run: 1, Failures: 0, Errors: 0, Skipped: 0, Time elapsed: 0 s - in org.phoenicis.entities.ProgressEntityTest
[INFO] 
[INFO] Results:
[INFO] 
[INFO] Tests run: 3, Failures: 0, Errors: 0, Skipped: 0
[INFO] 
[INFO] 
[INFO] ---------------< org.phoenicis:phoenicis-multithreading >---------------
[INFO] Building phoenicis-multithreading 5.0-SNAPSHOT                    [4/16]
[INFO] --------------------------------[ jar ]---------------------------------
[INFO] 
[INFO] --- maven-clean-plugin:2.5:clean (default-clean) @ phoenicis-multithreading ---
[INFO] Deleting /home/gabsko/breaking-updates/phoenicis-multithreading/target
[INFO] 
[INFO] --- sortpom-maven-plugin:3.2.0:sort (default) @ phoenicis-multithreading ---
[INFO] Sorting file /home/gabsko/breaking-updates/phoenicis-multithreading/pom.xml
[INFO] Pom file is already sorted, exiting
[INFO] 
[INFO] --- buildnumber-maven-plugin:3.0.0:create (default) @ phoenicis-multithreading ---
[INFO] 
[INFO] --- jacoco-maven-plugin:0.8.8:prepare-agent (agent) @ phoenicis-multithreading ---
[INFO] argLine set to -javaagent:/home/gabsko/.m2/repository/org/jacoco/org.jacoco.agent/0.8.8/org.jacoco.agent-0.8.8-runtime.jar=destfile=/home/gabsko/breaking-updates/phoenicis-multithreading/target/jacoco.exec,excludes=**/org/phoenicis/javafx/**:**/org/phoenicis/app/**
[INFO] 
[INFO] --- formatter-maven-plugin:2.20.0:format (default) @ phoenicis-multithreading ---
[INFO] Processed 8 files in 37ms (Formatted: 0, Unchanged: 8, Failed: 0, Readonly: 0)
[INFO] 
[INFO] --- maven-resources-plugin:2.6:resources (default-resources) @ phoenicis-multithreading ---
[INFO] Using 'UTF-8' encoding to copy filtered resources.
[INFO] skip non existing resourceDirectory /home/gabsko/breaking-updates/phoenicis-multithreading/src/main/resources
[INFO] 
[INFO] --- maven-compiler-plugin:3.10.1:compile (default-compile) @ phoenicis-multithreading ---
[INFO] Changes detected - recompiling the module!
[INFO] Compiling 6 source files to /home/gabsko/breaking-updates/phoenicis-multithreading/target/classes
[INFO] 
[INFO] --- maven-resources-plugin:2.6:testResources (default-testResources) @ phoenicis-multithreading ---
[INFO] Using 'UTF-8' encoding to copy filtered resources.
[INFO] skip non existing resourceDirectory /home/gabsko/breaking-updates/phoenicis-multithreading/src/test/resources
[INFO] 
[INFO] --- maven-compiler-plugin:3.10.1:testCompile (default-testCompile) @ phoenicis-multithreading ---
[INFO] Changes detected - recompiling the module!
[INFO] Compiling 2 source files to /home/gabsko/breaking-updates/phoenicis-multithreading/target/test-classes
[INFO] 
[INFO] --- maven-surefire-plugin:3.0.0-M7:test (default-test) @ phoenicis-multithreading ---
[INFO] Using auto detected provider org.apache.maven.surefire.junit4.JUnit4Provider
[INFO] 
[INFO] -------------------------------------------------------
[INFO]  T E S T S
[INFO] -------------------------------------------------------
WARNING: Unknown module: javafx.graphics specified to --add-exports
[INFO] Running org.phoenicis.multithreading.ControlledThreadPoolExecutorServiceCloserTest
SLF4J: No SLF4J providers were found.
SLF4J: Defaulting to no-operation (NOP) logger implementation
SLF4J: See https://www.slf4j.org/codes.html#noProviders for further details.
[INFO] Tests run: 1, Failures: 0, Errors: 0, Skipped: 0, Time elapsed: 0.476 s - in org.phoenicis.multithreading.ControlledThreadPoolExecutorServiceCloserTest
[INFO] Running org.phoenicis.multithreading.ControlledThreadPoolExecutorServiceTest
[INFO] Tests run: 3, Failures: 0, Errors: 0, Skipped: 0, Time elapsed: 0.005 s - in org.phoenicis.multithreading.ControlledThreadPoolExecutorServiceTest
[INFO] 
[INFO] Results:
[INFO] 
[INFO] Tests run: 4, Failures: 0, Errors: 0, Skipped: 0
[INFO] 
[INFO] 
[INFO] -------------------< org.phoenicis:phoenicis-win32 >--------------------
[INFO] Building phoenicis-win32 5.0-SNAPSHOT                             [5/16]
[INFO] --------------------------------[ jar ]---------------------------------
[INFO] 
[INFO] --- maven-clean-plugin:2.5:clean (default-clean) @ phoenicis-win32 ---
[INFO] Deleting /home/gabsko/breaking-updates/phoenicis-win32/target
[INFO] 
[INFO] --- sortpom-maven-plugin:3.2.0:sort (default) @ phoenicis-win32 ---
[INFO] Sorting file /home/gabsko/breaking-updates/phoenicis-win32/pom.xml
[INFO] Pom file is already sorted, exiting
[INFO] 
[INFO] --- buildnumber-maven-plugin:3.0.0:create (default) @ phoenicis-win32 ---
[INFO] 
[INFO] --- jacoco-maven-plugin:0.8.8:prepare-agent (agent) @ phoenicis-win32 ---
[INFO] argLine set to -javaagent:/home/gabsko/.m2/repository/org/jacoco/org.jacoco.agent/0.8.8/org.jacoco.agent-0.8.8-runtime.jar=destfile=/home/gabsko/breaking-updates/phoenicis-win32/target/jacoco.exec,excludes=**/org/phoenicis/javafx/**:**/org/phoenicis/app/**
[INFO] 
[INFO] --- formatter-maven-plugin:2.20.0:format (default) @ phoenicis-win32 ---
[INFO] Processed 34 files in 94ms (Formatted: 0, Unchanged: 34, Failed: 0, Readonly: 0)
[INFO] 
[INFO] --- maven-resources-plugin:2.6:resources (default-resources) @ phoenicis-win32 ---
[INFO] Using 'UTF-8' encoding to copy filtered resources.
[INFO] skip non existing resourceDirectory /home/gabsko/breaking-updates/phoenicis-win32/src/main/resources
[INFO] 
[INFO] --- maven-compiler-plugin:3.10.1:compile (default-compile) @ phoenicis-win32 ---
[INFO] Changes detected - recompiling the module!
[INFO] Compiling 30 source files to /home/gabsko/breaking-updates/phoenicis-win32/target/classes
[INFO] 
[INFO] --- maven-resources-plugin:2.6:testResources (default-testResources) @ phoenicis-win32 ---
[INFO] Using 'UTF-8' encoding to copy filtered resources.
[INFO] Copying 2 resources
[INFO] 
[INFO] --- maven-compiler-plugin:3.10.1:testCompile (default-testCompile) @ phoenicis-win32 ---
[INFO] Changes detected - recompiling the module!
[INFO] Compiling 4 source files to /home/gabsko/breaking-updates/phoenicis-win32/target/test-classes
[INFO] 
[INFO] --- maven-surefire-plugin:3.0.0-M7:test (default-test) @ phoenicis-win32 ---
[INFO] Using auto detected provider org.apache.maven.surefire.junit4.JUnit4Provider
[INFO] 
[INFO] -------------------------------------------------------
[INFO]  T E S T S
[INFO] -------------------------------------------------------
WARNING: Unknown module: javafx.graphics specified to --add-exports
[INFO] Running org.phoenicis.win32.pe.PEReaderTest
[INFO] Tests run: 27, Failures: 0, Errors: 0, Skipped: 0, Time elapsed: 0.073 s - in org.phoenicis.win32.pe.PEReaderTest
[INFO] Running org.phoenicis.win32.registry.RegistryKeyTest
[INFO] Tests run: 2, Failures: 0, Errors: 0, Skipped: 0, Time elapsed: 0.001 s - in org.phoenicis.win32.registry.RegistryKeyTest
[INFO] Running org.phoenicis.win32.registry.RegistryWriterTest
[INFO] Tests run: 2, Failures: 0, Errors: 0, Skipped: 0, Time elapsed: 0.016 s - in org.phoenicis.win32.registry.RegistryWriterTest
[INFO] Running org.phoenicis.win32.registry.RegistryParserTest
[INFO] Tests run: 3, Failures: 0, Errors: 0, Skipped: 0, Time elapsed: 0.08 s - in org.phoenicis.win32.registry.RegistryParserTest
[INFO] 
[INFO] Results:
[INFO] 
[INFO] Tests run: 34, Failures: 0, Errors: 0, Skipped: 0
[INFO] 
[INFO] 
[INFO] -------------------< org.phoenicis:phoenicis-tools >--------------------
[INFO] Building phoenicis-tools 5.0-SNAPSHOT                             [6/16]
[INFO] --------------------------------[ jar ]---------------------------------
[INFO] 
[INFO] --- maven-clean-plugin:2.5:clean (default-clean) @ phoenicis-tools ---
[INFO] Deleting /home/gabsko/breaking-updates/phoenicis-tools/target
[INFO] 
[INFO] --- sortpom-maven-plugin:3.2.0:sort (default) @ phoenicis-tools ---
[INFO] Sorting file /home/gabsko/breaking-updates/phoenicis-tools/pom.xml
[INFO] Pom file is already sorted, exiting
[INFO] 
[INFO] --- buildnumber-maven-plugin:3.0.0:create (default) @ phoenicis-tools ---
[INFO] 
[INFO] --- jacoco-maven-plugin:0.8.8:prepare-agent (agent) @ phoenicis-tools ---
[INFO] argLine set to -javaagent:/home/gabsko/.m2/repository/org/jacoco/org.jacoco.agent/0.8.8/org.jacoco.agent-0.8.8-runtime.jar=destfile=/home/gabsko/breaking-updates/phoenicis-tools/target/jacoco.exec,excludes=**/org/phoenicis/javafx/**:**/org/phoenicis/app/**
[INFO] 
[INFO] --- formatter-maven-plugin:2.20.0:format (default) @ phoenicis-tools ---
[INFO] Processed 66 files in 207ms (Formatted: 0, Unchanged: 66, Failed: 0, Readonly: 0)
[INFO] 
[INFO] --- maven-resources-plugin:2.6:resources (default-resources) @ phoenicis-tools ---
[INFO] Using 'UTF-8' encoding to copy filtered resources.
[INFO] Copying 1 resource
[INFO] 
[INFO] --- maven-compiler-plugin:3.10.1:compile (default-compile) @ phoenicis-tools ---
[INFO] Changes detected - recompiling the module!
[INFO] Compiling 53 source files to /home/gabsko/breaking-updates/phoenicis-tools/target/classes
[INFO] /home/gabsko/breaking-updates/phoenicis-tools/src/main/java/org/phoenicis/tools/system/terminal/TerminalOpenerFactory.java: Some input files use or override a deprecated API.
[INFO] /home/gabsko/breaking-updates/phoenicis-tools/src/main/java/org/phoenicis/tools/system/terminal/TerminalOpenerFactory.java: Recompile with -Xlint:deprecation for details.
[INFO] 
[INFO] --- maven-resources-plugin:2.6:testResources (default-testResources) @ phoenicis-tools ---
[INFO] Using 'UTF-8' encoding to copy filtered resources.
[INFO] Copying 11 resources
[INFO] 
[INFO] --- maven-compiler-plugin:3.10.1:testCompile (default-testCompile) @ phoenicis-tools ---
[INFO] Changes detected - recompiling the module!
[INFO] Compiling 13 source files to /home/gabsko/breaking-updates/phoenicis-tools/target/test-classes
[INFO] /home/gabsko/breaking-updates/phoenicis-tools/src/test/java/org/phoenicis/tools/archive/ExtractorTest.java: Some input files use or override a deprecated API.
[INFO] /home/gabsko/breaking-updates/phoenicis-tools/src/test/java/org/phoenicis/tools/archive/ExtractorTest.java: Recompile with -Xlint:deprecation for details.
[INFO] 
[INFO] --- maven-surefire-plugin:3.0.0-M7:test (default-test) @ phoenicis-tools ---
[INFO] Using auto detected provider org.apache.maven.surefire.junit4.JUnit4Provider
[INFO] 
[INFO] -------------------------------------------------------
[INFO]  T E S T S
[INFO] -------------------------------------------------------
WARNING: Unknown module: javafx.graphics specified to --add-exports
[INFO] Running org.phoenicis.tools.config.CompatibleConfigFileFormatTest
SLF4J: No SLF4J providers were found.
SLF4J: Defaulting to no-operation (NOP) logger implementation
SLF4J: See https://www.slf4j.org/codes.html#noProviders for further details.
[INFO] Tests run: 13, Failures: 0, Errors: 0, Skipped: 0, Time elapsed: 0.276 s - in org.phoenicis.tools.config.CompatibleConfigFileFormatTest
[INFO] Running org.phoenicis.tools.checksum.ChecksumCalculatorTest
[INFO] Tests run: 2, Failures: 0, Errors: 0, Skipped: 0, Time elapsed: 0 s - in org.phoenicis.tools.checksum.ChecksumCalculatorTest
[INFO] Running org.phoenicis.tools.archive.ExtractorTest
ERROR StatusLogger No Log4j 2 configuration file found. Using default configuration (logging only errors to the console), or user programmatically provided configurations. Set system property 'log4j2.debug' to show Log4j 2 internal initialization logging. See https://logging.apache.org/log4j/2.x/manual/configuration.html for instructions on how to configure Log4j 2
[/tmp/1673892339580-0/directory1, /tmp/1673892339580-0/directory1/file0.txt, /tmp/1673892339580-0/file1.txt, /tmp/1673892339580-0/file2.txt]
[/tmp/1673892339583-0/directory1, /tmp/1673892339583-0/directory1/file0.txt, /tmp/1673892339583-0/file1.txt, /tmp/1673892339583-0/file2.txt]
[/tmp/1673892339585-0/directory1, /tmp/1673892339585-0/directory1/file0.txt, /tmp/1673892339585-0/file1.txt, /tmp/1673892339585-0/file2.txt]
[/tmp/1673892339607-0/directory1, /tmp/1673892339607-0/directory1/file0.txt, /tmp/1673892339607-0/file1.txt, /tmp/1673892339607-0/file2.txt]
[/tmp/1673892339619-0/directory1, /tmp/1673892339619-0/directory1/file0.txt, /tmp/1673892339619-0/file1.txt, /tmp/1673892339619-0/file2.txt]
[/tmp/1673892339624-0/directory1, /tmp/1673892339624-0/directory1/file0.txt, /tmp/1673892339624-0/file1.txt, /tmp/1673892339624-0/file2.txt]
[INFO] Tests run: 11, Failures: 0, Errors: 0, Skipped: 0, Time elapsed: 0.418 s - in org.phoenicis.tools.archive.ExtractorTest
[INFO] Running org.phoenicis.tools.http.DownloaderTest
Loading JavaScript to validate ECMA262 regular expression in JsonSchema because java.util.regex package in Java does not match ECMA262
[INFO] Tests run: 2, Failures: 0, Errors: 0, Skipped: 0, Time elapsed: 0.989 s - in org.phoenicis.tools.http.DownloaderTest
[INFO] Running org.phoenicis.tools.version.VersionComparatorTest
[INFO] Tests run: 7, Failures: 0, Errors: 0, Skipped: 0, Time elapsed: 0.002 s - in org.phoenicis.tools.version.VersionComparatorTest
[INFO] Running org.phoenicis.tools.version.VersionTest
[INFO] Tests run: 11, Failures: 0, Errors: 0, Skipped: 0, Time elapsed: 0.003 s - in org.phoenicis.tools.version.VersionTest
[INFO] Running org.phoenicis.tools.lnk.LnkParserTest
[INFO] Tests run: 1, Failures: 0, Errors: 0, Skipped: 0, Time elapsed: 0.413 s - in org.phoenicis.tools.lnk.LnkParserTest
[INFO] Running org.phoenicis.tools.system.terminal.AutomaticTerminalOpenerTest
[INFO] Tests run: 2, Failures: 0, Errors: 0, Skipped: 0, Time elapsed: 0.027 s - in org.phoenicis.tools.system.terminal.AutomaticTerminalOpenerTest
[INFO] Running org.phoenicis.tools.files.DirectoryWatcherFilesTest
[WARNING] Tests run: 3, Failures: 0, Errors: 0, Skipped: 1, Time elapsed: 0.219 s - in org.phoenicis.tools.files.DirectoryWatcherFilesTest
[INFO] Running org.phoenicis.tools.files.FileUtilitiesTest
[INFO] Tests run: 5, Failures: 0, Errors: 0, Skipped: 0, Time elapsed: 0 s - in org.phoenicis.tools.files.FileUtilitiesTest
[INFO] Running org.phoenicis.tools.files.FileAnalyserTest
[WARNING] Tests run: 7, Failures: 0, Errors: 0, Skipped: 1, Time elapsed: 0 s - in org.phoenicis.tools.files.FileAnalyserTest
[INFO] Running org.phoenicis.tools.gpg.SignatureCheckerTest
[INFO] Tests run: 3, Failures: 0, Errors: 0, Skipped: 0, Time elapsed: 0.035 s - in org.phoenicis.tools.gpg.SignatureCheckerTest
[INFO] Running org.phoenicis.tools.stream.CursorFinderInputStreamTest
[INFO] Tests run: 4, Failures: 0, Errors: 0, Skipped: 0, Time elapsed: 0.001 s - in org.phoenicis.tools.stream.CursorFinderInputStreamTest
[INFO] 
[INFO] Results:
[INFO] 
[WARNING] Tests run: 71, Failures: 0, Errors: 0, Skipped: 2
[INFO] 
[INFO] 
[INFO] -----------------< org.phoenicis:phoenicis-repository >-----------------
[INFO] Building phoenicis-repository 5.0-SNAPSHOT                        [7/16]
[INFO] --------------------------------[ jar ]---------------------------------
[INFO] 
[INFO] --- maven-clean-plugin:2.5:clean (default-clean) @ phoenicis-repository ---
[INFO] Deleting /home/gabsko/breaking-updates/phoenicis-repository/target
[INFO] 
[INFO] --- sortpom-maven-plugin:3.2.0:sort (default) @ phoenicis-repository ---
[INFO] Sorting file /home/gabsko/breaking-updates/phoenicis-repository/pom.xml
[INFO] Pom file is already sorted, exiting
[INFO] 
[INFO] --- buildnumber-maven-plugin:3.0.0:create (default) @ phoenicis-repository ---
[INFO] 
[INFO] --- jacoco-maven-plugin:0.8.8:prepare-agent (agent) @ phoenicis-repository ---
[INFO] argLine set to -javaagent:/home/gabsko/.m2/repository/org/jacoco/org.jacoco.agent/0.8.8/org.jacoco.agent-0.8.8-runtime.jar=destfile=/home/gabsko/breaking-updates/phoenicis-repository/target/jacoco.exec,excludes=**/org/phoenicis/javafx/**:**/org/phoenicis/app/**
[INFO] 
[INFO] --- formatter-maven-plugin:2.20.0:format (default) @ phoenicis-repository ---
[INFO] Processed 35 files in 95ms (Formatted: 0, Unchanged: 35, Failed: 0, Readonly: 0)
[INFO] 
[INFO] --- maven-resources-plugin:2.6:resources (default-resources) @ phoenicis-repository ---
[INFO] Using 'UTF-8' encoding to copy filtered resources.
[INFO] Copying 1 resource
[INFO] 
[INFO] --- maven-compiler-plugin:3.10.1:compile (default-compile) @ phoenicis-repository ---
[INFO] Changes detected - recompiling the module!
[INFO] Compiling 28 source files to /home/gabsko/breaking-updates/phoenicis-repository/target/classes
[INFO] /home/gabsko/breaking-updates/phoenicis-repository/src/main/java/org/phoenicis/repository/RepositoryManager.java: Some input files use unchecked or unsafe operations.
[INFO] /home/gabsko/breaking-updates/phoenicis-repository/src/main/java/org/phoenicis/repository/RepositoryManager.java: Recompile with -Xlint:unchecked for details.
[INFO] 
[INFO] --- maven-resources-plugin:2.6:testResources (default-testResources) @ phoenicis-repository ---
[INFO] Using 'UTF-8' encoding to copy filtered resources.
[INFO] Copying 14 resources
[INFO] 
[INFO] --- maven-compiler-plugin:3.10.1:testCompile (default-testCompile) @ phoenicis-repository ---
[INFO] Changes detected - recompiling the module!
[INFO] Compiling 7 source files to /home/gabsko/breaking-updates/phoenicis-repository/target/test-classes
[INFO] /home/gabsko/breaking-updates/phoenicis-repository/src/test/java/org/phoenicis/repository/DynamicRepositoryLocationLoaderTest.java: /home/gabsko/breaking-updates/phoenicis-repository/src/test/java/org/phoenicis/repository/DynamicRepositoryLocationLoaderTest.java uses unchecked or unsafe operations.
[INFO] /home/gabsko/breaking-updates/phoenicis-repository/src/test/java/org/phoenicis/repository/DynamicRepositoryLocationLoaderTest.java: Recompile with -Xlint:unchecked for details.
[INFO] 
[INFO] --- maven-surefire-plugin:3.0.0-M7:test (default-test) @ phoenicis-repository ---
[INFO] Using auto detected provider org.apache.maven.surefire.junit4.JUnit4Provider
[INFO] 
[INFO] -------------------------------------------------------
[INFO]  T E S T S
[INFO] -------------------------------------------------------
WARNING: Unknown module: javafx.graphics specified to --add-exports
[INFO] Running org.phoenicis.repository.DynamicRepositoryLocationLoaderTest
WARNING: An illegal reflective access operation has occurred
WARNING: Illegal reflective access by org.mockito.cglib.core.ReflectUtils$2 (file:/home/gabsko/.m2/repository/org/mockito/mockito-all/1.10.19/mockito-all-1.10.19.jar) to method java.lang.ClassLoader.defineClass(java.lang.String,byte[],int,int,java.security.ProtectionDomain)
WARNING: Please consider reporting this to the maintainers of org.mockito.cglib.core.ReflectUtils$2
WARNING: Use --illegal-access=warn to enable warnings of further illegal reflective access operations
WARNING: All illegal access operations will be denied in a future release
[INFO] Tests run: 2, Failures: 0, Errors: 0, Skipped: 0, Time elapsed: 0.121 s - in org.phoenicis.repository.DynamicRepositoryLocationLoaderTest
[INFO] Running org.phoenicis.repository.types.MultipleRepositoryTest
SLF4J: No SLF4J providers were found.
SLF4J: Defaulting to no-operation (NOP) logger implementation
SLF4J: See https://www.slf4j.org/codes.html#noProviders for further details.
[INFO] Tests run: 2, Failures: 0, Errors: 0, Skipped: 0, Time elapsed: 0.024 s - in org.phoenicis.repository.types.MultipleRepositoryTest
[INFO] Running org.phoenicis.repository.types.NullRepositoryTest
[INFO] Tests run: 1, Failures: 0, Errors: 0, Skipped: 0, Time elapsed: 0 s - in org.phoenicis.repository.types.NullRepositoryTest
[INFO] Running org.phoenicis.repository.types.BackgroundRepositoryTest
[INFO] Tests run: 1, Failures: 0, Errors: 0, Skipped: 0, Time elapsed: 0.007 s - in org.phoenicis.repository.types.BackgroundRepositoryTest
[INFO] Running org.phoenicis.repository.types.TeeRepositoryTest
[INFO] Tests run: 3, Failures: 0, Errors: 0, Skipped: 0, Time elapsed: 0.005 s - in org.phoenicis.repository.types.TeeRepositoryTest
[INFO] Running org.phoenicis.repository.types.CachedRepositoryTest
[INFO] Tests run: 1, Failures: 0, Errors: 0, Skipped: 0, Time elapsed: 0 s - in org.phoenicis.repository.types.CachedRepositoryTest
[INFO] Running org.phoenicis.repository.types.ClasspathRepositoryTest
ERROR StatusLogger No Log4j 2 configuration file found. Using default configuration (logging only errors to the console), or user programmatically provided configurations. Set system property 'log4j2.debug' to show Log4j 2 internal initialization logging. See https://logging.apache.org/log4j/2.x/manual/configuration.html for instructions on how to configure Log4j 2
[INFO] Tests run: 9, Failures: 0, Errors: 0, Skipped: 0, Time elapsed: 0.592 s - in org.phoenicis.repository.types.ClasspathRepositoryTest
[INFO] 
[INFO] Results:
[INFO] 
[INFO] Tests run: 19, Failures: 0, Errors: 0, Skipped: 0
[INFO] 
[INFO] 
[INFO] ------------------< org.phoenicis:phoenicis-scripts >-------------------
[INFO] Building phoenicis-scripts 5.0-SNAPSHOT                           [8/16]
[INFO] --------------------------------[ jar ]---------------------------------
[INFO] 
[INFO] --- maven-clean-plugin:2.5:clean (default-clean) @ phoenicis-scripts ---
[INFO] Deleting /home/gabsko/breaking-updates/phoenicis-scripts/target
[INFO] 
[INFO] --- sortpom-maven-plugin:3.2.0:sort (default) @ phoenicis-scripts ---
[INFO] Sorting file /home/gabsko/breaking-updates/phoenicis-scripts/pom.xml
[INFO] Pom file is already sorted, exiting
[INFO] 
[INFO] --- buildnumber-maven-plugin:3.0.0:create (default) @ phoenicis-scripts ---
[INFO] 
[INFO] --- jacoco-maven-plugin:0.8.8:prepare-agent (agent) @ phoenicis-scripts ---
[INFO] argLine set to -javaagent:/home/gabsko/.m2/repository/org/jacoco/org.jacoco.agent/0.8.8/org.jacoco.agent-0.8.8-runtime.jar=destfile=/home/gabsko/breaking-updates/phoenicis-scripts/target/jacoco.exec,excludes=**/org/phoenicis/javafx/**:**/org/phoenicis/app/**
[INFO] 
[INFO] --- formatter-maven-plugin:2.20.0:format (default) @ phoenicis-scripts ---
[INFO] Processed 43 files in 58ms (Formatted: 0, Unchanged: 43, Failed: 0, Readonly: 0)
[INFO] 
[INFO] --- maven-resources-plugin:2.6:resources (default-resources) @ phoenicis-scripts ---
[INFO] Using 'UTF-8' encoding to copy filtered resources.
[INFO] Copying 1 resource
[INFO] 
[INFO] --- maven-compiler-plugin:3.10.1:compile (default-compile) @ phoenicis-scripts ---
[INFO] Changes detected - recompiling the module!
[INFO] Compiling 43 source files to /home/gabsko/breaking-updates/phoenicis-scripts/target/classes
[INFO] /home/gabsko/breaking-updates/phoenicis-scripts/src/main/java/org/phoenicis/scripts/engine/implementation/PolyglotScriptEngine.java: /home/gabsko/breaking-updates/phoenicis-scripts/src/main/java/org/phoenicis/scripts/engine/implementation/PolyglotScriptEngine.java uses or overrides a deprecated API.
[INFO] /home/gabsko/breaking-updates/phoenicis-scripts/src/main/java/org/phoenicis/scripts/engine/implementation/PolyglotScriptEngine.java: Recompile with -Xlint:deprecation for details.
[INFO] 
[INFO] --- maven-resources-plugin:2.6:testResources (default-testResources) @ phoenicis-scripts ---
[INFO] Using 'UTF-8' encoding to copy filtered resources.
[INFO] skip non existing resourceDirectory /home/gabsko/breaking-updates/phoenicis-scripts/src/test/resources
[INFO] 
[INFO] --- maven-compiler-plugin:3.10.1:testCompile (default-testCompile) @ phoenicis-scripts ---
[INFO] No sources to compile
[INFO] 
[INFO] --- maven-surefire-plugin:3.0.0-M7:test (default-test) @ phoenicis-scripts ---
[INFO] No tests to run.
[INFO] 
[INFO] ------------------< org.phoenicis:phoenicis-library >-------------------
[INFO] Building phoenicis-library 5.0-SNAPSHOT                           [9/16]
[INFO] --------------------------------[ jar ]---------------------------------
[INFO] 
[INFO] --- maven-clean-plugin:2.5:clean (default-clean) @ phoenicis-library ---
[INFO] Deleting /home/gabsko/breaking-updates/phoenicis-library/target
[INFO] 
[INFO] --- sortpom-maven-plugin:3.2.0:sort (default) @ phoenicis-library ---
[INFO] Sorting file /home/gabsko/breaking-updates/phoenicis-library/pom.xml
[INFO] Pom file is already sorted, exiting
[INFO] 
[INFO] --- buildnumber-maven-plugin:3.0.0:create (default) @ phoenicis-library ---
[INFO] 
[INFO] --- jacoco-maven-plugin:0.8.8:prepare-agent (agent) @ phoenicis-library ---
[INFO] argLine set to -javaagent:/home/gabsko/.m2/repository/org/jacoco/org.jacoco.agent/0.8.8/org.jacoco.agent-0.8.8-runtime.jar=destfile=/home/gabsko/breaking-updates/phoenicis-library/target/jacoco.exec,excludes=**/org/phoenicis/javafx/**:**/org/phoenicis/app/**
[INFO] 
[INFO] --- formatter-maven-plugin:2.20.0:format (default) @ phoenicis-library ---
[INFO] Processed 9 files in 43ms (Formatted: 0, Unchanged: 9, Failed: 0, Readonly: 0)
[INFO] 
[INFO] --- maven-resources-plugin:2.6:resources (default-resources) @ phoenicis-library ---
[INFO] Using 'UTF-8' encoding to copy filtered resources.
[INFO] Copying 2 resources
[INFO] 
[INFO] --- maven-compiler-plugin:3.10.1:compile (default-compile) @ phoenicis-library ---
[INFO] Changes detected - recompiling the module!
[INFO] Compiling 9 source files to /home/gabsko/breaking-updates/phoenicis-library/target/classes
[INFO] 
[INFO] --- maven-resources-plugin:2.6:testResources (default-testResources) @ phoenicis-library ---
[INFO] Using 'UTF-8' encoding to copy filtered resources.
[INFO] skip non existing resourceDirectory /home/gabsko/breaking-updates/phoenicis-library/src/test/resources
[INFO] 
[INFO] --- maven-compiler-plugin:3.10.1:testCompile (default-testCompile) @ phoenicis-library ---
[INFO] No sources to compile
[INFO] 
[INFO] --- maven-surefire-plugin:3.0.0-M7:test (default-test) @ phoenicis-library ---
[INFO] No tests to run.
[INFO] 
[INFO] ------------------< org.phoenicis:phoenicis-engines >-------------------
[INFO] Building phoenicis-engines 5.0-SNAPSHOT                          [10/16]
[INFO] --------------------------------[ jar ]---------------------------------
[INFO] 
[INFO] --- maven-clean-plugin:2.5:clean (default-clean) @ phoenicis-engines ---
[INFO] Deleting /home/gabsko/breaking-updates/phoenicis-engines/target
[INFO] 
[INFO] --- sortpom-maven-plugin:3.2.0:sort (default) @ phoenicis-engines ---
[INFO] Sorting file /home/gabsko/breaking-updates/phoenicis-engines/pom.xml
[INFO] Pom file is already sorted, exiting
[INFO] 
[INFO] --- buildnumber-maven-plugin:3.0.0:create (default) @ phoenicis-engines ---
[INFO] 
[INFO] --- jacoco-maven-plugin:0.8.8:prepare-agent (agent) @ phoenicis-engines ---
[INFO] argLine set to -javaagent:/home/gabsko/.m2/repository/org/jacoco/org.jacoco.agent/0.8.8/org.jacoco.agent-0.8.8-runtime.jar=destfile=/home/gabsko/breaking-updates/phoenicis-engines/target/jacoco.exec,excludes=**/org/phoenicis/javafx/**:**/org/phoenicis/app/**
[INFO] 
[INFO] --- formatter-maven-plugin:2.20.0:format (default) @ phoenicis-engines ---
[INFO] Processed 13 files in 29ms (Formatted: 0, Unchanged: 13, Failed: 0, Readonly: 0)
[INFO] 
[INFO] --- maven-resources-plugin:2.6:resources (default-resources) @ phoenicis-engines ---
[INFO] Using 'UTF-8' encoding to copy filtered resources.
[INFO] skip non existing resourceDirectory /home/gabsko/breaking-updates/phoenicis-engines/src/main/resources
[INFO] 
[INFO] --- maven-compiler-plugin:3.10.1:compile (default-compile) @ phoenicis-engines ---
[INFO] Changes detected - recompiling the module!
[INFO] Compiling 13 source files to /home/gabsko/breaking-updates/phoenicis-engines/target/classes
[INFO] 
[INFO] --- maven-resources-plugin:2.6:testResources (default-testResources) @ phoenicis-engines ---
[INFO] Using 'UTF-8' encoding to copy filtered resources.
[INFO] skip non existing resourceDirectory /home/gabsko/breaking-updates/phoenicis-engines/src/test/resources
[INFO] 
[INFO] --- maven-compiler-plugin:3.10.1:testCompile (default-testCompile) @ phoenicis-engines ---
[INFO] No sources to compile
[INFO] 
[INFO] --- maven-surefire-plugin:3.0.0-M7:test (default-test) @ phoenicis-engines ---
[INFO] No tests to run.
[INFO] 
[INFO] ------------------< org.phoenicis:phoenicis-settings >------------------
[INFO] Building phoenicis-settings 5.0-SNAPSHOT                         [11/16]
[INFO] --------------------------------[ jar ]---------------------------------
[INFO] 
[INFO] --- maven-clean-plugin:2.5:clean (default-clean) @ phoenicis-settings ---
[INFO] Deleting /home/gabsko/breaking-updates/phoenicis-settings/target
[INFO] 
[INFO] --- sortpom-maven-plugin:3.2.0:sort (default) @ phoenicis-settings ---
[INFO] Sorting file /home/gabsko/breaking-updates/phoenicis-settings/pom.xml
[INFO] Pom file is already sorted, exiting
[INFO] 
[INFO] --- buildnumber-maven-plugin:3.0.0:create (default) @ phoenicis-settings ---
[INFO] 
[INFO] --- jacoco-maven-plugin:0.8.8:prepare-agent (agent) @ phoenicis-settings ---
[INFO] argLine set to -javaagent:/home/gabsko/.m2/repository/org/jacoco/org.jacoco.agent/0.8.8/org.jacoco.agent-0.8.8-runtime.jar=destfile=/home/gabsko/breaking-updates/phoenicis-settings/target/jacoco.exec,excludes=**/org/phoenicis/javafx/**:**/org/phoenicis/app/**
[INFO] 
[INFO] --- formatter-maven-plugin:2.20.0:format (default) @ phoenicis-settings ---
[INFO] Processed 4 files in 10ms (Formatted: 0, Unchanged: 4, Failed: 0, Readonly: 0)
[INFO] 
[INFO] --- maven-resources-plugin:2.6:resources (default-resources) @ phoenicis-settings ---
[INFO] Using 'UTF-8' encoding to copy filtered resources.
[INFO] skip non existing resourceDirectory /home/gabsko/breaking-updates/phoenicis-settings/src/main/resources
[INFO] 
[INFO] --- maven-compiler-plugin:3.10.1:compile (default-compile) @ phoenicis-settings ---
[INFO] Changes detected - recompiling the module!
[INFO] Compiling 4 source files to /home/gabsko/breaking-updates/phoenicis-settings/target/classes
[INFO] 
[INFO] --- maven-resources-plugin:2.6:testResources (default-testResources) @ phoenicis-settings ---
[INFO] Using 'UTF-8' encoding to copy filtered resources.
[INFO] skip non existing resourceDirectory /home/gabsko/breaking-updates/phoenicis-settings/src/test/resources
[INFO] 
[INFO] --- maven-compiler-plugin:3.10.1:testCompile (default-testCompile) @ phoenicis-settings ---
[INFO] No sources to compile
[INFO] 
[INFO] --- maven-surefire-plugin:3.0.0-M7:test (default-test) @ phoenicis-settings ---
[INFO] No tests to run.
[INFO] 
[INFO] -----------------< org.phoenicis:phoenicis-containers >-----------------
[INFO] Building phoenicis-containers 5.0-SNAPSHOT                       [12/16]
[INFO] --------------------------------[ jar ]---------------------------------
[INFO] 
[INFO] --- maven-clean-plugin:2.5:clean (default-clean) @ phoenicis-containers ---
[INFO] Deleting /home/gabsko/breaking-updates/phoenicis-containers/target
[INFO] 
[INFO] --- sortpom-maven-plugin:3.2.0:sort (default) @ phoenicis-containers ---
[INFO] Sorting file /home/gabsko/breaking-updates/phoenicis-containers/pom.xml
[INFO] Pom file is already sorted, exiting
[INFO] 
[INFO] --- buildnumber-maven-plugin:3.0.0:create (default) @ phoenicis-containers ---
[INFO] 
[INFO] --- jacoco-maven-plugin:0.8.8:prepare-agent (agent) @ phoenicis-containers ---
[INFO] argLine set to -javaagent:/home/gabsko/.m2/repository/org/jacoco/org.jacoco.agent/0.8.8/org.jacoco.agent-0.8.8-runtime.jar=destfile=/home/gabsko/breaking-updates/phoenicis-containers/target/jacoco.exec,excludes=**/org/phoenicis/javafx/**:**/org/phoenicis/app/**
[INFO] 
[INFO] --- formatter-maven-plugin:2.20.0:format (default) @ phoenicis-containers ---
[INFO] Processed 7 files in 17ms (Formatted: 0, Unchanged: 7, Failed: 0, Readonly: 0)
[INFO] 
[INFO] --- maven-resources-plugin:2.6:resources (default-resources) @ phoenicis-containers ---
[INFO] Using 'UTF-8' encoding to copy filtered resources.
[INFO] skip non existing resourceDirectory /home/gabsko/breaking-updates/phoenicis-containers/src/main/resources
[INFO] 
[INFO] --- maven-compiler-plugin:3.10.1:compile (default-compile) @ phoenicis-containers ---
[INFO] Changes detected - recompiling the module!
[INFO] Compiling 7 source files to /home/gabsko/breaking-updates/phoenicis-containers/target/classes
[INFO] 
[INFO] --- maven-resources-plugin:2.6:testResources (default-testResources) @ phoenicis-containers ---
[INFO] Using 'UTF-8' encoding to copy filtered resources.
[INFO] skip non existing resourceDirectory /home/gabsko/breaking-updates/phoenicis-containers/src/test/resources
[INFO] 
[INFO] --- maven-compiler-plugin:3.10.1:testCompile (default-testCompile) @ phoenicis-containers ---
[INFO] No sources to compile
[INFO] 
[INFO] --- maven-surefire-plugin:3.0.0-M7:test (default-test) @ phoenicis-containers ---
[INFO] No tests to run.
[INFO] 
[INFO] -------------------< org.phoenicis:phoenicis-javafx >-------------------
[INFO] Building phoenicis-javafx 5.0-SNAPSHOT                           [13/16]
[INFO] --------------------------------[ jar ]---------------------------------
[INFO] 
[INFO] --- maven-clean-plugin:2.5:clean (default-clean) @ phoenicis-javafx ---
[INFO] Deleting /home/gabsko/breaking-updates/phoenicis-javafx/target
[INFO] 
[INFO] --- sortpom-maven-plugin:3.2.0:sort (default) @ phoenicis-javafx ---
[INFO] Sorting file /home/gabsko/breaking-updates/phoenicis-javafx/pom.xml
[INFO] Pom file is already sorted, exiting
[INFO] 
[INFO] --- buildnumber-maven-plugin:3.0.0:create (default) @ phoenicis-javafx ---
[INFO] 
[INFO] --- jacoco-maven-plugin:0.8.8:prepare-agent (agent) @ phoenicis-javafx ---
[INFO] argLine set to -javaagent:/home/gabsko/.m2/repository/org/jacoco/org.jacoco.agent/0.8.8/org.jacoco.agent-0.8.8-runtime.jar=destfile=/home/gabsko/breaking-updates/phoenicis-javafx/target/jacoco.exec,excludes=**/org/phoenicis/javafx/**:**/org/phoenicis/app/**
[INFO] 
[INFO] --- lesscss-maven-plugin:1.2.1:compile (default) @ phoenicis-javafx ---
[INFO] Compiling 10 sources to /home/gabsko/breaking-updates/phoenicis-javafx/target/classes
[INFO] Finished sources compilation in 871 milliseconds
[INFO] 
[INFO] --- formatter-maven-plugin:2.20.0:format (default) @ phoenicis-javafx ---
[INFO] Processed 199 files in 421ms (Formatted: 0, Unchanged: 199, Failed: 0, Readonly: 0)
[INFO] 
[INFO] --- maven-resources-plugin:2.6:resources (default-resources) @ phoenicis-javafx ---
[INFO] Using 'UTF-8' encoding to copy filtered resources.
[INFO] Copying 125 resources
[INFO] 
[INFO] --- maven-compiler-plugin:3.10.1:compile (default-compile) @ phoenicis-javafx ---
[INFO] Changes detected - recompiling the module!
[INFO] Compiling 198 source files to /home/gabsko/breaking-updates/phoenicis-javafx/target/classes
[INFO] /home/gabsko/breaking-updates/phoenicis-javafx/src/main/java/org/phoenicis/javafx/components/common/skin/SidebarToggleGroupBaseSkin.java: Some input files use unchecked or unsafe operations.
[INFO] /home/gabsko/breaking-updates/phoenicis-javafx/src/main/java/org/phoenicis/javafx/components/common/skin/SidebarToggleGroupBaseSkin.java: Recompile with -Xlint:unchecked for details.
[INFO] 
[INFO] --- maven-resources-plugin:2.6:testResources (default-testResources) @ phoenicis-javafx ---
[INFO] Using 'UTF-8' encoding to copy filtered resources.
[INFO] Copying 1 resource
[INFO] 
[INFO] --- maven-compiler-plugin:3.10.1:testCompile (default-testCompile) @ phoenicis-javafx ---
[INFO] Changes detected - recompiling the module!
[INFO] Compiling 1 source file to /home/gabsko/breaking-updates/phoenicis-javafx/target/test-classes
[INFO] 
[INFO] --- maven-surefire-plugin:3.0.0-M7:test (default-test) @ phoenicis-javafx ---
[INFO] Using auto detected provider org.apache.maven.surefire.junit4.JUnit4Provider
[INFO] 
[INFO] -------------------------------------------------------
[INFO]  T E S T S
[INFO] -------------------------------------------------------
WARNING: Unknown module: javafx.graphics specified to --add-exports
[INFO] Running org.phoenicis.javafx.AppConfigurationInitialisationTest
[WARNING] Tests run: 1, Failures: 0, Errors: 0, Skipped: 1, Time elapsed: 0.041 s - in org.phoenicis.javafx.AppConfigurationInitialisationTest
[INFO] 
[INFO] Results:
[INFO] 
[WARNING] Tests run: 1, Failures: 0, Errors: 0, Skipped: 1
[INFO] 
[INFO] 
[INFO] --------------------< org.phoenicis:phoenicis-cli >---------------------
[INFO] Building phoenicis-cli 5.0-SNAPSHOT                              [14/16]
[INFO] --------------------------------[ jar ]---------------------------------
[INFO] 
[INFO] --- maven-clean-plugin:2.5:clean (default-clean) @ phoenicis-cli ---
[INFO] Deleting /home/gabsko/breaking-updates/phoenicis-cli/target
[INFO] 
[INFO] --- sortpom-maven-plugin:3.2.0:sort (default) @ phoenicis-cli ---
[INFO] Sorting file /home/gabsko/breaking-updates/phoenicis-cli/pom.xml
[INFO] Pom file is already sorted, exiting
[INFO] 
[INFO] --- buildnumber-maven-plugin:3.0.0:create (default) @ phoenicis-cli ---
[INFO] 
[INFO] --- jacoco-maven-plugin:0.8.8:prepare-agent (agent) @ phoenicis-cli ---
[INFO] argLine set to -javaagent:/home/gabsko/.m2/repository/org/jacoco/org.jacoco.agent/0.8.8/org.jacoco.agent-0.8.8-runtime.jar=destfile=/home/gabsko/breaking-updates/phoenicis-cli/target/jacoco.exec,excludes=**/org/phoenicis/javafx/**:**/org/phoenicis/app/**
[INFO] 
[INFO] --- formatter-maven-plugin:2.20.0:format (default) @ phoenicis-cli ---
[INFO] Processed 9 files in 25ms (Formatted: 0, Unchanged: 9, Failed: 0, Readonly: 0)
[INFO] 
[INFO] --- maven-resources-plugin:2.6:resources (default-resources) @ phoenicis-cli ---
[INFO] Using 'UTF-8' encoding to copy filtered resources.
[INFO] skip non existing resourceDirectory /home/gabsko/breaking-updates/phoenicis-cli/src/main/resources
[INFO] 
[INFO] --- maven-compiler-plugin:3.10.1:compile (default-compile) @ phoenicis-cli ---
[INFO] Changes detected - recompiling the module!
[INFO] Compiling 8 source files to /home/gabsko/breaking-updates/phoenicis-cli/target/classes
[INFO] 
[INFO] --- maven-resources-plugin:2.6:testResources (default-testResources) @ phoenicis-cli ---
[INFO] Using 'UTF-8' encoding to copy filtered resources.
[INFO] Copying 6 resources
[INFO] 
[INFO] --- maven-compiler-plugin:3.10.1:testCompile (default-testCompile) @ phoenicis-cli ---
[INFO] Changes detected - recompiling the module!
[INFO] Compiling 1 source file to /home/gabsko/breaking-updates/phoenicis-cli/target/test-classes
[INFO] /home/gabsko/breaking-updates/phoenicis-cli/src/test/java/org.phoenicis.cli/PhoenicisCLITest.java: /home/gabsko/breaking-updates/phoenicis-cli/src/test/java/org.phoenicis.cli/PhoenicisCLITest.java uses or overrides a deprecated API.
[INFO] /home/gabsko/breaking-updates/phoenicis-cli/src/test/java/org.phoenicis.cli/PhoenicisCLITest.java: Recompile with -Xlint:deprecation for details.
[INFO] 
[INFO] --- maven-surefire-plugin:3.0.0-M7:test (default-test) @ phoenicis-cli ---
[INFO] Using auto detected provider org.apache.maven.surefire.junit4.JUnit4Provider
[INFO] 
[INFO] -------------------------------------------------------
[INFO]  T E S T S
[INFO] -------------------------------------------------------
WARNING: Unknown module: javafx.graphics specified to --add-exports
[INFO] Running org.phoenicis.cli.PhoenicisCLITest
ERROR StatusLogger No Log4j 2 configuration file found. Using default configuration (logging only errors to the console), or user programmatically provided configurations. Set system property 'log4j2.debug' to show Log4j 2 internal initialization logging. See https://logging.apache.org/log4j/2.x/manual/configuration.html for instructions on how to configure Log4j 2
[INFO ] org.phoenicis.repository.DefaultRepositoryManager (l.133) - Adding repositories: [org.phoenicis.repository.location.GitRepositoryLocation@21ab988f[https://github.com/PhoenicisOrg/scripts,master], org.phoenicis.repository.location.ClasspathRepositoryLocation@29314cc9[/org/phoenicis/repository]] at index 0
[INFO ] org.phoenicis.repository.DefaultRepositoryManager (l.133) - Adding repositories: [org.phoenicis.repository.location.ClasspathRepositoryLocation@6145b81e[/org/phoenicis/cli/testRepository]] at index 0
[INFO ] org.phoenicis.repository.types.MultipleRepository (l.46) - Fetching applications for: org.phoenicis.repository.types.MultipleRepository@745c2004[repositories=[org.phoenicis.repository.types.ClasspathRepository@6da9dc6[packagePath=/org/phoenicis/cli/testRepository]]]
Test script
[ERROR] org.phoenicis.multithreading.ControlledThreadPoolExecutorService (l.64) - java.lang.NullPointerException
	at org.phoenicis.cli.CLIController.lambda$installApp$2(CLIController.java:122)
	at org.phoenicis.scripts.session.PhoenicisInteractiveScriptSession.eval(PhoenicisInteractiveScriptSession.java:35)
	at org.phoenicis.scripts.interpreter.BackgroundScriptInterpreter.lambda$createInteractiveSession$1(BackgroundScriptInterpreter.java:45)
	at java.base/java.util.concurrent.ThreadPoolExecutor.runWorker(ThreadPoolExecutor.java:1128)
	at java.base/java.util.concurrent.ThreadPoolExecutor$Worker.run(ThreadPoolExecutor.java:628)
	at java.base/java.lang.Thread.run(Thread.java:829)

Exception in thread "pool-8-thread-1" java.lang.NullPointerException
	at org.phoenicis.cli.CLIController.lambda$installApp$2(CLIController.java:122)
	at org.phoenicis.scripts.session.PhoenicisInteractiveScriptSession.eval(PhoenicisInteractiveScriptSession.java:35)
	at org.phoenicis.scripts.interpreter.BackgroundScriptInterpreter.lambda$createInteractiveSession$1(BackgroundScriptInterpreter.java:45)
	at java.base/java.util.concurrent.ThreadPoolExecutor.runWorker(ThreadPoolExecutor.java:1128)
	at java.base/java.util.concurrent.ThreadPoolExecutor$Worker.run(ThreadPoolExecutor.java:628)
	at java.base/java.lang.Thread.run(Thread.java:829)
[INFO] Tests run: 2, Failures: 0, Errors: 0, Skipped: 0, Time elapsed: 2.22 s - in org.phoenicis.cli.PhoenicisCLITest
[INFO] 
[INFO] Results:
[INFO] 
[INFO] Tests run: 2, Failures: 0, Errors: 0, Skipped: 0
[INFO] 
[INFO] 
[INFO] --------------------< org.phoenicis:phoenicis-dist >--------------------
[INFO] Building phoenicis-dist 5.0-SNAPSHOT                             [15/16]
[INFO] --------------------------------[ jar ]---------------------------------
[INFO] 
[INFO] --- maven-clean-plugin:2.5:clean (default-clean) @ phoenicis-dist ---
[INFO] 
[INFO] --- sortpom-maven-plugin:3.2.0:sort (default) @ phoenicis-dist ---
[INFO] Sorting file /home/gabsko/breaking-updates/phoenicis-dist/pom.xml
[INFO] Pom file is already sorted, exiting
[INFO] 
[INFO] --- buildnumber-maven-plugin:3.0.0:create (default) @ phoenicis-dist ---
[INFO] 
[INFO] --- jacoco-maven-plugin:0.8.8:prepare-agent (agent) @ phoenicis-dist ---
[INFO] argLine set to -javaagent:/home/gabsko/.m2/repository/org/jacoco/org.jacoco.agent/0.8.8/org.jacoco.agent-0.8.8-runtime.jar=destfile=/home/gabsko/breaking-updates/phoenicis-dist/target/jacoco.exec,excludes=**/org/phoenicis/javafx/**:**/org/phoenicis/app/**
[INFO] 
[INFO] --- formatter-maven-plugin:2.20.0:format (default) @ phoenicis-dist ---
[INFO] 
[INFO] --- maven-resources-plugin:2.6:resources (default-resources) @ phoenicis-dist ---
[INFO] Using 'UTF-8' encoding to copy filtered resources.
[INFO] skip non existing resourceDirectory /home/gabsko/breaking-updates/phoenicis-dist/src/main/resources
[INFO] 
[INFO] --- maven-compiler-plugin:3.10.1:compile (default-compile) @ phoenicis-dist ---
[INFO] No sources to compile
[INFO] 
[INFO] --- maven-resources-plugin:2.6:testResources (default-testResources) @ phoenicis-dist ---
[INFO] Using 'UTF-8' encoding to copy filtered resources.
[INFO] skip non existing resourceDirectory /home/gabsko/breaking-updates/phoenicis-dist/src/test/resources
[INFO] 
[INFO] --- maven-compiler-plugin:3.10.1:testCompile (default-testCompile) @ phoenicis-dist ---
[INFO] No sources to compile
[INFO] 
[INFO] --- maven-surefire-plugin:3.0.0-M7:test (default-test) @ phoenicis-dist ---
[INFO] No tests to run.
[INFO] 
[INFO] -------------------< org.phoenicis:phoenicis-tests >--------------------
[INFO] Building phoenicis-tests 5.0-SNAPSHOT                            [16/16]
[INFO] --------------------------------[ jar ]---------------------------------
[INFO] 
[INFO] --- maven-clean-plugin:2.5:clean (default-clean) @ phoenicis-tests ---
[INFO] Deleting /home/gabsko/breaking-updates/phoenicis-tests/target
[INFO] 
[INFO] --- sortpom-maven-plugin:3.2.0:sort (default) @ phoenicis-tests ---
[INFO] Sorting file /home/gabsko/breaking-updates/phoenicis-tests/pom.xml
[INFO] Pom file is already sorted, exiting
[INFO] 
[INFO] --- buildnumber-maven-plugin:3.0.0:create (default) @ phoenicis-tests ---
[INFO] 
[INFO] --- jacoco-maven-plugin:0.8.8:prepare-agent (agent) @ phoenicis-tests ---
[INFO] argLine set to -javaagent:/home/gabsko/.m2/repository/org/jacoco/org.jacoco.agent/0.8.8/org.jacoco.agent-0.8.8-runtime.jar=destfile=/home/gabsko/breaking-updates/phoenicis-tests/target/jacoco.exec,excludes=**/org/phoenicis/javafx/**:**/org/phoenicis/app/**
[INFO] 
[INFO] --- formatter-maven-plugin:2.20.0:format (default) @ phoenicis-tests ---
[INFO] Processed 7 files in 16ms (Formatted: 0, Unchanged: 7, Failed: 0, Readonly: 0)
[INFO] 
[INFO] --- maven-resources-plugin:2.6:resources (default-resources) @ phoenicis-tests ---
[INFO] Using 'UTF-8' encoding to copy filtered resources.
[INFO] Copying 1 resource
[INFO] 
[INFO] --- maven-compiler-plugin:3.10.1:compile (default-compile) @ phoenicis-tests ---
[INFO] Changes detected - recompiling the module!
[INFO] Compiling 5 source files to /home/gabsko/breaking-updates/phoenicis-tests/target/classes
[INFO] 
[INFO] --- maven-resources-plugin:2.6:testResources (default-testResources) @ phoenicis-tests ---
[INFO] Using 'UTF-8' encoding to copy filtered resources.
[INFO] skip non existing resourceDirectory /home/gabsko/breaking-updates/phoenicis-tests/src/test/resources
[INFO] 
[INFO] --- maven-compiler-plugin:3.10.1:testCompile (default-testCompile) @ phoenicis-tests ---
[INFO] Changes detected - recompiling the module!
[INFO] Compiling 2 source files to /home/gabsko/breaking-updates/phoenicis-tests/target/test-classes
[INFO] /home/gabsko/breaking-updates/phoenicis-tests/src/test/java/org/phoenicis/tests/TranslatableContractTest.java: Some input files use or override a deprecated API.
[INFO] /home/gabsko/breaking-updates/phoenicis-tests/src/test/java/org/phoenicis/tests/TranslatableContractTest.java: Recompile with -Xlint:deprecation for details.
[INFO] 
[INFO] --- maven-surefire-plugin:3.0.0-M7:test (default-test) @ phoenicis-tests ---
[INFO] Using auto detected provider org.apache.maven.surefire.junit4.JUnit4Provider
[INFO] 
[INFO] -------------------------------------------------------
[INFO]  T E S T S
[INFO] -------------------------------------------------------
WARNING: Unknown module: javafx.graphics specified to --add-exports
[INFO] Running org.phoenicis.tests.DTOContractTest
ERROR StatusLogger No Log4j 2 configuration file found. Using default configuration (logging only errors to the console), or user programmatically provided configurations. Set system property 'log4j2.debug' to show Log4j 2 internal initialization logging. See https://logging.apache.org/log4j/2.x/manual/configuration.html for instructions on how to configure Log4j 2
[INFO] Tests run: 85, Failures: 0, Errors: 0, Skipped: 0, Time elapsed: 1.056 s - in org.phoenicis.tests.DTOContractTest
[INFO] Running org.phoenicis.tests.TranslatableContractTest
[INFO] Tests run: 18, Failures: 0, Errors: 0, Skipped: 0, Time elapsed: 0.021 s - in org.phoenicis.tests.TranslatableContractTest
[INFO] 
[INFO] Results:
[INFO] 
[INFO] Tests run: 103, Failures: 0, Errors: 0, Skipped: 0
[INFO] 
[INFO] ------------------------------------------------------------------------
[INFO] Reactor Summary for phoenicis 5.0-SNAPSHOT:
[INFO] 
[INFO] phoenicis .......................................... SUCCESS [  0.711 s]
[INFO] phoenicis-configuration ............................ SUCCESS [  2.939 s]
[INFO] phoenicis-entities ................................. SUCCESS [  0.393 s]
[INFO] phoenicis-multithreading ........................... SUCCESS [  0.936 s]
[INFO] phoenicis-win32 .................................... SUCCESS [  0.824 s]
[INFO] phoenicis-tools .................................... SUCCESS [  4.004 s]
[INFO] phoenicis-repository ............................... SUCCESS [  1.654 s]
[INFO] phoenicis-scripts .................................. SUCCESS [  0.272 s]
[INFO] phoenicis-library .................................. SUCCESS [  0.207 s]
[INFO] phoenicis-engines .................................. SUCCESS [  0.231 s]
[INFO] phoenicis-settings ................................. SUCCESS [  0.107 s]
[INFO] phoenicis-containers ............................... SUCCESS [  0.155 s]
[INFO] phoenicis-javafx ................................... SUCCESS [  3.111 s]
[INFO] phoenicis-cli ...................................... SUCCESS [  2.709 s]
[INFO] phoenicis-dist ..................................... SUCCESS [  0.027 s]
[INFO] phoenicis-tests .................................... SUCCESS [  1.600 s]
[INFO] ------------------------------------------------------------------------
[INFO] BUILD SUCCESS
[INFO] ------------------------------------------------------------------------
[INFO] Total time:  20.027 s
[INFO] Finished at: 2023-01-16T18:05:51Z
[INFO] ------------------------------------------------------------------------
