[INFO] Scanning for projects...
[INFO] ------------------------------------------------------------------------
[INFO] Reactor Build Order:
[INFO] 
[INFO] chartfx                                                            [pom]
[INFO] chartfx-generate                                          [maven-plugin]
[INFO] dataset                                                            [jar]
[INFO] math                                                               [jar]
[INFO] chartfx-chart                                                      [jar]
[INFO] microservice                                                       [jar]
[INFO] acc                                                                [jar]
[INFO] chartfx-samples                                                    [jar]
[INFO] report                                                             [jar]
[INFO] 
[INFO] ---------------------------< de.gsi:chartfx >---------------------------
[INFO] Building chartfx master-SNAPSHOT                                   [1/9]
[INFO] --------------------------------[ pom ]---------------------------------
[INFO] 
[INFO] --- maven-clean-plugin:3.1.0:clean (default-clean) @ chartfx ---
[INFO] 
[INFO] --- flatten-maven-plugin:1.1.0:clean (flatten.clean) @ chartfx ---
[INFO] Deleting /home/gabsko/breaking-updates/.flattened-pom.xml
[INFO] 
[INFO] --- jacoco-maven-plugin:0.8.6:prepare-agent (default) @ chartfx ---
[INFO] argLine set to -javaagent:/home/gabsko/.m2/repository/org/jacoco/org.jacoco.agent/0.8.6/org.jacoco.agent-0.8.6-runtime.jar=destfile=/home/gabsko/breaking-updates/target/jacoco.exec
[INFO] 
[INFO] --- flatten-maven-plugin:1.1.0:flatten (flatten) @ chartfx ---
[INFO] Generating flattened POM of project de.gsi:chartfx:pom:master-SNAPSHOT...
[INFO] 
[INFO] --- jacoco-maven-plugin:0.8.6:report (report) @ chartfx ---
[INFO] Skipping JaCoCo execution due to missing execution data file.
[INFO] 
[INFO] ------------------< de.gsi.generate:chartfx-generate >------------------
[INFO] Building chartfx-generate master-SNAPSHOT                          [2/9]
[INFO] ----------------------------[ maven-plugin ]----------------------------
[INFO] 
[INFO] --- maven-clean-plugin:3.1.0:clean (default-clean) @ chartfx-generate ---
[INFO] Clean is skipped.
[INFO] 
[INFO] --- flatten-maven-plugin:1.1.0:clean (flatten.clean) @ chartfx-generate ---
[INFO] Deleting /home/gabsko/breaking-updates/chartfx-generate/.flattened-pom.xml
[INFO] 
[INFO] --- maven-compiler-plugin:3.8.1:compile (compile4clean) @ chartfx-generate ---
[INFO] Nothing to compile - all classes are up to date
[INFO] 
[INFO] --- jacoco-maven-plugin:0.8.6:prepare-agent (default) @ chartfx-generate ---
[INFO] argLine set to -javaagent:/home/gabsko/.m2/repository/org/jacoco/org.jacoco.agent/0.8.6/org.jacoco.agent-0.8.6-runtime.jar=destfile=/home/gabsko/breaking-updates/chartfx-generate/target/jacoco.exec
[INFO] 
[INFO] --- maven-resources-plugin:2.6:resources (default-resources) @ chartfx-generate ---
[INFO] Using 'UTF-8' encoding to copy filtered resources.
[INFO] skip non existing resourceDirectory /home/gabsko/breaking-updates/chartfx-generate/src/main/resources
[INFO] 
[INFO] --- flatten-maven-plugin:1.1.0:flatten (flatten) @ chartfx-generate ---
[INFO] Generating flattened POM of project de.gsi.generate:chartfx-generate:maven-plugin:master-SNAPSHOT...
[INFO] 
[INFO] --- maven-compiler-plugin:3.8.1:compile (default-compile) @ chartfx-generate ---
[INFO] Nothing to compile - all classes are up to date
[INFO] 
[INFO] --- maven-plugin-plugin:3.6.0:descriptor (earlierPluginXML) @ chartfx-generate ---
[INFO] Using 'UTF-8' encoding to read mojo source files.
[INFO] java-javadoc mojo extractor found 0 mojo descriptor.
[INFO] java-annotations mojo extractor found 1 mojo descriptor.
[INFO] 
[INFO] --- maven-plugin-plugin:3.6.0:descriptor (default-descriptor) @ chartfx-generate ---
[INFO] Using 'UTF-8' encoding to read mojo source files.
[INFO] java-javadoc mojo extractor found 0 mojo descriptor.
[INFO] java-annotations mojo extractor found 1 mojo descriptor.
[INFO] 
[INFO] --- maven-resources-plugin:2.6:testResources (default-testResources) @ chartfx-generate ---
[INFO] Using 'UTF-8' encoding to copy filtered resources.
[INFO] skip non existing resourceDirectory /home/gabsko/breaking-updates/chartfx-generate/src/test/resources
[INFO] 
[INFO] --- maven-compiler-plugin:3.8.1:testCompile (default-testCompile) @ chartfx-generate ---
[INFO] No sources to compile
[INFO] 
[INFO] --- maven-surefire-plugin:3.0.0-M5:test (default-test) @ chartfx-generate ---
[INFO] No tests to run.
[INFO] 
[INFO] --- jacoco-maven-plugin:0.8.6:report (report) @ chartfx-generate ---
[INFO] Skipping JaCoCo execution due to missing execution data file.
[INFO] 
[INFO] -------------------< de.gsi.dataset:chartfx-dataset >-------------------
[INFO] Building dataset master-SNAPSHOT                                   [3/9]
[INFO] --------------------------------[ jar ]---------------------------------
[INFO] 
[INFO] --- maven-clean-plugin:3.1.0:clean (default-clean) @ chartfx-dataset ---
[INFO] Deleting /home/gabsko/breaking-updates/chartfx-dataset/target
[INFO] 
[INFO] --- flatten-maven-plugin:1.1.0:clean (flatten.clean) @ chartfx-dataset ---
[INFO] Deleting /home/gabsko/breaking-updates/chartfx-dataset/.flattened-pom.xml
[INFO] 
[INFO] --- jacoco-maven-plugin:0.8.6:prepare-agent (default) @ chartfx-dataset ---
[INFO] argLine set to -javaagent:/home/gabsko/.m2/repository/org/jacoco/org.jacoco.agent/0.8.6/org.jacoco.agent-0.8.6-runtime.jar=destfile=/home/gabsko/breaking-updates/chartfx-dataset/target/jacoco.exec
[INFO] 
[INFO] --- chartfx-generate:master-SNAPSHOT:generate-sources (generate-sources) @ chartfx-dataset ---
[INFO] Added directory for generated sources to compile sources: /home/gabsko/breaking-updates/chartfx-dataset/target/generated-sources/codegen
[INFO] Generating primitive types for class MultiArrayProto
[INFO] 
[INFO] --- maven-resources-plugin:2.6:resources (default-resources) @ chartfx-dataset ---
[INFO] Using 'UTF-8' encoding to copy filtered resources.
[INFO] skip non existing resourceDirectory /home/gabsko/breaking-updates/chartfx-dataset/src/main/resources
[INFO] 
[INFO] --- flatten-maven-plugin:1.1.0:flatten (flatten) @ chartfx-dataset ---
[INFO] Generating flattened POM of project de.gsi.dataset:chartfx-dataset:jar:master-SNAPSHOT...
[INFO] 
[INFO] --- maven-compiler-plugin:3.8.1:compile (default-compile) @ chartfx-dataset ---
[INFO] Changes detected - recompiling the module!
[INFO] Compiling 131 source files to /home/gabsko/breaking-updates/chartfx-dataset/target/classes
[INFO] /home/gabsko/breaking-updates/chartfx-dataset/src/main/java/de/gsi/dataset/spi/AbstractDataSet.java: Some input files use unchecked or unsafe operations.
[INFO] /home/gabsko/breaking-updates/chartfx-dataset/src/main/java/de/gsi/dataset/spi/AbstractDataSet.java: Recompile with -Xlint:unchecked for details.
[INFO] 
[INFO] --- maven-resources-plugin:2.6:testResources (default-testResources) @ chartfx-dataset ---
[INFO] Using 'UTF-8' encoding to copy filtered resources.
[INFO] Copying 2 resources
[INFO] 
[INFO] --- maven-compiler-plugin:3.8.1:testCompile (default-testCompile) @ chartfx-dataset ---
[INFO] Changes detected - recompiling the module!
[INFO] Compiling 50 source files to /home/gabsko/breaking-updates/chartfx-dataset/target/test-classes
[INFO] /home/gabsko/breaking-updates/chartfx-dataset/src/test/java/de/gsi/dataset/utils/CacheTests.java: Some input files use unchecked or unsafe operations.
[INFO] /home/gabsko/breaking-updates/chartfx-dataset/src/test/java/de/gsi/dataset/utils/CacheTests.java: Recompile with -Xlint:unchecked for details.
[INFO] 
[INFO] --- maven-surefire-plugin:3.0.0-M5:test (default-test) @ chartfx-dataset ---
[INFO] 
[INFO] -------------------------------------------------------
[INFO]  T E S T S
[INFO] -------------------------------------------------------
[ERROR] Jan 17, 2023 4:24:08 PM org.junit.platform.launcher.core.LauncherConfigurationParameters loadClasspathResource
[ERROR] INFO: Loading JUnit Platform configuration parameters from classpath resource [file:/home/gabsko/breaking-updates/chartfx-dataset/target/test-classes/junit-platform.properties].
[INFO] Running de.gsi.dataset.spi.DoubleDataSetTests
[main] DEBUG de.gsi.dataset.spi.DoubleDataSetTests - info: data set 'DoubleDataSet' with nDim = 2 and nData = 0
[main] DEBUG de.gsi.dataset.spi.DoubleDataSetTests - info: data set 'DoubleDataSet' with nDim = 2 and nData = 3
[main] DEBUG de.gsi.dataset.spi.DoubleDataSetTests - info: data set 'DoubleDataSet' with nDim = 2 and nData = 6
[main] DEBUG de.gsi.dataset.spi.DoubleDataSetTests - info: data set 'DoubleDataSet' with nDim = 2 and nData = 9
[main] DEBUG de.gsi.dataset.spi.DoubleDataSetTests - info: data set 'DoubleDataSet' with nDim = 2 and nData = 12
[main] DEBUG de.gsi.dataset.spi.DoubleDataSetTests - info: data set 'DoubleDataSet' with nDim = 2 and nData = 15
[main] DEBUG de.gsi.dataset.spi.DoubleDataSetTests - info: data set 'DoubleDataSet' with nDim = 2 and nData = 18
[main] DEBUG de.gsi.dataset.spi.DoubleDataSetTests - info: data set 'DoubleDataSet' with nDim = 2 and nData = 21
[main] DEBUG de.gsi.dataset.spi.DoubleDataSetTests - info: data set 'DoubleDataSet' with nDim = 2 and nData = 0
[INFO] Tests run: 6, Failures: 0, Errors: 0, Skipped: 0, Time elapsed: 0.181 s - in de.gsi.dataset.spi.DoubleDataSetTests
[INFO] Running de.gsi.dataset.remote.DataTests
[INFO] Tests run: 2, Failures: 0, Errors: 0, Skipped: 0, Time elapsed: 0.006 s - in de.gsi.dataset.remote.DataTests
[INFO] Running de.gsi.dataset.utils.LimitedQueueTests
[INFO] Tests run: 1, Failures: 0, Errors: 0, Skipped: 0, Time elapsed: 0.002 s - in de.gsi.dataset.utils.LimitedQueueTests
[INFO] Running de.gsi.dataset.spi.CircularDoubleErrorDataSetTests
[INFO] Tests run: 4, Failures: 0, Errors: 0, Skipped: 0, Time elapsed: 0.006 s - in de.gsi.dataset.spi.CircularDoubleErrorDataSetTests
[INFO] Running de.gsi.dataset.locks.DataSetLockTest
[main] DEBUG de.gsi.dataset.locks.DataSetLockTest - WRITER: after first lock
[main] DEBUG de.gsi.dataset.locks.DataSetLockTest - before having invoked first set of simple read[Lock,Unlock] threads
[Thread-4] DEBUG de.gsi.dataset.locks.DataSetLockTest - READER: try to acquire lock for listener #0
[Thread-5] DEBUG de.gsi.dataset.locks.DataSetLockTest - READER: try to acquire lock for listener #1
[main] DEBUG de.gsi.dataset.locks.DataSetLockTest - after having invoked first set of simple read[Lock,Unlock] threads
[Thread-6] DEBUG de.gsi.dataset.locks.DataSetLockTest - READER: try to acquire lock for listener #2
[Thread-7] DEBUG de.gsi.dataset.locks.DataSetLockTest - WRITER-#2: try to acquire write lock for another writer thread
[main] DEBUG de.gsi.dataset.locks.DataSetLockTest - WRITER: after second lock
[main] DEBUG de.gsi.dataset.locks.DataSetLockTest - WRITER: after second un-lock
[main] DEBUG de.gsi.dataset.locks.DataSetLockTest - WRITER: after first un-lock
[main] DEBUG de.gsi.dataset.locks.DataSetLockTest - READLOCKGUARD-#1 - single guard
[main] DEBUG de.gsi.dataset.locks.DataSetLockTest - after having invoked single read lock guard
[main] DEBUG de.gsi.dataset.locks.DataSetLockTest - READLOCKGUARD-#1 -- 1st run
[main] DEBUG de.gsi.dataset.locks.DataSetLockTest - 	READLOCKGUARD-#2 -- 1st run
[main] DEBUG de.gsi.dataset.locks.DataSetLockTest - READER: after first read lock
[main] DEBUG de.gsi.dataset.locks.DataSetLockTest - READER: after second read lock
[main] DEBUG de.gsi.dataset.locks.DataSetLockTest - READER: after second read unlock
[main] DEBUG de.gsi.dataset.locks.DataSetLockTest - READER: after first read unlock
[main] DEBUG de.gsi.dataset.locks.DataSetLockTest - READLOCKGUARD-#1 - single guard
[main] DEBUG de.gsi.dataset.locks.DataSetLockTest - READLOCKGUARD-#1 -- 2nd run
[main] DEBUG de.gsi.dataset.locks.DataSetLockTest - 	READLOCKGUARD-#2 -- 2nd run
[Thread-4] DEBUG de.gsi.dataset.locks.DataSetLockTest - READER: acquired lock for listener #0
[Thread-6] DEBUG de.gsi.dataset.locks.DataSetLockTest - READER: acquired lock for listener #2
[Thread-4] DEBUG de.gsi.dataset.locks.DataSetLockTest - READER: released lock for listener #0
[Thread-6] DEBUG de.gsi.dataset.locks.DataSetLockTest - READER: released lock for listener #2
[Thread-5] DEBUG de.gsi.dataset.locks.DataSetLockTest - READER: acquired lock for listener #1
[Thread-5] DEBUG de.gsi.dataset.locks.DataSetLockTest - READER: released lock for listener #1
[Thread-7] DEBUG de.gsi.dataset.locks.DataSetLockTest - WRITER-#2: acquired write lock for another writer thread
[Thread-7] DEBUG de.gsi.dataset.locks.DataSetLockTest - WRITER-#2: released write lock for another writer thread
[main] DEBUG de.gsi.dataset.locks.DataSetLockTest - finished - testDataSetLock()
[main] DEBUG de.gsi.dataset.locks.DataSetLockTest - established initial read lock()
[main] DEBUG de.gsi.dataset.locks.DataSetLockTest - released initial read lock()
[main] DEBUG de.gsi.dataset.locks.DataSetLockTest - established initial blocking write
[main] DEBUG de.gsi.dataset.locks.DataSetLockTest - released initial blocking write
[main] DEBUG de.gsi.dataset.locks.DataSetLockTest - reached last read lock guard
[main] DEBUG de.gsi.dataset.locks.DataSetLockTest - finished testDataSetLockReadWriteContention()
[INFO] Tests run: 4, Failures: 0, Errors: 0, Skipped: 0, Time elapsed: 6.491 s - in de.gsi.dataset.locks.DataSetLockTest
[INFO] Running de.gsi.dataset.utils.DoubleArrayCacheTests
[INFO] Tests run: 2, Failures: 0, Errors: 0, Skipped: 0, Time elapsed: 1.202 s - in de.gsi.dataset.utils.DoubleArrayCacheTests
[INFO] Running de.gsi.dataset.spi.DimReductionDataSetTests
[INFO] Tests run: 7, Failures: 0, Errors: 0, Skipped: 0, Time elapsed: 0.253 s - in de.gsi.dataset.spi.DimReductionDataSetTests
[INFO] Running de.gsi.dataset.spi.DataSetBuilderTests
[INFO] Tests run: 11, Failures: 0, Errors: 0, Skipped: 0, Time elapsed: 0.04 s - in de.gsi.dataset.spi.DataSetBuilderTests
[INFO] Running de.gsi.dataset.spi.FloatDataSetTests
[INFO] Tests run: 6, Failures: 0, Errors: 0, Skipped: 0, Time elapsed: 0.02 s - in de.gsi.dataset.spi.FloatDataSetTests
[INFO] Running de.gsi.dataset.spi.DataRangeTest
[INFO] Tests run: 6, Failures: 0, Errors: 0, Skipped: 0, Time elapsed: 0.008 s - in de.gsi.dataset.spi.DataRangeTest
[INFO] Running de.gsi.dataset.spi.AveragingDataSetTests
[INFO] Tests run: 1, Failures: 0, Errors: 0, Skipped: 0, Time elapsed: 0.004 s - in de.gsi.dataset.spi.AveragingDataSetTests
[INFO] Running de.gsi.dataset.spi.financial.api.attrs.AttributeModelTest
[INFO] Tests run: 16, Failures: 0, Errors: 0, Skipped: 0, Time elapsed: 0.012 s - in de.gsi.dataset.spi.financial.api.attrs.AttributeModelTest
[INFO] Running de.gsi.dataset.spi.EditableDataSetTests
[INFO] Tests run: 1, Failures: 0, Errors: 0, Skipped: 0, Time elapsed: 0.001 s - in de.gsi.dataset.spi.EditableDataSetTests
[INFO] Running de.gsi.dataset.spi.HistogramTests
[INFO] Tests run: 9, Failures: 0, Errors: 0, Skipped: 0, Time elapsed: 0.01 s - in de.gsi.dataset.spi.HistogramTests
[INFO] Running de.gsi.dataset.utils.NearlyEqualsTests
[INFO] Tests run: 13, Failures: 0, Errors: 0, Skipped: 0, Time elapsed: 0.005 s - in de.gsi.dataset.utils.NearlyEqualsTests
[INFO] Running de.gsi.dataset.utils.CircularBufferTest
[INFO] Tests run: 2, Failures: 0, Errors: 0, Skipped: 0, Time elapsed: 0.006 s - in de.gsi.dataset.utils.CircularBufferTest
[INFO] Running de.gsi.dataset.spi.FifoDoubleErrorDataSetTests
[INFO] Tests run: 2, Failures: 0, Errors: 0, Skipped: 0, Time elapsed: 0.005 s - in de.gsi.dataset.spi.FifoDoubleErrorDataSetTests
[INFO] Running de.gsi.dataset.spi.MultiDimDoubleDataSetTests
[INFO] Tests run: 3, Failures: 0, Errors: 0, Skipped: 0, Time elapsed: 0.007 s - in de.gsi.dataset.spi.MultiDimDoubleDataSetTests
[INFO] Running de.gsi.dataset.utils.DoubleCircularBufferTests
[INFO] Tests run: 3, Failures: 0, Errors: 0, Skipped: 0, Time elapsed: 0.003 s - in de.gsi.dataset.utils.DoubleCircularBufferTests
[INFO] Running de.gsi.dataset.FormatterTests
[INFO] Tests run: 11, Failures: 0, Errors: 0, Skipped: 0, Time elapsed: 0.05 s - in de.gsi.dataset.FormatterTests
[INFO] Running de.gsi.dataset.spi.GenericDataSetTests
[INFO] Tests run: 36, Failures: 0, Errors: 0, Skipped: 0, Time elapsed: 0.075 s - in de.gsi.dataset.spi.GenericDataSetTests
[INFO] Running de.gsi.dataset.utils.CacheTests
[INFO] Tests run: 5, Failures: 0, Errors: 0, Skipped: 0, Time elapsed: 0.263 s - in de.gsi.dataset.utils.CacheTests
[INFO] Running de.gsi.dataset.utils.SoftHashMapTests
[INFO] Tests run: 4, Failures: 0, Errors: 0, Skipped: 0, Time elapsed: 7.889 s - in de.gsi.dataset.utils.SoftHashMapTests
[INFO] Running de.gsi.dataset.utils.ArrayCacheTests
[INFO] Tests run: 8, Failures: 0, Errors: 0, Skipped: 0, Time elapsed: 0.013 s - in de.gsi.dataset.utils.ArrayCacheTests
[INFO] Running de.gsi.dataset.event.EventSourceTests
[INFO] Tests run: 1, Failures: 0, Errors: 0, Skipped: 0, Time elapsed: 0.017 s - in de.gsi.dataset.event.EventSourceTests
[INFO] Running de.gsi.dataset.utils.ByteBufferOutputStreamTests
[INFO] Tests run: 7, Failures: 0, Errors: 0, Skipped: 0, Time elapsed: 0.014 s - in de.gsi.dataset.utils.ByteBufferOutputStreamTests
[INFO] Running de.gsi.dataset.spi.DataSetEqualityTests
[INFO] Tests run: 2, Failures: 0, Errors: 0, Skipped: 0, Time elapsed: 0.009 s - in de.gsi.dataset.spi.DataSetEqualityTests
[INFO] Running de.gsi.dataset.utils.ByteArrayCacheTests
[INFO] Tests run: 2, Failures: 0, Errors: 0, Skipped: 0, Time elapsed: 1.038 s - in de.gsi.dataset.utils.ByteArrayCacheTests
[INFO] Running de.gsi.dataset.utils.GenericsHelperTests
[INFO] Tests run: 5, Failures: 0, Errors: 0, Skipped: 0, Time elapsed: 0.014 s - in de.gsi.dataset.utils.GenericsHelperTests
[INFO] Running de.gsi.dataset.locks.DataSetLockStressTest
[main] INFO de.gsi.dataset.locks.DataSetLockStressTest - qualitative performance over 10 s: nWrites = 1555920 nReads = 148284
[INFO] Tests run: 1, Failures: 0, Errors: 0, Skipped: 0, Time elapsed: 10.005 s - in de.gsi.dataset.locks.DataSetLockStressTest
[INFO] Running de.gsi.dataset.spi.utils.MultiArrayTest
[INFO] Tests run: 19, Failures: 0, Errors: 0, Skipped: 0, Time elapsed: 0.017 s - in de.gsi.dataset.spi.utils.MultiArrayTest
[INFO] Running de.gsi.dataset.spi.TransposedDataSetTest
[main] DEBUG de.gsi.dataset.spi.TransposedDataSet - applied permutation: [0, 1]
[main] DEBUG de.gsi.dataset.spi.TransposedDataSet - applied permutation: [0, 1, 2]
[INFO] Tests run: 5, Failures: 0, Errors: 0, Skipped: 0, Time elapsed: 0.013 s - in de.gsi.dataset.spi.TransposedDataSetTest
[INFO] Running de.gsi.dataset.spi.utils.TripleTest
[INFO] Tests run: 1, Failures: 0, Errors: 0, Skipped: 0, Time elapsed: 0.001 s - in de.gsi.dataset.spi.utils.TripleTest
[INFO] Running de.gsi.dataset.event.EventRateLimiterTests
[INFO] Tests run: 2, Failures: 0, Errors: 0, Skipped: 0, Time elapsed: 1.018 s - in de.gsi.dataset.event.EventRateLimiterTests
[INFO] Running de.gsi.dataset.spi.financial.api.attrs.TypeKeyTest
[INFO] Tests run: 6, Failures: 0, Errors: 0, Skipped: 0, Time elapsed: 0.005 s - in de.gsi.dataset.spi.financial.api.attrs.TypeKeyTest
[INFO] Running de.gsi.dataset.remote.DataContainerTests
[INFO] Tests run: 3, Failures: 0, Errors: 0, Skipped: 0, Time elapsed: 0.023 s - in de.gsi.dataset.remote.DataContainerTests
[INFO] Running de.gsi.dataset.remote.MimeTypeTests
[INFO] Tests run: 54, Failures: 0, Errors: 0, Skipped: 0, Time elapsed: 0.03 s - in de.gsi.dataset.remote.MimeTypeTests
[INFO] Running de.gsi.dataset.spi.financial.api.attrs.AttributeKeyTest
[INFO] Tests run: 1, Failures: 0, Errors: 0, Skipped: 0, Time elapsed: 0.001 s - in de.gsi.dataset.spi.financial.api.attrs.AttributeKeyTest
[INFO] Running de.gsi.dataset.spi.DoubleGridDataSetTests
[INFO] Tests run: 7, Failures: 0, Errors: 0, Skipped: 0, Time elapsed: 0.009 s - in de.gsi.dataset.spi.DoubleGridDataSetTests
[INFO] Running de.gsi.dataset.event.EventAndHelperClassTests
[INFO] Tests run: 12, Failures: 0, Errors: 0, Skipped: 0, Time elapsed: 0.006 s - in de.gsi.dataset.event.EventAndHelperClassTests
[INFO] Running de.gsi.dataset.testdata.spi.ErrorTestDataSetTest
[INFO] Tests run: 1, Failures: 0, Errors: 0, Skipped: 0, Time elapsed: 0.004 s - in de.gsi.dataset.testdata.spi.ErrorTestDataSetTest
[INFO] Running de.gsi.dataset.spi.financial.OhlcvDataSetTest
[INFO] Tests run: 9, Failures: 0, Errors: 0, Skipped: 0, Time elapsed: 0.009 s - in de.gsi.dataset.spi.financial.OhlcvDataSetTest
[INFO] Running de.gsi.dataset.spi.DoubleErrorDataSetTests
[INFO] Tests run: 6, Failures: 0, Errors: 0, Skipped: 0, Time elapsed: 0.01 s - in de.gsi.dataset.spi.DoubleErrorDataSetTests
[INFO] Running de.gsi.dataset.utils.DataSetUtilsTest
[main] WARN de.gsi.dataset.utils.DataSetUtils - Char/Byte split marker not reached yet
[main] WARN de.gsi.dataset.utils.DataSetUtils - Allready in binary mode
[main] DEBUG de.gsi.dataset.utils.DataSetUtils - write data set 'TestSerialize' to /tmp/junit8186059287741427285/dataset.csv.gz
[main] DEBUG de.gsi.dataset.utils.DataSetUtils - write data set 'TestSerialize' to /tmp/junit1457185041961419663/dataset.bin.gz
[main] DEBUG de.gsi.dataset.utils.DataSetUtils - write data set 'TestSerialize' to /tmp/junit5468618806820974659/dataset.csv.zip
[main] DEBUG de.gsi.dataset.utils.DataSetUtils - write data set 'TestSerialize' to /tmp/junit11730460965941638693/dataset.bin.zip
[main] DEBUG de.gsi.dataset.utils.DataSetUtils - write data set 'TestSerialize' to /tmp/junit3682896772221644751/dataset.csv
[main] DEBUG de.gsi.dataset.utils.DataSetUtils - write data set 'TestSerialize' to /tmp/junit319309592538760840/dataset.bin
[INFO] Tests run: 19, Failures: 0, Errors: 0, Skipped: 0, Time elapsed: 0.08 s - in de.gsi.dataset.utils.DataSetUtilsTest
[INFO] Running de.gsi.dataset.utils.StreamUtilsTest
[main] ERROR de.gsi.dataset.utils.StreamUtils - The resource is not found: classpath:null
[INFO] Tests run: 1, Failures: 0, Errors: 0, Skipped: 0, Time elapsed: 0.004 s - in de.gsi.dataset.utils.StreamUtilsTest
[INFO] 
[INFO] Results:
[INFO] 
[INFO] Tests run: 327, Failures: 0, Errors: 0, Skipped: 0
[INFO] 
[INFO] 
[INFO] --- jacoco-maven-plugin:0.8.6:report (report) @ chartfx-dataset ---
[INFO] Loading execution data file /home/gabsko/breaking-updates/chartfx-dataset/target/jacoco.exec
[INFO] Analyzed bundle 'dataset' with 195 classes
[INFO] 
[INFO] ----------------------< de.gsi.math:chartfx-math >----------------------
[INFO] Building math master-SNAPSHOT                                      [4/9]
[INFO] --------------------------------[ jar ]---------------------------------
[INFO] 
[INFO] --- maven-clean-plugin:3.1.0:clean (default-clean) @ chartfx-math ---
[INFO] Deleting /home/gabsko/breaking-updates/chartfx-math/target
[INFO] 
[INFO] --- flatten-maven-plugin:1.1.0:clean (flatten.clean) @ chartfx-math ---
[INFO] Deleting /home/gabsko/breaking-updates/chartfx-math/.flattened-pom.xml
[INFO] 
[INFO] --- jacoco-maven-plugin:0.8.6:prepare-agent (default) @ chartfx-math ---
[INFO] argLine set to -javaagent:/home/gabsko/.m2/repository/org/jacoco/org.jacoco.agent/0.8.6/org.jacoco.agent-0.8.6-runtime.jar=destfile=/home/gabsko/breaking-updates/chartfx-math/target/jacoco.exec
[INFO] 
[INFO] --- chartfx-generate:master-SNAPSHOT:generate-sources (generate-sources) @ chartfx-math ---
[INFO] Added directory for generated sources to compile sources: /home/gabsko/breaking-updates/chartfx-math/target/generated-sources/codegen
[INFO] Generating primitive methods for helper class de.gsi.math.MathBaseGen
[INFO] Generating primitive methods for helper class de.gsi.math.MathGen
[INFO] Generating primitive methods for helper class de.gsi.math.ArrayMathGen
[INFO] 
[INFO] --- maven-resources-plugin:2.6:resources (default-resources) @ chartfx-math ---
[INFO] Using 'UTF-8' encoding to copy filtered resources.
[INFO] Copying 8 resources
[INFO] 
[INFO] --- flatten-maven-plugin:1.1.0:flatten (flatten) @ chartfx-math ---
[INFO] Generating flattened POM of project de.gsi.math:chartfx-math:jar:master-SNAPSHOT...
[INFO] 
[INFO] --- maven-compiler-plugin:3.8.1:compile (default-compile) @ chartfx-math ---
[INFO] Changes detected - recompiling the module!
[INFO] Compiling 92 source files to /home/gabsko/breaking-updates/chartfx-math/target/classes
[INFO] /home/gabsko/breaking-updates/chartfx-math/src/main/java/de/gsi/math/matrix/AbstractMatrix.java: /home/gabsko/breaking-updates/chartfx-math/src/main/java/de/gsi/math/matrix/AbstractMatrix.java uses or overrides a deprecated API.
[INFO] /home/gabsko/breaking-updates/chartfx-math/src/main/java/de/gsi/math/matrix/AbstractMatrix.java: Recompile with -Xlint:deprecation for details.
[INFO] /home/gabsko/breaking-updates/chartfx-math/src/main/java/de/gsi/math/MathDataSet.java: /home/gabsko/breaking-updates/chartfx-math/src/main/java/de/gsi/math/MathDataSet.java uses unchecked or unsafe operations.
[INFO] /home/gabsko/breaking-updates/chartfx-math/src/main/java/de/gsi/math/MathDataSet.java: Recompile with -Xlint:unchecked for details.
[INFO] 
[INFO] --- maven-resources-plugin:2.6:testResources (default-testResources) @ chartfx-math ---
[INFO] Using 'UTF-8' encoding to copy filtered resources.
[INFO] Copying 1 resource
[INFO] 
[INFO] --- maven-compiler-plugin:3.8.1:testCompile (default-testCompile) @ chartfx-math ---
[INFO] Changes detected - recompiling the module!
[INFO] Compiling 24 source files to /home/gabsko/breaking-updates/chartfx-math/target/test-classes
[INFO] /home/gabsko/breaking-updates/chartfx-math/src/test/java/de/gsi/math/DataSetMathTests.java: /home/gabsko/breaking-updates/chartfx-math/src/test/java/de/gsi/math/DataSetMathTests.java uses unchecked or unsafe operations.
[INFO] /home/gabsko/breaking-updates/chartfx-math/src/test/java/de/gsi/math/DataSetMathTests.java: Recompile with -Xlint:unchecked for details.
[INFO] 
[INFO] --- maven-surefire-plugin:3.0.0-M5:test (default-test) @ chartfx-math ---
[INFO] 
[INFO] -------------------------------------------------------
[INFO]  T E S T S
[INFO] -------------------------------------------------------
[INFO] Running de.gsi.math.SimpleDataSetEstimatorsTest
[INFO] Tests run: 22, Failures: 0, Errors: 0, Skipped: 0, Time elapsed: 0.198 s - in de.gsi.math.SimpleDataSetEstimatorsTest
[INFO] Running de.gsi.math.spectra.dct.FloatDCT1DTests
[INFO] Tests run: 19, Failures: 0, Errors: 0, Skipped: 0, Time elapsed: 1.826 s - in de.gsi.math.spectra.dct.FloatDCT1DTests
[INFO] Running de.gsi.math.MultiDimDatasetMathTests
[main] DEBUG de.gsi.math.MultiDimDatasetMathTests - testMeanOptions
[main] DEBUG de.gsi.math.MultiDimDatasetMathTests - testMeanOptions - done
[main] DEBUG de.gsi.math.MultiDimDatasetMathTests - testIntegralOptions
[main] DEBUG de.gsi.math.MultiDimDatasetMathTests - testIntegralOptions - done
[main] DEBUG de.gsi.math.MultiDimDatasetMathTests - testMaxOptions
[main] DEBUG de.gsi.math.MultiDimDatasetMathTests - testMaxOptions - done
[main] DEBUG de.gsi.math.MultiDimDatasetMathTests - testSliceOptions
[main] DEBUG de.gsi.math.MultiDimDatasetMathTests - testSliceOptions - done
[main] DEBUG de.gsi.math.MultiDimDatasetMathTests - testMinOptions
[main] DEBUG de.gsi.math.MultiDimDatasetMathTests - testMinOptions - done
[INFO] Tests run: 5, Failures: 0, Errors: 0, Skipped: 0, Time elapsed: 0.043 s - in de.gsi.math.MultiDimDatasetMathTests
[INFO] Running de.gsi.math.ArrayConversionTests
[main] DEBUG de.gsi.math.ArrayConversionTests - convertToDoubleTests() - passed
[main] DEBUG de.gsi.math.ArrayConversionTests - miscTest() - passed
[main] DEBUG de.gsi.math.ArrayConversionTests - convertToByteTests() - passed
[main] DEBUG de.gsi.math.ArrayConversionTests - convertToShortTests() - passed
[main] DEBUG de.gsi.math.ArrayConversionTests - convertToIntegerTests() - passed
[main] DEBUG de.gsi.math.ArrayConversionTests - convertToLongTests() - passed
[main] DEBUG de.gsi.math.ArrayConversionTests - convertToFloatTests() - passed
[INFO] Tests run: 7, Failures: 0, Errors: 0, Skipped: 0, Time elapsed: 0.005 s - in de.gsi.math.ArrayConversionTests
[INFO] Running de.gsi.math.MathDataSetTests
[INFO] Tests run: 5, Failures: 0, Errors: 0, Skipped: 0, Time elapsed: 0.062 s - in de.gsi.math.MathDataSetTests
[INFO] Running de.gsi.math.spectra.fft.DoubleFFT1DTests
[INFO] Tests run: 63, Failures: 0, Errors: 0, Skipped: 0, Time elapsed: 1.61 s - in de.gsi.math.spectra.fft.DoubleFFT1DTests
[INFO] Running de.gsi.math.ArrayUtilsTests
[main] DEBUG de.gsi.math.ArrayUtilsTests - miscTests() - passed
[main] DEBUG de.gsi.math.ArrayUtilsTests - convertToDoubleTests() - passed
[main] DEBUG de.gsi.math.ArrayUtilsTests - fillRoutineTests(0) - passed
[main] DEBUG de.gsi.math.ArrayUtilsTests - fillRoutineTests(10) - passed
[INFO] Tests run: 4, Failures: 0, Errors: 0, Skipped: 0, Time elapsed: 0.003 s - in de.gsi.math.ArrayUtilsTests
[INFO] Running de.gsi.math.DataSetMathTests
[INFO] Tests run: 5, Failures: 0, Errors: 0, Skipped: 0, Time elapsed: 0.033 s - in de.gsi.math.DataSetMathTests
[INFO] Running de.gsi.math.spectra.TSpectrumTests
[main] DEBUG de.gsi.math.spectra.TSpectrum - destination vector has insufficient length NaN vs. 256 needed, omitting copying background spectrum
[main] DEBUG de.gsi.math.spectra.TSpectrum - destination vector has insufficient length 255.0 vs. 256 needed, omitting copying background spectrum
[INFO] Tests run: 12, Failures: 0, Errors: 0, Skipped: 0, Time elapsed: 0.08 s - in de.gsi.math.spectra.TSpectrumTests
[INFO] Running de.gsi.math.spectra.fft.GeneralFFTTests
[junit-timeout-thread-1] DEBUG de.gsi.math.spectra.fft.GeneralFFTTests - average time (home-brewed) complex FFT = 496.788 us
[junit-timeout-thread-2] DEBUG de.gsi.math.spectra.fft.GeneralFFTTests - average time double FFT (JTransforms) = 52.436 us
[junit-timeout-thread-3] DEBUG de.gsi.math.spectra.fft.GeneralFFTTests - average time float FFT (JTransforms) = 67.9 us
[main] DEBUG de.gsi.math.spectra.fft.GeneralFFTTests - C-FFT: detected frequency = 0.3095703125 diff = 4.296874999999978E-4
[main] DEBUG de.gsi.math.spectra.fft.GeneralFFTTests - D-FFT: detected frequency = 0.3095703125 diff = 4.296874999999978E-4
[main] DEBUG de.gsi.math.spectra.fft.GeneralFFTTests - F-FFT: detected frequency = 0.3095703125 diff = 4.296874999999978E-4
[main] DEBUG de.gsi.math.spectra.fft.GeneralFFTTests - C-FFT: detected frequency = 0.3095703125 diff = 4.296874999999978E-4
[main] DEBUG de.gsi.math.spectra.fft.GeneralFFTTests - D-FFT: detected frequency = 0.3095703125 diff = 4.296874999999978E-4
[main] DEBUG de.gsi.math.spectra.fft.GeneralFFTTests - F-FFT: detected frequency = 0.3095703125 diff = 4.296874999999978E-4
[junit-timeout-thread-4] DEBUG de.gsi.math.spectra.fft.GeneralFFTTests - average time (home-brewed) complex FFT = 373.53 us
[junit-timeout-thread-5] DEBUG de.gsi.math.spectra.fft.GeneralFFTTests - average time double FFT (JTransforms) = 9.498 us
[junit-timeout-thread-6] DEBUG de.gsi.math.spectra.fft.GeneralFFTTests - average time float FFT (JTransforms) = 22.775 us
[main] DEBUG de.gsi.math.spectra.fft.GeneralFFTTests - C-FFT: detected frequency = 0.3095703125 diff = 4.296874999999978E-4
[main] DEBUG de.gsi.math.spectra.fft.GeneralFFTTests - D-FFT: detected frequency = 0.3095703125 diff = 4.296874999999978E-4
[main] DEBUG de.gsi.math.spectra.fft.GeneralFFTTests - F-FFT: detected frequency = 0.3095703125 diff = 4.296874999999978E-4
[junit-timeout-thread-7] DEBUG de.gsi.math.spectra.fft.GeneralFFTTests - average time (home-brewed) complex FFT = 398.21 us
[junit-timeout-thread-8] DEBUG de.gsi.math.spectra.fft.GeneralFFTTests - average time double FFT (JTransforms) = 15.983 us
[junit-timeout-thread-9] DEBUG de.gsi.math.spectra.fft.GeneralFFTTests - average time float FFT (JTransforms) = 22.2 us
[INFO] Tests run: 2, Failures: 0, Errors: 0, Skipped: 0, Time elapsed: 0.338 s - in de.gsi.math.spectra.fft.GeneralFFTTests
[INFO] Running de.gsi.math.filter.iir.IirFilterTests
[INFO] Tests run: 149, Failures: 0, Errors: 0, Skipped: 0, Time elapsed: 0.207 s - in de.gsi.math.filter.iir.IirFilterTests
[INFO] Running de.gsi.math.spectra.dht.FloatDHT1DTests
[INFO] Tests run: 19, Failures: 0, Errors: 0, Skipped: 0, Time elapsed: 0.34 s - in de.gsi.math.spectra.dht.FloatDHT1DTests
[INFO] Running de.gsi.math.spectra.dht.DoubleDHT1DTests
[INFO] Tests run: 19, Failures: 0, Errors: 0, Skipped: 0, Time elapsed: 0.554 s - in de.gsi.math.spectra.dht.DoubleDHT1DTests
[INFO] Running de.gsi.math.spectra.dst.DoubleDST1DTests
[INFO] Tests run: 19, Failures: 0, Errors: 0, Skipped: 0, Time elapsed: 1.049 s - in de.gsi.math.spectra.dst.DoubleDST1DTests
[INFO] Running de.gsi.math.spectra.ApodizationTests
[INFO] Tests run: 6, Failures: 0, Errors: 0, Skipped: 0, Time elapsed: 0.005 s - in de.gsi.math.spectra.ApodizationTests
[INFO] Running de.gsi.math.filter.fir.FirFilterTests
[INFO] Tests run: 2, Failures: 0, Errors: 0, Skipped: 0, Time elapsed: 0.007 s - in de.gsi.math.filter.fir.FirFilterTests
[INFO] Running de.gsi.math.spectra.dct.DoubleDCT1DTests
[INFO] Tests run: 19, Failures: 0, Errors: 0, Skipped: 0, Time elapsed: 0.543 s - in de.gsi.math.spectra.dct.DoubleDCT1DTests
[INFO] Running de.gsi.math.spectra.fft.FloatFFT1DTests
[INFO] Tests run: 63, Failures: 0, Errors: 0, Skipped: 0, Time elapsed: 1.011 s - in de.gsi.math.spectra.fft.FloatFFT1DTests
[INFO] Running de.gsi.math.spectra.ShortTimeFourierTransformTest
[INFO] Tests run: 2, Failures: 0, Errors: 0, Skipped: 0, Time elapsed: 0.023 s - in de.gsi.math.spectra.ShortTimeFourierTransformTest
[INFO] Running de.gsi.math.FastMathTests
[junit-timeout-thread-10] INFO de.gsi.math.FastMathTests - run	sinTab	cosTab	sinLib	sinJaFa	cosJaFa	sinApa	cosApa
[junit-timeout-thread-10] INFO de.gsi.math.FastMathTests - 0	21.0	20.0	21.0	18.0	10.0	45.0	40.0 [ns]
[junit-timeout-thread-10] INFO de.gsi.math.FastMathTests - 1	17.0	16.0	18.0	9.0	8.0	45.0	35.0 [ns]
[junit-timeout-thread-10] INFO de.gsi.math.FastMathTests - 2	9.0	9.0	21.0	1.0	1.0	44.0	38.0 [ns]
[junit-timeout-thread-10] INFO de.gsi.math.FastMathTests - 3	9.0	9.0	21.0	1.0	1.0	44.0	39.0 [ns]
[junit-timeout-thread-10] INFO de.gsi.math.FastMathTests - 4	9.0	9.0	21.0	1.0	2.0	49.0	38.0 [ns]
[INFO] Tests run: 4, Failures: 0, Errors: 0, Skipped: 0, Time elapsed: 1.387 s - in de.gsi.math.FastMathTests
[INFO] Running de.gsi.math.ArrayMathTests
[INFO] Tests run: 11, Failures: 0, Errors: 0, Skipped: 0, Time elapsed: 0.002 s - in de.gsi.math.ArrayMathTests
[INFO] Running de.gsi.math.spectra.EEMDTests
[INFO] Tests run: 1, Failures: 0, Errors: 0, Skipped: 0, Time elapsed: 0.001 s - in de.gsi.math.spectra.EEMDTests
[INFO] Running de.gsi.math.TRandomTests
[INFO] Tests run: 14, Failures: 0, Errors: 0, Skipped: 0, Time elapsed: 1.03 s - in de.gsi.math.TRandomTests
[INFO] Running de.gsi.math.spectra.dst.FloatDST1DTests
[INFO] Tests run: 19, Failures: 0, Errors: 0, Skipped: 0, Time elapsed: 0.557 s - in de.gsi.math.spectra.dst.FloatDST1DTests
[INFO] 
[INFO] Results:
[INFO] 
[INFO] Tests run: 491, Failures: 0, Errors: 0, Skipped: 0
[INFO] 
[INFO] 
[INFO] --- jacoco-maven-plugin:0.8.6:report (report) @ chartfx-math ---
[INFO] Loading execution data file /home/gabsko/breaking-updates/chartfx-math/target/jacoco.exec
[INFO] Analyzed bundle 'math' with 104 classes
[INFO] 
[INFO] ---------------------< de.gsi.chart:chartfx-chart >---------------------
[INFO] Building chartfx-chart master-SNAPSHOT                             [5/9]
[INFO] --------------------------------[ jar ]---------------------------------
[INFO] 
[INFO] --- maven-clean-plugin:3.1.0:clean (default-clean) @ chartfx-chart ---
[INFO] Deleting /home/gabsko/breaking-updates/chartfx-chart/target
[INFO] 
[INFO] --- flatten-maven-plugin:1.1.0:clean (flatten.clean) @ chartfx-chart ---
[INFO] Deleting /home/gabsko/breaking-updates/chartfx-chart/.flattened-pom.xml
[INFO] 
[INFO] --- jacoco-maven-plugin:0.8.6:prepare-agent (default) @ chartfx-chart ---
[INFO] argLine set to -javaagent:/home/gabsko/.m2/repository/org/jacoco/org.jacoco.agent/0.8.6/org.jacoco.agent-0.8.6-runtime.jar=destfile=/home/gabsko/breaking-updates/chartfx-chart/target/jacoco.exec
[INFO] 
[INFO] --- maven-resources-plugin:2.6:resources (default-resources) @ chartfx-chart ---
[INFO] Using 'UTF-8' encoding to copy filtered resources.
[INFO] Copying 15 resources
[INFO] 
[INFO] --- flatten-maven-plugin:1.1.0:flatten (flatten) @ chartfx-chart ---
[INFO] Generating flattened POM of project de.gsi.chart:chartfx-chart:jar:master-SNAPSHOT...
[INFO] 
[INFO] --- maven-compiler-plugin:3.8.1:compile (default-compile) @ chartfx-chart ---
[INFO] Changes detected - recompiling the module!
[INFO] Compiling 189 source files to /home/gabsko/breaking-updates/chartfx-chart/target/classes
[INFO] /home/gabsko/breaking-updates/chartfx-chart/src/main/java/de/gsi/chart/ui/css/CssPropertyFactory.java: Some input files use unchecked or unsafe operations.
[INFO] /home/gabsko/breaking-updates/chartfx-chart/src/main/java/de/gsi/chart/ui/css/CssPropertyFactory.java: Recompile with -Xlint:unchecked for details.
[INFO] 
[INFO] --- maven-resources-plugin:2.6:testResources (default-testResources) @ chartfx-chart ---
[INFO] Using 'UTF-8' encoding to copy filtered resources.
[INFO] Copying 54 resources
[INFO] 
[INFO] --- maven-compiler-plugin:3.8.1:testCompile (default-testCompile) @ chartfx-chart ---
[INFO] Changes detected - recompiling the module!
[INFO] Compiling 72 source files to /home/gabsko/breaking-updates/chartfx-chart/target/test-classes
[INFO] /home/gabsko/breaking-updates/chartfx-chart/src/test/java/de/gsi/chart/renderer/spi/financial/PositionFinancialRendererPaintAfterEPTest.java: Some input files use unchecked or unsafe operations.
[INFO] /home/gabsko/breaking-updates/chartfx-chart/src/test/java/de/gsi/chart/renderer/spi/financial/PositionFinancialRendererPaintAfterEPTest.java: Recompile with -Xlint:unchecked for details.
[INFO] 
[INFO] --- maven-surefire-plugin:3.0.0-M5:test (default-test) @ chartfx-chart ---
[INFO] 
[INFO] -------------------------------------------------------
[INFO]  T E S T S
[INFO] -------------------------------------------------------
[INFO] Running de.gsi.chart.marker.DefaultMarkerTests
[INFO] Tests run: 1, Failures: 0, Errors: 0, Skipped: 0, Time elapsed: 0.314 s - in de.gsi.chart.marker.DefaultMarkerTests
[INFO] Running de.gsi.chart.renderer.spi.financial.PositionFinancialRendererPaintAfterEPTest
[JavaFX Application Thread] INFO de.gsi.chart.renderer.spi.financial.PositionFinancialRendererPaintAfterEPTest - PositionRendered{positionId=0, index=1599228000, entryExit=2, quantity=1.0, posType=1, price=3407.25, closed=true, joinedEntries=[[]]}
[JavaFX Application Thread] INFO de.gsi.chart.renderer.spi.financial.PositionFinancialRendererPaintAfterEPTest - PositionRendered{positionId=0, index=1599228000, entryExit=2, quantity=1.0, posType=1, price=3407.25, closed=true, joinedEntries=[[1.5989688E9, 3516.75, -1.0]]}
[JavaFX Application Thread] INFO de.gsi.chart.renderer.spi.financial.PositionFinancialRendererPaintAfterEPTest - PositionRendered{positionId=1, index=1599746400, entryExit=1, quantity=1.0, posType=-1, price=3330.0, closed=true, joinedEntries=[[]]}
[JavaFX Application Thread] INFO de.gsi.chart.renderer.spi.financial.PositionFinancialRendererPaintAfterEPTest - PositionRendered{positionId=1, index=1600437600, entryExit=2, quantity=1.0, posType=-1, price=3316.25, closed=true, joinedEntries=[[1.5997464E9, 3330.0, 1.0]]}
[JavaFX Application Thread] INFO de.gsi.chart.renderer.spi.financial.PositionFinancialRendererPaintAfterEPTest - PositionRendered{positionId=2, index=1601301600, entryExit=1, quantity=2.0, posType=1, price=3291.0, closed=true, joinedEntries=[[]]}
[JavaFX Application Thread] INFO de.gsi.chart.renderer.spi.financial.PositionFinancialRendererPaintAfterEPTest - PositionRendered{positionId=2, index=1601906400, entryExit=2, quantity=1.0, posType=1, price=3393.0, closed=true, joinedEntries=[[1.6013016E9, 3291.0, 1.0]]}
[JavaFX Application Thread] INFO de.gsi.chart.renderer.spi.financial.PositionFinancialRendererPaintAfterEPTest - PositionRendered{positionId=3, index=1603116000, entryExit=2, quantity=1.0, posType=1, price=3422.75, closed=true, joinedEntries=[[1.6013016E9, 3291.0, 1.0]]}
[JavaFX Application Thread] DEBUG de.gsi.chart.axes.spi.DefaultNumericAxis - major ticks numerically not resolvable
[JavaFX Application Thread] INFO de.gsi.chart.renderer.spi.financial.PositionFinancialRendererPaintAfterEPTest - PositionRendered{positionId=0, index=1599228000, entryExit=2, quantity=1.0, posType=1, price=3407.25, closed=true, joinedEntries=[[]]}
[JavaFX Application Thread] INFO de.gsi.chart.renderer.spi.financial.PositionFinancialRendererPaintAfterEPTest - PositionRendered{positionId=0, index=1599228000, entryExit=2, quantity=1.0, posType=1, price=3407.25, closed=true, joinedEntries=[[1.5989688E9, 3516.75, -1.0]]}
[JavaFX Application Thread] INFO de.gsi.chart.renderer.spi.financial.PositionFinancialRendererPaintAfterEPTest - PositionRendered{positionId=1, index=1599746400, entryExit=1, quantity=1.0, posType=-1, price=3330.0, closed=true, joinedEntries=[[]]}
[JavaFX Application Thread] INFO de.gsi.chart.renderer.spi.financial.PositionFinancialRendererPaintAfterEPTest - PositionRendered{positionId=1, index=1600437600, entryExit=2, quantity=1.0, posType=-1, price=3316.25, closed=true, joinedEntries=[[1.5997464E9, 3330.0, 1.0]]}
[JavaFX Application Thread] INFO de.gsi.chart.renderer.spi.financial.PositionFinancialRendererPaintAfterEPTest - PositionRendered{positionId=2, index=1601301600, entryExit=1, quantity=2.0, posType=1, price=3291.0, closed=true, joinedEntries=[[]]}
[JavaFX Application Thread] INFO de.gsi.chart.renderer.spi.financial.PositionFinancialRendererPaintAfterEPTest - PositionRendered{positionId=2, index=1601906400, entryExit=2, quantity=1.0, posType=1, price=3393.0, closed=true, joinedEntries=[[1.6013016E9, 3291.0, 1.0]]}
[JavaFX Application Thread] INFO de.gsi.chart.renderer.spi.financial.PositionFinancialRendererPaintAfterEPTest - PositionRendered{positionId=3, index=1603116000, entryExit=2, quantity=1.0, posType=1, price=3422.75, closed=true, joinedEntries=[[1.6013016E9, 3291.0, 1.0]]}
[JavaFX Application Thread] DEBUG de.gsi.chart.axes.spi.DefaultNumericAxis - major ticks numerically not resolvable
[INFO] Tests run: 2, Failures: 0, Errors: 0, Skipped: 0, Time elapsed: 2.005 s - in de.gsi.chart.renderer.spi.financial.PositionFinancialRendererPaintAfterEPTest
[INFO] Running de.gsi.chart.plugins.DataPointTooltipTest
[INFO] Tests run: 1, Failures: 0, Errors: 0, Skipped: 0, Time elapsed: 1.64 s - in de.gsi.chart.plugins.DataPointTooltipTest
[INFO] Running de.gsi.chart.plugins.YWatchValueIndicatorTest
[INFO] Tests run: 6, Failures: 0, Errors: 0, Skipped: 0, Time elapsed: 2.115 s - in de.gsi.chart.plugins.YWatchValueIndicatorTest
[INFO] Running de.gsi.chart.ui.TilingPaneTests
[INFO] Tests run: 2, Failures: 0, Errors: 0, Skipped: 0, Time elapsed: 0.512 s - in de.gsi.chart.ui.TilingPaneTests
[INFO] Running de.gsi.chart.plugins.measurements.utils.CheckedValueFieldTests
[INFO] Tests run: 2, Failures: 0, Errors: 0, Skipped: 0, Time elapsed: 0.607 s - in de.gsi.chart.plugins.measurements.utils.CheckedValueFieldTests
[INFO] Running de.gsi.chart.axes.spi.AxisRangeTests
[main] DEBUG de.gsi.chart.axes.spi.AxisRangeTests - finished testAddDoubleArrayMethods()
[main] DEBUG de.gsi.chart.axes.spi.AxisRangeTests - finished testSpecials()
[main] DEBUG de.gsi.chart.axes.spi.AxisRangeTests - finished testSetMethods()
[main] DEBUG de.gsi.chart.axes.spi.AxisRangeTests - finished testConstructors()
[main] DEBUG de.gsi.chart.axes.spi.AxisRangeTests - finished testAddInvalidNumberMethods()
[main] DEBUG de.gsi.chart.axes.spi.AxisRangeTests - finished testAddDoubleMethods()
[INFO] Tests run: 6, Failures: 0, Errors: 0, Skipped: 0, Time elapsed: 0.01 s - in de.gsi.chart.axes.spi.AxisRangeTests
[INFO] Running de.gsi.chart.plugins.EditAxisTests
[INFO] Tests run: 3, Failures: 0, Errors: 0, Skipped: 0, Time elapsed: 0.766 s - in de.gsi.chart.plugins.EditAxisTests
[INFO] Running de.gsi.chart.renderer.spi.AbstractErrorDataSetRendererParameterTests
[INFO] Tests run: 2, Failures: 0, Errors: 0, Skipped: 0, Time elapsed: 0.015 s - in de.gsi.chart.renderer.spi.AbstractErrorDataSetRendererParameterTests
[INFO] Running de.gsi.chart.renderer.spi.financial.FootprintRendererTest
[JavaFX Application Thread] DEBUG de.gsi.chart.axes.spi.DefaultNumericAxis - major ticks numerically not resolvable
[JavaFX Application Thread] DEBUG de.gsi.chart.axes.spi.DefaultNumericAxis - major ticks numerically not resolvable
[JavaFX Application Thread] DEBUG de.gsi.chart.axes.spi.DefaultNumericAxis - major ticks numerically not resolvable
[JavaFX Application Thread] DEBUG de.gsi.chart.axes.spi.DefaultNumericAxis - major ticks numerically not resolvable
[JavaFX Application Thread] DEBUG de.gsi.chart.axes.spi.DefaultNumericAxis - major ticks numerically not resolvable
[JavaFX Application Thread] DEBUG de.gsi.chart.axes.spi.DefaultNumericAxis - major ticks numerically not resolvable
[JavaFX Application Thread] DEBUG de.gsi.chart.axes.spi.DefaultNumericAxis - major ticks numerically not resolvable
[JavaFX Application Thread] DEBUG de.gsi.chart.axes.spi.DefaultNumericAxis - major ticks numerically not resolvable
[JavaFX Application Thread] DEBUG de.gsi.chart.axes.spi.DefaultNumericAxis - major ticks numerically not resolvable
[JavaFX Application Thread] DEBUG de.gsi.chart.axes.spi.DefaultNumericAxis - major ticks numerically not resolvable
[JavaFX Application Thread] DEBUG de.gsi.chart.axes.spi.DefaultNumericAxis - major ticks numerically not resolvable
[JavaFX Application Thread] DEBUG de.gsi.chart.axes.spi.DefaultNumericAxis - major ticks numerically not resolvable
[JavaFX Application Thread] DEBUG de.gsi.chart.axes.spi.DefaultNumericAxis - major ticks numerically not resolvable
[JavaFX Application Thread] DEBUG de.gsi.chart.axes.spi.DefaultNumericAxis - major ticks numerically not resolvable
[JavaFX Application Thread] DEBUG de.gsi.chart.axes.spi.DefaultNumericAxis - major ticks numerically not resolvable
[JavaFX Application Thread] DEBUG de.gsi.chart.axes.spi.DefaultNumericAxis - major ticks numerically not resolvable
[JavaFX Application Thread] DEBUG de.gsi.chart.axes.spi.DefaultNumericAxis - major ticks numerically not resolvable
[JavaFX Application Thread] DEBUG de.gsi.chart.axes.spi.DefaultNumericAxis - major ticks numerically not resolvable
[JavaFX Application Thread] DEBUG de.gsi.chart.axes.spi.DefaultNumericAxis - major ticks numerically not resolvable
[JavaFX Application Thread] DEBUG de.gsi.chart.axes.spi.DefaultNumericAxis - major ticks numerically not resolvable
[JavaFX Application Thread] DEBUG de.gsi.chart.axes.spi.DefaultNumericAxis - major ticks numerically not resolvable
[JavaFX Application Thread] DEBUG de.gsi.chart.axes.spi.DefaultNumericAxis - major ticks numerically not resolvable
[JavaFX Application Thread] DEBUG de.gsi.chart.axes.spi.DefaultNumericAxis - major ticks numerically not resolvable
[JavaFX Application Thread] DEBUG de.gsi.chart.axes.spi.DefaultNumericAxis - major ticks numerically not resolvable
[JavaFX Application Thread] DEBUG de.gsi.chart.axes.spi.DefaultNumericAxis - major ticks numerically not resolvable
[JavaFX Application Thread] DEBUG de.gsi.chart.axes.spi.DefaultNumericAxis - major ticks numerically not resolvable
[JavaFX Application Thread] DEBUG de.gsi.chart.axes.spi.DefaultNumericAxis - major ticks numerically not resolvable
[JavaFX Application Thread] DEBUG de.gsi.chart.axes.spi.DefaultNumericAxis - major ticks numerically not resolvable
[JavaFX Application Thread] DEBUG de.gsi.chart.axes.spi.DefaultNumericAxis - major ticks numerically not resolvable
[JavaFX Application Thread] DEBUG de.gsi.chart.axes.spi.DefaultNumericAxis - major ticks numerically not resolvable
[INFO] Tests run: 6, Failures: 0, Errors: 0, Skipped: 0, Time elapsed: 2.021 s - in de.gsi.chart.renderer.spi.financial.FootprintRendererTest
[INFO] Running de.gsi.chart.renderer.spi.ErrorDataSetRendererTests
[INFO] Tests run: 9, Failures: 0, Errors: 0, Skipped: 0, Time elapsed: 11.978 s - in de.gsi.chart.renderer.spi.ErrorDataSetRendererTests
[INFO] Running de.gsi.chart.plugins.ScreenshotTest
[JavaFX Application Thread] INFO de.gsi.chart.plugins.Screenshot - Copied screenshot to clipboard
[JavaFX Application Thread] INFO de.gsi.chart.plugins.Screenshot - Saved screenshot to Cosine_0.0.png
[INFO] Tests run: 2, Failures: 0, Errors: 0, Skipped: 0, Time elapsed: 1.062 s - in de.gsi.chart.plugins.ScreenshotTest
[INFO] Running de.gsi.chart.renderer.datareduction.DefaultDataReducerTests
[INFO] Tests run: 7, Failures: 0, Errors: 0, Skipped: 0, Time elapsed: 0.011 s - in de.gsi.chart.renderer.datareduction.DefaultDataReducerTests
[INFO] Running de.gsi.chart.renderer.datareduction.DefaultDataReducer3DTests
[INFO] Tests run: 2, Failures: 0, Errors: 0, Skipped: 0, Time elapsed: 0.008 s - in de.gsi.chart.renderer.datareduction.DefaultDataReducer3DTests
[INFO] Running de.gsi.chart.renderer.spi.AbstractContourDataSetRendererParameterTests
[INFO] Tests run: 1, Failures: 0, Errors: 0, Skipped: 0, Time elapsed: 0.004 s - in de.gsi.chart.renderer.spi.AbstractContourDataSetRendererParameterTests
[INFO] Running de.gsi.chart.plugins.TableViewerTest
[INFO] Tests run: 3, Failures: 0, Errors: 0, Skipped: 0, Time elapsed: 3.983 s - in de.gsi.chart.plugins.TableViewerTest
[INFO] Running de.gsi.chart.axes.AxisModeTests
[INFO] Tests run: 1, Failures: 0, Errors: 0, Skipped: 0, Time elapsed: 0.001 s - in de.gsi.chart.axes.AxisModeTests
[INFO] Running de.gsi.chart.renderer.spi.financial.HighLowRendererTest
[JavaFX Application Thread] DEBUG de.gsi.chart.axes.spi.DefaultNumericAxis - major ticks numerically not resolvable
[JavaFX Application Thread] DEBUG de.gsi.chart.axes.spi.DefaultNumericAxis - major ticks numerically not resolvable
[JavaFX Application Thread] DEBUG de.gsi.chart.axes.spi.DefaultNumericAxis - major ticks numerically not resolvable
[JavaFX Application Thread] DEBUG de.gsi.chart.axes.spi.DefaultNumericAxis - major ticks numerically not resolvable
[JavaFX Application Thread] DEBUG de.gsi.chart.axes.spi.DefaultNumericAxis - major ticks numerically not resolvable
[INFO] Tests run: 5, Failures: 0, Errors: 0, Skipped: 0, Time elapsed: 1.231 s - in de.gsi.chart.renderer.spi.financial.HighLowRendererTest
[INFO] Running de.gsi.chart.utils.MouseUtilsTests
[INFO] Tests run: 2, Failures: 0, Errors: 0, Skipped: 0, Time elapsed: 0.004 s - in de.gsi.chart.utils.MouseUtilsTests
[INFO] Running de.gsi.chart.viewer.DataViewerTests
[INFO] Tests run: 1, Failures: 0, Errors: 0, Skipped: 0, Time elapsed: 0.293 s - in de.gsi.chart.viewer.DataViewerTests
[INFO] Running de.gsi.chart.renderer.spi.LabelledMarkerRendererTests
[main] INFO de.gsi.chart.renderer.spi.LabelledMarkerRendererTests - image identity - threshold = 1.0
[main] INFO de.gsi.chart.renderer.spi.LabelledMarkerRendererTests - image non-identity - threshold = 0.9800364730927039
[INFO] Tests run: 2, Failures: 0, Errors: 0, Skipped: 0, Time elapsed: 0.568 s - in de.gsi.chart.renderer.spi.LabelledMarkerRendererTests
[INFO] Running de.gsi.chart.renderer.spi.utils.ColorGradientTests
[INFO] Tests run: 1, Failures: 0, Errors: 0, Skipped: 0, Time elapsed: 0.008 s - in de.gsi.chart.renderer.spi.utils.ColorGradientTests
[INFO] Running de.gsi.chart.renderer.spi.financial.css.FinancialColorSchemeConfigTest
[INFO] Tests run: 4, Failures: 0, Errors: 0, Skipped: 0, Time elapsed: 0.994 s - in de.gsi.chart.renderer.spi.financial.css.FinancialColorSchemeConfigTest
[INFO] Running de.gsi.chart.plugins.measurements.DataSetMeasurementsTests
[INFO] Tests run: 1, Failures: 0, Errors: 0, Skipped: 0, Time elapsed: 3.286 s - in de.gsi.chart.plugins.measurements.DataSetMeasurementsTests
[INFO] Running de.gsi.chart.plugins.measurements.utils.ChartMeasurementSelectorTests
[JavaFX Application Thread] WARN de.gsi.chart.plugins.measurements.utils.ChartMeasurementSelector - could not add default selection: required 0 vs. selected 1
[JavaFX Application Thread] WARN de.gsi.chart.plugins.measurements.utils.ChartMeasurementSelector - could not add default selection: required 0 vs. selected 2
[INFO] Tests run: 1, Failures: 0, Errors: 0, Skipped: 0, Time elapsed: 0.265 s - in de.gsi.chart.plugins.measurements.utils.ChartMeasurementSelectorTests
[INFO] Running de.gsi.chart.axes.spi.MetricPrefixTests
[INFO] Tests run: 1, Failures: 0, Errors: 0, Skipped: 0, Time elapsed: 0.02 s - in de.gsi.chart.axes.spi.MetricPrefixTests
[INFO] Running de.gsi.chart.viewer.DataViewTests
[INFO] Tests run: 1, Failures: 0, Errors: 0, Skipped: 0, Time elapsed: 0.242 s - in de.gsi.chart.viewer.DataViewTests
[INFO] Running de.gsi.chart.renderer.spi.ContourDataSetRendererTests
[main] INFO de.gsi.chart.renderer.spi.ContourDataSetRendererTests - image identity - threshold = 0.9979399292129091
[main] WARN de.gsi.chart.renderer.spi.ContourDataSetRendererTests - image non-identity - threshold exceeded = 0.9979399292129091
[main] INFO de.gsi.chart.renderer.spi.ContourDataSetRendererTests - image identity - threshold = 0.9978892957510814
[main] WARN de.gsi.chart.renderer.spi.ContourDataSetRendererTests - image non-identity - threshold exceeded = 0.9978892957510814
[main] INFO de.gsi.chart.renderer.spi.ContourDataSetRendererTests - image identity - threshold = 0.9975019269621557
[main] WARN de.gsi.chart.renderer.spi.ContourDataSetRendererTests - image non-identity - threshold exceeded = 0.9975019269621557
[main] INFO de.gsi.chart.renderer.spi.ContourDataSetRendererTests - image identity - threshold = 0.9983591885962287
[main] WARN de.gsi.chart.renderer.spi.ContourDataSetRendererTests - image non-identity - threshold exceeded = 0.9983591885962287
[main] INFO de.gsi.chart.renderer.spi.ContourDataSetRendererTests - image identity - threshold = 0.9982471173804586
[main] WARN de.gsi.chart.renderer.spi.ContourDataSetRendererTests - image non-identity - threshold exceeded = 0.9982471173804586
[main] INFO de.gsi.chart.renderer.spi.ContourDataSetRendererTests - image identity - threshold = 0.9979594338603379
[main] WARN de.gsi.chart.renderer.spi.ContourDataSetRendererTests - image non-identity - threshold exceeded = 0.9979594338603379
[main] INFO de.gsi.chart.renderer.spi.ContourDataSetRendererTests - image identity - threshold = 0.9979715834970206
[main] WARN de.gsi.chart.renderer.spi.ContourDataSetRendererTests - image non-identity - threshold exceeded = 0.9979715834970206
[main] INFO de.gsi.chart.renderer.spi.ContourDataSetRendererTests - image identity - threshold = 0.9984542463477605
[main] WARN de.gsi.chart.renderer.spi.ContourDataSetRendererTests - image non-identity - threshold exceeded = 0.9984542463477605
[main] INFO de.gsi.chart.renderer.spi.ContourDataSetRendererTests - image identity - threshold = 0.9979944180430215
[main] WARN de.gsi.chart.renderer.spi.ContourDataSetRendererTests - image non-identity - threshold exceeded = 0.9979944180430215
[main] INFO de.gsi.chart.renderer.spi.ContourDataSetRendererTests - image identity - threshold = 0.9976703286190832
[main] WARN de.gsi.chart.renderer.spi.ContourDataSetRendererTests - image non-identity - threshold exceeded = 0.9976703286190832
[INFO] Tests run: 11, Failures: 0, Errors: 0, Skipped: 0, Time elapsed: 3.872 s - in de.gsi.chart.renderer.spi.ContourDataSetRendererTests
[INFO] Running de.gsi.chart.viewer.DataViewWindowTests
[INFO] Tests run: 1, Failures: 0, Errors: 0, Skipped: 0, Time elapsed: 0.232 s - in de.gsi.chart.viewer.DataViewWindowTests
[INFO] Running de.gsi.chart.axes.spi.AbstractAxisTests
[INFO] Tests run: 11, Failures: 0, Errors: 0, Skipped: 0, Time elapsed: 2.479 s - in de.gsi.chart.axes.spi.AbstractAxisTests
[INFO] Running de.gsi.chart.ui.utils.JavaFxInterceptorTests
[INFO] Tests run: 2, Failures: 0, Errors: 0, Skipped: 0, Time elapsed: 0.438 s - in de.gsi.chart.ui.utils.JavaFxInterceptorTests
[INFO] Running de.gsi.chart.plugins.measurements.utils.ValueIndicatorSelectorTests
[INFO] Tests run: 1, Failures: 0, Errors: 0, Skipped: 0, Time elapsed: 0.249 s - in de.gsi.chart.plugins.measurements.utils.ValueIndicatorSelectorTests
[INFO] Running de.gsi.chart.ui.css.CssPropertyFactoryTest
[INFO] Tests run: 1, Failures: 0, Errors: 0, Skipped: 0, Time elapsed: 0.303 s - in de.gsi.chart.ui.css.CssPropertyFactoryTest
[INFO] Running de.gsi.chart.utils.WritableImageCacheTests
[INFO] Tests run: 2, Failures: 0, Errors: 0, Skipped: 0, Time elapsed: 2.303 s - in de.gsi.chart.utils.WritableImageCacheTests
[INFO] Running de.gsi.chart.axes.spi.DefaultNumericAxisTests
[main] INFO de.gsi.chart.axes.spi.DefaultNumericAxisTests - basicConstructorTests() - done
[INFO] Tests run: 2, Failures: 0, Errors: 0, Skipped: 0, Time elapsed: 0.023 s - in de.gsi.chart.axes.spi.DefaultNumericAxisTests
[INFO] Running de.gsi.chart.axes.spi.TickMarkTests
[INFO] Tests run: 3, Failures: 0, Errors: 0, Skipped: 0, Time elapsed: 0.003 s - in de.gsi.chart.axes.spi.TickMarkTests
[INFO] Running de.gsi.chart.plugins.CrosshairIndicatorTest
pluging[de.gsi.chart.plugins.CrosshairIndicator@62d9973f]
[INFO] Tests run: 2, Failures: 0, Errors: 0, Skipped: 0, Time elapsed: 2.674 s - in de.gsi.chart.plugins.CrosshairIndicatorTest
[INFO] Running de.gsi.chart.ui.ObservableDequeTest
[INFO] Tests run: 2, Failures: 0, Errors: 0, Skipped: 0, Time elapsed: 0.005 s - in de.gsi.chart.ui.ObservableDequeTest
[INFO] Running de.gsi.chart.plugins.measurements.utils.DataSetSelectorTests
[INFO] Tests run: 1, Failures: 0, Errors: 0, Skipped: 0, Time elapsed: 0.235 s - in de.gsi.chart.plugins.measurements.utils.DataSetSelectorTests
[INFO] Running de.gsi.chart.utils.FXUtilsTests
[main] INFO de.gsi.chart.utils.FXUtilsTests - following [FXUtils-thread] 'FXUtils::waitForTicks(..) interrupted by timeout' warning is the normal library behaviour
[FXUtils-thread] WARN de.gsi.chart.utils.FXUtils - FXUtils::waitForTicks(..) interrupted by timeout
[INFO] Tests run: 2, Failures: 0, Errors: 0, Skipped: 0, Time elapsed: 0.981 s - in de.gsi.chart.utils.FXUtilsTests
[INFO] Running de.gsi.chart.viewer.SquareButtonTest
[INFO] Tests run: 1, Failures: 0, Errors: 0, Skipped: 0, Time elapsed: 0.232 s - in de.gsi.chart.viewer.SquareButtonTest
[INFO] Running de.gsi.chart.ChartTest
[INFO] Tests run: 2, Failures: 0, Errors: 0, Skipped: 0, Time elapsed: 0.44 s - in de.gsi.chart.ChartTest
[INFO] Running de.gsi.chart.ui.utils.SelectiveJavaFxInterceptorTests
[INFO] Tests run: 2, Failures: 0, Errors: 0, Skipped: 0, Time elapsed: 0.439 s - in de.gsi.chart.ui.utils.SelectiveJavaFxInterceptorTests
[INFO] Running de.gsi.chart.ui.BorderedTitledPaneTests
[INFO] Tests run: 1, Failures: 0, Errors: 0, Skipped: 0, Time elapsed: 0.222 s - in de.gsi.chart.ui.BorderedTitledPaneTests
[INFO] Running de.gsi.chart.utils.DragResizerUtilTests
[INFO] Tests run: 7, Failures: 0, Errors: 0, Skipped: 0, Time elapsed: 0.017 s - in de.gsi.chart.utils.DragResizerUtilTests
[INFO] Running de.gsi.chart.legend.LegendTests
[INFO] Tests run: 3, Failures: 0, Errors: 0, Skipped: 0, Time elapsed: 0.715 s - in de.gsi.chart.legend.LegendTests
[INFO] Running de.gsi.chart.MemoryLeakTests
[INFO] Tests run: 1, Failures: 0, Errors: 0, Skipped: 0, Time elapsed: 0.739 s - in de.gsi.chart.MemoryLeakTests
[INFO] Running de.gsi.chart.axes.spi.AbstractAxisParameterTests
[INFO] Tests run: 5, Failures: 0, Errors: 0, Skipped: 0, Time elapsed: 0.013 s - in de.gsi.chart.axes.spi.AbstractAxisParameterTests
[INFO] Running de.gsi.chart.axes.spi.OscilloscopeAxisTests
[INFO] Tests run: 7, Failures: 0, Errors: 0, Skipped: 0, Time elapsed: 0.019 s - in de.gsi.chart.axes.spi.OscilloscopeAxisTests
[INFO] Running de.gsi.chart.renderer.spi.HistogramRendererTests
[INFO] Tests run: 2, Failures: 0, Errors: 0, Skipped: 0, Time elapsed: 0.894 s - in de.gsi.chart.renderer.spi.HistogramRendererTests
[INFO] Running de.gsi.chart.renderer.spi.financial.CandleStickRendererTest
[JavaFX Application Thread] DEBUG de.gsi.chart.axes.spi.DefaultNumericAxis - major ticks numerically not resolvable
[JavaFX Application Thread] DEBUG de.gsi.chart.axes.spi.DefaultNumericAxis - major ticks numerically not resolvable
[JavaFX Application Thread] DEBUG de.gsi.chart.axes.spi.DefaultNumericAxis - major ticks numerically not resolvable
[JavaFX Application Thread] DEBUG de.gsi.chart.axes.spi.DefaultNumericAxis - major ticks numerically not resolvable
[JavaFX Application Thread] DEBUG de.gsi.chart.axes.spi.DefaultNumericAxis - major ticks numerically not resolvable
[INFO] Tests run: 5, Failures: 0, Errors: 0, Skipped: 0, Time elapsed: 1.254 s - in de.gsi.chart.renderer.spi.financial.CandleStickRendererTest
[INFO] Running de.gsi.chart.utils.StyleParserTest
[main] ERROR de.gsi.chart.utils.StyleParser - could not parse integer for 'malformedInt'='0.ag' returning null
[main] ERROR de.gsi.chart.utils.StyleParser - could not parse floating point for 'malformedInt'='0.ag' returning null
[main] ERROR de.gsi.chart.utils.StyleParser - could not parse floating point for 'emptyProperty'='' returning null
[main] ERROR de.gsi.chart.utils.StyleParser - could not parse floating point for 'floatingPointArray'='' returning null
[main] ERROR de.gsi.chart.utils.StyleParser - could not parse floating point for 'malformedInt'='0.ag' returning null
[main] ERROR de.gsi.chart.utils.StyleParser - could not parse color description for 'color'='reddish' returning null
[main] ERROR de.gsi.chart.utils.StyleParser - could not parse color description for 'malformedInt'='0.ag' returning null
[INFO] Tests run: 1, Failures: 0, Errors: 0, Skipped: 0, Time elapsed: 0.007 s - in de.gsi.chart.utils.StyleParserTest
[INFO] Running de.gsi.chart.renderer.spi.ContourDataSetCacheTests
[INFO] Tests run: 3, Failures: 0, Errors: 0, Skipped: 0, Time elapsed: 0.006 s - in de.gsi.chart.renderer.spi.ContourDataSetCacheTests
[INFO] Running de.gsi.chart.renderer.spi.financial.css.FinancialColorSchemeConstantsTest
[INFO] Tests run: 1, Failures: 0, Errors: 0, Skipped: 0, Time elapsed: 0 s - in de.gsi.chart.renderer.spi.financial.css.FinancialColorSchemeConstantsTest
[INFO] Running de.gsi.chart.plugins.measurements.SimpleMeasurementsTests
[INFO] Tests run: 2, Failures: 0, Errors: 0, Skipped: 0, Time elapsed: 7.841 s - in de.gsi.chart.plugins.measurements.SimpleMeasurementsTests
[INFO] Running de.gsi.chart.ui.ProfilerInfoBoxTests
[INFO] Tests run: 3, Failures: 0, Errors: 0, Skipped: 0, Time elapsed: 2.266 s - in de.gsi.chart.ui.ProfilerInfoBoxTests
[INFO] Running de.gsi.chart.utils.WriteFxImageTests
[main] DEBUG de.gsi.chart.utils.PaletteQuantizerNeuQuant - need to execute run() computation - fallback should be done prior in user-land
[main] DEBUG de.gsi.chart.utils.WriteFxImageBenchmark - Compressed Image (200x300 rgba) using compression level 1 to image buffer (cap: 240100, size: 5422). compression rate: 0.022354166666666668, outputSizeUpperBound: 274220
[main] DEBUG de.gsi.chart.utils.WriteFxImageBenchmark - Compressed Image (1x1 rgba) using compression level 1 to image buffer (cap: 100, size: 70). compression rate: 3.25, outputSizeUpperBound: 133
[main] DEBUG de.gsi.chart.utils.WriteFxImageBenchmark - Compressed Image (200x300 rgb) using compression level 0 to image buffer (cap: 181000, size: 180378). compression rate: 1.0017833333333332, outputSizeUpperBound: 205783
[main] DEBUG de.gsi.chart.utils.WriteFxImageBenchmark - Compressed Image (600x333 rgba) using compression level 9 to image buffer (cap: 799300, size: 168787). compression rate: 0.21112362362362364, outputSizeUpperBound: 912095
[INFO] Tests run: 65, Failures: 0, Errors: 0, Skipped: 0, Time elapsed: 20.377 s - in de.gsi.chart.utils.WriteFxImageTests
[INFO] 
[INFO] Results:
[INFO] 
[INFO] Tests run: 227, Failures: 0, Errors: 0, Skipped: 0
[INFO] 
[INFO] 
[INFO] --- jacoco-maven-plugin:0.8.6:report (report) @ chartfx-chart ---
[INFO] Loading execution data file /home/gabsko/breaking-updates/chartfx-chart/target/jacoco.exec
[INFO] Analyzed bundle 'chartfx-chart' with 319 classes
[INFO] 
[INFO] ------------------------< de.gsi:microservice >-------------------------
[INFO] Building microservice master-SNAPSHOT                              [6/9]
[INFO] --------------------------------[ jar ]---------------------------------
[INFO] 
[INFO] --- maven-clean-plugin:3.1.0:clean (default-clean) @ microservice ---
[INFO] Deleting /home/gabsko/breaking-updates/microservice/target
[INFO] 
[INFO] --- flatten-maven-plugin:1.1.0:clean (flatten.clean) @ microservice ---
[INFO] Deleting /home/gabsko/breaking-updates/microservice/.flattened-pom.xml
[INFO] 
[INFO] --- jacoco-maven-plugin:0.8.6:prepare-agent (default) @ microservice ---
[INFO] argLine set to -javaagent:/home/gabsko/.m2/repository/org/jacoco/org.jacoco.agent/0.8.6/org.jacoco.agent-0.8.6-runtime.jar=destfile=/home/gabsko/breaking-updates/microservice/target/jacoco.exec
[INFO] 
[INFO] --- maven-resources-plugin:2.6:resources (default-resources) @ microservice ---
[INFO] Using 'UTF-8' encoding to copy filtered resources.
[INFO] skip non existing resourceDirectory /home/gabsko/breaking-updates/microservice/src/main/resources
[INFO] 
[INFO] --- flatten-maven-plugin:1.1.0:flatten (flatten) @ microservice ---
[INFO] Generating flattened POM of project de.gsi:microservice:jar:master-SNAPSHOT...
[INFO] 
[INFO] --- maven-compiler-plugin:3.8.1:compile (default-compile) @ microservice ---
[INFO] Changes detected - recompiling the module!
[INFO] Compiling 32 source files to /home/gabsko/breaking-updates/microservice/target/classes
[WARNING] /home/gabsko/breaking-updates/microservice/src/main/java/de/gsi/serializer/spi/ClassFieldDescription.java:[30,16] sun.misc.Unsafe is internal proprietary API and may be removed in a future release
[WARNING] /home/gabsko/breaking-updates/microservice/src/main/java/de/gsi/serializer/spi/FastByteBuffer.java:[3,23] sun.misc.Unsafe is internal proprietary API and may be removed in a future release
[WARNING] /home/gabsko/breaking-updates/microservice/src/main/java/de/gsi/serializer/spi/FastByteBuffer.java:[4,23] sun.misc.Unsafe is internal proprietary API and may be removed in a future release
[WARNING] /home/gabsko/breaking-updates/microservice/src/main/java/de/gsi/serializer/spi/FastByteBuffer.java:[5,23] sun.misc.Unsafe is internal proprietary API and may be removed in a future release
[WARNING] /home/gabsko/breaking-updates/microservice/src/main/java/de/gsi/serializer/spi/FastByteBuffer.java:[6,23] sun.misc.Unsafe is internal proprietary API and may be removed in a future release
[WARNING] /home/gabsko/breaking-updates/microservice/src/main/java/de/gsi/serializer/spi/FastByteBuffer.java:[7,23] sun.misc.Unsafe is internal proprietary API and may be removed in a future release
[WARNING] /home/gabsko/breaking-updates/microservice/src/main/java/de/gsi/serializer/spi/FastByteBuffer.java:[8,23] sun.misc.Unsafe is internal proprietary API and may be removed in a future release
[WARNING] /home/gabsko/breaking-updates/microservice/src/main/java/de/gsi/serializer/spi/FastByteBuffer.java:[9,23] sun.misc.Unsafe is internal proprietary API and may be removed in a future release
[WARNING] /home/gabsko/breaking-updates/microservice/src/main/java/de/gsi/serializer/spi/FastByteBuffer.java:[10,23] sun.misc.Unsafe is internal proprietary API and may be removed in a future release
[WARNING] /home/gabsko/breaking-updates/microservice/src/main/java/de/gsi/serializer/spi/FastByteBuffer.java:[19,16] sun.misc.Unsafe is internal proprietary API and may be removed in a future release
[WARNING] /home/gabsko/breaking-updates/microservice/src/main/java/de/gsi/serializer/spi/ClassFieldDescription.java:[738,30] sun.misc.Unsafe is internal proprietary API and may be removed in a future release
[WARNING] /home/gabsko/breaking-updates/microservice/src/main/java/de/gsi/serializer/spi/ClassFieldDescription.java:[743,37] sun.misc.Unsafe is internal proprietary API and may be removed in a future release
[WARNING] /home/gabsko/breaking-updates/microservice/src/main/java/de/gsi/serializer/spi/ClassFieldDescription.java:[745,27] sun.misc.Unsafe is internal proprietary API and may be removed in a future release
[WARNING] /home/gabsko/breaking-updates/microservice/src/main/java/de/gsi/serializer/spi/FastByteBuffer.java:[44,26] sun.misc.Unsafe is internal proprietary API and may be removed in a future release
[WARNING] /home/gabsko/breaking-updates/microservice/src/main/java/de/gsi/serializer/spi/FastByteBuffer.java:[51,33] sun.misc.Unsafe is internal proprietary API and may be removed in a future release
[WARNING] /home/gabsko/breaking-updates/microservice/src/main/java/de/gsi/serializer/spi/FastByteBuffer.java:[53,23] sun.misc.Unsafe is internal proprietary API and may be removed in a future release
[INFO] /home/gabsko/breaking-updates/microservice/src/main/java/de/gsi/serializer/spi/FastByteBuffer.java: /home/gabsko/breaking-updates/microservice/src/main/java/de/gsi/serializer/spi/FastByteBuffer.java uses or overrides a deprecated API.
[INFO] /home/gabsko/breaking-updates/microservice/src/main/java/de/gsi/serializer/spi/FastByteBuffer.java: Recompile with -Xlint:deprecation for details.
[INFO] /home/gabsko/breaking-updates/microservice/src/main/java/de/gsi/serializer/spi/BinarySerialiser.java: Some input files use unchecked or unsafe operations.
[INFO] /home/gabsko/breaking-updates/microservice/src/main/java/de/gsi/serializer/spi/BinarySerialiser.java: Recompile with -Xlint:unchecked for details.
[INFO] 
[INFO] --- maven-resources-plugin:2.6:testResources (default-testResources) @ microservice ---
[INFO] Using 'UTF-8' encoding to copy filtered resources.
[INFO] skip non existing resourceDirectory /home/gabsko/breaking-updates/microservice/src/test/resources
[INFO] 
[INFO] --- maven-compiler-plugin:3.8.1:testCompile (default-testCompile) @ microservice ---
[INFO] Changes detected - recompiling the module!
[INFO] Compiling 68 source files to /home/gabsko/breaking-updates/microservice/target/test-classes
[WARNING] /home/gabsko/breaking-updates/microservice/src/test/java/de/gsi/serializer/benchmark/ReflectionBenchmark.java:[12,16] sun.misc.Unsafe is internal proprietary API and may be removed in a future release
[WARNING] /home/gabsko/breaking-updates/microservice/src/test/java/de/gsi/serializer/benchmark/SerialiserAssumptionsBenchmark.java:[17,16] sun.misc.Unsafe is internal proprietary API and may be removed in a future release
[WARNING] /home/gabsko/breaking-updates/microservice/src/test/java/de/gsi/serializer/benchmark/ReflectionBenchmark.java:[12,16] sun.misc.Unsafe is internal proprietary API and may be removed in a future release
[WARNING] /home/gabsko/breaking-updates/microservice/src/test/java/de/gsi/serializer/benchmark/SerialiserAssumptionsBenchmark.java:[17,16] sun.misc.Unsafe is internal proprietary API and may be removed in a future release
[WARNING] /home/gabsko/breaking-updates/microservice/src/test/java/de/gsi/serializer/benchmark/ReflectionBenchmark.java:[12,16] sun.misc.Unsafe is internal proprietary API and may be removed in a future release
[WARNING] /home/gabsko/breaking-updates/microservice/src/test/java/de/gsi/serializer/benchmark/SerialiserAssumptionsBenchmark.java:[17,16] sun.misc.Unsafe is internal proprietary API and may be removed in a future release
[WARNING] /home/gabsko/breaking-updates/microservice/src/test/java/de/gsi/serializer/benchmark/ReflectionBenchmark.java:[12,16] sun.misc.Unsafe is internal proprietary API and may be removed in a future release
[WARNING] /home/gabsko/breaking-updates/microservice/src/test/java/de/gsi/serializer/benchmark/SerialiserAssumptionsBenchmark.java:[17,16] sun.misc.Unsafe is internal proprietary API and may be removed in a future release
[WARNING] /home/gabsko/breaking-updates/microservice/src/test/java/de/gsi/serializer/benchmark/ReflectionBenchmark.java:[32,26] sun.misc.Unsafe is internal proprietary API and may be removed in a future release
[WARNING] /home/gabsko/breaking-updates/microservice/src/test/java/de/gsi/serializer/benchmark/ReflectionBenchmark.java:[32,26] sun.misc.Unsafe is internal proprietary API and may be removed in a future release
[WARNING] /home/gabsko/breaking-updates/microservice/src/test/java/de/gsi/serializer/benchmark/ReflectionBenchmark.java:[32,26] sun.misc.Unsafe is internal proprietary API and may be removed in a future release
[WARNING] /home/gabsko/breaking-updates/microservice/src/test/java/de/gsi/serializer/benchmark/ReflectionBenchmark.java:[32,26] sun.misc.Unsafe is internal proprietary API and may be removed in a future release
[WARNING] /home/gabsko/breaking-updates/microservice/src/test/java/de/gsi/serializer/benchmark/ReflectionBenchmark.java:[36,33] sun.misc.Unsafe is internal proprietary API and may be removed in a future release
[WARNING] /home/gabsko/breaking-updates/microservice/src/test/java/de/gsi/serializer/benchmark/ReflectionBenchmark.java:[38,23] sun.misc.Unsafe is internal proprietary API and may be removed in a future release
[WARNING] /home/gabsko/breaking-updates/microservice/src/test/java/de/gsi/serializer/benchmark/SerialiserAssumptionsBenchmark.java:[235,30] sun.misc.Unsafe is internal proprietary API and may be removed in a future release
[WARNING] /home/gabsko/breaking-updates/microservice/src/test/java/de/gsi/serializer/benchmark/SerialiserAssumptionsBenchmark.java:[235,30] sun.misc.Unsafe is internal proprietary API and may be removed in a future release
[WARNING] /home/gabsko/breaking-updates/microservice/src/test/java/de/gsi/serializer/benchmark/SerialiserAssumptionsBenchmark.java:[235,30] sun.misc.Unsafe is internal proprietary API and may be removed in a future release
[WARNING] /home/gabsko/breaking-updates/microservice/src/test/java/de/gsi/serializer/benchmark/SerialiserAssumptionsBenchmark.java:[235,30] sun.misc.Unsafe is internal proprietary API and may be removed in a future release
[WARNING] /home/gabsko/breaking-updates/microservice/src/test/java/de/gsi/serializer/benchmark/SerialiserAssumptionsBenchmark.java:[238,37] sun.misc.Unsafe is internal proprietary API and may be removed in a future release
[WARNING] /home/gabsko/breaking-updates/microservice/src/test/java/de/gsi/serializer/benchmark/SerialiserAssumptionsBenchmark.java:[240,27] sun.misc.Unsafe is internal proprietary API and may be removed in a future release
[INFO] /home/gabsko/breaking-updates/microservice/src/test/java/de/gsi/serializer/benchmark/SerialiserAssumptionsBenchmark.java: /home/gabsko/breaking-updates/microservice/src/test/java/de/gsi/serializer/benchmark/SerialiserAssumptionsBenchmark.java uses or overrides a deprecated API.
[INFO] /home/gabsko/breaking-updates/microservice/src/test/java/de/gsi/serializer/benchmark/SerialiserAssumptionsBenchmark.java: Recompile with -Xlint:deprecation for details.
[INFO] /home/gabsko/breaking-updates/microservice/src/test/java/de/gsi/serializer/IoClassSerialiserTests.java: Some input files use unchecked or unsafe operations.
[INFO] /home/gabsko/breaking-updates/microservice/src/test/java/de/gsi/serializer/IoClassSerialiserTests.java: Recompile with -Xlint:unchecked for details.
[INFO] 
[INFO] --- maven-surefire-plugin:3.0.0-M5:test (default-test) @ microservice ---
[INFO] 
[INFO] -------------------------------------------------------
[INFO]  T E S T S
[INFO] -------------------------------------------------------
[INFO] Running de.gsi.microservice.concepts.aggregate.filter.CtxFilterTests
[INFO] Tests run: 6, Failures: 0, Errors: 0, Skipped: 0, Time elapsed: 0.125 s - in de.gsi.microservice.concepts.aggregate.filter.CtxFilterTests
[INFO] Running de.gsi.microservice.utils.LimitedArrayListTests
[INFO] Tests run: 1, Failures: 0, Errors: 0, Skipped: 0, Time elapsed: 0.005 s - in de.gsi.microservice.utils.LimitedArrayListTests
[INFO] Running de.gsi.serializer.IoClassSerialiserTests
[main] INFO de.gsi.serializer.spi.WireDataFieldDescription - FielHeader structure (no parent):
[main] INFO de.gsi.serializer.spi.WireDataFieldDescription - [fieldName=ROOT, fieldType=other]
[main] INFO de.gsi.serializer.spi.WireDataFieldDescription -     [fieldName=OBJ_ROOT_START, fieldType=start_marker]
[main] INFO de.gsi.serializer.spi.WireDataFieldDescription -         [fieldName=de.gsi.serializer.IoClassSerialiserTests$CustomClass, fieldType=other]
[main] INFO de.gsi.serializer.spi.WireDataFieldDescription -     [fieldName=de.gsi.serializer.IoClassSerialiserTests$CustomClass, fieldType=end_marker]
[main] INFO de.gsi.serializer.spi.WireDataFieldDescription - FielHeader structure (no parent):
[main] INFO de.gsi.serializer.spi.WireDataFieldDescription - [fieldName=ROOT, fieldType=other]
[main] INFO de.gsi.serializer.spi.WireDataFieldDescription -     [fieldName=OBJ_ROOT_START, fieldType=start_marker]
[main] INFO de.gsi.serializer.spi.WireDataFieldDescription -         [fieldName=de.gsi.serializer.IoClassSerialiserTests$CustomClass, fieldType=other]
[main] INFO de.gsi.serializer.spi.WireDataFieldDescription -     [fieldName=de.gsi.serializer.IoClassSerialiserTests$CustomClass, fieldType=end_marker]
[main] INFO de.gsi.serializer.spi.WireDataFieldDescription - FielHeader structure (no parent):
[main] INFO de.gsi.serializer.spi.WireDataFieldDescription - [fieldName=ROOT, fieldType=other]
[main] INFO de.gsi.serializer.spi.WireDataFieldDescription -     [fieldName=de.gsi.serializer.IoClassSerialiserTests$TestClass, fieldType=start_marker]
[main] INFO de.gsi.serializer.spi.WireDataFieldDescription -         [fieldName=integerBoxed, fieldType=int]
[main] INFO de.gsi.serializer.spi.WireDataFieldDescription -         [fieldName=integerList, fieldType=list]
[main] INFO de.gsi.serializer.spi.WireDataFieldDescription -         [fieldName=stringList, fieldType=list]
[main] INFO de.gsi.serializer.spi.WireDataFieldDescription -         [fieldName=dataSet, fieldType=other]
[main] INFO de.gsi.serializer.spi.WireDataFieldDescription -         [fieldName=dataSetList, fieldType=list]
[main] INFO de.gsi.serializer.spi.WireDataFieldDescription -         [fieldName=dataSetSet, fieldType=set]
[main] INFO de.gsi.serializer.spi.WireDataFieldDescription -         [fieldName=dataSetQueue, fieldType=queue]
[main] INFO de.gsi.serializer.spi.WireDataFieldDescription -         [fieldName=dataSetMap, fieldType=map]
[main] INFO de.gsi.serializer.spi.WireDataFieldDescription -         [fieldName=dataSetStringMap, fieldType=map]
[main] INFO de.gsi.serializer.spi.WireDataFieldDescription -         [fieldName=multiArrayDouble, fieldType=double_array]
[main] INFO de.gsi.serializer.spi.WireDataFieldDescription -         [fieldName=multiArrayFloat, fieldType=float_array]
[main] INFO de.gsi.serializer.spi.WireDataFieldDescription -         [fieldName=multiArrayInt, fieldType=int_array]
[main] INFO de.gsi.serializer.spi.WireDataFieldDescription -         [fieldName=multiArrayLong, fieldType=long_array]
[main] INFO de.gsi.serializer.spi.WireDataFieldDescription -         [fieldName=multiArrayShort, fieldType=short_array]
[main] INFO de.gsi.serializer.spi.WireDataFieldDescription -         [fieldName=multiArrayByte, fieldType=byte_array]
[main] INFO de.gsi.serializer.spi.WireDataFieldDescription -         [fieldName=multiArrayChar, fieldType=char_array]
[main] INFO de.gsi.serializer.spi.WireDataFieldDescription -         [fieldName=multiArrayBoolean, fieldType=bool_array]
[main] INFO de.gsi.serializer.spi.WireDataFieldDescription -         [fieldName=multiArrayString, fieldType=string_array]
[main] INFO de.gsi.serializer.spi.WireDataFieldDescription -     [fieldName=de.gsi.serializer.IoClassSerialiserTests$TestClass, fieldType=end_marker]
[main] INFO de.gsi.serializer.spi.WireDataFieldDescription - FielHeader structure (no parent):
[main] INFO de.gsi.serializer.spi.WireDataFieldDescription - [fieldName=ROOT, fieldType=other]
[main] INFO de.gsi.serializer.spi.WireDataFieldDescription -     [fieldName=de.gsi.serializer.IoClassSerialiserTests$TestClass, fieldType=start_marker]
[main] INFO de.gsi.serializer.spi.WireDataFieldDescription -         [fieldName=integerBoxed, fieldType=int]
[main] INFO de.gsi.serializer.spi.WireDataFieldDescription -         [fieldName=integerList, fieldType=list]
[main] INFO de.gsi.serializer.spi.WireDataFieldDescription -         [fieldName=stringList, fieldType=list]
[main] INFO de.gsi.serializer.spi.WireDataFieldDescription -         [fieldName=dataSet, fieldType=other]
[main] INFO de.gsi.serializer.spi.WireDataFieldDescription -         [fieldName=dataSetList, fieldType=list]
[main] INFO de.gsi.serializer.spi.WireDataFieldDescription -         [fieldName=dataSetSet, fieldType=set]
[main] INFO de.gsi.serializer.spi.WireDataFieldDescription -         [fieldName=dataSetQueue, fieldType=queue]
[main] INFO de.gsi.serializer.spi.WireDataFieldDescription -         [fieldName=dataSetMap, fieldType=map]
[main] INFO de.gsi.serializer.spi.WireDataFieldDescription -         [fieldName=dataSetStringMap, fieldType=map]
[main] INFO de.gsi.serializer.spi.WireDataFieldDescription -         [fieldName=multiArrayDouble, fieldType=double_array]
[main] INFO de.gsi.serializer.spi.WireDataFieldDescription -         [fieldName=multiArrayFloat, fieldType=float_array]
[main] INFO de.gsi.serializer.spi.WireDataFieldDescription -         [fieldName=multiArrayInt, fieldType=int_array]
[main] INFO de.gsi.serializer.spi.WireDataFieldDescription -         [fieldName=multiArrayLong, fieldType=long_array]
[main] INFO de.gsi.serializer.spi.WireDataFieldDescription -         [fieldName=multiArrayShort, fieldType=short_array]
[main] INFO de.gsi.serializer.spi.WireDataFieldDescription -         [fieldName=multiArrayByte, fieldType=byte_array]
[main] INFO de.gsi.serializer.spi.WireDataFieldDescription -         [fieldName=multiArrayChar, fieldType=char_array]
[main] INFO de.gsi.serializer.spi.WireDataFieldDescription -         [fieldName=multiArrayBoolean, fieldType=bool_array]
[main] INFO de.gsi.serializer.spi.WireDataFieldDescription -         [fieldName=multiArrayString, fieldType=string_array]
[main] INFO de.gsi.serializer.spi.WireDataFieldDescription -     [fieldName=de.gsi.serializer.IoClassSerialiserTests$TestClass, fieldType=end_marker]
[INFO] Tests run: 7, Failures: 0, Errors: 0, Skipped: 0, Time elapsed: 0.403 s - in de.gsi.serializer.IoClassSerialiserTests
[INFO] Running de.gsi.serializer.IoSerialiserTests
[INFO] Tests run: 42, Failures: 0, Errors: 0, Skipped: 0, Time elapsed: 0.294 s - in de.gsi.serializer.IoSerialiserTests
[INFO] Running de.gsi.serializer.annotations.SerialiserAnnotationTests
[INFO] Tests run: 3, Failures: 0, Errors: 0, Skipped: 0, Time elapsed: 0.007 s - in de.gsi.serializer.annotations.SerialiserAnnotationTests
[INFO] Running de.gsi.microservice.concepts.aggregate.filter.EvtTypeFilterTests
[INFO] Tests run: 3, Failures: 0, Errors: 0, Skipped: 0, Time elapsed: 0.01 s - in de.gsi.microservice.concepts.aggregate.filter.EvtTypeFilterTests
[INFO] Running de.gsi.serializer.spi.iobuffer.DataSetSerialiserTests
[main] WARN de.gsi.serializer.spi.iobuffer.DataSetSerialiser - Invalid field name: axi0
[main] WARN de.gsi.serializer.spi.iobuffer.DataSetSerialiser - Invalid field name: axi0
[main] WARN de.gsi.serializer.spi.iobuffer.DataSetSerialiser - Invalid field name: axis0.1
[main] WARN de.gsi.serializer.spi.iobuffer.DataSetSerialiser - Invalid field name: axis0.1
[INFO] Tests run: 21, Failures: 0, Errors: 0, Skipped: 0, Time elapsed: 0.059 s - in de.gsi.serializer.spi.iobuffer.DataSetSerialiserTests
[INFO] Running de.gsi.serializer.spi.BinarySerialiserTests
[INFO] Tests run: 12, Failures: 0, Errors: 0, Skipped: 0, Time elapsed: 0.03 s - in de.gsi.serializer.spi.BinarySerialiserTests
[INFO] Running de.gsi.microservice.concepts.aggregate.RingBufferEventTests
received ctx = [CtxFilter: bpcts=1673972783412000 ("2023-01-17T16:26:23.412Z"), selector='FAIR.SELECTOR.C=3:S=2', cid=3, sid=2, pid=-1, gid=-1]
[INFO] Tests run: 5, Failures: 0, Errors: 0, Skipped: 0, Time elapsed: 0.007 s - in de.gsi.microservice.concepts.aggregate.RingBufferEventTests
[INFO] Running de.gsi.serializer.spi.IoBufferTests
[INFO] Tests run: 11, Failures: 0, Errors: 0, Skipped: 0, Time elapsed: 0.01 s - in de.gsi.serializer.spi.IoBufferTests
[INFO] Running de.gsi.serializer.IoClassSerialiserSimpleTest
[INFO] Tests run: 1, Failures: 0, Errors: 0, Skipped: 0, Time elapsed: 0.001 s - in de.gsi.serializer.IoClassSerialiserSimpleTest
[INFO] Running de.gsi.microservice.concepts.cmwlight.CmwLightProtocolTest
[WARNING] Tests run: 17, Failures: 0, Errors: 0, Skipped: 1, Time elapsed: 0.023 s - in de.gsi.microservice.concepts.cmwlight.CmwLightProtocolTest
[INFO] Running de.gsi.microservice.utils.SharedPointerTests
[INFO] Tests run: 1, Failures: 0, Errors: 0, Skipped: 0, Time elapsed: 0.001 s - in de.gsi.microservice.utils.SharedPointerTests
[INFO] Running de.gsi.microservice.concepts.aggregate.DemuxEventDispatcherTest
IngestedEvent{ingestionTime=1673972783492, payload=Event{sourceTime=1673972783491, publishTime=1673972783491, bpcts=1, chain=3, type=97, device='a', payload=a1}}
IngestedEvent{ingestionTime=1673972783511, payload=Event{sourceTime=1673972783511, publishTime=1673972783511, bpcts=1, chain=3, type=98, device='b', payload=b1}}
IngestedEvent{ingestionTime=1673972783531, payload=Event{sourceTime=1673972783531, publishTime=1673972783531, bpcts=1, chain=3, type=99, device='c', payload=c1}}
IngestedEvent{ingestionTime=1673972783532, payload=[IngestedEvent{ingestionTime=1673972783492, payload=Event{sourceTime=1673972783491, publishTime=1673972783491, bpcts=1, chain=3, type=97, device='a', payload=a1}}, IngestedEvent{ingestionTime=1673972783511, payload=Event{sourceTime=1673972783511, publishTime=1673972783511, bpcts=1, chain=3, type=98, device='b', payload=b1}}, IngestedEvent{ingestionTime=1673972783531, payload=Event{sourceTime=1673972783531, publishTime=1673972783531, bpcts=1, chain=3, type=99, device='c', payload=c1}}]}
IngestedEvent{ingestionTime=1673972783551, payload=Event{sourceTime=1673972783551, publishTime=1673972783551, bpcts=2, chain=3, type=97, device='a', payload=a2}}
IngestedEvent{ingestionTime=1673972783571, payload=Event{sourceTime=1673972783571, publishTime=1673972783571, bpcts=2, chain=3, type=98, device='b', payload=b2}}
IngestedEvent{ingestionTime=1673972783591, payload=Event{sourceTime=1673972783591, publishTime=1673972783591, bpcts=2, chain=3, type=99, device='c', payload=c2}}
IngestedEvent{ingestionTime=1673972783592, payload=[IngestedEvent{ingestionTime=1673972783551, payload=Event{sourceTime=1673972783551, publishTime=1673972783551, bpcts=2, chain=3, type=97, device='a', payload=a2}}, IngestedEvent{ingestionTime=1673972783571, payload=Event{sourceTime=1673972783571, publishTime=1673972783571, bpcts=2, chain=3, type=98, device='b', payload=b2}}, IngestedEvent{ingestionTime=1673972783591, payload=Event{sourceTime=1673972783591, publishTime=1673972783591, bpcts=2, chain=3, type=99, device='c', payload=c2}}]}
IngestedEvent{ingestionTime=1673972783611, payload=Event{sourceTime=1673972783611, publishTime=1673972783611, bpcts=3, chain=3, type=97, device='a', payload=a3}}
IngestedEvent{ingestionTime=1673972783631, payload=Event{sourceTime=1673972783631, publishTime=1673972783631, bpcts=3, chain=3, type=98, device='b', payload=b3}}
IngestedEvent{ingestionTime=1673972783651, payload=Event{sourceTime=1673972783651, publishTime=1673972783651, bpcts=3, chain=3, type=99, device='c', payload=c3}}
IngestedEvent{ingestionTime=1673972783652, payload=[IngestedEvent{ingestionTime=1673972783611, payload=Event{sourceTime=1673972783611, publishTime=1673972783611, bpcts=3, chain=3, type=97, device='a', payload=a3}}, IngestedEvent{ingestionTime=1673972783631, payload=Event{sourceTime=1673972783631, publishTime=1673972783631, bpcts=3, chain=3, type=98, device='b', payload=b3}}, IngestedEvent{ingestionTime=1673972783651, payload=Event{sourceTime=1673972783651, publishTime=1673972783651, bpcts=3, chain=3, type=99, device='c', payload=c3}}]}
[]
IngestedEvent{ingestionTime=1673972783871, payload=Event{sourceTime=1673972783871, publishTime=1673972783871, bpcts=1, chain=3, type=97, device='a', payload=a1}}
IngestedEvent{ingestionTime=1673972783891, payload=Event{sourceTime=1673972783891, publishTime=1673972783891, bpcts=1, chain=3, type=98, device='b', payload=b1}}
IngestedEvent{ingestionTime=1673972783912, payload=Event{sourceTime=1673972783911, publishTime=1673972783911, bpcts=1, chain=3, type=99, device='c', payload=c1}}
IngestedEvent{ingestionTime=1673972783912, payload=[IngestedEvent{ingestionTime=1673972783871, payload=Event{sourceTime=1673972783871, publishTime=1673972783871, bpcts=1, chain=3, type=97, device='a', payload=a1}}, IngestedEvent{ingestionTime=1673972783891, payload=Event{sourceTime=1673972783891, publishTime=1673972783891, bpcts=1, chain=3, type=98, device='b', payload=b1}}, IngestedEvent{ingestionTime=1673972783912, payload=Event{sourceTime=1673972783911, publishTime=1673972783911, bpcts=1, chain=3, type=99, device='c', payload=c1}}]}
IngestedEvent{ingestionTime=1673972783931, payload=Event{sourceTime=1673972783931, publishTime=1673972783931, bpcts=1, chain=3, type=98, device='b', payload=b1}}
IngestedEvent{ingestionTime=1673972783951, payload=Event{sourceTime=1673972783951, publishTime=1673972783951, bpcts=2, chain=3, type=97, device='a', payload=a2}}
IngestedEvent{ingestionTime=1673972783971, payload=Event{sourceTime=1673972783971, publishTime=1673972783971, bpcts=2, chain=3, type=98, device='b', payload=b2}}
IngestedEvent{ingestionTime=1673972783991, payload=Event{sourceTime=1673972783991, publishTime=1673972783991, bpcts=2, chain=3, type=99, device='c', payload=c2}}
IngestedEvent{ingestionTime=1673972783993, payload=[IngestedEvent{ingestionTime=1673972783951, payload=Event{sourceTime=1673972783951, publishTime=1673972783951, bpcts=2, chain=3, type=97, device='a', payload=a2}}, IngestedEvent{ingestionTime=1673972783971, payload=Event{sourceTime=1673972783971, publishTime=1673972783971, bpcts=2, chain=3, type=98, device='b', payload=b2}}, IngestedEvent{ingestionTime=1673972783991, payload=Event{sourceTime=1673972783991, publishTime=1673972783991, bpcts=2, chain=3, type=99, device='c', payload=c2}}]}
IngestedEvent{ingestionTime=1673972784011, payload=Event{sourceTime=1673972784011, publishTime=1673972784011, bpcts=2, chain=3, type=97, device='a', payload=a2}}
IngestedEvent{ingestionTime=1673972784031, payload=Event{sourceTime=1673972784031, publishTime=1673972784031, bpcts=3, chain=3, type=97, device='a', payload=a3}}
IngestedEvent{ingestionTime=1673972784051, payload=Event{sourceTime=1673972784051, publishTime=1673972784051, bpcts=3, chain=3, type=98, device='b', payload=b3}}
IngestedEvent{ingestionTime=1673972784071, payload=Event{sourceTime=1673972784071, publishTime=1673972784071, bpcts=3, chain=3, type=99, device='c', payload=c3}}
IngestedEvent{ingestionTime=1673972784071, payload=[IngestedEvent{ingestionTime=1673972784031, payload=Event{sourceTime=1673972784031, publishTime=1673972784031, bpcts=3, chain=3, type=97, device='a', payload=a3}}, IngestedEvent{ingestionTime=1673972784051, payload=Event{sourceTime=1673972784051, publishTime=1673972784051, bpcts=3, chain=3, type=98, device='b', payload=b3}}, IngestedEvent{ingestionTime=1673972784071, payload=Event{sourceTime=1673972784071, publishTime=1673972784071, bpcts=3, chain=3, type=99, device='c', payload=c3}}]}
IngestedEvent{ingestionTime=1673972784091, payload=Event{sourceTime=1673972784091, publishTime=1673972784091, bpcts=3, chain=3, type=99, device='c', payload=c3}}
[]
IngestedEvent{ingestionTime=1673972784215, payload=Event{sourceTime=1673972784215, publishTime=1673972784215, bpcts=1, chain=3, type=97, device='a', payload=a1}}
IngestedEvent{ingestionTime=1673972784235, payload=Event{sourceTime=1673972784235, publishTime=1673972784235, bpcts=1, chain=3, type=99, device='c', payload=c1}}
IngestedEvent{ingestionTime=1673972784255, payload=Event{sourceTime=1673972784255, publishTime=1673972784255, bpcts=1, chain=3, type=98, device='b', payload=b1}}
IngestedEvent{ingestionTime=1673972784256, payload=[IngestedEvent{ingestionTime=1673972784215, payload=Event{sourceTime=1673972784215, publishTime=1673972784215, bpcts=1, chain=3, type=97, device='a', payload=a1}}, IngestedEvent{ingestionTime=1673972784235, payload=Event{sourceTime=1673972784235, publishTime=1673972784235, bpcts=1, chain=3, type=99, device='c', payload=c1}}, IngestedEvent{ingestionTime=1673972784255, payload=Event{sourceTime=1673972784255, publishTime=1673972784255, bpcts=1, chain=3, type=98, device='b', payload=b1}}]}
IngestedEvent{ingestionTime=1673972784275, payload=Event{sourceTime=1673972784275, publishTime=1673972784275, bpcts=2, chain=3, type=97, device='a', payload=a2}}
IngestedEvent{ingestionTime=1673972784295, payload=Event{sourceTime=1673972784295, publishTime=1673972784295, bpcts=2, chain=3, type=98, device='b', payload=b2}}
IngestedEvent{ingestionTime=1673972784315, payload=Event{sourceTime=1673972784315, publishTime=1673972784315, bpcts=2, chain=3, type=99, device='c', payload=c2}}
IngestedEvent{ingestionTime=1673972784315, payload=[IngestedEvent{ingestionTime=1673972784275, payload=Event{sourceTime=1673972784275, publishTime=1673972784275, bpcts=2, chain=3, type=97, device='a', payload=a2}}, IngestedEvent{ingestionTime=1673972784295, payload=Event{sourceTime=1673972784295, publishTime=1673972784295, bpcts=2, chain=3, type=98, device='b', payload=b2}}, IngestedEvent{ingestionTime=1673972784315, payload=Event{sourceTime=1673972784315, publishTime=1673972784315, bpcts=2, chain=3, type=99, device='c', payload=c2}}]}
IngestedEvent{ingestionTime=1673972784335, payload=Event{sourceTime=1673972784335, publishTime=1673972784335, bpcts=3, chain=3, type=97, device='a', payload=a3}}
IngestedEvent{ingestionTime=1673972784355, payload=Event{sourceTime=1673972784355, publishTime=1673972784355, bpcts=3, chain=3, type=98, device='b', payload=b3}}
IngestedEvent{ingestionTime=1673972784376, payload=Event{sourceTime=1673972784375, publishTime=1673972784375, bpcts=3, chain=3, type=99, device='c', payload=c3}}
IngestedEvent{ingestionTime=1673972784376, payload=[IngestedEvent{ingestionTime=1673972784335, payload=Event{sourceTime=1673972784335, publishTime=1673972784335, bpcts=3, chain=3, type=97, device='a', payload=a3}}, IngestedEvent{ingestionTime=1673972784355, payload=Event{sourceTime=1673972784355, publishTime=1673972784355, bpcts=3, chain=3, type=98, device='b', payload=b3}}, IngestedEvent{ingestionTime=1673972784376, payload=Event{sourceTime=1673972784375, publishTime=1673972784375, bpcts=3, chain=3, type=99, device='c', payload=c3}}]}
[]
IngestedEvent{ingestionTime=1673972784502, payload=Event{sourceTime=1673972784502, publishTime=1673972784502, bpcts=1, chain=3, type=97, device='a', payload=a1}}
IngestedEvent{ingestionTime=1673972784522, payload=Event{sourceTime=1673972784522, publishTime=1673972784522, bpcts=1, chain=3, type=98, device='b', payload=b1}}
IngestedEvent{ingestionTime=1673972784542, payload=Event{sourceTime=1673972784542, publishTime=1673972784542, bpcts=2, chain=3, type=97, device='a', payload=a2}}
IngestedEvent{ingestionTime=1673972784562, payload=Event{sourceTime=1673972784562, publishTime=1673972784562, bpcts=2, chain=3, type=98, device='b', payload=b2}}
IngestedEvent{ingestionTime=1673972784583, payload=Event{sourceTime=1673972784582, publishTime=1673972784582, bpcts=1, chain=3, type=99, device='c', payload=c1}}
IngestedEvent{ingestionTime=1673972784583, payload=[IngestedEvent{ingestionTime=1673972784502, payload=Event{sourceTime=1673972784502, publishTime=1673972784502, bpcts=1, chain=3, type=97, device='a', payload=a1}}, IngestedEvent{ingestionTime=1673972784522, payload=Event{sourceTime=1673972784522, publishTime=1673972784522, bpcts=1, chain=3, type=98, device='b', payload=b1}}, IngestedEvent{ingestionTime=1673972784583, payload=Event{sourceTime=1673972784582, publishTime=1673972784582, bpcts=1, chain=3, type=99, device='c', payload=c1}}]}
IngestedEvent{ingestionTime=1673972784602, payload=Event{sourceTime=1673972784602, publishTime=1673972784602, bpcts=3, chain=3, type=97, device='a', payload=a3}}
IngestedEvent{ingestionTime=1673972784622, payload=Event{sourceTime=1673972784622, publishTime=1673972784622, bpcts=3, chain=3, type=98, device='b', payload=b3}}
IngestedEvent{ingestionTime=1673972784642, payload=Event{sourceTime=1673972784642, publishTime=1673972784642, bpcts=2, chain=3, type=99, device='c', payload=c2}}
IngestedEvent{ingestionTime=1673972784643, payload=[IngestedEvent{ingestionTime=1673972784542, payload=Event{sourceTime=1673972784542, publishTime=1673972784542, bpcts=2, chain=3, type=97, device='a', payload=a2}}, IngestedEvent{ingestionTime=1673972784562, payload=Event{sourceTime=1673972784562, publishTime=1673972784562, bpcts=2, chain=3, type=98, device='b', payload=b2}}, IngestedEvent{ingestionTime=1673972784642, payload=Event{sourceTime=1673972784642, publishTime=1673972784642, bpcts=2, chain=3, type=99, device='c', payload=c2}}]}
IngestedEvent{ingestionTime=1673972784663, payload=Event{sourceTime=1673972784662, publishTime=1673972784662, bpcts=3, chain=3, type=99, device='c', payload=c3}}
IngestedEvent{ingestionTime=1673972784663, payload=[IngestedEvent{ingestionTime=1673972784602, payload=Event{sourceTime=1673972784602, publishTime=1673972784602, bpcts=3, chain=3, type=97, device='a', payload=a3}}, IngestedEvent{ingestionTime=1673972784622, payload=Event{sourceTime=1673972784622, publishTime=1673972784622, bpcts=3, chain=3, type=98, device='b', payload=b3}}, IngestedEvent{ingestionTime=1673972784663, payload=Event{sourceTime=1673972784662, publishTime=1673972784662, bpcts=3, chain=3, type=99, device='c', payload=c3}}]}
[]
IngestedEvent{ingestionTime=1673972784790, payload=Event{sourceTime=1673972784789, publishTime=1673972784789, bpcts=1, chain=3, type=97, device='a', payload=a1}}
IngestedEvent{ingestionTime=1673972784809, payload=Event{sourceTime=1673972784809, publishTime=1673972784809, bpcts=1, chain=3, type=98, device='b', payload=b1}}
IngestedEvent{ingestionTime=1673972784829, payload=Event{sourceTime=1673972784829, publishTime=1673972784829, bpcts=2, chain=3, type=97, device='a', payload=a2}}
IngestedEvent{ingestionTime=1673972784849, payload=Event{sourceTime=1673972784849, publishTime=1673972784849, bpcts=2, chain=3, type=98, device='b', payload=b2}}
IngestedEvent{ingestionTime=1673972784869, payload=Event{sourceTime=1673972784869, publishTime=1673972784869, bpcts=2, chain=3, type=99, device='c', payload=c2}}
IngestedEvent{ingestionTime=1673972784870, payload=[IngestedEvent{ingestionTime=1673972784829, payload=Event{sourceTime=1673972784829, publishTime=1673972784829, bpcts=2, chain=3, type=97, device='a', payload=a2}}, IngestedEvent{ingestionTime=1673972784849, payload=Event{sourceTime=1673972784849, publishTime=1673972784849, bpcts=2, chain=3, type=98, device='b', payload=b2}}, IngestedEvent{ingestionTime=1673972784869, payload=Event{sourceTime=1673972784869, publishTime=1673972784869, bpcts=2, chain=3, type=99, device='c', payload=c2}}]}
IngestedEvent{ingestionTime=1673972784889, payload=Event{sourceTime=1673972784889, publishTime=1673972784889, bpcts=3, chain=3, type=97, device='a', payload=a3}}
IngestedEvent{ingestionTime=1673972784909, payload=Event{sourceTime=1673972784909, publishTime=1673972784909, bpcts=3, chain=3, type=98, device='b', payload=b3}}
IngestedEvent{ingestionTime=1673972784929, payload=Event{sourceTime=1673972784929, publishTime=1673972784929, bpcts=3, chain=3, type=99, device='c', payload=c3}}
IngestedEvent{ingestionTime=1673972784929, payload=[IngestedEvent{ingestionTime=1673972784889, payload=Event{sourceTime=1673972784889, publishTime=1673972784889, bpcts=3, chain=3, type=97, device='a', payload=a3}}, IngestedEvent{ingestionTime=1673972784909, payload=Event{sourceTime=1673972784909, publishTime=1673972784909, bpcts=3, chain=3, type=98, device='b', payload=b3}}, IngestedEvent{ingestionTime=1673972784929, payload=Event{sourceTime=1673972784929, publishTime=1673972784929, bpcts=3, chain=3, type=99, device='c', payload=c3}}]}
IngestedEvent{ingestionTime=1673972785330, payload=aggregation timed out for bpcts: 1 -> [IngestedEvent{ingestionTime=1673972784790, payload=Event{sourceTime=1673972784789, publishTime=1673972784789, bpcts=1, chain=3, type=97, device='a', payload=a1}}, IngestedEvent{ingestionTime=1673972784809, payload=Event{sourceTime=1673972784809, publishTime=1673972784809, bpcts=1, chain=3, type=98, device='b', payload=b1}}]}
[1]
IngestedEvent{ingestionTime=1673972785458, payload=Event{sourceTime=1673972785458, publishTime=1673972785458, bpcts=1, chain=3, type=97, device='a', payload=a1}}
IngestedEvent{ingestionTime=1673972785478, payload=Event{sourceTime=1673972785478, publishTime=1673972785478, bpcts=1, chain=3, type=98, device='b', payload=b1}}
IngestedEvent{ingestionTime=1673972785498, payload=Event{sourceTime=1673972785498, publishTime=1673972785498, bpcts=2, chain=3, type=97, device='a', payload=a2}}
IngestedEvent{ingestionTime=1673972785518, payload=Event{sourceTime=1673972785518, publishTime=1673972785518, bpcts=2, chain=3, type=98, device='b', payload=b2}}
IngestedEvent{ingestionTime=1673972785538, payload=Event{sourceTime=1673972785538, publishTime=1673972785538, bpcts=3, chain=3, type=97, device='a', payload=a3}}
IngestedEvent{ingestionTime=1673972785558, payload=Event{sourceTime=1673972785558, publishTime=1673972785558, bpcts=3, chain=3, type=98, device='b', payload=b3}}
IngestedEvent{ingestionTime=1673972785959, payload=aggregation timed out for bpcts: 1 -> [IngestedEvent{ingestionTime=1673972785458, payload=Event{sourceTime=1673972785458, publishTime=1673972785458, bpcts=1, chain=3, type=97, device='a', payload=a1}}, IngestedEvent{ingestionTime=1673972785478, payload=Event{sourceTime=1673972785478, publishTime=1673972785478, bpcts=1, chain=3, type=98, device='b', payload=b1}}]}
IngestedEvent{ingestionTime=1673972785959, payload=aggregation timed out for bpcts: 2 -> [IngestedEvent{ingestionTime=1673972785498, payload=Event{sourceTime=1673972785498, publishTime=1673972785498, bpcts=2, chain=3, type=97, device='a', payload=a2}}, IngestedEvent{ingestionTime=1673972785518, payload=Event{sourceTime=1673972785518, publishTime=1673972785518, bpcts=2, chain=3, type=98, device='b', payload=b2}}]}
IngestedEvent{ingestionTime=1673972785959, payload=aggregation timed out for bpcts: 3 -> [IngestedEvent{ingestionTime=1673972785538, payload=Event{sourceTime=1673972785538, publishTime=1673972785538, bpcts=3, chain=3, type=97, device='a', payload=a3}}, IngestedEvent{ingestionTime=1673972785558, payload=Event{sourceTime=1673972785558, publishTime=1673972785558, bpcts=3, chain=3, type=98, device='b', payload=b3}}]}
[1, 2, 3]
IngestedEvent{ingestionTime=1673972785985, payload=Event{sourceTime=1673972785985, publishTime=1673972785985, bpcts=1, chain=3, type=97, device='a', payload=a1}}
IngestedEvent{ingestionTime=1673972786005, payload=Event{sourceTime=1673972786005, publishTime=1673972786005, bpcts=1, chain=3, type=98, device='b', payload=b1}}
IngestedEvent{ingestionTime=1673972786025, payload=Event{sourceTime=1673972786025, publishTime=1673972786025, bpcts=2, chain=3, type=97, device='a', payload=a2}}
IngestedEvent{ingestionTime=1673972786046, payload=Event{sourceTime=1673972786045, publishTime=1673972786045, bpcts=2, chain=3, type=98, device='b', payload=b2}}
IngestedEvent{ingestionTime=1673972786065, payload=Event{sourceTime=1673972786065, publishTime=1673972786065, bpcts=2, chain=3, type=99, device='c', payload=c2}}
IngestedEvent{ingestionTime=1673972786065, payload=[IngestedEvent{ingestionTime=1673972786025, payload=Event{sourceTime=1673972786025, publishTime=1673972786025, bpcts=2, chain=3, type=97, device='a', payload=a2}}, IngestedEvent{ingestionTime=1673972786046, payload=Event{sourceTime=1673972786045, publishTime=1673972786045, bpcts=2, chain=3, type=98, device='b', payload=b2}}, IngestedEvent{ingestionTime=1673972786065, payload=Event{sourceTime=1673972786065, publishTime=1673972786065, bpcts=2, chain=3, type=99, device='c', payload=c2}}]}
IngestedEvent{ingestionTime=1673972786085, payload=Event{sourceTime=1673972786085, publishTime=1673972786085, bpcts=3, chain=3, type=97, device='a', payload=a3}}
IngestedEvent{ingestionTime=1673972786105, payload=Event{sourceTime=1673972786105, publishTime=1673972786105, bpcts=3, chain=3, type=98, device='b', payload=b3}}
IngestedEvent{ingestionTime=1673972786125, payload=Event{sourceTime=1673972786125, publishTime=1673972786125, bpcts=3, chain=3, type=99, device='c', payload=c3}}
IngestedEvent{ingestionTime=1673972786126, payload=[IngestedEvent{ingestionTime=1673972786085, payload=Event{sourceTime=1673972786085, publishTime=1673972786085, bpcts=3, chain=3, type=97, device='a', payload=a3}}, IngestedEvent{ingestionTime=1673972786105, payload=Event{sourceTime=1673972786105, publishTime=1673972786105, bpcts=3, chain=3, type=98, device='b', payload=b3}}, IngestedEvent{ingestionTime=1673972786125, payload=Event{sourceTime=1673972786125, publishTime=1673972786125, bpcts=3, chain=3, type=99, device='c', payload=c3}}]}
IngestedEvent{ingestionTime=1673972786146, payload=Event{sourceTime=1673972786145, publishTime=1673972786145, bpcts=1, chain=3, type=99, device='c', payload=c1}}
IngestedEvent{ingestionTime=1673972786146, payload=[IngestedEvent{ingestionTime=1673972785985, payload=Event{sourceTime=1673972785985, publishTime=1673972785985, bpcts=1, chain=3, type=97, device='a', payload=a1}}, IngestedEvent{ingestionTime=1673972786005, payload=Event{sourceTime=1673972786005, publishTime=1673972786005, bpcts=1, chain=3, type=98, device='b', payload=b1}}, IngestedEvent{ingestionTime=1673972786146, payload=Event{sourceTime=1673972786145, publishTime=1673972786145, bpcts=1, chain=3, type=99, device='c', payload=c1}}]}
[]
IngestedEvent{ingestionTime=1673972786272, payload=Event{sourceTime=1673972786272, publishTime=1673972786272, bpcts=1, chain=3, type=97, device='a', payload=a1}}
IngestedEvent{ingestionTime=1673972786292, payload=Event{sourceTime=1673972786292, publishTime=1673972786292, bpcts=1, chain=3, type=98, device='b', payload=b1}}
IngestedEvent{ingestionTime=1673972786312, payload=Event{sourceTime=1673972786312, publishTime=1673972786312, bpcts=1, chain=3, type=99, device='c', payload=c1}}
IngestedEvent{ingestionTime=1673972786312, payload=[IngestedEvent{ingestionTime=1673972786272, payload=Event{sourceTime=1673972786272, publishTime=1673972786272, bpcts=1, chain=3, type=97, device='a', payload=a1}}, IngestedEvent{ingestionTime=1673972786292, payload=Event{sourceTime=1673972786292, publishTime=1673972786292, bpcts=1, chain=3, type=98, device='b', payload=b1}}, IngestedEvent{ingestionTime=1673972786312, payload=Event{sourceTime=1673972786312, publishTime=1673972786312, bpcts=1, chain=3, type=99, device='c', payload=c1}}]}
IngestedEvent{ingestionTime=1673972786332, payload=Event{sourceTime=1673972786332, publishTime=1673972786332, bpcts=2, chain=3, type=97, device='a', payload=a2}}
IngestedEvent{ingestionTime=1673972786352, payload=Event{sourceTime=1673972786352, publishTime=1673972786352, bpcts=2, chain=3, type=98, device='b', payload=b2}}
IngestedEvent{ingestionTime=1673972786753, payload=aggregation timed out for bpcts: 2 -> [IngestedEvent{ingestionTime=1673972786332, payload=Event{sourceTime=1673972786332, publishTime=1673972786332, bpcts=2, chain=3, type=97, device='a', payload=a2}}, IngestedEvent{ingestionTime=1673972786352, payload=Event{sourceTime=1673972786352, publishTime=1673972786352, bpcts=2, chain=3, type=98, device='b', payload=b2}}]}
[2]
IngestedEvent{ingestionTime=1673972786780, payload=Event{sourceTime=1673972786780, publishTime=1673972786780, bpcts=1, chain=3, type=97, device='a', payload=a1}}
IngestedEvent{ingestionTime=1673972786800, payload=Event{sourceTime=1673972786800, publishTime=1673972786800, bpcts=1, chain=3, type=98, device='b', payload=b1}}
IngestedEvent{ingestionTime=1673972786820, payload=Event{sourceTime=1673972786820, publishTime=1673972786820, bpcts=1, chain=3, type=99, device='c', payload=c1}}
IngestedEvent{ingestionTime=1673972786820, payload=[IngestedEvent{ingestionTime=1673972786780, payload=Event{sourceTime=1673972786780, publishTime=1673972786780, bpcts=1, chain=3, type=97, device='a', payload=a1}}, IngestedEvent{ingestionTime=1673972786800, payload=Event{sourceTime=1673972786800, publishTime=1673972786800, bpcts=1, chain=3, type=98, device='b', payload=b1}}, IngestedEvent{ingestionTime=1673972786820, payload=Event{sourceTime=1673972786820, publishTime=1673972786820, bpcts=1, chain=3, type=99, device='c', payload=c1}}]}
IngestedEvent{ingestionTime=1673972786840, payload=Event{sourceTime=1673972786840, publishTime=1673972786840, bpcts=2, chain=3, type=97, device='a', payload=a2}}
IngestedEvent{ingestionTime=1673972786860, payload=Event{sourceTime=1673972786860, publishTime=1673972786860, bpcts=2, chain=3, type=98, device='b', payload=b2}}
IngestedEvent{ingestionTime=1673972786880, payload=Event{sourceTime=1673972786880, publishTime=1673972786880, bpcts=1001, chain=3, type=97, device='a', payload=a1001}}
IngestedEvent{ingestionTime=1673972786901, payload=Event{sourceTime=1673972786900, publishTime=1673972786900, bpcts=1001, chain=3, type=98, device='b', payload=b1001}}
IngestedEvent{ingestionTime=1673972786920, payload=Event{sourceTime=1673972786920, publishTime=1673972786920, bpcts=1001, chain=3, type=99, device='c', payload=c1001}}
IngestedEvent{ingestionTime=1673972786920, payload=[IngestedEvent{ingestionTime=1673972786880, payload=Event{sourceTime=1673972786880, publishTime=1673972786880, bpcts=1001, chain=3, type=97, device='a', payload=a1001}}, IngestedEvent{ingestionTime=1673972786901, payload=Event{sourceTime=1673972786900, publishTime=1673972786900, bpcts=1001, chain=3, type=98, device='b', payload=b1001}}, IngestedEvent{ingestionTime=1673972786920, payload=Event{sourceTime=1673972786920, publishTime=1673972786920, bpcts=1001, chain=3, type=99, device='c', payload=c1001}}]}
IngestedEvent{ingestionTime=1673972786940, payload=Event{sourceTime=1673972786940, publishTime=1673972786940, bpcts=1002, chain=3, type=97, device='a', payload=a1002}}
IngestedEvent{ingestionTime=1673972786960, payload=Event{sourceTime=1673972786960, publishTime=1673972786960, bpcts=1002, chain=3, type=98, device='b', payload=b1002}}
IngestedEvent{ingestionTime=1673972786980, payload=Event{sourceTime=1673972786980, publishTime=1673972786980, bpcts=2001, chain=3, type=97, device='a', payload=a2001}}
IngestedEvent{ingestionTime=1673972787000, payload=Event{sourceTime=1673972787000, publishTime=1673972787000, bpcts=2001, chain=3, type=98, device='b', payload=b2001}}
IngestedEvent{ingestionTime=1673972787021, payload=Event{sourceTime=1673972787020, publishTime=1673972787020, bpcts=2001, chain=3, type=99, device='c', payload=c2001}}
IngestedEvent{ingestionTime=1673972787021, payload=[IngestedEvent{ingestionTime=1673972786980, payload=Event{sourceTime=1673972786980, publishTime=1673972786980, bpcts=2001, chain=3, type=97, device='a', payload=a2001}}, IngestedEvent{ingestionTime=1673972787000, payload=Event{sourceTime=1673972787000, publishTime=1673972787000, bpcts=2001, chain=3, type=98, device='b', payload=b2001}}, IngestedEvent{ingestionTime=1673972787021, payload=Event{sourceTime=1673972787020, publishTime=1673972787020, bpcts=2001, chain=3, type=99, device='c', payload=c2001}}]}
IngestedEvent{ingestionTime=1673972787040, payload=Event{sourceTime=1673972787040, publishTime=1673972787040, bpcts=2002, chain=3, type=97, device='a', payload=a2002}}
IngestedEvent{ingestionTime=1673972787060, payload=Event{sourceTime=1673972787060, publishTime=1673972787060, bpcts=2002, chain=3, type=98, device='b', payload=b2002}}
IngestedEvent{ingestionTime=1673972787080, payload=Event{sourceTime=1673972787080, publishTime=1673972787080, bpcts=3001, chain=3, type=97, device='a', payload=a3001}}
IngestedEvent{ingestionTime=1673972787100, payload=Event{sourceTime=1673972787100, publishTime=1673972787100, bpcts=3001, chain=3, type=98, device='b', payload=b3001}}
IngestedEvent{ingestionTime=1673972787121, payload=Event{sourceTime=1673972787120, publishTime=1673972787120, bpcts=3001, chain=3, type=99, device='c', payload=c3001}}
IngestedEvent{ingestionTime=1673972787121, payload=[IngestedEvent{ingestionTime=1673972787080, payload=Event{sourceTime=1673972787080, publishTime=1673972787080, bpcts=3001, chain=3, type=97, device='a', payload=a3001}}, IngestedEvent{ingestionTime=1673972787100, payload=Event{sourceTime=1673972787100, publishTime=1673972787100, bpcts=3001, chain=3, type=98, device='b', payload=b3001}}, IngestedEvent{ingestionTime=1673972787121, payload=Event{sourceTime=1673972787120, publishTime=1673972787120, bpcts=3001, chain=3, type=99, device='c', payload=c3001}}]}
IngestedEvent{ingestionTime=1673972787140, payload=Event{sourceTime=1673972787140, publishTime=1673972787140, bpcts=3002, chain=3, type=97, device='a', payload=a3002}}
IngestedEvent{ingestionTime=1673972787160, payload=Event{sourceTime=1673972787160, publishTime=1673972787160, bpcts=3002, chain=3, type=98, device='b', payload=b3002}}
IngestedEvent{ingestionTime=1673972787180, payload=Event{sourceTime=1673972787180, publishTime=1673972787180, bpcts=4001, chain=3, type=97, device='a', payload=a4001}}
IngestedEvent{ingestionTime=1673972787180, payload=aggregation timed out for bpcts: 3002 -> [IngestedEvent{ingestionTime=1673972787140, payload=Event{sourceTime=1673972787140, publishTime=1673972787140, bpcts=3002, chain=3, type=97, device='a', payload=a3002}}, IngestedEvent{ingestionTime=1673972787160, payload=Event{sourceTime=1673972787160, publishTime=1673972787160, bpcts=3002, chain=3, type=98, device='b', payload=b3002}}]}
IngestedEvent{ingestionTime=1673972787200, payload=Event{sourceTime=1673972787200, publishTime=1673972787200, bpcts=4001, chain=3, type=98, device='b', payload=b4001}}
IngestedEvent{ingestionTime=1673972787220, payload=Event{sourceTime=1673972787220, publishTime=1673972787220, bpcts=4001, chain=3, type=99, device='c', payload=c4001}}
IngestedEvent{ingestionTime=1673972787221, payload=[IngestedEvent{ingestionTime=1673972787180, payload=Event{sourceTime=1673972787180, publishTime=1673972787180, bpcts=4001, chain=3, type=97, device='a', payload=a4001}}, IngestedEvent{ingestionTime=1673972787200, payload=Event{sourceTime=1673972787200, publishTime=1673972787200, bpcts=4001, chain=3, type=98, device='b', payload=b4001}}, IngestedEvent{ingestionTime=1673972787220, payload=Event{sourceTime=1673972787220, publishTime=1673972787220, bpcts=4001, chain=3, type=99, device='c', payload=c4001}}]}
IngestedEvent{ingestionTime=1673972787240, payload=Event{sourceTime=1673972787240, publishTime=1673972787240, bpcts=4002, chain=3, type=97, device='a', payload=a4002}}
IngestedEvent{ingestionTime=1673972787260, payload=Event{sourceTime=1673972787260, publishTime=1673972787260, bpcts=4002, chain=3, type=98, device='b', payload=b4002}}
IngestedEvent{ingestionTime=1673972787260, payload=aggregation timed out for bpcts: 2 -> [IngestedEvent{ingestionTime=1673972786840, payload=Event{sourceTime=1673972786840, publishTime=1673972786840, bpcts=2, chain=3, type=97, device='a', payload=a2}}, IngestedEvent{ingestionTime=1673972786860, payload=Event{sourceTime=1673972786860, publishTime=1673972786860, bpcts=2, chain=3, type=98, device='b', payload=b2}}]}
IngestedEvent{ingestionTime=1673972787461, payload=aggregation timed out for bpcts: 1002 -> [IngestedEvent{ingestionTime=1673972786940, payload=Event{sourceTime=1673972786940, publishTime=1673972786940, bpcts=1002, chain=3, type=97, device='a', payload=a1002}}, IngestedEvent{ingestionTime=1673972786960, payload=Event{sourceTime=1673972786960, publishTime=1673972786960, bpcts=1002, chain=3, type=98, device='b', payload=b1002}}]}
IngestedEvent{ingestionTime=1673972787461, payload=aggregation timed out for bpcts: 2002 -> [IngestedEvent{ingestionTime=1673972787040, payload=Event{sourceTime=1673972787040, publishTime=1673972787040, bpcts=2002, chain=3, type=97, device='a', payload=a2002}}, IngestedEvent{ingestionTime=1673972787060, payload=Event{sourceTime=1673972787060, publishTime=1673972787060, bpcts=2002, chain=3, type=98, device='b', payload=b2002}}]}
IngestedEvent{ingestionTime=1673972787661, payload=aggregation timed out for bpcts: 4002 -> [IngestedEvent{ingestionTime=1673972787240, payload=Event{sourceTime=1673972787240, publishTime=1673972787240, bpcts=4002, chain=3, type=97, device='a', payload=a4002}}, IngestedEvent{ingestionTime=1673972787260, payload=Event{sourceTime=1673972787260, publishTime=1673972787260, bpcts=4002, chain=3, type=98, device='b', payload=b4002}}]}
[2, 2002, 4002, 3002, 1002]
IngestedEvent{ingestionTime=1673972787689, payload=Event{sourceTime=1673972787689, publishTime=1673972787689, bpcts=1, chain=3, type=97, device='a', payload=a1}}
IngestedEvent{ingestionTime=1673972787709, payload=Event{sourceTime=1673972787709, publishTime=1673972787709, bpcts=1, chain=3, type=98, device='b', payload=b1}}
IngestedEvent{ingestionTime=1673972787730, payload=Event{sourceTime=1673972787729, publishTime=1673972787729, bpcts=1001, chain=3, type=97, device='a', payload=a1001}}
IngestedEvent{ingestionTime=1673972787749, payload=Event{sourceTime=1673972787749, publishTime=1673972787749, bpcts=1001, chain=3, type=98, device='b', payload=b1001}}
IngestedEvent{ingestionTime=1673972787769, payload=Event{sourceTime=1673972787769, publishTime=1673972787769, bpcts=2001, chain=3, type=97, device='a', payload=a2001}}
IngestedEvent{ingestionTime=1673972787789, payload=Event{sourceTime=1673972787789, publishTime=1673972787789, bpcts=2001, chain=3, type=98, device='b', payload=b2001}}
IngestedEvent{ingestionTime=1673972787810, payload=Event{sourceTime=1673972787809, publishTime=1673972787809, bpcts=3001, chain=3, type=97, device='a', payload=a3001}}
IngestedEvent{ingestionTime=1673972787829, payload=Event{sourceTime=1673972787829, publishTime=1673972787829, bpcts=3001, chain=3, type=98, device='b', payload=b3001}}
IngestedEvent{ingestionTime=1673972787849, payload=Event{sourceTime=1673972787849, publishTime=1673972787849, bpcts=4001, chain=3, type=97, device='a', payload=a4001}}
IngestedEvent{ingestionTime=1673972787849, payload=aggregation timed out for bpcts: 1 -> [IngestedEvent{ingestionTime=1673972787689, payload=Event{sourceTime=1673972787689, publishTime=1673972787689, bpcts=1, chain=3, type=97, device='a', payload=a1}}, IngestedEvent{ingestionTime=1673972787709, payload=Event{sourceTime=1673972787709, publishTime=1673972787709, bpcts=1, chain=3, type=98, device='b', payload=b1}}]}
IngestedEvent{ingestionTime=1673972787869, payload=Event{sourceTime=1673972787869, publishTime=1673972787869, bpcts=4001, chain=3, type=98, device='b', payload=b4001}}
IngestedEvent{ingestionTime=1673972788210, payload=aggregation timed out for bpcts: 2001 -> [IngestedEvent{ingestionTime=1673972787769, payload=Event{sourceTime=1673972787769, publishTime=1673972787769, bpcts=2001, chain=3, type=97, device='a', payload=a2001}}, IngestedEvent{ingestionTime=1673972787789, payload=Event{sourceTime=1673972787789, publishTime=1673972787789, bpcts=2001, chain=3, type=98, device='b', payload=b2001}}]}
IngestedEvent{ingestionTime=1673972788210, payload=aggregation timed out for bpcts: 1001 -> [IngestedEvent{ingestionTime=1673972787730, payload=Event{sourceTime=1673972787729, publishTime=1673972787729, bpcts=1001, chain=3, type=97, device='a', payload=a1001}}, IngestedEvent{ingestionTime=1673972787749, payload=Event{sourceTime=1673972787749, publishTime=1673972787749, bpcts=1001, chain=3, type=98, device='b', payload=b1001}}]}
IngestedEvent{ingestionTime=1673972788410, payload=aggregation timed out for bpcts: 3001 -> [IngestedEvent{ingestionTime=1673972787810, payload=Event{sourceTime=1673972787809, publishTime=1673972787809, bpcts=3001, chain=3, type=97, device='a', payload=a3001}}, IngestedEvent{ingestionTime=1673972787829, payload=Event{sourceTime=1673972787829, publishTime=1673972787829, bpcts=3001, chain=3, type=98, device='b', payload=b3001}}]}
IngestedEvent{ingestionTime=1673972788410, payload=aggregation timed out for bpcts: 4001 -> [IngestedEvent{ingestionTime=1673972787849, payload=Event{sourceTime=1673972787849, publishTime=1673972787849, bpcts=4001, chain=3, type=97, device='a', payload=a4001}}, IngestedEvent{ingestionTime=1673972787869, payload=Event{sourceTime=1673972787869, publishTime=1673972787869, bpcts=4001, chain=3, type=98, device='b', payload=b4001}}]}
[1, 2001, 4001, 1001, 3001]
IngestedEvent{ingestionTime=1673972788497, payload=Event{sourceTime=1673972788497, publishTime=1673972788497, bpcts=1, chain=3, type=97, device='a', payload=a1}}
IngestedEvent{ingestionTime=1673972788517, payload=Event{sourceTime=1673972788517, publishTime=1673972788517, bpcts=1, chain=3, type=98, device='b', payload=b1}}
IngestedEvent{ingestionTime=1673972788918, payload=aggregation timed out for bpcts: 1 -> [IngestedEvent{ingestionTime=1673972788497, payload=Event{sourceTime=1673972788497, publishTime=1673972788497, bpcts=1, chain=3, type=97, device='a', payload=a1}}, IngestedEvent{ingestionTime=1673972788517, payload=Event{sourceTime=1673972788517, publishTime=1673972788517, bpcts=1, chain=3, type=98, device='b', payload=b1}}]}
IngestedEvent{ingestionTime=1673972789337, payload=Event{sourceTime=1673972789337, publishTime=1673972789337, bpcts=1, chain=3, type=99, device='c', payload=c1}}
[1]
[INFO] Tests run: 11, Failures: 0, Errors: 0, Skipped: 0, Time elapsed: 5.986 s - in de.gsi.microservice.concepts.aggregate.DemuxEventDispatcherTest
[INFO] Running de.gsi.microservice.concepts.aggregate.EventStoreTest
[INFO] Tests run: 4, Failures: 0, Errors: 0, Skipped: 0, Time elapsed: 0.465 s - in de.gsi.microservice.concepts.aggregate.EventStoreTest
[INFO] 
[INFO] Results:
[INFO] 
[WARNING] Tests run: 145, Failures: 0, Errors: 0, Skipped: 1
[INFO] 
[INFO] 
[INFO] --- jacoco-maven-plugin:0.8.6:report (report) @ microservice ---
[INFO] Loading execution data file /home/gabsko/breaking-updates/microservice/target/jacoco.exec
[INFO] Analyzed bundle 'microservice' with 29 classes
[INFO] 
[INFO] -----------------------< de.gsi.acc:chartfx-acc >-----------------------
[INFO] Building acc master-SNAPSHOT                                       [7/9]
[INFO] --------------------------------[ jar ]---------------------------------
[INFO] 
[INFO] --- maven-clean-plugin:3.1.0:clean (default-clean) @ chartfx-acc ---
[INFO] Deleting /home/gabsko/breaking-updates/chartfx-acc/target
[INFO] 
[INFO] --- flatten-maven-plugin:1.1.0:clean (flatten.clean) @ chartfx-acc ---
[INFO] Deleting /home/gabsko/breaking-updates/chartfx-acc/.flattened-pom.xml
[INFO] 
[INFO] --- jacoco-maven-plugin:0.8.6:prepare-agent (default) @ chartfx-acc ---
[INFO] argLine set to -javaagent:/home/gabsko/.m2/repository/org/jacoco/org.jacoco.agent/0.8.6/org.jacoco.agent-0.8.6-runtime.jar=destfile=/home/gabsko/breaking-updates/chartfx-acc/target/jacoco.exec
[INFO] 
[INFO] --- maven-resources-plugin:2.6:resources (default-resources) @ chartfx-acc ---
[INFO] Using 'UTF-8' encoding to copy filtered resources.
[INFO] Copying 127 resources
[INFO] 
[INFO] --- flatten-maven-plugin:1.1.0:flatten (flatten) @ chartfx-acc ---
[INFO] Generating flattened POM of project de.gsi.acc:chartfx-acc:jar:master-SNAPSHOT...
[INFO] 
[INFO] --- maven-compiler-plugin:3.8.1:compile (default-compile) @ chartfx-acc ---
[INFO] Changes detected - recompiling the module!
[INFO] Compiling 13 source files to /home/gabsko/breaking-updates/chartfx-acc/target/classes
[INFO] /home/gabsko/breaking-updates/chartfx-acc/src/main/java/de/gsi/acc/remote/RestServer.java: /home/gabsko/breaking-updates/chartfx-acc/src/main/java/de/gsi/acc/remote/RestServer.java uses or overrides a deprecated API.
[INFO] /home/gabsko/breaking-updates/chartfx-acc/src/main/java/de/gsi/acc/remote/RestServer.java: Recompile with -Xlint:deprecation for details.
[INFO] 
[INFO] --- maven-resources-plugin:2.6:testResources (default-testResources) @ chartfx-acc ---
[INFO] Using 'UTF-8' encoding to copy filtered resources.
[INFO] Copying 1 resource
[INFO] 
[INFO] --- maven-compiler-plugin:3.8.1:testCompile (default-testCompile) @ chartfx-acc ---
[INFO] No sources to compile
[INFO] 
[INFO] --- maven-surefire-plugin:3.0.0-M5:test (default-test) @ chartfx-acc ---
[INFO] 
[INFO] --- jacoco-maven-plugin:0.8.6:report (report) @ chartfx-acc ---
[INFO] Skipping JaCoCo execution due to missing execution data file.
[INFO] 
[INFO] -----------------------< de.gsi:chartfx-samples >-----------------------
[INFO] Building chartfx-samples master-SNAPSHOT                           [8/9]
[INFO] --------------------------------[ jar ]---------------------------------
[INFO] 
[INFO] --- maven-clean-plugin:3.1.0:clean (default-clean) @ chartfx-samples ---
[INFO] Deleting /home/gabsko/breaking-updates/chartfx-samples/target
[INFO] 
[INFO] --- flatten-maven-plugin:1.1.0:clean (flatten.clean) @ chartfx-samples ---
[INFO] Deleting /home/gabsko/breaking-updates/chartfx-samples/.flattened-pom.xml
[INFO] 
[INFO] --- jacoco-maven-plugin:0.8.6:prepare-agent (default) @ chartfx-samples ---
[INFO] argLine set to -javaagent:/home/gabsko/.m2/repository/org/jacoco/org.jacoco.agent/0.8.6/org.jacoco.agent-0.8.6-runtime.jar=destfile=/home/gabsko/breaking-updates/chartfx-samples/target/jacoco.exec
[INFO] 
[INFO] --- maven-resources-plugin:2.6:resources (default-resources) @ chartfx-samples ---
[INFO] Using 'UTF-8' encoding to copy filtered resources.
[INFO] Copying 28 resources
[INFO] 
[INFO] --- flatten-maven-plugin:1.1.0:flatten (flatten) @ chartfx-samples ---
[INFO] Generating flattened POM of project de.gsi:chartfx-samples:jar:master-SNAPSHOT...
[INFO] 
[INFO] --- maven-compiler-plugin:3.8.1:compile (default-compile) @ chartfx-samples ---
[INFO] Changes detected - recompiling the module!
[INFO] Compiling 154 source files to /home/gabsko/breaking-updates/chartfx-samples/target/classes
[INFO] /home/gabsko/breaking-updates/chartfx-samples/src/main/java/de/gsi/financial/samples/FinancialRealtimeCandlestickSample.java: Some input files use or override a deprecated API.
[INFO] /home/gabsko/breaking-updates/chartfx-samples/src/main/java/de/gsi/financial/samples/FinancialRealtimeCandlestickSample.java: Recompile with -Xlint:deprecation for details.
[INFO] /home/gabsko/breaking-updates/chartfx-samples/src/main/java/de/gsi/financial/samples/dos/DefaultOHLCV.java: Some input files use unchecked or unsafe operations.
[INFO] /home/gabsko/breaking-updates/chartfx-samples/src/main/java/de/gsi/financial/samples/dos/DefaultOHLCV.java: Recompile with -Xlint:unchecked for details.
[INFO] 
[INFO] --- maven-resources-plugin:2.6:testResources (default-testResources) @ chartfx-samples ---
[INFO] Using 'UTF-8' encoding to copy filtered resources.
[INFO] Copying 1 resource
[INFO] 
[INFO] --- maven-compiler-plugin:3.8.1:testCompile (default-testCompile) @ chartfx-samples ---
[INFO] No sources to compile
[INFO] 
[INFO] --- maven-surefire-plugin:3.0.0-M5:test (default-test) @ chartfx-samples ---
[INFO] 
[INFO] --- jacoco-maven-plugin:0.8.6:report (report) @ chartfx-samples ---
[INFO] Skipping JaCoCo execution due to missing execution data file.
[INFO] 
[INFO] --------------------< de.gsi.report:chartfx-report >--------------------
[INFO] Building report master-SNAPSHOT                                    [9/9]
[INFO] --------------------------------[ jar ]---------------------------------
[INFO] 
[INFO] --- maven-clean-plugin:3.1.0:clean (default-clean) @ chartfx-report ---
[INFO] 
[INFO] --- flatten-maven-plugin:1.1.0:clean (flatten.clean) @ chartfx-report ---
[INFO] Deleting /home/gabsko/breaking-updates/chartfx-report/.flattened-pom.xml
[INFO] 
[INFO] --- jacoco-maven-plugin:0.8.6:prepare-agent (default) @ chartfx-report ---
[INFO] argLine set to -javaagent:/home/gabsko/.m2/repository/org/jacoco/org.jacoco.agent/0.8.6/org.jacoco.agent-0.8.6-runtime.jar=destfile=/home/gabsko/breaking-updates/chartfx-report/target/jacoco.exec
[INFO] 
[INFO] --- maven-resources-plugin:2.6:resources (default-resources) @ chartfx-report ---
[INFO] Using 'UTF-8' encoding to copy filtered resources.
[INFO] skip non existing resourceDirectory /home/gabsko/breaking-updates/chartfx-report/src/main/resources
[INFO] 
[INFO] --- flatten-maven-plugin:1.1.0:flatten (flatten) @ chartfx-report ---
[INFO] Generating flattened POM of project de.gsi.report:chartfx-report:jar:master-SNAPSHOT...
[INFO] 
[INFO] --- maven-compiler-plugin:3.8.1:compile (default-compile) @ chartfx-report ---
[INFO] No sources to compile
[INFO] 
[INFO] --- maven-resources-plugin:2.6:testResources (default-testResources) @ chartfx-report ---
[INFO] Using 'UTF-8' encoding to copy filtered resources.
[INFO] skip non existing resourceDirectory /home/gabsko/breaking-updates/chartfx-report/src/test/resources
[INFO] 
[INFO] --- maven-compiler-plugin:3.8.1:testCompile (default-testCompile) @ chartfx-report ---
[INFO] No sources to compile
[INFO] 
[INFO] --- maven-surefire-plugin:3.0.0-M5:test (default-test) @ chartfx-report ---
[INFO] No tests to run.
[INFO] 
[INFO] --- jacoco-maven-plugin:0.8.6:report (report) @ chartfx-report ---
[INFO] Skipping JaCoCo execution due to missing execution data file.
[INFO] ------------------------------------------------------------------------
[INFO] Reactor Summary for chartfx master-SNAPSHOT:
[INFO] 
[INFO] chartfx ............................................ SUCCESS [  0.663 s]
[INFO] chartfx-generate ................................... SUCCESS [  0.866 s]
[INFO] dataset ............................................ SUCCESS [ 34.042 s]
[INFO] math ............................................... SUCCESS [ 13.213 s]
[INFO] chartfx-chart ...................................... SUCCESS [01:27 min]
[INFO] microservice ....................................... SUCCESS [ 10.825 s]
[INFO] acc ................................................ SUCCESS [  0.324 s]
[INFO] chartfx-samples .................................... SUCCESS [  0.887 s]
[INFO] report ............................................. SUCCESS [  0.020 s]
[INFO] ------------------------------------------------------------------------
[INFO] BUILD SUCCESS
[INFO] ------------------------------------------------------------------------
[INFO] Total time:  02:28 min
[INFO] Finished at: 2023-01-17T16:26:31Z
[INFO] ------------------------------------------------------------------------
