[INFO] Scanning for projects...
[INFO] 
[INFO] ---------------------< com.github.wmixvideo:sped >----------------------
[INFO] Building sped 1.0.2-SNAPSHOT
[INFO] --------------------------------[ jar ]---------------------------------
[INFO] 
[INFO] --- maven-clean-plugin:2.5:clean (default-clean) @ sped ---
[INFO] Deleting /home/gabsko/breaking-updates/target
[INFO] 
[INFO] --- maven-resources-plugin:2.6:resources (default-resources) @ sped ---
[WARNING] Using platform encoding (UTF-8 actually) to copy filtered resources, i.e. build is platform dependent!
[INFO] skip non existing resourceDirectory /home/gabsko/breaking-updates/src/main/resources
[INFO] 
[INFO] --- maven-compiler-plugin:3.9.0:compile (default-compile) @ sped ---
[INFO] Changes detected - recompiling the module!
[INFO] Compiling 96 source files to /home/gabsko/breaking-updates/target/classes
[INFO] 
[INFO] --- maven-resources-plugin:2.6:testResources (default-testResources) @ sped ---
[WARNING] Using platform encoding (UTF-8 actually) to copy filtered resources, i.e. build is platform dependent!
[INFO] skip non existing resourceDirectory /home/gabsko/breaking-updates/src/test/resources
[INFO] 
[INFO] --- maven-compiler-plugin:3.9.0:testCompile (default-testCompile) @ sped ---
[INFO] Changes detected - recompiling the module!
[INFO] Compiling 55 source files to /home/gabsko/breaking-updates/target/test-classes
[INFO] 
[INFO] --- maven-surefire-plugin:2.12.4:test (default-test) @ sped ---
[INFO] Surefire report directory: /home/gabsko/breaking-updates/target/surefire-reports

-------------------------------------------------------
 T E S T S
-------------------------------------------------------
Running br.com.wmixvideo.sped.leiaute.SFAberturaBlocoTest
Tests run: 1, Failures: 0, Errors: 0, Skipped: 0, Time elapsed: 0.029 sec
Running br.com.wmixvideo.sped.leiaute.blocoh.SFH005TotaisInventarioTest
Tests run: 1, Failures: 0, Errors: 0, Skipped: 0, Time elapsed: 0.001 sec
Running br.com.wmixvideo.sped.leiaute.blocoh.SFH010InventarioTest
Tests run: 1, Failures: 0, Errors: 0, Skipped: 0, Time elapsed: 0 sec
Running br.com.wmixvideo.sped.leiaute.blocoa.SFA010IdentificacaoEstabelecimentoTest
Tests run: 1, Failures: 0, Errors: 0, Skipped: 0, Time elapsed: 0 sec
Running br.com.wmixvideo.sped.leiaute.blocoa.SFA170ItemDocumentoTest
Tests run: 1, Failures: 0, Errors: 0, Skipped: 0, Time elapsed: 0 sec
Running br.com.wmixvideo.sped.leiaute.blocoa.SFA100NotaFiscalServicoTest
Tests run: 1, Failures: 0, Errors: 0, Skipped: 0, Time elapsed: 0 sec
Running br.com.wmixvideo.sped.leiaute.blocoa.SFA110InformacaoComplementarNotaFiscalTest
Tests run: 1, Failures: 0, Errors: 0, Skipped: 0, Time elapsed: 0 sec
Running br.com.wmixvideo.sped.leiaute.blocok.SFK100PeriodoApuracaoICMSIPITest
Tests run: 1, Failures: 0, Errors: 0, Skipped: 0, Time elapsed: 0 sec
Running br.com.wmixvideo.sped.leiaute.blocok.SFK200EstoqueEscrituradoTest
Tests run: 1, Failures: 0, Errors: 0, Skipped: 0, Time elapsed: 0 sec
Running br.com.wmixvideo.sped.leiaute.bloco9.SF9999EncerramentoArquivoDigitalTest
Tests run: 1, Failures: 0, Errors: 0, Skipped: 0, Time elapsed: 0 sec
Running br.com.wmixvideo.sped.leiaute.bloco9.SF9900RegistrosArquivoTest
Tests run: 1, Failures: 0, Errors: 0, Skipped: 0, Time elapsed: 0 sec
Running br.com.wmixvideo.sped.leiaute.blocoe.SFE310ApuracaoFundoCombatePobrezaTest
Tests run: 1, Failures: 0, Errors: 0, Skipped: 0, Time elapsed: 0.001 sec
Running br.com.wmixvideo.sped.leiaute.blocoe.SFE316ObrigacoesFundoCombatePobrezaTest
Tests run: 1, Failures: 0, Errors: 0, Skipped: 0, Time elapsed: 0 sec
Running br.com.wmixvideo.sped.leiaute.blocoe.SFE200PeriodoApuracaoSTTest
Tests run: 1, Failures: 0, Errors: 0, Skipped: 0, Time elapsed: 0 sec
Running br.com.wmixvideo.sped.leiaute.blocoe.SFE116ObrigacoesICMSRecolherOperacoesPropriasTest
Tests run: 1, Failures: 0, Errors: 0, Skipped: 0, Time elapsed: 0 sec
Running br.com.wmixvideo.sped.leiaute.blocoe.SFE100PeriodoApuracaoICMSTest
Tests run: 1, Failures: 0, Errors: 0, Skipped: 0, Time elapsed: 0 sec
Running br.com.wmixvideo.sped.leiaute.blocoe.SFE210ApuracaoSTTest
Tests run: 1, Failures: 0, Errors: 0, Skipped: 0, Time elapsed: 0 sec
Running br.com.wmixvideo.sped.leiaute.blocoe.SFE110ApuracaoICMSOperacoesPropriasTest
Tests run: 1, Failures: 0, Errors: 0, Skipped: 0, Time elapsed: 0 sec
Running br.com.wmixvideo.sped.leiaute.blocoe.SFE250ObrigacoesICMSTest
Tests run: 1, Failures: 0, Errors: 0, Skipped: 0, Time elapsed: 0.001 sec
Running br.com.wmixvideo.sped.leiaute.blocoe.SFE220AjusteApuracaoSTTest
Tests run: 1, Failures: 0, Errors: 0, Skipped: 0, Time elapsed: 0 sec
Running br.com.wmixvideo.sped.leiaute.blocoe.SFE300PeriodoApuracaoFundoCombatePobrezaTest
Tests run: 1, Failures: 0, Errors: 0, Skipped: 0, Time elapsed: 0 sec
Running br.com.wmixvideo.sped.leiaute.bloco0.SF0175AlteracaoCadastroParticipanteTest
Tests run: 1, Failures: 0, Errors: 0, Skipped: 0, Time elapsed: 0 sec
Running br.com.wmixvideo.sped.leiaute.bloco0.SF0200IdentificacaoItemTest
Tests run: 1, Failures: 0, Errors: 0, Skipped: 0, Time elapsed: 0 sec
Running br.com.wmixvideo.sped.leiaute.bloco0.SF0100DadosContabilistaTest
Tests run: 1, Failures: 0, Errors: 0, Skipped: 0, Time elapsed: 0 sec
Running br.com.wmixvideo.sped.leiaute.bloco0.SF0150CadastroParticipanteTest
Tests run: 1, Failures: 0, Errors: 0, Skipped: 0, Time elapsed: 0.001 sec
Running br.com.wmixvideo.sped.leiaute.bloco0.SF0175ParticipanteAlteracaoTest
Tests run: 3, Failures: 0, Errors: 0, Skipped: 0, Time elapsed: 0.001 sec
Running br.com.wmixvideo.sped.leiaute.bloco0.SF0005DadosComplementaresEntidadeTest
Tests run: 1, Failures: 0, Errors: 0, Skipped: 0, Time elapsed: 0.001 sec
Running br.com.wmixvideo.sped.leiaute.bloco0.SFEncerramentoBlocoTest
Tests run: 1, Failures: 0, Errors: 0, Skipped: 0, Time elapsed: 0 sec
Running br.com.wmixvideo.sped.leiaute.bloco0.SF0015DadosContribuinteSubstitutoOuResponsavelICMSDestinoTest
Tests run: 2, Failures: 0, Errors: 0, Skipped: 0, Time elapsed: 0 sec
Running br.com.wmixvideo.sped.leiaute.bloco0.SF0190IdentificacaoUnidadeMedidaTest
Tests run: 1, Failures: 0, Errors: 0, Skipped: 0, Time elapsed: 0 sec
Running br.com.wmixvideo.sped.leiaute.bloco0.SF0450InformacaoComplementarDocumentoFiscalTest
Tests run: 1, Failures: 0, Errors: 0, Skipped: 0, Time elapsed: 0.001 sec
Running br.com.wmixvideo.sped.leiaute.bloco0.SF0460ObservacaoLancamentoFiscalTest
Tests run: 1, Failures: 0, Errors: 0, Skipped: 0, Time elapsed: 0 sec
Running br.com.wmixvideo.sped.leiaute.bloco0.SF0205AlteracaoItemTest
Tests run: 1, Failures: 0, Errors: 0, Skipped: 0, Time elapsed: 0 sec
Running br.com.wmixvideo.sped.leiaute.bloco0.SF000AberturaArquivoDigitalTest
Tests run: 1, Failures: 0, Errors: 0, Skipped: 0, Time elapsed: 0.001 sec
Running br.com.wmixvideo.sped.leiaute.blococ.SFC195ObservacoesLancamentoFiscalTest
Tests run: 1, Failures: 0, Errors: 0, Skipped: 0, Time elapsed: 0.001 sec
Running br.com.wmixvideo.sped.leiaute.blococ.SFC111ProcessoReferenciadoTest
Tests run: 1, Failures: 0, Errors: 0, Skipped: 0, Time elapsed: 0 sec
Running br.com.wmixvideo.sped.leiaute.blococ.SFC510NotaFiscalEnergiaEletricaItemTest
Tests run: 1, Failures: 0, Errors: 0, Skipped: 0, Time elapsed: 0.001 sec
Running br.com.wmixvideo.sped.leiaute.blococ.SFC500NotaFiscalEnergiaEletricaTest
Tests run: 1, Failures: 0, Errors: 0, Skipped: 0, Time elapsed: 0.002 sec
Running br.com.wmixvideo.sped.leiaute.blococ.SFC197OutrasObrigacoesTributariasTest
Tests run: 1, Failures: 0, Errors: 0, Skipped: 0, Time elapsed: 0.001 sec
Running br.com.wmixvideo.sped.leiaute.blococ.SFC115LocalColetaEntregaTest
Tests run: 1, Failures: 0, Errors: 0, Skipped: 0, Time elapsed: 0.001 sec
Running br.com.wmixvideo.sped.leiaute.blococ.SFC190RegistroAnaliticoDocumentoTest
Tests run: 1, Failures: 0, Errors: 0, Skipped: 0, Time elapsed: 0.001 sec
Running br.com.wmixvideo.sped.leiaute.blococ.SFC101NotaFiscalInformacaoComplementarTest
Tests run: 1, Failures: 0, Errors: 0, Skipped: 0, Time elapsed: 0 sec
Running br.com.wmixvideo.sped.leiaute.blococ.SFC170ItemDocumentoTest
Tests run: 1, Failures: 0, Errors: 0, Skipped: 0, Time elapsed: 0.002 sec
Running br.com.wmixvideo.sped.leiaute.blococ.SFC100NotaFiscalTest
Tests run: 1, Failures: 0, Errors: 0, Skipped: 0, Time elapsed: 0.001 sec
Running br.com.wmixvideo.sped.leiaute.blococ.SFC176RessarcimentoIcmsTest
Tests run: 1, Failures: 0, Errors: 0, Skipped: 0, Time elapsed: 0.001 sec
Running br.com.wmixvideo.sped.leiaute.blococ.SFC590RegistroAnaliticoDocumentoTest
Tests run: 1, Failures: 0, Errors: 0, Skipped: 0, Time elapsed: 0 sec
Running br.com.wmixvideo.sped.leiaute.blococ.SFC110InformacaoComplementarNotaFiscalTest
Tests run: 1, Failures: 0, Errors: 0, Skipped: 0, Time elapsed: 0 sec
Running br.com.wmixvideo.sped.leiaute.SFEncerramentoBlocoTest
Tests run: 1, Failures: 0, Errors: 0, Skipped: 0, Time elapsed: 0 sec
Running br.com.wmixvideo.sped.leiaute.blocod.SFD101NotaFiscalTransporteInfoComplementarTest
Tests run: 1, Failures: 0, Errors: 0, Skipped: 0, Time elapsed: 0 sec
Running br.com.wmixvideo.sped.leiaute.blocod.SFD100NotaFiscalTransporteTest
Tests run: 1, Failures: 0, Errors: 0, Skipped: 0, Time elapsed: 0.002 sec
Running br.com.wmixvideo.sped.leiaute.blocod.SFD190RegistroAnaliticoTransporteTest
Tests run: 1, Failures: 0, Errors: 0, Skipped: 0, Time elapsed: 0.001 sec
Running br.com.wmixvideo.sped.leiaute.bloco1.SF1010ObrigatoriedadeRegistrosBloco1Test
Tests run: 1, Failures: 0, Errors: 0, Skipped: 0, Time elapsed: 0 sec
Running br.com.wmixvideo.sped.util.SFReferenciaTest
Tests run: 3, Failures: 0, Errors: 0, Skipped: 0, Time elapsed: 0 sec
Running br.com.wmixvideo.sped.util.SFUtilTest
Tests run: 5, Failures: 0, Errors: 0, Skipped: 0, Time elapsed: 0.001 sec
Running br.com.wmixvideo.sped.util.SFStringBuilderTest
Tests run: 6, Failures: 0, Errors: 0, Skipped: 0, Time elapsed: 0.001 sec

Results :

Tests run: 69, Failures: 0, Errors: 0, Skipped: 0

[INFO] ------------------------------------------------------------------------
[INFO] BUILD SUCCESS
[INFO] ------------------------------------------------------------------------
[INFO] Total time:  1.861 s
[INFO] Finished at: 2023-01-18T14:14:32Z
[INFO] ------------------------------------------------------------------------
