[INFO] Scanning for projects...
[INFO] 
[INFO] --------------< org.mybatis.scripting:mybatis-freemarker >--------------
[INFO] Building MyBatis FreeMarker 1.2.3-SNAPSHOT
[INFO] --------------------------------[ jar ]---------------------------------
[INFO] 
[INFO] --- maven-clean-plugin:3.1.0:clean (default-clean) @ mybatis-freemarker ---
[INFO] Deleting /home/gabsko/breaking-updates/target
[INFO] 
[INFO] --- maven-enforcer-plugin:3.0.0-M1:enforce (enforce-java) @ mybatis-freemarker ---
[INFO] 
[INFO] --- jacoco-maven-plugin:0.8.7:prepare-agent (prepare-agent) @ mybatis-freemarker ---
[INFO] argLine set to -javaagent:/home/gabsko/.m2/repository/org/jacoco/org.jacoco.agent/0.8.7/org.jacoco.agent-0.8.7-runtime.jar=destfile=/home/gabsko/breaking-updates/target/jacoco.exec
[INFO] 
[INFO] --- whitespace-maven-plugin:1.0.4:trim (default) @ mybatis-freemarker ---
[INFO] 
[INFO] --- formatter-maven-plugin:2.15.0:format (default) @ mybatis-freemarker ---
[INFO] Using 'UTF-8' encoding to format source files.
[INFO] Formatting is skipped for types: XML
[INFO] Number of files to be formatted: 24
[INFO] Successfully formatted:          0 file(s)
[INFO] Fail to format:                  0 file(s)
[INFO] Skipped:                         24 file(s)
[INFO] Read only skipped:               0 file(s)
[INFO] Approximate time taken:          0s
[INFO] 
[INFO] --- impsort-maven-plugin:1.6.0:sort (default) @ mybatis-freemarker ---
[INFO] Processed 24 files in 00:00.483 (Already Sorted: 24, Needed Sorting: 0)
[INFO] 
[INFO] --- maven-resources-plugin:3.2.0:resources (default-resources) @ mybatis-freemarker ---
[INFO] Using 'UTF-8' encoding to copy filtered resources.
[INFO] Using 'UTF-8' encoding to copy filtered properties files.
[INFO] skip non existing resourceDirectory /home/gabsko/breaking-updates/src/main/resources
[INFO] Copying 2 resources to META-INF
[INFO] 
[INFO] --- maven-compiler-plugin:3.8.1:compile (default-compile) @ mybatis-freemarker ---
[INFO] Compiling 7 source files to /home/gabsko/breaking-updates/target/classes
[INFO] /home/gabsko/breaking-updates/src/main/java/org/mybatis/scripting/freemarker/FreeMarkerSqlSource.java: Some input files use unchecked or unsafe operations.
[INFO] /home/gabsko/breaking-updates/src/main/java/org/mybatis/scripting/freemarker/FreeMarkerSqlSource.java: Recompile with -Xlint:unchecked for details.
[INFO] 
[INFO] --- license-maven-plugin:4.1:format (default) @ mybatis-freemarker ---
[INFO] Updating license headers...
[INFO] Updating license header in: /home/gabsko/breaking-updates/.mvn/extensions.xml
[INFO] 
[INFO] --- animal-sniffer-maven-plugin:1.20:check (check-java-compat) @ mybatis-freemarker ---
[INFO] Checking unresolved references to org.codehaus.mojo.signature:java18:1.0
[INFO] 
[INFO] --- maven-bundle-plugin:5.1.2:manifest (bundle-manifest) @ mybatis-freemarker ---
[INFO] 
[INFO] --- maven-resources-plugin:3.2.0:testResources (default-testResources) @ mybatis-freemarker ---
[INFO] Using 'UTF-8' encoding to copy filtered resources.
[INFO] Using 'UTF-8' encoding to copy filtered properties files.
[INFO] Copying 25 resources
[INFO] 
[INFO] --- maven-compiler-plugin:3.8.1:testCompile (default-testCompile) @ mybatis-freemarker ---
[INFO] Compiling 18 source files to /home/gabsko/breaking-updates/target/test-classes
[INFO] 
[INFO] --- maven-surefire-plugin:3.0.0-M5:test (default-test) @ mybatis-freemarker ---
[INFO] 
[INFO] -------------------------------------------------------
[INFO]  T E S T S
[INFO] -------------------------------------------------------
[INFO] Running org.mybatis.scripting.freemarker.InvalidFreeMarkerSettingTest
Jan 17, 2023 8:51:04 PM org.apache.ibatis.logging.jdk14.Jdk14LoggingImpl warn
WARNING: The 'basePackage' has been deprecated since 1.2.0. Please use the 'templateFile.baseDir'.
[INFO] Tests run: 1, Failures: 0, Errors: 0, Skipped: 0, Time elapsed: 0.26 s - in org.mybatis.scripting.freemarker.InvalidFreeMarkerSettingTest
[INFO] Running org.mybatis.scripting.freemarker.FreeMarkerInXmlTest
2023-01-17T20:51:05.651+0000  WARNING  The 'basePackage' has been deprecated since 1.2.0. Please use the 'templateFile.baseDir'.
2023-01-17T20:51:05.654+0000  WARNING  The 'basePackage' has been deprecated since 1.2.0. Please use the 'templateFile.baseDir'.
[INFO] Tests run: 5, Failures: 0, Errors: 0, Skipped: 0, Time elapsed: 0.89 s - in org.mybatis.scripting.freemarker.FreeMarkerInXmlTest
[INFO] Running org.mybatis.scripting.freemarker.CustomizedDataContextTest
2023-01-17T20:51:06.003+0000  WARNING  The 'basePackage' has been deprecated since 1.2.0. Please use the 'templateFile.baseDir'.
[INFO] Tests run: 1, Failures: 0, Errors: 0, Skipped: 0, Time elapsed: 0.059 s - in org.mybatis.scripting.freemarker.CustomizedDataContextTest
[INFO] Running org.mybatis.scripting.freemarker.FreeMarkerLanguageDriverConfigTest
2023-01-17T20:51:06.021+0000  WARNING  The 'basePackage' has been deprecated since 1.2.0. Please use the 'templateFile.baseDir'.
2023-01-17T20:51:06.022+0000  WARNING  The 'basePackage' has been deprecated since 1.2.0. Please use the 'templateFile.baseDir'.
2023-01-17T20:51:06.028+0000  WARNING  The 'basePackage' has been deprecated since 1.2.0. Please use the 'templateFile.baseDir'.
[INFO] Tests run: 5, Failures: 0, Errors: 0, Skipped: 0, Time elapsed: 0.014 s - in org.mybatis.scripting.freemarker.FreeMarkerLanguageDriverConfigTest
[INFO] Running org.mybatis.scripting.freemarker.FreeMarkerInAnnotationsTest
2023-01-17T20:51:06.060+0000  WARNING  The 'basePackage' has been deprecated since 1.2.0. Please use the 'templateFile.baseDir'.
[INFO] Tests run: 5, Failures: 0, Errors: 0, Skipped: 0, Time elapsed: 0.064 s - in org.mybatis.scripting.freemarker.FreeMarkerInAnnotationsTest
[INFO] Running org.mybatis.scripting.freemarker.PreparedParamsTest
2023-01-17T20:51:06.122+0000  WARNING  The 'basePackage' has been deprecated since 1.2.0. Please use the 'templateFile.baseDir'.
[INFO] Tests run: 3, Failures: 0, Errors: 0, Skipped: 0, Time elapsed: 0.113 s - in org.mybatis.scripting.freemarker.PreparedParamsTest
[INFO] Running org.mybatis.scripting.freemarker.TemplateFilePathProviderMapperTest
2023-01-17T20:51:06.230+0000  WARNING  The 'basePackage' has been deprecated since 1.2.0. Please use the 'templateFile.baseDir'.
[INFO] Tests run: 3, Failures: 0, Errors: 0, Skipped: 0, Time elapsed: 0.047 s - in org.mybatis.scripting.freemarker.TemplateFilePathProviderMapperTest
[INFO] Running org.mybatis.scripting.freemarker.support.TemplateFilePathProviderTest
[INFO] Tests run: 16, Failures: 0, Errors: 0, Skipped: 0, Time elapsed: 0.035 s - in org.mybatis.scripting.freemarker.support.TemplateFilePathProviderTest
[INFO] 
[INFO] Results:
[INFO] 
[INFO] Tests run: 39, Failures: 0, Errors: 0, Skipped: 0
[INFO] 
[INFO] ------------------------------------------------------------------------
[INFO] BUILD SUCCESS
[INFO] ------------------------------------------------------------------------
[INFO] Total time:  9.104 s
[INFO] Finished at: 2023-01-17T20:51:06Z
[INFO] ------------------------------------------------------------------------
