[INFO] Scanning for projects...
[WARNING] 
[WARNING] Some problems were encountered while building the effective model for com.google.api.grpc:proto-google-cloud-logging-v2:jar:0.89.1-SNAPSHOT
[WARNING] 'build.plugins.plugin.version' for org.codehaus.mojo:animal-sniffer-maven-plugin is missing. @ com.google.cloud:google-cloud-shared-config:1.0.0, /home/gabsko/.m2/repository/com/google/cloud/google-cloud-shared-config/1.0.0/google-cloud-shared-config-1.0.0.pom, line 413, column 15
[WARNING] 
[WARNING] Some problems were encountered while building the effective model for com.google.api.grpc:grpc-google-cloud-logging-v2:jar:0.89.1-SNAPSHOT
[WARNING] 'build.plugins.plugin.version' for org.codehaus.mojo:animal-sniffer-maven-plugin is missing. @ com.google.cloud:google-cloud-shared-config:1.0.0, /home/gabsko/.m2/repository/com/google/cloud/google-cloud-shared-config/1.0.0/google-cloud-shared-config-1.0.0.pom, line 413, column 15
[WARNING] 
[WARNING] Some problems were encountered while building the effective model for com.google.cloud:google-cloud-logging:jar:3.0.1-SNAPSHOT
[WARNING] 'build.plugins.plugin.version' for org.codehaus.mojo:animal-sniffer-maven-plugin is missing. @ com.google.cloud:google-cloud-shared-config:1.0.0, /home/gabsko/.m2/repository/com/google/cloud/google-cloud-shared-config/1.0.0/google-cloud-shared-config-1.0.0.pom, line 413, column 15
[WARNING] 
[WARNING] Some problems were encountered while building the effective model for com.google.cloud:google-cloud-logging-bom:pom:3.0.1-SNAPSHOT
[WARNING] 'build.plugins.plugin.version' for org.codehaus.mojo:animal-sniffer-maven-plugin is missing. @ com.google.cloud:google-cloud-shared-config:1.0.0, /home/gabsko/.m2/repository/com/google/cloud/google-cloud-shared-config/1.0.0/google-cloud-shared-config-1.0.0.pom, line 413, column 15
[WARNING] 
[WARNING] Some problems were encountered while building the effective model for com.google.cloud:google-cloud-logging-parent:pom:3.0.1-SNAPSHOT
[WARNING] 'build.plugins.plugin.version' for org.codehaus.mojo:animal-sniffer-maven-plugin is missing. @ com.google.cloud:google-cloud-shared-config:1.0.0, /home/gabsko/.m2/repository/com/google/cloud/google-cloud-shared-config/1.0.0/google-cloud-shared-config-1.0.0.pom, line 413, column 15
[WARNING] 
[WARNING] It is highly recommended to fix these problems because they threaten the stability of your build.
[WARNING] 
[WARNING] For this reason, future Maven versions might no longer support building such malformed projects.
[WARNING] 
[INFO] Inspecting build with total of 5 modules...
[INFO] Installing Nexus Staging features:
[INFO]   ... total of 5 executions of maven-deploy-plugin replaced with nexus-staging-maven-plugin
[INFO] ------------------------------------------------------------------------
[INFO] Reactor Build Order:
[INFO] 
[INFO] Google Cloud Logging Parent                                        [pom]
[INFO] proto-google-cloud-logging-v2                                      [jar]
[INFO] grpc-google-cloud-logging-v2                                       [jar]
[INFO] Google Cloud Logging                                               [jar]
[INFO] Google Cloud logging BOM                                           [pom]
[INFO] 
[INFO] ------------< com.google.cloud:google-cloud-logging-parent >------------
[INFO] Building Google Cloud Logging Parent 3.0.1-SNAPSHOT                [1/5]
[INFO] --------------------------------[ pom ]---------------------------------
[INFO] 
[INFO] --- maven-clean-plugin:2.5:clean (default-clean) @ google-cloud-logging-parent ---
[INFO] Deleting /home/gabsko/breaking-updates/target
[INFO] 
[INFO] --- maven-enforcer-plugin:3.0.0-M3:enforce (enforce) @ google-cloud-logging-parent ---
[INFO] Adding ignore: module-info
[INFO] Adding ignore: META-INF/versions/*/module-info
[INFO] 
[INFO] --- maven-checkstyle-plugin:3.1.2:check (checkstyle) @ google-cloud-logging-parent ---
[INFO] Starting audit...
Audit done.
[INFO] You have 0 Checkstyle violations.
[INFO] 
[INFO] --- jacoco-maven-plugin:0.8.7:prepare-agent (default) @ google-cloud-logging-parent ---
[INFO] argLine set to -javaagent:/home/gabsko/.m2/repository/org/jacoco/org.jacoco.agent/0.8.7/org.jacoco.agent-0.8.7-runtime.jar=destfile=/home/gabsko/breaking-updates/target/jacoco.exec
[INFO] 
[INFO] --- build-helper-maven-plugin:3.2.0:add-resource (add-main-proto-resources) @ google-cloud-logging-parent ---
[INFO] 
[INFO] --- build-helper-maven-plugin:3.2.0:add-test-resource (add-test-proto-resources) @ google-cloud-logging-parent ---
[INFO] 
[INFO] --- animal-sniffer-maven-plugin:1.22:check (java8) @ google-cloud-logging-parent ---
[INFO] Checking unresolved references to org.codehaus.mojo.signature:java18:1.0
[INFO] 
[INFO] --- jacoco-maven-plugin:0.8.7:report (report) @ google-cloud-logging-parent ---
[INFO] Skipping JaCoCo execution due to missing execution data file.
[INFO] 
[INFO] ---------< com.google.api.grpc:proto-google-cloud-logging-v2 >----------
[INFO] Building proto-google-cloud-logging-v2 0.89.1-SNAPSHOT             [2/5]
[INFO] --------------------------------[ jar ]---------------------------------
[INFO] 
[INFO] --- maven-clean-plugin:2.5:clean (default-clean) @ proto-google-cloud-logging-v2 ---
[INFO] Deleting /home/gabsko/breaking-updates/proto-google-cloud-logging-v2/target
[INFO] 
[INFO] --- flatten-maven-plugin:1.2.7:clean (flatten.clean) @ proto-google-cloud-logging-v2 ---
[INFO] Deleting /home/gabsko/breaking-updates/proto-google-cloud-logging-v2/.flattened-pom.xml
[INFO] 
[INFO] --- maven-enforcer-plugin:3.0.0-M3:enforce (enforce) @ proto-google-cloud-logging-v2 ---
[INFO] Adding ignore: module-info
[INFO] Adding ignore: META-INF/versions/*/module-info
[INFO] 
[INFO] --- maven-checkstyle-plugin:3.1.2:check (checkstyle) @ proto-google-cloud-logging-v2 ---
[INFO] Starting audit...
Audit done.
[INFO] You have 0 Checkstyle violations.
[INFO] 
[INFO] --- jacoco-maven-plugin:0.8.7:prepare-agent (default) @ proto-google-cloud-logging-v2 ---
[INFO] argLine set to -javaagent:/home/gabsko/.m2/repository/org/jacoco/org.jacoco.agent/0.8.7/org.jacoco.agent-0.8.7-runtime.jar=destfile=/home/gabsko/breaking-updates/proto-google-cloud-logging-v2/target/jacoco.exec
[INFO] 
[INFO] --- build-helper-maven-plugin:3.2.0:add-resource (add-main-proto-resources) @ proto-google-cloud-logging-v2 ---
[INFO] 
[INFO] --- maven-resources-plugin:2.6:resources (default-resources) @ proto-google-cloud-logging-v2 ---
[INFO] Using 'UTF-8' encoding to copy filtered resources.
[INFO] skip non existing resourceDirectory /home/gabsko/breaking-updates/proto-google-cloud-logging-v2/src/main/resources
[INFO] Copying 4 resources
[INFO] 
[INFO] --- flatten-maven-plugin:1.2.7:flatten (flatten) @ proto-google-cloud-logging-v2 ---
[INFO] Generating flattened POM of project com.google.api.grpc:proto-google-cloud-logging-v2:jar:0.89.1-SNAPSHOT...
[INFO] 
[INFO] --- maven-compiler-plugin:3.8.1:compile (default-compile) @ proto-google-cloud-logging-v2 ---
[INFO] Changes detected - recompiling the module!
[INFO] Compiling 130 source files to /home/gabsko/breaking-updates/proto-google-cloud-logging-v2/target/classes
[WARNING] bootstrap class path not set in conjunction with -source 8
[INFO] 
[INFO] --- build-helper-maven-plugin:3.2.0:add-test-resource (add-test-proto-resources) @ proto-google-cloud-logging-v2 ---
[INFO] 
[INFO] --- maven-resources-plugin:2.6:testResources (default-testResources) @ proto-google-cloud-logging-v2 ---
[INFO] Using 'UTF-8' encoding to copy filtered resources.
[INFO] skip non existing resourceDirectory /home/gabsko/breaking-updates/proto-google-cloud-logging-v2/src/test/resources
[INFO] skip non existing resourceDirectory /home/gabsko/breaking-updates/proto-google-cloud-logging-v2/src/test/proto
[INFO] 
[INFO] --- maven-compiler-plugin:3.8.1:testCompile (default-testCompile) @ proto-google-cloud-logging-v2 ---
[INFO] No sources to compile
[INFO] 
[INFO] --- animal-sniffer-maven-plugin:1.22:check (java8) @ proto-google-cloud-logging-v2 ---
[INFO] Checking unresolved references to org.codehaus.mojo.signature:java18:1.0
[INFO] 
[INFO] --- maven-surefire-plugin:3.0.0-M5:test (default-test) @ proto-google-cloud-logging-v2 ---
[INFO] No tests to run.
[INFO] 
[INFO] --- jacoco-maven-plugin:0.8.7:report (report) @ proto-google-cloud-logging-v2 ---
[INFO] Skipping JaCoCo execution due to missing execution data file.
[INFO] 
[INFO] ----------< com.google.api.grpc:grpc-google-cloud-logging-v2 >----------
[INFO] Building grpc-google-cloud-logging-v2 0.89.1-SNAPSHOT              [3/5]
[INFO] --------------------------------[ jar ]---------------------------------
[INFO] 
[INFO] --- maven-clean-plugin:2.5:clean (default-clean) @ grpc-google-cloud-logging-v2 ---
[INFO] Deleting /home/gabsko/breaking-updates/grpc-google-cloud-logging-v2/target
[INFO] 
[INFO] --- flatten-maven-plugin:1.2.7:clean (flatten.clean) @ grpc-google-cloud-logging-v2 ---
[INFO] Deleting /home/gabsko/breaking-updates/grpc-google-cloud-logging-v2/.flattened-pom.xml
[INFO] 
[INFO] --- maven-enforcer-plugin:3.0.0-M3:enforce (enforce) @ grpc-google-cloud-logging-v2 ---
[INFO] Adding ignore: module-info
[INFO] Adding ignore: META-INF/versions/*/module-info
[INFO] 
[INFO] --- maven-checkstyle-plugin:3.1.2:check (checkstyle) @ grpc-google-cloud-logging-v2 ---
[INFO] Starting audit...
Audit done.
[INFO] You have 0 Checkstyle violations.
[INFO] 
[INFO] --- jacoco-maven-plugin:0.8.7:prepare-agent (default) @ grpc-google-cloud-logging-v2 ---
[INFO] argLine set to -javaagent:/home/gabsko/.m2/repository/org/jacoco/org.jacoco.agent/0.8.7/org.jacoco.agent-0.8.7-runtime.jar=destfile=/home/gabsko/breaking-updates/grpc-google-cloud-logging-v2/target/jacoco.exec
[INFO] 
[INFO] --- build-helper-maven-plugin:3.2.0:add-resource (add-main-proto-resources) @ grpc-google-cloud-logging-v2 ---
[INFO] 
[INFO] --- maven-resources-plugin:2.6:resources (default-resources) @ grpc-google-cloud-logging-v2 ---
[INFO] Using 'UTF-8' encoding to copy filtered resources.
[INFO] skip non existing resourceDirectory /home/gabsko/breaking-updates/grpc-google-cloud-logging-v2/src/main/resources
[INFO] skip non existing resourceDirectory /home/gabsko/breaking-updates/grpc-google-cloud-logging-v2/src/main/proto
[INFO] 
[INFO] --- flatten-maven-plugin:1.2.7:flatten (flatten) @ grpc-google-cloud-logging-v2 ---
[INFO] Generating flattened POM of project com.google.api.grpc:grpc-google-cloud-logging-v2:jar:0.89.1-SNAPSHOT...
[INFO] 
[INFO] --- maven-compiler-plugin:3.8.1:compile (default-compile) @ grpc-google-cloud-logging-v2 ---
[INFO] Changes detected - recompiling the module!
[INFO] Compiling 3 source files to /home/gabsko/breaking-updates/grpc-google-cloud-logging-v2/target/classes
[WARNING] bootstrap class path not set in conjunction with -source 8
[INFO] 
[INFO] --- build-helper-maven-plugin:3.2.0:add-test-resource (add-test-proto-resources) @ grpc-google-cloud-logging-v2 ---
[INFO] 
[INFO] --- maven-resources-plugin:2.6:testResources (default-testResources) @ grpc-google-cloud-logging-v2 ---
[INFO] Using 'UTF-8' encoding to copy filtered resources.
[INFO] skip non existing resourceDirectory /home/gabsko/breaking-updates/grpc-google-cloud-logging-v2/src/test/resources
[INFO] skip non existing resourceDirectory /home/gabsko/breaking-updates/grpc-google-cloud-logging-v2/src/test/proto
[INFO] 
[INFO] --- maven-compiler-plugin:3.8.1:testCompile (default-testCompile) @ grpc-google-cloud-logging-v2 ---
[INFO] No sources to compile
[INFO] 
[INFO] --- animal-sniffer-maven-plugin:1.22:check (java8) @ grpc-google-cloud-logging-v2 ---
[INFO] Checking unresolved references to org.codehaus.mojo.signature:java18:1.0
[INFO] 
[INFO] --- maven-surefire-plugin:3.0.0-M5:test (default-test) @ grpc-google-cloud-logging-v2 ---
[INFO] No tests to run.
[INFO] 
[INFO] --- jacoco-maven-plugin:0.8.7:report (report) @ grpc-google-cloud-logging-v2 ---
[INFO] Skipping JaCoCo execution due to missing execution data file.
[INFO] 
[INFO] ---------------< com.google.cloud:google-cloud-logging >----------------
[INFO] Building Google Cloud Logging 3.0.1-SNAPSHOT                       [4/5]
[INFO] --------------------------------[ jar ]---------------------------------
[INFO] Downloading from central: https://repo.maven.apache.org/maven2/com/google/cloud/google-cloud-core/2.0.5/google-cloud-core-2.0.5-tests.jar
[INFO] Downloaded from central: https://repo.maven.apache.org/maven2/com/google/cloud/google-cloud-core/2.0.5/google-cloud-core-2.0.5-tests.jar (104 kB at 192 kB/s)
[INFO] 
[INFO] --- maven-clean-plugin:2.5:clean (default-clean) @ google-cloud-logging ---
[INFO] Deleting /home/gabsko/breaking-updates/google-cloud-logging/target
[INFO] 
[INFO] --- flatten-maven-plugin:1.2.7:clean (flatten.clean) @ google-cloud-logging ---
[INFO] Deleting /home/gabsko/breaking-updates/google-cloud-logging/.flattened-pom.xml
[INFO] 
[INFO] --- maven-enforcer-plugin:3.0.0-M3:enforce (enforce) @ google-cloud-logging ---
[INFO] Adding ignore: module-info
[INFO] Adding ignore: META-INF/versions/*/module-info
[INFO] 
[INFO] --- maven-checkstyle-plugin:3.1.2:check (checkstyle) @ google-cloud-logging ---
[INFO] Starting audit...
Audit done.
[INFO] You have 0 Checkstyle violations.
[INFO] 
[INFO] --- jacoco-maven-plugin:0.8.7:prepare-agent (default) @ google-cloud-logging ---
[INFO] argLine set to -javaagent:/home/gabsko/.m2/repository/org/jacoco/org.jacoco.agent/0.8.7/org.jacoco.agent-0.8.7-runtime.jar=destfile=/home/gabsko/breaking-updates/google-cloud-logging/target/jacoco.exec
[INFO] 
[INFO] --- build-helper-maven-plugin:3.2.0:add-resource (add-main-proto-resources) @ google-cloud-logging ---
[INFO] 
[INFO] --- maven-resources-plugin:2.6:resources (default-resources) @ google-cloud-logging ---
[INFO] Using 'UTF-8' encoding to copy filtered resources.
[INFO] skip non existing resourceDirectory /home/gabsko/breaking-updates/google-cloud-logging/src/main/resources
[INFO] skip non existing resourceDirectory /home/gabsko/breaking-updates/google-cloud-logging/src/main/proto
[INFO] 
[INFO] --- flatten-maven-plugin:1.2.7:flatten (flatten) @ google-cloud-logging ---
[INFO] Generating flattened POM of project com.google.cloud:google-cloud-logging:jar:3.0.1-SNAPSHOT...
[INFO] 
[INFO] --- maven-compiler-plugin:3.8.1:compile (default-compile) @ google-cloud-logging ---
[INFO] Changes detected - recompiling the module!
[INFO] Compiling 52 source files to /home/gabsko/breaking-updates/google-cloud-logging/target/classes
[WARNING] bootstrap class path not set in conjunction with -source 8
[WARNING] /home/gabsko/breaking-updates/google-cloud-logging/src/main/java/com/google/cloud/logging/v2/stub/LoggingServiceV2StubSettings.java:[332,71] getLabels() in com.google.logging.v2.WriteLogEntriesRequest has been deprecated
[INFO] /home/gabsko/breaking-updates/google-cloud-logging/src/main/java/com/google/cloud/logging/v2/stub/ConfigServiceV2StubSettings.java: Some input files use unchecked or unsafe operations.
[INFO] /home/gabsko/breaking-updates/google-cloud-logging/src/main/java/com/google/cloud/logging/v2/stub/ConfigServiceV2StubSettings.java: Recompile with -Xlint:unchecked for details.
[INFO] 
[INFO] --- build-helper-maven-plugin:3.2.0:add-test-resource (add-test-proto-resources) @ google-cloud-logging ---
[INFO] 
[INFO] --- maven-resources-plugin:2.6:testResources (default-testResources) @ google-cloud-logging ---
[INFO] Using 'UTF-8' encoding to copy filtered resources.
[INFO] skip non existing resourceDirectory /home/gabsko/breaking-updates/google-cloud-logging/src/test/resources
[INFO] skip non existing resourceDirectory /home/gabsko/breaking-updates/google-cloud-logging/src/test/proto
[INFO] 
[INFO] --- maven-compiler-plugin:3.8.1:testCompile (default-testCompile) @ google-cloud-logging ---
[INFO] Changes detected - recompiling the module!
[INFO] Compiling 35 source files to /home/gabsko/breaking-updates/google-cloud-logging/target/test-classes
[WARNING] bootstrap class path not set in conjunction with -source 8
[WARNING] /home/gabsko/breaking-updates/google-cloud-logging/src/test/java/com/google/cloud/logging/LoggingHandlerTest.java:[232,11] setMillis(long) in java.util.logging.LogRecord has been deprecated
[WARNING] /home/gabsko/breaking-updates/google-cloud-logging/src/test/java/com/google/cloud/logging/LoggingHandlerTest.java:[535,11] setMillis(long) in java.util.logging.LogRecord has been deprecated
[WARNING] /home/gabsko/breaking-updates/google-cloud-logging/src/test/java/com/google/cloud/logging/v2/ConfigClientTest.java:[2429,38] ofProjectCmekSettingsName(java.lang.String) in com.google.logging.v2.CmekSettingsName has been deprecated
[WARNING] /home/gabsko/breaking-updates/google-cloud-logging/src/test/java/com/google/cloud/logging/v2/ConfigClientTest.java:[2437,38] ofProjectCmekSettingsName(java.lang.String) in com.google.logging.v2.CmekSettingsName has been deprecated
[WARNING] /home/gabsko/breaking-updates/google-cloud-logging/src/test/java/com/google/cloud/logging/v2/ConfigClientTest.java:[2462,40] ofProjectCmekSettingsName(java.lang.String) in com.google.logging.v2.CmekSettingsName has been deprecated
[WARNING] /home/gabsko/breaking-updates/google-cloud-logging/src/test/java/com/google/cloud/logging/v2/ConfigClientTest.java:[2475,38] ofProjectCmekSettingsName(java.lang.String) in com.google.logging.v2.CmekSettingsName has been deprecated
[WARNING] /home/gabsko/breaking-updates/google-cloud-logging/src/test/java/com/google/cloud/logging/v2/LoggingClientTest.java:[617,17] bidiStreamingCall(com.google.api.gax.rpc.ApiStreamObserver<ResponseT>) in com.google.api.gax.rpc.BidiStreamingCallable has been deprecated
[WARNING] /home/gabsko/breaking-updates/google-cloud-logging/src/test/java/com/google/cloud/logging/v2/LoggingClientTest.java:[643,17] bidiStreamingCall(com.google.api.gax.rpc.ApiStreamObserver<ResponseT>) in com.google.api.gax.rpc.BidiStreamingCallable has been deprecated
[INFO] 
[INFO] --- animal-sniffer-maven-plugin:1.22:check (java8) @ google-cloud-logging ---
[INFO] Checking unresolved references to org.codehaus.mojo.signature:java18:1.0
[INFO] 
[INFO] --- maven-surefire-plugin:3.0.0-M5:test (default-test) @ google-cloud-logging ---
[INFO] 
[INFO] -------------------------------------------------------
[INFO]  T E S T S
[INFO] -------------------------------------------------------
[INFO] Running com.google.cloud.logging.PayloadTest
[INFO] Tests run: 2, Failures: 0, Errors: 0, Skipped: 0, Time elapsed: 0.289 s - in com.google.cloud.logging.PayloadTest
[INFO] Running com.google.cloud.logging.SourceLocationTest
[INFO] Tests run: 3, Failures: 0, Errors: 0, Skipped: 0, Time elapsed: 0.001 s - in com.google.cloud.logging.SourceLocationTest
[INFO] Running com.google.cloud.logging.LoggingHandlerTest
[INFO] Tests run: 11, Failures: 0, Errors: 0, Skipped: 0, Time elapsed: 0.184 s - in com.google.cloud.logging.LoggingHandlerTest
[INFO] Running com.google.cloud.logging.OperationTest
[INFO] Tests run: 4, Failures: 0, Errors: 0, Skipped: 0, Time elapsed: 0 s - in com.google.cloud.logging.OperationTest
[INFO] Running com.google.cloud.logging.StructsTest
[INFO] Tests run: 9, Failures: 0, Errors: 0, Skipped: 0, Time elapsed: 0.001 s - in com.google.cloud.logging.StructsTest
[INFO] Running com.google.cloud.logging.SinkTest
[INFO] Tests run: 12, Failures: 0, Errors: 0, Skipped: 0, Time elapsed: 0.092 s - in com.google.cloud.logging.SinkTest
[INFO] Running com.google.cloud.logging.v2.MetricsClientTest
[INFO] Tests run: 20, Failures: 0, Errors: 0, Skipped: 0, Time elapsed: 0.509 s - in com.google.cloud.logging.v2.MetricsClientTest
[INFO] Running com.google.cloud.logging.v2.ConfigClientTest
[INFO] Tests run: 102, Failures: 0, Errors: 0, Skipped: 0, Time elapsed: 0.378 s - in com.google.cloud.logging.v2.ConfigClientTest
[INFO] Running com.google.cloud.logging.v2.LoggingClientTest
[INFO] Tests run: 24, Failures: 0, Errors: 0, Skipped: 0, Time elapsed: 0.096 s - in com.google.cloud.logging.v2.LoggingClientTest
[INFO] Running com.google.cloud.logging.MetricTest
[INFO] Tests run: 12, Failures: 0, Errors: 0, Skipped: 0, Time elapsed: 0.004 s - in com.google.cloud.logging.MetricTest
[INFO] Running com.google.cloud.logging.SinkInfoTest
[INFO] Tests run: 10, Failures: 0, Errors: 0, Skipped: 0, Time elapsed: 0 s - in com.google.cloud.logging.SinkInfoTest
[INFO] Running com.google.cloud.logging.HttpRequestTest
[INFO] Tests run: 4, Failures: 0, Errors: 0, Skipped: 0, Time elapsed: 0.003 s - in com.google.cloud.logging.HttpRequestTest
[INFO] Running com.google.cloud.logging.OptionTest
[INFO] Tests run: 4, Failures: 0, Errors: 0, Skipped: 0, Time elapsed: 0 s - in com.google.cloud.logging.OptionTest
[INFO] Running com.google.cloud.logging.SerializationTest
[INFO] Tests run: 2, Failures: 0, Errors: 0, Skipped: 0, Time elapsed: 0.298 s - in com.google.cloud.logging.SerializationTest
[INFO] Running com.google.cloud.logging.LoggingImplTest
[INFO] Tests run: 89, Failures: 0, Errors: 0, Skipped: 0, Time elapsed: 1.141 s - in com.google.cloud.logging.LoggingImplTest
[INFO] Running com.google.cloud.logging.LoggingTest
[INFO] Tests run: 3, Failures: 0, Errors: 0, Skipped: 0, Time elapsed: 0.007 s - in com.google.cloud.logging.LoggingTest
[INFO] Running com.google.cloud.logging.TimestampDefaultFilterTest
[INFO] Tests run: 1, Failures: 0, Errors: 0, Skipped: 0, Time elapsed: 0.01 s - in com.google.cloud.logging.TimestampDefaultFilterTest
[INFO] Running com.google.cloud.logging.ExclusionTest
[INFO] Tests run: 4, Failures: 0, Errors: 0, Skipped: 0, Time elapsed: 0.001 s - in com.google.cloud.logging.ExclusionTest
[INFO] Running com.google.cloud.logging.MetricInfoTest
[INFO] Tests run: 4, Failures: 0, Errors: 0, Skipped: 0, Time elapsed: 0 s - in com.google.cloud.logging.MetricInfoTest
[INFO] Running com.google.cloud.logging.LoggingLevelTest
[INFO] Tests run: 6, Failures: 0, Errors: 0, Skipped: 0, Time elapsed: 0 s - in com.google.cloud.logging.LoggingLevelTest
[INFO] Running com.google.cloud.logging.LogEntryTest
[INFO] Tests run: 4, Failures: 0, Errors: 0, Skipped: 0, Time elapsed: 0 s - in com.google.cloud.logging.LogEntryTest
[INFO] Running com.google.cloud.logging.LoggingOptionsTest
[INFO] Tests run: 1, Failures: 0, Errors: 0, Skipped: 0, Time elapsed: 0 s - in com.google.cloud.logging.LoggingOptionsTest
[INFO] 
[INFO] Results:
[INFO] 
[INFO] Tests run: 331, Failures: 0, Errors: 0, Skipped: 0
[INFO] 
[INFO] 
[INFO] --- jacoco-maven-plugin:0.8.7:report (report) @ google-cloud-logging ---
[INFO] Loading execution data file /home/gabsko/breaking-updates/google-cloud-logging/target/jacoco.exec
[INFO] Analyzed bundle 'Google Cloud Logging' with 161 classes
[INFO] 
[INFO] -------------< com.google.cloud:google-cloud-logging-bom >--------------
[INFO] Building Google Cloud logging BOM 3.0.1-SNAPSHOT                   [5/5]
[INFO] --------------------------------[ pom ]---------------------------------
[INFO] 
[INFO] --- maven-clean-plugin:2.5:clean (default-clean) @ google-cloud-logging-bom ---
[INFO] 
[INFO] --- maven-enforcer-plugin:3.0.0-M3:enforce (enforce) @ google-cloud-logging-bom ---
[INFO] Adding ignore: module-info
[INFO] Adding ignore: META-INF/versions/*/module-info
[INFO] 
[INFO] --- maven-checkstyle-plugin:3.1.2:check (checkstyle) @ google-cloud-logging-bom ---
[INFO] 
[INFO] --- jacoco-maven-plugin:0.8.7:prepare-agent (default) @ google-cloud-logging-bom ---
[INFO] argLine set to -javaagent:/home/gabsko/.m2/repository/org/jacoco/org.jacoco.agent/0.8.7/org.jacoco.agent-0.8.7-runtime.jar=destfile=/home/gabsko/breaking-updates/google-cloud-logging-bom/target/jacoco.exec
[INFO] 
[INFO] --- build-helper-maven-plugin:3.2.0:add-resource (add-main-proto-resources) @ google-cloud-logging-bom ---
[INFO] 
[INFO] --- build-helper-maven-plugin:3.2.0:add-test-resource (add-test-proto-resources) @ google-cloud-logging-bom ---
[INFO] 
[INFO] --- animal-sniffer-maven-plugin:1.22:check (java8) @ google-cloud-logging-bom ---
[INFO] Checking unresolved references to org.codehaus.mojo.signature:java18:1.0
[INFO] 
[INFO] --- jacoco-maven-plugin:0.8.7:report (report) @ google-cloud-logging-bom ---
[INFO] Skipping JaCoCo execution due to missing execution data file.
[INFO] ------------------------------------------------------------------------
[INFO] Reactor Summary:
[INFO] 
[INFO] Google Cloud Logging Parent 3.0.1-SNAPSHOT ......... SUCCESS [  1.360 s]
[INFO] proto-google-cloud-logging-v2 0.89.1-SNAPSHOT ...... SUCCESS [  3.551 s]
[INFO] grpc-google-cloud-logging-v2 0.89.1-SNAPSHOT ....... SUCCESS [  0.545 s]
[INFO] Google Cloud Logging 3.0.1-SNAPSHOT ................ SUCCESS [  7.334 s]
[INFO] Google Cloud logging BOM 3.0.1-SNAPSHOT ............ SUCCESS [  0.006 s]
[INFO] ------------------------------------------------------------------------
[INFO] BUILD SUCCESS
[INFO] ------------------------------------------------------------------------
[INFO] Total time:  13.228 s
[INFO] Finished at: 2023-01-17T18:12:33Z
[INFO] ------------------------------------------------------------------------
