[INFO] Scanning for projects...
[INFO] 
[INFO] ------------------------< org.mybatis:mybatis2 >------------------------
[INFO] Building mybatis2 2.4.5-SNAPSHOT
[INFO] --------------------------------[ jar ]---------------------------------
[INFO] 
[INFO] --- maven-clean-plugin:3.1.0:clean (default-clean) @ mybatis2 ---
[INFO] Deleting /home/gabsko/breaking-updates/target
[INFO] 
[INFO] --- maven-enforcer-plugin:3.0.0-M1:enforce (enforce-java) @ mybatis2 ---
[INFO] 
[INFO] --- jacoco-maven-plugin:0.8.7:prepare-agent (prepare-agent) @ mybatis2 ---
[INFO] argLine set to -javaagent:/home/gabsko/.m2/repository/org/jacoco/org.jacoco.agent/0.8.7/org.jacoco.agent-0.8.7-runtime.jar=destfile=/home/gabsko/breaking-updates/target/jacoco.exec
[INFO] 
[INFO] --- whitespace-maven-plugin:1.0.4:trim (default) @ mybatis2 ---
[INFO] 
[INFO] --- formatter-maven-plugin:2.15.0:format (default) @ mybatis2 ---
[INFO] Using 'UTF-8' encoding to format source files.
[INFO] Formatting is skipped for types: XML
[INFO] Number of files to be formatted: 291
[INFO] Successfully formatted:          76 file(s)
[INFO] Fail to format:                  0 file(s)
[INFO] Skipped:                         215 file(s)
[INFO] Read only skipped:               0 file(s)
[INFO] Approximate time taken:          1s
[INFO] 
[INFO] --- impsort-maven-plugin:1.6.0:sort (default) @ mybatis2 ---
[INFO] Processed 291 files in 00:01.168 (Already Sorted: 291, Needed Sorting: 0)
[INFO] 
[INFO] --- maven-resources-plugin:3.2.0:resources (default-resources) @ mybatis2 ---
[INFO] Using 'UTF-8' encoding to copy filtered resources.
[INFO] Using 'UTF-8' encoding to copy filtered properties files.
[INFO] Copying 2 resources
[INFO] Copying 2 resources to META-INF
[INFO] 
[INFO] --- maven-compiler-plugin:3.8.1:compile (default-compile) @ mybatis2 ---
[INFO] Compiling 205 source files to /home/gabsko/breaking-updates/target/classes
[INFO] /home/gabsko/breaking-updates/src/main/java/com/ibatis/sqlmap/client/SqlMapExecutor.java: Some input files use or override a deprecated API.
[INFO] /home/gabsko/breaking-updates/src/main/java/com/ibatis/sqlmap/client/SqlMapExecutor.java: Recompile with -Xlint:deprecation for details.
[INFO] /home/gabsko/breaking-updates/src/main/java/com/ibatis/sqlmap/engine/builder/xml/SqlMapClasspathEntityResolver.java: Some input files use unchecked or unsafe operations.
[INFO] /home/gabsko/breaking-updates/src/main/java/com/ibatis/sqlmap/engine/builder/xml/SqlMapClasspathEntityResolver.java: Recompile with -Xlint:unchecked for details.
[INFO] 
[INFO] --- license-maven-plugin:4.1:format (default) @ mybatis2 ---
[INFO] Updating license headers...
[INFO] Updating license header in: /home/gabsko/breaking-updates/src/main/java/com/ibatis/sqlmap/engine/config/SqlSource.java
[INFO] Updating license header in: /home/gabsko/breaking-updates/src/main/java/com/ibatis/sqlmap/engine/config/CacheModelConfig.java
[INFO] Updating license header in: /home/gabsko/breaking-updates/src/main/java/com/ibatis/sqlmap/engine/execution/BatchResult.java
[INFO] Updating license header in: /home/gabsko/breaking-updates/src/main/java/com/ibatis/sqlmap/engine/config/ParameterMapConfig.java
[INFO] Updating license header in: /home/gabsko/breaking-updates/src/main/java/com/ibatis/sqlmap/engine/execution/BatchException.java
[INFO] Updating license header in: /home/gabsko/breaking-updates/src/main/java/com/ibatis/sqlmap/engine/config/MappedStatementConfig.java
[INFO] Updating license header in: /home/gabsko/breaking-updates/src/main/java/com/ibatis/sqlmap/engine/config/ResultMapConfig.java
[INFO] Updating license header in: /home/gabsko/breaking-updates/src/main/java/com/ibatis/sqlmap/engine/mapping/result/Discriminator.java
[INFO] Updating license header in: /home/gabsko/breaking-updates/src/main/java/com/ibatis/sqlmap/engine/mapping/result/ResultObjectFactoryUtil.java
[INFO] Updating license header in: /home/gabsko/breaking-updates/src/main/java/com/ibatis/sqlmap/engine/mapping/result/ResultMap.java
[INFO] Updating license header in: /home/gabsko/breaking-updates/src/main/java/com/ibatis/sqlmap/engine/mapping/parameter/ParameterMapping.java
[INFO] Updating license header in: /home/gabsko/breaking-updates/src/main/java/com/ibatis/sqlmap/engine/mapping/sql/raw/RawSql.java
[INFO] Updating license header in: /home/gabsko/breaking-updates/src/main/java/com/ibatis/sqlmap/engine/mapping/parameter/ParameterMap.java
[INFO] Updating license header in: /home/gabsko/breaking-updates/src/main/java/com/ibatis/sqlmap/engine/mapping/statement/MappedStatement.java
[INFO] Updating license header in: /home/gabsko/breaking-updates/src/main/java/com/ibatis/sqlmap/engine/mapping/sql/dynamic/elements/IterateContext.java
[INFO] Updating license header in: /home/gabsko/breaking-updates/src/main/java/com/ibatis/sqlmap/engine/mapping/statement/StatementType.java
[INFO] Updating license header in: /home/gabsko/breaking-updates/src/main/java/com/ibatis/sqlmap/engine/mapping/result/ResultObjectFactory.java
[INFO] Updating license header in: /home/gabsko/breaking-updates/src/main/java/com/ibatis/sqlmap/engine/type/SimpleDateFormatter.java
[INFO] Updating license header in: /home/gabsko/breaking-updates/src/main/java/com/ibatis/sqlmap/engine/builder/xml/XmlParserState.java
[INFO] Updating license header in: /home/gabsko/breaking-updates/src/main/java/com/ibatis/sqlmap/engine/builder/xml/XMLSqlSource.java
[INFO] Updating license header in: /home/gabsko/breaking-updates/src/main/java/com/ibatis/common/logging/jakarta/JakartaCommonsLoggingImpl.java
[INFO] Updating license header in: /home/gabsko/breaking-updates/src/main/java/com/ibatis/common/logging/nologging/NoLoggingImpl.java
[INFO] Updating license header in: /home/gabsko/breaking-updates/src/main/java/com/ibatis/common/logging/log4j/Log4jImpl.java
[INFO] Updating license header in: /home/gabsko/breaking-updates/src/main/java/com/ibatis/common/logging/Log.java
[INFO] Updating license header in: /home/gabsko/breaking-updates/src/test/java/com/ibatis/sqlmap/DiscriminatorTest.java
[INFO] Updating license header in: /home/gabsko/breaking-updates/src/main/java/com/ibatis/common/logging/jdk14/Jdk14LoggingImpl.java
[INFO] Updating license header in: /home/gabsko/breaking-updates/src/main/java/com/ibatis/common/logging/LogFactory.java
[INFO] Updating license header in: /home/gabsko/breaking-updates/src/main/java/com/ibatis/common/beans/SetFieldInvoker.java
[INFO] Updating license header in: /home/gabsko/breaking-updates/src/main/java/com/ibatis/common/beans/Invoker.java
[INFO] Updating license header in: /home/gabsko/breaking-updates/src/test/java/com/ibatis/sqlmap/engine/mapping/result/loader/test/Bean2.java
[INFO] Updating license header in: /home/gabsko/breaking-updates/src/test/java/com/ibatis/sqlmap/DerbyParameterMapTest.java
[INFO] Updating license header in: /home/gabsko/breaking-updates/src/test/java/com/ibatis/sqlmap/DirectFieldMappingTest.java
[INFO] Updating license header in: /home/gabsko/breaking-updates/src/test/java/com/ibatis/sqlmap/PrivateMethodAccessTest.java
[INFO] Updating license header in: /home/gabsko/breaking-updates/src/test/java/com/ibatis/sqlmap/NestedIterateTest.java
[INFO] Updating license header in: /home/gabsko/breaking-updates/src/main/java/com/ibatis/common/beans/MethodInvoker.java
[INFO] Updating license header in: /home/gabsko/breaking-updates/src/test/java/com/ibatis/sqlmap/BatchTest.java
[INFO] Updating license header in: /home/gabsko/breaking-updates/src/test/java/com/ibatis/sqlmap/engine/mapping/parameter/InlineParameterMapParserTest.java
[INFO] Updating license header in: /home/gabsko/breaking-updates/src/test/java/com/ibatis/sqlmap/builder/xml/SqlMapClasspathEntityResolverTest.java
[INFO] Updating license header in: /home/gabsko/breaking-updates/src/test/java/com/ibatis/sqlmap/ResultObjectFactoryTest.java
[INFO] Updating license header in: /home/gabsko/breaking-updates/src/main/java/com/ibatis/common/beans/GetFieldInvoker.java
[INFO] Updating license header in: /home/gabsko/breaking-updates/src/test/java/com/ibatis/sqlmap/ResultObjectFactoryImpl.java
[INFO] Updating license header in: /home/gabsko/breaking-updates/src/test/java/com/ibatis/sqlmap/engine/mapping/result/loader/EnhancedLazyResultLoaderTest.java
[INFO] Updating license header in: /home/gabsko/breaking-updates/src/test/java/badbeans/BeanWithDifferentTypeGetterSetter.java
[INFO] Updating license header in: /home/gabsko/breaking-updates/src/test/java/testdomain/DocType.java
[INFO] Updating license header in: /home/gabsko/breaking-updates/src/test/java/com/ibatis/common/xml/NodeletUtilsTest.java
[INFO] Updating license header in: /home/gabsko/breaking-updates/src/test/java/badbeans/BeanWithNoGetterOverloadedSetters.java
[INFO] Updating license header in: /home/gabsko/breaking-updates/src/test/java/com/ibatis/sqlmap/MultiResultSetTest.java
[INFO] Updating license header in: /home/gabsko/breaking-updates/src/test/java/badbeans/BeanWithDifferentTypeOverloadedSetter.java
[INFO] Updating license header in: /home/gabsko/breaking-updates/src/test/java/badbeans/GoodBean.java
[INFO] Updating license header in: /home/gabsko/breaking-updates/src/test/java/com/ibatis/common/beans/BadBeanTest.java
[INFO] Updating license header in: /home/gabsko/breaking-updates/src/test/java/com/ibatis/common/beans/ComplexBeanProbeTest.java
[INFO] Updating license header in: /home/gabsko/breaking-updates/src/test/java/com/ibatis/sqlmap/engine/mapping/result/loader/test/Bean1.java
[INFO] Updating license header in: /home/gabsko/breaking-updates/src/test/java/testdomain/ISupplier.java
[INFO] Updating license header in: /home/gabsko/breaking-updates/src/test/java/badbeans/BeanWithOverloadedSetter.java
[INFO] Updating license header in: /home/gabsko/breaking-updates/src/test/java/testdomain/ISupplierImpl.java
[INFO] Updating license header in: /home/gabsko/breaking-updates/src/test/java/testdomain/PrivateAccount.java
[INFO] Updating license header in: /home/gabsko/breaking-updates/src/test/java/testdomain/Topic.java
[INFO] Updating license header in: /home/gabsko/breaking-updates/src/test/java/testdomain/Person.java
[INFO] Updating license header in: /home/gabsko/breaking-updates/src/test/java/testdomain/IItemImpl.java
[INFO] Updating license header in: /home/gabsko/breaking-updates/src/test/java/testdomain/PrivateBook.java
[INFO] Updating license header in: /home/gabsko/breaking-updates/src/test/java/testdomain/Magazine.java
[INFO] Updating license header in: /home/gabsko/breaking-updates/src/test/java/testdomain/TopicDescription.java
[INFO] Updating license header in: /home/gabsko/breaking-updates/src/test/java/testdomain/PersonDocument.java
[INFO] Updating license header in: /home/gabsko/breaking-updates/src/test/java/testdomain/Document.java
[INFO] Updating license header in: /home/gabsko/breaking-updates/src/test/java/testdomain/FieldAccount.java
[INFO] Updating license header in: /home/gabsko/breaking-updates/src/test/java/testdomain/ArticleIndex.java
[INFO] Updating license header in: /home/gabsko/breaking-updates/src/test/java/testdomain/Book.java
[INFO] Updating license header in: /home/gabsko/breaking-updates/src/test/java/testdomain/ISupplierKey.java
[INFO] Updating license header in: /home/gabsko/breaking-updates/src/test/java/threads/Foo.java
[INFO] Updating license header in: /home/gabsko/breaking-updates/src/test/java/testdomain/IItem.java
[INFO] Updating license header in: /home/gabsko/breaking-updates/src/test/java/threads/RemapResultsThreadTest.java
[INFO] Updating license header in: /home/gabsko/breaking-updates/src/test/java/testdomain/ISupplierKeyImpl.java
[INFO] Updating license header in: /home/gabsko/breaking-updates/src/test/java/testdomain/MyBean.java
[INFO] Updating license header in: /home/gabsko/breaking-updates/.mvn/extensions.xml
[INFO] Updating license header in: /home/gabsko/breaking-updates/src/test/java/testdomain/ArticleIndexDenorm.java
[INFO] Updating license header in: /home/gabsko/breaking-updates/src/test/java/threads/MyThread.java
[INFO] Updating license header in: /home/gabsko/breaking-updates/src/test/java/testdomain/NestedIterateParameterObject.java
[INFO] 
[INFO] --- animal-sniffer-maven-plugin:1.20:check (check-java-compat) @ mybatis2 ---
[INFO] Checking unresolved references to org.codehaus.mojo.signature:java17:1.0
[INFO] 
[INFO] --- maven-bundle-plugin:5.1.2:manifest (bundle-manifest) @ mybatis2 ---
[WARNING] Manifest org.mybatis:mybatis2:jar:2.4.5-SNAPSHOT : Unused Export-Package instructions: [org.ibatis.*] 
[INFO] 
[INFO] --- maven-resources-plugin:3.2.0:testResources (default-testResources) @ mybatis2 ---
[INFO] Using 'UTF-8' encoding to copy filtered resources.
[INFO] Using 'UTF-8' encoding to copy filtered properties files.
[INFO] Copying 35 resources
[INFO] 
[INFO] --- maven-compiler-plugin:3.8.1:testCompile (default-testCompile) @ mybatis2 ---
[INFO] Compiling 86 source files to /home/gabsko/breaking-updates/target/test-classes
[INFO] /home/gabsko/breaking-updates/src/test/java/com/ibatis/sqlmap/StatementTest.java: Some input files use or override a deprecated API.
[INFO] /home/gabsko/breaking-updates/src/test/java/com/ibatis/sqlmap/StatementTest.java: Recompile with -Xlint:deprecation for details.
[INFO] /home/gabsko/breaking-updates/src/test/java/com/ibatis/common/resources/ResourcesTest.java: Some input files use unchecked or unsafe operations.
[INFO] /home/gabsko/breaking-updates/src/test/java/com/ibatis/common/resources/ResourcesTest.java: Recompile with -Xlint:unchecked for details.
[INFO] 
[INFO] --- maven-surefire-plugin:3.0.0-M5:test (default-test) @ mybatis2 ---
[INFO] 
[INFO] -------------------------------------------------------
[INFO]  T E S T S
[INFO] -------------------------------------------------------
[INFO] Running com.ibatis.sqlmap.DynamicTest
[ERROR] WARNING: An illegal reflective access operation has occurred
[ERROR] WARNING: Illegal reflective access by com.ibatis.common.beans.ClassInfo (file:/home/gabsko/breaking-updates/target/classes/) to method java.util.HashMap.hash(java.lang.Object)
[ERROR] WARNING: Please consider reporting this to the maintainers of com.ibatis.common.beans.ClassInfo
[ERROR] WARNING: Use --illegal-access=warn to enable warnings of further illegal reflective access operations
[ERROR] WARNING: All illegal access operations will be denied in a future release
[INFO] Tests run: 23, Failures: 0, Errors: 0, Skipped: 0, Time elapsed: 1.096 s - in com.ibatis.sqlmap.DynamicTest
[INFO] Running com.ibatis.sqlmap.TransactionTest
[INFO] Tests run: 8, Failures: 0, Errors: 0, Skipped: 0, Time elapsed: 0.187 s - in com.ibatis.sqlmap.TransactionTest
[INFO] Running com.ibatis.sqlmap.DynamicPrependTest
[INFO] Tests run: 14, Failures: 0, Errors: 0, Skipped: 0, Time elapsed: 0.291 s - in com.ibatis.sqlmap.DynamicPrependTest
[INFO] Running com.ibatis.sqlmap.NestedIterateTest
[INFO] Tests run: 31, Failures: 0, Errors: 0, Skipped: 0, Time elapsed: 0.64 s - in com.ibatis.sqlmap.NestedIterateTest
[INFO] Running com.ibatis.sqlmap.engine.cache.CacheKeyTest
[INFO] Tests run: 1, Failures: 0, Errors: 0, Skipped: 0, Time elapsed: 0.001 s - in com.ibatis.sqlmap.engine.cache.CacheKeyTest
[INFO] Running com.ibatis.sqlmap.engine.cache.lru.LruCacheControllerTest
[INFO] Tests run: 4, Failures: 0, Errors: 0, Skipped: 0, Time elapsed: 0.002 s - in com.ibatis.sqlmap.engine.cache.lru.LruCacheControllerTest
[INFO] Running com.ibatis.sqlmap.engine.cache.memory.MemoryCacheControllerTest
[INFO] Tests run: 4, Failures: 0, Errors: 0, Skipped: 0, Time elapsed: 0.002 s - in com.ibatis.sqlmap.engine.cache.memory.MemoryCacheControllerTest
[INFO] Running com.ibatis.sqlmap.engine.cache.fifo.FifoCacheControllerTest
[INFO] Tests run: 4, Failures: 0, Errors: 0, Skipped: 0, Time elapsed: 0.001 s - in com.ibatis.sqlmap.engine.cache.fifo.FifoCacheControllerTest
[INFO] Running com.ibatis.sqlmap.engine.mapping.parameter.InlineParameterMapParserTest
[INFO] Tests run: 1, Failures: 0, Errors: 0, Skipped: 0, Time elapsed: 0.001 s - in com.ibatis.sqlmap.engine.mapping.parameter.InlineParameterMapParserTest
[INFO] Running com.ibatis.sqlmap.engine.mapping.result.loader.EnhancedLazyResultLoaderTest
[INFO] Tests run: 2, Failures: 0, Errors: 0, Skipped: 0, Time elapsed: 0.086 s - in com.ibatis.sqlmap.engine.mapping.result.loader.EnhancedLazyResultLoaderTest
[INFO] Running com.ibatis.sqlmap.DomStatementTest
[INFO] Tests run: 4, Failures: 0, Errors: 0, Skipped: 0, Time elapsed: 0.11 s - in com.ibatis.sqlmap.DomStatementTest
[INFO] Running com.ibatis.sqlmap.DirectFieldMappingTest
[INFO] Tests run: 2, Failures: 0, Errors: 0, Skipped: 0, Time elapsed: 0.034 s - in com.ibatis.sqlmap.DirectFieldMappingTest
[INFO] Running com.ibatis.sqlmap.XmlStatementTest
[INFO] Tests run: 4, Failures: 0, Errors: 0, Skipped: 0, Time elapsed: 0.185 s - in com.ibatis.sqlmap.XmlStatementTest
[INFO] Running com.ibatis.sqlmap.MultiResultSetTest
[INFO] Tests run: 3, Failures: 0, Errors: 0, Skipped: 0, Time elapsed: 2.699 s - in com.ibatis.sqlmap.MultiResultSetTest
[INFO] Running com.ibatis.sqlmap.CacheStatementTest
[INFO] Tests run: 13, Failures: 0, Errors: 0, Skipped: 0, Time elapsed: 0.251 s - in com.ibatis.sqlmap.CacheStatementTest
[INFO] Running com.ibatis.sqlmap.ComplexTypeTest
[INFO] Tests run: 1, Failures: 0, Errors: 0, Skipped: 0, Time elapsed: 0.015 s - in com.ibatis.sqlmap.ComplexTypeTest
[INFO] Running com.ibatis.sqlmap.jira.JiraIbatis260Test
[INFO] Tests run: 1, Failures: 0, Errors: 0, Skipped: 0, Time elapsed: 0.016 s - in com.ibatis.sqlmap.jira.JiraIbatis260Test
[INFO] Running com.ibatis.sqlmap.PrivateMethodAccessTest
[INFO] Tests run: 1, Failures: 0, Errors: 0, Skipped: 0, Time elapsed: 0.015 s - in com.ibatis.sqlmap.PrivateMethodAccessTest
[INFO] Running com.ibatis.sqlmap.builder.xml.SqlMapClasspathEntityResolverTest
[INFO] Tests run: 9, Failures: 0, Errors: 0, Skipped: 0, Time elapsed: 0.004 s - in com.ibatis.sqlmap.builder.xml.SqlMapClasspathEntityResolverTest
[INFO] Running com.ibatis.sqlmap.DiscriminatorTest
[INFO] Tests run: 3, Failures: 0, Errors: 0, Skipped: 0, Time elapsed: 0.045 s - in com.ibatis.sqlmap.DiscriminatorTest
[INFO] Running com.ibatis.sqlmap.ResultMapTest
[INFO] Tests run: 17, Failures: 0, Errors: 0, Skipped: 0, Time elapsed: 0.256 s - in com.ibatis.sqlmap.ResultMapTest
[INFO] Running com.ibatis.sqlmap.StatementTest
[INFO] Tests run: 39, Failures: 0, Errors: 0, Skipped: 0, Time elapsed: 0.614 s - in com.ibatis.sqlmap.StatementTest
[INFO] Running com.ibatis.sqlmap.BatchTest
[INFO] Tests run: 3, Failures: 0, Errors: 0, Skipped: 0, Time elapsed: 0.049 s - in com.ibatis.sqlmap.BatchTest
[INFO] Running com.ibatis.sqlmap.IterateTest
[INFO] Tests run: 14, Failures: 0, Errors: 0, Skipped: 0, Time elapsed: 0.186 s - in com.ibatis.sqlmap.IterateTest
[INFO] Running com.ibatis.sqlmap.RepeatingGroupMappingTest
[INFO] Tests run: 4, Failures: 0, Errors: 0, Skipped: 0, Time elapsed: 0.061 s - in com.ibatis.sqlmap.RepeatingGroupMappingTest
[INFO] Running com.ibatis.sqlmap.ResultObjectFactoryTest
[INFO] Tests run: 1, Failures: 0, Errors: 0, Skipped: 0, Time elapsed: 0.011 s - in com.ibatis.sqlmap.ResultObjectFactoryTest
[INFO] Running com.ibatis.sqlmap.ParameterMapTest
[INFO] Tests run: 7, Failures: 0, Errors: 0, Skipped: 0, Time elapsed: 0.094 s - in com.ibatis.sqlmap.ParameterMapTest
[INFO] Running com.ibatis.sqlmap.DerbyParameterMapTest
[INFO] Tests run: 7, Failures: 0, Errors: 0, Skipped: 0, Time elapsed: 0.837 s - in com.ibatis.sqlmap.DerbyParameterMapTest
[INFO] Running com.ibatis.common.util.PaginatedArrayListTest
[INFO] Tests run: 3, Failures: 0, Errors: 0, Skipped: 0, Time elapsed: 0.005 s - in com.ibatis.common.util.PaginatedArrayListTest
[INFO] Running com.ibatis.common.xml.NodeletUtilsTest
[INFO] Tests run: 3, Failures: 0, Errors: 0, Skipped: 0, Time elapsed: 0.002 s - in com.ibatis.common.xml.NodeletUtilsTest
[INFO] Running com.ibatis.common.resources.ResourcesTest
[INFO] Tests run: 17, Failures: 0, Errors: 0, Skipped: 0, Time elapsed: 0.01 s - in com.ibatis.common.resources.ResourcesTest
[INFO] Running com.ibatis.common.beans.ComplexBeanProbeTest
[INFO] Tests run: 1, Failures: 0, Errors: 0, Skipped: 0, Time elapsed: 0.001 s - in com.ibatis.common.beans.ComplexBeanProbeTest
[INFO] Running com.ibatis.common.beans.PropertyAccessPlanTest
[INFO] Tests run: 1, Failures: 0, Errors: 0, Skipped: 0, Time elapsed: 0.001 s - in com.ibatis.common.beans.PropertyAccessPlanTest
[INFO] Running com.ibatis.common.beans.BadBeanTest
[INFO] Tests run: 6, Failures: 0, Errors: 0, Skipped: 0, Time elapsed: 0.004 s - in com.ibatis.common.beans.BadBeanTest
[INFO] Running com.ibatis.common.beans.JavaBeanProbeTest
[INFO] Tests run: 5, Failures: 0, Errors: 0, Skipped: 0, Time elapsed: 0.001 s - in com.ibatis.common.beans.JavaBeanProbeTest
[INFO] Running threads.RemapResultsThreadTest
[INFO] Tests run: 2, Failures: 0, Errors: 0, Skipped: 0, Time elapsed: 20.008 s - in threads.RemapResultsThreadTest
[INFO] 
[INFO] Results:
[INFO] 
[INFO] Tests run: 263, Failures: 0, Errors: 0, Skipped: 0
[INFO] 
[INFO] ------------------------------------------------------------------------
[INFO] BUILD SUCCESS
[INFO] ------------------------------------------------------------------------
[INFO] Total time:  39.139 s
[INFO] Finished at: 2023-01-17T20:59:24Z
[INFO] ------------------------------------------------------------------------
