[INFO] Scanning for projects...
[INFO] 
[INFO] ----------------------< org.mybatis:mybatis-cdi >-----------------------
[INFO] Building mybatis-cdi 1.1.2-SNAPSHOT
[INFO] --------------------------------[ jar ]---------------------------------
[INFO] 
[INFO] --- maven-clean-plugin:3.1.0:clean (default-clean) @ mybatis-cdi ---
[INFO] Deleting /home/gabsko/breaking-updates/target
[INFO] 
[INFO] --- maven-enforcer-plugin:3.0.0-M1:enforce (enforce-java) @ mybatis-cdi ---
[INFO] 
[INFO] --- jacoco-maven-plugin:0.8.7:prepare-agent (prepare-agent) @ mybatis-cdi ---
[INFO] argLine set to -javaagent:/home/gabsko/.m2/repository/org/jacoco/org.jacoco.agent/0.8.7/org.jacoco.agent-0.8.7-runtime.jar=destfile=/home/gabsko/breaking-updates/target/jacoco.exec
[INFO] 
[INFO] --- whitespace-maven-plugin:1.0.4:trim (default) @ mybatis-cdi ---
[INFO] 
[INFO] --- formatter-maven-plugin:2.15.0:format (default) @ mybatis-cdi ---
[INFO] Using 'UTF-8' encoding to format source files.
[INFO] Formatting is skipped for types: XML
[INFO] Number of files to be formatted: 30
[INFO] Successfully formatted:          0 file(s)
[INFO] Fail to format:                  0 file(s)
[INFO] Skipped:                         30 file(s)
[INFO] Read only skipped:               0 file(s)
[INFO] Approximate time taken:          0s
[INFO] 
[INFO] --- impsort-maven-plugin:1.6.0:sort (default) @ mybatis-cdi ---
[INFO] Processed 30 files in 00:00.291 (Already Sorted: 30, Needed Sorting: 0)
[INFO] 
[INFO] --- maven-resources-plugin:3.2.0:resources (default-resources) @ mybatis-cdi ---
[INFO] Using 'UTF-8' encoding to copy filtered resources.
[INFO] Using 'UTF-8' encoding to copy filtered properties files.
[INFO] Copying 2 resources
[INFO] Copying 2 resources to META-INF
[INFO] 
[INFO] --- maven-compiler-plugin:3.8.1:compile (default-compile) @ mybatis-cdi ---
[INFO] Compiling 12 source files to /home/gabsko/breaking-updates/target/classes
[INFO] /home/gabsko/breaking-updates/src/main/java/org/mybatis/cdi/MybatisExtension.java: /home/gabsko/breaking-updates/src/main/java/org/mybatis/cdi/MybatisExtension.java uses unchecked or unsafe operations.
[INFO] /home/gabsko/breaking-updates/src/main/java/org/mybatis/cdi/MybatisExtension.java: Recompile with -Xlint:unchecked for details.
[INFO] 
[INFO] --- license-maven-plugin:4.1:format (default) @ mybatis-cdi ---
[INFO] Updating license headers...
[INFO] Updating license header in: /home/gabsko/breaking-updates/.mvn/extensions.xml
[INFO] 
[INFO] --- animal-sniffer-maven-plugin:1.20:check (check-java-compat) @ mybatis-cdi ---
[INFO] Checking unresolved references to org.codehaus.mojo.signature:java18:1.0
[INFO] 
[INFO] --- maven-bundle-plugin:5.1.2:manifest (bundle-manifest) @ mybatis-cdi ---
[WARNING] Manifest org.mybatis:mybatis-cdi:jar:1.1.2-SNAPSHOT : Unused Import-Package instructions: [org.mybatis.*] 
[INFO] 
[INFO] --- maven-resources-plugin:3.2.0:testResources (default-testResources) @ mybatis-cdi ---
[INFO] Using 'UTF-8' encoding to copy filtered resources.
[INFO] Using 'UTF-8' encoding to copy filtered properties files.
[INFO] Copying 12 resources
[INFO] 
[INFO] --- maven-compiler-plugin:3.8.1:testCompile (default-testCompile) @ mybatis-cdi ---
[INFO] Compiling 18 source files to /home/gabsko/breaking-updates/target/test-classes
[INFO] /home/gabsko/breaking-updates/src/test/java/org/mybatis/cdi/WeldJunit5Extension.java: /home/gabsko/breaking-updates/src/test/java/org/mybatis/cdi/WeldJunit5Extension.java uses or overrides a deprecated API.
[INFO] /home/gabsko/breaking-updates/src/test/java/org/mybatis/cdi/WeldJunit5Extension.java: Recompile with -Xlint:deprecation for details.
[INFO] /home/gabsko/breaking-updates/src/test/java/org/mybatis/cdi/MybatisExtensionTest.java: /home/gabsko/breaking-updates/src/test/java/org/mybatis/cdi/MybatisExtensionTest.java uses unchecked or unsafe operations.
[INFO] /home/gabsko/breaking-updates/src/test/java/org/mybatis/cdi/MybatisExtensionTest.java: Recompile with -Xlint:unchecked for details.
[INFO] 
[INFO] --- maven-surefire-plugin:3.0.0-M5:test (default-test) @ mybatis-cdi ---
[INFO] 
[INFO] -------------------------------------------------------
[INFO]  T E S T S
[INFO] -------------------------------------------------------
[INFO] Running org.mybatis.cdi.MybatisExtensionTest
Jan 17, 2023 8:50:14 PM org.mybatis.cdi.MybatisExtension processAnnotatedType
INFO: MyBatis CDI Module - Found class with @Mapper-annotation: UserMapper
Jan 17, 2023 8:50:14 PM org.mybatis.cdi.MybatisExtension afterBeanDiscovery
INFO: MyBatis CDI Module - Activated
Jan 17, 2023 8:50:14 PM org.mybatis.cdi.MybatisExtension afterBeanDiscovery
INFO: MyBatis CDI Module - Found a bean, which needs a Mapper interface org.mybatis.cdi.UserMapper
Jan 17, 2023 8:50:14 PM org.mybatis.cdi.MybatisExtension afterBeanDiscovery
INFO: MyBatis CDI Module - Managed Mapper dependency: org.mybatis.cdi.UserMapper, org.mybatis.cdi.UserMapper
[INFO] Tests run: 1, Failures: 0, Errors: 0, Skipped: 0, Time elapsed: 0.762 s - in org.mybatis.cdi.MybatisExtensionTest
Jan 17, 2023 8:50:14 PM org.jboss.weld.bootstrap.WeldStartup <clinit>
INFO: WELD-000900: 2.4.8 (Final)
Jan 17, 2023 8:50:14 PM org.jboss.weld.bootstrap.WeldStartup startContainer
INFO: WELD-000101: Transactional services not available. Injection of @Inject UserTransaction not available. Transactional observers will be invoked synchronously.
Jan 17, 2023 8:50:14 PM org.mybatis.cdi.MybatisExtension processAnnotatedType
INFO: MyBatis CDI Module - Found class with @Mapper-annotation: UserMapper
Jan 17, 2023 8:50:15 PM org.mybatis.cdi.MybatisExtension processProducer
INFO: MyBatis CDI Module - SqlSessionFactory producer ManagerProducersJta.createManagerJTA
Jan 17, 2023 8:50:15 PM org.mybatis.cdi.MybatisExtension processProducer
INFO: MyBatis CDI Module - SqlSessionFactory producer ManagerProducers.createManager1
Jan 17, 2023 8:50:15 PM org.mybatis.cdi.MybatisExtension processProducer
INFO: MyBatis CDI Module - SqlSessionFactory producer ManagerProducers.createManager3
Jan 17, 2023 8:50:15 PM org.mybatis.cdi.MybatisExtension processProducer
INFO: MyBatis CDI Module - SqlSessionFactory producer ManagerProducers.createManager2
Jan 17, 2023 8:50:15 PM org.mybatis.cdi.MybatisExtension afterBeanDiscovery
INFO: MyBatis CDI Module - Activated
Jan 17, 2023 8:50:15 PM org.mybatis.cdi.MybatisExtension afterBeanDiscovery
INFO: MyBatis CDI Module - Found a bean, which needs a Mapper interface org.mybatis.cdi.UserMapper
Jan 17, 2023 8:50:15 PM org.mybatis.cdi.MybatisExtension afterBeanDiscovery
INFO: MyBatis CDI Module - Found a bean, which needs a Mapper interface org.mybatis.cdi.UserMapper
Jan 17, 2023 8:50:15 PM org.mybatis.cdi.MybatisExtension afterBeanDiscovery
INFO: MyBatis CDI Module - Found a bean, which needs a Mapper interface org.mybatis.cdi.UserMapper
Jan 17, 2023 8:50:15 PM org.mybatis.cdi.MybatisExtension afterBeanDiscovery
INFO: MyBatis CDI Module - Found a bean, which needs a Mapper interface org.mybatis.cdi.UserMapper
Jan 17, 2023 8:50:15 PM org.mybatis.cdi.MybatisExtension afterBeanDiscovery
INFO: MyBatis CDI Module - Found a bean, which needs a Mapper interface org.mybatis.cdi.UserMapper
Jan 17, 2023 8:50:15 PM org.mybatis.cdi.MybatisExtension afterBeanDiscovery
INFO: MyBatis CDI Module - Found a bean, which needs a Mapper interface org.mybatis.cdi.UserMapper
Jan 17, 2023 8:50:15 PM org.mybatis.cdi.MybatisExtension afterBeanDiscovery
INFO: MyBatis CDI Module - Managed Mapper dependency: org.mybatis.cdi.UserMapper.JtaManager, org.mybatis.cdi.UserMapper
Jan 17, 2023 8:50:15 PM org.mybatis.cdi.MybatisExtension afterBeanDiscovery
INFO: MyBatis CDI Module - Managed Mapper dependency: org.mybatis.cdi.UserMapper_manager2, org.mybatis.cdi.UserMapper
Jan 17, 2023 8:50:15 PM org.mybatis.cdi.MybatisExtension afterBeanDiscovery
INFO: MyBatis CDI Module - Managed Mapper dependency: org.mybatis.cdi.UserMapper.MySpecialManager.OtherQualifier, org.mybatis.cdi.UserMapper
Jan 17, 2023 8:50:15 PM org.mybatis.cdi.MybatisExtension afterBeanDiscovery
INFO: MyBatis CDI Module - Managed Mapper dependency: org.mybatis.cdi.UserMapper_manager1, org.mybatis.cdi.UserMapper
Jan 17, 2023 8:50:15 PM org.mybatis.cdi.MybatisExtension afterBeanDiscovery
INFO: MyBatis CDI Module - Managed SqlSession: org.apache.ibatis.session.SqlSession.MySpecialManager.OtherQualifier, org.apache.ibatis.session.SqlSession
Jan 17, 2023 8:50:15 PM org.mybatis.cdi.MybatisExtension afterBeanDiscovery
INFO: MyBatis CDI Module - Managed SqlSession: org.apache.ibatis.session.SqlSession_manager1, org.apache.ibatis.session.SqlSession
Jan 17, 2023 8:50:15 PM org.mybatis.cdi.MybatisExtension afterBeanDiscovery
INFO: MyBatis CDI Module - Managed SqlSession: org.apache.ibatis.session.SqlSession_manager2, org.apache.ibatis.session.SqlSession
Jan 17, 2023 8:50:15 PM org.mybatis.cdi.MybatisExtension afterBeanDiscovery
INFO: MyBatis CDI Module - Managed SqlSession: org.apache.ibatis.session.SqlSession.JtaManager, org.apache.ibatis.session.SqlSession
Jan 17, 2023 8:50:15 PM org.mybatis.cdi.MybatisExtension afterBeanDiscovery
WARNING: MyBatis CDI Module - Unmanaged SqlSession: org.apache.ibatis.session.SqlSession_unmanaged, org.apache.ibatis.session.SqlSession
Jan 17, 2023 8:50:15 PM org.jboss.weld.environment.se.WeldContainer fireContainerInitializedEvent
INFO: WELD-ENV-002003: Weld SE container b399d5b4-2501-4f7a-b759-d93c9aed3de9 initialized
[INFO] Running org.mybatis.cdi.FooServiceTest
[main] WARN com.atomikos.jdbc.internal.AbstractDataSourceBean - unique: poolSize equals default - this may cause performance problems!
[main] WARN com.atomikos.jdbc.internal.AtomikosJdbcConnectionProxy - atomikosJdbcConnectionProxy (state = sessionHandleState (1 context(s), isTerminated = false) for resource unique) for vendor instance org.apache.derby.iapi.jdbc.BrokeredConnection42@1641801522, Wrapped Connection = org.apache.derby.impl.jdbc.EmbedConnection@58608664 (XID = 167), (SESSIONID = 3), (DATABASE = memory:dbJTA), (DRDAID = null) : WARNING: transaction manager not running?
[main] WARN com.atomikos.jdbc.internal.AtomikosJdbcConnectionProxy - atomikosJdbcConnectionProxy (state = sessionHandleState (1 context(s), isTerminated = false) for resource unique) for vendor instance org.apache.derby.iapi.jdbc.BrokeredConnection42@1641801522, Wrapped Connection = org.apache.derby.impl.jdbc.EmbedConnection@58608664 (XID = 167), (SESSIONID = 3), (DATABASE = memory:dbJTA), (DRDAID = null) : WARNING: transaction manager not running?
[main] WARN com.atomikos.jdbc.internal.AtomikosJdbcConnectionProxy - atomikosJdbcConnectionProxy (state = sessionHandleState (1 context(s), isTerminated = false) for resource unique) for vendor instance org.apache.derby.iapi.jdbc.BrokeredConnection42@1641801522, Wrapped Connection = org.apache.derby.impl.jdbc.EmbedConnection@58608664 (XID = 167), (SESSIONID = 3), (DATABASE = memory:dbJTA), (DRDAID = null) : WARNING: transaction manager not running?
[main] WARN com.atomikos.jdbc.internal.AtomikosJdbcConnectionProxy - atomikosJdbcConnectionProxy (state = sessionHandleState (1 context(s), isTerminated = false) for resource unique) for vendor instance org.apache.derby.iapi.jdbc.BrokeredConnection42@1641801522, Wrapped Connection = org.apache.derby.impl.jdbc.EmbedConnection@58608664 (XID = 167), (SESSIONID = 3), (DATABASE = memory:dbJTA), (DRDAID = null) : WARNING: transaction manager not running?
[main] WARN com.atomikos.jdbc.internal.AtomikosJdbcConnectionProxy - atomikosJdbcConnectionProxy (state = sessionHandleState (1 context(s), isTerminated = false) for resource unique) for vendor instance org.apache.derby.iapi.jdbc.BrokeredConnection42@1641801522, Wrapped Connection = org.apache.derby.impl.jdbc.EmbedConnection@58608664 (XID = 167), (SESSIONID = 3), (DATABASE = memory:dbJTA), (DRDAID = null) : WARNING: transaction manager not running?
[main] WARN com.atomikos.jdbc.internal.AtomikosJdbcConnectionProxy - atomikosJdbcConnectionProxy (state = sessionHandleState (1 context(s), isTerminated = false) for resource unique) for vendor instance org.apache.derby.iapi.jdbc.BrokeredConnection42@1641801522, Wrapped Connection = org.apache.derby.impl.jdbc.EmbedConnection@58608664 (XID = 167), (SESSIONID = 3), (DATABASE = memory:dbJTA), (DRDAID = null) : WARNING: transaction manager not running?
[main] WARN com.atomikos.jdbc.internal.AtomikosJdbcConnectionProxy - atomikosJdbcConnectionProxy (state = sessionHandleState (1 context(s), isTerminated = false) for resource unique) for vendor instance org.apache.derby.iapi.jdbc.BrokeredConnection42@1641801522, Wrapped Connection = org.apache.derby.impl.jdbc.EmbedConnection@58608664 (XID = 167), (SESSIONID = 3), (DATABASE = memory:dbJTA), (DRDAID = null) : WARNING: transaction manager not running?
[main] WARN com.atomikos.jdbc.internal.AtomikosJdbcConnectionProxy - atomikosJdbcConnectionProxy (state = sessionHandleState (1 context(s), isTerminated = false) for resource unique) for vendor instance org.apache.derby.iapi.jdbc.BrokeredConnection42@1641801522, Wrapped Connection = org.apache.derby.impl.jdbc.EmbedConnection@58608664 (XID = 167), (SESSIONID = 3), (DATABASE = memory:dbJTA), (DRDAID = null) : WARNING: transaction manager not running?
[main] WARN com.atomikos.jdbc.internal.AtomikosJdbcConnectionProxy - atomikosJdbcConnectionProxy (state = sessionHandleState (1 context(s), isTerminated = false) for resource unique) for vendor instance org.apache.derby.iapi.jdbc.BrokeredConnection42@1641801522, Wrapped Connection = org.apache.derby.impl.jdbc.EmbedConnection@58608664 (XID = 167), (SESSIONID = 3), (DATABASE = memory:dbJTA), (DRDAID = null) : WARNING: transaction manager not running?
[main] WARN com.atomikos.jdbc.internal.AtomikosJdbcConnectionProxy - atomikosJdbcConnectionProxy (state = sessionHandleState (1 context(s), isTerminated = false) for resource unique) for vendor instance org.apache.derby.iapi.jdbc.BrokeredConnection42@1641801522, Wrapped Connection = org.apache.derby.impl.jdbc.EmbedConnection@58608664 (XID = 167), (SESSIONID = 3), (DATABASE = memory:dbJTA), (DRDAID = null) : WARNING: transaction manager not running?
[INFO] Tests run: 7, Failures: 0, Errors: 0, Skipped: 0, Time elapsed: 1.737 s - in org.mybatis.cdi.FooServiceTest
[INFO] 
[INFO] Results:
[INFO] 
[INFO] Tests run: 8, Failures: 0, Errors: 0, Skipped: 0
[INFO] 
[INFO] 
[INFO] --- maven-surefire-plugin:3.0.0-M5:test (jta-test) @ mybatis-cdi ---
[INFO] 
[INFO] -------------------------------------------------------
[INFO]  T E S T S
[INFO] -------------------------------------------------------
Jan 17, 2023 8:50:17 PM org.jboss.weld.bootstrap.WeldStartup <clinit>
INFO: WELD-000900: 2.4.8 (Final)
Jan 17, 2023 8:50:18 PM org.jboss.weld.bootstrap.WeldStartup startContainer
INFO: WELD-000101: Transactional services not available. Injection of @Inject UserTransaction not available. Transactional observers will be invoked synchronously.
Jan 17, 2023 8:50:18 PM org.mybatis.cdi.MybatisExtension processAnnotatedType
INFO: MyBatis CDI Module - Found class with @Mapper-annotation: UserMapper
Jan 17, 2023 8:50:18 PM org.mybatis.cdi.MybatisExtension processProducer
INFO: MyBatis CDI Module - SqlSessionFactory producer ManagerProducers.createManager1
Jan 17, 2023 8:50:18 PM org.mybatis.cdi.MybatisExtension processProducer
INFO: MyBatis CDI Module - SqlSessionFactory producer ManagerProducersJta.createManagerJTA
Jan 17, 2023 8:50:18 PM org.mybatis.cdi.MybatisExtension processProducer
INFO: MyBatis CDI Module - SqlSessionFactory producer ManagerProducers.createManager2
Jan 17, 2023 8:50:18 PM org.mybatis.cdi.MybatisExtension processProducer
INFO: MyBatis CDI Module - SqlSessionFactory producer ManagerProducers.createManager3
Jan 17, 2023 8:50:18 PM org.mybatis.cdi.MybatisExtension afterBeanDiscovery
INFO: MyBatis CDI Module - Activated
Jan 17, 2023 8:50:18 PM org.mybatis.cdi.MybatisExtension afterBeanDiscovery
INFO: MyBatis CDI Module - Found a bean, which needs a Mapper interface org.mybatis.cdi.UserMapper
Jan 17, 2023 8:50:18 PM org.mybatis.cdi.MybatisExtension afterBeanDiscovery
INFO: MyBatis CDI Module - Found a bean, which needs a Mapper interface org.mybatis.cdi.UserMapper
Jan 17, 2023 8:50:18 PM org.mybatis.cdi.MybatisExtension afterBeanDiscovery
INFO: MyBatis CDI Module - Found a bean, which needs a Mapper interface org.mybatis.cdi.UserMapper
Jan 17, 2023 8:50:18 PM org.mybatis.cdi.MybatisExtension afterBeanDiscovery
INFO: MyBatis CDI Module - Found a bean, which needs a Mapper interface org.mybatis.cdi.UserMapper
Jan 17, 2023 8:50:18 PM org.mybatis.cdi.MybatisExtension afterBeanDiscovery
INFO: MyBatis CDI Module - Found a bean, which needs a Mapper interface org.mybatis.cdi.UserMapper
Jan 17, 2023 8:50:18 PM org.mybatis.cdi.MybatisExtension afterBeanDiscovery
INFO: MyBatis CDI Module - Found a bean, which needs a Mapper interface org.mybatis.cdi.UserMapper
Jan 17, 2023 8:50:18 PM org.mybatis.cdi.MybatisExtension afterBeanDiscovery
INFO: MyBatis CDI Module - Managed Mapper dependency: org.mybatis.cdi.UserMapper.JtaManager, org.mybatis.cdi.UserMapper
Jan 17, 2023 8:50:18 PM org.mybatis.cdi.MybatisExtension afterBeanDiscovery
INFO: MyBatis CDI Module - Managed Mapper dependency: org.mybatis.cdi.UserMapper_manager2, org.mybatis.cdi.UserMapper
Jan 17, 2023 8:50:18 PM org.mybatis.cdi.MybatisExtension afterBeanDiscovery
INFO: MyBatis CDI Module - Managed Mapper dependency: org.mybatis.cdi.UserMapper.MySpecialManager.OtherQualifier, org.mybatis.cdi.UserMapper
Jan 17, 2023 8:50:18 PM org.mybatis.cdi.MybatisExtension afterBeanDiscovery
INFO: MyBatis CDI Module - Managed Mapper dependency: org.mybatis.cdi.UserMapper_manager1, org.mybatis.cdi.UserMapper
Jan 17, 2023 8:50:18 PM org.mybatis.cdi.MybatisExtension afterBeanDiscovery
INFO: MyBatis CDI Module - Managed SqlSession: org.apache.ibatis.session.SqlSession.MySpecialManager.OtherQualifier, org.apache.ibatis.session.SqlSession
Jan 17, 2023 8:50:18 PM org.mybatis.cdi.MybatisExtension afterBeanDiscovery
INFO: MyBatis CDI Module - Managed SqlSession: org.apache.ibatis.session.SqlSession_manager1, org.apache.ibatis.session.SqlSession
Jan 17, 2023 8:50:18 PM org.mybatis.cdi.MybatisExtension afterBeanDiscovery
INFO: MyBatis CDI Module - Managed SqlSession: org.apache.ibatis.session.SqlSession_manager2, org.apache.ibatis.session.SqlSession
Jan 17, 2023 8:50:18 PM org.mybatis.cdi.MybatisExtension afterBeanDiscovery
INFO: MyBatis CDI Module - Managed SqlSession: org.apache.ibatis.session.SqlSession.JtaManager, org.apache.ibatis.session.SqlSession
Jan 17, 2023 8:50:18 PM org.mybatis.cdi.MybatisExtension afterBeanDiscovery
WARNING: MyBatis CDI Module - Unmanaged SqlSession: org.apache.ibatis.session.SqlSession_unmanaged, org.apache.ibatis.session.SqlSession
Jan 17, 2023 8:50:18 PM org.jboss.weld.environment.se.WeldContainer fireContainerInitializedEvent
INFO: WELD-ENV-002003: Weld SE container 42011601-737e-4585-9f1f-3e56f284cd60 initialized
[INFO] Running org.mybatis.cdi.FooServiceJTATest
[main] WARN com.atomikos.jdbc.internal.AbstractDataSourceBean - unique: poolSize equals default - this may cause performance problems!
[main] WARN com.atomikos.jdbc.internal.AtomikosJdbcConnectionProxy - atomikosJdbcConnectionProxy (state = sessionHandleState (1 context(s), isTerminated = false) for resource unique) for vendor instance org.apache.derby.iapi.jdbc.BrokeredConnection42@1122090977, Wrapped Connection = org.apache.derby.impl.jdbc.EmbedConnection@505894008 (XID = 167), (SESSIONID = 3), (DATABASE = memory:dbJTA), (DRDAID = null) : WARNING: transaction manager not running?
[main] WARN com.atomikos.jdbc.internal.AtomikosJdbcConnectionProxy - atomikosJdbcConnectionProxy (state = sessionHandleState (1 context(s), isTerminated = false) for resource unique) for vendor instance org.apache.derby.iapi.jdbc.BrokeredConnection42@1122090977, Wrapped Connection = org.apache.derby.impl.jdbc.EmbedConnection@505894008 (XID = 167), (SESSIONID = 3), (DATABASE = memory:dbJTA), (DRDAID = null) : WARNING: transaction manager not running?
[main] WARN com.atomikos.jdbc.internal.AtomikosJdbcConnectionProxy - atomikosJdbcConnectionProxy (state = sessionHandleState (1 context(s), isTerminated = false) for resource unique) for vendor instance org.apache.derby.iapi.jdbc.BrokeredConnection42@1122090977, Wrapped Connection = org.apache.derby.impl.jdbc.EmbedConnection@505894008 (XID = 167), (SESSIONID = 3), (DATABASE = memory:dbJTA), (DRDAID = null) : WARNING: transaction manager not running?
[main] WARN com.atomikos.jdbc.internal.AtomikosJdbcConnectionProxy - atomikosJdbcConnectionProxy (state = sessionHandleState (1 context(s), isTerminated = false) for resource unique) for vendor instance org.apache.derby.iapi.jdbc.BrokeredConnection42@1122090977, Wrapped Connection = org.apache.derby.impl.jdbc.EmbedConnection@505894008 (XID = 167), (SESSIONID = 3), (DATABASE = memory:dbJTA), (DRDAID = null) : WARNING: transaction manager not running?
[main] WARN com.atomikos.jdbc.internal.AtomikosJdbcConnectionProxy - atomikosJdbcConnectionProxy (state = sessionHandleState (1 context(s), isTerminated = false) for resource unique) for vendor instance org.apache.derby.iapi.jdbc.BrokeredConnection42@1122090977, Wrapped Connection = org.apache.derby.impl.jdbc.EmbedConnection@505894008 (XID = 167), (SESSIONID = 3), (DATABASE = memory:dbJTA), (DRDAID = null) : WARNING: transaction manager not running?
[main] WARN com.atomikos.jdbc.internal.AtomikosJdbcConnectionProxy - atomikosJdbcConnectionProxy (state = sessionHandleState (1 context(s), isTerminated = false) for resource unique) for vendor instance org.apache.derby.iapi.jdbc.BrokeredConnection42@1122090977, Wrapped Connection = org.apache.derby.impl.jdbc.EmbedConnection@505894008 (XID = 167), (SESSIONID = 3), (DATABASE = memory:dbJTA), (DRDAID = null) : WARNING: transaction manager not running?
[main] WARN com.atomikos.jdbc.internal.AtomikosJdbcConnectionProxy - atomikosJdbcConnectionProxy (state = sessionHandleState (1 context(s), isTerminated = false) for resource unique) for vendor instance org.apache.derby.iapi.jdbc.BrokeredConnection42@1122090977, Wrapped Connection = org.apache.derby.impl.jdbc.EmbedConnection@505894008 (XID = 167), (SESSIONID = 3), (DATABASE = memory:dbJTA), (DRDAID = null) : WARNING: transaction manager not running?
[main] WARN com.atomikos.jdbc.internal.AtomikosJdbcConnectionProxy - atomikosJdbcConnectionProxy (state = sessionHandleState (1 context(s), isTerminated = false) for resource unique) for vendor instance org.apache.derby.iapi.jdbc.BrokeredConnection42@1122090977, Wrapped Connection = org.apache.derby.impl.jdbc.EmbedConnection@505894008 (XID = 167), (SESSIONID = 3), (DATABASE = memory:dbJTA), (DRDAID = null) : WARNING: transaction manager not running?
[main] WARN com.atomikos.jdbc.internal.AtomikosJdbcConnectionProxy - atomikosJdbcConnectionProxy (state = sessionHandleState (1 context(s), isTerminated = false) for resource unique) for vendor instance org.apache.derby.iapi.jdbc.BrokeredConnection42@1122090977, Wrapped Connection = org.apache.derby.impl.jdbc.EmbedConnection@505894008 (XID = 167), (SESSIONID = 3), (DATABASE = memory:dbJTA), (DRDAID = null) : WARNING: transaction manager not running?
[main] WARN com.atomikos.jdbc.internal.AtomikosJdbcConnectionProxy - atomikosJdbcConnectionProxy (state = sessionHandleState (1 context(s), isTerminated = false) for resource unique) for vendor instance org.apache.derby.iapi.jdbc.BrokeredConnection42@1122090977, Wrapped Connection = org.apache.derby.impl.jdbc.EmbedConnection@505894008 (XID = 167), (SESSIONID = 3), (DATABASE = memory:dbJTA), (DRDAID = null) : WARNING: transaction manager not running?
[main] INFO com.atomikos.icatch.provider.imp.AssemblerImp - Loaded jar:file:/home/gabsko/.m2/repository/com/atomikos/transactions/5.0.8/transactions-5.0.8.jar!/transactions-defaults.properties
[main] WARN com.atomikos.icatch.provider.imp.AssemblerImp - Thanks for using Atomikos! This installation is not registered yet. 
REGISTER FOR FREE at http://www.atomikos.com/Main/RegisterYourDownload and receive:
- tips & advice 
- working demos 
- access to the full documentation 
- special exclusive bonus offers not available to others 
- everything you need to get the most out of using Atomikos!
Thanks for using Atomikos! This installation is not registered yet. 
REGISTER FOR FREE at http://www.atomikos.com/Main/RegisterYourDownload and receive:
- tips & advice 
- working demos 
- access to the full documentation 
- special exclusive bonus offers not available to others 
- everything you need to get the most out of using Atomikos!
[main] INFO com.atomikos.icatch.provider.imp.AssemblerImp - USING core version: 5.0.8
[main] INFO com.atomikos.icatch.provider.imp.AssemblerImp - USING: com.atomikos.icatch.oltp_max_retries = 5
[main] INFO com.atomikos.icatch.provider.imp.AssemblerImp - USING: com.atomikos.icatch.log_base_dir = /home/gabsko/breaking-updates/target
[main] INFO com.atomikos.icatch.provider.imp.AssemblerImp - USING: com.atomikos.icatch.tm_unique_name = 127.0.1.1.tm
[main] INFO com.atomikos.icatch.provider.imp.AssemblerImp - USING: com.atomikos.icatch.default_jta_timeout = 10000
[main] INFO com.atomikos.icatch.provider.imp.AssemblerImp - USING: com.atomikos.icatch.serial_jta_transactions = true
[main] INFO com.atomikos.icatch.provider.imp.AssemblerImp - USING: com.atomikos.icatch.allow_subtransactions = true
[main] INFO com.atomikos.icatch.provider.imp.AssemblerImp - USING: com.atomikos.icatch.log_base_name = tmlog
[main] INFO com.atomikos.icatch.provider.imp.AssemblerImp - USING: com.atomikos.icatch.oltp_retry_interval = 10000
[main] INFO com.atomikos.icatch.provider.imp.AssemblerImp - USING: com.atomikos.icatch.checkpoint_interval = 500
[main] INFO com.atomikos.icatch.provider.imp.AssemblerImp - USING: com.atomikos.icatch.default_max_wait_time_on_shutdown = 9223372036854775807
[main] INFO com.atomikos.icatch.provider.imp.AssemblerImp - USING: com.atomikos.icatch.jvm_id = 18311@repairnator
[main] INFO com.atomikos.icatch.provider.imp.AssemblerImp - USING: com.atomikos.icatch.forget_orphaned_log_entries_delay = 86400000
[main] INFO com.atomikos.icatch.provider.imp.AssemblerImp - USING: com.atomikos.icatch.throw_on_heuristic = false
[main] INFO com.atomikos.icatch.provider.imp.AssemblerImp - USING: com.atomikos.icatch.force_shutdown_on_vm_exit = false
[main] INFO com.atomikos.icatch.provider.imp.AssemblerImp - USING: com.atomikos.icatch.enable_logging = true
[main] INFO com.atomikos.icatch.provider.imp.AssemblerImp - USING: com.atomikos.icatch.max_timeout = 300000
[main] INFO com.atomikos.icatch.provider.imp.AssemblerImp - USING: com.atomikos.icatch.recovery_delay = 10000
[main] INFO com.atomikos.icatch.provider.imp.AssemblerImp - USING: com.atomikos.icatch.logcloud_datasource_name = logCloudDS
[main] INFO com.atomikos.icatch.provider.imp.AssemblerImp - USING: com.atomikos.icatch.max_actives = 50
[main] INFO com.atomikos.icatch.provider.imp.AssemblerImp - Using default (local) logging and recovery...
[INFO] Tests run: 5, Failures: 0, Errors: 0, Skipped: 0, Time elapsed: 1.903 s - in org.mybatis.cdi.FooServiceJTATest
[INFO] 
[INFO] Results:
[INFO] 
[INFO] Tests run: 5, Failures: 0, Errors: 0, Skipped: 0
[INFO] 
[INFO] ------------------------------------------------------------------------
[INFO] BUILD SUCCESS
[INFO] ------------------------------------------------------------------------
[INFO] Total time:  14.409 s
[INFO] Finished at: 2023-01-17T20:50:20Z
[INFO] ------------------------------------------------------------------------
