[INFO] Scanning for projects...
[INFO] 
[INFO] --------------------< org.synyx:urlaubsverwaltung >---------------------
[INFO] Building Urlaubsverwaltung 4.25.0-SNAPSHOT
[INFO] --------------------------------[ war ]---------------------------------
[INFO] 
[INFO] --- maven-clean-plugin:3.1.0:clean (default-clean) @ urlaubsverwaltung ---
[INFO] Deleting /home/gabsko/breaking-updates/target
[INFO] 
[INFO] --- maven-enforcer-plugin:3.0.0:enforce (enforce-maven) @ urlaubsverwaltung ---
[INFO] 
[INFO] --- frontend-maven-plugin:1.12.0:install-node-and-npm (install-node-and-npm) @ urlaubsverwaltung ---
[INFO] Node v14.18.0 is already installed.
[INFO] NPM 6.14.15 is already installed.
[INFO] 
[INFO] --- frontend-maven-plugin:1.12.0:npm (install-npm-dependencies) @ urlaubsverwaltung ---
[INFO] Running 'npm ci' in /home/gabsko/breaking-updates
[INFO] npm WARN prepare removing existing node_modules/ before installation
[INFO] 
[INFO] > core-js@2.6.11 postinstall /home/gabsko/breaking-updates/node_modules/core-js
[INFO] > node -e "try{require('./postinstall')}catch(e){}"
[INFO] 
[INFO] [96mThank you for using core-js ([94m https://github.com/zloirock/core-js [96m) for polyfilling JavaScript standard library![0m
[INFO] 
[INFO] [96mThe project needs your help! Please consider supporting of core-js on Open Collective or Patreon: [0m
[INFO] [96m>[94m https://opencollective.com/core-js [0m
[INFO] [96m>[94m https://www.patreon.com/zloirock [0m
[INFO] 
[INFO] [96mAlso, the author of core-js ([94m https://github.com/zloirock [96m) is looking for a good job -)[0m
[INFO] 
[INFO] 
[INFO] > fsevents@1.2.13 install /home/gabsko/breaking-updates/node_modules/watchpack-chokidar2/node_modules/fsevents
[INFO] > node install.js
[INFO] 
[INFO] 
[INFO] Skipping 'fsevents' build as platform linux is not supported
[INFO] 
[INFO] > core-js@3.8.0 postinstall /home/gabsko/breaking-updates/node_modules/fetch-mock/node_modules/core-js
[INFO] > node -e "try{require('./postinstall')}catch(e){}"
[INFO] 
[INFO] [96mThank you for using core-js ([94m https://github.com/zloirock/core-js [96m) for polyfilling JavaScript standard library![0m
[INFO] 
[INFO] [96mThe project needs your help! Please consider supporting of core-js on Open Collective or Patreon: [0m
[INFO] [96m>[94m https://opencollective.com/core-js [0m
[INFO] [96m>[94m https://www.patreon.com/zloirock [0m
[INFO] 
[INFO] [96mAlso, the author of core-js ([94m https://github.com/zloirock [96m) is looking for a good job -)[0m
[INFO] 
[INFO] added 2045 packages in 20.532s
[INFO] 
[INFO] --- frontend-maven-plugin:1.12.0:npm (npm-lint) @ urlaubsverwaltung ---
[INFO] Running 'npm run lint' in /home/gabsko/breaking-updates
[INFO] 
[INFO] > urlaubsverwaltung@ lint /home/gabsko/breaking-updates
[INFO] > eslint src/main/javascript
[INFO] 
[INFO] 
[INFO] --- frontend-maven-plugin:1.12.0:npm (npm-lint-report) @ urlaubsverwaltung ---
[INFO] Running 'npm run lint:report' in /home/gabsko/breaking-updates
[INFO] 
[INFO] > urlaubsverwaltung@ lint:report /home/gabsko/breaking-updates
[INFO] > eslint src/main/javascript -f json -o target/js-eslint/report.json
[INFO] 
[INFO] 
[INFO] --- frontend-maven-plugin:1.12.0:npm (npm-build) @ urlaubsverwaltung ---
[INFO] Running 'npm run build' in /home/gabsko/breaking-updates
[INFO] 
[INFO] > urlaubsverwaltung@ build /home/gabsko/breaking-updates
[INFO] > concurrently 'npm:js' 'npm:css'
[INFO] 
[INFO] [css] 
[INFO] [css] > urlaubsverwaltung@ css /home/gabsko/breaking-updates
[INFO] [css] > NODE_ENV=production postcss src/main/css/{style,login}.css --dir target/classes/static/css
[INFO] [css] 
[INFO] [js] 
[INFO] [js] > urlaubsverwaltung@ js /home/gabsko/breaking-updates
[INFO] [js] > NODE_ENV=production webpack --mode production
[INFO] [js] 
[INFO] [js] Browserslist: caniuse-lite is outdated. Please run:
[INFO] [js] npx browserslist@latest --update-db
[INFO] [js] 
[INFO] [js] Why you should do it regularly:
[INFO] [js] https://github.com/browserslist/browserslist#browsers-data-updating
[INFO] [css] Browserslist: caniuse-lite is outdated. Please run:
[INFO] [css] npx browserslist@latest --update-db
[INFO] [css] 
[INFO] [css] Why you should do it regularly:
[INFO] [css] https://github.com/browserslist/browserslist#browsers-data-updating
[INFO] [css] Browserslist: caniuse-lite is outdated. Please run:
[INFO] [css]   npx browserslist@latest --update-db
[INFO] [css]   Why you should do it regularly: https://github.com/browserslist/browserslist#browsers-data-updating
[INFO] [js] Browserslist: caniuse-lite is outdated. Please run:
[INFO] [js]   npx browserslist@latest --update-db
[INFO] [js]   Why you should do it regularly: https://github.com/browserslist/browserslist#browsers-data-updating
[INFO] [css] npm run css exited with code 0
[INFO] [js] Hash: fc6d442ab57a11995128
[INFO] [js] Version: webpack 4.46.0
[INFO] [js] Time: 9660ms
[INFO] [js] Built at: 01/18/2023 12:12:48 PM
[INFO] [js]                                                                                                                                            Asset       Size                                                                                                         Chunks                         Chunk Names
[INFO] [js]                                                                                         ../../../../src/main/webapp/WEB-INF/assets-manifest.json   4.56 KiB                                                                                                                 [emitted]              
[INFO] [js]                                                                                             ../assets/absences_overview.a2e0a8739b58517da2d0.css   3.73 KiB                                                                                              absences_overview  [emitted] [immutable]  absences_overview
[INFO] [js] ../assets/account_form~app_form~app_statistics~overtime_form~person_overview~sick_note_form~sick_notes~workingtime_form.eab4d8b61e2f42bdd03e.css   6.62 KiB  account_form~app_form~app_statistics~overtime_form~person_overview~sick_note_form~sick_notes~workingtime_form  [emitted] [immutable]  account_form~app_form~app_statistics~overtime_form~person_overview~sick_note_form~sick_notes~workingtime_form
[INFO] [js]                 ../assets/account_form~app_form~app_statistics~overtime_form~sick_note_form~sick_notes~workingtime_form.09a33ca0d199eefdf93d.css   2.52 KiB                  account_form~app_form~app_statistics~overtime_form~sick_note_form~sick_notes~workingtime_form  [emitted] [immutable]  account_form~app_form~app_statistics~overtime_form~sick_note_form~sick_notes~workingtime_form
[INFO] [js]                                                                                                        ../assets/common.6a2730cc66e12e7e56ca.css    104 KiB                                                                                                         common  [emitted] [immutable]  common
[INFO] [js]                                                                                                    ../assets/npm.duetds.902f5dfefd52bb7743cb.css  405 bytes                                                                                                     npm.duetds  [emitted] [immutable]  npm.duetds
[INFO] [js]                                                                                                ../assets/npm.timepicker.5bc0de35aeb665ea9d52.css   1.31 KiB                                                                                                 npm.timepicker  [emitted] [immutable]  npm.timepicker
[INFO] [js]                                                                                                    absences_overview.dfff305b91a97e9aacee.min.js  427 bytes                                                                                              absences_overview  [emitted] [immutable]  absences_overview
[INFO] [js]                                                                                                         account_form.f27ad4a09eb6c4a48947.min.js   1.18 KiB                                                                                                   account_form  [emitted] [immutable]  account_form
[INFO] [js]        account_form~app_detail~app_form~app_statistics~overtime_form~person_overview~sick_note_form~sick_no~95889e93.2d04639592a8e95b70d9.min.js   3.73 KiB  account_form~app_detail~app_form~app_statistics~overtime_form~person_overview~sick_note_form~sick_no~95889e93  [emitted] [immutable]  account_form~app_detail~app_form~app_statistics~overtime_form~person_overview~sick_note_form~sick_no~95889e93
[INFO] [js]        account_form~app_form~app_statistics~overtime_form~person_overview~sick_note_form~sick_notes~workingtime_form.35ede5e99363d584ddc0.min.js  680 bytes  account_form~app_form~app_statistics~overtime_form~person_overview~sick_note_form~sick_notes~workingtime_form  [emitted] [immutable]  account_form~app_form~app_statistics~overtime_form~person_overview~sick_note_form~sick_notes~workingtime_form
[INFO] [js]                        account_form~app_form~app_statistics~overtime_form~sick_note_form~sick_notes~workingtime_form.6417469a4d599830ec84.min.js   9.48 KiB                  account_form~app_form~app_statistics~overtime_form~sick_note_form~sick_notes~workingtime_form  [emitted] [immutable]  account_form~app_form~app_statistics~overtime_form~sick_note_form~sick_notes~workingtime_form
[INFO] [js]                                                                                                           app_detail.7a8db7d60e1cfc805207.min.js  941 bytes                                                                                                     app_detail  [emitted] [immutable]  app_detail
[INFO] [js]                                                                                  app_detail~app_form~person_overview.9fb56d861134384bfbcd.min.js   2.87 KiB                                                                            app_detail~app_form~person_overview  [emitted] [immutable]  app_detail~app_form~person_overview
[INFO] [js]                                                                                                             app_form.51c9ba32712d73cf38cf.min.js   14.7 KiB                                                                                                       app_form  [emitted] [immutable]  app_form
[INFO] [js]                                                                                                             app_list.e9beb9c3ae2f17c212d6.min.js  214 bytes                                                                                                       app_list  [emitted] [immutable]  app_list
[INFO] [js]                                                                                                       app_statistics.5a4cf53c211a7eb5e9c9.min.js   1.07 KiB                                                                                                 app_statistics  [emitted] [immutable]  app_statistics
[INFO] [js]                                                                                                               common.dd812b3c8bb8f54a816d.min.js   2.19 KiB                                                                                                         common  [emitted] [immutable]  common
[INFO] [js]                                                                                              copy_to_clipboard_input.a3d5ad4264e345f7f2ed.min.js   4.46 KiB                                                                                        copy_to_clipboard_input  [emitted] [immutable]  copy_to_clipboard_input
[INFO] [js]                                                                                                    datalist_polyfill.b171f2cfd98ee4fb9aaa.min.js  124 bytes                                                                                              datalist_polyfill  [emitted] [immutable]  datalist_polyfill
[INFO] [js]                                                                                                   date-fns-localized.38b7f3c70a2865623358.min.js  578 bytes                                                                                             date-fns-localized  [emitted] [immutable]  date-fns-localized
[INFO] [js]                                                                                                           datepicker.19549d307eb3ca98337f.min.js  106 bytes                                                                                                     datepicker  [emitted] [immutable]  datepicker
[INFO] [js]                                                                                                      department_form.16d4aba3a4555b9d8f16.min.js  486 bytes                                                                                                department_form  [emitted] [immutable]  department_form
[INFO] [js]                                                                                                      department_list.e1557ab761ae529ed338.min.js  392 bytes                                                                                                department_list  [emitted] [immutable]  department_list
[INFO] [js]                                                                                                            npm.babel.8ad3fe9eb8c67fd65ee5.min.js   7.01 KiB                                                                                                      npm.babel  [emitted] [immutable]  npm.babel
[INFO] [js]                                                                                                        npm.bootstrap.14a6d44fbdedc6b70c51.min.js   39.1 KiB                                                                                                  npm.bootstrap  [emitted] [immutable]  npm.bootstrap
[INFO] [js]                                                                                                          npm.core-js.7c5ecb7e3ee08dcc4ecb.min.js   84.4 KiB                                                                                                    npm.core-js  [emitted] [immutable]  npm.core-js
[INFO] [js]                                                                                                npm.datalist-polyfill.381646fa3eeb8478ae43.min.js      7 KiB                                                                                          npm.datalist-polyfill  [emitted] [immutable]  npm.datalist-polyfill
[INFO] [js]                                                                                    npm.datalist-polyfill.381646fa3eeb8478ae43.min.js.LICENSE.txt  416 bytes                                                                                                                 [emitted]              
[INFO] [js]                                                                                                         npm.date-fns.49e94cc32d51ec33dccf.min.js   53.3 KiB                                                                                                   npm.date-fns  [emitted] [immutable]  npm.date-fns
[INFO] [js]                                                                                                      npm.date-fns.de.741324052585e4893be9.min.js   6.99 KiB                                                                                                npm.date-fns.de  [emitted] [immutable]  npm.date-fns.de
[INFO] [js]                                                                                                           npm.duetds.77889f8228914405241a.min.js    163 KiB                                                                                                     npm.duetds  [emitted] [immutable]  npm.duetds
[INFO] [js]                                                                                               npm.duetds.77889f8228914405241a.min.js.LICENSE.txt  202 bytes                                                                                                                 [emitted]              
[INFO] [js]                                                                                                           npm.jquery.694ecabbd753d849e745.min.js   87.9 KiB                                                                                                     npm.jquery  [emitted] [immutable]  npm.jquery
[INFO] [js]                                                                                               npm.jquery.694ecabbd753d849e745.min.js.LICENSE.txt  475 bytes                                                                                                                 [emitted]              
[INFO] [js]                                                                                                          npm.list.js.6b9204ece7547519c83f.min.js   17.2 KiB                                                                                                    npm.list.js  [emitted] [immutable]  npm.list.js
[INFO] [js]                                                                                           npm.string-natural-compare.3d30be6666b57b412437.min.js  995 bytes                                                                                     npm.string-natural-compare  [emitted] [immutable]  npm.string-natural-compare
[INFO] [js]                                                                                                      npm.tablesorter.46a340d131cebbb6c5e1.min.js     95 KiB                                                                                                npm.tablesorter  [emitted] [immutable]  npm.tablesorter
[INFO] [js]                                                                                          npm.tablesorter.46a340d131cebbb6c5e1.min.js.LICENSE.txt   56 bytes                                                                                                                 [emitted]              
[INFO] [js]                                                                                                       npm.timepicker.4e63fb4c74c1a0c2b7ac.min.js   20.9 KiB                                                                                                 npm.timepicker  [emitted] [immutable]  npm.timepicker
[INFO] [js]                                                                                                       npm.underscore.dc29b87a34c898375bec.min.js   23.9 KiB                                                                                                 npm.underscore  [emitted] [immutable]  npm.underscore
[INFO] [js]                                                                                                        overtime_form.689a928f515e1156b288.min.js   2.79 KiB                                                                                                  overtime_form  [emitted] [immutable]  overtime_form
[INFO] [js]                                                                                                    overtime_overview.7e1d2f3e65542188b5dd.min.js  225 bytes                                                                                              overtime_overview  [emitted] [immutable]  overtime_overview
[INFO] [js]                                                                                                          person_form.93b28fc4e4c7e2c63e09.min.js  274 bytes                                                                                                    person_form  [emitted] [immutable]  person_form
[INFO] [js]                                                                                                      person_overview.12f5465d05078ac6e79d.min.js   16.1 KiB                                                                                                person_overview  [emitted] [immutable]  person_overview
[INFO] [js]                                                                                                          person_view.3b4b5b0a5e17e4c3be52.min.js  706 bytes                                                                                                    person_view  [emitted] [immutable]  person_view
[INFO] [js]                                                                                                             polyfill.4eaf6c38e6ae5aa78c5f.min.js  117 bytes                                                                                                       polyfill  [emitted] [immutable]  polyfill
[INFO] [js]                                                                                                              runtime.1d8b866d1efce610f12d.min.js   3.41 KiB                                                                                                        runtime  [emitted] [immutable]  runtime
[INFO] [js]                                                                                                        settings_form.bf10daa97844b10ad244.min.js  888 bytes                                                                                            settings_form, tabs  [emitted] [immutable]  settings_form
[INFO] [js]                                                                                                            sick_note.5622b25d0e53418392f5.min.js  482 bytes                                                                                                      sick_note  [emitted] [immutable]  sick_note
[INFO] [js]                                                                                                    sick_note_convert.73655a3ea3415dad9b49.min.js  490 bytes                                                                                              sick_note_convert  [emitted] [immutable]  sick_note_convert
[INFO] [js]                                                                                                       sick_note_form.3e35c84ef0575c197f2d.min.js   3.11 KiB                                                                                                 sick_note_form  [emitted] [immutable]  sick_note_form
[INFO] [js]                                                                                                           sick_notes.57b141355b688813dd1f.min.js   1.93 KiB                                                                                                     sick_notes  [emitted] [immutable]  sick_notes
[INFO] [js]                                                                                                                 tabs.cfe2545d1ae6a0763d5f.min.js  357 bytes                                                                                                           tabs  [emitted] [immutable]  tabs
[INFO] [js]                                                                                                     workingtime_form.81730c4cb8d609b6bd6b.min.js  770 bytes                                                                                               workingtime_form  [emitted] [immutable]  workingtime_form
[INFO] [js] Entrypoint polyfill = runtime.1d8b866d1efce610f12d.min.js npm.core-js.7c5ecb7e3ee08dcc4ecb.min.js npm.babel.8ad3fe9eb8c67fd65ee5.min.js polyfill.4eaf6c38e6ae5aa78c5f.min.js
[INFO] [js] Entrypoint date-fns-localized = runtime.1d8b866d1efce610f12d.min.js npm.date-fns.49e94cc32d51ec33dccf.min.js date-fns-localized.38b7f3c70a2865623358.min.js
[INFO] [js] Entrypoint app_detail = runtime.1d8b866d1efce610f12d.min.js npm.jquery.694ecabbd753d849e745.min.js npm.date-fns.49e94cc32d51ec33dccf.min.js npm.underscore.dc29b87a34c898375bec.min.js account_form~app_detail~app_form~app_statistics~overtime_form~person_overview~sick_note_form~sick_no~95889e93.2d04639592a8e95b70d9.min.js app_detail~app_form~person_overview.9fb56d861134384bfbcd.min.js app_detail.7a8db7d60e1cfc805207.min.js
[INFO] [js] Entrypoint app_form [big] = runtime.1d8b866d1efce610f12d.min.js npm.jquery.694ecabbd753d849e745.min.js ../assets/npm.duetds.902f5dfefd52bb7743cb.css npm.duetds.77889f8228914405241a.min.js npm.date-fns.49e94cc32d51ec33dccf.min.js npm.underscore.dc29b87a34c898375bec.min.js ../assets/npm.timepicker.5bc0de35aeb665ea9d52.css npm.timepicker.4e63fb4c74c1a0c2b7ac.min.js account_form~app_detail~app_form~app_statistics~overtime_form~person_overview~sick_note_form~sick_no~95889e93.2d04639592a8e95b70d9.min.js ../assets/account_form~app_form~app_statistics~overtime_form~person_overview~sick_note_form~sick_notes~workingtime_form.eab4d8b61e2f42bdd03e.css account_form~app_form~app_statistics~overtime_form~person_overview~sick_note_form~sick_notes~workingtime_form.35ede5e99363d584ddc0.min.js ../assets/account_form~app_form~app_statistics~overtime_form~sick_note_form~sick_notes~workingtime_form.09a33ca0d199eefdf93d.css account_form~app_form~app_statistics~overtime_form~sick_note_form~sick_notes~workingtime_form.6417469a4d599830ec84.min.js app_detail~app_form~person_overview.9fb56d861134384bfbcd.min.js app_form.51c9ba32712d73cf38cf.min.js
[INFO] [js] Entrypoint app_list = runtime.1d8b866d1efce610f12d.min.js app_list.e9beb9c3ae2f17c212d6.min.js
[INFO] [js] Entrypoint app_statistics [big] = runtime.1d8b866d1efce610f12d.min.js npm.jquery.694ecabbd753d849e745.min.js ../assets/npm.duetds.902f5dfefd52bb7743cb.css npm.duetds.77889f8228914405241a.min.js npm.date-fns.49e94cc32d51ec33dccf.min.js npm.underscore.dc29b87a34c898375bec.min.js npm.tablesorter.46a340d131cebbb6c5e1.min.js account_form~app_detail~app_form~app_statistics~overtime_form~person_overview~sick_note_form~sick_no~95889e93.2d04639592a8e95b70d9.min.js ../assets/account_form~app_form~app_statistics~overtime_form~person_overview~sick_note_form~sick_notes~workingtime_form.eab4d8b61e2f42bdd03e.css account_form~app_form~app_statistics~overtime_form~person_overview~sick_note_form~sick_notes~workingtime_form.35ede5e99363d584ddc0.min.js ../assets/account_form~app_form~app_statistics~overtime_form~sick_note_form~sick_notes~workingtime_form.09a33ca0d199eefdf93d.css account_form~app_form~app_statistics~overtime_form~sick_note_form~sick_notes~workingtime_form.6417469a4d599830ec84.min.js app_statistics.5a4cf53c211a7eb5e9c9.min.js
[INFO] [js] Entrypoint common = runtime.1d8b866d1efce610f12d.min.js npm.jquery.694ecabbd753d849e745.min.js npm.bootstrap.14a6d44fbdedc6b70c51.min.js ../assets/common.6a2730cc66e12e7e56ca.css common.dd812b3c8bb8f54a816d.min.js
[INFO] [js] Entrypoint person_overview = runtime.1d8b866d1efce610f12d.min.js npm.jquery.694ecabbd753d849e745.min.js npm.date-fns.49e94cc32d51ec33dccf.min.js npm.underscore.dc29b87a34c898375bec.min.js npm.bootstrap.14a6d44fbdedc6b70c51.min.js account_form~app_detail~app_form~app_statistics~overtime_form~person_overview~sick_note_form~sick_no~95889e93.2d04639592a8e95b70d9.min.js ../assets/account_form~app_form~app_statistics~overtime_form~person_overview~sick_note_form~sick_notes~workingtime_form.eab4d8b61e2f42bdd03e.css account_form~app_form~app_statistics~overtime_form~person_overview~sick_note_form~sick_notes~workingtime_form.35ede5e99363d584ddc0.min.js app_detail~app_form~person_overview.9fb56d861134384bfbcd.min.js person_overview.12f5465d05078ac6e79d.min.js
[INFO] [js] Entrypoint person_form = runtime.1d8b866d1efce610f12d.min.js person_form.93b28fc4e4c7e2c63e09.min.js
[INFO] [js] Entrypoint sick_note_form [big] = runtime.1d8b866d1efce610f12d.min.js npm.jquery.694ecabbd753d849e745.min.js ../assets/npm.duetds.902f5dfefd52bb7743cb.css npm.duetds.77889f8228914405241a.min.js npm.date-fns.49e94cc32d51ec33dccf.min.js npm.underscore.dc29b87a34c898375bec.min.js account_form~app_detail~app_form~app_statistics~overtime_form~person_overview~sick_note_form~sick_no~95889e93.2d04639592a8e95b70d9.min.js ../assets/account_form~app_form~app_statistics~overtime_form~person_overview~sick_note_form~sick_notes~workingtime_form.eab4d8b61e2f42bdd03e.css account_form~app_form~app_statistics~overtime_form~person_overview~sick_note_form~sick_notes~workingtime_form.35ede5e99363d584ddc0.min.js ../assets/account_form~app_form~app_statistics~overtime_form~sick_note_form~sick_notes~workingtime_form.09a33ca0d199eefdf93d.css account_form~app_form~app_statistics~overtime_form~sick_note_form~sick_notes~workingtime_form.6417469a4d599830ec84.min.js sick_note_form.3e35c84ef0575c197f2d.min.js
[INFO] [js] Entrypoint sick_note = runtime.1d8b866d1efce610f12d.min.js sick_note.5622b25d0e53418392f5.min.js
[INFO] [js] Entrypoint sick_note_convert = runtime.1d8b866d1efce610f12d.min.js sick_note_convert.73655a3ea3415dad9b49.min.js
[INFO] [js] Entrypoint sick_notes [big] = runtime.1d8b866d1efce610f12d.min.js npm.jquery.694ecabbd753d849e745.min.js ../assets/npm.duetds.902f5dfefd52bb7743cb.css npm.duetds.77889f8228914405241a.min.js npm.date-fns.49e94cc32d51ec33dccf.min.js npm.underscore.dc29b87a34c898375bec.min.js npm.tablesorter.46a340d131cebbb6c5e1.min.js account_form~app_detail~app_form~app_statistics~overtime_form~person_overview~sick_note_form~sick_no~95889e93.2d04639592a8e95b70d9.min.js ../assets/account_form~app_form~app_statistics~overtime_form~person_overview~sick_note_form~sick_notes~workingtime_form.eab4d8b61e2f42bdd03e.css account_form~app_form~app_statistics~overtime_form~person_overview~sick_note_form~sick_notes~workingtime_form.35ede5e99363d584ddc0.min.js ../assets/account_form~app_form~app_statistics~overtime_form~sick_note_form~sick_notes~workingtime_form.09a33ca0d199eefdf93d.css account_form~app_form~app_statistics~overtime_form~sick_note_form~sick_notes~workingtime_form.6417469a4d599830ec84.min.js sick_notes.57b141355b688813dd1f.min.js
[INFO] [js] Entrypoint person_view = runtime.1d8b866d1efce610f12d.min.js npm.jquery.694ecabbd753d849e745.min.js npm.tablesorter.46a340d131cebbb6c5e1.min.js npm.list.js.6b9204ece7547519c83f.min.js npm.string-natural-compare.3d30be6666b57b412437.min.js person_view.3b4b5b0a5e17e4c3be52.min.js
[INFO] [js] Entrypoint absences_overview = runtime.1d8b866d1efce610f12d.min.js npm.jquery.694ecabbd753d849e745.min.js npm.tablesorter.46a340d131cebbb6c5e1.min.js ../assets/absences_overview.a2e0a8739b58517da2d0.css absences_overview.dfff305b91a97e9aacee.min.js
[INFO] [js] Entrypoint department_form = runtime.1d8b866d1efce610f12d.min.js department_form.16d4aba3a4555b9d8f16.min.js
[INFO] [js] Entrypoint department_list = runtime.1d8b866d1efce610f12d.min.js npm.jquery.694ecabbd753d849e745.min.js npm.bootstrap.14a6d44fbdedc6b70c51.min.js npm.tablesorter.46a340d131cebbb6c5e1.min.js department_list.e1557ab761ae529ed338.min.js
[INFO] [js] Entrypoint overtime_overview = runtime.1d8b866d1efce610f12d.min.js overtime_overview.7e1d2f3e65542188b5dd.min.js
[INFO] [js] Entrypoint overtime_form [big] = runtime.1d8b866d1efce610f12d.min.js npm.jquery.694ecabbd753d849e745.min.js ../assets/npm.duetds.902f5dfefd52bb7743cb.css npm.duetds.77889f8228914405241a.min.js npm.date-fns.49e94cc32d51ec33dccf.min.js npm.underscore.dc29b87a34c898375bec.min.js account_form~app_detail~app_form~app_statistics~overtime_form~person_overview~sick_note_form~sick_no~95889e93.2d04639592a8e95b70d9.min.js ../assets/account_form~app_form~app_statistics~overtime_form~person_overview~sick_note_form~sick_notes~workingtime_form.eab4d8b61e2f42bdd03e.css account_form~app_form~app_statistics~overtime_form~person_overview~sick_note_form~sick_notes~workingtime_form.35ede5e99363d584ddc0.min.js ../assets/account_form~app_form~app_statistics~overtime_form~sick_note_form~sick_notes~workingtime_form.09a33ca0d199eefdf93d.css account_form~app_form~app_statistics~overtime_form~sick_note_form~sick_notes~workingtime_form.6417469a4d599830ec84.min.js overtime_form.689a928f515e1156b288.min.js
[INFO] [js] Entrypoint settings_form = runtime.1d8b866d1efce610f12d.min.js npm.jquery.694ecabbd753d849e745.min.js npm.bootstrap.14a6d44fbdedc6b70c51.min.js settings_form.bf10daa97844b10ad244.min.js
[INFO] [js] Entrypoint account_form [big] = runtime.1d8b866d1efce610f12d.min.js ../assets/npm.duetds.902f5dfefd52bb7743cb.css npm.duetds.77889f8228914405241a.min.js npm.date-fns.49e94cc32d51ec33dccf.min.js npm.underscore.dc29b87a34c898375bec.min.js account_form~app_detail~app_form~app_statistics~overtime_form~person_overview~sick_note_form~sick_no~95889e93.2d04639592a8e95b70d9.min.js ../assets/account_form~app_form~app_statistics~overtime_form~person_overview~sick_note_form~sick_notes~workingtime_form.eab4d8b61e2f42bdd03e.css account_form~app_form~app_statistics~overtime_form~person_overview~sick_note_form~sick_notes~workingtime_form.35ede5e99363d584ddc0.min.js ../assets/account_form~app_form~app_statistics~overtime_form~sick_note_form~sick_notes~workingtime_form.09a33ca0d199eefdf93d.css account_form~app_form~app_statistics~overtime_form~sick_note_form~sick_notes~workingtime_form.6417469a4d599830ec84.min.js account_form.f27ad4a09eb6c4a48947.min.js
[INFO] [js] Entrypoint workingtime_form [big] = runtime.1d8b866d1efce610f12d.min.js ../assets/npm.duetds.902f5dfefd52bb7743cb.css npm.duetds.77889f8228914405241a.min.js npm.date-fns.49e94cc32d51ec33dccf.min.js npm.underscore.dc29b87a34c898375bec.min.js account_form~app_detail~app_form~app_statistics~overtime_form~person_overview~sick_note_form~sick_no~95889e93.2d04639592a8e95b70d9.min.js ../assets/account_form~app_form~app_statistics~overtime_form~person_overview~sick_note_form~sick_notes~workingtime_form.eab4d8b61e2f42bdd03e.css account_form~app_form~app_statistics~overtime_form~person_overview~sick_note_form~sick_notes~workingtime_form.35ede5e99363d584ddc0.min.js ../assets/account_form~app_form~app_statistics~overtime_form~sick_note_form~sick_notes~workingtime_form.09a33ca0d199eefdf93d.css account_form~app_form~app_statistics~overtime_form~sick_note_form~sick_notes~workingtime_form.6417469a4d599830ec84.min.js workingtime_form.81730c4cb8d609b6bd6b.min.js
[INFO] [js] Entrypoint copy_to_clipboard_input = runtime.1d8b866d1efce610f12d.min.js npm.jquery.694ecabbd753d849e745.min.js npm.bootstrap.14a6d44fbdedc6b70c51.min.js copy_to_clipboard_input.a3d5ad4264e345f7f2ed.min.js
[INFO] [js] Entrypoint tabs = runtime.1d8b866d1efce610f12d.min.js npm.jquery.694ecabbd753d849e745.min.js npm.bootstrap.14a6d44fbdedc6b70c51.min.js tabs.cfe2545d1ae6a0763d5f.min.js
[INFO] [js] Entrypoint datalist_polyfill = runtime.1d8b866d1efce610f12d.min.js npm.datalist-polyfill.381646fa3eeb8478ae43.min.js datalist_polyfill.b171f2cfd98ee4fb9aaa.min.js
[INFO] [js] Entrypoint datepicker = runtime.1d8b866d1efce610f12d.min.js ../assets/npm.duetds.902f5dfefd52bb7743cb.css npm.duetds.77889f8228914405241a.min.js datepicker.19549d307eb3ca98337f.min.js
[INFO] [js] [0Bji] ./src/main/javascript/bundles/sick-note.js 122 bytes {sick_note} [built]
[INFO] [js] [24s/] ./src/main/javascript/bundles/workingtime-form.js + 1 modules 311 bytes {workingtime_form} [built]
[INFO] [js]     | ./src/main/javascript/bundles/workingtime-form.js 82 bytes [built]
[INFO] [js]     | ./src/main/javascript/js/working-time/working-time-form.js 219 bytes [built]
[INFO] [js] [55Il] ./node_modules/@babel/polyfill/lib/index.js 686 bytes {npm.babel} [built]
[INFO] [js] [7Xij] ./src/main/javascript/bundles/department-list.js + 1 modules 407 bytes {department_list} [built]
[INFO] [js]     | ./src/main/javascript/bundles/department-list.js 178 bytes [built]
[INFO] [js]     | ./src/main/javascript/components/popover/index.js 209 bytes [built]
[INFO] [js] [8Drp] ./src/main/javascript/bundles/settings-form.js + 1 modules 1.2 KiB {settings_form} [built]
[INFO] [js]     | ./src/main/javascript/bundles/settings-form.js 67 bytes [built]
[INFO] [js]     | ./src/main/javascript/js/settings/settings-form.js 1.12 KiB [built]
[INFO] [js] [8Pm3] ./src/main/javascript/bundles/absences-overview.js + 2 modules 468 bytes {absences_overview} [built]
[INFO] [js]     | ./src/main/javascript/bundles/absences-overview.js 33 bytes [built]
[INFO] [js]     | ./src/main/javascript/js/absences-overview.js 375 bytes [built]
[INFO] [js]     | ./src/main/javascript/js/absences-overview.css 50 bytes [built]
[INFO] [js] [9w+v] ./src/main/javascript/bundles/app-detail.js + 1 modules 661 bytes {app_detail} [built]
[INFO] [js]     | ./src/main/javascript/bundles/app-detail.js 159 bytes [built]
[INFO] [js]     | ./src/main/javascript/js/application/app-info.js 482 bytes [built]
[INFO] [js] [AAL6] ./src/main/javascript/bundles/department-form.js 122 bytes {department_form} [built]
[INFO] [js] [DCcH] ./node_modules/@duetds/date-picker/dist/index.js 35 bytes {npm.duetds} [built]
[INFO] [js] [DNMz] ./src/main/javascript/bundles/overtime-form.js + 1 modules 4.02 KiB {overtime_form} [built]
[INFO] [js]     | ./src/main/javascript/bundles/overtime-form.js 197 bytes [built]
[INFO] [js]     | ./src/main/javascript/js/overtime/overtime-form.js 3.81 KiB [built]
[INFO] [js] [J3O6] ./src/main/javascript/bundles/app-statistics.js + 1 modules 754 bytes {app_statistics} [built]
[INFO] [js]     | ./src/main/javascript/bundles/app-statistics.js 79 bytes [built]
[INFO] [js]     | ./src/main/javascript/js/application/app-statistics.js 660 bytes [built]
[INFO] [js] [NbFO] ./src/main/javascript/bundles/sick-notes.js 100 bytes {sick_notes} [built]
[INFO] [js] [OiWE] ./node_modules/datalist-polyfill/datalist-polyfill.js 24.9 KiB {npm.datalist-polyfill} [built]
[INFO] [js] [Rtj+] ./src/main/javascript/bundles/app-form.js + 10 modules 28.8 KiB {app_form} [built]
[INFO] [js]     | ./src/main/javascript/bundles/app-form.js 658 bytes [built]
[INFO] [js]     | ./src/main/javascript/components/timepicker/index.js 63 bytes [built]
[INFO] [js]     | ./src/main/javascript/js/application/app-form.js 6.5 KiB [built]
[INFO] [js]     | ./src/main/javascript/js/application/app-form-day-length-change-listener.js 2.58 KiB [built]
[INFO] [js]     | ./src/main/javascript/components/application-replacement-select/index.js 120 bytes [built]
[INFO] [js]     | ./src/main/javascript/js/application/vacation-type-changed.js 911 bytes [built]
[INFO] [js]     | ./src/main/javascript/js/application/holiday-replacement-changed.js 347 bytes [built]
[INFO] [js]     | ./src/main/javascript/js/parse-query-string.js 2.99 KiB [built]
[INFO] [js]     | ./src/main/javascript/js/send-get-days-request.js 4.27 KiB [built]
[INFO] [js]     | ./src/main/javascript/js/send-get-department-vacations-request.js 4.36 KiB [built]
[INFO] [js]     | ./src/main/javascript/components/application-replacement-select/application-replacement-select.js 5.96 KiB [built]
[INFO] [js] [Ruf2] ./src/main/javascript/bundles/person-form.js 35 bytes {person_form} [built]
[INFO] [js]     + 643 hidden modules
[INFO] [js] 
[INFO] [js] WARNING in entrypoint size limit: The following entrypoint(s) combined asset size exceeds the recommended limit (244 KiB). This can impact web performance.
[INFO] [js] Entrypoints:
[INFO] [js]   app_form (394 KiB)
[INFO] [js]       runtime.1d8b866d1efce610f12d.min.js
[INFO] [js]       npm.jquery.694ecabbd753d849e745.min.js
[INFO] [js]       ../assets/npm.duetds.902f5dfefd52bb7743cb.css
[INFO] [js]       npm.duetds.77889f8228914405241a.min.js
[INFO] [js]       npm.date-fns.49e94cc32d51ec33dccf.min.js
[INFO] [js]       npm.underscore.dc29b87a34c898375bec.min.js
[INFO] [js]       ../assets/npm.timepicker.5bc0de35aeb665ea9d52.css
[INFO] [js]       npm.timepicker.4e63fb4c74c1a0c2b7ac.min.js
[INFO] [js]       account_form~app_detail~app_form~app_statistics~overtime_form~person_overview~sick_note_form~sick_no~95889e93.2d04639592a8e95b70d9.min.js
[INFO] [js]       ../assets/account_form~app_form~app_statistics~overtime_form~person_overview~sick_note_form~sick_notes~workingtime_form.eab4d8b61e2f42bdd03e.css
[INFO] [js]       account_form~app_form~app_statistics~overtime_form~person_overview~sick_note_form~sick_notes~workingtime_form.35ede5e99363d584ddc0.min.js
[INFO] [js]       ../assets/account_form~app_form~app_statistics~overtime_form~sick_note_form~sick_notes~workingtime_form.09a33ca0d199eefdf93d.css
[INFO] [js]       account_form~app_form~app_statistics~overtime_form~sick_note_form~sick_notes~workingtime_form.6417469a4d599830ec84.min.js
[INFO] [js]       app_detail~app_form~person_overview.9fb56d861134384bfbcd.min.js
[INFO] [js]       app_form.51c9ba32712d73cf38cf.min.js
[INFO] [js]   app_statistics (451 KiB)
[INFO] [js]       runtime.1d8b866d1efce610f12d.min.js
[INFO] [js]       npm.jquery.694ecabbd753d849e745.min.js
[INFO] [js]       ../assets/npm.duetds.902f5dfefd52bb7743cb.css
[INFO] [js]       npm.duetds.77889f8228914405241a.min.js
[INFO] [js]       npm.date-fns.49e94cc32d51ec33dccf.min.js
[INFO] [js]       npm.underscore.dc29b87a34c898375bec.min.js
[INFO] [js]       npm.tablesorter.46a340d131cebbb6c5e1.min.js
[INFO] [js]       account_form~app_detail~app_form~app_statistics~overtime_form~person_overview~sick_note_form~sick_no~95889e93.2d04639592a8e95b70d9.min.js
[INFO] [js]       ../assets/account_form~app_form~app_statistics~overtime_form~person_overview~sick_note_form~sick_notes~workingtime_form.eab4d8b61e2f42bdd03e.css
[INFO] [js]       account_form~app_form~app_statistics~overtime_form~person_overview~sick_note_form~sick_notes~workingtime_form.35ede5e99363d584ddc0.min.js
[INFO] [js]       ../assets/account_form~app_form~app_statistics~overtime_form~sick_note_form~sick_notes~workingtime_form.09a33ca0d199eefdf93d.css
[INFO] [js]       account_form~app_form~app_statistics~overtime_form~sick_note_form~sick_notes~workingtime_form.6417469a4d599830ec84.min.js
[INFO] [js]       app_statistics.5a4cf53c211a7eb5e9c9.min.js
[INFO] [js]   sick_note_form (358 KiB)
[INFO] [js]       runtime.1d8b866d1efce610f12d.min.js
[INFO] [js]       npm.jquery.694ecabbd753d849e745.min.js
[INFO] [js]       ../assets/npm.duetds.902f5dfefd52bb7743cb.css
[INFO] [js]       npm.duetds.77889f8228914405241a.min.js
[INFO] [js]       npm.date-fns.49e94cc32d51ec33dccf.min.js
[INFO] [js]       npm.underscore.dc29b87a34c898375bec.min.js
[INFO] [js]       account_form~app_detail~app_form~app_statistics~overtime_form~person_overview~sick_note_form~sick_no~95889e93.2d04639592a8e95b70d9.min.js
[INFO] [js]       ../assets/account_form~app_form~app_statistics~overtime_form~person_overview~sick_note_form~sick_notes~workingtime_form.eab4d8b61e2f42bdd03e.css
[INFO] [js]       account_form~app_form~app_statistics~overtime_form~person_overview~sick_note_form~sick_notes~workingtime_form.35ede5e99363d584ddc0.min.js
[INFO] [js]       ../assets/account_form~app_form~app_statistics~overtime_form~sick_note_form~sick_notes~workingtime_form.09a33ca0d199eefdf93d.css
[INFO] [js]       account_form~app_form~app_statistics~overtime_form~sick_note_form~sick_notes~workingtime_form.6417469a4d599830ec84.min.js
[INFO] [js]       sick_note_form.3e35c84ef0575c197f2d.min.js
[INFO] [js]   sick_notes (452 KiB)
[INFO] [js]       runtime.1d8b866d1efce610f12d.min.js
[INFO] [js]       npm.jquery.694ecabbd753d849e745.min.js
[INFO] [js]       ../assets/npm.duetds.902f5dfefd52bb7743cb.css
[INFO] [js]       npm.duetds.77889f8228914405241a.min.js
[INFO] [js]       npm.date-fns.49e94cc32d51ec33dccf.min.js
[INFO] [js]       npm.underscore.dc29b87a34c898375bec.min.js
[INFO] [js]       npm.tablesorter.46a340d131cebbb6c5e1.min.js
[INFO] [js]       account_form~app_detail~app_form~app_statistics~overtime_form~person_overview~sick_note_form~sick_no~95889e93.2d04639592a8e95b70d9.min.js
[INFO] [js]       ../assets/account_form~app_form~app_statistics~overtime_form~person_overview~sick_note_form~sick_notes~workingtime_form.eab4d8b61e2f42bdd03e.css
[INFO] [js]       account_form~app_form~app_statistics~overtime_form~person_overview~sick_note_form~sick_notes~workingtime_form.35ede5e99363d584ddc0.min.js
[INFO] [js]       ../assets/account_form~app_form~app_statistics~overtime_form~sick_note_form~sick_notes~workingtime_form.09a33ca0d199eefdf93d.css
[INFO] [js]       account_form~app_form~app_statistics~overtime_form~sick_note_form~sick_notes~workingtime_form.6417469a4d599830ec84.min.js
[INFO] [js]       sick_notes.57b141355b688813dd1f.min.js
[INFO] [js]   overtime_form (357 KiB)
[INFO] [js]       runtime.1d8b866d1efce610f12d.min.js
[INFO] [js]       npm.jquery.694ecabbd753d849e745.min.js
[INFO] [js]       ../assets/npm.duetds.902f5dfefd52bb7743cb.css
[INFO] [js]       npm.duetds.77889f8228914405241a.min.js
[INFO] [js]       npm.date-fns.49e94cc32d51ec33dccf.min.js
[INFO] [js]       npm.underscore.dc29b87a34c898375bec.min.js
[INFO] [js]       account_form~app_detail~app_form~app_statistics~overtime_form~person_overview~sick_note_form~sick_no~95889e93.2d04639592a8e95b70d9.min.js
[INFO] [js]       ../assets/account_form~app_form~app_statistics~overtime_form~person_overview~sick_note_form~sick_notes~workingtime_form.eab4d8b61e2f42bdd03e.css
[INFO] [js]       account_form~app_form~app_statistics~overtime_form~person_overview~sick_note_form~sick_notes~workingtime_form.35ede5e99363d584ddc0.min.js
[INFO] [js]       ../assets/account_form~app_form~app_statistics~overtime_form~sick_note_form~sick_notes~workingtime_form.09a33ca0d199eefdf93d.css
[INFO] [js]       account_form~app_form~app_statistics~overtime_form~sick_note_form~sick_notes~workingtime_form.6417469a4d599830ec84.min.js
[INFO] [js]       overtime_form.689a928f515e1156b288.min.js
[INFO] [js]   account_form (268 KiB)
[INFO] [js]       runtime.1d8b866d1efce610f12d.min.js
[INFO] [js]       ../assets/npm.duetds.902f5dfefd52bb7743cb.css
[INFO] [js]       npm.duetds.77889f8228914405241a.min.js
[INFO] [js]       npm.date-fns.49e94cc32d51ec33dccf.min.js
[INFO] [js]       npm.underscore.dc29b87a34c898375bec.min.js
[INFO] [js]       account_form~app_detail~app_form~app_statistics~overtime_form~person_overview~sick_note_form~sick_no~95889e93.2d04639592a8e95b70d9.min.js
[INFO] [js]       ../assets/account_form~app_form~app_statistics~overtime_form~person_overview~sick_note_form~sick_notes~workingtime_form.eab4d8b61e2f42bdd03e.css
[INFO] [js]       account_form~app_form~app_statistics~overtime_form~person_overview~sick_note_form~sick_notes~workingtime_form.35ede5e99363d584ddc0.min.js
[INFO] [js]       ../assets/account_form~app_form~app_statistics~overtime_form~sick_note_form~sick_notes~workingtime_form.09a33ca0d199eefdf93d.css
[INFO] [js]       account_form~app_form~app_statistics~overtime_form~sick_note_form~sick_notes~workingtime_form.6417469a4d599830ec84.min.js
[INFO] [js]       account_form.f27ad4a09eb6c4a48947.min.js
[INFO] [js]   workingtime_form (267 KiB)
[INFO] [js]       runtime.1d8b866d1efce610f12d.min.js
[INFO] [js]       ../assets/npm.duetds.902f5dfefd52bb7743cb.css
[INFO] [js]       npm.duetds.77889f8228914405241a.min.js
[INFO] [js]       npm.date-fns.49e94cc32d51ec33dccf.min.js
[INFO] [js]       npm.underscore.dc29b87a34c898375bec.min.js
[INFO] [js]       account_form~app_detail~app_form~app_statistics~overtime_form~person_overview~sick_note_form~sick_no~95889e93.2d04639592a8e95b70d9.min.js
[INFO] [js]       ../assets/account_form~app_form~app_statistics~overtime_form~person_overview~sick_note_form~sick_notes~workingtime_form.eab4d8b61e2f42bdd03e.css
[INFO] [js]       account_form~app_form~app_statistics~overtime_form~person_overview~sick_note_form~sick_notes~workingtime_form.35ede5e99363d584ddc0.min.js
[INFO] [js]       ../assets/account_form~app_form~app_statistics~overtime_form~sick_note_form~sick_notes~workingtime_form.09a33ca0d199eefdf93d.css
[INFO] [js]       account_form~app_form~app_statistics~overtime_form~sick_note_form~sick_notes~workingtime_form.6417469a4d599830ec84.min.js
[INFO] [js]       workingtime_form.81730c4cb8d609b6bd6b.min.js
[INFO] [js] 
[INFO] [js] Child mini-css-extract-plugin node_modules/css-loader/dist/cjs.js!node_modules/less-loader/dist/cjs.js!src/main/javascript/lib/bootstrap/bootstrap.less:
[INFO] [js]     Entrypoint mini-css-extract-plugin = *
[INFO] [js]     [JPst] ./node_modules/css-loader/dist/runtime/api.js 1.57 KiB {mini-css-extract-plugin} [built]
[INFO] [js]     [vOGW] ./node_modules/css-loader/dist/cjs.js!./node_modules/less-loader/dist/cjs.js!./src/main/javascript/lib/bootstrap/bootstrap.less 133 KiB {mini-css-extract-plugin} [built]
[INFO] [js] Child mini-css-extract-plugin node_modules/css-loader/dist/cjs.js!node_modules/postcss-loader/dist/cjs.js!node_modules/@duetds/date-picker/dist/collection/themes/default.css:
[INFO] [js]     Entrypoint mini-css-extract-plugin = *
[INFO] [js]     [JPst] ./node_modules/css-loader/dist/runtime/api.js 1.57 KiB {mini-css-extract-plugin} [built]
[INFO] [js]     [ZZHa] ./node_modules/css-loader/dist/cjs.js!./node_modules/postcss-loader/dist/cjs.js!./node_modules/@duetds/date-picker/dist/collection/themes/default.css 704 bytes {mini-css-extract-plugin} [built]
[INFO] [js] Child mini-css-extract-plugin node_modules/css-loader/dist/cjs.js!node_modules/postcss-loader/dist/cjs.js!node_modules/timepicker/jquery.timepicker.css:
[INFO] [js]     Entrypoint mini-css-extract-plugin = *
[INFO] [js]     [JPst] ./node_modules/css-loader/dist/runtime/api.js 1.57 KiB {mini-css-extract-plugin} [built]
[INFO] [js]     [p1fs] ./node_modules/css-loader/dist/cjs.js!./node_modules/postcss-loader/dist/cjs.js!./node_modules/timepicker/jquery.timepicker.css 1.59 KiB {mini-css-extract-plugin} [built]
[INFO] [js] Child mini-css-extract-plugin node_modules/css-loader/dist/cjs.js!node_modules/postcss-loader/dist/cjs.js!src/main/javascript/components/calendar/calendar.css:
[INFO] [js]     Entrypoint mini-css-extract-plugin = *
[INFO] [js]     [JPst] ./node_modules/css-loader/dist/runtime/api.js 1.57 KiB {mini-css-extract-plugin} [built]
[INFO] [js]     [yMR0] ./node_modules/css-loader/dist/cjs.js!./node_modules/postcss-loader/dist/cjs.js!./src/main/javascript/components/calendar/calendar.css 6.92 KiB {mini-css-extract-plugin} [built]
[INFO] [js] Child mini-css-extract-plugin node_modules/css-loader/dist/cjs.js!node_modules/postcss-loader/dist/cjs.js!src/main/javascript/components/datepicker/datepicker.css:
[INFO] [js]     Entrypoint mini-css-extract-plugin = *
[INFO] [js]     [Cpwk] ./node_modules/css-loader/dist/cjs.js!./node_modules/postcss-loader/dist/cjs.js!./src/main/javascript/components/datepicker/datepicker.css 2.83 KiB {mini-css-extract-plugin} [built]
[INFO] [js]     [JPst] ./node_modules/css-loader/dist/runtime/api.js 1.57 KiB {mini-css-extract-plugin} [built]
[INFO] [js] Child mini-css-extract-plugin node_modules/css-loader/dist/cjs.js!node_modules/postcss-loader/dist/cjs.js!src/main/javascript/js/absences-overview.css:
[INFO] [js]     Entrypoint mini-css-extract-plugin = *
[INFO] [js]     [JPst] ./node_modules/css-loader/dist/runtime/api.js 1.57 KiB {mini-css-extract-plugin} [built]
[INFO] [js]     [xXcx] ./node_modules/css-loader/dist/cjs.js!./node_modules/postcss-loader/dist/cjs.js!./src/main/javascript/js/absences-overview.css 4.04 KiB {mini-css-extract-plugin} [built]
[INFO] [js] npm run js exited with code 0
[INFO] 
[INFO] --- maven-resources-plugin:3.2.0:resources (default-resources) @ urlaubsverwaltung ---
[INFO] Using 'UTF-8' encoding to copy filtered resources.
[INFO] Using 'UTF-8' encoding to copy filtered properties files.
[INFO] Copying 3 resources
[INFO] Copying 160 resources
[INFO] 
[INFO] --- maven-compiler-plugin:3.8.1:compile (default-compile) @ urlaubsverwaltung ---
[INFO] Changes detected - recompiling the module!
[INFO] Compiling 371 source files to /home/gabsko/breaking-updates/target/classes
[WARNING] /home/gabsko/breaking-updates/src/main/java/org/synyx/urlaubsverwaltung/statistics/vacationoverview/api/VacationOverviewService.java:[21,74] org.synyx.urlaubsverwaltung.statistics.vacationoverview.api.DayOfMonth in org.synyx.urlaubsverwaltung.statistics.vacationoverview.api has been deprecated
[WARNING] /home/gabsko/breaking-updates/src/main/java/org/synyx/urlaubsverwaltung/statistics/vacationoverview/api/VacationOverviewService.java:[22,74] org.synyx.urlaubsverwaltung.statistics.vacationoverview.api.DayOfMonth in org.synyx.urlaubsverwaltung.statistics.vacationoverview.api has been deprecated
[WARNING] /home/gabsko/breaking-updates/src/main/java/org/synyx/urlaubsverwaltung/statistics/vacationoverview/api/VacationOverviewService.java:[21,74] org.synyx.urlaubsverwaltung.statistics.vacationoverview.api.DayOfMonth in org.synyx.urlaubsverwaltung.statistics.vacationoverview.api has been deprecated
[WARNING] /home/gabsko/breaking-updates/src/main/java/org/synyx/urlaubsverwaltung/statistics/vacationoverview/api/VacationOverviewService.java:[22,74] org.synyx.urlaubsverwaltung.statistics.vacationoverview.api.DayOfMonth in org.synyx.urlaubsverwaltung.statistics.vacationoverview.api has been deprecated
[WARNING] /home/gabsko/breaking-updates/src/main/java/org/synyx/urlaubsverwaltung/statistics/vacationoverview/api/VacationOverviewService.java:[21,74] org.synyx.urlaubsverwaltung.statistics.vacationoverview.api.DayOfMonth in org.synyx.urlaubsverwaltung.statistics.vacationoverview.api has been deprecated
[WARNING] /home/gabsko/breaking-updates/src/main/java/org/synyx/urlaubsverwaltung/statistics/vacationoverview/api/VacationOverviewService.java:[22,74] org.synyx.urlaubsverwaltung.statistics.vacationoverview.api.DayOfMonth in org.synyx.urlaubsverwaltung.statistics.vacationoverview.api has been deprecated
[WARNING] /home/gabsko/breaking-updates/src/main/java/org/synyx/urlaubsverwaltung/application/service/ApplicationMailService.java:[660,15] org.synyx.urlaubsverwaltung.absence.Absence in org.synyx.urlaubsverwaltung.absence has been deprecated
[WARNING] /home/gabsko/breaking-updates/src/main/java/org/synyx/urlaubsverwaltung/application/service/ApplicationMailService.java:[660,37] org.synyx.urlaubsverwaltung.absence.Absence in org.synyx.urlaubsverwaltung.absence has been deprecated
[WARNING] /home/gabsko/breaking-updates/src/main/java/org/synyx/urlaubsverwaltung/calendar/ICalService.java:[59,48] org.synyx.urlaubsverwaltung.absence.Absence in org.synyx.urlaubsverwaltung.absence has been deprecated
[WARNING] /home/gabsko/breaking-updates/src/main/java/org/synyx/urlaubsverwaltung/calendar/ICalService.java:[59,48] org.synyx.urlaubsverwaltung.absence.Absence in org.synyx.urlaubsverwaltung.absence has been deprecated
[WARNING] /home/gabsko/breaking-updates/src/main/java/org/synyx/urlaubsverwaltung/calendar/ICalService.java:[59,48] org.synyx.urlaubsverwaltung.absence.Absence in org.synyx.urlaubsverwaltung.absence has been deprecated
[WARNING] /home/gabsko/breaking-updates/src/main/java/org/synyx/urlaubsverwaltung/calendar/ICalService.java:[65,38] org.synyx.urlaubsverwaltung.absence.Absence in org.synyx.urlaubsverwaltung.absence has been deprecated
[WARNING] /home/gabsko/breaking-updates/src/main/java/org/synyx/urlaubsverwaltung/calendar/ICalService.java:[65,38] org.synyx.urlaubsverwaltung.absence.Absence in org.synyx.urlaubsverwaltung.absence has been deprecated
[WARNING] /home/gabsko/breaking-updates/src/main/java/org/synyx/urlaubsverwaltung/calendar/ICalService.java:[65,38] org.synyx.urlaubsverwaltung.absence.Absence in org.synyx.urlaubsverwaltung.absence has been deprecated
[WARNING] /home/gabsko/breaking-updates/src/main/java/org/synyx/urlaubsverwaltung/calendar/ICalService.java:[71,58] org.synyx.urlaubsverwaltung.absence.Absence in org.synyx.urlaubsverwaltung.absence has been deprecated
[WARNING] /home/gabsko/breaking-updates/src/main/java/org/synyx/urlaubsverwaltung/calendar/ICalService.java:[71,58] org.synyx.urlaubsverwaltung.absence.Absence in org.synyx.urlaubsverwaltung.absence has been deprecated
[WARNING] /home/gabsko/breaking-updates/src/main/java/org/synyx/urlaubsverwaltung/calendar/ICalService.java:[71,58] org.synyx.urlaubsverwaltung.absence.Absence in org.synyx.urlaubsverwaltung.absence has been deprecated
[WARNING] /home/gabsko/breaking-updates/src/main/java/org/synyx/urlaubsverwaltung/calendar/ICalService.java:[78,51] org.synyx.urlaubsverwaltung.absence.Absence in org.synyx.urlaubsverwaltung.absence has been deprecated
[WARNING] /home/gabsko/breaking-updates/src/main/java/org/synyx/urlaubsverwaltung/calendar/ICalService.java:[78,51] org.synyx.urlaubsverwaltung.absence.Absence in org.synyx.urlaubsverwaltung.absence has been deprecated
[WARNING] /home/gabsko/breaking-updates/src/main/java/org/synyx/urlaubsverwaltung/calendar/ICalService.java:[78,51] org.synyx.urlaubsverwaltung.absence.Absence in org.synyx.urlaubsverwaltung.absence has been deprecated
[WARNING] /home/gabsko/breaking-updates/src/main/java/org/synyx/urlaubsverwaltung/calendar/ICalService.java:[82,43] org.synyx.urlaubsverwaltung.absence.Absence in org.synyx.urlaubsverwaltung.absence has been deprecated
[WARNING] /home/gabsko/breaking-updates/src/main/java/org/synyx/urlaubsverwaltung/calendar/ICalService.java:[82,43] org.synyx.urlaubsverwaltung.absence.Absence in org.synyx.urlaubsverwaltung.absence has been deprecated
[WARNING] /home/gabsko/breaking-updates/src/main/java/org/synyx/urlaubsverwaltung/calendar/ICalService.java:[82,43] org.synyx.urlaubsverwaltung.absence.Absence in org.synyx.urlaubsverwaltung.absence has been deprecated
[WARNING] /home/gabsko/breaking-updates/src/main/java/org/synyx/urlaubsverwaltung/calendar/ICalService.java: org.synyx.urlaubsverwaltung.absence.Absence in org.synyx.urlaubsverwaltung.absence has been deprecated
[WARNING] /home/gabsko/breaking-updates/src/main/java/org/synyx/urlaubsverwaltung/calendar/ICalService.java:[102,39] org.synyx.urlaubsverwaltung.absence.Absence in org.synyx.urlaubsverwaltung.absence has been deprecated
[WARNING] /home/gabsko/breaking-updates/src/main/java/org/synyx/urlaubsverwaltung/calendar/ICalService.java:[102,39] org.synyx.urlaubsverwaltung.absence.Absence in org.synyx.urlaubsverwaltung.absence has been deprecated
[WARNING] /home/gabsko/breaking-updates/src/main/java/org/synyx/urlaubsverwaltung/calendar/ICalService.java:[102,39] org.synyx.urlaubsverwaltung.absence.Absence in org.synyx.urlaubsverwaltung.absence has been deprecated
[WARNING] /home/gabsko/breaking-updates/src/main/java/org/synyx/urlaubsverwaltung/calendar/ICalService.java:[144,39] org.synyx.urlaubsverwaltung.absence.Absence in org.synyx.urlaubsverwaltung.absence has been deprecated
[WARNING] /home/gabsko/breaking-updates/src/main/java/org/synyx/urlaubsverwaltung/calendar/ICalService.java:[144,39] org.synyx.urlaubsverwaltung.absence.Absence in org.synyx.urlaubsverwaltung.absence has been deprecated
[WARNING] /home/gabsko/breaking-updates/src/main/java/org/synyx/urlaubsverwaltung/calendar/ICalService.java:[144,39] org.synyx.urlaubsverwaltung.absence.Absence in org.synyx.urlaubsverwaltung.absence has been deprecated
[WARNING] /home/gabsko/breaking-updates/src/main/java/org/synyx/urlaubsverwaltung/calendar/ICalService.java:[156,32] org.synyx.urlaubsverwaltung.absence.Absence in org.synyx.urlaubsverwaltung.absence has been deprecated
[WARNING] /home/gabsko/breaking-updates/src/main/java/org/synyx/urlaubsverwaltung/calendar/ICalService.java:[156,32] org.synyx.urlaubsverwaltung.absence.Absence in org.synyx.urlaubsverwaltung.absence has been deprecated
[WARNING] /home/gabsko/breaking-updates/src/main/java/org/synyx/urlaubsverwaltung/calendar/ICalService.java:[156,32] org.synyx.urlaubsverwaltung.absence.Absence in org.synyx.urlaubsverwaltung.absence has been deprecated
[WARNING] /home/gabsko/breaking-updates/src/main/java/org/synyx/urlaubsverwaltung/settings/Settings.java:[35,13] org.synyx.urlaubsverwaltung.calendarintegration.CalendarSettings in org.synyx.urlaubsverwaltung.calendarintegration has been deprecated and marked for removal
[WARNING] /home/gabsko/breaking-updates/src/main/java/org/synyx/urlaubsverwaltung/settings/Settings.java:[35,13] org.synyx.urlaubsverwaltung.calendarintegration.CalendarSettings in org.synyx.urlaubsverwaltung.calendarintegration has been deprecated and marked for removal
[WARNING] /home/gabsko/breaking-updates/src/main/java/org/synyx/urlaubsverwaltung/settings/Settings.java:[35,13] org.synyx.urlaubsverwaltung.calendarintegration.CalendarSettings in org.synyx.urlaubsverwaltung.calendarintegration has been deprecated and marked for removal
[WARNING] /home/gabsko/breaking-updates/src/main/java/org/synyx/urlaubsverwaltung/settings/Settings.java:[93,12] org.synyx.urlaubsverwaltung.calendarintegration.CalendarSettings in org.synyx.urlaubsverwaltung.calendarintegration has been deprecated and marked for removal
[WARNING] /home/gabsko/breaking-updates/src/main/java/org/synyx/urlaubsverwaltung/settings/Settings.java:[93,12] org.synyx.urlaubsverwaltung.calendarintegration.CalendarSettings in org.synyx.urlaubsverwaltung.calendarintegration has been deprecated and marked for removal
[WARNING] /home/gabsko/breaking-updates/src/main/java/org/synyx/urlaubsverwaltung/settings/Settings.java:[93,12] org.synyx.urlaubsverwaltung.calendarintegration.CalendarSettings in org.synyx.urlaubsverwaltung.calendarintegration has been deprecated and marked for removal
[WARNING] /home/gabsko/breaking-updates/src/main/java/org/synyx/urlaubsverwaltung/settings/Settings.java:[96,36] org.synyx.urlaubsverwaltung.calendarintegration.CalendarSettings in org.synyx.urlaubsverwaltung.calendarintegration has been deprecated and marked for removal
[WARNING] /home/gabsko/breaking-updates/src/main/java/org/synyx/urlaubsverwaltung/settings/Settings.java:[103,37] org.synyx.urlaubsverwaltung.calendarintegration.CalendarSettings in org.synyx.urlaubsverwaltung.calendarintegration has been deprecated and marked for removal
[WARNING] /home/gabsko/breaking-updates/src/main/java/org/synyx/urlaubsverwaltung/settings/Settings.java:[103,37] org.synyx.urlaubsverwaltung.calendarintegration.CalendarSettings in org.synyx.urlaubsverwaltung.calendarintegration has been deprecated and marked for removal
[WARNING] /home/gabsko/breaking-updates/src/main/java/org/synyx/urlaubsverwaltung/settings/Settings.java:[103,37] org.synyx.urlaubsverwaltung.calendarintegration.CalendarSettings in org.synyx.urlaubsverwaltung.calendarintegration has been deprecated and marked for removal
[WARNING] /home/gabsko/breaking-updates/src/main/java/org/synyx/urlaubsverwaltung/calendarintegration/CalendarSettings.java:[14,13] org.synyx.urlaubsverwaltung.calendarintegration.GoogleCalendarSettings in org.synyx.urlaubsverwaltung.calendarintegration has been deprecated and marked for removal
[WARNING] /home/gabsko/breaking-updates/src/main/java/org/synyx/urlaubsverwaltung/calendarintegration/CalendarSettings.java:[14,13] org.synyx.urlaubsverwaltung.calendarintegration.GoogleCalendarSettings in org.synyx.urlaubsverwaltung.calendarintegration has been deprecated and marked for removal
[WARNING] /home/gabsko/breaking-updates/src/main/java/org/synyx/urlaubsverwaltung/calendarintegration/CalendarSettings.java:[14,13] org.synyx.urlaubsverwaltung.calendarintegration.GoogleCalendarSettings in org.synyx.urlaubsverwaltung.calendarintegration has been deprecated and marked for removal
[WARNING] /home/gabsko/breaking-updates/src/main/java/org/synyx/urlaubsverwaltung/calendarintegration/CalendarSettings.java:[16,13] org.synyx.urlaubsverwaltung.calendarintegration.ExchangeCalendarSettings in org.synyx.urlaubsverwaltung.calendarintegration has been deprecated and marked for removal
[WARNING] /home/gabsko/breaking-updates/src/main/java/org/synyx/urlaubsverwaltung/calendarintegration/CalendarSettings.java:[16,13] org.synyx.urlaubsverwaltung.calendarintegration.ExchangeCalendarSettings in org.synyx.urlaubsverwaltung.calendarintegration has been deprecated and marked for removal
[WARNING] /home/gabsko/breaking-updates/src/main/java/org/synyx/urlaubsverwaltung/calendarintegration/CalendarSettings.java:[16,13] org.synyx.urlaubsverwaltung.calendarintegration.ExchangeCalendarSettings in org.synyx.urlaubsverwaltung.calendarintegration has been deprecated and marked for removal
[WARNING] /home/gabsko/breaking-updates/src/main/java/org/synyx/urlaubsverwaltung/calendarintegration/CalendarSettings.java:[21,12] org.synyx.urlaubsverwaltung.calendarintegration.ExchangeCalendarSettings in org.synyx.urlaubsverwaltung.calendarintegration has been deprecated and marked for removal
[WARNING] /home/gabsko/breaking-updates/src/main/java/org/synyx/urlaubsverwaltung/calendarintegration/CalendarSettings.java:[21,12] org.synyx.urlaubsverwaltung.calendarintegration.ExchangeCalendarSettings in org.synyx.urlaubsverwaltung.calendarintegration has been deprecated and marked for removal
[WARNING] /home/gabsko/breaking-updates/src/main/java/org/synyx/urlaubsverwaltung/calendarintegration/CalendarSettings.java:[21,12] org.synyx.urlaubsverwaltung.calendarintegration.ExchangeCalendarSettings in org.synyx.urlaubsverwaltung.calendarintegration has been deprecated and marked for removal
[WARNING] /home/gabsko/breaking-updates/src/main/java/org/synyx/urlaubsverwaltung/calendarintegration/CalendarSettings.java:[24,44] org.synyx.urlaubsverwaltung.calendarintegration.ExchangeCalendarSettings in org.synyx.urlaubsverwaltung.calendarintegration has been deprecated and marked for removal
[WARNING] /home/gabsko/breaking-updates/src/main/java/org/synyx/urlaubsverwaltung/calendarintegration/CalendarSettings.java:[31,45] org.synyx.urlaubsverwaltung.calendarintegration.ExchangeCalendarSettings in org.synyx.urlaubsverwaltung.calendarintegration has been deprecated and marked for removal
[WARNING] /home/gabsko/breaking-updates/src/main/java/org/synyx/urlaubsverwaltung/calendarintegration/CalendarSettings.java:[31,45] org.synyx.urlaubsverwaltung.calendarintegration.ExchangeCalendarSettings in org.synyx.urlaubsverwaltung.calendarintegration has been deprecated and marked for removal
[WARNING] /home/gabsko/breaking-updates/src/main/java/org/synyx/urlaubsverwaltung/calendarintegration/CalendarSettings.java:[31,45] org.synyx.urlaubsverwaltung.calendarintegration.ExchangeCalendarSettings in org.synyx.urlaubsverwaltung.calendarintegration has been deprecated and marked for removal
[WARNING] /home/gabsko/breaking-updates/src/main/java/org/synyx/urlaubsverwaltung/calendarintegration/CalendarSettings.java:[37,12] org.synyx.urlaubsverwaltung.calendarintegration.GoogleCalendarSettings in org.synyx.urlaubsverwaltung.calendarintegration has been deprecated and marked for removal
[WARNING] /home/gabsko/breaking-updates/src/main/java/org/synyx/urlaubsverwaltung/calendarintegration/CalendarSettings.java:[37,12] org.synyx.urlaubsverwaltung.calendarintegration.GoogleCalendarSettings in org.synyx.urlaubsverwaltung.calendarintegration has been deprecated and marked for removal
[WARNING] /home/gabsko/breaking-updates/src/main/java/org/synyx/urlaubsverwaltung/calendarintegration/CalendarSettings.java:[37,12] org.synyx.urlaubsverwaltung.calendarintegration.GoogleCalendarSettings in org.synyx.urlaubsverwaltung.calendarintegration has been deprecated and marked for removal
[WARNING] /home/gabsko/breaking-updates/src/main/java/org/synyx/urlaubsverwaltung/calendarintegration/CalendarSettings.java:[40,42] org.synyx.urlaubsverwaltung.calendarintegration.GoogleCalendarSettings in org.synyx.urlaubsverwaltung.calendarintegration has been deprecated and marked for removal
[WARNING] /home/gabsko/breaking-updates/src/main/java/org/synyx/urlaubsverwaltung/calendarintegration/CalendarSettings.java:[47,43] org.synyx.urlaubsverwaltung.calendarintegration.GoogleCalendarSettings in org.synyx.urlaubsverwaltung.calendarintegration has been deprecated and marked for removal
[WARNING] /home/gabsko/breaking-updates/src/main/java/org/synyx/urlaubsverwaltung/calendarintegration/CalendarSettings.java:[47,43] org.synyx.urlaubsverwaltung.calendarintegration.GoogleCalendarSettings in org.synyx.urlaubsverwaltung.calendarintegration has been deprecated and marked for removal
[WARNING] /home/gabsko/breaking-updates/src/main/java/org/synyx/urlaubsverwaltung/calendarintegration/CalendarSettings.java:[47,43] org.synyx.urlaubsverwaltung.calendarintegration.GoogleCalendarSettings in org.synyx.urlaubsverwaltung.calendarintegration has been deprecated and marked for removal
[WARNING] /home/gabsko/breaking-updates/src/main/java/org/synyx/urlaubsverwaltung/availability/api/AvailabilityApiController.java:[37,19] org.synyx.urlaubsverwaltung.availability.api.AvailabilityService in org.synyx.urlaubsverwaltung.availability.api has been deprecated and marked for removal
[WARNING] /home/gabsko/breaking-updates/src/main/java/org/synyx/urlaubsverwaltung/availability/api/AvailabilityApiController.java:[37,19] org.synyx.urlaubsverwaltung.availability.api.AvailabilityService in org.synyx.urlaubsverwaltung.availability.api has been deprecated and marked for removal
[WARNING] /home/gabsko/breaking-updates/src/main/java/org/synyx/urlaubsverwaltung/availability/api/AvailabilityApiController.java:[37,19] org.synyx.urlaubsverwaltung.availability.api.AvailabilityService in org.synyx.urlaubsverwaltung.availability.api has been deprecated and marked for removal
[WARNING] /home/gabsko/breaking-updates/src/main/java/org/synyx/urlaubsverwaltung/availability/api/AvailabilityApiController.java:[40,31] org.synyx.urlaubsverwaltung.availability.api.AvailabilityService in org.synyx.urlaubsverwaltung.availability.api has been deprecated and marked for removal
[WARNING] /home/gabsko/breaking-updates/src/main/java/org/synyx/urlaubsverwaltung/availability/api/AvailabilityApiController.java:[40,31] org.synyx.urlaubsverwaltung.availability.api.AvailabilityService in org.synyx.urlaubsverwaltung.availability.api has been deprecated and marked for removal
[WARNING] /home/gabsko/breaking-updates/src/main/java/org/synyx/urlaubsverwaltung/availability/api/AvailabilityApiController.java:[40,31] org.synyx.urlaubsverwaltung.availability.api.AvailabilityService in org.synyx.urlaubsverwaltung.availability.api has been deprecated and marked for removal
[WARNING] /home/gabsko/breaking-updates/src/main/java/org/synyx/urlaubsverwaltung/availability/api/AvailabilityApiController.java:[52,12] org.synyx.urlaubsverwaltung.availability.api.AvailabilityListDto in org.synyx.urlaubsverwaltung.availability.api has been deprecated and marked for removal
[WARNING] /home/gabsko/breaking-updates/src/main/java/org/synyx/urlaubsverwaltung/availability/api/AvailabilityApiController.java:[52,12] org.synyx.urlaubsverwaltung.availability.api.AvailabilityListDto in org.synyx.urlaubsverwaltung.availability.api has been deprecated and marked for removal
[WARNING] /home/gabsko/breaking-updates/src/main/java/org/synyx/urlaubsverwaltung/availability/api/AvailabilityApiController.java:[52,12] org.synyx.urlaubsverwaltung.availability.api.AvailabilityListDto in org.synyx.urlaubsverwaltung.availability.api has been deprecated and marked for removal
[WARNING] /home/gabsko/breaking-updates/src/main/java/org/synyx/urlaubsverwaltung/availability/api/AvailabilityApiController.java:[76,18] org.synyx.urlaubsverwaltung.availability.api.FreeTimeAbsenceException in org.synyx.urlaubsverwaltung.availability.api has been deprecated and marked for removal
[WARNING] /home/gabsko/breaking-updates/src/main/java/org/synyx/urlaubsverwaltung/person/api/PersonApiController.java:[80,39] org.synyx.urlaubsverwaltung.availability.api.AvailabilityApiController in org.synyx.urlaubsverwaltung.availability.api has been deprecated and marked for removal
[WARNING] /home/gabsko/breaking-updates/src/main/java/org/synyx/urlaubsverwaltung/absence/AbsenceService.java:[40,10] org.synyx.urlaubsverwaltung.absence.Absence in org.synyx.urlaubsverwaltung.absence has been deprecated
[WARNING] /home/gabsko/breaking-updates/src/main/java/org/synyx/urlaubsverwaltung/absence/AbsenceService.java:[40,10] org.synyx.urlaubsverwaltung.absence.Absence in org.synyx.urlaubsverwaltung.absence has been deprecated
[WARNING] /home/gabsko/breaking-updates/src/main/java/org/synyx/urlaubsverwaltung/absence/AbsenceService.java:[40,10] org.synyx.urlaubsverwaltung.absence.Absence in org.synyx.urlaubsverwaltung.absence has been deprecated
[WARNING] /home/gabsko/breaking-updates/src/main/java/org/synyx/urlaubsverwaltung/absence/AbsenceService.java:[49,10] org.synyx.urlaubsverwaltung.absence.Absence in org.synyx.urlaubsverwaltung.absence has been deprecated
[WARNING] /home/gabsko/breaking-updates/src/main/java/org/synyx/urlaubsverwaltung/absence/AbsenceService.java:[49,10] org.synyx.urlaubsverwaltung.absence.Absence in org.synyx.urlaubsverwaltung.absence has been deprecated
[WARNING] /home/gabsko/breaking-updates/src/main/java/org/synyx/urlaubsverwaltung/absence/AbsenceService.java:[49,10] org.synyx.urlaubsverwaltung.absence.Absence in org.synyx.urlaubsverwaltung.absence has been deprecated
[WARNING] /home/gabsko/breaking-updates/src/main/java/org/synyx/urlaubsverwaltung/availability/api/AvailabilityService.java:[21,19] org.synyx.urlaubsverwaltung.availability.api.FreeTimeAbsenceProvider in org.synyx.urlaubsverwaltung.availability.api has been deprecated and marked for removal
[WARNING] /home/gabsko/breaking-updates/src/main/java/org/synyx/urlaubsverwaltung/availability/api/AvailabilityService.java:[21,19] org.synyx.urlaubsverwaltung.availability.api.FreeTimeAbsenceProvider in org.synyx.urlaubsverwaltung.availability.api has been deprecated and marked for removal
[WARNING] /home/gabsko/breaking-updates/src/main/java/org/synyx/urlaubsverwaltung/availability/api/AvailabilityService.java:[21,19] org.synyx.urlaubsverwaltung.availability.api.FreeTimeAbsenceProvider in org.synyx.urlaubsverwaltung.availability.api has been deprecated and marked for removal
[WARNING] /home/gabsko/breaking-updates/src/main/java/org/synyx/urlaubsverwaltung/availability/api/AvailabilityService.java:[24,32] org.synyx.urlaubsverwaltung.availability.api.FreeTimeAbsenceProvider in org.synyx.urlaubsverwaltung.availability.api has been deprecated and marked for removal
[WARNING] /home/gabsko/breaking-updates/src/main/java/org/synyx/urlaubsverwaltung/availability/api/AvailabilityService.java:[24,32] org.synyx.urlaubsverwaltung.availability.api.FreeTimeAbsenceProvider in org.synyx.urlaubsverwaltung.availability.api has been deprecated and marked for removal
[WARNING] /home/gabsko/breaking-updates/src/main/java/org/synyx/urlaubsverwaltung/availability/api/AvailabilityService.java:[24,32] org.synyx.urlaubsverwaltung.availability.api.FreeTimeAbsenceProvider in org.synyx.urlaubsverwaltung.availability.api has been deprecated and marked for removal
[WARNING] /home/gabsko/breaking-updates/src/main/java/org/synyx/urlaubsverwaltung/availability/api/AvailabilityService.java:[37,5] org.synyx.urlaubsverwaltung.availability.api.AvailabilityListDto in org.synyx.urlaubsverwaltung.availability.api has been deprecated and marked for removal
[WARNING] /home/gabsko/breaking-updates/src/main/java/org/synyx/urlaubsverwaltung/availability/api/AvailabilityService.java:[37,5] org.synyx.urlaubsverwaltung.availability.api.AvailabilityListDto in org.synyx.urlaubsverwaltung.availability.api has been deprecated and marked for removal
[WARNING] /home/gabsko/breaking-updates/src/main/java/org/synyx/urlaubsverwaltung/availability/api/AvailabilityService.java:[37,5] org.synyx.urlaubsverwaltung.availability.api.AvailabilityListDto in org.synyx.urlaubsverwaltung.availability.api has been deprecated and marked for removal
[WARNING] /home/gabsko/breaking-updates/src/main/java/org/synyx/urlaubsverwaltung/availability/api/AvailabilityService.java:[39,14] org.synyx.urlaubsverwaltung.availability.api.DayAvailability in org.synyx.urlaubsverwaltung.availability.api has been deprecated and marked for removal
[WARNING] /home/gabsko/breaking-updates/src/main/java/org/synyx/urlaubsverwaltung/availability/api/AvailabilityService.java:[44,13] org.synyx.urlaubsverwaltung.availability.api.TimedAbsenceSpans in org.synyx.urlaubsverwaltung.availability.api has been deprecated and marked for removal
[WARNING] /home/gabsko/breaking-updates/src/main/java/org/synyx/urlaubsverwaltung/availability/api/AvailabilityService.java:[47,36] org.synyx.urlaubsverwaltung.availability.api.DayAvailability in org.synyx.urlaubsverwaltung.availability.api has been deprecated and marked for removal
[WARNING] /home/gabsko/breaking-updates/src/main/java/org/synyx/urlaubsverwaltung/availability/api/AvailabilityService.java:[52,20] org.synyx.urlaubsverwaltung.availability.api.AvailabilityListDto in org.synyx.urlaubsverwaltung.availability.api has been deprecated and marked for removal
[WARNING] /home/gabsko/breaking-updates/src/main/java/org/synyx/urlaubsverwaltung/availability/api/AvailabilityListDto.java:[9,24] org.synyx.urlaubsverwaltung.availability.api.DayAvailability in org.synyx.urlaubsverwaltung.availability.api has been deprecated and marked for removal
[WARNING] /home/gabsko/breaking-updates/src/main/java/org/synyx/urlaubsverwaltung/availability/api/AvailabilityListDto.java:[9,24] org.synyx.urlaubsverwaltung.availability.api.DayAvailability in org.synyx.urlaubsverwaltung.availability.api has been deprecated and marked for removal
[WARNING] /home/gabsko/breaking-updates/src/main/java/org/synyx/urlaubsverwaltung/availability/api/AvailabilityListDto.java:[9,24] org.synyx.urlaubsverwaltung.availability.api.DayAvailability in org.synyx.urlaubsverwaltung.availability.api has been deprecated and marked for removal
[WARNING] /home/gabsko/breaking-updates/src/main/java/org/synyx/urlaubsverwaltung/availability/api/AvailabilityListDto.java:[11,30] org.synyx.urlaubsverwaltung.availability.api.DayAvailability in org.synyx.urlaubsverwaltung.availability.api has been deprecated and marked for removal
[WARNING] /home/gabsko/breaking-updates/src/main/java/org/synyx/urlaubsverwaltung/availability/api/AvailabilityListDto.java:[11,30] org.synyx.urlaubsverwaltung.availability.api.DayAvailability in org.synyx.urlaubsverwaltung.availability.api has been deprecated and marked for removal
[WARNING] /home/gabsko/breaking-updates/src/main/java/org/synyx/urlaubsverwaltung/availability/api/AvailabilityListDto.java:[11,30] org.synyx.urlaubsverwaltung.availability.api.DayAvailability in org.synyx.urlaubsverwaltung.availability.api has been deprecated and marked for removal
[WARNING] /home/gabsko/breaking-updates/src/main/java/org/synyx/urlaubsverwaltung/availability/api/AvailabilityListDto.java:[17,17] org.synyx.urlaubsverwaltung.availability.api.DayAvailability in org.synyx.urlaubsverwaltung.availability.api has been deprecated and marked for removal
[INFO] /home/gabsko/breaking-updates/src/main/java/org/synyx/urlaubsverwaltung/calendar/PersonCalendarService.java: Some input files additionally use or override a deprecated API.
[INFO] /home/gabsko/breaking-updates/src/main/java/org/synyx/urlaubsverwaltung/availability/api/AvailabilityListDto.java: Some input files additionally use or override a deprecated API that is marked for removal.
[INFO] 
[INFO] --- jetty-jspc-maven-plugin:10.0.0:jspc (jspc) @ urlaubsverwaltung ---
[INFO] Compiling WEB-INF/jsp/absences/absences_overview.jsp,WEB-INF/jsp/account/account_form.jsp,WEB-INF/jsp/application/app_form.jsp,WEB-INF/jsp/application/app_statistics.jsp,WEB-INF/jsp/application/app_list.jsp,WEB-INF/jsp/application/app_detail.jsp,WEB-INF/jsp/application/include/app-detail-elements/app_progress.jsp,WEB-INF/jsp/application/include/app-detail-elements/actions/refer_form.jsp,WEB-INF/jsp/application/include/app-detail-elements/actions/remind_form.jsp,WEB-INF/jsp/application/include/app-detail-elements/actions/allow_form.jsp,WEB-INF/jsp/application/include/app-detail-elements/actions/cancel_form.jsp,WEB-INF/jsp/application/include/app-detail-elements/actions/decline_cancellation_request_form.jsp,WEB-INF/jsp/application/include/app-detail-elements/actions/reject_form.jsp,WEB-INF/jsp/application/include/app-detail-elements/actions.jsp,WEB-INF/jsp/application/include/app-detail-elements/app_info.jsp,WEB-INF/jsp/application/include/app-detail-elements/action-buttons.jsp,WEB-INF/jsp/application/app_notwaiting.jsp,WEB-INF/jsp/workingtime/workingtime_form.jsp,WEB-INF/jsp/overtime/overtime_details.jsp,WEB-INF/jsp/overtime/overtime_list.jsp,WEB-INF/jsp/overtime/overtime_form.jsp,WEB-INF/jsp/errors.jsp,WEB-INF/jsp/person/person_permissions.jsp,WEB-INF/jsp/person/overview.jsp,WEB-INF/jsp/person/person_view.jsp,WEB-INF/jsp/person/person_detail.jsp,WEB-INF/jsp/person/include/person_list.jsp,WEB-INF/jsp/person/include/overview_app_list.jsp,WEB-INF/jsp/person/include/overview_header.jsp,WEB-INF/jsp/person/include/sick_notes.jsp,WEB-INF/jsp/department/department_list.jsp,WEB-INF/jsp/department/department_form.jsp,WEB-INF/jsp/login/login.jsp,WEB-INF/jsp/calendarsharing/index.jsp,WEB-INF/jsp/sicknote/sick_notes_statistics.jsp,WEB-INF/jsp/sicknote/sick_note_form.jsp,WEB-INF/jsp/sicknote/sick_note_convert.jsp,WEB-INF/jsp/sicknote/sick_note.jsp,WEB-INF/jsp/sicknote/sick_notes.jsp,WEB-INF/jsp/settings/settings_form.jsp from includes=**\/*.jsp, **\/*.jspx excludes=**\/.svn\/**
[INFO] At least one JAR was scanned for TLDs yet contained no TLDs. Enable debug logging for this logger for a complete list of JARs that were scanned but no TLDs were found in them. Skipping unneeded JARs during scanning can improve startup time and JSP compilation time.
[INFO] Generation completed with [0] errors in [4131] milliseconds
[INFO] 
[INFO] --- maven-resources-plugin:3.2.0:testResources (default-testResources) @ urlaubsverwaltung ---
[INFO] Using 'UTF-8' encoding to copy filtered resources.
[INFO] Using 'UTF-8' encoding to copy filtered properties files.
[INFO] Copying 7 resources
[INFO] 
[INFO] --- maven-compiler-plugin:3.8.1:testCompile (default-testCompile) @ urlaubsverwaltung ---
[INFO] Changes detected - recompiling the module!
[INFO] Compiling 225 source files to /home/gabsko/breaking-updates/target/test-classes
[WARNING] /home/gabsko/breaking-updates/src/test/java/org/synyx/urlaubsverwaltung/statistics/vacationoverview/api/VacationOverviewServiceTest.java:[24,74] org.synyx.urlaubsverwaltung.statistics.vacationoverview.api.DayOfMonth in org.synyx.urlaubsverwaltung.statistics.vacationoverview.api has been deprecated and marked for removal
[WARNING] /home/gabsko/breaking-updates/src/test/java/org/synyx/urlaubsverwaltung/statistics/vacationoverview/api/VacationOverviewServiceTest.java:[24,74] org.synyx.urlaubsverwaltung.statistics.vacationoverview.api.DayOfMonth in org.synyx.urlaubsverwaltung.statistics.vacationoverview.api has been deprecated and marked for removal
[WARNING] /home/gabsko/breaking-updates/src/test/java/org/synyx/urlaubsverwaltung/statistics/vacationoverview/api/VacationOverviewServiceTest.java:[24,74] org.synyx.urlaubsverwaltung.statistics.vacationoverview.api.DayOfMonth in org.synyx.urlaubsverwaltung.statistics.vacationoverview.api has been deprecated and marked for removal
[WARNING] /home/gabsko/breaking-updates/src/test/java/org/synyx/urlaubsverwaltung/availability/api/SickDayAbsenceProviderTest.java:[35,13] org.synyx.urlaubsverwaltung.availability.api.SickDayAbsenceProvider in org.synyx.urlaubsverwaltung.availability.api has been deprecated and marked for removal
[WARNING] /home/gabsko/breaking-updates/src/test/java/org/synyx/urlaubsverwaltung/availability/api/SickDayAbsenceProviderTest.java:[35,13] org.synyx.urlaubsverwaltung.availability.api.SickDayAbsenceProvider in org.synyx.urlaubsverwaltung.availability.api has been deprecated and marked for removal
[WARNING] /home/gabsko/breaking-updates/src/test/java/org/synyx/urlaubsverwaltung/availability/api/SickDayAbsenceProviderTest.java:[35,13] org.synyx.urlaubsverwaltung.availability.api.SickDayAbsenceProvider in org.synyx.urlaubsverwaltung.availability.api has been deprecated and marked for removal
[WARNING] /home/gabsko/breaking-updates/src/test/java/org/synyx/urlaubsverwaltung/availability/api/SickDayAbsenceProviderTest.java:[40,13] org.synyx.urlaubsverwaltung.availability.api.VacationAbsenceProvider in org.synyx.urlaubsverwaltung.availability.api has been deprecated and marked for removal
[WARNING] /home/gabsko/breaking-updates/src/test/java/org/synyx/urlaubsverwaltung/availability/api/SickDayAbsenceProviderTest.java:[40,13] org.synyx.urlaubsverwaltung.availability.api.VacationAbsenceProvider in org.synyx.urlaubsverwaltung.availability.api has been deprecated and marked for removal
[WARNING] /home/gabsko/breaking-updates/src/test/java/org/synyx/urlaubsverwaltung/availability/api/SickDayAbsenceProviderTest.java:[40,13] org.synyx.urlaubsverwaltung.availability.api.VacationAbsenceProvider in org.synyx.urlaubsverwaltung.availability.api has been deprecated and marked for removal
[WARNING] /home/gabsko/breaking-updates/src/test/java/org/synyx/urlaubsverwaltung/availability/api/SickDayAbsenceProviderTest.java:[44,19] org.synyx.urlaubsverwaltung.availability.api.SickDayAbsenceProvider in org.synyx.urlaubsverwaltung.availability.api has been deprecated and marked for removal
[WARNING] /home/gabsko/breaking-updates/src/test/java/org/synyx/urlaubsverwaltung/availability/api/SickDayAbsenceProviderTest.java:[51,15] org.synyx.urlaubsverwaltung.availability.api.TimedAbsenceSpans in org.synyx.urlaubsverwaltung.availability.api has been deprecated and marked for removal
[WARNING] /home/gabsko/breaking-updates/src/test/java/org/synyx/urlaubsverwaltung/availability/api/SickDayAbsenceProviderTest.java:[51,53] org.synyx.urlaubsverwaltung.availability.api.TimedAbsenceSpans in org.synyx.urlaubsverwaltung.availability.api has been deprecated and marked for removal
[WARNING] /home/gabsko/breaking-updates/src/test/java/org/synyx/urlaubsverwaltung/availability/api/SickDayAbsenceProviderTest.java:[57,15] org.synyx.urlaubsverwaltung.availability.api.TimedAbsenceSpans in org.synyx.urlaubsverwaltung.availability.api has been deprecated and marked for removal
[WARNING] /home/gabsko/breaking-updates/src/test/java/org/synyx/urlaubsverwaltung/availability/api/SickDayAbsenceProviderTest.java:[58,20] org.synyx.urlaubsverwaltung.availability.api.TimedAbsence in org.synyx.urlaubsverwaltung.availability.api has been deprecated and marked for removal
[WARNING] /home/gabsko/breaking-updates/src/test/java/org/synyx/urlaubsverwaltung/availability/api/SickDayAbsenceProviderTest.java:[68,15] org.synyx.urlaubsverwaltung.availability.api.TimedAbsenceSpans in org.synyx.urlaubsverwaltung.availability.api has been deprecated and marked for removal
[WARNING] /home/gabsko/breaking-updates/src/test/java/org/synyx/urlaubsverwaltung/availability/api/SickDayAbsenceProviderTest.java:[68,53] org.synyx.urlaubsverwaltung.availability.api.TimedAbsenceSpans in org.synyx.urlaubsverwaltung.availability.api has been deprecated and marked for removal
[WARNING] /home/gabsko/breaking-updates/src/test/java/org/synyx/urlaubsverwaltung/availability/api/SickDayAbsenceProviderTest.java:[75,15] org.synyx.urlaubsverwaltung.availability.api.TimedAbsenceSpans in org.synyx.urlaubsverwaltung.availability.api has been deprecated and marked for removal
[WARNING] /home/gabsko/breaking-updates/src/test/java/org/synyx/urlaubsverwaltung/availability/api/SickDayAbsenceProviderTest.java:[76,20] org.synyx.urlaubsverwaltung.availability.api.TimedAbsence in org.synyx.urlaubsverwaltung.availability.api has been deprecated and marked for removal
[WARNING] /home/gabsko/breaking-updates/src/test/java/org/synyx/urlaubsverwaltung/availability/api/SickDayAbsenceProviderTest.java:[92,15] org.synyx.urlaubsverwaltung.availability.api.TimedAbsenceSpans in org.synyx.urlaubsverwaltung.availability.api has been deprecated and marked for removal
[WARNING] /home/gabsko/breaking-updates/src/test/java/org/synyx/urlaubsverwaltung/availability/api/SickDayAbsenceProviderTest.java:[92,53] org.synyx.urlaubsverwaltung.availability.api.TimedAbsenceSpans in org.synyx.urlaubsverwaltung.availability.api has been deprecated and marked for removal
[WARNING] /home/gabsko/breaking-updates/src/test/java/org/synyx/urlaubsverwaltung/availability/api/SickDayAbsenceProviderTest.java:[99,15] org.synyx.urlaubsverwaltung.availability.api.TimedAbsenceSpans in org.synyx.urlaubsverwaltung.availability.api has been deprecated and marked for removal
[WARNING] /home/gabsko/breaking-updates/src/test/java/org/synyx/urlaubsverwaltung/availability/api/SickDayAbsenceProviderTest.java:[100,20] org.synyx.urlaubsverwaltung.availability.api.TimedAbsence in org.synyx.urlaubsverwaltung.availability.api has been deprecated and marked for removal
[WARNING] /home/gabsko/breaking-updates/src/test/java/org/synyx/urlaubsverwaltung/availability/api/SickDayAbsenceProviderTest.java:[112,15] org.synyx.urlaubsverwaltung.availability.api.TimedAbsenceSpans in org.synyx.urlaubsverwaltung.availability.api has been deprecated and marked for removal
[WARNING] /home/gabsko/breaking-updates/src/test/java/org/synyx/urlaubsverwaltung/availability/api/SickDayAbsenceProviderTest.java:[112,53] org.synyx.urlaubsverwaltung.availability.api.TimedAbsenceSpans in org.synyx.urlaubsverwaltung.availability.api has been deprecated and marked for removal
[WARNING] /home/gabsko/breaking-updates/src/test/java/org/synyx/urlaubsverwaltung/availability/api/SickDayAbsenceProviderTest.java:[119,15] org.synyx.urlaubsverwaltung.availability.api.TimedAbsenceSpans in org.synyx.urlaubsverwaltung.availability.api has been deprecated and marked for removal
[WARNING] /home/gabsko/breaking-updates/src/test/java/org/synyx/urlaubsverwaltung/availability/api/SickDayAbsenceProviderTest.java:[120,20] org.synyx.urlaubsverwaltung.availability.api.TimedAbsence in org.synyx.urlaubsverwaltung.availability.api has been deprecated and marked for removal
[WARNING] /home/gabsko/breaking-updates/src/test/java/org/synyx/urlaubsverwaltung/availability/api/SickDayAbsenceProviderTest.java:[133,33] org.synyx.urlaubsverwaltung.availability.api.TimedAbsenceSpans in org.synyx.urlaubsverwaltung.availability.api has been deprecated and marked for removal
[WARNING] /home/gabsko/breaking-updates/src/test/java/org/synyx/urlaubsverwaltung/availability/api/SickDayAbsenceProviderTest.java:[143,15] org.synyx.urlaubsverwaltung.availability.api.TimedAbsenceSpans in org.synyx.urlaubsverwaltung.availability.api has been deprecated and marked for removal
[WARNING] /home/gabsko/breaking-updates/src/test/java/org/synyx/urlaubsverwaltung/availability/api/SickDayAbsenceProviderTest.java:[143,53] org.synyx.urlaubsverwaltung.availability.api.TimedAbsenceSpans in org.synyx.urlaubsverwaltung.availability.api has been deprecated and marked for removal
[WARNING] /home/gabsko/breaking-updates/src/test/java/org/synyx/urlaubsverwaltung/calendarintegration/CalendarSettingsTest.java:[16,15] org.synyx.urlaubsverwaltung.calendarintegration.CalendarSettings in org.synyx.urlaubsverwaltung.calendarintegration has been deprecated and marked for removal
[WARNING] /home/gabsko/breaking-updates/src/test/java/org/synyx/urlaubsverwaltung/calendarintegration/CalendarSettingsTest.java:[16,55] org.synyx.urlaubsverwaltung.calendarintegration.CalendarSettings in org.synyx.urlaubsverwaltung.calendarintegration has been deprecated and marked for removal
[WARNING] /home/gabsko/breaking-updates/src/test/java/org/synyx/urlaubsverwaltung/calendarintegration/CalendarMailServiceTest.java:[28,13] org.synyx.urlaubsverwaltung.calendarintegration.CalendarMailService in org.synyx.urlaubsverwaltung.calendarintegration has been deprecated and marked for removal
[WARNING] /home/gabsko/breaking-updates/src/test/java/org/synyx/urlaubsverwaltung/calendarintegration/CalendarMailServiceTest.java:[28,13] org.synyx.urlaubsverwaltung.calendarintegration.CalendarMailService in org.synyx.urlaubsverwaltung.calendarintegration has been deprecated and marked for removal
[WARNING] /home/gabsko/breaking-updates/src/test/java/org/synyx/urlaubsverwaltung/calendarintegration/CalendarMailServiceTest.java:[28,13] org.synyx.urlaubsverwaltung.calendarintegration.CalendarMailService in org.synyx.urlaubsverwaltung.calendarintegration has been deprecated and marked for removal
[WARNING] /home/gabsko/breaking-updates/src/test/java/org/synyx/urlaubsverwaltung/calendarintegration/CalendarMailServiceTest.java:[35,19] org.synyx.urlaubsverwaltung.calendarintegration.CalendarMailService in org.synyx.urlaubsverwaltung.calendarintegration has been deprecated and marked for removal
[WARNING] /home/gabsko/breaking-updates/src/test/java/org/synyx/urlaubsverwaltung/calendarintegration/CalendarMailServiceTest.java:[50,15] org.synyx.urlaubsverwaltung.absence.Absence in org.synyx.urlaubsverwaltung.absence has been deprecated
[WARNING] /home/gabsko/breaking-updates/src/test/java/org/synyx/urlaubsverwaltung/calendarintegration/CalendarMailServiceTest.java:[50,37] org.synyx.urlaubsverwaltung.absence.Absence in org.synyx.urlaubsverwaltung.absence has been deprecated
[WARNING] /home/gabsko/breaking-updates/src/test/java/org/synyx/urlaubsverwaltung/calendarintegration/CalendarMailServiceTest.java:[82,15] org.synyx.urlaubsverwaltung.absence.Absence in org.synyx.urlaubsverwaltung.absence has been deprecated
[WARNING] /home/gabsko/breaking-updates/src/test/java/org/synyx/urlaubsverwaltung/calendarintegration/CalendarMailServiceTest.java:[82,37] org.synyx.urlaubsverwaltung.absence.Absence in org.synyx.urlaubsverwaltung.absence has been deprecated
[WARNING] /home/gabsko/breaking-updates/src/test/java/org/synyx/urlaubsverwaltung/calendar/ICalServiceTest.java:[45,20] org.synyx.urlaubsverwaltung.absence.Absence in org.synyx.urlaubsverwaltung.absence has been deprecated
[WARNING] /home/gabsko/breaking-updates/src/test/java/org/synyx/urlaubsverwaltung/calendar/ICalServiceTest.java:[54,15] org.synyx.urlaubsverwaltung.absence.Absence in org.synyx.urlaubsverwaltung.absence has been deprecated
[WARNING] /home/gabsko/breaking-updates/src/test/java/org/synyx/urlaubsverwaltung/calendar/ICalServiceTest.java:[76,15] org.synyx.urlaubsverwaltung.absence.Absence in org.synyx.urlaubsverwaltung.absence has been deprecated
[WARNING] /home/gabsko/breaking-updates/src/test/java/org/synyx/urlaubsverwaltung/calendar/ICalServiceTest.java:[98,15] org.synyx.urlaubsverwaltung.absence.Absence in org.synyx.urlaubsverwaltung.absence has been deprecated
[WARNING] /home/gabsko/breaking-updates/src/test/java/org/synyx/urlaubsverwaltung/calendar/ICalServiceTest.java:[121,15] org.synyx.urlaubsverwaltung.absence.Absence in org.synyx.urlaubsverwaltung.absence has been deprecated
[WARNING] /home/gabsko/breaking-updates/src/test/java/org/synyx/urlaubsverwaltung/calendar/ICalServiceTest.java:[143,15] org.synyx.urlaubsverwaltung.absence.Absence in org.synyx.urlaubsverwaltung.absence has been deprecated
[WARNING] /home/gabsko/breaking-updates/src/test/java/org/synyx/urlaubsverwaltung/calendar/ICalServiceTest.java:[169,15] org.synyx.urlaubsverwaltung.absence.Absence in org.synyx.urlaubsverwaltung.absence has been deprecated
[WARNING] /home/gabsko/breaking-updates/src/test/java/org/synyx/urlaubsverwaltung/calendar/ICalServiceTest.java:[197,15] org.synyx.urlaubsverwaltung.absence.Absence in org.synyx.urlaubsverwaltung.absence has been deprecated
[WARNING] /home/gabsko/breaking-updates/src/test/java/org/synyx/urlaubsverwaltung/calendar/ICalServiceTest.java:[219,13] org.synyx.urlaubsverwaltung.absence.Absence in org.synyx.urlaubsverwaltung.absence has been deprecated
[WARNING] /home/gabsko/breaking-updates/src/test/java/org/synyx/urlaubsverwaltung/calendar/ICalServiceTest.java:[219,13] org.synyx.urlaubsverwaltung.absence.Absence in org.synyx.urlaubsverwaltung.absence has been deprecated
[WARNING] /home/gabsko/breaking-updates/src/test/java/org/synyx/urlaubsverwaltung/calendar/ICalServiceTest.java:[219,13] org.synyx.urlaubsverwaltung.absence.Absence in org.synyx.urlaubsverwaltung.absence has been deprecated
[WARNING] /home/gabsko/breaking-updates/src/test/java/org/synyx/urlaubsverwaltung/calendar/ICalServiceTest.java:[223,13] org.synyx.urlaubsverwaltung.absence.Absence in org.synyx.urlaubsverwaltung.absence has been deprecated
[WARNING] /home/gabsko/breaking-updates/src/test/java/org/synyx/urlaubsverwaltung/calendar/ICalServiceTest.java:[223,13] org.synyx.urlaubsverwaltung.absence.Absence in org.synyx.urlaubsverwaltung.absence has been deprecated
[WARNING] /home/gabsko/breaking-updates/src/test/java/org/synyx/urlaubsverwaltung/calendar/ICalServiceTest.java:[223,13] org.synyx.urlaubsverwaltung.absence.Absence in org.synyx.urlaubsverwaltung.absence has been deprecated
[WARNING] /home/gabsko/breaking-updates/src/test/java/org/synyx/urlaubsverwaltung/calendar/ICalServiceTest.java:[229,20] org.synyx.urlaubsverwaltung.absence.Absence in org.synyx.urlaubsverwaltung.absence has been deprecated
[WARNING] /home/gabsko/breaking-updates/src/test/java/org/synyx/urlaubsverwaltung/availability/api/AvailabilityApiControllerSecurityIT.java:[36,13] org.synyx.urlaubsverwaltung.availability.api.AvailabilityService in org.synyx.urlaubsverwaltung.availability.api has been deprecated and marked for removal
[WARNING] /home/gabsko/breaking-updates/src/test/java/org/synyx/urlaubsverwaltung/availability/api/AvailabilityApiControllerSecurityIT.java:[36,13] org.synyx.urlaubsverwaltung.availability.api.AvailabilityService in org.synyx.urlaubsverwaltung.availability.api has been deprecated and marked for removal
[WARNING] /home/gabsko/breaking-updates/src/test/java/org/synyx/urlaubsverwaltung/availability/api/AvailabilityApiControllerSecurityIT.java:[36,13] org.synyx.urlaubsverwaltung.availability.api.AvailabilityService in org.synyx.urlaubsverwaltung.availability.api has been deprecated and marked for removal
[WARNING] /home/gabsko/breaking-updates/src/test/java/org/synyx/urlaubsverwaltung/availability/api/AvailabilityApiControllerSecurityIT.java:[124,96] org.synyx.urlaubsverwaltung.availability.api.AvailabilityListDto in org.synyx.urlaubsverwaltung.availability.api has been deprecated and marked for removal
[WARNING] /home/gabsko/breaking-updates/src/test/java/org/synyx/urlaubsverwaltung/calendar/CompanyCalendarServiceTest.java:[69,20] org.synyx.urlaubsverwaltung.absence.Absence in org.synyx.urlaubsverwaltung.absence has been deprecated
[WARNING] /home/gabsko/breaking-updates/src/test/java/org/synyx/urlaubsverwaltung/calendar/CompanyCalendarServiceTest.java:[230,13] org.synyx.urlaubsverwaltung.absence.Absence in org.synyx.urlaubsverwaltung.absence has been deprecated
[WARNING] /home/gabsko/breaking-updates/src/test/java/org/synyx/urlaubsverwaltung/calendar/CompanyCalendarServiceTest.java:[230,13] org.synyx.urlaubsverwaltung.absence.Absence in org.synyx.urlaubsverwaltung.absence has been deprecated
[WARNING] /home/gabsko/breaking-updates/src/test/java/org/synyx/urlaubsverwaltung/calendar/CompanyCalendarServiceTest.java:[230,13] org.synyx.urlaubsverwaltung.absence.Absence in org.synyx.urlaubsverwaltung.absence has been deprecated
[WARNING] /home/gabsko/breaking-updates/src/test/java/org/synyx/urlaubsverwaltung/calendar/CompanyCalendarServiceTest.java:[234,20] org.synyx.urlaubsverwaltung.absence.Absence in org.synyx.urlaubsverwaltung.absence has been deprecated
[WARNING] /home/gabsko/breaking-updates/src/test/java/org/synyx/urlaubsverwaltung/sicknote/SickNoteInteractionServiceImplTest.java:[53,13] org.synyx.urlaubsverwaltung.calendarintegration.CalendarSyncService in org.synyx.urlaubsverwaltung.calendarintegration has been deprecated and marked for removal
[WARNING] /home/gabsko/breaking-updates/src/test/java/org/synyx/urlaubsverwaltung/sicknote/SickNoteInteractionServiceImplTest.java:[53,13] org.synyx.urlaubsverwaltung.calendarintegration.CalendarSyncService in org.synyx.urlaubsverwaltung.calendarintegration has been deprecated and marked for removal
[WARNING] /home/gabsko/breaking-updates/src/test/java/org/synyx/urlaubsverwaltung/sicknote/SickNoteInteractionServiceImplTest.java:[53,13] org.synyx.urlaubsverwaltung.calendarintegration.CalendarSyncService in org.synyx.urlaubsverwaltung.calendarintegration has been deprecated and marked for removal
[WARNING] /home/gabsko/breaking-updates/src/test/java/org/synyx/urlaubsverwaltung/sicknote/SickNoteInteractionServiceImplTest.java:[67,49] org.synyx.urlaubsverwaltung.absence.Absence in org.synyx.urlaubsverwaltung.absence has been deprecated
[WARNING] /home/gabsko/breaking-updates/src/test/java/org/synyx/urlaubsverwaltung/sicknote/SickNoteInteractionServiceImplTest.java:[85,49] org.synyx.urlaubsverwaltung.absence.Absence in org.synyx.urlaubsverwaltung.absence has been deprecated
[WARNING] /home/gabsko/breaking-updates/src/test/java/org/synyx/urlaubsverwaltung/sicknote/SickNoteInteractionServiceImplTest.java:[101,49] org.synyx.urlaubsverwaltung.absence.Absence in org.synyx.urlaubsverwaltung.absence has been deprecated
[WARNING] /home/gabsko/breaking-updates/src/test/java/org/synyx/urlaubsverwaltung/sicknote/SickNoteInteractionServiceImplTest.java:[110,52] org.synyx.urlaubsverwaltung.absence.Absence in org.synyx.urlaubsverwaltung.absence has been deprecated
[WARNING] /home/gabsko/breaking-updates/src/test/java/org/synyx/urlaubsverwaltung/sicknote/SickNoteInteractionServiceImplTest.java:[162,48] org.synyx.urlaubsverwaltung.absence.Absence in org.synyx.urlaubsverwaltung.absence has been deprecated
[WARNING] /home/gabsko/breaking-updates/src/test/java/org/synyx/urlaubsverwaltung/sicknote/SickNoteInteractionServiceImplTest.java:[250,48] org.synyx.urlaubsverwaltung.absence.Absence in org.synyx.urlaubsverwaltung.absence has been deprecated
[WARNING] /home/gabsko/breaking-updates/src/test/java/org/synyx/urlaubsverwaltung/absence/web/VacationOverviewViewControllerTest.java:[15,56] org.synyx.urlaubsverwaltung.absence.web.VacationOverviewViewController in org.synyx.urlaubsverwaltung.absence.web has been deprecated and marked for removal
[WARNING] /home/gabsko/breaking-updates/src/test/java/org/synyx/urlaubsverwaltung/calendarintegration/CalendarServiceTest.java:[27,23] org.synyx.urlaubsverwaltung.calendarintegration.providers.google.GoogleCalendarSyncProvider in org.synyx.urlaubsverwaltung.calendarintegration.providers.google has been deprecated and marked for removal
[WARNING] /home/gabsko/breaking-updates/src/test/java/org/synyx/urlaubsverwaltung/calendarintegration/CalendarServiceTest.java:[27,57] org.synyx.urlaubsverwaltung.calendarintegration.providers.google.GoogleCalendarSyncProvider in org.synyx.urlaubsverwaltung.calendarintegration.providers.google has been deprecated and marked for removal
[WARNING] /home/gabsko/breaking-updates/src/test/java/org/synyx/urlaubsverwaltung/calendarintegration/CalendarServiceTest.java:[28,23] org.synyx.urlaubsverwaltung.calendarintegration.providers.exchange.ExchangeCalendarProvider in org.synyx.urlaubsverwaltung.calendarintegration.providers.exchange has been deprecated and marked for removal
[WARNING] /home/gabsko/breaking-updates/src/test/java/org/synyx/urlaubsverwaltung/calendarintegration/CalendarServiceTest.java:[28,55] org.synyx.urlaubsverwaltung.calendarintegration.providers.exchange.ExchangeCalendarProvider in org.synyx.urlaubsverwaltung.calendarintegration.providers.exchange has been deprecated and marked for removal
[WARNING] /home/gabsko/breaking-updates/src/test/java/org/synyx/urlaubsverwaltung/calendarintegration/CalendarServiceTest.java:[29,23] org.synyx.urlaubsverwaltung.calendarintegration.providers.noop.NoopCalendarSyncProvider in org.synyx.urlaubsverwaltung.calendarintegration.providers.noop has been deprecated and marked for removal
[WARNING] /home/gabsko/breaking-updates/src/test/java/org/synyx/urlaubsverwaltung/calendarintegration/CalendarServiceTest.java:[29,55] org.synyx.urlaubsverwaltung.calendarintegration.providers.noop.NoopCalendarSyncProvider in org.synyx.urlaubsverwaltung.calendarintegration.providers.noop has been deprecated and marked for removal
[WARNING] /home/gabsko/breaking-updates/src/test/java/org/synyx/urlaubsverwaltung/calendarintegration/CalendarServiceTest.java:[30,37] org.synyx.urlaubsverwaltung.calendarintegration.providers.noop.NoopCalendarSyncProvider in org.synyx.urlaubsverwaltung.calendarintegration.providers.noop has been deprecated and marked for removal
[WARNING] /home/gabsko/breaking-updates/src/test/java/org/synyx/urlaubsverwaltung/calendarintegration/CalendarServiceTest.java:[38,14] org.synyx.urlaubsverwaltung.calendarintegration.providers.CalendarProvider in org.synyx.urlaubsverwaltung.calendarintegration.providers has been deprecated and marked for removal
[WARNING] /home/gabsko/breaking-updates/src/test/java/org/synyx/urlaubsverwaltung/calendarintegration/CalendarServiceTest.java:[39,9] org.synyx.urlaubsverwaltung.calendarintegration.CalendarService in org.synyx.urlaubsverwaltung.calendarintegration has been deprecated and marked for removal
[WARNING] /home/gabsko/breaking-updates/src/test/java/org/synyx/urlaubsverwaltung/calendarintegration/CalendarServiceTest.java:[39,35] org.synyx.urlaubsverwaltung.calendarintegration.CalendarService in org.synyx.urlaubsverwaltung.calendarintegration has been deprecated and marked for removal
[WARNING] /home/gabsko/breaking-updates/src/test/java/org/synyx/urlaubsverwaltung/calendarintegration/CalendarServiceTest.java:[49,9] org.synyx.urlaubsverwaltung.calendarintegration.CalendarSettings in org.synyx.urlaubsverwaltung.calendarintegration has been deprecated and marked for removal
[WARNING] /home/gabsko/breaking-updates/src/test/java/org/synyx/urlaubsverwaltung/calendarintegration/CalendarServiceTest.java:[49,50] org.synyx.urlaubsverwaltung.calendarintegration.CalendarSettings in org.synyx.urlaubsverwaltung.calendarintegration has been deprecated and marked for removal
[WARNING] /home/gabsko/breaking-updates/src/test/java/org/synyx/urlaubsverwaltung/calendarintegration/CalendarServiceTest.java:[57,18] org.synyx.urlaubsverwaltung.calendarintegration.providers.CalendarProvider in org.synyx.urlaubsverwaltung.calendarintegration.providers has been deprecated and marked for removal
[WARNING] /home/gabsko/breaking-updates/src/test/java/org/synyx/urlaubsverwaltung/calendarintegration/CalendarServiceTest.java:[57,18] org.synyx.urlaubsverwaltung.calendarintegration.providers.CalendarProvider in org.synyx.urlaubsverwaltung.calendarintegration.providers has been deprecated and marked for removal
[WARNING] /home/gabsko/breaking-updates/src/test/java/org/synyx/urlaubsverwaltung/calendarintegration/CalendarServiceTest.java:[57,18] org.synyx.urlaubsverwaltung.calendarintegration.providers.CalendarProvider in org.synyx.urlaubsverwaltung.calendarintegration.providers has been deprecated and marked for removal
[WARNING] /home/gabsko/breaking-updates/src/test/java/org/synyx/urlaubsverwaltung/calendarintegration/CalendarServiceTest.java:[58,14] org.synyx.urlaubsverwaltung.calendarintegration.providers.CalendarProvider in org.synyx.urlaubsverwaltung.calendarintegration.providers has been deprecated and marked for removal
[WARNING] /home/gabsko/breaking-updates/src/test/java/org/synyx/urlaubsverwaltung/calendarintegration/CalendarServiceTest.java:[59,35] org.synyx.urlaubsverwaltung.calendarintegration.providers.noop.NoopCalendarSyncProvider in org.synyx.urlaubsverwaltung.calendarintegration.providers.noop has been deprecated and marked for removal
[WARNING] /home/gabsko/breaking-updates/src/test/java/org/synyx/urlaubsverwaltung/calendarintegration/CalendarServiceTest.java:[60,35] org.synyx.urlaubsverwaltung.calendarintegration.providers.exchange.ExchangeCalendarProvider in org.synyx.urlaubsverwaltung.calendarintegration.providers.exchange has been deprecated and marked for removal
[WARNING] /home/gabsko/breaking-updates/src/test/java/org/synyx/urlaubsverwaltung/calendarintegration/CalendarServiceTest.java:[61,35] org.synyx.urlaubsverwaltung.calendarintegration.providers.google.GoogleCalendarSyncProvider in org.synyx.urlaubsverwaltung.calendarintegration.providers.google has been deprecated and marked for removal
[WARNING] /home/gabsko/breaking-updates/src/test/java/org/synyx/urlaubsverwaltung/availability/api/VacationAbsenceProviderTest.java:[33,13] org.synyx.urlaubsverwaltung.availability.api.VacationAbsenceProvider in org.synyx.urlaubsverwaltung.availability.api has been deprecated and marked for removal
[WARNING] /home/gabsko/breaking-updates/src/test/java/org/synyx/urlaubsverwaltung/availability/api/VacationAbsenceProviderTest.java:[33,13] org.synyx.urlaubsverwaltung.availability.api.VacationAbsenceProvider in org.synyx.urlaubsverwaltung.availability.api has been deprecated and marked for removal
[WARNING] /home/gabsko/breaking-updates/src/test/java/org/synyx/urlaubsverwaltung/availability/api/VacationAbsenceProviderTest.java:[33,13] org.synyx.urlaubsverwaltung.availability.api.VacationAbsenceProvider in org.synyx.urlaubsverwaltung.availability.api has been deprecated and marked for removal
[WARNING] /home/gabsko/breaking-updates/src/test/java/org/synyx/urlaubsverwaltung/availability/api/VacationAbsenceProviderTest.java:[40,19] org.synyx.urlaubsverwaltung.availability.api.VacationAbsenceProvider in org.synyx.urlaubsverwaltung.availability.api has been deprecated and marked for removal
[WARNING] /home/gabsko/breaking-updates/src/test/java/org/synyx/urlaubsverwaltung/availability/api/VacationAbsenceProviderTest.java:[53,15] org.synyx.urlaubsverwaltung.availability.api.TimedAbsenceSpans in org.synyx.urlaubsverwaltung.availability.api has been deprecated and marked for removal
[WARNING] /home/gabsko/breaking-updates/src/test/java/org/synyx/urlaubsverwaltung/availability/api/VacationAbsenceProviderTest.java:[53,84] org.synyx.urlaubsverwaltung.availability.api.TimedAbsenceSpans in org.synyx.urlaubsverwaltung.availability.api has been deprecated and marked for removal
[WARNING] /home/gabsko/breaking-updates/src/test/java/org/synyx/urlaubsverwaltung/availability/api/VacationAbsenceProviderTest.java:[70,15] org.synyx.urlaubsverwaltung.availability.api.TimedAbsenceSpans in org.synyx.urlaubsverwaltung.availability.api has been deprecated and marked for removal
[WARNING] /home/gabsko/breaking-updates/src/test/java/org/synyx/urlaubsverwaltung/availability/api/VacationAbsenceProviderTest.java:[70,84] org.synyx.urlaubsverwaltung.availability.api.TimedAbsenceSpans in org.synyx.urlaubsverwaltung.availability.api has been deprecated and marked for removal
[INFO] /home/gabsko/breaking-updates/src/test/java/org/synyx/urlaubsverwaltung/calendar/PersonCalendarServiceTest.java: Some input files additionally use or override a deprecated API.
[INFO] /home/gabsko/breaking-updates/src/test/java/org/synyx/urlaubsverwaltung/availability/api/VacationAbsenceProviderTest.java: Some input files additionally use or override a deprecated API that is marked for removal.
[INFO] /home/gabsko/breaking-updates/src/test/java/org/synyx/urlaubsverwaltung/overtime/web/OvertimeViewControllerTest.java: /home/gabsko/breaking-updates/src/test/java/org/synyx/urlaubsverwaltung/overtime/web/OvertimeViewControllerTest.java uses unchecked or unsafe operations.
[INFO] /home/gabsko/breaking-updates/src/test/java/org/synyx/urlaubsverwaltung/overtime/web/OvertimeViewControllerTest.java: Recompile with -Xlint:unchecked for details.
[INFO] 
[INFO] --- maven-surefire-plugin:2.22.2:test (default-test) @ urlaubsverwaltung ---
[INFO] 
[INFO] -------------------------------------------------------
[INFO]  T E S T S
[INFO] -------------------------------------------------------
[INFO] Running org.synyx.urlaubsverwaltung.calendarintegration.CalendarSettingsTest
[INFO] Tests run: 1, Failures: 0, Errors: 0, Skipped: 0, Time elapsed: 0.072 s - in org.synyx.urlaubsverwaltung.calendarintegration.CalendarSettingsTest
[INFO] Running org.synyx.urlaubsverwaltung.calendarintegration.CalendarSyncServiceImplTest
[INFO] Tests run: 4, Failures: 0, Errors: 0, Skipped: 0, Time elapsed: 0.428 s - in org.synyx.urlaubsverwaltung.calendarintegration.CalendarSyncServiceImplTest
[INFO] Running org.synyx.urlaubsverwaltung.calendarintegration.CalendarServiceTest
[INFO] Tests run: 4, Failures: 0, Errors: 0, Skipped: 0, Time elapsed: 0.298 s - in org.synyx.urlaubsverwaltung.calendarintegration.CalendarServiceTest
[INFO] Running org.synyx.urlaubsverwaltung.calendarintegration.ExchangeCalendarSettingsTest
[INFO] Tests run: 1, Failures: 0, Errors: 0, Skipped: 0, Time elapsed: 0.001 s - in org.synyx.urlaubsverwaltung.calendarintegration.ExchangeCalendarSettingsTest
[INFO] Running org.synyx.urlaubsverwaltung.calendarintegration.providers.google.GoogleCalendarSyncProviderServiceTest
[WARNING] Tests run: 1, Failures: 0, Errors: 0, Skipped: 1, Time elapsed: 0.001 s - in org.synyx.urlaubsverwaltung.calendarintegration.providers.google.GoogleCalendarSyncProviderServiceTest
[INFO] Running org.synyx.urlaubsverwaltung.calendarintegration.providers.exchange.ExchangeFactoryTest
[INFO] Tests run: 2, Failures: 0, Errors: 0, Skipped: 0, Time elapsed: 0.272 s - in org.synyx.urlaubsverwaltung.calendarintegration.providers.exchange.ExchangeFactoryTest
[INFO] Running org.synyx.urlaubsverwaltung.calendarintegration.providers.exchange.ExchangeCalendarProviderTest
[INFO] Tests run: 2, Failures: 0, Errors: 0, Skipped: 0, Time elapsed: 0.22 s - in org.synyx.urlaubsverwaltung.calendarintegration.providers.exchange.ExchangeCalendarProviderTest
[INFO] Running org.synyx.urlaubsverwaltung.calendarintegration.providers.exchange.ExchangeCalendarDependenciesTest
[INFO] Tests run: 1, Failures: 0, Errors: 0, Skipped: 0, Time elapsed: 0.108 s - in org.synyx.urlaubsverwaltung.calendarintegration.providers.exchange.ExchangeCalendarDependenciesTest
[INFO] Running org.synyx.urlaubsverwaltung.calendarintegration.CalendarMailServiceTest
[INFO] Tests run: 3, Failures: 0, Errors: 0, Skipped: 0, Time elapsed: 0.009 s - in org.synyx.urlaubsverwaltung.calendarintegration.CalendarMailServiceTest
[INFO] Running org.synyx.urlaubsverwaltung.dev.TestUserDemo
[INFO] Tests run: 5, Failures: 0, Errors: 0, Skipped: 0, Time elapsed: 0.003 s - in org.synyx.urlaubsverwaltung.dev.TestUserDemo
[INFO] Running org.synyx.urlaubsverwaltung.absence.AbsenceMappingServiceImplTest
[INFO] Tests run: 6, Failures: 0, Errors: 0, Skipped: 0, Time elapsed: 0.016 s - in org.synyx.urlaubsverwaltung.absence.AbsenceMappingServiceImplTest
[INFO] Running org.synyx.urlaubsverwaltung.absence.web.AbsenceOverviewViewControllerTest
[INFO] Tests run: 49, Failures: 0, Errors: 0, Skipped: 0, Time elapsed: 1.342 s - in org.synyx.urlaubsverwaltung.absence.web.AbsenceOverviewViewControllerTest
[INFO] Running org.synyx.urlaubsverwaltung.absence.web.VacationOverviewViewControllerTest
[INFO] Tests run: 1, Failures: 0, Errors: 0, Skipped: 0, Time elapsed: 0 s - in org.synyx.urlaubsverwaltung.absence.web.VacationOverviewViewControllerTest
[INFO] Running org.synyx.urlaubsverwaltung.absence.TimeSettingsTest
[INFO] Tests run: 1, Failures: 0, Errors: 0, Skipped: 0, Time elapsed: 0 s - in org.synyx.urlaubsverwaltung.absence.TimeSettingsTest
[INFO] Running org.synyx.urlaubsverwaltung.absence.AbsencePeriodTest
[INFO] Tests run: 28, Failures: 0, Errors: 0, Skipped: 0, Time elapsed: 0.001 s - in org.synyx.urlaubsverwaltung.absence.AbsencePeriodTest
[INFO] Running org.synyx.urlaubsverwaltung.absence.AbsenceTimeConfigurationTest
[INFO] Tests run: 4, Failures: 0, Errors: 0, Skipped: 0, Time elapsed: 0 s - in org.synyx.urlaubsverwaltung.absence.AbsenceTimeConfigurationTest
[INFO] Running org.synyx.urlaubsverwaltung.absence.AbsenceApiControllerTest
[INFO] Tests run: 24, Failures: 0, Errors: 0, Skipped: 0, Time elapsed: 0.36 s - in org.synyx.urlaubsverwaltung.absence.AbsenceApiControllerTest
[INFO] Running org.synyx.urlaubsverwaltung.absence.AbsenceServiceImplTest
[INFO] Tests run: 19, Failures: 0, Errors: 0, Skipped: 0, Time elapsed: 0.057 s - in org.synyx.urlaubsverwaltung.absence.AbsenceServiceImplTest
[INFO] Running org.synyx.urlaubsverwaltung.absence.AbsenceTest
[INFO] Tests run: 10, Failures: 0, Errors: 0, Skipped: 0, Time elapsed: 0.004 s - in org.synyx.urlaubsverwaltung.absence.AbsenceTest
[INFO] Running org.synyx.urlaubsverwaltung.validation.CronExpressionConstraintValidatorTest
[INFO] Tests run: 5, Failures: 0, Errors: 0, Skipped: 0, Time elapsed: 0 s - in org.synyx.urlaubsverwaltung.validation.CronExpressionConstraintValidatorTest
[INFO] Running org.synyx.urlaubsverwaltung.sickdays.web.SickDaysOverviewViewControllerTest
[INFO] Tests run: 4, Failures: 0, Errors: 0, Skipped: 0, Time elapsed: 0.043 s - in org.synyx.urlaubsverwaltung.sickdays.web.SickDaysOverviewViewControllerTest
[INFO] Running org.synyx.urlaubsverwaltung.sickdays.web.SickDaysTest
[INFO] Tests run: 2, Failures: 0, Errors: 0, Skipped: 0, Time elapsed: 0 s - in org.synyx.urlaubsverwaltung.sickdays.web.SickDaysTest
[INFO] Running org.synyx.urlaubsverwaltung.availability.api.AvailabilityApiControllerTest
[INFO] Tests run: 9, Failures: 0, Errors: 0, Skipped: 0, Time elapsed: 0.063 s - in org.synyx.urlaubsverwaltung.availability.api.AvailabilityApiControllerTest
[INFO] Running org.synyx.urlaubsverwaltung.availability.api.FreeTimeAbsenceProviderTest
[INFO] Tests run: 4, Failures: 0, Errors: 0, Skipped: 0, Time elapsed: 0.008 s - in org.synyx.urlaubsverwaltung.availability.api.FreeTimeAbsenceProviderTest
[INFO] Running org.synyx.urlaubsverwaltung.availability.api.AvailabilityServiceTest
[INFO] Tests run: 2, Failures: 0, Errors: 0, Skipped: 0, Time elapsed: 0.006 s - in org.synyx.urlaubsverwaltung.availability.api.AvailabilityServiceTest
[INFO] Running org.synyx.urlaubsverwaltung.availability.api.TimedAbsenceSpansTest
[INFO] Tests run: 4, Failures: 0, Errors: 0, Skipped: 0, Time elapsed: 0 s - in org.synyx.urlaubsverwaltung.availability.api.TimedAbsenceSpansTest
[INFO] Running org.synyx.urlaubsverwaltung.availability.api.PublicHolidayAbsenceProviderTest
[INFO] Tests run: 4, Failures: 0, Errors: 0, Skipped: 0, Time elapsed: 0.001 s - in org.synyx.urlaubsverwaltung.availability.api.PublicHolidayAbsenceProviderTest
[INFO] Running org.synyx.urlaubsverwaltung.availability.api.SickDayAbsenceProviderTest
[INFO] Tests run: 6, Failures: 0, Errors: 0, Skipped: 0, Time elapsed: 0.003 s - in org.synyx.urlaubsverwaltung.availability.api.SickDayAbsenceProviderTest
[INFO] Running org.synyx.urlaubsverwaltung.availability.api.VacationAbsenceProviderTest
[INFO] Tests run: 10, Failures: 0, Errors: 0, Skipped: 0, Time elapsed: 0.002 s - in org.synyx.urlaubsverwaltung.availability.api.VacationAbsenceProviderTest
[INFO] Running org.synyx.urlaubsverwaltung.account.AccountTest
[INFO] Tests run: 3, Failures: 0, Errors: 0, Skipped: 0, Time elapsed: 0.009 s - in org.synyx.urlaubsverwaltung.account.AccountTest
[INFO] Running org.synyx.urlaubsverwaltung.account.TurnOfTheYearAccountUpdaterServiceTest
[INFO] Tests run: 1, Failures: 0, Errors: 0, Skipped: 0, Time elapsed: 0.015 s - in org.synyx.urlaubsverwaltung.account.TurnOfTheYearAccountUpdaterServiceTest
[INFO] Running org.synyx.urlaubsverwaltung.account.TurnOfTheYearAccountUpdaterConfigurationTest
[INFO] Tests run: 1, Failures: 0, Errors: 0, Skipped: 0, Time elapsed: 0.003 s - in org.synyx.urlaubsverwaltung.account.TurnOfTheYearAccountUpdaterConfigurationTest
[INFO] Running org.synyx.urlaubsverwaltung.account.AccountViewControllerTest
[INFO] Tests run: 10, Failures: 0, Errors: 0, Skipped: 0, Time elapsed: 0.101 s - in org.synyx.urlaubsverwaltung.account.AccountViewControllerTest
[INFO] Running org.synyx.urlaubsverwaltung.account.AccountSettingsTest
[INFO] Tests run: 1, Failures: 0, Errors: 0, Skipped: 0, Time elapsed: 0 s - in org.synyx.urlaubsverwaltung.account.AccountSettingsTest
[INFO] Running org.synyx.urlaubsverwaltung.account.AccountFormTest
[INFO] Tests run: 6, Failures: 0, Errors: 0, Skipped: 0, Time elapsed: 0 s - in org.synyx.urlaubsverwaltung.account.AccountFormTest
[INFO] Running org.synyx.urlaubsverwaltung.account.AccountFormValidatorTest
[INFO] Tests run: 35, Failures: 0, Errors: 0, Skipped: 0, Time elapsed: 0.014 s - in org.synyx.urlaubsverwaltung.account.AccountFormValidatorTest
[INFO] Running org.synyx.urlaubsverwaltung.account.AccountInteractionServiceImplTest
[INFO] Tests run: 9, Failures: 0, Errors: 0, Skipped: 0, Time elapsed: 0.033 s - in org.synyx.urlaubsverwaltung.account.AccountInteractionServiceImplTest
[INFO] Running org.synyx.urlaubsverwaltung.account.VacationDaysServiceTest
[INFO] Tests run: 13, Failures: 0, Errors: 0, Skipped: 0, Time elapsed: 0.171 s - in org.synyx.urlaubsverwaltung.account.VacationDaysServiceTest
[INFO] Running org.synyx.urlaubsverwaltung.account.AccountServiceImplTest
[INFO] Tests run: 2, Failures: 0, Errors: 0, Skipped: 0, Time elapsed: 0.031 s - in org.synyx.urlaubsverwaltung.account.AccountServiceImplTest
[INFO] Running org.synyx.urlaubsverwaltung.web.MenuDataProviderTest
[INFO] Tests run: 15, Failures: 0, Errors: 0, Skipped: 0, Time elapsed: 0.011 s - in org.synyx.urlaubsverwaltung.web.MenuDataProviderTest
[INFO] Running org.synyx.urlaubsverwaltung.web.DecimalNumberPropertyEditorTest
[INFO] Tests run: 13, Failures: 0, Errors: 0, Skipped: 0, Time elapsed: 0.002 s - in org.synyx.urlaubsverwaltung.web.DecimalNumberPropertyEditorTest
[INFO] Running org.synyx.urlaubsverwaltung.web.TimePropertyEditorTest
[INFO] Tests run: 6, Failures: 0, Errors: 0, Skipped: 0, Time elapsed: 0.001 s - in org.synyx.urlaubsverwaltung.web.TimePropertyEditorTest
[INFO] Running org.synyx.urlaubsverwaltung.web.LocalDatePropertyEditorTest
[INFO] Tests run: 7, Failures: 0, Errors: 0, Skipped: 0, Time elapsed: 0 s - in org.synyx.urlaubsverwaltung.web.LocalDatePropertyEditorTest
[INFO] Running org.synyx.urlaubsverwaltung.web.AbstractNoResultFoundExceptionTest
[INFO] Tests run: 2, Failures: 0, Errors: 0, Skipped: 0, Time elapsed: 0 s - in org.synyx.urlaubsverwaltung.web.AbstractNoResultFoundExceptionTest
[INFO] Running org.synyx.urlaubsverwaltung.web.ErrorControllerTest
[INFO] Tests run: 1, Failures: 0, Errors: 0, Skipped: 0, Time elapsed: 0 s - in org.synyx.urlaubsverwaltung.web.ErrorControllerTest
[INFO] Running org.synyx.urlaubsverwaltung.web.jsp.config.JspServletRegistratorTest
[INFO] Tests run: 1, Failures: 0, Errors: 0, Skipped: 0, Time elapsed: 0.052 s - in org.synyx.urlaubsverwaltung.web.jsp.config.JspServletRegistratorTest
[INFO] Running org.synyx.urlaubsverwaltung.web.jsp.tags.AssetFilenameHashMapperTest
[INFO] Tests run: 4, Failures: 0, Errors: 0, Skipped: 0, Time elapsed: 0.015 s - in org.synyx.urlaubsverwaltung.web.jsp.tags.AssetFilenameHashMapperTest
[INFO] Running org.synyx.urlaubsverwaltung.web.DateFormatAwareTest
[INFO] Tests run: 6, Failures: 0, Errors: 0, Skipped: 0, Time elapsed: 0 s - in org.synyx.urlaubsverwaltung.web.DateFormatAwareTest
[INFO] Running org.synyx.urlaubsverwaltung.web.FilterPeriodTest
[INFO] Tests run: 5, Failures: 0, Errors: 0, Skipped: 0, Time elapsed: 0 s - in org.synyx.urlaubsverwaltung.web.FilterPeriodTest
[INFO] Running org.synyx.urlaubsverwaltung.mail.MailServiceImplTest
[INFO] Tests run: 7, Failures: 0, Errors: 0, Skipped: 0, Time elapsed: 0.015 s - in org.synyx.urlaubsverwaltung.mail.MailServiceImplTest
[INFO] Running org.synyx.urlaubsverwaltung.mail.MailSenderServiceTest
[INFO] Tests run: 2, Failures: 0, Errors: 0, Skipped: 0, Time elapsed: 0.001 s - in org.synyx.urlaubsverwaltung.mail.MailSenderServiceTest
[INFO] Running org.synyx.urlaubsverwaltung.publicholiday.PublicHolidayApiControllerTest
[INFO] Tests run: 13, Failures: 0, Errors: 0, Skipped: 0, Time elapsed: 0.083 s - in org.synyx.urlaubsverwaltung.publicholiday.PublicHolidayApiControllerTest
[INFO] Running org.synyx.urlaubsverwaltung.publicholiday.PublicHolidaysServiceTest
[INFO] Tests run: 18, Failures: 0, Errors: 0, Skipped: 0, Time elapsed: 0.01 s - in org.synyx.urlaubsverwaltung.publicholiday.PublicHolidaysServiceTest
[INFO] Running org.synyx.urlaubsverwaltung.application.domain.VacationDaysLeftTest
[INFO] Tests run: 11, Failures: 0, Errors: 0, Skipped: 0, Time elapsed: 0 s - in org.synyx.urlaubsverwaltung.application.domain.VacationDaysLeftTest
[INFO] Running org.synyx.urlaubsverwaltung.application.domain.ApplicationCommentTest
[INFO] Tests run: 2, Failures: 0, Errors: 0, Skipped: 0, Time elapsed: 0 s - in org.synyx.urlaubsverwaltung.application.domain.ApplicationCommentTest
[INFO] Running org.synyx.urlaubsverwaltung.application.domain.ApplicationTest
[INFO] Tests run: 14, Failures: 0, Errors: 0, Skipped: 0, Time elapsed: 0.016 s - in org.synyx.urlaubsverwaltung.application.domain.ApplicationTest
[INFO] Running org.synyx.urlaubsverwaltung.application.domain.VacationTypeTest
[INFO] Tests run: 5, Failures: 0, Errors: 0, Skipped: 0, Time elapsed: 0 s - in org.synyx.urlaubsverwaltung.application.domain.VacationTypeTest
[INFO] Running org.synyx.urlaubsverwaltung.application.web.ApplicationCommentValidatorTest
[INFO] Tests run: 8, Failures: 0, Errors: 0, Skipped: 0, Time elapsed: 0 s - in org.synyx.urlaubsverwaltung.application.web.ApplicationCommentValidatorTest
[INFO] Running org.synyx.urlaubsverwaltung.application.web.ApplicationForLeaveDetailsViewControllerTest
[INFO] Tests run: 52, Failures: 0, Errors: 0, Skipped: 0, Time elapsed: 0.33 s - in org.synyx.urlaubsverwaltung.application.web.ApplicationForLeaveDetailsViewControllerTest
[INFO] Running org.synyx.urlaubsverwaltung.application.web.ApplicationForLeaveTest
[INFO] Tests run: 2, Failures: 0, Errors: 0, Skipped: 0, Time elapsed: 0 s - in org.synyx.urlaubsverwaltung.application.web.ApplicationForLeaveTest
[INFO] Running org.synyx.urlaubsverwaltung.application.web.ApplicationForLeaveFormViewControllerTest
[INFO] Tests run: 44, Failures: 0, Errors: 0, Skipped: 0, Time elapsed: 0.28 s - in org.synyx.urlaubsverwaltung.application.web.ApplicationForLeaveFormViewControllerTest
[INFO] Running org.synyx.urlaubsverwaltung.application.web.ApplicationForLeaveFormValidatorTest
[INFO] Tests run: 58, Failures: 0, Errors: 0, Skipped: 0, Time elapsed: 0.093 s - in org.synyx.urlaubsverwaltung.application.web.ApplicationForLeaveFormValidatorTest
[INFO] Running org.synyx.urlaubsverwaltung.application.web.ApplicationForLeaveFormTest
[INFO] Tests run: 8, Failures: 0, Errors: 0, Skipped: 0, Time elapsed: 0.016 s - in org.synyx.urlaubsverwaltung.application.web.ApplicationForLeaveFormTest
[INFO] Running org.synyx.urlaubsverwaltung.application.web.ApplicationForLeaveViewControllerTest
[INFO] Tests run: 15, Failures: 0, Errors: 0, Skipped: 0, Time elapsed: 0.089 s - in org.synyx.urlaubsverwaltung.application.web.ApplicationForLeaveViewControllerTest
[INFO] Running org.synyx.urlaubsverwaltung.application.web.ApplicationMapperTest
[INFO] Tests run: 4, Failures: 0, Errors: 0, Skipped: 0, Time elapsed: 0 s - in org.synyx.urlaubsverwaltung.application.web.ApplicationMapperTest
[INFO] Running org.synyx.urlaubsverwaltung.application.service.VacationTypeServiceImplTest
[INFO] Tests run: 1, Failures: 0, Errors: 0, Skipped: 0, Time elapsed: 0.011 s - in org.synyx.urlaubsverwaltung.application.service.VacationTypeServiceImplTest
[INFO] Running org.synyx.urlaubsverwaltung.application.service.ApplicationServiceImplTest
[INFO] Tests run: 10, Failures: 0, Errors: 0, Skipped: 0, Time elapsed: 0.008 s - in org.synyx.urlaubsverwaltung.application.service.ApplicationServiceImplTest
[INFO] Running org.synyx.urlaubsverwaltung.application.service.ApplicationReminderMailConfigurationTest
[INFO] Tests run: 1, Failures: 0, Errors: 0, Skipped: 0, Time elapsed: 0.001 s - in org.synyx.urlaubsverwaltung.application.service.ApplicationReminderMailConfigurationTest
[INFO] Running org.synyx.urlaubsverwaltung.application.service.CalculationServiceTest
[INFO] Tests run: 17, Failures: 0, Errors: 0, Skipped: 0, Time elapsed: 0.046 s - in org.synyx.urlaubsverwaltung.application.service.CalculationServiceTest
[INFO] Running org.synyx.urlaubsverwaltung.application.service.ApplicationInteractionServiceImplTest
[INFO] Tests run: 51, Failures: 0, Errors: 0, Skipped: 0, Time elapsed: 0.14 s - in org.synyx.urlaubsverwaltung.application.service.ApplicationInteractionServiceImplTest
[INFO] Running org.synyx.urlaubsverwaltung.application.service.ApplicationRecipientServiceTest
[INFO] Tests run: 9, Failures: 0, Errors: 0, Skipped: 0, Time elapsed: 0 s - in org.synyx.urlaubsverwaltung.application.service.ApplicationRecipientServiceTest
[INFO] Running org.synyx.urlaubsverwaltung.application.service.ApplicationMailServiceTest
[INFO] Tests run: 18, Failures: 0, Errors: 0, Skipped: 0, Time elapsed: 0.023 s - in org.synyx.urlaubsverwaltung.application.service.ApplicationMailServiceTest
[INFO] Running org.synyx.urlaubsverwaltung.application.service.ApplicationCommentServiceImplTest
[INFO] Tests run: 2, Failures: 0, Errors: 0, Skipped: 0, Time elapsed: 0.001 s - in org.synyx.urlaubsverwaltung.application.service.ApplicationCommentServiceImplTest
[INFO] Running org.synyx.urlaubsverwaltung.application.service.ApplicationReminderMailServiceTest
[INFO] Tests run: 5, Failures: 0, Errors: 0, Skipped: 0, Time elapsed: 0 s - in org.synyx.urlaubsverwaltung.application.service.ApplicationReminderMailServiceTest
[INFO] Running org.synyx.urlaubsverwaltung.application.ApplicationSettingsTest
[INFO] Tests run: 1, Failures: 0, Errors: 0, Skipped: 0, Time elapsed: 0.001 s - in org.synyx.urlaubsverwaltung.application.ApplicationSettingsTest
[INFO] Running org.synyx.urlaubsverwaltung.application.dao.HolidayReplacementEntityTest
[INFO] Tests run: 3, Failures: 0, Errors: 0, Skipped: 0, Time elapsed: 0 s - in org.synyx.urlaubsverwaltung.application.dao.HolidayReplacementEntityTest
[INFO] Running org.synyx.urlaubsverwaltung.application.statistics.ApplicationForLeaveStatisticsServiceTest
[INFO] Tests run: 2, Failures: 0, Errors: 0, Skipped: 0, Time elapsed: 0 s - in org.synyx.urlaubsverwaltung.application.statistics.ApplicationForLeaveStatisticsServiceTest
[INFO] Running org.synyx.urlaubsverwaltung.application.statistics.ApplicationForLeaveStatisticsCsvExportServiceTest
[INFO] Tests run: 4, Failures: 0, Errors: 0, Skipped: 0, Time elapsed: 0.011 s - in org.synyx.urlaubsverwaltung.application.statistics.ApplicationForLeaveStatisticsCsvExportServiceTest
[INFO] Running org.synyx.urlaubsverwaltung.application.statistics.ApplicationForLeaveStatisticsTest
[INFO] Tests run: 7, Failures: 0, Errors: 0, Skipped: 0, Time elapsed: 0 s - in org.synyx.urlaubsverwaltung.application.statistics.ApplicationForLeaveStatisticsTest
[INFO] Running org.synyx.urlaubsverwaltung.application.statistics.ApplicationForLeaveStatisticsViewControllerTest
[INFO] Tests run: 8, Failures: 0, Errors: 0, Skipped: 0, Time elapsed: 0.042 s - in org.synyx.urlaubsverwaltung.application.statistics.ApplicationForLeaveStatisticsViewControllerTest
[INFO] Running org.synyx.urlaubsverwaltung.application.statistics.ApplicationForLeaveStatisticsBuilderTest
[INFO] Tests run: 4, Failures: 0, Errors: 0, Skipped: 0, Time elapsed: 0 s - in org.synyx.urlaubsverwaltung.application.statistics.ApplicationForLeaveStatisticsBuilderTest
[INFO] Running org.synyx.urlaubsverwaltung.workingtime.WorkingTimeFormTest
[INFO] Tests run: 4, Failures: 0, Errors: 0, Skipped: 0, Time elapsed: 0 s - in org.synyx.urlaubsverwaltung.workingtime.WorkingTimeFormTest
[INFO] Running org.synyx.urlaubsverwaltung.workingtime.WorkDaysCountApiControllerTest
[INFO] Tests run: 14, Failures: 0, Errors: 0, Skipped: 0, Time elapsed: 0.069 s - in org.synyx.urlaubsverwaltung.workingtime.WorkDaysCountApiControllerTest
[INFO] Running org.synyx.urlaubsverwaltung.workingtime.WorkingTimeValidatorTest
[INFO] Tests run: 6, Failures: 0, Errors: 0, Skipped: 0, Time elapsed: 0 s - in org.synyx.urlaubsverwaltung.workingtime.WorkingTimeValidatorTest
[INFO] Running org.synyx.urlaubsverwaltung.workingtime.WorkingTimeTest
[INFO] Tests run: 33, Failures: 0, Errors: 0, Skipped: 0, Time elapsed: 0.025 s - in org.synyx.urlaubsverwaltung.workingtime.WorkingTimeTest
[INFO] Running org.synyx.urlaubsverwaltung.workingtime.WorkingTimeSettingsTest
[INFO] Tests run: 2, Failures: 0, Errors: 0, Skipped: 0, Time elapsed: 0 s - in org.synyx.urlaubsverwaltung.workingtime.WorkingTimeSettingsTest
[INFO] Running org.synyx.urlaubsverwaltung.workingtime.FederalStateTest
[INFO] Tests run: 3, Failures: 0, Errors: 0, Skipped: 0, Time elapsed: 0 s - in org.synyx.urlaubsverwaltung.workingtime.FederalStateTest
[INFO] Running org.synyx.urlaubsverwaltung.workingtime.WorkDaysCountServiceTest
[INFO] Tests run: 21, Failures: 0, Errors: 0, Skipped: 0, Time elapsed: 0.018 s - in org.synyx.urlaubsverwaltung.workingtime.WorkDaysCountServiceTest
[INFO] Running org.synyx.urlaubsverwaltung.workingtime.WorkingTimeViewControllerTest
[INFO] Tests run: 8, Failures: 0, Errors: 0, Skipped: 0, Time elapsed: 0.055 s - in org.synyx.urlaubsverwaltung.workingtime.WorkingTimeViewControllerTest
[INFO] Running org.synyx.urlaubsverwaltung.workingtime.WorkingTimeServiceImplTest
[INFO] Tests run: 14, Failures: 0, Errors: 0, Skipped: 0, Time elapsed: 0.018 s - in org.synyx.urlaubsverwaltung.workingtime.WorkingTimeServiceImplTest
[INFO] Running org.synyx.urlaubsverwaltung.workingtime.WorkingTimePropertiesTest
[INFO] Tests run: 2, Failures: 0, Errors: 0, Skipped: 0, Time elapsed: 0 s - in org.synyx.urlaubsverwaltung.workingtime.WorkingTimePropertiesTest
[INFO] Running org.synyx.urlaubsverwaltung.overtime.web.UnknownOvertimeExceptionTest
[INFO] Tests run: 1, Failures: 0, Errors: 0, Skipped: 0, Time elapsed: 0 s - in org.synyx.urlaubsverwaltung.overtime.web.UnknownOvertimeExceptionTest
[INFO] Running org.synyx.urlaubsverwaltung.overtime.web.OvertimeFormTest
[INFO] Tests run: 12, Failures: 0, Errors: 0, Skipped: 0, Time elapsed: 0 s - in org.synyx.urlaubsverwaltung.overtime.web.OvertimeFormTest
[INFO] Running org.synyx.urlaubsverwaltung.overtime.web.OvertimeViewControllerTest
[INFO] Tests run: 34, Failures: 0, Errors: 0, Skipped: 0, Time elapsed: 0.278 s - in org.synyx.urlaubsverwaltung.overtime.web.OvertimeViewControllerTest
[INFO] Running org.synyx.urlaubsverwaltung.overtime.web.OvertimeFormValidatorTest
[INFO] Tests run: 26, Failures: 0, Errors: 0, Skipped: 0, Time elapsed: 0.011 s - in org.synyx.urlaubsverwaltung.overtime.web.OvertimeFormValidatorTest
[INFO] Running org.synyx.urlaubsverwaltung.overtime.OvertimeServiceImplTest
[INFO] Tests run: 39, Failures: 0, Errors: 0, Skipped: 0, Time elapsed: 0.03 s - in org.synyx.urlaubsverwaltung.overtime.OvertimeServiceImplTest
[INFO] Running org.synyx.urlaubsverwaltung.overtime.DurationConverterTest
[INFO] Tests run: 2, Failures: 0, Errors: 0, Skipped: 0, Time elapsed: 0 s - in org.synyx.urlaubsverwaltung.overtime.DurationConverterTest
[INFO] Running org.synyx.urlaubsverwaltung.overtime.OvertimeSettingsTest
[INFO] Tests run: 1, Failures: 0, Errors: 0, Skipped: 0, Time elapsed: 0 s - in org.synyx.urlaubsverwaltung.overtime.OvertimeSettingsTest
[INFO] Running org.synyx.urlaubsverwaltung.overtime.OvertimeTest
[INFO] Tests run: 10, Failures: 0, Errors: 0, Skipped: 0, Time elapsed: 0.001 s - in org.synyx.urlaubsverwaltung.overtime.OvertimeTest
[INFO] Running org.synyx.urlaubsverwaltung.overtime.OvertimeMailServiceTest
[INFO] Tests run: 1, Failures: 0, Errors: 0, Skipped: 0, Time elapsed: 0.001 s - in org.synyx.urlaubsverwaltung.overtime.OvertimeMailServiceTest
[INFO] Running org.synyx.urlaubsverwaltung.overtime.OvertimeSettingsValidatorTest
[INFO] Tests run: 4, Failures: 0, Errors: 0, Skipped: 0, Time elapsed: 0 s - in org.synyx.urlaubsverwaltung.overtime.OvertimeSettingsValidatorTest
[INFO] Running org.synyx.urlaubsverwaltung.overtime.OvertimeCommentTest
[INFO] Tests run: 1, Failures: 0, Errors: 0, Skipped: 0, Time elapsed: 0 s - in org.synyx.urlaubsverwaltung.overtime.OvertimeCommentTest
[INFO] Running org.synyx.urlaubsverwaltung.person.web.PersonPermissionsDtoValidatorTest
[INFO] Tests run: 23, Failures: 0, Errors: 0, Skipped: 0, Time elapsed: 0.002 s - in org.synyx.urlaubsverwaltung.person.web.PersonPermissionsDtoValidatorTest
[INFO] Running org.synyx.urlaubsverwaltung.person.web.PersonPermissionsViewControllerTest
[INFO] Tests run: 10, Failures: 0, Errors: 0, Skipped: 0, Time elapsed: 0.051 s - in org.synyx.urlaubsverwaltung.person.web.PersonPermissionsViewControllerTest
[INFO] Running org.synyx.urlaubsverwaltung.person.web.PersonPropertyEditorTest
[INFO] Tests run: 7, Failures: 0, Errors: 0, Skipped: 0, Time elapsed: 0.001 s - in org.synyx.urlaubsverwaltung.person.web.PersonPropertyEditorTest
[INFO] Running org.synyx.urlaubsverwaltung.person.web.UnknownPersonExceptionTest
[INFO] Tests run: 2, Failures: 0, Errors: 0, Skipped: 0, Time elapsed: 0 s - in org.synyx.urlaubsverwaltung.person.web.UnknownPersonExceptionTest
[INFO] Running org.synyx.urlaubsverwaltung.person.web.PersonDetailsViewControllerTest
[INFO] Tests run: 20, Failures: 0, Errors: 0, Skipped: 0, Time elapsed: 0.096 s - in org.synyx.urlaubsverwaltung.person.web.PersonDetailsViewControllerTest
[INFO] Running org.synyx.urlaubsverwaltung.person.PersonServiceImplTest
[INFO] Tests run: 26, Failures: 0, Errors: 0, Skipped: 0, Time elapsed: 0.03 s - in org.synyx.urlaubsverwaltung.person.PersonServiceImplTest
[INFO] Running org.synyx.urlaubsverwaltung.person.RoleTest
[INFO] Tests run: 1, Failures: 0, Errors: 0, Skipped: 0, Time elapsed: 0 s - in org.synyx.urlaubsverwaltung.person.RoleTest
[INFO] Running org.synyx.urlaubsverwaltung.person.GravatarUtilTest
[INFO] Tests run: 4, Failures: 0, Errors: 0, Skipped: 0, Time elapsed: 0 s - in org.synyx.urlaubsverwaltung.person.GravatarUtilTest
[INFO] Running org.synyx.urlaubsverwaltung.person.api.PersonApiControllerTest
[INFO] Tests run: 2, Failures: 0, Errors: 0, Skipped: 0, Time elapsed: 0.183 s - in org.synyx.urlaubsverwaltung.person.api.PersonApiControllerTest
[INFO] Running org.synyx.urlaubsverwaltung.person.PersonTest
[INFO] Tests run: 17, Failures: 0, Errors: 0, Skipped: 0, Time elapsed: 0 s - in org.synyx.urlaubsverwaltung.person.PersonTest
[INFO] Running org.synyx.urlaubsverwaltung.person.metrics.PersonMetricsTest
[INFO] Tests run: 1, Failures: 0, Errors: 0, Skipped: 0, Time elapsed: 0.011 s - in org.synyx.urlaubsverwaltung.person.metrics.PersonMetricsTest
[INFO] Running org.synyx.urlaubsverwaltung.department.web.DepartmentViewValidatorTest
[INFO] Tests run: 12, Failures: 0, Errors: 0, Skipped: 0, Time elapsed: 0 s - in org.synyx.urlaubsverwaltung.department.web.DepartmentViewValidatorTest
[INFO] Running org.synyx.urlaubsverwaltung.department.web.DepartmentOverviewDtoTest
[INFO] Tests run: 2, Failures: 0, Errors: 0, Skipped: 0, Time elapsed: 0.001 s - in org.synyx.urlaubsverwaltung.department.web.DepartmentOverviewDtoTest
[INFO] Running org.synyx.urlaubsverwaltung.department.web.UnknownDepartmentExceptionTest
[INFO] Tests run: 1, Failures: 0, Errors: 0, Skipped: 0, Time elapsed: 0 s - in org.synyx.urlaubsverwaltung.department.web.UnknownDepartmentExceptionTest
[INFO] Running org.synyx.urlaubsverwaltung.department.web.DepartmentViewControllerTest
[INFO] Tests run: 16, Failures: 0, Errors: 0, Skipped: 0, Time elapsed: 0.073 s - in org.synyx.urlaubsverwaltung.department.web.DepartmentViewControllerTest
[INFO] Running org.synyx.urlaubsverwaltung.department.web.DepartmentDepartmentOverviewDtoMapperTest
[INFO] Tests run: 1, Failures: 0, Errors: 0, Skipped: 0, Time elapsed: 0 s - in org.synyx.urlaubsverwaltung.department.web.DepartmentDepartmentOverviewDtoMapperTest
[INFO] Running org.synyx.urlaubsverwaltung.department.DepartmentServiceImplTest
[INFO] Tests run: 38, Failures: 0, Errors: 0, Skipped: 0, Time elapsed: 0.021 s - in org.synyx.urlaubsverwaltung.department.DepartmentServiceImplTest
[INFO] Running org.synyx.urlaubsverwaltung.department.api.DepartmentApiControllerTest
[INFO] Tests run: 2, Failures: 0, Errors: 0, Skipped: 0, Time elapsed: 0.01 s - in org.synyx.urlaubsverwaltung.department.api.DepartmentApiControllerTest
[INFO] Running org.synyx.urlaubsverwaltung.department.api.DepartmentDtoTest
[INFO] Tests run: 1, Failures: 0, Errors: 0, Skipped: 0, Time elapsed: 0 s - in org.synyx.urlaubsverwaltung.department.api.DepartmentDtoTest
[INFO] Running org.synyx.urlaubsverwaltung.department.DepartmentTest
[INFO] Tests run: 6, Failures: 0, Errors: 0, Skipped: 0, Time elapsed: 0 s - in org.synyx.urlaubsverwaltung.department.DepartmentTest
[INFO] Running org.synyx.urlaubsverwaltung.security.simple.SimpleAuthenticationProviderTest
[INFO] Tests run: 4, Failures: 0, Errors: 0, Skipped: 0, Time elapsed: 0.01 s - in org.synyx.urlaubsverwaltung.security.simple.SimpleAuthenticationProviderTest
[INFO] Running org.synyx.urlaubsverwaltung.security.ldap.LdapUserDataImportConfigurationTest
[INFO] Tests run: 1, Failures: 0, Errors: 0, Skipped: 0, Time elapsed: 0.006 s - in org.synyx.urlaubsverwaltung.security.ldap.LdapUserDataImportConfigurationTest
[INFO] Running org.synyx.urlaubsverwaltung.security.ldap.LdapUserTest
[INFO] Tests run: 6, Failures: 0, Errors: 0, Skipped: 0, Time elapsed: 0 s - in org.synyx.urlaubsverwaltung.security.ldap.LdapUserTest
[INFO] Running org.synyx.urlaubsverwaltung.security.ldap.LdapUserDataImporterTest
[INFO] Tests run: 3, Failures: 0, Errors: 0, Skipped: 0, Time elapsed: 0 s - in org.synyx.urlaubsverwaltung.security.ldap.LdapUserDataImporterTest
[INFO] Running org.synyx.urlaubsverwaltung.security.ldap.LdapUserServiceImplTest
[INFO] Tests run: 2, Failures: 0, Errors: 0, Skipped: 0, Time elapsed: 0.076 s - in org.synyx.urlaubsverwaltung.security.ldap.LdapUserServiceImplTest
[INFO] Running org.synyx.urlaubsverwaltung.security.ldap.LdapUserMapperTest
[INFO] Tests run: 8, Failures: 0, Errors: 0, Skipped: 0, Time elapsed: 0.017 s - in org.synyx.urlaubsverwaltung.security.ldap.LdapUserMapperTest
[INFO] Running org.synyx.urlaubsverwaltung.security.ldap.LdapPersonContextMapperTest
[INFO] Tests run: 10, Failures: 0, Errors: 0, Skipped: 0, Time elapsed: 0.016 s - in org.synyx.urlaubsverwaltung.security.ldap.LdapPersonContextMapperTest
[INFO] Running org.synyx.urlaubsverwaltung.security.UserApiMethodSecurityTest
[INFO] Tests run: 12, Failures: 0, Errors: 0, Skipped: 0, Time elapsed: 0.016 s - in org.synyx.urlaubsverwaltung.security.UserApiMethodSecurityTest
[INFO] Running org.synyx.urlaubsverwaltung.security.oidc.OidcLoginLoggerTest
[INFO] Tests run: 2, Failures: 0, Errors: 0, Skipped: 0, Time elapsed: 0.036 s - in org.synyx.urlaubsverwaltung.security.oidc.OidcLoginLoggerTest
[INFO] Running org.synyx.urlaubsverwaltung.security.oidc.OidcPersonAuthoritiesMapperTest
[INFO] Tests run: 7, Failures: 0, Errors: 0, Skipped: 0, Time elapsed: 0.003 s - in org.synyx.urlaubsverwaltung.security.oidc.OidcPersonAuthoritiesMapperTest
[INFO] Running org.synyx.urlaubsverwaltung.security.LoginControllerTest
[INFO] Tests run: 1, Failures: 0, Errors: 0, Skipped: 0, Time elapsed: 0 s - in org.synyx.urlaubsverwaltung.security.LoginControllerTest
[INFO] Running org.synyx.urlaubsverwaltung.util.DateUtilTest
[INFO] Tests run: 11, Failures: 0, Errors: 0, Skipped: 0, Time elapsed: 0 s - in org.synyx.urlaubsverwaltung.util.DateUtilTest
[INFO] Running org.synyx.urlaubsverwaltung.overlap.OverlapServiceTest
[INFO] Tests run: 17, Failures: 0, Errors: 0, Skipped: 0, Time elapsed: 0.002 s - in org.synyx.urlaubsverwaltung.overlap.OverlapServiceTest
[INFO] Running org.synyx.urlaubsverwaltung.overview.UsedDaysTest
[INFO] Tests run: 3, Failures: 0, Errors: 0, Skipped: 0, Time elapsed: 0 s - in org.synyx.urlaubsverwaltung.overview.UsedDaysTest
[INFO] Running org.synyx.urlaubsverwaltung.overview.UsedDaysOverviewTest
[INFO] Tests run: 4, Failures: 0, Errors: 0, Skipped: 0, Time elapsed: 0 s - in org.synyx.urlaubsverwaltung.overview.UsedDaysOverviewTest
[INFO] Running org.synyx.urlaubsverwaltung.overview.SickDaysOverviewTest
[INFO] Tests run: 1, Failures: 0, Errors: 0, Skipped: 0, Time elapsed: 0 s - in org.synyx.urlaubsverwaltung.overview.SickDaysOverviewTest
[INFO] Running org.synyx.urlaubsverwaltung.overview.OverviewViewControllerTest
[INFO] Tests run: 11, Failures: 0, Errors: 0, Skipped: 0, Time elapsed: 0.065 s - in org.synyx.urlaubsverwaltung.overview.OverviewViewControllerTest
[INFO] Running org.synyx.urlaubsverwaltung.sicknote.web.SickNoteViewControllerTest
[INFO] Tests run: 29, Failures: 0, Errors: 0, Skipped: 0, Time elapsed: 0.166 s - in org.synyx.urlaubsverwaltung.sicknote.web.SickNoteViewControllerTest
[INFO] Running org.synyx.urlaubsverwaltung.sicknote.web.UnknownSickNoteExceptionTest
[INFO] Tests run: 1, Failures: 0, Errors: 0, Skipped: 0, Time elapsed: 0 s - in org.synyx.urlaubsverwaltung.sicknote.web.UnknownSickNoteExceptionTest
[INFO] Running org.synyx.urlaubsverwaltung.sicknote.web.SickNoteValidatorTest
[INFO] Tests run: 26, Failures: 0, Errors: 0, Skipped: 0, Time elapsed: 0.003 s - in org.synyx.urlaubsverwaltung.sicknote.web.SickNoteValidatorTest
[INFO] Running org.synyx.urlaubsverwaltung.sicknote.web.SickNoteFormTest
[INFO] Tests run: 11, Failures: 0, Errors: 0, Skipped: 0, Time elapsed: 0.004 s - in org.synyx.urlaubsverwaltung.sicknote.web.SickNoteFormTest
[INFO] Running org.synyx.urlaubsverwaltung.sicknote.web.ExtendedSickNoteTest
[INFO] Tests run: 2, Failures: 0, Errors: 0, Skipped: 0, Time elapsed: 0 s - in org.synyx.urlaubsverwaltung.sicknote.web.ExtendedSickNoteTest
[INFO] Running org.synyx.urlaubsverwaltung.sicknote.web.SickNoteConvertFormTest
[INFO] Tests run: 2, Failures: 0, Errors: 0, Skipped: 0, Time elapsed: 0 s - in org.synyx.urlaubsverwaltung.sicknote.web.SickNoteConvertFormTest
[INFO] Running org.synyx.urlaubsverwaltung.sicknote.web.SickNoteConvertFormValidatorTest
[INFO] Tests run: 3, Failures: 0, Errors: 0, Skipped: 0, Time elapsed: 0 s - in org.synyx.urlaubsverwaltung.sicknote.web.SickNoteConvertFormValidatorTest
[INFO] Running org.synyx.urlaubsverwaltung.sicknote.SickNoteMailConfigurationTest
[INFO] Tests run: 1, Failures: 0, Errors: 0, Skipped: 0, Time elapsed: 0 s - in org.synyx.urlaubsverwaltung.sicknote.SickNoteMailConfigurationTest
[INFO] Running org.synyx.urlaubsverwaltung.sicknote.api.SickNoteApiControllerTest
[INFO] Tests run: 15, Failures: 0, Errors: 0, Skipped: 0, Time elapsed: 0.086 s - in org.synyx.urlaubsverwaltung.sicknote.api.SickNoteApiControllerTest
[INFO] Running org.synyx.urlaubsverwaltung.sicknote.SickNoteMailServiceTest
[INFO] Tests run: 2, Failures: 0, Errors: 0, Skipped: 0, Time elapsed: 0 s - in org.synyx.urlaubsverwaltung.sicknote.SickNoteMailServiceTest
[INFO] Running org.synyx.urlaubsverwaltung.sicknote.SickNoteCommentServiceImplTest
[INFO] Tests run: 2, Failures: 0, Errors: 0, Skipped: 0, Time elapsed: 0 s - in org.synyx.urlaubsverwaltung.sicknote.SickNoteCommentServiceImplTest
[INFO] Running org.synyx.urlaubsverwaltung.sicknote.SickNoteTest
[INFO] Tests run: 10, Failures: 0, Errors: 0, Skipped: 0, Time elapsed: 0.001 s - in org.synyx.urlaubsverwaltung.sicknote.SickNoteTest
[INFO] Running org.synyx.urlaubsverwaltung.sicknote.SickNoteTypeTest
[INFO] Tests run: 4, Failures: 0, Errors: 0, Skipped: 0, Time elapsed: 0 s - in org.synyx.urlaubsverwaltung.sicknote.SickNoteTypeTest
[INFO] Running org.synyx.urlaubsverwaltung.sicknote.SickNoteSettingsTest
[INFO] Tests run: 1, Failures: 0, Errors: 0, Skipped: 0, Time elapsed: 0 s - in org.synyx.urlaubsverwaltung.sicknote.SickNoteSettingsTest
[INFO] Running org.synyx.urlaubsverwaltung.sicknote.statistics.SickNoteStatisticsTest
[INFO] Tests run: 5, Failures: 0, Errors: 0, Skipped: 0, Time elapsed: 0 s - in org.synyx.urlaubsverwaltung.sicknote.statistics.SickNoteStatisticsTest
[INFO] Running org.synyx.urlaubsverwaltung.sicknote.statistics.SickNoteStatisticsViewControllerTest
[INFO] Tests run: 2, Failures: 0, Errors: 0, Skipped: 0, Time elapsed: 0.005 s - in org.synyx.urlaubsverwaltung.sicknote.statistics.SickNoteStatisticsViewControllerTest
[INFO] Running org.synyx.urlaubsverwaltung.sicknote.SickNoteServiceImplTest
[INFO] Tests run: 9, Failures: 0, Errors: 0, Skipped: 0, Time elapsed: 0.008 s - in org.synyx.urlaubsverwaltung.sicknote.SickNoteServiceImplTest
[INFO] Running org.synyx.urlaubsverwaltung.sicknote.SickNoteInteractionServiceImplTest
[INFO] Tests run: 10, Failures: 0, Errors: 0, Skipped: 0, Time elapsed: 0.006 s - in org.synyx.urlaubsverwaltung.sicknote.SickNoteInteractionServiceImplTest
[INFO] Running org.synyx.urlaubsverwaltung.statistics.vacationoverview.api.VacationOverviewServiceTest
[INFO] Tests run: 1, Failures: 0, Errors: 0, Skipped: 0, Time elapsed: 0 s - in org.synyx.urlaubsverwaltung.statistics.vacationoverview.api.VacationOverviewServiceTest
[INFO] Running org.synyx.urlaubsverwaltung.statistics.vacationoverview.api.VacationOverviewApiControllerTest
[INFO] Tests run: 2, Failures: 0, Errors: 0, Skipped: 0, Time elapsed: 0.013 s - in org.synyx.urlaubsverwaltung.statistics.vacationoverview.api.VacationOverviewApiControllerTest
[INFO] Running org.synyx.urlaubsverwaltung.comment.AbstractCommentTest
[INFO] Tests run: 4, Failures: 0, Errors: 0, Skipped: 0, Time elapsed: 0 s - in org.synyx.urlaubsverwaltung.comment.AbstractCommentTest
[INFO] Running org.synyx.urlaubsverwaltung.period.PeriodTest
[INFO] Tests run: 6, Failures: 0, Errors: 0, Skipped: 0, Time elapsed: 0 s - in org.synyx.urlaubsverwaltung.period.PeriodTest
[INFO] Running org.synyx.urlaubsverwaltung.settings.SettingsTest
[INFO] Tests run: 3, Failures: 0, Errors: 0, Skipped: 0, Time elapsed: 0 s - in org.synyx.urlaubsverwaltung.settings.SettingsTest
[INFO] Running org.synyx.urlaubsverwaltung.settings.SettingsValidatorTest
[INFO] Tests run: 34, Failures: 0, Errors: 0, Skipped: 0, Time elapsed: 0 s - in org.synyx.urlaubsverwaltung.settings.SettingsValidatorTest
[INFO] Running org.synyx.urlaubsverwaltung.settings.SettingsViewControllerTest
[INFO] Tests run: 12, Failures: 0, Errors: 0, Skipped: 0, Time elapsed: 0.048 s - in org.synyx.urlaubsverwaltung.settings.SettingsViewControllerTest
[INFO] Running org.synyx.urlaubsverwaltung.vacations.VacationApiControllerTest
[INFO] Tests run: 17, Failures: 0, Errors: 0, Skipped: 0, Time elapsed: 0.071 s - in org.synyx.urlaubsverwaltung.vacations.VacationApiControllerTest
[INFO] Running org.synyx.urlaubsverwaltung.calendar.PersonCalendarServiceTest
[INFO] Tests run: 17, Failures: 0, Errors: 0, Skipped: 0, Time elapsed: 0.018 s - in org.synyx.urlaubsverwaltung.calendar.PersonCalendarServiceTest
[INFO] Running org.synyx.urlaubsverwaltung.calendar.ICalServiceTest
[INFO] Tests run: 8, Failures: 0, Errors: 0, Skipped: 0, Time elapsed: 0.036 s - in org.synyx.urlaubsverwaltung.calendar.ICalServiceTest
[INFO] Running org.synyx.urlaubsverwaltung.calendar.CalendarPropertiesTest
[INFO] Tests run: 5, Failures: 0, Errors: 0, Skipped: 0, Time elapsed: 0.017 s - in org.synyx.urlaubsverwaltung.calendar.CalendarPropertiesTest
[INFO] Running org.synyx.urlaubsverwaltung.calendar.ICalViewControllerTest
[INFO] Tests run: 9, Failures: 0, Errors: 0, Skipped: 0, Time elapsed: 0.061 s - in org.synyx.urlaubsverwaltung.calendar.ICalViewControllerTest
[INFO] Running org.synyx.urlaubsverwaltung.calendar.CalendarAccessibleServiceTest
[INFO] Tests run: 7, Failures: 0, Errors: 0, Skipped: 0, Time elapsed: 0.004 s - in org.synyx.urlaubsverwaltung.calendar.CalendarAccessibleServiceTest
[INFO] Running org.synyx.urlaubsverwaltung.calendar.CompanyCalendarDtoTest
[INFO] Tests run: 1, Failures: 0, Errors: 0, Skipped: 0, Time elapsed: 0 s - in org.synyx.urlaubsverwaltung.calendar.CompanyCalendarDtoTest
[INFO] Running org.synyx.urlaubsverwaltung.calendar.DepartmentCalendarDtoTest
[INFO] Tests run: 1, Failures: 0, Errors: 0, Skipped: 0, Time elapsed: 0 s - in org.synyx.urlaubsverwaltung.calendar.DepartmentCalendarDtoTest
[INFO] Running org.synyx.urlaubsverwaltung.calendar.PeriodConverterTest
[INFO] Tests run: 3, Failures: 0, Errors: 0, Skipped: 0, Time elapsed: 0 s - in org.synyx.urlaubsverwaltung.calendar.PeriodConverterTest
[INFO] Running org.synyx.urlaubsverwaltung.calendar.DepartmentCalendarServiceTest
[INFO] Tests run: 16, Failures: 0, Errors: 0, Skipped: 0, Time elapsed: 0.002 s - in org.synyx.urlaubsverwaltung.calendar.DepartmentCalendarServiceTest
[INFO] Running org.synyx.urlaubsverwaltung.calendar.PersonCalendarDtoTest
[INFO] Tests run: 1, Failures: 0, Errors: 0, Skipped: 0, Time elapsed: 0 s - in org.synyx.urlaubsverwaltung.calendar.PersonCalendarDtoTest
[INFO] Running org.synyx.urlaubsverwaltung.calendar.CompanyCalendarServiceTest
[INFO] Tests run: 14, Failures: 0, Errors: 0, Skipped: 0, Time elapsed: 0.007 s - in org.synyx.urlaubsverwaltung.calendar.CompanyCalendarServiceTest
[INFO] Running org.synyx.urlaubsverwaltung.calendar.CalendarSharingViewControllerTest
[INFO] Tests run: 29, Failures: 0, Errors: 0, Skipped: 0, Time elapsed: 0.158 s - in org.synyx.urlaubsverwaltung.calendar.CalendarSharingViewControllerTest
[INFO] 
[INFO] Results:
[INFO] 
[WARNING] Tests run: 1621, Failures: 0, Errors: 0, Skipped: 1
[INFO] 
[INFO] 
[INFO] --- frontend-maven-plugin:1.12.0:npm (npm-test) @ urlaubsverwaltung ---
[INFO] Running 'npm run test:coverage' in /home/gabsko/breaking-updates
[INFO] 
[INFO] > urlaubsverwaltung@ test:coverage /home/gabsko/breaking-updates
[INFO] > jest --coverage
[INFO] 
[INFO] Browserslist: caniuse-lite is outdated. Please run:
[INFO] npx browserslist@latest --update-db
[INFO] 
[INFO] Why you should do it regularly:
[INFO] https://github.com/browserslist/browserslist#browsers-data-updating
[INFO] Browserslist: caniuse-lite is outdated. Please run:
[INFO] npx browserslist@latest --update-db
[INFO] 
[INFO] Why you should do it regularly:
[INFO] https://github.com/browserslist/browserslist#browsers-data-updating
[INFO] Browserslist: caniuse-lite is outdated. Please run:
[INFO] npx browserslist@latest --update-db
[INFO] 
[INFO] Why you should do it regularly:
[INFO] https://github.com/browserslist/browserslist#browsers-data-updating
[INFO] Browserslist: caniuse-lite is outdated. Please run:
[INFO] npx browserslist@latest --update-db
[INFO] 
[INFO] Why you should do it regularly:
[INFO] https://github.com/browserslist/browserslist#browsers-data-updating
[INFO] Browserslist: caniuse-lite is outdated. Please run:
[INFO] npx browserslist@latest --update-db
[INFO] 
[INFO] Why you should do it regularly:
[INFO] https://github.com/browserslist/browserslist#browsers-data-updating
[INFO] Browserslist: caniuse-lite is outdated. Please run:
[INFO] npx browserslist@latest --update-db
[INFO] 
[INFO] Why you should do it regularly:
[INFO] https://github.com/browserslist/browserslist#browsers-data-updating
[INFO] PASS src/main/javascript/js/__tests__/parse-query-string.spec.js
[INFO] Browserslist: caniuse-lite is outdated. Please run:
[INFO] npx browserslist@latest --update-db
[INFO] 
[INFO] Why you should do it regularly:
[INFO] https://github.com/browserslist/browserslist#browsers-data-updating
[INFO] PASS src/main/javascript/js/application/__tests__/vacation-type-change.spec.js
[INFO] Browserslist: caniuse-lite is outdated. Please run:
[INFO] npx browserslist@latest --update-db
[INFO] 
[INFO] Why you should do it regularly:
[INFO] https://github.com/browserslist/browserslist#browsers-data-updating
[INFO] Browserslist: caniuse-lite is outdated. Please run:
[INFO] npx browserslist@latest --update-db
[INFO] 
[INFO] Why you should do it regularly:
[INFO] https://github.com/browserslist/browserslist#browsers-data-updating
[INFO] Browserslist: caniuse-lite is outdated. Please run:
[INFO] npx browserslist@latest --update-db
[INFO] 
[INFO] Why you should do it regularly:
[INFO] https://github.com/browserslist/browserslist#browsers-data-updating
[INFO] PASS src/main/javascript/components/textarea/__tests__/textarea.spec.js
[INFO] Browserslist: caniuse-lite is outdated. Please run:
[INFO] npx browserslist@latest --update-db
[INFO] 
[INFO] Why you should do it regularly:
[INFO] https://github.com/browserslist/browserslist#browsers-data-updating
[INFO] PASS src/main/javascript/bundles/__tests__/date-fns-localized.spec.js
[INFO] PASS src/main/javascript/components/copy-to-clipboard-input/__tests__/copy-to-clipboard-input.spec.js
[INFO] PASS src/main/javascript/components/datepicker/locale/__tests__/de.spec.js
[INFO] PASS src/main/javascript/js/__tests__/fetch.spec.js
[INFO] Browserslist: caniuse-lite is outdated. Please run:
[INFO] npx browserslist@latest --update-db
[INFO] 
[INFO] Why you should do it regularly:
[INFO] https://github.com/browserslist/browserslist#browsers-data-updating
[INFO] PASS src/main/javascript/components/application-replacement-select/__tests__/application-replacement-select.spec.js
[INFO] Browserslist: caniuse-lite is outdated. Please run:
[INFO] npx browserslist@latest --update-db
[INFO] 
[INFO] Why you should do it regularly:
[INFO] https://github.com/browserslist/browserslist#browsers-data-updating
[INFO] PASS src/main/javascript/js/__tests__/send-get-days-request.spec.js
[INFO] PASS src/main/javascript/js/__tests__/send-get-department-vacations-request.spec.js
[INFO] PASS src/main/javascript/js/__tests__/send-get-days-request-for-turn-of-the-year.spec.js
[INFO] PASS src/main/javascript/components/datepicker/__tests__/create-datepicker.spec.js
[INFO] PASS src/main/javascript/components/calendar/__tests__/calendar.spec.js (6.852 s)
[INFO] -----------------------------------------------------------|---------|----------|---------|---------|------------------------------------------------------------------------------------------------------------
[INFO] File                                                       | % Stmts | % Branch | % Funcs | % Lines | Uncovered Line #s                                                                                          
[INFO] -----------------------------------------------------------|---------|----------|---------|---------|------------------------------------------------------------------------------------------------------------
[INFO] All files                                                  |    53.8 |    53.49 |   58.64 |   53.44 |                                                                                                            
[INFO]  main/javascript/bundles                                   |   11.54 |      100 |      50 |       8 |                                                                                                            
[INFO]   absences-overview.js                                     |       0 |        0 |       0 |       0 |                                                                                                            
[INFO]   account-form.js                                          |       0 |      100 |     100 |       0 | 7-8                                                                                                        
[INFO]   app-detail.js                                            |       0 |      100 |     100 |       0 | 6-7                                                                                                        
[INFO]   app-form.js                                              |       0 |      100 |     100 |       0 | 11-21                                                                                                      
[INFO]   app-list.js                                              |       0 |        0 |       0 |       0 |                                                                                                            
[INFO]   app-statistics.js                                        |       0 |        0 |       0 |       0 |                                                                                                            
[INFO]   common.js                                                |       0 |      100 |     100 |       0 | 10-13                                                                                                      
[INFO]   date-fns-localized.js                                    |     100 |      100 |     100 |     100 |                                                                                                            
[INFO]   department-form.js                                       |       0 |      100 |     100 |       0 | 4-5                                                                                                        
[INFO]   department-list.js                                       |       0 |      100 |       0 |       0 | 5-6                                                                                                        
[INFO]   overtime-form.js                                         |       0 |      100 |     100 |       0 | 7-8                                                                                                        
[INFO]   overtime-overview.js                                     |       0 |        0 |       0 |       0 |                                                                                                            
[INFO]   person-form.js                                           |       0 |        0 |       0 |       0 |                                                                                                            
[INFO]   person-overview.js                                       |       0 |        0 |       0 |       0 |                                                                                                            
[INFO]   person-view.js                                           |       0 |        0 |       0 |       0 |                                                                                                            
[INFO]   settings-form.js                                         |       0 |        0 |       0 |       0 |                                                                                                            
[INFO]   sick-note-convert.js                                     |       0 |      100 |     100 |       0 | 4-5                                                                                                        
[INFO]   sick-note-form.js                                        |       0 |      100 |     100 |       0 | 7-8                                                                                                        
[INFO]   sick-note.js                                             |       0 |      100 |     100 |       0 | 4-5                                                                                                        
[INFO]   sick-notes.js                                            |       0 |        0 |       0 |       0 |                                                                                                            
[INFO]   workingtime-form.js                                      |       0 |        0 |       0 |       0 |                                                                                                            
[INFO]  main/javascript/components/add-something-new-popup        |       0 |        0 |       0 |       0 |                                                                                                            
[INFO]   index.js                                                 |       0 |        0 |       0 |       0 | 1-18                                                                                                       
[INFO]  main/javascript/components/application-replacement-select |   97.22 |      100 |     100 |   97.22 |                                                                                                            
[INFO]   application-replacement-select.js                        |     100 |      100 |     100 |     100 |                                                                                                            
[INFO]   index.js                                                 |       0 |      100 |     100 |       0 | 3                                                                                                          
[INFO]  main/javascript/components/avatar-popup                   |       0 |        0 |       0 |       0 |                                                                                                            
[INFO]   index.js                                                 |       0 |        0 |       0 |       0 | 1-18                                                                                                       
[INFO]  main/javascript/components/back-button                    |       0 |        0 |       0 |       0 |                                                                                                            
[INFO]   index.js                                                 |       0 |        0 |       0 |       0 | 1-4                                                                                                        
[INFO]  main/javascript/components/calendar                       |   56.31 |    52.66 |   68.18 |   56.31 |                                                                                                            
[INFO]   holiday-service.js                                       |       0 |        0 |       0 |       0 |                                                                                                            
[INFO]   index.js                                                 |   56.31 |    52.66 |   68.18 |   56.31 | 95,114,117,176,218-235,332-336,344-356,373-377,398-402,415-447,457,471-480,687-715,733-883,897-898,903,934 
[INFO]  main/javascript/components/copy-to-clipboard-input        |     100 |      100 |     100 |     100 |                                                                                                            
[INFO]   copy-to-clipboard-input.js                               |     100 |      100 |     100 |     100 |                                                                                                            
[INFO]   index.js                                                 |       0 |        0 |       0 |       0 |                                                                                                            
[INFO]  main/javascript/components/datepicker                     |   97.09 |    88.52 |   96.43 |   96.88 |                                                                                                            
[INFO]   create-datepicker.js                                     |   97.09 |    88.52 |   96.43 |   96.88 | 58,123,127                                                                                                 
[INFO]   index.js                                                 |       0 |        0 |       0 |       0 |                                                                                                            
[INFO]  main/javascript/components/datepicker/locale              |      75 |    41.67 |      50 |      75 |                                                                                                            
[INFO]   de.js                                                    |     100 |    83.33 |     100 |     100 | 27                                                                                                         
[INFO]   en.js                                                    |      50 |        0 |       0 |      50 | 28-35                                                                                                      
[INFO]  main/javascript/components/feedback                       |       0 |      100 |       0 |       0 |                                                                                                            
[INFO]   index.js                                                 |       0 |      100 |       0 |       0 | 3-6                                                                                                        
[INFO]  main/javascript/components/filter-modal                   |       0 |      100 |       0 |       0 |                                                                                                            
[INFO]   index.js                                                 |       0 |      100 |       0 |       0 | 3-7                                                                                                        
[INFO]  main/javascript/components/popover                        |       0 |      100 |       0 |       0 |                                                                                                            
[INFO]   index.js                                                 |       0 |      100 |       0 |       0 | 6-8                                                                                                        
[INFO]  main/javascript/components/table-selectable               |       0 |        0 |       0 |       0 |                                                                                                            
[INFO]   index.js                                                 |       0 |        0 |       0 |       0 | 3-11                                                                                                       
[INFO]  main/javascript/components/table-sortable                 |       0 |        0 |       0 |       0 |                                                                                                            
[INFO]   index.js                                                 |       0 |        0 |       0 |       0 | 4-47                                                                                                       
[INFO]  main/javascript/components/tabs                           |       0 |        0 |       0 |       0 |                                                                                                            
[INFO]   index.js                                                 |       0 |        0 |       0 |       0 | 4-22                                                                                                       
[INFO]  main/javascript/components/textarea                       |     100 |     87.5 |     100 |     100 |                                                                                                            
[INFO]   index.js                                                 |     100 |     87.5 |     100 |     100 | 6                                                                                                          
[INFO]  main/javascript/components/timepicker                     |       0 |        0 |       0 |       0 |                                                                                                            
[INFO]   index.js                                                 |       0 |        0 |       0 |       0 |                                                                                                            
[INFO]  main/javascript/components/tooltip                        |     100 |      100 |     100 |     100 |                                                                                                            
[INFO]   index.js                                                 |     100 |      100 |     100 |     100 |                                                                                                            
[INFO]  main/javascript/js                                        |   83.02 |    82.98 |      70 |   83.02 |                                                                                                            
[INFO]   absences-overview.js                                     |       0 |      100 |       0 |       0 | 5-18                                                                                                       
[INFO]   count.js                                                 |       0 |      100 |       0 |       0 | 3                                                                                                          
[INFO]   fetch.js                                                 |     100 |      100 |     100 |     100 |                                                                                                            
[INFO]   format-number.js                                         |     100 |       50 |     100 |     100 | 2                                                                                                          
[INFO]   get-url-parameter.js                                     |       0 |        0 |       0 |       0 | 4-13                                                                                                       
[INFO]   max-chars.js                                             |       0 |        0 |       0 |       0 | 2-3                                                                                                        
[INFO]   navigate.js                                              |       0 |      100 |       0 |       0 | 2-5                                                                                                        
[INFO]   parse-query-string.js                                    |     100 |      100 |     100 |     100 |                                                                                                            
[INFO]   send-get-days-request-for-turn-of-the-year.js            |     100 |      100 |     100 |     100 |                                                                                                            
[INFO]   send-get-days-request.js                                 |     100 |      100 |     100 |     100 |                                                                                                            
[INFO]   send-get-department-vacations-request.js                 |   97.06 |    78.57 |     100 |   97.06 | 70                                                                                                         
[INFO]  main/javascript/js/account                                |       0 |      100 |       0 |       0 |                                                                                                            
[INFO]   account-form.js                                          |       0 |      100 |       0 |       0 | 3-11                                                                                                       
[INFO]  main/javascript/js/application                            |   15.79 |    16.67 |    6.25 |   15.79 |                                                                                                            
[INFO]   app-form-day-length-change-listener.js                   |       0 |        0 |       0 |       0 | 6-30                                                                                                       
[INFO]   app-form.js                                              |       0 |        0 |       0 |       0 | 9-88                                                                                                       
[INFO]   app-info.js                                              |       0 |        0 |       0 |       0 | 4-12                                                                                                       
[INFO]   app-statistics.js                                        |       0 |        0 |       0 |       0 | 4-22                                                                                                       
[INFO]   holiday-replacement-changed.js                           |       0 |        0 |       0 |       0 | 1-9                                                                                                        
[INFO]   vacation-type-changed.js                                 |     100 |      100 |     100 |     100 |                                                                                                            
[INFO]  main/javascript/js/overtime                               |       0 |        0 |       0 |       0 |                                                                                                            
[INFO]   overtime-form.js                                         |       0 |        0 |       0 |       0 | 4-27                                                                                                       
[INFO]  main/javascript/js/person                                 |       0 |        0 |       0 |       0 |                                                                                                            
[INFO]   overview-app-list.js                                     |       0 |      100 |     100 |       0 | 3                                                                                                          
[INFO]   overview.js                                              |       0 |        0 |       0 |       0 | 7-54                                                                                                       
[INFO]   person-list.js                                           |       0 |        0 |       0 |       0 | 5-24                                                                                                       
[INFO]  main/javascript/js/settings                               |       0 |        0 |       0 |       0 |                                                                                                            
[INFO]   settings-form.js                                         |       0 |        0 |       0 |       0 | 3-32                                                                                                       
[INFO]  main/javascript/js/sick-notes                             |       0 |        0 |       0 |       0 |                                                                                                            
[INFO]   sick-note-form.js                                        |       0 |        0 |       0 |       0 | 4-50                                                                                                       
[INFO]  main/javascript/js/working-time                           |       0 |      100 |       0 |       0 |                                                                                                            
[INFO]   working-time-form.js                                     |       0 |      100 |       0 |       0 | 4-7                                                                                                        
[INFO]  main/javascript/lib/bootstrap                             |       0 |        0 |       0 |       0 |                                                                                                            
[INFO]   bootstrap.js                                             |       0 |        0 |       0 |       0 |                                                                                                            
[INFO]   index.js                                                 |       0 |        0 |       0 |       0 |                                                                                                            
[INFO]  main/javascript/lib/date-fns                              |     100 |    85.71 |     100 |     100 |                                                                                                            
[INFO]   format.js                                                |     100 |      100 |     100 |     100 |                                                                                                            
[INFO]   locale-resolver.js                                       |     100 |      100 |     100 |     100 |                                                                                                            
[INFO]   parse.js                                                 |     100 |      100 |     100 |     100 |                                                                                                            
[INFO]   start-of-week.js                                         |     100 |    66.67 |     100 |     100 | 4                                                                                                          
[INFO]  test/javascript                                           |     100 |      100 |     100 |     100 |                                                                                                            
[INFO]   test-setup-helper.js                                     |     100 |      100 |     100 |     100 |                                                                                                            
[INFO] -----------------------------------------------------------|---------|----------|---------|---------|------------------------------------------------------------------------------------------------------------
[INFO] 
[INFO] Test Suites: 13 passed, 13 total
[INFO] Tests:       150 passed, 150 total
[INFO] Snapshots:   1 passed, 1 total
[INFO] Time:        10.242 s
[INFO] Ran all test suites.
[INFO] ------------------------------------------------------------------------
[INFO] BUILD SUCCESS
[INFO] ------------------------------------------------------------------------
[INFO] Total time:  01:11 min
[INFO] Finished at: 2023-01-18T12:13:21Z
[INFO] ------------------------------------------------------------------------
