[INFO] Scanning for projects...
[INFO] 
[INFO] ----------------< org.codehaus.mojo:exec-maven-plugin >-----------------
[INFO] Building Exec Maven Plugin 3.0.1-SNAPSHOT
[INFO] ----------------------------[ maven-plugin ]----------------------------
[INFO] 
[INFO] --- maven-clean-plugin:3.0.0:clean (default-clean) @ exec-maven-plugin ---
[INFO] Deleting /home/gabsko/breaking-updates/target
[INFO] 
[INFO] --- maven-enforcer-plugin:1.4:enforce (mojo-enforcer-rules) @ exec-maven-plugin ---
[INFO] 
[INFO] --- maven-plugin-plugin:3.6.0:helpmojo (help-mojo) @ exec-maven-plugin ---
[INFO] Using 'UTF-8' encoding to read mojo source files.
[INFO] java-javadoc mojo extractor found 0 mojo descriptor.
[INFO] java-annotations mojo extractor found 0 mojo descriptor.
[INFO] 
[INFO] --- maven-resources-plugin:3.0.1:resources (default-resources) @ exec-maven-plugin ---
[INFO] Using 'UTF-8' encoding to copy filtered resources.
[INFO] skip non existing resourceDirectory /home/gabsko/breaking-updates/src/main/resources
[INFO] 
[INFO] --- maven-compiler-plugin:3.8.1:compile (default-compile) @ exec-maven-plugin ---
[INFO] Changes detected - recompiling the module!
[INFO] Compiling 16 source files to /home/gabsko/breaking-updates/target/classes
[INFO] /home/gabsko/breaking-updates/src/main/java/org/codehaus/mojo/exec/ExecJavaMojo.java: Some input files use or override a deprecated API.
[INFO] /home/gabsko/breaking-updates/src/main/java/org/codehaus/mojo/exec/ExecJavaMojo.java: Recompile with -Xlint:deprecation for details.
[INFO] 
[INFO] --- maven-compiler-plugin:3.8.1:compile (jdk9) @ exec-maven-plugin ---
[INFO] Changes detected - recompiling the module!
[INFO] Compiling 1 source file to /home/gabsko/breaking-updates/target/classes/META-INF/versions/9
[INFO] 
[INFO] --- maven-plugin-plugin:3.6.0:descriptor (default-descriptor) @ exec-maven-plugin ---
[INFO] Using 'UTF-8' encoding to read mojo source files.
[INFO] java-javadoc mojo extractor found 0 mojo descriptor.
[INFO] java-annotations mojo extractor found 3 mojo descriptors.
[INFO] 
[INFO] --- animal-sniffer-maven-plugin:1.17:check (default) @ exec-maven-plugin ---
[INFO] Signature checking is skipped.
[INFO] 
[INFO] --- plexus-component-metadata:2.0.0:generate-metadata (default) @ exec-maven-plugin ---
[INFO] Discovered 1 component descriptors(s)
[INFO] 
[INFO] --- maven-dependency-plugin:3.1.2:copy (copy-test-deps) @ exec-maven-plugin ---
[INFO] Configured Artifact: org.slf4j:slf4j-api:1.7.30:jar
[INFO] Configured Artifact: org.slf4j:slf4j-simple:1.7.30:jar
[INFO] Configured Artifact: org.slf4j:slf4j-jdk14:1.7.30:jar
[INFO] Copying slf4j-api-1.7.30.jar to /home/gabsko/breaking-updates/target/test-dependencies/slf4j-api.jar
[INFO] Copying slf4j-simple-1.7.30.jar to /home/gabsko/breaking-updates/target/test-dependencies/slf4j-simple.jar
[INFO] Copying slf4j-jdk14-1.7.30.jar to /home/gabsko/breaking-updates/target/test-dependencies/slf4j-jdk14.jar
[INFO] 
[INFO] --- maven-resources-plugin:3.0.1:testResources (default-testResources) @ exec-maven-plugin ---
[INFO] Using 'UTF-8' encoding to copy filtered resources.
[INFO] skip non existing resourceDirectory /home/gabsko/breaking-updates/src/test/resources
[INFO] 
[INFO] --- maven-compiler-plugin:3.8.1:testCompile (default-testCompile) @ exec-maven-plugin ---
[INFO] Changes detected - recompiling the module!
[INFO] Compiling 13 source files to /home/gabsko/breaking-updates/target/test-classes
[INFO] /home/gabsko/breaking-updates/src/test/java/org/codehaus/mojo/exec/ExecJavaMojoTest.java: Some input files use or override a deprecated API.
[INFO] /home/gabsko/breaking-updates/src/test/java/org/codehaus/mojo/exec/ExecJavaMojoTest.java: Recompile with -Xlint:deprecation for details.
[INFO] 
[INFO] --- maven-surefire-plugin:2.19.1:test (default-test) @ exec-maven-plugin ---

-------------------------------------------------------
 T E S T S
-------------------------------------------------------
Running org.codehaus.mojo.exec.URLClassLoaderBuilderTest
Tests run: 1, Failures: 0, Errors: 0, Skipped: 0, Time elapsed: 0.088 sec - in org.codehaus.mojo.exec.URLClassLoaderBuilderTest
Running org.codehaus.mojo.exec.ExecJavaMojoTest
WARNING: An illegal reflective access operation has occurred
WARNING: Illegal reflective access by org.mockito.cglib.core.ReflectUtils$2 (file:/home/gabsko/.m2/repository/org/mockito/mockito-core/1.9.0/mockito-core-1.9.0.jar) to method java.lang.ClassLoader.defineClass(java.lang.String,byte[],int,int,java.security.ProtectionDomain)
WARNING: Please consider reporting this to the maintainers of org.mockito.cglib.core.ReflectUtils$2
WARNING: Use --illegal-access=warn to enable warnings of further illegal reflective access operations
WARNING: All illegal access operations will be denied in a future release
Tests run: 8, Failures: 0, Errors: 0, Skipped: 0, Time elapsed: 12.51 sec - in org.codehaus.mojo.exec.ExecJavaMojoTest
Running org.codehaus.mojo.exec.ExecMojoTest
Tests run: 9, Failures: 0, Errors: 0, Skipped: 0, Time elapsed: 0.389 sec - in org.codehaus.mojo.exec.ExecMojoTest

Results :

Tests run: 18, Failures: 0, Errors: 0, Skipped: 0

[INFO] ------------------------------------------------------------------------
[INFO] BUILD SUCCESS
[INFO] ------------------------------------------------------------------------
[INFO] Total time:  17.795 s
[INFO] Finished at: 2023-01-25T05:30:44Z
[INFO] ------------------------------------------------------------------------
