[INFO] Scanning for projects...
[INFO] Inspecting build with total of 7 modules...
[INFO] Installing Nexus Staging features:
[INFO]   ... total of 7 executions of maven-deploy-plugin replaced with nexus-staging-maven-plugin
[INFO] ------------------------------------------------------------------------
[INFO] Reactor Build Order:
[INFO] 
[INFO] Google Dialogflow CX Parent                                        [pom]
[INFO] proto-google-cloud-dialogflow-cx-v3beta1                           [jar]
[INFO] proto-google-cloud-dialogflow-cx-v3                                [jar]
[INFO] grpc-google-cloud-dialogflow-cx-v3beta1                            [jar]
[INFO] grpc-google-cloud-dialogflow-cx-v3                                 [jar]
[INFO] Google Dialogflow CX                                               [jar]
[INFO] Google Dialogflow CX BOM                                           [pom]
[INFO] 
[INFO] ---------< com.google.cloud:google-cloud-dialogflow-cx-parent >---------
[INFO] Building Google Dialogflow CX Parent 0.11.5-SNAPSHOT               [1/7]
[INFO] --------------------------------[ pom ]---------------------------------
[INFO] 
[INFO] --- maven-clean-plugin:2.5:clean (default-clean) @ google-cloud-dialogflow-cx-parent ---
[INFO] Deleting /home/gabsko/breaking-updates/target
[INFO] 
[INFO] --- maven-enforcer-plugin:3.0.0-M3:enforce (enforce) @ google-cloud-dialogflow-cx-parent ---
[INFO] Adding ignore: module-info
[INFO] Adding ignore: META-INF/versions/*/module-info
[INFO] 
[INFO] --- maven-checkstyle-plugin:3.1.2:check (checkstyle) @ google-cloud-dialogflow-cx-parent ---
[INFO] Starting audit...
Audit done.
[INFO] You have 0 Checkstyle violations.
[INFO] 
[INFO] --- jacoco-maven-plugin:0.8.7:prepare-agent (default) @ google-cloud-dialogflow-cx-parent ---
[INFO] argLine set to -javaagent:/home/gabsko/.m2/repository/org/jacoco/org.jacoco.agent/0.8.7/org.jacoco.agent-0.8.7-runtime.jar=destfile=/home/gabsko/breaking-updates/target/jacoco.exec
[INFO] 
[INFO] --- build-helper-maven-plugin:3.3.0:add-resource (add-main-proto-resources) @ google-cloud-dialogflow-cx-parent ---
[INFO] 
[INFO] --- build-helper-maven-plugin:3.3.0:add-test-resource (add-test-proto-resources) @ google-cloud-dialogflow-cx-parent ---
[INFO] 
[INFO] --- animal-sniffer-maven-plugin:1.20:check (java8) @ google-cloud-dialogflow-cx-parent ---
[INFO] Checking unresolved references to org.codehaus.mojo.signature:java18:1.0
[INFO] 
[INFO] --- jacoco-maven-plugin:0.8.7:report (report) @ google-cloud-dialogflow-cx-parent ---
[INFO] Skipping JaCoCo execution due to missing execution data file.
[INFO] 
[INFO] ----< com.google.api.grpc:proto-google-cloud-dialogflow-cx-v3beta1 >----
[INFO] Building proto-google-cloud-dialogflow-cx-v3beta1 0.11.5-SNAPSHOT  [2/7]
[INFO] --------------------------------[ jar ]---------------------------------
[INFO] 
[INFO] --- maven-clean-plugin:2.5:clean (default-clean) @ proto-google-cloud-dialogflow-cx-v3beta1 ---
[INFO] Deleting /home/gabsko/breaking-updates/proto-google-cloud-dialogflow-cx-v3beta1/target
[INFO] 
[INFO] --- flatten-maven-plugin:1.2.7:clean (flatten.clean) @ proto-google-cloud-dialogflow-cx-v3beta1 ---
[INFO] Deleting /home/gabsko/breaking-updates/proto-google-cloud-dialogflow-cx-v3beta1/.flattened-pom.xml
[INFO] 
[INFO] --- maven-enforcer-plugin:3.0.0-M3:enforce (enforce) @ proto-google-cloud-dialogflow-cx-v3beta1 ---
[INFO] Adding ignore: module-info
[INFO] Adding ignore: META-INF/versions/*/module-info
[INFO] 
[INFO] --- maven-checkstyle-plugin:3.1.2:check (checkstyle) @ proto-google-cloud-dialogflow-cx-v3beta1 ---
[INFO] Starting audit...
Audit done.
[INFO] You have 0 Checkstyle violations.
[INFO] 
[INFO] --- jacoco-maven-plugin:0.8.7:prepare-agent (default) @ proto-google-cloud-dialogflow-cx-v3beta1 ---
[INFO] argLine set to -javaagent:/home/gabsko/.m2/repository/org/jacoco/org.jacoco.agent/0.8.7/org.jacoco.agent-0.8.7-runtime.jar=destfile=/home/gabsko/breaking-updates/proto-google-cloud-dialogflow-cx-v3beta1/target/jacoco.exec
[INFO] 
[INFO] --- build-helper-maven-plugin:3.3.0:add-resource (add-main-proto-resources) @ proto-google-cloud-dialogflow-cx-v3beta1 ---
[INFO] 
[INFO] --- maven-resources-plugin:2.6:resources (default-resources) @ proto-google-cloud-dialogflow-cx-v3beta1 ---
[INFO] Using 'UTF-8' encoding to copy filtered resources.
[INFO] skip non existing resourceDirectory /home/gabsko/breaking-updates/proto-google-cloud-dialogflow-cx-v3beta1/src/main/resources
[INFO] Copying 21 resources
[INFO] 
[INFO] --- flatten-maven-plugin:1.2.7:flatten (flatten) @ proto-google-cloud-dialogflow-cx-v3beta1 ---
[INFO] Generating flattened POM of project com.google.api.grpc:proto-google-cloud-dialogflow-cx-v3beta1:jar:0.11.5-SNAPSHOT...
[INFO] 
[INFO] --- maven-compiler-plugin:3.9.0:compile (default-compile) @ proto-google-cloud-dialogflow-cx-v3beta1 ---
[INFO] Changes detected - recompiling the module!
[INFO] Compiling 444 source files to /home/gabsko/breaking-updates/proto-google-cloud-dialogflow-cx-v3beta1/target/classes
[WARNING] bootstrap class path not set in conjunction with -source 8
[INFO] 
[INFO] --- build-helper-maven-plugin:3.3.0:add-test-resource (add-test-proto-resources) @ proto-google-cloud-dialogflow-cx-v3beta1 ---
[INFO] 
[INFO] --- maven-resources-plugin:2.6:testResources (default-testResources) @ proto-google-cloud-dialogflow-cx-v3beta1 ---
[INFO] Using 'UTF-8' encoding to copy filtered resources.
[INFO] skip non existing resourceDirectory /home/gabsko/breaking-updates/proto-google-cloud-dialogflow-cx-v3beta1/src/test/resources
[INFO] skip non existing resourceDirectory /home/gabsko/breaking-updates/proto-google-cloud-dialogflow-cx-v3beta1/src/test/proto
[INFO] 
[INFO] --- maven-compiler-plugin:3.9.0:testCompile (default-testCompile) @ proto-google-cloud-dialogflow-cx-v3beta1 ---
[INFO] No sources to compile
[INFO] 
[INFO] --- animal-sniffer-maven-plugin:1.20:check (java8) @ proto-google-cloud-dialogflow-cx-v3beta1 ---
[INFO] Checking unresolved references to org.codehaus.mojo.signature:java18:1.0
[INFO] 
[INFO] --- maven-surefire-plugin:3.0.0-M5:test (default-test) @ proto-google-cloud-dialogflow-cx-v3beta1 ---
[INFO] No tests to run.
[INFO] 
[INFO] --- jacoco-maven-plugin:0.8.7:report (report) @ proto-google-cloud-dialogflow-cx-v3beta1 ---
[INFO] Skipping JaCoCo execution due to missing execution data file.
[INFO] 
[INFO] ------< com.google.api.grpc:proto-google-cloud-dialogflow-cx-v3 >-------
[INFO] Building proto-google-cloud-dialogflow-cx-v3 0.11.5-SNAPSHOT       [3/7]
[INFO] --------------------------------[ jar ]---------------------------------
[INFO] 
[INFO] --- maven-clean-plugin:2.5:clean (default-clean) @ proto-google-cloud-dialogflow-cx-v3 ---
[INFO] Deleting /home/gabsko/breaking-updates/proto-google-cloud-dialogflow-cx-v3/target
[INFO] 
[INFO] --- flatten-maven-plugin:1.2.7:clean (flatten.clean) @ proto-google-cloud-dialogflow-cx-v3 ---
[INFO] Deleting /home/gabsko/breaking-updates/proto-google-cloud-dialogflow-cx-v3/.flattened-pom.xml
[INFO] 
[INFO] --- maven-enforcer-plugin:3.0.0-M3:enforce (enforce) @ proto-google-cloud-dialogflow-cx-v3 ---
[INFO] Adding ignore: module-info
[INFO] Adding ignore: META-INF/versions/*/module-info
[INFO] 
[INFO] --- maven-checkstyle-plugin:3.1.2:check (checkstyle) @ proto-google-cloud-dialogflow-cx-v3 ---
[INFO] Starting audit...
Audit done.
[INFO] You have 0 Checkstyle violations.
[INFO] 
[INFO] --- jacoco-maven-plugin:0.8.7:prepare-agent (default) @ proto-google-cloud-dialogflow-cx-v3 ---
[INFO] argLine set to -javaagent:/home/gabsko/.m2/repository/org/jacoco/org.jacoco.agent/0.8.7/org.jacoco.agent-0.8.7-runtime.jar=destfile=/home/gabsko/breaking-updates/proto-google-cloud-dialogflow-cx-v3/target/jacoco.exec
[INFO] 
[INFO] --- build-helper-maven-plugin:3.3.0:add-resource (add-main-proto-resources) @ proto-google-cloud-dialogflow-cx-v3 ---
[INFO] 
[INFO] --- maven-resources-plugin:2.6:resources (default-resources) @ proto-google-cloud-dialogflow-cx-v3 ---
[INFO] Using 'UTF-8' encoding to copy filtered resources.
[INFO] skip non existing resourceDirectory /home/gabsko/breaking-updates/proto-google-cloud-dialogflow-cx-v3/src/main/resources
[INFO] Copying 21 resources
[INFO] 
[INFO] --- flatten-maven-plugin:1.2.7:flatten (flatten) @ proto-google-cloud-dialogflow-cx-v3 ---
[INFO] Generating flattened POM of project com.google.api.grpc:proto-google-cloud-dialogflow-cx-v3:jar:0.11.5-SNAPSHOT...
[INFO] 
[INFO] --- maven-compiler-plugin:3.9.0:compile (default-compile) @ proto-google-cloud-dialogflow-cx-v3 ---
[INFO] Changes detected - recompiling the module!
[INFO] Compiling 444 source files to /home/gabsko/breaking-updates/proto-google-cloud-dialogflow-cx-v3/target/classes
[WARNING] bootstrap class path not set in conjunction with -source 8
[INFO] 
[INFO] --- build-helper-maven-plugin:3.3.0:add-test-resource (add-test-proto-resources) @ proto-google-cloud-dialogflow-cx-v3 ---
[INFO] 
[INFO] --- maven-resources-plugin:2.6:testResources (default-testResources) @ proto-google-cloud-dialogflow-cx-v3 ---
[INFO] Using 'UTF-8' encoding to copy filtered resources.
[INFO] skip non existing resourceDirectory /home/gabsko/breaking-updates/proto-google-cloud-dialogflow-cx-v3/src/test/resources
[INFO] skip non existing resourceDirectory /home/gabsko/breaking-updates/proto-google-cloud-dialogflow-cx-v3/src/test/proto
[INFO] 
[INFO] --- maven-compiler-plugin:3.9.0:testCompile (default-testCompile) @ proto-google-cloud-dialogflow-cx-v3 ---
[INFO] No sources to compile
[INFO] 
[INFO] --- animal-sniffer-maven-plugin:1.20:check (java8) @ proto-google-cloud-dialogflow-cx-v3 ---
[INFO] Checking unresolved references to org.codehaus.mojo.signature:java18:1.0
[INFO] 
[INFO] --- maven-surefire-plugin:3.0.0-M5:test (default-test) @ proto-google-cloud-dialogflow-cx-v3 ---
[INFO] No tests to run.
[INFO] 
[INFO] --- jacoco-maven-plugin:0.8.7:report (report) @ proto-google-cloud-dialogflow-cx-v3 ---
[INFO] Skipping JaCoCo execution due to missing execution data file.
[INFO] 
[INFO] ----< com.google.api.grpc:grpc-google-cloud-dialogflow-cx-v3beta1 >-----
[INFO] Building grpc-google-cloud-dialogflow-cx-v3beta1 0.11.5-SNAPSHOT   [4/7]
[INFO] --------------------------------[ jar ]---------------------------------
[INFO] 
[INFO] --- maven-clean-plugin:2.5:clean (default-clean) @ grpc-google-cloud-dialogflow-cx-v3beta1 ---
[INFO] Deleting /home/gabsko/breaking-updates/grpc-google-cloud-dialogflow-cx-v3beta1/target
[INFO] 
[INFO] --- flatten-maven-plugin:1.2.7:clean (flatten.clean) @ grpc-google-cloud-dialogflow-cx-v3beta1 ---
[INFO] Deleting /home/gabsko/breaking-updates/grpc-google-cloud-dialogflow-cx-v3beta1/.flattened-pom.xml
[INFO] 
[INFO] --- maven-enforcer-plugin:3.0.0-M3:enforce (enforce) @ grpc-google-cloud-dialogflow-cx-v3beta1 ---
[INFO] Adding ignore: module-info
[INFO] Adding ignore: META-INF/versions/*/module-info
[INFO] 
[INFO] --- maven-checkstyle-plugin:3.1.2:check (checkstyle) @ grpc-google-cloud-dialogflow-cx-v3beta1 ---
[INFO] Starting audit...
Audit done.
[INFO] You have 0 Checkstyle violations.
[INFO] 
[INFO] --- jacoco-maven-plugin:0.8.7:prepare-agent (default) @ grpc-google-cloud-dialogflow-cx-v3beta1 ---
[INFO] argLine set to -javaagent:/home/gabsko/.m2/repository/org/jacoco/org.jacoco.agent/0.8.7/org.jacoco.agent-0.8.7-runtime.jar=destfile=/home/gabsko/breaking-updates/grpc-google-cloud-dialogflow-cx-v3beta1/target/jacoco.exec
[INFO] 
[INFO] --- build-helper-maven-plugin:3.3.0:add-resource (add-main-proto-resources) @ grpc-google-cloud-dialogflow-cx-v3beta1 ---
[INFO] 
[INFO] --- maven-resources-plugin:2.6:resources (default-resources) @ grpc-google-cloud-dialogflow-cx-v3beta1 ---
[INFO] Using 'UTF-8' encoding to copy filtered resources.
[INFO] skip non existing resourceDirectory /home/gabsko/breaking-updates/grpc-google-cloud-dialogflow-cx-v3beta1/src/main/resources
[INFO] skip non existing resourceDirectory /home/gabsko/breaking-updates/grpc-google-cloud-dialogflow-cx-v3beta1/src/main/proto
[INFO] 
[INFO] --- flatten-maven-plugin:1.2.7:flatten (flatten) @ grpc-google-cloud-dialogflow-cx-v3beta1 ---
[INFO] Generating flattened POM of project com.google.api.grpc:grpc-google-cloud-dialogflow-cx-v3beta1:jar:0.11.5-SNAPSHOT...
[INFO] 
[INFO] --- maven-compiler-plugin:3.9.0:compile (default-compile) @ grpc-google-cloud-dialogflow-cx-v3beta1 ---
[INFO] Changes detected - recompiling the module!
[INFO] Compiling 16 source files to /home/gabsko/breaking-updates/grpc-google-cloud-dialogflow-cx-v3beta1/target/classes
[WARNING] bootstrap class path not set in conjunction with -source 8
[INFO] 
[INFO] --- build-helper-maven-plugin:3.3.0:add-test-resource (add-test-proto-resources) @ grpc-google-cloud-dialogflow-cx-v3beta1 ---
[INFO] 
[INFO] --- maven-resources-plugin:2.6:testResources (default-testResources) @ grpc-google-cloud-dialogflow-cx-v3beta1 ---
[INFO] Using 'UTF-8' encoding to copy filtered resources.
[INFO] skip non existing resourceDirectory /home/gabsko/breaking-updates/grpc-google-cloud-dialogflow-cx-v3beta1/src/test/resources
[INFO] skip non existing resourceDirectory /home/gabsko/breaking-updates/grpc-google-cloud-dialogflow-cx-v3beta1/src/test/proto
[INFO] 
[INFO] --- maven-compiler-plugin:3.9.0:testCompile (default-testCompile) @ grpc-google-cloud-dialogflow-cx-v3beta1 ---
[INFO] No sources to compile
[INFO] 
[INFO] --- animal-sniffer-maven-plugin:1.20:check (java8) @ grpc-google-cloud-dialogflow-cx-v3beta1 ---
[INFO] Checking unresolved references to org.codehaus.mojo.signature:java18:1.0
[INFO] 
[INFO] --- maven-surefire-plugin:3.0.0-M5:test (default-test) @ grpc-google-cloud-dialogflow-cx-v3beta1 ---
[INFO] No tests to run.
[INFO] 
[INFO] --- jacoco-maven-plugin:0.8.7:report (report) @ grpc-google-cloud-dialogflow-cx-v3beta1 ---
[INFO] Skipping JaCoCo execution due to missing execution data file.
[INFO] 
[INFO] -------< com.google.api.grpc:grpc-google-cloud-dialogflow-cx-v3 >-------
[INFO] Building grpc-google-cloud-dialogflow-cx-v3 0.11.5-SNAPSHOT        [5/7]
[INFO] --------------------------------[ jar ]---------------------------------
[INFO] 
[INFO] --- maven-clean-plugin:2.5:clean (default-clean) @ grpc-google-cloud-dialogflow-cx-v3 ---
[INFO] Deleting /home/gabsko/breaking-updates/grpc-google-cloud-dialogflow-cx-v3/target
[INFO] 
[INFO] --- flatten-maven-plugin:1.2.7:clean (flatten.clean) @ grpc-google-cloud-dialogflow-cx-v3 ---
[INFO] Deleting /home/gabsko/breaking-updates/grpc-google-cloud-dialogflow-cx-v3/.flattened-pom.xml
[INFO] 
[INFO] --- maven-enforcer-plugin:3.0.0-M3:enforce (enforce) @ grpc-google-cloud-dialogflow-cx-v3 ---
[INFO] Adding ignore: module-info
[INFO] Adding ignore: META-INF/versions/*/module-info
[INFO] 
[INFO] --- maven-checkstyle-plugin:3.1.2:check (checkstyle) @ grpc-google-cloud-dialogflow-cx-v3 ---
[INFO] Starting audit...
Audit done.
[INFO] You have 0 Checkstyle violations.
[INFO] 
[INFO] --- jacoco-maven-plugin:0.8.7:prepare-agent (default) @ grpc-google-cloud-dialogflow-cx-v3 ---
[INFO] argLine set to -javaagent:/home/gabsko/.m2/repository/org/jacoco/org.jacoco.agent/0.8.7/org.jacoco.agent-0.8.7-runtime.jar=destfile=/home/gabsko/breaking-updates/grpc-google-cloud-dialogflow-cx-v3/target/jacoco.exec
[INFO] 
[INFO] --- build-helper-maven-plugin:3.3.0:add-resource (add-main-proto-resources) @ grpc-google-cloud-dialogflow-cx-v3 ---
[INFO] 
[INFO] --- maven-resources-plugin:2.6:resources (default-resources) @ grpc-google-cloud-dialogflow-cx-v3 ---
[INFO] Using 'UTF-8' encoding to copy filtered resources.
[INFO] skip non existing resourceDirectory /home/gabsko/breaking-updates/grpc-google-cloud-dialogflow-cx-v3/src/main/resources
[INFO] skip non existing resourceDirectory /home/gabsko/breaking-updates/grpc-google-cloud-dialogflow-cx-v3/src/main/proto
[INFO] 
[INFO] --- flatten-maven-plugin:1.2.7:flatten (flatten) @ grpc-google-cloud-dialogflow-cx-v3 ---
[INFO] Generating flattened POM of project com.google.api.grpc:grpc-google-cloud-dialogflow-cx-v3:jar:0.11.5-SNAPSHOT...
[INFO] 
[INFO] --- maven-compiler-plugin:3.9.0:compile (default-compile) @ grpc-google-cloud-dialogflow-cx-v3 ---
[INFO] Changes detected - recompiling the module!
[INFO] Compiling 16 source files to /home/gabsko/breaking-updates/grpc-google-cloud-dialogflow-cx-v3/target/classes
[WARNING] bootstrap class path not set in conjunction with -source 8
[INFO] 
[INFO] --- build-helper-maven-plugin:3.3.0:add-test-resource (add-test-proto-resources) @ grpc-google-cloud-dialogflow-cx-v3 ---
[INFO] 
[INFO] --- maven-resources-plugin:2.6:testResources (default-testResources) @ grpc-google-cloud-dialogflow-cx-v3 ---
[INFO] Using 'UTF-8' encoding to copy filtered resources.
[INFO] skip non existing resourceDirectory /home/gabsko/breaking-updates/grpc-google-cloud-dialogflow-cx-v3/src/test/resources
[INFO] skip non existing resourceDirectory /home/gabsko/breaking-updates/grpc-google-cloud-dialogflow-cx-v3/src/test/proto
[INFO] 
[INFO] --- maven-compiler-plugin:3.9.0:testCompile (default-testCompile) @ grpc-google-cloud-dialogflow-cx-v3 ---
[INFO] No sources to compile
[INFO] 
[INFO] --- animal-sniffer-maven-plugin:1.20:check (java8) @ grpc-google-cloud-dialogflow-cx-v3 ---
[INFO] Checking unresolved references to org.codehaus.mojo.signature:java18:1.0
[INFO] 
[INFO] --- maven-surefire-plugin:3.0.0-M5:test (default-test) @ grpc-google-cloud-dialogflow-cx-v3 ---
[INFO] No tests to run.
[INFO] 
[INFO] --- jacoco-maven-plugin:0.8.7:report (report) @ grpc-google-cloud-dialogflow-cx-v3 ---
[INFO] Skipping JaCoCo execution due to missing execution data file.
[INFO] 
[INFO] ------------< com.google.cloud:google-cloud-dialogflow-cx >-------------
[INFO] Building Google Dialogflow CX 0.11.5-SNAPSHOT                      [6/7]
[INFO] --------------------------------[ jar ]---------------------------------
[INFO] 
[INFO] --- maven-clean-plugin:2.5:clean (default-clean) @ google-cloud-dialogflow-cx ---
[INFO] Deleting /home/gabsko/breaking-updates/google-cloud-dialogflow-cx/target
[INFO] 
[INFO] --- flatten-maven-plugin:1.2.7:clean (flatten.clean) @ google-cloud-dialogflow-cx ---
[INFO] Deleting /home/gabsko/breaking-updates/google-cloud-dialogflow-cx/.flattened-pom.xml
[INFO] 
[INFO] --- maven-enforcer-plugin:3.0.0-M3:enforce (enforce) @ google-cloud-dialogflow-cx ---
[INFO] Adding ignore: module-info
[INFO] Adding ignore: META-INF/versions/*/module-info
[INFO] 
[INFO] --- maven-checkstyle-plugin:3.1.2:check (checkstyle) @ google-cloud-dialogflow-cx ---
[INFO] Starting audit...
Audit done.
[INFO] You have 0 Checkstyle violations.
[INFO] 
[INFO] --- jacoco-maven-plugin:0.8.7:prepare-agent (default) @ google-cloud-dialogflow-cx ---
[INFO] argLine set to -javaagent:/home/gabsko/.m2/repository/org/jacoco/org.jacoco.agent/0.8.7/org.jacoco.agent-0.8.7-runtime.jar=destfile=/home/gabsko/breaking-updates/google-cloud-dialogflow-cx/target/jacoco.exec
[INFO] 
[INFO] --- build-helper-maven-plugin:3.3.0:add-resource (add-main-proto-resources) @ google-cloud-dialogflow-cx ---
[INFO] 
[INFO] --- maven-resources-plugin:2.6:resources (default-resources) @ google-cloud-dialogflow-cx ---
[INFO] Using 'UTF-8' encoding to copy filtered resources.
[INFO] skip non existing resourceDirectory /home/gabsko/breaking-updates/google-cloud-dialogflow-cx/src/main/resources
[INFO] skip non existing resourceDirectory /home/gabsko/breaking-updates/google-cloud-dialogflow-cx/src/main/proto
[INFO] 
[INFO] --- flatten-maven-plugin:1.2.7:flatten (flatten) @ google-cloud-dialogflow-cx ---
[INFO] Generating flattened POM of project com.google.cloud:google-cloud-dialogflow-cx:jar:0.11.5-SNAPSHOT...
[INFO] 
[INFO] --- maven-compiler-plugin:3.9.0:compile (default-compile) @ google-cloud-dialogflow-cx ---
[INFO] Changes detected - recompiling the module!
[INFO] Compiling 194 source files to /home/gabsko/breaking-updates/google-cloud-dialogflow-cx/target/classes
[WARNING] bootstrap class path not set in conjunction with -source 8
[INFO] /home/gabsko/breaking-updates/google-cloud-dialogflow-cx/src/main/java/com/google/cloud/dialogflow/cx/v3beta1/ExperimentsSettings.java: Some input files use unchecked or unsafe operations.
[INFO] /home/gabsko/breaking-updates/google-cloud-dialogflow-cx/src/main/java/com/google/cloud/dialogflow/cx/v3beta1/ExperimentsSettings.java: Recompile with -Xlint:unchecked for details.
[INFO] 
[INFO] --- build-helper-maven-plugin:3.3.0:add-test-resource (add-test-proto-resources) @ google-cloud-dialogflow-cx ---
[INFO] 
[INFO] --- maven-resources-plugin:2.6:testResources (default-testResources) @ google-cloud-dialogflow-cx ---
[INFO] Using 'UTF-8' encoding to copy filtered resources.
[INFO] skip non existing resourceDirectory /home/gabsko/breaking-updates/google-cloud-dialogflow-cx/src/test/resources
[INFO] skip non existing resourceDirectory /home/gabsko/breaking-updates/google-cloud-dialogflow-cx/src/test/proto
[INFO] 
[INFO] --- maven-compiler-plugin:3.9.0:testCompile (default-testCompile) @ google-cloud-dialogflow-cx ---
[INFO] Changes detected - recompiling the module!
[INFO] Compiling 97 source files to /home/gabsko/breaking-updates/google-cloud-dialogflow-cx/target/test-classes
[WARNING] bootstrap class path not set in conjunction with -source 8
[WARNING] /home/gabsko/breaking-updates/google-cloud-dialogflow-cx/src/test/java/com/google/cloud/dialogflow/cx/v3/AgentsClientTest.java:[192,13] setEnableStackdriverLogging(boolean) in com.google.cloud.dialogflow.cx.v3.Agent.Builder has been deprecated
[WARNING] /home/gabsko/breaking-updates/google-cloud-dialogflow-cx/src/test/java/com/google/cloud/dialogflow/cx/v3/AgentsClientTest.java:[244,13] setEnableStackdriverLogging(boolean) in com.google.cloud.dialogflow.cx.v3.Agent.Builder has been deprecated
[WARNING] /home/gabsko/breaking-updates/google-cloud-dialogflow-cx/src/test/java/com/google/cloud/dialogflow/cx/v3/AgentsClientTest.java:[296,13] setEnableStackdriverLogging(boolean) in com.google.cloud.dialogflow.cx.v3.Agent.Builder has been deprecated
[WARNING] /home/gabsko/breaking-updates/google-cloud-dialogflow-cx/src/test/java/com/google/cloud/dialogflow/cx/v3/AgentsClientTest.java:[351,13] setEnableStackdriverLogging(boolean) in com.google.cloud.dialogflow.cx.v3.Agent.Builder has been deprecated
[WARNING] /home/gabsko/breaking-updates/google-cloud-dialogflow-cx/src/test/java/com/google/cloud/dialogflow/cx/v3/AgentsClientTest.java:[406,13] setEnableStackdriverLogging(boolean) in com.google.cloud.dialogflow.cx.v3.Agent.Builder has been deprecated
[WARNING] /home/gabsko/breaking-updates/google-cloud-dialogflow-cx/src/test/java/com/google/cloud/dialogflow/cx/v3beta1/AgentsClientTest.java:[192,13] setEnableStackdriverLogging(boolean) in com.google.cloud.dialogflow.cx.v3beta1.Agent.Builder has been deprecated
[WARNING] /home/gabsko/breaking-updates/google-cloud-dialogflow-cx/src/test/java/com/google/cloud/dialogflow/cx/v3beta1/AgentsClientTest.java:[244,13] setEnableStackdriverLogging(boolean) in com.google.cloud.dialogflow.cx.v3beta1.Agent.Builder has been deprecated
[WARNING] /home/gabsko/breaking-updates/google-cloud-dialogflow-cx/src/test/java/com/google/cloud/dialogflow/cx/v3beta1/AgentsClientTest.java:[296,13] setEnableStackdriverLogging(boolean) in com.google.cloud.dialogflow.cx.v3beta1.Agent.Builder has been deprecated
[WARNING] /home/gabsko/breaking-updates/google-cloud-dialogflow-cx/src/test/java/com/google/cloud/dialogflow/cx/v3beta1/AgentsClientTest.java:[351,13] setEnableStackdriverLogging(boolean) in com.google.cloud.dialogflow.cx.v3beta1.Agent.Builder has been deprecated
[WARNING] /home/gabsko/breaking-updates/google-cloud-dialogflow-cx/src/test/java/com/google/cloud/dialogflow/cx/v3beta1/AgentsClientTest.java:[406,13] setEnableStackdriverLogging(boolean) in com.google.cloud.dialogflow.cx.v3beta1.Agent.Builder has been deprecated
[WARNING] /home/gabsko/breaking-updates/google-cloud-dialogflow-cx/src/test/java/com/google/cloud/dialogflow/cx/v3/SessionsClientTest.java:[170,17] bidiStreamingCall(com.google.api.gax.rpc.ApiStreamObserver<ResponseT>) in com.google.api.gax.rpc.BidiStreamingCallable has been deprecated
[WARNING] /home/gabsko/breaking-updates/google-cloud-dialogflow-cx/src/test/java/com/google/cloud/dialogflow/cx/v3/SessionsClientTest.java:[201,17] bidiStreamingCall(com.google.api.gax.rpc.ApiStreamObserver<ResponseT>) in com.google.api.gax.rpc.BidiStreamingCallable has been deprecated
[WARNING] /home/gabsko/breaking-updates/google-cloud-dialogflow-cx/src/test/java/com/google/cloud/dialogflow/cx/v3beta1/it/ITSystemTest.java:[146,13] setEnableStackdriverLogging(boolean) in com.google.cloud.dialogflow.cx.v3beta1.Agent.Builder has been deprecated
[WARNING] /home/gabsko/breaking-updates/google-cloud-dialogflow-cx/src/test/java/com/google/cloud/dialogflow/cx/v3beta1/it/ITSystemTest.java:[318,13] setEnableStackdriverLogging(boolean) in com.google.cloud.dialogflow.cx.v3beta1.Agent.Builder has been deprecated
[WARNING] /home/gabsko/breaking-updates/google-cloud-dialogflow-cx/src/test/java/com/google/cloud/dialogflow/cx/v3beta1/it/ITSystemTest.java:[595,21] getEnableStackdriverLogging() in com.google.cloud.dialogflow.cx.v3beta1.Agent has been deprecated
[WARNING] /home/gabsko/breaking-updates/google-cloud-dialogflow-cx/src/test/java/com/google/cloud/dialogflow/cx/v3beta1/SessionsClientTest.java:[170,17] bidiStreamingCall(com.google.api.gax.rpc.ApiStreamObserver<ResponseT>) in com.google.api.gax.rpc.BidiStreamingCallable has been deprecated
[WARNING] /home/gabsko/breaking-updates/google-cloud-dialogflow-cx/src/test/java/com/google/cloud/dialogflow/cx/v3beta1/SessionsClientTest.java:[201,17] bidiStreamingCall(com.google.api.gax.rpc.ApiStreamObserver<ResponseT>) in com.google.api.gax.rpc.BidiStreamingCallable has been deprecated
[INFO] 
[INFO] --- animal-sniffer-maven-plugin:1.20:check (java8) @ google-cloud-dialogflow-cx ---
[INFO] Checking unresolved references to org.codehaus.mojo.signature:java18:1.0
[INFO] 
[INFO] --- maven-surefire-plugin:3.0.0-M5:test (default-test) @ google-cloud-dialogflow-cx ---
[INFO] 
[INFO] -------------------------------------------------------
[INFO]  T E S T S
[INFO] -------------------------------------------------------
[INFO] Running com.google.cloud.dialogflow.cx.v3.AgentsClientTest
[INFO] Tests run: 28, Failures: 0, Errors: 0, Skipped: 0, Time elapsed: 1.357 s - in com.google.cloud.dialogflow.cx.v3.AgentsClientTest
[INFO] Running com.google.cloud.dialogflow.cx.v3.FlowsClientTest
[INFO] Tests run: 32, Failures: 0, Errors: 0, Skipped: 0, Time elapsed: 0.265 s - in com.google.cloud.dialogflow.cx.v3.FlowsClientTest
[INFO] Running com.google.cloud.dialogflow.cx.v3.EntityTypesClientTest
[INFO] Tests run: 18, Failures: 0, Errors: 0, Skipped: 0, Time elapsed: 0.087 s - in com.google.cloud.dialogflow.cx.v3.EntityTypesClientTest
[INFO] Running com.google.cloud.dialogflow.cx.v3.EnvironmentsClientTest
[INFO] Tests run: 30, Failures: 0, Errors: 0, Skipped: 0, Time elapsed: 0.205 s - in com.google.cloud.dialogflow.cx.v3.EnvironmentsClientTest
[INFO] Running com.google.cloud.dialogflow.cx.v3.DeploymentsClientTest
[INFO] Tests run: 8, Failures: 0, Errors: 0, Skipped: 0, Time elapsed: 0.052 s - in com.google.cloud.dialogflow.cx.v3.DeploymentsClientTest
[INFO] Running com.google.cloud.dialogflow.cx.v3.SessionEntityTypesClientTest
[INFO] Tests run: 18, Failures: 0, Errors: 0, Skipped: 0, Time elapsed: 0.235 s - in com.google.cloud.dialogflow.cx.v3.SessionEntityTypesClientTest
[INFO] Running com.google.cloud.dialogflow.cx.v3.TestCasesClientTest
[INFO] Tests run: 36, Failures: 0, Errors: 0, Skipped: 0, Time elapsed: 0.609 s - in com.google.cloud.dialogflow.cx.v3.TestCasesClientTest
[INFO] Running com.google.cloud.dialogflow.cx.v3.PagesClientTest
[INFO] Tests run: 18, Failures: 0, Errors: 0, Skipped: 0, Time elapsed: 0.114 s - in com.google.cloud.dialogflow.cx.v3.PagesClientTest
[INFO] Running com.google.cloud.dialogflow.cx.v3.VersionsClientTest
[INFO] Tests run: 26, Failures: 0, Errors: 0, Skipped: 0, Time elapsed: 0.181 s - in com.google.cloud.dialogflow.cx.v3.VersionsClientTest
[INFO] Running com.google.cloud.dialogflow.cx.v3.ExperimentsClientTest
[INFO] Tests run: 26, Failures: 0, Errors: 0, Skipped: 0, Time elapsed: 0.146 s - in com.google.cloud.dialogflow.cx.v3.ExperimentsClientTest
[INFO] Running com.google.cloud.dialogflow.cx.v3.SessionsClientTest
[INFO] Tests run: 8, Failures: 0, Errors: 0, Skipped: 0, Time elapsed: 0.102 s - in com.google.cloud.dialogflow.cx.v3.SessionsClientTest
[INFO] Running com.google.cloud.dialogflow.cx.v3.SecuritySettingsServiceClientTest
[INFO] Tests run: 18, Failures: 0, Errors: 0, Skipped: 0, Time elapsed: 0.085 s - in com.google.cloud.dialogflow.cx.v3.SecuritySettingsServiceClientTest
[INFO] Running com.google.cloud.dialogflow.cx.v3.WebhooksClientTest
[INFO] Tests run: 18, Failures: 0, Errors: 0, Skipped: 0, Time elapsed: 0.073 s - in com.google.cloud.dialogflow.cx.v3.WebhooksClientTest
[INFO] Running com.google.cloud.dialogflow.cx.v3.IntentsClientTest
[INFO] Tests run: 18, Failures: 0, Errors: 0, Skipped: 0, Time elapsed: 0.097 s - in com.google.cloud.dialogflow.cx.v3.IntentsClientTest
[INFO] Running com.google.cloud.dialogflow.cx.v3.ChangelogsClientTest
[INFO] Tests run: 8, Failures: 0, Errors: 0, Skipped: 0, Time elapsed: 0.057 s - in com.google.cloud.dialogflow.cx.v3.ChangelogsClientTest
[INFO] Running com.google.cloud.dialogflow.cx.v3.TransitionRouteGroupsClientTest
[INFO] Tests run: 18, Failures: 0, Errors: 0, Skipped: 0, Time elapsed: 0.077 s - in com.google.cloud.dialogflow.cx.v3.TransitionRouteGroupsClientTest
[INFO] Running com.google.cloud.dialogflow.cx.v3beta1.AgentsClientTest
[INFO] Tests run: 28, Failures: 0, Errors: 0, Skipped: 0, Time elapsed: 0.15 s - in com.google.cloud.dialogflow.cx.v3beta1.AgentsClientTest
[INFO] Running com.google.cloud.dialogflow.cx.v3beta1.FlowsClientTest
[INFO] Tests run: 32, Failures: 0, Errors: 0, Skipped: 0, Time elapsed: 0.192 s - in com.google.cloud.dialogflow.cx.v3beta1.FlowsClientTest
[INFO] Running com.google.cloud.dialogflow.cx.v3beta1.EntityTypesClientTest
[INFO] Tests run: 18, Failures: 0, Errors: 0, Skipped: 0, Time elapsed: 0.099 s - in com.google.cloud.dialogflow.cx.v3beta1.EntityTypesClientTest
[INFO] Running com.google.cloud.dialogflow.cx.v3beta1.EnvironmentsClientTest
[INFO] Tests run: 30, Failures: 0, Errors: 0, Skipped: 0, Time elapsed: 0.151 s - in com.google.cloud.dialogflow.cx.v3beta1.EnvironmentsClientTest
[INFO] Running com.google.cloud.dialogflow.cx.v3beta1.DeploymentsClientTest
[INFO] Tests run: 8, Failures: 0, Errors: 0, Skipped: 0, Time elapsed: 0.063 s - in com.google.cloud.dialogflow.cx.v3beta1.DeploymentsClientTest
[INFO] Running com.google.cloud.dialogflow.cx.v3beta1.SessionEntityTypesClientTest
[INFO] Tests run: 18, Failures: 0, Errors: 0, Skipped: 0, Time elapsed: 0.121 s - in com.google.cloud.dialogflow.cx.v3beta1.SessionEntityTypesClientTest
[INFO] Running com.google.cloud.dialogflow.cx.v3beta1.TestCasesClientTest
[INFO] Tests run: 36, Failures: 0, Errors: 0, Skipped: 0, Time elapsed: 0.232 s - in com.google.cloud.dialogflow.cx.v3beta1.TestCasesClientTest
[INFO] Running com.google.cloud.dialogflow.cx.v3beta1.PagesClientTest
[INFO] Tests run: 18, Failures: 0, Errors: 0, Skipped: 0, Time elapsed: 0.138 s - in com.google.cloud.dialogflow.cx.v3beta1.PagesClientTest
[INFO] Running com.google.cloud.dialogflow.cx.v3beta1.VersionsClientTest
[INFO] Tests run: 26, Failures: 0, Errors: 0, Skipped: 0, Time elapsed: 0.14 s - in com.google.cloud.dialogflow.cx.v3beta1.VersionsClientTest
[INFO] Running com.google.cloud.dialogflow.cx.v3beta1.ExperimentsClientTest
[INFO] Tests run: 26, Failures: 0, Errors: 0, Skipped: 0, Time elapsed: 0.146 s - in com.google.cloud.dialogflow.cx.v3beta1.ExperimentsClientTest
[INFO] Running com.google.cloud.dialogflow.cx.v3beta1.SessionsClientTest
[INFO] Tests run: 8, Failures: 0, Errors: 0, Skipped: 0, Time elapsed: 0.1 s - in com.google.cloud.dialogflow.cx.v3beta1.SessionsClientTest
[INFO] Running com.google.cloud.dialogflow.cx.v3beta1.SecuritySettingsServiceClientTest
[INFO] Tests run: 18, Failures: 0, Errors: 0, Skipped: 0, Time elapsed: 0.076 s - in com.google.cloud.dialogflow.cx.v3beta1.SecuritySettingsServiceClientTest
[INFO] Running com.google.cloud.dialogflow.cx.v3beta1.WebhooksClientTest
[INFO] Tests run: 18, Failures: 0, Errors: 0, Skipped: 0, Time elapsed: 0.205 s - in com.google.cloud.dialogflow.cx.v3beta1.WebhooksClientTest
[INFO] Running com.google.cloud.dialogflow.cx.v3beta1.IntentsClientTest
[INFO] Tests run: 18, Failures: 0, Errors: 0, Skipped: 0, Time elapsed: 0.102 s - in com.google.cloud.dialogflow.cx.v3beta1.IntentsClientTest
[INFO] Running com.google.cloud.dialogflow.cx.v3beta1.ChangelogsClientTest
[INFO] Tests run: 8, Failures: 0, Errors: 0, Skipped: 0, Time elapsed: 0.052 s - in com.google.cloud.dialogflow.cx.v3beta1.ChangelogsClientTest
[INFO] Running com.google.cloud.dialogflow.cx.v3beta1.TransitionRouteGroupsClientTest
[INFO] Tests run: 18, Failures: 0, Errors: 0, Skipped: 0, Time elapsed: 0.068 s - in com.google.cloud.dialogflow.cx.v3beta1.TransitionRouteGroupsClientTest
[INFO] 
[INFO] Results:
[INFO] 
[INFO] Tests run: 656, Failures: 0, Errors: 0, Skipped: 0
[INFO] 
[INFO] 
[INFO] --- jacoco-maven-plugin:0.8.7:report (report) @ google-cloud-dialogflow-cx ---
[INFO] Loading execution data file /home/gabsko/breaking-updates/google-cloud-dialogflow-cx/target/jacoco.exec
[INFO] Analyzed bundle 'Google Dialogflow CX' with 436 classes
[INFO] 
[INFO] ----------< com.google.cloud:google-cloud-dialogflow-cx-bom >-----------
[INFO] Building Google Dialogflow CX BOM 0.11.5-SNAPSHOT                  [7/7]
[INFO] --------------------------------[ pom ]---------------------------------
[INFO] 
[INFO] --- maven-clean-plugin:2.5:clean (default-clean) @ google-cloud-dialogflow-cx-bom ---
[INFO] 
[INFO] --- maven-enforcer-plugin:3.0.0-M3:enforce (enforce) @ google-cloud-dialogflow-cx-bom ---
[INFO] Adding ignore: module-info
[INFO] Adding ignore: META-INF/versions/*/module-info
[INFO] 
[INFO] --- maven-checkstyle-plugin:3.1.2:check (checkstyle) @ google-cloud-dialogflow-cx-bom ---
[INFO] 
[INFO] --- jacoco-maven-plugin:0.8.7:prepare-agent (default) @ google-cloud-dialogflow-cx-bom ---
[INFO] argLine set to -javaagent:/home/gabsko/.m2/repository/org/jacoco/org.jacoco.agent/0.8.7/org.jacoco.agent-0.8.7-runtime.jar=destfile=/home/gabsko/breaking-updates/google-cloud-dialogflow-cx-bom/target/jacoco.exec
[INFO] 
[INFO] --- build-helper-maven-plugin:3.3.0:add-resource (add-main-proto-resources) @ google-cloud-dialogflow-cx-bom ---
[INFO] 
[INFO] --- build-helper-maven-plugin:3.3.0:add-test-resource (add-test-proto-resources) @ google-cloud-dialogflow-cx-bom ---
[INFO] 
[INFO] --- animal-sniffer-maven-plugin:1.20:check (java8) @ google-cloud-dialogflow-cx-bom ---
[INFO] Checking unresolved references to org.codehaus.mojo.signature:java18:1.0
[INFO] 
[INFO] --- jacoco-maven-plugin:0.8.7:report (report) @ google-cloud-dialogflow-cx-bom ---
[INFO] Skipping JaCoCo execution due to missing execution data file.
[INFO] ------------------------------------------------------------------------
[INFO] Reactor Summary for Google Dialogflow CX Parent 0.11.5-SNAPSHOT:
[INFO] 
[INFO] Google Dialogflow CX Parent ........................ SUCCESS [  2.223 s]
[INFO] proto-google-cloud-dialogflow-cx-v3beta1 ........... SUCCESS [ 12.024 s]
[INFO] proto-google-cloud-dialogflow-cx-v3 ................ SUCCESS [  8.189 s]
[INFO] grpc-google-cloud-dialogflow-cx-v3beta1 ............ SUCCESS [  1.573 s]
[INFO] grpc-google-cloud-dialogflow-cx-v3 ................. SUCCESS [  1.559 s]
[INFO] Google Dialogflow CX ............................... SUCCESS [ 14.931 s]
[INFO] Google Dialogflow CX BOM ........................... SUCCESS [  0.425 s]
[INFO] ------------------------------------------------------------------------
[INFO] BUILD SUCCESS
[INFO] ------------------------------------------------------------------------
[INFO] Total time:  41.952 s
[INFO] Finished at: 2023-01-25T03:00:12Z
[INFO] ------------------------------------------------------------------------
