[INFO] Scanning for projects...
[INFO] 
[INFO] -----------------< org.zalando:jackson-datatype-money >-----------------
[INFO] Building Jackson-datatype-Money 1.4.0-SNAPSHOT
[INFO] --------------------------------[ jar ]---------------------------------
[INFO] 
[INFO] --- maven-clean-plugin:2.5:clean (default-clean) @ jackson-datatype-money ---
[INFO] Deleting /home/gabsko/breaking-updates/target
[INFO] 
[INFO] --- maven-enforcer-plugin:3.0.0:enforce (enforce-maven) @ jackson-datatype-money ---
[INFO] 
[INFO] --- duplicate-finder-maven-plugin:1.5.1:check (default) @ jackson-datatype-money ---
[INFO] Checking compile classpath
[INFO] Checking runtime classpath
[INFO] Checking test classpath
[INFO] 
[INFO] --- jacoco-maven-plugin:0.8.8:prepare-agent (prepare-agent) @ jackson-datatype-money ---
[INFO] argLine set to -javaagent:/home/gabsko/.m2/repository/org/jacoco/org.jacoco.agent/0.8.8/org.jacoco.agent-0.8.8-runtime.jar=destfile=/home/gabsko/breaking-updates/target/jacoco.exec
[INFO] 
[INFO] --- maven-resources-plugin:3.2.0:resources (default-resources) @ jackson-datatype-money ---
[INFO] Using 'UTF-8' encoding to copy filtered resources.
[INFO] Using 'UTF-8' encoding to copy filtered properties files.
[INFO] Copying 1 resource
[INFO] 
[INFO] --- maven-compiler-plugin:3.10.1:compile (default-compile) @ jackson-datatype-money ---
[INFO] Changes detected - recompiling the module!
[INFO] Compiling 13 source files to /home/gabsko/breaking-updates/target/classes
[INFO] 
[INFO] --- maven-resources-plugin:3.2.0:testResources (default-testResources) @ jackson-datatype-money ---
[INFO] Using 'UTF-8' encoding to copy filtered resources.
[INFO] Using 'UTF-8' encoding to copy filtered properties files.
[INFO] skip non existing resourceDirectory /home/gabsko/breaking-updates/src/test/resources
[INFO] 
[INFO] --- maven-compiler-plugin:3.10.1:testCompile (default-testCompile) @ jackson-datatype-money ---
[INFO] Changes detected - recompiling the module!
[INFO] Compiling 8 source files to /home/gabsko/breaking-updates/target/test-classes
[INFO] 
[INFO] --- maven-surefire-plugin:2.22.2:test (default-test) @ jackson-datatype-money ---
[INFO] 
[INFO] -------------------------------------------------------
[INFO]  T E S T S
[INFO] -------------------------------------------------------
[INFO] Running org.zalando.jackson.datatype.money.FieldNamesTest
[INFO] Tests run: 1, Failures: 0, Errors: 0, Skipped: 0, Time elapsed: 0.311 s - in org.zalando.jackson.datatype.money.FieldNamesTest
[INFO] Running org.zalando.jackson.datatype.money.MonetaryAmountSerializerTest
Jan 25, 2023 10:23:48 AM org.javamoney.moneta.DefaultMonetaryContextFactory createMonetaryContextNonNullConfig
INFO: Using custom MathContext: precision=256, roundingMode=HALF_EVEN
Jan 25, 2023 10:23:48 AM org.javamoney.moneta.FastMoney defaultFormat
INFO: Using default formatter for toString().
Jan 25, 2023 10:23:49 AM org.javamoney.moneta.Money defaultFormat
INFO: Using default formatter for toString().
Jan 25, 2023 10:23:49 AM org.javamoney.moneta.FastMoney defaultFormat
INFO: Using default formatter for toString().
Jan 25, 2023 10:23:49 AM org.javamoney.moneta.Money defaultFormat
INFO: Using default formatter for toString().
Jan 25, 2023 10:23:49 AM org.javamoney.moneta.FastMoney defaultFormat
INFO: Using default formatter for toString().
Jan 25, 2023 10:23:49 AM org.javamoney.moneta.Money defaultFormat
INFO: Using default formatter for toString().
Jan 25, 2023 10:23:49 AM org.javamoney.moneta.FastMoney defaultFormat
INFO: Using default formatter for toString().
Jan 25, 2023 10:23:49 AM org.javamoney.moneta.Money defaultFormat
INFO: Using default formatter for toString().
Jan 25, 2023 10:23:49 AM org.javamoney.moneta.FastMoney defaultFormat
INFO: Using default formatter for toString().
Jan 25, 2023 10:23:49 AM org.javamoney.moneta.Money defaultFormat
INFO: Using default formatter for toString().
Jan 25, 2023 10:23:49 AM org.javamoney.moneta.FastMoney defaultFormat
INFO: Using default formatter for toString().
Jan 25, 2023 10:23:49 AM org.javamoney.moneta.Money defaultFormat
INFO: Using default formatter for toString().
Jan 25, 2023 10:23:49 AM org.javamoney.moneta.FastMoney defaultFormat
INFO: Using default formatter for toString().
Jan 25, 2023 10:23:49 AM org.javamoney.moneta.Money defaultFormat
INFO: Using default formatter for toString().
Jan 25, 2023 10:23:49 AM org.javamoney.moneta.FastMoney defaultFormat
INFO: Using default formatter for toString().
Jan 25, 2023 10:23:49 AM org.javamoney.moneta.Money defaultFormat
INFO: Using default formatter for toString().
Jan 25, 2023 10:23:49 AM org.javamoney.moneta.FastMoney defaultFormat
INFO: Using default formatter for toString().
Jan 25, 2023 10:23:49 AM org.javamoney.moneta.Money defaultFormat
INFO: Using default formatter for toString().
Jan 25, 2023 10:23:50 AM org.javamoney.moneta.FastMoney defaultFormat
INFO: Using default formatter for toString().
Jan 25, 2023 10:23:50 AM org.javamoney.moneta.Money defaultFormat
INFO: Using default formatter for toString().
Jan 25, 2023 10:23:50 AM org.javamoney.moneta.FastMoney defaultFormat
INFO: Using default formatter for toString().
Jan 25, 2023 10:23:50 AM org.javamoney.moneta.Money defaultFormat
INFO: Using default formatter for toString().
Jan 25, 2023 10:23:50 AM org.javamoney.moneta.FastMoney defaultFormat
INFO: Using default formatter for toString().
Jan 25, 2023 10:23:50 AM org.javamoney.moneta.Money defaultFormat
INFO: Using default formatter for toString().
Jan 25, 2023 10:23:50 AM org.javamoney.moneta.FastMoney defaultFormat
INFO: Using default formatter for toString().
Jan 25, 2023 10:23:50 AM org.javamoney.moneta.Money defaultFormat
INFO: Using default formatter for toString().
Jan 25, 2023 10:23:50 AM org.javamoney.moneta.FastMoney defaultFormat
INFO: Using default formatter for toString().
Jan 25, 2023 10:23:50 AM org.javamoney.moneta.Money defaultFormat
INFO: Using default formatter for toString().
Jan 25, 2023 10:23:50 AM org.javamoney.moneta.FastMoney defaultFormat
INFO: Using default formatter for toString().
Jan 25, 2023 10:23:50 AM org.javamoney.moneta.Money defaultFormat
INFO: Using default formatter for toString().
Jan 25, 2023 10:23:50 AM org.javamoney.moneta.FastMoney defaultFormat
INFO: Using default formatter for toString().
Jan 25, 2023 10:23:50 AM org.javamoney.moneta.Money defaultFormat
INFO: Using default formatter for toString().
Jan 25, 2023 10:23:50 AM org.javamoney.moneta.FastMoney defaultFormat
INFO: Using default formatter for toString().
Jan 25, 2023 10:23:50 AM org.javamoney.moneta.Money defaultFormat
INFO: Using default formatter for toString().
Jan 25, 2023 10:23:50 AM org.javamoney.moneta.FastMoney defaultFormat
INFO: Using default formatter for toString().
Jan 25, 2023 10:23:50 AM org.javamoney.moneta.Money defaultFormat
INFO: Using default formatter for toString().
Jan 25, 2023 10:23:50 AM org.javamoney.moneta.FastMoney defaultFormat
INFO: Using default formatter for toString().
Jan 25, 2023 10:23:50 AM org.javamoney.moneta.Money defaultFormat
INFO: Using default formatter for toString().
Jan 25, 2023 10:23:50 AM org.javamoney.moneta.FastMoney defaultFormat
INFO: Using default formatter for toString().
Jan 25, 2023 10:23:50 AM org.javamoney.moneta.Money defaultFormat
INFO: Using default formatter for toString().
[INFO] Tests run: 61, Failures: 0, Errors: 0, Skipped: 0, Time elapsed: 1.745 s - in org.zalando.jackson.datatype.money.MonetaryAmountSerializerTest
[INFO] Running org.zalando.jackson.datatype.money.CurrencyUnitSerializerTest
[INFO] Tests run: 1, Failures: 0, Errors: 0, Skipped: 0, Time elapsed: 0 s - in org.zalando.jackson.datatype.money.CurrencyUnitSerializerTest
[INFO] Running org.zalando.jackson.datatype.money.MonetaryAmountSchemaSerializerTest
[INFO] Tests run: 4, Failures: 0, Errors: 0, Skipped: 0, Time elapsed: 0.623 s - in org.zalando.jackson.datatype.money.MonetaryAmountSchemaSerializerTest
[INFO] Running org.zalando.jackson.datatype.money.CurrencyUnitDeserializerTest
[INFO] Tests run: 3, Failures: 0, Errors: 0, Skipped: 0, Time elapsed: 0.018 s - in org.zalando.jackson.datatype.money.CurrencyUnitDeserializerTest
[INFO] Running org.zalando.jackson.datatype.money.CurrencyUnitSchemaSerializerTest
[INFO] Tests run: 1, Failures: 0, Errors: 0, Skipped: 0, Time elapsed: 0.002 s - in org.zalando.jackson.datatype.money.CurrencyUnitSchemaSerializerTest
[INFO] Running org.zalando.jackson.datatype.money.MonetaryAmountDeserializerTest
[INFO] Tests run: 75, Failures: 0, Errors: 0, Skipped: 0, Time elapsed: 0.215 s - in org.zalando.jackson.datatype.money.MonetaryAmountDeserializerTest
[INFO] 
[INFO] Results:
[INFO] 
[INFO] Tests run: 146, Failures: 0, Errors: 0, Skipped: 0
[INFO] 
[INFO] ------------------------------------------------------------------------
[INFO] BUILD SUCCESS
[INFO] ------------------------------------------------------------------------
[INFO] Total time:  10.487 s
[INFO] Finished at: 2023-01-25T10:23:51Z
[INFO] ------------------------------------------------------------------------
