[INFO] Scanning for projects...
[INFO] Inspecting build with total of 2 modules...
[INFO] Installing Nexus Staging features:
[INFO]   ... total of 2 executions of maven-deploy-plugin replaced with nexus-staging-maven-plugin
[INFO] ------------------------------------------------------------------------
[INFO] Reactor Build Order:
[INFO] 
[INFO] Storage Parent                                                     [pom]
[INFO] Google Cloud Storage                                               [jar]
[INFO] 
[INFO] ------------< com.google.cloud:google-cloud-storage-parent >------------
[INFO] Building Storage Parent 1.113.2-SNAPSHOT                           [1/2]
[INFO] --------------------------------[ pom ]---------------------------------
[INFO] 
[INFO] --- maven-clean-plugin:2.5:clean (default-clean) @ google-cloud-storage-parent ---
[INFO] Deleting /home/gabsko/breaking-updates/target
[INFO] 
[INFO] --- maven-enforcer-plugin:3.0.0-M3:enforce (enforce) @ google-cloud-storage-parent ---
[INFO] Adding ignore: module-info
[INFO] Adding ignore: META-INF/versions/*/module-info
[INFO] 
[INFO] --- maven-checkstyle-plugin:3.1.1:check (checkstyle) @ google-cloud-storage-parent ---
[INFO] Starting audit...
Audit done.
[INFO] You have 0 Checkstyle violations.
[INFO] 
[INFO] --- jacoco-maven-plugin:0.8.5:prepare-agent (default) @ google-cloud-storage-parent ---
[INFO] argLine set to -javaagent:/home/gabsko/.m2/repository/org/jacoco/org.jacoco.agent/0.8.5/org.jacoco.agent-0.8.5-runtime.jar=destfile=/home/gabsko/breaking-updates/target/jacoco.exec
[INFO] 
[INFO] --- build-helper-maven-plugin:3.2.0:add-resource (add-main-proto-resources) @ google-cloud-storage-parent ---
[INFO] 
[INFO] --- build-helper-maven-plugin:3.2.0:add-test-resource (add-test-proto-resources) @ google-cloud-storage-parent ---
[INFO] 
[INFO] --- jacoco-maven-plugin:0.8.5:report (report) @ google-cloud-storage-parent ---
[INFO] Skipping JaCoCo execution due to missing execution data file.
[INFO] 
[INFO] ---------------< com.google.cloud:google-cloud-storage >----------------
[INFO] Building Google Cloud Storage 1.113.2-SNAPSHOT                     [2/2]
[INFO] --------------------------------[ jar ]---------------------------------
[INFO] 
[INFO] --- maven-clean-plugin:2.5:clean (default-clean) @ google-cloud-storage ---
[INFO] Deleting /home/gabsko/breaking-updates/google-cloud-storage/target
[INFO] 
[INFO] --- flatten-maven-plugin:1.2.4:clean (flatten.clean) @ google-cloud-storage ---
[INFO] Deleting /home/gabsko/breaking-updates/google-cloud-storage/.flattened-pom.xml
[INFO] 
[INFO] --- maven-enforcer-plugin:3.0.0-M3:enforce (enforce) @ google-cloud-storage ---
[INFO] Adding ignore: module-info
[INFO] Adding ignore: META-INF/versions/*/module-info
[INFO] 
[INFO] --- maven-checkstyle-plugin:3.1.1:check (checkstyle) @ google-cloud-storage ---
[INFO] Starting audit...
Audit done.
[INFO] You have 0 Checkstyle violations.
[INFO] 
[INFO] --- jacoco-maven-plugin:0.8.5:prepare-agent (default) @ google-cloud-storage ---
[INFO] argLine set to -javaagent:/home/gabsko/.m2/repository/org/jacoco/org.jacoco.agent/0.8.5/org.jacoco.agent-0.8.5-runtime.jar=destfile=/home/gabsko/breaking-updates/google-cloud-storage/target/jacoco.exec
[INFO] 
[INFO] --- build-helper-maven-plugin:3.2.0:add-resource (add-main-proto-resources) @ google-cloud-storage ---
[INFO] 
[INFO] --- maven-resources-plugin:2.6:resources (default-resources) @ google-cloud-storage ---
[INFO] Using 'UTF-8' encoding to copy filtered resources.
[INFO] skip non existing resourceDirectory /home/gabsko/breaking-updates/google-cloud-storage/src/main/resources
[INFO] skip non existing resourceDirectory /home/gabsko/breaking-updates/google-cloud-storage/src/main/proto
[INFO] 
[INFO] --- flatten-maven-plugin:1.2.4:flatten (flatten) @ google-cloud-storage ---
[INFO] Generating flattened POM of project com.google.cloud:google-cloud-storage:jar:1.113.2-SNAPSHOT...
[INFO] 
[INFO] --- maven-compiler-plugin:3.8.1:compile (default-compile) @ google-cloud-storage ---
[INFO] Changes detected - recompiling the module!
[INFO] Compiling 37 source files to /home/gabsko/breaking-updates/google-cloud-storage/target/classes
[WARNING] bootstrap class path not set in conjunction with -source 7
[WARNING] /home/gabsko/breaking-updates/google-cloud-storage/src/main/java/com/google/cloud/storage/Bucket.java:[947,19] create(com.google.cloud.storage.BlobInfo,java.io.InputStream,com.google.cloud.storage.Storage.BlobWriteOption...) in com.google.cloud.storage.Storage has been deprecated
[WARNING] /home/gabsko/breaking-updates/google-cloud-storage/src/main/java/com/google/cloud/storage/Bucket.java:[999,19] create(com.google.cloud.storage.BlobInfo,java.io.InputStream,com.google.cloud.storage.Storage.BlobWriteOption...) in com.google.cloud.storage.Storage has been deprecated
[WARNING] /home/gabsko/breaking-updates/google-cloud-storage/src/main/java/com/google/cloud/storage/StorageImpl.java:[166,57] md5() in com.google.common.hash.Hashing has been deprecated
[WARNING] /home/gabsko/breaking-updates/google-cloud-storage/src/main/java/com/google/cloud/storage/StorageImpl.java:[183,36] md5() in com.google.common.hash.Hashing has been deprecated
[INFO] /home/gabsko/breaking-updates/google-cloud-storage/src/main/java/com/google/cloud/storage/BlobInfo.java: Some input files use unchecked or unsafe operations.
[INFO] /home/gabsko/breaking-updates/google-cloud-storage/src/main/java/com/google/cloud/storage/BlobInfo.java: Recompile with -Xlint:unchecked for details.
[INFO] 
[INFO] --- build-helper-maven-plugin:3.2.0:add-test-resource (add-test-proto-resources) @ google-cloud-storage ---
[INFO] 
[INFO] --- maven-resources-plugin:2.6:testResources (default-testResources) @ google-cloud-storage ---
[INFO] Using 'UTF-8' encoding to copy filtered resources.
[INFO] skip non existing resourceDirectory /home/gabsko/breaking-updates/google-cloud-storage/src/test/resources
[INFO] skip non existing resourceDirectory /home/gabsko/breaking-updates/google-cloud-storage/src/test/proto
[INFO] 
[INFO] --- maven-compiler-plugin:3.8.1:testCompile (default-testCompile) @ google-cloud-storage ---
[INFO] Changes detected - recompiling the module!
[INFO] Compiling 31 source files to /home/gabsko/breaking-updates/google-cloud-storage/target/test-classes
[WARNING] bootstrap class path not set in conjunction with -source 7
[WARNING] /home/gabsko/breaking-updates/google-cloud-storage/src/test/java/com/google/cloud/storage/BucketInfoTest.java:[30,43] com.google.cloud.storage.BucketInfo.AgeDeleteRule in com.google.cloud.storage.BucketInfo has been deprecated
[WARNING] /home/gabsko/breaking-updates/google-cloud-storage/src/test/java/com/google/cloud/storage/BucketInfoTest.java:[31,43] com.google.cloud.storage.BucketInfo.CreatedBeforeDeleteRule in com.google.cloud.storage.BucketInfo has been deprecated
[WARNING] /home/gabsko/breaking-updates/google-cloud-storage/src/test/java/com/google/cloud/storage/BucketInfoTest.java:[32,43] com.google.cloud.storage.BucketInfo.DeleteRule in com.google.cloud.storage.BucketInfo has been deprecated
[WARNING] /home/gabsko/breaking-updates/google-cloud-storage/src/test/java/com/google/cloud/storage/BucketInfoTest.java:[33,43] com.google.cloud.storage.BucketInfo.DeleteRule in com.google.cloud.storage.BucketInfo has been deprecated
[WARNING] /home/gabsko/breaking-updates/google-cloud-storage/src/test/java/com/google/cloud/storage/BucketInfoTest.java:[33,43] com.google.cloud.storage.BucketInfo.DeleteRule in com.google.cloud.storage.BucketInfo has been deprecated
[WARNING] /home/gabsko/breaking-updates/google-cloud-storage/src/test/java/com/google/cloud/storage/BucketInfoTest.java:[34,43] com.google.cloud.storage.BucketInfo.IsLiveDeleteRule in com.google.cloud.storage.BucketInfo has been deprecated
[WARNING] /home/gabsko/breaking-updates/google-cloud-storage/src/test/java/com/google/cloud/storage/BucketInfoTest.java:[38,43] com.google.cloud.storage.BucketInfo.NumNewerVersionsDeleteRule in com.google.cloud.storage.BucketInfo has been deprecated
[WARNING] /home/gabsko/breaking-updates/google-cloud-storage/src/test/java/com/google/cloud/storage/it/ITStorageTest.java:[33,41] com.google.api.client.http.apache.ApacheHttpTransport in com.google.api.client.http.apache has been deprecated
[WARNING] /home/gabsko/breaking-updates/google-cloud-storage/src/test/java/com/google/cloud/storage/BucketTest.java:[38,43] com.google.cloud.storage.BucketInfo.AgeDeleteRule in com.google.cloud.storage.BucketInfo has been deprecated
[WARNING] /home/gabsko/breaking-updates/google-cloud-storage/src/test/java/com/google/cloud/storage/BucketTest.java:[39,43] com.google.cloud.storage.BucketInfo.DeleteRule in com.google.cloud.storage.BucketInfo has been deprecated
[WARNING] /home/gabsko/breaking-updates/google-cloud-storage/src/test/java/com/google/cloud/storage/BlobWriteChannelTest.java:[271,18] Long(long) in java.lang.Long has been deprecated
[WARNING] /home/gabsko/breaking-updates/google-cloud-storage/src/test/java/com/google/cloud/storage/BlobWriteChannelTest.java:[276,18] Long(long) in java.lang.Long has been deprecated
[WARNING] /home/gabsko/breaking-updates/google-cloud-storage/src/test/java/com/google/cloud/storage/BlobWriteChannelTest.java:[455,18] Long(long) in java.lang.Long has been deprecated
[WARNING] /home/gabsko/breaking-updates/google-cloud-storage/src/test/java/com/google/cloud/storage/BlobWriteChannelTest.java:[460,18] Long(long) in java.lang.Long has been deprecated
[WARNING] /home/gabsko/breaking-updates/google-cloud-storage/src/test/java/com/google/cloud/storage/V4PostPolicyTest.java:[126,14] addSuccessActionStatusCondition(com.google.cloud.storage.PostPolicyV4.ConditionV4Type,int) in com.google.cloud.storage.PostPolicyV4.PostConditionsV4.Builder has been deprecated
[WARNING] /home/gabsko/breaking-updates/google-cloud-storage/src/test/java/com/google/cloud/storage/it/ITStorageTest.java:[3380,18] Long(long) in java.lang.Long has been deprecated
[WARNING] /home/gabsko/breaking-updates/google-cloud-storage/src/test/java/com/google/cloud/storage/PostPolicyV4Test.java:[166,12] setContentLength(int) in com.google.cloud.storage.PostPolicyV4.PostFieldsV4.Builder has been deprecated
[WARNING] /home/gabsko/breaking-updates/google-cloud-storage/src/test/java/com/google/cloud/storage/PostPolicyV4Test.java:[258,18] addExpiresCondition(com.google.cloud.storage.PostPolicyV4.ConditionV4Type,long) in com.google.cloud.storage.PostPolicyV4.PostConditionsV4.Builder has been deprecated
[WARNING] /home/gabsko/breaking-updates/google-cloud-storage/src/test/java/com/google/cloud/storage/PostPolicyV4Test.java:[271,18] addExpiresCondition(com.google.cloud.storage.PostPolicyV4.ConditionV4Type,java.lang.String) in com.google.cloud.storage.PostPolicyV4.PostConditionsV4.Builder has been deprecated
[WARNING] /home/gabsko/breaking-updates/google-cloud-storage/src/test/java/com/google/cloud/storage/PostPolicyV4Test.java:[297,18] addSuccessActionStatusCondition(com.google.cloud.storage.PostPolicyV4.ConditionV4Type,int) in com.google.cloud.storage.PostPolicyV4.PostConditionsV4.Builder has been deprecated
[INFO] /home/gabsko/breaking-updates/google-cloud-storage/src/test/java/com/google/cloud/storage/StorageBatchResultTest.java: Some input files use unchecked or unsafe operations.
[INFO] /home/gabsko/breaking-updates/google-cloud-storage/src/test/java/com/google/cloud/storage/StorageBatchResultTest.java: Recompile with -Xlint:unchecked for details.
[INFO] 
[INFO] --- maven-surefire-plugin:3.0.0-M5:test (default-test) @ google-cloud-storage ---
[INFO] 
[INFO] -------------------------------------------------------
[INFO]  T E S T S
[INFO] -------------------------------------------------------
[INFO] Running com.google.cloud.storage.BlobIdTest
[INFO] Tests run: 3, Failures: 0, Errors: 0, Skipped: 0, Time elapsed: 0.101 s - in com.google.cloud.storage.BlobIdTest
[INFO] Running com.google.cloud.storage.StorageImplMockitoTest
Jan 25, 2023 3:23:24 AM com.google.auth.oauth2.ComputeEngineCredentials runningOnComputeEngine
INFO: Failed to detect whether we are running on Google Compute Engine.
[INFO] Tests run: 61, Failures: 0, Errors: 0, Skipped: 0, Time elapsed: 1.433 s - in com.google.cloud.storage.StorageImplMockitoTest
[INFO] Running com.google.cloud.storage.SignatureInfoTest
[INFO] Tests run: 6, Failures: 0, Errors: 0, Skipped: 0, Time elapsed: 0 s - in com.google.cloud.storage.SignatureInfoTest
[INFO] Running com.google.cloud.storage.PolicyHelperTest
[INFO] Tests run: 2, Failures: 0, Errors: 0, Skipped: 0, Time elapsed: 0 s - in com.google.cloud.storage.PolicyHelperTest
[INFO] Running com.google.cloud.storage.StorageBatchResultTest
[INFO] Tests run: 4, Failures: 0, Errors: 0, Skipped: 0, Time elapsed: 0.014 s - in com.google.cloud.storage.StorageBatchResultTest
[INFO] Running com.google.cloud.storage.testing.StorageRpcTestBaseTest
[INFO] Tests run: 48, Failures: 0, Errors: 0, Skipped: 0, Time elapsed: 0.02 s - in com.google.cloud.storage.testing.StorageRpcTestBaseTest
[INFO] Running com.google.cloud.storage.testing.RemoteStorageHelperTest
[INFO] Tests run: 7, Failures: 0, Errors: 0, Skipped: 0, Time elapsed: 0.15 s - in com.google.cloud.storage.testing.RemoteStorageHelperTest
[INFO] Running com.google.cloud.storage.testing.ApiPolicyMatcherTest
[INFO] Tests run: 2, Failures: 0, Errors: 0, Skipped: 0, Time elapsed: 0.001 s - in com.google.cloud.storage.testing.ApiPolicyMatcherTest
[INFO] Running com.google.cloud.storage.StorageImplTest
[INFO] Tests run: 73, Failures: 0, Errors: 0, Skipped: 0, Time elapsed: 0.702 s - in com.google.cloud.storage.StorageImplTest
[INFO] Running com.google.cloud.storage.StorageBatchTest
[INFO] Tests run: 7, Failures: 0, Errors: 0, Skipped: 0, Time elapsed: 0.022 s - in com.google.cloud.storage.StorageBatchTest
[INFO] Running com.google.cloud.storage.BlobReadChannelTest
[INFO] Tests run: 10, Failures: 0, Errors: 0, Skipped: 0, Time elapsed: 0.119 s - in com.google.cloud.storage.BlobReadChannelTest
[INFO] Running com.google.cloud.storage.V4SigningTest
[INFO] Tests run: 19, Failures: 0, Errors: 0, Skipped: 0, Time elapsed: 0.098 s - in com.google.cloud.storage.V4SigningTest
[INFO] Running com.google.cloud.storage.ServiceAccountTest
[INFO] Tests run: 2, Failures: 0, Errors: 0, Skipped: 0, Time elapsed: 0.001 s - in com.google.cloud.storage.ServiceAccountTest
[INFO] Running com.google.cloud.storage.BucketInfoTest
[INFO] Tests run: 9, Failures: 0, Errors: 0, Skipped: 0, Time elapsed: 0.01 s - in com.google.cloud.storage.BucketInfoTest
[INFO] Running com.google.cloud.storage.PostPolicyV4Test
[INFO] Tests run: 12, Failures: 0, Errors: 0, Skipped: 0, Time elapsed: 0.006 s - in com.google.cloud.storage.PostPolicyV4Test
[INFO] Running com.google.cloud.storage.BucketTest
[INFO] Tests run: 42, Failures: 0, Errors: 0, Skipped: 0, Time elapsed: 0.033 s - in com.google.cloud.storage.BucketTest
[INFO] Running com.google.cloud.storage.OptionTest
[INFO] Tests run: 3, Failures: 0, Errors: 0, Skipped: 0, Time elapsed: 0 s - in com.google.cloud.storage.OptionTest
[INFO] Running com.google.cloud.storage.SerializationTest
[INFO] Tests run: 2, Failures: 0, Errors: 0, Skipped: 0, Time elapsed: 0.054 s - in com.google.cloud.storage.SerializationTest
[INFO] Running com.google.cloud.storage.AclTest
[INFO] Tests run: 9, Failures: 0, Errors: 0, Skipped: 0, Time elapsed: 0 s - in com.google.cloud.storage.AclTest
[INFO] Running com.google.cloud.storage.BlobTest
[INFO] Tests run: 28, Failures: 0, Errors: 0, Skipped: 0, Time elapsed: 0.03 s - in com.google.cloud.storage.BlobTest
[INFO] Running com.google.cloud.storage.CorsTest
[INFO] Tests run: 2, Failures: 0, Errors: 0, Skipped: 0, Time elapsed: 0 s - in com.google.cloud.storage.CorsTest
[INFO] Running com.google.cloud.storage.V4PostPolicyTest
[INFO] Tests run: 10, Failures: 0, Errors: 0, Skipped: 0, Time elapsed: 0.034 s - in com.google.cloud.storage.V4PostPolicyTest
[INFO] Running com.google.cloud.storage.BlobWriteChannelTest
[INFO] Tests run: 20, Failures: 0, Errors: 0, Skipped: 0, Time elapsed: 0.751 s - in com.google.cloud.storage.BlobWriteChannelTest
[INFO] Running com.google.cloud.storage.CopyRequestTest
[INFO] Tests run: 2, Failures: 0, Errors: 0, Skipped: 0, Time elapsed: 0 s - in com.google.cloud.storage.CopyRequestTest
[INFO] Running com.google.cloud.storage.CopyWriterTest
[INFO] Tests run: 7, Failures: 0, Errors: 0, Skipped: 0, Time elapsed: 0.002 s - in com.google.cloud.storage.CopyWriterTest
[INFO] Running com.google.cloud.storage.CanonicalExtensionHeadersSerializerTest
[INFO] Tests run: 5, Failures: 0, Errors: 0, Skipped: 0, Time elapsed: 0 s - in com.google.cloud.storage.CanonicalExtensionHeadersSerializerTest
[INFO] Running com.google.cloud.storage.BlobInfoTest
[INFO] Tests run: 10, Failures: 0, Errors: 0, Skipped: 0, Time elapsed: 0 s - in com.google.cloud.storage.BlobInfoTest
[INFO] Running com.google.cloud.storage.StorageOptionsTest
[INFO] Tests run: 1, Failures: 0, Errors: 0, Skipped: 0, Time elapsed: 0.008 s - in com.google.cloud.storage.StorageOptionsTest
[INFO] Running com.google.cloud.storage.StorageExceptionTest
[INFO] Tests run: 5, Failures: 0, Errors: 0, Skipped: 0, Time elapsed: 0.005 s - in com.google.cloud.storage.StorageExceptionTest
[INFO] 
[INFO] Results:
[INFO] 
[INFO] Tests run: 411, Failures: 0, Errors: 0, Skipped: 0
[INFO] 
[INFO] 
[INFO] --- jacoco-maven-plugin:0.8.5:report (report) @ google-cloud-storage ---
[INFO] Loading execution data file /home/gabsko/breaking-updates/google-cloud-storage/target/jacoco.exec
[INFO] Analyzed bundle 'Google Cloud Storage' with 219 classes
[INFO] ------------------------------------------------------------------------
[INFO] Reactor Summary for Storage Parent 1.113.2-SNAPSHOT:
[INFO] 
[INFO] Storage Parent ..................................... SUCCESS [  1.022 s]
[INFO] Google Cloud Storage ............................... SUCCESS [  9.518 s]
[INFO] ------------------------------------------------------------------------
[INFO] BUILD SUCCESS
[INFO] ------------------------------------------------------------------------
[INFO] Total time:  11.056 s
[INFO] Finished at: 2023-01-25T03:23:28Z
[INFO] ------------------------------------------------------------------------
