[INFO] Scanning for projects...
[INFO] Inspecting build with total of 1 modules...
[INFO] Installing Nexus Staging features:
[INFO]   ... total of 1 executions of maven-deploy-plugin replaced with nexus-staging-maven-plugin
[INFO] 
[INFO] -------------------------< net.sf.fax4j:fax4j >-------------------------
[INFO] Building fax4j 0.45.0
[INFO] --------------------------------[ jar ]---------------------------------
[INFO] 
[INFO] --- maven-clean-plugin:2.5:clean (default-clean) @ fax4j ---
[INFO] Deleting /home/gabsko/breaking-updates/target
[INFO] 
[INFO] --- license-maven-plugin:2.0.0:update-project-license (update-project-license) @ fax4j ---
[INFO] Adding a license repository jar:file:/home/gabsko/.m2/repository/org/codehaus/mojo/license-maven-plugin/2.0.0/license-maven-plugin-2.0.0.jar!/META-INF/licenses
[INFO] register GNU Free Documentation License (FDL) version 1.3
[INFO] register GNU General Lesser Public License (LGPL) version 3.0
[INFO] register GNU Affero General Public License (AGPL) version 3.0
[INFO] register GNU General Public License (GPL) version 3.0
[INFO] register GNU General Public License (GPL) version 2.0
[INFO] register GNU General Public License (GPL) version 1.0
[INFO] register Apache License version 2.0
[INFO] register Eclipse Public License - v 2.0 with Secondary License
[INFO] register Eclipse Public License - v 2.0
[INFO] register Eclipse Public License - v 1.0
[INFO] register Eclipse Public + Distribution License - v 1.0
[INFO] register COMMON DEVELOPMENT AND DISTRIBUTION LICENSE (CDDL) Version 1.0
[INFO] register GNU General Lesser Public License (LGPL) version 2.1
[INFO] register MIT-License
[INFO] register BSD 2-Clause License
[INFO] register BSD 3-Clause License
[INFO] register European Union Public License v1.1
[INFO] Will create or update license file [apache_v2] to /home/gabsko/breaking-updates/LICENSE.txt
[INFO] 
[INFO] --- license-maven-plugin:2.0.0:add-third-party (add-third-party) @ fax4j ---
[WARNING] There are 4 dependencies with no license :
[WARNING]  - commons-cli--commons-cli--1.0
[WARNING]  - commons-codec--commons-codec--1.2
[WARNING]  - commons-lang--commons-lang--1.0
[WARNING]  - urbanophile--java-getopt--1.0.9
[INFO] Writing third-party file to /home/gabsko/breaking-updates/target/generated-sources/license/THIRD-PARTY.txt
[INFO] 
[INFO] --- maven-resources-plugin:3.2.0:resources (default-resources) @ fax4j ---
[INFO] Using 'UTF-8' encoding to copy filtered resources.
[INFO] Using 'UTF-8' encoding to copy filtered properties files.
[INFO] Copying 1 resource
[INFO] Copying 11 resources
[INFO] Copying 2 resources
[INFO] The encoding used to copy filtered properties files have not been set. This means that the same encoding will be used to copy filtered properties files as when copying other filtered resources. This might not be what you want! Run your build with --debug to see which files might be affected. Read more at https://maven.apache.org/plugins/maven-resources-plugin/examples/filtering-properties-files.html
[INFO] 
[INFO] --- maven-compiler-plugin:3.8.1:compile (default-compile) @ fax4j ---
[INFO] Changes detected - recompiling the module!
[INFO] Compiling 151 source files to /home/gabsko/breaking-updates/target/classes
[INFO] /home/gabsko/breaking-updates/src/main/java/org/fax4j/spi/email/AbstractMailFaxClientSpi.java: Some input files use or override a deprecated API.
[INFO] /home/gabsko/breaking-updates/src/main/java/org/fax4j/spi/email/AbstractMailFaxClientSpi.java: Recompile with -Xlint:deprecation for details.
[INFO] 
[INFO] --- maven-resources-plugin:3.2.0:testResources (default-testResources) @ fax4j ---
[INFO] Using 'UTF-8' encoding to copy filtered resources.
[INFO] Using 'UTF-8' encoding to copy filtered properties files.
[INFO] skip non existing resourceDirectory /home/gabsko/breaking-updates/src/test/resources
[INFO] 
[INFO] --- maven-compiler-plugin:3.8.1:testCompile (default-testCompile) @ fax4j ---
[INFO] Changes detected - recompiling the module!
[INFO] Compiling 87 source files to /home/gabsko/breaking-updates/target/test-classes
[INFO] /home/gabsko/breaking-updates/src/test/java/org/fax4j/spi/hylafax/HylaFaxJobTest.java: /home/gabsko/breaking-updates/src/test/java/org/fax4j/spi/hylafax/HylaFaxJobTest.java uses or overrides a deprecated API.
[INFO] /home/gabsko/breaking-updates/src/test/java/org/fax4j/spi/hylafax/HylaFaxJobTest.java: Recompile with -Xlint:deprecation for details.
[INFO] 
[INFO] --- maven-surefire-plugin:2.12.4:test (default-test) @ fax4j ---
[INFO] Surefire report directory: /home/gabsko/breaking-updates/target/surefire-reports

-------------------------------------------------------
 T E S T S
-------------------------------------------------------
Running org.fax4j.FaxClientActionEventTest
Tests run: 7, Failures: 0, Errors: 0, Skipped: 0, Time elapsed: 0.04 sec
Running org.fax4j.spi.FaxClientSpiFactoryTest
Tests run: 4, Failures: 0, Errors: 0, Skipped: 0, Time elapsed: 0.014 sec
Running org.fax4j.spi.FaxJobMonitorImplTest
Tests run: 4, Failures: 0, Errors: 0, Skipped: 0, Time elapsed: 0.008 sec
Running org.fax4j.spi.AbstractFaxJobMonitorTest
Tests run: 6, Failures: 0, Errors: 0, Skipped: 0, Time elapsed: 0.005 sec
Running org.fax4j.spi.vbs.VBSFaxClientSpiTest
Tests run: 10, Failures: 0, Errors: 0, Skipped: 1, Time elapsed: 0.04 sec
Running org.fax4j.spi.vbs.VBSProcessOutputHandlerTest
Tests run: 16, Failures: 0, Errors: 0, Skipped: 0, Time elapsed: 0.007 sec
Running org.fax4j.spi.vbs.VBSProcessOutputValidatorTest
Tests run: 14, Failures: 0, Errors: 0, Skipped: 0, Time elapsed: 0.01 sec
Running org.fax4j.spi.metrofax.MetroFaxMailFaxClientSpiTest
Tests run: 2, Failures: 0, Errors: 0, Skipped: 0, Time elapsed: 0.008 sec
Running org.fax4j.spi.email.AbstractMailConnectionFactoryTest
Tests run: 5, Failures: 0, Errors: 0, Skipped: 0, Time elapsed: 0.005 sec
Running org.fax4j.spi.email.MailConnectionFactoryImplTest
Tests run: 2, Failures: 0, Errors: 0, Skipped: 0, Time elapsed: 0.041 sec
Running org.fax4j.spi.email.MailFaxClientSpiTest
Tests run: 15, Failures: 0, Errors: 0, Skipped: 0, Time elapsed: 0.555 sec
Running org.fax4j.spi.http.ApacheHTTPClientTest
log4j:WARN No appenders could be found for logger (org.apache.commons.httpclient.params.DefaultHttpParams).
log4j:WARN Please initialize the log4j system properly.
Tests run: 33, Failures: 0, Errors: 0, Skipped: 0, Time elapsed: 0.069 sec
Running org.fax4j.spi.http.MultiPartFaxJob2HTTPRequestConverterTest
Tests run: 9, Failures: 0, Errors: 0, Skipped: 0, Time elapsed: 0.036 sec
Running org.fax4j.spi.http.TemplateFaxJob2HTTPRequestConverterTest
Tests run: 4, Failures: 0, Errors: 0, Skipped: 0, Time elapsed: 0.009 sec
Running org.fax4j.spi.http.HTTPFaxClientSpiTest
Tests run: 17, Failures: 0, Errors: 0, Skipped: 0, Time elapsed: 0.29 sec
Running org.fax4j.spi.http.HTTPRequestTest
Tests run: 18, Failures: 0, Errors: 0, Skipped: 0, Time elapsed: 0.007 sec
Running org.fax4j.spi.http.JSONHTTPResponseHandlerTest
Tests run: 18, Failures: 0, Errors: 0, Skipped: 0, Time elapsed: 0.002 sec
Running org.fax4j.spi.http.HTTPResponseTest
Tests run: 2, Failures: 0, Errors: 0, Skipped: 0, Time elapsed: 0 sec
Running org.fax4j.spi.http.XMLHTTPResponseHandlerTest
Tests run: 18, Failures: 0, Errors: 0, Skipped: 0, Time elapsed: 0.097 sec
Running org.fax4j.spi.phaxio.PhaxioFaxClientSpiTest
Tests run: 11, Failures: 0, Errors: 0, Skipped: 0, Time elapsed: 0.1 sec
Running org.fax4j.spi.java4less.RFaxFaxClientSpiTest
Tests run: 2, Failures: 0, Errors: 0, Skipped: 0, Time elapsed: 0.026 sec
Running org.fax4j.spi.FaxJobImplTest
Tests run: 1, Failures: 0, Errors: 0, Skipped: 0, Time elapsed: 0 sec
Running org.fax4j.spi.AbstractFax4JClientSpiTest
Tests run: 17, Failures: 0, Errors: 0, Skipped: 0, Time elapsed: 0.126 sec
Running org.fax4j.spi.extremefax.ExtremeFaxMailFaxClientSpiTest
Tests run: 2, Failures: 0, Errors: 0, Skipped: 0, Time elapsed: 0.001 sec
Running org.fax4j.spi.comm.AbstractCommPortConnectionFactoryTest
Tests run: 6, Failures: 0, Errors: 0, Skipped: 0, Time elapsed: 0.004 sec
Running org.fax4j.spi.comm.CommFaxClientSpiTest
Tests run: 5, Failures: 0, Errors: 0, Skipped: 0, Time elapsed: 0.002 sec
Running org.fax4j.spi.comm.RXTXCommPortConnectionFactoryTest
WARNING: An illegal reflective access operation has occurred
WARNING: Illegal reflective access by org.powermock.reflect.internal.WhiteboxImpl (file:/home/gabsko/.m2/repository/org/powermock/powermock-reflect/2.0.9/powermock-reflect-2.0.9.jar) to method java.lang.Object.clone()
WARNING: Please consider reporting this to the maintainers of org.powermock.reflect.internal.WhiteboxImpl
WARNING: Use --illegal-access=warn to enable warnings of further illegal reflective access operations
WARNING: All illegal access operations will be denied in a future release
Tests run: 1, Failures: 0, Errors: 0, Skipped: 0, Time elapsed: 0.969 sec
Running org.fax4j.spi.hoiio.HoiioFaxClientSpiTest
Tests run: 11, Failures: 0, Errors: 0, Skipped: 0, Time elapsed: 0.011 sec
Running org.fax4j.spi.FaxClientSpiProxyImplTest
Tests run: 3, Failures: 0, Errors: 0, Skipped: 0, Time elapsed: 0.001 sec
Running org.fax4j.spi.windows.WindowsProcessFaxClientSpiTest
Tests run: 4, Failures: 0, Errors: 0, Skipped: 0, Time elapsed: 0.003 sec
Running org.fax4j.spi.windows.WindowsProcessOutputValidatorTest
Tests run: 10, Failures: 0, Errors: 0, Skipped: 0, Time elapsed: 0.002 sec
Running org.fax4j.spi.windows.WindowsFaxClientSpiHelperTest
Tests run: 23, Failures: 0, Errors: 0, Skipped: 0, Time elapsed: 0.004 sec
Running org.fax4j.spi.windows.WindowsFaxClientSpiTest
Tests run: 3, Failures: 0, Errors: 0, Skipped: 2, Time elapsed: 0.008 sec
Running org.fax4j.spi.windows.WindowsProcessOutputHandlerTest
Tests run: 3, Failures: 0, Errors: 0, Skipped: 0, Time elapsed: 0 sec
Running org.fax4j.spi.hylafax.AbstractHylaFAXClientConnectionFactoryTest
Tests run: 1, Failures: 0, Errors: 0, Skipped: 0, Time elapsed: 0.004 sec
Running org.fax4j.spi.hylafax.HylaFaxJobTest
Tests run: 8, Failures: 0, Errors: 0, Skipped: 0, Time elapsed: 0.031 sec
Running org.fax4j.spi.hylafax.HylaFaxClientSpiTest
Tests run: 7, Failures: 0, Errors: 0, Skipped: 0, Time elapsed: 0.115 sec
Running org.fax4j.spi.hylafax.HylaFAXClientConnectionFactoryImplTest
Tests run: 2, Failures: 0, Errors: 0, Skipped: 0, Time elapsed: 0.001 sec
Running org.fax4j.spi.adapter.AdapterFaxClientSpiTest
Tests run: 33, Failures: 0, Errors: 0, Skipped: 1, Time elapsed: 0.025 sec
Running org.fax4j.spi.faxage.FaxAgeMailFaxClientSpiTest
Tests run: 2, Failures: 0, Errors: 0, Skipped: 0, Time elapsed: 0 sec
Running org.fax4j.spi.process.ProcessFaxClientSpiTest
Tests run: 14, Failures: 0, Errors: 0, Skipped: 0, Time elapsed: 0.037 sec
Running org.fax4j.spi.process.ExitCodeProcessOutputValidatorTest
Tests run: 2, Failures: 0, Errors: 0, Skipped: 0, Time elapsed: 0 sec
Running org.fax4j.spi.send2fax.Send2FaxMailFaxClientSpiTest
Tests run: 2, Failures: 0, Errors: 0, Skipped: 0, Time elapsed: 0 sec
Running org.fax4j.spi.efax.EFaxMailFaxClientSpiTest
Tests run: 2, Failures: 0, Errors: 0, Skipped: 0, Time elapsed: 0 sec
Running org.fax4j.spi.linux.LinuxFaxClientSpiTest
Tests run: 2, Failures: 0, Errors: 0, Skipped: 0, Time elapsed: 0.001 sec
Running org.fax4j.spi.mac.MacFaxClientSpiTest
Tests run: 5, Failures: 0, Errors: 0, Skipped: 0, Time elapsed: 0.009 sec
Running org.fax4j.spi.interfax.InterfaxMailFaxClientSpiTest
Tests run: 5, Failures: 0, Errors: 0, Skipped: 0, Time elapsed: 0.004 sec
Running org.fax4j.spi.nextivafax.NextivafaxMailFaxClientSpiTest
Tests run: 2, Failures: 0, Errors: 0, Skipped: 0, Time elapsed: 0.001 sec
Running org.fax4j.FaxClientTest
Tests run: 10, Failures: 0, Errors: 0, Skipped: 0, Time elapsed: 0.124 sec
Running org.fax4j.ProductInfoTest
fax4j library.
Version: 0.45.0
Tests run: 1, Failures: 0, Errors: 0, Skipped: 0, Time elapsed: 0.001 sec
Running org.fax4j.util.IOHelperTest
Tests run: 19, Failures: 0, Errors: 0, Skipped: 0, Time elapsed: 0.015 sec
Running org.fax4j.util.DefaultProcessExecutorTest
Tests run: 5, Failures: 0, Errors: 0, Skipped: 0, Time elapsed: 0.003 sec
Running org.fax4j.util.AbstractConnectionFactoryTest
Tests run: 7, Failures: 0, Errors: 0, Skipped: 0, Time elapsed: 0.001 sec
Running org.fax4j.util.LibraryConfigurationLoaderTest
Tests run: 3, Failures: 0, Errors: 0, Skipped: 0, Time elapsed: 0.002 sec
Running org.fax4j.util.ConnectionImplTest
Tests run: 4, Failures: 0, Errors: 0, Skipped: 0, Time elapsed: 0.001 sec
Running org.fax4j.util.ProcessExecutorHelperTest
Tests run: 1, Failures: 0, Errors: 0, Skipped: 0, Time elapsed: 0.004 sec
Running org.fax4j.util.SpiUtilTest
Tests run: 9, Failures: 0, Errors: 0, Skipped: 0, Time elapsed: 0.001 sec
Running org.fax4j.util.ReflectionHelperTest
Tests run: 12, Failures: 0, Errors: 0, Skipped: 0, Time elapsed: 0.003 sec
Running org.fax4j.common.LogLevelTest
Tests run: 1, Failures: 0, Errors: 0, Skipped: 0, Time elapsed: 0 sec
Running org.fax4j.common.ConfigurationHolderImplTest
Tests run: 7, Failures: 0, Errors: 0, Skipped: 0, Time elapsed: 0.001 sec
Running org.fax4j.common.ServiceFactoryTest
Tests run: 7, Failures: 0, Errors: 0, Skipped: 0, Time elapsed: 0.001 sec
Running org.fax4j.common.LoggerTest
Tests run: 7, Failures: 0, Errors: 0, Skipped: 0, Time elapsed: 0.003 sec
Running org.fax4j.common.ProviderImplTest
Tests run: 10, Failures: 0, Errors: 0, Skipped: 0, Time elapsed: 0.001 sec
Running org.fax4j.common.AbstractServiceTest
Tests run: 7, Failures: 0, Errors: 0, Skipped: 0, Time elapsed: 0.001 sec
Running org.fax4j.bridge.EmptyVendorPolicyTest
Tests run: 2, Failures: 0, Errors: 0, Skipped: 0, Time elapsed: 0.001 sec
Running org.fax4j.bridge.FaxBridgeFlowHelperTest
Tests run: 2, Failures: 0, Errors: 0, Skipped: 0, Time elapsed: 0.003 sec
Running org.fax4j.bridge.AbstractFax4JBridgeTest
Tests run: 1, Failures: 0, Errors: 0, Skipped: 0, Time elapsed: 0 sec
Running org.fax4j.bridge.email.DefaultMailMessageParserTest
Tests run: 10, Failures: 0, Errors: 0, Skipped: 0, Time elapsed: 0.005 sec
Running org.fax4j.bridge.email.EMail2FaxBridgeTest
Tests run: 4, Failures: 0, Errors: 0, Skipped: 0, Time elapsed: 0.015 sec
Running org.fax4j.bridge.http.HTTP2FaxBridgeTest
Tests run: 4, Failures: 0, Errors: 0, Skipped: 0, Time elapsed: 0.002 sec
Running org.fax4j.bridge.http.SimpleHTTPRequestParserTest
Tests run: 13, Failures: 0, Errors: 0, Skipped: 0, Time elapsed: 0.002 sec
Running org.fax4j.bridge.http.MultiPartHTTPRequestParserTest
Tests run: 19, Failures: 0, Errors: 0, Skipped: 0, Time elapsed: 0.002 sec
Running org.fax4j.bridge.AbstractFaxBridgeTest
Tests run: 14, Failures: 0, Errors: 0, Skipped: 0, Time elapsed: 0.003 sec
Running org.fax4j.bridge.FaxBridgeImplTest
Tests run: 3, Failures: 0, Errors: 0, Skipped: 0, Time elapsed: 0.001 sec
Running org.fax4j.bridge.process.DefaultCommandLineArgumentsParserTest
Tests run: 5, Failures: 0, Errors: 0, Skipped: 0, Time elapsed: 0.001 sec
Running org.fax4j.bridge.process.Process2FaxBridgeTest
Tests run: 7, Failures: 0, Errors: 0, Skipped: 0, Time elapsed: 0.002 sec
Running org.fax4j.bridge.AbstractVendorPolicyTest
Tests run: 10, Failures: 0, Errors: 0, Skipped: 0, Time elapsed: 0.001 sec
Running org.fax4j.bridge.AbstractRequestParserTest
Tests run: 5, Failures: 0, Errors: 0, Skipped: 0, Time elapsed: 0 sec
Running org.fax4j.bridge.FileInfoTest
Tests run: 9, Failures: 0, Errors: 0, Skipped: 0, Time elapsed: 0 sec
Running org.fax4j.bridge.AbstractContextFaxBridgeTest
Tests run: 10, Failures: 0, Errors: 0, Skipped: 0, Time elapsed: 0.003 sec
Running org.fax4j.FaxClientFactoryTest
Tests run: 4, Failures: 0, Errors: 0, Skipped: 0, Time elapsed: 0.001 sec
Running org.fax4j.FaxMonitorEventTest
Tests run: 4, Failures: 0, Errors: 0, Skipped: 0, Time elapsed: 0 sec

Results :

Tests run: 629, Failures: 0, Errors: 0, Skipped: 4

[INFO] ------------------------------------------------------------------------
[INFO] BUILD SUCCESS
[INFO] ------------------------------------------------------------------------
[INFO] Total time:  7.973 s
[INFO] Finished at: 2023-01-25T09:01:18Z
[INFO] ------------------------------------------------------------------------
