[INFO] Scanning for projects...
[INFO] Inspecting build with total of 20 modules...
[INFO] Installing Nexus Staging features:
[INFO]   ... total of 20 executions of maven-deploy-plugin replaced with nexus-staging-maven-plugin
[INFO] ------------------------------------------------------------------------
[INFO] Reactor Build Order:
[INFO] 
[INFO] Bacting                                                            [pom]
[INFO] bacting-core                                                       [jar]
[INFO] managers-ui                                                        [jar]
[INFO] Bacting Semantic Web                                               [pom]
[INFO] managers-rdf                                                       [jar]
[INFO] managers-xml                                                       [jar]
[INFO] Bacting Cheminformatics                                            [pom]
[INFO] managers-cdk                                                       [jar]
[INFO] managers-inchi                                                     [jar]
[INFO] net.bioclipse.managers.wikidata                                    [jar]
[INFO] Bacting Bioinformatics                                             [pom]
[INFO] managers-bridgedb                                                  [jar]
[INFO] managers-biojava                                                   [jar]
[INFO] managers-cdkdebug                                                  [jar]
[INFO] managers-chemspider                                                [jar]
[INFO] managers-opsin                                                     [jar]
[INFO] managers-oscar                                                     [jar]
[INFO] managers-pubchem                                                   [jar]
[INFO] managers-excel                                                     [jar]
[INFO] bacting-bundle                                                     [jar]
[INFO] 
[INFO] ------------------< io.github.egonw.bacting:bacting >-------------------
[INFO] Building Bacting 0.0.26                                           [1/20]
[INFO] --------------------------------[ pom ]---------------------------------
[INFO] 
[INFO] --- maven-clean-plugin:2.5:clean (default-clean) @ bacting ---
[INFO] 
[INFO] --- jacoco-maven-plugin:0.8.7:prepare-agent (start-agent) @ bacting ---
[INFO] argLine set to -javaagent:/home/gabsko/.m2/repository/org/jacoco/org.jacoco.agent/0.8.7/org.jacoco.agent-0.8.7-runtime.jar=destfile=/home/gabsko/breaking-updates/target/jacoco.exec
[INFO] 
[INFO] ----------------< io.github.egonw.bacting:bacting-core >----------------
[INFO] Building bacting-core 0.0.26                                      [2/20]
[INFO] --------------------------------[ jar ]---------------------------------
[INFO] 
[INFO] --- maven-clean-plugin:2.5:clean (default-clean) @ bacting-core ---
[INFO] Deleting /home/gabsko/breaking-updates/bacting-core/target
[INFO] 
[INFO] --- jacoco-maven-plugin:0.8.7:prepare-agent (start-agent) @ bacting-core ---
[INFO] argLine set to -javaagent:/home/gabsko/.m2/repository/org/jacoco/org.jacoco.agent/0.8.7/org.jacoco.agent-0.8.7-runtime.jar=destfile=/home/gabsko/breaking-updates/bacting-core/target/jacoco.exec
[INFO] 
[INFO] --- maven-resources-plugin:2.6:resources (default-resources) @ bacting-core ---
[INFO] Using 'UTF-8' encoding to copy filtered resources.
[INFO] skip non existing resourceDirectory /home/gabsko/breaking-updates/bacting-core/src/main/resources
[INFO] 
[INFO] --- maven-compiler-plugin:3.8.1:compile (default-compile) @ bacting-core ---
[INFO] Changes detected - recompiling the module!
[INFO] Compiling 1 source file to /home/gabsko/breaking-updates/bacting-core/target/classes
[INFO] 
[INFO] --- maven-resources-plugin:2.6:testResources (default-testResources) @ bacting-core ---
[INFO] Using 'UTF-8' encoding to copy filtered resources.
[INFO] skip non existing resourceDirectory /home/gabsko/breaking-updates/bacting-core/src/test/resources
[INFO] 
[INFO] --- maven-compiler-plugin:3.8.1:testCompile (default-testCompile) @ bacting-core ---
[INFO] No sources to compile
[INFO] 
[INFO] --- maven-surefire-plugin:2.22.2:test (default-test) @ bacting-core ---
[INFO] No tests to run.
[INFO] 
[INFO] ----------------< io.github.egonw.bacting:managers-ui >-----------------
[INFO] Building managers-ui 0.0.26                                       [3/20]
[INFO] --------------------------------[ jar ]---------------------------------
[INFO] 
[INFO] --- maven-clean-plugin:2.5:clean (default-clean) @ managers-ui ---
[INFO] Deleting /home/gabsko/breaking-updates/managers-core/target
[INFO] 
[INFO] --- jacoco-maven-plugin:0.8.7:prepare-agent (start-agent) @ managers-ui ---
[INFO] argLine set to -javaagent:/home/gabsko/.m2/repository/org/jacoco/org.jacoco.agent/0.8.7/org.jacoco.agent-0.8.7-runtime.jar=destfile=/home/gabsko/breaking-updates/managers-core/target/jacoco.exec
[INFO] 
[INFO] --- maven-resources-plugin:2.6:resources (default-resources) @ managers-ui ---
[INFO] Using 'UTF-8' encoding to copy filtered resources.
[INFO] skip non existing resourceDirectory /home/gabsko/breaking-updates/managers-core/src/main/resources
[INFO] 
[INFO] --- maven-compiler-plugin:3.8.0:compile (default-compile) @ managers-ui ---
[INFO] Changes detected - recompiling the module!
[INFO] Compiling 4 source files to /home/gabsko/breaking-updates/managers-core/target/classes
[INFO] 
[INFO] --- maven-resources-plugin:2.6:testResources (default-testResources) @ managers-ui ---
[INFO] Using 'UTF-8' encoding to copy filtered resources.
[INFO] skip non existing resourceDirectory /home/gabsko/breaking-updates/managers-core/src/test/resources
[INFO] 
[INFO] --- maven-compiler-plugin:3.8.0:testCompile (default-testCompile) @ managers-ui ---
[INFO] Changes detected - recompiling the module!
[INFO] Compiling 3 source files to /home/gabsko/breaking-updates/managers-core/target/test-classes
[INFO] 
[INFO] --- maven-surefire-plugin:2.22.2:test (default-test) @ managers-ui ---
[INFO] 
[INFO] -------------------------------------------------------
[INFO]  T E S T S
[INFO] -------------------------------------------------------
[INFO] Running net.bioclipse.managers.UIManagerTest
tmpPath: /tmp/uitestws8483020160771505380
Cannot open file on the command line
[INFO] Tests run: 12, Failures: 0, Errors: 0, Skipped: 0, Time elapsed: 0.062 s - in net.bioclipse.managers.UIManagerTest
[INFO] Running net.bioclipse.managers.ReportManagerTest
tmpPath: /tmp/reporttestws15103141517109470925
<b>Some table.</b><br />
<table>
<td><b></b></td>
<tr><td>value</td>
</tr>
</table>

[INFO] Tests run: 11, Failures: 0, Errors: 0, Skipped: 0, Time elapsed: 0.01 s - in net.bioclipse.managers.ReportManagerTest
[INFO] Running net.bioclipse.managers.BioclipseManagerTest
tmpPath: /tmp/bioclipsetestws305475800432626144
[INFO] Tests run: 19, Failures: 0, Errors: 0, Skipped: 0, Time elapsed: 8.828 s - in net.bioclipse.managers.BioclipseManagerTest
[INFO] 
[INFO] Results:
[INFO] 
[INFO] Tests run: 42, Failures: 0, Errors: 0, Skipped: 0
[INFO] 
[INFO] 
[INFO] --------------< io.github.egonw.bacting:managers-semweb >---------------
[INFO] Building Bacting Semantic Web 0.0.26                              [4/20]
[INFO] --------------------------------[ pom ]---------------------------------
[INFO] 
[INFO] --- maven-clean-plugin:2.5:clean (default-clean) @ managers-semweb ---
[INFO] 
[INFO] --- jacoco-maven-plugin:0.8.7:prepare-agent (start-agent) @ managers-semweb ---
[INFO] argLine set to -javaagent:/home/gabsko/.m2/repository/org/jacoco/org.jacoco.agent/0.8.7/org.jacoco.agent-0.8.7-runtime.jar=destfile=/home/gabsko/breaking-updates/managers-semweb/target/jacoco.exec
[INFO] 
[INFO] ----------------< io.github.egonw.bacting:managers-rdf >----------------
[INFO] Building managers-rdf 0.0.26                                      [5/20]
[INFO] --------------------------------[ jar ]---------------------------------
[INFO] 
[INFO] --- maven-clean-plugin:2.5:clean (default-clean) @ managers-rdf ---
[INFO] Deleting /home/gabsko/breaking-updates/managers-semweb/managers-rdf/target
[INFO] 
[INFO] --- jacoco-maven-plugin:0.8.7:prepare-agent (start-agent) @ managers-rdf ---
[INFO] argLine set to -javaagent:/home/gabsko/.m2/repository/org/jacoco/org.jacoco.agent/0.8.7/org.jacoco.agent-0.8.7-runtime.jar=destfile=/home/gabsko/breaking-updates/managers-semweb/managers-rdf/target/jacoco.exec
[INFO] 
[INFO] --- maven-resources-plugin:2.6:resources (default-resources) @ managers-rdf ---
[INFO] Using 'UTF-8' encoding to copy filtered resources.
[INFO] skip non existing resourceDirectory /home/gabsko/breaking-updates/managers-semweb/managers-rdf/src/main/resources
[INFO] 
[INFO] --- maven-compiler-plugin:3.8.0:compile (default-compile) @ managers-rdf ---
[INFO] Changes detected - recompiling the module!
[INFO] Compiling 1 source file to /home/gabsko/breaking-updates/managers-semweb/managers-rdf/target/classes
[INFO] 
[INFO] --- maven-resources-plugin:2.6:testResources (default-testResources) @ managers-rdf ---
[INFO] Using 'UTF-8' encoding to copy filtered resources.
[INFO] skip non existing resourceDirectory /home/gabsko/breaking-updates/managers-semweb/managers-rdf/src/test/resources
[INFO] 
[INFO] --- maven-compiler-plugin:3.8.0:testCompile (default-testCompile) @ managers-rdf ---
[INFO] Changes detected - recompiling the module!
[INFO] Compiling 1 source file to /home/gabsko/breaking-updates/managers-semweb/managers-rdf/target/test-classes
[INFO] 
[INFO] --- maven-surefire-plugin:2.22.2:test (default-test) @ managers-rdf ---
[INFO] 
[INFO] -------------------------------------------------------
[INFO]  T E S T S
[INFO] -------------------------------------------------------
[INFO] Running net.bioclipse.managers.RDFManagerTest
[main] WARN org.apache.jena.riot - [line: 6368, col: 68] {W108} Not an XML Name: '1f19cc093e08019869fef6acaebb4b10'
[main] WARN org.apache.jena.riot - [line: 6370, col: 65] {W108} Not an XML Name: '1f19cc093e08019869fef6acaebb4b10'
[main] WARN org.apache.jena.riot - [line: 6439, col: 68] {W108} Not an XML Name: '2ee7d5920addccfd2f71cd7cf239a7d9'
[main] WARN org.apache.jena.riot - [line: 6441, col: 65] {W108} Not an XML Name: '2ee7d5920addccfd2f71cd7cf239a7d9'
[main] WARN org.apache.jena.riot - [line: 6505, col: 68] {W108} Not an XML Name: '6e697cc455c85845bc517351bce8bc92'
[main] WARN org.apache.jena.riot - [line: 6507, col: 65] {W108} Not an XML Name: '6e697cc455c85845bc517351bce8bc92'
[main] WARN org.apache.jena.riot - [line: 6562, col: 68] {W108} Not an XML Name: '06be9361e78d041ce01df69013cf6906'
[main] WARN org.apache.jena.riot - [line: 6564, col: 65] {W108} Not an XML Name: '06be9361e78d041ce01df69013cf6906'
[main] WARN org.apache.jena.riot - [line: 6635, col: 68] {W108} Not an XML Name: '38db277a4b10d59fd38a3fd995cbe570'
[main] WARN org.apache.jena.riot - [line: 6637, col: 65] {W108} Not an XML Name: '38db277a4b10d59fd38a3fd995cbe570'
[main] WARN org.apache.jena.riot - [line: 6692, col: 68] {W108} Not an XML Name: '9c5978c46703ed90be57b769a8622d59'
[main] WARN org.apache.jena.riot - [line: 6694, col: 65] {W108} Not an XML Name: '9c5978c46703ed90be57b769a8622d59'
[main] WARN org.apache.jena.riot - [line: 6777, col: 68] {W108} Not an XML Name: '8543f188a73d6ea7a6705f0835ae332d'
[main] WARN org.apache.jena.riot - [line: 6779, col: 65] {W108} Not an XML Name: '8543f188a73d6ea7a6705f0835ae332d'
[main] WARN org.apache.jena.riot - [line: 6827, col: 68] {W108} Not an XML Name: '4d8769fc1c544b1caed9e52ec1f84247'
[main] WARN org.apache.jena.riot - [line: 6829, col: 65] {W108} Not an XML Name: '4d8769fc1c544b1caed9e52ec1f84247'
[main] WARN org.apache.jena.riot - [line: 6877, col: 68] {W108} Not an XML Name: '4bfb48d5a3bb3600187722aa6901d2c3'
[main] WARN org.apache.jena.riot - [line: 6879, col: 65] {W108} Not an XML Name: '4bfb48d5a3bb3600187722aa6901d2c3'
[main] WARN org.apache.jena.riot - [line: 6927, col: 68] {W108} Not an XML Name: '69635c1f0b0b26e68131d8b4c428b7e5'
[main] WARN org.apache.jena.riot - [line: 6929, col: 65] {W108} Not an XML Name: '69635c1f0b0b26e68131d8b4c428b7e5'
[main] WARN org.apache.jena.riot - [line: 6977, col: 68] {W108} Not an XML Name: '7cd44173f1681fd19dd103a28fda54a8'
[main] WARN org.apache.jena.riot - [line: 6979, col: 65] {W108} Not an XML Name: '7cd44173f1681fd19dd103a28fda54a8'
[main] WARN org.apache.jena.riot - [line: 7027, col: 68] {W108} Not an XML Name: '80fa0a4abf09baad42c1554bbfc82b00'
[main] WARN org.apache.jena.riot - [line: 7029, col: 65] {W108} Not an XML Name: '80fa0a4abf09baad42c1554bbfc82b00'
[main] WARN org.apache.jena.riot - [line: 7077, col: 68] {W108} Not an XML Name: '10b960483099011464f84586b88d281b'
[main] WARN org.apache.jena.riot - [line: 7079, col: 65] {W108} Not an XML Name: '10b960483099011464f84586b88d281b'
[main] WARN org.apache.jena.riot - [line: 7177, col: 68] {W108} Not an XML Name: '90353c5ec33a5dc569985590a17a3551'
[main] WARN org.apache.jena.riot - [line: 7179, col: 65] {W108} Not an XML Name: '90353c5ec33a5dc569985590a17a3551'
[main] WARN org.apache.jena.riot - [line: 7227, col: 68] {W108} Not an XML Name: '79c4b5dd8e675d763a3f05a7c9e9d549'
[main] WARN org.apache.jena.riot - [line: 7229, col: 65] {W108} Not an XML Name: '79c4b5dd8e675d763a3f05a7c9e9d549'
[main] WARN org.apache.jena.riot - [line: 7327, col: 68] {W108} Not an XML Name: '243c53df77c77a7835e19a2fc67efaea'
[main] WARN org.apache.jena.riot - [line: 7329, col: 65] {W108} Not an XML Name: '243c53df77c77a7835e19a2fc67efaea'
[main] WARN org.apache.jena.riot - [line: 7377, col: 68] {W108} Not an XML Name: '71eb2f5773cbc41c58f8fcc83889aedd'
[main] WARN org.apache.jena.riot - [line: 7379, col: 65] {W108} Not an XML Name: '71eb2f5773cbc41c58f8fcc83889aedd'
[main] WARN org.apache.jena.riot - [line: 7427, col: 68] {W108} Not an XML Name: '9aa120141341dc99135f9a80df7486ba'
[main] WARN org.apache.jena.riot - [line: 7429, col: 65] {W108} Not an XML Name: '9aa120141341dc99135f9a80df7486ba'
[main] WARN org.apache.jena.riot - [line: 7477, col: 68] {W108} Not an XML Name: '3bbbd7673af9946aba0ac3fb78805fae'
[main] WARN org.apache.jena.riot - [line: 7479, col: 65] {W108} Not an XML Name: '3bbbd7673af9946aba0ac3fb78805fae'
[main] WARN org.apache.jena.riot - [line: 7527, col: 68] {W108} Not an XML Name: '1d70d04ff883b209969b7a4d835e0f0b'
[main] WARN org.apache.jena.riot - [line: 7529, col: 65] {W108} Not an XML Name: '1d70d04ff883b209969b7a4d835e0f0b'
[main] WARN org.apache.jena.riot - [line: 7577, col: 68] {W108} Not an XML Name: '14d38205c1703c505cdfab00d8c8da3e'
[main] WARN org.apache.jena.riot - [line: 7579, col: 65] {W108} Not an XML Name: '14d38205c1703c505cdfab00d8c8da3e'
[main] WARN org.apache.jena.riot - [line: 7627, col: 68] {W108} Not an XML Name: '181933ff5f682f9559057d62c24ead56'
[main] WARN org.apache.jena.riot - [line: 7629, col: 65] {W108} Not an XML Name: '181933ff5f682f9559057d62c24ead56'
[main] WARN org.apache.jena.riot - [line: 7993, col: 68] {W108} Not an XML Name: '8b9e3c496971ca7a35e1bb77aa490b02'
[main] WARN org.apache.jena.riot - [line: 7995, col: 65] {W108} Not an XML Name: '8b9e3c496971ca7a35e1bb77aa490b02'
[main] WARN org.apache.jena.riot - [line: 8059, col: 68] {W108} Not an XML Name: '3d3a130459ca63e754c24766df03efa4'
[main] WARN org.apache.jena.riot - [line: 8061, col: 65] {W108} Not an XML Name: '3d3a130459ca63e754c24766df03efa4'
[main] WARN org.apache.jena.riot - [line: 8109, col: 68] {W108} Not an XML Name: '0fa0ea7c1a9dd8c5db4fc6e14e8767c4'
[main] WARN org.apache.jena.riot - [line: 8111, col: 65] {W108} Not an XML Name: '0fa0ea7c1a9dd8c5db4fc6e14e8767c4'
[main] WARN org.apache.jena.riot - [line: 8159, col: 68] {W108} Not an XML Name: '5340f033e88f1f09c2d075823f6a2129'
[main] WARN org.apache.jena.riot - [line: 8161, col: 65] {W108} Not an XML Name: '5340f033e88f1f09c2d075823f6a2129'
[main] WARN org.apache.jena.riot - [line: 8209, col: 68] {W108} Not an XML Name: '10797c27ae4368790f83843fcd7206c2'
[main] WARN org.apache.jena.riot - [line: 8211, col: 65] {W108} Not an XML Name: '10797c27ae4368790f83843fcd7206c2'
[main] WARN org.apache.jena.riot - [line: 8259, col: 68] {W108} Not an XML Name: '5aa7498a222e3575d4bfe4b1af9f738a'
[main] WARN org.apache.jena.riot - [line: 8261, col: 65] {W108} Not an XML Name: '5aa7498a222e3575d4bfe4b1af9f738a'
[main] WARN org.apache.jena.riot - [line: 8359, col: 68] {W108} Not an XML Name: '68101db99b9c4548c495d5107ec2751f'
[main] WARN org.apache.jena.riot - [line: 8361, col: 65] {W108} Not an XML Name: '68101db99b9c4548c495d5107ec2751f'
[main] WARN org.apache.jena.riot - [line: 8409, col: 68] {W108} Not an XML Name: '54ffb88e2578ca605d23b0e074c81114'
[main] WARN org.apache.jena.riot - [line: 8411, col: 65] {W108} Not an XML Name: '54ffb88e2578ca605d23b0e074c81114'
[main] WARN org.apache.jena.riot - [line: 8459, col: 68] {W108} Not an XML Name: '1d5dd9615da4f91a82228c528a0f7cae'
[main] WARN org.apache.jena.riot - [line: 8461, col: 65] {W108} Not an XML Name: '1d5dd9615da4f91a82228c528a0f7cae'
[main] WARN org.apache.jena.riot - [line: 8559, col: 68] {W108} Not an XML Name: '22f0c5c57d5c21715f6cb72cd49408ae'
[main] WARN org.apache.jena.riot - [line: 8561, col: 65] {W108} Not an XML Name: '22f0c5c57d5c21715f6cb72cd49408ae'
[main] WARN org.apache.jena.riot - [line: 8859, col: 68] {W108} Not an XML Name: '4a7b6a517307eeaf8a892e11937a0f7f'
[main] WARN org.apache.jena.riot - [line: 8861, col: 65] {W108} Not an XML Name: '4a7b6a517307eeaf8a892e11937a0f7f'
[main] WARN org.apache.jena.riot - [line: 8909, col: 68] {W108} Not an XML Name: '9eb3f29e869e7f0263f2b57d0af380ee'
[main] WARN org.apache.jena.riot - [line: 8911, col: 65] {W108} Not an XML Name: '9eb3f29e869e7f0263f2b57d0af380ee'
[main] WARN org.apache.jena.riot - [line: 8959, col: 68] {W108} Not an XML Name: '2e2ac5e9a91f653ff0c0823b43723840'
[main] WARN org.apache.jena.riot - [line: 8961, col: 65] {W108} Not an XML Name: '2e2ac5e9a91f653ff0c0823b43723840'
[main] WARN org.apache.jena.riot - [line: 9109, col: 68] {W108} Not an XML Name: '6f19214137e50372f245d71207fe238f'
[main] WARN org.apache.jena.riot - [line: 9111, col: 65] {W108} Not an XML Name: '6f19214137e50372f245d71207fe238f'
[main] WARN org.apache.jena.riot - [line: 9225, col: 68] {W108} Not an XML Name: '286c7ee15bc3c86b8eb6b23547b34d68'
[main] WARN org.apache.jena.riot - [line: 9227, col: 65] {W108} Not an XML Name: '286c7ee15bc3c86b8eb6b23547b34d68'
[main] WARN org.apache.jena.riot - [line: 9291, col: 68] {W108} Not an XML Name: '0cb1ab8817799c4db539b18975ce292a'
[main] WARN org.apache.jena.riot - [line: 9293, col: 65] {W108} Not an XML Name: '0cb1ab8817799c4db539b18975ce292a'
[main] WARN org.apache.jena.riot - [line: 9345, col: 68] {W108} Not an XML Name: '802d6ea8b9887224288c307dfccd3bb4'
[main] WARN org.apache.jena.riot - [line: 9347, col: 65] {W108} Not an XML Name: '802d6ea8b9887224288c307dfccd3bb4'
[main] WARN org.apache.jena.riot - [line: 9411, col: 68] {W108} Not an XML Name: '393cb71cdc4813584bc563e30239129e'
[main] WARN org.apache.jena.riot - [line: 9413, col: 65] {W108} Not an XML Name: '393cb71cdc4813584bc563e30239129e'
[main] WARN org.apache.jena.riot - [line: 9477, col: 68] {W108} Not an XML Name: '54217a89695819ffcfec13afc576b468'
[main] WARN org.apache.jena.riot - [line: 9479, col: 65] {W108} Not an XML Name: '54217a89695819ffcfec13afc576b468'
[main] WARN org.apache.jena.riot - [line: 9543, col: 68] {W108} Not an XML Name: '85c146c8026653253daee222e99e6207'
[main] WARN org.apache.jena.riot - [line: 9545, col: 65] {W108} Not an XML Name: '85c146c8026653253daee222e99e6207'
[main] WARN org.apache.jena.riot - [line: 9609, col: 68] {W108} Not an XML Name: '591354acd9a1c60143190541be6b2d38'
[main] WARN org.apache.jena.riot - [line: 9611, col: 65] {W108} Not an XML Name: '591354acd9a1c60143190541be6b2d38'
[main] WARN org.apache.jena.riot - [line: 9659, col: 68] {W108} Not an XML Name: '3de19c92e209926f02f215095eb4fd12'
[main] WARN org.apache.jena.riot - [line: 9661, col: 65] {W108} Not an XML Name: '3de19c92e209926f02f215095eb4fd12'
[main] WARN org.apache.jena.riot - [line: 9716, col: 68] {W108} Not an XML Name: '646b8b1e4925fe4fca2b57678b2ceb02'
[main] WARN org.apache.jena.riot - [line: 9718, col: 65] {W108} Not an XML Name: '646b8b1e4925fe4fca2b57678b2ceb02'
[main] WARN org.apache.jena.riot - [line: 9846, col: 68] {W108} Not an XML Name: '7aae51e6fdbcd835bc972ed14a284928'
[main] WARN org.apache.jena.riot - [line: 9848, col: 65] {W108} Not an XML Name: '7aae51e6fdbcd835bc972ed14a284928'
[main] WARN org.apache.jena.riot - [line: 9903, col: 68] {W108} Not an XML Name: '44b76bf20cf7a758150a833ef3056d89'
[main] WARN org.apache.jena.riot - [line: 9905, col: 65] {W108} Not an XML Name: '44b76bf20cf7a758150a833ef3056d89'
[main] WARN org.apache.jena.riot - [line: 10047, col: 68] {W108} Not an XML Name: '3df0d7331aed2f2366239785e0675c7e'
[main] WARN org.apache.jena.riot - [line: 10049, col: 65] {W108} Not an XML Name: '3df0d7331aed2f2366239785e0675c7e'
[main] WARN org.apache.jena.riot - [line: 10220, col: 68] {W108} Not an XML Name: '7170326401e7bb7bb42bab28a7b9ffaa'
[main] WARN org.apache.jena.riot - [line: 10222, col: 65] {W108} Not an XML Name: '7170326401e7bb7bb42bab28a7b9ffaa'
[main] WARN org.apache.jena.riot - [line: 10400, col: 68] {W108} Not an XML Name: '208ab4e6c5bef687f3c5d3073002da3d'
[main] WARN org.apache.jena.riot - [line: 10402, col: 65] {W108} Not an XML Name: '208ab4e6c5bef687f3c5d3073002da3d'
[main] WARN org.apache.jena.riot - [line: 10450, col: 68] {W108} Not an XML Name: '9fccf341d084b67f0e3573fcd4629abd'
[main] WARN org.apache.jena.riot - [line: 10452, col: 65] {W108} Not an XML Name: '9fccf341d084b67f0e3573fcd4629abd'
[main] WARN org.apache.jena.riot - [line: 10516, col: 68] {W108} Not an XML Name: '641c2b058a23d1681ad5b0f360849088'
[main] WARN org.apache.jena.riot - [line: 10518, col: 65] {W108} Not an XML Name: '641c2b058a23d1681ad5b0f360849088'
[main] WARN org.apache.jena.riot - [line: 10573, col: 68] {W108} Not an XML Name: '4fcc9ce770ae6fe14cb8672fb35a8bc9'
[main] WARN org.apache.jena.riot - [line: 10575, col: 65] {W108} Not an XML Name: '4fcc9ce770ae6fe14cb8672fb35a8bc9'
[main] WARN org.apache.jena.riot - [line: 10651, col: 68] {W108} Not an XML Name: '7ac65273af16927ef464c5630cdfc7a4'
[main] WARN org.apache.jena.riot - [line: 10653, col: 65] {W108} Not an XML Name: '7ac65273af16927ef464c5630cdfc7a4'
[main] WARN org.apache.jena.riot - [line: 10743, col: 68] {W108} Not an XML Name: '55a0a46aa65f620d17fa7dc3671280d4'
[main] WARN org.apache.jena.riot - [line: 10745, col: 65] {W108} Not an XML Name: '55a0a46aa65f620d17fa7dc3671280d4'
[main] WARN org.apache.jena.riot - [line: 10823, col: 68] {W108} Not an XML Name: '1c2de50aa1d1c00643ad3d3eaa15793b'
[main] WARN org.apache.jena.riot - [line: 10825, col: 65] {W108} Not an XML Name: '1c2de50aa1d1c00643ad3d3eaa15793b'
[main] WARN org.apache.jena.riot - [line: 10889, col: 68] {W108} Not an XML Name: '805e875898989efd64d1dfd6ee1ec07c'
[main] WARN org.apache.jena.riot - [line: 10891, col: 65] {W108} Not an XML Name: '805e875898989efd64d1dfd6ee1ec07c'
[main] WARN org.apache.jena.riot - [line: 11071, col: 68] {W108} Not an XML Name: '12934e9f1369069836fb3e1f5eba9999'
[main] WARN org.apache.jena.riot - [line: 11073, col: 65] {W108} Not an XML Name: '12934e9f1369069836fb3e1f5eba9999'
[main] WARN org.apache.jena.riot - [line: 11137, col: 68] {W108} Not an XML Name: '2a10105f084b066808bdf8dfd6a00e20'
[main] WARN org.apache.jena.riot - [line: 11139, col: 65] {W108} Not an XML Name: '2a10105f084b066808bdf8dfd6a00e20'
[main] WARN org.apache.jena.riot - [line: 11194, col: 68] {W108} Not an XML Name: '0b8bd71b926a65ca3fa72e5d9103e4d6'
[main] WARN org.apache.jena.riot - [line: 11196, col: 65] {W108} Not an XML Name: '0b8bd71b926a65ca3fa72e5d9103e4d6'
[main] WARN org.apache.jena.riot - [line: 11326, col: 68] {W108} Not an XML Name: '2b4e9773af61d716df50661bea8bd3b2'
[main] WARN org.apache.jena.riot - [line: 11328, col: 65] {W108} Not an XML Name: '2b4e9773af61d716df50661bea8bd3b2'
[main] WARN org.apache.jena.riot - [line: 11524, col: 68] {W108} Not an XML Name: '83c049441265b92d0b382cb5c4638257'
[main] WARN org.apache.jena.riot - [line: 11526, col: 65] {W108} Not an XML Name: '83c049441265b92d0b382cb5c4638257'
[main] WARN org.apache.jena.riot - [line: 11788, col: 68] {W108} Not an XML Name: '6285ea5517d1bce7bb26fb4ac425d3a0'
[main] WARN org.apache.jena.riot - [line: 11790, col: 65] {W108} Not an XML Name: '6285ea5517d1bce7bb26fb4ac425d3a0'
[main] WARN org.apache.jena.riot - [line: 11854, col: 68] {W108} Not an XML Name: '47a6d23b2ebcc75ea05f60ea9b29f1f8'
[main] WARN org.apache.jena.riot - [line: 11856, col: 65] {W108} Not an XML Name: '47a6d23b2ebcc75ea05f60ea9b29f1f8'
[main] WARN org.apache.jena.riot - [line: 11977, col: 68] {W108} Not an XML Name: '3100b266da20fd5c5c16f43f7be6202a'
[main] WARN org.apache.jena.riot - [line: 11979, col: 65] {W108} Not an XML Name: '3100b266da20fd5c5c16f43f7be6202a'
[main] WARN org.apache.jena.riot - [line: 12027, col: 68] {W108} Not an XML Name: '94e248b043a403a96bb38251ab94bf95'
[main] WARN org.apache.jena.riot - [line: 12029, col: 65] {W108} Not an XML Name: '94e248b043a403a96bb38251ab94bf95'
[main] WARN org.apache.jena.riot - [line: 12225, col: 68] {W108} Not an XML Name: '09b0cc20dd3fd6c6c547053794b61317'
[main] WARN org.apache.jena.riot - [line: 12227, col: 65] {W108} Not an XML Name: '09b0cc20dd3fd6c6c547053794b61317'
[main] WARN org.apache.jena.riot - [line: 12275, col: 68] {W108} Not an XML Name: '93c565e7ae0faaeda9bd92b52aafde14'
[main] WARN org.apache.jena.riot - [line: 12277, col: 65] {W108} Not an XML Name: '93c565e7ae0faaeda9bd92b52aafde14'
[main] WARN org.apache.jena.riot - [line: 12391, col: 68] {W108} Not an XML Name: '0cd04d83d0ca0bea5201ada3c7643a4d'
[main] WARN org.apache.jena.riot - [line: 12393, col: 65] {W108} Not an XML Name: '0cd04d83d0ca0bea5201ada3c7643a4d'
[main] WARN org.apache.jena.riot - [line: 12457, col: 68] {W108} Not an XML Name: '7f1dcb74568bce8b9b5e3a764e58321b'
[main] WARN org.apache.jena.riot - [line: 12459, col: 65] {W108} Not an XML Name: '7f1dcb74568bce8b9b5e3a764e58321b'
[main] WARN org.apache.jena.riot - [line: 12573, col: 68] {W108} Not an XML Name: '83286e9d2ddbf24a079553234a4181fd'
[main] WARN org.apache.jena.riot - [line: 12575, col: 65] {W108} Not an XML Name: '83286e9d2ddbf24a079553234a4181fd'
[main] WARN org.apache.jena.riot - [line: 12837, col: 68] {W108} Not an XML Name: '145b5cc69dd407ec75ff2d0c8fd36c4c'
[main] WARN org.apache.jena.riot - [line: 12839, col: 65] {W108} Not an XML Name: '145b5cc69dd407ec75ff2d0c8fd36c4c'
[main] WARN org.apache.jena.riot - [line: 12969, col: 68] {W108} Not an XML Name: '49519c81f4756e1502024440539489c8'
[main] WARN org.apache.jena.riot - [line: 12971, col: 65] {W108} Not an XML Name: '49519c81f4756e1502024440539489c8'
[main] WARN org.apache.jena.riot - [line: 13026, col: 68] {W108} Not an XML Name: '60f233f59a210c5697459ad531e34002'
[main] WARN org.apache.jena.riot - [line: 13028, col: 65] {W108} Not an XML Name: '60f233f59a210c5697459ad531e34002'
[main] WARN org.apache.jena.riot - [line: 13106, col: 68] {W108} Not an XML Name: '2fb5c2af36e460068b89a8ca39c8bbcd'
[main] WARN org.apache.jena.riot - [line: 13108, col: 65] {W108} Not an XML Name: '2fb5c2af36e460068b89a8ca39c8bbcd'
[main] WARN org.apache.jena.riot - [line: 13172, col: 68] {W108} Not an XML Name: '33d1adc3de407b8bae3b156a069bd25a'
[main] WARN org.apache.jena.riot - [line: 13174, col: 65] {W108} Not an XML Name: '33d1adc3de407b8bae3b156a069bd25a'
[main] WARN org.apache.jena.riot - [line: 13238, col: 68] {W108} Not an XML Name: '73a952df1f960b52424b2c40a94228e6'
[main] WARN org.apache.jena.riot - [line: 13240, col: 65] {W108} Not an XML Name: '73a952df1f960b52424b2c40a94228e6'
[main] WARN org.apache.jena.riot - [line: 13295, col: 68] {W108} Not an XML Name: '5fddc0dc818d391def15a9c2de3310b2'
[main] WARN org.apache.jena.riot - [line: 13297, col: 65] {W108} Not an XML Name: '5fddc0dc818d391def15a9c2de3310b2'
[main] WARN org.apache.jena.riot - [line: 13352, col: 68] {W108} Not an XML Name: '263bd999e1f3023cc71ba3062434f7cd'
[main] WARN org.apache.jena.riot - [line: 13354, col: 65] {W108} Not an XML Name: '263bd999e1f3023cc71ba3062434f7cd'
[main] WARN org.apache.jena.riot - [line: 13418, col: 68] {W108} Not an XML Name: '50e059f826859f7369068d08ee77a638'
[main] WARN org.apache.jena.riot - [line: 13420, col: 65] {W108} Not an XML Name: '50e059f826859f7369068d08ee77a638'
[main] WARN org.apache.jena.riot - [line: 13550, col: 68] {W108} Not an XML Name: '32a5275a7dbbfba13192c77c3ada4d3a'
[main] WARN org.apache.jena.riot - [line: 13552, col: 65] {W108} Not an XML Name: '32a5275a7dbbfba13192c77c3ada4d3a'
[main] WARN org.apache.jena.riot - [line: 13616, col: 68] {W108} Not an XML Name: '7959f705c7c3f49b1ec15fddf6e07dbb'
[main] WARN org.apache.jena.riot - [line: 13618, col: 65] {W108} Not an XML Name: '7959f705c7c3f49b1ec15fddf6e07dbb'
[main] WARN org.apache.jena.riot - [line: 13748, col: 68] {W108} Not an XML Name: '5ce4742f42f26afe436b747d2437666d'
[main] WARN org.apache.jena.riot - [line: 13750, col: 65] {W108} Not an XML Name: '5ce4742f42f26afe436b747d2437666d'
[main] WARN org.apache.jena.riot - [line: 14053, col: 68] {W108} Not an XML Name: '8aed719272e3a9b229a8b23006902f30'
[main] WARN org.apache.jena.riot - [line: 14055, col: 65] {W108} Not an XML Name: '8aed719272e3a9b229a8b23006902f30'
[main] WARN org.apache.jena.riot - [line: 14119, col: 68] {W108} Not an XML Name: '694b361957c9876d0bb1e09940ba210b'
[main] WARN org.apache.jena.riot - [line: 14121, col: 65] {W108} Not an XML Name: '694b361957c9876d0bb1e09940ba210b'
[main] WARN org.apache.jena.riot - [line: 14185, col: 68] {W108} Not an XML Name: '50047421dad173f05f4ea73daa272848'
[main] WARN org.apache.jena.riot - [line: 14187, col: 65] {W108} Not an XML Name: '50047421dad173f05f4ea73daa272848'
[main] WARN org.apache.jena.riot - [line: 14317, col: 68] {W108} Not an XML Name: '478870f14670f8deabe6c4bffb27a907'
[main] WARN org.apache.jena.riot - [line: 14319, col: 65] {W108} Not an XML Name: '478870f14670f8deabe6c4bffb27a907'
[main] WARN org.apache.jena.riot - [line: 14383, col: 68] {W108} Not an XML Name: '19bfd5411c49363e499f66e1ba825aff'
[main] WARN org.apache.jena.riot - [line: 14385, col: 65] {W108} Not an XML Name: '19bfd5411c49363e499f66e1ba825aff'
[main] WARN org.apache.jena.riot - [line: 14449, col: 68] {W108} Not an XML Name: '20afe0be5378fd81b1a56e8c9bb639a6'
[main] WARN org.apache.jena.riot - [line: 14451, col: 65] {W108} Not an XML Name: '20afe0be5378fd81b1a56e8c9bb639a6'
[main] WARN org.apache.jena.riot - [line: 14515, col: 68] {W108} Not an XML Name: '92bc7d972c1bed2e801eb42a65bd6c0a'
[main] WARN org.apache.jena.riot - [line: 14517, col: 65] {W108} Not an XML Name: '92bc7d972c1bed2e801eb42a65bd6c0a'
[main] WARN org.apache.jena.riot - [line: 14572, col: 68] {W108} Not an XML Name: '66a2156e9cbfe8d655274b862fca1b59'
[main] WARN org.apache.jena.riot - [line: 14574, col: 65] {W108} Not an XML Name: '66a2156e9cbfe8d655274b862fca1b59'
[main] WARN org.apache.jena.riot - [line: 14800, col: 68] {W108} Not an XML Name: '5839b6febac847e3b7df51938b87824d'
[main] WARN org.apache.jena.riot - [line: 14802, col: 65] {W108} Not an XML Name: '5839b6febac847e3b7df51938b87824d'
[main] WARN org.apache.jena.riot - [line: 15019, col: 68] {W108} Not an XML Name: '954f136e0fe024eeab4139cb47147e20'
[main] WARN org.apache.jena.riot - [line: 15021, col: 65] {W108} Not an XML Name: '954f136e0fe024eeab4139cb47147e20'
[main] WARN org.apache.jena.riot - [line: 15081, col: 68] {W108} Not an XML Name: '1d6e1ecf4f0164f6a3471dd66d38c9d8'
[main] WARN org.apache.jena.riot - [line: 15083, col: 65] {W108} Not an XML Name: '1d6e1ecf4f0164f6a3471dd66d38c9d8'
[main] WARN org.apache.jena.riot - [line: 15131, col: 68] {W108} Not an XML Name: '484844be197aed8f0c5a4453371c0807'
[main] WARN org.apache.jena.riot - [line: 15133, col: 65] {W108} Not an XML Name: '484844be197aed8f0c5a4453371c0807'
[main] WARN org.apache.jena.riot - [line: 15181, col: 68] {W108} Not an XML Name: '06a1195b6cde3c8d071cd4c7171e1cb1'
[main] WARN org.apache.jena.riot - [line: 15183, col: 65] {W108} Not an XML Name: '06a1195b6cde3c8d071cd4c7171e1cb1'
[main] WARN org.apache.jena.riot - [line: 15295, col: 68] {W108} Not an XML Name: '7317e7e5a3edc1980ecfe7616bb5fa1d'
[main] WARN org.apache.jena.riot - [line: 15297, col: 65] {W108} Not an XML Name: '7317e7e5a3edc1980ecfe7616bb5fa1d'
[main] WARN org.apache.jena.riot - [line: 15402, col: 68] {W108} Not an XML Name: '5273a0069dacad510b42ec771f79d93a'
[main] WARN org.apache.jena.riot - [line: 15404, col: 65] {W108} Not an XML Name: '5273a0069dacad510b42ec771f79d93a'
[main] WARN org.apache.jena.riot - [line: 15459, col: 68] {W108} Not an XML Name: '09ac9951ec7c7936726e475955ab3b87'
[main] WARN org.apache.jena.riot - [line: 15461, col: 65] {W108} Not an XML Name: '09ac9951ec7c7936726e475955ab3b87'
[main] WARN org.apache.jena.riot - [line: 15559, col: 68] {W108} Not an XML Name: '2a127b1015667b59aad92244e4ebb227'
[main] WARN org.apache.jena.riot - [line: 15561, col: 65] {W108} Not an XML Name: '2a127b1015667b59aad92244e4ebb227'
[main] WARN org.apache.jena.riot - [line: 15637, col: 68] {W108} Not an XML Name: '7ecb658fb35d6b90057eeb2a2a932c62'
[main] WARN org.apache.jena.riot - [line: 15639, col: 65] {W108} Not an XML Name: '7ecb658fb35d6b90057eeb2a2a932c62'
[main] WARN org.apache.jena.riot - [line: 15829, col: 68] {W108} Not an XML Name: '4941dbdb9a38c5a500b05366e45fe45d'
[main] WARN org.apache.jena.riot - [line: 15831, col: 65] {W108} Not an XML Name: '4941dbdb9a38c5a500b05366e45fe45d'
[main] WARN org.apache.jena.riot - [line: 15907, col: 68] {W108} Not an XML Name: '2ecd9cbe9af12015ed94e2cdb5a03233'
[main] WARN org.apache.jena.riot - [line: 15909, col: 65] {W108} Not an XML Name: '2ecd9cbe9af12015ed94e2cdb5a03233'
[main] WARN org.apache.jena.riot - [line: 15964, col: 68] {W108} Not an XML Name: '88b70b8bfdb5c147baf5a03f4254bd4b'
[main] WARN org.apache.jena.riot - [line: 15966, col: 65] {W108} Not an XML Name: '88b70b8bfdb5c147baf5a03f4254bd4b'
Trying: https://example.org/subject2
New: https://example.org/subject2
Trying: https://example.org/subject2
New: https://example.org/subject2
[INFO] Tests run: 22, Failures: 0, Errors: 0, Skipped: 0, Time elapsed: 15.648 s - in net.bioclipse.managers.RDFManagerTest
[INFO] 
[INFO] Results:
[INFO] 
[INFO] Tests run: 22, Failures: 0, Errors: 0, Skipped: 0
[INFO] 
[INFO] 
[INFO] ----------------< io.github.egonw.bacting:managers-xml >----------------
[INFO] Building managers-xml 0.0.26                                      [6/20]
[INFO] --------------------------------[ jar ]---------------------------------
[INFO] 
[INFO] --- maven-clean-plugin:2.5:clean (default-clean) @ managers-xml ---
[INFO] Deleting /home/gabsko/breaking-updates/managers-semweb/managers-xml/target
[INFO] 
[INFO] --- jacoco-maven-plugin:0.8.7:prepare-agent (start-agent) @ managers-xml ---
[INFO] argLine set to -javaagent:/home/gabsko/.m2/repository/org/jacoco/org.jacoco.agent/0.8.7/org.jacoco.agent-0.8.7-runtime.jar=destfile=/home/gabsko/breaking-updates/managers-semweb/managers-xml/target/jacoco.exec
[INFO] 
[INFO] --- maven-resources-plugin:2.6:resources (default-resources) @ managers-xml ---
[INFO] Using 'UTF-8' encoding to copy filtered resources.
[INFO] skip non existing resourceDirectory /home/gabsko/breaking-updates/managers-semweb/managers-xml/src/main/resources
[INFO] 
[INFO] --- maven-compiler-plugin:3.8.0:compile (default-compile) @ managers-xml ---
[INFO] Changes detected - recompiling the module!
[INFO] Compiling 3 source files to /home/gabsko/breaking-updates/managers-semweb/managers-xml/target/classes
[INFO] /home/gabsko/breaking-updates/managers-semweb/managers-xml/src/main/java/net/bioclipse/managers/XMLManager.java: /home/gabsko/breaking-updates/managers-semweb/managers-xml/src/main/java/net/bioclipse/managers/XMLManager.java uses or overrides a deprecated API.
[INFO] /home/gabsko/breaking-updates/managers-semweb/managers-xml/src/main/java/net/bioclipse/managers/XMLManager.java: Recompile with -Xlint:deprecation for details.
[INFO] 
[INFO] --- maven-resources-plugin:2.6:testResources (default-testResources) @ managers-xml ---
[INFO] Using 'UTF-8' encoding to copy filtered resources.
[INFO] skip non existing resourceDirectory /home/gabsko/breaking-updates/managers-semweb/managers-xml/src/test/resources
[INFO] 
[INFO] --- maven-compiler-plugin:3.8.0:testCompile (default-testCompile) @ managers-xml ---
[INFO] Changes detected - recompiling the module!
[INFO] Compiling 1 source file to /home/gabsko/breaking-updates/managers-semweb/managers-xml/target/test-classes
[INFO] 
[INFO] --- maven-surefire-plugin:2.22.2:test (default-test) @ managers-xml ---
[INFO] 
[INFO] -------------------------------------------------------
[INFO]  T E S T S
[INFO] -------------------------------------------------------
[INFO] Running net.bioclipse.managers.XMLManagerTest
tmpPath: /tmp/uitestws683905536662920806
[INFO] Tests run: 8, Failures: 0, Errors: 0, Skipped: 0, Time elapsed: 1.026 s - in net.bioclipse.managers.XMLManagerTest
[INFO] 
[INFO] Results:
[INFO] 
[INFO] Tests run: 8, Failures: 0, Errors: 0, Skipped: 0
[INFO] 
[INFO] 
[INFO] -------------< io.github.egonw.bacting:managers-cheminfo >--------------
[INFO] Building Bacting Cheminformatics 0.0.26                           [7/20]
[INFO] --------------------------------[ pom ]---------------------------------
[INFO] 
[INFO] --- maven-clean-plugin:2.5:clean (default-clean) @ managers-cheminfo ---
[INFO] 
[INFO] --- jacoco-maven-plugin:0.8.7:prepare-agent (start-agent) @ managers-cheminfo ---
[INFO] argLine set to -javaagent:/home/gabsko/.m2/repository/org/jacoco/org.jacoco.agent/0.8.7/org.jacoco.agent-0.8.7-runtime.jar=destfile=/home/gabsko/breaking-updates/managers-cheminfo/target/jacoco.exec
[INFO] 
[INFO] ----------------< io.github.egonw.bacting:managers-cdk >----------------
[INFO] Building managers-cdk 0.0.26                                      [8/20]
[INFO] --------------------------------[ jar ]---------------------------------
[INFO] 
[INFO] --- maven-clean-plugin:2.5:clean (default-clean) @ managers-cdk ---
[INFO] Deleting /home/gabsko/breaking-updates/managers-cheminfo/net.bioclipse.managers.cdk/target
[INFO] 
[INFO] --- jacoco-maven-plugin:0.8.7:prepare-agent (start-agent) @ managers-cdk ---
[INFO] argLine set to -javaagent:/home/gabsko/.m2/repository/org/jacoco/org.jacoco.agent/0.8.7/org.jacoco.agent-0.8.7-runtime.jar=destfile=/home/gabsko/breaking-updates/managers-cheminfo/net.bioclipse.managers.cdk/target/jacoco.exec
[INFO] 
[INFO] --- maven-resources-plugin:2.6:resources (default-resources) @ managers-cdk ---
[INFO] Using 'UTF-8' encoding to copy filtered resources.
[INFO] skip non existing resourceDirectory /home/gabsko/breaking-updates/managers-cheminfo/net.bioclipse.managers.cdk/src/main/resources
[INFO] 
[INFO] --- maven-compiler-plugin:3.8.0:compile (default-compile) @ managers-cdk ---
[INFO] Changes detected - recompiling the module!
[INFO] Compiling 1 source file to /home/gabsko/breaking-updates/managers-cheminfo/net.bioclipse.managers.cdk/target/classes
[INFO] /home/gabsko/breaking-updates/managers-cheminfo/net.bioclipse.managers.cdk/src/main/java/net/bioclipse/managers/CDKManager.java: /home/gabsko/breaking-updates/managers-cheminfo/net.bioclipse.managers.cdk/src/main/java/net/bioclipse/managers/CDKManager.java uses or overrides a deprecated API.
[INFO] /home/gabsko/breaking-updates/managers-cheminfo/net.bioclipse.managers.cdk/src/main/java/net/bioclipse/managers/CDKManager.java: Recompile with -Xlint:deprecation for details.
[INFO] 
[INFO] --- maven-resources-plugin:2.6:testResources (default-testResources) @ managers-cdk ---
[INFO] Using 'UTF-8' encoding to copy filtered resources.
[INFO] skip non existing resourceDirectory /home/gabsko/breaking-updates/managers-cheminfo/net.bioclipse.managers.cdk/src/test/resources
[INFO] 
[INFO] --- maven-compiler-plugin:3.8.0:testCompile (default-testCompile) @ managers-cdk ---
[INFO] Changes detected - recompiling the module!
[INFO] Compiling 1 source file to /home/gabsko/breaking-updates/managers-cheminfo/net.bioclipse.managers.cdk/target/test-classes
[INFO] 
[INFO] --- maven-surefire-plugin:2.22.2:test (default-test) @ managers-cdk ---
[INFO] 
[INFO] -------------------------------------------------------
[INFO]  T E S T S
[INFO] -------------------------------------------------------
[INFO] Running net.bioclipse.managers.CDKManagerTest
org.openscience.cdk.io.ReaderFactory WARN: ChemFormat is recognized, but no reader is available.
0    [main] INFO  net.sf.jnati.deploy.artefact.ConfigManager  - Loading global configuration
13   [main] DEBUG net.sf.jnati.deploy.artefact.ConfigManager  - Loading defaults: jar:file:/home/gabsko/.m2/repository/net/sf/jnati/jnati-deploy/0.4/jnati-deploy-0.4.jar!/META-INF/jnati/jnati.default-properties
14   [main] INFO  net.sf.jnati.deploy.artefact.ConfigManager  - Loading artefact configuration: jniinchi-1.03_1
15   [main] DEBUG net.sf.jnati.deploy.artefact.ConfigManager  - Loading instance defaults: jar:file:/home/gabsko/.m2/repository/net/sf/jnati/jnati-deploy/0.4/jnati-deploy-0.4.jar!/META-INF/jnati/jnati.instance.default-properties
19   [main] INFO  net.sf.jnati.deploy.repository.ClasspathRepository  - Searching classpath for: jniinchi-1.03_1-LINUX-AMD64
21   [main] INFO  net.sf.jnati.deploy.repository.LocalRepository  - Searching local repository for: jniinchi-1.03_1-LINUX-AMD64
21   [main] DEBUG net.sf.jnati.deploy.repository.LocalRepository  - Artefact path: /home/gabsko/.jnati/repo/jniinchi/1.03_1/LINUX-AMD64
22   [main] INFO  net.sf.jnati.deploy.artefact.ManifestReader  - Reading manifest
202  [main] INFO  net.sf.jnati.deploy.NativeArtefactLocator  - Artefact (jniinchi-1.03_1-LINUX-AMD64) location: /home/gabsko/.jnati/repo/jniinchi/1.03_1/LINUX-AMD64
203  [main] DEBUG net.sf.jnati.deploy.NativeLibraryLoader  - Loading library: /home/gabsko/.jnati/repo/jniinchi/1.03_1/LINUX-AMD64/libJniInchi-1.03_1-LINUX-AMD64.so
org.openscience.cdk.io.ReaderFactory WARN: ChemFormat is recognized, but no reader is available.
org.openscience.cdk.io.ReaderFactory WARN: ChemFormat is not recognized.
org.openscience.cdk.io.FormatFactory ERROR: cannot parse chemical file formatFor input string: "element:C"
org.openscience.cdk.io.cml.CMLCoreModule WARN: Unparsed attribute: formalCharge
[INFO] Tests run: 33, Failures: 0, Errors: 0, Skipped: 0, Time elapsed: 1.204 s - in net.bioclipse.managers.CDKManagerTest
[INFO] 
[INFO] Results:
[INFO] 
[INFO] Tests run: 33, Failures: 0, Errors: 0, Skipped: 0
[INFO] 
[INFO] 
[INFO] ---------------< io.github.egonw.bacting:managers-inchi >---------------
[INFO] Building managers-inchi 0.0.26                                    [9/20]
[INFO] --------------------------------[ jar ]---------------------------------
[INFO] 
[INFO] --- maven-clean-plugin:2.5:clean (default-clean) @ managers-inchi ---
[INFO] Deleting /home/gabsko/breaking-updates/managers-cheminfo/net.bioclipse.managers.inchi/target
[INFO] 
[INFO] --- jacoco-maven-plugin:0.8.7:prepare-agent (start-agent) @ managers-inchi ---
[INFO] argLine set to -javaagent:/home/gabsko/.m2/repository/org/jacoco/org.jacoco.agent/0.8.7/org.jacoco.agent-0.8.7-runtime.jar=destfile=/home/gabsko/breaking-updates/managers-cheminfo/net.bioclipse.managers.inchi/target/jacoco.exec
[INFO] 
[INFO] --- maven-resources-plugin:2.6:resources (default-resources) @ managers-inchi ---
[INFO] Using 'UTF-8' encoding to copy filtered resources.
[INFO] skip non existing resourceDirectory /home/gabsko/breaking-updates/managers-cheminfo/net.bioclipse.managers.inchi/src/main/resources
[INFO] 
[INFO] --- maven-compiler-plugin:3.8.0:compile (default-compile) @ managers-inchi ---
[INFO] Changes detected - recompiling the module!
[INFO] Compiling 1 source file to /home/gabsko/breaking-updates/managers-cheminfo/net.bioclipse.managers.inchi/target/classes
[INFO] 
[INFO] --- maven-resources-plugin:2.6:testResources (default-testResources) @ managers-inchi ---
[INFO] Using 'UTF-8' encoding to copy filtered resources.
[INFO] skip non existing resourceDirectory /home/gabsko/breaking-updates/managers-cheminfo/net.bioclipse.managers.inchi/src/test/resources
[INFO] 
[INFO] --- maven-compiler-plugin:3.8.0:testCompile (default-testCompile) @ managers-inchi ---
[INFO] Changes detected - recompiling the module!
[INFO] Compiling 1 source file to /home/gabsko/breaking-updates/managers-cheminfo/net.bioclipse.managers.inchi/target/test-classes
[INFO] 
[INFO] --- maven-surefire-plugin:2.22.2:test (default-test) @ managers-inchi ---
[INFO] 
[INFO] -------------------------------------------------------
[INFO]  T E S T S
[INFO] -------------------------------------------------------
[INFO] Running net.bioclipse.managers.InChIManagerTest
0    [main] INFO  net.sf.jnati.deploy.artefact.ConfigManager  - Loading global configuration
5    [main] DEBUG net.sf.jnati.deploy.artefact.ConfigManager  - Loading defaults: jar:file:/home/gabsko/.m2/repository/net/sf/jnati/jnati-deploy/0.4/jnati-deploy-0.4.jar!/META-INF/jnati/jnati.default-properties
6    [main] INFO  net.sf.jnati.deploy.artefact.ConfigManager  - Loading artefact configuration: jniinchi-1.03_1
7    [main] DEBUG net.sf.jnati.deploy.artefact.ConfigManager  - Loading instance defaults: jar:file:/home/gabsko/.m2/repository/net/sf/jnati/jnati-deploy/0.4/jnati-deploy-0.4.jar!/META-INF/jnati/jnati.instance.default-properties
10   [main] INFO  net.sf.jnati.deploy.repository.ClasspathRepository  - Searching classpath for: jniinchi-1.03_1-LINUX-AMD64
12   [main] INFO  net.sf.jnati.deploy.repository.LocalRepository  - Searching local repository for: jniinchi-1.03_1-LINUX-AMD64
12   [main] DEBUG net.sf.jnati.deploy.repository.LocalRepository  - Artefact path: /home/gabsko/.jnati/repo/jniinchi/1.03_1/LINUX-AMD64
13   [main] INFO  net.sf.jnati.deploy.artefact.ManifestReader  - Reading manifest
203  [main] INFO  net.sf.jnati.deploy.NativeArtefactLocator  - Artefact (jniinchi-1.03_1-LINUX-AMD64) location: /home/gabsko/.jnati/repo/jniinchi/1.03_1/LINUX-AMD64
203  [main] DEBUG net.sf.jnati.deploy.NativeLibraryLoader  - Loading library: /home/gabsko/.jnati/repo/jniinchi/1.03_1/LINUX-AMD64/libJniInchi-1.03_1-LINUX-AMD64.so
[INFO] Tests run: 8, Failures: 0, Errors: 0, Skipped: 0, Time elapsed: 0.558 s - in net.bioclipse.managers.InChIManagerTest
[INFO] 
[INFO] Results:
[INFO] 
[INFO] Tests run: 8, Failures: 0, Errors: 0, Skipped: 0
[INFO] 
[INFO] 
[INFO] ------< io.github.egonw.bacting:net.bioclipse.managers.wikidata >-------
[INFO] Building net.bioclipse.managers.wikidata 0.0.26                  [10/20]
[INFO] --------------------------------[ jar ]---------------------------------
[INFO] 
[INFO] --- maven-clean-plugin:2.5:clean (default-clean) @ net.bioclipse.managers.wikidata ---
[INFO] Deleting /home/gabsko/breaking-updates/managers-semweb/net.bioclipse.managers.wikidata/target
[INFO] 
[INFO] --- jacoco-maven-plugin:0.8.7:prepare-agent (start-agent) @ net.bioclipse.managers.wikidata ---
[INFO] argLine set to -javaagent:/home/gabsko/.m2/repository/org/jacoco/org.jacoco.agent/0.8.7/org.jacoco.agent-0.8.7-runtime.jar=destfile=/home/gabsko/breaking-updates/managers-semweb/net.bioclipse.managers.wikidata/target/jacoco.exec
[INFO] 
[INFO] --- maven-resources-plugin:2.6:resources (default-resources) @ net.bioclipse.managers.wikidata ---
[INFO] Using 'UTF-8' encoding to copy filtered resources.
[INFO] skip non existing resourceDirectory /home/gabsko/breaking-updates/managers-semweb/net.bioclipse.managers.wikidata/src/main/resources
[INFO] 
[INFO] --- maven-compiler-plugin:3.8.1:compile (default-compile) @ net.bioclipse.managers.wikidata ---
[INFO] Changes detected - recompiling the module!
[INFO] Compiling 3 source files to /home/gabsko/breaking-updates/managers-semweb/net.bioclipse.managers.wikidata/target/classes
[INFO] /home/gabsko/breaking-updates/managers-semweb/net.bioclipse.managers.wikidata/src/main/java/net/bioclipse/wikidata/domain/WikidataMolecule.java: /home/gabsko/breaking-updates/managers-semweb/net.bioclipse.managers.wikidata/src/main/java/net/bioclipse/wikidata/domain/WikidataMolecule.java uses unchecked or unsafe operations.
[INFO] /home/gabsko/breaking-updates/managers-semweb/net.bioclipse.managers.wikidata/src/main/java/net/bioclipse/wikidata/domain/WikidataMolecule.java: Recompile with -Xlint:unchecked for details.
[INFO] 
[INFO] --- maven-resources-plugin:2.6:testResources (default-testResources) @ net.bioclipse.managers.wikidata ---
[INFO] Using 'UTF-8' encoding to copy filtered resources.
[INFO] skip non existing resourceDirectory /home/gabsko/breaking-updates/managers-semweb/net.bioclipse.managers.wikidata/src/test/resources
[INFO] 
[INFO] --- maven-compiler-plugin:3.8.1:testCompile (default-testCompile) @ net.bioclipse.managers.wikidata ---
[INFO] Changes detected - recompiling the module!
[INFO] Compiling 2 source files to /home/gabsko/breaking-updates/managers-semweb/net.bioclipse.managers.wikidata/target/test-classes
[INFO] 
[INFO] --- maven-surefire-plugin:2.22.2:test (default-test) @ net.bioclipse.managers.wikidata ---
[INFO] 
[INFO] -------------------------------------------------------
[INFO]  T E S T S
[INFO] -------------------------------------------------------
[INFO] Running net.bioclipse.wikidata.domain.WikidataMoleculeTest
[INFO] Tests run: 5, Failures: 0, Errors: 0, Skipped: 0, Time elapsed: 3.76 s - in net.bioclipse.wikidata.domain.WikidataMoleculeTest
[INFO] Running net.bioclipse.managers.WikidataManagerTest
0    [main] INFO  net.sf.jnati.deploy.artefact.ConfigManager  - Loading global configuration
6    [main] DEBUG net.sf.jnati.deploy.artefact.ConfigManager  - Loading defaults: jar:file:/home/gabsko/.m2/repository/net/sf/jnati/jnati-deploy/0.4/jnati-deploy-0.4.jar!/META-INF/jnati/jnati.default-properties
7    [main] INFO  net.sf.jnati.deploy.artefact.ConfigManager  - Loading artefact configuration: jniinchi-1.03_1
9    [main] DEBUG net.sf.jnati.deploy.artefact.ConfigManager  - Loading instance defaults: jar:file:/home/gabsko/.m2/repository/net/sf/jnati/jnati-deploy/0.4/jnati-deploy-0.4.jar!/META-INF/jnati/jnati.instance.default-properties
12   [main] INFO  net.sf.jnati.deploy.repository.ClasspathRepository  - Searching classpath for: jniinchi-1.03_1-LINUX-AMD64
14   [main] INFO  net.sf.jnati.deploy.repository.LocalRepository  - Searching local repository for: jniinchi-1.03_1-LINUX-AMD64
14   [main] DEBUG net.sf.jnati.deploy.repository.LocalRepository  - Artefact path: /home/gabsko/.jnati/repo/jniinchi/1.03_1/LINUX-AMD64
15   [main] INFO  net.sf.jnati.deploy.artefact.ManifestReader  - Reading manifest
154  [main] INFO  net.sf.jnati.deploy.NativeArtefactLocator  - Artefact (jniinchi-1.03_1-LINUX-AMD64) location: /home/gabsko/.jnati/repo/jniinchi/1.03_1/LINUX-AMD64
154  [main] DEBUG net.sf.jnati.deploy.NativeLibraryLoader  - Loading library: /home/gabsko/.jnati/repo/jniinchi/1.03_1/LINUX-AMD64/libJniInchi-1.03_1-LINUX-AMD64.so
PREFIX wdt: <http://www.wikidata.org/prop/direct/>SELECT ?inchikey ?compound WHERE {  VALUES ?inchikey { "DGKBAVXKKOKWSB-UHFFFAOYSA-N"
 }
  ?compound wdt:P235 ?inchikey .}
PREFIX wdt: <http://www.wikidata.org/prop/direct/>SELECT ?inchikey ?compound WHERE {  VALUES ?inchikey { "VNWKTOKETHGBQD-UHFFFAOYSA-N"
"LFQSCWFLJHTTHZ-UHFFFAOYSA-N"
 }
  ?compound wdt:P235 ?inchikey .}
org.openscience.cdk.libio.cml.Convertor WARN: Duplicate attempt to register a customizer
org.openscience.cdk.libio.cml.Convertor WARN: Duplicate attempt to register a customizer
org.openscience.cdk.libio.cml.Convertor WARN: Duplicate attempt to register a customizer
org.openscience.cdk.libio.cml.Convertor WARN: Duplicate attempt to register a customizer
org.openscience.cdk.libio.cml.Convertor WARN: Duplicate attempt to register a customizer
org.openscience.cdk.libio.cml.Convertor WARN: Duplicate attempt to register a customizer
[INFO] Tests run: 10, Failures: 0, Errors: 0, Skipped: 0, Time elapsed: 2.423 s - in net.bioclipse.managers.WikidataManagerTest
[INFO] 
[INFO] Results:
[INFO] 
[INFO] Tests run: 15, Failures: 0, Errors: 0, Skipped: 0
[INFO] 
[INFO] 
[INFO] --------------< io.github.egonw.bacting:managers-bioinfo >--------------
[INFO] Building Bacting Bioinformatics 0.0.26                           [11/20]
[INFO] --------------------------------[ pom ]---------------------------------
[INFO] 
[INFO] --- maven-clean-plugin:2.5:clean (default-clean) @ managers-bioinfo ---
[INFO] 
[INFO] --- jacoco-maven-plugin:0.8.7:prepare-agent (start-agent) @ managers-bioinfo ---
[INFO] argLine set to -javaagent:/home/gabsko/.m2/repository/org/jacoco/org.jacoco.agent/0.8.7/org.jacoco.agent-0.8.7-runtime.jar=destfile=/home/gabsko/breaking-updates/managers-bioinfo/target/jacoco.exec
[INFO] 
[INFO] -------------< io.github.egonw.bacting:managers-bridgedb >--------------
[INFO] Building managers-bridgedb 0.0.26                                [12/20]
[INFO] --------------------------------[ jar ]---------------------------------
[WARNING] The POM for com.sun.xml.bind:jaxb-core:jar:2.2.11 is invalid, transitive dependencies (if any) will not be available, enable debug logging for more details
[WARNING] The POM for com.sun.xml.bind:jaxb-impl:jar:2.2.11 is invalid, transitive dependencies (if any) will not be available, enable debug logging for more details
[INFO] 
[INFO] --- maven-clean-plugin:2.5:clean (default-clean) @ managers-bridgedb ---
[INFO] Deleting /home/gabsko/breaking-updates/managers-bioinfo/net.bioclipse.managers.bridgedb/target
[INFO] 
[INFO] --- jacoco-maven-plugin:0.8.7:prepare-agent (start-agent) @ managers-bridgedb ---
[INFO] argLine set to -javaagent:/home/gabsko/.m2/repository/org/jacoco/org.jacoco.agent/0.8.7/org.jacoco.agent-0.8.7-runtime.jar=destfile=/home/gabsko/breaking-updates/managers-bioinfo/net.bioclipse.managers.bridgedb/target/jacoco.exec
[INFO] 
[INFO] --- maven-resources-plugin:2.6:resources (default-resources) @ managers-bridgedb ---
[INFO] Using 'UTF-8' encoding to copy filtered resources.
[INFO] skip non existing resourceDirectory /home/gabsko/breaking-updates/managers-bioinfo/net.bioclipse.managers.bridgedb/src/main/resources
[INFO] 
[INFO] --- maven-compiler-plugin:3.8.1:compile (default-compile) @ managers-bridgedb ---
[INFO] Changes detected - recompiling the module!
[INFO] Compiling 1 source file to /home/gabsko/breaking-updates/managers-bioinfo/net.bioclipse.managers.bridgedb/target/classes
[INFO] 
[INFO] --- maven-resources-plugin:2.6:testResources (default-testResources) @ managers-bridgedb ---
[INFO] Using 'UTF-8' encoding to copy filtered resources.
[INFO] skip non existing resourceDirectory /home/gabsko/breaking-updates/managers-bioinfo/net.bioclipse.managers.bridgedb/src/test/resources
[INFO] 
[INFO] --- maven-compiler-plugin:3.8.1:testCompile (default-testCompile) @ managers-bridgedb ---
[INFO] Changes detected - recompiling the module!
[INFO] Compiling 1 source file to /home/gabsko/breaking-updates/managers-bioinfo/net.bioclipse.managers.bridgedb/target/test-classes
[INFO] 
[INFO] --- maven-surefire-plugin:2.22.2:test (default-test) @ managers-bridgedb ---
[INFO] 
[INFO] -------------------------------------------------------
[INFO]  T E S T S
[INFO] -------------------------------------------------------
[INFO] Running net.bioclipse.managers.BridgedbManagerTest
tmpPath: /tmp/bridgedbtestws9173562160338115633
[INFO] Tests run: 12, Failures: 0, Errors: 0, Skipped: 0, Time elapsed: 0.685 s - in net.bioclipse.managers.BridgedbManagerTest
[INFO] 
[INFO] Results:
[INFO] 
[INFO] Tests run: 12, Failures: 0, Errors: 0, Skipped: 0
[INFO] 
[INFO] 
[INFO] --------------< io.github.egonw.bacting:managers-biojava >--------------
[INFO] Building managers-biojava 0.0.26                                 [13/20]
[INFO] --------------------------------[ jar ]---------------------------------
[INFO] 
[INFO] --- maven-clean-plugin:2.5:clean (default-clean) @ managers-biojava ---
[INFO] Deleting /home/gabsko/breaking-updates/managers-bioinfo/net.bioclipse.managers.biojava/target
[INFO] 
[INFO] --- jacoco-maven-plugin:0.8.7:prepare-agent (start-agent) @ managers-biojava ---
[INFO] argLine set to -javaagent:/home/gabsko/.m2/repository/org/jacoco/org.jacoco.agent/0.8.7/org.jacoco.agent-0.8.7-runtime.jar=destfile=/home/gabsko/breaking-updates/managers-bioinfo/net.bioclipse.managers.biojava/target/jacoco.exec
[INFO] 
[INFO] --- maven-resources-plugin:2.6:resources (default-resources) @ managers-biojava ---
[INFO] Using 'UTF-8' encoding to copy filtered resources.
[INFO] skip non existing resourceDirectory /home/gabsko/breaking-updates/managers-bioinfo/net.bioclipse.managers.biojava/src/main/resources
[INFO] 
[INFO] --- maven-compiler-plugin:3.8.1:compile (default-compile) @ managers-biojava ---
[INFO] Changes detected - recompiling the module!
[INFO] Compiling 4 source files to /home/gabsko/breaking-updates/managers-bioinfo/net.bioclipse.managers.biojava/target/classes
[INFO] /home/gabsko/breaking-updates/managers-bioinfo/net.bioclipse.managers.biojava/src/main/java/net/bioclipse/biojava/domain/BiojavaSequence.java: Some input files use unchecked or unsafe operations.
[INFO] /home/gabsko/breaking-updates/managers-bioinfo/net.bioclipse.managers.biojava/src/main/java/net/bioclipse/biojava/domain/BiojavaSequence.java: Recompile with -Xlint:unchecked for details.
[INFO] 
[INFO] --- maven-resources-plugin:2.6:testResources (default-testResources) @ managers-biojava ---
[INFO] Using 'UTF-8' encoding to copy filtered resources.
[INFO] skip non existing resourceDirectory /home/gabsko/breaking-updates/managers-bioinfo/net.bioclipse.managers.biojava/src/test/resources
[INFO] 
[INFO] --- maven-compiler-plugin:3.8.1:testCompile (default-testCompile) @ managers-biojava ---
[INFO] Changes detected - recompiling the module!
[INFO] Compiling 2 source files to /home/gabsko/breaking-updates/managers-bioinfo/net.bioclipse.managers.biojava/target/test-classes
[INFO] 
[INFO] --- maven-surefire-plugin:2.22.2:test (default-test) @ managers-biojava ---
[INFO] 
[INFO] -------------------------------------------------------
[INFO]  T E S T S
[INFO] -------------------------------------------------------
[INFO] Running net.bioclipse.biojava.domain.DomainObjectsTest
[INFO] Tests run: 1, Failures: 0, Errors: 0, Skipped: 0, Time elapsed: 0.056 s - in net.bioclipse.biojava.domain.DomainObjectsTest
[INFO] Running net.bioclipse.managers.BiojavaManagerTest
tmpPath: /tmp/bridgedbtestws304454069968561651
[INFO] Tests run: 4, Failures: 0, Errors: 0, Skipped: 0, Time elapsed: 0.306 s - in net.bioclipse.managers.BiojavaManagerTest
[INFO] 
[INFO] Results:
[INFO] 
[INFO] Tests run: 5, Failures: 0, Errors: 0, Skipped: 0
[INFO] 
[INFO] 
[INFO] -------------< io.github.egonw.bacting:managers-cdkdebug >--------------
[INFO] Building managers-cdkdebug 0.0.26                                [14/20]
[INFO] --------------------------------[ jar ]---------------------------------
[INFO] 
[INFO] --- maven-clean-plugin:2.5:clean (default-clean) @ managers-cdkdebug ---
[INFO] Deleting /home/gabsko/breaking-updates/managers-cheminfo/net.bioclipse.managers.cdkdebug/target
[INFO] 
[INFO] --- jacoco-maven-plugin:0.8.7:prepare-agent (start-agent) @ managers-cdkdebug ---
[INFO] argLine set to -javaagent:/home/gabsko/.m2/repository/org/jacoco/org.jacoco.agent/0.8.7/org.jacoco.agent-0.8.7-runtime.jar=destfile=/home/gabsko/breaking-updates/managers-cheminfo/net.bioclipse.managers.cdkdebug/target/jacoco.exec
[INFO] 
[INFO] --- maven-resources-plugin:2.6:resources (default-resources) @ managers-cdkdebug ---
[INFO] Using 'UTF-8' encoding to copy filtered resources.
[INFO] skip non existing resourceDirectory /home/gabsko/breaking-updates/managers-cheminfo/net.bioclipse.managers.cdkdebug/src/main/resources
[INFO] 
[INFO] --- maven-compiler-plugin:3.8.0:compile (default-compile) @ managers-cdkdebug ---
[INFO] Changes detected - recompiling the module!
[INFO] Compiling 1 source file to /home/gabsko/breaking-updates/managers-cheminfo/net.bioclipse.managers.cdkdebug/target/classes
[INFO] 
[INFO] --- maven-resources-plugin:2.6:testResources (default-testResources) @ managers-cdkdebug ---
[INFO] Using 'UTF-8' encoding to copy filtered resources.
[INFO] skip non existing resourceDirectory /home/gabsko/breaking-updates/managers-cheminfo/net.bioclipse.managers.cdkdebug/src/test/resources
[INFO] 
[INFO] --- maven-compiler-plugin:3.8.0:testCompile (default-testCompile) @ managers-cdkdebug ---
[INFO] Changes detected - recompiling the module!
[INFO] Compiling 1 source file to /home/gabsko/breaking-updates/managers-cheminfo/net.bioclipse.managers.cdkdebug/target/test-classes
[INFO] 
[INFO] --- maven-surefire-plugin:2.22.2:test (default-test) @ managers-cdkdebug ---
[INFO] 
[INFO] -------------------------------------------------------
[INFO]  T E S T S
[INFO] -------------------------------------------------------
[INFO] Running net.bioclipse.managers.CDKDebugManagerTest
net.bioclipse.core.business.BioclipseException: No, I'm fake.
	at net.bioclipse.managers.CDKDebugManagerTest$2.toSMILES(CDKDebugManagerTest.java:86)
	at net.bioclipse.managers.CDKManager.asCDKMolecule(CDKManager.java:251)
	at net.bioclipse.managers.cdkdebug.CDKDebugManager.perceiveCDKAtomTypes(CDKDebugManager.java:67)
	at net.bioclipse.managers.CDKDebugManagerTest.lambda$testPerceiveCDKAtomTypes_FakeIMolecule2$1(CDKDebugManagerTest.java:91)
	at org.junit.jupiter.api.AssertThrows.assertThrows(AssertThrows.java:55)
	at org.junit.jupiter.api.AssertThrows.assertThrows(AssertThrows.java:37)
	at org.junit.jupiter.api.Assertions.assertThrows(Assertions.java:3082)
	at net.bioclipse.managers.CDKDebugManagerTest.testPerceiveCDKAtomTypes_FakeIMolecule2(CDKDebugManagerTest.java:90)
	at java.base/jdk.internal.reflect.NativeMethodAccessorImpl.invoke0(Native Method)
	at java.base/jdk.internal.reflect.NativeMethodAccessorImpl.invoke(NativeMethodAccessorImpl.java:62)
	at java.base/jdk.internal.reflect.DelegatingMethodAccessorImpl.invoke(DelegatingMethodAccessorImpl.java:43)
	at java.base/java.lang.reflect.Method.invoke(Method.java:566)
	at org.junit.platform.commons.util.ReflectionUtils.invokeMethod(ReflectionUtils.java:725)
	at org.junit.jupiter.engine.execution.MethodInvocation.proceed(MethodInvocation.java:60)
	at org.junit.jupiter.engine.execution.InvocationInterceptorChain$ValidatingInvocation.proceed(InvocationInterceptorChain.java:131)
	at org.junit.jupiter.engine.extension.TimeoutExtension.intercept(TimeoutExtension.java:149)
	at org.junit.jupiter.engine.extension.TimeoutExtension.interceptTestableMethod(TimeoutExtension.java:140)
	at org.junit.jupiter.engine.extension.TimeoutExtension.interceptTestMethod(TimeoutExtension.java:84)
	at org.junit.jupiter.engine.execution.ExecutableInvoker$ReflectiveInterceptorCall.lambda$ofVoidMethod$0(ExecutableInvoker.java:115)
	at org.junit.jupiter.engine.execution.ExecutableInvoker.lambda$invoke$0(ExecutableInvoker.java:105)
	at org.junit.jupiter.engine.execution.InvocationInterceptorChain$InterceptedInvocation.proceed(InvocationInterceptorChain.java:106)
	at org.junit.jupiter.engine.execution.InvocationInterceptorChain.proceed(InvocationInterceptorChain.java:64)
	at org.junit.jupiter.engine.execution.InvocationInterceptorChain.chainAndInvoke(InvocationInterceptorChain.java:45)
	at org.junit.jupiter.engine.execution.InvocationInterceptorChain.invoke(InvocationInterceptorChain.java:37)
	at org.junit.jupiter.engine.execution.ExecutableInvoker.invoke(ExecutableInvoker.java:104)
	at org.junit.jupiter.engine.execution.ExecutableInvoker.invoke(ExecutableInvoker.java:98)
	at org.junit.jupiter.engine.descriptor.TestMethodTestDescriptor.lambda$invokeTestMethod$7(TestMethodTestDescriptor.java:214)
	at org.junit.platform.engine.support.hierarchical.ThrowableCollector.execute(ThrowableCollector.java:73)
	at org.junit.jupiter.engine.descriptor.TestMethodTestDescriptor.invokeTestMethod(TestMethodTestDescriptor.java:210)
	at org.junit.jupiter.engine.descriptor.TestMethodTestDescriptor.execute(TestMethodTestDescriptor.java:135)
	at org.junit.jupiter.engine.descriptor.TestMethodTestDescriptor.execute(TestMethodTestDescriptor.java:66)
	at org.junit.platform.engine.support.hierarchical.NodeTestTask.lambda$executeRecursively$6(NodeTestTask.java:151)
	at org.junit.platform.engine.support.hierarchical.ThrowableCollector.execute(ThrowableCollector.java:73)
	at org.junit.platform.engine.support.hierarchical.NodeTestTask.lambda$executeRecursively$8(NodeTestTask.java:141)
	at org.junit.platform.engine.support.hierarchical.Node.around(Node.java:137)
	at org.junit.platform.engine.support.hierarchical.NodeTestTask.lambda$executeRecursively$9(NodeTestTask.java:139)
	at org.junit.platform.engine.support.hierarchical.ThrowableCollector.execute(ThrowableCollector.java:73)
	at org.junit.platform.engine.support.hierarchical.NodeTestTask.executeRecursively(NodeTestTask.java:138)
	at org.junit.platform.engine.support.hierarchical.NodeTestTask.execute(NodeTestTask.java:95)
	at java.base/java.util.ArrayList.forEach(ArrayList.java:1541)
	at org.junit.platform.engine.support.hierarchical.SameThreadHierarchicalTestExecutorService.invokeAll(SameThreadHierarchicalTestExecutorService.java:41)
	at org.junit.platform.engine.support.hierarchical.NodeTestTask.lambda$executeRecursively$6(NodeTestTask.java:155)
	at org.junit.platform.engine.support.hierarchical.ThrowableCollector.execute(ThrowableCollector.java:73)
	at org.junit.platform.engine.support.hierarchical.NodeTestTask.lambda$executeRecursively$8(NodeTestTask.java:141)
	at org.junit.platform.engine.support.hierarchical.Node.around(Node.java:137)
	at org.junit.platform.engine.support.hierarchical.NodeTestTask.lambda$executeRecursively$9(NodeTestTask.java:139)
	at org.junit.platform.engine.support.hierarchical.ThrowableCollector.execute(ThrowableCollector.java:73)
	at org.junit.platform.engine.support.hierarchical.NodeTestTask.executeRecursively(NodeTestTask.java:138)
	at org.junit.platform.engine.support.hierarchical.NodeTestTask.execute(NodeTestTask.java:95)
	at java.base/java.util.ArrayList.forEach(ArrayList.java:1541)
	at org.junit.platform.engine.support.hierarchical.SameThreadHierarchicalTestExecutorService.invokeAll(SameThreadHierarchicalTestExecutorService.java:41)
	at org.junit.platform.engine.support.hierarchical.NodeTestTask.lambda$executeRecursively$6(NodeTestTask.java:155)
	at org.junit.platform.engine.support.hierarchical.ThrowableCollector.execute(ThrowableCollector.java:73)
	at org.junit.platform.engine.support.hierarchical.NodeTestTask.lambda$executeRecursively$8(NodeTestTask.java:141)
	at org.junit.platform.engine.support.hierarchical.Node.around(Node.java:137)
	at org.junit.platform.engine.support.hierarchical.NodeTestTask.lambda$executeRecursively$9(NodeTestTask.java:139)
	at org.junit.platform.engine.support.hierarchical.ThrowableCollector.execute(ThrowableCollector.java:73)
	at org.junit.platform.engine.support.hierarchical.NodeTestTask.executeRecursively(NodeTestTask.java:138)
	at org.junit.platform.engine.support.hierarchical.NodeTestTask.execute(NodeTestTask.java:95)
	at org.junit.platform.engine.support.hierarchical.SameThreadHierarchicalTestExecutorService.submit(SameThreadHierarchicalTestExecutorService.java:35)
	at org.junit.platform.engine.support.hierarchical.HierarchicalTestExecutor.execute(HierarchicalTestExecutor.java:57)
	at org.junit.platform.engine.support.hierarchical.HierarchicalTestEngine.execute(HierarchicalTestEngine.java:54)
	at org.junit.platform.launcher.core.DefaultLauncher.execute(DefaultLauncher.java:220)
	at org.junit.platform.launcher.core.DefaultLauncher.lambda$execute$6(DefaultLauncher.java:188)
	at org.junit.platform.launcher.core.DefaultLauncher.withInterceptedStreams(DefaultLauncher.java:202)
	at org.junit.platform.launcher.core.DefaultLauncher.execute(DefaultLauncher.java:181)
	at org.junit.platform.launcher.core.DefaultLauncher.execute(DefaultLauncher.java:128)
	at org.apache.maven.surefire.junitplatform.JUnitPlatformProvider.invokeAllTests(JUnitPlatformProvider.java:150)
	at org.apache.maven.surefire.junitplatform.JUnitPlatformProvider.invoke(JUnitPlatformProvider.java:124)
	at org.apache.maven.surefire.booter.ForkedBooter.invokeProviderInSameClassLoader(ForkedBooter.java:384)
	at org.apache.maven.surefire.booter.ForkedBooter.runSuitesInProcess(ForkedBooter.java:345)
	at org.apache.maven.surefire.booter.ForkedBooter.execute(ForkedBooter.java:126)
	at org.apache.maven.surefire.booter.ForkedBooter.main(ForkedBooter.java:418)
[INFO] Tests run: 6, Failures: 0, Errors: 0, Skipped: 0, Time elapsed: 0.618 s - in net.bioclipse.managers.CDKDebugManagerTest
[INFO] 
[INFO] Results:
[INFO] 
[INFO] Tests run: 6, Failures: 0, Errors: 0, Skipped: 0
[INFO] 
[INFO] 
[INFO] ------------< io.github.egonw.bacting:managers-chemspider >-------------
[INFO] Building managers-chemspider 0.0.26                              [15/20]
[INFO] --------------------------------[ jar ]---------------------------------
[INFO] 
[INFO] --- maven-clean-plugin:2.5:clean (default-clean) @ managers-chemspider ---
[INFO] Deleting /home/gabsko/breaking-updates/managers-cheminfo/net.bioclipse.managers.chemspider/target
[INFO] 
[INFO] --- jacoco-maven-plugin:0.8.7:prepare-agent (start-agent) @ managers-chemspider ---
[INFO] argLine set to -javaagent:/home/gabsko/.m2/repository/org/jacoco/org.jacoco.agent/0.8.7/org.jacoco.agent-0.8.7-runtime.jar=destfile=/home/gabsko/breaking-updates/managers-cheminfo/net.bioclipse.managers.chemspider/target/jacoco.exec
[INFO] 
[INFO] --- maven-resources-plugin:2.6:resources (default-resources) @ managers-chemspider ---
[INFO] Using 'UTF-8' encoding to copy filtered resources.
[INFO] skip non existing resourceDirectory /home/gabsko/breaking-updates/managers-cheminfo/net.bioclipse.managers.chemspider/src/main/resources
[INFO] 
[INFO] --- maven-compiler-plugin:3.8.0:compile (default-compile) @ managers-chemspider ---
[INFO] Changes detected - recompiling the module!
[INFO] Compiling 1 source file to /home/gabsko/breaking-updates/managers-cheminfo/net.bioclipse.managers.chemspider/target/classes
[INFO] 
[INFO] --- maven-resources-plugin:2.6:testResources (default-testResources) @ managers-chemspider ---
[INFO] Using 'UTF-8' encoding to copy filtered resources.
[INFO] skip non existing resourceDirectory /home/gabsko/breaking-updates/managers-cheminfo/net.bioclipse.managers.chemspider/src/test/resources
[INFO] 
[INFO] --- maven-compiler-plugin:3.8.0:testCompile (default-testCompile) @ managers-chemspider ---
[INFO] Changes detected - recompiling the module!
[INFO] Compiling 1 source file to /home/gabsko/breaking-updates/managers-cheminfo/net.bioclipse.managers.chemspider/target/test-classes
[INFO] 
[INFO] --- maven-surefire-plugin:2.22.2:test (default-test) @ managers-chemspider ---
[INFO] 
[INFO] -------------------------------------------------------
[INFO]  T E S T S
[INFO] -------------------------------------------------------
[INFO] Running net.bioclipse.managers.ChemspiderManagerTest
tmpPath: /tmp/chemspidertestws995473676798521645
[INFO] Tests run: 5, Failures: 0, Errors: 0, Skipped: 0, Time elapsed: 3.648 s - in net.bioclipse.managers.ChemspiderManagerTest
[INFO] 
[INFO] Results:
[INFO] 
[INFO] Tests run: 5, Failures: 0, Errors: 0, Skipped: 0
[INFO] 
[INFO] 
[INFO] ---------------< io.github.egonw.bacting:managers-opsin >---------------
[INFO] Building managers-opsin 0.0.26                                   [16/20]
[INFO] --------------------------------[ jar ]---------------------------------
[INFO] 
[INFO] --- maven-clean-plugin:2.5:clean (default-clean) @ managers-opsin ---
[INFO] Deleting /home/gabsko/breaking-updates/managers-cheminfo/net.bioclipse.managers.opsin/target
[INFO] 
[INFO] --- jacoco-maven-plugin:0.8.7:prepare-agent (start-agent) @ managers-opsin ---
[INFO] argLine set to -javaagent:/home/gabsko/.m2/repository/org/jacoco/org.jacoco.agent/0.8.7/org.jacoco.agent-0.8.7-runtime.jar=destfile=/home/gabsko/breaking-updates/managers-cheminfo/net.bioclipse.managers.opsin/target/jacoco.exec
[INFO] 
[INFO] --- maven-resources-plugin:2.6:resources (default-resources) @ managers-opsin ---
[INFO] Using 'UTF-8' encoding to copy filtered resources.
[INFO] skip non existing resourceDirectory /home/gabsko/breaking-updates/managers-cheminfo/net.bioclipse.managers.opsin/src/main/resources
[INFO] 
[INFO] --- maven-compiler-plugin:3.8.0:compile (default-compile) @ managers-opsin ---
[INFO] Changes detected - recompiling the module!
[INFO] Compiling 1 source file to /home/gabsko/breaking-updates/managers-cheminfo/net.bioclipse.managers.opsin/target/classes
[INFO] 
[INFO] --- maven-resources-plugin:2.6:testResources (default-testResources) @ managers-opsin ---
[INFO] Using 'UTF-8' encoding to copy filtered resources.
[INFO] skip non existing resourceDirectory /home/gabsko/breaking-updates/managers-cheminfo/net.bioclipse.managers.opsin/src/test/resources
[INFO] 
[INFO] --- maven-compiler-plugin:3.8.0:testCompile (default-testCompile) @ managers-opsin ---
[INFO] Changes detected - recompiling the module!
[INFO] Compiling 1 source file to /home/gabsko/breaking-updates/managers-cheminfo/net.bioclipse.managers.opsin/target/test-classes
[INFO] 
[INFO] --- maven-surefire-plugin:2.22.2:test (default-test) @ managers-opsin ---
[INFO] 
[INFO] -------------------------------------------------------
[INFO]  T E S T S
[INFO] -------------------------------------------------------
[INFO] Running net.bioclipse.managers.OpsinManagerTest
0    [main] DEBUG uk.ac.cam.ch.wwmm.opsin.NameToStructure  - Initialising OPSIN... 
356  [main] DEBUG uk.ac.cam.ch.wwmm.opsin.NameToStructure  - OPSIN initialised
356  [main] DEBUG uk.ac.cam.ch.wwmm.opsin.NameToStructure  - brexit
367  [main] DEBUG uk.ac.cam.ch.wwmm.opsin.NameToStructure  - brexit is unparsable due to the following being uninterpretable: brexit The following was not parseable: brexit
uk.ac.cam.ch.wwmm.opsin.ParsingException: brexit is unparsable due to the following being uninterpretable: brexit The following was not parseable: brexit
	at uk.ac.cam.ch.wwmm.opsin.Parser.parse(Parser.java:107)
	at uk.ac.cam.ch.wwmm.opsin.NameToStructure.parseChemicalName(NameToStructure.java:170)
	at uk.ac.cam.ch.wwmm.opsin.NameToStructure.parseChemicalName(NameToStructure.java:147)
	at net.bioclipse.managers.OpsinManager.parseIUPACNameAsCML(OpsinManager.java:70)
	at net.bioclipse.managers.OpsinManagerTest.lambda$testParseIUPACNameAsCML_Bad$0(OpsinManagerTest.java:55)
	at org.junit.jupiter.api.AssertThrows.assertThrows(AssertThrows.java:55)
	at org.junit.jupiter.api.AssertThrows.assertThrows(AssertThrows.java:37)
	at org.junit.jupiter.api.Assertions.assertThrows(Assertions.java:3082)
	at net.bioclipse.managers.OpsinManagerTest.testParseIUPACNameAsCML_Bad(OpsinManagerTest.java:52)
	at java.base/jdk.internal.reflect.NativeMethodAccessorImpl.invoke0(Native Method)
	at java.base/jdk.internal.reflect.NativeMethodAccessorImpl.invoke(NativeMethodAccessorImpl.java:62)
	at java.base/jdk.internal.reflect.DelegatingMethodAccessorImpl.invoke(DelegatingMethodAccessorImpl.java:43)
	at java.base/java.lang.reflect.Method.invoke(Method.java:566)
	at org.junit.platform.commons.util.ReflectionUtils.invokeMethod(ReflectionUtils.java:725)
	at org.junit.jupiter.engine.execution.MethodInvocation.proceed(MethodInvocation.java:60)
	at org.junit.jupiter.engine.execution.InvocationInterceptorChain$ValidatingInvocation.proceed(InvocationInterceptorChain.java:131)
	at org.junit.jupiter.engine.extension.TimeoutExtension.intercept(TimeoutExtension.java:149)
	at org.junit.jupiter.engine.extension.TimeoutExtension.interceptTestableMethod(TimeoutExtension.java:140)
	at org.junit.jupiter.engine.extension.TimeoutExtension.interceptTestMethod(TimeoutExtension.java:84)
	at org.junit.jupiter.engine.execution.ExecutableInvoker$ReflectiveInterceptorCall.lambda$ofVoidMethod$0(ExecutableInvoker.java:115)
	at org.junit.jupiter.engine.execution.ExecutableInvoker.lambda$invoke$0(ExecutableInvoker.java:105)
	at org.junit.jupiter.engine.execution.InvocationInterceptorChain$InterceptedInvocation.proceed(InvocationInterceptorChain.java:106)
	at org.junit.jupiter.engine.execution.InvocationInterceptorChain.proceed(InvocationInterceptorChain.java:64)
	at org.junit.jupiter.engine.execution.InvocationInterceptorChain.chainAndInvoke(InvocationInterceptorChain.java:45)
	at org.junit.jupiter.engine.execution.InvocationInterceptorChain.invoke(InvocationInterceptorChain.java:37)
	at org.junit.jupiter.engine.execution.ExecutableInvoker.invoke(ExecutableInvoker.java:104)
	at org.junit.jupiter.engine.execution.ExecutableInvoker.invoke(ExecutableInvoker.java:98)
	at org.junit.jupiter.engine.descriptor.TestMethodTestDescriptor.lambda$invokeTestMethod$7(TestMethodTestDescriptor.java:214)
	at org.junit.platform.engine.support.hierarchical.ThrowableCollector.execute(ThrowableCollector.java:73)
	at org.junit.jupiter.engine.descriptor.TestMethodTestDescriptor.invokeTestMethod(TestMethodTestDescriptor.java:210)
	at org.junit.jupiter.engine.descriptor.TestMethodTestDescriptor.execute(TestMethodTestDescriptor.java:135)
	at org.junit.jupiter.engine.descriptor.TestMethodTestDescriptor.execute(TestMethodTestDescriptor.java:66)
	at org.junit.platform.engine.support.hierarchical.NodeTestTask.lambda$executeRecursively$6(NodeTestTask.java:151)
	at org.junit.platform.engine.support.hierarchical.ThrowableCollector.execute(ThrowableCollector.java:73)
	at org.junit.platform.engine.support.hierarchical.NodeTestTask.lambda$executeRecursively$8(NodeTestTask.java:141)
	at org.junit.platform.engine.support.hierarchical.Node.around(Node.java:137)
	at org.junit.platform.engine.support.hierarchical.NodeTestTask.lambda$executeRecursively$9(NodeTestTask.java:139)
	at org.junit.platform.engine.support.hierarchical.ThrowableCollector.execute(ThrowableCollector.java:73)
	at org.junit.platform.engine.support.hierarchical.NodeTestTask.executeRecursively(NodeTestTask.java:138)
	at org.junit.platform.engine.support.hierarchical.NodeTestTask.execute(NodeTestTask.java:95)
	at java.base/java.util.ArrayList.forEach(ArrayList.java:1541)
	at org.junit.platform.engine.support.hierarchical.SameThreadHierarchicalTestExecutorService.invokeAll(SameThreadHierarchicalTestExecutorService.java:41)
	at org.junit.platform.engine.support.hierarchical.NodeTestTask.lambda$executeRecursively$6(NodeTestTask.java:155)
	at org.junit.platform.engine.support.hierarchical.ThrowableCollector.execute(ThrowableCollector.java:73)
	at org.junit.platform.engine.support.hierarchical.NodeTestTask.lambda$executeRecursively$8(NodeTestTask.java:141)
	at org.junit.platform.engine.support.hierarchical.Node.around(Node.java:137)
	at org.junit.platform.engine.support.hierarchical.NodeTestTask.lambda$executeRecursively$9(NodeTestTask.java:139)
	at org.junit.platform.engine.support.hierarchical.ThrowableCollector.execute(ThrowableCollector.java:73)
	at org.junit.platform.engine.support.hierarchical.NodeTestTask.executeRecursively(NodeTestTask.java:138)
	at org.junit.platform.engine.support.hierarchical.NodeTestTask.execute(NodeTestTask.java:95)
	at java.base/java.util.ArrayList.forEach(ArrayList.java:1541)
	at org.junit.platform.engine.support.hierarchical.SameThreadHierarchicalTestExecutorService.invokeAll(SameThreadHierarchicalTestExecutorService.java:41)
	at org.junit.platform.engine.support.hierarchical.NodeTestTask.lambda$executeRecursively$6(NodeTestTask.java:155)
	at org.junit.platform.engine.support.hierarchical.ThrowableCollector.execute(ThrowableCollector.java:73)
	at org.junit.platform.engine.support.hierarchical.NodeTestTask.lambda$executeRecursively$8(NodeTestTask.java:141)
	at org.junit.platform.engine.support.hierarchical.Node.around(Node.java:137)
	at org.junit.platform.engine.support.hierarchical.NodeTestTask.lambda$executeRecursively$9(NodeTestTask.java:139)
	at org.junit.platform.engine.support.hierarchical.ThrowableCollector.execute(ThrowableCollector.java:73)
	at org.junit.platform.engine.support.hierarchical.NodeTestTask.executeRecursively(NodeTestTask.java:138)
	at org.junit.platform.engine.support.hierarchical.NodeTestTask.execute(NodeTestTask.java:95)
	at org.junit.platform.engine.support.hierarchical.SameThreadHierarchicalTestExecutorService.submit(SameThreadHierarchicalTestExecutorService.java:35)
	at org.junit.platform.engine.support.hierarchical.HierarchicalTestExecutor.execute(HierarchicalTestExecutor.java:57)
	at org.junit.platform.engine.support.hierarchical.HierarchicalTestEngine.execute(HierarchicalTestEngine.java:54)
	at org.junit.platform.launcher.core.DefaultLauncher.execute(DefaultLauncher.java:220)
	at org.junit.platform.launcher.core.DefaultLauncher.lambda$execute$6(DefaultLauncher.java:188)
	at org.junit.platform.launcher.core.DefaultLauncher.withInterceptedStreams(DefaultLauncher.java:202)
	at org.junit.platform.launcher.core.DefaultLauncher.execute(DefaultLauncher.java:181)
	at org.junit.platform.launcher.core.DefaultLauncher.execute(DefaultLauncher.java:128)
	at org.apache.maven.surefire.junitplatform.JUnitPlatformProvider.invokeAllTests(JUnitPlatformProvider.java:150)
	at org.apache.maven.surefire.junitplatform.JUnitPlatformProvider.invoke(JUnitPlatformProvider.java:124)
	at org.apache.maven.surefire.booter.ForkedBooter.invokeProviderInSameClassLoader(ForkedBooter.java:384)
	at org.apache.maven.surefire.booter.ForkedBooter.runSuitesInProcess(ForkedBooter.java:345)
	at org.apache.maven.surefire.booter.ForkedBooter.execute(ForkedBooter.java:126)
	at org.apache.maven.surefire.booter.ForkedBooter.main(ForkedBooter.java:418)
389  [main] DEBUG uk.ac.cam.ch.wwmm.opsin.NameToStructure  - methane
399  [main] DEBUG uk.ac.cam.ch.wwmm.opsin.NameToStructure  - <molecule name="methane">
  <wordRule wordRule="simple" type="full" value="methane">
    <word type="full" value="methane">
      <root>
        <group type="chain" subType="alkaneStem" value="C" labels="numeric" usableAsAJoiner="yes">meth</group>
        <unsaturator value="1" locant="1">ane</unsaturator>
      </root>
    </word>
  </wordRule>
</molecule>
418  [main] DEBUG uk.ac.cam.ch.wwmm.opsin.NameToStructure  - <molecule name="methane">
  <wordRule wordRule="simple" type="full" value="methane">
    <word type="full" value="methane">
      <root>
        <group type="chain" subType="alkaneStem" value="C" labels="numeric" usableAsAJoiner="yes">meth</group>
        <unsaturator value="1" locant="1">ane</unsaturator>
      </root>
    </word>
  </wordRule>
</molecule>
494  [main] DEBUG uk.ac.cam.ch.wwmm.opsin.NameToStructure  - <molecule name="methane">
  <wordRule wordRule="simple" type="full" value="methane">
    <word type="full" value="methane">
      <root>
        <group type="chain" subType="alkaneStem" value="C" labels="numeric" usableAsAJoiner="yes">meth</group>
        <unsaturator value="1" locant="1">ane</unsaturator>
      </root>
    </word>
  </wordRule>
</molecule>
528  [main] DEBUG uk.ac.cam.ch.wwmm.opsin.NameToStructure  - <molecule name="methane">
  <wordRule wordRule="simple" type="full" value="methane">
    <word type="full" value="methane">
      <root>
        <group type="chain" subType="alkaneStem" value="C" labels="numeric" usableAsAJoiner="yes">meth</group>
      </root>
    </word>
  </wordRule>
</molecule>
564  [main] DEBUG uk.ac.cam.ch.wwmm.opsin.NameToStructure  - methane
565  [main] DEBUG uk.ac.cam.ch.wwmm.opsin.NameToStructure  - <molecule name="methane">
  <wordRule wordRule="simple" type="full" value="methane">
    <word type="full" value="methane">
      <root>
        <group type="chain" subType="alkaneStem" value="C" labels="numeric" usableAsAJoiner="yes">meth</group>
        <unsaturator value="1" locant="1">ane</unsaturator>
      </root>
    </word>
  </wordRule>
</molecule>
565  [main] DEBUG uk.ac.cam.ch.wwmm.opsin.NameToStructure  - <molecule name="methane">
  <wordRule wordRule="simple" type="full" value="methane">
    <word type="full" value="methane">
      <root>
        <group type="chain" subType="alkaneStem" value="C" labels="numeric" usableAsAJoiner="yes">meth</group>
        <unsaturator value="1" locant="1">ane</unsaturator>
      </root>
    </word>
  </wordRule>
</molecule>
566  [main] DEBUG uk.ac.cam.ch.wwmm.opsin.NameToStructure  - <molecule name="methane">
  <wordRule wordRule="simple" type="full" value="methane">
    <word type="full" value="methane">
      <root>
        <group type="chain" subType="alkaneStem" value="C" labels="numeric" usableAsAJoiner="yes">meth</group>
        <unsaturator value="1" locant="1">ane</unsaturator>
      </root>
    </word>
  </wordRule>
</molecule>
566  [main] DEBUG uk.ac.cam.ch.wwmm.opsin.NameToStructure  - <molecule name="methane">
  <wordRule wordRule="simple" type="full" value="methane">
    <word type="full" value="methane">
      <root>
        <group type="chain" subType="alkaneStem" value="C" labels="numeric" usableAsAJoiner="yes">meth</group>
      </root>
    </word>
  </wordRule>
</molecule>
747  [main] DEBUG uk.ac.cam.ch.wwmm.opsin.NameToStructure  - brexit
747  [main] DEBUG uk.ac.cam.ch.wwmm.opsin.NameToStructure  - brexit is unparsable due to the following being uninterpretable: brexit The following was not parseable: brexit
uk.ac.cam.ch.wwmm.opsin.ParsingException: brexit is unparsable due to the following being uninterpretable: brexit The following was not parseable: brexit
	at uk.ac.cam.ch.wwmm.opsin.Parser.parse(Parser.java:107)
	at uk.ac.cam.ch.wwmm.opsin.NameToStructure.parseChemicalName(NameToStructure.java:170)
	at uk.ac.cam.ch.wwmm.opsin.NameToStructure.parseChemicalName(NameToStructure.java:147)
	at net.bioclipse.managers.OpsinManager.parseIUPACNameAsSMILES(OpsinManager.java:98)
	at net.bioclipse.managers.OpsinManager.parseIUPACName(OpsinManager.java:49)
	at net.bioclipse.managers.OpsinManagerTest.lambda$testParseIUPACName_Bad$1(OpsinManagerTest.java:66)
	at org.junit.jupiter.api.AssertThrows.assertThrows(AssertThrows.java:55)
	at org.junit.jupiter.api.AssertThrows.assertThrows(AssertThrows.java:37)
	at org.junit.jupiter.api.Assertions.assertThrows(Assertions.java:3082)
	at net.bioclipse.managers.OpsinManagerTest.testParseIUPACName_Bad(OpsinManagerTest.java:63)
	at java.base/jdk.internal.reflect.NativeMethodAccessorImpl.invoke0(Native Method)
	at java.base/jdk.internal.reflect.NativeMethodAccessorImpl.invoke(NativeMethodAccessorImpl.java:62)
	at java.base/jdk.internal.reflect.DelegatingMethodAccessorImpl.invoke(DelegatingMethodAccessorImpl.java:43)
	at java.base/java.lang.reflect.Method.invoke(Method.java:566)
	at org.junit.platform.commons.util.ReflectionUtils.invokeMethod(ReflectionUtils.java:725)
	at org.junit.jupiter.engine.execution.MethodInvocation.proceed(MethodInvocation.java:60)
	at org.junit.jupiter.engine.execution.InvocationInterceptorChain$ValidatingInvocation.proceed(InvocationInterceptorChain.java:131)
	at org.junit.jupiter.engine.extension.TimeoutExtension.intercept(TimeoutExtension.java:149)
	at org.junit.jupiter.engine.extension.TimeoutExtension.interceptTestableMethod(TimeoutExtension.java:140)
	at org.junit.jupiter.engine.extension.TimeoutExtension.interceptTestMethod(TimeoutExtension.java:84)
	at org.junit.jupiter.engine.execution.ExecutableInvoker$ReflectiveInterceptorCall.lambda$ofVoidMethod$0(ExecutableInvoker.java:115)
	at org.junit.jupiter.engine.execution.ExecutableInvoker.lambda$invoke$0(ExecutableInvoker.java:105)
	at org.junit.jupiter.engine.execution.InvocationInterceptorChain$InterceptedInvocation.proceed(InvocationInterceptorChain.java:106)
	at org.junit.jupiter.engine.execution.InvocationInterceptorChain.proceed(InvocationInterceptorChain.java:64)
	at org.junit.jupiter.engine.execution.InvocationInterceptorChain.chainAndInvoke(InvocationInterceptorChain.java:45)
	at org.junit.jupiter.engine.execution.InvocationInterceptorChain.invoke(InvocationInterceptorChain.java:37)
	at org.junit.jupiter.engine.execution.ExecutableInvoker.invoke(ExecutableInvoker.java:104)
	at org.junit.jupiter.engine.execution.ExecutableInvoker.invoke(ExecutableInvoker.java:98)
	at org.junit.jupiter.engine.descriptor.TestMethodTestDescriptor.lambda$invokeTestMethod$7(TestMethodTestDescriptor.java:214)
	at org.junit.platform.engine.support.hierarchical.ThrowableCollector.execute(ThrowableCollector.java:73)
	at org.junit.jupiter.engine.descriptor.TestMethodTestDescriptor.invokeTestMethod(TestMethodTestDescriptor.java:210)
	at org.junit.jupiter.engine.descriptor.TestMethodTestDescriptor.execute(TestMethodTestDescriptor.java:135)
	at org.junit.jupiter.engine.descriptor.TestMethodTestDescriptor.execute(TestMethodTestDescriptor.java:66)
	at org.junit.platform.engine.support.hierarchical.NodeTestTask.lambda$executeRecursively$6(NodeTestTask.java:151)
	at org.junit.platform.engine.support.hierarchical.ThrowableCollector.execute(ThrowableCollector.java:73)
	at org.junit.platform.engine.support.hierarchical.NodeTestTask.lambda$executeRecursively$8(NodeTestTask.java:141)
	at org.junit.platform.engine.support.hierarchical.Node.around(Node.java:137)
	at org.junit.platform.engine.support.hierarchical.NodeTestTask.lambda$executeRecursively$9(NodeTestTask.java:139)
	at org.junit.platform.engine.support.hierarchical.ThrowableCollector.execute(ThrowableCollector.java:73)
	at org.junit.platform.engine.support.hierarchical.NodeTestTask.executeRecursively(NodeTestTask.java:138)
	at org.junit.platform.engine.support.hierarchical.NodeTestTask.execute(NodeTestTask.java:95)
	at java.base/java.util.ArrayList.forEach(ArrayList.java:1541)
	at org.junit.platform.engine.support.hierarchical.SameThreadHierarchicalTestExecutorService.invokeAll(SameThreadHierarchicalTestExecutorService.java:41)
	at org.junit.platform.engine.support.hierarchical.NodeTestTask.lambda$executeRecursively$6(NodeTestTask.java:155)
	at org.junit.platform.engine.support.hierarchical.ThrowableCollector.execute(ThrowableCollector.java:73)
	at org.junit.platform.engine.support.hierarchical.NodeTestTask.lambda$executeRecursively$8(NodeTestTask.java:141)
	at org.junit.platform.engine.support.hierarchical.Node.around(Node.java:137)
	at org.junit.platform.engine.support.hierarchical.NodeTestTask.lambda$executeRecursively$9(NodeTestTask.java:139)
	at org.junit.platform.engine.support.hierarchical.ThrowableCollector.execute(ThrowableCollector.java:73)
	at org.junit.platform.engine.support.hierarchical.NodeTestTask.executeRecursively(NodeTestTask.java:138)
	at org.junit.platform.engine.support.hierarchical.NodeTestTask.execute(NodeTestTask.java:95)
	at java.base/java.util.ArrayList.forEach(ArrayList.java:1541)
	at org.junit.platform.engine.support.hierarchical.SameThreadHierarchicalTestExecutorService.invokeAll(SameThreadHierarchicalTestExecutorService.java:41)
	at org.junit.platform.engine.support.hierarchical.NodeTestTask.lambda$executeRecursively$6(NodeTestTask.java:155)
	at org.junit.platform.engine.support.hierarchical.ThrowableCollector.execute(ThrowableCollector.java:73)
	at org.junit.platform.engine.support.hierarchical.NodeTestTask.lambda$executeRecursively$8(NodeTestTask.java:141)
	at org.junit.platform.engine.support.hierarchical.Node.around(Node.java:137)
	at org.junit.platform.engine.support.hierarchical.NodeTestTask.lambda$executeRecursively$9(NodeTestTask.java:139)
	at org.junit.platform.engine.support.hierarchical.ThrowableCollector.execute(ThrowableCollector.java:73)
	at org.junit.platform.engine.support.hierarchical.NodeTestTask.executeRecursively(NodeTestTask.java:138)
	at org.junit.platform.engine.support.hierarchical.NodeTestTask.execute(NodeTestTask.java:95)
	at org.junit.platform.engine.support.hierarchical.SameThreadHierarchicalTestExecutorService.submit(SameThreadHierarchicalTestExecutorService.java:35)
	at org.junit.platform.engine.support.hierarchical.HierarchicalTestExecutor.execute(HierarchicalTestExecutor.java:57)
	at org.junit.platform.engine.support.hierarchical.HierarchicalTestEngine.execute(HierarchicalTestEngine.java:54)
	at org.junit.platform.launcher.core.DefaultLauncher.execute(DefaultLauncher.java:220)
	at org.junit.platform.launcher.core.DefaultLauncher.lambda$execute$6(DefaultLauncher.java:188)
	at org.junit.platform.launcher.core.DefaultLauncher.withInterceptedStreams(DefaultLauncher.java:202)
	at org.junit.platform.launcher.core.DefaultLauncher.execute(DefaultLauncher.java:181)
	at org.junit.platform.launcher.core.DefaultLauncher.execute(DefaultLauncher.java:128)
	at org.apache.maven.surefire.junitplatform.JUnitPlatformProvider.invokeAllTests(JUnitPlatformProvider.java:150)
	at org.apache.maven.surefire.junitplatform.JUnitPlatformProvider.invoke(JUnitPlatformProvider.java:124)
	at org.apache.maven.surefire.booter.ForkedBooter.invokeProviderInSameClassLoader(ForkedBooter.java:384)
	at org.apache.maven.surefire.booter.ForkedBooter.runSuitesInProcess(ForkedBooter.java:345)
	at org.apache.maven.surefire.booter.ForkedBooter.execute(ForkedBooter.java:126)
	at org.apache.maven.surefire.booter.ForkedBooter.main(ForkedBooter.java:418)
[INFO] Tests run: 6, Failures: 0, Errors: 0, Skipped: 0, Time elapsed: 0.969 s - in net.bioclipse.managers.OpsinManagerTest
[INFO] 
[INFO] Results:
[INFO] 
[INFO] Tests run: 6, Failures: 0, Errors: 0, Skipped: 0
[INFO] 
[INFO] 
[INFO] ---------------< io.github.egonw.bacting:managers-oscar >---------------
[INFO] Building managers-oscar 0.0.26                                   [17/20]
[INFO] --------------------------------[ jar ]---------------------------------
[INFO] 
[INFO] --- maven-clean-plugin:2.5:clean (default-clean) @ managers-oscar ---
[INFO] Deleting /home/gabsko/breaking-updates/managers-cheminfo/net.bioclipse.managers.oscar/target
[INFO] 
[INFO] --- jacoco-maven-plugin:0.8.7:prepare-agent (start-agent) @ managers-oscar ---
[INFO] argLine set to -javaagent:/home/gabsko/.m2/repository/org/jacoco/org.jacoco.agent/0.8.7/org.jacoco.agent-0.8.7-runtime.jar=destfile=/home/gabsko/breaking-updates/managers-cheminfo/net.bioclipse.managers.oscar/target/jacoco.exec
[INFO] 
[INFO] --- maven-resources-plugin:2.6:resources (default-resources) @ managers-oscar ---
[INFO] Using 'UTF-8' encoding to copy filtered resources.
[INFO] skip non existing resourceDirectory /home/gabsko/breaking-updates/managers-cheminfo/net.bioclipse.managers.oscar/src/main/resources
[INFO] 
[INFO] --- maven-compiler-plugin:3.8.0:compile (default-compile) @ managers-oscar ---
[INFO] Changes detected - recompiling the module!
[INFO] Compiling 1 source file to /home/gabsko/breaking-updates/managers-cheminfo/net.bioclipse.managers.oscar/target/classes
[INFO] 
[INFO] --- maven-resources-plugin:2.6:testResources (default-testResources) @ managers-oscar ---
[INFO] Using 'UTF-8' encoding to copy filtered resources.
[INFO] skip non existing resourceDirectory /home/gabsko/breaking-updates/managers-cheminfo/net.bioclipse.managers.oscar/src/test/resources
[INFO] 
[INFO] --- maven-compiler-plugin:3.8.0:testCompile (default-testCompile) @ managers-oscar ---
[INFO] Changes detected - recompiling the module!
[INFO] Compiling 1 source file to /home/gabsko/breaking-updates/managers-cheminfo/net.bioclipse.managers.oscar/target/test-classes
[INFO] 
[INFO] --- maven-surefire-plugin:2.22.2:test (default-test) @ managers-oscar ---
[INFO] 
[INFO] -------------------------------------------------------
[INFO]  T E S T S
[INFO] -------------------------------------------------------
[INFO] Running net.bioclipse.managers.OscarManagerTest
SLF4J: Failed to load class "org.slf4j.impl.StaticLoggerBinder".
SLF4J: Defaulting to no-operation (NOP) logger implementation
SLF4J: See http://www.slf4j.org/codes.html#StaticLoggerBinder for further details.
org.openscience.cdk.io.cml.CMLHandler WARN: Detected unknown convention: conventions:molecular
[INFO] Tests run: 5, Failures: 0, Errors: 0, Skipped: 0, Time elapsed: 5.735 s - in net.bioclipse.managers.OscarManagerTest
[INFO] 
[INFO] Results:
[INFO] 
[INFO] Tests run: 5, Failures: 0, Errors: 0, Skipped: 0
[INFO] 
[INFO] 
[INFO] --------------< io.github.egonw.bacting:managers-pubchem >--------------
[INFO] Building managers-pubchem 0.0.26                                 [18/20]
[INFO] --------------------------------[ jar ]---------------------------------
[INFO] 
[INFO] --- maven-clean-plugin:2.5:clean (default-clean) @ managers-pubchem ---
[INFO] Deleting /home/gabsko/breaking-updates/managers-cheminfo/net.bioclipse.managers.pubchem/target
[INFO] 
[INFO] --- jacoco-maven-plugin:0.8.7:prepare-agent (start-agent) @ managers-pubchem ---
[INFO] argLine set to -javaagent:/home/gabsko/.m2/repository/org/jacoco/org.jacoco.agent/0.8.7/org.jacoco.agent-0.8.7-runtime.jar=destfile=/home/gabsko/breaking-updates/managers-cheminfo/net.bioclipse.managers.pubchem/target/jacoco.exec
[INFO] 
[INFO] --- maven-resources-plugin:2.6:resources (default-resources) @ managers-pubchem ---
[INFO] Using 'UTF-8' encoding to copy filtered resources.
[INFO] skip non existing resourceDirectory /home/gabsko/breaking-updates/managers-cheminfo/net.bioclipse.managers.pubchem/src/main/resources
[INFO] 
[INFO] --- maven-compiler-plugin:3.8.0:compile (default-compile) @ managers-pubchem ---
[INFO] Changes detected - recompiling the module!
[INFO] Compiling 1 source file to /home/gabsko/breaking-updates/managers-cheminfo/net.bioclipse.managers.pubchem/target/classes
[INFO] 
[INFO] --- maven-resources-plugin:2.6:testResources (default-testResources) @ managers-pubchem ---
[INFO] Using 'UTF-8' encoding to copy filtered resources.
[INFO] skip non existing resourceDirectory /home/gabsko/breaking-updates/managers-cheminfo/net.bioclipse.managers.pubchem/src/test/resources
[INFO] 
[INFO] --- maven-compiler-plugin:3.8.0:testCompile (default-testCompile) @ managers-pubchem ---
[INFO] Changes detected - recompiling the module!
[INFO] Compiling 1 source file to /home/gabsko/breaking-updates/managers-cheminfo/net.bioclipse.managers.pubchem/target/test-classes
[INFO] 
[INFO] --- maven-surefire-plugin:2.22.2:test (default-test) @ managers-pubchem ---
[INFO] 
[INFO] -------------------------------------------------------
[INFO]  T E S T S
[INFO] -------------------------------------------------------
[INFO] Running net.bioclipse.managers.PubChemManagerTest
[main] WARN org.apache.http.client.protocol.ResponseProcessCookies - Invalid cookie header: "Set-Cookie: ncbi_sid=90C553033D0785F1_0000SID; domain=.nih.gov; path=/; expires=Thu, 25 Jan 2024 00:31:27 GMT". Invalid 'expires' attribute: Thu, 25 Jan 2024 00:31:27 GMT
[main] WARN org.apache.http.client.protocol.ResponseProcessCookies - Invalid cookie header: "Set-Cookie: ncbi_sid=95B6F7243D0785F1_0000SID; domain=.nih.gov; path=/; expires=Thu, 25 Jan 2024 00:31:27 GMT". Invalid 'expires' attribute: Thu, 25 Jan 2024 00:31:27 GMT
[main] WARN org.apache.http.client.protocol.ResponseProcessCookies - Invalid cookie header: "Set-Cookie: ncbi_sid=95B6F7523D078601_0000SID; domain=.nih.gov; path=/; expires=Thu, 25 Jan 2024 00:31:28 GMT". Invalid 'expires' attribute: Thu, 25 Jan 2024 00:31:28 GMT
[main] WARN org.apache.http.client.protocol.ResponseProcessCookies - Invalid cookie header: "Set-Cookie: ncbi_sid=95B6FD7A3D078641_0000SID; domain=.nih.gov; path=/; expires=Thu, 25 Jan 2024 00:31:32 GMT". Invalid 'expires' attribute: Thu, 25 Jan 2024 00:31:32 GMT
[main] WARN org.apache.http.client.protocol.ResponseProcessCookies - Invalid cookie header: "Set-Cookie: ncbi_sid=90C56E7F3D078641_0000SID; domain=.nih.gov; path=/; expires=Thu, 25 Jan 2024 00:31:32 GMT". Invalid 'expires' attribute: Thu, 25 Jan 2024 00:31:32 GMT
[main] WARN org.apache.http.client.protocol.ResponseProcessCookies - Invalid cookie header: "Set-Cookie: ncbi_sid=90C56F383D078641_0000SID; domain=.nih.gov; path=/; expires=Thu, 25 Jan 2024 00:31:32 GMT". Invalid 'expires' attribute: Thu, 25 Jan 2024 00:31:32 GMT
[main] WARN org.apache.http.client.protocol.ResponseProcessCookies - Invalid cookie header: "Set-Cookie: ncbi_sid=90C5733A3D078651_0000SID; domain=.nih.gov; path=/; expires=Thu, 25 Jan 2024 00:31:33 GMT". Invalid 'expires' attribute: Thu, 25 Jan 2024 00:31:33 GMT
[main] WARN org.apache.http.client.protocol.ResponseProcessCookies - Invalid cookie header: "Set-Cookie: ncbi_sid=90C5738C3D078651_0000SID; domain=.nih.gov; path=/; expires=Thu, 25 Jan 2024 00:31:33 GMT". Invalid 'expires' attribute: Thu, 25 Jan 2024 00:31:33 GMT
[main] WARN org.apache.http.client.protocol.ResponseProcessCookies - Invalid cookie header: "Set-Cookie: ncbi_sid=95B6FFFE3D078661_0000SID; domain=.nih.gov; path=/; expires=Thu, 25 Jan 2024 00:31:34 GMT". Invalid 'expires' attribute: Thu, 25 Jan 2024 00:31:34 GMT
[main] WARN org.apache.http.client.protocol.ResponseProcessCookies - Invalid cookie header: "Set-Cookie: ncbi_sid=95B600233D078661_0000SID; domain=.nih.gov; path=/; expires=Thu, 25 Jan 2024 00:31:34 GMT". Invalid 'expires' attribute: Thu, 25 Jan 2024 00:31:34 GMT
[main] WARN org.apache.http.client.protocol.ResponseProcessCookies - Invalid cookie header: "Set-Cookie: ncbi_sid=95B601223D078661_0000SID; domain=.nih.gov; path=/; expires=Thu, 25 Jan 2024 00:31:34 GMT". Invalid 'expires' attribute: Thu, 25 Jan 2024 00:31:34 GMT
[main] WARN org.apache.http.client.protocol.ResponseProcessCookies - Invalid cookie header: "Set-Cookie: ncbi_sid=90C578E53D078661_0000SID; domain=.nih.gov; path=/; expires=Thu, 25 Jan 2024 00:31:34 GMT". Invalid 'expires' attribute: Thu, 25 Jan 2024 00:31:34 GMT
[main] WARN org.apache.http.client.protocol.ResponseProcessCookies - Invalid cookie header: "Set-Cookie: ncbi_sid=95B601EF3D078671_0000SID; domain=.nih.gov; path=/; expires=Thu, 25 Jan 2024 00:31:35 GMT". Invalid 'expires' attribute: Thu, 25 Jan 2024 00:31:35 GMT
[main] WARN org.apache.http.client.protocol.ResponseProcessCookies - Invalid cookie header: "Set-Cookie: ncbi_sid=90C57B843D078671_0000SID; domain=.nih.gov; path=/; expires=Thu, 25 Jan 2024 00:31:35 GMT". Invalid 'expires' attribute: Thu, 25 Jan 2024 00:31:35 GMT
[main] WARN org.apache.http.client.protocol.ResponseProcessCookies - Invalid cookie header: "Set-Cookie: ncbi_sid=95B603FA3D078681_0000SID; domain=.nih.gov; path=/; expires=Thu, 25 Jan 2024 00:31:36 GMT". Invalid 'expires' attribute: Thu, 25 Jan 2024 00:31:36 GMT
[main] WARN org.apache.http.client.protocol.ResponseProcessCookies - Invalid cookie header: "Set-Cookie: ncbi_sid=90C57E403D078681_0000SID; domain=.nih.gov; path=/; expires=Thu, 25 Jan 2024 00:31:36 GMT". Invalid 'expires' attribute: Thu, 25 Jan 2024 00:31:36 GMT
[main] WARN org.apache.http.client.protocol.ResponseProcessCookies - Invalid cookie header: "Set-Cookie: ncbi_sid=95B606723D078681_0000SID; domain=.nih.gov; path=/; expires=Thu, 25 Jan 2024 00:31:36 GMT". Invalid 'expires' attribute: Thu, 25 Jan 2024 00:31:36 GMT
[main] WARN org.apache.http.client.protocol.ResponseProcessCookies - Invalid cookie header: "Set-Cookie: ncbi_sid=95B606A03D078691_0000SID; domain=.nih.gov; path=/; expires=Thu, 25 Jan 2024 00:31:37 GMT". Invalid 'expires' attribute: Thu, 25 Jan 2024 00:31:37 GMT
[main] WARN org.apache.http.client.protocol.ResponseProcessCookies - Invalid cookie header: "Set-Cookie: ncbi_sid=90C584973D078691_0000SID; domain=.nih.gov; path=/; expires=Thu, 25 Jan 2024 00:31:37 GMT". Invalid 'expires' attribute: Thu, 25 Jan 2024 00:31:37 GMT
[main] WARN org.apache.http.client.protocol.ResponseProcessCookies - Invalid cookie header: "Set-Cookie: ncbi_sid=95B6073C3D078691_0000SID; domain=.nih.gov; path=/; expires=Thu, 25 Jan 2024 00:31:37 GMT". Invalid 'expires' attribute: Thu, 25 Jan 2024 00:31:37 GMT
[main] WARN org.apache.http.client.protocol.ResponseProcessCookies - Invalid cookie header: "Set-Cookie: ncbi_sid=90C587653D0786A1_0000SID; domain=.nih.gov; path=/; expires=Thu, 25 Jan 2024 00:31:38 GMT". Invalid 'expires' attribute: Thu, 25 Jan 2024 00:31:38 GMT
[main] WARN org.apache.http.client.protocol.ResponseProcessCookies - Invalid cookie header: "Set-Cookie: ncbi_sid=95B6083F3D0786A1_0000SID; domain=.nih.gov; path=/; expires=Thu, 25 Jan 2024 00:31:38 GMT". Invalid 'expires' attribute: Thu, 25 Jan 2024 00:31:38 GMT
[main] WARN org.apache.http.client.protocol.ResponseProcessCookies - Invalid cookie header: "Set-Cookie: ncbi_sid=95B60A9B3D0786C1_0000SID; domain=.nih.gov; path=/; expires=Thu, 25 Jan 2024 00:31:40 GMT". Invalid 'expires' attribute: Thu, 25 Jan 2024 00:31:40 GMT
[main] WARN org.apache.http.client.protocol.ResponseProcessCookies - Invalid cookie header: "Set-Cookie: ncbi_sid=95B60B933D0786D1_0000SID; domain=.nih.gov; path=/; expires=Thu, 25 Jan 2024 00:31:41 GMT". Invalid 'expires' attribute: Thu, 25 Jan 2024 00:31:41 GMT
[main] WARN org.apache.http.client.protocol.ResponseProcessCookies - Invalid cookie header: "Set-Cookie: ncbi_sid=90C594363D0786D1_0000SID; domain=.nih.gov; path=/; expires=Thu, 25 Jan 2024 00:31:41 GMT". Invalid 'expires' attribute: Thu, 25 Jan 2024 00:31:41 GMT
[INFO] Tests run: 18, Failures: 0, Errors: 0, Skipped: 0, Time elapsed: 15.953 s - in net.bioclipse.managers.PubChemManagerTest
[INFO] 
[INFO] Results:
[INFO] 
[INFO] Tests run: 18, Failures: 0, Errors: 0, Skipped: 0
[INFO] 
[INFO] 
[INFO] ---------------< io.github.egonw.bacting:managers-excel >---------------
[INFO] Building managers-excel 0.0.26                                   [19/20]
[INFO] --------------------------------[ jar ]---------------------------------
[INFO] 
[INFO] --- maven-clean-plugin:2.5:clean (default-clean) @ managers-excel ---
[INFO] Deleting /home/gabsko/breaking-updates/managers-excel/target
[INFO] 
[INFO] --- jacoco-maven-plugin:0.8.7:prepare-agent (start-agent) @ managers-excel ---
[INFO] argLine set to -javaagent:/home/gabsko/.m2/repository/org/jacoco/org.jacoco.agent/0.8.7/org.jacoco.agent-0.8.7-runtime.jar=destfile=/home/gabsko/breaking-updates/managers-excel/target/jacoco.exec
[INFO] 
[INFO] --- maven-resources-plugin:2.6:resources (default-resources) @ managers-excel ---
[INFO] Using 'UTF-8' encoding to copy filtered resources.
[INFO] skip non existing resourceDirectory /home/gabsko/breaking-updates/managers-excel/src/main/resources
[INFO] 
[INFO] --- maven-compiler-plugin:3.8.0:compile (default-compile) @ managers-excel ---
[INFO] Changes detected - recompiling the module!
[INFO] Compiling 1 source file to /home/gabsko/breaking-updates/managers-excel/target/classes
[INFO] 
[INFO] --- maven-resources-plugin:2.6:testResources (default-testResources) @ managers-excel ---
[INFO] Using 'UTF-8' encoding to copy filtered resources.
[INFO] Copying 1 resource
[INFO] 
[INFO] --- maven-compiler-plugin:3.8.0:testCompile (default-testCompile) @ managers-excel ---
[INFO] Changes detected - recompiling the module!
[INFO] Compiling 1 source file to /home/gabsko/breaking-updates/managers-excel/target/test-classes
[INFO] 
[INFO] --- maven-surefire-plugin:2.22.2:test (default-test) @ managers-excel ---
[INFO] 
[INFO] -------------------------------------------------------
[INFO]  T E S T S
[INFO] -------------------------------------------------------
[INFO] Running net.bioclipse.managers.ExcelManagerTest
[INFO] Tests run: 4, Failures: 0, Errors: 0, Skipped: 0, Time elapsed: 0.893 s - in net.bioclipse.managers.ExcelManagerTest
[INFO] 
[INFO] Results:
[INFO] 
[INFO] Tests run: 4, Failures: 0, Errors: 0, Skipped: 0
[INFO] 
[INFO] 
[INFO] ---------------< io.github.egonw.bacting:bacting-bundle >---------------
[INFO] Building bacting-bundle 0.0.26                                   [20/20]
[INFO] --------------------------------[ jar ]---------------------------------
[INFO] 
[INFO] --- maven-clean-plugin:2.5:clean (default-clean) @ bacting-bundle ---
[INFO] 
[INFO] --- jacoco-maven-plugin:0.8.7:prepare-agent (start-agent) @ bacting-bundle ---
[INFO] argLine set to -javaagent:/home/gabsko/.m2/repository/org/jacoco/org.jacoco.agent/0.8.7/org.jacoco.agent-0.8.7-runtime.jar=destfile=/home/gabsko/breaking-updates/bundle/target/jacoco.exec
[INFO] 
[INFO] --- maven-resources-plugin:2.6:resources (default-resources) @ bacting-bundle ---
[WARNING] Using platform encoding (UTF-8 actually) to copy filtered resources, i.e. build is platform dependent!
[INFO] skip non existing resourceDirectory /home/gabsko/breaking-updates/bundle/src/main/resources
[INFO] 
[INFO] --- maven-compiler-plugin:3.8.0:compile (default-compile) @ bacting-bundle ---
[INFO] No sources to compile
[INFO] 
[INFO] --- maven-resources-plugin:2.6:testResources (default-testResources) @ bacting-bundle ---
[WARNING] Using platform encoding (UTF-8 actually) to copy filtered resources, i.e. build is platform dependent!
[INFO] skip non existing resourceDirectory /home/gabsko/breaking-updates/bundle/src/test/resources
[INFO] 
[INFO] --- maven-compiler-plugin:3.8.0:testCompile (default-testCompile) @ bacting-bundle ---
[INFO] No sources to compile
[INFO] 
[INFO] --- maven-surefire-plugin:2.22.2:test (default-test) @ bacting-bundle ---
[INFO] No tests to run.
[INFO] ------------------------------------------------------------------------
[INFO] Reactor Summary for Bacting 0.0.26:
[INFO] 
[INFO] Bacting ............................................ SUCCESS [  0.245 s]
[INFO] bacting-core ....................................... SUCCESS [  0.937 s]
[INFO] managers-ui ........................................ SUCCESS [ 11.068 s]
[INFO] Bacting Semantic Web ............................... SUCCESS [  0.002 s]
[INFO] managers-rdf ....................................... SUCCESS [ 17.546 s]
[INFO] managers-xml ....................................... SUCCESS [  2.285 s]
[INFO] Bacting Cheminformatics ............................ SUCCESS [  0.002 s]
[INFO] managers-cdk ....................................... SUCCESS [  2.959 s]
[INFO] managers-inchi ..................................... SUCCESS [  2.087 s]
[INFO] net.bioclipse.managers.wikidata .................... SUCCESS [  8.105 s]
[INFO] Bacting Bioinformatics ............................. SUCCESS [  0.002 s]
[INFO] managers-bridgedb .................................. SUCCESS [  2.175 s]
[INFO] managers-biojava ................................... SUCCESS [  1.688 s]
[INFO] managers-cdkdebug .................................. SUCCESS [  2.070 s]
[INFO] managers-chemspider ................................ SUCCESS [  5.280 s]
[INFO] managers-opsin ..................................... SUCCESS [  2.493 s]
[INFO] managers-oscar ..................................... SUCCESS [  7.359 s]
[INFO] managers-pubchem ................................... SUCCESS [ 17.605 s]
[INFO] managers-excel ..................................... SUCCESS [  2.202 s]
[INFO] bacting-bundle ..................................... SUCCESS [  0.060 s]
[INFO] ------------------------------------------------------------------------
[INFO] BUILD SUCCESS
[INFO] ------------------------------------------------------------------------
[INFO] Total time:  01:26 min
[INFO] Finished at: 2023-01-25T00:31:44Z
[INFO] ------------------------------------------------------------------------
