[INFO] Scanning for projects...
[INFO] 
[INFO] -----------------------< org.mybatis:jpetstore >------------------------
[INFO] Building JPetStore Demo 6 6.0.3-SNAPSHOT
[INFO] --------------------------------[ war ]---------------------------------
[INFO] Downloading from sonatype-oss-snapshots: https://oss.sonatype.org/content/repositories/snapshots/com/codeborne/selenide/5.21.0/selenide-5.21.0.jar
[INFO] Downloading from central: https://repo.maven.apache.org/maven2/com/codeborne/selenide/5.21.0/selenide-5.21.0.jar
[INFO] Downloaded from central: https://repo.maven.apache.org/maven2/com/codeborne/selenide/5.21.0/selenide-5.21.0.jar (455 kB at 3.8 MB/s)
[INFO] 
[INFO] --- maven-clean-plugin:3.1.0:clean (default-clean) @ jpetstore ---
[INFO] Deleting /home/gabsko/breaking-updates/target
[INFO] 
[INFO] --- maven-enforcer-plugin:3.0.0-M1:enforce (enforce-java) @ jpetstore ---
[INFO] Skipping Rule Enforcement.
[INFO] 
[INFO] --- jacoco-maven-plugin:0.8.7:prepare-agent (prepare-agent) @ jpetstore ---
[INFO] argLine set to -javaagent:/home/gabsko/.m2/repository/org/jacoco/org.jacoco.agent/0.8.7/org.jacoco.agent-0.8.7-runtime.jar=destfile=/home/gabsko/breaking-updates/target/jacoco.exec
[INFO] 
[INFO] --- whitespace-maven-plugin:1.0.4:trim (default) @ jpetstore ---
[INFO] 
[INFO] --- formatter-maven-plugin:2.15.0:format (default) @ jpetstore ---
[INFO] Using 'UTF-8' encoding to format source files.
[INFO] Formatting is skipped for types: XML
[INFO] Number of files to be formatted: 41
[INFO] Successfully formatted:          0 file(s)
[INFO] Fail to format:                  0 file(s)
[INFO] Skipped:                         41 file(s)
[INFO] Read only skipped:               0 file(s)
[INFO] Approximate time taken:          1s
[INFO] 
[INFO] --- impsort-maven-plugin:1.6.0:sort (default) @ jpetstore ---
[INFO] Processed 41 files in 00:00.470 (Already Sorted: 41, Needed Sorting: 0)
[INFO] 
[INFO] --- maven-resources-plugin:3.2.0:resources (default-resources) @ jpetstore ---
[INFO] Using 'UTF-8' encoding to copy filtered resources.
[INFO] Using 'UTF-8' encoding to copy filtered properties files.
[INFO] Copying 10 resources
[INFO] Copying 2 resources to META-INF
[INFO] The encoding used to copy filtered properties files have not been set. This means that the same encoding will be used to copy filtered properties files as when copying other filtered resources. This might not be what you want! Run your build with --debug to see which files might be affected. Read more at https://maven.apache.org/plugins/maven-resources-plugin/examples/filtering-properties-files.html
[INFO] 
[INFO] --- maven-compiler-plugin:3.8.1:compile (default-compile) @ jpetstore ---
[INFO] Compiling 24 source files to /home/gabsko/breaking-updates/target/classes
[INFO] 
[INFO] --- license-maven-plugin:4.1:format (default) @ jpetstore ---
[INFO] Updating license headers...
[INFO] 
[INFO] --- animal-sniffer-maven-plugin:1.20:check (check-java-compat) @ jpetstore ---
[INFO] Checking unresolved references to org.codehaus.mojo.signature:java18:1.0
[INFO] 
[INFO] --- maven-bundle-plugin:5.1.2:manifest (bundle-manifest) @ jpetstore ---
[INFO] 
[INFO] --- maven-resources-plugin:3.2.0:testResources (default-testResources) @ jpetstore ---
[INFO] Using 'UTF-8' encoding to copy filtered resources.
[INFO] Using 'UTF-8' encoding to copy filtered properties files.
[INFO] Copying 1 resource
[INFO] 
[INFO] --- maven-compiler-plugin:3.8.1:testCompile (default-testCompile) @ jpetstore ---
[INFO] Compiling 17 source files to /home/gabsko/breaking-updates/target/test-classes
[INFO] /home/gabsko/breaking-updates/src/test/java/org/mybatis/jpetstore/ScreenTransitionIT.java: Some input files use or override a deprecated API.
[INFO] /home/gabsko/breaking-updates/src/test/java/org/mybatis/jpetstore/ScreenTransitionIT.java: Recompile with -Xlint:deprecation for details.
[INFO] 
[INFO] --- maven-surefire-plugin:3.0.0-M5:test (default-test) @ jpetstore ---
[INFO] 
[INFO] -------------------------------------------------------
[INFO]  T E S T S
[INFO] -------------------------------------------------------
[INFO] Running org.mybatis.jpetstore.domain.OrderTest
[INFO] Tests run: 1, Failures: 0, Errors: 0, Skipped: 0, Time elapsed: 0.224 s - in org.mybatis.jpetstore.domain.OrderTest
[INFO] Running org.mybatis.jpetstore.domain.CartTest
[INFO] Tests run: 8, Failures: 0, Errors: 0, Skipped: 0, Time elapsed: 0.007 s - in org.mybatis.jpetstore.domain.CartTest
[INFO] Running org.mybatis.jpetstore.web.actions.CatalogActionBeanTest
[INFO] Tests run: 11, Failures: 0, Errors: 0, Skipped: 0, Time elapsed: 0.01 s - in org.mybatis.jpetstore.web.actions.CatalogActionBeanTest
[INFO] Running org.mybatis.jpetstore.web.actions.AccountActionBeanTest
[INFO] Tests run: 6, Failures: 0, Errors: 0, Skipped: 0, Time elapsed: 0.005 s - in org.mybatis.jpetstore.web.actions.AccountActionBeanTest
[INFO] Running org.mybatis.jpetstore.web.actions.OrderActionBeanTest
[INFO] Tests run: 4, Failures: 0, Errors: 0, Skipped: 0, Time elapsed: 0.005 s - in org.mybatis.jpetstore.web.actions.OrderActionBeanTest
[INFO] Running org.mybatis.jpetstore.service.CatalogServiceTest
[INFO] Tests run: 9, Failures: 0, Errors: 0, Skipped: 0, Time elapsed: 0.559 s - in org.mybatis.jpetstore.service.CatalogServiceTest
[INFO] Running org.mybatis.jpetstore.service.AccountServiceTest
[INFO] Tests run: 4, Failures: 0, Errors: 0, Skipped: 0, Time elapsed: 0.04 s - in org.mybatis.jpetstore.service.AccountServiceTest
[INFO] Running org.mybatis.jpetstore.service.OrderServiceTest
[INFO] Tests run: 6, Failures: 0, Errors: 0, Skipped: 0, Time elapsed: 0.058 s - in org.mybatis.jpetstore.service.OrderServiceTest
[INFO] Running org.mybatis.jpetstore.mapper.SequenceMapperTest
[main] INFO org.springframework.test.context.support.DefaultTestContextBootstrapper - Loaded default TestExecutionListener class names from location [META-INF/spring.factories]: [org.springframework.test.context.web.ServletTestExecutionListener, org.springframework.test.context.support.DirtiesContextBeforeModesTestExecutionListener, org.springframework.test.context.event.ApplicationEventsTestExecutionListener, org.springframework.test.context.support.DependencyInjectionTestExecutionListener, org.springframework.test.context.support.DirtiesContextTestExecutionListener, org.springframework.test.context.transaction.TransactionalTestExecutionListener, org.springframework.test.context.jdbc.SqlScriptsTestExecutionListener, org.springframework.test.context.event.EventPublishingTestExecutionListener]
[main] INFO org.springframework.test.context.support.DefaultTestContextBootstrapper - Using TestExecutionListeners: [org.springframework.test.context.web.ServletTestExecutionListener@30b29f55, org.springframework.test.context.support.DirtiesContextBeforeModesTestExecutionListener@3eadfbbb, org.springframework.test.context.event.ApplicationEventsTestExecutionListener@550e7ef6, org.springframework.test.context.support.DependencyInjectionTestExecutionListener@7c9c7e7d, org.springframework.test.context.support.DirtiesContextTestExecutionListener@58701e8c, org.springframework.test.context.transaction.TransactionalTestExecutionListener@951461a, org.springframework.test.context.jdbc.SqlScriptsTestExecutionListener@2f0e7008, org.springframework.test.context.event.EventPublishingTestExecutionListener@307e9c02]
[main] INFO org.springframework.jdbc.datasource.embedded.EmbeddedDatabaseFactory - Starting embedded database: url='jdbc:hsqldb:mem:6ebe8587-acd7-4d17-8264-022c86f23392', username='sa'
[main] INFO org.springframework.test.context.transaction.TransactionContext - Began transaction (1) for test context [DefaultTestContext@71322f51 testClass = SequenceMapperTest, testInstance = org.mybatis.jpetstore.mapper.SequenceMapperTest@2ea78df7, testMethod = updateSequence@SequenceMapperTest, testException = [null], mergedContextConfiguration = [MergedContextConfiguration@42ee2c95 testClass = SequenceMapperTest, locations = '{}', classes = '{class org.mybatis.jpetstore.mapper.MapperTestContext}', contextInitializerClasses = '[]', activeProfiles = '{}', propertySourceLocations = '{}', propertySourceProperties = '{}', contextCustomizers = set[[empty]], contextLoader = 'org.springframework.test.context.support.DelegatingSmartContextLoader', parent = [null]], attributes = map['org.springframework.test.context.event.ApplicationEventsTestExecutionListener.recordApplicationEvents' -> false]]; transaction manager [org.springframework.jdbc.datasource.DataSourceTransactionManager@3d99cc44]; rollback [true]
[main] INFO org.springframework.test.context.transaction.TransactionContext - Rolled back transaction for test: [DefaultTestContext@71322f51 testClass = SequenceMapperTest, testInstance = org.mybatis.jpetstore.mapper.SequenceMapperTest@2ea78df7, testMethod = updateSequence@SequenceMapperTest, testException = [null], mergedContextConfiguration = [MergedContextConfiguration@42ee2c95 testClass = SequenceMapperTest, locations = '{}', classes = '{class org.mybatis.jpetstore.mapper.MapperTestContext}', contextInitializerClasses = '[]', activeProfiles = '{}', propertySourceLocations = '{}', propertySourceProperties = '{}', contextCustomizers = set[[empty]], contextLoader = 'org.springframework.test.context.support.DelegatingSmartContextLoader', parent = [null]], attributes = map['org.springframework.test.context.event.ApplicationEventsTestExecutionListener.recordApplicationEvents' -> false]]
[main] INFO org.springframework.test.context.transaction.TransactionContext - Began transaction (1) for test context [DefaultTestContext@71322f51 testClass = SequenceMapperTest, testInstance = org.mybatis.jpetstore.mapper.SequenceMapperTest@220248ad, testMethod = getSequence@SequenceMapperTest, testException = [null], mergedContextConfiguration = [MergedContextConfiguration@42ee2c95 testClass = SequenceMapperTest, locations = '{}', classes = '{class org.mybatis.jpetstore.mapper.MapperTestContext}', contextInitializerClasses = '[]', activeProfiles = '{}', propertySourceLocations = '{}', propertySourceProperties = '{}', contextCustomizers = set[[empty]], contextLoader = 'org.springframework.test.context.support.DelegatingSmartContextLoader', parent = [null]], attributes = map['org.springframework.test.context.event.ApplicationEventsTestExecutionListener.recordApplicationEvents' -> false]]; transaction manager [org.springframework.jdbc.datasource.DataSourceTransactionManager@3d99cc44]; rollback [true]
[main] INFO org.springframework.test.context.transaction.TransactionContext - Rolled back transaction for test: [DefaultTestContext@71322f51 testClass = SequenceMapperTest, testInstance = org.mybatis.jpetstore.mapper.SequenceMapperTest@220248ad, testMethod = getSequence@SequenceMapperTest, testException = [null], mergedContextConfiguration = [MergedContextConfiguration@42ee2c95 testClass = SequenceMapperTest, locations = '{}', classes = '{class org.mybatis.jpetstore.mapper.MapperTestContext}', contextInitializerClasses = '[]', activeProfiles = '{}', propertySourceLocations = '{}', propertySourceProperties = '{}', contextCustomizers = set[[empty]], contextLoader = 'org.springframework.test.context.support.DelegatingSmartContextLoader', parent = [null]], attributes = map['org.springframework.test.context.event.ApplicationEventsTestExecutionListener.recordApplicationEvents' -> false]]
[INFO] Tests run: 2, Failures: 0, Errors: 0, Skipped: 0, Time elapsed: 1.984 s - in org.mybatis.jpetstore.mapper.SequenceMapperTest
[INFO] Running org.mybatis.jpetstore.mapper.ProductMapperTest
[main] INFO org.springframework.test.context.support.DefaultTestContextBootstrapper - Loaded default TestExecutionListener class names from location [META-INF/spring.factories]: [org.springframework.test.context.web.ServletTestExecutionListener, org.springframework.test.context.support.DirtiesContextBeforeModesTestExecutionListener, org.springframework.test.context.event.ApplicationEventsTestExecutionListener, org.springframework.test.context.support.DependencyInjectionTestExecutionListener, org.springframework.test.context.support.DirtiesContextTestExecutionListener, org.springframework.test.context.transaction.TransactionalTestExecutionListener, org.springframework.test.context.jdbc.SqlScriptsTestExecutionListener, org.springframework.test.context.event.EventPublishingTestExecutionListener]
[main] INFO org.springframework.test.context.support.DefaultTestContextBootstrapper - Using TestExecutionListeners: [org.springframework.test.context.web.ServletTestExecutionListener@f2c6d70, org.springframework.test.context.support.DirtiesContextBeforeModesTestExecutionListener@cdbac7f, org.springframework.test.context.event.ApplicationEventsTestExecutionListener@55851bc0, org.springframework.test.context.support.DependencyInjectionTestExecutionListener@5af50d9b, org.springframework.test.context.support.DirtiesContextTestExecutionListener@365ebc58, org.springframework.test.context.transaction.TransactionalTestExecutionListener@67b756b8, org.springframework.test.context.jdbc.SqlScriptsTestExecutionListener@1a111a95, org.springframework.test.context.event.EventPublishingTestExecutionListener@68fa4599]
[main] INFO org.springframework.test.context.transaction.TransactionContext - Began transaction (1) for test context [DefaultTestContext@648d6010 testClass = ProductMapperTest, testInstance = org.mybatis.jpetstore.mapper.ProductMapperTest@5e612795, testMethod = getProduct@ProductMapperTest, testException = [null], mergedContextConfiguration = [MergedContextConfiguration@5926f473 testClass = ProductMapperTest, locations = '{}', classes = '{class org.mybatis.jpetstore.mapper.MapperTestContext}', contextInitializerClasses = '[]', activeProfiles = '{}', propertySourceLocations = '{}', propertySourceProperties = '{}', contextCustomizers = set[[empty]], contextLoader = 'org.springframework.test.context.support.DelegatingSmartContextLoader', parent = [null]], attributes = map['org.springframework.test.context.event.ApplicationEventsTestExecutionListener.recordApplicationEvents' -> false]]; transaction manager [org.springframework.jdbc.datasource.DataSourceTransactionManager@3d99cc44]; rollback [true]
[main] INFO org.springframework.test.context.transaction.TransactionContext - Rolled back transaction for test: [DefaultTestContext@648d6010 testClass = ProductMapperTest, testInstance = org.mybatis.jpetstore.mapper.ProductMapperTest@5e612795, testMethod = getProduct@ProductMapperTest, testException = [null], mergedContextConfiguration = [MergedContextConfiguration@5926f473 testClass = ProductMapperTest, locations = '{}', classes = '{class org.mybatis.jpetstore.mapper.MapperTestContext}', contextInitializerClasses = '[]', activeProfiles = '{}', propertySourceLocations = '{}', propertySourceProperties = '{}', contextCustomizers = set[[empty]], contextLoader = 'org.springframework.test.context.support.DelegatingSmartContextLoader', parent = [null]], attributes = map['org.springframework.test.context.event.ApplicationEventsTestExecutionListener.recordApplicationEvents' -> false]]
[main] INFO org.springframework.test.context.transaction.TransactionContext - Began transaction (1) for test context [DefaultTestContext@648d6010 testClass = ProductMapperTest, testInstance = org.mybatis.jpetstore.mapper.ProductMapperTest@2744e8f, testMethod = searchProductList@ProductMapperTest, testException = [null], mergedContextConfiguration = [MergedContextConfiguration@5926f473 testClass = ProductMapperTest, locations = '{}', classes = '{class org.mybatis.jpetstore.mapper.MapperTestContext}', contextInitializerClasses = '[]', activeProfiles = '{}', propertySourceLocations = '{}', propertySourceProperties = '{}', contextCustomizers = set[[empty]], contextLoader = 'org.springframework.test.context.support.DelegatingSmartContextLoader', parent = [null]], attributes = map['org.springframework.test.context.event.ApplicationEventsTestExecutionListener.recordApplicationEvents' -> false]]; transaction manager [org.springframework.jdbc.datasource.DataSourceTransactionManager@3d99cc44]; rollback [true]
[Amazon Parrot, Koi, Goldfish, Bulldog, Dalmation, Poodle, Golden Retriever, Labrador Retriever]
[main] INFO org.springframework.test.context.transaction.TransactionContext - Rolled back transaction for test: [DefaultTestContext@648d6010 testClass = ProductMapperTest, testInstance = org.mybatis.jpetstore.mapper.ProductMapperTest@2744e8f, testMethod = searchProductList@ProductMapperTest, testException = [null], mergedContextConfiguration = [MergedContextConfiguration@5926f473 testClass = ProductMapperTest, locations = '{}', classes = '{class org.mybatis.jpetstore.mapper.MapperTestContext}', contextInitializerClasses = '[]', activeProfiles = '{}', propertySourceLocations = '{}', propertySourceProperties = '{}', contextCustomizers = set[[empty]], contextLoader = 'org.springframework.test.context.support.DelegatingSmartContextLoader', parent = [null]], attributes = map['org.springframework.test.context.event.ApplicationEventsTestExecutionListener.recordApplicationEvents' -> false]]
[main] INFO org.springframework.test.context.transaction.TransactionContext - Began transaction (1) for test context [DefaultTestContext@648d6010 testClass = ProductMapperTest, testInstance = org.mybatis.jpetstore.mapper.ProductMapperTest@4c157e75, testMethod = getProductListByCategory@ProductMapperTest, testException = [null], mergedContextConfiguration = [MergedContextConfiguration@5926f473 testClass = ProductMapperTest, locations = '{}', classes = '{class org.mybatis.jpetstore.mapper.MapperTestContext}', contextInitializerClasses = '[]', activeProfiles = '{}', propertySourceLocations = '{}', propertySourceProperties = '{}', contextCustomizers = set[[empty]], contextLoader = 'org.springframework.test.context.support.DelegatingSmartContextLoader', parent = [null]], attributes = map['org.springframework.test.context.event.ApplicationEventsTestExecutionListener.recordApplicationEvents' -> false]]; transaction manager [org.springframework.jdbc.datasource.DataSourceTransactionManager@3d99cc44]; rollback [true]
[main] INFO org.springframework.test.context.transaction.TransactionContext - Rolled back transaction for test: [DefaultTestContext@648d6010 testClass = ProductMapperTest, testInstance = org.mybatis.jpetstore.mapper.ProductMapperTest@4c157e75, testMethod = getProductListByCategory@ProductMapperTest, testException = [null], mergedContextConfiguration = [MergedContextConfiguration@5926f473 testClass = ProductMapperTest, locations = '{}', classes = '{class org.mybatis.jpetstore.mapper.MapperTestContext}', contextInitializerClasses = '[]', activeProfiles = '{}', propertySourceLocations = '{}', propertySourceProperties = '{}', contextCustomizers = set[[empty]], contextLoader = 'org.springframework.test.context.support.DelegatingSmartContextLoader', parent = [null]], attributes = map['org.springframework.test.context.event.ApplicationEventsTestExecutionListener.recordApplicationEvents' -> false]]
[INFO] Tests run: 3, Failures: 0, Errors: 0, Skipped: 0, Time elapsed: 0.033 s - in org.mybatis.jpetstore.mapper.ProductMapperTest
[INFO] Running org.mybatis.jpetstore.mapper.AccountMapperTest
[main] INFO org.springframework.test.context.support.DefaultTestContextBootstrapper - Loaded default TestExecutionListener class names from location [META-INF/spring.factories]: [org.springframework.test.context.web.ServletTestExecutionListener, org.springframework.test.context.support.DirtiesContextBeforeModesTestExecutionListener, org.springframework.test.context.event.ApplicationEventsTestExecutionListener, org.springframework.test.context.support.DependencyInjectionTestExecutionListener, org.springframework.test.context.support.DirtiesContextTestExecutionListener, org.springframework.test.context.transaction.TransactionalTestExecutionListener, org.springframework.test.context.jdbc.SqlScriptsTestExecutionListener, org.springframework.test.context.event.EventPublishingTestExecutionListener]
[main] INFO org.springframework.test.context.support.DefaultTestContextBootstrapper - Using TestExecutionListeners: [org.springframework.test.context.web.ServletTestExecutionListener@52c15901, org.springframework.test.context.support.DirtiesContextBeforeModesTestExecutionListener@11cee3bc, org.springframework.test.context.event.ApplicationEventsTestExecutionListener@686fdb55, org.springframework.test.context.support.DependencyInjectionTestExecutionListener@5bc28b97, org.springframework.test.context.support.DirtiesContextTestExecutionListener@313d8bf, org.springframework.test.context.transaction.TransactionalTestExecutionListener@65a61862, org.springframework.test.context.jdbc.SqlScriptsTestExecutionListener@7385c2f0, org.springframework.test.context.event.EventPublishingTestExecutionListener@3c546124]
[main] INFO org.springframework.test.context.transaction.TransactionContext - Began transaction (1) for test context [DefaultTestContext@608e7e46 testClass = AccountMapperTest, testInstance = org.mybatis.jpetstore.mapper.AccountMapperTest@487ce7c7, testMethod = updateProfile@AccountMapperTest, testException = [null], mergedContextConfiguration = [MergedContextConfiguration@6f8922c0 testClass = AccountMapperTest, locations = '{}', classes = '{class org.mybatis.jpetstore.mapper.MapperTestContext}', contextInitializerClasses = '[]', activeProfiles = '{}', propertySourceLocations = '{}', propertySourceProperties = '{}', contextCustomizers = set[[empty]], contextLoader = 'org.springframework.test.context.support.DelegatingSmartContextLoader', parent = [null]], attributes = map['org.springframework.test.context.event.ApplicationEventsTestExecutionListener.recordApplicationEvents' -> false]]; transaction manager [org.springframework.jdbc.datasource.DataSourceTransactionManager@3d99cc44]; rollback [true]
[main] INFO org.springframework.test.context.transaction.TransactionContext - Rolled back transaction for test: [DefaultTestContext@608e7e46 testClass = AccountMapperTest, testInstance = org.mybatis.jpetstore.mapper.AccountMapperTest@487ce7c7, testMethod = updateProfile@AccountMapperTest, testException = [null], mergedContextConfiguration = [MergedContextConfiguration@6f8922c0 testClass = AccountMapperTest, locations = '{}', classes = '{class org.mybatis.jpetstore.mapper.MapperTestContext}', contextInitializerClasses = '[]', activeProfiles = '{}', propertySourceLocations = '{}', propertySourceProperties = '{}', contextCustomizers = set[[empty]], contextLoader = 'org.springframework.test.context.support.DelegatingSmartContextLoader', parent = [null]], attributes = map['org.springframework.test.context.event.ApplicationEventsTestExecutionListener.recordApplicationEvents' -> false]]
[main] INFO org.springframework.test.context.transaction.TransactionContext - Began transaction (1) for test context [DefaultTestContext@608e7e46 testClass = AccountMapperTest, testInstance = org.mybatis.jpetstore.mapper.AccountMapperTest@569306fe, testMethod = getAccountByUsername@AccountMapperTest, testException = [null], mergedContextConfiguration = [MergedContextConfiguration@6f8922c0 testClass = AccountMapperTest, locations = '{}', classes = '{class org.mybatis.jpetstore.mapper.MapperTestContext}', contextInitializerClasses = '[]', activeProfiles = '{}', propertySourceLocations = '{}', propertySourceProperties = '{}', contextCustomizers = set[[empty]], contextLoader = 'org.springframework.test.context.support.DelegatingSmartContextLoader', parent = [null]], attributes = map['org.springframework.test.context.event.ApplicationEventsTestExecutionListener.recordApplicationEvents' -> false]]; transaction manager [org.springframework.jdbc.datasource.DataSourceTransactionManager@3d99cc44]; rollback [true]
[main] INFO org.springframework.test.context.transaction.TransactionContext - Rolled back transaction for test: [DefaultTestContext@608e7e46 testClass = AccountMapperTest, testInstance = org.mybatis.jpetstore.mapper.AccountMapperTest@569306fe, testMethod = getAccountByUsername@AccountMapperTest, testException = [null], mergedContextConfiguration = [MergedContextConfiguration@6f8922c0 testClass = AccountMapperTest, locations = '{}', classes = '{class org.mybatis.jpetstore.mapper.MapperTestContext}', contextInitializerClasses = '[]', activeProfiles = '{}', propertySourceLocations = '{}', propertySourceProperties = '{}', contextCustomizers = set[[empty]], contextLoader = 'org.springframework.test.context.support.DelegatingSmartContextLoader', parent = [null]], attributes = map['org.springframework.test.context.event.ApplicationEventsTestExecutionListener.recordApplicationEvents' -> false]]
[main] INFO org.springframework.test.context.transaction.TransactionContext - Began transaction (1) for test context [DefaultTestContext@608e7e46 testClass = AccountMapperTest, testInstance = org.mybatis.jpetstore.mapper.AccountMapperTest@5dfe38df, testMethod = insertAccount@AccountMapperTest, testException = [null], mergedContextConfiguration = [MergedContextConfiguration@6f8922c0 testClass = AccountMapperTest, locations = '{}', classes = '{class org.mybatis.jpetstore.mapper.MapperTestContext}', contextInitializerClasses = '[]', activeProfiles = '{}', propertySourceLocations = '{}', propertySourceProperties = '{}', contextCustomizers = set[[empty]], contextLoader = 'org.springframework.test.context.support.DelegatingSmartContextLoader', parent = [null]], attributes = map['org.springframework.test.context.event.ApplicationEventsTestExecutionListener.recordApplicationEvents' -> false]]; transaction manager [org.springframework.jdbc.datasource.DataSourceTransactionManager@3d99cc44]; rollback [true]
[main] INFO org.springframework.test.context.transaction.TransactionContext - Rolled back transaction for test: [DefaultTestContext@608e7e46 testClass = AccountMapperTest, testInstance = org.mybatis.jpetstore.mapper.AccountMapperTest@5dfe38df, testMethod = insertAccount@AccountMapperTest, testException = [null], mergedContextConfiguration = [MergedContextConfiguration@6f8922c0 testClass = AccountMapperTest, locations = '{}', classes = '{class org.mybatis.jpetstore.mapper.MapperTestContext}', contextInitializerClasses = '[]', activeProfiles = '{}', propertySourceLocations = '{}', propertySourceProperties = '{}', contextCustomizers = set[[empty]], contextLoader = 'org.springframework.test.context.support.DelegatingSmartContextLoader', parent = [null]], attributes = map['org.springframework.test.context.event.ApplicationEventsTestExecutionListener.recordApplicationEvents' -> false]]
[main] INFO org.springframework.test.context.transaction.TransactionContext - Began transaction (1) for test context [DefaultTestContext@608e7e46 testClass = AccountMapperTest, testInstance = org.mybatis.jpetstore.mapper.AccountMapperTest@4c190267, testMethod = updateSignon@AccountMapperTest, testException = [null], mergedContextConfiguration = [MergedContextConfiguration@6f8922c0 testClass = AccountMapperTest, locations = '{}', classes = '{class org.mybatis.jpetstore.mapper.MapperTestContext}', contextInitializerClasses = '[]', activeProfiles = '{}', propertySourceLocations = '{}', propertySourceProperties = '{}', contextCustomizers = set[[empty]], contextLoader = 'org.springframework.test.context.support.DelegatingSmartContextLoader', parent = [null]], attributes = map['org.springframework.test.context.event.ApplicationEventsTestExecutionListener.recordApplicationEvents' -> false]]; transaction manager [org.springframework.jdbc.datasource.DataSourceTransactionManager@3d99cc44]; rollback [true]
[main] INFO org.springframework.test.context.transaction.TransactionContext - Rolled back transaction for test: [DefaultTestContext@608e7e46 testClass = AccountMapperTest, testInstance = org.mybatis.jpetstore.mapper.AccountMapperTest@4c190267, testMethod = updateSignon@AccountMapperTest, testException = [null], mergedContextConfiguration = [MergedContextConfiguration@6f8922c0 testClass = AccountMapperTest, locations = '{}', classes = '{class org.mybatis.jpetstore.mapper.MapperTestContext}', contextInitializerClasses = '[]', activeProfiles = '{}', propertySourceLocations = '{}', propertySourceProperties = '{}', contextCustomizers = set[[empty]], contextLoader = 'org.springframework.test.context.support.DelegatingSmartContextLoader', parent = [null]], attributes = map['org.springframework.test.context.event.ApplicationEventsTestExecutionListener.recordApplicationEvents' -> false]]
[main] INFO org.springframework.test.context.transaction.TransactionContext - Began transaction (1) for test context [DefaultTestContext@608e7e46 testClass = AccountMapperTest, testInstance = org.mybatis.jpetstore.mapper.AccountMapperTest@30ba6068, testMethod = insertProfile@AccountMapperTest, testException = [null], mergedContextConfiguration = [MergedContextConfiguration@6f8922c0 testClass = AccountMapperTest, locations = '{}', classes = '{class org.mybatis.jpetstore.mapper.MapperTestContext}', contextInitializerClasses = '[]', activeProfiles = '{}', propertySourceLocations = '{}', propertySourceProperties = '{}', contextCustomizers = set[[empty]], contextLoader = 'org.springframework.test.context.support.DelegatingSmartContextLoader', parent = [null]], attributes = map['org.springframework.test.context.event.ApplicationEventsTestExecutionListener.recordApplicationEvents' -> false]]; transaction manager [org.springframework.jdbc.datasource.DataSourceTransactionManager@3d99cc44]; rollback [true]
[main] INFO org.springframework.test.context.transaction.TransactionContext - Rolled back transaction for test: [DefaultTestContext@608e7e46 testClass = AccountMapperTest, testInstance = org.mybatis.jpetstore.mapper.AccountMapperTest@30ba6068, testMethod = insertProfile@AccountMapperTest, testException = [null], mergedContextConfiguration = [MergedContextConfiguration@6f8922c0 testClass = AccountMapperTest, locations = '{}', classes = '{class org.mybatis.jpetstore.mapper.MapperTestContext}', contextInitializerClasses = '[]', activeProfiles = '{}', propertySourceLocations = '{}', propertySourceProperties = '{}', contextCustomizers = set[[empty]], contextLoader = 'org.springframework.test.context.support.DelegatingSmartContextLoader', parent = [null]], attributes = map['org.springframework.test.context.event.ApplicationEventsTestExecutionListener.recordApplicationEvents' -> false]]
[main] INFO org.springframework.test.context.transaction.TransactionContext - Began transaction (1) for test context [DefaultTestContext@608e7e46 testClass = AccountMapperTest, testInstance = org.mybatis.jpetstore.mapper.AccountMapperTest@71fa5b2d, testMethod = getAccountByUsernameAndPassword@AccountMapperTest, testException = [null], mergedContextConfiguration = [MergedContextConfiguration@6f8922c0 testClass = AccountMapperTest, locations = '{}', classes = '{class org.mybatis.jpetstore.mapper.MapperTestContext}', contextInitializerClasses = '[]', activeProfiles = '{}', propertySourceLocations = '{}', propertySourceProperties = '{}', contextCustomizers = set[[empty]], contextLoader = 'org.springframework.test.context.support.DelegatingSmartContextLoader', parent = [null]], attributes = map['org.springframework.test.context.event.ApplicationEventsTestExecutionListener.recordApplicationEvents' -> false]]; transaction manager [org.springframework.jdbc.datasource.DataSourceTransactionManager@3d99cc44]; rollback [true]
[main] INFO org.springframework.test.context.transaction.TransactionContext - Rolled back transaction for test: [DefaultTestContext@608e7e46 testClass = AccountMapperTest, testInstance = org.mybatis.jpetstore.mapper.AccountMapperTest@71fa5b2d, testMethod = getAccountByUsernameAndPassword@AccountMapperTest, testException = [null], mergedContextConfiguration = [MergedContextConfiguration@6f8922c0 testClass = AccountMapperTest, locations = '{}', classes = '{class org.mybatis.jpetstore.mapper.MapperTestContext}', contextInitializerClasses = '[]', activeProfiles = '{}', propertySourceLocations = '{}', propertySourceProperties = '{}', contextCustomizers = set[[empty]], contextLoader = 'org.springframework.test.context.support.DelegatingSmartContextLoader', parent = [null]], attributes = map['org.springframework.test.context.event.ApplicationEventsTestExecutionListener.recordApplicationEvents' -> false]]
[main] INFO org.springframework.test.context.transaction.TransactionContext - Began transaction (1) for test context [DefaultTestContext@608e7e46 testClass = AccountMapperTest, testInstance = org.mybatis.jpetstore.mapper.AccountMapperTest@65dec1f6, testMethod = insertSignon@AccountMapperTest, testException = [null], mergedContextConfiguration = [MergedContextConfiguration@6f8922c0 testClass = AccountMapperTest, locations = '{}', classes = '{class org.mybatis.jpetstore.mapper.MapperTestContext}', contextInitializerClasses = '[]', activeProfiles = '{}', propertySourceLocations = '{}', propertySourceProperties = '{}', contextCustomizers = set[[empty]], contextLoader = 'org.springframework.test.context.support.DelegatingSmartContextLoader', parent = [null]], attributes = map['org.springframework.test.context.event.ApplicationEventsTestExecutionListener.recordApplicationEvents' -> false]]; transaction manager [org.springframework.jdbc.datasource.DataSourceTransactionManager@3d99cc44]; rollback [true]
[main] INFO org.springframework.test.context.transaction.TransactionContext - Rolled back transaction for test: [DefaultTestContext@608e7e46 testClass = AccountMapperTest, testInstance = org.mybatis.jpetstore.mapper.AccountMapperTest@65dec1f6, testMethod = insertSignon@AccountMapperTest, testException = [null], mergedContextConfiguration = [MergedContextConfiguration@6f8922c0 testClass = AccountMapperTest, locations = '{}', classes = '{class org.mybatis.jpetstore.mapper.MapperTestContext}', contextInitializerClasses = '[]', activeProfiles = '{}', propertySourceLocations = '{}', propertySourceProperties = '{}', contextCustomizers = set[[empty]], contextLoader = 'org.springframework.test.context.support.DelegatingSmartContextLoader', parent = [null]], attributes = map['org.springframework.test.context.event.ApplicationEventsTestExecutionListener.recordApplicationEvents' -> false]]
[main] INFO org.springframework.test.context.transaction.TransactionContext - Began transaction (1) for test context [DefaultTestContext@608e7e46 testClass = AccountMapperTest, testInstance = org.mybatis.jpetstore.mapper.AccountMapperTest@442b400, testMethod = updateAccount@AccountMapperTest, testException = [null], mergedContextConfiguration = [MergedContextConfiguration@6f8922c0 testClass = AccountMapperTest, locations = '{}', classes = '{class org.mybatis.jpetstore.mapper.MapperTestContext}', contextInitializerClasses = '[]', activeProfiles = '{}', propertySourceLocations = '{}', propertySourceProperties = '{}', contextCustomizers = set[[empty]], contextLoader = 'org.springframework.test.context.support.DelegatingSmartContextLoader', parent = [null]], attributes = map['org.springframework.test.context.event.ApplicationEventsTestExecutionListener.recordApplicationEvents' -> false]]; transaction manager [org.springframework.jdbc.datasource.DataSourceTransactionManager@3d99cc44]; rollback [true]
[main] INFO org.springframework.test.context.transaction.TransactionContext - Rolled back transaction for test: [DefaultTestContext@608e7e46 testClass = AccountMapperTest, testInstance = org.mybatis.jpetstore.mapper.AccountMapperTest@442b400, testMethod = updateAccount@AccountMapperTest, testException = [null], mergedContextConfiguration = [MergedContextConfiguration@6f8922c0 testClass = AccountMapperTest, locations = '{}', classes = '{class org.mybatis.jpetstore.mapper.MapperTestContext}', contextInitializerClasses = '[]', activeProfiles = '{}', propertySourceLocations = '{}', propertySourceProperties = '{}', contextCustomizers = set[[empty]], contextLoader = 'org.springframework.test.context.support.DelegatingSmartContextLoader', parent = [null]], attributes = map['org.springframework.test.context.event.ApplicationEventsTestExecutionListener.recordApplicationEvents' -> false]]
[INFO] Tests run: 8, Failures: 0, Errors: 0, Skipped: 0, Time elapsed: 0.103 s - in org.mybatis.jpetstore.mapper.AccountMapperTest
[INFO] Running org.mybatis.jpetstore.mapper.OrderMapperTest
[main] INFO org.springframework.test.context.support.DefaultTestContextBootstrapper - Loaded default TestExecutionListener class names from location [META-INF/spring.factories]: [org.springframework.test.context.web.ServletTestExecutionListener, org.springframework.test.context.support.DirtiesContextBeforeModesTestExecutionListener, org.springframework.test.context.event.ApplicationEventsTestExecutionListener, org.springframework.test.context.support.DependencyInjectionTestExecutionListener, org.springframework.test.context.support.DirtiesContextTestExecutionListener, org.springframework.test.context.transaction.TransactionalTestExecutionListener, org.springframework.test.context.jdbc.SqlScriptsTestExecutionListener, org.springframework.test.context.event.EventPublishingTestExecutionListener]
[main] INFO org.springframework.test.context.support.DefaultTestContextBootstrapper - Using TestExecutionListeners: [org.springframework.test.context.web.ServletTestExecutionListener@20984847, org.springframework.test.context.support.DirtiesContextBeforeModesTestExecutionListener@595a3150, org.springframework.test.context.event.ApplicationEventsTestExecutionListener@56d1c219, org.springframework.test.context.support.DependencyInjectionTestExecutionListener@3f853a53, org.springframework.test.context.support.DirtiesContextTestExecutionListener@5d3d8794, org.springframework.test.context.transaction.TransactionalTestExecutionListener@5565fdd2, org.springframework.test.context.jdbc.SqlScriptsTestExecutionListener@d7c3c6d, org.springframework.test.context.event.EventPublishingTestExecutionListener@1bbdd833]
[main] INFO org.springframework.test.context.transaction.TransactionContext - Began transaction (1) for test context [DefaultTestContext@4906e4cd testClass = OrderMapperTest, testInstance = org.mybatis.jpetstore.mapper.OrderMapperTest@c21da5f, testMethod = insertOrderStatus@OrderMapperTest, testException = [null], mergedContextConfiguration = [MergedContextConfiguration@3c1d9114 testClass = OrderMapperTest, locations = '{}', classes = '{class org.mybatis.jpetstore.mapper.MapperTestContext}', contextInitializerClasses = '[]', activeProfiles = '{}', propertySourceLocations = '{}', propertySourceProperties = '{}', contextCustomizers = set[[empty]], contextLoader = 'org.springframework.test.context.support.DelegatingSmartContextLoader', parent = [null]], attributes = map['org.springframework.test.context.event.ApplicationEventsTestExecutionListener.recordApplicationEvents' -> false]]; transaction manager [org.springframework.jdbc.datasource.DataSourceTransactionManager@3d99cc44]; rollback [true]
[main] INFO org.springframework.test.context.transaction.TransactionContext - Rolled back transaction for test: [DefaultTestContext@4906e4cd testClass = OrderMapperTest, testInstance = org.mybatis.jpetstore.mapper.OrderMapperTest@c21da5f, testMethod = insertOrderStatus@OrderMapperTest, testException = [null], mergedContextConfiguration = [MergedContextConfiguration@3c1d9114 testClass = OrderMapperTest, locations = '{}', classes = '{class org.mybatis.jpetstore.mapper.MapperTestContext}', contextInitializerClasses = '[]', activeProfiles = '{}', propertySourceLocations = '{}', propertySourceProperties = '{}', contextCustomizers = set[[empty]], contextLoader = 'org.springframework.test.context.support.DelegatingSmartContextLoader', parent = [null]], attributes = map['org.springframework.test.context.event.ApplicationEventsTestExecutionListener.recordApplicationEvents' -> false]]
[main] INFO org.springframework.test.context.transaction.TransactionContext - Began transaction (1) for test context [DefaultTestContext@4906e4cd testClass = OrderMapperTest, testInstance = org.mybatis.jpetstore.mapper.OrderMapperTest@52c3818d, testMethod = insertOrder@OrderMapperTest, testException = [null], mergedContextConfiguration = [MergedContextConfiguration@3c1d9114 testClass = OrderMapperTest, locations = '{}', classes = '{class org.mybatis.jpetstore.mapper.MapperTestContext}', contextInitializerClasses = '[]', activeProfiles = '{}', propertySourceLocations = '{}', propertySourceProperties = '{}', contextCustomizers = set[[empty]], contextLoader = 'org.springframework.test.context.support.DelegatingSmartContextLoader', parent = [null]], attributes = map['org.springframework.test.context.event.ApplicationEventsTestExecutionListener.recordApplicationEvents' -> false]]; transaction manager [org.springframework.jdbc.datasource.DataSourceTransactionManager@3d99cc44]; rollback [true]
[main] INFO org.springframework.test.context.transaction.TransactionContext - Rolled back transaction for test: [DefaultTestContext@4906e4cd testClass = OrderMapperTest, testInstance = org.mybatis.jpetstore.mapper.OrderMapperTest@52c3818d, testMethod = insertOrder@OrderMapperTest, testException = [null], mergedContextConfiguration = [MergedContextConfiguration@3c1d9114 testClass = OrderMapperTest, locations = '{}', classes = '{class org.mybatis.jpetstore.mapper.MapperTestContext}', contextInitializerClasses = '[]', activeProfiles = '{}', propertySourceLocations = '{}', propertySourceProperties = '{}', contextCustomizers = set[[empty]], contextLoader = 'org.springframework.test.context.support.DelegatingSmartContextLoader', parent = [null]], attributes = map['org.springframework.test.context.event.ApplicationEventsTestExecutionListener.recordApplicationEvents' -> false]]
[main] INFO org.springframework.test.context.transaction.TransactionContext - Began transaction (1) for test context [DefaultTestContext@4906e4cd testClass = OrderMapperTest, testInstance = org.mybatis.jpetstore.mapper.OrderMapperTest@788a2594, testMethod = getOrdersByUsername@OrderMapperTest, testException = [null], mergedContextConfiguration = [MergedContextConfiguration@3c1d9114 testClass = OrderMapperTest, locations = '{}', classes = '{class org.mybatis.jpetstore.mapper.MapperTestContext}', contextInitializerClasses = '[]', activeProfiles = '{}', propertySourceLocations = '{}', propertySourceProperties = '{}', contextCustomizers = set[[empty]], contextLoader = 'org.springframework.test.context.support.DelegatingSmartContextLoader', parent = [null]], attributes = map['org.springframework.test.context.event.ApplicationEventsTestExecutionListener.recordApplicationEvents' -> false]]; transaction manager [org.springframework.jdbc.datasource.DataSourceTransactionManager@3d99cc44]; rollback [true]
[main] INFO org.springframework.test.context.transaction.TransactionContext - Rolled back transaction for test: [DefaultTestContext@4906e4cd testClass = OrderMapperTest, testInstance = org.mybatis.jpetstore.mapper.OrderMapperTest@788a2594, testMethod = getOrdersByUsername@OrderMapperTest, testException = [null], mergedContextConfiguration = [MergedContextConfiguration@3c1d9114 testClass = OrderMapperTest, locations = '{}', classes = '{class org.mybatis.jpetstore.mapper.MapperTestContext}', contextInitializerClasses = '[]', activeProfiles = '{}', propertySourceLocations = '{}', propertySourceProperties = '{}', contextCustomizers = set[[empty]], contextLoader = 'org.springframework.test.context.support.DelegatingSmartContextLoader', parent = [null]], attributes = map['org.springframework.test.context.event.ApplicationEventsTestExecutionListener.recordApplicationEvents' -> false]]
[main] INFO org.springframework.test.context.transaction.TransactionContext - Began transaction (1) for test context [DefaultTestContext@4906e4cd testClass = OrderMapperTest, testInstance = org.mybatis.jpetstore.mapper.OrderMapperTest@26bbde6b, testMethod = getOrder@OrderMapperTest, testException = [null], mergedContextConfiguration = [MergedContextConfiguration@3c1d9114 testClass = OrderMapperTest, locations = '{}', classes = '{class org.mybatis.jpetstore.mapper.MapperTestContext}', contextInitializerClasses = '[]', activeProfiles = '{}', propertySourceLocations = '{}', propertySourceProperties = '{}', contextCustomizers = set[[empty]], contextLoader = 'org.springframework.test.context.support.DelegatingSmartContextLoader', parent = [null]], attributes = map['org.springframework.test.context.event.ApplicationEventsTestExecutionListener.recordApplicationEvents' -> false]]; transaction manager [org.springframework.jdbc.datasource.DataSourceTransactionManager@3d99cc44]; rollback [true]
[main] INFO org.springframework.test.context.transaction.TransactionContext - Rolled back transaction for test: [DefaultTestContext@4906e4cd testClass = OrderMapperTest, testInstance = org.mybatis.jpetstore.mapper.OrderMapperTest@26bbde6b, testMethod = getOrder@OrderMapperTest, testException = [null], mergedContextConfiguration = [MergedContextConfiguration@3c1d9114 testClass = OrderMapperTest, locations = '{}', classes = '{class org.mybatis.jpetstore.mapper.MapperTestContext}', contextInitializerClasses = '[]', activeProfiles = '{}', propertySourceLocations = '{}', propertySourceProperties = '{}', contextCustomizers = set[[empty]], contextLoader = 'org.springframework.test.context.support.DelegatingSmartContextLoader', parent = [null]], attributes = map['org.springframework.test.context.event.ApplicationEventsTestExecutionListener.recordApplicationEvents' -> false]]
[INFO] Tests run: 4, Failures: 0, Errors: 0, Skipped: 0, Time elapsed: 0.031 s - in org.mybatis.jpetstore.mapper.OrderMapperTest
[INFO] Running org.mybatis.jpetstore.mapper.ItemMapperTest
[main] INFO org.springframework.test.context.support.DefaultTestContextBootstrapper - Loaded default TestExecutionListener class names from location [META-INF/spring.factories]: [org.springframework.test.context.web.ServletTestExecutionListener, org.springframework.test.context.support.DirtiesContextBeforeModesTestExecutionListener, org.springframework.test.context.event.ApplicationEventsTestExecutionListener, org.springframework.test.context.support.DependencyInjectionTestExecutionListener, org.springframework.test.context.support.DirtiesContextTestExecutionListener, org.springframework.test.context.transaction.TransactionalTestExecutionListener, org.springframework.test.context.jdbc.SqlScriptsTestExecutionListener, org.springframework.test.context.event.EventPublishingTestExecutionListener]
[main] INFO org.springframework.test.context.support.DefaultTestContextBootstrapper - Using TestExecutionListeners: [org.springframework.test.context.web.ServletTestExecutionListener@60fe0da9, org.springframework.test.context.support.DirtiesContextBeforeModesTestExecutionListener@7b5ea373, org.springframework.test.context.event.ApplicationEventsTestExecutionListener@705cc9c5, org.springframework.test.context.support.DependencyInjectionTestExecutionListener@1e7ea33b, org.springframework.test.context.support.DirtiesContextTestExecutionListener@e7d7618, org.springframework.test.context.transaction.TransactionalTestExecutionListener@b6199f, org.springframework.test.context.jdbc.SqlScriptsTestExecutionListener@16b2eaad, org.springframework.test.context.event.EventPublishingTestExecutionListener@7d3ef43b]
[main] INFO org.springframework.test.context.transaction.TransactionContext - Began transaction (1) for test context [DefaultTestContext@23afde4a testClass = ItemMapperTest, testInstance = org.mybatis.jpetstore.mapper.ItemMapperTest@f94dd0d, testMethod = updateInventoryQuantity@ItemMapperTest, testException = [null], mergedContextConfiguration = [MergedContextConfiguration@47c2ba49 testClass = ItemMapperTest, locations = '{}', classes = '{class org.mybatis.jpetstore.mapper.MapperTestContext}', contextInitializerClasses = '[]', activeProfiles = '{}', propertySourceLocations = '{}', propertySourceProperties = '{}', contextCustomizers = set[[empty]], contextLoader = 'org.springframework.test.context.support.DelegatingSmartContextLoader', parent = [null]], attributes = map['org.springframework.test.context.event.ApplicationEventsTestExecutionListener.recordApplicationEvents' -> false]]; transaction manager [org.springframework.jdbc.datasource.DataSourceTransactionManager@3d99cc44]; rollback [true]
[main] INFO org.springframework.test.context.transaction.TransactionContext - Rolled back transaction for test: [DefaultTestContext@23afde4a testClass = ItemMapperTest, testInstance = org.mybatis.jpetstore.mapper.ItemMapperTest@f94dd0d, testMethod = updateInventoryQuantity@ItemMapperTest, testException = [null], mergedContextConfiguration = [MergedContextConfiguration@47c2ba49 testClass = ItemMapperTest, locations = '{}', classes = '{class org.mybatis.jpetstore.mapper.MapperTestContext}', contextInitializerClasses = '[]', activeProfiles = '{}', propertySourceLocations = '{}', propertySourceProperties = '{}', contextCustomizers = set[[empty]], contextLoader = 'org.springframework.test.context.support.DelegatingSmartContextLoader', parent = [null]], attributes = map['org.springframework.test.context.event.ApplicationEventsTestExecutionListener.recordApplicationEvents' -> false]]
[main] INFO org.springframework.test.context.transaction.TransactionContext - Began transaction (1) for test context [DefaultTestContext@23afde4a testClass = ItemMapperTest, testInstance = org.mybatis.jpetstore.mapper.ItemMapperTest@29beabc4, testMethod = getInventoryQuantity@ItemMapperTest, testException = [null], mergedContextConfiguration = [MergedContextConfiguration@47c2ba49 testClass = ItemMapperTest, locations = '{}', classes = '{class org.mybatis.jpetstore.mapper.MapperTestContext}', contextInitializerClasses = '[]', activeProfiles = '{}', propertySourceLocations = '{}', propertySourceProperties = '{}', contextCustomizers = set[[empty]], contextLoader = 'org.springframework.test.context.support.DelegatingSmartContextLoader', parent = [null]], attributes = map['org.springframework.test.context.event.ApplicationEventsTestExecutionListener.recordApplicationEvents' -> false]]; transaction manager [org.springframework.jdbc.datasource.DataSourceTransactionManager@3d99cc44]; rollback [true]
[main] INFO org.springframework.test.context.transaction.TransactionContext - Rolled back transaction for test: [DefaultTestContext@23afde4a testClass = ItemMapperTest, testInstance = org.mybatis.jpetstore.mapper.ItemMapperTest@29beabc4, testMethod = getInventoryQuantity@ItemMapperTest, testException = [null], mergedContextConfiguration = [MergedContextConfiguration@47c2ba49 testClass = ItemMapperTest, locations = '{}', classes = '{class org.mybatis.jpetstore.mapper.MapperTestContext}', contextInitializerClasses = '[]', activeProfiles = '{}', propertySourceLocations = '{}', propertySourceProperties = '{}', contextCustomizers = set[[empty]], contextLoader = 'org.springframework.test.context.support.DelegatingSmartContextLoader', parent = [null]], attributes = map['org.springframework.test.context.event.ApplicationEventsTestExecutionListener.recordApplicationEvents' -> false]]
[main] INFO org.springframework.test.context.transaction.TransactionContext - Began transaction (1) for test context [DefaultTestContext@23afde4a testClass = ItemMapperTest, testInstance = org.mybatis.jpetstore.mapper.ItemMapperTest@245db886, testMethod = getItem@ItemMapperTest, testException = [null], mergedContextConfiguration = [MergedContextConfiguration@47c2ba49 testClass = ItemMapperTest, locations = '{}', classes = '{class org.mybatis.jpetstore.mapper.MapperTestContext}', contextInitializerClasses = '[]', activeProfiles = '{}', propertySourceLocations = '{}', propertySourceProperties = '{}', contextCustomizers = set[[empty]], contextLoader = 'org.springframework.test.context.support.DelegatingSmartContextLoader', parent = [null]], attributes = map['org.springframework.test.context.event.ApplicationEventsTestExecutionListener.recordApplicationEvents' -> false]]; transaction manager [org.springframework.jdbc.datasource.DataSourceTransactionManager@3d99cc44]; rollback [true]
[main] INFO org.springframework.test.context.transaction.TransactionContext - Rolled back transaction for test: [DefaultTestContext@23afde4a testClass = ItemMapperTest, testInstance = org.mybatis.jpetstore.mapper.ItemMapperTest@245db886, testMethod = getItem@ItemMapperTest, testException = [null], mergedContextConfiguration = [MergedContextConfiguration@47c2ba49 testClass = ItemMapperTest, locations = '{}', classes = '{class org.mybatis.jpetstore.mapper.MapperTestContext}', contextInitializerClasses = '[]', activeProfiles = '{}', propertySourceLocations = '{}', propertySourceProperties = '{}', contextCustomizers = set[[empty]], contextLoader = 'org.springframework.test.context.support.DelegatingSmartContextLoader', parent = [null]], attributes = map['org.springframework.test.context.event.ApplicationEventsTestExecutionListener.recordApplicationEvents' -> false]]
[main] INFO org.springframework.test.context.transaction.TransactionContext - Began transaction (1) for test context [DefaultTestContext@23afde4a testClass = ItemMapperTest, testInstance = org.mybatis.jpetstore.mapper.ItemMapperTest@2833808, testMethod = getItemListByProduct@ItemMapperTest, testException = [null], mergedContextConfiguration = [MergedContextConfiguration@47c2ba49 testClass = ItemMapperTest, locations = '{}', classes = '{class org.mybatis.jpetstore.mapper.MapperTestContext}', contextInitializerClasses = '[]', activeProfiles = '{}', propertySourceLocations = '{}', propertySourceProperties = '{}', contextCustomizers = set[[empty]], contextLoader = 'org.springframework.test.context.support.DelegatingSmartContextLoader', parent = [null]], attributes = map['org.springframework.test.context.event.ApplicationEventsTestExecutionListener.recordApplicationEvents' -> false]]; transaction manager [org.springframework.jdbc.datasource.DataSourceTransactionManager@3d99cc44]; rollback [true]
[main] INFO org.springframework.test.context.transaction.TransactionContext - Rolled back transaction for test: [DefaultTestContext@23afde4a testClass = ItemMapperTest, testInstance = org.mybatis.jpetstore.mapper.ItemMapperTest@2833808, testMethod = getItemListByProduct@ItemMapperTest, testException = [null], mergedContextConfiguration = [MergedContextConfiguration@47c2ba49 testClass = ItemMapperTest, locations = '{}', classes = '{class org.mybatis.jpetstore.mapper.MapperTestContext}', contextInitializerClasses = '[]', activeProfiles = '{}', propertySourceLocations = '{}', propertySourceProperties = '{}', contextCustomizers = set[[empty]], contextLoader = 'org.springframework.test.context.support.DelegatingSmartContextLoader', parent = [null]], attributes = map['org.springframework.test.context.event.ApplicationEventsTestExecutionListener.recordApplicationEvents' -> false]]
[INFO] Tests run: 4, Failures: 0, Errors: 0, Skipped: 0, Time elapsed: 0.036 s - in org.mybatis.jpetstore.mapper.ItemMapperTest
[INFO] Running org.mybatis.jpetstore.mapper.LineItemMapperTest
[main] INFO org.springframework.test.context.support.DefaultTestContextBootstrapper - Loaded default TestExecutionListener class names from location [META-INF/spring.factories]: [org.springframework.test.context.web.ServletTestExecutionListener, org.springframework.test.context.support.DirtiesContextBeforeModesTestExecutionListener, org.springframework.test.context.event.ApplicationEventsTestExecutionListener, org.springframework.test.context.support.DependencyInjectionTestExecutionListener, org.springframework.test.context.support.DirtiesContextTestExecutionListener, org.springframework.test.context.transaction.TransactionalTestExecutionListener, org.springframework.test.context.jdbc.SqlScriptsTestExecutionListener, org.springframework.test.context.event.EventPublishingTestExecutionListener]
[main] INFO org.springframework.test.context.support.DefaultTestContextBootstrapper - Using TestExecutionListeners: [org.springframework.test.context.web.ServletTestExecutionListener@1594c502, org.springframework.test.context.support.DirtiesContextBeforeModesTestExecutionListener@7e9d3832, org.springframework.test.context.event.ApplicationEventsTestExecutionListener@33c8a528, org.springframework.test.context.support.DependencyInjectionTestExecutionListener@2562e38d, org.springframework.test.context.support.DirtiesContextTestExecutionListener@16ed8ef6, org.springframework.test.context.transaction.TransactionalTestExecutionListener@12678b1, org.springframework.test.context.jdbc.SqlScriptsTestExecutionListener@77b16c58, org.springframework.test.context.event.EventPublishingTestExecutionListener@45fd87a8]
[main] INFO org.springframework.test.context.transaction.TransactionContext - Began transaction (1) for test context [DefaultTestContext@580a4873 testClass = LineItemMapperTest, testInstance = org.mybatis.jpetstore.mapper.LineItemMapperTest@e9f436e, testMethod = getLineItemsByOrderId@LineItemMapperTest, testException = [null], mergedContextConfiguration = [MergedContextConfiguration@62442217 testClass = LineItemMapperTest, locations = '{}', classes = '{class org.mybatis.jpetstore.mapper.MapperTestContext}', contextInitializerClasses = '[]', activeProfiles = '{}', propertySourceLocations = '{}', propertySourceProperties = '{}', contextCustomizers = set[[empty]], contextLoader = 'org.springframework.test.context.support.DelegatingSmartContextLoader', parent = [null]], attributes = map['org.springframework.test.context.event.ApplicationEventsTestExecutionListener.recordApplicationEvents' -> false]]; transaction manager [org.springframework.jdbc.datasource.DataSourceTransactionManager@3d99cc44]; rollback [true]
[main] INFO org.springframework.test.context.transaction.TransactionContext - Rolled back transaction for test: [DefaultTestContext@580a4873 testClass = LineItemMapperTest, testInstance = org.mybatis.jpetstore.mapper.LineItemMapperTest@e9f436e, testMethod = getLineItemsByOrderId@LineItemMapperTest, testException = [null], mergedContextConfiguration = [MergedContextConfiguration@62442217 testClass = LineItemMapperTest, locations = '{}', classes = '{class org.mybatis.jpetstore.mapper.MapperTestContext}', contextInitializerClasses = '[]', activeProfiles = '{}', propertySourceLocations = '{}', propertySourceProperties = '{}', contextCustomizers = set[[empty]], contextLoader = 'org.springframework.test.context.support.DelegatingSmartContextLoader', parent = [null]], attributes = map['org.springframework.test.context.event.ApplicationEventsTestExecutionListener.recordApplicationEvents' -> false]]
[main] INFO org.springframework.test.context.transaction.TransactionContext - Began transaction (1) for test context [DefaultTestContext@580a4873 testClass = LineItemMapperTest, testInstance = org.mybatis.jpetstore.mapper.LineItemMapperTest@34e17afb, testMethod = insertLineItem@LineItemMapperTest, testException = [null], mergedContextConfiguration = [MergedContextConfiguration@62442217 testClass = LineItemMapperTest, locations = '{}', classes = '{class org.mybatis.jpetstore.mapper.MapperTestContext}', contextInitializerClasses = '[]', activeProfiles = '{}', propertySourceLocations = '{}', propertySourceProperties = '{}', contextCustomizers = set[[empty]], contextLoader = 'org.springframework.test.context.support.DelegatingSmartContextLoader', parent = [null]], attributes = map['org.springframework.test.context.event.ApplicationEventsTestExecutionListener.recordApplicationEvents' -> false]]; transaction manager [org.springframework.jdbc.datasource.DataSourceTransactionManager@3d99cc44]; rollback [true]
[main] INFO org.springframework.test.context.transaction.TransactionContext - Rolled back transaction for test: [DefaultTestContext@580a4873 testClass = LineItemMapperTest, testInstance = org.mybatis.jpetstore.mapper.LineItemMapperTest@34e17afb, testMethod = insertLineItem@LineItemMapperTest, testException = [null], mergedContextConfiguration = [MergedContextConfiguration@62442217 testClass = LineItemMapperTest, locations = '{}', classes = '{class org.mybatis.jpetstore.mapper.MapperTestContext}', contextInitializerClasses = '[]', activeProfiles = '{}', propertySourceLocations = '{}', propertySourceProperties = '{}', contextCustomizers = set[[empty]], contextLoader = 'org.springframework.test.context.support.DelegatingSmartContextLoader', parent = [null]], attributes = map['org.springframework.test.context.event.ApplicationEventsTestExecutionListener.recordApplicationEvents' -> false]]
[INFO] Tests run: 2, Failures: 0, Errors: 0, Skipped: 0, Time elapsed: 0.014 s - in org.mybatis.jpetstore.mapper.LineItemMapperTest
[INFO] Running org.mybatis.jpetstore.mapper.CategoryMapperTest
[main] INFO org.springframework.test.context.support.DefaultTestContextBootstrapper - Loaded default TestExecutionListener class names from location [META-INF/spring.factories]: [org.springframework.test.context.web.ServletTestExecutionListener, org.springframework.test.context.support.DirtiesContextBeforeModesTestExecutionListener, org.springframework.test.context.event.ApplicationEventsTestExecutionListener, org.springframework.test.context.support.DependencyInjectionTestExecutionListener, org.springframework.test.context.support.DirtiesContextTestExecutionListener, org.springframework.test.context.transaction.TransactionalTestExecutionListener, org.springframework.test.context.jdbc.SqlScriptsTestExecutionListener, org.springframework.test.context.event.EventPublishingTestExecutionListener]
[main] INFO org.springframework.test.context.support.DefaultTestContextBootstrapper - Using TestExecutionListeners: [org.springframework.test.context.web.ServletTestExecutionListener@6090e5b5, org.springframework.test.context.support.DirtiesContextBeforeModesTestExecutionListener@5f196dfe, org.springframework.test.context.event.ApplicationEventsTestExecutionListener@94e72a4, org.springframework.test.context.support.DependencyInjectionTestExecutionListener@2ed5ae65, org.springframework.test.context.support.DirtiesContextTestExecutionListener@490f4b47, org.springframework.test.context.transaction.TransactionalTestExecutionListener@5dedb905, org.springframework.test.context.jdbc.SqlScriptsTestExecutionListener@27cc3b4e, org.springframework.test.context.event.EventPublishingTestExecutionListener@24690f54]
[main] INFO org.springframework.test.context.transaction.TransactionContext - Began transaction (1) for test context [DefaultTestContext@614ad27e testClass = CategoryMapperTest, testInstance = org.mybatis.jpetstore.mapper.CategoryMapperTest@db572ac, testMethod = getCategoryList@CategoryMapperTest, testException = [null], mergedContextConfiguration = [MergedContextConfiguration@63bb46a2 testClass = CategoryMapperTest, locations = '{}', classes = '{class org.mybatis.jpetstore.mapper.MapperTestContext}', contextInitializerClasses = '[]', activeProfiles = '{}', propertySourceLocations = '{}', propertySourceProperties = '{}', contextCustomizers = set[[empty]], contextLoader = 'org.springframework.test.context.support.DelegatingSmartContextLoader', parent = [null]], attributes = map['org.springframework.test.context.event.ApplicationEventsTestExecutionListener.recordApplicationEvents' -> false]]; transaction manager [org.springframework.jdbc.datasource.DataSourceTransactionManager@3d99cc44]; rollback [true]
[main] INFO org.springframework.test.context.transaction.TransactionContext - Rolled back transaction for test: [DefaultTestContext@614ad27e testClass = CategoryMapperTest, testInstance = org.mybatis.jpetstore.mapper.CategoryMapperTest@db572ac, testMethod = getCategoryList@CategoryMapperTest, testException = [null], mergedContextConfiguration = [MergedContextConfiguration@63bb46a2 testClass = CategoryMapperTest, locations = '{}', classes = '{class org.mybatis.jpetstore.mapper.MapperTestContext}', contextInitializerClasses = '[]', activeProfiles = '{}', propertySourceLocations = '{}', propertySourceProperties = '{}', contextCustomizers = set[[empty]], contextLoader = 'org.springframework.test.context.support.DelegatingSmartContextLoader', parent = [null]], attributes = map['org.springframework.test.context.event.ApplicationEventsTestExecutionListener.recordApplicationEvents' -> false]]
[main] INFO org.springframework.test.context.transaction.TransactionContext - Began transaction (1) for test context [DefaultTestContext@614ad27e testClass = CategoryMapperTest, testInstance = org.mybatis.jpetstore.mapper.CategoryMapperTest@750f713e, testMethod = getCategory@CategoryMapperTest, testException = [null], mergedContextConfiguration = [MergedContextConfiguration@63bb46a2 testClass = CategoryMapperTest, locations = '{}', classes = '{class org.mybatis.jpetstore.mapper.MapperTestContext}', contextInitializerClasses = '[]', activeProfiles = '{}', propertySourceLocations = '{}', propertySourceProperties = '{}', contextCustomizers = set[[empty]], contextLoader = 'org.springframework.test.context.support.DelegatingSmartContextLoader', parent = [null]], attributes = map['org.springframework.test.context.event.ApplicationEventsTestExecutionListener.recordApplicationEvents' -> false]]; transaction manager [org.springframework.jdbc.datasource.DataSourceTransactionManager@3d99cc44]; rollback [true]
[main] INFO org.springframework.test.context.transaction.TransactionContext - Rolled back transaction for test: [DefaultTestContext@614ad27e testClass = CategoryMapperTest, testInstance = org.mybatis.jpetstore.mapper.CategoryMapperTest@750f713e, testMethod = getCategory@CategoryMapperTest, testException = [null], mergedContextConfiguration = [MergedContextConfiguration@63bb46a2 testClass = CategoryMapperTest, locations = '{}', classes = '{class org.mybatis.jpetstore.mapper.MapperTestContext}', contextInitializerClasses = '[]', activeProfiles = '{}', propertySourceLocations = '{}', propertySourceProperties = '{}', contextCustomizers = set[[empty]], contextLoader = 'org.springframework.test.context.support.DelegatingSmartContextLoader', parent = [null]], attributes = map['org.springframework.test.context.event.ApplicationEventsTestExecutionListener.recordApplicationEvents' -> false]]
[INFO] Tests run: 2, Failures: 0, Errors: 0, Skipped: 0, Time elapsed: 0.01 s - in org.mybatis.jpetstore.mapper.CategoryMapperTest
[INFO] 
[INFO] Results:
[INFO] 
[INFO] Tests run: 74, Failures: 0, Errors: 0, Skipped: 0
[INFO] 
[INFO] ------------------------------------------------------------------------
[INFO] BUILD SUCCESS
[INFO] ------------------------------------------------------------------------
[INFO] Total time:  17.112 s
[INFO] Finished at: 2023-01-25T05:42:28Z
[INFO] ------------------------------------------------------------------------
