[INFO] Scanning for projects...
[INFO] 
[INFO] ---------------------< org.mybatis:mybatis-spring >---------------------
[INFO] Building mybatis-spring 2.1.0-SNAPSHOT
[INFO] --------------------------------[ jar ]---------------------------------
[INFO] 
[INFO] --- maven-clean-plugin:3.2.0:clean (default-clean) @ mybatis-spring ---
[INFO] Deleting /home/gabsko/breaking-updates/target
[INFO] 
[INFO] --- maven-enforcer-plugin:3.1.0:enforce (enforce-java) @ mybatis-spring ---
[INFO] Adding ignore: module-info
[INFO] 
[INFO] --- git-commit-id-maven-plugin:5.0.0:revision (git-commit-id) @ mybatis-spring ---
[INFO] 
[INFO] --- jacoco-maven-plugin:0.8.8:prepare-agent (prepare-agent) @ mybatis-spring ---
[INFO] argLine set to -javaagent:/home/gabsko/.m2/repository/org/jacoco/org.jacoco.agent/0.8.8/org.jacoco.agent-0.8.8-runtime.jar=destfile=/home/gabsko/breaking-updates/target/jacoco.exec -Djdk.attach.allowAttachSelf
[INFO] 
[INFO] --- whitespace-maven-plugin:1.0.4:trim (default) @ mybatis-spring ---
[INFO] 
[INFO] --- formatter-maven-plugin:2.20.0:format (default) @ mybatis-spring ---
[INFO] Processed 147 files in 1s601ms (Formatted: 0, Unchanged: 147, Failed: 0, Readonly: 0)
[INFO] 
[INFO] --- impsort-maven-plugin:1.7.0:sort (default) @ mybatis-spring ---
[INFO] Processed 119 files in 00:00.547 (Already Sorted: 119, Needed Sorting: 0)
[INFO] 
[INFO] --- license-maven-plugin:4.2.rc3:format (default) @ mybatis-spring ---
[INFO] Updating license headers...
[WARNING] Unknown file extension: /home/gabsko/breaking-updates/src/main/resources/META-INF/spring.handlers
[WARNING] Unknown file extension: /home/gabsko/breaking-updates/src/main/resources/META-INF/spring.schemas
[WARNING] Unable to find a comment style definition for some files. You may want to add a custom mapping for the relevant file extensions.
[INFO] 
[INFO] --- maven-resources-plugin:3.3.0:resources (default-resources) @ mybatis-spring ---
[INFO] Copying 2 resources to META-INF
[INFO] Copying 3 resources
[INFO] Copying 70 resources to /home/gabsko/breaking-updates/target/site-src
[INFO] 
[INFO] --- maven-compiler-plugin:3.10.1:compile (default-compile) @ mybatis-spring ---
[INFO] Compiling 33 source files to /home/gabsko/breaking-updates/target/classes
[INFO] /home/gabsko/breaking-updates/src/main/java/org/mybatis/spring/SqlSessionUtils.java: /home/gabsko/breaking-updates/src/main/java/org/mybatis/spring/SqlSessionUtils.java uses or overrides a deprecated API.
[INFO] /home/gabsko/breaking-updates/src/main/java/org/mybatis/spring/SqlSessionUtils.java: Recompile with -Xlint:deprecation for details.
[INFO] 
[INFO] --- maven-bundle-plugin:5.1.8:manifest (bundle-manifest) @ mybatis-spring ---
[INFO] No MANIFEST.MF file found, generating manifest.
[INFO] Writing manifest: /home/gabsko/breaking-updates/target/osgi/MANIFEST.MF
[INFO] 
[INFO] --- maven-resources-plugin:3.3.0:testResources (default-testResources) @ mybatis-spring ---
[INFO] Copying 39 resources
[INFO] 
[INFO] --- maven-compiler-plugin:3.10.1:testCompile (default-testCompile) @ mybatis-spring ---
[INFO] Compiling 86 source files to /home/gabsko/breaking-updates/target/test-classes
[INFO] /home/gabsko/breaking-updates/src/test/java/org/mybatis/spring/batch/builder/MyBatisCursorItemReaderBuilderTest.java: Some input files use or override a deprecated API.
[INFO] /home/gabsko/breaking-updates/src/test/java/org/mybatis/spring/batch/builder/MyBatisCursorItemReaderBuilderTest.java: Recompile with -Xlint:deprecation for details.
[INFO] 
[INFO] --- maven-surefire-plugin:3.0.0-M7:test (default-test) @ mybatis-spring ---
[INFO] Using auto detected provider org.apache.maven.surefire.junitplatform.JUnitPlatformProvider
[INFO] 
[INFO] -------------------------------------------------------
[INFO]  T E S T S
[INFO] -------------------------------------------------------
[INFO] Running org.mybatis.spring.transaction.SpringTransactionManagerTest
[INFO] Tests run: 4, Failures: 0, Errors: 0, Skipped: 0, Time elapsed: 0.543 s - in org.mybatis.spring.transaction.SpringTransactionManagerTest
[INFO] Running org.mybatis.spring.config.NamespaceTest
[INFO] Tests run: 10, Failures: 0, Errors: 0, Skipped: 0, Time elapsed: 1.231 s - in org.mybatis.spring.config.NamespaceTest
[INFO] Running org.mybatis.spring.batch.MyBatisBatchItemWriterTest
[INFO] Tests run: 5, Failures: 0, Errors: 0, Skipped: 0, Time elapsed: 0.673 s - in org.mybatis.spring.batch.MyBatisBatchItemWriterTest
[INFO] Running org.mybatis.spring.batch.SpringBatchTest
[main] INFO org.springframework.test.context.support.DefaultTestContextBootstrapper - Loaded default TestExecutionListener class names from location [META-INF/spring.factories]: [org.springframework.test.context.web.ServletTestExecutionListener, org.springframework.test.context.support.DirtiesContextBeforeModesTestExecutionListener, org.springframework.test.context.event.ApplicationEventsTestExecutionListener, org.springframework.test.context.support.DependencyInjectionTestExecutionListener, org.springframework.test.context.support.DirtiesContextTestExecutionListener, org.springframework.test.context.transaction.TransactionalTestExecutionListener, org.springframework.test.context.jdbc.SqlScriptsTestExecutionListener, org.springframework.test.context.event.EventPublishingTestExecutionListener]
[main] INFO org.springframework.test.context.support.DefaultTestContextBootstrapper - Using TestExecutionListeners: [org.springframework.test.context.web.ServletTestExecutionListener@4599f10c, org.springframework.test.context.support.DirtiesContextBeforeModesTestExecutionListener@256216b6, org.springframework.test.context.event.ApplicationEventsTestExecutionListener@2f336e00, org.springframework.test.context.support.DependencyInjectionTestExecutionListener@3e491595, org.springframework.test.context.support.DirtiesContextTestExecutionListener@345292c1, org.springframework.test.context.transaction.TransactionalTestExecutionListener@1b0e55b, org.springframework.test.context.jdbc.SqlScriptsTestExecutionListener@35c7c803, org.springframework.test.context.event.EventPublishingTestExecutionListener@43549693]
[main] INFO org.springframework.jdbc.datasource.embedded.EmbeddedDatabaseFactory - Starting embedded database: url='jdbc:hsqldb:mem:dataSource', username='sa'
[main] INFO org.springframework.test.context.transaction.TransactionContext - Began transaction (1) for test context [DefaultTestContext@172ee77c testClass = SpringBatchTest, testInstance = org.mybatis.spring.batch.SpringBatchTest@6e78383c, testMethod = shouldDuplicateSalaryOfAllEmployees@SpringBatchTest, testException = [null], mergedContextConfiguration = [MergedContextConfiguration@7fa817ba testClass = SpringBatchTest, locations = '{classpath:org/mybatis/spring/batch/applicationContext.xml}', classes = '{}', contextInitializerClasses = '[]', activeProfiles = '{}', propertySourceLocations = '{}', propertySourceProperties = '{}', contextCustomizers = set[[empty]], contextLoader = 'org.springframework.test.context.support.DelegatingSmartContextLoader', parent = [null]], attributes = map['org.springframework.test.context.event.ApplicationEventsTestExecutionListener.recordApplicationEvents' -> false]]; transaction manager [org.springframework.jdbc.datasource.DataSourceTransactionManager@43424634]; rollback [true]
[main] INFO org.springframework.test.context.transaction.TransactionContext - Rolled back transaction for test: [DefaultTestContext@172ee77c testClass = SpringBatchTest, testInstance = org.mybatis.spring.batch.SpringBatchTest@6e78383c, testMethod = shouldDuplicateSalaryOfAllEmployees@SpringBatchTest, testException = [null], mergedContextConfiguration = [MergedContextConfiguration@7fa817ba testClass = SpringBatchTest, locations = '{classpath:org/mybatis/spring/batch/applicationContext.xml}', classes = '{}', contextInitializerClasses = '[]', activeProfiles = '{}', propertySourceLocations = '{}', propertySourceProperties = '{}', contextCustomizers = set[[empty]], contextLoader = 'org.springframework.test.context.support.DelegatingSmartContextLoader', parent = [null]], attributes = map['org.springframework.test.context.event.ApplicationEventsTestExecutionListener.recordApplicationEvents' -> false]]
[main] INFO org.springframework.test.context.transaction.TransactionContext - Began transaction (1) for test context [DefaultTestContext@172ee77c testClass = SpringBatchTest, testInstance = org.mybatis.spring.batch.SpringBatchTest@2d0ac6c8, testMethod = checkPagingReadingWithNestedInResultMap@SpringBatchTest, testException = [null], mergedContextConfiguration = [MergedContextConfiguration@7fa817ba testClass = SpringBatchTest, locations = '{classpath:org/mybatis/spring/batch/applicationContext.xml}', classes = '{}', contextInitializerClasses = '[]', activeProfiles = '{}', propertySourceLocations = '{}', propertySourceProperties = '{}', contextCustomizers = set[[empty]], contextLoader = 'org.springframework.test.context.support.DelegatingSmartContextLoader', parent = [null]], attributes = map['org.springframework.test.context.event.ApplicationEventsTestExecutionListener.recordApplicationEvents' -> false]]; transaction manager [org.springframework.jdbc.datasource.DataSourceTransactionManager@43424634]; rollback [true]
[main] INFO org.springframework.test.context.transaction.TransactionContext - Rolled back transaction for test: [DefaultTestContext@172ee77c testClass = SpringBatchTest, testInstance = org.mybatis.spring.batch.SpringBatchTest@2d0ac6c8, testMethod = checkPagingReadingWithNestedInResultMap@SpringBatchTest, testException = [null], mergedContextConfiguration = [MergedContextConfiguration@7fa817ba testClass = SpringBatchTest, locations = '{classpath:org/mybatis/spring/batch/applicationContext.xml}', classes = '{}', contextInitializerClasses = '[]', activeProfiles = '{}', propertySourceLocations = '{}', propertySourceProperties = '{}', contextCustomizers = set[[empty]], contextLoader = 'org.springframework.test.context.support.DelegatingSmartContextLoader', parent = [null]], attributes = map['org.springframework.test.context.event.ApplicationEventsTestExecutionListener.recordApplicationEvents' -> false]]
[main] INFO org.springframework.test.context.transaction.TransactionContext - Began transaction (1) for test context [DefaultTestContext@172ee77c testClass = SpringBatchTest, testInstance = org.mybatis.spring.batch.SpringBatchTest@572d2320, testMethod = checkCursorReadingWithNestedInResultMap@SpringBatchTest, testException = [null], mergedContextConfiguration = [MergedContextConfiguration@7fa817ba testClass = SpringBatchTest, locations = '{classpath:org/mybatis/spring/batch/applicationContext.xml}', classes = '{}', contextInitializerClasses = '[]', activeProfiles = '{}', propertySourceLocations = '{}', propertySourceProperties = '{}', contextCustomizers = set[[empty]], contextLoader = 'org.springframework.test.context.support.DelegatingSmartContextLoader', parent = [null]], attributes = map['org.springframework.test.context.event.ApplicationEventsTestExecutionListener.recordApplicationEvents' -> false]]; transaction manager [org.springframework.jdbc.datasource.DataSourceTransactionManager@43424634]; rollback [true]
[main] INFO org.springframework.test.context.transaction.TransactionContext - Rolled back transaction for test: [DefaultTestContext@172ee77c testClass = SpringBatchTest, testInstance = org.mybatis.spring.batch.SpringBatchTest@572d2320, testMethod = checkCursorReadingWithNestedInResultMap@SpringBatchTest, testException = [null], mergedContextConfiguration = [MergedContextConfiguration@7fa817ba testClass = SpringBatchTest, locations = '{classpath:org/mybatis/spring/batch/applicationContext.xml}', classes = '{}', contextInitializerClasses = '[]', activeProfiles = '{}', propertySourceLocations = '{}', propertySourceProperties = '{}', contextCustomizers = set[[empty]], contextLoader = 'org.springframework.test.context.support.DelegatingSmartContextLoader', parent = [null]], attributes = map['org.springframework.test.context.event.ApplicationEventsTestExecutionListener.recordApplicationEvents' -> false]]
[main] INFO org.springframework.test.context.transaction.TransactionContext - Began transaction (1) for test context [DefaultTestContext@172ee77c testClass = SpringBatchTest, testInstance = org.mybatis.spring.batch.SpringBatchTest@4770bc04, testMethod = checkCursorReadingWithoutNestedInResultMap@SpringBatchTest, testException = [null], mergedContextConfiguration = [MergedContextConfiguration@7fa817ba testClass = SpringBatchTest, locations = '{classpath:org/mybatis/spring/batch/applicationContext.xml}', classes = '{}', contextInitializerClasses = '[]', activeProfiles = '{}', propertySourceLocations = '{}', propertySourceProperties = '{}', contextCustomizers = set[[empty]], contextLoader = 'org.springframework.test.context.support.DelegatingSmartContextLoader', parent = [null]], attributes = map['org.springframework.test.context.event.ApplicationEventsTestExecutionListener.recordApplicationEvents' -> false]]; transaction manager [org.springframework.jdbc.datasource.DataSourceTransactionManager@43424634]; rollback [true]
[main] INFO org.springframework.test.context.transaction.TransactionContext - Rolled back transaction for test: [DefaultTestContext@172ee77c testClass = SpringBatchTest, testInstance = org.mybatis.spring.batch.SpringBatchTest@4770bc04, testMethod = checkCursorReadingWithoutNestedInResultMap@SpringBatchTest, testException = [null], mergedContextConfiguration = [MergedContextConfiguration@7fa817ba testClass = SpringBatchTest, locations = '{classpath:org/mybatis/spring/batch/applicationContext.xml}', classes = '{}', contextInitializerClasses = '[]', activeProfiles = '{}', propertySourceLocations = '{}', propertySourceProperties = '{}', contextCustomizers = set[[empty]], contextLoader = 'org.springframework.test.context.support.DelegatingSmartContextLoader', parent = [null]], attributes = map['org.springframework.test.context.event.ApplicationEventsTestExecutionListener.recordApplicationEvents' -> false]]
[INFO] Tests run: 4, Failures: 0, Errors: 0, Skipped: 0, Time elapsed: 0.922 s - in org.mybatis.spring.batch.SpringBatchTest
[INFO] Running org.mybatis.spring.batch.builder.MyBatisCursorItemReaderBuilderTest
[INFO] Tests run: 3, Failures: 0, Errors: 0, Skipped: 0, Time elapsed: 0.095 s - in org.mybatis.spring.batch.builder.MyBatisCursorItemReaderBuilderTest
[INFO] Running org.mybatis.spring.batch.builder.MyBatisPagingItemReaderBuilderTest
[INFO] Tests run: 4, Failures: 0, Errors: 0, Skipped: 0, Time elapsed: 0.032 s - in org.mybatis.spring.batch.builder.MyBatisPagingItemReaderBuilderTest
[INFO] Running org.mybatis.spring.batch.builder.MyBatisBatchItemWriterBuilderTest
[INFO] Tests run: 4, Failures: 0, Errors: 0, Skipped: 0, Time elapsed: 0.02 s - in org.mybatis.spring.batch.builder.MyBatisBatchItemWriterBuilderTest
[INFO] Running org.mybatis.spring.batch.MyBatisCursorItemReaderTest
[INFO] Tests run: 2, Failures: 0, Errors: 0, Skipped: 0, Time elapsed: 0.008 s - in org.mybatis.spring.batch.MyBatisCursorItemReaderTest
[INFO] Running org.mybatis.spring.sample.SampleEnableTest
[main] INFO org.springframework.test.context.support.AbstractContextLoader - Could not detect default resource locations for test class [org.mybatis.spring.sample.SampleEnableTest]: no resource found for suffixes {-context.xml}.
[main] INFO org.springframework.test.context.support.AbstractDelegatingSmartContextLoader - AnnotationConfigContextLoader detected default configuration classes for context configuration [ContextConfigurationAttributes@77e0ea9f declaringClass = 'org.mybatis.spring.sample.SampleEnableTest', classes = '{class org.mybatis.spring.sample.SampleEnableTest$AppConfig}', locations = '{}', inheritLocations = true, initializers = '{}', inheritInitializers = true, name = [null], contextLoaderClass = 'org.springframework.test.context.ContextLoader'].
[main] INFO org.springframework.test.context.support.DefaultTestContextBootstrapper - Loaded default TestExecutionListener class names from location [META-INF/spring.factories]: [org.springframework.test.context.web.ServletTestExecutionListener, org.springframework.test.context.support.DirtiesContextBeforeModesTestExecutionListener, org.springframework.test.context.event.ApplicationEventsTestExecutionListener, org.springframework.test.context.support.DependencyInjectionTestExecutionListener, org.springframework.test.context.support.DirtiesContextTestExecutionListener, org.springframework.test.context.transaction.TransactionalTestExecutionListener, org.springframework.test.context.jdbc.SqlScriptsTestExecutionListener, org.springframework.test.context.event.EventPublishingTestExecutionListener]
[main] INFO org.springframework.test.context.support.DefaultTestContextBootstrapper - Using TestExecutionListeners: [org.springframework.test.context.web.ServletTestExecutionListener@2021b349, org.springframework.test.context.support.DirtiesContextBeforeModesTestExecutionListener@5c4d43ee, org.springframework.test.context.event.ApplicationEventsTestExecutionListener@2c09eeea, org.springframework.test.context.support.DependencyInjectionTestExecutionListener@4285e6ae, org.springframework.test.context.support.DirtiesContextTestExecutionListener@6f93ae4c, org.springframework.test.context.transaction.TransactionalTestExecutionListener@59f7d263, org.springframework.test.context.jdbc.SqlScriptsTestExecutionListener@3a6a0909, org.springframework.test.context.event.EventPublishingTestExecutionListener@57b7287c]
[main] INFO org.springframework.jdbc.datasource.embedded.EmbeddedDatabaseFactory - Starting embedded database: url='jdbc:hsqldb:mem:dataSource', username='sa'
[main] INFO org.springframework.jdbc.datasource.embedded.EmbeddedDatabaseFactory - Shutting down embedded database: url='jdbc:hsqldb:mem:dataSource'
[INFO] Tests run: 1, Failures: 0, Errors: 0, Skipped: 0, Time elapsed: 0.241 s - in org.mybatis.spring.sample.SampleEnableTest
[INFO] Running org.mybatis.spring.sample.SampleJobXmlConfigTest
[main] INFO org.springframework.test.context.support.DefaultTestContextBootstrapper - Loaded default TestExecutionListener class names from location [META-INF/spring.factories]: [org.springframework.test.context.web.ServletTestExecutionListener, org.springframework.test.context.support.DirtiesContextBeforeModesTestExecutionListener, org.springframework.test.context.event.ApplicationEventsTestExecutionListener, org.springframework.test.context.support.DependencyInjectionTestExecutionListener, org.springframework.test.context.support.DirtiesContextTestExecutionListener, org.springframework.test.context.transaction.TransactionalTestExecutionListener, org.springframework.test.context.jdbc.SqlScriptsTestExecutionListener, org.springframework.test.context.event.EventPublishingTestExecutionListener]
[main] INFO org.springframework.test.context.support.DefaultTestContextBootstrapper - Using TestExecutionListeners: [org.springframework.test.context.web.ServletTestExecutionListener@5d8ffe07, org.springframework.test.context.support.DirtiesContextBeforeModesTestExecutionListener@6e16e6c3, org.springframework.test.context.event.ApplicationEventsTestExecutionListener@1c0e1290, org.springframework.test.context.support.DependencyInjectionTestExecutionListener@6bb63ed1, org.springframework.test.context.support.DirtiesContextTestExecutionListener@49eb9a66, org.springframework.test.context.transaction.TransactionalTestExecutionListener@10125d66, org.springframework.test.context.jdbc.SqlScriptsTestExecutionListener@7ce45766, org.springframework.test.context.event.EventPublishingTestExecutionListener@26feae9d]
[main] INFO org.springframework.jdbc.datasource.embedded.EmbeddedDatabaseFactory - Starting embedded database: url='jdbc:hsqldb:mem:dataSource', username='sa'
[main] INFO org.springframework.batch.core.repository.support.JobRepositoryFactoryBean - No database type set, using meta data indicating: HSQL
[main] INFO org.springframework.batch.core.launch.support.SimpleJobLauncher - No TaskExecutor has been set, defaulting to synchronous executor.
[main] INFO org.springframework.batch.core.launch.support.SimpleJobLauncher - Job: [FlowJob: [name=importUserJob]] launched with the following parameters: [{random=1203305269156004492}]
[main] INFO org.springframework.batch.core.job.SimpleStepHandler - Executing step: [step1]
[main] INFO org.springframework.batch.core.step.AbstractStep - Step: [step1] executed in 25ms
[main] INFO org.springframework.batch.core.launch.support.SimpleJobLauncher - Job: [FlowJob: [name=importUserJob]] completed with the following parameters: [{random=1203305269156004492}] and the following status: [COMPLETED] in 64ms
[INFO] Tests run: 1, Failures: 0, Errors: 0, Skipped: 0, Time elapsed: 0.833 s - in org.mybatis.spring.sample.SampleJobXmlConfigTest
[INFO] Running org.mybatis.spring.sample.SampleJobJavaConfigTest
[main] INFO org.springframework.test.context.support.DefaultTestContextBootstrapper - Loaded default TestExecutionListener class names from location [META-INF/spring.factories]: [org.springframework.test.context.web.ServletTestExecutionListener, org.springframework.test.context.support.DirtiesContextBeforeModesTestExecutionListener, org.springframework.test.context.event.ApplicationEventsTestExecutionListener, org.springframework.test.context.support.DependencyInjectionTestExecutionListener, org.springframework.test.context.support.DirtiesContextTestExecutionListener, org.springframework.test.context.transaction.TransactionalTestExecutionListener, org.springframework.test.context.jdbc.SqlScriptsTestExecutionListener, org.springframework.test.context.event.EventPublishingTestExecutionListener]
[main] INFO org.springframework.test.context.support.DefaultTestContextBootstrapper - Using TestExecutionListeners: [org.springframework.test.context.web.ServletTestExecutionListener@4f8edb57, org.springframework.test.context.support.DirtiesContextBeforeModesTestExecutionListener@163d9ea1, org.springframework.test.context.event.ApplicationEventsTestExecutionListener@38e9264f, org.springframework.test.context.support.DependencyInjectionTestExecutionListener@53df16bf, org.springframework.test.context.support.DirtiesContextTestExecutionListener@6ab23bf0, org.springframework.test.context.transaction.TransactionalTestExecutionListener@10007891, org.springframework.test.context.jdbc.SqlScriptsTestExecutionListener@612aef80, org.springframework.test.context.event.EventPublishingTestExecutionListener@4a6b67f4]
[main] INFO org.springframework.jdbc.datasource.embedded.EmbeddedDatabaseFactory - Starting embedded database: url='jdbc:hsqldb:mem:testdb', username='sa'
[main] WARN org.springframework.batch.core.configuration.annotation.DefaultBatchConfigurer - No transaction manager was provided, using a DataSourceTransactionManager
[main] INFO org.springframework.batch.core.repository.support.JobRepositoryFactoryBean - No database type set, using meta data indicating: HSQL
[main] INFO org.springframework.batch.core.launch.support.SimpleJobLauncher - No TaskExecutor has been set, defaulting to synchronous executor.
[main] INFO org.springframework.batch.core.launch.support.SimpleJobLauncher - Job: [FlowJob: [name=importUserJob]] launched with the following parameters: [{random=-2208289251009158483}]
[main] INFO org.springframework.batch.core.job.SimpleStepHandler - Executing step: [step1]
[main] INFO org.springframework.batch.core.step.AbstractStep - Step: [step1] executed in 9ms
[main] INFO org.springframework.batch.core.launch.support.SimpleJobLauncher - Job: [FlowJob: [name=importUserJob]] completed with the following parameters: [{random=-2208289251009158483}] and the following status: [COMPLETED] in 18ms
[INFO] Tests run: 1, Failures: 0, Errors: 0, Skipped: 0, Time elapsed: 0.147 s - in org.mybatis.spring.sample.SampleJobJavaConfigTest
[INFO] Running org.mybatis.spring.sample.SampleSqlSessionTest
[main] INFO org.springframework.test.context.support.DefaultTestContextBootstrapper - Loaded default TestExecutionListener class names from location [META-INF/spring.factories]: [org.springframework.test.context.web.ServletTestExecutionListener, org.springframework.test.context.support.DirtiesContextBeforeModesTestExecutionListener, org.springframework.test.context.event.ApplicationEventsTestExecutionListener, org.springframework.test.context.support.DependencyInjectionTestExecutionListener, org.springframework.test.context.support.DirtiesContextTestExecutionListener, org.springframework.test.context.transaction.TransactionalTestExecutionListener, org.springframework.test.context.jdbc.SqlScriptsTestExecutionListener, org.springframework.test.context.event.EventPublishingTestExecutionListener]
[main] INFO org.springframework.test.context.support.DefaultTestContextBootstrapper - Using TestExecutionListeners: [org.springframework.test.context.web.ServletTestExecutionListener@508b3a48, org.springframework.test.context.support.DirtiesContextBeforeModesTestExecutionListener@511e1d04, org.springframework.test.context.event.ApplicationEventsTestExecutionListener@22354303, org.springframework.test.context.support.DependencyInjectionTestExecutionListener@74d36822, org.springframework.test.context.support.DirtiesContextTestExecutionListener@7d83458a, org.springframework.test.context.transaction.TransactionalTestExecutionListener@5c548103, org.springframework.test.context.jdbc.SqlScriptsTestExecutionListener@5471fcd1, org.springframework.test.context.event.EventPublishingTestExecutionListener@3b0c1c05]
[main] INFO org.springframework.jdbc.datasource.embedded.EmbeddedDatabaseFactory - Starting embedded database: url='jdbc:hsqldb:mem:dataSource', username='sa'
[main] INFO org.springframework.jdbc.datasource.embedded.EmbeddedDatabaseFactory - Shutting down embedded database: url='jdbc:hsqldb:mem:dataSource'
[INFO] Tests run: 1, Failures: 0, Errors: 0, Skipped: 0, Time elapsed: 0.074 s - in org.mybatis.spring.sample.SampleSqlSessionTest
[INFO] Running org.mybatis.spring.sample.SampleBatchTest
[main] INFO org.springframework.test.context.support.DefaultTestContextBootstrapper - Loaded default TestExecutionListener class names from location [META-INF/spring.factories]: [org.springframework.test.context.web.ServletTestExecutionListener, org.springframework.test.context.support.DirtiesContextBeforeModesTestExecutionListener, org.springframework.test.context.event.ApplicationEventsTestExecutionListener, org.springframework.test.context.support.DependencyInjectionTestExecutionListener, org.springframework.test.context.support.DirtiesContextTestExecutionListener, org.springframework.test.context.transaction.TransactionalTestExecutionListener, org.springframework.test.context.jdbc.SqlScriptsTestExecutionListener, org.springframework.test.context.event.EventPublishingTestExecutionListener]
[main] INFO org.springframework.test.context.support.DefaultTestContextBootstrapper - Using TestExecutionListeners: [org.springframework.test.context.web.ServletTestExecutionListener@fe9b3a, org.springframework.test.context.support.DirtiesContextBeforeModesTestExecutionListener@85a38f3, org.springframework.test.context.event.ApplicationEventsTestExecutionListener@22cfbbd4, org.springframework.test.context.support.DependencyInjectionTestExecutionListener@1b118bcb, org.springframework.test.context.support.DirtiesContextTestExecutionListener@6f42e4d8, org.springframework.test.context.transaction.TransactionalTestExecutionListener@3606d463, org.springframework.test.context.jdbc.SqlScriptsTestExecutionListener@6948c86c, org.springframework.test.context.event.EventPublishingTestExecutionListener@7e90495d]
[main] INFO org.springframework.jdbc.datasource.embedded.EmbeddedDatabaseFactory - Starting embedded database: url='jdbc:hsqldb:mem:dataSource', username='sa'
[main] INFO org.springframework.jdbc.datasource.embedded.EmbeddedDatabaseFactory - Shutting down embedded database: url='jdbc:hsqldb:mem:dataSource'
[INFO] Tests run: 1, Failures: 0, Errors: 0, Skipped: 0, Time elapsed: 0.065 s - in org.mybatis.spring.sample.SampleBatchTest
[INFO] Running org.mybatis.spring.sample.SampleMapperTest
[main] INFO org.springframework.test.context.support.DefaultTestContextBootstrapper - Loaded default TestExecutionListener class names from location [META-INF/spring.factories]: [org.springframework.test.context.web.ServletTestExecutionListener, org.springframework.test.context.support.DirtiesContextBeforeModesTestExecutionListener, org.springframework.test.context.event.ApplicationEventsTestExecutionListener, org.springframework.test.context.support.DependencyInjectionTestExecutionListener, org.springframework.test.context.support.DirtiesContextTestExecutionListener, org.springframework.test.context.transaction.TransactionalTestExecutionListener, org.springframework.test.context.jdbc.SqlScriptsTestExecutionListener, org.springframework.test.context.event.EventPublishingTestExecutionListener]
[main] INFO org.springframework.test.context.support.DefaultTestContextBootstrapper - Using TestExecutionListeners: [org.springframework.test.context.web.ServletTestExecutionListener@176939ad, org.springframework.test.context.support.DirtiesContextBeforeModesTestExecutionListener@104e596a, org.springframework.test.context.event.ApplicationEventsTestExecutionListener@4921c718, org.springframework.test.context.support.DependencyInjectionTestExecutionListener@2ab72528, org.springframework.test.context.support.DirtiesContextTestExecutionListener@744dc582, org.springframework.test.context.transaction.TransactionalTestExecutionListener@162a5768, org.springframework.test.context.jdbc.SqlScriptsTestExecutionListener@51f44bb2, org.springframework.test.context.event.EventPublishingTestExecutionListener@4279aac1]
[main] INFO org.springframework.jdbc.datasource.embedded.EmbeddedDatabaseFactory - Starting embedded database: url='jdbc:hsqldb:mem:dataSource', username='sa'
[main] INFO org.springframework.jdbc.datasource.embedded.EmbeddedDatabaseFactory - Shutting down embedded database: url='jdbc:hsqldb:mem:dataSource'
[INFO] Tests run: 1, Failures: 0, Errors: 0, Skipped: 0, Time elapsed: 0.064 s - in org.mybatis.spring.sample.SampleMapperTest
[INFO] Running org.mybatis.spring.sample.SampleNamespaceTest
[main] INFO org.springframework.test.context.support.DefaultTestContextBootstrapper - Loaded default TestExecutionListener class names from location [META-INF/spring.factories]: [org.springframework.test.context.web.ServletTestExecutionListener, org.springframework.test.context.support.DirtiesContextBeforeModesTestExecutionListener, org.springframework.test.context.event.ApplicationEventsTestExecutionListener, org.springframework.test.context.support.DependencyInjectionTestExecutionListener, org.springframework.test.context.support.DirtiesContextTestExecutionListener, org.springframework.test.context.transaction.TransactionalTestExecutionListener, org.springframework.test.context.jdbc.SqlScriptsTestExecutionListener, org.springframework.test.context.event.EventPublishingTestExecutionListener]
[main] INFO org.springframework.test.context.support.DefaultTestContextBootstrapper - Using TestExecutionListeners: [org.springframework.test.context.web.ServletTestExecutionListener@587d9280, org.springframework.test.context.support.DirtiesContextBeforeModesTestExecutionListener@6d5983da, org.springframework.test.context.event.ApplicationEventsTestExecutionListener@3358e940, org.springframework.test.context.support.DependencyInjectionTestExecutionListener@e3a85d4, org.springframework.test.context.support.DirtiesContextTestExecutionListener@3ae7ef01, org.springframework.test.context.transaction.TransactionalTestExecutionListener@1b01ecd4, org.springframework.test.context.jdbc.SqlScriptsTestExecutionListener@6f67141d, org.springframework.test.context.event.EventPublishingTestExecutionListener@35292800]
[main] INFO org.springframework.jdbc.datasource.embedded.EmbeddedDatabaseFactory - Starting embedded database: url='jdbc:hsqldb:mem:dataSource', username='sa'
[main] INFO org.springframework.jdbc.datasource.embedded.EmbeddedDatabaseFactory - Shutting down embedded database: url='jdbc:hsqldb:mem:dataSource'
[INFO] Tests run: 1, Failures: 0, Errors: 0, Skipped: 0, Time elapsed: 0.071 s - in org.mybatis.spring.sample.SampleNamespaceTest
[INFO] Running org.mybatis.spring.sample.SampleJavaConfigTest
[main] INFO org.springframework.test.context.support.DefaultTestContextBootstrapper - Loaded default TestExecutionListener class names from location [META-INF/spring.factories]: [org.springframework.test.context.web.ServletTestExecutionListener, org.springframework.test.context.support.DirtiesContextBeforeModesTestExecutionListener, org.springframework.test.context.event.ApplicationEventsTestExecutionListener, org.springframework.test.context.support.DependencyInjectionTestExecutionListener, org.springframework.test.context.support.DirtiesContextTestExecutionListener, org.springframework.test.context.transaction.TransactionalTestExecutionListener, org.springframework.test.context.jdbc.SqlScriptsTestExecutionListener, org.springframework.test.context.event.EventPublishingTestExecutionListener]
[main] INFO org.springframework.test.context.support.DefaultTestContextBootstrapper - Using TestExecutionListeners: [org.springframework.test.context.web.ServletTestExecutionListener@206e1e7c, org.springframework.test.context.support.DirtiesContextBeforeModesTestExecutionListener@4385a86c, org.springframework.test.context.event.ApplicationEventsTestExecutionListener@5cab11e, org.springframework.test.context.support.DependencyInjectionTestExecutionListener@342ea33, org.springframework.test.context.support.DirtiesContextTestExecutionListener@530f99d9, org.springframework.test.context.transaction.TransactionalTestExecutionListener@3d279d1c, org.springframework.test.context.jdbc.SqlScriptsTestExecutionListener@6d3589e7, org.springframework.test.context.event.EventPublishingTestExecutionListener@79b2f500]
[main] INFO org.springframework.jdbc.datasource.embedded.EmbeddedDatabaseFactory - Starting embedded database: url='jdbc:hsqldb:mem:testdb', username='sa'
[INFO] Tests run: 2, Failures: 0, Errors: 0, Skipped: 0, Time elapsed: 0.047 s - in org.mybatis.spring.sample.SampleJavaConfigTest
[INFO] Running org.mybatis.spring.sample.SampleScannerTest
[main] INFO org.springframework.test.context.support.DefaultTestContextBootstrapper - Loaded default TestExecutionListener class names from location [META-INF/spring.factories]: [org.springframework.test.context.web.ServletTestExecutionListener, org.springframework.test.context.support.DirtiesContextBeforeModesTestExecutionListener, org.springframework.test.context.event.ApplicationEventsTestExecutionListener, org.springframework.test.context.support.DependencyInjectionTestExecutionListener, org.springframework.test.context.support.DirtiesContextTestExecutionListener, org.springframework.test.context.transaction.TransactionalTestExecutionListener, org.springframework.test.context.jdbc.SqlScriptsTestExecutionListener, org.springframework.test.context.event.EventPublishingTestExecutionListener]
[main] INFO org.springframework.test.context.support.DefaultTestContextBootstrapper - Using TestExecutionListeners: [org.springframework.test.context.web.ServletTestExecutionListener@e8a413, org.springframework.test.context.support.DirtiesContextBeforeModesTestExecutionListener@59e31876, org.springframework.test.context.event.ApplicationEventsTestExecutionListener@64211a94, org.springframework.test.context.support.DependencyInjectionTestExecutionListener@8bcb1c3, org.springframework.test.context.support.DirtiesContextTestExecutionListener@4db154fb, org.springframework.test.context.transaction.TransactionalTestExecutionListener@cd0d593, org.springframework.test.context.jdbc.SqlScriptsTestExecutionListener@60499b27, org.springframework.test.context.event.EventPublishingTestExecutionListener@d160c44]
[main] INFO org.springframework.jdbc.datasource.embedded.EmbeddedDatabaseFactory - Starting embedded database: url='jdbc:hsqldb:mem:dataSource', username='sa'
[main] INFO org.springframework.jdbc.datasource.embedded.EmbeddedDatabaseFactory - Shutting down embedded database: url='jdbc:hsqldb:mem:dataSource'
[INFO] Tests run: 1, Failures: 0, Errors: 0, Skipped: 0, Time elapsed: 0.072 s - in org.mybatis.spring.sample.SampleScannerTest
[INFO] Running org.mybatis.spring.MyBatisSpringTest
[WARNING] Tests run: 25, Failures: 0, Errors: 0, Skipped: 1, Time elapsed: 0.118 s - in org.mybatis.spring.MyBatisSpringTest
[INFO] Running org.mybatis.spring.SqlSessionFactoryBeanTest
[date, _boolean, cglib, supertype, _byte[], _int[], object[], decimal[], integer, float, perpetual, scanenum, _byte, _char[], character, iterator, biginteger[], xml, _double, _int, hashmap, testalias2, _float[], soft, javassist, date[], bigdecimal[], slf4j, byte, double, _character[], resultset, raw, collection, list, dummytypehandler2, lru, dummymapperfactorybean, _float, scanclass2, scanclass1, _long, _integer, _integer[], boolean[], decimal, _double[], object, testalias, biginteger, string, long[], jdbc, long, weak, no_logging, unpooled, pooled, db_vendor, _character, managed, commons_logging, _short[], _char, _short, map, log4j, jdk_logging, fifo, bigdecimal, short[], int[], arraylist, int, char[], float[], log4j2, byte[], character[], boolean, stdout_logging, double[], dummytypehandler, _long[], char, jndi, short, _boolean[], integer[]]
[main] WARN org.mybatis.spring.SqlSessionFactoryBean - Property 'mapperLocations' was specified but matching resources are not found.
[INFO] Tests run: 35, Failures: 0, Errors: 0, Skipped: 0, Time elapsed: 0.121 s - in org.mybatis.spring.SqlSessionFactoryBeanTest
[INFO] Running org.mybatis.spring.submitted.webapp_placeholder.WebappPlaceholderTest
[main] INFO org.springframework.test.context.web.WebTestContextBootstrapper - Loaded default TestExecutionListener class names from location [META-INF/spring.factories]: [org.springframework.test.context.web.ServletTestExecutionListener, org.springframework.test.context.support.DirtiesContextBeforeModesTestExecutionListener, org.springframework.test.context.event.ApplicationEventsTestExecutionListener, org.springframework.test.context.support.DependencyInjectionTestExecutionListener, org.springframework.test.context.support.DirtiesContextTestExecutionListener, org.springframework.test.context.transaction.TransactionalTestExecutionListener, org.springframework.test.context.jdbc.SqlScriptsTestExecutionListener, org.springframework.test.context.event.EventPublishingTestExecutionListener]
[main] INFO org.springframework.test.context.web.WebTestContextBootstrapper - Using TestExecutionListeners: [org.springframework.test.context.web.ServletTestExecutionListener@5258fc5e, org.springframework.test.context.support.DirtiesContextBeforeModesTestExecutionListener@2520af4f, org.springframework.test.context.event.ApplicationEventsTestExecutionListener@ce40c67, org.springframework.test.context.support.DependencyInjectionTestExecutionListener@200fc6b, org.springframework.test.context.support.DirtiesContextTestExecutionListener@172f4a79, org.springframework.test.context.transaction.TransactionalTestExecutionListener@37d5d504, org.springframework.test.context.jdbc.SqlScriptsTestExecutionListener@1b7e60ad, org.springframework.test.context.event.EventPublishingTestExecutionListener@1e98240d]
[main] INFO org.springframework.jdbc.datasource.embedded.EmbeddedDatabaseFactory - Starting embedded database: url='jdbc:hsqldb:mem:dataSource', username='sa'
[INFO] Tests run: 1, Failures: 0, Errors: 0, Skipped: 0, Time elapsed: 0.075 s - in org.mybatis.spring.submitted.webapp_placeholder.WebappPlaceholderTest
[INFO] Running org.mybatis.spring.submitted.xa.UserServiceTest
[main] INFO org.springframework.test.context.support.DefaultTestContextBootstrapper - Loaded default TestExecutionListener class names from location [META-INF/spring.factories]: [org.springframework.test.context.web.ServletTestExecutionListener, org.springframework.test.context.support.DirtiesContextBeforeModesTestExecutionListener, org.springframework.test.context.event.ApplicationEventsTestExecutionListener, org.springframework.test.context.support.DependencyInjectionTestExecutionListener, org.springframework.test.context.support.DirtiesContextTestExecutionListener, org.springframework.test.context.transaction.TransactionalTestExecutionListener, org.springframework.test.context.jdbc.SqlScriptsTestExecutionListener, org.springframework.test.context.event.EventPublishingTestExecutionListener]
[main] INFO org.springframework.test.context.support.DefaultTestContextBootstrapper - Using TestExecutionListeners: [org.springframework.test.context.web.ServletTestExecutionListener@6d217588, org.springframework.test.context.support.DirtiesContextBeforeModesTestExecutionListener@31c8c0c0, org.springframework.test.context.event.ApplicationEventsTestExecutionListener@2a59f50a, org.springframework.test.context.support.DependencyInjectionTestExecutionListener@10dd1add, org.springframework.test.context.support.DirtiesContextTestExecutionListener@76b6a07b, org.springframework.test.context.transaction.TransactionalTestExecutionListener@18fb0ad, org.springframework.test.context.jdbc.SqlScriptsTestExecutionListener@641be433, org.springframework.test.context.event.EventPublishingTestExecutionListener@1ce8119f]
No org.slf4j.impl.StaticLoggerBinder found in ClassPath, trying with log4j2...
No org.apache.logging.log4j.Logger found found in ClassPath, trying with log4j...
No org.apache.log4j.Logger found found in ClassPath, falling back default...
Jan 25, 2023 6:18:10 AM com.atomikos.logging.JULLogger logInfo
INFO: Loaded jar:file:/home/gabsko/.m2/repository/com/atomikos/transactions/5.0.9/transactions-5.0.9.jar!/transactions-defaults.properties
Jan 25, 2023 6:18:10 AM com.atomikos.logging.JULLogger logWarning
WARNING: Thanks for using Atomikos! This installation is not registered yet. 
REGISTER FOR FREE at http://www.atomikos.com/Main/RegisterYourDownload and receive:
- tips & advice 
- working demos 
- access to the full documentation 
- special exclusive bonus offers not available to others 
- everything you need to get the most out of using Atomikos!
Thanks for using Atomikos! This installation is not registered yet. 
REGISTER FOR FREE at http://www.atomikos.com/Main/RegisterYourDownload and receive:
- tips & advice 
- working demos 
- access to the full documentation 
- special exclusive bonus offers not available to others 
- everything you need to get the most out of using Atomikos!
Jan 25, 2023 6:18:10 AM com.atomikos.logging.JULLogger logInfo
INFO: USING core version: 5.0.9
Jan 25, 2023 6:18:10 AM com.atomikos.logging.JULLogger logInfo
INFO: USING: com.atomikos.icatch.oltp_max_retries = 5
Jan 25, 2023 6:18:10 AM com.atomikos.logging.JULLogger logInfo
INFO: USING: com.atomikos.icatch.log_base_dir = /home/gabsko/breaking-updates/target
Jan 25, 2023 6:18:10 AM com.atomikos.logging.JULLogger logInfo
INFO: USING: com.atomikos.icatch.tm_unique_name = 127.0.1.1.tm
Jan 25, 2023 6:18:10 AM com.atomikos.logging.JULLogger logInfo
INFO: USING: com.atomikos.icatch.default_jta_timeout = 10000
Jan 25, 2023 6:18:10 AM com.atomikos.logging.JULLogger logInfo
INFO: USING: com.atomikos.icatch.serial_jta_transactions = false
Jan 25, 2023 6:18:10 AM com.atomikos.logging.JULLogger logInfo
INFO: USING: com.atomikos.icatch.allow_subtransactions = true
Jan 25, 2023 6:18:10 AM com.atomikos.logging.JULLogger logInfo
INFO: USING: com.atomikos.icatch.log_base_name = tmlog
Jan 25, 2023 6:18:10 AM com.atomikos.logging.JULLogger logInfo
INFO: USING: com.atomikos.icatch.oltp_retry_interval = 10000
Jan 25, 2023 6:18:10 AM com.atomikos.logging.JULLogger logInfo
INFO: USING: com.atomikos.icatch.checkpoint_interval = 500
Jan 25, 2023 6:18:10 AM com.atomikos.logging.JULLogger logInfo
INFO: USING: com.atomikos.icatch.default_max_wait_time_on_shutdown = 9223372036854775807
Jan 25, 2023 6:18:10 AM com.atomikos.logging.JULLogger logInfo
INFO: USING: com.atomikos.icatch.jvm_id = 11418@repairnator
Jan 25, 2023 6:18:10 AM com.atomikos.logging.JULLogger logInfo
INFO: USING: com.atomikos.icatch.forget_orphaned_log_entries_delay = 86400000
Jan 25, 2023 6:18:10 AM com.atomikos.logging.JULLogger logInfo
INFO: USING: com.atomikos.icatch.throw_on_heuristic = false
Jan 25, 2023 6:18:10 AM com.atomikos.logging.JULLogger logInfo
INFO: USING: com.atomikos.icatch.force_shutdown_on_vm_exit = false
Jan 25, 2023 6:18:10 AM com.atomikos.logging.JULLogger logInfo
INFO: USING: com.atomikos.icatch.enable_logging = true
Jan 25, 2023 6:18:10 AM com.atomikos.logging.JULLogger logInfo
INFO: USING: com.atomikos.icatch.max_timeout = 300000
Jan 25, 2023 6:18:10 AM com.atomikos.logging.JULLogger logInfo
INFO: USING: com.atomikos.icatch.threaded_2pc = true
Jan 25, 2023 6:18:10 AM com.atomikos.logging.JULLogger logInfo
INFO: USING: com.atomikos.icatch.recovery_delay = 10000
Jan 25, 2023 6:18:10 AM com.atomikos.logging.JULLogger logInfo
INFO: USING: com.atomikos.icatch.logcloud_datasource_name = logCloudDS
Jan 25, 2023 6:18:10 AM com.atomikos.logging.JULLogger logInfo
INFO: USING: com.atomikos.icatch.max_actives = 50
Jan 25, 2023 6:18:10 AM com.atomikos.logging.JULLogger logInfo
INFO: Using default (local) logging and recovery...
Jan 25, 2023 6:18:10 AM com.atomikos.logging.JULLogger logWarning
WARNING: masterDBUniqueName: poolSize equals default - this may cause performance problems!
Jan 25, 2023 6:18:10 AM com.atomikos.logging.JULLogger logWarning
WARNING: slaveDBUniqueName: poolSize equals default - this may cause performance problems!
[INFO] Tests run: 4, Failures: 0, Errors: 0, Skipped: 0, Time elapsed: 1.408 s - in org.mybatis.spring.submitted.xa.UserServiceTest
[INFO] Running org.mybatis.spring.submitted.autowire.AutowireTest
[main] INFO org.springframework.jdbc.datasource.embedded.EmbeddedDatabaseFactory - Starting embedded database: url='jdbc:hsqldb:mem:dataSourceFoo', username='sa'
[main] INFO org.springframework.jdbc.datasource.embedded.EmbeddedDatabaseFactory - Starting embedded database: url='jdbc:hsqldb:mem:dataSourceBar', username='sa'
[main] INFO org.springframework.jdbc.datasource.embedded.EmbeddedDatabaseFactory - Shutting down embedded database: url='jdbc:hsqldb:mem:dataSourceBar'
[main] INFO org.springframework.jdbc.datasource.embedded.EmbeddedDatabaseFactory - Shutting down embedded database: url='jdbc:hsqldb:mem:dataSourceFoo'
[INFO] Tests run: 1, Failures: 0, Errors: 0, Skipped: 0, Time elapsed: 0.069 s - in org.mybatis.spring.submitted.autowire.AutowireTest
[INFO] Running org.mybatis.spring.mapper.MapperScannerConfigurerTest
[interface org.mybatis.spring.TestMapper]
[main] WARN org.mybatis.spring.mapper.ClassPathMapperScanner - Skipping MapperFactoryBean with name 'mapperInterface' and 'org.mybatis.spring.mapper.MapperInterface' mapperInterface. Bean already defined with the same name!
[INFO] Tests run: 14, Failures: 0, Errors: 0, Skipped: 0, Time elapsed: 0.179 s - in org.mybatis.spring.mapper.MapperScannerConfigurerTest
[INFO] Running org.mybatis.spring.mapper.MapperFactoryBeanTest
[INFO] Tests run: 7, Failures: 0, Errors: 0, Skipped: 0, Time elapsed: 0.028 s - in org.mybatis.spring.mapper.MapperFactoryBeanTest
[INFO] Running org.mybatis.spring.annotation.MapperScanTest
[main] WARN org.mybatis.spring.mapper.ClassPathMapperScanner - Skipping MapperFactoryBean with name 'mapperInterface' and 'org.mybatis.spring.mapper.MapperInterface' mapperInterface. Bean already defined with the same name!
[INFO] Tests run: 18, Failures: 0, Errors: 0, Skipped: 0, Time elapsed: 0.22 s - in org.mybatis.spring.annotation.MapperScanTest
[INFO] Running org.mybatis.spring.support.SqlSessionDaoSupportTest
[main] WARN org.springframework.context.support.GenericApplicationContext - Exception encountered during context initialization - cancelling refresh attempt: org.springframework.beans.factory.BeanCreationException: Error creating bean with name 'dao': Invocation of init method failed; nested exception is java.lang.IllegalArgumentException: Property 'sqlSessionFactory' or 'sqlSessionTemplate' are required
[main] WARN org.springframework.context.support.GenericApplicationContext - Exception encountered during context initialization - cancelling refresh attempt: org.springframework.beans.factory.BeanCreationException: Error creating bean with name 'dao': Invocation of init method failed; nested exception is java.lang.IllegalArgumentException: Property 'sqlSessionFactory' or 'sqlSessionTemplate' are required
[INFO] Tests run: 6, Failures: 0, Errors: 0, Skipped: 0, Time elapsed: 0.018 s - in org.mybatis.spring.support.SqlSessionDaoSupportTest
[INFO] Running org.mybatis.spring.SqlSessionTemplateTest
[INFO] Tests run: 11, Failures: 0, Errors: 0, Skipped: 0, Time elapsed: 0.025 s - in org.mybatis.spring.SqlSessionTemplateTest
[INFO] 
[INFO] Results:
[INFO] 
[WARNING] Tests run: 168, Failures: 0, Errors: 0, Skipped: 1
[INFO] 
[INFO] ------------------------------------------------------------------------
[INFO] BUILD SUCCESS
[INFO] ------------------------------------------------------------------------
[INFO] Total time:  25.255 s
[INFO] Finished at: 2023-01-25T06:18:12Z
[INFO] ------------------------------------------------------------------------
