[INFO] Scanning for projects...
[WARNING] 
[WARNING] Some problems were encountered while building the effective model for com.google.pubsub.kafka.connect:pubsub-group-kafka-connector:jar:0.1.0-SNAPSHOT
[WARNING] 'build.plugins.plugin.version' for org.apache.maven.plugins:maven-compiler-plugin is missing. @ line 264, column 15
[WARNING] 
[WARNING] It is highly recommended to fix these problems because they threaten the stability of your build.
[WARNING] 
[WARNING] For this reason, future Maven versions might no longer support building such malformed projects.
[WARNING] 
[INFO] ------------------------------------------------------------------------
[INFO] Detecting the operating system and CPU architecture
[INFO] ------------------------------------------------------------------------
[INFO] os.detected.name: linux
[INFO] os.detected.arch: x86_64
[INFO] os.detected.bitness: 64
[INFO] os.detected.version: 5.4
[INFO] os.detected.version.major: 5
[INFO] os.detected.version.minor: 4
[INFO] os.detected.release: ubuntu
[INFO] os.detected.release.version: 18.04
[INFO] os.detected.release.like.ubuntu: true
[INFO] os.detected.release.like.debian: true
[INFO] os.detected.classifier: linux-x86_64
[INFO] 
[INFO] ----< com.google.pubsub.kafka.connect:pubsub-group-kafka-connector >----
[INFO] Building Archetype - kafka-connector 0.1.0-SNAPSHOT
[INFO] --------------------------------[ jar ]---------------------------------
[WARNING] The artifact org.slf4j:slf4j-log4j12:jar:2.0.3 has been relocated to org.slf4j:slf4j-reload4j:jar:2.0.3
[INFO] 
[INFO] --- maven-clean-plugin:2.5:clean (default-clean) @ pubsub-group-kafka-connector ---
[INFO] Deleting /home/gabsko/breaking-updates/target
[INFO] 
[INFO] --- protobuf-maven-plugin:0.6.1:compile (default) @ pubsub-group-kafka-connector ---
[INFO] /home/gabsko/breaking-updates/src/main/proto does not exist. Review the configuration or consider disabling the plugin.
[INFO] 
[INFO] --- protobuf-maven-plugin:0.6.1:compile-custom (default) @ pubsub-group-kafka-connector ---
[INFO] /home/gabsko/breaking-updates/src/main/proto does not exist. Review the configuration or consider disabling the plugin.
[INFO] 
[INFO] --- maven-resources-plugin:2.6:resources (default-resources) @ pubsub-group-kafka-connector ---
[WARNING] Using platform encoding (UTF-8 actually) to copy filtered resources, i.e. build is platform dependent!
[INFO] Copying 1 resource
[INFO] 
[INFO] --- maven-compiler-plugin:3.1:compile (default-compile) @ pubsub-group-kafka-connector ---
[INFO] Changes detected - recompiling the module!
[WARNING] File encoding has not been set, using platform encoding UTF-8, i.e. build is platform dependent!
[INFO] Compiling 26 source files to /home/gabsko/breaking-updates/target/classes
[WARNING] /home/gabsko/breaking-updates/src/main/java/com/google/pubsub/kafka/source/CloudPubSubSourceTask.java: /home/gabsko/breaking-updates/src/main/java/com/google/pubsub/kafka/source/CloudPubSubSourceTask.java uses or overrides a deprecated API.
[WARNING] /home/gabsko/breaking-updates/src/main/java/com/google/pubsub/kafka/source/CloudPubSubSourceTask.java: Recompile with -Xlint:deprecation for details.
[WARNING] /home/gabsko/breaking-updates/src/main/java/com/google/pubsub/kafka/sink/CloudPubSubSinkTask.java: Some input files use unchecked or unsafe operations.
[WARNING] /home/gabsko/breaking-updates/src/main/java/com/google/pubsub/kafka/sink/CloudPubSubSinkTask.java: Recompile with -Xlint:unchecked for details.
[INFO] 
[INFO] --- maven-resources-plugin:2.6:testResources (default-testResources) @ pubsub-group-kafka-connector ---
[WARNING] Using platform encoding (UTF-8 actually) to copy filtered resources, i.e. build is platform dependent!
[INFO] Copying 6 resources
[INFO] 
[INFO] --- maven-compiler-plugin:3.1:testCompile (default-testCompile) @ pubsub-group-kafka-connector ---
[INFO] Changes detected - recompiling the module!
[WARNING] File encoding has not been set, using platform encoding UTF-8, i.e. build is platform dependent!
[INFO] Compiling 12 source files to /home/gabsko/breaking-updates/target/test-classes
[WARNING] /home/gabsko/breaking-updates/src/test/java/it/Base.java: Some input files use or override a deprecated API.
[WARNING] /home/gabsko/breaking-updates/src/test/java/it/Base.java: Recompile with -Xlint:deprecation for details.
[WARNING] /home/gabsko/breaking-updates/src/test/java/com/google/pubsub/kafka/sink/CloudPubSubSinkTaskTest.java: /home/gabsko/breaking-updates/src/test/java/com/google/pubsub/kafka/sink/CloudPubSubSinkTaskTest.java uses unchecked or unsafe operations.
[WARNING] /home/gabsko/breaking-updates/src/test/java/com/google/pubsub/kafka/sink/CloudPubSubSinkTaskTest.java: Recompile with -Xlint:unchecked for details.
[INFO] 
[INFO] --- maven-surefire-plugin:2.12.4:test (default-test) @ pubsub-group-kafka-connector ---
[INFO] Surefire report directory: /home/gabsko/breaking-updates/target/surefire-reports

-------------------------------------------------------
 T E S T S
-------------------------------------------------------
Running com.google.pubsub.kafka.sink.CloudPubSubSinkTaskTest
2023-01-25 03:09:23 INFO  CloudPubSubSinkTask - Start CloudPubSubSinkTask
2023-01-25 03:09:23 INFO  CloudPubSubSinkTask - Start CloudPubSubSinkTask
2023-01-25 03:09:23 INFO  CloudPubSubSinkTask - Start CloudPubSubSinkTask
2023-01-25 03:09:23 INFO  CloudPubSubSinkTask - Start CloudPubSubSinkTask
2023-01-25 03:09:23 INFO  CloudPubSubSinkTask - Start CloudPubSubSinkTask
2023-01-25 03:09:23 INFO  CloudPubSubSinkTask - Start CloudPubSubSinkTask
2023-01-25 03:09:23 INFO  CloudPubSubSinkTask - Start CloudPubSubSinkTask
2023-01-25 03:09:23 INFO  CloudPubSubSinkTask - Start CloudPubSubSinkTask
2023-01-25 03:09:23 WARN  CloudPubSubSinkTask - Message received with no value and no attributes. Not publishing message
2023-01-25 03:09:23 INFO  CloudPubSubSinkTask - Start CloudPubSubSinkTask
NULL MSG
2023-01-25 03:09:23 INFO  CloudPubSubSinkTask - Start CloudPubSubSinkTask
2023-01-25 03:09:23 WARN  CloudPubSubSinkTask - Message received with no value and no attributes. Not publishing message
2023-01-25 03:09:23 INFO  CloudPubSubSinkTask - Start CloudPubSubSinkTask
2023-01-25 03:09:23 INFO  CloudPubSubSinkTask - Start CloudPubSubSinkTask
2023-01-25 03:09:23 INFO  CloudPubSubSinkTask - Start CloudPubSubSinkTask
2023-01-25 03:09:23 INFO  CloudPubSubSinkTask - Start CloudPubSubSinkTask
2023-01-25 03:09:23 INFO  CloudPubSubSinkTask - Start CloudPubSubSinkTask
2023-01-25 03:09:23 INFO  CloudPubSubSinkTask - Start CloudPubSubSinkTask
2023-01-25 03:09:23 INFO  CloudPubSubSinkTask - Stopping CloudPubSubSinkTask
2023-01-25 03:09:23 INFO  CloudPubSubSinkTask - Shutting down PubSub publisher
2023-01-25 03:09:23 WARN  CloudPubSubSinkTask - PubSub publisher did not terminate cleanly in 20000 ms
2023-01-25 03:09:23 INFO  CloudPubSubSinkTask - Start CloudPubSubSinkTask
2023-01-25 03:09:23 INFO  CloudPubSubSinkTask - Start CloudPubSubSinkTask
2023-01-25 03:09:23 INFO  CloudPubSubSinkTask - Start CloudPubSubSinkTask
2023-01-25 03:09:23 INFO  CloudPubSubSinkTask - Start CloudPubSubSinkTask
Tests run: 20, Failures: 0, Errors: 0, Skipped: 0, Time elapsed: 0.872 sec
Running com.google.pubsub.kafka.sink.CloudPubSubSinkConnectorTest
2023-01-25 03:09:23 INFO  CloudPubSubSinkConnector - Started the CloudPubSubSinkConnector.
Tests run: 2, Failures: 0, Errors: 0, Skipped: 0, Time elapsed: 0.001 sec
Running com.google.pubsub.kafka.source.AckBatchingSubscriberTest
Tests run: 4, Failures: 0, Errors: 0, Skipped: 0, Time elapsed: 0.044 sec
Running com.google.pubsub.kafka.source.StreamingPullSubscriberTest
Tests run: 11, Failures: 0, Errors: 0, Skipped: 0, Time elapsed: 1.152 sec
Running com.google.pubsub.kafka.source.CloudPubSubSourceTaskTest
2023-01-25 03:09:24 INFO  CloudPubSubSourceTask - Started a CloudPubSubSourceTask.
2023-01-25 03:09:24 INFO  CloudPubSubSourceTask - Started a CloudPubSubSourceTask.
2023-01-25 03:09:24 INFO  CloudPubSubSourceTask - Started a CloudPubSubSourceTask.
2023-01-25 03:09:24 INFO  CloudPubSubSourceTask - Started a CloudPubSubSourceTask.
2023-01-25 03:09:24 INFO  CloudPubSubSourceTask - Started a CloudPubSubSourceTask.
2023-01-25 03:09:24 INFO  CloudPubSubSourceTask - Started a CloudPubSubSourceTask.
2023-01-25 03:09:24 INFO  CloudPubSubSourceTask - Started a CloudPubSubSourceTask.
2023-01-25 03:09:24 INFO  CloudPubSubSourceTask - Started a CloudPubSubSourceTask.
2023-01-25 03:09:24 INFO  CloudPubSubSourceTask - Started a CloudPubSubSourceTask.
2023-01-25 03:09:24 INFO  CloudPubSubSourceTask - Error while retrieving records, treating as an empty poll. java.lang.InterruptedException
2023-01-25 03:09:24 INFO  CloudPubSubSourceTask - Started a CloudPubSubSourceTask.
2023-01-25 03:09:24 INFO  CloudPubSubSourceTask - Started a CloudPubSubSourceTask.
2023-01-25 03:09:24 INFO  CloudPubSubSourceTask - Started a CloudPubSubSourceTask.
2023-01-25 03:09:24 INFO  CloudPubSubSourceTask - Started a CloudPubSubSourceTask.
2023-01-25 03:09:24 INFO  CloudPubSubSourceTask - Started a CloudPubSubSourceTask.
2023-01-25 03:09:24 INFO  CloudPubSubSourceTask - Started a CloudPubSubSourceTask.
2023-01-25 03:09:24 INFO  CloudPubSubSourceTask - Started a CloudPubSubSourceTask.
Tests run: 16, Failures: 0, Errors: 0, Skipped: 0, Time elapsed: 0.055 sec
Running com.google.pubsub.kafka.source.CloudPubSubSourceConnectorTest
2023-01-25 03:09:25 INFO  CloudPubSubSourceConnector - Started the CloudPubSubSourceConnector
Tests run: 4, Failures: 0, Errors: 0, Skipped: 0, Time elapsed: 0.033 sec
Running com.google.pubsublite.kafka.sink.PubSubLiteSinkTaskTest
Tests run: 9, Failures: 0, Errors: 0, Skipped: 0, Time elapsed: 0.067 sec
Running com.google.pubsublite.kafka.sink.SchemasTest
Tests run: 5, Failures: 0, Errors: 0, Skipped: 0, Time elapsed: 0.024 sec
Running com.google.pubsublite.kafka.source.PollerImplTest
Tests run: 5, Failures: 0, Errors: 0, Skipped: 0, Time elapsed: 0.095 sec
Running com.google.pubsublite.kafka.source.PubSubLiteSourceTaskTest
Tests run: 2, Failures: 0, Errors: 0, Skipped: 0, Time elapsed: 0.019 sec

Results :

Tests run: 78, Failures: 0, Errors: 0, Skipped: 0

[INFO] ------------------------------------------------------------------------
[INFO] BUILD SUCCESS
[INFO] ------------------------------------------------------------------------
[INFO] Total time:  6.506 s
[INFO] Finished at: 2023-01-25T03:09:25Z
[INFO] ------------------------------------------------------------------------
