[INFO] Scanning for projects...
[INFO] 
[INFO] ------------------------< com.jcabi:jcabi-http >------------------------
[INFO] Building jcabi-http 2.0-SNAPSHOT
[INFO] --------------------------------[ jar ]---------------------------------
[INFO] 
[INFO] --- maven-clean-plugin:3.2.0:clean (default-clean) @ jcabi-http ---
[INFO] Deleting /home/gabsko/breaking-updates/target
[INFO] 
[INFO] --- maven-enforcer-plugin:3.1.0:enforce (enforce-maven) @ jcabi-http ---
[INFO] 
[INFO] --- buildnumber-maven-plugin:3.0.0:create (jcabi-build-number) @ jcabi-http ---
[INFO] ShortRevision tag detected. The value is '7'.
[INFO] Executing: /bin/sh -c cd '/home/gabsko/breaking-updates' && 'git' 'rev-parse' '--verify' '--short=7' 'HEAD'
[INFO] Working directory: /home/gabsko/breaking-updates
[INFO] Storing buildNumber: 3a46271 at timestamp: 2023-01-25T04:13:49
[INFO] Storing buildScmBranch: branch-jcabi/jcabi-http-3a46271bb8eb65924c85adac232b051277975b11
[INFO] 
[INFO] --- buildnumber-maven-plugin:3.0.0:create-timestamp (jcabi-build-number) @ jcabi-http ---
[INFO] Skipping because we are not in root module.
[INFO] 
[INFO] --- maven-resources-plugin:3.3.0:resources (default-resources) @ jcabi-http ---
[INFO] skip non existing resourceDirectory /home/gabsko/breaking-updates/src/main/resources
[INFO] 
[INFO] --- maven-compiler-plugin:3.10.1:compile (default-compile) @ jcabi-http ---
[INFO] Changes detected - recompiling the module!
[INFO] Compiling 53 source files to /home/gabsko/breaking-updates/target/classes
[INFO] 
[INFO] --- maven-resources-plugin:3.3.0:testResources (default-testResources) @ jcabi-http ---
[INFO] Copying 1 resource
[INFO] The encoding used to copy filtered properties files have not been set. This means that the same encoding will be used to copy filtered properties files as when copying other filtered resources. This might not be what you want! Run your build with --debug to see which files might be affected. Read more at https://maven.apache.org/plugins/maven-resources-plugin/examples/filtering-properties-files.html
[INFO] 
[INFO] --- maven-compiler-plugin:3.10.1:testCompile (default-testCompile) @ jcabi-http ---
[INFO] Changes detected - recompiling the module!
[INFO] Compiling 37 source files to /home/gabsko/breaking-updates/target/test-classes
[INFO] 
[INFO] --- maven-surefire-plugin:3.0.0-M7:test (default-test) @ jcabi-http ---
[INFO] Tests will run in random order. To reproduce ordering use flag -Dsurefire.runOrder.random.seed=20606561490500259
[INFO] Using auto detected provider org.apache.maven.surefire.junitplatform.JUnitPlatformProvider
[INFO] 
[INFO] -------------------------------------------------------
[INFO]  T E S T S
[INFO] -------------------------------------------------------
[INFO] Running com.jcabi.http.wire.CachingWireTest
Jan 25, 2023 4:13:55 AM org.glassfish.grizzly.http.server.NetworkListener start
INFO: Started listener bound to [0.0.0.0:35343]
Jan 25, 2023 4:13:55 AM org.glassfish.grizzly.http.server.HttpServer start
INFO: [HttpServer] Started.
SLF4J: Class path contains multiple SLF4J providers.
SLF4J: Found provider [org.slf4j.log4j12.Log4j12ServiceProvider@6dd7b5a3]
SLF4J: Found provider [org.slf4j.reload4j.Reload4jServiceProvider@6f3187b0]
SLF4J: See http://www.slf4j.org/codes.html#multiple_bindings for an explanation.
SLF4J: Actual provider is of type [org.slf4j.log4j12.Log4j12ServiceProvider@6dd7b5a3]
[[0;37mINFO[m] main com.jcabi.http.mock.MkGrizzlyContainer: started on port #35343
[[0;37mINFO[m] main com.jcabi.http.request.BaseRequest: #fetch(GET localhost:35343 /): [200 OK] in 116ms
[[0;37mINFO[m] main com.jcabi.http.request.BaseRequest: #fetch(GET localhost:35343 /): [200 OK] in 1ms
[[0;37mINFO[m] main com.jcabi.http.request.BaseRequest: #fetch(GET localhost:35343 /): [200 OK] in 0ms
[[0;37mINFO[m] main com.jcabi.http.request.BaseRequest: #fetch(GET localhost:35343 /): [200 OK] in 0ms
[[0;37mINFO[m] main com.jcabi.http.request.BaseRequest: #fetch(GET localhost:35343 /): [200 OK] in 1ms
[[0;37mINFO[m] main com.jcabi.http.request.BaseRequest: #fetch(GET localhost:35343 /): [200 OK] in 0ms
[[0;37mINFO[m] main com.jcabi.http.request.BaseRequest: #fetch(GET localhost:35343 /): [200 OK] in 0ms
[[0;37mINFO[m] main com.jcabi.http.request.BaseRequest: #fetch(GET localhost:35343 /): [200 OK] in 1ms
[[0;37mINFO[m] main com.jcabi.http.request.BaseRequest: #fetch(GET localhost:35343 /): [200 OK] in 0ms
[[0;37mINFO[m] main com.jcabi.http.request.BaseRequest: #fetch(GET localhost:35343 /): [200 OK] in 1ms
[[0;37mINFO[m] main com.jcabi.http.mock.MkGrizzlyContainer: stopped on port #35343
Jan 25, 2023 4:13:55 AM org.glassfish.grizzly.http.server.NetworkListener start
INFO: Started listener bound to [0.0.0.0:43067]
Jan 25, 2023 4:13:55 AM org.glassfish.grizzly.http.server.HttpServer start
INFO: [HttpServer-1] Started.
[[0;37mINFO[m] main com.jcabi.http.mock.MkGrizzlyContainer: started on port #43067
[[0;37mINFO[m] main com.jcabi.http.request.BaseRequest: #fetch(GET localhost:43067 /): [200 OK] in 7ms
[[0;37mINFO[m] main com.jcabi.http.request.BaseRequest: #fetch(GET localhost:43067 /): [200 OK] in 0ms
[[0;37mINFO[m] main com.jcabi.http.request.BaseRequest: #fetch(POST localhost:43067 /flush): [200 OK] in 4ms
[[0;37mINFO[m] main com.jcabi.http.request.BaseRequest: #fetch(GET localhost:43067 /): [200 OK] in 2ms
[[0;37mINFO[m] main com.jcabi.http.mock.MkGrizzlyContainer: stopped on port #43067
Jan 25, 2023 4:13:55 AM org.glassfish.grizzly.http.server.NetworkListener start
INFO: Started listener bound to [0.0.0.0:33833]
Jan 25, 2023 4:13:55 AM org.glassfish.grizzly.http.server.HttpServer start
INFO: [HttpServer-2] Started.
[[0;37mINFO[m] main com.jcabi.http.mock.MkGrizzlyContainer: started on port #33833
[[0;37mINFO[m] main com.jcabi.http.request.BaseRequest: #fetch(PUT localhost:33833 /): [200 OK] in 2ms
[[0;37mINFO[m] main com.jcabi.http.request.BaseRequest: #fetch(PUT localhost:33833 /): [200 OK] in 2ms
[[0;37mINFO[m] main com.jcabi.http.mock.MkGrizzlyContainer: stopped on port #33833
Jan 25, 2023 4:13:55 AM org.glassfish.grizzly.http.server.NetworkListener start
INFO: Started listener bound to [0.0.0.0:34799]
Jan 25, 2023 4:13:55 AM org.glassfish.grizzly.http.server.HttpServer start
INFO: [HttpServer-3] Started.
[[0;37mINFO[m] main com.jcabi.http.mock.MkGrizzlyContainer: started on port #34799
[[0;37mINFO[m] main com.jcabi.http.request.BaseRequest: #fetch(GET localhost:34799 /): [200 OK] in 3ms
[[0;37mINFO[m] main com.jcabi.http.request.BaseRequest: #fetch(GET localhost:34799 /): [200 OK] in 0ms
[[0;37mINFO[m] main com.jcabi.http.request.BaseRequest: #fetch(GET localhost:34799 /): [200 OK] in 0ms
[[0;37mINFO[m] main com.jcabi.http.request.BaseRequest: #fetch(GET localhost:34799 /): [200 OK] in 0ms
[[0;37mINFO[m] main com.jcabi.http.request.BaseRequest: #fetch(GET localhost:34799 /): [200 OK] in 0ms
[[0;37mINFO[m] main com.jcabi.http.request.BaseRequest: #fetch(GET localhost:34799 /): [200 OK] in 0ms
[[0;37mINFO[m] main com.jcabi.http.request.BaseRequest: #fetch(GET localhost:34799 /): [200 OK] in 0ms
[[0;37mINFO[m] main com.jcabi.http.request.BaseRequest: #fetch(GET localhost:34799 /): [200 OK] in 0ms
[[0;37mINFO[m] main com.jcabi.http.request.BaseRequest: #fetch(GET localhost:34799 /): [200 OK] in 1ms
[[0;37mINFO[m] main com.jcabi.http.request.BaseRequest: #fetch(GET localhost:34799 /): [200 OK] in 0ms
[[0;37mINFO[m] main com.jcabi.http.mock.MkGrizzlyContainer: stopped on port #34799
[INFO] Tests run: 4, Failures: 0, Errors: 0, Skipped: 0, Time elapsed: 1.213 s - in com.jcabi.http.wire.CachingWireTest
[INFO] Running com.jcabi.http.mock.MkAnswerMatchersTest
[INFO] Tests run: 3, Failures: 0, Errors: 0, Skipped: 0, Time elapsed: 0.367 s - in com.jcabi.http.mock.MkAnswerMatchersTest
[INFO] Running com.jcabi.http.response.XmlResponseTest
[[0;37mINFO[m] main com.jcabi.http.request.BaseRequest: #fetch(GET localhost:12345 /see-FakeRequest-class): [200 OK] in 0ms
[[0;37mINFO[m] main com.jcabi.http.request.BaseRequest: #fetch(GET localhost:12345 /see-FakeRequest-class): [200 OK] in 0ms
[[0;37mINFO[m] main com.jcabi.http.request.BaseRequest: #fetch(GET localhost:12345 /see-FakeRequest-class): [200 OK] in 0ms
[[0;37mINFO[m] main com.jcabi.http.request.BaseRequest: #fetch(GET localhost:12345 /see-FakeRequest-class): [200 OK] in 1ms
[[0;37mINFO[m] main com.jcabi.http.request.BaseRequest: #fetch(GET localhost:12345 /see-FakeRequest-class): [200 OK] in 0ms
[INFO] Tests run: 5, Failures: 0, Errors: 0, Skipped: 0, Time elapsed: 0.176 s - in com.jcabi.http.response.XmlResponseTest
[INFO] Running com.jcabi.http.request.BaseRequestTest
Jan 25, 2023 4:13:56 AM org.glassfish.grizzly.http.server.NetworkListener start
INFO: Started listener bound to [0.0.0.0:38851]
Jan 25, 2023 4:13:56 AM org.glassfish.grizzly.http.server.HttpServer start
INFO: [HttpServer-4] Started.
[[0;37mINFO[m] main com.jcabi.http.mock.MkGrizzlyContainer: started on port #38851
[[0;37mINFO[m] main com.jcabi.http.request.BaseRequest: #fetch(POST localhost:38851 /): [200 OK] in 5ms
[INFO] Tests run: 7, Failures: 0, Errors: 0, Skipped: 0, Time elapsed: 0.098 s - in com.jcabi.http.request.BaseRequestTest
[INFO] Running com.jcabi.http.wire.TrustedWireTest
Jan 25, 2023 4:13:56 AM org.glassfish.grizzly.http.server.NetworkListener start
INFO: Started listener bound to [0.0.0.0:32895]
Jan 25, 2023 4:13:56 AM org.glassfish.grizzly.http.server.HttpServer start
INFO: [HttpServer-5] Started.
[[0;37mINFO[m] main com.jcabi.http.mock.MkGrizzlyContainer: started on port #32895
[[0;37mINFO[m] main com.jcabi.http.request.BaseRequest: #fetch(GET localhost:32895 /): [200 OK] in 120ms
[[0;37mINFO[m] main com.jcabi.http.mock.MkGrizzlyContainer: stopped on port #32895
[INFO] Tests run: 1, Failures: 0, Errors: 0, Skipped: 0, Time elapsed: 0.276 s - in com.jcabi.http.wire.TrustedWireTest
[INFO] Running com.jcabi.http.wire.LastModifiedCachingWireTest
Jan 25, 2023 4:13:56 AM org.glassfish.grizzly.http.server.NetworkListener start
INFO: Started listener bound to [0.0.0.0:43555]
Jan 25, 2023 4:13:56 AM org.glassfish.grizzly.http.server.HttpServer start
INFO: [HttpServer-6] Started.
[[0;37mINFO[m] main com.jcabi.http.mock.MkGrizzlyContainer: started on port #43555
[[0;37mINFO[m] main com.jcabi.http.request.BaseRequest: #fetch(GET localhost:43555 /): [200 OK] in 3ms
[[0;37mINFO[m] main com.jcabi.http.request.BaseRequest: #fetch(GET localhost:43555 /): [200 OK] in 2ms
[[0;37mINFO[m] main com.jcabi.http.mock.MkGrizzlyContainer: stopped on port #43555
Jan 25, 2023 4:13:56 AM org.glassfish.grizzly.http.server.NetworkListener start
INFO: Started listener bound to [0.0.0.0:43667]
Jan 25, 2023 4:13:56 AM org.glassfish.grizzly.http.server.HttpServer start
INFO: [HttpServer-7] Started.
[[0;37mINFO[m] main com.jcabi.http.mock.MkGrizzlyContainer: started on port #43667
[[0;37mINFO[m] main com.jcabi.http.request.BaseRequest: #fetch(GET localhost:43667 /): [200 OK] in 2ms
[[0;37mINFO[m] main com.jcabi.http.request.BaseRequest: #fetch(GET localhost:43667 /): [200 OK] in 1ms
[[0;37mINFO[m] main com.jcabi.http.request.BaseRequest: #fetch(GET localhost:43667 /): [200 OK] in 2ms
[[0;37mINFO[m] main com.jcabi.http.mock.MkGrizzlyContainer: stopped on port #43667
Jan 25, 2023 4:13:57 AM org.glassfish.grizzly.http.server.NetworkListener start
INFO: Started listener bound to [0.0.0.0:44745]
Jan 25, 2023 4:13:57 AM org.glassfish.grizzly.http.server.HttpServer start
INFO: [HttpServer-8] Started.
[[0;37mINFO[m] main com.jcabi.http.mock.MkGrizzlyContainer: started on port #44745
[[0;37mINFO[m] main com.jcabi.http.request.BaseRequest: #fetch(GET localhost:44745 /): [200 OK] in 3ms
[[0;37mINFO[m] main com.jcabi.http.mock.MkGrizzlyContainer: stopped on port #44745
Jan 25, 2023 4:13:57 AM org.glassfish.grizzly.http.server.NetworkListener start
INFO: Started listener bound to [0.0.0.0:42897]
Jan 25, 2023 4:13:57 AM org.glassfish.grizzly.http.server.HttpServer start
INFO: [HttpServer-9] Started.
[[0;37mINFO[m] main com.jcabi.http.mock.MkGrizzlyContainer: started on port #42897
[[0;37mINFO[m] main com.jcabi.http.request.BaseRequest: #fetch(GET localhost:42897 /): [200 OK] in 4ms
[[0;37mINFO[m] main com.jcabi.http.request.BaseRequest: #fetch(GET localhost:42897 /): [404 Not Found] in 2ms
[[0;37mINFO[m] main com.jcabi.http.request.BaseRequest: #fetch(GET localhost:42897 /): [200 OK] in 2ms
[[0;37mINFO[m] main com.jcabi.http.mock.MkGrizzlyContainer: stopped on port #42897
Jan 25, 2023 4:13:57 AM org.glassfish.grizzly.http.server.NetworkListener start
INFO: Started listener bound to [0.0.0.0:44813]
Jan 25, 2023 4:13:57 AM org.glassfish.grizzly.http.server.HttpServer start
INFO: [HttpServer-10] Started.
[[0;37mINFO[m] main com.jcabi.http.mock.MkGrizzlyContainer: started on port #44813
[[0;37mINFO[m] main com.jcabi.http.request.BaseRequest: #fetch(GET localhost:44813 /): [200 OK] in 3ms
[[0;37mINFO[m] main com.jcabi.http.request.BaseRequest: #fetch(GET localhost:44813 /): [200 OK] in 1ms
[[0;37mINFO[m] main com.jcabi.http.request.BaseRequest: #fetch(GET localhost:44813 /): [200 OK] in 2ms
[[0;37mINFO[m] main com.jcabi.http.request.BaseRequest: #fetch(GET localhost:44813 /): [200 OK] in 1ms
[[0;37mINFO[m] main com.jcabi.http.request.BaseRequest: #fetch(GET localhost:44813 /): [200 OK] in 1ms
[[0;37mINFO[m] main com.jcabi.http.request.BaseRequest: #fetch(GET localhost:44813 /): [200 OK] in 2ms
[[0;37mINFO[m] main com.jcabi.http.request.BaseRequest: #fetch(GET localhost:44813 /): [200 OK] in 1ms
[[0;37mINFO[m] main com.jcabi.http.request.BaseRequest: #fetch(GET localhost:44813 /): [200 OK] in 2ms
[[0;37mINFO[m] main com.jcabi.http.request.BaseRequest: #fetch(GET localhost:44813 /): [200 OK] in 1ms
[[0;37mINFO[m] main com.jcabi.http.request.BaseRequest: #fetch(GET localhost:44813 /): [200 OK] in 2ms
[[0;37mINFO[m] main com.jcabi.http.mock.MkGrizzlyContainer: stopped on port #44813
Jan 25, 2023 4:13:57 AM org.glassfish.grizzly.http.server.NetworkListener start
INFO: Started listener bound to [0.0.0.0:38523]
Jan 25, 2023 4:13:57 AM org.glassfish.grizzly.http.server.HttpServer start
INFO: [HttpServer-11] Started.
[[0;37mINFO[m] main com.jcabi.http.mock.MkGrizzlyContainer: started on port #38523
[[0;37mINFO[m] main com.jcabi.http.request.BaseRequest: #fetch(GET localhost:38523 /): [200 OK] in 2ms
[[0;37mINFO[m] main com.jcabi.http.request.BaseRequest: #fetch(GET localhost:38523 /): [200 OK] in 2ms
[[0;37mINFO[m] main com.jcabi.http.request.BaseRequest: #fetch(GET localhost:38523 /): [200 OK] in 1ms
[[0;37mINFO[m] main com.jcabi.http.request.BaseRequest: #fetch(GET localhost:38523 /): [200 OK] in 1ms
[[0;37mINFO[m] main com.jcabi.http.mock.MkGrizzlyContainer: stopped on port #38523
[INFO] Tests run: 6, Failures: 0, Errors: 0, Skipped: 0, Time elapsed: 0.965 s - in com.jcabi.http.wire.LastModifiedCachingWireTest
[INFO] Running com.jcabi.http.wire.FcWireTest
Jan 25, 2023 4:13:57 AM org.glassfish.grizzly.http.server.NetworkListener start
INFO: Started listener bound to [0.0.0.0:40795]
Jan 25, 2023 4:13:57 AM org.glassfish.grizzly.http.server.HttpServer start
INFO: [HttpServer-12] Started.
[[0;37mINFO[m] main com.jcabi.http.mock.MkGrizzlyContainer: started on port #40795
[[2;37mDEBUG[m] main com.jcabi.http.wire.FcCache: directory created for /tmp/com.jcabi.http.wire.FcCache-20606565800612991/GET_/_2F.json
[[2;37mDEBUG[m] main com.jcabi.http.wire.FcCache: cache saved into /tmp/com.jcabi.http.wire.FcCache-20606565800612991/GET_/_2F.json
[[0;37mINFO[m] main com.jcabi.http.request.BaseRequest: #fetch(GET localhost:40795 /): [200 OK] in 9ms
[[2;37mDEBUG[m] main com.jcabi.http.wire.FcCache: cache loaded from /tmp/com.jcabi.http.wire.FcCache-20606565800612991/GET_/_2F.json
[[0;37mINFO[m] main com.jcabi.http.request.BaseRequest: #fetch(GET localhost:40795 /): [200 OK] in 14ms
[[2;37mDEBUG[m] main com.jcabi.http.wire.FcCache: cache invalidated in /tmp/com.jcabi.http.wire.FcCache-20606565800612991
[[0;37mINFO[m] main com.jcabi.http.request.BaseRequest: #fetch(POST localhost:40795 /flush): [200 OK] in 7ms
[[2;37mDEBUG[m] main com.jcabi.http.wire.FcCache: directory created for /tmp/com.jcabi.http.wire.FcCache-20606565800612991/GET_/_2F.json
[[2;37mDEBUG[m] main com.jcabi.http.wire.FcCache: cache saved into /tmp/com.jcabi.http.wire.FcCache-20606565800612991/GET_/_2F.json
[[0;37mINFO[m] main com.jcabi.http.request.BaseRequest: #fetch(GET localhost:40795 /): [200 OK] in 2ms
[[0;37mINFO[m] main com.jcabi.http.mock.MkGrizzlyContainer: stopped on port #40795
Jan 25, 2023 4:13:57 AM org.glassfish.grizzly.http.server.NetworkListener start
INFO: Started listener bound to [0.0.0.0:34901]
Jan 25, 2023 4:13:57 AM org.glassfish.grizzly.http.server.HttpServer start
INFO: [HttpServer-13] Started.
[[0;37mINFO[m] main com.jcabi.http.mock.MkGrizzlyContainer: started on port #34901
[[0;37mINFO[m] main com.jcabi.http.request.BaseRequest: #fetch(PUT localhost:34901 /): [200 OK] in 3ms
[[0;37mINFO[m] main com.jcabi.http.request.BaseRequest: #fetch(PUT localhost:34901 /): [200 OK] in 2ms
[[0;37mINFO[m] main com.jcabi.http.mock.MkGrizzlyContainer: stopped on port #34901
Jan 25, 2023 4:13:58 AM org.glassfish.grizzly.http.server.NetworkListener start
INFO: Started listener bound to [0.0.0.0:40057]
Jan 25, 2023 4:13:58 AM org.glassfish.grizzly.http.server.HttpServer start
INFO: [HttpServer-14] Started.
[[0;37mINFO[m] main com.jcabi.http.mock.MkGrizzlyContainer: started on port #40057
[[2;37mDEBUG[m] main com.jcabi.http.wire.FcCache: directory created for /tmp/com.jcabi.http.wire.FcCache-20606566029837246/GET_/_2F.json
[[2;37mDEBUG[m] main com.jcabi.http.wire.FcCache: cache saved into /tmp/com.jcabi.http.wire.FcCache-20606566029837246/GET_/_2F.json
[[0;37mINFO[m] main com.jcabi.http.request.BaseRequest: #fetch(GET localhost:40057 /): [200 OK] in 4ms
[[2;37mDEBUG[m] main com.jcabi.http.wire.FcCache: cache loaded from /tmp/com.jcabi.http.wire.FcCache-20606566029837246/GET_/_2F.json
[[0;37mINFO[m] main com.jcabi.http.request.BaseRequest: #fetch(GET localhost:40057 /): [200 OK] in 1ms
[[2;37mDEBUG[m] main com.jcabi.http.wire.FcCache: cache loaded from /tmp/com.jcabi.http.wire.FcCache-20606566029837246/GET_/_2F.json
[[0;37mINFO[m] main com.jcabi.http.request.BaseRequest: #fetch(GET localhost:40057 /): [200 OK] in 1ms
[[2;37mDEBUG[m] main com.jcabi.http.wire.FcCache: cache loaded from /tmp/com.jcabi.http.wire.FcCache-20606566029837246/GET_/_2F.json
[[0;37mINFO[m] main com.jcabi.http.request.BaseRequest: #fetch(GET localhost:40057 /): [200 OK] in 0ms
[[2;37mDEBUG[m] main com.jcabi.http.wire.FcCache: cache loaded from /tmp/com.jcabi.http.wire.FcCache-20606566029837246/GET_/_2F.json
[[0;37mINFO[m] main com.jcabi.http.request.BaseRequest: #fetch(GET localhost:40057 /): [200 OK] in 0ms
[[2;37mDEBUG[m] main com.jcabi.http.wire.FcCache: cache loaded from /tmp/com.jcabi.http.wire.FcCache-20606566029837246/GET_/_2F.json
[[0;37mINFO[m] main com.jcabi.http.request.BaseRequest: #fetch(GET localhost:40057 /): [200 OK] in 1ms
[[2;37mDEBUG[m] main com.jcabi.http.wire.FcCache: cache loaded from /tmp/com.jcabi.http.wire.FcCache-20606566029837246/GET_/_2F.json
[[0;37mINFO[m] main com.jcabi.http.request.BaseRequest: #fetch(GET localhost:40057 /): [200 OK] in 1ms
[[2;37mDEBUG[m] main com.jcabi.http.wire.FcCache: cache loaded from /tmp/com.jcabi.http.wire.FcCache-20606566029837246/GET_/_2F.json
[[0;37mINFO[m] main com.jcabi.http.request.BaseRequest: #fetch(GET localhost:40057 /): [200 OK] in 0ms
[[2;37mDEBUG[m] main com.jcabi.http.wire.FcCache: cache loaded from /tmp/com.jcabi.http.wire.FcCache-20606566029837246/GET_/_2F.json
[[0;37mINFO[m] main com.jcabi.http.request.BaseRequest: #fetch(GET localhost:40057 /): [200 OK] in 0ms
[[2;37mDEBUG[m] main com.jcabi.http.wire.FcCache: cache loaded from /tmp/com.jcabi.http.wire.FcCache-20606566029837246/GET_/_2F.json
[[0;37mINFO[m] main com.jcabi.http.request.BaseRequest: #fetch(GET localhost:40057 /): [200 OK] in 1ms
[[0;37mINFO[m] main com.jcabi.http.mock.MkGrizzlyContainer: stopped on port #40057
[INFO] Tests run: 3, Failures: 0, Errors: 0, Skipped: 0, Time elapsed: 0.373 s - in com.jcabi.http.wire.FcWireTest
[INFO] Running com.jcabi.http.request.FakeRequestTest
[[0;37mINFO[m] main com.jcabi.http.request.BaseRequest: #fetch(POST localhost:12345 /see-FakeRequest-class/helloall): [200 OK] in 0ms
[[0;37mINFO[m] main com.jcabi.http.request.BaseRequest: #fetch(GET google.com /): [200 OK] in 0ms
[[0;37mINFO[m] main com.jcabi.http.request.BaseRequest: #fetch(POST localhost:12345 /see-FakeRequest-class/binContent): [200 OK] in 0ms
[[0;37mINFO[m] main com.jcabi.http.request.BaseRequest: #fetch(GET localhost:12345 /see-FakeRequest-class): [200 OK] in 0ms
[INFO] Tests run: 7, Failures: 0, Errors: 0, Skipped: 0, Time elapsed: 0.012 s - in com.jcabi.http.request.FakeRequestTest
[INFO] Running com.jcabi.http.RequestTest
Jan 25, 2023 4:13:58 AM org.glassfish.grizzly.http.server.NetworkListener start
INFO: Started listener bound to [0.0.0.0:45041]
Jan 25, 2023 4:13:58 AM org.glassfish.grizzly.http.server.HttpServer start
INFO: [HttpServer-15] Started.
[[0;37mINFO[m] main com.jcabi.http.mock.MkGrizzlyContainer: started on port #45041
[[0;37mINFO[m] main com.jcabi.http.request.BaseRequest: #fetch(GET localhost:45041 /helloall): [200 OK] in 104ms
[[0;37mINFO[m] main com.jcabi.http.mock.MkGrizzlyContainer: stopped on port #45041
Jan 25, 2023 4:13:58 AM org.glassfish.grizzly.http.server.NetworkListener start
INFO: Started listener bound to [0.0.0.0:44875]
Jan 25, 2023 4:13:58 AM org.glassfish.grizzly.http.server.HttpServer start
INFO: [HttpServer-16] Started.
[[0;37mINFO[m] main com.jcabi.http.mock.MkGrizzlyContainer: started on port #44875
[[0;37mINFO[m] main com.jcabi.http.request.BaseRequest: #fetch(GET localhost:44875 /helloall): [200 OK] in 3ms
[[0;37mINFO[m] main com.jcabi.http.mock.MkGrizzlyContainer: stopped on port #44875
Jan 25, 2023 4:13:58 AM org.glassfish.grizzly.http.server.NetworkListener start
INFO: Started listener bound to [0.0.0.0:42415]
Jan 25, 2023 4:13:58 AM org.glassfish.grizzly.http.server.HttpServer start
INFO: [HttpServer-17] Started.
[[0;37mINFO[m] main com.jcabi.http.mock.MkGrizzlyContainer: started on port #42415
[[0;37mINFO[m] main com.jcabi.http.request.BaseRequest: #fetch(GET localhost:42415 /): [404 Not Found] in 4ms
[[0;37mINFO[m] main com.jcabi.http.mock.MkGrizzlyContainer: stopped on port #42415
Jan 25, 2023 4:13:58 AM org.glassfish.grizzly.http.server.NetworkListener start
INFO: Started listener bound to [0.0.0.0:33491]
Jan 25, 2023 4:13:58 AM org.glassfish.grizzly.http.server.HttpServer start
INFO: [HttpServer-18] Started.
[[0;37mINFO[m] main com.jcabi.http.mock.MkGrizzlyContainer: started on port #33491
[[0;37mINFO[m] main com.jcabi.http.request.BaseRequest: #fetch(GET localhost:33491 /): [404 Not Found] in 2ms
[[0;37mINFO[m] main com.jcabi.http.mock.MkGrizzlyContainer: stopped on port #33491
Jan 25, 2023 4:13:58 AM org.glassfish.grizzly.http.server.NetworkListener start
INFO: Started listener bound to [0.0.0.0:42917]
Jan 25, 2023 4:13:58 AM org.glassfish.grizzly.http.server.HttpServer start
INFO: [HttpServer-19] Started.
[[0;37mINFO[m] main com.jcabi.http.mock.MkGrizzlyContainer: started on port #42917
[[0;37mINFO[m] main com.jcabi.http.request.BaseRequest: #fetch(POST localhost:42917 /): [200 OK] in 4ms
[[0;37mINFO[m] main com.jcabi.http.mock.MkGrizzlyContainer: stopped on port #42917
Jan 25, 2023 4:13:58 AM org.glassfish.grizzly.http.server.NetworkListener start
INFO: Started listener bound to [0.0.0.0:36185]
Jan 25, 2023 4:13:58 AM org.glassfish.grizzly.http.server.HttpServer start
INFO: [HttpServer-20] Started.
[[0;37mINFO[m] main com.jcabi.http.mock.MkGrizzlyContainer: started on port #36185
[[0;37mINFO[m] main com.jcabi.http.request.BaseRequest: #fetch(POST localhost:36185 /): [200 OK] in 3ms
[[0;37mINFO[m] main com.jcabi.http.mock.MkGrizzlyContainer: stopped on port #36185
Jan 25, 2023 4:13:58 AM org.glassfish.grizzly.http.server.NetworkListener start
INFO: Started listener bound to [0.0.0.0:33243]
Jan 25, 2023 4:13:58 AM org.glassfish.grizzly.http.server.HttpServer start
INFO: [HttpServer-21] Started.
[[0;37mINFO[m] main com.jcabi.http.mock.MkGrizzlyContainer: started on port #33243
[[0;37mINFO[m] main com.jcabi.http.request.BaseRequest: #fetch(GET localhost:33243 /): [200 OK] in 4ms
[[0;37mINFO[m] main com.jcabi.http.mock.MkGrizzlyContainer: stopped on port #33243
Jan 25, 2023 4:13:59 AM org.glassfish.grizzly.http.server.NetworkListener start
INFO: Started listener bound to [0.0.0.0:43547]
Jan 25, 2023 4:13:59 AM org.glassfish.grizzly.http.server.HttpServer start
INFO: [HttpServer-22] Started.
[[0;37mINFO[m] main com.jcabi.http.mock.MkGrizzlyContainer: started on port #43547
[[0;37mINFO[m] main com.jcabi.http.request.BaseRequest: #fetch(GET localhost:43547 /): [200 OK] in 3ms
[[0;37mINFO[m] main com.jcabi.http.mock.MkGrizzlyContainer: stopped on port #43547
Jan 25, 2023 4:13:59 AM org.glassfish.grizzly.http.server.NetworkListener start
INFO: Started listener bound to [0.0.0.0:40273]
Jan 25, 2023 4:13:59 AM org.glassfish.grizzly.http.server.HttpServer start
INFO: [HttpServer-23] Started.
[[0;37mINFO[m] main com.jcabi.http.mock.MkGrizzlyContainer: started on port #40273
[[0;37mINFO[m] main com.jcabi.http.request.BaseRequest: #fetch(GET localhost:40273 /): [200 OK] in 6ms
[[0;37mINFO[m] main com.jcabi.http.mock.MkGrizzlyContainer: stopped on port #40273
Jan 25, 2023 4:13:59 AM org.glassfish.grizzly.http.server.NetworkListener start
INFO: Started listener bound to [0.0.0.0:41589]
Jan 25, 2023 4:13:59 AM org.glassfish.grizzly.http.server.HttpServer start
INFO: [HttpServer-24] Started.
[[0;37mINFO[m] main com.jcabi.http.mock.MkGrizzlyContainer: started on port #41589
[[0;37mINFO[m] main com.jcabi.http.request.BaseRequest: #fetch(GET localhost:41589 /): [200 OK] in 3ms
[[0;37mINFO[m] main com.jcabi.http.mock.MkGrizzlyContainer: stopped on port #41589
Jan 25, 2023 4:13:59 AM org.glassfish.grizzly.http.server.NetworkListener start
INFO: Started listener bound to [0.0.0.0:34271]
Jan 25, 2023 4:13:59 AM org.glassfish.grizzly.http.server.HttpServer start
INFO: [HttpServer-25] Started.
[[0;37mINFO[m] main com.jcabi.http.mock.MkGrizzlyContainer: started on port #34271
[[0;37mINFO[m] main com.jcabi.http.request.BaseRequest: #fetch(GET localhost:34271 /abcde): [200 OK] in 8ms
[[0;37mINFO[m] main com.jcabi.http.mock.MkGrizzlyContainer: stopped on port #34271
Jan 25, 2023 4:14:00 AM org.glassfish.grizzly.http.server.NetworkListener start
INFO: Started listener bound to [0.0.0.0:41695]
Jan 25, 2023 4:14:00 AM org.glassfish.grizzly.http.server.HttpServer start
INFO: [HttpServer-26] Started.
[[0;37mINFO[m] main com.jcabi.http.mock.MkGrizzlyContainer: started on port #41695
[[0;37mINFO[m] main com.jcabi.http.request.BaseRequest: #fetch(GET localhost:41695 /abcde): [200 OK] in 2ms
[[0;37mINFO[m] main com.jcabi.http.mock.MkGrizzlyContainer: stopped on port #41695
Jan 25, 2023 4:14:00 AM org.glassfish.grizzly.http.server.NetworkListener start
INFO: Started listener bound to [0.0.0.0:38217]
Jan 25, 2023 4:14:00 AM org.glassfish.grizzly.http.server.HttpServer start
INFO: [HttpServer-27] Started.
[[0;37mINFO[m] main com.jcabi.http.mock.MkGrizzlyContainer: started on port #38217
[[0;37mINFO[m] main com.jcabi.http.request.BaseRequest: #fetch(GET localhost:38217 /abcdefff): [200 OK] in 3ms
[[0;37mINFO[m] main com.jcabi.http.mock.MkGrizzlyContainer: stopped on port #38217
Jan 25, 2023 4:14:00 AM org.glassfish.grizzly.http.server.NetworkListener start
INFO: Started listener bound to [0.0.0.0:46765]
Jan 25, 2023 4:14:00 AM org.glassfish.grizzly.http.server.HttpServer start
INFO: [HttpServer-28] Started.
[[0;37mINFO[m] main com.jcabi.http.mock.MkGrizzlyContainer: started on port #46765
[[0;37mINFO[m] main com.jcabi.http.request.BaseRequest: #fetch(GET localhost:46765 /abcdefff): [200 OK] in 2ms
[[0;37mINFO[m] main com.jcabi.http.mock.MkGrizzlyContainer: stopped on port #46765
Jan 25, 2023 4:14:00 AM org.glassfish.grizzly.http.server.NetworkListener start
INFO: Started listener bound to [0.0.0.0:42039]
Jan 25, 2023 4:14:00 AM org.glassfish.grizzly.http.server.HttpServer start
INFO: [HttpServer-29] Started.
[[0;37mINFO[m] main com.jcabi.http.mock.MkGrizzlyContainer: started on port #42039
[[0;37mINFO[m] main com.jcabi.http.request.BaseRequest: #fetch(POST localhost:42039 /): [200 OK] in 2ms
[[0;37mINFO[m] main com.jcabi.http.mock.MkGrizzlyContainer: stopped on port #42039
Jan 25, 2023 4:14:00 AM org.glassfish.grizzly.http.server.NetworkListener start
INFO: Started listener bound to [0.0.0.0:46709]
Jan 25, 2023 4:14:00 AM org.glassfish.grizzly.http.server.HttpServer start
INFO: [HttpServer-30] Started.
[[0;37mINFO[m] main com.jcabi.http.mock.MkGrizzlyContainer: started on port #46709
[[0;37mINFO[m] main com.jcabi.http.request.BaseRequest: #fetch(POST localhost:46709 /): [200 OK] in 2ms
[[0;37mINFO[m] main com.jcabi.http.mock.MkGrizzlyContainer: stopped on port #46709
Jan 25, 2023 4:14:00 AM org.glassfish.grizzly.http.server.NetworkListener start
INFO: Started listener bound to [0.0.0.0:34731]
Jan 25, 2023 4:14:00 AM org.glassfish.grizzly.http.server.HttpServer start
INFO: [HttpServer-31] Started.
[[0;37mINFO[m] main com.jcabi.http.mock.MkGrizzlyContainer: started on port #34731
[[0;37mINFO[m] main com.jcabi.http.mock.MkGrizzlyContainer: stopped on port #34731
Jan 25, 2023 4:14:01 AM org.glassfish.grizzly.http.server.NetworkListener start
INFO: Started listener bound to [0.0.0.0:38917]
Jan 25, 2023 4:14:01 AM org.glassfish.grizzly.http.server.HttpServer start
INFO: [HttpServer-32] Started.
[[0;37mINFO[m] main com.jcabi.http.mock.MkGrizzlyContainer: started on port #38917
[[0;37mINFO[m] main com.jcabi.http.mock.MkGrizzlyContainer: stopped on port #38917
Jan 25, 2023 4:14:01 AM org.glassfish.grizzly.http.server.NetworkListener start
INFO: Started listener bound to [0.0.0.0:39999]
Jan 25, 2023 4:14:01 AM org.glassfish.grizzly.http.server.HttpServer start
INFO: [HttpServer-33] Started.
[[0;37mINFO[m] main com.jcabi.http.mock.MkGrizzlyContainer: started on port #39999
[[0;37mINFO[m] main com.jcabi.http.request.BaseRequest: #fetch(POST localhost:39999 /): [200 OK] in 3ms
[[0;37mINFO[m] main com.jcabi.http.mock.MkGrizzlyContainer: stopped on port #39999
Jan 25, 2023 4:14:01 AM org.glassfish.grizzly.http.server.NetworkListener start
INFO: Started listener bound to [0.0.0.0:34379]
Jan 25, 2023 4:14:01 AM org.glassfish.grizzly.http.server.HttpServer start
INFO: [HttpServer-34] Started.
[[0;37mINFO[m] main com.jcabi.http.mock.MkGrizzlyContainer: started on port #34379
[[0;37mINFO[m] main com.jcabi.http.request.BaseRequest: #fetch(POST localhost:34379 /): [200 OK] in 3ms
[[0;37mINFO[m] main com.jcabi.http.mock.MkGrizzlyContainer: stopped on port #34379
Jan 25, 2023 4:14:01 AM org.glassfish.grizzly.http.server.NetworkListener start
INFO: Started listener bound to [0.0.0.0:33113]
Jan 25, 2023 4:14:01 AM org.glassfish.grizzly.http.server.HttpServer start
INFO: [HttpServer-35] Started.
[[0;37mINFO[m] main com.jcabi.http.mock.MkGrizzlyContainer: started on port #33113
[[0;37mINFO[m] main com.jcabi.http.request.BaseRequest: #fetch(GET localhost:33113 /): [303 See Other] in 3ms
[[0;37mINFO[m] main com.jcabi.http.mock.MkGrizzlyContainer: stopped on port #33113
Jan 25, 2023 4:14:02 AM org.glassfish.grizzly.http.server.NetworkListener start
INFO: Started listener bound to [0.0.0.0:44377]
Jan 25, 2023 4:14:02 AM org.glassfish.grizzly.http.server.HttpServer start
INFO: [HttpServer-36] Started.
[[0;37mINFO[m] main com.jcabi.http.mock.MkGrizzlyContainer: started on port #44377
[[0;37mINFO[m] main com.jcabi.http.request.BaseRequest: #fetch(GET localhost:44377 /): [303 See Other] in 2ms
[[0;37mINFO[m] main com.jcabi.http.mock.MkGrizzlyContainer: stopped on port #44377
Jan 25, 2023 4:14:02 AM org.glassfish.grizzly.http.server.NetworkListener start
INFO: Started listener bound to [0.0.0.0:41749]
Jan 25, 2023 4:14:02 AM org.glassfish.grizzly.http.server.HttpServer start
INFO: [HttpServer-37] Started.
[[0;37mINFO[m] main com.jcabi.http.mock.MkGrizzlyContainer: started on port #41749
[[0;37mINFO[m] main com.jcabi.http.request.BaseRequest: #fetch(GET localhost:41749 /): [200 OK] in 5ms
[[0;37mINFO[m] main com.jcabi.http.mock.MkGrizzlyContainer: stopped on port #41749
Jan 25, 2023 4:14:02 AM org.glassfish.grizzly.http.server.NetworkListener start
INFO: Started listener bound to [0.0.0.0:46523]
Jan 25, 2023 4:14:02 AM org.glassfish.grizzly.http.server.HttpServer start
INFO: [HttpServer-38] Started.
[[0;37mINFO[m] main com.jcabi.http.mock.MkGrizzlyContainer: started on port #46523
[[0;37mINFO[m] main com.jcabi.http.request.BaseRequest: #fetch(GET localhost:46523 /): [200 OK] in 3ms
[[0;37mINFO[m] main com.jcabi.http.mock.MkGrizzlyContainer: stopped on port #46523
Jan 25, 2023 4:14:02 AM org.glassfish.grizzly.http.server.NetworkListener start
INFO: Started listener bound to [0.0.0.0:44489]
Jan 25, 2023 4:14:02 AM org.glassfish.grizzly.http.server.HttpServer start
INFO: [HttpServer-39] Started.
[[0;37mINFO[m] main com.jcabi.http.mock.MkGrizzlyContainer: started on port #44489
[[0;37mINFO[m] main com.jcabi.http.request.BaseRequest: #fetch(POST localhost:44489 /): [200 OK] in 4ms
[[0;37mINFO[m] main com.jcabi.http.mock.MkGrizzlyContainer: stopped on port #44489
Jan 25, 2023 4:14:02 AM org.glassfish.grizzly.http.server.NetworkListener start
INFO: Started listener bound to [0.0.0.0:32879]
Jan 25, 2023 4:14:02 AM org.glassfish.grizzly.http.server.HttpServer start
INFO: [HttpServer-40] Started.
[[0;37mINFO[m] main com.jcabi.http.mock.MkGrizzlyContainer: started on port #32879
[[0;37mINFO[m] main com.jcabi.http.request.BaseRequest: #fetch(POST localhost:32879 /): [200 OK] in 3ms
[[0;37mINFO[m] main com.jcabi.http.mock.MkGrizzlyContainer: stopped on port #32879
Jan 25, 2023 4:14:02 AM org.glassfish.grizzly.http.server.NetworkListener start
INFO: Started listener bound to [0.0.0.0:44349]
Jan 25, 2023 4:14:02 AM org.glassfish.grizzly.http.server.HttpServer start
INFO: [HttpServer-41] Started.
[[0;37mINFO[m] main com.jcabi.http.mock.MkGrizzlyContainer: started on port #44349
[[0;37mINFO[m] main com.jcabi.http.request.BaseRequest: #fetch(GET localhost:44349 /): [200 OK] in 5ms
[[0;37mINFO[m] main com.jcabi.http.mock.MkGrizzlyContainer: stopped on port #44349
Jan 25, 2023 4:14:02 AM org.glassfish.grizzly.http.server.NetworkListener start
INFO: Started listener bound to [0.0.0.0:46463]
Jan 25, 2023 4:14:02 AM org.glassfish.grizzly.http.server.HttpServer start
INFO: [HttpServer-42] Started.
[[0;37mINFO[m] main com.jcabi.http.mock.MkGrizzlyContainer: started on port #46463
[[0;37mINFO[m] main com.jcabi.http.request.BaseRequest: #fetch(GET localhost:46463 /): [200 OK] in 3ms
[[0;37mINFO[m] main com.jcabi.http.mock.MkGrizzlyContainer: stopped on port #46463
Jan 25, 2023 4:14:03 AM org.glassfish.grizzly.http.server.NetworkListener start
INFO: Started listener bound to [0.0.0.0:34505]
Jan 25, 2023 4:14:03 AM org.glassfish.grizzly.http.server.HttpServer start
INFO: [HttpServer-43] Started.
[[0;37mINFO[m] main com.jcabi.http.mock.MkGrizzlyContainer: started on port #34505
[[0;37mINFO[m] main com.jcabi.http.request.BaseRequest: #fetch(POST localhost:34505 /): [200 OK] in 3ms
[[0;37mINFO[m] main com.jcabi.http.mock.MkGrizzlyContainer: stopped on port #34505
Jan 25, 2023 4:14:03 AM org.glassfish.grizzly.http.server.NetworkListener start
INFO: Started listener bound to [0.0.0.0:45845]
Jan 25, 2023 4:14:03 AM org.glassfish.grizzly.http.server.HttpServer start
INFO: [HttpServer-44] Started.
[[0;37mINFO[m] main com.jcabi.http.mock.MkGrizzlyContainer: started on port #45845
[[0;37mINFO[m] main com.jcabi.http.request.BaseRequest: #fetch(POST localhost:45845 /): [200 OK] in 2ms
[[0;37mINFO[m] main com.jcabi.http.mock.MkGrizzlyContainer: stopped on port #45845
Jan 25, 2023 4:14:03 AM org.glassfish.grizzly.http.server.NetworkListener start
INFO: Started listener bound to [0.0.0.0:37623]
Jan 25, 2023 4:14:03 AM org.glassfish.grizzly.http.server.HttpServer start
INFO: [HttpServer-45] Started.
[[0;37mINFO[m] main com.jcabi.http.mock.MkGrizzlyContainer: started on port #37623
[[0;37mINFO[m] main com.jcabi.http.request.BaseRequest: #fetch(GET localhost:37623 /barbar): [200 OK] in 5ms
[[0;37mINFO[m] main com.jcabi.http.mock.MkGrizzlyContainer: stopped on port #37623
Jan 25, 2023 4:14:04 AM org.glassfish.grizzly.http.server.NetworkListener start
INFO: Started listener bound to [0.0.0.0:42361]
Jan 25, 2023 4:14:04 AM org.glassfish.grizzly.http.server.HttpServer start
INFO: [HttpServer-46] Started.
[[0;37mINFO[m] main com.jcabi.http.mock.MkGrizzlyContainer: started on port #42361
[[0;37mINFO[m] main com.jcabi.http.request.BaseRequest: #fetch(GET localhost:42361 /barbar): [200 OK] in 2ms
[[0;37mINFO[m] main com.jcabi.http.mock.MkGrizzlyContainer: stopped on port #42361
Jan 25, 2023 4:14:04 AM org.glassfish.grizzly.http.server.NetworkListener start
INFO: Started listener bound to [0.0.0.0:34705]
Jan 25, 2023 4:14:04 AM org.glassfish.grizzly.http.server.HttpServer start
INFO: [HttpServer-47] Started.
[[0;37mINFO[m] main com.jcabi.http.mock.MkGrizzlyContainer: started on port #34705
[[0;37mINFO[m] main com.jcabi.http.request.BaseRequest: #fetch(POST localhost:34705 /): [200 OK] in 5ms
[[0;37mINFO[m] main com.jcabi.http.mock.MkGrizzlyContainer: stopped on port #34705
Jan 25, 2023 4:14:05 AM org.glassfish.grizzly.http.server.NetworkListener start
INFO: Started listener bound to [0.0.0.0:35081]
Jan 25, 2023 4:14:05 AM org.glassfish.grizzly.http.server.HttpServer start
INFO: [HttpServer-48] Started.
[[0;37mINFO[m] main com.jcabi.http.mock.MkGrizzlyContainer: started on port #35081
[[0;37mINFO[m] main com.jcabi.http.request.BaseRequest: #fetch(POST localhost:35081 /): [200 OK] in 2ms
[[0;37mINFO[m] main com.jcabi.http.mock.MkGrizzlyContainer: stopped on port #35081
Jan 25, 2023 4:14:05 AM org.glassfish.grizzly.http.server.NetworkListener start
INFO: Started listener bound to [0.0.0.0:41535]
Jan 25, 2023 4:14:05 AM org.glassfish.grizzly.http.server.HttpServer start
INFO: [HttpServer-49] Started.
[[0;37mINFO[m] main com.jcabi.http.mock.MkGrizzlyContainer: started on port #41535
[[0;37mINFO[m] main com.jcabi.http.request.BaseRequest: #fetch(GET localhost:41535 /foo1): [200 OK] in 3ms
[[0;37mINFO[m] main com.jcabi.http.mock.MkGrizzlyContainer: stopped on port #41535
Jan 25, 2023 4:14:06 AM org.glassfish.grizzly.http.server.NetworkListener start
INFO: Started listener bound to [0.0.0.0:33913]
Jan 25, 2023 4:14:06 AM org.glassfish.grizzly.http.server.HttpServer start
INFO: [HttpServer-50] Started.
[[0;37mINFO[m] main com.jcabi.http.mock.MkGrizzlyContainer: started on port #33913
[[0;37mINFO[m] main com.jcabi.http.request.BaseRequest: #fetch(GET localhost:33913 /foo1): [200 OK] in 5ms
[[0;37mINFO[m] main com.jcabi.http.mock.MkGrizzlyContainer: stopped on port #33913
Jan 25, 2023 4:14:06 AM org.glassfish.grizzly.http.server.NetworkListener start
INFO: Started listener bound to [0.0.0.0:44985]
Jan 25, 2023 4:14:06 AM org.glassfish.grizzly.http.server.HttpServer start
INFO: [HttpServer-51] Started.
[[0;37mINFO[m] main com.jcabi.http.mock.MkGrizzlyContainer: started on port #44985
[[0;37mINFO[m] main com.jcabi.http.request.BaseRequest: #fetch(GET localhost:44985 /foo-X): [200 OK] in 3ms
[[0;37mINFO[m] main com.jcabi.http.request.BaseRequest: #fetch(POST localhost:44985 /foo-X): [200 OK] in 4ms
[[0;37mINFO[m] main com.jcabi.http.request.BaseRequest: #fetch(GET localhost:44985 /foo-X): [200 OK] in 6ms
[[0;37mINFO[m] main com.jcabi.http.mock.MkGrizzlyContainer: stopped on port #44985
Jan 25, 2023 4:14:07 AM org.glassfish.grizzly.http.server.NetworkListener start
INFO: Started listener bound to [0.0.0.0:34607]
Jan 25, 2023 4:14:07 AM org.glassfish.grizzly.http.server.HttpServer start
INFO: [HttpServer-52] Started.
[[0;37mINFO[m] main com.jcabi.http.mock.MkGrizzlyContainer: started on port #34607
[[0;37mINFO[m] main com.jcabi.http.request.BaseRequest: #fetch(GET localhost:34607 /foo-X): [200 OK] in 5ms
[[0;37mINFO[m] main com.jcabi.http.request.BaseRequest: #fetch(POST localhost:34607 /foo-X): [200 OK] in 1ms
[[0;37mINFO[m] main com.jcabi.http.request.BaseRequest: #fetch(GET localhost:34607 /foo-X): [200 OK] in 2ms
[[0;37mINFO[m] main com.jcabi.http.mock.MkGrizzlyContainer: stopped on port #34607
Jan 25, 2023 4:14:08 AM org.glassfish.grizzly.http.server.NetworkListener start
INFO: Started listener bound to [0.0.0.0:44945]
Jan 25, 2023 4:14:08 AM org.glassfish.grizzly.http.server.HttpServer start
INFO: [HttpServer-53] Started.
[[0;37mINFO[m] main com.jcabi.http.mock.MkGrizzlyContainer: started on port #44945
[[0;37mINFO[m] main com.jcabi.http.request.BaseRequest: #fetch(POST localhost:44945 /): [200 OK] in 6ms
[[0;37mINFO[m] main com.jcabi.http.mock.MkGrizzlyContainer: stopped on port #44945
Jan 25, 2023 4:14:08 AM org.glassfish.grizzly.http.server.NetworkListener start
INFO: Started listener bound to [0.0.0.0:40013]
Jan 25, 2023 4:14:08 AM org.glassfish.grizzly.http.server.HttpServer start
INFO: [HttpServer-54] Started.
[[0;37mINFO[m] main com.jcabi.http.mock.MkGrizzlyContainer: started on port #40013
[[0;37mINFO[m] main com.jcabi.http.request.BaseRequest: #fetch(POST localhost:40013 /): [200 OK] in 8ms
[[0;37mINFO[m] main com.jcabi.http.mock.MkGrizzlyContainer: stopped on port #40013
[INFO] Tests run: 42, Failures: 0, Errors: 0, Skipped: 0, Time elapsed: 10.57 s - in com.jcabi.http.RequestTest
[INFO] Running com.jcabi.http.response.WebLinkingResponseTest
[[0;37mINFO[m] main com.jcabi.http.request.BaseRequest: #fetch(GET localhost /test): [200 OK] in 0ms
[[0;37mINFO[m] main com.jcabi.http.request.BaseRequest: #fetch(GET localhost:12345 /see-FakeRequest-class): [200 OK] in 0ms
[[0;37mINFO[m] main com.jcabi.http.request.BaseRequest: #fetch(GET localhost:12345 /see-FakeRequest-class): [200 OK] in 0ms
[INFO] Tests run: 2, Failures: 0, Errors: 0, Skipped: 0, Time elapsed: 0.005 s - in com.jcabi.http.response.WebLinkingResponseTest
[INFO] Running com.jcabi.http.request.DefaultResponseTest
[INFO] Tests run: 1, Failures: 0, Errors: 0, Skipped: 0, Time elapsed: 0.033 s - in com.jcabi.http.request.DefaultResponseTest
[INFO] Running com.jcabi.http.wire.ETagCachingWireTest
Jan 25, 2023 4:14:09 AM org.glassfish.grizzly.http.server.NetworkListener start
INFO: Started listener bound to [0.0.0.0:46737]
Jan 25, 2023 4:14:09 AM org.glassfish.grizzly.http.server.HttpServer start
INFO: [HttpServer-55] Started.
[[0;37mINFO[m] main com.jcabi.http.mock.MkGrizzlyContainer: started on port #46737
[[0;37mINFO[m] main com.jcabi.http.request.BaseRequest: #fetch(GET localhost:46737 /): [200 OK] in 2ms
[[0;37mINFO[m] main com.jcabi.http.request.BaseRequest: #fetch(GET localhost:46737 /): [200 OK] in 1ms
[[0;37mINFO[m] main com.jcabi.http.mock.MkGrizzlyContainer: stopped on port #46737
Jan 25, 2023 4:14:09 AM org.glassfish.grizzly.http.server.NetworkListener start
INFO: Started listener bound to [0.0.0.0:39127]
Jan 25, 2023 4:14:09 AM org.glassfish.grizzly.http.server.HttpServer start
INFO: [HttpServer-56] Started.
[[0;37mINFO[m] main com.jcabi.http.mock.MkGrizzlyContainer: started on port #39127
[[0;37mINFO[m] main com.jcabi.http.request.BaseRequest: #fetch(GET localhost:39127 /): [200 OK] in 2ms
[[0;37mINFO[m] main com.jcabi.http.request.BaseRequest: #fetch(GET localhost:39127 /): [200 OK] in 1ms
[[0;37mINFO[m] main com.jcabi.http.mock.MkGrizzlyContainer: stopped on port #39127
[INFO] Tests run: 2, Failures: 0, Errors: 0, Skipped: 0, Time elapsed: 0.838 s - in com.jcabi.http.wire.ETagCachingWireTest
[INFO] Running com.jcabi.http.mock.MkQueryMatchersTest
[INFO] Tests run: 4, Failures: 0, Errors: 0, Skipped: 0, Time elapsed: 0.026 s - in com.jcabi.http.mock.MkQueryMatchersTest
[INFO] Running com.jcabi.http.mock.MkContainerTest
Jan 25, 2023 4:14:09 AM org.glassfish.grizzly.http.server.NetworkListener start
INFO: Started listener bound to [0.0.0.0:39869]
Jan 25, 2023 4:14:09 AM org.glassfish.grizzly.http.server.HttpServer start
INFO: [HttpServer-57] Started.
[[0;37mINFO[m] main com.jcabi.http.mock.MkGrizzlyContainer: started on port #39869
[[0;37mINFO[m] main com.jcabi.http.wire.VerboseWire: #send(POST http://localhost:39869/):
HTTP Request (com.jcabi.http.request.BaseRequest):
  
  reqBodyMatches
HTTP Response (com.jcabi.http.request.DefaultResponse):
  200 OK [http://localhost:39869/]
  Server: com.jcabi.http.mock.MkGrizzlyAdapter query #1, 2 answer(s) left
  Content-Length: 15
  
  respBodyMatches
[[0;37mINFO[m] main com.jcabi.http.request.BaseRequest: #fetch(POST localhost:39869 /): [200 OK] in 2ms
[[0;37mINFO[m] main com.jcabi.http.wire.VerboseWire: #send(POST http://localhost:39869/):
HTTP Request (com.jcabi.http.request.BaseRequest):
  
  reqBodyMismatches
HTTP Response (com.jcabi.http.request.DefaultResponse):
  200 OK [http://localhost:39869/]
  Server: com.jcabi.http.mock.MkGrizzlyAdapter query #2, 1 answer(s) left
  Content-Length: 4
  
  bleh
[[0;37mINFO[m] main com.jcabi.http.request.BaseRequest: #fetch(POST localhost:39869 /): [200 OK] in 2ms
[[0;37mINFO[m] main com.jcabi.http.mock.MkGrizzlyContainer: stopped on port #39869
Jan 25, 2023 4:14:10 AM org.glassfish.grizzly.http.server.NetworkListener start
INFO: Started listener bound to [0.0.0.0:37285]
Jan 25, 2023 4:14:10 AM org.glassfish.grizzly.http.server.HttpServer start
INFO: [HttpServer-58] Started.
[[0;37mINFO[m] main com.jcabi.http.mock.MkGrizzlyContainer: started on port #37285
[[0;37mINFO[m] main com.jcabi.http.wire.VerboseWire: #send(GET http://localhost:37285/):
HTTP Request (com.jcabi.http.request.BaseRequest):
  
  <<empty>>
HTTP Response (com.jcabi.http.request.DefaultResponse):
  500 Internal Server Error [http://localhost:37285/]
  Connection: close
  Content-Length: 462
  
  java.util.NoSuchElementException: No matching answers found.
  	at com.jcabi.http.mock.MkGrizzlyAdapter.service(MkGrizzlyAdapter.java:127)
  	at org.glassfish.grizzly.http.server.HttpHandler$1.run(HttpHandler.java:200)
  	at org.glassfish.grizzly.threadpool.AbstractThreadPool$Worker.doWork(AbstractThreadPool.java:569)
  	at org.glassfish.grizzly.threadpool.AbstractThreadPool$Worker.run(AbstractThreadPool.java:549)
  	at java.base/java.lang.Thread.run(Thread.java:829)
  
[[0;37mINFO[m] main com.jcabi.http.request.BaseRequest: #fetch(GET localhost:37285 /): [500 Internal Server Error] in 5ms
[[0;37mINFO[m] main com.jcabi.http.mock.MkGrizzlyContainer: stopped on port #37285
Jan 25, 2023 4:14:10 AM org.glassfish.grizzly.http.server.NetworkListener start
INFO: Started listener bound to [0.0.0.0:36211]
Jan 25, 2023 4:14:10 AM org.glassfish.grizzly.http.server.HttpServer start
INFO: [HttpServer-59] Started.
[[0;37mINFO[m] main com.jcabi.http.mock.MkGrizzlyContainer: started on port #36211
[[0;37mINFO[m] main com.jcabi.http.wire.VerboseWire: #send(GET http://localhost:36211/):
HTTP Request (com.jcabi.http.request.BaseRequest):
  X-Something: text/html
  X-Something: text/xml
  
  <<empty>>
HTTP Response (com.jcabi.http.request.DefaultResponse):
  200 OK [http://localhost:36211/]
  Server: com.jcabi.http.mock.MkGrizzlyAdapter query #1, 1 answer(s) left
  Content-Length: 0
  
  <<empty>>
[[0;37mINFO[m] main com.jcabi.http.request.BaseRequest: #fetch(GET localhost:36211 /): [200 OK] in 2ms
[[0;37mINFO[m] main com.jcabi.http.mock.MkGrizzlyContainer: stopped on port #36211
Jan 25, 2023 4:14:10 AM org.glassfish.grizzly.http.server.NetworkListener start
INFO: Started listener bound to [0.0.0.0:37237]
Jan 25, 2023 4:14:10 AM org.glassfish.grizzly.http.server.HttpServer start
INFO: [HttpServer-60] Started.
[[0;37mINFO[m] main com.jcabi.http.mock.MkGrizzlyContainer: started on port #37237
[[0;37mINFO[m] main com.jcabi.http.wire.VerboseWire: #send(GET http://localhost:37237/):
HTTP Request (com.jcabi.http.request.BaseRequest):
  
  <<empty>>
HTTP Response (com.jcabi.http.request.DefaultResponse):
  200 OK [http://localhost:37237/]
  Server: com.jcabi.http.mock.MkGrizzlyAdapter query #1, 2 answer(s) left
  Content-Length: 8
  
  matching
[[0;37mINFO[m] main com.jcabi.http.request.BaseRequest: #fetch(GET localhost:37237 /): [200 OK] in 2ms
[[0;37mINFO[m] main com.jcabi.http.mock.MkGrizzlyContainer: stopped on port #37237
Jan 25, 2023 4:14:10 AM org.glassfish.grizzly.http.server.NetworkListener start
INFO: Started listener bound to [0.0.0.0:45717]
Jan 25, 2023 4:14:10 AM org.glassfish.grizzly.http.server.HttpServer start
INFO: [HttpServer-61] Started.
[[0;37mINFO[m] main com.jcabi.http.mock.MkGrizzlyContainer: started on port #45717
[[0;37mINFO[m] main com.jcabi.http.request.BaseRequest: #fetch(GET localhost:45717 /): [200 OK] in 2ms
[[0;37mINFO[m] main com.jcabi.http.mock.MkGrizzlyContainer: stopped on port #45717
Jan 25, 2023 4:14:10 AM org.glassfish.grizzly.http.server.NetworkListener start
INFO: Started listener bound to [0.0.0.0:34367]
Jan 25, 2023 4:14:10 AM org.glassfish.grizzly.http.server.HttpServer start
INFO: [HttpServer-62] Started.
[[0;37mINFO[m] main com.jcabi.http.mock.MkGrizzlyContainer: started on port #34367
[[0;37mINFO[m] main com.jcabi.http.wire.VerboseWire: #send(GET http://localhost:34367/):
HTTP Request (com.jcabi.http.request.BaseRequest):
  
  <<empty>>
HTTP Response (com.jcabi.http.request.DefaultResponse):
  200 OK [http://localhost:34367/]
  Server: com.jcabi.http.mock.MkGrizzlyAdapter query #1, 1 answer(s) left
  Content-Length: 5
  
   E!\ufffd
[[0;37mINFO[m] main com.jcabi.http.request.BaseRequest: #fetch(GET localhost:34367 /): [200 OK] in 2ms
[[0;37mINFO[m] main com.jcabi.http.mock.MkGrizzlyContainer: stopped on port #34367
Jan 25, 2023 4:14:11 AM org.glassfish.grizzly.http.server.NetworkListener start
INFO: Started listener bound to [0.0.0.0:39237]
Jan 25, 2023 4:14:11 AM org.glassfish.grizzly.http.server.HttpServer start
INFO: [HttpServer-63] Started.
[[0;37mINFO[m] main com.jcabi.http.mock.MkGrizzlyContainer: started on port #39237
[[0;37mINFO[m] main com.jcabi.http.wire.VerboseWire: #send(POST http://localhost:39237/):
HTTP Request (com.jcabi.http.request.BaseRequest):
  
  multipleRequestMatches
HTTP Response (com.jcabi.http.request.DefaultResponse):
  200 OK [http://localhost:39237/]
  Server: com.jcabi.http.mock.MkGrizzlyAdapter query #1, 2 answer(s) left
  Content-Length: 23
  
  multipleResponseMatches
[[0;37mINFO[m] main com.jcabi.http.request.BaseRequest: #fetch(POST localhost:39237 /): [200 OK] in 5ms
[[0;37mINFO[m] main com.jcabi.http.wire.VerboseWire: #send(POST http://localhost:39237/):
HTTP Request (com.jcabi.http.request.BaseRequest):
  
  multipleRequestMatches
HTTP Response (com.jcabi.http.request.DefaultResponse):
  200 OK [http://localhost:39237/]
  Server: com.jcabi.http.mock.MkGrizzlyAdapter query #2, 2 answer(s) left
  Content-Length: 23
  
  multipleResponseMatches
[[0;37mINFO[m] main com.jcabi.http.request.BaseRequest: #fetch(POST localhost:39237 /): [200 OK] in 2ms
[[0;37mINFO[m] main com.jcabi.http.wire.VerboseWire: #send(POST http://localhost:39237/):
HTTP Request (com.jcabi.http.request.BaseRequest):
  
  multipleRequestNotMatching
HTTP Response (com.jcabi.http.request.DefaultResponse):
  200 OK [http://localhost:39237/]
  Server: com.jcabi.http.mock.MkGrizzlyAdapter query #3, 1 answer(s) left
  Content-Length: 4
  
  blaa
[[0;37mINFO[m] main com.jcabi.http.request.BaseRequest: #fetch(POST localhost:39237 /): [200 OK] in 5ms
[[0;37mINFO[m] main com.jcabi.http.mock.MkGrizzlyContainer: stopped on port #39237
Jan 25, 2023 4:14:11 AM org.glassfish.grizzly.http.server.NetworkListener start
INFO: Started listener bound to [0.0.0.0:46377]
Jan 25, 2023 4:14:11 AM org.glassfish.grizzly.http.server.HttpServer start
INFO: [HttpServer-64] Started.
[[0;37mINFO[m] main com.jcabi.http.mock.MkGrizzlyContainer: started on port #46377
[[0;37mINFO[m] main com.jcabi.http.wire.VerboseWire: #send(GET http://localhost:46377/):
HTTP Request (com.jcabi.http.request.BaseRequest):
  
  <<empty>>
HTTP Response (com.jcabi.http.request.DefaultResponse):
  200 OK [http://localhost:46377/]
  Server: com.jcabi.http.mock.MkGrizzlyAdapter query #1, 1 answer(s) left
  Content-Length: 8
  
  multiple
[[0;37mINFO[m] main com.jcabi.http.request.BaseRequest: #fetch(GET localhost:46377 /): [200 OK] in 10ms
[[0;37mINFO[m] main com.jcabi.http.wire.VerboseWire: #send(GET http://localhost:46377/):
HTTP Request (com.jcabi.http.request.BaseRequest):
  
  <<empty>>
HTTP Response (com.jcabi.http.request.DefaultResponse):
  200 OK [http://localhost:46377/]
  Server: com.jcabi.http.mock.MkGrizzlyAdapter query #2, 1 answer(s) left
  Content-Length: 8
  
  multiple
[[0;37mINFO[m] main com.jcabi.http.request.BaseRequest: #fetch(GET localhost:46377 /): [200 OK] in 1ms
[[0;37mINFO[m] main com.jcabi.http.wire.VerboseWire: #send(GET http://localhost:46377/):
HTTP Request (com.jcabi.http.request.BaseRequest):
  
  <<empty>>
HTTP Response (com.jcabi.http.request.DefaultResponse):
  200 OK [http://localhost:46377/]
  Server: com.jcabi.http.mock.MkGrizzlyAdapter query #3, 1 answer(s) left
  Content-Length: 8
  
  multiple
[[0;37mINFO[m] main com.jcabi.http.request.BaseRequest: #fetch(GET localhost:46377 /): [200 OK] in 6ms
[[0;37mINFO[m] main com.jcabi.http.wire.VerboseWire: #send(GET http://localhost:46377/):
HTTP Request (com.jcabi.http.request.BaseRequest):
  
  <<empty>>
HTTP Response (com.jcabi.http.request.DefaultResponse):
  200 OK [http://localhost:46377/]
  Server: com.jcabi.http.mock.MkGrizzlyAdapter query #4, 1 answer(s) left
  Content-Length: 8
  
  multiple
[[0;37mINFO[m] main com.jcabi.http.request.BaseRequest: #fetch(GET localhost:46377 /): [200 OK] in 3ms
[[0;37mINFO[m] main com.jcabi.http.wire.VerboseWire: #send(GET http://localhost:46377/):
HTTP Request (com.jcabi.http.request.BaseRequest):
  
  <<empty>>
HTTP Response (com.jcabi.http.request.DefaultResponse):
  200 OK [http://localhost:46377/]
  Server: com.jcabi.http.mock.MkGrizzlyAdapter query #5, 1 answer(s) left
  Content-Length: 8
  
  multiple
[[0;37mINFO[m] main com.jcabi.http.request.BaseRequest: #fetch(GET localhost:46377 /): [200 OK] in 6ms
[[0;37mINFO[m] main com.jcabi.http.mock.MkGrizzlyContainer: stopped on port #46377
Jan 25, 2023 4:14:12 AM org.glassfish.grizzly.http.server.NetworkListener start
INFO: Started listener bound to [0.0.0.0:42265]
Jan 25, 2023 4:14:12 AM org.glassfish.grizzly.http.server.HttpServer start
INFO: [HttpServer-65] Started.
[[0;37mINFO[m] main com.jcabi.http.mock.MkGrizzlyContainer: started on port #42265
[[0;37mINFO[m] main com.jcabi.http.wire.VerboseWire: #send(GET http://localhost:42265/):
HTTP Request (com.jcabi.http.request.BaseRequest):
  
  <<empty>>
HTTP Response (com.jcabi.http.request.DefaultResponse):
  200 OK [http://localhost:42265/]
  Server: com.jcabi.http.mock.MkGrizzlyAdapter query #1, 2 answer(s) left
  Content-Length: 5
  
  first
[[0;37mINFO[m] main com.jcabi.http.request.BaseRequest: #fetch(GET localhost:42265 /): [200 OK] in 2ms
[[0;37mINFO[m] main com.jcabi.http.mock.MkGrizzlyContainer: stopped on port #42265
[INFO] Tests run: 9, Failures: 0, Errors: 0, Skipped: 0, Time elapsed: 2.525 s - in com.jcabi.http.mock.MkContainerTest
[INFO] Running com.jcabi.http.wire.AutoRedirectingWireTest
Jan 25, 2023 4:14:12 AM org.glassfish.grizzly.http.server.NetworkListener start
INFO: Started listener bound to [0.0.0.0:42805]
Jan 25, 2023 4:14:12 AM org.glassfish.grizzly.http.server.HttpServer start
INFO: [HttpServer-66] Started.
[[0;37mINFO[m] main com.jcabi.http.mock.MkGrizzlyContainer: started on port #42805
[[0;37mINFO[m] main com.jcabi.http.request.BaseRequest: #fetch(GET localhost:42805 /): [302 Found] in 3s
[[0;37mINFO[m] main com.jcabi.http.mock.MkGrizzlyContainer: stopped on port #42805
Jan 25, 2023 4:14:15 AM org.glassfish.grizzly.http.server.NetworkListener start
INFO: Started listener bound to [0.0.0.0:39119]
Jan 25, 2023 4:14:15 AM org.glassfish.grizzly.http.server.HttpServer start
INFO: [HttpServer-67] Started.
[[0;37mINFO[m] main com.jcabi.http.mock.MkGrizzlyContainer: started on port #39119
[[0;37mINFO[m] main com.jcabi.http.request.BaseRequest: #fetch(GET localhost:39119 /): [200 OK] in 3s
[[0;37mINFO[m] main com.jcabi.http.mock.MkGrizzlyContainer: stopped on port #39119
[INFO] Tests run: 2, Failures: 0, Errors: 0, Skipped: 0, Time elapsed: 6.699 s - in com.jcabi.http.wire.AutoRedirectingWireTest
[INFO] Running com.jcabi.http.RequestTimeoutLossTest
[[0;37mINFO[m] main com.jcabi.http.request.BaseRequest: #fetch(GET localhost /api): [0 null] in 2ms
[[0;37mINFO[m] main com.jcabi.http.request.BaseRequest: #fetch(GET localhost /api): [0 null] in 0ms
[[0;37mINFO[m] main com.jcabi.http.request.BaseRequest: #fetch(GET localhost /): [0 null] in 0ms
[[0;37mINFO[m] main com.jcabi.http.request.BaseRequest: #fetch(GET localhost /): [0 null] in 0ms
[[0;37mINFO[m] main com.jcabi.http.request.BaseRequest: #fetch(GET localhost /): [0 null] in 0ms
[[0;37mINFO[m] main com.jcabi.http.request.BaseRequest: #fetch(GET localhost /): [0 null] in 0ms
[[0;37mINFO[m] main com.jcabi.http.request.BaseRequest: #fetch(GET localhost /): [0 null] in 0ms
[[0;37mINFO[m] main com.jcabi.http.request.BaseRequest: #fetch(GET localhost /): [0 null] in 1ms
[[0;37mINFO[m] main com.jcabi.http.request.BaseRequest: #fetch(GET localhost /): [0 null] in 0ms
[[0;37mINFO[m] main com.jcabi.http.request.BaseRequest: #fetch(GET localhost /): [0 null] in 0ms
[[0;37mINFO[m] main com.jcabi.http.request.BaseRequest: #fetch(GET localhost /): [0 null] in 0ms
[[0;37mINFO[m] main com.jcabi.http.request.BaseRequest: #fetch(GET localhost /): [0 null] in 0ms
[[0;37mINFO[m] main com.jcabi.http.request.BaseRequest: #fetch(GET null fake-url): [0 null] in 1ms
[[0;37mINFO[m] main com.jcabi.http.request.BaseRequest: #fetch(GET localhost /): [0 null] in 0ms
[[0;37mINFO[m] main com.jcabi.http.request.BaseRequest: #fetch(GET localhost /): [0 null] in 0ms
[INFO] Tests run: 15, Failures: 0, Errors: 0, Skipped: 0, Time elapsed: 0.062 s - in com.jcabi.http.RequestTimeoutLossTest
[INFO] Running com.jcabi.http.request.BoundaryTest
[INFO] Tests run: 1, Failures: 0, Errors: 0, Skipped: 0, Time elapsed: 0.001 s - in com.jcabi.http.request.BoundaryTest
[INFO] Running com.jcabi.http.wire.UserAgentWireTest
Jan 25, 2023 4:14:18 AM org.glassfish.grizzly.http.server.NetworkListener start
INFO: Started listener bound to [0.0.0.0:43699]
Jan 25, 2023 4:14:18 AM org.glassfish.grizzly.http.server.HttpServer start
INFO: [HttpServer-68] Started.
[[0;37mINFO[m] main com.jcabi.http.mock.MkGrizzlyContainer: started on port #43699
[[0;37mINFO[m] main com.jcabi.http.request.BaseRequest: #fetch(GET localhost:43699 /): [200 OK] in 2ms
[[0;37mINFO[m] main com.jcabi.http.mock.MkGrizzlyContainer: stopped on port #43699
Jan 25, 2023 4:14:18 AM org.glassfish.grizzly.http.server.NetworkListener start
INFO: Started listener bound to [0.0.0.0:34501]
Jan 25, 2023 4:14:18 AM org.glassfish.grizzly.http.server.HttpServer start
INFO: [HttpServer-69] Started.
[[0;37mINFO[m] main com.jcabi.http.mock.MkGrizzlyContainer: started on port #34501
[[0;37mINFO[m] main com.jcabi.http.request.BaseRequest: #fetch(GET localhost:34501 /): [200 OK] in 1ms
[[0;37mINFO[m] main com.jcabi.http.mock.MkGrizzlyContainer: stopped on port #34501
[INFO] Tests run: 2, Failures: 0, Errors: 0, Skipped: 0, Time elapsed: 0.144 s - in com.jcabi.http.wire.UserAgentWireTest
[INFO] Running com.jcabi.http.wire.BasicAuthWireTest
Jan 25, 2023 4:14:19 AM org.glassfish.grizzly.http.server.NetworkListener start
INFO: Started listener bound to [0.0.0.0:43419]
Jan 25, 2023 4:14:19 AM org.glassfish.grizzly.http.server.HttpServer start
INFO: [HttpServer-70] Started.
[[0;37mINFO[m] main com.jcabi.http.mock.MkGrizzlyContainer: started on port #43419
[[0;37mINFO[m] main com.jcabi.http.request.BaseRequest: #fetch(GET localhost:43419 /): [404 Not Found] in 2ms
[[0;37mINFO[m] main com.jcabi.http.mock.MkGrizzlyContainer: stopped on port #43419
Jan 25, 2023 4:14:19 AM org.glassfish.grizzly.http.server.NetworkListener start
INFO: Started listener bound to [0.0.0.0:33937]
Jan 25, 2023 4:14:19 AM org.glassfish.grizzly.http.server.HttpServer start
INFO: [HttpServer-71] Started.
[[0;37mINFO[m] main com.jcabi.http.mock.MkGrizzlyContainer: started on port #33937
[[0;37mINFO[m] main com.jcabi.http.request.BaseRequest: #fetch(GET localhost:33937 /): [200 OK] in 2ms
[[0;37mINFO[m] main com.jcabi.http.mock.MkGrizzlyContainer: stopped on port #33937
Jan 25, 2023 4:14:19 AM org.glassfish.grizzly.http.server.NetworkListener start
INFO: Started listener bound to [0.0.0.0:34633]
Jan 25, 2023 4:14:19 AM org.glassfish.grizzly.http.server.HttpServer start
INFO: [HttpServer-72] Started.
[[0;37mINFO[m] main com.jcabi.http.mock.MkGrizzlyContainer: started on port #34633
[[0;37mINFO[m] main com.jcabi.http.request.BaseRequest: #fetch(GET localhost:34633 /): [200 OK] in 2ms
[[0;37mINFO[m] main com.jcabi.http.mock.MkGrizzlyContainer: stopped on port #34633
Jan 25, 2023 4:14:19 AM org.glassfish.grizzly.http.server.NetworkListener start
INFO: Started listener bound to [0.0.0.0:33475]
Jan 25, 2023 4:14:19 AM org.glassfish.grizzly.http.server.HttpServer start
INFO: [HttpServer-73] Started.
[[0;37mINFO[m] main com.jcabi.http.mock.MkGrizzlyContainer: started on port #33475
[[0;37mINFO[m] main com.jcabi.http.request.BaseRequest: #fetch(GET localhost:33475 /): [200 OK] in 2ms
[[0;37mINFO[m] main com.jcabi.http.mock.MkGrizzlyContainer: stopped on port #33475
[INFO] Tests run: 4, Failures: 0, Errors: 0, Skipped: 0, Time elapsed: 0.927 s - in com.jcabi.http.wire.BasicAuthWireTest
[INFO] Running com.jcabi.http.ImmutableHeaderTest
[INFO] Tests run: 1, Failures: 0, Errors: 0, Skipped: 0, Time elapsed: 0 s - in com.jcabi.http.ImmutableHeaderTest
[INFO] Running com.jcabi.http.response.JsoupResponseTest
[[0;37mINFO[m] main com.jcabi.http.request.BaseRequest: #fetch(GET localhost:12345 /see-FakeRequest-class): [200 OK] in 0ms
[INFO] Tests run: 1, Failures: 0, Errors: 0, Skipped: 0, Time elapsed: 0.051 s - in com.jcabi.http.response.JsoupResponseTest
[INFO] Running com.jcabi.http.response.JacksonResponseTest
[[0;37mINFO[m] main com.jcabi.http.request.BaseRequest: #fetch(GET localhost:12345 /see-FakeRequest-class): [200 OK] in 0ms
[[0;37mINFO[m] main com.jcabi.http.request.BaseRequest: #fetch(GET localhost:12345 /see-FakeRequest-class): [200 OK] in 0ms
[[0;37mINFO[m] main com.jcabi.http.request.BaseRequest: #fetch(GET localhost:12345 /see-FakeRequest-class): [200 OK] in 0ms
[[0;37mINFO[m] main com.jcabi.http.request.BaseRequest: #fetch(GET localhost:12345 /see-FakeRequest-class): [200 OK] in 0ms
[[0;37mINFO[m] main com.jcabi.http.request.BaseRequest: #fetch(GET localhost:12345 /see-FakeRequest-class): [200 OK] in 0ms
[[0;37mINFO[m] main com.jcabi.http.request.BaseRequest: #fetch(GET localhost:12345 /see-FakeRequest-class): [200 OK] in 0ms
[[0;37mINFO[m] main com.jcabi.http.request.BaseRequest: #fetch(GET localhost:12345 /see-FakeRequest-class): [200 OK] in 0ms
[[0;37mINFO[m] main com.jcabi.http.request.BaseRequest: #fetch(GET localhost:12345 /see-FakeRequest-class): [200 OK] in 0ms
[[0;37mINFO[m] main com.jcabi.http.request.BaseRequest: #fetch(GET localhost:12345 /see-FakeRequest-class): [200 OK] in 0ms
[INFO] Tests run: 9, Failures: 0, Errors: 0, Skipped: 0, Time elapsed: 0.16 s - in com.jcabi.http.response.JacksonResponseTest
[INFO] Running com.jcabi.http.response.RestResponseTest
[[0;37mINFO[m] main com.jcabi.http.request.BaseRequest: #fetch(GET localhost:12345 /see-FakeRequest-class): [200 OK] in 0ms
[[0;37mINFO[m] main com.jcabi.http.request.BaseRequest: #fetch(GET localhost:12345 /see-FakeRequest-class): [200 OK] in 0ms
[[0;37mINFO[m] main com.jcabi.http.request.BaseRequest: #fetch(GET locahost:888 /tt): [200 OK] in 0ms
[[0;37mINFO[m] main com.jcabi.http.request.BaseRequest: #fetch(GET localhost:12345 /see-FakeRequest-class): [200 OK] in 0ms
[[0;37mINFO[m] main com.jcabi.http.request.BaseRequest: #fetch(GET localhost:12345 /see-FakeRequest-class): [200 OK] in 0ms
[INFO] Tests run: 5, Failures: 0, Errors: 0, Skipped: 0, Time elapsed: 0.008 s - in com.jcabi.http.response.RestResponseTest
[INFO] Running com.jcabi.http.wire.VerboseWireTest
Jan 25, 2023 4:14:20 AM org.glassfish.grizzly.http.server.NetworkListener start
INFO: Started listener bound to [0.0.0.0:42297]
Jan 25, 2023 4:14:20 AM org.glassfish.grizzly.http.server.HttpServer start
INFO: [HttpServer-74] Started.
[[0;37mINFO[m] main com.jcabi.http.mock.MkGrizzlyContainer: started on port #42297
[[0;37mINFO[m] main com.jcabi.http.wire.VerboseWire: #send(GET http://localhost:42297/):
HTTP Request (com.jcabi.http.request.BaseRequest):
  User-Agent: it's me
  
  <<empty>>
HTTP Response (com.jcabi.http.request.DefaultResponse):
  200 OK [http://localhost:42297/]
  Server: com.jcabi.http.mock.MkGrizzlyAdapter query #1, 1 answer(s) left
  Content-Length: 0
  
  <<empty>>
[[0;37mINFO[m] main com.jcabi.http.request.BaseRequest: #fetch(GET localhost:42297 /): [200 OK] in 2ms
[[0;37mINFO[m] main com.jcabi.http.mock.MkGrizzlyContainer: stopped on port #42297
Jan 25, 2023 4:14:20 AM org.glassfish.grizzly.http.server.NetworkListener start
INFO: Started listener bound to [0.0.0.0:34839]
Jan 25, 2023 4:14:20 AM org.glassfish.grizzly.http.server.HttpServer start
INFO: [HttpServer-75] Started.
[[0;37mINFO[m] main com.jcabi.http.mock.MkGrizzlyContainer: started on port #34839
[[0;37mINFO[m] main com.jcabi.http.wire.VerboseWire: #send(POST http://localhost:34839/):
HTTP Request (com.jcabi.http.request.BaseRequest):
  
  hello, world!
HTTP Response (com.jcabi.http.request.DefaultResponse):
  200 OK [http://localhost:34839/]
  Server: com.jcabi.http.mock.MkGrizzlyAdapter query #1, 1 answer(s) left
  Content-Length: 0
  
  <<empty>>
[[0;37mINFO[m] main com.jcabi.http.request.BaseRequest: #fetch(POST localhost:34839 /): [200 OK] in 1ms
[[0;37mINFO[m] main com.jcabi.http.mock.MkGrizzlyContainer: stopped on port #34839
[INFO] Tests run: 2, Failures: 0, Errors: 0, Skipped: 0, Time elapsed: 0.696 s - in com.jcabi.http.wire.VerboseWireTest
[INFO] Running com.jcabi.http.wire.RetryWireTest
Jan 25, 2023 4:14:20 AM org.glassfish.grizzly.http.server.NetworkListener start
INFO: Started listener bound to [0.0.0.0:38201]
Jan 25, 2023 4:14:20 AM org.glassfish.grizzly.http.server.HttpServer start
INFO: [HttpServer-76] Started.
[[0;37mINFO[m] main com.jcabi.http.mock.MkGrizzlyContainer: started on port #38201
[[0;33mWARN[m] main com.jcabi.http.wire.RetryWire: GET http://localhost:38201/ (auth: j***j) returns 500 status (attempt #1)
[[0;37mINFO[m] main com.jcabi.http.request.BaseRequest: #fetch(GET localhost:38201 /): [200 OK] in 4ms
[[0;37mINFO[m] main com.jcabi.http.mock.MkGrizzlyContainer: stopped on port #38201
Jan 25, 2023 4:14:21 AM org.glassfish.grizzly.http.server.NetworkListener start
INFO: Started listener bound to [0.0.0.0:38879]
Jan 25, 2023 4:14:21 AM org.glassfish.grizzly.http.server.HttpServer start
INFO: [HttpServer-77] Started.
[[0;37mINFO[m] main com.jcabi.http.mock.MkGrizzlyContainer: started on port #38879
[[0;33mWARN[m] main com.jcabi.http.wire.RetryWire: GET http://localhost:38879/ returns 500 status (attempt #1)
[[0;33mWARN[m] main com.jcabi.http.wire.RetryWire: GET http://localhost:38879/ returns 500 status (attempt #2)
[[0;37mINFO[m] main com.jcabi.http.request.BaseRequest: #fetch(GET localhost:38879 /): [200 OK] in 7ms
[[0;37mINFO[m] main com.jcabi.http.mock.MkGrizzlyContainer: stopped on port #38879
[INFO] Tests run: 2, Failures: 0, Errors: 0, Skipped: 0, Time elapsed: 0.206 s - in com.jcabi.http.wire.RetryWireTest
[INFO] Running com.jcabi.http.wire.CookieOptimizingWireTest
Jan 25, 2023 4:14:21 AM org.glassfish.grizzly.http.server.NetworkListener start
INFO: Started listener bound to [0.0.0.0:34157]
Jan 25, 2023 4:14:21 AM org.glassfish.grizzly.http.server.HttpServer start
INFO: [HttpServer-78] Started.
[[0;37mINFO[m] main com.jcabi.http.mock.MkGrizzlyContainer: started on port #34157
[[0;37mINFO[m] main com.jcabi.http.wire.VerboseWire: #send(GET http://localhost:34157/):
HTTP Request (com.jcabi.http.request.BaseRequest):
  Cookie: second=initial-value
  
  <<empty>>
HTTP Response (com.jcabi.http.request.DefaultResponse):
  200 OK [http://localhost:34157/]
  Server: com.jcabi.http.mock.MkGrizzlyAdapter query #1, 2 answer(s) left
  Set-Cookie: third=B; path=/
  Set-Cookie: second=; path=/
  Set-Cookie: first=A; path=/
  Content-Length: 0
  Location: /a
  
  <<empty>>
[[0;37mINFO[m] main com.jcabi.http.request.BaseRequest: #fetch(GET localhost:34157 /): [200 OK] in 2ms
[[0;37mINFO[m] main com.jcabi.http.wire.VerboseWire: #send(GET http://localhost:34157/a):
HTTP Request (com.jcabi.http.request.BaseRequest):
  Cookie: third=B; first=A
  
  <<empty>>
HTTP Response (com.jcabi.http.request.DefaultResponse):
  200 OK [http://localhost:34157/a]
  Server: com.jcabi.http.mock.MkGrizzlyAdapter query #2, 1 answer(s) left
  Content-Length: 0
  
  <<empty>>
[[0;37mINFO[m] main com.jcabi.http.request.BaseRequest: #fetch(GET localhost:34157 /a): [200 OK] in 1ms
[[0;37mINFO[m] main com.jcabi.http.mock.MkGrizzlyContainer: stopped on port #34157
Jan 25, 2023 4:14:21 AM org.glassfish.grizzly.http.server.NetworkListener start
INFO: Started listener bound to [0.0.0.0:46459]
Jan 25, 2023 4:14:21 AM org.glassfish.grizzly.http.server.HttpServer start
INFO: [HttpServer-79] Started.
[[0;37mINFO[m] main com.jcabi.http.mock.MkGrizzlyContainer: started on port #46459
[[0;37mINFO[m] main com.jcabi.http.wire.VerboseWire: #send(GET http://localhost:46459/):
HTTP Request (com.jcabi.http.request.BaseRequest):
  Cookie: alpha=boom5
  
  <<empty>>
HTTP Response (com.jcabi.http.request.DefaultResponse):
  200 OK [http://localhost:46459/]
  Server: com.jcabi.http.mock.MkGrizzlyAdapter query #1, 2 answer(s) left
  Set-Cookie: gamma=something; path=/
  Set-Cookie: alpha=boom1; path=/
  Set-Cookie: beta=something; path=/
  Content-Length: 0
  Location: /
  
  <<empty>>
[[0;37mINFO[m] main com.jcabi.http.request.BaseRequest: #fetch(GET localhost:46459 /): [200 OK] in 2ms
[[0;37mINFO[m] main com.jcabi.http.wire.VerboseWire: #send(GET http://localhost:46459/):
HTTP Request (com.jcabi.http.request.BaseRequest):
  Cookie: gamma=something; beta=something; alpha=boom1
  
  <<empty>>
HTTP Response (com.jcabi.http.request.DefaultResponse):
  200 OK [http://localhost:46459/]
  Server: com.jcabi.http.mock.MkGrizzlyAdapter query #2, 1 answer(s) left
  Content-Length: 0
  
  <<empty>>
[[0;37mINFO[m] main com.jcabi.http.request.BaseRequest: #fetch(GET localhost:46459 /): [200 OK] in 2ms
[[0;37mINFO[m] main com.jcabi.http.mock.MkGrizzlyContainer: stopped on port #46459
[INFO] Tests run: 2, Failures: 0, Errors: 0, Skipped: 0, Time elapsed: 0.146 s - in com.jcabi.http.wire.CookieOptimizingWireTest
[INFO] Running com.jcabi.http.mock.GrizzlyQueryTest
[INFO] Tests run: 1, Failures: 0, Errors: 0, Skipped: 0, Time elapsed: 0.214 s - in com.jcabi.http.mock.GrizzlyQueryTest
[INFO] Running com.jcabi.http.response.JsonResponseTest
[[0;37mINFO[m] main com.jcabi.http.request.BaseRequest: #fetch(GET localhost:12345 /see-FakeRequest-class): [200 OK] in 0ms
[[0;37mINFO[m] main com.jcabi.http.request.BaseRequest: #fetch(GET localhost:12345 /see-FakeRequest-class): [200 OK] in 0ms
[[0;37mINFO[m] main com.jcabi.http.request.BaseRequest: #fetch(GET localhost:12345 /see-FakeRequest-class): [200 OK] in 0ms
[[0;37mINFO[m] main com.jcabi.http.request.BaseRequest: #fetch(GET localhost:12345 /see-FakeRequest-class): [200 OK] in 0ms
[[0;37mINFO[m] main com.jcabi.http.request.BaseRequest: #fetch(GET localhost:12345 /see-FakeRequest-class): [200 OK] in 0ms
[INFO] Tests run: 5, Failures: 0, Errors: 0, Skipped: 0, Time elapsed: 0.013 s - in com.jcabi.http.response.JsonResponseTest
[INFO] 
[INFO] Results:
[INFO] 
[INFO] Tests run: 148, Failures: 0, Errors: 0, Skipped: 0
[INFO] 
[INFO] ------------------------------------------------------------------------
[INFO] BUILD SUCCESS
[INFO] ------------------------------------------------------------------------
[INFO] Total time:  33.483 s
[INFO] Finished at: 2023-01-25T04:14:21Z
[INFO] ------------------------------------------------------------------------
