[INFO] Scanning for projects...
[WARNING] The project io.dropwizard.modules:dropwizard-elasticsearch:jar:1.2.0-2-SNAPSHOT uses prerequisites which is only intended for maven-plugin projects but not for non maven-plugin projects. For such purposes you should use the maven-enforcer-plugin. See https://maven.apache.org/enforcer/enforcer-rules/requireMavenVersion.html
[INFO] 
[INFO] -----------< io.dropwizard.modules:dropwizard-elasticsearch >-----------
[INFO] Building Dropwizard Elasticsearch Bundle 1.2.0-2-SNAPSHOT
[INFO] --------------------------------[ jar ]---------------------------------
[INFO] 
[INFO] --- maven-clean-plugin:3.1.0:clean (default-clean) @ dropwizard-elasticsearch ---
[INFO] Deleting /home/gabsko/breaking-updates/target
[INFO] 
[INFO] --- jacoco-maven-plugin:0.8.6:prepare-agent (prepare-agent) @ dropwizard-elasticsearch ---
[INFO] argLine set to -javaagent:/home/gabsko/.m2/repository/org/jacoco/org.jacoco.agent/0.8.6/org.jacoco.agent-0.8.6-runtime.jar=destfile=/home/gabsko/breaking-updates/target/jacoco.exec
[INFO] 
[INFO] --- maven-resources-plugin:3.2.0:resources (default-resources) @ dropwizard-elasticsearch ---
[INFO] Using 'UTF-8' encoding to copy filtered resources.
[INFO] Using 'UTF-8' encoding to copy filtered properties files.
[INFO] skip non existing resourceDirectory /home/gabsko/breaking-updates/src/main/resources
[INFO] 
[INFO] --- maven-compiler-plugin:3.8.1:compile (default-compile) @ dropwizard-elasticsearch ---
[INFO] Changes detected - recompiling the module!
[INFO] Compiling 6 source files to /home/gabsko/breaking-updates/target/classes
[INFO] 
[INFO] --- maven-resources-plugin:3.2.0:testResources (default-testResources) @ dropwizard-elasticsearch ---
[INFO] Using 'UTF-8' encoding to copy filtered resources.
[INFO] Using 'UTF-8' encoding to copy filtered properties files.
[INFO] Copying 9 resources
[INFO] 
[INFO] --- maven-compiler-plugin:3.8.1:testCompile (default-testCompile) @ dropwizard-elasticsearch ---
[INFO] Changes detected - recompiling the module!
[INFO] Compiling 6 source files to /home/gabsko/breaking-updates/target/test-classes
[INFO] 
[INFO] --- maven-surefire-plugin:2.22.2:test (default-test) @ dropwizard-elasticsearch ---
[INFO] 
[INFO] -------------------------------------------------------
[INFO]  T E S T S
[INFO] -------------------------------------------------------
[INFO] Running io.dropwizard.elasticsearch.config.EsConfigurationTest
[INFO] Tests run: 2, Failures: 0, Errors: 0, Skipped: 0, Time elapsed: 1.441 s - in io.dropwizard.elasticsearch.config.EsConfigurationTest
[INFO] Running io.dropwizard.elasticsearch.health.EsIndexExistsHealthCheckTest
[INFO] Tests run: 5, Failures: 0, Errors: 0, Skipped: 0, Time elapsed: 0.742 s - in io.dropwizard.elasticsearch.health.EsIndexExistsHealthCheckTest
[INFO] Running io.dropwizard.elasticsearch.health.EsIndexDocsHealthCheckTest
[INFO] Tests run: 7, Failures: 0, Errors: 0, Skipped: 0, Time elapsed: 0.001 s - in io.dropwizard.elasticsearch.health.EsIndexDocsHealthCheckTest
[INFO] Running io.dropwizard.elasticsearch.health.EsClusterHealthCheckTest
[INFO] Tests run: 2, Failures: 0, Errors: 0, Skipped: 0, Time elapsed: 0 s - in io.dropwizard.elasticsearch.health.EsClusterHealthCheckTest
[INFO] Running io.dropwizard.elasticsearch.util.TransportAddressHelperTest
[INFO] Tests run: 6, Failures: 0, Errors: 0, Skipped: 0, Time elapsed: 0.001 s - in io.dropwizard.elasticsearch.util.TransportAddressHelperTest
[INFO] Running io.dropwizard.elasticsearch.managed.ManagedEsClientTest
[INFO] Tests run: 10, Failures: 0, Errors: 0, Skipped: 0, Time elapsed: 3.021 s - in io.dropwizard.elasticsearch.managed.ManagedEsClientTest
[INFO] 
[INFO] Results:
[INFO] 
[INFO] Tests run: 32, Failures: 0, Errors: 0, Skipped: 0
[INFO] 
[INFO] ------------------------------------------------------------------------
[INFO] BUILD SUCCESS
[INFO] ------------------------------------------------------------------------
[INFO] Total time:  9.216 s
[INFO] Finished at: 2023-01-24T18:02:37Z
[INFO] ------------------------------------------------------------------------
