[INFO] Scanning for projects...
[WARNING] 
[WARNING] Some problems were encountered while building the effective model for com.google.api.grpc:proto-google-cloud-monitoring-v3:jar:3.0.4-SNAPSHOT
[WARNING] 'build.plugins.plugin.version' for org.codehaus.mojo:animal-sniffer-maven-plugin is missing. @ com.google.cloud:google-cloud-shared-config:1.0.1, /home/gabsko/.m2/repository/com/google/cloud/google-cloud-shared-config/1.0.1/google-cloud-shared-config-1.0.1.pom, line 413, column 15
[WARNING] 
[WARNING] Some problems were encountered while building the effective model for com.google.api.grpc:grpc-google-cloud-monitoring-v3:jar:3.0.4-SNAPSHOT
[WARNING] 'build.plugins.plugin.version' for org.codehaus.mojo:animal-sniffer-maven-plugin is missing. @ com.google.cloud:google-cloud-shared-config:1.0.1, /home/gabsko/.m2/repository/com/google/cloud/google-cloud-shared-config/1.0.1/google-cloud-shared-config-1.0.1.pom, line 413, column 15
[WARNING] 
[WARNING] Some problems were encountered while building the effective model for com.google.cloud:google-cloud-monitoring:jar:3.0.4-SNAPSHOT
[WARNING] 'build.plugins.plugin.version' for org.codehaus.mojo:animal-sniffer-maven-plugin is missing. @ com.google.cloud:google-cloud-shared-config:1.0.1, /home/gabsko/.m2/repository/com/google/cloud/google-cloud-shared-config/1.0.1/google-cloud-shared-config-1.0.1.pom, line 413, column 15
[WARNING] 
[WARNING] Some problems were encountered while building the effective model for com.google.cloud:google-cloud-monitoring-bom:pom:3.0.4-SNAPSHOT
[WARNING] 'build.plugins.plugin.version' for org.codehaus.mojo:animal-sniffer-maven-plugin is missing. @ com.google.cloud:google-cloud-shared-config:1.0.1, /home/gabsko/.m2/repository/com/google/cloud/google-cloud-shared-config/1.0.1/google-cloud-shared-config-1.0.1.pom, line 413, column 15
[WARNING] 
[WARNING] Some problems were encountered while building the effective model for com.google.cloud:google-cloud-monitoring-parent:pom:3.0.4-SNAPSHOT
[WARNING] 'build.plugins.plugin.version' for org.codehaus.mojo:animal-sniffer-maven-plugin is missing. @ com.google.cloud:google-cloud-shared-config:1.0.1, /home/gabsko/.m2/repository/com/google/cloud/google-cloud-shared-config/1.0.1/google-cloud-shared-config-1.0.1.pom, line 413, column 15
[WARNING] 
[WARNING] It is highly recommended to fix these problems because they threaten the stability of your build.
[WARNING] 
[WARNING] For this reason, future Maven versions might no longer support building such malformed projects.
[WARNING] 
[INFO] Inspecting build with total of 5 modules...
[INFO] Installing Nexus Staging features:
[INFO]   ... total of 5 executions of maven-deploy-plugin replaced with nexus-staging-maven-plugin
[INFO] ------------------------------------------------------------------------
[INFO] Reactor Build Order:
[INFO] 
[INFO] Google Cloud Monitoring Parent                                     [pom]
[INFO] proto-google-cloud-monitoring-v3                                   [jar]
[INFO] grpc-google-cloud-monitoring-v3                                    [jar]
[INFO] Google Cloud Monitoring                                            [jar]
[INFO] Google Cloud Monitoring BOM                                        [pom]
[INFO] 
[INFO] ----------< com.google.cloud:google-cloud-monitoring-parent >-----------
[INFO] Building Google Cloud Monitoring Parent 3.0.4-SNAPSHOT             [1/5]
[INFO] --------------------------------[ pom ]---------------------------------
[INFO] 
[INFO] --- maven-clean-plugin:2.5:clean (default-clean) @ google-cloud-monitoring-parent ---
[INFO] Deleting /home/gabsko/breaking-updates/target
[INFO] 
[INFO] --- maven-enforcer-plugin:3.0.0-M3:enforce (enforce) @ google-cloud-monitoring-parent ---
[INFO] Adding ignore: module-info
[INFO] Adding ignore: META-INF/versions/*/module-info
[INFO] 
[INFO] --- maven-checkstyle-plugin:3.1.2:check (checkstyle) @ google-cloud-monitoring-parent ---
[INFO] Starting audit...
Audit done.
[INFO] You have 0 Checkstyle violations.
[INFO] 
[INFO] --- jacoco-maven-plugin:0.8.7:prepare-agent (default) @ google-cloud-monitoring-parent ---
[INFO] argLine set to -javaagent:/home/gabsko/.m2/repository/org/jacoco/org.jacoco.agent/0.8.7/org.jacoco.agent-0.8.7-runtime.jar=destfile=/home/gabsko/breaking-updates/target/jacoco.exec
[INFO] 
[INFO] --- build-helper-maven-plugin:3.2.0:add-resource (add-main-proto-resources) @ google-cloud-monitoring-parent ---
[INFO] 
[INFO] --- build-helper-maven-plugin:3.2.0:add-test-resource (add-test-proto-resources) @ google-cloud-monitoring-parent ---
[INFO] 
[INFO] --- animal-sniffer-maven-plugin:1.22:check (java8) @ google-cloud-monitoring-parent ---
[INFO] Checking unresolved references to org.codehaus.mojo.signature:java18:1.0
[INFO] 
[INFO] --- jacoco-maven-plugin:0.8.7:report (report) @ google-cloud-monitoring-parent ---
[INFO] Skipping JaCoCo execution due to missing execution data file.
[INFO] 
[INFO] --------< com.google.api.grpc:proto-google-cloud-monitoring-v3 >--------
[INFO] Building proto-google-cloud-monitoring-v3 3.0.4-SNAPSHOT           [2/5]
[INFO] --------------------------------[ jar ]---------------------------------
[INFO] 
[INFO] --- maven-clean-plugin:2.5:clean (default-clean) @ proto-google-cloud-monitoring-v3 ---
[INFO] Deleting /home/gabsko/breaking-updates/proto-google-cloud-monitoring-v3/target
[INFO] 
[INFO] --- flatten-maven-plugin:1.2.7:clean (flatten.clean) @ proto-google-cloud-monitoring-v3 ---
[INFO] Deleting /home/gabsko/breaking-updates/proto-google-cloud-monitoring-v3/.flattened-pom.xml
[INFO] 
[INFO] --- maven-enforcer-plugin:3.0.0-M3:enforce (enforce) @ proto-google-cloud-monitoring-v3 ---
[INFO] Adding ignore: module-info
[INFO] Adding ignore: META-INF/versions/*/module-info
[INFO] 
[INFO] --- maven-checkstyle-plugin:3.1.2:check (checkstyle) @ proto-google-cloud-monitoring-v3 ---
[INFO] Starting audit...
Audit done.
[INFO] You have 0 Checkstyle violations.
[INFO] 
[INFO] --- jacoco-maven-plugin:0.8.7:prepare-agent (default) @ proto-google-cloud-monitoring-v3 ---
[INFO] argLine set to -javaagent:/home/gabsko/.m2/repository/org/jacoco/org.jacoco.agent/0.8.7/org.jacoco.agent-0.8.7-runtime.jar=destfile=/home/gabsko/breaking-updates/proto-google-cloud-monitoring-v3/target/jacoco.exec
[INFO] 
[INFO] --- build-helper-maven-plugin:3.2.0:add-resource (add-main-proto-resources) @ proto-google-cloud-monitoring-v3 ---
[INFO] 
[INFO] --- maven-resources-plugin:2.6:resources (default-resources) @ proto-google-cloud-monitoring-v3 ---
[INFO] Using 'UTF-8' encoding to copy filtered resources.
[INFO] skip non existing resourceDirectory /home/gabsko/breaking-updates/proto-google-cloud-monitoring-v3/src/main/resources
[INFO] Copying 17 resources
[INFO] 
[INFO] --- flatten-maven-plugin:1.2.7:flatten (flatten) @ proto-google-cloud-monitoring-v3 ---
[INFO] Generating flattened POM of project com.google.api.grpc:proto-google-cloud-monitoring-v3:jar:3.0.4-SNAPSHOT...
[INFO] 
[INFO] --- maven-compiler-plugin:3.8.1:compile (default-compile) @ proto-google-cloud-monitoring-v3 ---
[INFO] Changes detected - recompiling the module!
[INFO] Compiling 221 source files to /home/gabsko/breaking-updates/proto-google-cloud-monitoring-v3/target/classes
[WARNING] bootstrap class path not set in conjunction with -source 8
[WARNING] /home/gabsko/breaking-updates/proto-google-cloud-monitoring-v3/src/main/java/com/google/monitoring/v3/UptimeCheckConfig.java:[240,69] com.google.monitoring.v3.InternalChecker in com.google.monitoring.v3 has been deprecated
[WARNING] /home/gabsko/breaking-updates/proto-google-cloud-monitoring-v3/src/main/java/com/google/monitoring/v3/UptimeCheckConfig.java:[245,47] com.google.monitoring.v3.InternalChecker in com.google.monitoring.v3 has been deprecated
[WARNING] /home/gabsko/breaking-updates/proto-google-cloud-monitoring-v3/src/main/java/com/google/monitoring/v3/UptimeCheckConfig.java:[7399,50] com.google.monitoring.v3.InternalChecker in com.google.monitoring.v3 has been deprecated
[WARNING] /home/gabsko/breaking-updates/proto-google-cloud-monitoring-v3/src/main/java/com/google/monitoring/v3/UptimeCheckConfig.java:[10584,52] com.google.monitoring.v3.InternalChecker in com.google.monitoring.v3 has been deprecated
[WARNING] /home/gabsko/breaking-updates/proto-google-cloud-monitoring-v3/src/main/java/com/google/monitoring/v3/UptimeCheckConfig.java:[10590,61] com.google.monitoring.v3.InternalChecker in com.google.monitoring.v3 has been deprecated
[WARNING] /home/gabsko/breaking-updates/proto-google-cloud-monitoring-v3/src/main/java/com/google/monitoring/v3/UptimeCheckConfig.java:[10596,37] com.google.monitoring.v3.InternalChecker in com.google.monitoring.v3 has been deprecated
[WARNING] /home/gabsko/breaking-updates/proto-google-cloud-monitoring-v3/src/main/java/com/google/monitoring/v3/UptimeCheckConfig.java:[10597,37] com.google.monitoring.v3.InternalChecker in com.google.monitoring.v3 has been deprecated
[WARNING] /home/gabsko/breaking-updates/proto-google-cloud-monitoring-v3/src/main/java/com/google/monitoring/v3/UptimeCheckConfig.java:[10598,37] com.google.monitoring.v3.InternalCheckerOrBuilder in com.google.monitoring.v3 has been deprecated
[WARNING] /home/gabsko/breaking-updates/proto-google-cloud-monitoring-v3/src/main/java/com/google/monitoring/v3/UptimeCheckConfig.java:[11028,37] com.google.monitoring.v3.InternalChecker in com.google.monitoring.v3 has been deprecated
[WARNING] /home/gabsko/breaking-updates/proto-google-cloud-monitoring-v3/src/main/java/com/google/monitoring/v3/UptimeCheckConfig.java:[11029,37] com.google.monitoring.v3.InternalChecker in com.google.monitoring.v3 has been deprecated
[WARNING] /home/gabsko/breaking-updates/proto-google-cloud-monitoring-v3/src/main/java/com/google/monitoring/v3/UptimeCheckConfig.java:[11030,37] com.google.monitoring.v3.InternalCheckerOrBuilder in com.google.monitoring.v3 has been deprecated
[WARNING] /home/gabsko/breaking-updates/proto-google-cloud-monitoring-v3/src/main/java/com/google/monitoring/v3/UptimeCheckConfig.java:[11035,41] com.google.monitoring.v3.InternalChecker in com.google.monitoring.v3 has been deprecated
[WARNING] /home/gabsko/breaking-updates/proto-google-cloud-monitoring-v3/src/main/java/com/google/monitoring/v3/UptimeCheckConfig.java:[11036,41] com.google.monitoring.v3.InternalChecker in com.google.monitoring.v3 has been deprecated
[WARNING] /home/gabsko/breaking-updates/proto-google-cloud-monitoring-v3/src/main/java/com/google/monitoring/v3/UptimeCheckConfig.java:[11037,41] com.google.monitoring.v3.InternalCheckerOrBuilder in com.google.monitoring.v3 has been deprecated
[WARNING] /home/gabsko/breaking-updates/proto-google-cloud-monitoring-v3/src/main/java/com/google/monitoring/v3/DroppedLabelsOuterClass.java:[57,51] com.google.protobuf.Descriptors.FileDescriptor.InternalDescriptorAssigner in com.google.protobuf.Descriptors.FileDescriptor has been deprecated
[WARNING] /home/gabsko/breaking-updates/proto-google-cloud-monitoring-v3/src/main/java/com/google/monitoring/v3/DroppedLabelsOuterClass.java:[58,59] com.google.protobuf.Descriptors.FileDescriptor.InternalDescriptorAssigner in com.google.protobuf.Descriptors.FileDescriptor has been deprecated
[WARNING] /home/gabsko/breaking-updates/proto-google-cloud-monitoring-v3/src/main/java/com/google/monitoring/v3/DroppedLabelsOuterClass.java:[65,51] internalBuildGeneratedFileFrom(java.lang.String[],com.google.protobuf.Descriptors.FileDescriptor[],com.google.protobuf.Descriptors.FileDescriptor.InternalDescriptorAssigner) in com.google.protobuf.Descriptors.FileDescriptor has been deprecated
[WARNING] /home/gabsko/breaking-updates/proto-google-cloud-monitoring-v3/src/main/java/com/google/monitoring/v3/NotificationChannelDescriptor.java:[488,54] com.google.monitoring.v3.ServiceTier in com.google.monitoring.v3 has been deprecated
[WARNING] /home/gabsko/breaking-updates/proto-google-cloud-monitoring-v3/src/main/java/com/google/monitoring/v3/NotificationChannelDescriptor.java:[491,58] com.google.monitoring.v3.ServiceTier in com.google.monitoring.v3 has been deprecated
[WARNING] /home/gabsko/breaking-updates/proto-google-cloud-monitoring-v3/src/main/java/com/google/monitoring/v3/NotificationChannelDescriptor.java:[492,44] com.google.monitoring.v3.ServiceTier in com.google.monitoring.v3 has been deprecated
[WARNING] /home/gabsko/breaking-updates/proto-google-cloud-monitoring-v3/src/main/java/com/google/monitoring/v3/NotificationChannelDescriptor.java:[496,63] com.google.monitoring.v3.ServiceTier in com.google.monitoring.v3 has been deprecated
[WARNING] /home/gabsko/breaking-updates/proto-google-cloud-monitoring-v3/src/main/java/google/monitoring/v3/DroppedLabelsOuterClass.java:[909,51] com.google.protobuf.Descriptors.FileDescriptor.InternalDescriptorAssigner in com.google.protobuf.Descriptors.FileDescriptor has been deprecated
[WARNING] /home/gabsko/breaking-updates/proto-google-cloud-monitoring-v3/src/main/java/google/monitoring/v3/DroppedLabelsOuterClass.java:[910,59] com.google.protobuf.Descriptors.FileDescriptor.InternalDescriptorAssigner in com.google.protobuf.Descriptors.FileDescriptor has been deprecated
[WARNING] /home/gabsko/breaking-updates/proto-google-cloud-monitoring-v3/src/main/java/google/monitoring/v3/DroppedLabelsOuterClass.java:[917,51] internalBuildGeneratedFileFrom(java.lang.String[],com.google.protobuf.Descriptors.FileDescriptor[],com.google.protobuf.Descriptors.FileDescriptor.InternalDescriptorAssigner) in com.google.protobuf.Descriptors.FileDescriptor has been deprecated
[INFO] 
[INFO] --- build-helper-maven-plugin:3.2.0:add-test-resource (add-test-proto-resources) @ proto-google-cloud-monitoring-v3 ---
[INFO] 
[INFO] --- maven-resources-plugin:2.6:testResources (default-testResources) @ proto-google-cloud-monitoring-v3 ---
[INFO] Using 'UTF-8' encoding to copy filtered resources.
[INFO] skip non existing resourceDirectory /home/gabsko/breaking-updates/proto-google-cloud-monitoring-v3/src/test/resources
[INFO] skip non existing resourceDirectory /home/gabsko/breaking-updates/proto-google-cloud-monitoring-v3/src/test/proto
[INFO] 
[INFO] --- maven-compiler-plugin:3.8.1:testCompile (default-testCompile) @ proto-google-cloud-monitoring-v3 ---
[INFO] No sources to compile
[INFO] 
[INFO] --- animal-sniffer-maven-plugin:1.22:check (java8) @ proto-google-cloud-monitoring-v3 ---
[INFO] Checking unresolved references to org.codehaus.mojo.signature:java18:1.0
[INFO] 
[INFO] --- maven-surefire-plugin:3.0.0-M5:test (default-test) @ proto-google-cloud-monitoring-v3 ---
[INFO] No tests to run.
[INFO] 
[INFO] --- jacoco-maven-plugin:0.8.7:report (report) @ proto-google-cloud-monitoring-v3 ---
[INFO] Skipping JaCoCo execution due to missing execution data file.
[INFO] 
[INFO] --------< com.google.api.grpc:grpc-google-cloud-monitoring-v3 >---------
[INFO] Building grpc-google-cloud-monitoring-v3 3.0.4-SNAPSHOT            [3/5]
[INFO] --------------------------------[ jar ]---------------------------------
[INFO] 
[INFO] --- maven-clean-plugin:2.5:clean (default-clean) @ grpc-google-cloud-monitoring-v3 ---
[INFO] Deleting /home/gabsko/breaking-updates/grpc-google-cloud-monitoring-v3/target
[INFO] 
[INFO] --- flatten-maven-plugin:1.2.7:clean (flatten.clean) @ grpc-google-cloud-monitoring-v3 ---
[INFO] Deleting /home/gabsko/breaking-updates/grpc-google-cloud-monitoring-v3/.flattened-pom.xml
[INFO] 
[INFO] --- maven-enforcer-plugin:3.0.0-M3:enforce (enforce) @ grpc-google-cloud-monitoring-v3 ---
[INFO] Adding ignore: module-info
[INFO] Adding ignore: META-INF/versions/*/module-info
[INFO] 
[INFO] --- maven-checkstyle-plugin:3.1.2:check (checkstyle) @ grpc-google-cloud-monitoring-v3 ---
[INFO] Starting audit...
Audit done.
[INFO] You have 0 Checkstyle violations.
[INFO] 
[INFO] --- jacoco-maven-plugin:0.8.7:prepare-agent (default) @ grpc-google-cloud-monitoring-v3 ---
[INFO] argLine set to -javaagent:/home/gabsko/.m2/repository/org/jacoco/org.jacoco.agent/0.8.7/org.jacoco.agent-0.8.7-runtime.jar=destfile=/home/gabsko/breaking-updates/grpc-google-cloud-monitoring-v3/target/jacoco.exec
[INFO] 
[INFO] --- build-helper-maven-plugin:3.2.0:add-resource (add-main-proto-resources) @ grpc-google-cloud-monitoring-v3 ---
[INFO] 
[INFO] --- maven-resources-plugin:2.6:resources (default-resources) @ grpc-google-cloud-monitoring-v3 ---
[INFO] Using 'UTF-8' encoding to copy filtered resources.
[INFO] skip non existing resourceDirectory /home/gabsko/breaking-updates/grpc-google-cloud-monitoring-v3/src/main/resources
[INFO] skip non existing resourceDirectory /home/gabsko/breaking-updates/grpc-google-cloud-monitoring-v3/src/main/proto
[INFO] 
[INFO] --- flatten-maven-plugin:1.2.7:flatten (flatten) @ grpc-google-cloud-monitoring-v3 ---
[INFO] Generating flattened POM of project com.google.api.grpc:grpc-google-cloud-monitoring-v3:jar:3.0.4-SNAPSHOT...
[INFO] 
[INFO] --- maven-compiler-plugin:3.8.1:compile (default-compile) @ grpc-google-cloud-monitoring-v3 ---
[INFO] Changes detected - recompiling the module!
[INFO] Compiling 7 source files to /home/gabsko/breaking-updates/grpc-google-cloud-monitoring-v3/target/classes
[WARNING] bootstrap class path not set in conjunction with -source 8
[INFO] 
[INFO] --- build-helper-maven-plugin:3.2.0:add-test-resource (add-test-proto-resources) @ grpc-google-cloud-monitoring-v3 ---
[INFO] 
[INFO] --- maven-resources-plugin:2.6:testResources (default-testResources) @ grpc-google-cloud-monitoring-v3 ---
[INFO] Using 'UTF-8' encoding to copy filtered resources.
[INFO] skip non existing resourceDirectory /home/gabsko/breaking-updates/grpc-google-cloud-monitoring-v3/src/test/resources
[INFO] skip non existing resourceDirectory /home/gabsko/breaking-updates/grpc-google-cloud-monitoring-v3/src/test/proto
[INFO] 
[INFO] --- maven-compiler-plugin:3.8.1:testCompile (default-testCompile) @ grpc-google-cloud-monitoring-v3 ---
[INFO] No sources to compile
[INFO] 
[INFO] --- animal-sniffer-maven-plugin:1.22:check (java8) @ grpc-google-cloud-monitoring-v3 ---
[INFO] Checking unresolved references to org.codehaus.mojo.signature:java18:1.0
[INFO] 
[INFO] --- maven-surefire-plugin:3.0.0-M5:test (default-test) @ grpc-google-cloud-monitoring-v3 ---
[INFO] No tests to run.
[INFO] 
[INFO] --- jacoco-maven-plugin:0.8.7:report (report) @ grpc-google-cloud-monitoring-v3 ---
[INFO] Skipping JaCoCo execution due to missing execution data file.
[INFO] 
[INFO] --------------< com.google.cloud:google-cloud-monitoring >--------------
[INFO] Building Google Cloud Monitoring 3.0.4-SNAPSHOT                    [4/5]
[INFO] --------------------------------[ jar ]---------------------------------
[INFO] 
[INFO] --- maven-clean-plugin:2.5:clean (default-clean) @ google-cloud-monitoring ---
[INFO] Deleting /home/gabsko/breaking-updates/google-cloud-monitoring/target
[INFO] 
[INFO] --- flatten-maven-plugin:1.2.7:clean (flatten.clean) @ google-cloud-monitoring ---
[INFO] Deleting /home/gabsko/breaking-updates/google-cloud-monitoring/.flattened-pom.xml
[INFO] 
[INFO] --- maven-enforcer-plugin:3.0.0-M3:enforce (enforce) @ google-cloud-monitoring ---
[INFO] Adding ignore: module-info
[INFO] Adding ignore: META-INF/versions/*/module-info
[INFO] 
[INFO] --- maven-checkstyle-plugin:3.1.2:check (checkstyle) @ google-cloud-monitoring ---
[INFO] Starting audit...
Audit done.
[INFO] You have 0 Checkstyle violations.
[INFO] 
[INFO] --- jacoco-maven-plugin:0.8.7:prepare-agent (default) @ google-cloud-monitoring ---
[INFO] argLine set to -javaagent:/home/gabsko/.m2/repository/org/jacoco/org.jacoco.agent/0.8.7/org.jacoco.agent-0.8.7-runtime.jar=destfile=/home/gabsko/breaking-updates/google-cloud-monitoring/target/jacoco.exec
[INFO] 
[INFO] --- build-helper-maven-plugin:3.2.0:add-resource (add-main-proto-resources) @ google-cloud-monitoring ---
[INFO] 
[INFO] --- maven-resources-plugin:2.6:resources (default-resources) @ google-cloud-monitoring ---
[INFO] Using 'UTF-8' encoding to copy filtered resources.
[INFO] skip non existing resourceDirectory /home/gabsko/breaking-updates/google-cloud-monitoring/src/main/resources
[INFO] skip non existing resourceDirectory /home/gabsko/breaking-updates/google-cloud-monitoring/src/main/proto
[INFO] 
[INFO] --- flatten-maven-plugin:1.2.7:flatten (flatten) @ google-cloud-monitoring ---
[INFO] Generating flattened POM of project com.google.cloud:google-cloud-monitoring:jar:3.0.4-SNAPSHOT...
[INFO] 
[INFO] --- maven-compiler-plugin:3.8.1:compile (default-compile) @ google-cloud-monitoring ---
[INFO] Changes detected - recompiling the module!
[INFO] Compiling 43 source files to /home/gabsko/breaking-updates/google-cloud-monitoring/target/classes
[WARNING] bootstrap class path not set in conjunction with -source 8
[INFO] /home/gabsko/breaking-updates/google-cloud-monitoring/src/main/java/com/google/cloud/monitoring/v3/UptimeCheckServiceSettings.java: Some input files use unchecked or unsafe operations.
[INFO] /home/gabsko/breaking-updates/google-cloud-monitoring/src/main/java/com/google/cloud/monitoring/v3/UptimeCheckServiceSettings.java: Recompile with -Xlint:unchecked for details.
[INFO] 
[INFO] --- build-helper-maven-plugin:3.2.0:add-test-resource (add-test-proto-resources) @ google-cloud-monitoring ---
[INFO] 
[INFO] --- maven-resources-plugin:2.6:testResources (default-testResources) @ google-cloud-monitoring ---
[INFO] Using 'UTF-8' encoding to copy filtered resources.
[INFO] skip non existing resourceDirectory /home/gabsko/breaking-updates/google-cloud-monitoring/src/test/resources
[INFO] skip non existing resourceDirectory /home/gabsko/breaking-updates/google-cloud-monitoring/src/test/proto
[INFO] 
[INFO] --- maven-compiler-plugin:3.8.1:testCompile (default-testCompile) @ google-cloud-monitoring ---
[INFO] Changes detected - recompiling the module!
[INFO] Compiling 22 source files to /home/gabsko/breaking-updates/google-cloud-monitoring/target/test-classes
[WARNING] bootstrap class path not set in conjunction with -source 8
[WARNING] /home/gabsko/breaking-updates/google-cloud-monitoring/src/test/java/com/google/cloud/monitoring/v3/UptimeCheckServiceClientTest.java:[34,32] com.google.monitoring.v3.InternalChecker in com.google.monitoring.v3 has been deprecated
[WARNING] /home/gabsko/breaking-updates/google-cloud-monitoring/src/test/java/com/google/cloud/monitoring/v3/NotificationChannelServiceClientTest.java:[51,32] com.google.monitoring.v3.ServiceTier in com.google.monitoring.v3 has been deprecated
[WARNING] /home/gabsko/breaking-updates/google-cloud-monitoring/src/test/java/com/google/cloud/monitoring/v3/UptimeCheckServiceClientTest.java:[295,51] com.google.monitoring.v3.InternalChecker in com.google.monitoring.v3 has been deprecated
[WARNING] /home/gabsko/breaking-updates/google-cloud-monitoring/src/test/java/com/google/cloud/monitoring/v3/UptimeCheckServiceClientTest.java:[294,13] setIsInternal(boolean) in com.google.monitoring.v3.UptimeCheckConfig.Builder has been deprecated
[WARNING] /home/gabsko/breaking-updates/google-cloud-monitoring/src/test/java/com/google/cloud/monitoring/v3/UptimeCheckServiceClientTest.java:[295,13] addAllInternalCheckers(java.lang.Iterable<? extends com.google.monitoring.v3.InternalChecker>) in com.google.monitoring.v3.UptimeCheckConfig.Builder has been deprecated
[WARNING] /home/gabsko/breaking-updates/google-cloud-monitoring/src/test/java/com/google/cloud/monitoring/v3/UptimeCheckServiceClientTest.java:[347,51] com.google.monitoring.v3.InternalChecker in com.google.monitoring.v3 has been deprecated
[WARNING] /home/gabsko/breaking-updates/google-cloud-monitoring/src/test/java/com/google/cloud/monitoring/v3/UptimeCheckServiceClientTest.java:[346,13] setIsInternal(boolean) in com.google.monitoring.v3.UptimeCheckConfig.Builder has been deprecated
[WARNING] /home/gabsko/breaking-updates/google-cloud-monitoring/src/test/java/com/google/cloud/monitoring/v3/UptimeCheckServiceClientTest.java:[347,13] addAllInternalCheckers(java.lang.Iterable<? extends com.google.monitoring.v3.InternalChecker>) in com.google.monitoring.v3.UptimeCheckConfig.Builder has been deprecated
[WARNING] /home/gabsko/breaking-updates/google-cloud-monitoring/src/test/java/com/google/cloud/monitoring/v3/UptimeCheckServiceClientTest.java:[396,51] com.google.monitoring.v3.InternalChecker in com.google.monitoring.v3 has been deprecated
[WARNING] /home/gabsko/breaking-updates/google-cloud-monitoring/src/test/java/com/google/cloud/monitoring/v3/UptimeCheckServiceClientTest.java:[395,13] setIsInternal(boolean) in com.google.monitoring.v3.UptimeCheckConfig.Builder has been deprecated
[WARNING] /home/gabsko/breaking-updates/google-cloud-monitoring/src/test/java/com/google/cloud/monitoring/v3/UptimeCheckServiceClientTest.java:[396,13] addAllInternalCheckers(java.lang.Iterable<? extends com.google.monitoring.v3.InternalChecker>) in com.google.monitoring.v3.UptimeCheckConfig.Builder has been deprecated
[WARNING] /home/gabsko/breaking-updates/google-cloud-monitoring/src/test/java/com/google/cloud/monitoring/v3/UptimeCheckServiceClientTest.java:[448,51] com.google.monitoring.v3.InternalChecker in com.google.monitoring.v3 has been deprecated
[WARNING] /home/gabsko/breaking-updates/google-cloud-monitoring/src/test/java/com/google/cloud/monitoring/v3/UptimeCheckServiceClientTest.java:[447,13] setIsInternal(boolean) in com.google.monitoring.v3.UptimeCheckConfig.Builder has been deprecated
[WARNING] /home/gabsko/breaking-updates/google-cloud-monitoring/src/test/java/com/google/cloud/monitoring/v3/UptimeCheckServiceClientTest.java:[448,13] addAllInternalCheckers(java.lang.Iterable<? extends com.google.monitoring.v3.InternalChecker>) in com.google.monitoring.v3.UptimeCheckConfig.Builder has been deprecated
[WARNING] /home/gabsko/breaking-updates/google-cloud-monitoring/src/test/java/com/google/cloud/monitoring/v3/UptimeCheckServiceClientTest.java:[500,51] com.google.monitoring.v3.InternalChecker in com.google.monitoring.v3 has been deprecated
[WARNING] /home/gabsko/breaking-updates/google-cloud-monitoring/src/test/java/com/google/cloud/monitoring/v3/UptimeCheckServiceClientTest.java:[499,13] setIsInternal(boolean) in com.google.monitoring.v3.UptimeCheckConfig.Builder has been deprecated
[WARNING] /home/gabsko/breaking-updates/google-cloud-monitoring/src/test/java/com/google/cloud/monitoring/v3/UptimeCheckServiceClientTest.java:[500,13] addAllInternalCheckers(java.lang.Iterable<? extends com.google.monitoring.v3.InternalChecker>) in com.google.monitoring.v3.UptimeCheckConfig.Builder has been deprecated
[WARNING] /home/gabsko/breaking-updates/google-cloud-monitoring/src/test/java/com/google/cloud/monitoring/v3/UptimeCheckServiceClientTest.java:[552,51] com.google.monitoring.v3.InternalChecker in com.google.monitoring.v3 has been deprecated
[WARNING] /home/gabsko/breaking-updates/google-cloud-monitoring/src/test/java/com/google/cloud/monitoring/v3/UptimeCheckServiceClientTest.java:[551,13] setIsInternal(boolean) in com.google.monitoring.v3.UptimeCheckConfig.Builder has been deprecated
[WARNING] /home/gabsko/breaking-updates/google-cloud-monitoring/src/test/java/com/google/cloud/monitoring/v3/UptimeCheckServiceClientTest.java:[552,13] addAllInternalCheckers(java.lang.Iterable<? extends com.google.monitoring.v3.InternalChecker>) in com.google.monitoring.v3.UptimeCheckConfig.Builder has been deprecated
[WARNING] /home/gabsko/breaking-updates/google-cloud-monitoring/src/test/java/com/google/cloud/monitoring/v3/UptimeCheckServiceClientTest.java:[604,51] com.google.monitoring.v3.InternalChecker in com.google.monitoring.v3 has been deprecated
[WARNING] /home/gabsko/breaking-updates/google-cloud-monitoring/src/test/java/com/google/cloud/monitoring/v3/UptimeCheckServiceClientTest.java:[603,13] setIsInternal(boolean) in com.google.monitoring.v3.UptimeCheckConfig.Builder has been deprecated
[WARNING] /home/gabsko/breaking-updates/google-cloud-monitoring/src/test/java/com/google/cloud/monitoring/v3/UptimeCheckServiceClientTest.java:[604,13] addAllInternalCheckers(java.lang.Iterable<? extends com.google.monitoring.v3.InternalChecker>) in com.google.monitoring.v3.UptimeCheckConfig.Builder has been deprecated
[WARNING] /home/gabsko/breaking-updates/google-cloud-monitoring/src/test/java/com/google/cloud/monitoring/v3/NotificationChannelServiceClientTest.java:[317,49] com.google.monitoring.v3.ServiceTier in com.google.monitoring.v3 has been deprecated
[WARNING] /home/gabsko/breaking-updates/google-cloud-monitoring/src/test/java/com/google/cloud/monitoring/v3/NotificationChannelServiceClientTest.java:[317,13] addAllSupportedTiers(java.lang.Iterable<? extends com.google.monitoring.v3.ServiceTier>) in com.google.monitoring.v3.NotificationChannelDescriptor.Builder has been deprecated
[WARNING] /home/gabsko/breaking-updates/google-cloud-monitoring/src/test/java/com/google/cloud/monitoring/v3/NotificationChannelServiceClientTest.java:[369,49] com.google.monitoring.v3.ServiceTier in com.google.monitoring.v3 has been deprecated
[WARNING] /home/gabsko/breaking-updates/google-cloud-monitoring/src/test/java/com/google/cloud/monitoring/v3/NotificationChannelServiceClientTest.java:[369,13] addAllSupportedTiers(java.lang.Iterable<? extends com.google.monitoring.v3.ServiceTier>) in com.google.monitoring.v3.NotificationChannelDescriptor.Builder has been deprecated
[INFO] /home/gabsko/breaking-updates/google-cloud-monitoring/src/test/java/com/google/cloud/monitoring/v3/ITVPCServiceControlTest.java: /home/gabsko/breaking-updates/google-cloud-monitoring/src/test/java/com/google/cloud/monitoring/v3/ITVPCServiceControlTest.java uses unchecked or unsafe operations.
[INFO] /home/gabsko/breaking-updates/google-cloud-monitoring/src/test/java/com/google/cloud/monitoring/v3/ITVPCServiceControlTest.java: Recompile with -Xlint:unchecked for details.
[INFO] 
[INFO] --- animal-sniffer-maven-plugin:1.22:check (java8) @ google-cloud-monitoring ---
[INFO] Checking unresolved references to org.codehaus.mojo.signature:java18:1.0
[INFO] 
[INFO] --- maven-surefire-plugin:3.0.0-M5:test (default-test) @ google-cloud-monitoring ---
[INFO] 
[INFO] -------------------------------------------------------
[INFO]  T E S T S
[INFO] -------------------------------------------------------
[INFO] Running com.google.cloud.monitoring.v3.ServiceMonitoringServiceClientTest
[INFO] Tests run: 44, Failures: 0, Errors: 0, Skipped: 0, Time elapsed: 1.136 s - in com.google.cloud.monitoring.v3.ServiceMonitoringServiceClientTest
[INFO] Running com.google.cloud.monitoring.v3.QueryServiceClientTest
[INFO] Tests run: 2, Failures: 0, Errors: 0, Skipped: 0, Time elapsed: 0.024 s - in com.google.cloud.monitoring.v3.QueryServiceClientTest
[INFO] Running com.google.cloud.monitoring.v3.GroupServiceClientTest
[INFO] Tests run: 30, Failures: 0, Errors: 0, Skipped: 0, Time elapsed: 0.596 s - in com.google.cloud.monitoring.v3.GroupServiceClientTest
[INFO] Running com.google.cloud.monitoring.v3.UptimeCheckServiceClientTest
[INFO] Tests run: 28, Failures: 0, Errors: 0, Skipped: 0, Time elapsed: 0.184 s - in com.google.cloud.monitoring.v3.UptimeCheckServiceClientTest
[INFO] Running com.google.cloud.monitoring.v3.MetricServiceClientTest
[INFO] Tests run: 48, Failures: 0, Errors: 0, Skipped: 0, Time elapsed: 0.679 s - in com.google.cloud.monitoring.v3.MetricServiceClientTest
[INFO] Running com.google.cloud.monitoring.v3.AlertPolicyServiceClientTest
[INFO] Tests run: 26, Failures: 0, Errors: 0, Skipped: 0, Time elapsed: 0.478 s - in com.google.cloud.monitoring.v3.AlertPolicyServiceClientTest
[INFO] Running com.google.cloud.monitoring.v3.NotificationChannelServiceClientTest
[INFO] Tests run: 50, Failures: 0, Errors: 0, Skipped: 0, Time elapsed: 0.692 s - in com.google.cloud.monitoring.v3.NotificationChannelServiceClientTest
[INFO] 
[INFO] Results:
[INFO] 
[INFO] Tests run: 228, Failures: 0, Errors: 0, Skipped: 0
[INFO] 
[INFO] 
[INFO] --- jacoco-maven-plugin:0.8.7:report (report) @ google-cloud-monitoring ---
[INFO] Loading execution data file /home/gabsko/breaking-updates/google-cloud-monitoring/target/jacoco.exec
[INFO] Analyzed bundle 'Google Cloud Monitoring' with 121 classes
[INFO] 
[INFO] ------------< com.google.cloud:google-cloud-monitoring-bom >------------
[INFO] Building Google Cloud Monitoring BOM 3.0.4-SNAPSHOT                [5/5]
[INFO] --------------------------------[ pom ]---------------------------------
[INFO] 
[INFO] --- maven-clean-plugin:2.5:clean (default-clean) @ google-cloud-monitoring-bom ---
[INFO] 
[INFO] --- maven-enforcer-plugin:3.0.0-M3:enforce (enforce) @ google-cloud-monitoring-bom ---
[INFO] Adding ignore: module-info
[INFO] Adding ignore: META-INF/versions/*/module-info
[INFO] 
[INFO] --- maven-checkstyle-plugin:3.1.2:check (checkstyle) @ google-cloud-monitoring-bom ---
[INFO] 
[INFO] --- jacoco-maven-plugin:0.8.7:prepare-agent (default) @ google-cloud-monitoring-bom ---
[INFO] argLine set to -javaagent:/home/gabsko/.m2/repository/org/jacoco/org.jacoco.agent/0.8.7/org.jacoco.agent-0.8.7-runtime.jar=destfile=/home/gabsko/breaking-updates/google-cloud-monitoring-bom/target/jacoco.exec
[INFO] 
[INFO] --- build-helper-maven-plugin:3.2.0:add-resource (add-main-proto-resources) @ google-cloud-monitoring-bom ---
[INFO] 
[INFO] --- build-helper-maven-plugin:3.2.0:add-test-resource (add-test-proto-resources) @ google-cloud-monitoring-bom ---
[INFO] 
[INFO] --- animal-sniffer-maven-plugin:1.22:check (java8) @ google-cloud-monitoring-bom ---
[INFO] Checking unresolved references to org.codehaus.mojo.signature:java18:1.0
[INFO] 
[INFO] --- jacoco-maven-plugin:0.8.7:report (report) @ google-cloud-monitoring-bom ---
[INFO] Skipping JaCoCo execution due to missing execution data file.
[INFO] ------------------------------------------------------------------------
[INFO] Reactor Summary for Google Cloud Monitoring Parent 3.0.4-SNAPSHOT:
[INFO] 
[INFO] Google Cloud Monitoring Parent ..................... SUCCESS [  1.971 s]
[INFO] proto-google-cloud-monitoring-v3 ................... SUCCESS [  7.782 s]
[INFO] grpc-google-cloud-monitoring-v3 .................... SUCCESS [  1.006 s]
[INFO] Google Cloud Monitoring ............................ SUCCESS [ 12.139 s]
[INFO] Google Cloud Monitoring BOM ........................ SUCCESS [  0.007 s]
[INFO] ------------------------------------------------------------------------
[INFO] BUILD SUCCESS
[INFO] ------------------------------------------------------------------------
[INFO] Total time:  23.687 s
[INFO] Finished at: 2023-01-25T03:08:56Z
[INFO] ------------------------------------------------------------------------
