[INFO] Scanning for projects...
[INFO] 
[INFO] -------------< org.mybatis.maven:migrations-maven-plugin >--------------
[INFO] Building MyBatis Migrations Maven plugin 1.1.4-SNAPSHOT
[INFO] ----------------------------[ maven-plugin ]----------------------------
[INFO] 
[INFO] --- maven-clean-plugin:3.1.0:clean (default-clean) @ migrations-maven-plugin ---
[INFO] Deleting /home/gabsko/breaking-updates/target
[INFO] 
[INFO] --- maven-enforcer-plugin:3.0.0-M1:enforce (enforce-java) @ migrations-maven-plugin ---
[INFO] 
[INFO] --- jacoco-maven-plugin:0.8.7:prepare-agent (prepare-agent) @ migrations-maven-plugin ---
[INFO] argLine set to -javaagent:/home/gabsko/.m2/repository/org/jacoco/org.jacoco.agent/0.8.7/org.jacoco.agent-0.8.7-runtime.jar=destfile=/home/gabsko/breaking-updates/target/jacoco.exec
[INFO] 
[INFO] --- maven-plugin-plugin:3.6.1:helpmojo (help-goal) @ migrations-maven-plugin ---
[WARNING] 

Goal prefix is specified as: 'migration'. Maven currently expects it to be 'migrations'.

[INFO] Using 'UTF-8' encoding to read mojo source files.
[INFO] java-javadoc mojo extractor found 0 mojo descriptor.
[INFO] ant mojo extractor found 0 mojo descriptor.
[INFO] bsh mojo extractor found 0 mojo descriptor.
[INFO] java-annotations mojo extractor found 0 mojo descriptor.
[INFO] 
[INFO] --- whitespace-maven-plugin:1.0.4:trim (default) @ migrations-maven-plugin ---
[INFO] 
[INFO] --- formatter-maven-plugin:2.15.0:format (default) @ migrations-maven-plugin ---
[INFO] Using 'UTF-8' encoding to format source files.
[INFO] Formatting is skipped for types: XML
[INFO] Number of files to be formatted: 24
[INFO] Successfully formatted:          0 file(s)
[INFO] Fail to format:                  0 file(s)
[INFO] Skipped:                         24 file(s)
[INFO] Read only skipped:               0 file(s)
[INFO] Approximate time taken:          1s
[INFO] 
[INFO] --- impsort-maven-plugin:1.6.0:sort (default) @ migrations-maven-plugin ---
[INFO] Processed 24 files in 00:00.384 (Already Sorted: 24, Needed Sorting: 0)
[INFO] 
[INFO] --- maven-resources-plugin:3.2.0:resources (default-resources) @ migrations-maven-plugin ---
[INFO] Using 'UTF-8' encoding to copy filtered resources.
[INFO] Using 'UTF-8' encoding to copy filtered properties files.
[INFO] Copying 2 resources to META-INF
[INFO] Copying 2 resources to .
[INFO] The encoding used to copy filtered properties files have not been set. This means that the same encoding will be used to copy filtered properties files as when copying other filtered resources. This might not be what you want! Run your build with --debug to see which files might be affected. Read more at https://maven.apache.org/plugins/maven-resources-plugin/examples/filtering-properties-files.html
[INFO] 
[INFO] --- maven-compiler-plugin:3.8.1:compile (default-compile) @ migrations-maven-plugin ---
[INFO] Compiling 18 source files to /home/gabsko/breaking-updates/target/classes
[INFO] /home/gabsko/breaking-updates/src/main/java/org/mybatis/maven/mvnmigrate/report/StatusCommandReportMojo.java: /home/gabsko/breaking-updates/src/main/java/org/mybatis/maven/mvnmigrate/report/StatusCommandReportMojo.java uses or overrides a deprecated API.
[INFO] /home/gabsko/breaking-updates/src/main/java/org/mybatis/maven/mvnmigrate/report/StatusCommandReportMojo.java: Recompile with -Xlint:deprecation for details.
[INFO] 
[INFO] --- license-maven-plugin:4.1:format (default) @ migrations-maven-plugin ---
[INFO] Updating license headers...
[WARNING] Unknown file extension: /home/gabsko/breaking-updates/src/test/resources/unit/basic-test/migrate-repository/README
[WARNING] Unknown file extension: /home/gabsko/breaking-updates/src/it/migration-plugin-check-multi/verify.bsh
[WARNING] Unknown file extension: /home/gabsko/breaking-updates/src/it/migration-plugin-check-multi/itcase-rep/README
[WARNING] Unknown file extension: /home/gabsko/breaking-updates/src/it/migration-plugin-new/verify.bsh
[WARNING] Unknown file extension: /home/gabsko/breaking-updates/src/it/migration-plugin-init-idpattern/verify.bsh
[WARNING] Unknown file extension: /home/gabsko/breaking-updates/src/it/migration-plugin-skip/verify.bsh
[WARNING] Unknown file extension: /home/gabsko/breaking-updates/src/it/migration-plugin-skip/itcase-rep/README
[WARNING] Unknown file extension: /home/gabsko/breaking-updates/src/it/migration-plugin-command/verify.bsh
[WARNING] Unknown file extension: /home/gabsko/breaking-updates/src/it/migration-plugin-command/itcase-rep/README
[WARNING] Unknown file extension: /home/gabsko/breaking-updates/src/it/migration-plugin-report/verify.bsh
[WARNING] Unknown file extension: /home/gabsko/breaking-updates/src/it/migration-plugin-report/itcase-rep/README
[WARNING] Unknown file extension: /home/gabsko/breaking-updates/src/it/migration-plugin-check/verify.bsh
[WARNING] Unknown file extension: /home/gabsko/breaking-updates/src/it/migration-plugin-check/itcase-rep/README
[WARNING] Unknown file extension: /home/gabsko/breaking-updates/src/it/migration-plugin-command-down/verify.bsh
[WARNING] Unknown file extension: /home/gabsko/breaking-updates/src/it/migration-plugin-command-down/itcase-rep/README
[WARNING] Unknown file extension: /home/gabsko/breaking-updates/src/it/migration-plugin-command-script/verify.bsh
[WARNING] Unknown file extension: /home/gabsko/breaking-updates/src/it/migration-plugin-command-script/itcase-rep/README
[WARNING] Unknown file extension: /home/gabsko/breaking-updates/src/it/migration-plugin-report-multi/verify.bsh
[WARNING] Unknown file extension: /home/gabsko/breaking-updates/src/it/migration-plugin-command-parameter/verify.bsh
[WARNING] Unknown file extension: /home/gabsko/breaking-updates/src/it/migration-plugin-report-multi/itcase-rep/README
[WARNING] Unknown file extension: /home/gabsko/breaking-updates/src/it/migration-plugin-check-env/verify.bsh
[WARNING] Unknown file extension: /home/gabsko/breaking-updates/src/it/migration-plugin-command-parameter/itcase-rep/README
[WARNING] Unknown file extension: /home/gabsko/breaking-updates/src/it/migration-plugin-check-env/itcase-rep/README
[WARNING] Unknown file extension: /home/gabsko/breaking-updates/src/it/migration-plugin-check-env-pom/verify.bsh
[WARNING] Unknown file extension: /home/gabsko/breaking-updates/src/it/migration-plugin-check-env-pom/itcase-rep/README
[WARNING] Unknown file extension: /home/gabsko/breaking-updates/src/it/migration-plugin-init-repo/verify.bsh
[INFO] Updating license header in: /home/gabsko/breaking-updates/.mvn/extensions.xml
[WARNING] Unable to find a comment style definition for some files. You may want to add a custom mapping for the relevant file extensions.
[INFO] 
[INFO] --- maven-plugin-plugin:3.6.1:descriptor (default-descriptor) @ migrations-maven-plugin ---
[WARNING] 

Goal prefix is specified as: 'migration'. Maven currently expects it to be 'migrations'.

[INFO] Using 'UTF-8' encoding to read mojo source files.
[INFO] java-javadoc mojo extractor found 0 mojo descriptor.
[INFO] ant mojo extractor found 0 mojo descriptor.
[INFO] bsh mojo extractor found 0 mojo descriptor.
[INFO] java-annotations mojo extractor found 12 mojo descriptors.
[INFO] 
[INFO] --- animal-sniffer-maven-plugin:1.20:check (check-java-compat) @ migrations-maven-plugin ---
[INFO] Checking unresolved references to org.codehaus.mojo.signature:java18:1.0
[INFO] 
[INFO] --- maven-bundle-plugin:5.1.2:manifest (bundle-manifest) @ migrations-maven-plugin ---
[INFO] 
[INFO] --- maven-plugin-plugin:3.6.1:descriptor (mojo-descriptor) @ migrations-maven-plugin ---
[WARNING] 

Goal prefix is specified as: 'migration'. Maven currently expects it to be 'migrations'.

[INFO] Using 'UTF-8' encoding to read mojo source files.
[INFO] java-javadoc mojo extractor found 0 mojo descriptor.
[INFO] ant mojo extractor found 0 mojo descriptor.
[INFO] bsh mojo extractor found 0 mojo descriptor.
[INFO] java-annotations mojo extractor found 12 mojo descriptors.
[INFO] 
[INFO] --- maven-resources-plugin:3.2.0:testResources (default-testResources) @ migrations-maven-plugin ---
[INFO] Using 'UTF-8' encoding to copy filtered resources.
[INFO] Using 'UTF-8' encoding to copy filtered properties files.
[INFO] Copying 7 resources
[INFO] 
[INFO] --- maven-compiler-plugin:3.8.1:testCompile (default-testCompile) @ migrations-maven-plugin ---
[INFO] Compiling 7 source files to /home/gabsko/breaking-updates/target/test-classes
[INFO] 
[INFO] --- maven-surefire-plugin:3.0.0-M5:test (default-test) @ migrations-maven-plugin ---
[INFO] 
[INFO] -------------------------------------------------------
[INFO]  T E S T S
[INFO] -------------------------------------------------------
[INFO] Running org.mybatis.maven.mvnmigrate.InitCommandMojoTest
SLF4J: Failed to load class "org.slf4j.impl.StaticLoggerBinder".
SLF4J: Defaulting to no-operation (NOP) logger implementation
SLF4J: See http://www.slf4j.org/codes.html#StaticLoggerBinder for further details.
[INFO] Executing  MyBatis Migration Schema InitializeCommand
[INFO] Initializing: target/init
[INFO] Creating: init
[INFO] Creating: environments
[INFO] Creating: scripts
[INFO] Creating: drivers
[INFO] Creating: README
[INFO] Creating: development.properties
[INFO] Creating: bootstrap.sql
[INFO] Creating: 20230125054552_create_changelog.sql
[INFO] Creating: 20230125054553_first_migration.sql
[INFO] Done!
[INFO] 
[INFO] Executing  MyBatis Migration Schema NewCommand
[INFO] Executing  MyBatis Migration Schema InitializeCommand
[INFO] Initializing: target/init
[INFO] Creating: init
[INFO] Creating: environments
[INFO] Creating: scripts
[INFO] Creating: drivers
[INFO] Creating: README
[INFO] Creating: development.properties
[INFO] Creating: bootstrap.sql
[INFO] Creating: 20230125054554_create_changelog.sql
[INFO] Creating: 20230125054555_first_migration.sql
[INFO] Done!
[INFO] 
[INFO] Executing  MyBatis Migration Schema InitializeCommand
[INFO] Initializing: target/init
[INFO] Executing  MyBatis Migration Schema InitializeCommand
[INFO] Initializing: target/init
[INFO] Creating: init
[INFO] Creating: environments
[INFO] Creating: scripts
[INFO] Creating: drivers
[INFO] Creating: README
[INFO] Creating: development.properties
[INFO] Creating: bootstrap.sql
[INFO] Creating: 20230125054557_create_changelog.sql
[INFO] Creating: 20230125054558_first_migration.sql
[INFO] Done!
[INFO] 
[INFO] Executing  MyBatis Migration Schema NewCommand
[INFO] Executing  MyBatis Migration Schema InitializeCommand
[INFO] Initializing: target/init
[INFO] Creating: init
[INFO] Creating: environments
[INFO] Creating: scripts
[INFO] Creating: drivers
[INFO] Creating: README
[INFO] Creating: development.properties
[INFO] Creating: bootstrap.sql
[INFO] Creating: 20230125054559_create_changelog.sql
[INFO] Creating: 20230125054600_first_migration.sql
[INFO] Done!
[INFO] 
[INFO] Executing  MyBatis Migration Schema NewCommand
[INFO] Your migrations configuration did not find your custom template.  Using the default template.Creating: 20230125054601_test_script.sql
[INFO] Done!
[INFO] 
[INFO] Tests run: 4, Failures: 0, Errors: 0, Skipped: 0, Time elapsed: 11.971 s - in org.mybatis.maven.mvnmigrate.InitCommandMojoTest
[INFO] Running org.mybatis.maven.mvnmigrate.BootstrapCommandMojoTest
[INFO] Executing  MyBatis Migration Schema BootstrapCommand
[INFO] ========== Applying: bootstrap.sql =============================================
[INFO] --
[INFO] --    Copyright 2010-2016 the original author or authors.
[INFO] --
[INFO] --    Licensed under the Apache License, Version 2.0 (the "License");
[INFO] --    you may not use this file except in compliance with the License.
[INFO] --    You may obtain a copy of the License at
[INFO] --
[INFO] --       http://www.apache.org/licenses/LICENSE-2.0
[INFO] --
[INFO] --    Unless required by applicable law or agreed to in writing, software
[INFO] --    distributed under the License is distributed on an "AS IS" BASIS,
[INFO] --    WITHOUT WARRANTIES OR CONDITIONS OF ANY KIND, either express or implied.
[INFO] --    See the License for the specific language governing permissions and
[INFO] --    limitations under the License.
[INFO] --
[INFO] --// Bootstrap.sql
[INFO] -- This is the only SQL script file that is NOT
[INFO] -- a valid migration and will not be run or tracked
[INFO] -- in the changelog.  There is no @UNDO section.
[INFO] --// Do I need this file?
[INFO] -- New projects likely won't need this file.
[INFO] -- Existing projects will likely need this file.
[INFO] -- It's unlikely that this bootstrap should be run
[INFO] -- in the production environment.
[INFO] --// Purpose
[INFO] -- The purpose of this file is to provide a facility
[INFO] -- to initialize the database to a state before iBATIS
[INFO] -- SQL migrations were applied.  If you already have
[INFO] -- a database in production, then you probably have
[INFO] -- a script that you run on your developer machine
[INFO] -- to initialize the database.  That script can now
[INFO] -- be put in this bootstrap file (but does not have
[INFO] -- to be if you are comfortable with your current process.
[INFO] --// Running
[INFO] -- The bootstrap SQL is run with the "migrate bootstrap"
[INFO] -- command.  It must be run manually, it's never run as
[INFO] -- part of the regular migration process and will never
[INFO] -- be undone. Variables (e.g. ${variable}) are still
[INFO] -- parsed in the bootstrap SQL.
[INFO] -- After the boostrap SQL has been run, you can then
[INFO] -- use the migrations and the changelog for all future
[INFO] -- database change management.
[INFO] DROP TABLE test_bootstrap IF EXISTS
[INFO] 
[INFO] CREATE TABLE test_bootstrap (
[INFO]     ID NUMERIC(20,0) NOT NULL,
[INFO]     APPLIED_AT VARCHAR(25) NOT NULL,
[INFO]     DESCRIPTION VARCHAR(255) NOT NULL
[INFO] )
[INFO] 
[INFO] 
[INFO] Tests run: 1, Failures: 0, Errors: 0, Skipped: 0, Time elapsed: 1.093 s - in org.mybatis.maven.mvnmigrate.BootstrapCommandMojoTest
[INFO] Running org.mybatis.maven.mvnmigrate.PendingCommandMojoTest
[INFO] Executing  MyBatis Migration Schema InitializeCommand
[INFO] Initializing: target/init
[INFO] Creating: init
[INFO] Creating: environments
[INFO] Creating: scripts
[INFO] Creating: drivers
[INFO] Creating: README
[INFO] Creating: development.properties
[INFO] Creating: bootstrap.sql
[INFO] Creating: 20230125054603_create_changelog.sql
[INFO] Creating: 20230125054604_first_migration.sql
[INFO] Done!
[INFO] 
[INFO] Executing  MyBatis Migration Schema UpCommand
[INFO] ========== Applying: 20100400000001_create_changelog.sql =======================
[INFO] --
[INFO] --    Copyright 2010-2016 the original author or authors.
[INFO] --
[INFO] --    Licensed under the Apache License, Version 2.0 (the "License");
[INFO] --    you may not use this file except in compliance with the License.
[INFO] --    You may obtain a copy of the License at
[INFO] --
[INFO] --       http://www.apache.org/licenses/LICENSE-2.0
[INFO] --
[INFO] --    Unless required by applicable law or agreed to in writing, software
[INFO] --    distributed under the License is distributed on an "AS IS" BASIS,
[INFO] --    WITHOUT WARRANTIES OR CONDITIONS OF ANY KIND, either express or implied.
[INFO] --    See the License for the specific language governing permissions and
[INFO] --    limitations under the License.
[INFO] --
[INFO] --// Create Changelog
[INFO] -- Default DDL for changelog table that will keep
[INFO] -- a record of the migrations that have been run.
[INFO] -- You can modify this to suit your database before
[INFO] -- running your first migration.
[INFO] -- Be sure that ID and DESCRIPTION fields exist in
[INFO] -- BigInteger and String compatible fields respectively.
[INFO] CREATE TABLE CHANGELOG (
[INFO]     ID NUMERIC(20,0) NOT NULL,
[INFO]     APPLIED_AT VARCHAR(25) NOT NULL,
[INFO]     DESCRIPTION VARCHAR(255) NOT NULL
[INFO] )
[INFO] 
[INFO] ALTER TABLE CHANGELOG
[INFO] ADD CONSTRAINT PK_CHANGELOG
[INFO] PRIMARY KEY (id)
[INFO] 
[INFO] 
[INFO] ========== Applying: 20100400000002_first_migration.sql ========================
[INFO] --
[INFO] --    Copyright 2010-2016 the original author or authors.
[INFO] --
[INFO] --    Licensed under the Apache License, Version 2.0 (the "License");
[INFO] --    you may not use this file except in compliance with the License.
[INFO] --    You may obtain a copy of the License at
[INFO] --
[INFO] --       http://www.apache.org/licenses/LICENSE-2.0
[INFO] --
[INFO] --    Unless required by applicable law or agreed to in writing, software
[INFO] --    distributed under the License is distributed on an "AS IS" BASIS,
[INFO] --    WITHOUT WARRANTIES OR CONDITIONS OF ANY KIND, either express or implied.
[INFO] --    See the License for the specific language governing permissions and
[INFO] --    limitations under the License.
[INFO] --
[INFO] --// First migration.
[INFO] -- Migration SQL that makes the change goes here.
[INFO] CREATE TABLE pippo (
[INFO]     ID NUMERIC(20,0) NOT NULL,
[INFO]     APPLIED_AT VARCHAR(25) NOT NULL,
[INFO]     DESCRIPTION VARCHAR(255) NOT NULL
[INFO] )
[INFO] 
[INFO] 
[INFO] ========== Applying: 20100400000003_second_migration.sql =======================
[INFO] --
[INFO] --    Copyright 2010-2016 the original author or authors.
[INFO] --
[INFO] --    Licensed under the Apache License, Version 2.0 (the "License");
[INFO] --    you may not use this file except in compliance with the License.
[INFO] --    You may obtain a copy of the License at
[INFO] --
[INFO] --       http://www.apache.org/licenses/LICENSE-2.0
[INFO] --
[INFO] --    Unless required by applicable law or agreed to in writing, software
[INFO] --    distributed under the License is distributed on an "AS IS" BASIS,
[INFO] --    WITHOUT WARRANTIES OR CONDITIONS OF ANY KIND, either express or implied.
[INFO] --    See the License for the specific language governing permissions and
[INFO] --    limitations under the License.
[INFO] --
[INFO] --// First migration.
[INFO] -- Migration SQL that makes the change goes here.
[INFO] CREATE TABLE pluto (
[INFO]     ID NUMERIC(20,0) NOT NULL
[INFO] )
[INFO] 
[INFO] 
[INFO] 
[INFO] Executing  MyBatis Migration Schema PendingCommand
[INFO] WARNING: Running pending migrations out of order can create unexpected results.
[INFO] Executing  MyBatis Migration Schema DownCommand
[INFO] ========== Undoing: 20100400000003_second_migration.sql ========================
[INFO] -- @UNDO
[INFO] -- SQL to undo the change goes here.
[INFO] DROP TABLE pluto
[INFO] 
[INFO] 
[INFO] 
[INFO] Executing  MyBatis Migration Schema DownCommand
[INFO] ========== Undoing: 20100400000002_first_migration.sql =========================
[INFO] -- @UNDO
[INFO] DROP TABLE pippo
[INFO] 
[INFO] 
[INFO] ========== Undoing: 20100400000001_create_changelog.sql ========================
[INFO] -- @UNDO
[INFO] DROP TABLE CHANGELOG
[INFO] 
[INFO] Changelog doesn't exist. No further migrations will be undone (normal for the last migration).
[INFO] 
[INFO] 
[INFO] Tests run: 1, Failures: 0, Errors: 0, Skipped: 0, Time elapsed: 2.177 s - in org.mybatis.maven.mvnmigrate.PendingCommandMojoTest
[INFO] Running org.mybatis.maven.mvnmigrate.ScriptCommandMojoTest
[INFO] Executing  MyBatis Migration Schema ScriptCommand
[INFO] Creating SQL script (From 20100400000001 to 20100400000003)
  --- CUT HERE ---
-- 20100400000002_first_migration.sql
--
--    Copyright 2010-2016 the original author or authors.
--
--    Licensed under the Apache License, Version 2.0 (the "License");
--    you may not use this file except in compliance with the License.
--    You may obtain a copy of the License at
--
--       http://www.apache.org/licenses/LICENSE-2.0
--
--    Unless required by applicable law or agreed to in writing, software
--    distributed under the License is distributed on an "AS IS" BASIS,
--    WITHOUT WARRANTIES OR CONDITIONS OF ANY KIND, either express or implied.
--    See the License for the specific language governing permissions and
--    limitations under the License.
--

--// First migration.
-- Migration SQL that makes the change goes here.

CREATE TABLE pippo (
    ID NUMERIC(20,0) NOT NULL,
    APPLIED_AT VARCHAR(25) NOT NULL,
    DESCRIPTION VARCHAR(255) NOT NULL
);



INSERT INTO CHANGELOG (ID, APPLIED_AT, DESCRIPTION) VALUES (20100400000002, '2023-01-25 05:46:04', 'first migration');

-- 20100400000003_second_migration.sql
--
--    Copyright 2010-2016 the original author or authors.
--
--    Licensed under the Apache License, Version 2.0 (the "License");
--    you may not use this file except in compliance with the License.
--    You may obtain a copy of the License at
--
--       http://www.apache.org/licenses/LICENSE-2.0
--
--    Unless required by applicable law or agreed to in writing, software
--    distributed under the License is distributed on an "AS IS" BASIS,
--    WITHOUT WARRANTIES OR CONDITIONS OF ANY KIND, either express or implied.
--    See the License for the specific language governing permissions and
--    limitations under the License.
--

--// First migration.
-- Migration SQL that makes the change goes here.

CREATE TABLE pluto (
    ID NUMERIC(20,0) NOT NULL
);



INSERT INTO CHANGELOG (ID, APPLIED_AT, DESCRIPTION) VALUES (20100400000003, '2023-01-25 05:46:04', 'second migration');

[INFO] Creating SQL script (From 20100400000001 to 20100400000003)
[INFO] Executing  MyBatis Migration Schema ScriptCommand
[INFO] Created file target/script_pending_undo.sql
[INFO] Executing  MyBatis Migration Schema ScriptCommand
[INFO] Created file target/script_pending.sql
[INFO] Executing  MyBatis Migration Schema ScriptCommand
[INFO] Created file target/script_20100400000001-20100400000003.sql
[INFO] Tests run: 4, Failures: 0, Errors: 0, Skipped: 0, Time elapsed: 0.419 s - in org.mybatis.maven.mvnmigrate.ScriptCommandMojoTest
[INFO] Running org.mybatis.maven.mvnmigrate.VersionCommandMojoTest
[INFO] Executing  MyBatis Migration Schema UpCommand
[INFO] ========== Applying: 20100400000001_create_changelog.sql =======================
[INFO] --
[INFO] --    Copyright 2010-2016 the original author or authors.
[INFO] --
[INFO] --    Licensed under the Apache License, Version 2.0 (the "License");
[INFO] --    you may not use this file except in compliance with the License.
[INFO] --    You may obtain a copy of the License at
[INFO] --
[INFO] --       http://www.apache.org/licenses/LICENSE-2.0
[INFO] --
[INFO] --    Unless required by applicable law or agreed to in writing, software
[INFO] --    distributed under the License is distributed on an "AS IS" BASIS,
[INFO] --    WITHOUT WARRANTIES OR CONDITIONS OF ANY KIND, either express or implied.
[INFO] --    See the License for the specific language governing permissions and
[INFO] --    limitations under the License.
[INFO] --
[INFO] --// Create Changelog
[INFO] -- Default DDL for changelog table that will keep
[INFO] -- a record of the migrations that have been run.
[INFO] -- You can modify this to suit your database before
[INFO] -- running your first migration.
[INFO] -- Be sure that ID and DESCRIPTION fields exist in
[INFO] -- BigInteger and String compatible fields respectively.
[INFO] CREATE TABLE CHANGELOG (
[INFO]     ID NUMERIC(20,0) NOT NULL,
[INFO]     APPLIED_AT VARCHAR(25) NOT NULL,
[INFO]     DESCRIPTION VARCHAR(255) NOT NULL
[INFO] )
[INFO] 
[INFO] ALTER TABLE CHANGELOG
[INFO] ADD CONSTRAINT PK_CHANGELOG
[INFO] PRIMARY KEY (id)
[INFO] 
[INFO] 
[INFO] 
[INFO] Executing  MyBatis Migration Schema VersionCommand
[INFO] Upgrading to: 20100400000003
[INFO] ========== Applying: 20100400000002_first_migration.sql ========================
[INFO] --
[INFO] --    Copyright 2010-2016 the original author or authors.
[INFO] --
[INFO] --    Licensed under the Apache License, Version 2.0 (the "License");
[INFO] --    you may not use this file except in compliance with the License.
[INFO] --    You may obtain a copy of the License at
[INFO] --
[INFO] --       http://www.apache.org/licenses/LICENSE-2.0
[INFO] --
[INFO] --    Unless required by applicable law or agreed to in writing, software
[INFO] --    distributed under the License is distributed on an "AS IS" BASIS,
[INFO] --    WITHOUT WARRANTIES OR CONDITIONS OF ANY KIND, either express or implied.
[INFO] --    See the License for the specific language governing permissions and
[INFO] --    limitations under the License.
[INFO] --
[INFO] --// First migration.
[INFO] -- Migration SQL that makes the change goes here.
[INFO] CREATE TABLE pippo (
[INFO]     ID NUMERIC(20,0) NOT NULL,
[INFO]     APPLIED_AT VARCHAR(25) NOT NULL,
[INFO]     DESCRIPTION VARCHAR(255) NOT NULL
[INFO] )
[INFO] 
[INFO] 
[INFO] ========== Applying: 20100400000003_second_migration.sql =======================
[INFO] --
[INFO] --    Copyright 2010-2016 the original author or authors.
[INFO] --
[INFO] --    Licensed under the Apache License, Version 2.0 (the "License");
[INFO] --    you may not use this file except in compliance with the License.
[INFO] --    You may obtain a copy of the License at
[INFO] --
[INFO] --       http://www.apache.org/licenses/LICENSE-2.0
[INFO] --
[INFO] --    Unless required by applicable law or agreed to in writing, software
[INFO] --    distributed under the License is distributed on an "AS IS" BASIS,
[INFO] --    WITHOUT WARRANTIES OR CONDITIONS OF ANY KIND, either express or implied.
[INFO] --    See the License for the specific language governing permissions and
[INFO] --    limitations under the License.
[INFO] --
[INFO] --// First migration.
[INFO] -- Migration SQL that makes the change goes here.
[INFO] CREATE TABLE pluto (
[INFO]     ID NUMERIC(20,0) NOT NULL
[INFO] )
[INFO] 
[INFO] 
[INFO] 
[INFO] 
[INFO] Executing  MyBatis Migration Schema VersionCommand
[INFO] Downgrading to: 20100400000001
[INFO] ========== Undoing: 20100400000003_second_migration.sql ========================
[INFO] -- @UNDO
[INFO] -- SQL to undo the change goes here.
[INFO] DROP TABLE pluto
[INFO] 
[INFO] 
[INFO] ========== Undoing: 20100400000002_first_migration.sql =========================
[INFO] -- @UNDO
[INFO] DROP TABLE pippo
[INFO] 
[INFO] 
[INFO] 
[INFO] 
[INFO] Tests run: 1, Failures: 0, Errors: 0, Skipped: 0, Time elapsed: 0.097 s - in org.mybatis.maven.mvnmigrate.VersionCommandMojoTest
[INFO] Running org.mybatis.maven.mvnmigrate.StatusCommandMojoTest
[INFO] Executing  MyBatis Migration Schema StatusCommand
[INFO] ID             Applied At          Description
[INFO] ================================================================================
[INFO] 20100400000001 2023-01-25 05:46:04 create changelog
[INFO] 20100400000002    ...pending...    first migration
[INFO] 20100400000003    ...pending...    second migration
[INFO] 
[INFO] Tests run: 1, Failures: 0, Errors: 0, Skipped: 0, Time elapsed: 0.084 s - in org.mybatis.maven.mvnmigrate.StatusCommandMojoTest
[INFO] 
[INFO] Results:
[INFO] 
[INFO] Tests run: 12, Failures: 0, Errors: 0, Skipped: 0
[INFO] 
[INFO] ------------------------------------------------------------------------
[INFO] BUILD SUCCESS
[INFO] ------------------------------------------------------------------------
[INFO] Total time:  35.328 s
[INFO] Finished at: 2023-01-25T05:46:05Z
[INFO] ------------------------------------------------------------------------
