[INFO] Scanning for projects...
[INFO] Inspecting build with total of 9 modules...
[INFO] Installing Nexus Staging features:
[INFO]   ... total of 9 executions of maven-deploy-plugin replaced with nexus-staging-maven-plugin
[INFO] ------------------------------------------------------------------------
[INFO] Reactor Build Order:
[INFO] 
[INFO] Google Cloud Spanner Parent                                        [pom]
[INFO] proto-google-cloud-spanner-admin-instance-v1                       [jar]
[INFO] proto-google-cloud-spanner-v1                                      [jar]
[INFO] proto-google-cloud-spanner-admin-database-v1                       [jar]
[INFO] grpc-google-cloud-spanner-v1                                       [jar]
[INFO] grpc-google-cloud-spanner-admin-instance-v1                        [jar]
[INFO] grpc-google-cloud-spanner-admin-database-v1                        [jar]
[INFO] Google Cloud Spanner                                               [jar]
[INFO] Google Cloud Spanner BOM                                           [pom]
[INFO] 
[INFO] ------------< com.google.cloud:google-cloud-spanner-parent >------------
[INFO] Building Google Cloud Spanner Parent 2.0.3-SNAPSHOT                [1/9]
[INFO] --------------------------------[ pom ]---------------------------------
[INFO] 
[INFO] --- maven-clean-plugin:2.5:clean (default-clean) @ google-cloud-spanner-parent ---
[INFO] Deleting /home/gabsko/breaking-updates/target
[INFO] 
[INFO] --- maven-enforcer-plugin:3.0.0-M3:enforce (enforce) @ google-cloud-spanner-parent ---
[INFO] Adding ignore: module-info
[INFO] Adding ignore: META-INF/versions/*/module-info
[INFO] 
[INFO] --- maven-checkstyle-plugin:3.1.1:check (checkstyle) @ google-cloud-spanner-parent ---
[INFO] Starting audit...
Audit done.
[INFO] You have 0 Checkstyle violations.
[INFO] 
[INFO] --- jacoco-maven-plugin:0.8.5:prepare-agent (default) @ google-cloud-spanner-parent ---
[INFO] argLine set to -javaagent:/home/gabsko/.m2/repository/org/jacoco/org.jacoco.agent/0.8.5/org.jacoco.agent-0.8.5-runtime.jar=destfile=/home/gabsko/breaking-updates/target/jacoco.exec
[INFO] 
[INFO] --- build-helper-maven-plugin:3.2.0:add-resource (add-main-proto-resources) @ google-cloud-spanner-parent ---
[INFO] 
[INFO] --- build-helper-maven-plugin:3.2.0:add-test-resource (add-test-proto-resources) @ google-cloud-spanner-parent ---
[INFO] 
[INFO] --- jacoco-maven-plugin:0.8.5:report (report) @ google-cloud-spanner-parent ---
[INFO] Skipping JaCoCo execution due to missing execution data file.
[INFO] 
[INFO] --< com.google.api.grpc:proto-google-cloud-spanner-admin-instance-v1 >--
[INFO] Building proto-google-cloud-spanner-admin-instance-v1 2.0.3-SNAPSHOT [2/9]
[INFO] --------------------------------[ jar ]---------------------------------
[INFO] 
[INFO] --- maven-clean-plugin:2.5:clean (default-clean) @ proto-google-cloud-spanner-admin-instance-v1 ---
[INFO] Deleting /home/gabsko/breaking-updates/proto-google-cloud-spanner-admin-instance-v1/target
[INFO] 
[INFO] --- flatten-maven-plugin:1.2.4:clean (flatten.clean) @ proto-google-cloud-spanner-admin-instance-v1 ---
[INFO] Deleting /home/gabsko/breaking-updates/proto-google-cloud-spanner-admin-instance-v1/.flattened-pom.xml
[INFO] 
[INFO] --- maven-enforcer-plugin:3.0.0-M3:enforce (enforce) @ proto-google-cloud-spanner-admin-instance-v1 ---
[INFO] Adding ignore: module-info
[INFO] Adding ignore: META-INF/versions/*/module-info
[INFO] 
[INFO] --- maven-checkstyle-plugin:3.1.1:check (checkstyle) @ proto-google-cloud-spanner-admin-instance-v1 ---
[INFO] Starting audit...
Audit done.
[INFO] You have 0 Checkstyle violations.
[INFO] 
[INFO] --- jacoco-maven-plugin:0.8.5:prepare-agent (default) @ proto-google-cloud-spanner-admin-instance-v1 ---
[INFO] argLine set to -javaagent:/home/gabsko/.m2/repository/org/jacoco/org.jacoco.agent/0.8.5/org.jacoco.agent-0.8.5-runtime.jar=destfile=/home/gabsko/breaking-updates/proto-google-cloud-spanner-admin-instance-v1/target/jacoco.exec
[INFO] 
[INFO] --- build-helper-maven-plugin:3.2.0:add-resource (add-main-proto-resources) @ proto-google-cloud-spanner-admin-instance-v1 ---
[INFO] 
[INFO] --- maven-resources-plugin:2.6:resources (default-resources) @ proto-google-cloud-spanner-admin-instance-v1 ---
[INFO] Using 'UTF-8' encoding to copy filtered resources.
[INFO] skip non existing resourceDirectory /home/gabsko/breaking-updates/proto-google-cloud-spanner-admin-instance-v1/src/main/resources
[INFO] Copying 1 resource
[INFO] 
[INFO] --- flatten-maven-plugin:1.2.4:flatten (flatten) @ proto-google-cloud-spanner-admin-instance-v1 ---
[INFO] Generating flattened POM of project com.google.api.grpc:proto-google-cloud-spanner-admin-instance-v1:jar:2.0.3-SNAPSHOT...
[INFO] 
[INFO] --- maven-compiler-plugin:3.8.1:compile (default-compile) @ proto-google-cloud-spanner-admin-instance-v1 ---
[INFO] Changes detected - recompiling the module!
[INFO] Compiling 32 source files to /home/gabsko/breaking-updates/proto-google-cloud-spanner-admin-instance-v1/target/classes
[WARNING] bootstrap class path not set in conjunction with -source 7
[INFO] 
[INFO] --- build-helper-maven-plugin:3.2.0:add-test-resource (add-test-proto-resources) @ proto-google-cloud-spanner-admin-instance-v1 ---
[INFO] 
[INFO] --- maven-resources-plugin:2.6:testResources (default-testResources) @ proto-google-cloud-spanner-admin-instance-v1 ---
[INFO] Using 'UTF-8' encoding to copy filtered resources.
[INFO] skip non existing resourceDirectory /home/gabsko/breaking-updates/proto-google-cloud-spanner-admin-instance-v1/src/test/resources
[INFO] skip non existing resourceDirectory /home/gabsko/breaking-updates/proto-google-cloud-spanner-admin-instance-v1/src/test/proto
[INFO] 
[INFO] --- maven-compiler-plugin:3.8.1:testCompile (default-testCompile) @ proto-google-cloud-spanner-admin-instance-v1 ---
[INFO] No sources to compile
[INFO] 
[INFO] --- maven-surefire-plugin:3.0.0-M5:test (default-test) @ proto-google-cloud-spanner-admin-instance-v1 ---
[INFO] No tests to run.
[INFO] 
[INFO] --- jacoco-maven-plugin:0.8.5:report (report) @ proto-google-cloud-spanner-admin-instance-v1 ---
[INFO] Skipping JaCoCo execution due to missing execution data file.
[INFO] 
[INFO] ---------< com.google.api.grpc:proto-google-cloud-spanner-v1 >----------
[INFO] Building proto-google-cloud-spanner-v1 2.0.3-SNAPSHOT              [3/9]
[INFO] --------------------------------[ jar ]---------------------------------
[INFO] 
[INFO] --- maven-clean-plugin:2.5:clean (default-clean) @ proto-google-cloud-spanner-v1 ---
[INFO] Deleting /home/gabsko/breaking-updates/proto-google-cloud-spanner-v1/target
[INFO] 
[INFO] --- flatten-maven-plugin:1.2.4:clean (flatten.clean) @ proto-google-cloud-spanner-v1 ---
[INFO] Deleting /home/gabsko/breaking-updates/proto-google-cloud-spanner-v1/.flattened-pom.xml
[INFO] 
[INFO] --- maven-enforcer-plugin:3.0.0-M3:enforce (enforce) @ proto-google-cloud-spanner-v1 ---
[INFO] Adding ignore: module-info
[INFO] Adding ignore: META-INF/versions/*/module-info
[INFO] 
[INFO] --- maven-checkstyle-plugin:3.1.1:check (checkstyle) @ proto-google-cloud-spanner-v1 ---
[INFO] Starting audit...
Audit done.
[INFO] You have 0 Checkstyle violations.
[INFO] 
[INFO] --- jacoco-maven-plugin:0.8.5:prepare-agent (default) @ proto-google-cloud-spanner-v1 ---
[INFO] argLine set to -javaagent:/home/gabsko/.m2/repository/org/jacoco/org.jacoco.agent/0.8.5/org.jacoco.agent-0.8.5-runtime.jar=destfile=/home/gabsko/breaking-updates/proto-google-cloud-spanner-v1/target/jacoco.exec
[INFO] 
[INFO] --- build-helper-maven-plugin:3.2.0:add-resource (add-main-proto-resources) @ proto-google-cloud-spanner-v1 ---
[INFO] 
[INFO] --- maven-resources-plugin:2.6:resources (default-resources) @ proto-google-cloud-spanner-v1 ---
[INFO] Using 'UTF-8' encoding to copy filtered resources.
[INFO] skip non existing resourceDirectory /home/gabsko/breaking-updates/proto-google-cloud-spanner-v1/src/main/resources
[INFO] Copying 7 resources
[INFO] 
[INFO] --- flatten-maven-plugin:1.2.4:flatten (flatten) @ proto-google-cloud-spanner-v1 ---
[INFO] Generating flattened POM of project com.google.api.grpc:proto-google-cloud-spanner-v1:jar:2.0.3-SNAPSHOT...
[INFO] 
[INFO] --- maven-compiler-plugin:3.8.1:compile (default-compile) @ proto-google-cloud-spanner-v1 ---
[INFO] Changes detected - recompiling the module!
[INFO] Compiling 80 source files to /home/gabsko/breaking-updates/proto-google-cloud-spanner-v1/target/classes
[WARNING] bootstrap class path not set in conjunction with -source 7
[INFO] 
[INFO] --- build-helper-maven-plugin:3.2.0:add-test-resource (add-test-proto-resources) @ proto-google-cloud-spanner-v1 ---
[INFO] 
[INFO] --- maven-resources-plugin:2.6:testResources (default-testResources) @ proto-google-cloud-spanner-v1 ---
[INFO] Using 'UTF-8' encoding to copy filtered resources.
[INFO] skip non existing resourceDirectory /home/gabsko/breaking-updates/proto-google-cloud-spanner-v1/src/test/resources
[INFO] skip non existing resourceDirectory /home/gabsko/breaking-updates/proto-google-cloud-spanner-v1/src/test/proto
[INFO] 
[INFO] --- maven-compiler-plugin:3.8.1:testCompile (default-testCompile) @ proto-google-cloud-spanner-v1 ---
[INFO] No sources to compile
[INFO] 
[INFO] --- maven-surefire-plugin:3.0.0-M5:test (default-test) @ proto-google-cloud-spanner-v1 ---
[INFO] No tests to run.
[INFO] 
[INFO] --- jacoco-maven-plugin:0.8.5:report (report) @ proto-google-cloud-spanner-v1 ---
[INFO] Skipping JaCoCo execution due to missing execution data file.
[INFO] 
[INFO] --< com.google.api.grpc:proto-google-cloud-spanner-admin-database-v1 >--
[INFO] Building proto-google-cloud-spanner-admin-database-v1 2.0.3-SNAPSHOT [4/9]
[INFO] --------------------------------[ jar ]---------------------------------
[INFO] 
[INFO] --- maven-clean-plugin:2.5:clean (default-clean) @ proto-google-cloud-spanner-admin-database-v1 ---
[INFO] Deleting /home/gabsko/breaking-updates/proto-google-cloud-spanner-admin-database-v1/target
[INFO] 
[INFO] --- flatten-maven-plugin:1.2.4:clean (flatten.clean) @ proto-google-cloud-spanner-admin-database-v1 ---
[INFO] Deleting /home/gabsko/breaking-updates/proto-google-cloud-spanner-admin-database-v1/.flattened-pom.xml
[INFO] 
[INFO] --- maven-enforcer-plugin:3.0.0-M3:enforce (enforce) @ proto-google-cloud-spanner-admin-database-v1 ---
[INFO] Adding ignore: module-info
[INFO] Adding ignore: META-INF/versions/*/module-info
[INFO] 
[INFO] --- maven-checkstyle-plugin:3.1.1:check (checkstyle) @ proto-google-cloud-spanner-admin-database-v1 ---
[INFO] Starting audit...
Audit done.
[INFO] You have 0 Checkstyle violations.
[INFO] 
[INFO] --- jacoco-maven-plugin:0.8.5:prepare-agent (default) @ proto-google-cloud-spanner-admin-database-v1 ---
[INFO] argLine set to -javaagent:/home/gabsko/.m2/repository/org/jacoco/org.jacoco.agent/0.8.5/org.jacoco.agent-0.8.5-runtime.jar=destfile=/home/gabsko/breaking-updates/proto-google-cloud-spanner-admin-database-v1/target/jacoco.exec
[INFO] 
[INFO] --- build-helper-maven-plugin:3.2.0:add-resource (add-main-proto-resources) @ proto-google-cloud-spanner-admin-database-v1 ---
[INFO] 
[INFO] --- maven-resources-plugin:2.6:resources (default-resources) @ proto-google-cloud-spanner-admin-database-v1 ---
[INFO] Using 'UTF-8' encoding to copy filtered resources.
[INFO] skip non existing resourceDirectory /home/gabsko/breaking-updates/proto-google-cloud-spanner-admin-database-v1/src/main/resources
[INFO] Copying 3 resources
[INFO] 
[INFO] --- flatten-maven-plugin:1.2.4:flatten (flatten) @ proto-google-cloud-spanner-admin-database-v1 ---
[INFO] Generating flattened POM of project com.google.api.grpc:proto-google-cloud-spanner-admin-database-v1:jar:2.0.3-SNAPSHOT...
[INFO] 
[INFO] --- maven-compiler-plugin:3.8.1:compile (default-compile) @ proto-google-cloud-spanner-admin-database-v1 ---
[INFO] Changes detected - recompiling the module!
[INFO] Compiling 65 source files to /home/gabsko/breaking-updates/proto-google-cloud-spanner-admin-database-v1/target/classes
[WARNING] bootstrap class path not set in conjunction with -source 7
[INFO] 
[INFO] --- build-helper-maven-plugin:3.2.0:add-test-resource (add-test-proto-resources) @ proto-google-cloud-spanner-admin-database-v1 ---
[INFO] 
[INFO] --- maven-resources-plugin:2.6:testResources (default-testResources) @ proto-google-cloud-spanner-admin-database-v1 ---
[INFO] Using 'UTF-8' encoding to copy filtered resources.
[INFO] skip non existing resourceDirectory /home/gabsko/breaking-updates/proto-google-cloud-spanner-admin-database-v1/src/test/resources
[INFO] skip non existing resourceDirectory /home/gabsko/breaking-updates/proto-google-cloud-spanner-admin-database-v1/src/test/proto
[INFO] 
[INFO] --- maven-compiler-plugin:3.8.1:testCompile (default-testCompile) @ proto-google-cloud-spanner-admin-database-v1 ---
[INFO] No sources to compile
[INFO] 
[INFO] --- maven-surefire-plugin:3.0.0-M5:test (default-test) @ proto-google-cloud-spanner-admin-database-v1 ---
[INFO] No tests to run.
[INFO] 
[INFO] --- jacoco-maven-plugin:0.8.5:report (report) @ proto-google-cloud-spanner-admin-database-v1 ---
[INFO] Skipping JaCoCo execution due to missing execution data file.
[INFO] 
[INFO] ----------< com.google.api.grpc:grpc-google-cloud-spanner-v1 >----------
[INFO] Building grpc-google-cloud-spanner-v1 2.0.3-SNAPSHOT               [5/9]
[INFO] --------------------------------[ jar ]---------------------------------
[INFO] 
[INFO] --- maven-clean-plugin:2.5:clean (default-clean) @ grpc-google-cloud-spanner-v1 ---
[INFO] Deleting /home/gabsko/breaking-updates/grpc-google-cloud-spanner-v1/target
[INFO] 
[INFO] --- flatten-maven-plugin:1.2.4:clean (flatten.clean) @ grpc-google-cloud-spanner-v1 ---
[INFO] Deleting /home/gabsko/breaking-updates/grpc-google-cloud-spanner-v1/.flattened-pom.xml
[INFO] 
[INFO] --- maven-enforcer-plugin:3.0.0-M3:enforce (enforce) @ grpc-google-cloud-spanner-v1 ---
[INFO] Adding ignore: module-info
[INFO] Adding ignore: META-INF/versions/*/module-info
[INFO] 
[INFO] --- maven-checkstyle-plugin:3.1.1:check (checkstyle) @ grpc-google-cloud-spanner-v1 ---
[INFO] Starting audit...
Audit done.
[INFO] You have 0 Checkstyle violations.
[INFO] 
[INFO] --- jacoco-maven-plugin:0.8.5:prepare-agent (default) @ grpc-google-cloud-spanner-v1 ---
[INFO] argLine set to -javaagent:/home/gabsko/.m2/repository/org/jacoco/org.jacoco.agent/0.8.5/org.jacoco.agent-0.8.5-runtime.jar=destfile=/home/gabsko/breaking-updates/grpc-google-cloud-spanner-v1/target/jacoco.exec
[INFO] 
[INFO] --- build-helper-maven-plugin:3.2.0:add-resource (add-main-proto-resources) @ grpc-google-cloud-spanner-v1 ---
[INFO] 
[INFO] --- maven-resources-plugin:2.6:resources (default-resources) @ grpc-google-cloud-spanner-v1 ---
[INFO] Using 'UTF-8' encoding to copy filtered resources.
[INFO] skip non existing resourceDirectory /home/gabsko/breaking-updates/grpc-google-cloud-spanner-v1/src/main/resources
[INFO] skip non existing resourceDirectory /home/gabsko/breaking-updates/grpc-google-cloud-spanner-v1/src/main/proto
[INFO] 
[INFO] --- flatten-maven-plugin:1.2.4:flatten (flatten) @ grpc-google-cloud-spanner-v1 ---
[INFO] Generating flattened POM of project com.google.api.grpc:grpc-google-cloud-spanner-v1:jar:2.0.3-SNAPSHOT...
[INFO] 
[INFO] --- maven-compiler-plugin:3.8.1:compile (default-compile) @ grpc-google-cloud-spanner-v1 ---
[INFO] Changes detected - recompiling the module!
[INFO] Compiling 1 source file to /home/gabsko/breaking-updates/grpc-google-cloud-spanner-v1/target/classes
[WARNING] bootstrap class path not set in conjunction with -source 7
[INFO] 
[INFO] --- build-helper-maven-plugin:3.2.0:add-test-resource (add-test-proto-resources) @ grpc-google-cloud-spanner-v1 ---
[INFO] 
[INFO] --- maven-resources-plugin:2.6:testResources (default-testResources) @ grpc-google-cloud-spanner-v1 ---
[INFO] Using 'UTF-8' encoding to copy filtered resources.
[INFO] skip non existing resourceDirectory /home/gabsko/breaking-updates/grpc-google-cloud-spanner-v1/src/test/resources
[INFO] skip non existing resourceDirectory /home/gabsko/breaking-updates/grpc-google-cloud-spanner-v1/src/test/proto
[INFO] 
[INFO] --- maven-compiler-plugin:3.8.1:testCompile (default-testCompile) @ grpc-google-cloud-spanner-v1 ---
[INFO] No sources to compile
[INFO] 
[INFO] --- maven-surefire-plugin:3.0.0-M5:test (default-test) @ grpc-google-cloud-spanner-v1 ---
[INFO] No tests to run.
[INFO] 
[INFO] --- jacoco-maven-plugin:0.8.5:report (report) @ grpc-google-cloud-spanner-v1 ---
[INFO] Skipping JaCoCo execution due to missing execution data file.
[INFO] 
[INFO] --< com.google.api.grpc:grpc-google-cloud-spanner-admin-instance-v1 >---
[INFO] Building grpc-google-cloud-spanner-admin-instance-v1 2.0.3-SNAPSHOT [6/9]
[INFO] --------------------------------[ jar ]---------------------------------
[INFO] 
[INFO] --- maven-clean-plugin:2.5:clean (default-clean) @ grpc-google-cloud-spanner-admin-instance-v1 ---
[INFO] Deleting /home/gabsko/breaking-updates/grpc-google-cloud-spanner-admin-instance-v1/target
[INFO] 
[INFO] --- flatten-maven-plugin:1.2.4:clean (flatten.clean) @ grpc-google-cloud-spanner-admin-instance-v1 ---
[INFO] Deleting /home/gabsko/breaking-updates/grpc-google-cloud-spanner-admin-instance-v1/.flattened-pom.xml
[INFO] 
[INFO] --- maven-enforcer-plugin:3.0.0-M3:enforce (enforce) @ grpc-google-cloud-spanner-admin-instance-v1 ---
[INFO] Adding ignore: module-info
[INFO] Adding ignore: META-INF/versions/*/module-info
[INFO] 
[INFO] --- maven-checkstyle-plugin:3.1.1:check (checkstyle) @ grpc-google-cloud-spanner-admin-instance-v1 ---
[INFO] Starting audit...
Audit done.
[INFO] You have 0 Checkstyle violations.
[INFO] 
[INFO] --- jacoco-maven-plugin:0.8.5:prepare-agent (default) @ grpc-google-cloud-spanner-admin-instance-v1 ---
[INFO] argLine set to -javaagent:/home/gabsko/.m2/repository/org/jacoco/org.jacoco.agent/0.8.5/org.jacoco.agent-0.8.5-runtime.jar=destfile=/home/gabsko/breaking-updates/grpc-google-cloud-spanner-admin-instance-v1/target/jacoco.exec
[INFO] 
[INFO] --- build-helper-maven-plugin:3.2.0:add-resource (add-main-proto-resources) @ grpc-google-cloud-spanner-admin-instance-v1 ---
[INFO] 
[INFO] --- maven-resources-plugin:2.6:resources (default-resources) @ grpc-google-cloud-spanner-admin-instance-v1 ---
[INFO] Using 'UTF-8' encoding to copy filtered resources.
[INFO] skip non existing resourceDirectory /home/gabsko/breaking-updates/grpc-google-cloud-spanner-admin-instance-v1/src/main/resources
[INFO] skip non existing resourceDirectory /home/gabsko/breaking-updates/grpc-google-cloud-spanner-admin-instance-v1/src/main/proto
[INFO] 
[INFO] --- flatten-maven-plugin:1.2.4:flatten (flatten) @ grpc-google-cloud-spanner-admin-instance-v1 ---
[INFO] Generating flattened POM of project com.google.api.grpc:grpc-google-cloud-spanner-admin-instance-v1:jar:2.0.3-SNAPSHOT...
[INFO] 
[INFO] --- maven-compiler-plugin:3.8.1:compile (default-compile) @ grpc-google-cloud-spanner-admin-instance-v1 ---
[INFO] Changes detected - recompiling the module!
[INFO] Compiling 1 source file to /home/gabsko/breaking-updates/grpc-google-cloud-spanner-admin-instance-v1/target/classes
[WARNING] bootstrap class path not set in conjunction with -source 7
[INFO] 
[INFO] --- build-helper-maven-plugin:3.2.0:add-test-resource (add-test-proto-resources) @ grpc-google-cloud-spanner-admin-instance-v1 ---
[INFO] 
[INFO] --- maven-resources-plugin:2.6:testResources (default-testResources) @ grpc-google-cloud-spanner-admin-instance-v1 ---
[INFO] Using 'UTF-8' encoding to copy filtered resources.
[INFO] skip non existing resourceDirectory /home/gabsko/breaking-updates/grpc-google-cloud-spanner-admin-instance-v1/src/test/resources
[INFO] skip non existing resourceDirectory /home/gabsko/breaking-updates/grpc-google-cloud-spanner-admin-instance-v1/src/test/proto
[INFO] 
[INFO] --- maven-compiler-plugin:3.8.1:testCompile (default-testCompile) @ grpc-google-cloud-spanner-admin-instance-v1 ---
[INFO] No sources to compile
[INFO] 
[INFO] --- maven-surefire-plugin:3.0.0-M5:test (default-test) @ grpc-google-cloud-spanner-admin-instance-v1 ---
[INFO] No tests to run.
[INFO] 
[INFO] --- jacoco-maven-plugin:0.8.5:report (report) @ grpc-google-cloud-spanner-admin-instance-v1 ---
[INFO] Skipping JaCoCo execution due to missing execution data file.
[INFO] 
[INFO] --< com.google.api.grpc:grpc-google-cloud-spanner-admin-database-v1 >---
[INFO] Building grpc-google-cloud-spanner-admin-database-v1 2.0.3-SNAPSHOT [7/9]
[INFO] --------------------------------[ jar ]---------------------------------
[INFO] 
[INFO] --- maven-clean-plugin:2.5:clean (default-clean) @ grpc-google-cloud-spanner-admin-database-v1 ---
[INFO] Deleting /home/gabsko/breaking-updates/grpc-google-cloud-spanner-admin-database-v1/target
[INFO] 
[INFO] --- flatten-maven-plugin:1.2.4:clean (flatten.clean) @ grpc-google-cloud-spanner-admin-database-v1 ---
[INFO] Deleting /home/gabsko/breaking-updates/grpc-google-cloud-spanner-admin-database-v1/.flattened-pom.xml
[INFO] 
[INFO] --- maven-enforcer-plugin:3.0.0-M3:enforce (enforce) @ grpc-google-cloud-spanner-admin-database-v1 ---
[INFO] Adding ignore: module-info
[INFO] Adding ignore: META-INF/versions/*/module-info
[INFO] 
[INFO] --- maven-checkstyle-plugin:3.1.1:check (checkstyle) @ grpc-google-cloud-spanner-admin-database-v1 ---
[INFO] Starting audit...
Audit done.
[INFO] You have 0 Checkstyle violations.
[INFO] 
[INFO] --- jacoco-maven-plugin:0.8.5:prepare-agent (default) @ grpc-google-cloud-spanner-admin-database-v1 ---
[INFO] argLine set to -javaagent:/home/gabsko/.m2/repository/org/jacoco/org.jacoco.agent/0.8.5/org.jacoco.agent-0.8.5-runtime.jar=destfile=/home/gabsko/breaking-updates/grpc-google-cloud-spanner-admin-database-v1/target/jacoco.exec
[INFO] 
[INFO] --- build-helper-maven-plugin:3.2.0:add-resource (add-main-proto-resources) @ grpc-google-cloud-spanner-admin-database-v1 ---
[INFO] 
[INFO] --- maven-resources-plugin:2.6:resources (default-resources) @ grpc-google-cloud-spanner-admin-database-v1 ---
[INFO] Using 'UTF-8' encoding to copy filtered resources.
[INFO] skip non existing resourceDirectory /home/gabsko/breaking-updates/grpc-google-cloud-spanner-admin-database-v1/src/main/resources
[INFO] skip non existing resourceDirectory /home/gabsko/breaking-updates/grpc-google-cloud-spanner-admin-database-v1/src/main/proto
[INFO] 
[INFO] --- flatten-maven-plugin:1.2.4:flatten (flatten) @ grpc-google-cloud-spanner-admin-database-v1 ---
[INFO] Generating flattened POM of project com.google.api.grpc:grpc-google-cloud-spanner-admin-database-v1:jar:2.0.3-SNAPSHOT...
[INFO] 
[INFO] --- maven-compiler-plugin:3.8.1:compile (default-compile) @ grpc-google-cloud-spanner-admin-database-v1 ---
[INFO] Changes detected - recompiling the module!
[INFO] Compiling 1 source file to /home/gabsko/breaking-updates/grpc-google-cloud-spanner-admin-database-v1/target/classes
[WARNING] bootstrap class path not set in conjunction with -source 7
[INFO] 
[INFO] --- build-helper-maven-plugin:3.2.0:add-test-resource (add-test-proto-resources) @ grpc-google-cloud-spanner-admin-database-v1 ---
[INFO] 
[INFO] --- maven-resources-plugin:2.6:testResources (default-testResources) @ grpc-google-cloud-spanner-admin-database-v1 ---
[INFO] Using 'UTF-8' encoding to copy filtered resources.
[INFO] skip non existing resourceDirectory /home/gabsko/breaking-updates/grpc-google-cloud-spanner-admin-database-v1/src/test/resources
[INFO] skip non existing resourceDirectory /home/gabsko/breaking-updates/grpc-google-cloud-spanner-admin-database-v1/src/test/proto
[INFO] 
[INFO] --- maven-compiler-plugin:3.8.1:testCompile (default-testCompile) @ grpc-google-cloud-spanner-admin-database-v1 ---
[INFO] No sources to compile
[INFO] 
[INFO] --- maven-surefire-plugin:3.0.0-M5:test (default-test) @ grpc-google-cloud-spanner-admin-database-v1 ---
[INFO] No tests to run.
[INFO] 
[INFO] --- jacoco-maven-plugin:0.8.5:report (report) @ grpc-google-cloud-spanner-admin-database-v1 ---
[INFO] Skipping JaCoCo execution due to missing execution data file.
[INFO] 
[INFO] ---------------< com.google.cloud:google-cloud-spanner >----------------
[INFO] Building Google Cloud Spanner 2.0.3-SNAPSHOT                       [8/9]
[INFO] --------------------------------[ jar ]---------------------------------
[INFO] 
[INFO] --- maven-clean-plugin:2.5:clean (default-clean) @ google-cloud-spanner ---
[INFO] Deleting /home/gabsko/breaking-updates/google-cloud-spanner/target
[INFO] 
[INFO] --- flatten-maven-plugin:1.2.4:clean (flatten.clean) @ google-cloud-spanner ---
[INFO] Deleting /home/gabsko/breaking-updates/google-cloud-spanner/.flattened-pom.xml
[INFO] 
[INFO] --- maven-enforcer-plugin:3.0.0-M3:enforce (enforce) @ google-cloud-spanner ---
[INFO] Adding ignore: module-info
[INFO] Adding ignore: META-INF/versions/*/module-info
[INFO] 
[INFO] --- maven-checkstyle-plugin:3.1.1:check (checkstyle) @ google-cloud-spanner ---
[INFO] Starting audit...
Audit done.
[INFO] You have 0 Checkstyle violations.
[INFO] 
[INFO] --- jacoco-maven-plugin:0.8.6:prepare-agent (default) @ google-cloud-spanner ---
[INFO] argLine set to -javaagent:/home/gabsko/.m2/repository/org/jacoco/org.jacoco.agent/0.8.6/org.jacoco.agent-0.8.6-runtime.jar=destfile=/home/gabsko/breaking-updates/google-cloud-spanner/target/jacoco.exec
[INFO] 
[INFO] --- build-helper-maven-plugin:3.2.0:add-resource (add-main-proto-resources) @ google-cloud-spanner ---
[INFO] 
[INFO] --- maven-resources-plugin:2.6:resources (default-resources) @ google-cloud-spanner ---
[INFO] Using 'UTF-8' encoding to copy filtered resources.
[INFO] Copying 1 resource
[INFO] skip non existing resourceDirectory /home/gabsko/breaking-updates/google-cloud-spanner/src/main/proto
[INFO] 
[INFO] --- flatten-maven-plugin:1.2.4:flatten (flatten) @ google-cloud-spanner ---
[INFO] Generating flattened POM of project com.google.cloud:google-cloud-spanner:jar:2.0.3-SNAPSHOT...
[INFO] 
[INFO] --- maven-compiler-plugin:3.8.1:compile (default-compile) @ google-cloud-spanner ---
[INFO] Changes detected - recompiling the module!
[INFO] Compiling 166 source files to /home/gabsko/breaking-updates/google-cloud-spanner/target/classes
[WARNING] bootstrap class path not set in conjunction with -source 7
[WARNING] /home/gabsko/breaking-updates/google-cloud-spanner/src/main/java/com/google/cloud/spanner/connection/ClientSideStatementImpl.java:[148,84] newInstance() in java.lang.Class has been deprecated
[WARNING] /home/gabsko/breaking-updates/google-cloud-spanner/src/main/java/com/google/cloud/spanner/spi/v1/GapicSpannerRpc.java:[325,13] setExecutorProvider(com.google.api.gax.core.ExecutorProvider) in com.google.api.gax.grpc.InstantiatingGrpcChannelProvider.Builder has been deprecated
[INFO] /home/gabsko/breaking-updates/google-cloud-spanner/src/main/java/com/google/cloud/spanner/AbstractResultSet.java: Some input files use unchecked or unsafe operations.
[INFO] /home/gabsko/breaking-updates/google-cloud-spanner/src/main/java/com/google/cloud/spanner/AbstractResultSet.java: Recompile with -Xlint:unchecked for details.
[INFO] 
[INFO] --- build-helper-maven-plugin:3.2.0:add-test-resource (add-test-proto-resources) @ google-cloud-spanner ---
[INFO] 
[INFO] --- maven-resources-plugin:2.6:testResources (default-testResources) @ google-cloud-spanner ---
[INFO] Using 'UTF-8' encoding to copy filtered resources.
[INFO] Copying 35 resources
[INFO] skip non existing resourceDirectory /home/gabsko/breaking-updates/google-cloud-spanner/src/test/proto
[INFO] 
[INFO] --- maven-compiler-plugin:3.8.1:testCompile (default-testCompile) @ google-cloud-spanner ---
[INFO] Changes detected - recompiling the module!
[INFO] Compiling 184 source files to /home/gabsko/breaking-updates/google-cloud-spanner/target/test-classes
[WARNING] bootstrap class path not set in conjunction with -source 7
[WARNING] /home/gabsko/breaking-updates/google-cloud-spanner/src/test/java/com/google/cloud/spanner/InstanceAdminGaxTest.java:[199,71] none() in org.junit.rules.ExpectedException has been deprecated
[WARNING] /home/gabsko/breaking-updates/google-cloud-spanner/src/test/java/com/google/cloud/spanner/IntegrationTestEnv.java:[71,25] newInstance() in java.lang.Class has been deprecated
[WARNING] /home/gabsko/breaking-updates/google-cloud-spanner/src/test/java/com/google/cloud/spanner/connection/AbstractConnectionImplTest.java:[66,63] none() in org.junit.rules.ExpectedException has been deprecated
[WARNING] /home/gabsko/breaking-updates/google-cloud-spanner/src/test/java/com/google/cloud/spanner/DatabaseAdminGaxTest.java:[193,71] none() in org.junit.rules.ExpectedException has been deprecated
[WARNING] /home/gabsko/breaking-updates/google-cloud-spanner/src/test/java/com/google/cloud/spanner/v1/SpannerClientTest.java:[384,13] serverStreamingCall(RequestT,com.google.api.gax.rpc.ApiStreamObserver<ResponseT>) in com.google.api.gax.rpc.ServerStreamingCallable has been deprecated
[WARNING] /home/gabsko/breaking-updates/google-cloud-spanner/src/test/java/com/google/cloud/spanner/v1/SpannerClientTest.java:[405,13] serverStreamingCall(RequestT,com.google.api.gax.rpc.ApiStreamObserver<ResponseT>) in com.google.api.gax.rpc.ServerStreamingCallable has been deprecated
[WARNING] /home/gabsko/breaking-updates/google-cloud-spanner/src/test/java/com/google/cloud/spanner/v1/SpannerClientTest.java:[566,13] serverStreamingCall(RequestT,com.google.api.gax.rpc.ApiStreamObserver<ResponseT>) in com.google.api.gax.rpc.ServerStreamingCallable has been deprecated
[WARNING] /home/gabsko/breaking-updates/google-cloud-spanner/src/test/java/com/google/cloud/spanner/v1/SpannerClientTest.java:[594,13] serverStreamingCall(RequestT,com.google.api.gax.rpc.ApiStreamObserver<ResponseT>) in com.google.api.gax.rpc.ServerStreamingCallable has been deprecated
[WARNING] /home/gabsko/breaking-updates/google-cloud-spanner/src/test/java/com/google/cloud/spanner/MockDatabaseAdminServiceImplTest.java:[82,63] none() in org.junit.rules.ExpectedException has been deprecated
[INFO] /home/gabsko/breaking-updates/google-cloud-spanner/src/test/java/com/google/cloud/spanner/TransactionRunnerImplTest.java: Some input files use unchecked or unsafe operations.
[INFO] /home/gabsko/breaking-updates/google-cloud-spanner/src/test/java/com/google/cloud/spanner/TransactionRunnerImplTest.java: Recompile with -Xlint:unchecked for details.
[INFO] 
[INFO] --- maven-surefire-plugin:3.0.0-M5:test (default-test) @ google-cloud-spanner ---
[INFO] 
[INFO] -------------------------------------------------------
[INFO]  T E S T S
[INFO] -------------------------------------------------------
[INFO] Running com.google.cloud.spanner.InstanceAdminClientImplTest
[INFO] Tests run: 10, Failures: 0, Errors: 0, Skipped: 0, Time elapsed: 0.456 s - in com.google.cloud.spanner.InstanceAdminClientImplTest
[INFO] Running com.google.cloud.spanner.DatabaseAdminClientImplTest
[INFO] Tests run: 18, Failures: 0, Errors: 0, Skipped: 0, Time elapsed: 0.618 s - in com.google.cloud.spanner.DatabaseAdminClientImplTest
[INFO] Running com.google.cloud.spanner.SpannerOptionsThreadTest
[INFO] Tests run: 2, Failures: 0, Errors: 0, Skipped: 0, Time elapsed: 1.692 s - in com.google.cloud.spanner.SpannerOptionsThreadTest
[INFO] Running com.google.cloud.spanner.BackupIdTest
[INFO] Tests run: 2, Failures: 0, Errors: 0, Skipped: 0, Time elapsed: 0.002 s - in com.google.cloud.spanner.BackupIdTest
[INFO] Running com.google.cloud.spanner.DatabaseAdminClientTest
[INFO] Tests run: 42, Failures: 0, Errors: 0, Skipped: 0, Time elapsed: 3.782 s - in com.google.cloud.spanner.DatabaseAdminClientTest
[INFO] Running com.google.cloud.spanner.BackupTest
[INFO] Tests run: 17, Failures: 0, Errors: 0, Skipped: 0, Time elapsed: 0.009 s - in com.google.cloud.spanner.BackupTest
[INFO] Running com.google.cloud.spanner.SpannerOptionsTest
Jan 25, 2023 3:18:41 AM com.google.auth.oauth2.ComputeEngineCredentials runningOnComputeEngine
INFO: Failed to detect whether we are running on Google Compute Engine.
[INFO] Tests run: 20, Failures: 0, Errors: 0, Skipped: 0, Time elapsed: 0.481 s - in com.google.cloud.spanner.SpannerOptionsTest
[INFO] Running com.google.cloud.spanner.SpannerGaxRetryTest
[INFO] Tests run: 17, Failures: 0, Errors: 0, Skipped: 0, Time elapsed: 1.829 s - in com.google.cloud.spanner.SpannerGaxRetryTest
[INFO] Running com.google.cloud.spanner.GrpcResultSetTest
[INFO] Tests run: 34, Failures: 0, Errors: 0, Skipped: 0, Time elapsed: 0.074 s - in com.google.cloud.spanner.GrpcResultSetTest
[INFO] Running com.google.cloud.spanner.OptionsTest
[INFO] Tests run: 12, Failures: 0, Errors: 0, Skipped: 0, Time elapsed: 0 s - in com.google.cloud.spanner.OptionsTest
[INFO] Running com.google.cloud.spanner.KeySetTest
[INFO] Tests run: 24, Failures: 0, Errors: 0, Skipped: 0, Time elapsed: 0.038 s - in com.google.cloud.spanner.KeySetTest
[INFO] Running com.google.cloud.spanner.ResultSetsTest
[INFO] Tests run: 8, Failures: 0, Errors: 0, Skipped: 0, Time elapsed: 0.05 s - in com.google.cloud.spanner.ResultSetsTest
[INFO] Running com.google.cloud.spanner.InstanceAdminGaxTest
[INFO] Tests run: 42, Failures: 0, Errors: 0, Skipped: 0, Time elapsed: 4.576 s - in com.google.cloud.spanner.InstanceAdminGaxTest
[INFO] Running com.google.cloud.spanner.OperationTest
[INFO] Tests run: 6, Failures: 0, Errors: 0, Skipped: 0, Time elapsed: 0.016 s - in com.google.cloud.spanner.OperationTest
[INFO] Running com.google.cloud.spanner.spi.v1.SpannerMetadataProviderTest
[INFO] Tests run: 3, Failures: 0, Errors: 0, Skipped: 0, Time elapsed: 0.002 s - in com.google.cloud.spanner.spi.v1.SpannerMetadataProviderTest
[INFO] Running com.google.cloud.spanner.spi.v1.GapicSpannerRpcTest
[INFO] Tests run: 7, Failures: 0, Errors: 0, Skipped: 0, Time elapsed: 1.734 s - in com.google.cloud.spanner.spi.v1.GapicSpannerRpcTest
[INFO] Running com.google.cloud.spanner.SessionImplTest
[INFO] Tests run: 19, Failures: 0, Errors: 0, Skipped: 0, Time elapsed: 0.081 s - in com.google.cloud.spanner.SessionImplTest
[INFO] Running com.google.cloud.spanner.PartitionTest
[INFO] Tests run: 4, Failures: 0, Errors: 0, Skipped: 0, Time elapsed: 0.014 s - in com.google.cloud.spanner.PartitionTest
[INFO] Running com.google.cloud.spanner.connection.StatementResultImplTest
[INFO] Tests run: 12, Failures: 0, Errors: 0, Skipped: 0, Time elapsed: 0.01 s - in com.google.cloud.spanner.connection.StatementResultImplTest
[INFO] Running com.google.cloud.spanner.connection.SetReadOnlyStalenessSqlScriptTest
[INFO] Tests run: 1, Failures: 0, Errors: 0, Skipped: 0, Time elapsed: 0.136 s - in com.google.cloud.spanner.connection.SetReadOnlyStalenessSqlScriptTest
[INFO] Running com.google.cloud.spanner.connection.DirectExecuteResultSetTest
[INFO] Tests run: 4, Failures: 0, Errors: 0, Skipped: 0, Time elapsed: 0.012 s - in com.google.cloud.spanner.connection.DirectExecuteResultSetTest
[INFO] Running com.google.cloud.spanner.connection.ConnectionImplAutocommitReadWriteTest$ConnectionImplAutocommitReadWriteAfterSelectAndResultSetNextTest
[INFO] Tests run: 32, Failures: 0, Errors: 0, Skipped: 0, Time elapsed: 0.148 s - in com.google.cloud.spanner.connection.ConnectionImplAutocommitReadWriteTest$ConnectionImplAutocommitReadWriteAfterSelectAndResultSetNextTest
[INFO] Running com.google.cloud.spanner.connection.DdlClientTest
[INFO] Tests run: 1, Failures: 0, Errors: 0, Skipped: 0, Time elapsed: 0 s - in com.google.cloud.spanner.connection.DdlClientTest
[INFO] Running com.google.cloud.spanner.connection.ConnectionImplTransactionalReadOnlyTest$ConnectionImplTransactionalReadOnlyAfterTransactionTest
[INFO] Tests run: 32, Failures: 0, Errors: 0, Skipped: 0, Time elapsed: 0.114 s - in com.google.cloud.spanner.connection.ConnectionImplTransactionalReadOnlyTest$ConnectionImplTransactionalReadOnlyAfterTransactionTest
[INFO] Running com.google.cloud.spanner.connection.ConnectionImplGeneratedSqlScriptTest
[INFO] Tests run: 1, Failures: 0, Errors: 0, Skipped: 0, Time elapsed: 2.524 s - in com.google.cloud.spanner.connection.ConnectionImplGeneratedSqlScriptTest
[INFO] Running com.google.cloud.spanner.connection.ConnectionImplTransactionalReadOnlyTest$ConnectionImplTransactionalReadOnlyAfterRollbackTest
[INFO] Tests run: 32, Failures: 0, Errors: 0, Skipped: 0, Time elapsed: 0.134 s - in com.google.cloud.spanner.connection.ConnectionImplTransactionalReadOnlyTest$ConnectionImplTransactionalReadOnlyAfterRollbackTest
[INFO] Running com.google.cloud.spanner.connection.ConnectionOptionsTest
[INFO] Tests run: 13, Failures: 0, Errors: 0, Skipped: 0, Time elapsed: 0.056 s - in com.google.cloud.spanner.connection.ConnectionOptionsTest
[INFO] Running com.google.cloud.spanner.connection.ConnectionImplTransactionalReadOnlyTest$ConnectionImplTransactionalReadOnlyAfterSetReadOnlyMaxStalenessTest
[INFO] Tests run: 32, Failures: 0, Errors: 0, Skipped: 0, Time elapsed: 0.041 s - in com.google.cloud.spanner.connection.ConnectionImplTransactionalReadOnlyTest$ConnectionImplTransactionalReadOnlyAfterSetReadOnlyMaxStalenessTest
[INFO] Running com.google.cloud.spanner.connection.ConnectionImplTransactionalReadWriteTest$ConnectionImplTransactionalReadWriteAfterEmptyCommitTest
[INFO] Tests run: 32, Failures: 0, Errors: 0, Skipped: 0, Time elapsed: 0.042 s - in com.google.cloud.spanner.connection.ConnectionImplTransactionalReadWriteTest$ConnectionImplTransactionalReadWriteAfterEmptyCommitTest
[INFO] Running com.google.cloud.spanner.connection.ConnectionStatementWithNoParametersTest
[INFO] Tests run: 11, Failures: 0, Errors: 0, Skipped: 0, Time elapsed: 0.026 s - in com.google.cloud.spanner.connection.ConnectionStatementWithNoParametersTest
[INFO] Running com.google.cloud.spanner.connection.ClientSideStatementsTest
[INFO] Tests run: 1, Failures: 0, Errors: 0, Skipped: 0, Time elapsed: 2.259 s - in com.google.cloud.spanner.connection.ClientSideStatementsTest
[INFO] Running com.google.cloud.spanner.connection.DmlBatchTest
[INFO] Tests run: 9, Failures: 0, Errors: 0, Skipped: 0, Time elapsed: 0.02 s - in com.google.cloud.spanner.connection.DmlBatchTest
[INFO] Running com.google.cloud.spanner.connection.ConnectionImplTransactionalReadOnlyTest$ConnectionImplTransactionalReadOnlyNoActionsTest
[INFO] Tests run: 32, Failures: 0, Errors: 0, Skipped: 0, Time elapsed: 0.038 s - in com.google.cloud.spanner.connection.ConnectionImplTransactionalReadOnlyTest$ConnectionImplTransactionalReadOnlyNoActionsTest
[INFO] Running com.google.cloud.spanner.connection.ConnectionImplTransactionalReadWriteTest$ConnectionImplTransactionalReadWriteAfterRanDdlBatchTest
[INFO] Tests run: 32, Failures: 0, Errors: 0, Skipped: 0, Time elapsed: 0.123 s - in com.google.cloud.spanner.connection.ConnectionImplTransactionalReadWriteTest$ConnectionImplTransactionalReadWriteAfterRanDdlBatchTest
[INFO] Running com.google.cloud.spanner.connection.ConnectionImplAutocommitReadWriteTest$ConnectionImplAutocommitReadWriteAfterSelectTest
[INFO] Tests run: 32, Failures: 0, Errors: 0, Skipped: 0, Time elapsed: 0.131 s - in com.google.cloud.spanner.connection.ConnectionImplAutocommitReadWriteTest$ConnectionImplAutocommitReadWriteAfterSelectTest
[INFO] Running com.google.cloud.spanner.connection.AutocommitDmlModeConverterTest
[INFO] Tests run: 1, Failures: 0, Errors: 0, Skipped: 0, Time elapsed: 0.001 s - in com.google.cloud.spanner.connection.AutocommitDmlModeConverterTest
[INFO] Running com.google.cloud.spanner.connection.AsyncStatementResultImplTest
[INFO] Tests run: 6, Failures: 0, Errors: 0, Skipped: 0, Time elapsed: 0.014 s - in com.google.cloud.spanner.connection.AsyncStatementResultImplTest
[INFO] Running com.google.cloud.spanner.connection.ConnectionImplTransactionalReadWriteTest$ConnectionImplTransactionalReadWriteAfterSelectAndResultSetNextTest
[INFO] Tests run: 32, Failures: 0, Errors: 0, Skipped: 0, Time elapsed: 0.143 s - in com.google.cloud.spanner.connection.ConnectionImplTransactionalReadWriteTest$ConnectionImplTransactionalReadWriteAfterSelectAndResultSetNextTest
[INFO] Running com.google.cloud.spanner.connection.ConnectionImplAutocommitReadOnlyTest$ConnectionImplAutocommitReadOnlyNoActionsTest
[INFO] Tests run: 32, Failures: 0, Errors: 0, Skipped: 0, Time elapsed: 0.112 s - in com.google.cloud.spanner.connection.ConnectionImplAutocommitReadOnlyTest$ConnectionImplAutocommitReadOnlyNoActionsTest
[INFO] Running com.google.cloud.spanner.connection.DdlBatchTest
[INFO] Tests run: 18, Failures: 0, Errors: 0, Skipped: 0, Time elapsed: 0.172 s - in com.google.cloud.spanner.connection.DdlBatchTest
[INFO] Running com.google.cloud.spanner.connection.ConnectionImplAutocommitReadWriteTest$ConnectionImplAutocommitReadWriteAfterBeginReadOnlyTransactionTest
[INFO] Tests run: 32, Failures: 0, Errors: 0, Skipped: 0, Time elapsed: 0.038 s - in com.google.cloud.spanner.connection.ConnectionImplAutocommitReadWriteTest$ConnectionImplAutocommitReadWriteAfterBeginReadOnlyTransactionTest
[INFO] Running com.google.cloud.spanner.connection.SetStatementTimeoutSqlScriptTest
[INFO] Tests run: 1, Failures: 0, Errors: 0, Skipped: 0, Time elapsed: 0.002 s - in com.google.cloud.spanner.connection.SetStatementTimeoutSqlScriptTest
[INFO] Running com.google.cloud.spanner.connection.ConnectionImplAutocommitReadWriteTest$ConnectionImplAutocommitReadWriteAfterBeginTransactionTest
[INFO] Tests run: 32, Failures: 0, Errors: 0, Skipped: 0, Time elapsed: 0.029 s - in com.google.cloud.spanner.connection.ConnectionImplAutocommitReadWriteTest$ConnectionImplAutocommitReadWriteAfterBeginTransactionTest
[INFO] Running com.google.cloud.spanner.connection.BooleanConverterTest
[INFO] Tests run: 1, Failures: 0, Errors: 0, Skipped: 0, Time elapsed: 0 s - in com.google.cloud.spanner.connection.BooleanConverterTest
[INFO] Running com.google.cloud.spanner.connection.ConnectionImplAutocommitReadOnlyTest$ConnectionImplAutocommitReadOnlyAfterSelectAndResultSetNextTest
[INFO] Tests run: 32, Failures: 0, Errors: 0, Skipped: 0, Time elapsed: 0.246 s - in com.google.cloud.spanner.connection.ConnectionImplAutocommitReadOnlyTest$ConnectionImplAutocommitReadOnlyAfterSelectAndResultSetNextTest
[INFO] Running com.google.cloud.spanner.connection.ConnectionImplTransactionalReadWriteTest$ConnectionImplTransactionalReadWriteAfterSelectTest
[INFO] Tests run: 32, Failures: 0, Errors: 0, Skipped: 0, Time elapsed: 0.158 s - in com.google.cloud.spanner.connection.ConnectionImplTransactionalReadWriteTest$ConnectionImplTransactionalReadWriteAfterSelectTest
[INFO] Running com.google.cloud.spanner.connection.ConnectionImplTransactionalReadWriteTest$ConnectionImplTransactionalReadWriteAfterSetTransactionReadOnlyTest
[INFO] Tests run: 32, Failures: 0, Errors: 0, Skipped: 0, Time elapsed: 0.033 s - in com.google.cloud.spanner.connection.ConnectionImplTransactionalReadWriteTest$ConnectionImplTransactionalReadWriteAfterSetTransactionReadOnlyTest
[INFO] Running com.google.cloud.spanner.connection.DurationConverterTest
[INFO] Tests run: 1, Failures: 0, Errors: 0, Skipped: 0, Time elapsed: 0.003 s - in com.google.cloud.spanner.connection.DurationConverterTest
[INFO] Running com.google.cloud.spanner.connection.AbortedTest
[INFO] Tests run: 1, Failures: 0, Errors: 0, Skipped: 0, Time elapsed: 0.202 s - in com.google.cloud.spanner.connection.AbortedTest
[INFO] Running com.google.cloud.spanner.connection.ConnectionAsyncApiTest
[INFO] Tests run: 39, Failures: 0, Errors: 0, Skipped: 0, Time elapsed: 4.01 s - in com.google.cloud.spanner.connection.ConnectionAsyncApiTest
[INFO] Running com.google.cloud.spanner.connection.ConnectionImplAutocommitReadWriteTest$ConnectionImplAutocommitReadWriteAfterStartDdlBatchTest
[INFO] Tests run: 32, Failures: 0, Errors: 0, Skipped: 0, Time elapsed: 0.036 s - in com.google.cloud.spanner.connection.ConnectionImplAutocommitReadWriteTest$ConnectionImplAutocommitReadWriteAfterStartDdlBatchTest
[INFO] Running com.google.cloud.spanner.connection.ConnectionImplAutocommitReadWriteTest$ConnectionImplAutocommitReadWriteAfterBeginReadOnlyTransactionTest
[INFO] Tests run: 32, Failures: 0, Errors: 0, Skipped: 0, Time elapsed: 0.041 s - in com.google.cloud.spanner.connection.ConnectionImplAutocommitReadWriteTest$ConnectionImplAutocommitReadWriteAfterBeginReadOnlyTransactionTest
[INFO] Running com.google.cloud.spanner.connection.ConnectionImplAutocommitReadWriteTest$ConnectionImplAutocommitReadWriteAfterTemporaryTransactionTest
[INFO] Tests run: 32, Failures: 0, Errors: 0, Skipped: 0, Time elapsed: 0.169 s - in com.google.cloud.spanner.connection.ConnectionImplAutocommitReadWriteTest$ConnectionImplAutocommitReadWriteAfterTemporaryTransactionTest
[INFO] Running com.google.cloud.spanner.connection.ConnectionImplAutocommitReadWriteTest$ConnectionImplAutocommitReadWriteAfterBeginTransactionTest
[INFO] Tests run: 32, Failures: 0, Errors: 0, Skipped: 0, Time elapsed: 0.05 s - in com.google.cloud.spanner.connection.ConnectionImplAutocommitReadWriteTest$ConnectionImplAutocommitReadWriteAfterBeginTransactionTest
[INFO] Running com.google.cloud.spanner.connection.ConnectionImplAutocommitReadWriteTest$ConnectionImplAutocommitReadWriteAfterDdlTest
[INFO] Tests run: 32, Failures: 0, Errors: 0, Skipped: 0, Time elapsed: 0.129 s - in com.google.cloud.spanner.connection.ConnectionImplAutocommitReadWriteTest$ConnectionImplAutocommitReadWriteAfterDdlTest
[INFO] Running com.google.cloud.spanner.connection.ConnectionImplAutocommitReadWriteTest$ConnectionImplAutocommitReadWriteAfterUpdateTest
[INFO] Tests run: 32, Failures: 0, Errors: 0, Skipped: 0, Time elapsed: 0.075 s - in com.google.cloud.spanner.connection.ConnectionImplAutocommitReadWriteTest$ConnectionImplAutocommitReadWriteAfterUpdateTest
[INFO] Running com.google.cloud.spanner.connection.ConnectionImplAutocommitReadWriteTest$ConnectionImplAutocommitReadWriteAfterSelectAndResultSetNextTest
[INFO] Tests run: 32, Failures: 0, Errors: 0, Skipped: 0, Time elapsed: 0.119 s - in com.google.cloud.spanner.connection.ConnectionImplAutocommitReadWriteTest$ConnectionImplAutocommitReadWriteAfterSelectAndResultSetNextTest
[INFO] Running com.google.cloud.spanner.connection.ConnectionImplAutocommitReadWriteTest$ConnectionImplAutocommitReadWriteAfterSelectTest
[INFO] Tests run: 32, Failures: 0, Errors: 0, Skipped: 0, Time elapsed: 0.153 s - in com.google.cloud.spanner.connection.ConnectionImplAutocommitReadWriteTest$ConnectionImplAutocommitReadWriteAfterSelectTest
[INFO] Running com.google.cloud.spanner.connection.ConnectionImplAutocommitReadWriteTest$ConnectionImplAutocommitReadWriteNoActionsTest
[INFO] Tests run: 32, Failures: 0, Errors: 0, Skipped: 0, Time elapsed: 0.048 s - in com.google.cloud.spanner.connection.ConnectionImplAutocommitReadWriteTest$ConnectionImplAutocommitReadWriteNoActionsTest
[INFO] Running com.google.cloud.spanner.connection.ConnectionImplAutocommitReadOnlyTest$ConnectionImplAutocommitReadOnlyAfterSetReadOnlyMaxStalenessTest
[INFO] Tests run: 32, Failures: 0, Errors: 0, Skipped: 0, Time elapsed: 0.04 s - in com.google.cloud.spanner.connection.ConnectionImplAutocommitReadOnlyTest$ConnectionImplAutocommitReadOnlyAfterSetReadOnlyMaxStalenessTest
[INFO] Running com.google.cloud.spanner.connection.ConnectionImplTransactionalReadWriteTest$ConnectionImplTransactionalReadWriteAfterTransactionTest
[INFO] Tests run: 32, Failures: 0, Errors: 0, Skipped: 0, Time elapsed: 0.16 s - in com.google.cloud.spanner.connection.ConnectionImplTransactionalReadWriteTest$ConnectionImplTransactionalReadWriteAfterTransactionTest
[INFO] Running com.google.cloud.spanner.connection.ReplaceableForwardingResultSetTest
[INFO] Tests run: 5, Failures: 0, Errors: 0, Skipped: 0, Time elapsed: 0.004 s - in com.google.cloud.spanner.connection.ReplaceableForwardingResultSetTest
[INFO] Running com.google.cloud.spanner.connection.ConnectionImplAutocommitReadOnlyTest$ConnectionImplAutocommitReadOnlyAfterSetReadOnlyMaxStalenessTest
[INFO] Tests run: 32, Failures: 0, Errors: 0, Skipped: 0, Time elapsed: 0.029 s - in com.google.cloud.spanner.connection.ConnectionImplAutocommitReadOnlyTest$ConnectionImplAutocommitReadOnlyAfterSetReadOnlyMaxStalenessTest
[INFO] Running com.google.cloud.spanner.connection.ConnectionImplAutocommitReadOnlyTest$ConnectionImplAutocommitReadOnlyAfterTemporaryTransactionTest
[INFO] Tests run: 32, Failures: 0, Errors: 0, Skipped: 0, Time elapsed: 0.079 s - in com.google.cloud.spanner.connection.ConnectionImplAutocommitReadOnlyTest$ConnectionImplAutocommitReadOnlyAfterTemporaryTransactionTest
[INFO] Running com.google.cloud.spanner.connection.ConnectionImplAutocommitReadOnlyTest$ConnectionImplAutocommitReadOnlyAfterBeginTransactionTest
[INFO] Tests run: 32, Failures: 0, Errors: 0, Skipped: 0, Time elapsed: 0.042 s - in com.google.cloud.spanner.connection.ConnectionImplAutocommitReadOnlyTest$ConnectionImplAutocommitReadOnlyAfterBeginTransactionTest
[INFO] Running com.google.cloud.spanner.connection.ConnectionImplAutocommitReadOnlyTest$ConnectionImplAutocommitReadOnlyAfterSelectAndResultSetNextTest
[INFO] Tests run: 32, Failures: 0, Errors: 0, Skipped: 0, Time elapsed: 0.098 s - in com.google.cloud.spanner.connection.ConnectionImplAutocommitReadOnlyTest$ConnectionImplAutocommitReadOnlyAfterSelectAndResultSetNextTest
[INFO] Running com.google.cloud.spanner.connection.ConnectionImplAutocommitReadOnlyTest$ConnectionImplAutocommitReadOnlyAfterSelectTest
[INFO] Tests run: 32, Failures: 0, Errors: 0, Skipped: 0, Time elapsed: 0.14 s - in com.google.cloud.spanner.connection.ConnectionImplAutocommitReadOnlyTest$ConnectionImplAutocommitReadOnlyAfterSelectTest
[INFO] Running com.google.cloud.spanner.connection.ConnectionImplAutocommitReadOnlyTest$ConnectionImplAutocommitReadOnlyNoActionsTest
[INFO] Tests run: 32, Failures: 0, Errors: 0, Skipped: 0, Time elapsed: 0.044 s - in com.google.cloud.spanner.connection.ConnectionImplAutocommitReadOnlyTest$ConnectionImplAutocommitReadOnlyNoActionsTest
[INFO] Running com.google.cloud.spanner.connection.ConnectionImplTransactionalReadWriteTest$ConnectionImplTransactionalReadWriteNoActionsTest
[INFO] Tests run: 32, Failures: 0, Errors: 0, Skipped: 0, Time elapsed: 0.036 s - in com.google.cloud.spanner.connection.ConnectionImplTransactionalReadWriteTest$ConnectionImplTransactionalReadWriteNoActionsTest
[INFO] Running com.google.cloud.spanner.connection.ReadOnlyTransactionTest
[INFO] Tests run: 13, Failures: 0, Errors: 0, Skipped: 0, Time elapsed: 0.06 s - in com.google.cloud.spanner.connection.ReadOnlyTransactionTest
[INFO] Running com.google.cloud.spanner.connection.ConnectionAsyncApiAbortedTest
[INFO] Tests run: 14, Failures: 0, Errors: 0, Skipped: 0, Time elapsed: 3.191 s - in com.google.cloud.spanner.connection.ConnectionAsyncApiAbortedTest
[INFO] Running com.google.cloud.spanner.connection.StatementParserTest
[INFO] Tests run: 12, Failures: 0, Errors: 0, Skipped: 0, Time elapsed: 0.015 s - in com.google.cloud.spanner.connection.StatementParserTest
[INFO] Running com.google.cloud.spanner.connection.ConnectionTest
[INFO] Tests run: 6, Failures: 0, Errors: 0, Skipped: 0, Time elapsed: 0.408 s - in com.google.cloud.spanner.connection.ConnectionTest
[INFO] Running com.google.cloud.spanner.connection.ConnectionImplTransactionalReadOnlyTest$ConnectionImplTransactionalReadOnlyAfterSelectAndResultSetNextTest
[INFO] Tests run: 32, Failures: 0, Errors: 0, Skipped: 0, Time elapsed: 0.087 s - in com.google.cloud.spanner.connection.ConnectionImplTransactionalReadOnlyTest$ConnectionImplTransactionalReadOnlyAfterSelectAndResultSetNextTest
[INFO] Running com.google.cloud.spanner.connection.ConnectionImplTransactionalReadWriteTest$ConnectionImplTransactionalReadWriteInDdlBatchTransactionTest
[INFO] Tests run: 32, Failures: 0, Errors: 0, Skipped: 0, Time elapsed: 0.027 s - in com.google.cloud.spanner.connection.ConnectionImplTransactionalReadWriteTest$ConnectionImplTransactionalReadWriteInDdlBatchTransactionTest
[INFO] Running com.google.cloud.spanner.connection.ConnectionImplTransactionalReadWriteTest$ConnectionImplTransactionalReadWriteAfterStartDdlBatchTest
[INFO] Tests run: 32, Failures: 0, Errors: 0, Skipped: 0, Time elapsed: 0.019 s - in com.google.cloud.spanner.connection.ConnectionImplTransactionalReadWriteTest$ConnectionImplTransactionalReadWriteAfterStartDdlBatchTest
[INFO] Running com.google.cloud.spanner.connection.ConnectionImplAutocommitReadWriteTest$ConnectionImplAutocommitReadWriteAfterUpdateTest
[INFO] Tests run: 32, Failures: 0, Errors: 0, Skipped: 0, Time elapsed: 0.201 s - in com.google.cloud.spanner.connection.ConnectionImplAutocommitReadWriteTest$ConnectionImplAutocommitReadWriteAfterUpdateTest
[INFO] Running com.google.cloud.spanner.connection.ConnectionImplAutocommitReadOnlyTest$ConnectionImplAutocommitReadOnlyAfterTemporaryTransactionTest
[INFO] Tests run: 32, Failures: 0, Errors: 0, Skipped: 0, Time elapsed: 0.1 s - in com.google.cloud.spanner.connection.ConnectionImplAutocommitReadOnlyTest$ConnectionImplAutocommitReadOnlyAfterTemporaryTransactionTest
[INFO] Running com.google.cloud.spanner.connection.AutocommitDmlModeTest
[INFO] Tests run: 2, Failures: 0, Errors: 0, Skipped: 0, Time elapsed: 0.011 s - in com.google.cloud.spanner.connection.AutocommitDmlModeTest
[INFO] Running com.google.cloud.spanner.connection.TransactionModeConverterTest
[INFO] Tests run: 1, Failures: 0, Errors: 0, Skipped: 0, Time elapsed: 0 s - in com.google.cloud.spanner.connection.TransactionModeConverterTest
[INFO] Running com.google.cloud.spanner.connection.SingleUseTransactionTest
[INFO] Tests run: 15, Failures: 0, Errors: 0, Skipped: 0, Time elapsed: 0.328 s - in com.google.cloud.spanner.connection.SingleUseTransactionTest
[INFO] Running com.google.cloud.spanner.connection.ConnectionStatementExecutorTest
[INFO] Tests run: 19, Failures: 0, Errors: 0, Skipped: 0, Time elapsed: 0.01 s - in com.google.cloud.spanner.connection.ConnectionStatementExecutorTest
[INFO] Running com.google.cloud.spanner.connection.ConnectionImplTransactionalReadOnlyTest$ConnectionImplTransactionalReadOnlyAfterEmptyCommitTest
[INFO] Tests run: 32, Failures: 0, Errors: 0, Skipped: 0, Time elapsed: 0.535 s - in com.google.cloud.spanner.connection.ConnectionImplTransactionalReadOnlyTest$ConnectionImplTransactionalReadOnlyAfterEmptyCommitTest
[INFO] Running com.google.cloud.spanner.connection.ConnectionImplTransactionalReadOnlyTest$ConnectionImplTransactionalReadOnlyAfterSetReadOnlyMaxStalenessTest
[INFO] Tests run: 32, Failures: 0, Errors: 0, Skipped: 0, Time elapsed: 0.039 s - in com.google.cloud.spanner.connection.ConnectionImplTransactionalReadOnlyTest$ConnectionImplTransactionalReadOnlyAfterSetReadOnlyMaxStalenessTest
[INFO] Running com.google.cloud.spanner.connection.ConnectionImplTransactionalReadOnlyTest$ConnectionImplTransactionalReadOnlyAfterRollbackTest
[INFO] Tests run: 32, Failures: 0, Errors: 0, Skipped: 0, Time elapsed: 0.095 s - in com.google.cloud.spanner.connection.ConnectionImplTransactionalReadOnlyTest$ConnectionImplTransactionalReadOnlyAfterRollbackTest
[INFO] Running com.google.cloud.spanner.connection.ConnectionImplTransactionalReadOnlyTest$ConnectionImplTransactionalReadOnlyAfterTransactionTest
[INFO] Tests run: 32, Failures: 0, Errors: 0, Skipped: 0, Time elapsed: 0.089 s - in com.google.cloud.spanner.connection.ConnectionImplTransactionalReadOnlyTest$ConnectionImplTransactionalReadOnlyAfterTransactionTest
[INFO] Running com.google.cloud.spanner.connection.ConnectionImplTransactionalReadOnlyTest$ConnectionImplTransactionalReadOnlyAfterBeginTransactionTest
[INFO] Tests run: 32, Failures: 0, Errors: 0, Skipped: 0, Time elapsed: 0.024 s - in com.google.cloud.spanner.connection.ConnectionImplTransactionalReadOnlyTest$ConnectionImplTransactionalReadOnlyAfterBeginTransactionTest
[INFO] Running com.google.cloud.spanner.connection.ConnectionImplTransactionalReadOnlyTest$ConnectionImplTransactionalReadOnlyAfterSelectAndResultSetNextTest
[INFO] Tests run: 32, Failures: 0, Errors: 0, Skipped: 0, Time elapsed: 0.092 s - in com.google.cloud.spanner.connection.ConnectionImplTransactionalReadOnlyTest$ConnectionImplTransactionalReadOnlyAfterSelectAndResultSetNextTest
[INFO] Running com.google.cloud.spanner.connection.ConnectionImplTransactionalReadOnlyTest$ConnectionImplTransactionalReadOnlyAfterSelectTest
[INFO] Tests run: 32, Failures: 0, Errors: 0, Skipped: 0, Time elapsed: 0.097 s - in com.google.cloud.spanner.connection.ConnectionImplTransactionalReadOnlyTest$ConnectionImplTransactionalReadOnlyAfterSelectTest
[INFO] Running com.google.cloud.spanner.connection.ConnectionImplTransactionalReadOnlyTest$ConnectionImplTransactionalReadOnlyNoActionsTest
[INFO] Tests run: 32, Failures: 0, Errors: 0, Skipped: 0, Time elapsed: 0.041 s - in com.google.cloud.spanner.connection.ConnectionImplTransactionalReadOnlyTest$ConnectionImplTransactionalReadOnlyNoActionsTest
[INFO] Running com.google.cloud.spanner.connection.ConnectionImplTransactionalReadOnlyTest$ConnectionImplTransactionalReadOnlyAfterBeginTransactionTest
[INFO] Tests run: 32, Failures: 0, Errors: 0, Skipped: 0, Time elapsed: 0.03 s - in com.google.cloud.spanner.connection.ConnectionImplTransactionalReadOnlyTest$ConnectionImplTransactionalReadOnlyAfterBeginTransactionTest
[INFO] Running com.google.cloud.spanner.connection.CredentialsServiceTest
[INFO] Tests run: 4, Failures: 0, Errors: 0, Skipped: 0, Time elapsed: 0 s - in com.google.cloud.spanner.connection.CredentialsServiceTest
[INFO] Running com.google.cloud.spanner.connection.ConnectionImplTransactionalReadWriteTest$ConnectionImplTransactionalReadWriteAfterRollbackTest
[INFO] Tests run: 32, Failures: 0, Errors: 0, Skipped: 0, Time elapsed: 0.092 s - in com.google.cloud.spanner.connection.ConnectionImplTransactionalReadWriteTest$ConnectionImplTransactionalReadWriteAfterRollbackTest
[INFO] Running com.google.cloud.spanner.connection.SpannerPoolTest
Jan 25, 2023 3:19:08 AM com.google.cloud.spanner.connection.SpannerPool removeConnection
WARNING: There are no connections registered for ConnectionOptions Mock for ConnectionOptions, hashCode: 1375779903
Jan 25, 2023 3:19:08 AM com.google.cloud.spanner.connection.SpannerPool removeConnection
WARNING: There are no connections registered for ConnectionOptions Mock for ConnectionOptions, hashCode: 1425442346
Jan 25, 2023 3:19:08 AM com.google.cloud.spanner.connection.SpannerPool logLeakedConnections
WARNING: Leaked connection
com.google.cloud.spanner.connection.ConnectionImpl$LeakedConnectionException: Connection was opened at 2023-01-25T03:19:08.588Z
	at com.google.cloud.spanner.connection.ConnectionImpl.<init>(ConnectionImpl.java:75)
	at com.google.cloud.spanner.connection.ConnectionOptions.getConnection(ConnectionOptions.java:606)
	at com.google.cloud.spanner.connection.SpannerPoolTest.testLeakedConnection(SpannerPoolTest.java:270)
	at java.base/jdk.internal.reflect.NativeMethodAccessorImpl.invoke0(Native Method)
	at java.base/jdk.internal.reflect.NativeMethodAccessorImpl.invoke(NativeMethodAccessorImpl.java:62)
	at java.base/jdk.internal.reflect.DelegatingMethodAccessorImpl.invoke(DelegatingMethodAccessorImpl.java:43)
	at java.base/java.lang.reflect.Method.invoke(Method.java:566)
	at org.junit.runners.model.FrameworkMethod$1.runReflectiveCall(FrameworkMethod.java:59)
	at org.junit.internal.runners.model.ReflectiveCallable.run(ReflectiveCallable.java:12)
	at org.junit.runners.model.FrameworkMethod.invokeExplosively(FrameworkMethod.java:56)
	at org.junit.internal.runners.statements.InvokeMethod.evaluate(InvokeMethod.java:17)
	at org.junit.runners.ParentRunner$3.evaluate(ParentRunner.java:306)
	at org.junit.runners.BlockJUnit4ClassRunner$1.evaluate(BlockJUnit4ClassRunner.java:100)
	at org.junit.runners.ParentRunner.runLeaf(ParentRunner.java:366)
	at org.junit.runners.BlockJUnit4ClassRunner.runChild(BlockJUnit4ClassRunner.java:103)
	at org.junit.runners.BlockJUnit4ClassRunner.runChild(BlockJUnit4ClassRunner.java:63)
	at org.junit.runners.ParentRunner$4.run(ParentRunner.java:331)
	at org.junit.runners.ParentRunner$1.schedule(ParentRunner.java:79)
	at org.junit.runners.ParentRunner.runChildren(ParentRunner.java:329)
	at org.junit.runners.ParentRunner.access$100(ParentRunner.java:66)
	at org.junit.runners.ParentRunner$2.evaluate(ParentRunner.java:293)
	at org.junit.internal.runners.statements.RunAfters.evaluate(RunAfters.java:27)
	at org.junit.runners.ParentRunner$3.evaluate(ParentRunner.java:306)
	at org.junit.runners.ParentRunner.run(ParentRunner.java:413)
	at org.junit.runners.Suite.runChild(Suite.java:128)
	at org.junit.runners.Suite.runChild(Suite.java:27)
	at org.junit.runners.ParentRunner$4.run(ParentRunner.java:331)
	at org.junit.runners.ParentRunner$1.schedule(ParentRunner.java:79)
	at org.junit.runners.ParentRunner.runChildren(ParentRunner.java:329)
	at org.junit.runners.ParentRunner.access$100(ParentRunner.java:66)
	at org.junit.runners.ParentRunner$2.evaluate(ParentRunner.java:293)
	at org.junit.runners.ParentRunner$3.evaluate(ParentRunner.java:306)
	at org.junit.runners.ParentRunner.run(ParentRunner.java:413)
	at org.apache.maven.surefire.junitcore.JUnitCore.run(JUnitCore.java:55)
	at org.apache.maven.surefire.junitcore.JUnitCoreWrapper.createRequestAndRun(JUnitCoreWrapper.java:137)
	at org.apache.maven.surefire.junitcore.JUnitCoreWrapper.executeEager(JUnitCoreWrapper.java:107)
	at org.apache.maven.surefire.junitcore.JUnitCoreWrapper.execute(JUnitCoreWrapper.java:83)
	at org.apache.maven.surefire.junitcore.JUnitCoreWrapper.execute(JUnitCoreWrapper.java:75)
	at org.apache.maven.surefire.junitcore.JUnitCoreProvider.invoke(JUnitCoreProvider.java:157)
	at org.apache.maven.surefire.booter.ForkedBooter.runSuitesInProcess(ForkedBooter.java:428)
	at org.apache.maven.surefire.booter.ForkedBooter.execute(ForkedBooter.java:162)
	at org.apache.maven.surefire.booter.ForkedBooter.run(ForkedBooter.java:562)
	at org.apache.maven.surefire.booter.ForkedBooter.main(ForkedBooter.java:548)

Jan 25, 2023 3:19:08 AM com.google.cloud.spanner.connection.SpannerPool removeConnection
WARNING: There is no Spanner registered for ConnectionOptions Mock for ConnectionOptions, hashCode: 1643767905
Jan 25, 2023 3:19:08 AM com.google.cloud.spanner.connection.SpannerPool checkAndCloseSpanners
WARNING: There is/are 1 connection(s) still open. Close all connections before stopping the application
[INFO] Tests run: 9, Failures: 0, Errors: 0, Skipped: 0, Time elapsed: 0.044 s - in com.google.cloud.spanner.connection.SpannerPoolTest
[INFO] Running com.google.cloud.spanner.connection.ConnectionStatementWithOneParameterTest
[INFO] Tests run: 7, Failures: 0, Errors: 0, Skipped: 0, Time elapsed: 0.005 s - in com.google.cloud.spanner.connection.ConnectionStatementWithOneParameterTest
[INFO] Running com.google.cloud.spanner.connection.ConnectionImplAutocommitReadOnlyTest$ConnectionImplAutocommitReadOnlyAfterSelectTest
[INFO] Tests run: 32, Failures: 0, Errors: 0, Skipped: 0, Time elapsed: 0.083 s - in com.google.cloud.spanner.connection.ConnectionImplAutocommitReadOnlyTest$ConnectionImplAutocommitReadOnlyAfterSelectTest
[INFO] Running com.google.cloud.spanner.connection.ConnectionImplTest
[INFO] Tests run: 34, Failures: 0, Errors: 0, Skipped: 0, Time elapsed: 0.039 s - in com.google.cloud.spanner.connection.ConnectionImplTest
[INFO] Running com.google.cloud.spanner.connection.ConnectionImplAutocommitReadWriteTest$ConnectionImplAutocommitReadWriteAfterDdlTest
[INFO] Tests run: 32, Failures: 0, Errors: 0, Skipped: 0, Time elapsed: 0.106 s - in com.google.cloud.spanner.connection.ConnectionImplAutocommitReadWriteTest$ConnectionImplAutocommitReadWriteAfterDdlTest
[INFO] Running com.google.cloud.spanner.connection.ConnectionImplTransactionalReadOnlyTest$ConnectionImplTransactionalReadOnlyAfterSelectTest
[INFO] Tests run: 32, Failures: 0, Errors: 0, Skipped: 0, Time elapsed: 0.075 s - in com.google.cloud.spanner.connection.ConnectionImplTransactionalReadOnlyTest$ConnectionImplTransactionalReadOnlyAfterSelectTest
[INFO] Running com.google.cloud.spanner.connection.ReadOnlyStalenessConverterTest
[INFO] Tests run: 1, Failures: 0, Errors: 0, Skipped: 0, Time elapsed: 0 s - in com.google.cloud.spanner.connection.ReadOnlyStalenessConverterTest
[INFO] Running com.google.cloud.spanner.connection.ReadOnlyStalenessTest
[INFO] Tests run: 6, Failures: 0, Errors: 0, Skipped: 0, Time elapsed: 0.008 s - in com.google.cloud.spanner.connection.ReadOnlyStalenessTest
[INFO] Running com.google.cloud.spanner.connection.ReadWriteTransactionTest
[INFO] Tests run: 15, Failures: 0, Errors: 0, Skipped: 0, Time elapsed: 0.021 s - in com.google.cloud.spanner.connection.ReadWriteTransactionTest
[INFO] Running com.google.cloud.spanner.connection.ConnectionImplTransactionalReadOnlyTest$ConnectionImplTransactionalReadOnlyAfterEmptyCommitTest
[INFO] Tests run: 32, Failures: 0, Errors: 0, Skipped: 0, Time elapsed: 0.036 s - in com.google.cloud.spanner.connection.ConnectionImplTransactionalReadOnlyTest$ConnectionImplTransactionalReadOnlyAfterEmptyCommitTest
[INFO] Running com.google.cloud.spanner.connection.ConnectionImplTransactionalReadWriteTest$ConnectionImplTransactionalReadWriteAfterEmptyCommitTest
[INFO] Tests run: 32, Failures: 0, Errors: 0, Skipped: 0, Time elapsed: 0.037 s - in com.google.cloud.spanner.connection.ConnectionImplTransactionalReadWriteTest$ConnectionImplTransactionalReadWriteAfterEmptyCommitTest
[INFO] Running com.google.cloud.spanner.connection.ConnectionImplTransactionalReadWriteTest$ConnectionImplTransactionalReadWriteAfterRanDdlBatchTest
[INFO] Tests run: 32, Failures: 0, Errors: 0, Skipped: 0, Time elapsed: 0.057 s - in com.google.cloud.spanner.connection.ConnectionImplTransactionalReadWriteTest$ConnectionImplTransactionalReadWriteAfterRanDdlBatchTest
[INFO] Running com.google.cloud.spanner.connection.ConnectionImplTransactionalReadWriteTest$ConnectionImplTransactionalReadWriteInDdlBatchTransactionTest
[INFO] Tests run: 32, Failures: 0, Errors: 0, Skipped: 0, Time elapsed: 0.02 s - in com.google.cloud.spanner.connection.ConnectionImplTransactionalReadWriteTest$ConnectionImplTransactionalReadWriteInDdlBatchTransactionTest
[INFO] Running com.google.cloud.spanner.connection.ConnectionImplTransactionalReadWriteTest$ConnectionImplTransactionalReadWriteAfterStartDdlBatchTest
[INFO] Tests run: 32, Failures: 0, Errors: 0, Skipped: 0, Time elapsed: 0.02 s - in com.google.cloud.spanner.connection.ConnectionImplTransactionalReadWriteTest$ConnectionImplTransactionalReadWriteAfterStartDdlBatchTest
[INFO] Running com.google.cloud.spanner.connection.ConnectionImplTransactionalReadWriteTest$ConnectionImplTransactionalReadWriteAfterCommittedReadOnlyTransactionTest
[INFO] Tests run: 32, Failures: 0, Errors: 0, Skipped: 0, Time elapsed: 0.075 s - in com.google.cloud.spanner.connection.ConnectionImplTransactionalReadWriteTest$ConnectionImplTransactionalReadWriteAfterCommittedReadOnlyTransactionTest
[INFO] Running com.google.cloud.spanner.connection.ConnectionImplTransactionalReadWriteTest$ConnectionImplTransactionalReadWriteAfterSetTransactionReadOnlyTest
[INFO] Tests run: 32, Failures: 0, Errors: 0, Skipped: 0, Time elapsed: 0.022 s - in com.google.cloud.spanner.connection.ConnectionImplTransactionalReadWriteTest$ConnectionImplTransactionalReadWriteAfterSetTransactionReadOnlyTest
[INFO] Running com.google.cloud.spanner.connection.ConnectionImplTransactionalReadWriteTest$ConnectionImplTransactionalReadWriteAfterSetReadOnlyMaxStalenessTest
[INFO] Tests run: 32, Failures: 0, Errors: 0, Skipped: 0, Time elapsed: 0.024 s - in com.google.cloud.spanner.connection.ConnectionImplTransactionalReadWriteTest$ConnectionImplTransactionalReadWriteAfterSetReadOnlyMaxStalenessTest
[INFO] Running com.google.cloud.spanner.connection.ConnectionImplTransactionalReadWriteTest$ConnectionImplTransactionalReadWriteAfterRollbackTest
[INFO] Tests run: 32, Failures: 0, Errors: 0, Skipped: 0, Time elapsed: 0.061 s - in com.google.cloud.spanner.connection.ConnectionImplTransactionalReadWriteTest$ConnectionImplTransactionalReadWriteAfterRollbackTest
[INFO] Running com.google.cloud.spanner.connection.ConnectionImplTransactionalReadWriteTest$ConnectionImplTransactionalReadWriteAfterTransactionTest
[INFO] Tests run: 32, Failures: 0, Errors: 0, Skipped: 0, Time elapsed: 0.092 s - in com.google.cloud.spanner.connection.ConnectionImplTransactionalReadWriteTest$ConnectionImplTransactionalReadWriteAfterTransactionTest
[INFO] Running com.google.cloud.spanner.connection.ConnectionImplTransactionalReadWriteTest$ConnectionImplTransactionalReadWriteAfterBeginTransactionTest
[INFO] Tests run: 32, Failures: 0, Errors: 0, Skipped: 0, Time elapsed: 0.037 s - in com.google.cloud.spanner.connection.ConnectionImplTransactionalReadWriteTest$ConnectionImplTransactionalReadWriteAfterBeginTransactionTest
[INFO] Running com.google.cloud.spanner.connection.ConnectionImplTransactionalReadWriteTest$ConnectionImplTransactionalReadWriteAfterSelectAndResultSetNextTest
[INFO] Tests run: 32, Failures: 0, Errors: 0, Skipped: 0, Time elapsed: 0.062 s - in com.google.cloud.spanner.connection.ConnectionImplTransactionalReadWriteTest$ConnectionImplTransactionalReadWriteAfterSelectAndResultSetNextTest
[INFO] Running com.google.cloud.spanner.connection.ConnectionImplTransactionalReadWriteTest$ConnectionImplTransactionalReadWriteAfterSelectTest
[INFO] Tests run: 32, Failures: 0, Errors: 0, Skipped: 0, Time elapsed: 0.085 s - in com.google.cloud.spanner.connection.ConnectionImplTransactionalReadWriteTest$ConnectionImplTransactionalReadWriteAfterSelectTest
[INFO] Running com.google.cloud.spanner.connection.ConnectionImplTransactionalReadWriteTest$ConnectionImplTransactionalReadWriteNoActionsTest
[INFO] Tests run: 32, Failures: 0, Errors: 0, Skipped: 0, Time elapsed: 0.047 s - in com.google.cloud.spanner.connection.ConnectionImplTransactionalReadWriteTest$ConnectionImplTransactionalReadWriteNoActionsTest
[INFO] Running com.google.cloud.spanner.connection.ConnectionImplAutocommitReadWriteTest$ConnectionImplAutocommitReadWriteAfterStartDdlBatchTest
[INFO] Tests run: 32, Failures: 0, Errors: 0, Skipped: 0, Time elapsed: 0.019 s - in com.google.cloud.spanner.connection.ConnectionImplAutocommitReadWriteTest$ConnectionImplAutocommitReadWriteAfterStartDdlBatchTest
[INFO] Running com.google.cloud.spanner.connection.ConnectionImplTransactionalReadWriteTest$ConnectionImplTransactionalReadWriteAfterCommittedReadOnlyTransactionTest
[INFO] Tests run: 32, Failures: 0, Errors: 0, Skipped: 0, Time elapsed: 0.092 s - in com.google.cloud.spanner.connection.ConnectionImplTransactionalReadWriteTest$ConnectionImplTransactionalReadWriteAfterCommittedReadOnlyTransactionTest
[INFO] Running com.google.cloud.spanner.connection.ReadOnlyStalenessUtilTest
[INFO] Tests run: 4, Failures: 0, Errors: 0, Skipped: 0, Time elapsed: 0 s - in com.google.cloud.spanner.connection.ReadOnlyStalenessUtilTest
[INFO] Running com.google.cloud.spanner.connection.ConnectionImplAutocommitReadWriteTest$ConnectionImplAutocommitReadWriteNoActionsTest
[INFO] Tests run: 32, Failures: 0, Errors: 0, Skipped: 0, Time elapsed: 0.031 s - in com.google.cloud.spanner.connection.ConnectionImplAutocommitReadWriteTest$ConnectionImplAutocommitReadWriteNoActionsTest
[INFO] Running com.google.cloud.spanner.connection.ConnectionImplTransactionalReadWriteTest$ConnectionImplTransactionalReadWriteAfterBeginTransactionTest
[INFO] Tests run: 32, Failures: 0, Errors: 0, Skipped: 0, Time elapsed: 0.052 s - in com.google.cloud.spanner.connection.ConnectionImplTransactionalReadWriteTest$ConnectionImplTransactionalReadWriteAfterBeginTransactionTest
[INFO] Running com.google.cloud.spanner.connection.ConnectionImplTransactionalReadWriteTest$ConnectionImplTransactionalReadWriteAfterSetReadOnlyMaxStalenessTest
[INFO] Tests run: 32, Failures: 0, Errors: 0, Skipped: 0, Time elapsed: 0.047 s - in com.google.cloud.spanner.connection.ConnectionImplTransactionalReadWriteTest$ConnectionImplTransactionalReadWriteAfterSetReadOnlyMaxStalenessTest
[INFO] Running com.google.cloud.spanner.connection.ConnectionImplAutocommitReadWriteTest$ConnectionImplAutocommitReadWriteAfterTemporaryTransactionTest
[INFO] Tests run: 32, Failures: 0, Errors: 0, Skipped: 0, Time elapsed: 0.069 s - in com.google.cloud.spanner.connection.ConnectionImplAutocommitReadWriteTest$ConnectionImplAutocommitReadWriteAfterTemporaryTransactionTest
[INFO] Running com.google.cloud.spanner.connection.ConnectionImplAutocommitReadOnlyTest$ConnectionImplAutocommitReadOnlyAfterBeginTransactionTest
[INFO] Tests run: 32, Failures: 0, Errors: 0, Skipped: 0, Time elapsed: 0.026 s - in com.google.cloud.spanner.connection.ConnectionImplAutocommitReadOnlyTest$ConnectionImplAutocommitReadOnlyAfterBeginTransactionTest
[INFO] Running com.google.cloud.spanner.connection.StatementTimeoutTest
Jan 25, 2023 3:19:12 AM com.google.cloud.spanner.SessionPool closeAsync
WARNING: Leaked session
com.google.cloud.spanner.SessionPool$LeakedSessionException: Session was checked out from the pool at 2023-01-25T03:19:12.399Z
	at com.google.cloud.spanner.SessionPool$PooledSessionFuture.markCheckedOut(SessionPool.java:1094)
	at com.google.cloud.spanner.SessionPool$PooledSessionFuture.access$5800(SessionPool.java:1076)
	at com.google.cloud.spanner.SessionPool.checkoutSession(SessionPool.java:2198)
	at com.google.cloud.spanner.SessionPool.getReadSession(SessionPool.java:2082)
	at com.google.cloud.spanner.DatabaseClientImpl.getReadSession(DatabaseClientImpl.java:56)
	at com.google.cloud.spanner.DatabaseClientImpl.singleUseReadOnlyTransaction(DatabaseClientImpl.java:141)
	at com.google.cloud.spanner.connection.SingleUseTransaction.executeQueryAsync(SingleUseTransaction.java:176)
	at com.google.cloud.spanner.connection.ConnectionImpl.internalExecuteQuery(ConnectionImpl.java:903)
	at com.google.cloud.spanner.connection.ConnectionImpl.parseAndExecuteQuery(ConnectionImpl.java:763)
	at com.google.cloud.spanner.connection.ConnectionImpl.executeQuery(ConnectionImpl.java:731)
	at com.google.cloud.spanner.connection.StatementTimeoutTest.testCancelReadWriteAutocommit(StatementTimeoutTest.java:775)
	at java.base/jdk.internal.reflect.NativeMethodAccessorImpl.invoke0(Native Method)
	at java.base/jdk.internal.reflect.NativeMethodAccessorImpl.invoke(NativeMethodAccessorImpl.java:62)
	at java.base/jdk.internal.reflect.DelegatingMethodAccessorImpl.invoke(DelegatingMethodAccessorImpl.java:43)
	at java.base/java.lang.reflect.Method.invoke(Method.java:566)
	at org.junit.runners.model.FrameworkMethod$1.runReflectiveCall(FrameworkMethod.java:59)
	at org.junit.internal.runners.model.ReflectiveCallable.run(ReflectiveCallable.java:12)
	at org.junit.runners.model.FrameworkMethod.invokeExplosively(FrameworkMethod.java:56)
	at org.junit.internal.runners.statements.InvokeMethod.evaluate(InvokeMethod.java:17)
	at org.junit.internal.runners.statements.RunBefores.evaluate(RunBefores.java:26)
	at org.junit.internal.runners.statements.RunAfters.evaluate(RunAfters.java:27)
	at org.junit.runners.ParentRunner$3.evaluate(ParentRunner.java:306)
	at org.junit.runners.BlockJUnit4ClassRunner$1.evaluate(BlockJUnit4ClassRunner.java:100)
	at org.junit.runners.ParentRunner.runLeaf(ParentRunner.java:366)
	at org.junit.runners.BlockJUnit4ClassRunner.runChild(BlockJUnit4ClassRunner.java:103)
	at org.junit.runners.BlockJUnit4ClassRunner.runChild(BlockJUnit4ClassRunner.java:63)
	at org.junit.runners.ParentRunner$4.run(ParentRunner.java:331)
	at org.junit.runners.ParentRunner$1.schedule(ParentRunner.java:79)
	at org.junit.runners.ParentRunner.runChildren(ParentRunner.java:329)
	at org.junit.runners.ParentRunner.access$100(ParentRunner.java:66)
	at org.junit.runners.ParentRunner$2.evaluate(ParentRunner.java:293)
	at org.junit.internal.runners.statements.RunBefores.evaluate(RunBefores.java:26)
	at org.junit.internal.runners.statements.RunAfters.evaluate(RunAfters.java:27)
	at org.junit.runners.ParentRunner$3.evaluate(ParentRunner.java:306)
	at org.junit.runners.ParentRunner.run(ParentRunner.java:413)
	at org.junit.runners.Suite.runChild(Suite.java:128)
	at org.junit.runners.Suite.runChild(Suite.java:27)
	at org.junit.runners.ParentRunner$4.run(ParentRunner.java:331)
	at org.junit.runners.ParentRunner$1.schedule(ParentRunner.java:79)
	at org.junit.runners.ParentRunner.runChildren(ParentRunner.java:329)
	at org.junit.runners.ParentRunner.access$100(ParentRunner.java:66)
	at org.junit.runners.ParentRunner$2.evaluate(ParentRunner.java:293)
	at org.junit.runners.ParentRunner$3.evaluate(ParentRunner.java:306)
	at org.junit.runners.ParentRunner.run(ParentRunner.java:413)
	at org.apache.maven.surefire.junitcore.JUnitCore.run(JUnitCore.java:55)
	at org.apache.maven.surefire.junitcore.JUnitCoreWrapper.createRequestAndRun(JUnitCoreWrapper.java:137)
	at org.apache.maven.surefire.junitcore.JUnitCoreWrapper.executeEager(JUnitCoreWrapper.java:107)
	at org.apache.maven.surefire.junitcore.JUnitCoreWrapper.execute(JUnitCoreWrapper.java:83)
	at org.apache.maven.surefire.junitcore.JUnitCoreWrapper.execute(JUnitCoreWrapper.java:75)
	at org.apache.maven.surefire.junitcore.JUnitCoreProvider.invoke(JUnitCoreProvider.java:157)
	at org.apache.maven.surefire.booter.ForkedBooter.runSuitesInProcess(ForkedBooter.java:428)
	at org.apache.maven.surefire.booter.ForkedBooter.execute(ForkedBooter.java:162)
	at org.apache.maven.surefire.booter.ForkedBooter.run(ForkedBooter.java:562)
	at org.apache.maven.surefire.booter.ForkedBooter.main(ForkedBooter.java:548)

Jan 25, 2023 3:19:12 AM com.google.cloud.spanner.SessionPool closeAsync
WARNING: Leaked session
com.google.cloud.spanner.SessionPool$LeakedSessionException: Session was checked out from the pool at 2023-01-25T03:19:12.467Z
	at com.google.cloud.spanner.SessionPool$PooledSessionFuture.markCheckedOut(SessionPool.java:1094)
	at com.google.cloud.spanner.SessionPool$PooledSessionFuture.access$5800(SessionPool.java:1076)
	at com.google.cloud.spanner.SessionPool.checkoutSession(SessionPool.java:2198)
	at com.google.cloud.spanner.SessionPool.getReadWriteSession(SessionPool.java:2171)
	at com.google.cloud.spanner.DatabaseClientImpl.getReadWriteSession(DatabaseClientImpl.java:61)
	at com.google.cloud.spanner.DatabaseClientImpl.readWriteTransaction(DatabaseClientImpl.java:174)
	at com.google.cloud.spanner.connection.SingleUseTransaction$3.call(SingleUseTransaction.java:338)
	at com.google.cloud.spanner.connection.SingleUseTransaction$3.call(SingleUseTransaction.java:334)
	at io.grpc.Context$2.call(Context.java:596)
	at com.google.common.util.concurrent.TrustedListenableFutureTask$TrustedFutureInterruptibleTask.runInterruptibly(TrustedListenableFutureTask.java:125)
	at com.google.common.util.concurrent.InterruptibleTask.run(InterruptibleTask.java:69)
	at com.google.common.util.concurrent.TrustedListenableFutureTask.run(TrustedListenableFutureTask.java:78)
	at java.base/java.util.concurrent.ThreadPoolExecutor.runWorker(ThreadPoolExecutor.java:1128)
	at java.base/java.util.concurrent.ThreadPoolExecutor$Worker.run(ThreadPoolExecutor.java:628)
	at java.base/java.lang.Thread.run(Thread.java:829)

Jan 25, 2023 3:19:13 AM com.google.cloud.spanner.SessionPool closeAsync
WARNING: Leaked session
com.google.cloud.spanner.SessionPool$LeakedSessionException: Session was checked out from the pool at 2023-01-25T03:19:13.029Z
	at com.google.cloud.spanner.SessionPool$PooledSessionFuture.markCheckedOut(SessionPool.java:1094)
	at com.google.cloud.spanner.SessionPool$PooledSessionFuture.access$5800(SessionPool.java:1076)
	at com.google.cloud.spanner.SessionPool.checkoutSession(SessionPool.java:2198)
	at com.google.cloud.spanner.SessionPool.getReadWriteSession(SessionPool.java:2171)
	at com.google.cloud.spanner.DatabaseClientImpl.getReadWriteSession(DatabaseClientImpl.java:61)
	at com.google.cloud.spanner.DatabaseClientImpl.readWriteTransaction(DatabaseClientImpl.java:174)
	at com.google.cloud.spanner.connection.SingleUseTransaction$3.call(SingleUseTransaction.java:338)
	at com.google.cloud.spanner.connection.SingleUseTransaction$3.call(SingleUseTransaction.java:334)
	at io.grpc.Context$2.call(Context.java:596)
	at com.google.common.util.concurrent.TrustedListenableFutureTask$TrustedFutureInterruptibleTask.runInterruptibly(TrustedListenableFutureTask.java:125)
	at com.google.common.util.concurrent.InterruptibleTask.run(InterruptibleTask.java:69)
	at com.google.common.util.concurrent.TrustedListenableFutureTask.run(TrustedListenableFutureTask.java:78)
	at java.base/java.util.concurrent.ThreadPoolExecutor.runWorker(ThreadPoolExecutor.java:1128)
	at java.base/java.util.concurrent.ThreadPoolExecutor$Worker.run(ThreadPoolExecutor.java:628)
	at java.base/java.lang.Thread.run(Thread.java:829)

Jan 25, 2023 3:19:13 AM com.google.cloud.spanner.SessionPool closeAsync
WARNING: Leaked session
com.google.cloud.spanner.SessionPool$LeakedSessionException: Session was checked out from the pool at 2023-01-25T03:19:13.494Z
	at com.google.cloud.spanner.SessionPool$PooledSessionFuture.markCheckedOut(SessionPool.java:1094)
	at com.google.cloud.spanner.SessionPool$PooledSessionFuture.access$5800(SessionPool.java:1076)
	at com.google.cloud.spanner.SessionPool.checkoutSession(SessionPool.java:2198)
	at com.google.cloud.spanner.SessionPool.getReadSession(SessionPool.java:2082)
	at com.google.cloud.spanner.DatabaseClientImpl.getReadSession(DatabaseClientImpl.java:56)
	at com.google.cloud.spanner.DatabaseClientImpl.singleUseReadOnlyTransaction(DatabaseClientImpl.java:141)
	at com.google.cloud.spanner.connection.SingleUseTransaction.executeQueryAsync(SingleUseTransaction.java:176)
	at com.google.cloud.spanner.connection.ConnectionImpl.internalExecuteQuery(ConnectionImpl.java:903)
	at com.google.cloud.spanner.connection.ConnectionImpl.parseAndExecuteQuery(ConnectionImpl.java:763)
	at com.google.cloud.spanner.connection.ConnectionImpl.executeQuery(ConnectionImpl.java:731)
	at com.google.cloud.spanner.connection.StatementTimeoutTest.testCancelReadOnlyAutocommit(StatementTimeoutTest.java:646)
	at java.base/jdk.internal.reflect.NativeMethodAccessorImpl.invoke0(Native Method)
	at java.base/jdk.internal.reflect.NativeMethodAccessorImpl.invoke(NativeMethodAccessorImpl.java:62)
	at java.base/jdk.internal.reflect.DelegatingMethodAccessorImpl.invoke(DelegatingMethodAccessorImpl.java:43)
	at java.base/java.lang.reflect.Method.invoke(Method.java:566)
	at org.junit.runners.model.FrameworkMethod$1.runReflectiveCall(FrameworkMethod.java:59)
	at org.junit.internal.runners.model.ReflectiveCallable.run(ReflectiveCallable.java:12)
	at org.junit.runners.model.FrameworkMethod.invokeExplosively(FrameworkMethod.java:56)
	at org.junit.internal.runners.statements.InvokeMethod.evaluate(InvokeMethod.java:17)
	at org.junit.internal.runners.statements.RunBefores.evaluate(RunBefores.java:26)
	at org.junit.internal.runners.statements.RunAfters.evaluate(RunAfters.java:27)
	at org.junit.runners.ParentRunner$3.evaluate(ParentRunner.java:306)
	at org.junit.runners.BlockJUnit4ClassRunner$1.evaluate(BlockJUnit4ClassRunner.java:100)
	at org.junit.runners.ParentRunner.runLeaf(ParentRunner.java:366)
	at org.junit.runners.BlockJUnit4ClassRunner.runChild(BlockJUnit4ClassRunner.java:103)
	at org.junit.runners.BlockJUnit4ClassRunner.runChild(BlockJUnit4ClassRunner.java:63)
	at org.junit.runners.ParentRunner$4.run(ParentRunner.java:331)
	at org.junit.runners.ParentRunner$1.schedule(ParentRunner.java:79)
	at org.junit.runners.ParentRunner.runChildren(ParentRunner.java:329)
	at org.junit.runners.ParentRunner.access$100(ParentRunner.java:66)
	at org.junit.runners.ParentRunner$2.evaluate(ParentRunner.java:293)
	at org.junit.internal.runners.statements.RunBefores.evaluate(RunBefores.java:26)
	at org.junit.internal.runners.statements.RunAfters.evaluate(RunAfters.java:27)
	at org.junit.runners.ParentRunner$3.evaluate(ParentRunner.java:306)
	at org.junit.runners.ParentRunner.run(ParentRunner.java:413)
	at org.junit.runners.Suite.runChild(Suite.java:128)
	at org.junit.runners.Suite.runChild(Suite.java:27)
	at org.junit.runners.ParentRunner$4.run(ParentRunner.java:331)
	at org.junit.runners.ParentRunner$1.schedule(ParentRunner.java:79)
	at org.junit.runners.ParentRunner.runChildren(ParentRunner.java:329)
	at org.junit.runners.ParentRunner.access$100(ParentRunner.java:66)
	at org.junit.runners.ParentRunner$2.evaluate(ParentRunner.java:293)
	at org.junit.runners.ParentRunner$3.evaluate(ParentRunner.java:306)
	at org.junit.runners.ParentRunner.run(ParentRunner.java:413)
	at org.apache.maven.surefire.junitcore.JUnitCore.run(JUnitCore.java:55)
	at org.apache.maven.surefire.junitcore.JUnitCoreWrapper.createRequestAndRun(JUnitCoreWrapper.java:137)
	at org.apache.maven.surefire.junitcore.JUnitCoreWrapper.executeEager(JUnitCoreWrapper.java:107)
	at org.apache.maven.surefire.junitcore.JUnitCoreWrapper.execute(JUnitCoreWrapper.java:83)
	at org.apache.maven.surefire.junitcore.JUnitCoreWrapper.execute(JUnitCoreWrapper.java:75)
	at org.apache.maven.surefire.junitcore.JUnitCoreProvider.invoke(JUnitCoreProvider.java:157)
	at org.apache.maven.surefire.booter.ForkedBooter.runSuitesInProcess(ForkedBooter.java:428)
	at org.apache.maven.surefire.booter.ForkedBooter.execute(ForkedBooter.java:162)
	at org.apache.maven.surefire.booter.ForkedBooter.run(ForkedBooter.java:562)
	at org.apache.maven.surefire.booter.ForkedBooter.main(ForkedBooter.java:548)

[INFO] Tests run: 40, Failures: 0, Errors: 0, Skipped: 0, Time elapsed: 4.966 s - in com.google.cloud.spanner.connection.StatementTimeoutTest
[INFO] Running com.google.cloud.spanner.IsSslHandshakeExceptionTest
[INFO] Tests run: 3, Failures: 0, Errors: 0, Skipped: 0, Time elapsed: 0 s - in com.google.cloud.spanner.IsSslHandshakeExceptionTest
[INFO] Running com.google.cloud.spanner.KeyTest
[INFO] Tests run: 7, Failures: 0, Errors: 0, Skipped: 0, Time elapsed: 0.012 s - in com.google.cloud.spanner.KeyTest
[INFO] Running com.google.cloud.spanner.TransactionContextImplTest
[INFO] Tests run: 2, Failures: 0, Errors: 0, Skipped: 0, Time elapsed: 0.039 s - in com.google.cloud.spanner.TransactionContextImplTest
[INFO] Running com.google.cloud.spanner.DatabaseClientImplTest
[INFO] Tests run: 52, Failures: 0, Errors: 0, Skipped: 0, Time elapsed: 1.384 s - in com.google.cloud.spanner.DatabaseClientImplTest
[INFO] Running com.google.cloud.spanner.InstanceAdminClientTest
[INFO] Tests run: 2, Failures: 0, Errors: 0, Skipped: 0, Time elapsed: 0.009 s - in com.google.cloud.spanner.InstanceAdminClientTest
[INFO] Running com.google.cloud.spanner.AsyncTransactionManagerTest
[INFO] Tests run: 75, Failures: 0, Errors: 0, Skipped: 0, Time elapsed: 3.454 s - in com.google.cloud.spanner.AsyncTransactionManagerTest
[INFO] Running com.google.cloud.spanner.SessionClientTest
[INFO] Tests run: 20, Failures: 0, Errors: 0, Skipped: 0, Time elapsed: 0.447 s - in com.google.cloud.spanner.SessionClientTest
[INFO] Running com.google.cloud.spanner.TransactionRunnerImplTest
[INFO] Tests run: 8, Failures: 0, Errors: 0, Skipped: 0, Time elapsed: 0.028 s - in com.google.cloud.spanner.TransactionRunnerImplTest
[INFO] Running com.google.cloud.spanner.BatchTransactionIdTest
[INFO] Tests run: 2, Failures: 0, Errors: 0, Skipped: 0, Time elapsed: 0.002 s - in com.google.cloud.spanner.BatchTransactionIdTest
[INFO] Running com.google.cloud.spanner.ResumableStreamIteratorTest
[INFO] Tests run: 14, Failures: 0, Errors: 0, Skipped: 0, Time elapsed: 0.023 s - in com.google.cloud.spanner.ResumableStreamIteratorTest
[INFO] Running com.google.cloud.spanner.AbstractStructReaderTypesTest
[INFO] Tests run: 80, Failures: 0, Errors: 0, Skipped: 0, Time elapsed: 0.15 s - in com.google.cloud.spanner.AbstractStructReaderTypesTest
[INFO] Running com.google.cloud.spanner.MutationTest
[INFO] Tests run: 23, Failures: 0, Errors: 0, Skipped: 0, Time elapsed: 0.026 s - in com.google.cloud.spanner.MutationTest
[INFO] Running com.google.cloud.spanner.AsyncResultSetImplTest
[INFO] Tests run: 13, Failures: 0, Errors: 0, Skipped: 0, Time elapsed: 0.077 s - in com.google.cloud.spanner.AsyncResultSetImplTest
[INFO] Running com.google.cloud.spanner.ValueTest
[INFO] Tests run: 71, Failures: 0, Errors: 0, Skipped: 0, Time elapsed: 0.067 s - in com.google.cloud.spanner.ValueTest
[INFO] Running com.google.cloud.spanner.AsyncRunnerTest
[INFO] Tests run: 21, Failures: 0, Errors: 0, Skipped: 0, Time elapsed: 0.905 s - in com.google.cloud.spanner.AsyncRunnerTest
[INFO] Running com.google.cloud.spanner.DatabaseIdTest
[INFO] Tests run: 2, Failures: 0, Errors: 0, Skipped: 0, Time elapsed: 0 s - in com.google.cloud.spanner.DatabaseIdTest
[INFO] Running com.google.cloud.spanner.MockDatabaseAdminServiceImplTest
Jan 25, 2023 3:19:21 AM io.grpc.internal.SerializingExecutor run
SEVERE: Exception while executing runnable io.grpc.internal.ServerImpl$JumpToApplicationThreadServerStreamListener$1HalfClosed@7ea3554c
java.lang.IllegalStateException: call already closed
	at com.google.common.base.Preconditions.checkState(Preconditions.java:511)
	at io.grpc.internal.ServerCallImpl.closeInternal(ServerCallImpl.java:209)
	at io.grpc.internal.ServerCallImpl.close(ServerCallImpl.java:202)
	at io.grpc.stub.ServerCalls$ServerCallStreamObserverImpl.onError(ServerCalls.java:354)
	at com.google.cloud.spanner.MockSpannerServiceImpl.commit(MockSpannerServiceImpl.java:1775)
	at com.google.spanner.v1.SpannerGrpc$MethodHandlers.invoke(SpannerGrpc.java:2103)
	at io.grpc.stub.ServerCalls$UnaryServerCallHandler$UnaryServerCallListener.onHalfClose(ServerCalls.java:180)
	at io.grpc.internal.ServerCallImpl$ServerStreamListenerImpl.halfClosed(ServerCallImpl.java:331)
	at io.grpc.internal.ServerImpl$JumpToApplicationThreadServerStreamListener$1HalfClosed.runInContext(ServerImpl.java:814)
	at io.grpc.internal.ContextRunnable.run(ContextRunnable.java:37)
	at io.grpc.internal.SerializingExecutor.run(SerializingExecutor.java:123)
	at java.base/java.util.concurrent.ThreadPoolExecutor.runWorker(ThreadPoolExecutor.java:1128)
	at java.base/java.util.concurrent.ThreadPoolExecutor$Worker.run(ThreadPoolExecutor.java:628)
	at java.base/java.lang.Thread.run(Thread.java:829)

Jan 25, 2023 3:19:21 AM io.grpc.internal.SerializingExecutor run
SEVERE: Exception while executing runnable io.grpc.internal.ServerImpl$JumpToApplicationThreadServerStreamListener$1HalfClosed@184e8a17
java.lang.IllegalStateException: call already closed
	at com.google.common.base.Preconditions.checkState(Preconditions.java:511)
	at io.grpc.internal.ServerCallImpl.closeInternal(ServerCallImpl.java:209)
	at io.grpc.internal.ServerCallImpl.close(ServerCallImpl.java:202)
	at io.grpc.stub.ServerCalls$ServerCallStreamObserverImpl.onError(ServerCalls.java:354)
	at com.google.cloud.spanner.MockSpannerServiceImpl.commit(MockSpannerServiceImpl.java:1775)
	at com.google.spanner.v1.SpannerGrpc$MethodHandlers.invoke(SpannerGrpc.java:2103)
	at io.grpc.stub.ServerCalls$UnaryServerCallHandler$UnaryServerCallListener.onHalfClose(ServerCalls.java:180)
	at io.grpc.internal.ServerCallImpl$ServerStreamListenerImpl.halfClosed(ServerCallImpl.java:331)
	at io.grpc.internal.ServerImpl$JumpToApplicationThreadServerStreamListener$1HalfClosed.runInContext(ServerImpl.java:814)
	at io.grpc.internal.ContextRunnable.run(ContextRunnable.java:37)
	at io.grpc.internal.SerializingExecutor.run(SerializingExecutor.java:123)
	at java.base/java.util.concurrent.ThreadPoolExecutor.runWorker(ThreadPoolExecutor.java:1128)
	at java.base/java.util.concurrent.ThreadPoolExecutor$Worker.run(ThreadPoolExecutor.java:628)
	at java.base/java.lang.Thread.run(Thread.java:829)

[INFO] Tests run: 25, Failures: 0, Errors: 0, Skipped: 0, Time elapsed: 0.264 s - in com.google.cloud.spanner.MockDatabaseAdminServiceImplTest
[INFO] Running com.google.cloud.spanner.ValueBinderTest
[INFO] Tests run: 1, Failures: 0, Errors: 0, Skipped: 0, Time elapsed: 0.011 s - in com.google.cloud.spanner.ValueBinderTest
[INFO] Running com.google.cloud.spanner.v1.SpannerClientTest
[INFO] Tests run: 32, Failures: 0, Errors: 0, Skipped: 0, Time elapsed: 0.062 s - in com.google.cloud.spanner.v1.SpannerClientTest
[INFO] Running com.google.cloud.spanner.TimestampBoundTest
[INFO] Tests run: 10, Failures: 0, Errors: 0, Skipped: 0, Time elapsed: 0.01 s - in com.google.cloud.spanner.TimestampBoundTest
[INFO] Running com.google.cloud.spanner.SessionPoolTest
[ERROR] WARNING: An illegal reflective access operation has occurred
[ERROR] WARNING: Illegal reflective access by org.mockito.internal.util.reflection.AccessibilityChanger (file:/home/gabsko/.m2/repository/org/mockito/mockito-all/1.10.19/mockito-all-1.10.19.jar) to field java.util.concurrent.ScheduledThreadPoolExecutor.continueExistingPeriodicTasksAfterShutdown
[ERROR] WARNING: Please consider reporting this to the maintainers of org.mockito.internal.util.reflection.AccessibilityChanger
[ERROR] WARNING: Use --illegal-access=warn to enable warnings of further illegal reflective access operations
[ERROR] WARNING: All illegal access operations will be denied in a future release
Jan 25, 2023 3:19:22 AM io.grpc.internal.SerializingExecutor run
SEVERE: Exception while executing runnable io.grpc.internal.ServerImpl$JumpToApplicationThreadServerStreamListener$1HalfClosed@7792e269
java.lang.IllegalStateException: call already closed
	at com.google.common.base.Preconditions.checkState(Preconditions.java:511)
	at io.grpc.internal.ServerCallImpl.closeInternal(ServerCallImpl.java:209)
	at io.grpc.internal.ServerCallImpl.close(ServerCallImpl.java:202)
	at io.grpc.stub.ServerCalls$ServerCallStreamObserverImpl.onError(ServerCalls.java:354)
	at com.google.cloud.spanner.MockSpannerServiceImpl.commit(MockSpannerServiceImpl.java:1775)
	at com.google.spanner.v1.SpannerGrpc$MethodHandlers.invoke(SpannerGrpc.java:2103)
	at io.grpc.stub.ServerCalls$UnaryServerCallHandler$UnaryServerCallListener.onHalfClose(ServerCalls.java:180)
	at io.grpc.internal.ServerCallImpl$ServerStreamListenerImpl.halfClosed(ServerCallImpl.java:331)
	at io.grpc.internal.ServerImpl$JumpToApplicationThreadServerStreamListener$1HalfClosed.runInContext(ServerImpl.java:814)
	at io.grpc.internal.ContextRunnable.run(ContextRunnable.java:37)
	at io.grpc.internal.SerializingExecutor.run(SerializingExecutor.java:123)
	at java.base/java.util.concurrent.ThreadPoolExecutor.runWorker(ThreadPoolExecutor.java:1128)
	at java.base/java.util.concurrent.ThreadPoolExecutor$Worker.run(ThreadPoolExecutor.java:628)
	at java.base/java.lang.Thread.run(Thread.java:829)

Jan 25, 2023 3:19:22 AM io.grpc.internal.SerializingExecutor run
SEVERE: Exception while executing runnable io.grpc.internal.ServerImpl$JumpToApplicationThreadServerStreamListener$1HalfClosed@64d4dfe4
java.lang.IllegalStateException: call already closed
	at com.google.common.base.Preconditions.checkState(Preconditions.java:511)
	at io.grpc.internal.ServerCallImpl.closeInternal(ServerCallImpl.java:209)
	at io.grpc.internal.ServerCallImpl.close(ServerCallImpl.java:202)
	at io.grpc.stub.ServerCalls$ServerCallStreamObserverImpl.onError(ServerCalls.java:354)
	at com.google.cloud.spanner.MockSpannerServiceImpl.commit(MockSpannerServiceImpl.java:1775)
	at com.google.spanner.v1.SpannerGrpc$MethodHandlers.invoke(SpannerGrpc.java:2103)
	at io.grpc.stub.ServerCalls$UnaryServerCallHandler$UnaryServerCallListener.onHalfClose(ServerCalls.java:180)
	at io.grpc.internal.ServerCallImpl$ServerStreamListenerImpl.halfClosed(ServerCallImpl.java:331)
	at io.grpc.internal.ServerImpl$JumpToApplicationThreadServerStreamListener$1HalfClosed.runInContext(ServerImpl.java:814)
	at io.grpc.internal.ContextRunnable.run(ContextRunnable.java:37)
	at io.grpc.internal.SerializingExecutor.run(SerializingExecutor.java:123)
	at java.base/java.util.concurrent.ThreadPoolExecutor.runWorker(ThreadPoolExecutor.java:1128)
	at java.base/java.util.concurrent.ThreadPoolExecutor$Worker.run(ThreadPoolExecutor.java:628)
	at java.base/java.lang.Thread.run(Thread.java:829)

Jan 25, 2023 3:19:22 AM io.grpc.internal.SerializingExecutor run
SEVERE: Exception while executing runnable io.grpc.internal.ServerImpl$JumpToApplicationThreadServerStreamListener$1HalfClosed@20fd9825
java.lang.IllegalStateException: call already closed
	at com.google.common.base.Preconditions.checkState(Preconditions.java:511)
	at io.grpc.internal.ServerCallImpl.closeInternal(ServerCallImpl.java:209)
	at io.grpc.internal.ServerCallImpl.close(ServerCallImpl.java:202)
	at io.grpc.stub.ServerCalls$ServerCallStreamObserverImpl.onError(ServerCalls.java:354)
	at com.google.cloud.spanner.MockSpannerServiceImpl.commit(MockSpannerServiceImpl.java:1775)
	at com.google.spanner.v1.SpannerGrpc$MethodHandlers.invoke(SpannerGrpc.java:2103)
	at io.grpc.stub.ServerCalls$UnaryServerCallHandler$UnaryServerCallListener.onHalfClose(ServerCalls.java:180)
	at io.grpc.internal.ServerCallImpl$ServerStreamListenerImpl.halfClosed(ServerCallImpl.java:331)
	at io.grpc.internal.ServerImpl$JumpToApplicationThreadServerStreamListener$1HalfClosed.runInContext(ServerImpl.java:814)
	at io.grpc.internal.ContextRunnable.run(ContextRunnable.java:37)
	at io.grpc.internal.SerializingExecutor.run(SerializingExecutor.java:123)
	at java.base/java.util.concurrent.ThreadPoolExecutor.runWorker(ThreadPoolExecutor.java:1128)
	at java.base/java.util.concurrent.ThreadPoolExecutor$Worker.run(ThreadPoolExecutor.java:628)
	at java.base/java.lang.Thread.run(Thread.java:829)

Jan 25, 2023 3:19:23 AM io.grpc.internal.SerializingExecutor run
SEVERE: Exception while executing runnable io.grpc.internal.ServerImpl$JumpToApplicationThreadServerStreamListener$1HalfClosed@3ce65dd5
java.util.concurrent.RejectedExecutionException: event executor terminated
	at io.grpc.netty.shaded.io.netty.util.concurrent.SingleThreadEventExecutor.reject(SingleThreadEventExecutor.java:926)
	at io.grpc.netty.shaded.io.netty.util.concurrent.SingleThreadEventExecutor.offerTask(SingleThreadEventExecutor.java:353)
	at io.grpc.netty.shaded.io.netty.util.concurrent.SingleThreadEventExecutor.addTask(SingleThreadEventExecutor.java:346)
	at io.grpc.netty.shaded.io.netty.util.concurrent.SingleThreadEventExecutor.execute(SingleThreadEventExecutor.java:828)
	at io.grpc.netty.shaded.io.netty.util.concurrent.SingleThreadEventExecutor.execute(SingleThreadEventExecutor.java:818)
	at io.grpc.netty.shaded.io.grpc.netty.WriteQueue.scheduleFlush(WriteQueue.java:67)
	at io.grpc.netty.shaded.io.grpc.netty.NettyServerStream$Sink.writeFrameInternal(NettyServerStream.java:112)
	at io.grpc.netty.shaded.io.grpc.netty.NettyServerStream$Sink.writeFrame(NettyServerStream.java:137)
	at io.grpc.internal.AbstractServerStream.deliverFrame(AbstractServerStream.java:111)
	at io.grpc.internal.MessageFramer.commitToSink(MessageFramer.java:352)
	at io.grpc.internal.MessageFramer.close(MessageFramer.java:328)
	at io.grpc.internal.AbstractStream.endOfMessages(AbstractStream.java:84)
	at io.grpc.internal.AbstractServerStream.close(AbstractServerStream.java:120)
	at io.grpc.internal.ServerCallImpl.closeInternal(ServerCallImpl.java:218)
	at io.grpc.internal.ServerCallImpl.close(ServerCallImpl.java:202)
	at io.grpc.stub.ServerCalls$ServerCallStreamObserverImpl.onError(ServerCalls.java:354)
	at com.google.cloud.spanner.MockSpannerServiceImpl.executeSql(MockSpannerServiceImpl.java:963)
	at com.google.spanner.v1.SpannerGrpc$MethodHandlers.invoke(SpannerGrpc.java:2070)
	at io.grpc.stub.ServerCalls$UnaryServerCallHandler$UnaryServerCallListener.onHalfClose(ServerCalls.java:180)
	at io.grpc.internal.ServerCallImpl$ServerStreamListenerImpl.halfClosed(ServerCallImpl.java:331)
	at io.grpc.internal.ServerImpl$JumpToApplicationThreadServerStreamListener$1HalfClosed.runInContext(ServerImpl.java:814)
	at io.grpc.internal.ContextRunnable.run(ContextRunnable.java:37)
	at io.grpc.internal.SerializingExecutor.run(SerializingExecutor.java:123)
	at java.base/java.util.concurrent.ThreadPoolExecutor.runWorker(ThreadPoolExecutor.java:1128)
	at java.base/java.util.concurrent.ThreadPoolExecutor$Worker.run(ThreadPoolExecutor.java:628)
	at java.base/java.lang.Thread.run(Thread.java:829)

[INFO] Tests run: 68, Failures: 0, Errors: 0, Skipped: 0, Time elapsed: 1.108 s - in com.google.cloud.spanner.SessionPoolTest
[INFO] Running com.google.cloud.spanner.AsyncResultSetImplStressTest
Jan 25, 2023 3:19:23 AM io.grpc.internal.SerializingExecutor run
SEVERE: Exception while executing runnable io.grpc.internal.ServerImpl$JumpToApplicationThreadServerStreamListener$1HalfClosed@662ea87a
java.util.concurrent.RejectedExecutionException: event executor terminated
	at io.grpc.netty.shaded.io.netty.util.concurrent.SingleThreadEventExecutor.reject(SingleThreadEventExecutor.java:926)
	at io.grpc.netty.shaded.io.netty.util.concurrent.SingleThreadEventExecutor.offerTask(SingleThreadEventExecutor.java:353)
	at io.grpc.netty.shaded.io.netty.util.concurrent.SingleThreadEventExecutor.addTask(SingleThreadEventExecutor.java:346)
	at io.grpc.netty.shaded.io.netty.util.concurrent.SingleThreadEventExecutor.execute(SingleThreadEventExecutor.java:828)
	at io.grpc.netty.shaded.io.netty.util.concurrent.SingleThreadEventExecutor.execute(SingleThreadEventExecutor.java:818)
	at io.grpc.netty.shaded.io.grpc.netty.WriteQueue.scheduleFlush(WriteQueue.java:67)
	at io.grpc.netty.shaded.io.grpc.netty.NettyServerStream$Sink.writeFrameInternal(NettyServerStream.java:112)
	at io.grpc.netty.shaded.io.grpc.netty.NettyServerStream$Sink.writeFrame(NettyServerStream.java:137)
	at io.grpc.internal.AbstractServerStream.deliverFrame(AbstractServerStream.java:111)
	at io.grpc.internal.MessageFramer.commitToSink(MessageFramer.java:352)
	at io.grpc.internal.MessageFramer.close(MessageFramer.java:328)
	at io.grpc.internal.AbstractStream.endOfMessages(AbstractStream.java:84)
	at io.grpc.internal.AbstractServerStream.close(AbstractServerStream.java:120)
	at io.grpc.internal.ServerCallImpl.closeInternal(ServerCallImpl.java:218)
	at io.grpc.internal.ServerCallImpl.close(ServerCallImpl.java:202)
	at io.grpc.stub.ServerCalls$ServerCallStreamObserverImpl.onError(ServerCalls.java:354)
	at com.google.cloud.spanner.MockSpannerServiceImpl.executeSql(MockSpannerServiceImpl.java:963)
	at com.google.spanner.v1.SpannerGrpc$MethodHandlers.invoke(SpannerGrpc.java:2070)
	at io.grpc.stub.ServerCalls$UnaryServerCallHandler$UnaryServerCallListener.onHalfClose(ServerCalls.java:180)
	at io.grpc.internal.ServerCallImpl$ServerStreamListenerImpl.halfClosed(ServerCallImpl.java:331)
	at io.grpc.internal.ServerImpl$JumpToApplicationThreadServerStreamListener$1HalfClosed.runInContext(ServerImpl.java:814)
	at io.grpc.internal.ContextRunnable.run(ContextRunnable.java:37)
	at io.grpc.internal.SerializingExecutor.run(SerializingExecutor.java:123)
	at java.base/java.util.concurrent.ThreadPoolExecutor.runWorker(ThreadPoolExecutor.java:1128)
	at java.base/java.util.concurrent.ThreadPoolExecutor$Worker.run(ThreadPoolExecutor.java:628)
	at java.base/java.lang.Thread.run(Thread.java:829)

Jan 25, 2023 3:19:24 AM io.grpc.internal.SerializingExecutor run
SEVERE: Exception while executing runnable io.grpc.internal.ServerImpl$JumpToApplicationThreadServerStreamListener$1HalfClosed@32b860a8
java.util.concurrent.RejectedExecutionException: event executor terminated
	at io.grpc.netty.shaded.io.netty.util.concurrent.SingleThreadEventExecutor.reject(SingleThreadEventExecutor.java:926)
	at io.grpc.netty.shaded.io.netty.util.concurrent.SingleThreadEventExecutor.offerTask(SingleThreadEventExecutor.java:353)
	at io.grpc.netty.shaded.io.netty.util.concurrent.SingleThreadEventExecutor.addTask(SingleThreadEventExecutor.java:346)
	at io.grpc.netty.shaded.io.netty.util.concurrent.SingleThreadEventExecutor.execute(SingleThreadEventExecutor.java:828)
	at io.grpc.netty.shaded.io.netty.util.concurrent.SingleThreadEventExecutor.execute(SingleThreadEventExecutor.java:818)
	at io.grpc.netty.shaded.io.grpc.netty.WriteQueue.scheduleFlush(WriteQueue.java:67)
	at io.grpc.netty.shaded.io.grpc.netty.NettyServerStream$Sink.writeFrameInternal(NettyServerStream.java:112)
	at io.grpc.netty.shaded.io.grpc.netty.NettyServerStream$Sink.writeFrame(NettyServerStream.java:137)
	at io.grpc.internal.AbstractServerStream.deliverFrame(AbstractServerStream.java:111)
	at io.grpc.internal.MessageFramer.commitToSink(MessageFramer.java:352)
	at io.grpc.internal.MessageFramer.close(MessageFramer.java:328)
	at io.grpc.internal.AbstractStream.endOfMessages(AbstractStream.java:84)
	at io.grpc.internal.AbstractServerStream.close(AbstractServerStream.java:120)
	at io.grpc.internal.ServerCallImpl.closeInternal(ServerCallImpl.java:218)
	at io.grpc.internal.ServerCallImpl.close(ServerCallImpl.java:202)
	at io.grpc.stub.ServerCalls$ServerCallStreamObserverImpl.onError(ServerCalls.java:354)
	at com.google.cloud.spanner.MockSpannerServiceImpl.executeSql(MockSpannerServiceImpl.java:963)
	at com.google.spanner.v1.SpannerGrpc$MethodHandlers.invoke(SpannerGrpc.java:2070)
	at io.grpc.stub.ServerCalls$UnaryServerCallHandler$UnaryServerCallListener.onHalfClose(ServerCalls.java:180)
	at io.grpc.internal.ServerCallImpl$ServerStreamListenerImpl.halfClosed(ServerCallImpl.java:331)
	at io.grpc.internal.ServerImpl$JumpToApplicationThreadServerStreamListener$1HalfClosed.runInContext(ServerImpl.java:814)
	at io.grpc.internal.ContextRunnable.run(ContextRunnable.java:37)
	at io.grpc.internal.SerializingExecutor.run(SerializingExecutor.java:123)
	at java.base/java.util.concurrent.ThreadPoolExecutor.runWorker(ThreadPoolExecutor.java:1128)
	at java.base/java.util.concurrent.ThreadPoolExecutor$Worker.run(ThreadPoolExecutor.java:628)
	at java.base/java.lang.Thread.run(Thread.java:829)

Jan 25, 2023 3:19:24 AM io.grpc.internal.SerializingExecutor run
SEVERE: Exception while executing runnable io.grpc.internal.ServerImpl$JumpToApplicationThreadServerStreamListener$1HalfClosed@170df886
java.lang.IllegalStateException: call already closed
	at com.google.common.base.Preconditions.checkState(Preconditions.java:511)
	at io.grpc.internal.ServerCallImpl.closeInternal(ServerCallImpl.java:209)
	at io.grpc.internal.ServerCallImpl.close(ServerCallImpl.java:202)
	at io.grpc.stub.ServerCalls$ServerCallStreamObserverImpl.onError(ServerCalls.java:354)
	at com.google.cloud.spanner.MockSpannerServiceImpl.executeStreamingSql(MockSpannerServiceImpl.java:1157)
	at com.google.spanner.v1.SpannerGrpc$MethodHandlers.invoke(SpannerGrpc.java:2075)
	at io.grpc.stub.ServerCalls$UnaryServerCallHandler$UnaryServerCallListener.onHalfClose(ServerCalls.java:180)
	at io.grpc.internal.ServerCallImpl$ServerStreamListenerImpl.halfClosed(ServerCallImpl.java:331)
	at io.grpc.internal.ServerImpl$JumpToApplicationThreadServerStreamListener$1HalfClosed.runInContext(ServerImpl.java:814)
	at io.grpc.internal.ContextRunnable.run(ContextRunnable.java:37)
	at io.grpc.internal.SerializingExecutor.run(SerializingExecutor.java:123)
	at java.base/java.util.concurrent.ThreadPoolExecutor.runWorker(ThreadPoolExecutor.java:1128)
	at java.base/java.util.concurrent.ThreadPoolExecutor$Worker.run(ThreadPoolExecutor.java:628)
	at java.base/java.lang.Thread.run(Thread.java:829)

Jan 25, 2023 3:19:24 AM io.grpc.internal.SerializingExecutor run
SEVERE: Exception while executing runnable io.grpc.internal.ServerImpl$JumpToApplicationThreadServerStreamListener$1HalfClosed@53670a27
java.util.concurrent.RejectedExecutionException: event executor terminated
	at io.grpc.netty.shaded.io.netty.util.concurrent.SingleThreadEventExecutor.reject(SingleThreadEventExecutor.java:926)
	at io.grpc.netty.shaded.io.netty.util.concurrent.SingleThreadEventExecutor.offerTask(SingleThreadEventExecutor.java:353)
	at io.grpc.netty.shaded.io.netty.util.concurrent.SingleThreadEventExecutor.addTask(SingleThreadEventExecutor.java:346)
	at io.grpc.netty.shaded.io.netty.util.concurrent.SingleThreadEventExecutor.execute(SingleThreadEventExecutor.java:828)
	at io.grpc.netty.shaded.io.netty.util.concurrent.SingleThreadEventExecutor.execute(SingleThreadEventExecutor.java:818)
	at io.grpc.netty.shaded.io.grpc.netty.WriteQueue.scheduleFlush(WriteQueue.java:67)
	at io.grpc.netty.shaded.io.grpc.netty.NettyServerStream$Sink.writeFrameInternal(NettyServerStream.java:112)
	at io.grpc.netty.shaded.io.grpc.netty.NettyServerStream$Sink.writeFrame(NettyServerStream.java:137)
	at io.grpc.internal.AbstractServerStream.deliverFrame(AbstractServerStream.java:111)
	at io.grpc.internal.MessageFramer.commitToSink(MessageFramer.java:352)
	at io.grpc.internal.MessageFramer.close(MessageFramer.java:328)
	at io.grpc.internal.AbstractStream.endOfMessages(AbstractStream.java:84)
	at io.grpc.internal.AbstractServerStream.close(AbstractServerStream.java:120)
	at io.grpc.internal.ServerCallImpl.closeInternal(ServerCallImpl.java:218)
	at io.grpc.internal.ServerCallImpl.close(ServerCallImpl.java:202)
	at io.grpc.stub.ServerCalls$ServerCallStreamObserverImpl.onError(ServerCalls.java:354)
	at com.google.cloud.spanner.MockSpannerServiceImpl.executeStreamingSql(MockSpannerServiceImpl.java:1155)
	at com.google.spanner.v1.SpannerGrpc$MethodHandlers.invoke(SpannerGrpc.java:2075)
	at io.grpc.stub.ServerCalls$UnaryServerCallHandler$UnaryServerCallListener.onHalfClose(ServerCalls.java:180)
	at io.grpc.internal.ServerCallImpl$ServerStreamListenerImpl.halfClosed(ServerCallImpl.java:331)
	at io.grpc.internal.ServerImpl$JumpToApplicationThreadServerStreamListener$1HalfClosed.runInContext(ServerImpl.java:814)
	at io.grpc.internal.ContextRunnable.run(ContextRunnable.java:37)
	at io.grpc.internal.SerializingExecutor.run(SerializingExecutor.java:123)
	at java.base/java.util.concurrent.ThreadPoolExecutor.runWorker(ThreadPoolExecutor.java:1128)
	at java.base/java.util.concurrent.ThreadPoolExecutor$Worker.run(ThreadPoolExecutor.java:628)
	at java.base/java.lang.Thread.run(Thread.java:829)

[INFO] Tests run: 28, Failures: 0, Errors: 0, Skipped: 0, Time elapsed: 15.934 s - in com.google.cloud.spanner.AsyncResultSetImplStressTest
[INFO] Running com.google.cloud.spanner.SessionPoolStressTest
[INFO] Tests run: 6, Failures: 0, Errors: 0, Skipped: 0, Time elapsed: 19.289 s - in com.google.cloud.spanner.SessionPoolStressTest
[INFO] Running com.google.cloud.spanner.RetryOnInvalidatedSessionTest
[INFO] Tests run: 104, Failures: 0, Errors: 0, Skipped: 0, Time elapsed: 3.261 s - in com.google.cloud.spanner.RetryOnInvalidatedSessionTest
[INFO] Running com.google.cloud.spanner.IsRetryableInternalErrorTest
[INFO] Tests run: 10, Failures: 0, Errors: 0, Skipped: 0, Time elapsed: 0 s - in com.google.cloud.spanner.IsRetryableInternalErrorTest
[INFO] Running com.google.cloud.spanner.InstanceConfigIdTest
[INFO] Tests run: 2, Failures: 0, Errors: 0, Skipped: 0, Time elapsed: 0 s - in com.google.cloud.spanner.InstanceConfigIdTest
[INFO] Running com.google.cloud.spanner.SpannerApiFuturesTest
[INFO] Tests run: 7, Failures: 0, Errors: 0, Skipped: 0, Time elapsed: 0 s - in com.google.cloud.spanner.SpannerApiFuturesTest
[INFO] Running com.google.cloud.spanner.SessionPoolOptionsTest
[INFO] Tests run: 21, Failures: 0, Errors: 0, Skipped: 0, Time elapsed: 0 s - in com.google.cloud.spanner.SessionPoolOptionsTest
[INFO] Running com.google.cloud.spanner.PartitionOptionsTest
[INFO] Tests run: 6, Failures: 0, Errors: 0, Skipped: 0, Time elapsed: 0 s - in com.google.cloud.spanner.PartitionOptionsTest
[INFO] Running com.google.cloud.spanner.DatabaseTest
[INFO] Tests run: 6, Failures: 0, Errors: 0, Skipped: 0, Time elapsed: 0 s - in com.google.cloud.spanner.DatabaseTest
[INFO] Running com.google.cloud.spanner.StatementTest
[INFO] Tests run: 10, Failures: 0, Errors: 0, Skipped: 0, Time elapsed: 0 s - in com.google.cloud.spanner.StatementTest
[INFO] Running com.google.cloud.spanner.BatchClientImplTest
[INFO] Tests run: 2, Failures: 0, Errors: 0, Skipped: 0, Time elapsed: 0.005 s - in com.google.cloud.spanner.BatchClientImplTest
[INFO] Running com.google.cloud.spanner.BatchCreateSessionsTest
[INFO] Tests run: 6, Failures: 0, Errors: 0, Skipped: 0, Time elapsed: 1.282 s - in com.google.cloud.spanner.BatchCreateSessionsTest
[INFO] Running com.google.cloud.spanner.SpannerImplTest
[INFO] Tests run: 6, Failures: 0, Errors: 0, Skipped: 0, Time elapsed: 0.7 s - in com.google.cloud.spanner.SpannerImplTest
[INFO] Running com.google.cloud.spanner.SessionPoolMaintainerTest
[INFO] Tests run: 2, Failures: 0, Errors: 0, Skipped: 0, Time elapsed: 0.011 s - in com.google.cloud.spanner.SessionPoolMaintainerTest
[INFO] Running com.google.cloud.spanner.TypeTest
[INFO] Tests run: 23, Failures: 0, Errors: 0, Skipped: 0, Time elapsed: 0.026 s - in com.google.cloud.spanner.TypeTest
[INFO] Running com.google.cloud.spanner.TransactionManagerAbortedTest
[INFO] Tests run: 9, Failures: 0, Errors: 0, Skipped: 0, Time elapsed: 0.236 s - in com.google.cloud.spanner.TransactionManagerAbortedTest
[INFO] Running com.google.cloud.spanner.SpannerExceptionFactoryTest
[INFO] Tests run: 13, Failures: 0, Errors: 0, Skipped: 0, Time elapsed: 0.013 s - in com.google.cloud.spanner.SpannerExceptionFactoryTest
[INFO] Running com.google.cloud.spanner.SpannerRetryHelperTest
[INFO] Tests run: 8, Failures: 0, Errors: 0, Skipped: 0, Time elapsed: 0.227 s - in com.google.cloud.spanner.SpannerRetryHelperTest
[INFO] Running com.google.cloud.spanner.admin.database.v1.DatabaseAdminClientTest
[INFO] Tests run: 34, Failures: 0, Errors: 0, Skipped: 0, Time elapsed: 0.098 s - in com.google.cloud.spanner.admin.database.v1.DatabaseAdminClientTest
[INFO] Running com.google.cloud.spanner.admin.instance.v1.InstanceAdminClientTest
[INFO] Tests run: 20, Failures: 0, Errors: 0, Skipped: 0, Time elapsed: 0.075 s - in com.google.cloud.spanner.admin.instance.v1.InstanceAdminClientTest
[INFO] Running com.google.cloud.spanner.DatabaseAdminGaxTest
[INFO] Tests run: 24, Failures: 0, Errors: 0, Skipped: 0, Time elapsed: 0.293 s - in com.google.cloud.spanner.DatabaseAdminGaxTest
[INFO] Running com.google.cloud.spanner.StructTest
[INFO] Tests run: 7, Failures: 0, Errors: 0, Skipped: 0, Time elapsed: 0.042 s - in com.google.cloud.spanner.StructTest
[INFO] Running com.google.cloud.spanner.SessionPoolLeakTest
[INFO] Tests run: 4, Failures: 0, Errors: 0, Skipped: 0, Time elapsed: 0.031 s - in com.google.cloud.spanner.SessionPoolLeakTest
[INFO] Running com.google.cloud.spanner.AbstractReadContextTest
[INFO] Tests run: 4, Failures: 0, Errors: 0, Skipped: 0, Time elapsed: 0 s - in com.google.cloud.spanner.AbstractReadContextTest
[INFO] Running com.google.cloud.spanner.TransactionManagerImplTest
[INFO] Tests run: 12, Failures: 0, Errors: 0, Skipped: 0, Time elapsed: 0.008 s - in com.google.cloud.spanner.TransactionManagerImplTest
[INFO] Running com.google.cloud.spanner.ReadAsyncTest
[INFO] Tests run: 10, Failures: 0, Errors: 0, Skipped: 0, Time elapsed: 0.093 s - in com.google.cloud.spanner.ReadAsyncTest
[INFO] Running com.google.cloud.spanner.InstanceIdTest
[INFO] Tests run: 2, Failures: 0, Errors: 0, Skipped: 0, Time elapsed: 0 s - in com.google.cloud.spanner.InstanceIdTest
[INFO] Running com.google.cloud.spanner.LazySpannerInitializerTest
[INFO] Tests run: 3, Failures: 0, Errors: 0, Skipped: 0, Time elapsed: 0.005 s - in com.google.cloud.spanner.LazySpannerInitializerTest
[INFO] Running com.google.cloud.spanner.PartitionedDmlTransactionTest
[INFO] Tests run: 8, Failures: 0, Errors: 0, Skipped: 0, Time elapsed: 0.022 s - in com.google.cloud.spanner.PartitionedDmlTransactionTest
[INFO] Running com.google.cloud.spanner.KeyRangeTest
[INFO] Tests run: 7, Failures: 0, Errors: 0, Skipped: 0, Time elapsed: 0.002 s - in com.google.cloud.spanner.KeyRangeTest
[INFO] Running com.google.cloud.spanner.ReadFormatTest
[INFO] Tests run: 16, Failures: 0, Errors: 0, Skipped: 0, Time elapsed: 0.057 s - in com.google.cloud.spanner.ReadFormatTest
[INFO] Running com.google.cloud.spanner.BackendExhaustedTest
[INFO] Tests run: 1, Failures: 0, Errors: 0, Skipped: 0, Time elapsed: 10.13 s - in com.google.cloud.spanner.BackendExhaustedTest
[INFO] Running com.google.cloud.spanner.InstanceTest
[INFO] Tests run: 9, Failures: 0, Errors: 0, Skipped: 0, Time elapsed: 0.019 s - in com.google.cloud.spanner.InstanceTest
Jan 25, 2023 3:20:15 AM com.google.cloud.spanner.connection.SpannerPool checkAndCloseSpanners
WARNING: There is/are 5 connection(s) still open. Close all connections before stopping the application
Jan 25, 2023 3:20:15 AM com.google.cloud.spanner.connection.SpannerPool checkAndCloseSpanners
WARNING: There is/are 1 connection(s) still open. Close all connections before stopping the application
[INFO] 
[INFO] Results:
[INFO] 
[INFO] Tests run: 3880, Failures: 0, Errors: 0, Skipped: 0
[INFO] 
[INFO] 
[INFO] --- maven-surefire-plugin:3.0.0-M5:test (tracer) @ google-cloud-spanner ---
[INFO] 
[INFO] -------------------------------------------------------
[INFO]  T E S T S
[INFO] -------------------------------------------------------
[ERROR] WARNING: An illegal reflective access operation has occurred
[ERROR] WARNING: Illegal reflective access by com.google.cloud.spanner.SpanTest (file:/home/gabsko/breaking-updates/google-cloud-spanner/target/test-classes/) to field java.lang.reflect.Field.modifiers
[ERROR] WARNING: Please consider reporting this to the maintainers of com.google.cloud.spanner.SpanTest
[ERROR] WARNING: Use --illegal-access=warn to enable warnings of further illegal reflective access operations
[ERROR] WARNING: All illegal access operations will be denied in a future release
[INFO] Running com.google.cloud.spanner.SpanTest
[INFO] Tests run: 6, Failures: 0, Errors: 0, Skipped: 0, Time elapsed: 1.226 s - in com.google.cloud.spanner.SpanTest
[INFO] 
[INFO] Results:
[INFO] 
[INFO] Tests run: 6, Failures: 0, Errors: 0, Skipped: 0
[INFO] 
[INFO] 
[INFO] -------------< com.google.cloud:google-cloud-spanner-bom >--------------
[INFO] Building Google Cloud Spanner BOM 2.0.3-SNAPSHOT                   [9/9]
[INFO] --------------------------------[ pom ]---------------------------------
[INFO] 
[INFO] --- maven-clean-plugin:2.5:clean (default-clean) @ google-cloud-spanner-bom ---
[INFO] 
[INFO] --- maven-enforcer-plugin:3.0.0-M3:enforce (enforce) @ google-cloud-spanner-bom ---
[INFO] Adding ignore: module-info
[INFO] Adding ignore: META-INF/versions/*/module-info
[INFO] 
[INFO] --- maven-checkstyle-plugin:3.1.1:check (checkstyle) @ google-cloud-spanner-bom ---
[INFO] 
[INFO] --- jacoco-maven-plugin:0.8.5:prepare-agent (default) @ google-cloud-spanner-bom ---
[INFO] argLine set to -javaagent:/home/gabsko/.m2/repository/org/jacoco/org.jacoco.agent/0.8.5/org.jacoco.agent-0.8.5-runtime.jar=destfile=/home/gabsko/breaking-updates/google-cloud-spanner-bom/target/jacoco.exec
[INFO] 
[INFO] --- build-helper-maven-plugin:3.2.0:add-resource (add-main-proto-resources) @ google-cloud-spanner-bom ---
[INFO] 
[INFO] --- build-helper-maven-plugin:3.2.0:add-test-resource (add-test-proto-resources) @ google-cloud-spanner-bom ---
[INFO] 
[INFO] --- jacoco-maven-plugin:0.8.5:report (report) @ google-cloud-spanner-bom ---
[INFO] Skipping JaCoCo execution due to missing execution data file.
[INFO] ------------------------------------------------------------------------
[INFO] Reactor Summary for Google Cloud Spanner Parent 2.0.3-SNAPSHOT:
[INFO] 
[INFO] Google Cloud Spanner Parent ........................ SUCCESS [  1.471 s]
[INFO] proto-google-cloud-spanner-admin-instance-v1 ....... SUCCESS [  2.666 s]
[INFO] proto-google-cloud-spanner-v1 ...................... SUCCESS [  2.226 s]
[INFO] proto-google-cloud-spanner-admin-database-v1 ....... SUCCESS [  1.564 s]
[INFO] grpc-google-cloud-spanner-v1 ....................... SUCCESS [  0.225 s]
[INFO] grpc-google-cloud-spanner-admin-instance-v1 ........ SUCCESS [  0.143 s]
[INFO] grpc-google-cloud-spanner-admin-database-v1 ........ SUCCESS [  0.164 s]
[INFO] Google Cloud Spanner ............................... SUCCESS [01:52 min]
[INFO] Google Cloud Spanner BOM ........................... SUCCESS [  0.010 s]
[INFO] ------------------------------------------------------------------------
[INFO] BUILD SUCCESS
[INFO] ------------------------------------------------------------------------
[INFO] Total time:  02:02 min
[INFO] Finished at: 2023-01-25T03:20:19Z
[INFO] ------------------------------------------------------------------------
