[INFO] Scanning for projects...
[WARNING] The project net.snowflake:snowflake-jdbc:jar:3.12.13 uses prerequisites which is only intended for maven-plugin projects but not for non maven-plugin projects. For such purposes you should use the maven-enforcer-plugin. See https://maven.apache.org/enforcer/enforcer-rules/requireMavenVersion.html
[INFO] 
[INFO] --------------------< net.snowflake:snowflake-jdbc >--------------------
[INFO] Building snowflake-jdbc 3.12.13
[INFO] --------------------------------[ jar ]---------------------------------
[INFO] Downloading from Central: https://nexus.int.snowflakecomputing.com/repository/maven-central/net/minidev/json-smart/maven-metadata.xml
[WARNING] Could not transfer metadata net.minidev:json-smart/maven-metadata.xml from/to Central (https://nexus.int.snowflakecomputing.com/repository/maven-central/): authorization failed for https://nexus.int.snowflakecomputing.com/repository/maven-central/net/minidev/json-smart/maven-metadata.xml, status: 403 Forbidden
[INFO] 
[INFO] --- maven-clean-plugin:3.0.0:clean (default-clean) @ snowflake-jdbc ---
[INFO] Deleting /home/gabsko/breaking-updates/target
[INFO] 
[INFO] --- maven-install-plugin:3.0.0-M1:install-file (install-arrow-memory) @ snowflake-jdbc ---
[INFO] Installing /home/gabsko/breaking-updates/dependencies/arrow-memory-0.15.1.jar to /home/gabsko/.m2/repository/org/apache/arrow/arrow-memory/0.15.1/arrow-memory-0.15.1.jar
[INFO] Installing /tmp/arrow-memory-0.15.117917172363235274794.pom to /home/gabsko/.m2/repository/org/apache/arrow/arrow-memory/0.15.1/arrow-memory-0.15.1.pom
[INFO] 
[INFO] --- maven-install-plugin:3.0.0-M1:install-file (install-arrow-format) @ snowflake-jdbc ---
[INFO] Installing /home/gabsko/breaking-updates/dependencies/arrow-format-0.15.1.jar to /home/gabsko/.m2/repository/org/apache/arrow/arrow-format/0.15.1/arrow-format-0.15.1.jar
[INFO] Installing /tmp/arrow-format-0.15.111786791969411501863.pom to /home/gabsko/.m2/repository/org/apache/arrow/arrow-format/0.15.1/arrow-format-0.15.1.pom
[INFO] 
[INFO] --- maven-install-plugin:3.0.0-M1:install-file (install-arrow-vector) @ snowflake-jdbc ---
[INFO] Installing /home/gabsko/breaking-updates/dependencies/arrow-vector-0.15.1.jar to /home/gabsko/.m2/repository/org/apache/arrow/arrow-vector/0.15.1/arrow-vector-0.15.1.jar
[INFO] Installing /tmp/arrow-vector-0.15.17795017020005184472.pom to /home/gabsko/.m2/repository/org/apache/arrow/arrow-vector/0.15.1/arrow-vector-0.15.1.pom
[INFO] 
[INFO] --- jacoco-maven-plugin:0.8.4:prepare-agent (pre-unit-test) @ snowflake-jdbc ---
[INFO] Skipping JaCoCo execution because property jacoco.skip is set.
[INFO] argLine set to empty
[INFO] 
[INFO] --- maven-resources-plugin:2.6:resources (default-resources) @ snowflake-jdbc ---
[INFO] Using 'UTF-8' encoding to copy filtered resources.
[INFO] Copying 6 resources
[INFO] 
[INFO] --- maven-compiler-plugin:3.8.0:compile (default-compile) @ snowflake-jdbc ---
[INFO] Changes detected - recompiling the module!
[INFO] Compiling 192 source files to /home/gabsko/breaking-updates/target/classes
[WARNING] [options] bootstrap class path not set in conjunction with -source 8
[WARNING] /home/gabsko/breaking-updates/src/main/java/net/snowflake/client/core/arrow/AbstractArrowVectorConverter.java:[175,16] [serial] serializable class TimestampOperationNotAvailableException has no definition of serialVersionUID
[WARNING] /home/gabsko/breaking-updates/src/main/java/net/snowflake/client/core/SFTrustManager.java:[233,6] [rawtypes] found raw type: Class
  missing type arguments for generic class Class<T>
  where T is a type-variable:
    T extends Object declared in class Class
[WARNING] /home/gabsko/breaking-updates/src/main/java/net/snowflake/client/core/SFTrustManager.java:[234,52] [unchecked] unchecked call to getDeclaredConstructor(Class<?>...) as a member of the raw type Class
  where T is a type-variable:
    T extends Object declared in class Class
[WARNING] /home/gabsko/breaking-updates/src/main/java/net/snowflake/client/core/SFStatement.java:[454,76] [unchecked] unchecked cast
  required: List<String>
  found:    Object
[WARNING] /home/gabsko/breaking-updates/src/main/java/net/snowflake/client/jdbc/FileBackedOutputStream.java:[101,27] [deprecation] finalize() in Object has been deprecated
[WARNING] /home/gabsko/breaking-updates/src/main/java/net/snowflake/client/jdbc/cloud/storage/SnowflakeGCSClient.java:[630,17] [deprecation] create(BlobInfo,InputStream,BlobWriteOption...) in Storage has been deprecated
[WARNING] /home/gabsko/breaking-updates/src/main/java/net/snowflake/client/jdbc/SnowflakeSQLLoggedException.java:[33,7] [serial] serializable class SnowflakeSQLLoggedException has no definition of serialVersionUID
[WARNING] /home/gabsko/breaking-updates/src/main/java/net/snowflake/client/jdbc/telemetryOOB/TelemetryService.java:[342,19] [static] static variable should be qualified by type name, TelemetryService, instead of by an expression
[WARNING] /home/gabsko/breaking-updates/src/main/java/net/snowflake/client/jdbc/SnowflakePreparedStatementV1.java:[474,94] [unchecked] unchecked cast
  required: List<String>
  found:    Object
[WARNING] /home/gabsko/breaking-updates/src/main/java/net/snowflake/client/jdbc/SnowflakePreparedStatementV1.java:[489,90] [unchecked] unchecked cast
  required: List<String>
  found:    Object
[WARNING] /home/gabsko/breaking-updates/src/main/java/net/snowflake/client/jdbc/SnowflakeResultSetMetaDataV1.java:[82,15] [unchecked] unchecked cast
  required: T
  found:    SnowflakeResultSetMetaDataV1
  where T is a type-variable:
    T extends Object declared in method <T>unwrap(Class<T>)
[WARNING] /home/gabsko/breaking-updates/src/main/java/net/snowflake/client/jdbc/ArrowResultChunk.java:[57,8] [static] static variable should be qualified by type name, ArrowResultChunk, instead of by an expression
[WARNING] /home/gabsko/breaking-updates/src/main/java/net/snowflake/client/core/SecureStorageAppleManager.java:[191,30] [deprecation] <T>loadLibrary(String,Class<T>) in Native has been deprecated
  where T is a type-variable:
    T extends Object declared in method <T>loadLibrary(String,Class<T>)
[WARNING] /home/gabsko/breaking-updates/src/main/java/net/snowflake/client/core/SecureStorageAppleManager.java:[191,10] [cast] redundant cast to SecurityLib
[WARNING] /home/gabsko/breaking-updates/src/main/java/net/snowflake/client/core/SecureStorageWindowsManager.java:[264,20] [deprecation] <T>loadLibrary(String,Class<T>,Map<String,?>) in Native has been deprecated
  where T is a type-variable:
    T extends Object declared in method <T>loadLibrary(String,Class<T>,Map<String,?>)
[WARNING] /home/gabsko/breaking-updates/src/main/java/net/snowflake/client/core/SecureStorageWindowsManager.java:[263,10] [cast] redundant cast to Advapi32Lib
[WARNING] /home/gabsko/breaking-updates/src/main/java/net/snowflake/client/jdbc/SnowflakeBasicDataSource.java:[21,7] [serial] serializable class SnowflakeBasicDataSource has no definition of serialVersionUID
[WARNING] /home/gabsko/breaking-updates/src/main/java/net/snowflake/client/pooling/SnowflakeConnectionPoolDataSource.java:[12,7] [serial] serializable class SnowflakeConnectionPoolDataSource has no definition of serialVersionUID
[WARNING] /home/gabsko/breaking-updates/src/main/java/net/snowflake/client/jdbc/SnowflakeDriver.java:[72,6] [rawtypes] found raw type: Class
  missing type arguments for generic class Class<T>
  where T is a type-variable:
    T extends Object declared in class Class
[WARNING] /home/gabsko/breaking-updates/src/main/java/net/snowflake/client/jdbc/SnowflakeDriver.java:[78,39] [unchecked] unchecked call to getDeclaredMethod(String,Class<?>...) as a member of the raw type Class
[WARNING] /home/gabsko/breaking-updates/src/main/java/net/snowflake/client/jdbc/SnowflakeDriver.java:[80,62] [unchecked] unchecked call to getDeclaredMethod(String,Class<?>...) as a member of the raw type Class
[WARNING] /home/gabsko/breaking-updates/src/main/java/net/snowflake/client/jdbc/SnowflakeDriver.java:[82,6] [rawtypes] found raw type: Class
  missing type arguments for generic class Class<T>
  where T is a type-variable:
    T extends Object declared in class Class
[WARNING] /home/gabsko/breaking-updates/src/main/java/net/snowflake/client/jdbc/SnowflakeDriver.java:[218,27] [deprecation] getPackage(String) in Package has been deprecated
[WARNING] /home/gabsko/breaking-updates/src/main/java/net/snowflake/client/jdbc/SnowflakeChunkDownloader.java:[106,23] [rawtypes] found raw type: Future
  missing type arguments for generic class Future<V>
  where V is a type-variable:
    V extends Object declared in interface Future
[WARNING] /home/gabsko/breaking-updates/src/main/java/net/snowflake/client/jdbc/SnowflakeChunkDownloader.java:[335,8] [rawtypes] found raw type: Future
  missing type arguments for generic class Future<V>
  where V is a type-variable:
    V extends Object declared in interface Future
[WARNING] /home/gabsko/breaking-updates/src/main/java/net/snowflake/client/jdbc/SnowflakeChunkDownloader.java:[596,8] [rawtypes] found raw type: Future
  missing type arguments for generic class Future<V>
  where V is a type-variable:
    V extends Object declared in interface Future
[INFO] 
[INFO] --- maven-resources-plugin:2.6:testResources (default-testResources) @ snowflake-jdbc ---
[INFO] Using 'UTF-8' encoding to copy filtered resources.
[INFO] Copying 18 resources
[INFO] 
[INFO] --- maven-compiler-plugin:3.8.0:testCompile (default-testCompile) @ snowflake-jdbc ---
[INFO] Changes detected - recompiling the module!
[INFO] Compiling 141 source files to /home/gabsko/breaking-updates/target/test-classes
[WARNING] [options] bootstrap class path not set in conjunction with -source 8
[WARNING] /home/gabsko/breaking-updates/src/test/java/net/snowflake/client/ConditionalIgnoreRule.java:[85,30] [deprecation] newInstance() in Class has been deprecated
  where T is a type-variable:
    T extends Object declared in class Class
[WARNING] /home/gabsko/breaking-updates/src/test/java/net/snowflake/client/jdbc/BindingDataIT.java:[70,35] [deprecation] Short(short) in Short has been deprecated
[WARNING] /home/gabsko/breaking-updates/src/test/java/net/snowflake/client/jdbc/BindingDataIT.java:[74,35] [deprecation] Short(short) in Short has been deprecated
[WARNING] /home/gabsko/breaking-updates/src/test/java/net/snowflake/client/jdbc/telemetryOOB/TelemetryServiceIT.java:[34,11] [static] static method should be qualified by type name, TelemetryService, instead of by an expression
[WARNING] /home/gabsko/breaking-updates/src/test/java/net/snowflake/client/jdbc/telemetryOOB/TelemetryServiceIT.java:[43,13] [static] static method should be qualified by type name, TelemetryService, instead of by an expression
[WARNING] /home/gabsko/breaking-updates/src/test/java/net/snowflake/client/jdbc/telemetryOOB/TelemetryServiceIT.java:[45,13] [static] static method should be qualified by type name, TelemetryService, instead of by an expression
[WARNING] /home/gabsko/breaking-updates/src/test/java/net/snowflake/client/jdbc/SnowflakeTimestampNTZAsUTCTest.java:[35,16] [rawtypes] found raw type: Collection
  missing type arguments for generic class Collection<E>
  where E is a type-variable:
    E extends Object declared in interface Collection
[WARNING] /home/gabsko/breaking-updates/src/test/java/net/snowflake/client/jdbc/FileUploaderMimeTypeToCompressionTypeTest.java:[33,16] [rawtypes] found raw type: Collection
  missing type arguments for generic class Collection<E>
  where E is a type-variable:
    E extends Object declared in interface Collection
[WARNING] /home/gabsko/breaking-updates/src/test/java/net/snowflake/client/core/arrow/ArrowResultUtilTest.java:[56,16] [deprecation] getDate(String,TimeZone,SFSession) in ResultUtil has been deprecated
[WARNING] /home/gabsko/breaking-updates/src/test/java/net/snowflake/client/jdbc/SnowflakeResultSetSerializableIT.java:[817,4] [deprecation] <T>assertThat(T,Matcher<? super T>) in Assert has been deprecated
  where T is a type-variable:
    T extends Object declared in method <T>assertThat(T,Matcher<? super T>)
[WARNING] /home/gabsko/breaking-updates/src/test/java/net/snowflake/client/jdbc/SnowflakeResultSetSerializableIT.java:[818,4] [deprecation] <T>assertThat(T,Matcher<? super T>) in Assert has been deprecated
  where T is a type-variable:
    T extends Object declared in method <T>assertThat(T,Matcher<? super T>)
[WARNING] /home/gabsko/breaking-updates/src/test/java/net/snowflake/client/jdbc/DatabaseMetaDataIT.java:[113,6] [deprecation] <T>assertThat(T,Matcher<? super T>) in Assert has been deprecated
  where T is a type-variable:
    T extends Object declared in method <T>assertThat(T,Matcher<? super T>)
[WARNING] /home/gabsko/breaking-updates/src/test/java/net/snowflake/client/jdbc/DatabaseMetaDataIT.java:[150,6] [deprecation] <T>assertThat(T,Matcher<? super T>) in Assert has been deprecated
  where T is a type-variable:
    T extends Object declared in method <T>assertThat(T,Matcher<? super T>)
[WARNING] /home/gabsko/breaking-updates/src/test/java/net/snowflake/client/jdbc/DatabaseMetaDataIT.java:[157,6] [deprecation] <T>assertThat(T,Matcher<? super T>) in Assert has been deprecated
  where T is a type-variable:
    T extends Object declared in method <T>assertThat(T,Matcher<? super T>)
[WARNING] /home/gabsko/breaking-updates/src/test/java/net/snowflake/client/jdbc/DatabaseMetaDataIT.java:[158,6] [deprecation] <T>assertThat(T,Matcher<? super T>) in Assert has been deprecated
  where T is a type-variable:
    T extends Object declared in method <T>assertThat(T,Matcher<? super T>)
[WARNING] /home/gabsko/breaking-updates/src/test/java/net/snowflake/client/jdbc/DatabaseMetaDataIT.java:[175,6] [deprecation] <T>assertThat(T,Matcher<? super T>) in Assert has been deprecated
  where T is a type-variable:
    T extends Object declared in method <T>assertThat(T,Matcher<? super T>)
[WARNING] /home/gabsko/breaking-updates/src/test/java/net/snowflake/client/jdbc/DatabaseMetaDataIT.java:[269,6] [deprecation] <T>assertThat(T,Matcher<? super T>) in Assert has been deprecated
  where T is a type-variable:
    T extends Object declared in method <T>assertThat(T,Matcher<? super T>)
[WARNING] /home/gabsko/breaking-updates/src/test/java/net/snowflake/client/jdbc/DatabaseMetaDataIT.java:[272,6] [deprecation] <T>assertThat(T,Matcher<? super T>) in Assert has been deprecated
  where T is a type-variable:
    T extends Object declared in method <T>assertThat(T,Matcher<? super T>)
[WARNING] /home/gabsko/breaking-updates/src/test/java/net/snowflake/client/jdbc/DatabaseMetaDataIT.java:[275,6] [deprecation] <T>assertThat(T,Matcher<? super T>) in Assert has been deprecated
  where T is a type-variable:
    T extends Object declared in method <T>assertThat(T,Matcher<? super T>)
[WARNING] /home/gabsko/breaking-updates/src/test/java/net/snowflake/client/jdbc/DatabaseMetaDataIT.java:[278,6] [deprecation] <T>assertThat(T,Matcher<? super T>) in Assert has been deprecated
  where T is a type-variable:
    T extends Object declared in method <T>assertThat(T,Matcher<? super T>)
[WARNING] /home/gabsko/breaking-updates/src/test/java/net/snowflake/client/jdbc/DatabaseMetaDataIT.java:[281,6] [deprecation] <T>assertThat(T,Matcher<? super T>) in Assert has been deprecated
  where T is a type-variable:
    T extends Object declared in method <T>assertThat(T,Matcher<? super T>)
[WARNING] /home/gabsko/breaking-updates/src/test/java/net/snowflake/client/jdbc/DatabaseMetaDataIT.java:[284,6] [deprecation] <T>assertThat(T,Matcher<? super T>) in Assert has been deprecated
  where T is a type-variable:
    T extends Object declared in method <T>assertThat(T,Matcher<? super T>)
[WARNING] /home/gabsko/breaking-updates/src/test/java/net/snowflake/client/jdbc/DatabaseMetaDataIT.java:[287,6] [deprecation] <T>assertThat(T,Matcher<? super T>) in Assert has been deprecated
  where T is a type-variable:
    T extends Object declared in method <T>assertThat(T,Matcher<? super T>)
[WARNING] /home/gabsko/breaking-updates/src/test/java/net/snowflake/client/jdbc/PreparedStatement2LatestIT.java:[82,16] [deprecation] <T>assertThat(T,Matcher<? super T>) in Assert has been deprecated
  where T is a type-variable:
    T extends Object declared in method <T>assertThat(T,Matcher<? super T>)
[WARNING] /home/gabsko/breaking-updates/src/test/java/net/snowflake/client/core/SessionUtilExternalBrowserTest.java:[152,6] [deprecation] <T>assertThat(String,T,Matcher<? super T>) in Assert has been deprecated
  where T is a type-variable:
    T extends Object declared in method <T>assertThat(String,T,Matcher<? super T>)
[WARNING] /home/gabsko/breaking-updates/src/test/java/net/snowflake/client/core/SessionUtilExternalBrowserTest.java:[156,6] [deprecation] <T>assertThat(String,T,Matcher<? super T>) in Assert has been deprecated
  where T is a type-variable:
    T extends Object declared in method <T>assertThat(String,T,Matcher<? super T>)
[WARNING] /home/gabsko/breaking-updates/src/test/java/net/snowflake/client/core/SessionUtilExternalBrowserTest.java:[185,8] [deprecation] <T>assertThat(String,T,Matcher<? super T>) in Assert has been deprecated
  where T is a type-variable:
    T extends Object declared in method <T>assertThat(String,T,Matcher<? super T>)
[WARNING] /home/gabsko/breaking-updates/src/test/java/net/snowflake/client/jdbc/HeartbeatIT.java:[176,6] [deprecation] <T>assertThat(String,T,Matcher<? super T>) in Assert has been deprecated
  where T is a type-variable:
    T extends Object declared in method <T>assertThat(String,T,Matcher<? super T>)
[WARNING] /home/gabsko/breaking-updates/src/test/java/net/snowflake/client/jdbc/HeartbeatIT.java:[180,6] [deprecation] <T>assertThat(String,T,Matcher<? super T>) in Assert has been deprecated
  where T is a type-variable:
    T extends Object declared in method <T>assertThat(String,T,Matcher<? super T>)
[WARNING] /home/gabsko/breaking-updates/src/test/java/net/snowflake/client/jdbc/HeartbeatIT.java:[181,6] [deprecation] <T>assertThat(String,T,Matcher<? super T>) in Assert has been deprecated
  where T is a type-variable:
    T extends Object declared in method <T>assertThat(String,T,Matcher<? super T>)
[WARNING] /home/gabsko/breaking-updates/src/test/java/net/snowflake/client/core/SFTrustManagerIT.java:[55,11] [static] static method should be qualified by type name, TelemetryService, instead of by an expression
[WARNING] /home/gabsko/breaking-updates/src/test/java/net/snowflake/client/core/SFTrustManagerIT.java:[64,13] [static] static method should be qualified by type name, TelemetryService, instead of by an expression
[WARNING] /home/gabsko/breaking-updates/src/test/java/net/snowflake/client/core/SFTrustManagerIT.java:[66,13] [static] static method should be qualified by type name, TelemetryService, instead of by an expression
[WARNING] /home/gabsko/breaking-updates/src/test/java/net/snowflake/client/jdbc/SnowflakeDriverTest.java:[421,4] [deprecation] <T>assertThat(T,Matcher<? super T>) in Assert has been deprecated
  where T is a type-variable:
    T extends Object declared in method <T>assertThat(T,Matcher<? super T>)
[WARNING] /home/gabsko/breaking-updates/src/test/java/net/snowflake/client/jdbc/SnowflakeDriverTest.java:[422,4] [deprecation] <T>assertThat(T,Matcher<? super T>) in Assert has been deprecated
  where T is a type-variable:
    T extends Object declared in method <T>assertThat(T,Matcher<? super T>)
[WARNING] /home/gabsko/breaking-updates/src/test/java/net/snowflake/client/jdbc/SnowflakeDriverTest.java:[443,19] [static] static method should be qualified by type name, SnowflakeDriver, instead of by an expression
[WARNING] /home/gabsko/breaking-updates/src/test/java/net/snowflake/client/jdbc/ResultSetJsonVsArrowIT.java:[1610,10] [deprecation] <T>assertThat(T,Matcher<? super T>) in Assert has been deprecated
  where T is a type-variable:
    T extends Object declared in method <T>assertThat(T,Matcher<? super T>)
[WARNING] /home/gabsko/breaking-updates/src/test/java/net/snowflake/client/jdbc/ConnectionWithOCSPModeIT.java:[106,6] [deprecation] <T>assertThat(T,Matcher<? super T>) in Assert has been deprecated
  where T is a type-variable:
    T extends Object declared in method <T>assertThat(T,Matcher<? super T>)
[WARNING] /home/gabsko/breaking-updates/src/test/java/net/snowflake/client/jdbc/ConnectionWithOCSPModeIT.java:[107,6] [deprecation] <T>assertThat(T,Matcher<? super T>) in Assert has been deprecated
  where T is a type-variable:
    T extends Object declared in method <T>assertThat(T,Matcher<? super T>)
[WARNING] /home/gabsko/breaking-updates/src/test/java/net/snowflake/client/jdbc/ConnectionWithOCSPModeIT.java:[108,6] [deprecation] <T>assertThat(T,Matcher<? super T>) in Assert has been deprecated
  where T is a type-variable:
    T extends Object declared in method <T>assertThat(T,Matcher<? super T>)
[WARNING] /home/gabsko/breaking-updates/src/test/java/net/snowflake/client/jdbc/ConnectionWithOCSPModeIT.java:[124,6] [deprecation] <T>assertThat(T,Matcher<? super T>) in Assert has been deprecated
  where T is a type-variable:
    T extends Object declared in method <T>assertThat(T,Matcher<? super T>)
[WARNING] /home/gabsko/breaking-updates/src/test/java/net/snowflake/client/jdbc/ConnectionWithOCSPModeIT.java:[125,6] [deprecation] <T>assertThat(T,Matcher<? super T>) in Assert has been deprecated
  where T is a type-variable:
    T extends Object declared in method <T>assertThat(T,Matcher<? super T>)
[WARNING] /home/gabsko/breaking-updates/src/test/java/net/snowflake/client/jdbc/ConnectionWithOCSPModeIT.java:[127,6] [deprecation] <T>assertThat(T,Matcher<? super T>) in Assert has been deprecated
  where T is a type-variable:
    T extends Object declared in method <T>assertThat(T,Matcher<? super T>)
[WARNING] /home/gabsko/breaking-updates/src/test/java/net/snowflake/client/jdbc/ConnectionWithOCSPModeIT.java:[128,6] [deprecation] <T>assertThat(T,Matcher<? super T>) in Assert has been deprecated
  where T is a type-variable:
    T extends Object declared in method <T>assertThat(T,Matcher<? super T>)
[WARNING] /home/gabsko/breaking-updates/src/test/java/net/snowflake/client/jdbc/ConnectionWithOCSPModeIT.java:[144,6] [deprecation] <T>assertThat(T,Matcher<? super T>) in Assert has been deprecated
  where T is a type-variable:
    T extends Object declared in method <T>assertThat(T,Matcher<? super T>)
[WARNING] /home/gabsko/breaking-updates/src/test/java/net/snowflake/client/jdbc/ConnectionWithOCSPModeIT.java:[145,6] [deprecation] <T>assertThat(T,Matcher<? super T>) in Assert has been deprecated
  where T is a type-variable:
    T extends Object declared in method <T>assertThat(T,Matcher<? super T>)
[WARNING] /home/gabsko/breaking-updates/src/test/java/net/snowflake/client/jdbc/ConnectionWithOCSPModeIT.java:[146,6] [deprecation] <T>assertThat(T,Matcher<? super T>) in Assert has been deprecated
  where T is a type-variable:
    T extends Object declared in method <T>assertThat(T,Matcher<? super T>)
[WARNING] /home/gabsko/breaking-updates/src/test/java/net/snowflake/client/jdbc/ConnectionWithOCSPModeIT.java:[164,6] [deprecation] <T>assertThat(T,Matcher<? super T>) in Assert has been deprecated
  where T is a type-variable:
    T extends Object declared in method <T>assertThat(T,Matcher<? super T>)
[WARNING] /home/gabsko/breaking-updates/src/test/java/net/snowflake/client/jdbc/ConnectionWithOCSPModeIT.java:[165,6] [deprecation] <T>assertThat(T,Matcher<? super T>) in Assert has been deprecated
  where T is a type-variable:
    T extends Object declared in method <T>assertThat(T,Matcher<? super T>)
[WARNING] /home/gabsko/breaking-updates/src/test/java/net/snowflake/client/jdbc/ConnectionWithOCSPModeIT.java:[167,6] [deprecation] <T>assertThat(T,Matcher<? super T>) in Assert has been deprecated
  where T is a type-variable:
    T extends Object declared in method <T>assertThat(T,Matcher<? super T>)
[WARNING] /home/gabsko/breaking-updates/src/test/java/net/snowflake/client/jdbc/ConnectionWithOCSPModeIT.java:[168,6] [deprecation] <T>assertThat(T,Matcher<? super T>) in Assert has been deprecated
  where T is a type-variable:
    T extends Object declared in method <T>assertThat(T,Matcher<? super T>)
[WARNING] /home/gabsko/breaking-updates/src/test/java/net/snowflake/client/jdbc/ConnectionWithOCSPModeIT.java:[181,6] [deprecation] <T>assertThat(T,Matcher<? super T>) in Assert has been deprecated
  where T is a type-variable:
    T extends Object declared in method <T>assertThat(T,Matcher<? super T>)
[WARNING] /home/gabsko/breaking-updates/src/test/java/net/snowflake/client/jdbc/ConnectionWithOCSPModeIT.java:[182,6] [deprecation] <T>assertThat(T,Matcher<? super T>) in Assert has been deprecated
  where T is a type-variable:
    T extends Object declared in method <T>assertThat(T,Matcher<? super T>)
[WARNING] /home/gabsko/breaking-updates/src/test/java/net/snowflake/client/jdbc/ConnectionWithOCSPModeIT.java:[183,6] [deprecation] <T>assertThat(T,Matcher<? super T>) in Assert has been deprecated
  where T is a type-variable:
    T extends Object declared in method <T>assertThat(T,Matcher<? super T>)
[WARNING] /home/gabsko/breaking-updates/src/test/java/net/snowflake/client/jdbc/ConnectionWithOCSPModeIT.java:[196,6] [deprecation] <T>assertThat(T,Matcher<? super T>) in Assert has been deprecated
  where T is a type-variable:
    T extends Object declared in method <T>assertThat(T,Matcher<? super T>)
[WARNING] /home/gabsko/breaking-updates/src/test/java/net/snowflake/client/jdbc/ConnectionWithOCSPModeIT.java:[197,6] [deprecation] <T>assertThat(T,Matcher<? super T>) in Assert has been deprecated
  where T is a type-variable:
    T extends Object declared in method <T>assertThat(T,Matcher<? super T>)
[WARNING] /home/gabsko/breaking-updates/src/test/java/net/snowflake/client/jdbc/ConnectionWithOCSPModeIT.java:[198,6] [deprecation] <T>assertThat(T,Matcher<? super T>) in Assert has been deprecated
  where T is a type-variable:
    T extends Object declared in method <T>assertThat(T,Matcher<? super T>)
[WARNING] /home/gabsko/breaking-updates/src/test/java/net/snowflake/client/jdbc/ConnectionWithOCSPModeIT.java:[214,6] [deprecation] <T>assertThat(T,Matcher<? super T>) in Assert has been deprecated
  where T is a type-variable:
    T extends Object declared in method <T>assertThat(T,Matcher<? super T>)
[WARNING] /home/gabsko/breaking-updates/src/test/java/net/snowflake/client/jdbc/ConnectionWithOCSPModeIT.java:[215,6] [deprecation] <T>assertThat(T,Matcher<? super T>) in Assert has been deprecated
  where T is a type-variable:
    T extends Object declared in method <T>assertThat(T,Matcher<? super T>)
[WARNING] /home/gabsko/breaking-updates/src/test/java/net/snowflake/client/jdbc/ConnectionWithOCSPModeIT.java:[217,6] [deprecation] <T>assertThat(T,Matcher<? super T>) in Assert has been deprecated
  where T is a type-variable:
    T extends Object declared in method <T>assertThat(T,Matcher<? super T>)
[WARNING] /home/gabsko/breaking-updates/src/test/java/net/snowflake/client/jdbc/ConnectionWithOCSPModeIT.java:[218,6] [deprecation] <T>assertThat(T,Matcher<? super T>) in Assert has been deprecated
  where T is a type-variable:
    T extends Object declared in method <T>assertThat(T,Matcher<? super T>)
[WARNING] /home/gabsko/breaking-updates/src/test/java/net/snowflake/client/jdbc/ConnectionWithOCSPModeIT.java:[232,6] [deprecation] <T>assertThat(T,Matcher<? super T>) in Assert has been deprecated
  where T is a type-variable:
    T extends Object declared in method <T>assertThat(T,Matcher<? super T>)
[WARNING] /home/gabsko/breaking-updates/src/test/java/net/snowflake/client/jdbc/ConnectionWithOCSPModeIT.java:[233,6] [deprecation] <T>assertThat(T,Matcher<? super T>) in Assert has been deprecated
  where T is a type-variable:
    T extends Object declared in method <T>assertThat(T,Matcher<? super T>)
[WARNING] /home/gabsko/breaking-updates/src/test/java/net/snowflake/client/jdbc/ConnectionWithOCSPModeIT.java:[234,6] [deprecation] <T>assertThat(T,Matcher<? super T>) in Assert has been deprecated
  where T is a type-variable:
    T extends Object declared in method <T>assertThat(T,Matcher<? super T>)
[WARNING] /home/gabsko/breaking-updates/src/test/java/net/snowflake/client/jdbc/ConnectionWithOCSPModeIT.java:[247,6] [deprecation] <T>assertThat(T,Matcher<? super T>) in Assert has been deprecated
  where T is a type-variable:
    T extends Object declared in method <T>assertThat(T,Matcher<? super T>)
[WARNING] /home/gabsko/breaking-updates/src/test/java/net/snowflake/client/jdbc/ConnectionWithOCSPModeIT.java:[248,6] [deprecation] <T>assertThat(T,Matcher<? super T>) in Assert has been deprecated
  where T is a type-variable:
    T extends Object declared in method <T>assertThat(T,Matcher<? super T>)
[WARNING] /home/gabsko/breaking-updates/src/test/java/net/snowflake/client/jdbc/ConnectionWithOCSPModeIT.java:[250,6] [deprecation] <T>assertThat(T,Matcher<? super T>) in Assert has been deprecated
  where T is a type-variable:
    T extends Object declared in method <T>assertThat(T,Matcher<? super T>)
[WARNING] /home/gabsko/breaking-updates/src/test/java/net/snowflake/client/jdbc/ConnectionWithOCSPModeIT.java:[251,6] [deprecation] <T>assertThat(T,Matcher<? super T>) in Assert has been deprecated
  where T is a type-variable:
    T extends Object declared in method <T>assertThat(T,Matcher<? super T>)
[WARNING] /home/gabsko/breaking-updates/src/test/java/net/snowflake/client/jdbc/ConnectionWithOCSPModeIT.java:[291,6] [deprecation] <T>assertThat(T,Matcher<? super T>) in Assert has been deprecated
  where T is a type-variable:
    T extends Object declared in method <T>assertThat(T,Matcher<? super T>)
[WARNING] /home/gabsko/breaking-updates/src/test/java/net/snowflake/client/jdbc/ConnectionWithOCSPModeIT.java:[292,6] [deprecation] <T>assertThat(T,Matcher<? super T>) in Assert has been deprecated
  where T is a type-variable:
    T extends Object declared in method <T>assertThat(T,Matcher<? super T>)
[WARNING] /home/gabsko/breaking-updates/src/test/java/net/snowflake/client/jdbc/ConnectionWithOCSPModeIT.java:[293,6] [deprecation] <T>assertThat(T,Matcher<? super T>) in Assert has been deprecated
  where T is a type-variable:
    T extends Object declared in method <T>assertThat(T,Matcher<? super T>)
[WARNING] /home/gabsko/breaking-updates/src/test/java/net/snowflake/client/jdbc/ConnectionWithOCSPModeIT.java:[313,6] [deprecation] <T>assertThat(T,Matcher<? super T>) in Assert has been deprecated
  where T is a type-variable:
    T extends Object declared in method <T>assertThat(T,Matcher<? super T>)
[WARNING] /home/gabsko/breaking-updates/src/test/java/net/snowflake/client/jdbc/ConnectionWithOCSPModeIT.java:[314,6] [deprecation] <T>assertThat(T,Matcher<? super T>) in Assert has been deprecated
  where T is a type-variable:
    T extends Object declared in method <T>assertThat(T,Matcher<? super T>)
[WARNING] /home/gabsko/breaking-updates/src/test/java/net/snowflake/client/jdbc/ConnectionWithOCSPModeIT.java:[330,6] [deprecation] <T>assertThat(T,Matcher<? super T>) in Assert has been deprecated
  where T is a type-variable:
    T extends Object declared in method <T>assertThat(T,Matcher<? super T>)
[WARNING] /home/gabsko/breaking-updates/src/test/java/net/snowflake/client/jdbc/ConnectionWithOCSPModeIT.java:[331,6] [deprecation] <T>assertThat(T,Matcher<? super T>) in Assert has been deprecated
  where T is a type-variable:
    T extends Object declared in method <T>assertThat(T,Matcher<? super T>)
[WARNING] /home/gabsko/breaking-updates/src/test/java/net/snowflake/client/jdbc/ConnectionWithOCSPModeIT.java:[332,6] [deprecation] <T>assertThat(T,Matcher<? super T>) in Assert has been deprecated
  where T is a type-variable:
    T extends Object declared in method <T>assertThat(T,Matcher<? super T>)
[WARNING] /home/gabsko/breaking-updates/src/test/java/net/snowflake/client/jdbc/ConnectionWithOCSPModeIT.java:[349,6] [deprecation] <T>assertThat(T,Matcher<? super T>) in Assert has been deprecated
  where T is a type-variable:
    T extends Object declared in method <T>assertThat(T,Matcher<? super T>)
[WARNING] /home/gabsko/breaking-updates/src/test/java/net/snowflake/client/jdbc/ConnectionWithOCSPModeIT.java:[350,6] [deprecation] <T>assertThat(T,Matcher<? super T>) in Assert has been deprecated
  where T is a type-variable:
    T extends Object declared in method <T>assertThat(T,Matcher<? super T>)
[WARNING] /home/gabsko/breaking-updates/src/test/java/net/snowflake/client/jdbc/ConnectionWithOCSPModeIT.java:[352,6] [deprecation] <T>assertThat(T,Matcher<? super T>) in Assert has been deprecated
  where T is a type-variable:
    T extends Object declared in method <T>assertThat(T,Matcher<? super T>)
[WARNING] /home/gabsko/breaking-updates/src/test/java/net/snowflake/client/jdbc/ConnectionWithOCSPModeIT.java:[366,6] [deprecation] <T>assertThat(T,Matcher<? super T>) in Assert has been deprecated
  where T is a type-variable:
    T extends Object declared in method <T>assertThat(T,Matcher<? super T>)
[WARNING] /home/gabsko/breaking-updates/src/test/java/net/snowflake/client/jdbc/ConnectionWithOCSPModeIT.java:[367,6] [deprecation] <T>assertThat(T,Matcher<? super T>) in Assert has been deprecated
  where T is a type-variable:
    T extends Object declared in method <T>assertThat(T,Matcher<? super T>)
[WARNING] /home/gabsko/breaking-updates/src/test/java/net/snowflake/client/jdbc/ConnectionWithOCSPModeIT.java:[368,6] [deprecation] <T>assertThat(T,Matcher<? super T>) in Assert has been deprecated
  where T is a type-variable:
    T extends Object declared in method <T>assertThat(T,Matcher<? super T>)
[WARNING] /home/gabsko/breaking-updates/src/test/java/net/snowflake/client/jdbc/ConnectionWithOCSPModeIT.java:[388,6] [deprecation] <T>assertThat(T,Matcher<? super T>) in Assert has been deprecated
  where T is a type-variable:
    T extends Object declared in method <T>assertThat(T,Matcher<? super T>)
[WARNING] /home/gabsko/breaking-updates/src/test/java/net/snowflake/client/jdbc/ConnectionWithOCSPModeIT.java:[389,6] [deprecation] <T>assertThat(T,Matcher<? super T>) in Assert has been deprecated
  where T is a type-variable:
    T extends Object declared in method <T>assertThat(T,Matcher<? super T>)
[WARNING] /home/gabsko/breaking-updates/src/test/java/net/snowflake/client/jdbc/ConnectionWithOCSPModeIT.java:[390,6] [deprecation] <T>assertThat(T,Matcher<? super T>) in Assert has been deprecated
  where T is a type-variable:
    T extends Object declared in method <T>assertThat(T,Matcher<? super T>)
[WARNING] /home/gabsko/breaking-updates/src/test/java/net/snowflake/client/jdbc/ConnectionWithOCSPModeIT.java:[402,6] [deprecation] <T>assertThat(T,Matcher<? super T>) in Assert has been deprecated
  where T is a type-variable:
    T extends Object declared in method <T>assertThat(T,Matcher<? super T>)
[WARNING] /home/gabsko/breaking-updates/src/test/java/net/snowflake/client/jdbc/ConnectionWithOCSPModeIT.java:[403,6] [deprecation] <T>assertThat(T,Matcher<? super T>) in Assert has been deprecated
  where T is a type-variable:
    T extends Object declared in method <T>assertThat(T,Matcher<? super T>)
[WARNING] /home/gabsko/breaking-updates/src/test/java/net/snowflake/client/jdbc/ConnectionWithOCSPModeIT.java:[415,6] [deprecation] <T>assertThat(T,Matcher<? super T>) in Assert has been deprecated
  where T is a type-variable:
    T extends Object declared in method <T>assertThat(T,Matcher<? super T>)
[WARNING] /home/gabsko/breaking-updates/src/test/java/net/snowflake/client/jdbc/ConnectionWithOCSPModeIT.java:[416,6] [deprecation] <T>assertThat(T,Matcher<? super T>) in Assert has been deprecated
  where T is a type-variable:
    T extends Object declared in method <T>assertThat(T,Matcher<? super T>)
[INFO] 
[INFO] --- maven-surefire-plugin:2.12.4:test (default-test) @ snowflake-jdbc ---
[INFO] Surefire report directory: /home/gabsko/breaking-updates/target/surefire-reports

-------------------------------------------------------
 T E S T S
-------------------------------------------------------
Running net.snowflake.client.log.SFFormatterTest
Tests run: 2, Failures: 0, Errors: 0, Skipped: 0, Time elapsed: 0.173 sec
Running net.snowflake.client.loader.OnErrorTest
Tests run: 1, Failures: 0, Errors: 0, Skipped: 0, Time elapsed: 0 sec
Running net.snowflake.client.core.SecureStorageManagerTest
Jan 25, 2023 9:25:16 AM net.snowflake.client.core.SecureStorageAppleManager getCredential
INFO: Failed to find the item in keychain or item not exists. Error code = 0
Jan 25, 2023 9:25:16 AM net.snowflake.client.core.SecureStorageAppleManager getCredential
INFO: Failed to find the item in keychain or item not exists. Error code = 0
Jan 25, 2023 9:25:16 AM net.snowflake.client.core.SecureStorageWindowsManager getCredential
INFO: Failed to read target or could not find it in Windows Credential Manager. Error code = 0
Jan 25, 2023 9:25:16 AM net.snowflake.client.core.SecureStorageWindowsManager setCredential
INFO: Wrote to Windows Credential Manager successfully
Jan 25, 2023 9:25:16 AM net.snowflake.client.core.SecureStorageWindowsManager setCredential
INFO: Wrote to Windows Credential Manager successfully
Jan 25, 2023 9:25:16 AM net.snowflake.client.core.SecureStorageWindowsManager getCredential
INFO: Failed to read target or could not find it in Windows Credential Manager. Error code = 0
Tests run: 3, Failures: 0, Errors: 0, Skipped: 0, Time elapsed: 0.265 sec
Running net.snowflake.client.core.SFTrustManagerTest
Tests run: 3, Failures: 0, Errors: 0, Skipped: 0, Time elapsed: 0.776 sec
Running net.snowflake.client.core.SessionUtilExternalBrowserTest
OpenJDK 64-Bit Server VM warning: Sharing is only supported for boot loader classes because bootstrap classpath has been appended
Tests run: 2, Failures: 0, Errors: 0, Skipped: 0, Time elapsed: 1.687 sec
Running net.snowflake.client.core.arrow.BigIntToTimeConverterTest
Tests run: 7, Failures: 0, Errors: 0, Skipped: 0, Time elapsed: 0.104 sec
Running net.snowflake.client.core.arrow.SmallIntToFixedConverterTest
Tests run: 6, Failures: 0, Errors: 0, Skipped: 0, Time elapsed: 0.049 sec
Running net.snowflake.client.core.arrow.TwoFieldStructToTimestampTZConverterTest
Tests run: 7, Failures: 0, Errors: 0, Skipped: 0, Time elapsed: 0.053 sec
Running net.snowflake.client.core.arrow.TwoFieldStructToTimestampLTZConverterTest
Tests run: 14, Failures: 0, Errors: 0, Skipped: 0, Time elapsed: 0.036 sec
Running net.snowflake.client.core.arrow.TwoFieldStructToTimestampNTZConverterTest
Tests run: 21, Failures: 0, Errors: 0, Skipped: 0, Time elapsed: 0.068 sec
Running net.snowflake.client.core.arrow.VarCharConverterTest
Tests run: 2, Failures: 0, Errors: 0, Skipped: 0, Time elapsed: 0.029 sec
Running net.snowflake.client.core.arrow.IntToFixedConverterTest
Tests run: 6, Failures: 0, Errors: 0, Skipped: 0, Time elapsed: 0.02 sec
Running net.snowflake.client.core.arrow.BigIntToFixedConverterTest
Tests run: 6, Failures: 0, Errors: 0, Skipped: 0, Time elapsed: 0.016 sec
Running net.snowflake.client.core.arrow.BigIntToTimestampNTZConverterTest
Tests run: 14, Failures: 0, Errors: 0, Skipped: 0, Time elapsed: 0.025 sec
Running net.snowflake.client.core.arrow.ThreeFieldStructToTimestampTZConverterTest
Tests run: 14, Failures: 0, Errors: 0, Skipped: 0, Time elapsed: 0.043 sec
Running net.snowflake.client.core.arrow.DoubleToRealConverterTest
Tests run: 1, Failures: 0, Errors: 0, Skipped: 0, Time elapsed: 0.025 sec
Running net.snowflake.client.core.arrow.ArrowResultUtilTest
Tests run: 10, Failures: 0, Errors: 0, Skipped: 5, Time elapsed: 0.002 sec
Running net.snowflake.client.core.arrow.IntToTimeConverterTest
Tests run: 7, Failures: 0, Errors: 0, Skipped: 0, Time elapsed: 0.008 sec
Running net.snowflake.client.core.arrow.VarBinaryToBinaryConverterTest
Jan 25, 2023 9:25:19 AM com.amazonaws.log.JulLog warn
WARNING: JAXB is unavailable. Will fallback to SDK implementation which may be less performant
Tests run: 1, Failures: 0, Errors: 0, Skipped: 0, Time elapsed: 0.043 sec
Running net.snowflake.client.core.arrow.DateConverterTest
Tests run: 14, Failures: 0, Errors: 0, Skipped: 0, Time elapsed: 0.627 sec
Running net.snowflake.client.core.arrow.BitToBooleanConverterTest
Tests run: 1, Failures: 0, Errors: 0, Skipped: 0, Time elapsed: 0.006 sec
Running net.snowflake.client.core.arrow.TinyIntToFixedConverterTest
Tests run: 6, Failures: 0, Errors: 0, Skipped: 0, Time elapsed: 0.013 sec
Running net.snowflake.client.core.arrow.BigIntToTimestampLTZConverterTest
Tests run: 7, Failures: 0, Errors: 0, Skipped: 0, Time elapsed: 0.006 sec
Running net.snowflake.client.core.SessionUtilTest
Tests run: 1, Failures: 0, Errors: 0, Skipped: 0, Time elapsed: 0 sec
Running net.snowflake.client.core.SFSessionPropertyTest
Tests run: 1, Failures: 0, Errors: 0, Skipped: 0, Time elapsed: 0 sec
Running net.snowflake.client.util.SecretDetectorTest
create stage mystage URL = 's3://mybucket/mypath/' credentials = (aws_key_id = '****' aws_secret_key = '****'); create stage mystage2 URL = 'azure//mystorage.blob.core.windows.net/cont' credentials = (azure_sas_token = '?sv=2016-05-31&ss=b&srt=sco&sp=rwdl&se=2018-06-27T10:05:50Z&st=2017-06-27T02:05:50Z&spr=https,http&sig=****')
create stage mystage URL = 's3://mybucket/mypath/' credentials = (aws_key_id = '****' aws_secret_key = '****'); create stage mystage2 URL = 'azure//mystorage.blob.core.windows.net/cont' credentials = (azure_sas_token = '?sv=2016-05-31&ss=b&srt=sco&sp=rwdl&se=2018-06-27T10:05:50Z&st=2017-06-27T02:05:50Z&spr=https,http&sig=****')
Tests run: 10, Failures: 0, Errors: 0, Skipped: 0, Time elapsed: 0.007 sec
Running net.snowflake.client.jdbc.ResultJsonParserV2Test
Tests run: 3, Failures: 0, Errors: 0, Skipped: 0, Time elapsed: 1.173 sec
Running net.snowflake.client.jdbc.SnowflakeBasicDataSourceTest
Tests run: 1, Failures: 0, Errors: 0, Skipped: 0, Time elapsed: 0.005 sec
Running net.snowflake.client.jdbc.SnowflakeDriverTest
null
Tests run: 6, Failures: 0, Errors: 0, Skipped: 0, Time elapsed: 0.007 sec
Running net.snowflake.client.jdbc.SnowflakeTimestampNTZAsUTCTest
Tests run: 48, Failures: 0, Errors: 0, Skipped: 0, Time elapsed: 0.031 sec
Running net.snowflake.client.jdbc.ArrowResultChunkTest
Tests run: 1, Failures: 0, Errors: 0, Skipped: 0, Time elapsed: 0.001 sec
Running net.snowflake.client.jdbc.ServiceNameTest
Tests run: 1, Failures: 0, Errors: 0, Skipped: 0, Time elapsed: 0.03 sec
Running net.snowflake.client.jdbc.SnowflakeConnectionV1Test
Tests run: 1, Failures: 0, Errors: 0, Skipped: 0, Time elapsed: 0.001 sec
Running net.snowflake.client.jdbc.SSOConnectionTest
Tests run: 1, Failures: 0, Errors: 0, Skipped: 0, Time elapsed: 0.081 sec
Running net.snowflake.client.jdbc.FileUploaderMimeTypeToCompressionTypeTest
Tests run: 13, Failures: 0, Errors: 0, Skipped: 0, Time elapsed: 0.008 sec
Running net.snowflake.client.jdbc.telemetry.TelemetryTest
Tests run: 1, Failures: 0, Errors: 0, Skipped: 0, Time elapsed: 0 sec
Running net.snowflake.client.jdbc.FileUploaderExpandFileNamesTest
Tests run: 2, Failures: 0, Errors: 0, Skipped: 0, Time elapsed: 0.01 sec
Running net.snowflake.client.jdbc.RestRequestTest
Tests run: 3, Failures: 0, Errors: 0, Skipped: 0, Time elapsed: 6.183 sec

Results :

Tests run: 248, Failures: 0, Errors: 0, Skipped: 5

[INFO] 
[INFO] --- jacoco-maven-plugin:0.8.4:report (post-unit-test) @ snowflake-jdbc ---
[INFO] Skipping JaCoCo execution because property jacoco.skip is set.
[INFO] ------------------------------------------------------------------------
[INFO] BUILD SUCCESS
[INFO] ------------------------------------------------------------------------
[INFO] Total time:  23.772 s
[INFO] Finished at: 2023-01-25T09:25:27Z
[INFO] ------------------------------------------------------------------------
