[INFO] Scanning for projects...
[INFO] 
[INFO] -------------< org.apache.maven.plugins:maven-pmd-plugin >--------------
[INFO] Building Apache Maven PMD Plugin 3.17.0-SNAPSHOT
[INFO] ----------------------------[ maven-plugin ]----------------------------
[INFO] 
[INFO] --- maven-clean-plugin:3.1.0:clean (default-clean) @ maven-pmd-plugin ---
[INFO] Deleting /home/gabsko/breaking-updates/target
[INFO] 
[INFO] --- maven-enforcer-plugin:1.4.1:enforce (enforce-maven-version) @ maven-pmd-plugin ---
[INFO] 
[INFO] --- maven-enforcer-plugin:1.4.1:enforce (enforce-bytecode-version) @ maven-pmd-plugin ---
[INFO] Adding ignore: module-info
[INFO] Adding ignore: module-info
[INFO] 
[INFO] --- maven-enforcer-plugin:1.4.1:enforce (ensure-no-container-api) @ maven-pmd-plugin ---
[INFO] 
[INFO] --- apache-rat-plugin:0.13:check (rat-check) @ maven-pmd-plugin ---
[INFO] Enabled default license matchers.
[INFO] Will parse SCM ignores for exclusions...
[INFO] Parsing exclusions from /home/gabsko/breaking-updates/.gitignore
[INFO] Finished adding exclusions from SCM ignore files.
[INFO] 72 implicit excludes (use -debug for more details).
[INFO] 7 explicit excludes (use -debug for more details).
[INFO] 416 resources included (use -debug for more details)
[INFO] Rat check: Summary over all files. Unapproved: 0, unknown: 0, generated: 0, approved: 416 licenses.
[INFO] 
[INFO] --- maven-plugin-plugin:3.5.2:helpmojo (generate-helpmojo) @ maven-pmd-plugin ---
[INFO] Using 'UTF-8' encoding to read mojo source files.
[INFO] java-javadoc mojo extractor found 0 mojo descriptor.
[INFO] java-annotations mojo extractor found 0 mojo descriptor.
[INFO] 
[INFO] --- modello-maven-plugin:1.9.1:java (default) @ maven-pmd-plugin ---
[INFO] outputDirectory: /home/gabsko/breaking-updates/target/generated-sources/modello
[INFO] Working on model: src/main/mdo/pmd.mdo
[INFO] Generating current version: 1.0
[INFO] Working on model: src/main/mdo/cpd.mdo
[INFO] Generating current version: 1.0
[INFO] 
[INFO] --- modello-maven-plugin:1.9.1:xpp3-reader (default) @ maven-pmd-plugin ---
[INFO] outputDirectory: /home/gabsko/breaking-updates/target/generated-sources/modello
[INFO] Working on model: src/main/mdo/pmd.mdo
[INFO] Generating current version: 1.0
[INFO] Working on model: src/main/mdo/cpd.mdo
[INFO] Generating current version: 1.0
[INFO] 
[INFO] --- maven-remote-resources-plugin:1.7.0:process (process-resource-bundles) @ maven-pmd-plugin ---
[INFO] Preparing remote bundle org.apache:apache-jar-resource-bundle:1.4
[INFO] Copying 3 resources from 1 bundle.
[INFO] 
[INFO] --- maven-resources-plugin:3.1.0:resources (default-resources) @ maven-pmd-plugin ---
[INFO] Using 'UTF-8' encoding to copy filtered resources.
[INFO] Copying 18 resources
[INFO] Copying 3 resources
[INFO] 
[INFO] --- maven-compiler-plugin:3.8.1:compile (default-compile) @ maven-pmd-plugin ---
[INFO] Changes detected - recompiling the module!
[INFO] Compiling 36 source files to /home/gabsko/breaking-updates/target/classes
[INFO] /home/gabsko/breaking-updates/target/generated-sources/modello/org/apache/maven/plugins/pmd/model/io/xpp3/PmdXpp3Reader.java: Some input files use unchecked or unsafe operations.
[INFO] /home/gabsko/breaking-updates/target/generated-sources/modello/org/apache/maven/plugins/pmd/model/io/xpp3/PmdXpp3Reader.java: Recompile with -Xlint:unchecked for details.
[INFO] 
[INFO] --- maven-plugin-plugin:3.5.2:descriptor (default-descriptor) @ maven-pmd-plugin ---
[INFO] Using 'UTF-8' encoding to read mojo source files.
[INFO] java-javadoc mojo extractor found 0 mojo descriptor.
[INFO] java-annotations mojo extractor found 10 mojo descriptors.
[INFO] 
[INFO] --- animal-sniffer-maven-plugin:1.16:check (check-java-1.8-compat) @ maven-pmd-plugin ---
[INFO] Checking unresolved references to org.codehaus.mojo.signature:java18:1.0
[INFO] 
[INFO] --- maven-resources-plugin:3.1.0:testResources (default-testResources) @ maven-pmd-plugin ---
[INFO] Using 'UTF-8' encoding to copy filtered resources.
[INFO] Copying 77 resources
[INFO] Copying 3 resources
[INFO] 
[INFO] --- maven-compiler-plugin:3.8.1:testCompile (default-testCompile) @ maven-pmd-plugin ---
[INFO] Changes detected - recompiling the module!
[INFO] Compiling 12 source files to /home/gabsko/breaking-updates/target/test-classes
[INFO] 
[INFO] --- maven-surefire-plugin:2.22.0:test (default-test) @ maven-pmd-plugin ---
[INFO] 
[INFO] -------------------------------------------------------
[INFO]  T E S T S
[INFO] -------------------------------------------------------
[INFO] Running org.apache.maven.plugins.pmd.PmdViolationCheckMojoTest
[INFO] Tests run: 6, Failures: 0, Errors: 0, Skipped: 0, Time elapsed: 3.575 s - in org.apache.maven.plugins.pmd.PmdViolationCheckMojoTest
[INFO] Running org.apache.maven.plugins.pmd.CpdViolationCheckMojoTest
[INFO] Tests run: 4, Failures: 0, Errors: 0, Skipped: 0, Time elapsed: 0.316 s - in org.apache.maven.plugins.pmd.CpdViolationCheckMojoTest
[INFO] Running org.apache.maven.plugins.pmd.CpdReportTest
[INFO] Tests run: 12, Failures: 0, Errors: 0, Skipped: 0, Time elapsed: 0.711 s - in org.apache.maven.plugins.pmd.CpdReportTest
[INFO] Running org.apache.maven.plugins.pmd.PmdReportTest
log4j:WARN No appenders could be found for logger (org.apache.http.impl.conn.PoolingClientConnectionManager).
log4j:WARN Please initialize the log4j system properly.
log4j:WARN See http://logging.apache.org/log4j/1.2/faq.html#noconfig for more info.
[INFO] Tests run: 25, Failures: 0, Errors: 0, Skipped: 0, Time elapsed: 6.817 s - in org.apache.maven.plugins.pmd.PmdReportTest
[INFO] Running org.apache.maven.plugins.pmd.exec.ExecutorTest
[INFO] Tests run: 1, Failures: 0, Errors: 0, Skipped: 0, Time elapsed: 0 s - in org.apache.maven.plugins.pmd.exec.ExecutorTest
[INFO] 
[INFO] Results:
[INFO] 
[INFO] Tests run: 48, Failures: 0, Errors: 0, Skipped: 0
[INFO] 
[INFO] ------------------------------------------------------------------------
[INFO] BUILD SUCCESS
[INFO] ------------------------------------------------------------------------
[INFO] Total time:  19.770 s
[INFO] Finished at: 2023-01-26T11:52:13Z
[INFO] ------------------------------------------------------------------------
