[INFO] Scanning for projects...
[INFO] 
[INFO] -----------------------< com.sqlancer:sqlancer >------------------------
[INFO] Building SQLancer 1.1.0
[INFO] --------------------------------[ jar ]---------------------------------
[INFO] 
[INFO] --- maven-clean-plugin:2.5:clean (default-clean) @ sqlancer ---
[INFO] Deleting /home/gabsko/breaking-updates/target
[INFO] 
[INFO] --- jacoco-maven-plugin:0.8.7:prepare-agent (default) @ sqlancer ---
[INFO] argLine set to -javaagent:/home/gabsko/.m2/repository/org/jacoco/org.jacoco.agent/0.8.7/org.jacoco.agent-0.8.7-runtime.jar=destfile=/home/gabsko/breaking-updates/target/jacoco.exec
[INFO] 
[INFO] --- maven-resources-plugin:2.6:resources (default-resources) @ sqlancer ---
[INFO] Using 'UTF-8' encoding to copy filtered resources.
[INFO] skip non existing resourceDirectory /home/gabsko/breaking-updates/src/main/resources
[INFO] 
[INFO] --- maven-compiler-plugin:3.8.1:compile (default-compile) @ sqlancer ---
[INFO] Changes detected - recompiling the module!
[INFO] 
[INFO] --- maven-resources-plugin:2.6:testResources (default-testResources) @ sqlancer ---
[INFO] Using 'UTF-8' encoding to copy filtered resources.
[INFO] skip non existing resourceDirectory /home/gabsko/breaking-updates/src/test/resources
[INFO] 
[INFO] --- maven-compiler-plugin:3.8.1:testCompile (default-testCompile) @ sqlancer ---
[INFO] Changes detected - recompiling the module!
[INFO] 
[INFO] --- maven-surefire-plugin:2.22.2:test (default-test) @ sqlancer ---
[INFO] 
[INFO] -------------------------------------------------------
[INFO]  T E S T S
[INFO] -------------------------------------------------------
[INFO] Running sqlancer.pqs.sqlite.cast.TestCastToInt
[INFO] Tests run: 13, Failures: 0, Errors: 0, Skipped: 0, Time elapsed: 0.102 s - in sqlancer.pqs.sqlite.cast.TestCastToInt
[INFO] Running sqlancer.pqs.sqlite.cast.TestCastToBoolean
[INFO] Tests run: 1, Failures: 0, Errors: 0, Skipped: 0, Time elapsed: 0 s - in sqlancer.pqs.sqlite.cast.TestCastToBoolean
[INFO] Running sqlancer.pqs.sqlite.cast.TestCastToBlob
[INFO] Tests run: 4, Failures: 0, Errors: 0, Skipped: 0, Time elapsed: 0 s - in sqlancer.pqs.sqlite.cast.TestCastToBlob
[INFO] Running sqlancer.pqs.sqlite.cast.TestCastToNumeric
[INFO] Tests run: 3, Failures: 0, Errors: 0, Skipped: 0, Time elapsed: 0.003 s - in sqlancer.pqs.sqlite.cast.TestCastToNumeric
[INFO] Running sqlancer.TestParameterFormat
[INFO] Tests run: 1, Failures: 0, Errors: 0, Skipped: 0, Time elapsed: 0.282 s - in sqlancer.TestParameterFormat
[INFO] Running sqlancer.TestExpectedErrors
[INFO] Tests run: 3, Failures: 0, Errors: 0, Skipped: 0, Time elapsed: 0.003 s - in sqlancer.TestExpectedErrors
[INFO] Running sqlancer.dbms.TestMySQLTLP
[WARNING] Tests run: 1, Failures: 0, Errors: 0, Skipped: 1, Time elapsed: 0.008 s - in sqlancer.dbms.TestMySQLTLP
[INFO] Running sqlancer.dbms.TestSQLite3
[2023/01/30 19:22:00] Executed 0 queries (0 queries/s; 8.80/s dbs, successful statements: 63%). Threads shut down: 0.
[2023/01/30 19:22:05] Executed 0 queries (0 queries/s; 16.81/s dbs, successful statements: 62%). Threads shut down: 0.
[2023/01/30 19:22:10] Executed 0 queries (0 queries/s; 19.40/s dbs, successful statements: 61%). Threads shut down: 0.
[2023/01/30 19:22:15] Executed 0 queries (0 queries/s; 18.00/s dbs, successful statements: 61%). Threads shut down: 0.
[2023/01/30 19:22:20] Executed 0 queries (0 queries/s; 20.20/s dbs, successful statements: 62%). Threads shut down: 0.
[2023/01/30 19:22:25] Executed 0 queries (0 queries/s; 24.60/s dbs, successful statements: 62%). Threads shut down: 0.
[2023/01/30 19:22:30] Executed 0 queries (0 queries/s; 21.20/s dbs, successful statements: 62%). Threads shut down: 0.
[2023/01/30 19:22:35] Executed 0 queries (0 queries/s; 19.00/s dbs, successful statements: 62%). Threads shut down: 0.
[2023/01/30 19:22:40] Executed 0 queries (0 queries/s; 23.60/s dbs, successful statements: 62%). Threads shut down: 0.
[2023/01/30 19:22:45] Executed 0 queries (0 queries/s; 20.60/s dbs, successful statements: 61%). Threads shut down: 0.
[2023/01/30 19:22:50] Executed 0 queries (0 queries/s; 23.60/s dbs, successful statements: 61%). Threads shut down: 0.
[2023/01/30 19:22:55] Executed 0 queries (0 queries/s; 15.60/s dbs, successful statements: 61%). Threads shut down: 0.
[2023/01/30 19:23:00] Executed 0 queries (0 queries/s; 22.40/s dbs, successful statements: 61%). Threads shut down: 0.
[2023/01/30 19:23:05] Executed 0 queries (0 queries/s; 24.60/s dbs, successful statements: 61%). Threads shut down: 0.
[2023/01/30 19:23:10] Executed 0 queries (0 queries/s; 19.80/s dbs, successful statements: 61%). Threads shut down: 0.
[2023/01/30 19:23:15] Executed 0 queries (0 queries/s; 17.20/s dbs, successful statements: 61%). Threads shut down: 0.
[2023/01/30 19:23:20] Executed 0 queries (0 queries/s; 16.00/s dbs, successful statements: 61%). Threads shut down: 0.
[2023/01/30 19:23:25] Executed 0 queries (0 queries/s; 17.80/s dbs, successful statements: 61%). Threads shut down: 0.
[2023/01/30 19:23:30] Executed 0 queries (0 queries/s; 16.60/s dbs, successful statements: 60%). Threads shut down: 0.
[2023/01/30 19:23:35] Executed 0 queries (0 queries/s; 23.00/s dbs, successful statements: 60%). Threads shut down: 0.
[2023/01/30 19:23:40] Executed 0 queries (0 queries/s; 25.60/s dbs, successful statements: 61%). Threads shut down: 0.
[2023/01/30 19:23:45] Executed 0 queries (0 queries/s; 25.80/s dbs, successful statements: 61%). Threads shut down: 0.
[2023/01/30 19:23:50] Executed 0 queries (0 queries/s; 23.40/s dbs, successful statements: 61%). Threads shut down: 0.
[2023/01/30 19:23:55] Executed 0 queries (0 queries/s; 26.00/s dbs, successful statements: 61%). Threads shut down: 0.
[2023/01/30 19:24:00] Executed 0 queries (0 queries/s; 23.80/s dbs, successful statements: 61%). Threads shut down: 0.
[2023/01/30 19:24:05] Executed 0 queries (0 queries/s; 16.40/s dbs, successful statements: 61%). Threads shut down: 0.
[2023/01/30 19:24:10] Executed 0 queries (0 queries/s; 20.20/s dbs, successful statements: 61%). Threads shut down: 0.
[2023/01/30 19:24:15] Executed 0 queries (0 queries/s; 20.20/s dbs, successful statements: 61%). Threads shut down: 0.
[2023/01/30 19:24:20] Executed 0 queries (0 queries/s; 21.20/s dbs, successful statements: 61%). Threads shut down: 0.
[2023/01/30 19:24:25] Executed 0 queries (0 queries/s; 13.80/s dbs, successful statements: 61%). Threads shut down: 0.
[2023/01/30 19:24:30] Executed 0 queries (0 queries/s; 23.40/s dbs, successful statements: 61%). Threads shut down: 0.
[2023/01/30 19:24:35] Executed 0 queries (0 queries/s; 18.20/s dbs, successful statements: 61%). Threads shut down: 0.
[2023/01/30 19:24:40] Executed 0 queries (0 queries/s; 17.80/s dbs, successful statements: 61%). Threads shut down: 0.
[2023/01/30 19:24:45] Executed 0 queries (0 queries/s; 27.60/s dbs, successful statements: 61%). Threads shut down: 0.
[2023/01/30 19:24:50] Executed 0 queries (0 queries/s; 29.20/s dbs, successful statements: 61%). Threads shut down: 0.
[2023/01/30 19:24:55] Executed 0 queries (0 queries/s; 23.40/s dbs, successful statements: 61%). Threads shut down: 0.
[2023/01/30 19:25:00] Executed 0 queries (0 queries/s; 19.60/s dbs, successful statements: 61%). Threads shut down: 0.
[2023/01/30 19:25:05] Executed 0 queries (0 queries/s; 27.80/s dbs, successful statements: 61%). Threads shut down: 0.
[2023/01/30 19:25:10] Executed 0 queries (0 queries/s; 16.20/s dbs, successful statements: 61%). Threads shut down: 0.
[2023/01/30 19:25:15] Executed 0 queries (0 queries/s; 20.20/s dbs, successful statements: 61%). Threads shut down: 0.
[2023/01/30 19:25:20] Executed 0 queries (0 queries/s; 20.60/s dbs, successful statements: 61%). Threads shut down: 0.
[2023/01/30 19:25:25] Executed 0 queries (0 queries/s; 22.20/s dbs, successful statements: 61%). Threads shut down: 0.
[2023/01/30 19:25:30] Executed 0 queries (0 queries/s; 18.60/s dbs, successful statements: 61%). Threads shut down: 0.
[2023/01/30 19:25:35] Executed 0 queries (0 queries/s; 18.20/s dbs, successful statements: 61%). Threads shut down: 0.
[2023/01/30 19:25:40] Executed 0 queries (0 queries/s; 22.60/s dbs, successful statements: 61%). Threads shut down: 0.
[2023/01/30 19:25:45] Executed 0 queries (0 queries/s; 17.40/s dbs, successful statements: 61%). Threads shut down: 0.
[2023/01/30 19:25:50] Executed 0 queries (0 queries/s; 15.40/s dbs, successful statements: 61%). Threads shut down: 0.
[2023/01/30 19:25:55] Executed 0 queries (0 queries/s; 19.00/s dbs, successful statements: 61%). Threads shut down: 0.
[2023/01/30 19:26:00] Executed 0 queries (0 queries/s; 17.60/s dbs, successful statements: 61%). Threads shut down: 0.
[2023/01/30 19:26:05] Executed 0 queries (0 queries/s; 18.60/s dbs, successful statements: 61%). Threads shut down: 0.
[2023/01/30 19:26:10] Executed 0 queries (0 queries/s; 11.60/s dbs, successful statements: 61%). Threads shut down: 0.
[2023/01/30 19:26:15] Executed 0 queries (0 queries/s; 21.00/s dbs, successful statements: 60%). Threads shut down: 0.
[2023/01/30 19:26:20] Executed 0 queries (0 queries/s; 11.60/s dbs, successful statements: 60%). Threads shut down: 0.
[2023/01/30 19:26:25] Executed 0 queries (0 queries/s; 23.20/s dbs, successful statements: 60%). Threads shut down: 0.
[2023/01/30 19:26:30] Executed 0 queries (0 queries/s; 21.00/s dbs, successful statements: 60%). Threads shut down: 0.
[2023/01/30 19:26:35] Executed 0 queries (0 queries/s; 25.40/s dbs, successful statements: 60%). Threads shut down: 0.
[2023/01/30 19:26:40] Executed 0 queries (0 queries/s; 16.80/s dbs, successful statements: 60%). Threads shut down: 0.
[2023/01/30 19:26:45] Executed 0 queries (0 queries/s; 16.00/s dbs, successful statements: 60%). Threads shut down: 0.
[2023/01/30 19:26:50] Executed 0 queries (0 queries/s; 23.00/s dbs, successful statements: 60%). Threads shut down: 0.
[2023/01/30 19:26:55] Executed 0 queries (0 queries/s; 22.20/s dbs, successful statements: 60%). Threads shut down: 0.
[INFO] Tests run: 1, Failures: 0, Errors: 0, Skipped: 0, Time elapsed: 301.229 s - in sqlancer.dbms.TestSQLite3
[INFO] Running sqlancer.dbms.TestCitus
[WARNING] Tests run: 1, Failures: 0, Errors: 0, Skipped: 1, Time elapsed: 0 s - in sqlancer.dbms.TestCitus
[INFO] Running sqlancer.dbms.TestPostgres
[WARNING] Tests run: 2, Failures: 0, Errors: 0, Skipped: 2, Time elapsed: 0 s - in sqlancer.dbms.TestPostgres
[INFO] Running sqlancer.dbms.TestDuckDB
[2023/01/30 19:27:00] Executed 0 queries (0 queries/s; 20.40/s dbs, successful statements: 60%). Threads shut down: 0.
[2023/01/30 19:27:05] Executed 0 queries (0 queries/s; 23.80/s dbs, successful statements: 60%). Threads shut down: 0.
[2023/01/30 19:27:10] Executed 0 queries (0 queries/s; 22.20/s dbs, successful statements: 60%). Threads shut down: 0.
[2023/01/30 19:27:15] Executed 0 queries (0 queries/s; 27.40/s dbs, successful statements: 60%). Threads shut down: 0.
[2023/01/30 19:27:20] Executed 0 queries (0 queries/s; 20.00/s dbs, successful statements: 60%). Threads shut down: 0.
[2023/01/30 19:27:25] Executed 0 queries (0 queries/s; 31.00/s dbs, successful statements: 60%). Threads shut down: 0.
[2023/01/30 19:27:30] Executed 0 queries (0 queries/s; 22.20/s dbs, successful statements: 60%). Threads shut down: 0.
[2023/01/30 19:27:35] Executed 0 queries (0 queries/s; 21.00/s dbs, successful statements: 60%). Threads shut down: 0.
[2023/01/30 19:27:40] Executed 0 queries (0 queries/s; 19.20/s dbs, successful statements: 59%). Threads shut down: 0.
[2023/01/30 19:27:45] Executed 0 queries (0 queries/s; 16.00/s dbs, successful statements: 59%). Threads shut down: 0.
[2023/01/30 19:27:50] Executed 0 queries (0 queries/s; 17.40/s dbs, successful statements: 59%). Threads shut down: 0.
[2023/01/30 19:27:55] Executed 0 queries (0 queries/s; 22.80/s dbs, successful statements: 59%). Threads shut down: 0.
[2023/01/30 19:28:00] Executed 0 queries (0 queries/s; 24.40/s dbs, successful statements: 59%). Threads shut down: 0.
[2023/01/30 19:28:05] Executed 0 queries (0 queries/s; 27.80/s dbs, successful statements: 59%). Threads shut down: 0.
[2023/01/30 19:28:10] Executed 0 queries (0 queries/s; 24.80/s dbs, successful statements: 59%). Threads shut down: 0.
[2023/01/30 19:28:15] Executed 0 queries (0 queries/s; 27.00/s dbs, successful statements: 59%). Threads shut down: 0.
[2023/01/30 19:28:20] Executed 0 queries (0 queries/s; 19.60/s dbs, successful statements: 59%). Threads shut down: 0.
[2023/01/30 19:28:25] Executed 0 queries (0 queries/s; 21.20/s dbs, successful statements: 59%). Threads shut down: 0.
[2023/01/30 19:28:30] Executed 0 queries (0 queries/s; 25.40/s dbs, successful statements: 59%). Threads shut down: 0.
[2023/01/30 19:28:35] Executed 0 queries (0 queries/s; 28.41/s dbs, successful statements: 59%). Threads shut down: 0.
[2023/01/30 19:28:40] Executed 0 queries (0 queries/s; 25.00/s dbs, successful statements: 59%). Threads shut down: 0.
[2023/01/30 19:28:45] Executed 0 queries (0 queries/s; 17.19/s dbs, successful statements: 59%). Threads shut down: 0.
[2023/01/30 19:28:50] Executed 0 queries (0 queries/s; 17.81/s dbs, successful statements: 58%). Threads shut down: 0.
[2023/01/30 19:28:55] Executed 0 queries (0 queries/s; 24.40/s dbs, successful statements: 58%). Threads shut down: 0.
[2023/01/30 19:29:00] Executed 0 queries (0 queries/s; 17.00/s dbs, successful statements: 58%). Threads shut down: 0.
[2023/01/30 19:29:05] Executed 0 queries (0 queries/s; 23.60/s dbs, successful statements: 58%). Threads shut down: 0.
[2023/01/30 19:29:10] Executed 0 queries (0 queries/s; 22.40/s dbs, successful statements: 58%). Threads shut down: 0.
[2023/01/30 19:29:15] Executed 0 queries (0 queries/s; 18.00/s dbs, successful statements: 58%). Threads shut down: 0.
[2023/01/30 19:29:20] Executed 0 queries (0 queries/s; 19.80/s dbs, successful statements: 58%). Threads shut down: 0.
[2023/01/30 19:29:25] Executed 0 queries (0 queries/s; 24.60/s dbs, successful statements: 58%). Threads shut down: 0.
[2023/01/30 19:29:30] Executed 0 queries (0 queries/s; 19.80/s dbs, successful statements: 58%). Threads shut down: 0.
[2023/01/30 19:29:35] Executed 0 queries (0 queries/s; 24.80/s dbs, successful statements: 58%). Threads shut down: 0.
[2023/01/30 19:29:40] Executed 0 queries (0 queries/s; 23.00/s dbs, successful statements: 58%). Threads shut down: 0.
[2023/01/30 19:29:45] Executed 0 queries (0 queries/s; 22.20/s dbs, successful statements: 58%). Threads shut down: 0.
[2023/01/30 19:29:50] Executed 0 queries (0 queries/s; 19.80/s dbs, successful statements: 58%). Threads shut down: 0.
[2023/01/30 19:29:55] Executed 0 queries (0 queries/s; 20.00/s dbs, successful statements: 58%). Threads shut down: 0.
[2023/01/30 19:30:00] Executed 0 queries (0 queries/s; 20.20/s dbs, successful statements: 58%). Threads shut down: 0.
[2023/01/30 19:30:05] Executed 0 queries (0 queries/s; 25.40/s dbs, successful statements: 58%). Threads shut down: 0.
[2023/01/30 19:30:10] Executed 0 queries (0 queries/s; 26.20/s dbs, successful statements: 58%). Threads shut down: 0.
[2023/01/30 19:30:15] Executed 0 queries (0 queries/s; 19.20/s dbs, successful statements: 58%). Threads shut down: 0.
[2023/01/30 19:30:20] Executed 0 queries (0 queries/s; 25.20/s dbs, successful statements: 58%). Threads shut down: 0.
[2023/01/30 19:30:25] Executed 0 queries (0 queries/s; 22.00/s dbs, successful statements: 58%). Threads shut down: 0.
[2023/01/30 19:30:30] Executed 0 queries (0 queries/s; 22.00/s dbs, successful statements: 58%). Threads shut down: 0.
[2023/01/30 19:30:35] Executed 0 queries (0 queries/s; 19.20/s dbs, successful statements: 58%). Threads shut down: 0.
[2023/01/30 19:30:40] Executed 0 queries (0 queries/s; 17.80/s dbs, successful statements: 58%). Threads shut down: 0.
[2023/01/30 19:30:45] Executed 0 queries (0 queries/s; 25.00/s dbs, successful statements: 58%). Threads shut down: 0.
[2023/01/30 19:30:50] Executed 0 queries (0 queries/s; 16.80/s dbs, successful statements: 58%). Threads shut down: 0.
[2023/01/30 19:30:55] Executed 0 queries (0 queries/s; 22.60/s dbs, successful statements: 58%). Threads shut down: 0.
[2023/01/30 19:31:00] Executed 0 queries (0 queries/s; 27.20/s dbs, successful statements: 58%). Threads shut down: 0.
[2023/01/30 19:31:05] Executed 0 queries (0 queries/s; 19.40/s dbs, successful statements: 58%). Threads shut down: 0.
[2023/01/30 19:31:10] Executed 0 queries (0 queries/s; 20.80/s dbs, successful statements: 58%). Threads shut down: 0.
[2023/01/30 19:31:15] Executed 0 queries (0 queries/s; 24.80/s dbs, successful statements: 58%). Threads shut down: 0.
[2023/01/30 19:31:20] Executed 0 queries (0 queries/s; 23.40/s dbs, successful statements: 57%). Threads shut down: 0.
[2023/01/30 19:31:25] Executed 0 queries (0 queries/s; 29.81/s dbs, successful statements: 57%). Threads shut down: 0.
[2023/01/30 19:31:30] Executed 0 queries (0 queries/s; 24.80/s dbs, successful statements: 57%). Threads shut down: 0.
[2023/01/30 19:31:35] Executed 0 queries (0 queries/s; 22.00/s dbs, successful statements: 57%). Threads shut down: 0.
[2023/01/30 19:31:40] Executed 0 queries (0 queries/s; 22.00/s dbs, successful statements: 57%). Threads shut down: 0.
[2023/01/30 19:31:45] Executed 0 queries (0 queries/s; 24.60/s dbs, successful statements: 57%). Threads shut down: 0.
[2023/01/30 19:31:50] Executed 0 queries (0 queries/s; 25.80/s dbs, successful statements: 57%). Threads shut down: 0.
[2023/01/30 19:31:55] Executed 0 queries (0 queries/s; 22.20/s dbs, successful statements: 57%). Threads shut down: 0.
[INFO] Tests run: 1, Failures: 0, Errors: 0, Skipped: 0, Time elapsed: 300.165 s - in sqlancer.dbms.TestDuckDB
[INFO] Running sqlancer.dbms.TestCockroachDB
[WARNING] Tests run: 1, Failures: 0, Errors: 0, Skipped: 1, Time elapsed: 0 s - in sqlancer.dbms.TestCockroachDB
[INFO] Running sqlancer.dbms.TestH2
[WARNING] Tests run: 1, Failures: 0, Errors: 0, Skipped: 1, Time elapsed: 0 s - in sqlancer.dbms.TestH2
[INFO] Running sqlancer.dbms.TestMariaDB
[WARNING] Tests run: 1, Failures: 0, Errors: 0, Skipped: 1, Time elapsed: 0 s - in sqlancer.dbms.TestMariaDB
[INFO] Running sqlancer.dbms.TestClickHouse
[WARNING] Tests run: 6, Failures: 0, Errors: 0, Skipped: 6, Time elapsed: 0.002 s - in sqlancer.dbms.TestClickHouse
[INFO] Running sqlancer.dbms.TestMySQLPQS
[WARNING] Tests run: 1, Failures: 0, Errors: 0, Skipped: 1, Time elapsed: 0 s - in sqlancer.dbms.TestMySQLPQS
[INFO] Running sqlancer.dbms.TestSQLitePQS
[2023/01/30 19:32:00] Executed 6426 queries (1285 queries/s; 13.40/s dbs, successful statements: 57%). Threads shut down: 0.
[2023/01/30 19:32:05] Executed 10530 queries (820 queries/s; 31.20/s dbs, successful statements: 57%). Threads shut down: 0.
[2023/01/30 19:32:10] Executed 19276 queries (1749 queries/s; 27.40/s dbs, successful statements: 57%). Threads shut down: 0.
[2023/01/30 19:32:15] Executed 30063 queries (2157 queries/s; 24.40/s dbs, successful statements: 57%). Threads shut down: 0.
[2023/01/30 19:32:20] Executed 40986 queries (2184 queries/s; 26.20/s dbs, successful statements: 57%). Threads shut down: 0.
[2023/01/30 19:32:25] Executed 52825 queries (2367 queries/s; 21.40/s dbs, successful statements: 57%). Threads shut down: 0.
[2023/01/30 19:32:30] Executed 61253 queries (1685 queries/s; 21.20/s dbs, successful statements: 57%). Threads shut down: 0.
[2023/01/30 19:32:35] Executed 72446 queries (2238 queries/s; 23.40/s dbs, successful statements: 57%). Threads shut down: 0.
[2023/01/30 19:32:40] Executed 79773 queries (1465 queries/s; 17.60/s dbs, successful statements: 57%). Threads shut down: 0.
[2023/01/30 19:32:45] Executed 89448 queries (1935 queries/s; 22.60/s dbs, successful statements: 57%). Threads shut down: 0.
[2023/01/30 19:32:50] Executed 99823 queries (2075 queries/s; 30.60/s dbs, successful statements: 57%). Threads shut down: 0.
[2023/01/30 19:32:55] Executed 109481 queries (1931 queries/s; 19.60/s dbs, successful statements: 57%). Threads shut down: 0.
[2023/01/30 19:33:00] Executed 118458 queries (1795 queries/s; 27.80/s dbs, successful statements: 58%). Threads shut down: 0.
[2023/01/30 19:33:05] Executed 127554 queries (1819 queries/s; 18.80/s dbs, successful statements: 57%). Threads shut down: 0.
[2023/01/30 19:33:10] Executed 136379 queries (1765 queries/s; 24.80/s dbs, successful statements: 57%). Threads shut down: 0.
[2023/01/30 19:33:15] Executed 146445 queries (2013 queries/s; 17.00/s dbs, successful statements: 57%). Threads shut down: 0.
[2023/01/30 19:33:20] Executed 154938 queries (1698 queries/s; 30.00/s dbs, successful statements: 58%). Threads shut down: 0.
[2023/01/30 19:33:25] Executed 163115 queries (1635 queries/s; 23.40/s dbs, successful statements: 58%). Threads shut down: 0.
[2023/01/30 19:33:30] Executed 174995 queries (2376 queries/s; 24.40/s dbs, successful statements: 58%). Threads shut down: 0.
[2023/01/30 19:33:35] Executed 182691 queries (1539 queries/s; 21.60/s dbs, successful statements: 58%). Threads shut down: 0.
[2023/01/30 19:33:40] Executed 193078 queries (2077 queries/s; 22.60/s dbs, successful statements: 58%). Threads shut down: 0.
[2023/01/30 19:33:45] Executed 204142 queries (2212 queries/s; 25.40/s dbs, successful statements: 58%). Threads shut down: 0.
[2023/01/30 19:33:50] Executed 212318 queries (1635 queries/s; 23.60/s dbs, successful statements: 58%). Threads shut down: 0.
[2023/01/30 19:33:55] Executed 220408 queries (1618 queries/s; 29.00/s dbs, successful statements: 58%). Threads shut down: 0.
[2023/01/30 19:34:00] Executed 230091 queries (1936 queries/s; 24.00/s dbs, successful statements: 58%). Threads shut down: 0.
[2023/01/30 19:34:05] Executed 241752 queries (2332 queries/s; 17.60/s dbs, successful statements: 58%). Threads shut down: 0.
[2023/01/30 19:34:10] Executed 252189 queries (2087 queries/s; 26.60/s dbs, successful statements: 58%). Threads shut down: 0.
[2023/01/30 19:34:15] Executed 260829 queries (1728 queries/s; 27.00/s dbs, successful statements: 58%). Threads shut down: 0.
[2023/01/30 19:34:20] Executed 267528 queries (1339 queries/s; 24.20/s dbs, successful statements: 58%). Threads shut down: 0.
[2023/01/30 19:34:25] Executed 278684 queries (2231 queries/s; 28.40/s dbs, successful statements: 58%). Threads shut down: 0.
[2023/01/30 19:34:30] Executed 288073 queries (1877 queries/s; 30.20/s dbs, successful statements: 58%). Threads shut down: 0.
[2023/01/30 19:34:35] Executed 296376 queries (1660 queries/s; 18.40/s dbs, successful statements: 58%). Threads shut down: 0.
[2023/01/30 19:34:40] Executed 305114 queries (1747 queries/s; 22.00/s dbs, successful statements: 58%). Threads shut down: 0.
[2023/01/30 19:34:45] Executed 312399 queries (1457 queries/s; 23.80/s dbs, successful statements: 58%). Threads shut down: 0.
[2023/01/30 19:34:50] Executed 321772 queries (1874 queries/s; 31.20/s dbs, successful statements: 58%). Threads shut down: 0.
[2023/01/30 19:34:55] Executed 332174 queries (2080 queries/s; 30.00/s dbs, successful statements: 58%). Threads shut down: 0.
[2023/01/30 19:35:00] Executed 343588 queries (2282 queries/s; 32.40/s dbs, successful statements: 58%). Threads shut down: 0.
[2023/01/30 19:35:05] Executed 352621 queries (1806 queries/s; 19.00/s dbs, successful statements: 58%). Threads shut down: 0.
[2023/01/30 19:35:10] Executed 361850 queries (1845 queries/s; 22.00/s dbs, successful statements: 58%). Threads shut down: 0.
[2023/01/30 19:35:15] Executed 370500 queries (1730 queries/s; 22.40/s dbs, successful statements: 58%). Threads shut down: 0.
[2023/01/30 19:35:20] Executed 379756 queries (1851 queries/s; 23.60/s dbs, successful statements: 58%). Threads shut down: 0.
[2023/01/30 19:35:25] Executed 388633 queries (1775 queries/s; 25.60/s dbs, successful statements: 58%). Threads shut down: 0.
[2023/01/30 19:35:30] Executed 394988 queries (1271 queries/s; 23.00/s dbs, successful statements: 58%). Threads shut down: 0.
[2023/01/30 19:35:35] Executed 398812 queries (764 queries/s; 20.20/s dbs, successful statements: 58%). Threads shut down: 0.
[2023/01/30 19:35:40] Executed 408262 queries (1890 queries/s; 26.40/s dbs, successful statements: 58%). Threads shut down: 0.
[2023/01/30 19:35:45] Executed 417856 queries (1918 queries/s; 26.60/s dbs, successful statements: 58%). Threads shut down: 0.
[2023/01/30 19:35:50] Executed 423119 queries (1052 queries/s; 20.20/s dbs, successful statements: 58%). Threads shut down: 0.
[2023/01/30 19:35:55] Executed 431077 queries (1591 queries/s; 28.60/s dbs, successful statements: 58%). Threads shut down: 0.
[2023/01/30 19:36:00] Executed 441649 queries (2114 queries/s; 22.40/s dbs, successful statements: 58%). Threads shut down: 0.
[2023/01/30 19:36:05] Executed 450617 queries (1793 queries/s; 32.40/s dbs, successful statements: 58%). Threads shut down: 0.
[2023/01/30 19:36:10] Executed 460460 queries (1968 queries/s; 30.00/s dbs, successful statements: 58%). Threads shut down: 0.
[2023/01/30 19:36:15] Executed 470788 queries (2065 queries/s; 30.60/s dbs, successful statements: 58%). Threads shut down: 0.
[2023/01/30 19:36:20] Executed 482017 queries (2245 queries/s; 28.60/s dbs, successful statements: 58%). Threads shut down: 0.
[2023/01/30 19:36:25] Executed 491168 queries (1830 queries/s; 24.40/s dbs, successful statements: 58%). Threads shut down: 0.
[2023/01/30 19:36:30] Executed 501177 queries (2001 queries/s; 28.00/s dbs, successful statements: 58%). Threads shut down: 0.
[2023/01/30 19:36:35] Executed 512188 queries (2202 queries/s; 26.20/s dbs, successful statements: 58%). Threads shut down: 0.
[2023/01/30 19:36:40] Executed 519971 queries (1556 queries/s; 26.80/s dbs, successful statements: 58%). Threads shut down: 0.
[2023/01/30 19:36:45] Executed 529902 queries (1986 queries/s; 22.80/s dbs, successful statements: 58%). Threads shut down: 0.
[2023/01/30 19:36:50] Executed 541207 queries (2261 queries/s; 29.40/s dbs, successful statements: 58%). Threads shut down: 0.
[2023/01/30 19:36:55] Executed 552226 queries (2203 queries/s; 23.60/s dbs, successful statements: 58%). Threads shut down: 0.
[INFO] Tests run: 1, Failures: 0, Errors: 0, Skipped: 0, Time elapsed: 300.018 s - in sqlancer.dbms.TestSQLitePQS
[INFO] Running sqlancer.dbms.TestTiDB
[WARNING] Tests run: 1, Failures: 0, Errors: 0, Skipped: 1, Time elapsed: 0.001 s - in sqlancer.dbms.TestTiDB
[INFO] Running sqlancer.clickhouse.ast.ClickHouseBinaryComparisonOperationTest
[INFO] Tests run: 6, Failures: 0, Errors: 0, Skipped: 0, Time elapsed: 0.025 s - in sqlancer.clickhouse.ast.ClickHouseBinaryComparisonOperationTest
[INFO] Running sqlancer.TestRandomly
[INFO] Tests run: 13, Failures: 0, Errors: 0, Skipped: 0, Time elapsed: 1.378 s - in sqlancer.TestRandomly
[INFO] 
[INFO] Results:
[INFO] 
[WARNING] Tests run: 62, Failures: 0, Errors: 0, Skipped: 15
[INFO] 
[INFO] 
[INFO] --- jacoco-maven-plugin:0.8.7:report (report) @ sqlancer ---
[INFO] Loading execution data file /home/gabsko/breaking-updates/target/jacoco.exec
[INFO] Analyzed bundle 'SQLancer' with 1114 classes
[INFO] ------------------------------------------------------------------------
[INFO] BUILD SUCCESS
[INFO] ------------------------------------------------------------------------
[INFO] Total time:  15:10 min
[INFO] Finished at: 2023-01-30T19:37:00Z
[INFO] ------------------------------------------------------------------------
