[INFO] Scanning for projects...
[INFO] 
[INFO] ------------------< org.codehaus.plexus:plexus-utils >------------------
[INFO] Building Plexus Common Utilities 3.4.0-SNAPSHOT
[INFO] --------------------------------[ jar ]---------------------------------
[INFO] Downloading from central: https://repo.maven.apache.org/maven2/org/openjdk/jmh/jmh-generator-annprocess/1.30/jmh-generator-annprocess-1.30.jar
[INFO] Downloaded from central: https://repo.maven.apache.org/maven2/org/openjdk/jmh/jmh-generator-annprocess/1.30/jmh-generator-annprocess-1.30.jar (31 kB at 95 kB/s)
[INFO] 
[INFO] --- maven-clean-plugin:3.1.0:clean (default-clean) @ plexus-utils ---
[INFO] Deleting /home/gabsko/breaking-updates/target
[INFO] 
[INFO] --- maven-enforcer-plugin:3.0.0-M3:enforce (enforce-maven) @ plexus-utils ---
[INFO] 
[INFO] --- maven-resources-plugin:2.7:resources (default-resources) @ plexus-utils ---
[INFO] Using 'UTF-8' encoding to copy filtered resources.
[INFO] Copying 5 resources
[INFO] 
[INFO] --- maven-compiler-plugin:3.8.1:compile (default-compile) @ plexus-utils ---
[INFO] Changes detected - recompiling the module!
[INFO] Compiling 83 source files to /home/gabsko/breaking-updates/target/classes
[INFO] /home/gabsko/breaking-updates/src/main/java/org/codehaus/plexus/util/reflection/Reflector.java: Some input files use or override a deprecated API.
[INFO] /home/gabsko/breaking-updates/src/main/java/org/codehaus/plexus/util/reflection/Reflector.java: Recompile with -Xlint:deprecation for details.
[INFO] /home/gabsko/breaking-updates/src/main/java/org/codehaus/plexus/util/reflection/Reflector.java: Some input files use unchecked or unsafe operations.
[INFO] /home/gabsko/breaking-updates/src/main/java/org/codehaus/plexus/util/reflection/Reflector.java: Recompile with -Xlint:unchecked for details.
[INFO] 
[INFO] --- maven-compiler-plugin:3.8.1:compile (compile-java-9) @ plexus-utils ---
[INFO] Changes detected - recompiling the module!
[INFO] Compiling 1 source file to /home/gabsko/breaking-updates/target/classes/META-INF/versions/9
[INFO] 
[INFO] --- maven-compiler-plugin:3.8.1:compile (compile-java-10) @ plexus-utils ---
[INFO] Changes detected - recompiling the module!
[INFO] Compiling 1 source file to /home/gabsko/breaking-updates/target/classes/META-INF/versions/10
[INFO] 
[INFO] --- maven-resources-plugin:2.7:testResources (default-testResources) @ plexus-utils ---
[INFO] Using 'UTF-8' encoding to copy filtered resources.
[INFO] Copying 111 resources
[INFO] 
[INFO] --- maven-compiler-plugin:3.8.1:testCompile (default-testCompile) @ plexus-utils ---
[INFO] Changes detected - recompiling the module!
[INFO] Compiling 53 source files to /home/gabsko/breaking-updates/target/test-classes
[INFO] /home/gabsko/breaking-updates/src/test/java/org/codehaus/plexus/util/xml/XmlUtilTest.java: Some input files use or override a deprecated API.
[INFO] /home/gabsko/breaking-updates/src/test/java/org/codehaus/plexus/util/xml/XmlUtilTest.java: Recompile with -Xlint:deprecation for details.
[INFO] /home/gabsko/breaking-updates/src/test/java/org/codehaus/plexus/util/xml/Xpp3DomTest.java: Some input files use unchecked or unsafe operations.
[INFO] /home/gabsko/breaking-updates/src/test/java/org/codehaus/plexus/util/xml/Xpp3DomTest.java: Recompile with -Xlint:unchecked for details.
[INFO] 
[INFO] --- maven-surefire-plugin:2.22.2:test (default-test) @ plexus-utils ---
[INFO] 
[INFO] -------------------------------------------------------
[INFO]  T E S T S
[INFO] -------------------------------------------------------
[INFO] Running org.codehaus.plexus.util.MatchPatternsTest
[INFO] Tests run: 1, Failures: 0, Errors: 0, Skipped: 0, Time elapsed: 0.019 s - in org.codehaus.plexus.util.MatchPatternsTest
[INFO] Running org.codehaus.plexus.util.PerfTest
i = 23200
i = 23200
[INFO] Tests run: 2, Failures: 0, Errors: 0, Skipped: 0, Time elapsed: 0.001 s - in org.codehaus.plexus.util.PerfTest
[INFO] Running org.codehaus.plexus.util.FileUtilsTest
[INFO] Tests run: 61, Failures: 0, Errors: 0, Skipped: 0, Time elapsed: 7.389 s - in org.codehaus.plexus.util.FileUtilsTest
[INFO] Running org.codehaus.plexus.util.DirectoryWalkerTest
Walk Starting: src/test/resources/directorywalker
Walk Step: [0%] src/test/resources/directorywalker/directory1/file1.txt
Walk Step: [33%] src/test/resources/directorywalker/directory2/directory21/file21.txt
Walk Step: [50%] src/test/resources/directorywalker/directory2/file2.txt
Walk Step: [66%] src/test/resources/directorywalker/file.txt
Walk Finished.
[INFO] Tests run: 1, Failures: 0, Errors: 0, Skipped: 0, Time elapsed: 0 s - in org.codehaus.plexus.util.DirectoryWalkerTest
[INFO] Running org.codehaus.plexus.util.ReflectionUtilsTest
[INFO] Tests run: 4, Failures: 0, Errors: 0, Skipped: 0, Time elapsed: 0 s - in org.codehaus.plexus.util.ReflectionUtilsTest
[INFO] Running org.codehaus.plexus.util.StringUtilsTest
[INFO] Tests run: 21, Failures: 0, Errors: 0, Skipped: 0, Time elapsed: 0.001 s - in org.codehaus.plexus.util.StringUtilsTest
[INFO] Running org.codehaus.plexus.util.PathToolTest
[INFO] Tests run: 5, Failures: 0, Errors: 0, Skipped: 0, Time elapsed: 0 s - in org.codehaus.plexus.util.PathToolTest
[INFO] Running org.codehaus.plexus.util.dag.CycleDetectorTest
[INFO] Tests run: 1, Failures: 0, Errors: 0, Skipped: 0, Time elapsed: 0 s - in org.codehaus.plexus.util.dag.CycleDetectorTest
[INFO] Running org.codehaus.plexus.util.dag.VertexTest
[INFO] Tests run: 1, Failures: 0, Errors: 0, Skipped: 0, Time elapsed: 0 s - in org.codehaus.plexus.util.dag.VertexTest
[INFO] Running org.codehaus.plexus.util.dag.TopologicalSorterTest
[INFO] Tests run: 1, Failures: 0, Errors: 0, Skipped: 0, Time elapsed: 0 s - in org.codehaus.plexus.util.dag.TopologicalSorterTest
[INFO] Running org.codehaus.plexus.util.dag.DAGTest
[INFO] Tests run: 2, Failures: 0, Errors: 0, Skipped: 0, Time elapsed: 0 s - in org.codehaus.plexus.util.dag.DAGTest
[INFO] Running org.codehaus.plexus.util.dag.CycleDetectedExceptionTest
[INFO] Tests run: 1, Failures: 0, Errors: 0, Skipped: 0, Time elapsed: 0 s - in org.codehaus.plexus.util.dag.CycleDetectedExceptionTest
[INFO] Running org.codehaus.plexus.util.IOUtilTest
[INFO] Tests run: 17, Failures: 0, Errors: 0, Skipped: 0, Time elapsed: 0.01 s - in org.codehaus.plexus.util.IOUtilTest
[INFO] Running org.codehaus.plexus.util.LineOrientedInterpolatingReaderTest
[INFO] Tests run: 7, Failures: 0, Errors: 0, Skipped: 0, Time elapsed: 0.002 s - in org.codehaus.plexus.util.LineOrientedInterpolatingReaderTest
[INFO] Running org.codehaus.plexus.util.SweeperPoolTest
[INFO] Tests run: 2, Failures: 0, Errors: 0, Skipped: 0, Time elapsed: 1.999 s - in org.codehaus.plexus.util.SweeperPoolTest
[INFO] Running org.codehaus.plexus.util.StringInputStreamTest
[INFO] Tests run: 1, Failures: 0, Errors: 0, Skipped: 0, Time elapsed: 0.012 s - in org.codehaus.plexus.util.StringInputStreamTest
[INFO] Running org.codehaus.plexus.util.reflection.ReflectorTest
[INFO] Tests run: 3, Failures: 0, Errors: 0, Skipped: 0, Time elapsed: 0.003 s - in org.codehaus.plexus.util.reflection.ReflectorTest
[INFO] Running org.codehaus.plexus.util.xml.Xpp3DomTest
[INFO] Tests run: 15, Failures: 0, Errors: 0, Skipped: 0, Time elapsed: 0.012 s - in org.codehaus.plexus.util.xml.Xpp3DomTest
[INFO] Running org.codehaus.plexus.util.xml.Xpp3DomBuilderTest
[INFO] Tests run: 7, Failures: 0, Errors: 0, Skipped: 0, Time elapsed: 0.001 s - in org.codehaus.plexus.util.xml.Xpp3DomBuilderTest
[INFO] Running org.codehaus.plexus.util.xml.Xpp3DomUtilsTest
[INFO] Tests run: 2, Failures: 0, Errors: 0, Skipped: 0, Time elapsed: 0.001 s - in org.codehaus.plexus.util.xml.Xpp3DomUtilsTest
[INFO] Running org.codehaus.plexus.util.xml.Xpp3DomWriterTest
[INFO] Tests run: 2, Failures: 0, Errors: 0, Skipped: 0, Time elapsed: 0 s - in org.codehaus.plexus.util.xml.Xpp3DomWriterTest
[INFO] Running org.codehaus.plexus.util.xml.PrettyPrintXMLWriterTest
[INFO] Tests run: 6, Failures: 0, Errors: 0, Skipped: 0, Time elapsed: 16.544 s - in org.codehaus.plexus.util.xml.PrettyPrintXMLWriterTest
[INFO] Running org.codehaus.plexus.util.xml.XmlStreamWriterTest
[INFO] Tests run: 12, Failures: 0, Errors: 0, Skipped: 0, Time elapsed: 0.015 s - in org.codehaus.plexus.util.xml.XmlStreamWriterTest
[INFO] Running org.codehaus.plexus.util.xml.XmlStreamReaderTest
[INFO] Tests run: 13, Failures: 0, Errors: 0, Skipped: 0, Time elapsed: 0.003 s - in org.codehaus.plexus.util.xml.XmlStreamReaderTest
[INFO] Running org.codehaus.plexus.util.xml.XmlUtilTest
[INFO] Tests run: 4, Failures: 0, Errors: 0, Skipped: 0, Time elapsed: 0.008 s - in org.codehaus.plexus.util.xml.XmlUtilTest
[INFO] Running org.codehaus.plexus.util.xml.XmlWriterUtilTest
[INFO] Tests run: 16, Failures: 0, Errors: 0, Skipped: 0, Time elapsed: 0.004 s - in org.codehaus.plexus.util.xml.XmlWriterUtilTest
[INFO] Running org.codehaus.plexus.util.xml.pull.IBMXML10Tests_Test_IBMXMLConformanceTestSuite_not_wftests_Test_IBMXMLConformanceTestSuite_Production66_Test
[INFO] Tests run: 15, Failures: 0, Errors: 0, Skipped: 0, Time elapsed: 0.003 s - in org.codehaus.plexus.util.xml.pull.IBMXML10Tests_Test_IBMXMLConformanceTestSuite_not_wftests_Test_IBMXMLConformanceTestSuite_Production66_Test
[INFO] Running org.codehaus.plexus.util.xml.pull.MXParserTest
[INFO] Tests run: 27, Failures: 0, Errors: 0, Skipped: 0, Time elapsed: 0.431 s - in org.codehaus.plexus.util.xml.pull.MXParserTest
[INFO] Running org.codehaus.plexus.util.xml.pull.IBMXML10Tests_Test_IBMXMLConformanceTestSuite_not_wftests_Test_IBMXMLConformanceTestSuite_Production32_Test
[INFO] Tests run: 8, Failures: 0, Errors: 0, Skipped: 0, Time elapsed: 0 s - in org.codehaus.plexus.util.xml.pull.IBMXML10Tests_Test_IBMXMLConformanceTestSuite_not_wftests_Test_IBMXMLConformanceTestSuite_Production32_Test
[INFO] Running org.codehaus.plexus.util.xml.pull.IBMXML10Tests_Test_IBMXMLConformanceTestSuite_not_wftests_Test_IBMXMLConformanceTestSuite_Production2_Test
[INFO] Tests run: 31, Failures: 0, Errors: 0, Skipped: 0, Time elapsed: 0.005 s - in org.codehaus.plexus.util.xml.pull.IBMXML10Tests_Test_IBMXMLConformanceTestSuite_not_wftests_Test_IBMXMLConformanceTestSuite_Production2_Test
[INFO] Running org.codehaus.plexus.util.xml.pull.eduni_misc_Test_BjoernHoehrmannviaHST2013_09_18_Test
[INFO] Tests run: 7, Failures: 0, Errors: 0, Skipped: 0, Time elapsed: 0 s - in org.codehaus.plexus.util.xml.pull.eduni_misc_Test_BjoernHoehrmannviaHST2013_09_18_Test
[INFO] Running org.codehaus.plexus.util.xml.pull.IBMXML10Tests_Test_IBMXMLConformanceTestSuite_not_wftests_Test_IBMXMLConformanceTestSuite_Production24_Test
[INFO] Tests run: 9, Failures: 0, Errors: 0, Skipped: 0, Time elapsed: 0.001 s - in org.codehaus.plexus.util.xml.pull.IBMXML10Tests_Test_IBMXMLConformanceTestSuite_not_wftests_Test_IBMXMLConformanceTestSuite_Production24_Test
[INFO] Running org.codehaus.plexus.util.xml.pull.IBMXML10Tests_Test_IBMXMLConformanceTestSuite_not_wftests_Test_IBMXMLConformanceTestSuite_Production80_Test
[INFO] Tests run: 6, Failures: 0, Errors: 0, Skipped: 0, Time elapsed: 0 s - in org.codehaus.plexus.util.xml.pull.IBMXML10Tests_Test_IBMXMLConformanceTestSuite_not_wftests_Test_IBMXMLConformanceTestSuite_Production80_Test
[INFO] Running org.codehaus.plexus.util.MatchPatternTest
[INFO] Tests run: 2, Failures: 0, Errors: 0, Skipped: 0, Time elapsed: 0 s - in org.codehaus.plexus.util.MatchPatternTest
[INFO] Running org.codehaus.plexus.util.DirectoryScannerTest
Test: testRegexIncludeWithExcludedPrefixDirs
Included files: 
src/main/resources/project/target/foo.txt
Searching for exclusion as: src/main/foo.txt
or: src\main\foo.txt
Searching for inclusion as: src/main/resources/project/target/foo.txt
or: src\main\resources\project\target\foo.txt
Test: testRegexExcludeWithNegativeLookahead
Included files: 
src/main/resources/project/target/foo.txt
Searching for exclusion as: target/foo.txt
or: target\foo.txt
Searching for inclusion as: src/main/resources/project/target/foo.txt
or: src\main\resources\project\target\foo.txt
Test: testRegexWithSlashInsideCharacterClass
Included files: 
module/src/main/target/foo.txt
Searching for exclusion as: target/foo.txt
or: target\foo.txt
Searching for exclusion as: target/src/main/target/foo.txt
or: target\src\main\target\foo.txt
Searching for inclusion as: module/src/main/target/foo.txt
or: module\src\main\target\foo.txt
Included files: 
directoryTest/test-dir-123/file1.dat
directoryTest/testDir123/file1.dat
directoryTest/test_dir_123/file1.dat
Searching for exclusion as: directoryTest/testDir123/anotherDir1/file1.dat
or: directoryTest\testDir123\anotherDir1\file1.dat
Searching for exclusion as: directoryTest/test_dir_123/anotherDir2/file1.dat
or: directoryTest\test_dir_123\anotherDir2\file1.dat
Searching for exclusion as: directoryTest/test-dir-123/anotherDir3/file1.dat
or: directoryTest\test-dir-123\anotherDir3\file1.dat
Searching for inclusion as: directoryTest/testDir123/file1.dat
or: directoryTest\testDir123\file1.dat
Searching for inclusion as: directoryTest/test_dir_123/file1.dat
or: directoryTest\test_dir_123\file1.dat
Searching for inclusion as: directoryTest/test-dir-123/file1.dat
or: directoryTest\test-dir-123\file1.dat
Test: testAntExcludesOverrideIncludesWithExplicitAntPrefix
Included files: 
src/main/resources/project/target/foo.txt
Searching for exclusion as: target/foo.txt
or: target\foo.txt
Searching for inclusion as: src/main/resources/project/target/foo.txt
or: src\main\resources\project\target\foo.txt
Test: testAntExcludesOverrideIncludes
Included files: 
src/main/resources/project/target/foo.txt
Searching for exclusion as: target/foo.txt
or: target\foo.txt
Searching for inclusion as: src/main/resources/project/target/foo.txt
or: src\main\resources\project\target\foo.txt
[INFO] Tests run: 15, Failures: 0, Errors: 0, Skipped: 0, Time elapsed: 0.012 s - in org.codehaus.plexus.util.DirectoryScannerTest
[INFO] Running org.codehaus.plexus.util.cli.EnhancedStringTokenizerTest
[INFO] Tests run: 6, Failures: 0, Errors: 0, Skipped: 0, Time elapsed: 0 s - in org.codehaus.plexus.util.cli.EnhancedStringTokenizerTest
[INFO] Running org.codehaus.plexus.util.cli.CommandlineTest
Command line is: /bin/sh -c cd '/home/gabsko/breaking-updates/target/test/quotedpath'"'"'test' && '/home/gabsko/breaking-updates/target/test/quotedpath'"'"'test/echo'
Command line is: /bin/sh -c cd '/home/gabsko/breaking-updates/target/test/dollar$test' && '/home/gabsko/breaking-updates/target/test/dollar$test/echo'
Quoted
Command line is: /bin/sh -c cd '/home/gabsko/breaking-updates/target/test/quotedpath"test' && '/home/gabsko/breaking-updates/target/test/quotedpath"test/echo'
Quoted
Command line is: /bin/sh -c cd '/home/gabsko/breaking-updates/target/test/quoted path"test' && '/home/gabsko/breaking-updates/target/test/quoted path"test/echo'
Quoted
Command line is: /bin/sh -c cd '/home/gabsko/breaking-updates/target/test/quotedpath"'"'"'test' && '/home/gabsko/breaking-updates/target/test/quotedpath"'"'"'test/echo'
Quoted
Command line is: /bin/sh -c cd '/home/gabsko/breaking-updates/target/test/quoted path"'"'"'test' && '/home/gabsko/breaking-updates/target/test/quoted path"'"'"'test/echo'
Quoted
Command line is: /bin/sh -c cd '/home/gabsko/breaking-updates/target/test/quotedpath'"'"'test' && '/home/gabsko/breaking-updates/target/test/quotedpath'"'"'test/echo'
Quoted
Command line is: /bin/sh -c cd '/home/gabsko/breaking-updates/target/test/quoted path'"'"'test' && '/home/gabsko/breaking-updates/target/test/quoted path'"'"'test/echo'
Quoted
Command line is: /bin/sh -c cd '/home/gabsko/breaking-updates/target/test' && 'cat' 'test$1.txt'
Success
[INFO] Tests run: 22, Failures: 0, Errors: 0, Skipped: 0, Time elapsed: 1.859 s - in org.codehaus.plexus.util.cli.CommandlineTest
[INFO] Running org.codehaus.plexus.util.cli.shell.BourneShellTest
[/bin/sh, -c, 'chmod' ' ' '|' '&&' '||' ';' ';;' '&' '()' '<' '<<' '>' '>>' '*' '?' '[' ']' '{' '}' '`']
/bin/sh -c cd '/usr/bin' && 'chmod' 'arg'"'"'withquote'
/bin/sh -c cd '/usr/bin' && 'chmod' 'some arg with spaces'
---- semi colon tests ----
/bin/sh -c cd '/usr/bin' && 'chmod' ';some&argwithunix$chars'
[/bin/sh, -c, 'chmod' '--password' ';password']
[/bin/sh, -c, 'chmod' '--password' ';password']
[cmd.exe, /X, /C, "--password ;password"]
/bin/sh -c cd '/usr/bin' && 'chmod' ''"'"'some arg with spaces'"'"''
[INFO] Tests run: 8, Failures: 0, Errors: 0, Skipped: 0, Time elapsed: 0.002 s - in org.codehaus.plexus.util.cli.shell.BourneShellTest
[INFO] Running org.codehaus.plexus.util.cli.CommandLineUtilsTest
Hello
"Hello World"
'"Hello World"'
[INFO] Tests run: 4, Failures: 0, Errors: 0, Skipped: 0, Time elapsed: 0 s - in org.codehaus.plexus.util.cli.CommandLineUtilsTest
[INFO] Running org.codehaus.plexus.util.cli.StreamPumperTest
aaaThis a test string

[INFO] Tests run: 5, Failures: 0, Errors: 0, Skipped: 0, Time elapsed: 0.09 s - in org.codehaus.plexus.util.cli.StreamPumperTest
[INFO] Running org.codehaus.plexus.util.cli.DefaultConsumerTest
Test DefaultConsumer consumeLine
[INFO] Tests run: 1, Failures: 0, Errors: 0, Skipped: 0, Time elapsed: 0 s - in org.codehaus.plexus.util.cli.DefaultConsumerTest
[INFO] Running org.codehaus.plexus.util.InterpolationFilterReaderTest
[INFO] Tests run: 11, Failures: 0, Errors: 0, Skipped: 0, Time elapsed: 0 s - in org.codehaus.plexus.util.InterpolationFilterReaderTest
[INFO] Running org.codehaus.plexus.util.introspection.ReflectionValueExtractorTest
[INFO] Tests run: 15, Failures: 0, Errors: 0, Skipped: 0, Time elapsed: 0.017 s - in org.codehaus.plexus.util.introspection.ReflectionValueExtractorTest
[INFO] Running org.codehaus.plexus.util.SelectorUtilsTest
[INFO] Tests run: 3, Failures: 0, Errors: 0, Skipped: 0, Time elapsed: 0 s - in org.codehaus.plexus.util.SelectorUtilsTest
[INFO] Running org.codehaus.plexus.util.CollectionUtilsTest
[INFO] Tests run: 5, Failures: 0, Errors: 0, Skipped: 0, Time elapsed: 0.001 s - in org.codehaus.plexus.util.CollectionUtilsTest
[INFO] Running org.codehaus.plexus.util.OsTest
[INFO] Tests run: 3, Failures: 0, Errors: 0, Skipped: 0, Time elapsed: 0 s - in org.codehaus.plexus.util.OsTest
[INFO] 
[INFO] Results:
[INFO] 
[INFO] Tests run: 411, Failures: 0, Errors: 0, Skipped: 0
[INFO] 
[INFO] ------------------------------------------------------------------------
[INFO] BUILD SUCCESS
[INFO] ------------------------------------------------------------------------
[INFO] Total time:  33.304 s
[INFO] Finished at: 2023-01-29T23:44:46Z
[INFO] ------------------------------------------------------------------------
