[INFO] Scanning for projects...
[WARNING] 
[WARNING] Some problems were encountered while building the effective model for com.google.cloud:google-cloud-bigquery:jar:2.18.3-SNAPSHOT
[WARNING] 'dependencies.dependency.(groupId:artifactId:type:classifier)' must be unique: com.google.cloud:google-cloud-storage:jar -> duplicate declaration of version (?) @ line 144, column 17
[WARNING] 'dependencies.dependency.(groupId:artifactId:type:classifier)' must be unique: com.google.cloud:google-cloud-datacatalog:jar -> duplicate declaration of version (?) @ line 164, column 17
[WARNING] 
[WARNING] It is highly recommended to fix these problems because they threaten the stability of your build.
[WARNING] 
[WARNING] For this reason, future Maven versions might no longer support building such malformed projects.
[WARNING] 
[INFO] Inspecting build with total of 2 modules...
[INFO] Installing Nexus Staging features:
[INFO]   ... total of 2 executions of maven-deploy-plugin replaced with nexus-staging-maven-plugin
[INFO] ------------------------------------------------------------------------
[INFO] Reactor Build Order:
[INFO] 
[INFO] BigQuery Parent                                                    [pom]
[INFO] BigQuery                                                           [jar]
[INFO] 
[INFO] -----------< com.google.cloud:google-cloud-bigquery-parent >------------
[INFO] Building BigQuery Parent 2.18.3-SNAPSHOT                           [1/2]
[INFO] --------------------------------[ pom ]---------------------------------
[INFO] 
[INFO] --- maven-clean-plugin:2.5:clean (default-clean) @ google-cloud-bigquery-parent ---
[INFO] Deleting /home/gabsko/breaking-updates/target
[INFO] 
[INFO] --- maven-enforcer-plugin:3.1.0:enforce (enforce) @ google-cloud-bigquery-parent ---
[INFO] Adding ignore: module-info
[INFO] Adding ignore: META-INF/versions/*/module-info
[INFO] 
[INFO] --- maven-checkstyle-plugin:3.2.0:check (checkstyle) @ google-cloud-bigquery-parent ---
[INFO] Starting audit...
Audit done.
[INFO] You have 0 Checkstyle violations.
[INFO] 
[INFO] --- jacoco-maven-plugin:0.8.8:prepare-agent (default) @ google-cloud-bigquery-parent ---
[INFO] argLine set to -javaagent:/home/gabsko/.m2/repository/org/jacoco/org.jacoco.agent/0.8.8/org.jacoco.agent-0.8.8-runtime.jar=destfile=/home/gabsko/breaking-updates/target/jacoco.exec
[INFO] 
[INFO] --- build-helper-maven-plugin:3.3.0:add-resource (add-main-proto-resources) @ google-cloud-bigquery-parent ---
[INFO] 
[INFO] --- build-helper-maven-plugin:3.3.0:add-test-resource (add-test-proto-resources) @ google-cloud-bigquery-parent ---
[INFO] 
[INFO] --- animal-sniffer-maven-plugin:1.22:check (java8) @ google-cloud-bigquery-parent ---
[INFO] Checking unresolved references to org.codehaus.mojo.signature:java18:1.0
[INFO] 
[INFO] --- jacoco-maven-plugin:0.8.8:report (report) @ google-cloud-bigquery-parent ---
[INFO] Skipping JaCoCo execution due to missing execution data file.
[INFO] 
[INFO] ---------------< com.google.cloud:google-cloud-bigquery >---------------
[INFO] Building BigQuery 2.18.3-SNAPSHOT                                  [2/2]
[INFO] --------------------------------[ jar ]---------------------------------
[INFO] 
[INFO] --- maven-clean-plugin:2.5:clean (default-clean) @ google-cloud-bigquery ---
[INFO] Deleting /home/gabsko/breaking-updates/google-cloud-bigquery/target
[INFO] 
[INFO] --- flatten-maven-plugin:1.2.7:clean (flatten.clean) @ google-cloud-bigquery ---
[INFO] Deleting /home/gabsko/breaking-updates/google-cloud-bigquery/.flattened-pom.xml
[INFO] 
[INFO] --- maven-enforcer-plugin:3.1.0:enforce (enforce) @ google-cloud-bigquery ---
[INFO] Adding ignore: module-info
[INFO] Adding ignore: META-INF/versions/*/module-info
[INFO] 
[INFO] --- maven-checkstyle-plugin:3.2.0:check (checkstyle) @ google-cloud-bigquery ---
[INFO] Starting audit...
Audit done.
[INFO] You have 0 Checkstyle violations.
[INFO] 
[INFO] --- jacoco-maven-plugin:0.8.8:prepare-agent (default) @ google-cloud-bigquery ---
[INFO] argLine set to -javaagent:/home/gabsko/.m2/repository/org/jacoco/org.jacoco.agent/0.8.8/org.jacoco.agent-0.8.8-runtime.jar=destfile=/home/gabsko/breaking-updates/google-cloud-bigquery/target/jacoco.exec
[INFO] 
[INFO] --- build-helper-maven-plugin:3.3.0:add-source (add-source) @ google-cloud-bigquery ---
[INFO] Source directory: /home/gabsko/breaking-updates/google-cloud-bigquery/src/benchmark/java added.
[INFO] 
[INFO] --- build-helper-maven-plugin:3.3.0:add-resource (add-main-proto-resources) @ google-cloud-bigquery ---
[INFO] 
[INFO] --- maven-resources-plugin:2.6:resources (default-resources) @ google-cloud-bigquery ---
[INFO] Using 'UTF-8' encoding to copy filtered resources.
[INFO] Copying 3 resources
[INFO] skip non existing resourceDirectory /home/gabsko/breaking-updates/google-cloud-bigquery/src/main/proto
[INFO] 
[INFO] --- flatten-maven-plugin:1.2.7:flatten (flatten) @ google-cloud-bigquery ---
[INFO] Generating flattened POM of project com.google.cloud:google-cloud-bigquery:jar:2.18.3-SNAPSHOT...
[INFO] 
[INFO] --- maven-compiler-plugin:3.10.1:compile (default-compile) @ google-cloud-bigquery ---
[INFO] Changes detected - recompiling the module!
[INFO] Compiling 111 source files to /home/gabsko/breaking-updates/google-cloud-bigquery/target/classes
[WARNING] /home/gabsko/breaking-updates/google-cloud-bigquery/src/benchmark/java/com/google/cloud/bigquery/benchmark/Benchmark.java:[19,43] com.google.api.client.json.jackson2.JacksonFactory in com.google.api.client.json.jackson2 has been deprecated
[WARNING] /home/gabsko/breaking-updates/google-cloud-bigquery/src/main/java/com/google/cloud/bigquery/spi/v2/HttpBigQueryRpc.java:[33,43] com.google.api.client.json.jackson2.JacksonFactory in com.google.api.client.json.jackson2 has been deprecated
[WARNING] /home/gabsko/breaking-updates/google-cloud-bigquery/src/benchmark/java/com/google/cloud/bigquery/benchmark/Benchmark.java:[19,43] com.google.api.client.json.jackson2.JacksonFactory in com.google.api.client.json.jackson2 has been deprecated
[WARNING] /home/gabsko/breaking-updates/google-cloud-bigquery/src/main/java/com/google/cloud/bigquery/spi/v2/HttpBigQueryRpc.java:[33,43] com.google.api.client.json.jackson2.JacksonFactory in com.google.api.client.json.jackson2 has been deprecated
[WARNING] /home/gabsko/breaking-updates/google-cloud-bigquery/src/benchmark/java/com/google/cloud/bigquery/benchmark/Benchmark.java:[19,43] com.google.api.client.json.jackson2.JacksonFactory in com.google.api.client.json.jackson2 has been deprecated
[WARNING] /home/gabsko/breaking-updates/google-cloud-bigquery/src/main/java/com/google/cloud/bigquery/spi/v2/HttpBigQueryRpc.java:[33,43] com.google.api.client.json.jackson2.JacksonFactory in com.google.api.client.json.jackson2 has been deprecated
[WARNING] /home/gabsko/breaking-updates/google-cloud-bigquery/src/benchmark/java/com/google/cloud/bigquery/benchmark/Benchmark.java:[19,43] com.google.api.client.json.jackson2.JacksonFactory in com.google.api.client.json.jackson2 has been deprecated
[WARNING] /home/gabsko/breaking-updates/google-cloud-bigquery/src/main/java/com/google/cloud/bigquery/spi/v2/HttpBigQueryRpc.java:[33,43] com.google.api.client.json.jackson2.JacksonFactory in com.google.api.client.json.jackson2 has been deprecated
[WARNING] /home/gabsko/breaking-updates/google-cloud-bigquery/src/main/java/com/google/cloud/bigquery/Job.java:[57,11] setJittered(boolean) in com.google.api.gax.retrying.RetrySettings.Builder has been deprecated
[WARNING] /home/gabsko/breaking-updates/google-cloud-bigquery/src/main/java/com/google/cloud/bigquery/Job.java:[66,11] setJittered(boolean) in com.google.api.gax.retrying.RetrySettings.Builder has been deprecated
[WARNING] /home/gabsko/breaking-updates/google-cloud-bigquery/src/main/java/com/google/cloud/bigquery/BigQueryRetryAlgorithm.java:[52,5] RetryAlgorithm(com.google.api.gax.retrying.ResultRetryAlgorithm<ResponseT>,com.google.api.gax.retrying.TimedRetryAlgorithm) in com.google.api.gax.retrying.RetryAlgorithm has been deprecated
[WARNING] /home/gabsko/breaking-updates/google-cloud-bigquery/src/main/java/com/google/cloud/bigquery/AbstractJdbcResultSet.java:[887,22] getUnicodeStream(java.lang.String) in java.sql.ResultSet has been deprecated
[WARNING] /home/gabsko/breaking-updates/google-cloud-bigquery/src/main/java/com/google/cloud/bigquery/AbstractJdbcResultSet.java:[30,21] getBigDecimal(java.lang.String,int) in java.sql.ResultSet has been deprecated
[WARNING] /home/gabsko/breaking-updates/google-cloud-bigquery/src/main/java/com/google/cloud/bigquery/AbstractJdbcResultSet.java:[84,22] getUnicodeStream(int) in java.sql.ResultSet has been deprecated
[WARNING] /home/gabsko/breaking-updates/google-cloud-bigquery/src/main/java/com/google/cloud/bigquery/AbstractJdbcResultSet.java:[72,21] getBigDecimal(int,int) in java.sql.ResultSet has been deprecated
[WARNING] /home/gabsko/breaking-updates/google-cloud-bigquery/src/main/java/com/google/cloud/bigquery/BigQueryImpl.java:[549,18] delete(java.lang.String,java.lang.String) in com.google.cloud.bigquery.BigQuery has been deprecated
[WARNING] /home/gabsko/breaking-updates/google-cloud-bigquery/src/benchmark/java/com/google/cloud/bigquery/benchmark/Benchmark.java:[43,13] com.google.api.client.json.jackson2.JacksonFactory in com.google.api.client.json.jackson2 has been deprecated
[WARNING] /home/gabsko/breaking-updates/google-cloud-bigquery/src/main/java/com/google/cloud/bigquery/ConnectionImpl.java:[195,48] non-varargs call of varargs method with inexact argument type for last parameter;
  cast to java.util.Map<java.lang.String,java.lang.String> for a varargs call
  cast to java.util.Map<java.lang.String,java.lang.String>[] for a non-varargs call and to suppress this warning
[WARNING] /home/gabsko/breaking-updates/google-cloud-bigquery/src/main/java/com/google/cloud/bigquery/spi/v2/HttpBigQueryRpc.java:[108,45] com.google.api.client.json.jackson2.JacksonFactory in com.google.api.client.json.jackson2 has been deprecated
[INFO] /home/gabsko/breaking-updates/google-cloud-bigquery/src/main/java/com/google/cloud/bigquery/MaterializedViewDefinition.java: Some input files use unchecked or unsafe operations.
[INFO] /home/gabsko/breaking-updates/google-cloud-bigquery/src/main/java/com/google/cloud/bigquery/MaterializedViewDefinition.java: Recompile with -Xlint:unchecked for details.
[INFO] 
[INFO] --- build-helper-maven-plugin:3.3.0:add-test-resource (add-test-proto-resources) @ google-cloud-bigquery ---
[INFO] 
[INFO] --- maven-resources-plugin:2.6:testResources (default-testResources) @ google-cloud-bigquery ---
[INFO] Using 'UTF-8' encoding to copy filtered resources.
[INFO] Copying 3 resources
[INFO] skip non existing resourceDirectory /home/gabsko/breaking-updates/google-cloud-bigquery/src/test/proto
[INFO] 
[INFO] --- maven-compiler-plugin:3.10.1:testCompile (default-testCompile) @ google-cloud-bigquery ---
[INFO] Changes detected - recompiling the module!
[INFO] Compiling 76 source files to /home/gabsko/breaking-updates/google-cloud-bigquery/target/test-classes
[WARNING] /home/gabsko/breaking-updates/google-cloud-bigquery/src/test/java/com/google/cloud/bigquery/DatasetTest.java:[267,39] non-varargs call of varargs method with inexact argument type for last parameter;
  cast to com.google.cloud.bigquery.BigQuery.TableOption for a varargs call
  cast to com.google.cloud.bigquery.BigQuery.TableOption[] for a non-varargs call and to suppress this warning
[WARNING] /home/gabsko/breaking-updates/google-cloud-bigquery/src/test/java/com/google/cloud/bigquery/DatasetTest.java:[268,48] non-varargs call of varargs method with inexact argument type for last parameter;
  cast to com.google.cloud.bigquery.BigQuery.TableOption for a varargs call
  cast to com.google.cloud.bigquery.BigQuery.TableOption[] for a non-varargs call and to suppress this warning
[WARNING] /home/gabsko/breaking-updates/google-cloud-bigquery/src/test/java/com/google/cloud/bigquery/DatasetTest.java:[271,42] non-varargs call of varargs method with inexact argument type for last parameter;
  cast to com.google.cloud.bigquery.BigQuery.TableOption for a varargs call
  cast to com.google.cloud.bigquery.BigQuery.TableOption[] for a non-varargs call and to suppress this warning
[INFO] /home/gabsko/breaking-updates/google-cloud-bigquery/src/test/java/com/google/cloud/bigquery/it/ITNightlyBigQueryTest.java: Some input files use unchecked or unsafe operations.
[INFO] /home/gabsko/breaking-updates/google-cloud-bigquery/src/test/java/com/google/cloud/bigquery/it/ITNightlyBigQueryTest.java: Recompile with -Xlint:unchecked for details.
[INFO] 
[INFO] --- animal-sniffer-maven-plugin:1.22:check (java8) @ google-cloud-bigquery ---
[INFO] Checking unresolved references to org.codehaus.mojo.signature:java18:1.0
[INFO] 
[INFO] --- maven-surefire-plugin:3.0.0-M7:test (default-test) @ google-cloud-bigquery ---
[INFO] Using configured provider org.apache.maven.surefire.junitcore.JUnitCoreProvider
[INFO] 
[INFO] -------------------------------------------------------
[INFO]  T E S T S
[INFO] -------------------------------------------------------
[INFO] Running com.google.cloud.bigquery.ConnectionPropertyTest
[INFO] Tests run: 4, Failures: 0, Errors: 0, Skipped: 0, Time elapsed: 0.055 s - in com.google.cloud.bigquery.ConnectionPropertyTest
[INFO] Running com.google.cloud.bigquery.JobStatusTest
[INFO] Tests run: 2, Failures: 0, Errors: 0, Skipped: 0, Time elapsed: 0.003 s - in com.google.cloud.bigquery.JobStatusTest
[INFO] Running com.google.cloud.bigquery.InsertAllRequestTest
[INFO] Tests run: 5, Failures: 0, Errors: 0, Skipped: 0, Time elapsed: 0.064 s - in com.google.cloud.bigquery.InsertAllRequestTest
[INFO] Running com.google.cloud.bigquery.TableResultTest
[INFO] Tests run: 2, Failures: 0, Errors: 0, Skipped: 0, Time elapsed: 0.006 s - in com.google.cloud.bigquery.TableResultTest
[INFO] Running com.google.cloud.bigquery.QueryParameterValueTest
[INFO] Tests run: 39, Failures: 0, Errors: 0, Skipped: 0, Time elapsed: 0.19 s - in com.google.cloud.bigquery.QueryParameterValueTest
[INFO] Running com.google.cloud.bigquery.CsvOptionsTest
[INFO] Tests run: 4, Failures: 0, Errors: 0, Skipped: 0, Time elapsed: 0 s - in com.google.cloud.bigquery.CsvOptionsTest
[INFO] Running com.google.cloud.bigquery.FieldListTest
[INFO] Tests run: 4, Failures: 0, Errors: 0, Skipped: 0, Time elapsed: 0.002 s - in com.google.cloud.bigquery.FieldListTest
[INFO] Running com.google.cloud.bigquery.FieldTest
[INFO] Tests run: 11, Failures: 0, Errors: 0, Skipped: 0, Time elapsed: 0.003 s - in com.google.cloud.bigquery.FieldTest
[INFO] Running com.google.cloud.bigquery.RemoteFunctionOptionsTest
[INFO] Tests run: 3, Failures: 0, Errors: 0, Skipped: 0, Time elapsed: 0 s - in com.google.cloud.bigquery.RemoteFunctionOptionsTest
[INFO] Running com.google.cloud.bigquery.TimelineSampleTest
[INFO] Tests run: 3, Failures: 0, Errors: 0, Skipped: 0, Time elapsed: 0 s - in com.google.cloud.bigquery.TimelineSampleTest
[INFO] Running com.google.cloud.bigquery.TableInfoTest
[INFO] Tests run: 7, Failures: 0, Errors: 0, Skipped: 0, Time elapsed: 0.018 s - in com.google.cloud.bigquery.TableInfoTest
[INFO] Running com.google.cloud.bigquery.StandardSQLStructTypeTest
[INFO] Tests run: 3, Failures: 0, Errors: 0, Skipped: 0, Time elapsed: 0.001 s - in com.google.cloud.bigquery.StandardSQLStructTypeTest
[INFO] Running com.google.cloud.bigquery.spi.v2.HttpBigQueryRpcTest
[INFO] Tests run: 1, Failures: 0, Errors: 0, Skipped: 0, Time elapsed: 0.005 s - in com.google.cloud.bigquery.spi.v2.HttpBigQueryRpcTest
[INFO] Running com.google.cloud.bigquery.TableIdTest
[INFO] Tests run: 4, Failures: 0, Errors: 0, Skipped: 0, Time elapsed: 0 s - in com.google.cloud.bigquery.TableIdTest
[INFO] Running com.google.cloud.bigquery.GoogleSheetsOptionsTest
[INFO] Tests run: 4, Failures: 0, Errors: 0, Skipped: 0, Time elapsed: 0.385 s - in com.google.cloud.bigquery.GoogleSheetsOptionsTest
[INFO] Running com.google.cloud.bigquery.DatasetTest
[INFO] Tests run: 21, Failures: 0, Errors: 0, Skipped: 0, Time elapsed: 0.451 s - in com.google.cloud.bigquery.DatasetTest
[INFO] Running com.google.cloud.bigquery.PolicyHelperTest
[INFO] Tests run: 2, Failures: 0, Errors: 0, Skipped: 0, Time elapsed: 0.022 s - in com.google.cloud.bigquery.PolicyHelperTest
[INFO] Running com.google.cloud.bigquery.DatasetIdTest
[INFO] Tests run: 4, Failures: 0, Errors: 0, Skipped: 0, Time elapsed: 0 s - in com.google.cloud.bigquery.DatasetIdTest
[INFO] Running com.google.cloud.bigquery.WriteChannelConfigurationTest
[INFO] Tests run: 6, Failures: 0, Errors: 0, Skipped: 0, Time elapsed: 0.018 s - in com.google.cloud.bigquery.WriteChannelConfigurationTest
[INFO] Running com.google.cloud.bigquery.DmlStatsTest
[INFO] Tests run: 2, Failures: 0, Errors: 0, Skipped: 0, Time elapsed: 0.01 s - in com.google.cloud.bigquery.DmlStatsTest
[INFO] Running com.google.cloud.bigquery.testing.RemoteBigQueryHelperTest
[INFO] Tests run: 2, Failures: 0, Errors: 0, Skipped: 0, Time elapsed: 0.059 s - in com.google.cloud.bigquery.testing.RemoteBigQueryHelperTest
[INFO] Running com.google.cloud.bigquery.LoadJobConfigurationTest
[INFO] Tests run: 7, Failures: 0, Errors: 0, Skipped: 0, Time elapsed: 0.001 s - in com.google.cloud.bigquery.LoadJobConfigurationTest
[INFO] Running com.google.cloud.bigquery.RoutineTest
[INFO] Tests run: 10, Failures: 0, Errors: 0, Skipped: 0, Time elapsed: 0.017 s - in com.google.cloud.bigquery.RoutineTest
[INFO] Running com.google.cloud.bigquery.JobInfoTest
[INFO] Tests run: 6, Failures: 0, Errors: 0, Skipped: 0, Time elapsed: 0.03 s - in com.google.cloud.bigquery.JobInfoTest
[INFO] Running com.google.cloud.bigquery.StandardSQLDataTypeTest
[INFO] Tests run: 3, Failures: 0, Errors: 0, Skipped: 0, Time elapsed: 0 s - in com.google.cloud.bigquery.StandardSQLDataTypeTest
[INFO] Running com.google.cloud.bigquery.RoutineIdTest
[INFO] Tests run: 4, Failures: 0, Errors: 0, Skipped: 0, Time elapsed: 0 s - in com.google.cloud.bigquery.RoutineIdTest
[INFO] Running com.google.cloud.bigquery.TimePartitioningTest
[INFO] Tests run: 5, Failures: 0, Errors: 0, Skipped: 0, Time elapsed: 0 s - in com.google.cloud.bigquery.TimePartitioningTest
[INFO] Running com.google.cloud.bigquery.TableTest
[INFO] Tests run: 23, Failures: 0, Errors: 0, Skipped: 0, Time elapsed: 0.014 s - in com.google.cloud.bigquery.TableTest
[INFO] Running com.google.cloud.bigquery.TableDataWriteChannelTest
[INFO] Tests run: 12, Failures: 0, Errors: 0, Skipped: 0, Time elapsed: 1.312 s - in com.google.cloud.bigquery.TableDataWriteChannelTest
[INFO] Running com.google.cloud.bigquery.FieldValueTest
[INFO] Tests run: 3, Failures: 0, Errors: 0, Skipped: 0, Time elapsed: 0 s - in com.google.cloud.bigquery.FieldValueTest
[INFO] Running com.google.cloud.bigquery.MaterializedViewDefinitionTest
[INFO] Tests run: 4, Failures: 0, Errors: 0, Skipped: 0, Time elapsed: 0 s - in com.google.cloud.bigquery.MaterializedViewDefinitionTest
[INFO] Running com.google.cloud.bigquery.QueryStageTest
[INFO] Tests run: 5, Failures: 0, Errors: 0, Skipped: 0, Time elapsed: 0 s - in com.google.cloud.bigquery.QueryStageTest
[INFO] Running com.google.cloud.bigquery.StandardTableDefinitionTest
[INFO] Tests run: 9, Failures: 0, Errors: 0, Skipped: 0, Time elapsed: 0 s - in com.google.cloud.bigquery.StandardTableDefinitionTest
[INFO] Running com.google.cloud.bigquery.LabelsTest
[INFO] Tests run: 3, Failures: 0, Errors: 0, Skipped: 0, Time elapsed: 0 s - in com.google.cloud.bigquery.LabelsTest
[INFO] Running com.google.cloud.bigquery.QueryJobConfigurationTest
[INFO] Tests run: 9, Failures: 0, Errors: 0, Skipped: 0, Time elapsed: 0 s - in com.google.cloud.bigquery.QueryJobConfigurationTest
[INFO] Running com.google.cloud.bigquery.OptionTest
[INFO] Tests run: 3, Failures: 0, Errors: 0, Skipped: 0, Time elapsed: 0 s - in com.google.cloud.bigquery.OptionTest
[INFO] Running com.google.cloud.bigquery.BigQueryErrorTest
[INFO] Tests run: 2, Failures: 0, Errors: 0, Skipped: 0, Time elapsed: 0 s - in com.google.cloud.bigquery.BigQueryErrorTest
[INFO] Running com.google.cloud.bigquery.RoutineInfoTest
[INFO] Tests run: 5, Failures: 0, Errors: 0, Skipped: 0, Time elapsed: 0 s - in com.google.cloud.bigquery.RoutineInfoTest
[INFO] Running com.google.cloud.bigquery.ModelTest
[INFO] Tests run: 10, Failures: 0, Errors: 0, Skipped: 0, Time elapsed: 0 s - in com.google.cloud.bigquery.ModelTest
[INFO] Running com.google.cloud.bigquery.BigQueryOptionsTest
[INFO] Tests run: 1, Failures: 0, Errors: 0, Skipped: 0, Time elapsed: 0 s - in com.google.cloud.bigquery.BigQueryOptionsTest
[INFO] Running com.google.cloud.bigquery.SerializationTest
[INFO] Tests run: 2, Failures: 0, Errors: 0, Skipped: 0, Time elapsed: 0.126 s - in com.google.cloud.bigquery.SerializationTest
[INFO] Running com.google.cloud.bigquery.UserDefinedFunctionTest
[INFO] Tests run: 3, Failures: 0, Errors: 0, Skipped: 0, Time elapsed: 0 s - in com.google.cloud.bigquery.UserDefinedFunctionTest
[INFO] Running com.google.cloud.bigquery.ViewDefinitionTest
[INFO] Tests run: 5, Failures: 0, Errors: 0, Skipped: 0, Time elapsed: 0 s - in com.google.cloud.bigquery.ViewDefinitionTest
[INFO] Running com.google.cloud.bigquery.JobIdTest
[INFO] Tests run: 4, Failures: 0, Errors: 0, Skipped: 0, Time elapsed: 0.001 s - in com.google.cloud.bigquery.JobIdTest
[INFO] Running com.google.cloud.bigquery.AclTest
[INFO] Tests run: 9, Failures: 0, Errors: 0, Skipped: 0, Time elapsed: 0 s - in com.google.cloud.bigquery.AclTest
[INFO] Running com.google.cloud.bigquery.JobTest
[INFO] Tests run: 24, Failures: 0, Errors: 0, Skipped: 0, Time elapsed: 0.043 s - in com.google.cloud.bigquery.JobTest
[INFO] Running com.google.cloud.bigquery.RoutineArgumentTest
[INFO] Tests run: 3, Failures: 0, Errors: 0, Skipped: 0, Time elapsed: 0 s - in com.google.cloud.bigquery.RoutineArgumentTest
[INFO] Running com.google.cloud.bigquery.BigQueryExceptionTest
[INFO] Tests run: 2, Failures: 0, Errors: 0, Skipped: 0, Time elapsed: 0.013 s - in com.google.cloud.bigquery.BigQueryExceptionTest
[INFO] Running com.google.cloud.bigquery.ExternalTableDefinitionTest
[INFO] Tests run: 5, Failures: 0, Errors: 0, Skipped: 0, Time elapsed: 0 s - in com.google.cloud.bigquery.ExternalTableDefinitionTest
[INFO] Running com.google.cloud.bigquery.StandardSQLTableTypeTest
[INFO] Tests run: 3, Failures: 0, Errors: 0, Skipped: 0, Time elapsed: 0 s - in com.google.cloud.bigquery.StandardSQLTableTypeTest
[INFO] Running com.google.cloud.bigquery.PolicyTagsTest
[INFO] Tests run: 5, Failures: 0, Errors: 0, Skipped: 0, Time elapsed: 0 s - in com.google.cloud.bigquery.PolicyTagsTest
[INFO] Running com.google.cloud.bigquery.StandardSQLFieldTest
[INFO] Tests run: 3, Failures: 0, Errors: 0, Skipped: 0, Time elapsed: 0 s - in com.google.cloud.bigquery.StandardSQLFieldTest
[INFO] Running com.google.cloud.bigquery.ModelIdTest
[INFO] Tests run: 4, Failures: 0, Errors: 0, Skipped: 0, Time elapsed: 0 s - in com.google.cloud.bigquery.ModelIdTest
[INFO] Running com.google.cloud.bigquery.ModelInfoTest
[INFO] Tests run: 6, Failures: 0, Errors: 0, Skipped: 0, Time elapsed: 0 s - in com.google.cloud.bigquery.ModelInfoTest
[INFO] Running com.google.cloud.bigquery.SchemaTest
[INFO] Tests run: 3, Failures: 0, Errors: 0, Skipped: 0, Time elapsed: 0 s - in com.google.cloud.bigquery.SchemaTest
[INFO] Running com.google.cloud.bigquery.ModelTableDefinitionTest
[INFO] Tests run: 7, Failures: 0, Errors: 0, Skipped: 0, Time elapsed: 0 s - in com.google.cloud.bigquery.ModelTableDefinitionTest
[INFO] Running com.google.cloud.bigquery.HivePartitioningOptionsTest
[INFO] Tests run: 4, Failures: 0, Errors: 0, Skipped: 0, Time elapsed: 0 s - in com.google.cloud.bigquery.HivePartitioningOptionsTest
[INFO] Running com.google.cloud.bigquery.SnapshotTableDefinitionTest
[INFO] Tests run: 3, Failures: 0, Errors: 0, Skipped: 0, Time elapsed: 0 s - in com.google.cloud.bigquery.SnapshotTableDefinitionTest
[INFO] Running com.google.cloud.bigquery.DatasetInfoTest
[INFO] Tests run: 6, Failures: 0, Errors: 0, Skipped: 0, Time elapsed: 0 s - in com.google.cloud.bigquery.DatasetInfoTest
[INFO] Running com.google.cloud.bigquery.ExtractJobConfigurationTest
[INFO] Tests run: 8, Failures: 0, Errors: 0, Skipped: 0, Time elapsed: 0 s - in com.google.cloud.bigquery.ExtractJobConfigurationTest
[INFO] Running com.google.cloud.bigquery.ParquetOptionsTest
[INFO] Tests run: 4, Failures: 0, Errors: 0, Skipped: 0, Time elapsed: 0 s - in com.google.cloud.bigquery.ParquetOptionsTest
[INFO] Running com.google.cloud.bigquery.ConnectionSettingsTest
[INFO] Tests run: 3, Failures: 0, Errors: 0, Skipped: 0, Time elapsed: 0 s - in com.google.cloud.bigquery.ConnectionSettingsTest
[INFO] Running com.google.cloud.bigquery.DatastoreBackupOptionsTest
[INFO] Tests run: 3, Failures: 0, Errors: 0, Skipped: 0, Time elapsed: 0 s - in com.google.cloud.bigquery.DatastoreBackupOptionsTest
[INFO] Running com.google.cloud.bigquery.JobStatisticsTest
[INFO] Tests run: 3, Failures: 0, Errors: 0, Skipped: 0, Time elapsed: 0.001 s - in com.google.cloud.bigquery.JobStatisticsTest
[INFO] Running com.google.cloud.bigquery.BigQueryImplTest
[INFO] Tests run: 115, Failures: 0, Errors: 0, Skipped: 0, Time elapsed: 60.565 s - in com.google.cloud.bigquery.BigQueryImplTest
[INFO] Running com.google.cloud.bigquery.QueryRequestInfoTest
[INFO] Tests run: 3, Failures: 0, Errors: 0, Skipped: 0, Time elapsed: 0 s - in com.google.cloud.bigquery.QueryRequestInfoTest
[INFO] Running com.google.cloud.bigquery.ConnectionImplTest
Jan 30, 2023 2:04:53 AM com.google.cloud.bigquery.ConnectionImpl getExecuteSelectResponse
INFO: 
 Using Fast Query Path
Jan 30, 2023 2:04:53 AM com.google.cloud.bigquery.ConnectionImpl flagEndOfStream
WARNING: 
main Could not flag End of Stream, both the buffer types are null. This might happen when the connection is close without executing a query
Jan 30, 2023 2:04:53 AM com.google.cloud.bigquery.ConnectionImpl getExecuteSelectResponse
INFO: 
 Not Using Fast Query Path, using jobs.insert
Jan 30, 2023 2:04:53 AM com.google.cloud.bigquery.ConnectionImpl createQueryJob
INFO: 
 Query job created
Jan 30, 2023 2:04:53 AM com.google.cloud.bigquery.ConnectionImpl getExecuteSelectResponse
INFO: 
 Using Fast Query Path
Jan 30, 2023 2:04:53 AM com.google.cloud.bigquery.ConnectionImpl queryRpc
WARNING: 
results.getJobComplete(): false, isSchemaNull: false , totalRows: 4, pageRows: 2
Jan 30, 2023 2:04:53 AM com.google.cloud.bigquery.ConnectionImpl getExecuteSelectResponse
INFO: 
 Not Using Fast Query Path, using jobs.insert
Jan 30, 2023 2:04:53 AM com.google.cloud.bigquery.ConnectionImpl createQueryJob
INFO: 
 Query job created
Jan 30, 2023 2:04:53 AM com.google.cloud.bigquery.ConnectionImpl getExecuteSelectResponse
INFO: 
 Not Using Fast Query Path, using jobs.insert
Jan 30, 2023 2:04:53 AM com.google.cloud.bigquery.ConnectionImpl getExecuteSelectResponse
INFO: 
 Using Fast Query Path
Jan 30, 2023 2:04:53 AM com.google.cloud.bigquery.ConnectionImpl getExecuteSelectResponse
INFO: 
 Not Using Fast Query Path, using jobs.insert
Jan 30, 2023 2:04:53 AM com.google.cloud.bigquery.ConnectionImpl getExecuteSelectResponse
INFO: 
 Using Fast Query Path
Jan 30, 2023 2:04:53 AM com.google.cloud.bigquery.ConnectionImpl getExecuteSelectResponse
INFO: 
 Not Using Fast Query Path, using jobs.insert
Jan 30, 2023 2:04:53 AM com.google.cloud.bigquery.ConnectionImpl getExecuteSelectResponse
INFO: 
 Using Fast Query Path
Jan 30, 2023 2:04:53 AM com.google.cloud.bigquery.ConnectionImpl getExecuteSelectResponse
INFO: 
 Using Fast Query Path
Jan 30, 2023 2:04:53 AM com.google.cloud.bigquery.ConnectionImpl queryRpc
WARNING: 
results.getJobComplete(): false, isSchemaNull: false , totalRows: 4, pageRows: 2
[INFO] Tests run: 19, Failures: 0, Errors: 0, Skipped: 0, Time elapsed: 0.272 s - in com.google.cloud.bigquery.ConnectionImplTest
[INFO] Running com.google.cloud.bigquery.CopyJobConfigurationTest
[INFO] Tests run: 8, Failures: 0, Errors: 0, Skipped: 0, Time elapsed: 0.001 s - in com.google.cloud.bigquery.CopyJobConfigurationTest
[INFO] Running com.google.cloud.bigquery.BigtableOptionsTest
[INFO] Tests run: 5, Failures: 0, Errors: 0, Skipped: 0, Time elapsed: 0 s - in com.google.cloud.bigquery.BigtableOptionsTest
[INFO] Running com.google.cloud.bigquery.AvroOptionsTest
[INFO] Tests run: 3, Failures: 0, Errors: 0, Skipped: 0, Time elapsed: 0 s - in com.google.cloud.bigquery.AvroOptionsTest
[INFO] Running com.google.cloud.bigquery.FieldValueListTest
[INFO] Tests run: 5, Failures: 0, Errors: 0, Skipped: 0, Time elapsed: 0 s - in com.google.cloud.bigquery.FieldValueListTest
[INFO] Running com.google.cloud.bigquery.InsertAllResponseTest
[INFO] Tests run: 4, Failures: 0, Errors: 0, Skipped: 0, Time elapsed: 0 s - in com.google.cloud.bigquery.InsertAllResponseTest
[INFO] Running com.google.cloud.bigquery.FormatOptionsTest
[INFO] Tests run: 3, Failures: 0, Errors: 0, Skipped: 0, Time elapsed: 0 s - in com.google.cloud.bigquery.FormatOptionsTest
[INFO] 
[INFO] Results:
[INFO] 
[INFO] Tests run: 544, Failures: 0, Errors: 0, Skipped: 0
[INFO] 
[INFO] 
[INFO] --- jacoco-maven-plugin:0.8.8:report (report) @ google-cloud-bigquery ---
[INFO] Loading execution data file /home/gabsko/breaking-updates/google-cloud-bigquery/target/jacoco.exec
[INFO] Analyzed bundle 'BigQuery' with 422 classes
[INFO] ------------------------------------------------------------------------
[INFO] Reactor Summary for BigQuery Parent 2.18.3-SNAPSHOT:
[INFO] 
[INFO] BigQuery Parent .................................... SUCCESS [  1.260 s]
[INFO] BigQuery ........................................... SUCCESS [01:13 min]
[INFO] ------------------------------------------------------------------------
[INFO] BUILD SUCCESS
[INFO] ------------------------------------------------------------------------
[INFO] Total time:  01:15 min
[INFO] Finished at: 2023-01-30T02:04:54Z
[INFO] ------------------------------------------------------------------------
