[INFO] Scanning for projects...
[INFO] ------------------------------------------------------------------------
[INFO] Reactor Build Order:
[INFO] 
[INFO] problem-spring-parent                                              [pom]
[INFO] problem-violations                                                 [jar]
[INFO] problem-spring-common                                              [jar]
[INFO] problem-spring-web                                                 [jar]
[INFO] problem-spring-web-autoconfigure                                   [jar]
[INFO] problem-spring-web-starter                                         [jar]
[INFO] problem-spring-webflux                                             [jar]
[INFO] 
[INFO] -----------------< org.zalando:problem-spring-parent >------------------
[INFO] Building problem-spring-parent 0.28.0-SNAPSHOT                     [1/7]
[INFO] --------------------------------[ pom ]---------------------------------
[INFO] 
[INFO] --- maven-clean-plugin:2.5:clean (default-clean) @ problem-spring-parent ---
[INFO] 
[INFO] --- maven-enforcer-plugin:3.0.0:enforce (enforce-maven) @ problem-spring-parent ---
[INFO] 
[INFO] --- duplicate-finder-maven-plugin:1.5.1:check (default) @ problem-spring-parent ---
[INFO] Ignoring POM project!
[INFO] 
[INFO] --- jacoco-maven-plugin:0.8.7:prepare-agent (prepare-agent) @ problem-spring-parent ---
[INFO] argLine set to -javaagent:/home/gabsko/.m2/repository/org/jacoco/org.jacoco.agent/0.8.7/org.jacoco.agent-0.8.7-runtime.jar=destfile=/home/gabsko/breaking-updates/target/jacoco.exec
[INFO] 
[INFO] -------------------< org.zalando:problem-violations >-------------------
[INFO] Building problem-violations 0.28.0-SNAPSHOT                        [2/7]
[INFO] --------------------------------[ jar ]---------------------------------
[INFO] 
[INFO] --- maven-clean-plugin:2.5:clean (default-clean) @ problem-violations ---
[INFO] Deleting /home/gabsko/breaking-updates/problem-violations/target
[INFO] 
[INFO] --- maven-enforcer-plugin:3.0.0:enforce (enforce-maven) @ problem-violations ---
[INFO] 
[INFO] --- duplicate-finder-maven-plugin:1.5.1:check (default) @ problem-violations ---
[INFO] Checking compile classpath
[INFO] Checking runtime classpath
[INFO] Checking test classpath
[INFO] 
[INFO] --- jacoco-maven-plugin:0.8.7:prepare-agent (prepare-agent) @ problem-violations ---
[INFO] argLine set to -javaagent:/home/gabsko/.m2/repository/org/jacoco/org.jacoco.agent/0.8.7/org.jacoco.agent-0.8.7-runtime.jar=destfile=/home/gabsko/breaking-updates/problem-violations/target/jacoco.exec
[INFO] 
[INFO] --- maven-resources-plugin:3.2.0:resources (default-resources) @ problem-violations ---
[INFO] Using 'UTF-8' encoding to copy filtered resources.
[INFO] Using 'UTF-8' encoding to copy filtered properties files.
[INFO] Copying 1 resource
[INFO] 
[INFO] --- maven-compiler-plugin:3.10.1:compile (default-compile) @ problem-violations ---
[INFO] Changes detected - recompiling the module!
[INFO] Compiling 5 source files to /home/gabsko/breaking-updates/problem-violations/target/classes
[INFO] 
[INFO] --- maven-resources-plugin:3.2.0:testResources (default-testResources) @ problem-violations ---
[INFO] Using 'UTF-8' encoding to copy filtered resources.
[INFO] Using 'UTF-8' encoding to copy filtered properties files.
[INFO] skip non existing resourceDirectory /home/gabsko/breaking-updates/problem-violations/src/test/resources
[INFO] 
[INFO] --- maven-compiler-plugin:3.10.1:testCompile (default-testCompile) @ problem-violations ---
[INFO] Changes detected - recompiling the module!
[INFO] Compiling 3 source files to /home/gabsko/breaking-updates/problem-violations/target/test-classes
[INFO] 
[INFO] --- maven-surefire-plugin:2.22.2:test (default-test) @ problem-violations ---
[INFO] 
[INFO] -------------------------------------------------------
[INFO]  T E S T S
[INFO] -------------------------------------------------------
[INFO] Running org.zalando.problem.violations.ConstraintViolationProblemTest
[INFO] Tests run: 3, Failures: 0, Errors: 0, Skipped: 0, Time elapsed: 0.042 s - in org.zalando.problem.violations.ConstraintViolationProblemTest
[INFO] Running org.zalando.problem.violations.EnforceCoverageTest
[INFO] Tests run: 2, Failures: 0, Errors: 0, Skipped: 0, Time elapsed: 0 s - in org.zalando.problem.violations.EnforceCoverageTest
[INFO] Running org.zalando.problem.violations.ConstraintViolationProblemModuleTest
[INFO] Tests run: 2, Failures: 0, Errors: 0, Skipped: 0, Time elapsed: 0.691 s - in org.zalando.problem.violations.ConstraintViolationProblemModuleTest
[INFO] 
[INFO] Results:
[INFO] 
[INFO] Tests run: 7, Failures: 0, Errors: 0, Skipped: 0
[INFO] 
[INFO] 
[INFO] -----------------< org.zalando:problem-spring-common >------------------
[INFO] Building problem-spring-common 0.28.0-SNAPSHOT                     [3/7]
[INFO] --------------------------------[ jar ]---------------------------------
[INFO] 
[INFO] --- maven-clean-plugin:2.5:clean (default-clean) @ problem-spring-common ---
[INFO] Deleting /home/gabsko/breaking-updates/problem-spring-common/target
[INFO] 
[INFO] --- maven-enforcer-plugin:3.0.0:enforce (enforce-maven) @ problem-spring-common ---
[INFO] 
[INFO] --- duplicate-finder-maven-plugin:1.5.1:check (default) @ problem-spring-common ---
[INFO] Checking compile classpath
[INFO] Checking runtime classpath
[INFO] Checking test classpath
[INFO] 
[INFO] --- jacoco-maven-plugin:0.8.7:prepare-agent (prepare-agent) @ problem-spring-common ---
[INFO] argLine set to -javaagent:/home/gabsko/.m2/repository/org/jacoco/org.jacoco.agent/0.8.7/org.jacoco.agent-0.8.7-runtime.jar=destfile=/home/gabsko/breaking-updates/problem-spring-common/target/jacoco.exec
[INFO] 
[INFO] --- maven-resources-plugin:3.2.0:resources (default-resources) @ problem-spring-common ---
[INFO] Using 'UTF-8' encoding to copy filtered resources.
[INFO] Using 'UTF-8' encoding to copy filtered properties files.
[INFO] skip non existing resourceDirectory /home/gabsko/breaking-updates/problem-spring-common/src/main/resources
[INFO] 
[INFO] --- maven-compiler-plugin:3.10.1:compile (default-compile) @ problem-spring-common ---
[INFO] Changes detected - recompiling the module!
[INFO] Compiling 7 source files to /home/gabsko/breaking-updates/problem-spring-common/target/classes
[INFO] 
[INFO] --- maven-resources-plugin:3.2.0:testResources (default-testResources) @ problem-spring-common ---
[INFO] Using 'UTF-8' encoding to copy filtered resources.
[INFO] Using 'UTF-8' encoding to copy filtered properties files.
[INFO] skip non existing resourceDirectory /home/gabsko/breaking-updates/problem-spring-common/src/test/resources
[INFO] 
[INFO] --- maven-compiler-plugin:3.10.1:testCompile (default-testCompile) @ problem-spring-common ---
[INFO] Changes detected - recompiling the module!
[INFO] Compiling 5 source files to /home/gabsko/breaking-updates/problem-spring-common/target/test-classes
[INFO] 
[INFO] --- maven-surefire-plugin:2.22.2:test (default-test) @ problem-spring-common ---
[INFO] 
[INFO] -------------------------------------------------------
[INFO]  T E S T S
[INFO] -------------------------------------------------------
[INFO] Running org.zalando.problem.spring.common.HttpStatusAdapterTest
[INFO] Tests run: 2, Failures: 0, Errors: 0, Skipped: 0, Time elapsed: 0.065 s - in org.zalando.problem.spring.common.HttpStatusAdapterTest
[INFO] Running org.zalando.problem.spring.common.MediaTypesTest
[INFO] Tests run: 3, Failures: 0, Errors: 0, Skipped: 0, Time elapsed: 0.03 s - in org.zalando.problem.spring.common.MediaTypesTest
[INFO] Running org.zalando.problem.spring.common.AdviceTraitTest
[INFO] Tests run: 8, Failures: 0, Errors: 0, Skipped: 0, Time elapsed: 0.111 s - in org.zalando.problem.spring.common.AdviceTraitTest
[INFO] Running org.zalando.problem.spring.common.AdviceTraitsTest
[WARNING] Tests run: 210, Failures: 0, Errors: 0, Skipped: 136, Time elapsed: 0.412 s - in org.zalando.problem.spring.common.AdviceTraitsTest
[INFO] Running org.zalando.problem.spring.common.ListsTest
[INFO] Tests run: 5, Failures: 0, Errors: 0, Skipped: 0, Time elapsed: 0 s - in org.zalando.problem.spring.common.ListsTest
[INFO] 
[INFO] Results:
[INFO] 
[WARNING] Tests run: 228, Failures: 0, Errors: 0, Skipped: 136
[INFO] 
[INFO] 
[INFO] -------------------< org.zalando:problem-spring-web >-------------------
[INFO] Building problem-spring-web 0.28.0-SNAPSHOT                        [4/7]
[INFO] --------------------------------[ jar ]---------------------------------
[INFO] 
[INFO] --- maven-clean-plugin:2.5:clean (default-clean) @ problem-spring-web ---
[INFO] Deleting /home/gabsko/breaking-updates/problem-spring-web/target
[INFO] 
[INFO] --- maven-enforcer-plugin:3.0.0:enforce (enforce-maven) @ problem-spring-web ---
[INFO] 
[INFO] --- duplicate-finder-maven-plugin:1.5.1:check (default) @ problem-spring-web ---
[INFO] Checking compile classpath
[INFO] Checking runtime classpath
[INFO] Checking test classpath
[INFO] 
[INFO] --- jacoco-maven-plugin:0.8.7:prepare-agent (prepare-agent) @ problem-spring-web ---
[INFO] argLine set to -javaagent:/home/gabsko/.m2/repository/org/jacoco/org.jacoco.agent/0.8.7/org.jacoco.agent-0.8.7-runtime.jar=destfile=/home/gabsko/breaking-updates/problem-spring-web/target/jacoco.exec
[INFO] 
[INFO] --- maven-resources-plugin:3.2.0:resources (default-resources) @ problem-spring-web ---
[INFO] Using 'UTF-8' encoding to copy filtered resources.
[INFO] Using 'UTF-8' encoding to copy filtered properties files.
[INFO] skip non existing resourceDirectory /home/gabsko/breaking-updates/problem-spring-web/src/main/resources
[INFO] 
[INFO] --- maven-compiler-plugin:3.10.1:compile (default-compile) @ problem-spring-web ---
[INFO] Changes detected - recompiling the module!
[INFO] Compiling 47 source files to /home/gabsko/breaking-updates/problem-spring-web/target/classes
[INFO] 
[INFO] --- maven-resources-plugin:3.2.0:testResources (default-testResources) @ problem-spring-web ---
[INFO] Using 'UTF-8' encoding to copy filtered resources.
[INFO] Using 'UTF-8' encoding to copy filtered properties files.
[INFO] skip non existing resourceDirectory /home/gabsko/breaking-updates/problem-spring-web/src/test/resources
[INFO] 
[INFO] --- maven-compiler-plugin:3.10.1:testCompile (default-testCompile) @ problem-spring-web ---
[INFO] Changes detected - recompiling the module!
[INFO] Compiling 36 source files to /home/gabsko/breaking-updates/problem-spring-web/target/test-classes
[INFO] 
[INFO] --- maven-surefire-plugin:2.22.2:test (default-test) @ problem-spring-web ---
[INFO] 
[INFO] -------------------------------------------------------
[INFO]  T E S T S
[INFO] -------------------------------------------------------
[INFO] Running org.zalando.problem.spring.web.advice.general.ThrowableAdviceTraitTest
Jan 31, 2023 12:46:48 AM org.hibernate.validator.internal.util.Version <clinit>
INFO: HV000001: Hibernate Validator 6.1.7.Final
[INFO] Tests run: 3, Failures: 0, Errors: 0, Skipped: 0, Time elapsed: 1.795 s - in org.zalando.problem.spring.web.advice.general.ThrowableAdviceTraitTest
[INFO] Running org.zalando.problem.spring.web.advice.general.ResponseStatusAdviceTraitTest
[INFO] Tests run: 1, Failures: 0, Errors: 0, Skipped: 0, Time elapsed: 0.061 s - in org.zalando.problem.spring.web.advice.general.ResponseStatusAdviceTraitTest
[INFO] Running org.zalando.problem.spring.web.advice.general.ProblemAdviceTraitTest
[INFO] Tests run: 1, Failures: 0, Errors: 0, Skipped: 0, Time elapsed: 0.062 s - in org.zalando.problem.spring.web.advice.general.ProblemAdviceTraitTest
[INFO] Running org.zalando.problem.spring.web.advice.general.UnsupportedOperationAdviceTraitTest
[INFO] Tests run: 1, Failures: 0, Errors: 0, Skipped: 0, Time elapsed: 0.053 s - in org.zalando.problem.spring.web.advice.general.UnsupportedOperationAdviceTraitTest
[INFO] Running org.zalando.problem.spring.web.advice.general.NestedThrowableAdviceTraitTest
[INFO] Tests run: 4, Failures: 0, Errors: 0, Skipped: 0, Time elapsed: 0.238 s - in org.zalando.problem.spring.web.advice.general.NestedThrowableAdviceTraitTest
[INFO] Running org.zalando.problem.spring.web.advice.validation.MethodArgumentNotValidAdviceTraitTest
[INFO] Tests run: 2, Failures: 0, Errors: 0, Skipped: 0, Time elapsed: 0.353 s - in org.zalando.problem.spring.web.advice.validation.MethodArgumentNotValidAdviceTraitTest
[INFO] Running org.zalando.problem.spring.web.advice.validation.BaseValidationAdviceTraitTest
[INFO] Tests run: 1, Failures: 0, Errors: 0, Skipped: 0, Time elapsed: 0 s - in org.zalando.problem.spring.web.advice.validation.BaseValidationAdviceTraitTest
[INFO] Running org.zalando.problem.spring.web.advice.validation.BindAdviceTraitTest
[INFO] Tests run: 1, Failures: 0, Errors: 0, Skipped: 0, Time elapsed: 0.089 s - in org.zalando.problem.spring.web.advice.validation.BindAdviceTraitTest
[INFO] Running org.zalando.problem.spring.web.advice.validation.OpenApiValidationAdviceTraitTest
[INFO] Tests run: 2, Failures: 0, Errors: 0, Skipped: 0, Time elapsed: 0.132 s - in org.zalando.problem.spring.web.advice.validation.OpenApiValidationAdviceTraitTest
[INFO] Running org.zalando.problem.spring.web.advice.validation.ConstraintViolationAdviceTraitTest
[INFO] Tests run: 1, Failures: 0, Errors: 0, Skipped: 0, Time elapsed: 0.055 s - in org.zalando.problem.spring.web.advice.validation.ConstraintViolationAdviceTraitTest
[INFO] Running org.zalando.problem.spring.web.advice.AdviceTraitLoggingTest
[INFO] Tests run: 1, Failures: 0, Errors: 0, Skipped: 0, Time elapsed: 0.757 s - in org.zalando.problem.spring.web.advice.AdviceTraitLoggingTest
[INFO] Running org.zalando.problem.spring.web.advice.routing.NoHandlerFoundAdviceTraitTest
[INFO] Tests run: 2, Failures: 0, Errors: 0, Skipped: 0, Time elapsed: 0.081 s - in org.zalando.problem.spring.web.advice.routing.NoHandlerFoundAdviceTraitTest
[INFO] Running org.zalando.problem.spring.web.advice.routing.MissingServletRequestPartAdviceTraitTest
[INFO] Tests run: 1, Failures: 0, Errors: 0, Skipped: 0, Time elapsed: 0.044 s - in org.zalando.problem.spring.web.advice.routing.MissingServletRequestPartAdviceTraitTest
[INFO] Running org.zalando.problem.spring.web.advice.routing.ServletRequestBindingAdviceTraitTest
[INFO] Tests run: 1, Failures: 0, Errors: 0, Skipped: 0, Time elapsed: 0.036 s - in org.zalando.problem.spring.web.advice.routing.ServletRequestBindingAdviceTraitTest
[INFO] Running org.zalando.problem.spring.web.advice.routing.MissingServletRequestParameterAdviceTraitTest
[INFO] Tests run: 1, Failures: 0, Errors: 0, Skipped: 0, Time elapsed: 0.05 s - in org.zalando.problem.spring.web.advice.routing.MissingServletRequestParameterAdviceTraitTest
[INFO] Running org.zalando.problem.spring.web.advice.AdviceTraitTest
[INFO] Tests run: 7, Failures: 0, Errors: 0, Skipped: 0, Time elapsed: 0.104 s - in org.zalando.problem.spring.web.advice.AdviceTraitTest
[INFO] Running org.zalando.problem.spring.web.advice.http.UnsupportedMediaTypeAdviceTraitTest
[INFO] Tests run: 2, Failures: 0, Errors: 0, Skipped: 0, Time elapsed: 0.095 s - in org.zalando.problem.spring.web.advice.http.UnsupportedMediaTypeAdviceTraitTest
[INFO] Running org.zalando.problem.spring.web.advice.http.NotAcceptableAdviceTraitTest
[INFO] Tests run: 2, Failures: 0, Errors: 0, Skipped: 0, Time elapsed: 0.067 s - in org.zalando.problem.spring.web.advice.http.NotAcceptableAdviceTraitTest
[INFO] Running org.zalando.problem.spring.web.advice.http.MethodNotAllowedAdviceTraitTest
[INFO] Tests run: 3, Failures: 0, Errors: 0, Skipped: 0, Time elapsed: 0.041 s - in org.zalando.problem.spring.web.advice.http.MethodNotAllowedAdviceTraitTest
[INFO] Running org.zalando.problem.spring.web.advice.security.SecurityAdviceTraitTest
[INFO] Tests run: 3, Failures: 0, Errors: 0, Skipped: 0, Time elapsed: 0.869 s - in org.zalando.problem.spring.web.advice.security.SecurityAdviceTraitTest
[INFO] Running org.zalando.problem.spring.web.advice.FallbackTest
[INFO] Tests run: 1, Failures: 0, Errors: 0, Skipped: 0, Time elapsed: 0.067 s - in org.zalando.problem.spring.web.advice.FallbackTest
[INFO] Running org.zalando.problem.spring.web.advice.ContentNegotiationTest
[WARNING] Tests run: 8, Failures: 0, Errors: 0, Skipped: 1, Time elapsed: 0.235 s - in org.zalando.problem.spring.web.advice.ContentNegotiationTest
[INFO] Running org.zalando.problem.spring.web.advice.FallbackContentNegotiationStrategyTest
[INFO] Tests run: 2, Failures: 0, Errors: 0, Skipped: 0, Time elapsed: 0.008 s - in org.zalando.problem.spring.web.advice.FallbackContentNegotiationStrategyTest
[INFO] Running org.zalando.problem.spring.web.advice.io.TypeMismatchAdviceTraitTest
[INFO] Tests run: 1, Failures: 0, Errors: 0, Skipped: 0, Time elapsed: 0.051 s - in org.zalando.problem.spring.web.advice.io.TypeMismatchAdviceTraitTest
[INFO] Running org.zalando.problem.spring.web.advice.io.MultipartAdviceTraitTest
[INFO] Tests run: 1, Failures: 0, Errors: 0, Skipped: 0, Time elapsed: 0.032 s - in org.zalando.problem.spring.web.advice.io.MultipartAdviceTraitTest
[INFO] Running org.zalando.problem.spring.web.advice.io.MessageNotReadableAdviceTraitTest
[INFO] Tests run: 5, Failures: 0, Errors: 0, Skipped: 0, Time elapsed: 0.181 s - in org.zalando.problem.spring.web.advice.io.MessageNotReadableAdviceTraitTest
[INFO] Running org.zalando.problem.spring.web.advice.network.SocketTimeoutAdviceTraitTest
[INFO] Tests run: 1, Failures: 0, Errors: 0, Skipped: 0, Time elapsed: 0.031 s - in org.zalando.problem.spring.web.advice.network.SocketTimeoutAdviceTraitTest
[INFO] Running org.zalando.problem.spring.web.advice.network.CircuitBreakerOpenAdviceTraitTest
[INFO] Tests run: 1, Failures: 0, Errors: 0, Skipped: 0, Time elapsed: 0.047 s - in org.zalando.problem.spring.web.advice.network.CircuitBreakerOpenAdviceTraitTest
[INFO] Running org.zalando.problem.spring.web.advice.SpringAdviceTraitTest
[INFO] Tests run: 2, Failures: 0, Errors: 0, Skipped: 0, Time elapsed: 0 s - in org.zalando.problem.spring.web.advice.SpringAdviceTraitTest
[INFO] 
[INFO] Results:
[INFO] 
[WARNING] Tests run: 62, Failures: 0, Errors: 0, Skipped: 1
[INFO] 
[INFO] 
[INFO] ------------< org.zalando:problem-spring-web-autoconfigure >------------
[INFO] Building problem-spring-web-autoconfigure 0.28.0-SNAPSHOT          [5/7]
[INFO] --------------------------------[ jar ]---------------------------------
[INFO] 
[INFO] --- maven-clean-plugin:2.5:clean (default-clean) @ problem-spring-web-autoconfigure ---
[INFO] Deleting /home/gabsko/breaking-updates/problem-spring-web-autoconfigure/target
[INFO] 
[INFO] --- maven-enforcer-plugin:3.0.0:enforce (enforce-maven) @ problem-spring-web-autoconfigure ---
[INFO] 
[INFO] --- duplicate-finder-maven-plugin:1.5.1:check (default) @ problem-spring-web-autoconfigure ---
[INFO] Checking compile classpath
[INFO] Checking runtime classpath
[INFO] Checking test classpath
[INFO] 
[INFO] --- jacoco-maven-plugin:0.8.7:prepare-agent (prepare-agent) @ problem-spring-web-autoconfigure ---
[INFO] argLine set to -javaagent:/home/gabsko/.m2/repository/org/jacoco/org.jacoco.agent/0.8.7/org.jacoco.agent-0.8.7-runtime.jar=destfile=/home/gabsko/breaking-updates/problem-spring-web-autoconfigure/target/jacoco.exec
[INFO] 
[INFO] --- maven-resources-plugin:3.2.0:resources (default-resources) @ problem-spring-web-autoconfigure ---
[INFO] Using 'UTF-8' encoding to copy filtered resources.
[INFO] Using 'UTF-8' encoding to copy filtered properties files.
[INFO] Copying 1 resource
[INFO] 
[INFO] --- maven-compiler-plugin:3.10.1:compile (default-compile) @ problem-spring-web-autoconfigure ---
[INFO] Changes detected - recompiling the module!
[INFO] Compiling 8 source files to /home/gabsko/breaking-updates/problem-spring-web-autoconfigure/target/classes
[INFO] 
[INFO] --- maven-resources-plugin:3.2.0:testResources (default-testResources) @ problem-spring-web-autoconfigure ---
[INFO] Using 'UTF-8' encoding to copy filtered resources.
[INFO] Using 'UTF-8' encoding to copy filtered properties files.
[INFO] Copying 1 resource
[INFO] 
[INFO] --- maven-compiler-plugin:3.10.1:testCompile (default-testCompile) @ problem-spring-web-autoconfigure ---
[INFO] Changes detected - recompiling the module!
[INFO] Compiling 9 source files to /home/gabsko/breaking-updates/problem-spring-web-autoconfigure/target/test-classes
[INFO] 
[INFO] --- maven-surefire-plugin:2.22.2:test (default-test) @ problem-spring-web-autoconfigure ---
[INFO] 
[INFO] -------------------------------------------------------
[INFO]  T E S T S
[INFO] -------------------------------------------------------
[INFO] Running org.zalando.problem.spring.web.autoconfigure.WebApplicationTest

  .   ____          _            __ _ _
 /\\ / ___'_ __ _ _(_)_ __  __ _ \ \ \ \
( ( )\___ | '_ | '_| | '_ \/ _` | \ \ \ \
 \\/  ___)| |_)| | | | | || (_| |  ) ) ) )
  '  |____| .__|_| |_|_| |_\__, | / / / /
 =========|_|==============|___/=/_/_/_/
 :: Spring Boot ::                (v2.6.4)

[INFO] Tests run: 3, Failures: 0, Errors: 0, Skipped: 0, Time elapsed: 3.86 s - in org.zalando.problem.spring.web.autoconfigure.WebApplicationTest
[INFO] Running org.zalando.problem.spring.web.autoconfigure.NonWebApplicationTest

  .   ____          _            __ _ _
 /\\ / ___'_ __ _ _(_)_ __  __ _ \ \ \ \
( ( )\___ | '_ | '_| | '_ \/ _` | \ \ \ \
 \\/  ___)| |_)| | | | | || (_| |  ) ) ) )
  '  |____| .__|_| |_|_| |_\__, | / / / /
 =========|_|==============|___/=/_/_/_/
 :: Spring Boot ::                (v2.6.4)

[INFO] Tests run: 3, Failures: 0, Errors: 0, Skipped: 0, Time elapsed: 0.305 s - in org.zalando.problem.spring.web.autoconfigure.NonWebApplicationTest
[INFO] Running org.zalando.problem.spring.web.autoconfigure.CustomWebMvcApplicationTest

  .   ____          _            __ _ _
 /\\ / ___'_ __ _ _(_)_ __  __ _ \ \ \ \
( ( )\___ | '_ | '_| | '_ \/ _` | \ \ \ \
 \\/  ___)| |_)| | | | | || (_| |  ) ) ) )
  '  |____| .__|_| |_|_| |_\__, | / / / /
 =========|_|==============|___/=/_/_/_/
 :: Spring Boot ::                (v2.6.4)

[INFO] Tests run: 2, Failures: 0, Errors: 0, Skipped: 0, Time elapsed: 0.444 s - in org.zalando.problem.spring.web.autoconfigure.CustomWebMvcApplicationTest
[INFO] Running org.zalando.problem.spring.web.autoconfigure.security.NoConfigurerSecurityTest

  .   ____          _            __ _ _
 /\\ / ___'_ __ _ _(_)_ __  __ _ \ \ \ \
( ( )\___ | '_ | '_| | '_ \/ _` | \ \ \ \
 \\/  ___)| |_)| | | | | || (_| |  ) ) ) )
  '  |____| .__|_| |_|_| |_\__, | / / / /
 =========|_|==============|___/=/_/_/_/
 :: Spring Boot ::                (v2.6.4)

[INFO] Tests run: 1, Failures: 0, Errors: 0, Skipped: 0, Time elapsed: 1.25 s - in org.zalando.problem.spring.web.autoconfigure.security.NoConfigurerSecurityTest
[INFO] Running org.zalando.problem.spring.web.autoconfigure.security.ProblemSecurityAutoConfigurationTest
[INFO] Tests run: 2, Failures: 0, Errors: 0, Skipped: 0, Time elapsed: 0.683 s - in org.zalando.problem.spring.web.autoconfigure.security.ProblemSecurityAutoConfigurationTest
[INFO] Running org.zalando.problem.spring.web.autoconfigure.security.ProblemHttpConfigurerTest
[INFO] Tests run: 5, Failures: 0, Errors: 0, Skipped: 0, Time elapsed: 1.19 s - in org.zalando.problem.spring.web.autoconfigure.security.ProblemHttpConfigurerTest
[INFO] Running org.zalando.problem.spring.web.autoconfigure.security.SecurityTest

  .   ____          _            __ _ _
 /\\ / ___'_ __ _ _(_)_ __  __ _ \ \ \ \
( ( )\___ | '_ | '_| | '_ \/ _` | \ \ \ \
 \\/  ___)| |_)| | | | | || (_| |  ) ) ) )
  '  |____| .__|_| |_|_| |_\__, | / / / /
 =========|_|==============|___/=/_/_/_/
 :: Spring Boot ::                (v2.6.4)

[INFO] Tests run: 1, Failures: 0, Errors: 0, Skipped: 0, Time elapsed: 1.135 s - in org.zalando.problem.spring.web.autoconfigure.security.SecurityTest
[INFO] Running org.zalando.problem.spring.web.autoconfigure.security.ProblemSecurityBeanPostProcessorTest
[INFO] Tests run: 3, Failures: 0, Errors: 0, Skipped: 0, Time elapsed: 0.005 s - in org.zalando.problem.spring.web.autoconfigure.security.ProblemSecurityBeanPostProcessorTest
[INFO] Running org.zalando.problem.spring.web.autoconfigure.CustomAdviceTraitTest

  .   ____          _            __ _ _
 /\\ / ___'_ __ _ _(_)_ __  __ _ \ \ \ \
( ( )\___ | '_ | '_| | '_ \/ _` | \ \ \ \
 \\/  ___)| |_)| | | | | || (_| |  ) ) ) )
  '  |____| .__|_| |_|_| |_\__, | / / / /
 =========|_|==============|___/=/_/_/_/
 :: Spring Boot ::                (v2.6.4)

[INFO] Tests run: 1, Failures: 0, Errors: 0, Skipped: 0, Time elapsed: 0.606 s - in org.zalando.problem.spring.web.autoconfigure.CustomAdviceTraitTest
[INFO] 
[INFO] Results:
[INFO] 
[INFO] Tests run: 21, Failures: 0, Errors: 0, Skipped: 0
[INFO] 
[INFO] 
[INFO] ---------------< org.zalando:problem-spring-web-starter >---------------
[INFO] Building problem-spring-web-starter 0.28.0-SNAPSHOT                [6/7]
[INFO] --------------------------------[ jar ]---------------------------------
[INFO] 
[INFO] --- maven-clean-plugin:2.5:clean (default-clean) @ problem-spring-web-starter ---
[INFO] Deleting /home/gabsko/breaking-updates/problem-spring-web-starter/target
[INFO] 
[INFO] --- maven-enforcer-plugin:3.0.0:enforce (enforce-maven) @ problem-spring-web-starter ---
[INFO] 
[INFO] --- duplicate-finder-maven-plugin:1.5.1:check (default) @ problem-spring-web-starter ---
[INFO] Checking compile classpath
[INFO] Checking runtime classpath
[INFO] Checking test classpath
[INFO] 
[INFO] --- jacoco-maven-plugin:0.8.7:prepare-agent (prepare-agent) @ problem-spring-web-starter ---
[INFO] argLine set to -javaagent:/home/gabsko/.m2/repository/org/jacoco/org.jacoco.agent/0.8.7/org.jacoco.agent-0.8.7-runtime.jar=destfile=/home/gabsko/breaking-updates/problem-spring-web-starter/target/jacoco.exec
[INFO] 
[INFO] --- maven-resources-plugin:3.2.0:resources (default-resources) @ problem-spring-web-starter ---
[INFO] Using 'UTF-8' encoding to copy filtered resources.
[INFO] Using 'UTF-8' encoding to copy filtered properties files.
[INFO] skip non existing resourceDirectory /home/gabsko/breaking-updates/problem-spring-web-starter/src/main/resources
[INFO] 
[INFO] --- maven-compiler-plugin:3.10.1:compile (default-compile) @ problem-spring-web-starter ---
[INFO] No sources to compile
[INFO] 
[INFO] --- maven-resources-plugin:3.2.0:testResources (default-testResources) @ problem-spring-web-starter ---
[INFO] Using 'UTF-8' encoding to copy filtered resources.
[INFO] Using 'UTF-8' encoding to copy filtered properties files.
[INFO] skip non existing resourceDirectory /home/gabsko/breaking-updates/problem-spring-web-starter/src/test/resources
[INFO] 
[INFO] --- maven-compiler-plugin:3.10.1:testCompile (default-testCompile) @ problem-spring-web-starter ---
[INFO] No sources to compile
[INFO] 
[INFO] --- maven-surefire-plugin:2.22.2:test (default-test) @ problem-spring-web-starter ---
[INFO] No tests to run.
[INFO] 
[INFO] -----------------< org.zalando:problem-spring-webflux >-----------------
[INFO] Building problem-spring-webflux 0.28.0-SNAPSHOT                    [7/7]
[INFO] --------------------------------[ jar ]---------------------------------
[INFO] 
[INFO] --- maven-clean-plugin:2.5:clean (default-clean) @ problem-spring-webflux ---
[INFO] Deleting /home/gabsko/breaking-updates/problem-spring-webflux/target
[INFO] 
[INFO] --- maven-enforcer-plugin:3.0.0:enforce (enforce-maven) @ problem-spring-webflux ---
[INFO] 
[INFO] --- duplicate-finder-maven-plugin:1.5.1:check (default) @ problem-spring-webflux ---
[INFO] Checking compile classpath
[INFO] Checking runtime classpath
[INFO] Checking test classpath
[INFO] 
[INFO] --- jacoco-maven-plugin:0.8.7:prepare-agent (prepare-agent) @ problem-spring-webflux ---
[INFO] argLine set to -javaagent:/home/gabsko/.m2/repository/org/jacoco/org.jacoco.agent/0.8.7/org.jacoco.agent-0.8.7-runtime.jar=destfile=/home/gabsko/breaking-updates/problem-spring-webflux/target/jacoco.exec
[INFO] 
[INFO] --- maven-resources-plugin:3.2.0:resources (default-resources) @ problem-spring-webflux ---
[INFO] Using 'UTF-8' encoding to copy filtered resources.
[INFO] Using 'UTF-8' encoding to copy filtered properties files.
[INFO] skip non existing resourceDirectory /home/gabsko/breaking-updates/problem-spring-webflux/src/main/resources
[INFO] 
[INFO] --- maven-compiler-plugin:3.10.1:compile (default-compile) @ problem-spring-webflux ---
[INFO] Changes detected - recompiling the module!
[INFO] Compiling 34 source files to /home/gabsko/breaking-updates/problem-spring-webflux/target/classes
[INFO] 
[INFO] --- maven-resources-plugin:3.2.0:testResources (default-testResources) @ problem-spring-webflux ---
[INFO] Using 'UTF-8' encoding to copy filtered resources.
[INFO] Using 'UTF-8' encoding to copy filtered properties files.
[INFO] skip non existing resourceDirectory /home/gabsko/breaking-updates/problem-spring-webflux/src/test/resources
[INFO] 
[INFO] --- maven-compiler-plugin:3.10.1:testCompile (default-testCompile) @ problem-spring-webflux ---
[INFO] Changes detected - recompiling the module!
[INFO] Compiling 29 source files to /home/gabsko/breaking-updates/problem-spring-webflux/target/test-classes
[INFO] 
[INFO] --- maven-surefire-plugin:2.22.2:test (default-test) @ problem-spring-webflux ---
[INFO] 
[INFO] -------------------------------------------------------
[INFO]  T E S T S
[INFO] -------------------------------------------------------
[INFO] Running org.zalando.problem.spring.webflux.advice.general.ThrowableAdviceTraitTest
Jan 31, 2023 12:47:10 AM org.hibernate.validator.internal.util.Version <clinit>
INFO: HV000001: Hibernate Validator 6.1.7.Final
[INFO] Tests run: 3, Failures: 0, Errors: 0, Skipped: 0, Time elapsed: 2.3 s - in org.zalando.problem.spring.webflux.advice.general.ThrowableAdviceTraitTest
[INFO] Running org.zalando.problem.spring.webflux.advice.general.ProblemAdviceTraitTest
[INFO] Tests run: 1, Failures: 0, Errors: 0, Skipped: 0, Time elapsed: 0.188 s - in org.zalando.problem.spring.webflux.advice.general.ProblemAdviceTraitTest
[INFO] Running org.zalando.problem.spring.webflux.advice.general.UnsupportedOperationAdviceTraitTest
[INFO] Tests run: 1, Failures: 0, Errors: 0, Skipped: 0, Time elapsed: 0.073 s - in org.zalando.problem.spring.webflux.advice.general.UnsupportedOperationAdviceTraitTest
[INFO] Running org.zalando.problem.spring.webflux.advice.general.NestedThrowableAdviceTraitTest
[INFO] Tests run: 4, Failures: 0, Errors: 0, Skipped: 0, Time elapsed: 0.309 s - in org.zalando.problem.spring.webflux.advice.general.NestedThrowableAdviceTraitTest
[INFO] Running org.zalando.problem.spring.webflux.advice.validation.BaseValidationAdviceTraitTest
[INFO] Tests run: 1, Failures: 0, Errors: 0, Skipped: 0, Time elapsed: 0 s - in org.zalando.problem.spring.webflux.advice.validation.BaseValidationAdviceTraitTest
[INFO] Running org.zalando.problem.spring.webflux.advice.validation.BindAdviceTraitTest
[INFO] Tests run: 3, Failures: 0, Errors: 0, Skipped: 0, Time elapsed: 0.359 s - in org.zalando.problem.spring.webflux.advice.validation.BindAdviceTraitTest
[INFO] Running org.zalando.problem.spring.webflux.advice.validation.OpenApiValidationAdviceTraitTest
[INFO] Tests run: 2, Failures: 0, Errors: 0, Skipped: 0, Time elapsed: 0.137 s - in org.zalando.problem.spring.webflux.advice.validation.OpenApiValidationAdviceTraitTest
[INFO] Running org.zalando.problem.spring.webflux.advice.validation.ConstraintViolationAdviceTraitTest
[INFO] Tests run: 1, Failures: 0, Errors: 0, Skipped: 0, Time elapsed: 0.062 s - in org.zalando.problem.spring.webflux.advice.validation.ConstraintViolationAdviceTraitTest
[INFO] Running org.zalando.problem.spring.webflux.advice.AdviceTraitLoggingTest
[INFO] Tests run: 1, Failures: 0, Errors: 0, Skipped: 0, Time elapsed: 0.643 s - in org.zalando.problem.spring.webflux.advice.AdviceTraitLoggingTest
[INFO] Running org.zalando.problem.spring.webflux.advice.utils.AdviceUtilsTest
[INFO] Tests run: 3, Failures: 0, Errors: 0, Skipped: 0, Time elapsed: 0.474 s - in org.zalando.problem.spring.webflux.advice.utils.AdviceUtilsTest
[INFO] Running org.zalando.problem.spring.webflux.advice.AdviceTraitTest
[INFO] Tests run: 6, Failures: 0, Errors: 0, Skipped: 0, Time elapsed: 0.063 s - in org.zalando.problem.spring.webflux.advice.AdviceTraitTest
[INFO] Running org.zalando.problem.spring.webflux.advice.http.UnsupportedMediaTypeAdviceTraitTest
[INFO] Tests run: 1, Failures: 0, Errors: 0, Skipped: 0, Time elapsed: 0.079 s - in org.zalando.problem.spring.webflux.advice.http.UnsupportedMediaTypeAdviceTraitTest
[INFO] Running org.zalando.problem.spring.webflux.advice.http.NotAcceptableAdviceTraitTest
[INFO] Tests run: 2, Failures: 0, Errors: 0, Skipped: 0, Time elapsed: 0.117 s - in org.zalando.problem.spring.webflux.advice.http.NotAcceptableAdviceTraitTest
[INFO] Running org.zalando.problem.spring.webflux.advice.http.ResponseStatusAdviceTraitTest
[INFO] Tests run: 12, Failures: 0, Errors: 0, Skipped: 0, Time elapsed: 0.764 s - in org.zalando.problem.spring.webflux.advice.http.ResponseStatusAdviceTraitTest
[INFO] Running org.zalando.problem.spring.webflux.advice.http.MethodNotAllowedAdviceTraitTest
[INFO] Tests run: 3, Failures: 0, Errors: 0, Skipped: 0, Time elapsed: 0.053 s - in org.zalando.problem.spring.webflux.advice.http.MethodNotAllowedAdviceTraitTest
[INFO] Running org.zalando.problem.spring.webflux.advice.security.SecurityAdviceTraitTest
[INFO] Tests run: 3, Failures: 0, Errors: 0, Skipped: 0, Time elapsed: 0.513 s - in org.zalando.problem.spring.webflux.advice.security.SecurityAdviceTraitTest
[INFO] Running org.zalando.problem.spring.webflux.advice.ProblemExceptionHandlerTest
[INFO] Tests run: 2, Failures: 0, Errors: 0, Skipped: 0, Time elapsed: 0.009 s - in org.zalando.problem.spring.webflux.advice.ProblemExceptionHandlerTest
[INFO] Running org.zalando.problem.spring.webflux.advice.FallbackTest
[INFO] Tests run: 1, Failures: 0, Errors: 0, Skipped: 0, Time elapsed: 0.049 s - in org.zalando.problem.spring.webflux.advice.FallbackTest
[INFO] Running org.zalando.problem.spring.webflux.advice.ContentNegotiationTest
[INFO] Tests run: 8, Failures: 0, Errors: 0, Skipped: 0, Time elapsed: 0.356 s - in org.zalando.problem.spring.webflux.advice.ContentNegotiationTest
[INFO] Running org.zalando.problem.spring.webflux.advice.network.SocketTimeoutAdviceTraitTest
[INFO] Tests run: 1, Failures: 0, Errors: 0, Skipped: 0, Time elapsed: 0.038 s - in org.zalando.problem.spring.webflux.advice.network.SocketTimeoutAdviceTraitTest
[INFO] Running org.zalando.problem.spring.webflux.advice.network.CircuitBreakerOpenAdviceTraitTest
[INFO] Tests run: 1, Failures: 0, Errors: 0, Skipped: 0, Time elapsed: 0.063 s - in org.zalando.problem.spring.webflux.advice.network.CircuitBreakerOpenAdviceTraitTest
[INFO] Running org.zalando.problem.spring.webflux.advice.SpringAdviceTraitTest
[INFO] Tests run: 2, Failures: 0, Errors: 0, Skipped: 0, Time elapsed: 0.005 s - in org.zalando.problem.spring.webflux.advice.SpringAdviceTraitTest
[INFO] 
[INFO] Results:
[INFO] 
[INFO] Tests run: 62, Failures: 0, Errors: 0, Skipped: 0
[INFO] 
[INFO] ------------------------------------------------------------------------
[INFO] Reactor Summary for problem-spring-parent 0.28.0-SNAPSHOT:
[INFO] 
[INFO] problem-spring-parent .............................. SUCCESS [  0.753 s]
[INFO] problem-violations ................................. SUCCESS [  4.586 s]
[INFO] problem-spring-common .............................. SUCCESS [  3.051 s]
[INFO] problem-spring-web ................................. SUCCESS [  9.222 s]
[INFO] problem-spring-web-autoconfigure ................... SUCCESS [ 12.393 s]
[INFO] problem-spring-web-starter ......................... SUCCESS [  0.413 s]
[INFO] problem-spring-webflux ............................. SUCCESS [  9.826 s]
[INFO] ------------------------------------------------------------------------
[INFO] BUILD SUCCESS
[INFO] ------------------------------------------------------------------------
[INFO] Total time:  40.349 s
[INFO] Finished at: 2023-01-31T00:47:16Z
[INFO] ------------------------------------------------------------------------
