[INFO] Scanning for projects...
[INFO] Inspecting build with total of 4 modules...
[INFO] Installing Nexus Staging features:
[INFO]   ... total of 4 executions of maven-deploy-plugin replaced with nexus-staging-maven-plugin
[INFO] ------------------------------------------------------------------------
[INFO] Reactor Build Order:
[INFO] 
[INFO] Storage Parent                                                     [pom]
[INFO] Google Cloud NIO                                                   [jar]
[INFO] Google Cloud NIO Retrofit Example                                  [jar]
[INFO] Google Cloud NIO Examples                                          [jar]
[INFO] 
[INFO] --------------< com.google.cloud:google-cloud-nio-parent >--------------
[INFO] Building Storage Parent 0.123.22-SNAPSHOT                          [1/4]
[INFO] --------------------------------[ pom ]---------------------------------
[INFO] 
[INFO] --- maven-clean-plugin:2.5:clean (default-clean) @ google-cloud-nio-parent ---
[INFO] Deleting /home/gabsko/breaking-updates/target
[INFO] 
[INFO] --- maven-enforcer-plugin:3.0.0-M3:enforce (enforce) @ google-cloud-nio-parent ---
[INFO] Adding ignore: module-info
[INFO] Adding ignore: META-INF/versions/*/module-info
[INFO] 
[INFO] --- maven-checkstyle-plugin:3.1.2:check (checkstyle) @ google-cloud-nio-parent ---
[INFO] Starting audit...
Audit done.
[INFO] You have 0 Checkstyle violations.
[INFO] 
[INFO] --- jacoco-maven-plugin:0.8.7:prepare-agent (default) @ google-cloud-nio-parent ---
[INFO] argLine set to -javaagent:/home/gabsko/.m2/repository/org/jacoco/org.jacoco.agent/0.8.7/org.jacoco.agent-0.8.7-runtime.jar=destfile=/home/gabsko/breaking-updates/target/jacoco.exec
[INFO] 
[INFO] --- build-helper-maven-plugin:3.3.0:add-resource (add-main-proto-resources) @ google-cloud-nio-parent ---
[INFO] 
[INFO] --- build-helper-maven-plugin:3.3.0:add-test-resource (add-test-proto-resources) @ google-cloud-nio-parent ---
[INFO] 
[INFO] --- animal-sniffer-maven-plugin:1.20:check (java8) @ google-cloud-nio-parent ---
[INFO] Checking unresolved references to org.codehaus.mojo.signature:java18:1.0
[INFO] 
[INFO] --- jacoco-maven-plugin:0.8.7:report (report) @ google-cloud-nio-parent ---
[INFO] Skipping JaCoCo execution due to missing execution data file.
[INFO] 
[INFO] -----------------< com.google.cloud:google-cloud-nio >------------------
[INFO] Building Google Cloud NIO 0.123.22-SNAPSHOT                        [2/4]
[INFO] --------------------------------[ jar ]---------------------------------
[INFO] 
[INFO] --- maven-clean-plugin:2.5:clean (default-clean) @ google-cloud-nio ---
[INFO] Deleting /home/gabsko/breaking-updates/google-cloud-nio/target
[INFO] 
[INFO] --- maven-enforcer-plugin:3.0.0-M3:enforce (enforce) @ google-cloud-nio ---
[INFO] Adding ignore: module-info
[INFO] Adding ignore: META-INF/versions/*/module-info
[INFO] 
[INFO] --- maven-checkstyle-plugin:3.1.2:check (checkstyle) @ google-cloud-nio ---
[INFO] Starting audit...
Audit done.
[INFO] You have 0 Checkstyle violations.
[INFO] 
[INFO] --- jacoco-maven-plugin:0.8.7:prepare-agent (default) @ google-cloud-nio ---
[INFO] argLine set to -javaagent:/home/gabsko/.m2/repository/org/jacoco/org.jacoco.agent/0.8.7/org.jacoco.agent-0.8.7-runtime.jar=destfile=/home/gabsko/breaking-updates/google-cloud-nio/target/jacoco.exec
[INFO] 
[INFO] --- build-helper-maven-plugin:3.3.0:add-resource (add-main-proto-resources) @ google-cloud-nio ---
[INFO] 
[INFO] --- maven-resources-plugin:2.6:resources (default-resources) @ google-cloud-nio ---
[INFO] Using 'UTF-8' encoding to copy filtered resources.
[INFO] Copying 1 resource
[INFO] skip non existing resourceDirectory /home/gabsko/breaking-updates/google-cloud-nio/src/main/proto
[INFO] 
[INFO] --- maven-compiler-plugin:3.9.0:compile (default-compile) @ google-cloud-nio ---
[INFO] Changes detected - recompiling the module!
[INFO] Compiling 33 source files to /home/gabsko/breaking-updates/google-cloud-nio/target/classes
[WARNING] bootstrap class path not set in conjunction with -source 8
[INFO] /home/gabsko/breaking-updates/google-cloud-nio/src/main/java/com/google/cloud/storage/contrib/nio/CloudStorageConfiguration.java: /home/gabsko/breaking-updates/google-cloud-nio/src/main/java/com/google/cloud/storage/contrib/nio/CloudStorageConfiguration.java uses unchecked or unsafe operations.
[INFO] /home/gabsko/breaking-updates/google-cloud-nio/src/main/java/com/google/cloud/storage/contrib/nio/CloudStorageConfiguration.java: Recompile with -Xlint:unchecked for details.
[INFO] 
[INFO] --- build-helper-maven-plugin:3.3.0:add-test-resource (add-test-proto-resources) @ google-cloud-nio ---
[INFO] 
[INFO] --- maven-resources-plugin:2.6:testResources (default-testResources) @ google-cloud-nio ---
[INFO] Using 'UTF-8' encoding to copy filtered resources.
[INFO] Copying 1 resource
[INFO] skip non existing resourceDirectory /home/gabsko/breaking-updates/google-cloud-nio/src/test/proto
[INFO] 
[INFO] --- maven-compiler-plugin:3.9.0:testCompile (default-testCompile) @ google-cloud-nio ---
[INFO] Changes detected - recompiling the module!
[INFO] Compiling 21 source files to /home/gabsko/breaking-updates/google-cloud-nio/target/test-classes
[WARNING] bootstrap class path not set in conjunction with -source 8
[INFO] /home/gabsko/breaking-updates/google-cloud-nio/src/test/java/com/google/cloud/storage/contrib/nio/CloudStorageIsDirectoryTest.java: /home/gabsko/breaking-updates/google-cloud-nio/src/test/java/com/google/cloud/storage/contrib/nio/CloudStorageIsDirectoryTest.java uses unchecked or unsafe operations.
[INFO] /home/gabsko/breaking-updates/google-cloud-nio/src/test/java/com/google/cloud/storage/contrib/nio/CloudStorageIsDirectoryTest.java: Recompile with -Xlint:unchecked for details.
[INFO] 
[INFO] --- animal-sniffer-maven-plugin:1.20:check (java8) @ google-cloud-nio ---
[INFO] Checking unresolved references to org.codehaus.mojo.signature:java18:1.0
[INFO] /home/gabsko/breaking-updates/google-cloud-nio/src/main/java/com/google/cloud/storage/contrib/nio/CloudStorageReadChannel.java:153: Covariant return type change detected: java.nio.Buffer java.nio.ByteBuffer.mark() has been changed to java.nio.ByteBuffer java.nio.ByteBuffer.mark()
[INFO] /home/gabsko/breaking-updates/google-cloud-nio/src/main/java/com/google/cloud/storage/contrib/nio/CloudStorageReadChannel.java:156: Covariant return type change detected: java.nio.Buffer java.nio.ByteBuffer.reset() has been changed to java.nio.ByteBuffer java.nio.ByteBuffer.reset()
[INFO] /home/gabsko/breaking-updates/google-cloud-nio/src/main/java/com/google/cloud/storage/contrib/nio/CloudStorageReadFileChannel.java:98: Covariant return type change detected: java.nio.Buffer java.nio.ByteBuffer.position(int) has been changed to java.nio.ByteBuffer java.nio.ByteBuffer.position(int)
[INFO] /home/gabsko/breaking-updates/google-cloud-nio/src/main/java/com/google/cloud/storage/contrib/nio/CloudStorageReadFileChannel.java:101: Covariant return type change detected: java.nio.Buffer java.nio.ByteBuffer.position(int) has been changed to java.nio.ByteBuffer java.nio.ByteBuffer.position(int)
[INFO] /home/gabsko/breaking-updates/google-cloud-nio/src/main/java/com/google/cloud/storage/contrib/nio/CloudStorageReadFileChannel.java:102: Covariant return type change detected: java.nio.Buffer java.nio.ByteBuffer.limit(int) has been changed to java.nio.ByteBuffer java.nio.ByteBuffer.limit(int)
[INFO] /home/gabsko/breaking-updates/google-cloud-nio/src/main/java/com/google/cloud/storage/contrib/nio/CloudStorageWriteFileChannel.java:126: Covariant return type change detected: java.nio.Buffer java.nio.ByteBuffer.position(int) has been changed to java.nio.ByteBuffer java.nio.ByteBuffer.position(int)
[INFO] /home/gabsko/breaking-updates/google-cloud-nio/src/main/java/com/google/cloud/storage/contrib/nio/CloudStorageWriteFileChannel.java:129: Covariant return type change detected: java.nio.Buffer java.nio.ByteBuffer.position(int) has been changed to java.nio.ByteBuffer java.nio.ByteBuffer.position(int)
[INFO] /home/gabsko/breaking-updates/google-cloud-nio/src/main/java/com/google/cloud/storage/contrib/nio/CloudStorageWriteFileChannel.java:130: Covariant return type change detected: java.nio.Buffer java.nio.ByteBuffer.limit(int) has been changed to java.nio.ByteBuffer java.nio.ByteBuffer.limit(int)
[INFO] /home/gabsko/breaking-updates/google-cloud-nio/src/main/java/com/google/cloud/storage/contrib/nio/SeekableByteChannelPrefetcher.java:235: Covariant return type change detected: java.nio.Buffer java.nio.ByteBuffer.clear() has been changed to java.nio.ByteBuffer java.nio.ByteBuffer.clear()
[INFO] 
[INFO] --- maven-surefire-plugin:3.0.0-M5:test (default-test) @ google-cloud-nio ---
[INFO] 
[INFO] -------------------------------------------------------
[INFO]  T E S T S
[INFO] -------------------------------------------------------
[INFO] Running com.google.cloud.storage.contrib.nio.CloudStoragePathTest
[INFO] Tests run: 49, Failures: 0, Errors: 0, Skipped: 0, Time elapsed: 0.552 s - in com.google.cloud.storage.contrib.nio.CloudStoragePathTest
[INFO] Running com.google.cloud.storage.contrib.nio.CloudStorageConfigurationTest
[INFO] Tests run: 4, Failures: 0, Errors: 0, Skipped: 0, Time elapsed: 0.001 s - in com.google.cloud.storage.contrib.nio.CloudStorageConfigurationTest
[INFO] Running com.google.cloud.storage.contrib.nio.CloudStorageFileAttributesTest
[INFO] Tests run: 14, Failures: 0, Errors: 0, Skipped: 0, Time elapsed: 0.131 s - in com.google.cloud.storage.contrib.nio.CloudStorageFileAttributesTest
[INFO] Running com.google.cloud.storage.contrib.nio.UnixPathTest
[INFO] Tests run: 45, Failures: 0, Errors: 0, Skipped: 0, Time elapsed: 0.026 s - in com.google.cloud.storage.contrib.nio.UnixPathTest
[INFO] Running com.google.cloud.storage.contrib.nio.CloudStorageIsDirectoryTest
[ERROR] OpenJDK 64-Bit Server VM warning: Sharing is only supported for boot loader classes because bootstrap classpath has been appended
[INFO] Tests run: 2, Failures: 0, Errors: 0, Skipped: 0, Time elapsed: 1.985 s - in com.google.cloud.storage.contrib.nio.CloudStorageIsDirectoryTest
[INFO] Running com.google.cloud.storage.contrib.nio.CloudStorageWriteFileChannelTest
[INFO] Tests run: 7, Failures: 0, Errors: 0, Skipped: 0, Time elapsed: 0.011 s - in com.google.cloud.storage.contrib.nio.CloudStorageWriteFileChannelTest
[INFO] Running com.google.cloud.storage.contrib.nio.CloudStorageFileSystemProviderTest
[INFO] Tests run: 61, Failures: 0, Errors: 0, Skipped: 0, Time elapsed: 0.377 s - in com.google.cloud.storage.contrib.nio.CloudStorageFileSystemProviderTest
[INFO] Running com.google.cloud.storage.contrib.nio.CloudStorageReadFileChannelTest
[INFO] Tests run: 7, Failures: 0, Errors: 0, Skipped: 0, Time elapsed: 0.001 s - in com.google.cloud.storage.contrib.nio.CloudStorageReadFileChannelTest
[INFO] Running com.google.cloud.storage.contrib.nio.testing.LocalStorageHelperTest
[INFO] Tests run: 6, Failures: 0, Errors: 0, Skipped: 0, Time elapsed: 0.079 s - in com.google.cloud.storage.contrib.nio.testing.LocalStorageHelperTest
[INFO] Running com.google.cloud.storage.contrib.nio.CloudStorageFileSystemTest
[INFO] Tests run: 20, Failures: 0, Errors: 0, Skipped: 0, Time elapsed: 0.213 s - in com.google.cloud.storage.contrib.nio.CloudStorageFileSystemTest
[INFO] Running com.google.cloud.storage.contrib.nio.NIOTest
[INFO] Tests run: 2, Failures: 0, Errors: 0, Skipped: 0, Time elapsed: 0.001 s - in com.google.cloud.storage.contrib.nio.NIOTest
[INFO] Running com.google.cloud.storage.contrib.nio.CloudStorageReadTest
[INFO] Tests run: 2, Failures: 0, Errors: 0, Skipped: 0, Time elapsed: 0.088 s - in com.google.cloud.storage.contrib.nio.CloudStorageReadTest
[INFO] Running com.google.cloud.storage.contrib.nio.SeekableByteChannelPrefetcherTest
[INFO] Tests run: 6, Failures: 0, Errors: 0, Skipped: 0, Time elapsed: 0.018 s - in com.google.cloud.storage.contrib.nio.SeekableByteChannelPrefetcherTest
[INFO] Running com.google.cloud.storage.contrib.nio.StorageOptionsUtilTest
[INFO] Tests run: 4, Failures: 0, Errors: 0, Skipped: 0, Time elapsed: 0 s - in com.google.cloud.storage.contrib.nio.StorageOptionsUtilTest
[INFO] Running com.google.cloud.storage.contrib.nio.CloudStorageRetryHandlerTest
[INFO] Tests run: 1, Failures: 0, Errors: 0, Skipped: 0, Time elapsed: 0 s - in com.google.cloud.storage.contrib.nio.CloudStorageRetryHandlerTest
[INFO] Running com.google.cloud.storage.contrib.nio.CloudStorageOptionsTest
[INFO] Tests run: 8, Failures: 0, Errors: 0, Skipped: 0, Time elapsed: 0.017 s - in com.google.cloud.storage.contrib.nio.CloudStorageOptionsTest
[INFO] Running com.google.cloud.storage.contrib.nio.CloudStorageReadChannelTest
[INFO] Tests run: 15, Failures: 0, Errors: 0, Skipped: 0, Time elapsed: 6.225 s - in com.google.cloud.storage.contrib.nio.CloudStorageReadChannelTest
[INFO] Running com.google.cloud.storage.contrib.nio.CloudStorageFileAttributeViewTest
[INFO] Tests run: 6, Failures: 0, Errors: 0, Skipped: 0, Time elapsed: 0.01 s - in com.google.cloud.storage.contrib.nio.CloudStorageFileAttributeViewTest
[INFO] Running com.google.cloud.storage.contrib.nio.CloudStorageLateInitializationTest
[INFO] Tests run: 3, Failures: 0, Errors: 0, Skipped: 0, Time elapsed: 0.156 s - in com.google.cloud.storage.contrib.nio.CloudStorageLateInitializationTest
[INFO] Running com.google.cloud.storage.contrib.nio.CloudStorageWriteChannelTest
[INFO] Tests run: 8, Failures: 0, Errors: 0, Skipped: 0, Time elapsed: 0.105 s - in com.google.cloud.storage.contrib.nio.CloudStorageWriteChannelTest
[INFO] 
[INFO] Results:
[INFO] 
[INFO] Tests run: 270, Failures: 0, Errors: 0, Skipped: 0
[INFO] 
[INFO] 
[INFO] --- jacoco-maven-plugin:0.8.7:report (report) @ google-cloud-nio ---
[INFO] Loading execution data file /home/gabsko/breaking-updates/google-cloud-nio/target/jacoco.exec
[INFO] Analyzed bundle 'Google Cloud NIO' with 48 classes
[INFO] 
[INFO] -------------< com.google.cloud:google-cloud-nio-retrofit >-------------
[INFO] Building Google Cloud NIO Retrofit Example 0.123.22-SNAPSHOT       [3/4]
[INFO] --------------------------------[ jar ]---------------------------------
[INFO] 
[INFO] --- maven-clean-plugin:2.5:clean (default-clean) @ google-cloud-nio-retrofit ---
[INFO] Deleting /home/gabsko/breaking-updates/google-cloud-nio-retrofit/target
[INFO] 
[INFO] --- flatten-maven-plugin:1.2.7:clean (flatten.clean) @ google-cloud-nio-retrofit ---
[INFO] Deleting /home/gabsko/breaking-updates/google-cloud-nio-retrofit/.flattened-pom.xml
[INFO] 
[INFO] --- maven-enforcer-plugin:3.0.0-M3:enforce (enforce) @ google-cloud-nio-retrofit ---
[INFO] Adding ignore: module-info
[INFO] Adding ignore: META-INF/versions/*/module-info
[INFO] 
[INFO] --- maven-checkstyle-plugin:3.1.2:check (checkstyle) @ google-cloud-nio-retrofit ---
[INFO] Starting audit...
Audit done.
[INFO] You have 0 Checkstyle violations.
[INFO] 
[INFO] --- jacoco-maven-plugin:0.8.7:prepare-agent (default) @ google-cloud-nio-retrofit ---
[INFO] argLine set to -javaagent:/home/gabsko/.m2/repository/org/jacoco/org.jacoco.agent/0.8.7/org.jacoco.agent-0.8.7-runtime.jar=destfile=/home/gabsko/breaking-updates/google-cloud-nio-retrofit/target/jacoco.exec
[INFO] 
[INFO] --- build-helper-maven-plugin:3.3.0:add-resource (add-main-proto-resources) @ google-cloud-nio-retrofit ---
[INFO] 
[INFO] --- maven-resources-plugin:2.6:resources (default-resources) @ google-cloud-nio-retrofit ---
[INFO] Using 'UTF-8' encoding to copy filtered resources.
[INFO] skip non existing resourceDirectory /home/gabsko/breaking-updates/google-cloud-nio-retrofit/src/main/resources
[INFO] skip non existing resourceDirectory /home/gabsko/breaking-updates/google-cloud-nio-retrofit/src/main/proto
[INFO] 
[INFO] --- flatten-maven-plugin:1.2.7:flatten (flatten) @ google-cloud-nio-retrofit ---
[INFO] Generating flattened POM of project com.google.cloud:google-cloud-nio-retrofit:jar:0.123.22-SNAPSHOT...
[INFO] 
[INFO] --- maven-compiler-plugin:3.9.0:compile (default-compile) @ google-cloud-nio-retrofit ---
[INFO] Changes detected - recompiling the module!
[INFO] Compiling 1 source file to /home/gabsko/breaking-updates/google-cloud-nio-retrofit/target/classes
[WARNING] bootstrap class path not set in conjunction with -source 8
[INFO] 
[INFO] --- build-helper-maven-plugin:3.3.0:add-test-resource (add-test-proto-resources) @ google-cloud-nio-retrofit ---
[INFO] 
[INFO] --- maven-resources-plugin:2.6:testResources (default-testResources) @ google-cloud-nio-retrofit ---
[INFO] Using 'UTF-8' encoding to copy filtered resources.
[INFO] skip non existing resourceDirectory /home/gabsko/breaking-updates/google-cloud-nio-retrofit/src/test/resources
[INFO] skip non existing resourceDirectory /home/gabsko/breaking-updates/google-cloud-nio-retrofit/src/test/proto
[INFO] 
[INFO] --- maven-compiler-plugin:3.9.0:testCompile (default-testCompile) @ google-cloud-nio-retrofit ---
[INFO] No sources to compile
[INFO] 
[INFO] --- animal-sniffer-maven-plugin:1.20:check (java8) @ google-cloud-nio-retrofit ---
[INFO] Checking unresolved references to org.codehaus.mojo.signature:java18:1.0
[INFO] 
[INFO] --- maven-surefire-plugin:3.0.0-M5:test (default-test) @ google-cloud-nio-retrofit ---
[INFO] No tests to run.
[INFO] 
[INFO] --- jacoco-maven-plugin:0.8.7:report (report) @ google-cloud-nio-retrofit ---
[INFO] Skipping JaCoCo execution due to missing execution data file.
[INFO] 
[INFO] -------------< com.google.cloud:google-cloud-nio-examples >-------------
[INFO] Building Google Cloud NIO Examples 0.123.22-SNAPSHOT               [4/4]
[INFO] --------------------------------[ jar ]---------------------------------
[INFO] 
[INFO] --- maven-clean-plugin:2.5:clean (default-clean) @ google-cloud-nio-examples ---
[INFO] Deleting /home/gabsko/breaking-updates/google-cloud-nio-examples/target
[INFO] 
[INFO] --- flatten-maven-plugin:1.2.7:clean (flatten.clean) @ google-cloud-nio-examples ---
[INFO] Deleting /home/gabsko/breaking-updates/google-cloud-nio-examples/.flattened-pom.xml
[INFO] 
[INFO] --- maven-enforcer-plugin:3.0.0-M3:enforce (enforce) @ google-cloud-nio-examples ---
[INFO] Adding ignore: module-info
[INFO] Adding ignore: META-INF/versions/*/module-info
[INFO] 
[INFO] --- maven-checkstyle-plugin:3.1.2:check (checkstyle) @ google-cloud-nio-examples ---
[INFO] Starting audit...
Audit done.
[INFO] You have 0 Checkstyle violations.
[INFO] 
[INFO] --- jacoco-maven-plugin:0.8.7:prepare-agent (default) @ google-cloud-nio-examples ---
[INFO] argLine set to -javaagent:/home/gabsko/.m2/repository/org/jacoco/org.jacoco.agent/0.8.7/org.jacoco.agent-0.8.7-runtime.jar=destfile=/home/gabsko/breaking-updates/google-cloud-nio-examples/target/jacoco.exec
[INFO] 
[INFO] --- build-helper-maven-plugin:3.3.0:add-resource (add-main-proto-resources) @ google-cloud-nio-examples ---
[INFO] 
[INFO] --- maven-resources-plugin:2.6:resources (default-resources) @ google-cloud-nio-examples ---
[INFO] Using 'UTF-8' encoding to copy filtered resources.
[INFO] skip non existing resourceDirectory /home/gabsko/breaking-updates/google-cloud-nio-examples/src/main/resources
[INFO] skip non existing resourceDirectory /home/gabsko/breaking-updates/google-cloud-nio-examples/src/main/proto
[INFO] 
[INFO] --- flatten-maven-plugin:1.2.7:flatten (flatten) @ google-cloud-nio-examples ---
[INFO] Generating flattened POM of project com.google.cloud:google-cloud-nio-examples:jar:0.123.22-SNAPSHOT...
[INFO] 
[INFO] --- maven-compiler-plugin:3.9.0:compile (default-compile) @ google-cloud-nio-examples ---
[INFO] Changes detected - recompiling the module!
[INFO] Compiling 3 source files to /home/gabsko/breaking-updates/google-cloud-nio-examples/target/classes
[WARNING] bootstrap class path not set in conjunction with -source 8
[INFO] 
[INFO] --- build-helper-maven-plugin:3.3.0:add-test-resource (add-test-proto-resources) @ google-cloud-nio-examples ---
[INFO] 
[INFO] --- maven-resources-plugin:2.6:testResources (default-testResources) @ google-cloud-nio-examples ---
[INFO] Using 'UTF-8' encoding to copy filtered resources.
[INFO] skip non existing resourceDirectory /home/gabsko/breaking-updates/google-cloud-nio-examples/src/test/resources
[INFO] skip non existing resourceDirectory /home/gabsko/breaking-updates/google-cloud-nio-examples/src/test/proto
[INFO] 
[INFO] --- maven-compiler-plugin:3.9.0:testCompile (default-testCompile) @ google-cloud-nio-examples ---
[INFO] No sources to compile
[INFO] 
[INFO] --- animal-sniffer-maven-plugin:1.20:check (java8) @ google-cloud-nio-examples ---
[INFO] Checking unresolved references to org.codehaus.mojo.signature:java18:1.0
[INFO] /home/gabsko/breaking-updates/google-cloud-nio-examples/src/main/java/com/google/cloud/examples/nio/CountBytes.java:81: Covariant return type change detected: java.nio.Buffer java.nio.ByteBuffer.flip() has been changed to java.nio.ByteBuffer java.nio.ByteBuffer.flip()
[INFO] /home/gabsko/breaking-updates/google-cloud-nio-examples/src/main/java/com/google/cloud/examples/nio/ParallelCountBytes.java:92: Covariant return type change detected: java.nio.Buffer java.nio.ByteBuffer.flip() has been changed to java.nio.ByteBuffer java.nio.ByteBuffer.flip()
[INFO] 
[INFO] --- maven-surefire-plugin:3.0.0-M5:test (default-test) @ google-cloud-nio-examples ---
[INFO] No tests to run.
[INFO] 
[INFO] --- jacoco-maven-plugin:0.8.7:report (report) @ google-cloud-nio-examples ---
[INFO] Skipping JaCoCo execution due to missing execution data file.
[INFO] ------------------------------------------------------------------------
[INFO] Reactor Summary for Storage Parent 0.123.22-SNAPSHOT:
[INFO] 
[INFO] Storage Parent ..................................... SUCCESS [  1.500 s]
[INFO] Google Cloud NIO ................................... SUCCESS [ 15.500 s]
[INFO] Google Cloud NIO Retrofit Example .................. SUCCESS [  0.675 s]
[INFO] Google Cloud NIO Examples .......................... SUCCESS [  0.594 s]
[INFO] ------------------------------------------------------------------------
[INFO] BUILD SUCCESS
[INFO] ------------------------------------------------------------------------
[INFO] Total time:  18.759 s
[INFO] Finished at: 2023-01-30T13:42:48Z
[INFO] ------------------------------------------------------------------------
