[INFO] Scanning for projects...
[INFO] 
[INFO] ----------------------< org.pac4j:javalin-pac4j >-----------------------
[INFO] Building pac4j implementation for Javalin 4.1.0-SNAPSHOT
[INFO] --------------------------------[ jar ]---------------------------------
[INFO] 
[INFO] --- maven-clean-plugin:2.5:clean (default-clean) @ javalin-pac4j ---
[INFO] Deleting /home/gabsko/breaking-updates/target
[INFO] 
[INFO] --- maven-enforcer-plugin:1.2:enforce (enforce-maven) @ javalin-pac4j ---
[INFO] 
[INFO] --- maven-resources-plugin:2.6:resources (default-resources) @ javalin-pac4j ---
[INFO] Using 'UTF-8' encoding to copy filtered resources.
[INFO] skip non existing resourceDirectory /home/gabsko/breaking-updates/src/main/resources
[INFO] 
[INFO] --- maven-compiler-plugin:3.10.0:compile (default-compile) @ javalin-pac4j ---
[INFO] Changes detected - recompiling the module!
[INFO] Compiling 5 source files to /home/gabsko/breaking-updates/target/classes
[INFO] 
[INFO] >>> spotbugs-maven-plugin:4.2.3:check (run-spotbugs) > :spotbugs @ javalin-pac4j >>>
[INFO] 
[INFO] --- spotbugs-maven-plugin:4.2.3:spotbugs (spotbugs) @ javalin-pac4j ---
[INFO] Fork Value is true
[INFO] Done SpotBugs Analysis....
[INFO] 
[INFO] <<< spotbugs-maven-plugin:4.2.3:check (run-spotbugs) < :spotbugs @ javalin-pac4j <<<
[INFO] 
[INFO] 
[INFO] --- spotbugs-maven-plugin:4.2.3:check (run-spotbugs) @ javalin-pac4j ---
[INFO] BugInstance size is 0
[INFO] Error size is 0
[INFO] No errors/warnings found
[INFO] 
[INFO] >>> maven-pmd-plugin:3.16.0:check (run-pmd) > :pmd @ javalin-pac4j >>>
[INFO] 
[INFO] --- maven-pmd-plugin:3.16.0:pmd (pmd) @ javalin-pac4j ---
[WARNING] Unable to locate Source XRef to link to - DISABLED
[WARNING] Unable to locate Source XRef to link to - DISABLED
[WARNING] Unable to locate Source XRef to link to - DISABLED
[INFO] PMD version: 6.42.0
[INFO] 
[INFO] <<< maven-pmd-plugin:3.16.0:check (run-pmd) < :pmd @ javalin-pac4j <<<
[INFO] 
[INFO] 
[INFO] --- maven-pmd-plugin:3.16.0:check (run-pmd) @ javalin-pac4j ---
[INFO] PMD version: 6.42.0
[INFO] 
[INFO] 
[INFO] --- maven-resources-plugin:2.6:testResources (default-testResources) @ javalin-pac4j ---
[INFO] Using 'UTF-8' encoding to copy filtered resources.
[INFO] Copying 9 resources
[INFO] 
[INFO] --- maven-compiler-plugin:3.10.0:testCompile (default-testCompile) @ javalin-pac4j ---
[INFO] Changes detected - recompiling the module!
[INFO] Compiling 9 source files to /home/gabsko/breaking-updates/target/test-classes
[INFO] 
[INFO] --- maven-surefire-plugin:3.0.0-M5:test (default-test) @ javalin-pac4j ---
[INFO] 
[INFO] -------------------------------------------------------
[INFO]  T E S T S
[INFO] -------------------------------------------------------
[INFO] Running org.pac4j.javalin.SecurityHandlerTest
[INFO] Tests run: 8, Failures: 0, Errors: 0, Skipped: 0, Time elapsed: 0.767 s - in org.pac4j.javalin.SecurityHandlerTest
[INFO] Running org.pac4j.javalin.LogoutHandlerTest
[INFO] Tests run: 15, Failures: 0, Errors: 0, Skipped: 0, Time elapsed: 0.022 s - in org.pac4j.javalin.LogoutHandlerTest
[INFO] Running org.pac4j.javalin.JavalinHttpActionAdapterTest
[INFO] Tests run: 9, Failures: 0, Errors: 0, Skipped: 0, Time elapsed: 0.042 s - in org.pac4j.javalin.JavalinHttpActionAdapterTest
[INFO] Running org.pac4j.javalin.CallbackHandlerTest
[INFO] Tests run: 9, Failures: 0, Errors: 0, Skipped: 0, Time elapsed: 0.011 s - in org.pac4j.javalin.CallbackHandlerTest
[INFO] 
[INFO] Results:
[INFO] 
[INFO] Tests run: 41, Failures: 0, Errors: 0, Skipped: 0
[INFO] 
[INFO] ------------------------------------------------------------------------
[INFO] BUILD SUCCESS
[INFO] ------------------------------------------------------------------------
[INFO] Total time:  10.006 s
[INFO] Finished at: 2023-01-30T16:07:33Z
[INFO] ------------------------------------------------------------------------
