[INFO] Scanning for projects...
[INFO] 
[INFO] ----------------------< com.artipie:npm-adapter >-----------------------
[INFO] Building npm-adapter 1.0-SNAPSHOT
[INFO] --------------------------------[ jar ]---------------------------------
[INFO] 
[INFO] --- maven-clean-plugin:3.1.0:clean (default-clean) @ npm-adapter ---
[INFO] Deleting /home/gabsko/breaking-updates/target
[INFO] 
[INFO] --- maven-enforcer-plugin:3.0.0-M3:enforce (enforce-maven) @ npm-adapter ---
[INFO] 
[INFO] --- buildnumber-maven-plugin:1.4:create (jcabi-build-number) @ npm-adapter ---
[INFO] ShortRevision tag detected. The value is '7'.
[INFO] Executing: /bin/sh -c cd '/home/gabsko/breaking-updates' && 'git' 'rev-parse' '--verify' '--short=7' 'HEAD'
[INFO] Working directory: /home/gabsko/breaking-updates
[INFO] Storing buildNumber: 4ce27f8 at timestamp: 2023-01-26T17:50:48
[INFO] Storing buildScmBranch: branch-artipie/npm-adapter-4ce27f841dbaf2bbac63ae1a3be357b0a6ab943d
[INFO] 
[INFO] --- buildnumber-maven-plugin:1.4:create-timestamp (jcabi-build-number) @ npm-adapter ---
[INFO] 
[INFO] --- jacoco-maven-plugin:0.8.7:prepare-agent (jacoco-initialize) @ npm-adapter ---
[INFO] argLine set to -javaagent:/home/gabsko/.m2/repository/org/jacoco/org.jacoco.agent/0.8.7/org.jacoco.agent-0.8.7-runtime.jar=destfile=/home/gabsko/breaking-updates/target/jacoco.exec,output=file
[INFO] 
[INFO] --- maven-resources-plugin:3.0.2:resources (default-resources) @ npm-adapter ---
[INFO] Using 'UTF-8' encoding to copy filtered resources.
[INFO] skip non existing resourceDirectory /home/gabsko/breaking-updates/src/main/resources
[INFO] 
[INFO] --- maven-compiler-plugin:3.8.0:compile (default-compile) @ npm-adapter ---
[INFO] Compiling 50 source files to /home/gabsko/breaking-updates/target/classes
[INFO] 
[INFO] --- maven-resources-plugin:3.0.2:testResources (default-testResources) @ npm-adapter ---
[INFO] Using 'UTF-8' encoding to copy filtered resources.
[INFO] Copying 20 resources
[INFO] 
[INFO] --- maven-compiler-plugin:3.8.0:testCompile (default-testCompile) @ npm-adapter ---
[INFO] Compiling 37 source files to /home/gabsko/breaking-updates/target/test-classes
[INFO] 
[INFO] --- maven-surefire-plugin:3.0.0-M3:test (default-test) @ npm-adapter ---
[INFO] 
[INFO] -------------------------------------------------------
[INFO]  T E S T S
[INFO] -------------------------------------------------------
[INFO] Running com.artipie.npm.misc.DescSortedVersionsTest
[INFO] Tests run: 1, Failures: 0, Errors: 0, Skipped: 0, Time elapsed: 0.041 s - in com.artipie.npm.misc.DescSortedVersionsTest
[INFO] Running com.artipie.npm.http.UploadSliceTest
[INFO] Tests run: 2, Failures: 0, Errors: 0, Skipped: 0, Time elapsed: 0.232 s - in com.artipie.npm.http.UploadSliceTest
[INFO] Running com.artipie.npm.http.ReplacePathSliceTest
[INFO] Tests run: 2, Failures: 0, Errors: 0, Skipped: 0, Time elapsed: 0.555 s - in com.artipie.npm.http.ReplacePathSliceTest
[INFO] Running com.artipie.npm.MetaUpdateByJsonTest
[INFO] Tests run: 2, Failures: 0, Errors: 0, Skipped: 0, Time elapsed: 0.029 s - in com.artipie.npm.MetaUpdateByJsonTest
[INFO] Running com.artipie.npm.proxy.HttpNpmRemoteTest
Unexpected problem occured during version sanity check
Reported exception:
java.lang.AbstractMethodError: Receiver class org.slf4j.log4j12.Log4j12ServiceProvider does not define or inherit an implementation of the resolved method 'abstract java.lang.String getRequestedApiVersion()' of interface org.slf4j.spi.SLF4JServiceProvider.
	at org.slf4j.LoggerFactory.versionSanityCheck(LoggerFactory.java:297)
	at org.slf4j.LoggerFactory.performInitialization(LoggerFactory.java:141)
	at org.slf4j.LoggerFactory.getProvider(LoggerFactory.java:421)
	at org.slf4j.LoggerFactory.getILoggerFactory(LoggerFactory.java:407)
	at io.netty.util.internal.logging.Slf4JLoggerFactory.<init>(Slf4JLoggerFactory.java:42)
	at io.netty.util.internal.logging.InternalLoggerFactory.newDefaultFactory(InternalLoggerFactory.java:44)
	at io.netty.util.internal.logging.InternalLoggerFactory.getDefaultFactory(InternalLoggerFactory.java:69)
	at io.netty.util.internal.logging.InternalLoggerFactory.getInstance(InternalLoggerFactory.java:92)
	at io.netty.util.internal.logging.InternalLoggerFactory.getInstance(InternalLoggerFactory.java:85)
	at io.netty.util.ResourceLeakDetector.<clinit>(ResourceLeakDetector.java:102)
	at io.vertx.core.impl.VertxImpl.<clinit>(VertxImpl.java:86)
	at io.vertx.core.impl.VertxFactoryImpl.vertx(VertxFactoryImpl.java:40)
	at io.vertx.core.impl.VertxFactoryImpl.vertx(VertxFactoryImpl.java:32)
	at io.vertx.core.impl.VertxFactoryImpl.vertx(VertxFactoryImpl.java:27)
	at io.vertx.core.Vertx.vertx(Vertx.java:75)
	at io.vertx.reactivex.core.Vertx.vertx(Vertx.java:127)
	at com.artipie.npm.proxy.HttpNpmRemoteTest.<clinit>(HttpNpmRemoteTest.java:40)
	at java.base/jdk.internal.reflect.NativeConstructorAccessorImpl.newInstance0(Native Method)
	at java.base/jdk.internal.reflect.NativeConstructorAccessorImpl.newInstance(NativeConstructorAccessorImpl.java:62)
	at java.base/jdk.internal.reflect.DelegatingConstructorAccessorImpl.newInstance(DelegatingConstructorAccessorImpl.java:45)
	at java.base/java.lang.reflect.Constructor.newInstance(Constructor.java:490)
	at org.junit.platform.commons.util.ReflectionUtils.newInstance(ReflectionUtils.java:513)
	at org.junit.jupiter.engine.execution.ConstructorInvocation.proceed(ConstructorInvocation.java:56)
	at org.junit.jupiter.engine.execution.InvocationInterceptorChain$ValidatingInvocation.proceed(InvocationInterceptorChain.java:131)
	at org.junit.jupiter.api.extension.InvocationInterceptor.interceptTestClassConstructor(InvocationInterceptor.java:72)
	at org.junit.jupiter.engine.execution.ExecutableInvoker.lambda$invoke$0(ExecutableInvoker.java:105)
	at org.junit.jupiter.engine.execution.InvocationInterceptorChain$InterceptedInvocation.proceed(InvocationInterceptorChain.java:106)
	at org.junit.jupiter.engine.execution.InvocationInterceptorChain.proceed(InvocationInterceptorChain.java:64)
	at org.junit.jupiter.engine.execution.InvocationInterceptorChain.chainAndInvoke(InvocationInterceptorChain.java:45)
	at org.junit.jupiter.engine.execution.InvocationInterceptorChain.invoke(InvocationInterceptorChain.java:37)
	at org.junit.jupiter.engine.execution.ExecutableInvoker.invoke(ExecutableInvoker.java:104)
	at org.junit.jupiter.engine.execution.ExecutableInvoker.invoke(ExecutableInvoker.java:77)
	at org.junit.jupiter.engine.descriptor.ClassBasedTestDescriptor.invokeTestClassConstructor(ClassBasedTestDescriptor.java:342)
	at org.junit.jupiter.engine.descriptor.ClassBasedTestDescriptor.instantiateTestClass(ClassBasedTestDescriptor.java:289)
	at org.junit.jupiter.engine.descriptor.ClassTestDescriptor.instantiateTestClass(ClassTestDescriptor.java:79)
	at org.junit.jupiter.engine.descriptor.ClassBasedTestDescriptor.instantiateAndPostProcessTestInstance(ClassBasedTestDescriptor.java:267)
	at org.junit.jupiter.engine.descriptor.ClassBasedTestDescriptor.lambda$testInstancesProvider$2(ClassBasedTestDescriptor.java:259)
	at java.base/java.util.Optional.orElseGet(Optional.java:369)
	at org.junit.jupiter.engine.descriptor.ClassBasedTestDescriptor.lambda$testInstancesProvider$3(ClassBasedTestDescriptor.java:258)
	at org.junit.jupiter.engine.execution.TestInstancesProvider.getTestInstances(TestInstancesProvider.java:31)
	at org.junit.jupiter.engine.descriptor.TestMethodTestDescriptor.lambda$prepare$0(TestMethodTestDescriptor.java:101)
	at org.junit.platform.engine.support.hierarchical.ThrowableCollector.execute(ThrowableCollector.java:73)
	at org.junit.jupiter.engine.descriptor.TestMethodTestDescriptor.prepare(TestMethodTestDescriptor.java:100)
	at org.junit.jupiter.engine.descriptor.TestMethodTestDescriptor.prepare(TestMethodTestDescriptor.java:65)
	at org.junit.platform.engine.support.hierarchical.NodeTestTask.lambda$prepare$1(NodeTestTask.java:111)
	at org.junit.platform.engine.support.hierarchical.ThrowableCollector.execute(ThrowableCollector.java:73)
	at org.junit.platform.engine.support.hierarchical.NodeTestTask.prepare(NodeTestTask.java:111)
	at org.junit.platform.engine.support.hierarchical.NodeTestTask.execute(NodeTestTask.java:79)
	at java.base/java.util.ArrayList.forEach(ArrayList.java:1541)
	at org.junit.platform.engine.support.hierarchical.SameThreadHierarchicalTestExecutorService.invokeAll(SameThreadHierarchicalTestExecutorService.java:38)
	at org.junit.platform.engine.support.hierarchical.NodeTestTask.lambda$executeRecursively$5(NodeTestTask.java:143)
	at org.junit.platform.engine.support.hierarchical.ThrowableCollector.execute(ThrowableCollector.java:73)
	at org.junit.platform.engine.support.hierarchical.NodeTestTask.lambda$executeRecursively$7(NodeTestTask.java:129)
	at org.junit.platform.engine.support.hierarchical.Node.around(Node.java:137)
	at org.junit.platform.engine.support.hierarchical.NodeTestTask.lambda$executeRecursively$8(NodeTestTask.java:127)
	at org.junit.platform.engine.support.hierarchical.ThrowableCollector.execute(ThrowableCollector.java:73)
	at org.junit.platform.engine.support.hierarchical.NodeTestTask.executeRecursively(NodeTestTask.java:126)
	at org.junit.platform.engine.support.hierarchical.NodeTestTask.execute(NodeTestTask.java:84)
	at java.base/java.util.ArrayList.forEach(ArrayList.java:1541)
	at org.junit.platform.engine.support.hierarchical.SameThreadHierarchicalTestExecutorService.invokeAll(SameThreadHierarchicalTestExecutorService.java:38)
	at org.junit.platform.engine.support.hierarchical.NodeTestTask.lambda$executeRecursively$5(NodeTestTask.java:143)
	at org.junit.platform.engine.support.hierarchical.ThrowableCollector.execute(ThrowableCollector.java:73)
	at org.junit.platform.engine.support.hierarchical.NodeTestTask.lambda$executeRecursively$7(NodeTestTask.java:129)
	at org.junit.platform.engine.support.hierarchical.Node.around(Node.java:137)
	at org.junit.platform.engine.support.hierarchical.NodeTestTask.lambda$executeRecursively$8(NodeTestTask.java:127)
	at org.junit.platform.engine.support.hierarchical.ThrowableCollector.execute(ThrowableCollector.java:73)
	at org.junit.platform.engine.support.hierarchical.NodeTestTask.executeRecursively(NodeTestTask.java:126)
	at org.junit.platform.engine.support.hierarchical.NodeTestTask.execute(NodeTestTask.java:84)
	at org.junit.platform.engine.support.hierarchical.SameThreadHierarchicalTestExecutorService.submit(SameThreadHierarchicalTestExecutorService.java:32)
	at org.junit.platform.engine.support.hierarchical.HierarchicalTestExecutor.execute(HierarchicalTestExecutor.java:57)
	at org.junit.platform.engine.support.hierarchical.HierarchicalTestEngine.execute(HierarchicalTestEngine.java:51)
	at org.junit.platform.launcher.core.DefaultLauncher.execute(DefaultLauncher.java:220)
	at org.junit.platform.launcher.core.DefaultLauncher.lambda$execute$6(DefaultLauncher.java:188)
	at org.junit.platform.launcher.core.DefaultLauncher.withInterceptedStreams(DefaultLauncher.java:202)
	at org.junit.platform.launcher.core.DefaultLauncher.execute(DefaultLauncher.java:181)
	at org.junit.platform.launcher.core.DefaultLauncher.execute(DefaultLauncher.java:128)
	at org.apache.maven.surefire.junitplatform.JUnitPlatformProvider.invokeAllTests(JUnitPlatformProvider.java:150)
	at org.apache.maven.surefire.junitplatform.JUnitPlatformProvider.invoke(JUnitPlatformProvider.java:124)
	at org.apache.maven.surefire.booter.ForkedBooter.invokeProviderInSameClassLoader(ForkedBooter.java:384)
	at org.apache.maven.surefire.booter.ForkedBooter.runSuitesInProcess(ForkedBooter.java:345)
	at org.apache.maven.surefire.booter.ForkedBooter.execute(ForkedBooter.java:126)
	at org.apache.maven.surefire.booter.ForkedBooter.main(ForkedBooter.java:418)
2023-01-26 17:50:53.571 ERROR NpmProxy:305 [vert.x-eventloop-thread-15] - Error occurred when process get asset call: Connection refused: localhost/127.0.0.1:35819
2023-01-26 17:50:53.599 DEBUG NpmProxy:206 [vert.x-eventloop-thread-20] - Could not load package: status code 404
2023-01-26 17:50:53.612 ERROR NpmProxy:305 [vert.x-eventloop-thread-26] - Error occurred when process get package call: Connection refused: localhost/127.0.0.1:46251
2023-01-26 17:50:53.636 DEBUG NpmProxy:206 [vert.x-eventloop-thread-31] - Could not load asset: status code 404
[INFO] Tests run: 6, Failures: 0, Errors: 0, Skipped: 0, Time elapsed: 1.195 s - in com.artipie.npm.proxy.HttpNpmRemoteTest
[INFO] Running com.artipie.npm.http.CliPublishTest
[INFO] Tests run: 1, Failures: 0, Errors: 0, Skipped: 0, Time elapsed: 0.008 s - in com.artipie.npm.http.CliPublishTest
[INFO] Running com.artipie.npm.proxy.RxNpmProxyStorageTest
[INFO] Tests run: 6, Failures: 0, Errors: 0, Skipped: 0, Time elapsed: 0.303 s - in com.artipie.npm.proxy.RxNpmProxyStorageTest
[INFO] Running com.artipie.npm.TgzArchiveTest
[INFO] Tests run: 5, Failures: 0, Errors: 0, Skipped: 0, Time elapsed: 0.054 s - in com.artipie.npm.TgzArchiveTest
[INFO] Running com.artipie.npm.TarballsTest
[INFO] Tests run: 2, Failures: 0, Errors: 0, Skipped: 0, Time elapsed: 0.063 s - in com.artipie.npm.TarballsTest
[INFO] Running com.artipie.npm.http.UnpublishPutSliceTest
[INFO] Tests run: 6, Failures: 0, Errors: 0, Skipped: 0, Time elapsed: 0.051 s - in com.artipie.npm.http.UnpublishPutSliceTest
[INFO] Running com.artipie.npm.proxy.json.ClientContentTest
[INFO] Tests run: 1, Failures: 0, Errors: 0, Skipped: 0, Time elapsed: 0.001 s - in com.artipie.npm.proxy.json.ClientContentTest
[INFO] Running com.artipie.npm.proxy.http.PackagePathTest
2023-01-26 17:50:54.153 DEBUG PackagePath:206 [main] - Determined path is: @vue/vue-cli
2023-01-26 17:50:54.156 DEBUG PackagePath:206 [main] - Determined path is: @vue/vue-cli
[INFO] Tests run: 4, Failures: 0, Errors: 0, Skipped: 0, Time elapsed: 0.014 s - in com.artipie.npm.proxy.http.PackagePathTest
[INFO] Running com.artipie.npm.MetaTest
[INFO] Tests run: 6, Failures: 0, Errors: 0, Skipped: 0, Time elapsed: 0.032 s - in com.artipie.npm.MetaTest
[INFO] Running com.artipie.npm.proxy.http.DownloadPackageSliceTest
2023-01-26 17:50:54.215 DEBUG PackagePath:206 [vert.x-eventloop-thread-3] - Determined path is: @hello/simple-npm-project
2023-01-26 17:50:54.230 DEBUG NpmProxy:206 [vert.x-eventloop-thread-7] - Could not load package: status code 500
[INFO] Tests run: 1, Failures: 0, Errors: 0, Skipped: 0, Time elapsed: 0.093 s - in com.artipie.npm.proxy.http.DownloadPackageSliceTest
[INFO] Running com.artipie.npm.http.CurlPublishTest
[INFO] Tests run: 1, Failures: 0, Errors: 0, Skipped: 0, Time elapsed: 0.026 s - in com.artipie.npm.http.CurlPublishTest
[INFO] Running com.artipie.npm.RelativePathTest
[INFO] Tests run: 22, Failures: 0, Errors: 0, Skipped: 0, Time elapsed: 0.037 s - in com.artipie.npm.RelativePathTest
[INFO] Running com.artipie.npm.MetaUpdateByTgzTest
[INFO] Tests run: 4, Failures: 0, Errors: 0, Skipped: 0, Time elapsed: 0.03 s - in com.artipie.npm.MetaUpdateByTgzTest
[INFO] Running com.artipie.npm.proxy.http.AssetPathTest
2023-01-26 17:50:54.388 DEBUG AssetPath:206 [main] - Determined path is: @vue/vue-cli/-/vue-cli-1.0.0.tgz
2023-01-26 17:50:54.393 DEBUG AssetPath:206 [main] - Determined path is: @vue/vue-cli/-/vue-cli-1.0.0.tgz
[INFO] Tests run: 4, Failures: 0, Errors: 0, Skipped: 0, Time elapsed: 0.005 s - in com.artipie.npm.proxy.http.AssetPathTest
[INFO] Running com.artipie.npm.proxy.http.DownloadAssetSliceTest
2023-01-26 17:50:54.417 DEBUG AssetPath:206 [vert.x-eventloop-thread-3] - Determined path is: @hello/simple-npm-project/-/@hello/simple-npm-project-1.0.1.tgz
2023-01-26 17:50:54.450 DEBUG AssetPath:206 [vert.x-eventloop-thread-11] - Determined path is: @hello/simple-npm-project/-/@hello/simple-npm-project-1.0.1.tgz
[INFO] Tests run: 2, Failures: 0, Errors: 0, Skipped: 0, Time elapsed: 0.062 s - in com.artipie.npm.proxy.http.DownloadAssetSliceTest
[INFO] Running com.artipie.npm.proxy.NpmProxyTest
[INFO] Tests run: 8, Failures: 0, Errors: 0, Skipped: 0, Time elapsed: 0.091 s - in com.artipie.npm.proxy.NpmProxyTest
[INFO] Running com.artipie.npm.http.DeleteDistTagsSliceTest
[INFO] Tests run: 3, Failures: 0, Errors: 0, Skipped: 0, Time elapsed: 0.007 s - in com.artipie.npm.http.DeleteDistTagsSliceTest
[INFO] Running com.artipie.npm.http.DeprecateSliceTest
[INFO] Tests run: 4, Failures: 0, Errors: 0, Skipped: 0, Time elapsed: 0.024 s - in com.artipie.npm.http.DeprecateSliceTest
[INFO] Running com.artipie.npm.http.GetDistTagsSliceTest
[INFO] Tests run: 2, Failures: 0, Errors: 0, Skipped: 0, Time elapsed: 0.012 s - in com.artipie.npm.http.GetDistTagsSliceTest
[INFO] Running com.artipie.npm.misc.NextSafeAvailablePortTest
[INFO] Tests run: 3, Failures: 0, Errors: 0, Skipped: 0, Time elapsed: 0.005 s - in com.artipie.npm.misc.NextSafeAvailablePortTest
[INFO] Running com.artipie.npm.http.AddDistTagsSliceTest
[INFO] Tests run: 3, Failures: 0, Errors: 0, Skipped: 0, Time elapsed: 0.006 s - in com.artipie.npm.http.AddDistTagsSliceTest
[INFO] Running com.artipie.npm.http.UnpublishForceSliceTest
2023-01-26 17:50:54.633 INFO  FileStorage:245 [ForkJoinPool.commonPool-worker-115] - Found 2 objects by the prefix "" in /home/gabsko/breaking-updates/target/test-classes/storage by /home/gabsko/breaking-updates/target/test-classes/storage: [@hello/simple-npm-project/-/@hello/simple-npm-project-1.0.1.tgz, @hello/simple-npm-project/meta.json]
[INFO] Tests run: 2, Failures: 0, Errors: 0, Skipped: 0, Time elapsed: 0.017 s - in com.artipie.npm.http.UnpublishForceSliceTest
[INFO] Running com.artipie.npm.proxy.json.CachedContentTest
[INFO] Tests run: 1, Failures: 0, Errors: 0, Skipped: 0, Time elapsed: 0 s - in com.artipie.npm.proxy.json.CachedContentTest
[INFO] Running com.artipie.npm.http.DownloadPackageSliceTest
[INFO] Tests run: 1, Failures: 0, Errors: 0, Skipped: 0, Time elapsed: 0.037 s - in com.artipie.npm.http.DownloadPackageSliceTest
[INFO] 
[INFO] Results:
[INFO] 
[INFO] Tests run: 105, Failures: 0, Errors: 0, Skipped: 0
[INFO] 
[INFO] 
[INFO] --- jacoco-maven-plugin:0.8.7:check (jacoco-check) @ npm-adapter ---
[INFO] Loading execution data file /home/gabsko/breaking-updates/target/jacoco.exec
[INFO] Analyzed bundle 'npm-adapter' with 44 classes
[INFO] All coverage checks have been met.
[INFO] ------------------------------------------------------------------------
[INFO] BUILD SUCCESS
[INFO] ------------------------------------------------------------------------
[INFO] Total time:  8.101 s
[INFO] Finished at: 2023-01-26T17:50:55Z
[INFO] ------------------------------------------------------------------------
