[INFO] Scanning for projects...
[WARNING] The POM for org.jenkins-ci.tools:maven-hpi-plugin:jar:3.13 is missing, no dependency information available
[WARNING] Failed to build parent project for org.jenkins-ci.plugins:sse-gateway:hpi:1.25-SNAPSHOT
[INFO] 
[INFO] -----------------< org.jenkins-ci.plugins:sse-gateway >-----------------
[INFO] Building Server Sent Events (SSE) Gateway Plugin 1.25-SNAPSHOT
[INFO] --------------------------------[ hpi ]---------------------------------
[INFO] 
[INFO] --- maven-clean-plugin:3.1.0:clean (default-clean) @ sse-gateway ---
[INFO] Deleting /home/gabsko/breaking-updates/target
[INFO] 
[INFO] --- maven-hpi-plugin:3.13:validate (default-validate) @ sse-gateway ---
[INFO] 
[INFO] --- maven-enforcer-plugin:3.0.0-M3:display-info (display-info) @ sse-gateway ---
[INFO] Maven Version: 3.8.6
[INFO] JDK Version: 11.0.17 normalized as: 11.0.17
[INFO] OS Info: Arch: amd64 Family: unix Name: linux Version: 5.4.0-113-generic
[INFO] 
[INFO] --- maven-enforcer-plugin:3.0.0-M3:enforce (display-info) @ sse-gateway ---
[INFO] Adding ignore: module-info
[INFO] 
[INFO] --- maven-enforcer-plugin:3.0.0-M3:enforce (no-snapshots-in-release) @ sse-gateway ---
[INFO] 
[INFO] --- gmavenplus-plugin:1.9.0:addTestSources (test-in-groovy) @ sse-gateway ---
[INFO] 
[INFO] --- frontend-maven-plugin:1.9.1:install-node-and-npm (install node and npm) @ sse-gateway ---
[INFO] Node v5.8.0 is already installed.
[INFO] NPM 3.7.3 is already installed.
[INFO] 
[INFO] --- frontend-maven-plugin:1.9.1:npm (npm install) @ sse-gateway ---
[INFO] Running 'npm install' in /home/gabsko/breaking-updates
[INFO] npm WARN eslint-config-airbnb@6.0.2 requires a peer of eslint-plugin-react@^4.0.0 but none was installed.
[INFO] 
[INFO] --- maven-localizer-plugin:1.26:generate (default) @ sse-gateway ---
[INFO] 
[INFO] --- frontend-maven-plugin:1.9.1:npm (npm mvnbuild) @ sse-gateway ---
[INFO] Running 'npm run mvnbuild' in /home/gabsko/breaking-updates
[INFO] 
[INFO] > @jenkins-cd/sse-gateway@0.0.22 mvnbuild /home/gabsko/breaking-updates
[INFO] > gulp bundle
[INFO] 
[INFO] [14:38:07] Test specs: src/test/js/**/*-spec.{js,jsx} (use --testFileSuffix switch to select different files)
[INFO] [14:38:07] Language level set to ECMA v5. Call builder.lang([number]) to change.
[INFO] [14:38:07] **********************************************************************
[INFO] [14:38:07] This build is using Jenkins JS Builder.
[INFO] [14:38:07]   For command line options and other help, go to
[INFO] [14:38:07]   https://www.npmjs.com/package/@jenkins-cd/js-builder
[INFO] [14:38:07] **********************************************************************
[INFO] [14:38:07] Maven project.
[INFO] [14:38:07] 	- Jenkins plugin (HPI): sse-gateway
[INFO] [14:38:07] Defining default tasks: lint,test,bundle
[INFO] [14:38:07] Using gulpfile ~/breaking-updates/gulpfile.js
[INFO] [14:38:07] Starting 'log-env'...
[INFO] [14:38:07] Source Dirs:
[INFO] [14:38:07]  - src: src/main/js,src/main/less
[INFO] [14:38:07]  - test: src/test/js
[INFO] [14:38:07] Finished 'log-env' after 259 Î¼s
[INFO] [14:38:07] Starting 'bundle'...
[INFO] [14:38:07] Warning: Skipping 'bundle' task. No 'module' bundles are registered. Call require('jenkins-js-build').bundle([module]) in gulpfile.js.
[INFO] [14:38:07] bundling: done
[INFO] [14:38:07] Finished 'bundle' after 123 Î¼s
[INFO] 
[INFO] --- maven-resources-plugin:2.7:resources (default-resources) @ sse-gateway ---
[INFO] Using 'UTF-8' encoding to copy filtered resources.
[INFO] Copying 2 resources
[INFO] 
[INFO] --- maven-compiler-plugin:3.8.1:compile (default-compile) @ sse-gateway ---
[INFO] Changes detected - recompiling the module!
[INFO] Compiling 9 source files to /home/gabsko/breaking-updates/target/classes
[INFO] /home/gabsko/breaking-updates/src/main/java/org/jenkinsci/plugins/ssegateway/sse/EventDispatcherFactory.java: Some input files use or override a deprecated API.
[INFO] /home/gabsko/breaking-updates/src/main/java/org/jenkinsci/plugins/ssegateway/sse/EventDispatcherFactory.java: Recompile with -Xlint:deprecation for details.
[INFO] /home/gabsko/breaking-updates/src/main/java/org/jenkinsci/plugins/ssegateway/sse/EventDispatcherFactory.java: /home/gabsko/breaking-updates/src/main/java/org/jenkinsci/plugins/ssegateway/sse/EventDispatcherFactory.java uses unchecked or unsafe operations.
[INFO] /home/gabsko/breaking-updates/src/main/java/org/jenkinsci/plugins/ssegateway/sse/EventDispatcherFactory.java: Recompile with -Xlint:unchecked for details.
[INFO] 
[INFO] --- access-modifier-checker:1.16:enforce (default-enforce) @ sse-gateway ---
[INFO] 
[INFO] --- maven-hpi-plugin:3.13:insert-test (default-insert-test) @ sse-gateway ---
[INFO] Skipping auto-test generation
[INFO] 
[INFO] --- gmavenplus-plugin:1.9.0:generateTestStubs (test-in-groovy) @ sse-gateway ---
[INFO] No sources specified for stub generation. Skipping.
[INFO] Generated 0 stubs.
[INFO] 
[INFO] --- maven-antrun-plugin:1.8:run (createTempDir) @ sse-gateway ---
[INFO] Executing tasks

main:
    [mkdir] Created dir: /home/gabsko/breaking-updates/target/tmp
[INFO] Executed tasks
[INFO] 
[INFO] --- maven-resources-plugin:2.7:testResources (default-testResources) @ sse-gateway ---
[INFO] Using 'UTF-8' encoding to copy filtered resources.
[INFO] Copying 5 resources
[INFO] 
[INFO] --- maven-compiler-plugin:3.8.1:testCompile (default-testCompile) @ sse-gateway ---
[INFO] Changes detected - recompiling the module!
[INFO] Compiling 9 source files to /home/gabsko/breaking-updates/target/test-classes
[INFO] 
[INFO] --- maven-hpi-plugin:3.13:test-hpl (default-test-hpl) @ sse-gateway ---
[INFO] Generating /home/gabsko/breaking-updates/target/test-classes/the.hpl
[INFO] 
[INFO] --- maven-hpi-plugin:3.13:resolve-test-dependencies (default-resolve-test-dependencies) @ sse-gateway ---
[INFO] 
[INFO] --- gmavenplus-plugin:1.9.0:compileTests (test-in-groovy) @ sse-gateway ---
[INFO] No sources specified for compilation. Skipping.
[INFO] 
[INFO] --- maven-surefire-plugin:3.0.0-M3:test (default-test) @ sse-gateway ---
[INFO] 
[INFO] -------------------------------------------------------
[INFO]  T E S T S
[INFO] -------------------------------------------------------
[INFO] Running org.jenkinsci.plugins.ssegateway.EndpointUnitTest
[INFO] Tests run: 3, Failures: 0, Errors: 0, Skipped: 0, Time elapsed: 1.287 s - in org.jenkinsci.plugins.ssegateway.EndpointUnitTest
[INFO] Running org.jenkinsci.plugins.ssegateway.EventHistoryStoreTest
[INFO] Tests run: 4, Failures: 0, Errors: 0, Skipped: 0, Time elapsed: 22.923 s - in org.jenkinsci.plugins.ssegateway.EventHistoryStoreTest
[INFO] Running org.jenkinsci.plugins.ssegateway.SSEPluginIntegrationTest
[INFO] Tests run: 4, Failures: 0, Errors: 0, Skipped: 0, Time elapsed: 82.146 s - in org.jenkinsci.plugins.ssegateway.SSEPluginIntegrationTest
[INFO] Running org.jenkinsci.plugins.ssegateway.sse.EventDispatcherSerializationTest
[INFO] Tests run: 2, Failures: 0, Errors: 0, Skipped: 0, Time elapsed: 5.298 s - in org.jenkinsci.plugins.ssegateway.sse.EventDispatcherSerializationTest
[INFO] Running org.jenkinsci.plugins.ssegateway.sse.EventDispatcherTest
[INFO] Tests run: 3, Failures: 0, Errors: 0, Skipped: 0, Time elapsed: 0.744 s - in org.jenkinsci.plugins.ssegateway.sse.EventDispatcherTest
[INFO] 
[INFO] Results:
[INFO] 
[INFO] Tests run: 16, Failures: 0, Errors: 0, Skipped: 0
[INFO] 
[INFO] 
[INFO] --- animal-sniffer-maven-plugin:1.18:check (check) @ sse-gateway ---
[INFO] Resolved signature org.codehaus.mojo.signature:java18 version as 1.0 from dependencyManagement
[INFO] Checking unresolved references to org.codehaus.mojo.signature:java18:1.0
[INFO] 
[INFO] --- frontend-maven-plugin:1.9.1:npm (npm mvntest) @ sse-gateway ---
[INFO] Running 'npm run mvntest' in /home/gabsko/breaking-updates
[INFO] 
[INFO] > @jenkins-cd/sse-gateway@0.0.22 mvntest /home/gabsko/breaking-updates
[INFO] > gulp test
[INFO] 
[INFO] [14:40:09] Test specs: src/test/js/**/*-spec.{js,jsx} (use --testFileSuffix switch to select different files)
[INFO] [14:40:09] Language level set to ECMA v5. Call builder.lang([number]) to change.
[INFO] [14:40:09] **********************************************************************
[INFO] [14:40:09] This build is using Jenkins JS Builder.
[INFO] [14:40:09]   For command line options and other help, go to
[INFO] [14:40:09]   https://www.npmjs.com/package/@jenkins-cd/js-builder
[INFO] [14:40:09] **********************************************************************
[INFO] [14:40:09] Maven project.
[INFO] [14:40:09] 	- Jenkins plugin (HPI): sse-gateway
[INFO] [14:40:09] Defining default tasks: lint,test,bundle
[INFO] [14:40:09] Using gulpfile ~/breaking-updates/gulpfile.js
[INFO] [14:40:09] Starting 'log-env'...
[INFO] [14:40:09] Source Dirs:
[INFO] [14:40:09]  - src: src/main/js,src/main/less
[INFO] [14:40:09]  - test: src/test/js
[INFO] [14:40:09] Finished 'log-env' after 232 Î¼s
[INFO] [14:40:09] Starting 'bundle'...
[INFO] [14:40:09] Warning: Skipping 'bundle' task. No 'module' bundles are registered. Call require('jenkins-js-build').bundle([module]) in gulpfile.js.
[INFO] [14:40:09] bundling: done
[INFO] [14:40:09] Finished 'bundle' after 317 Î¼s
[INFO] [14:40:09] Starting 'test'...
[INFO] [14:40:09] Testing web server started on port 18999 (http://localhost:18999). Content root: /home/gabsko/breaking-updates
[INFO] [14:40:09] Finished 'test' after 38 ms
[INFO] [32m[1mSUCCESS: 0 specs, 0 failures, 0 skipped, 0 disabled in 0.002s.[0m
[INFO] [14:40:09] Testing web server stopped.
[INFO] ------------------------------------------------------------------------
[INFO] BUILD SUCCESS
[INFO] ------------------------------------------------------------------------
[INFO] Total time:  02:10 min
[INFO] Finished at: 2023-01-30T14:40:09Z
[INFO] ------------------------------------------------------------------------
