[INFO] Scanning for projects...
[WARNING] The POM for org.jenkins-ci.tools:maven-hpi-plugin:jar:3.25 is missing, no dependency information available
[WARNING] Failed to build parent project for org.jenkins-ci.plugins:envinject:hpi:2.999999-SNAPSHOT
[INFO] 
[INFO] ------------------< org.jenkins-ci.plugins:envinject >------------------
[INFO] Building Environment Injector Plugin 2.999999-SNAPSHOT
[INFO] --------------------------------[ hpi ]---------------------------------
[INFO] 
[INFO] --- maven-clean-plugin:3.1.0:clean (default-clean) @ envinject ---
[INFO] Deleting /home/gabsko/breaking-updates/target
[INFO] 
[INFO] --- maven-hpi-plugin:3.25:validate (default-validate) @ envinject ---
[INFO] 
[INFO] --- maven-hpi-plugin:3.25:validate-hpi (default-validate-hpi) @ envinject ---
[INFO] 
[INFO] --- maven-enforcer-plugin:3.0.0:display-info (display-info) @ envinject ---
[INFO] Maven Version: 3.8.6
[INFO] JDK Version: 11.0.17 normalized as: 11.0.17
[INFO] Java Vendor: Ubuntu
[INFO] OS Info: Arch: amd64 Family: unix Name: linux Version: 5.4.0-113-generic
[INFO] 
[INFO] --- maven-enforcer-plugin:3.0.0:enforce (display-info) @ envinject ---
[INFO] Adding ignore: module-info
[INFO] Ignoring requireUpperBoundDeps in com.google.code.findbugs:annotations
[INFO] Ignoring requireUpperBoundDeps in javax.servlet:servlet-api
[INFO] 
[INFO] --- maven-enforcer-plugin:3.0.0:enforce (no-snapshots-in-release) @ envinject ---
[INFO] 
[INFO] --- gmavenplus-plugin:1.13.1:addTestSources (test-in-groovy) @ envinject ---
[INFO] 
[INFO] --- localizer-maven-plugin:1.31:generate (default) @ envinject ---
[INFO] 
[INFO] --- maven-resources-plugin:3.2.0:resources (default-resources) @ envinject ---
[INFO] Using 'UTF-8' encoding to copy filtered resources.
[INFO] Using 'UTF-8' encoding to copy filtered properties files.
[INFO] Copying 48 resources
[INFO] 
[INFO] --- flatten-maven-plugin:1.2.7:flatten (flatten) @ envinject ---
[INFO] Generating flattened POM of project org.jenkins-ci.plugins:envinject:hpi:2.999999-SNAPSHOT...
[INFO] 
[INFO] --- maven-compiler-plugin:3.10.0:compile (default-compile) @ envinject ---
[INFO] Changes detected - recompiling the module!
[INFO] Compiling 47 source files to /home/gabsko/breaking-updates/target/classes
[INFO] /home/gabsko/breaking-updates/src/main/java/org/jenkinsci/plugins/envinject/EnvInjectNodeProperty.java: Some input files use or override a deprecated API.
[INFO] /home/gabsko/breaking-updates/src/main/java/org/jenkinsci/plugins/envinject/EnvInjectNodeProperty.java: Recompile with -Xlint:deprecation for details.
[INFO] /home/gabsko/breaking-updates/src/main/java/org/jenkinsci/plugins/envinject/util/RunHelper.java: Some input files use unchecked or unsafe operations.
[INFO] /home/gabsko/breaking-updates/src/main/java/org/jenkinsci/plugins/envinject/util/RunHelper.java: Recompile with -Xlint:unchecked for details.
[INFO] 
[INFO] --- access-modifier-checker:1.27:enforce (default-enforce) @ envinject ---
[INFO] 
[INFO] --- maven-hpi-plugin:3.25:insert-test (default-insert-test) @ envinject ---
[INFO] 
[INFO] --- gmavenplus-plugin:1.13.1:generateTestStubs (test-in-groovy) @ envinject ---
[INFO] No sources specified for stub generation. Skipping.
[INFO] Generated 0 stubs.
[INFO] 
[INFO] --- maven-antrun-plugin:3.0.0:run (createTempDir) @ envinject ---
[INFO] Executing tasks
[INFO]     [mkdir] Created dir: /home/gabsko/breaking-updates/target/tmp
[INFO] Executed tasks
[INFO] 
[INFO] --- maven-resources-plugin:3.2.0:testResources (default-testResources) @ envinject ---
[INFO] Using 'UTF-8' encoding to copy filtered resources.
[INFO] Using 'UTF-8' encoding to copy filtered properties files.
[INFO] Copying 9 resources
[INFO] 
[INFO] --- maven-compiler-plugin:3.10.0:testCompile (default-testCompile) @ envinject ---
[INFO] Changes detected - recompiling the module!
[INFO] Compiling 24 source files to /home/gabsko/breaking-updates/target/test-classes
[INFO] /home/gabsko/breaking-updates/src/test/java/org/jenkinsci/plugins/envinject/BuildCauseRetrieverTest.java: Some input files use or override a deprecated API.
[INFO] /home/gabsko/breaking-updates/src/test/java/org/jenkinsci/plugins/envinject/BuildCauseRetrieverTest.java: Recompile with -Xlint:deprecation for details.
[INFO] /home/gabsko/breaking-updates/src/test/java/org/jenkinsci/plugins/envinject/EnvInjectEvaluatedGroovyScriptTest.java: Some input files use unchecked or unsafe operations.
[INFO] /home/gabsko/breaking-updates/src/test/java/org/jenkinsci/plugins/envinject/EnvInjectEvaluatedGroovyScriptTest.java: Recompile with -Xlint:unchecked for details.
[INFO] 
[INFO] --- maven-hpi-plugin:3.25:test-hpl (default-test-hpl) @ envinject ---
[INFO] Generating /home/gabsko/breaking-updates/target/test-classes/the.hpl
[INFO] 
[INFO] --- maven-hpi-plugin:3.25:resolve-test-dependencies (default-resolve-test-dependencies) @ envinject ---
[INFO] Downloading from repo.jenkins-ci.org: https://repo.jenkins-ci.org/public/io/jenkins/plugins/plugin-util-api/2.15.0/plugin-util-api-2.15.0.hpi
[INFO] Downloaded from repo.jenkins-ci.org: https://repo.jenkins-ci.org/public/io/jenkins/plugins/plugin-util-api/2.15.0/plugin-util-api-2.15.0.hpi (1.1 MB at 538 kB/s)
[INFO] Downloading from repo.jenkins-ci.org: https://repo.jenkins-ci.org/public/org/jenkins-ci/plugins/jackson2-api/2.13.2-260.v43d711474c77/jackson2-api-2.13.2-260.v43d711474c77.hpi
[INFO] Downloaded from repo.jenkins-ci.org: https://repo.jenkins-ci.org/public/org/jenkins-ci/plugins/jackson2-api/2.13.2-260.v43d711474c77/jackson2-api-2.13.2-260.v43d711474c77.hpi (4.0 MB at 4.1 MB/s)
[INFO] 
[INFO] --- gmavenplus-plugin:1.13.1:compileTests (test-in-groovy) @ envinject ---
[INFO] No sources specified for compilation. Skipping.
[INFO] 
[INFO] --- maven-surefire-plugin:3.0.0-M4:test (default-test) @ envinject ---
[INFO] 
[INFO] -------------------------------------------------------
[INFO]  T E S T S
[INFO] -------------------------------------------------------
[INFO] Running InjectedTest
[INFO] Tests run: 25, Failures: 0, Errors: 0, Skipped: 0, Time elapsed: 9.253 s - in InjectedTest
[INFO] Running org.jenkinsci.plugins.envinject.BuildCauseRetrieverTest
[INFO] Tests run: 7, Failures: 0, Errors: 0, Skipped: 0, Time elapsed: 6.968 s - in org.jenkinsci.plugins.envinject.BuildCauseRetrieverTest
[INFO] Running org.jenkinsci.plugins.envinject.EnvInjectActionTest
[WARNING] Tests run: 5, Failures: 0, Errors: 0, Skipped: 2, Time elapsed: 14.993 s - in org.jenkinsci.plugins.envinject.EnvInjectActionTest
[INFO] Running org.jenkinsci.plugins.envinject.EnvInjectBuildWrapperTest
[INFO] Tests run: 12, Failures: 0, Errors: 0, Skipped: 0, Time elapsed: 60.754 s - in org.jenkinsci.plugins.envinject.EnvInjectBuildWrapperTest
[INFO] Running org.jenkinsci.plugins.envinject.EnvInjectBuilderTest
[INFO] Tests run: 2, Failures: 0, Errors: 0, Skipped: 0, Time elapsed: 8.526 s - in org.jenkinsci.plugins.envinject.EnvInjectBuilderTest
[INFO] Running org.jenkinsci.plugins.envinject.EnvInjectEnvVarsContributorTest
[INFO] Tests run: 1, Failures: 0, Errors: 0, Skipped: 0, Time elapsed: 6.447 s - in org.jenkinsci.plugins.envinject.EnvInjectEnvVarsContributorTest
[INFO] Running org.jenkinsci.plugins.envinject.EnvInjectEnvVarsEmptyTest
[INFO] Tests run: 1, Failures: 0, Errors: 0, Skipped: 0, Time elapsed: 6.224 s - in org.jenkinsci.plugins.envinject.EnvInjectEnvVarsEmptyTest
[INFO] Running org.jenkinsci.plugins.envinject.EnvInjectEvaluatedGroovyScriptTest
[INFO] Tests run: 5, Failures: 0, Errors: 0, Skipped: 0, Time elapsed: 67.081 s - in org.jenkinsci.plugins.envinject.EnvInjectEvaluatedGroovyScriptTest
[INFO] Running org.jenkinsci.plugins.envinject.EnvInjectJobPropertyInfoTest
[INFO] Tests run: 3, Failures: 0, Errors: 0, Skipped: 0, Time elapsed: 8.944 s - in org.jenkinsci.plugins.envinject.EnvInjectJobPropertyInfoTest
[INFO] Running org.jenkinsci.plugins.envinject.EnvInjectJobPropertyTest
[WARNING] Tests run: 7, Failures: 0, Errors: 0, Skipped: 2, Time elapsed: 30.859 s - in org.jenkinsci.plugins.envinject.EnvInjectJobPropertyTest
[INFO] Running org.jenkinsci.plugins.envinject.EnvInjectPasswordMatrixProjectTest
[INFO] Tests run: 1, Failures: 0, Errors: 0, Skipped: 0, Time elapsed: 7.566 s - in org.jenkinsci.plugins.envinject.EnvInjectPasswordMatrixProjectTest
[INFO] Running org.jenkinsci.plugins.envinject.EnvInjectPasswordTest
[INFO] Tests run: 4, Failures: 0, Errors: 0, Skipped: 0, Time elapsed: 9.625 s - in org.jenkinsci.plugins.envinject.EnvInjectPasswordTest
[INFO] Running org.jenkinsci.plugins.envinject.EnvInjectPluginActionTest
[INFO] Tests run: 3, Failures: 0, Errors: 0, Skipped: 0, Time elapsed: 10.012 s - in org.jenkinsci.plugins.envinject.EnvInjectPluginActionTest
[INFO] Running org.jenkinsci.plugins.envinject.EnvInjectPluginConfigurationTest
[INFO] Tests run: 2, Failures: 0, Errors: 0, Skipped: 0, Time elapsed: 7.386 s - in org.jenkinsci.plugins.envinject.EnvInjectPluginConfigurationTest
[INFO] Running org.jenkinsci.plugins.envinject.EnvInjectVarListTest
[INFO] Tests run: 1, Failures: 0, Errors: 0, Skipped: 0, Time elapsed: 6.451 s - in org.jenkinsci.plugins.envinject.EnvInjectVarListTest
[INFO] Running org.jenkinsci.plugins.envinject.GlobalPropertiesTest
[INFO] Tests run: 2, Failures: 0, Errors: 0, Skipped: 0, Time elapsed: 7.296 s - in org.jenkinsci.plugins.envinject.GlobalPropertiesTest
[INFO] Running org.jenkinsci.plugins.envinject.migration.EnvInjectMigrationBuildWrapperTest
[INFO] Tests run: 3, Failures: 0, Errors: 0, Skipped: 0, Time elapsed: 9.655 s - in org.jenkinsci.plugins.envinject.migration.EnvInjectMigrationBuildWrapperTest
[INFO] Running org.jenkinsci.plugins.envinject.sevice.BuildCauseRetrieverTest
[INFO] Tests run: 1, Failures: 0, Errors: 0, Skipped: 0, Time elapsed: 0.895 s - in org.jenkinsci.plugins.envinject.sevice.BuildCauseRetrieverTest
[INFO] Running org.jenkinsci.plugins.envinject.sevice.EnvInjectVariableGetterTest
[INFO] Tests run: 2, Failures: 0, Errors: 0, Skipped: 0, Time elapsed: 1.068 s - in org.jenkinsci.plugins.envinject.sevice.EnvInjectVariableGetterTest
[INFO] Running org.jenkinsci.plugins.envinject.sevice.PropertiesGetterTest
[INFO] Tests run: 4, Failures: 0, Errors: 0, Skipped: 0, Time elapsed: 0.073 s - in org.jenkinsci.plugins.envinject.sevice.PropertiesGetterTest
[INFO] Running org.jenkinsci.plugins.envinject.sevice.PropertiesLoaderTest
[INFO] Tests run: 17, Failures: 0, Errors: 0, Skipped: 0, Time elapsed: 0.119 s - in org.jenkinsci.plugins.envinject.sevice.PropertiesLoaderTest
[INFO] 
[INFO] Results:
[INFO] 
[WARNING] Tests run: 108, Failures: 0, Errors: 0, Skipped: 4
[INFO] 
[INFO] 
[INFO] --- animal-sniffer-maven-plugin:1.21:check (check) @ envinject ---
[INFO] Resolved signature org.codehaus.mojo.signature:java18 version as 1.0 from dependencyManagement
[INFO] Checking unresolved references to org.codehaus.mojo.signature:java18:1.0
[INFO] ------------------------------------------------------------------------
[INFO] BUILD SUCCESS
[INFO] ------------------------------------------------------------------------
[INFO] Total time:  05:09 min
[INFO] Finished at: 2023-02-01T20:46:46Z
[INFO] ------------------------------------------------------------------------
