[INFO] Scanning for projects...
[INFO] 
[INFO] -----------------------< com.sqlancer:sqlancer >------------------------
[INFO] Building SQLancer 1.1.0
[INFO] --------------------------------[ jar ]---------------------------------
[INFO] 
[INFO] --- maven-clean-plugin:2.5:clean (default-clean) @ sqlancer ---
[INFO] Deleting /home/gabsko/breaking-updates/target
[INFO] 
[INFO] --- jacoco-maven-plugin:0.8.7:prepare-agent (default) @ sqlancer ---
[INFO] argLine set to -javaagent:/home/gabsko/.m2/repository/org/jacoco/org.jacoco.agent/0.8.7/org.jacoco.agent-0.8.7-runtime.jar=destfile=/home/gabsko/breaking-updates/target/jacoco.exec
[INFO] 
[INFO] --- maven-resources-plugin:2.6:resources (default-resources) @ sqlancer ---
[INFO] Using 'UTF-8' encoding to copy filtered resources.
[INFO] skip non existing resourceDirectory /home/gabsko/breaking-updates/src/main/resources
[INFO] 
[INFO] --- maven-compiler-plugin:3.8.1:compile (default-compile) @ sqlancer ---
[INFO] Changes detected - recompiling the module!
[INFO] 
[INFO] --- maven-resources-plugin:2.6:testResources (default-testResources) @ sqlancer ---
[INFO] Using 'UTF-8' encoding to copy filtered resources.
[INFO] skip non existing resourceDirectory /home/gabsko/breaking-updates/src/test/resources
[INFO] 
[INFO] --- maven-compiler-plugin:3.8.1:testCompile (default-testCompile) @ sqlancer ---
[INFO] Changes detected - recompiling the module!
[INFO] 
[INFO] --- maven-surefire-plugin:2.22.2:test (default-test) @ sqlancer ---
[INFO] 
[INFO] -------------------------------------------------------
[INFO]  T E S T S
[INFO] -------------------------------------------------------
[INFO] Running sqlancer.pqs.sqlite.cast.TestCastToInt
[INFO] Tests run: 13, Failures: 0, Errors: 0, Skipped: 0, Time elapsed: 0.044 s - in sqlancer.pqs.sqlite.cast.TestCastToInt
[INFO] Running sqlancer.pqs.sqlite.cast.TestCastToBoolean
[INFO] Tests run: 1, Failures: 0, Errors: 0, Skipped: 0, Time elapsed: 0 s - in sqlancer.pqs.sqlite.cast.TestCastToBoolean
[INFO] Running sqlancer.pqs.sqlite.cast.TestCastToBlob
[INFO] Tests run: 4, Failures: 0, Errors: 0, Skipped: 0, Time elapsed: 0 s - in sqlancer.pqs.sqlite.cast.TestCastToBlob
[INFO] Running sqlancer.pqs.sqlite.cast.TestCastToNumeric
[INFO] Tests run: 3, Failures: 0, Errors: 0, Skipped: 0, Time elapsed: 0 s - in sqlancer.pqs.sqlite.cast.TestCastToNumeric
[INFO] Running sqlancer.TestParameterFormat
[INFO] Tests run: 1, Failures: 0, Errors: 0, Skipped: 0, Time elapsed: 0.086 s - in sqlancer.TestParameterFormat
[INFO] Running sqlancer.TestExpectedErrors
[INFO] Tests run: 3, Failures: 0, Errors: 0, Skipped: 0, Time elapsed: 0.002 s - in sqlancer.TestExpectedErrors
[INFO] Running sqlancer.dbms.TestMySQLTLP
[WARNING] Tests run: 1, Failures: 0, Errors: 0, Skipped: 1, Time elapsed: 0.015 s - in sqlancer.dbms.TestMySQLTLP
[INFO] Running sqlancer.dbms.TestSQLite3
[2023/02/02 01:47:39] Executed 0 queries (0 queries/s; 15.40/s dbs, successful statements: 62%). Threads shut down: 0.
[2023/02/02 01:47:44] Executed 0 queries (0 queries/s; 18.21/s dbs, successful statements: 62%). Threads shut down: 0.
[2023/02/02 01:47:49] Executed 0 queries (0 queries/s; 18.00/s dbs, successful statements: 61%). Threads shut down: 0.
[2023/02/02 01:47:54] Executed 0 queries (0 queries/s; 20.60/s dbs, successful statements: 62%). Threads shut down: 0.
[2023/02/02 01:47:59] Executed 0 queries (0 queries/s; 16.60/s dbs, successful statements: 62%). Threads shut down: 0.
[2023/02/02 01:48:04] Executed 0 queries (0 queries/s; 23.00/s dbs, successful statements: 62%). Threads shut down: 0.
[2023/02/02 01:48:09] Executed 0 queries (0 queries/s; 20.80/s dbs, successful statements: 62%). Threads shut down: 0.
[2023/02/02 01:48:14] Executed 0 queries (0 queries/s; 18.80/s dbs, successful statements: 62%). Threads shut down: 0.
[2023/02/02 01:48:19] Executed 0 queries (0 queries/s; 20.20/s dbs, successful statements: 62%). Threads shut down: 0.
[2023/02/02 01:48:24] Executed 0 queries (0 queries/s; 20.60/s dbs, successful statements: 61%). Threads shut down: 0.
[2023/02/02 01:48:29] Executed 0 queries (0 queries/s; 23.00/s dbs, successful statements: 61%). Threads shut down: 0.
[2023/02/02 01:48:34] Executed 0 queries (0 queries/s; 15.80/s dbs, successful statements: 61%). Threads shut down: 0.
[2023/02/02 01:48:39] Executed 0 queries (0 queries/s; 19.20/s dbs, successful statements: 61%). Threads shut down: 0.
[2023/02/02 01:48:44] Executed 0 queries (0 queries/s; 17.40/s dbs, successful statements: 61%). Threads shut down: 0.
[2023/02/02 01:48:49] Executed 0 queries (0 queries/s; 26.40/s dbs, successful statements: 61%). Threads shut down: 0.
[2023/02/02 01:48:54] Executed 0 queries (0 queries/s; 15.80/s dbs, successful statements: 61%). Threads shut down: 0.
[2023/02/02 01:48:59] Executed 0 queries (0 queries/s; 16.00/s dbs, successful statements: 61%). Threads shut down: 0.
[2023/02/02 01:49:04] Executed 0 queries (0 queries/s; 18.40/s dbs, successful statements: 61%). Threads shut down: 0.
[2023/02/02 01:49:09] Executed 0 queries (0 queries/s; 11.60/s dbs, successful statements: 61%). Threads shut down: 0.
[2023/02/02 01:49:14] Executed 0 queries (0 queries/s; 17.00/s dbs, successful statements: 60%). Threads shut down: 0.
[2023/02/02 01:49:19] Executed 0 queries (0 queries/s; 21.60/s dbs, successful statements: 61%). Threads shut down: 0.
[2023/02/02 01:49:24] Executed 0 queries (0 queries/s; 25.00/s dbs, successful statements: 61%). Threads shut down: 0.
[2023/02/02 01:49:29] Executed 0 queries (0 queries/s; 23.80/s dbs, successful statements: 61%). Threads shut down: 0.
[2023/02/02 01:49:34] Executed 0 queries (0 queries/s; 22.20/s dbs, successful statements: 61%). Threads shut down: 0.
[2023/02/02 01:49:39] Executed 0 queries (0 queries/s; 24.80/s dbs, successful statements: 61%). Threads shut down: 0.
[2023/02/02 01:49:44] Executed 0 queries (0 queries/s; 21.60/s dbs, successful statements: 61%). Threads shut down: 0.
[2023/02/02 01:49:49] Executed 0 queries (0 queries/s; 14.60/s dbs, successful statements: 61%). Threads shut down: 0.
[2023/02/02 01:49:54] Executed 0 queries (0 queries/s; 19.40/s dbs, successful statements: 61%). Threads shut down: 0.
[2023/02/02 01:49:59] Executed 0 queries (0 queries/s; 19.60/s dbs, successful statements: 61%). Threads shut down: 0.
[2023/02/02 01:50:04] Executed 0 queries (0 queries/s; 20.00/s dbs, successful statements: 61%). Threads shut down: 0.
[2023/02/02 01:50:09] Executed 0 queries (0 queries/s; 13.60/s dbs, successful statements: 61%). Threads shut down: 0.
[2023/02/02 01:50:14] Executed 0 queries (0 queries/s; 19.20/s dbs, successful statements: 61%). Threads shut down: 0.
[2023/02/02 01:50:19] Executed 0 queries (0 queries/s; 17.60/s dbs, successful statements: 61%). Threads shut down: 0.
[2023/02/02 01:50:24] Executed 0 queries (0 queries/s; 19.80/s dbs, successful statements: 61%). Threads shut down: 0.
[2023/02/02 01:50:29] Executed 0 queries (0 queries/s; 16.20/s dbs, successful statements: 61%). Threads shut down: 0.
[2023/02/02 01:50:34] Executed 0 queries (0 queries/s; 23.00/s dbs, successful statements: 61%). Threads shut down: 0.
[2023/02/02 01:50:39] Executed 0 queries (0 queries/s; 28.60/s dbs, successful statements: 61%). Threads shut down: 0.
[2023/02/02 01:50:44] Executed 0 queries (0 queries/s; 21.40/s dbs, successful statements: 61%). Threads shut down: 0.
[2023/02/02 01:50:49] Executed 0 queries (0 queries/s; 19.40/s dbs, successful statements: 61%). Threads shut down: 0.
[2023/02/02 01:50:54] Executed 0 queries (0 queries/s; 26.40/s dbs, successful statements: 61%). Threads shut down: 0.
[2023/02/02 01:50:59] Executed 0 queries (0 queries/s; 17.80/s dbs, successful statements: 61%). Threads shut down: 0.
[2023/02/02 01:51:04] Executed 0 queries (0 queries/s; 16.80/s dbs, successful statements: 61%). Threads shut down: 0.
[2023/02/02 01:51:09] Executed 0 queries (0 queries/s; 21.00/s dbs, successful statements: 61%). Threads shut down: 0.
[2023/02/02 01:51:14] Executed 0 queries (0 queries/s; 20.00/s dbs, successful statements: 61%). Threads shut down: 0.
[2023/02/02 01:51:19] Executed 0 queries (0 queries/s; 17.60/s dbs, successful statements: 61%). Threads shut down: 0.
[2023/02/02 01:51:24] Executed 0 queries (0 queries/s; 18.20/s dbs, successful statements: 61%). Threads shut down: 0.
[2023/02/02 01:51:29] Executed 0 queries (0 queries/s; 19.00/s dbs, successful statements: 61%). Threads shut down: 0.
[2023/02/02 01:51:34] Executed 0 queries (0 queries/s; 21.20/s dbs, successful statements: 61%). Threads shut down: 0.
[2023/02/02 01:51:39] Executed 0 queries (0 queries/s; 12.60/s dbs, successful statements: 61%). Threads shut down: 0.
[2023/02/02 01:51:44] Executed 0 queries (0 queries/s; 18.80/s dbs, successful statements: 61%). Threads shut down: 0.
[2023/02/02 01:51:49] Executed 0 queries (0 queries/s; 14.60/s dbs, successful statements: 61%). Threads shut down: 0.
[2023/02/02 01:51:54] Executed 0 queries (0 queries/s; 19.20/s dbs, successful statements: 61%). Threads shut down: 0.
[2023/02/02 01:51:59] Executed 0 queries (0 queries/s; 14.20/s dbs, successful statements: 61%). Threads shut down: 0.
[2023/02/02 01:52:04] Executed 0 queries (0 queries/s; 13.20/s dbs, successful statements: 61%). Threads shut down: 0.
[2023/02/02 01:52:09] Executed 0 queries (0 queries/s; 17.20/s dbs, successful statements: 60%). Threads shut down: 0.
[2023/02/02 01:52:14] Executed 0 queries (0 queries/s; 12.20/s dbs, successful statements: 60%). Threads shut down: 0.
[2023/02/02 01:52:19] Executed 0 queries (0 queries/s; 22.00/s dbs, successful statements: 60%). Threads shut down: 0.
[2023/02/02 01:52:24] Executed 0 queries (0 queries/s; 19.00/s dbs, successful statements: 60%). Threads shut down: 0.
[2023/02/02 01:52:29] Executed 0 queries (0 queries/s; 23.60/s dbs, successful statements: 60%). Threads shut down: 0.
[2023/02/02 01:52:34] Executed 0 queries (0 queries/s; 17.00/s dbs, successful statements: 60%). Threads shut down: 0.
[INFO] Tests run: 1, Failures: 0, Errors: 0, Skipped: 0, Time elapsed: 300.744 s - in sqlancer.dbms.TestSQLite3
[INFO] Running sqlancer.dbms.TestCitus
[WARNING] Tests run: 1, Failures: 0, Errors: 0, Skipped: 1, Time elapsed: 0 s - in sqlancer.dbms.TestCitus
[INFO] Running sqlancer.dbms.TestPostgres
[WARNING] Tests run: 2, Failures: 0, Errors: 0, Skipped: 2, Time elapsed: 0.002 s - in sqlancer.dbms.TestPostgres
[INFO] Running sqlancer.dbms.TestDuckDB
[2023/02/02 01:52:39] Executed 0 queries (0 queries/s; 17.40/s dbs, successful statements: 60%). Threads shut down: 0.
[2023/02/02 01:52:44] Executed 0 queries (0 queries/s; 16.00/s dbs, successful statements: 60%). Threads shut down: 0.
[2023/02/02 01:52:49] Executed 0 queries (0 queries/s; 29.20/s dbs, successful statements: 60%). Threads shut down: 0.
[2023/02/02 01:52:54] Executed 0 queries (0 queries/s; 15.40/s dbs, successful statements: 60%). Threads shut down: 0.
[2023/02/02 01:52:59] Executed 0 queries (0 queries/s; 26.20/s dbs, successful statements: 60%). Threads shut down: 0.
[2023/02/02 01:53:04] Executed 0 queries (0 queries/s; 22.40/s dbs, successful statements: 60%). Threads shut down: 0.
[2023/02/02 01:53:09] Executed 0 queries (0 queries/s; 26.80/s dbs, successful statements: 60%). Threads shut down: 0.
[2023/02/02 01:53:14] Executed 0 queries (0 queries/s; 19.80/s dbs, successful statements: 59%). Threads shut down: 0.
[2023/02/02 01:53:19] Executed 0 queries (0 queries/s; 20.80/s dbs, successful statements: 59%). Threads shut down: 0.
[2023/02/02 01:53:24] Executed 0 queries (0 queries/s; 25.40/s dbs, successful statements: 59%). Threads shut down: 0.
[2023/02/02 01:53:29] Executed 0 queries (0 queries/s; 25.00/s dbs, successful statements: 59%). Threads shut down: 0.
[2023/02/02 01:53:34] Executed 0 queries (0 queries/s; 21.20/s dbs, successful statements: 59%). Threads shut down: 0.
[2023/02/02 01:53:39] Executed 0 queries (0 queries/s; 17.00/s dbs, successful statements: 59%). Threads shut down: 0.
[2023/02/02 01:53:44] Executed 0 queries (0 queries/s; 12.60/s dbs, successful statements: 59%). Threads shut down: 0.
[2023/02/02 01:53:49] Executed 0 queries (0 queries/s; 16.20/s dbs, successful statements: 59%). Threads shut down: 0.
[2023/02/02 01:53:54] Executed 0 queries (0 queries/s; 25.60/s dbs, successful statements: 59%). Threads shut down: 0.
[2023/02/02 01:53:59] Executed 0 queries (0 queries/s; 23.20/s dbs, successful statements: 59%). Threads shut down: 0.
[2023/02/02 01:54:04] Executed 0 queries (0 queries/s; 27.80/s dbs, successful statements: 59%). Threads shut down: 0.
[2023/02/02 01:54:09] Executed 0 queries (0 queries/s; 26.20/s dbs, successful statements: 58%). Threads shut down: 0.
[2023/02/02 01:54:14] Executed 0 queries (0 queries/s; 23.20/s dbs, successful statements: 58%). Threads shut down: 0.
[2023/02/02 01:54:19] Executed 0 queries (0 queries/s; 25.00/s dbs, successful statements: 58%). Threads shut down: 0.
[2023/02/02 01:54:24] Executed 0 queries (0 queries/s; 15.80/s dbs, successful statements: 58%). Threads shut down: 0.
[2023/02/02 01:54:29] Executed 0 queries (0 queries/s; 26.80/s dbs, successful statements: 58%). Threads shut down: 0.
[2023/02/02 01:54:34] Executed 0 queries (0 queries/s; 27.00/s dbs, successful statements: 58%). Threads shut down: 0.
[2023/02/02 01:54:39] Executed 0 queries (0 queries/s; 22.00/s dbs, successful statements: 58%). Threads shut down: 0.
[2023/02/02 01:54:44] Executed 0 queries (0 queries/s; 18.00/s dbs, successful statements: 58%). Threads shut down: 0.
[2023/02/02 01:54:49] Executed 0 queries (0 queries/s; 21.39/s dbs, successful statements: 58%). Threads shut down: 0.
[2023/02/02 01:54:54] Executed 0 queries (0 queries/s; 17.81/s dbs, successful statements: 58%). Threads shut down: 0.
[2023/02/02 01:54:59] Executed 0 queries (0 queries/s; 21.40/s dbs, successful statements: 58%). Threads shut down: 0.
[2023/02/02 01:55:04] Executed 0 queries (0 queries/s; 19.60/s dbs, successful statements: 58%). Threads shut down: 0.
[2023/02/02 01:55:09] Executed 0 queries (0 queries/s; 18.40/s dbs, successful statements: 58%). Threads shut down: 0.
[2023/02/02 01:55:14] Executed 0 queries (0 queries/s; 23.60/s dbs, successful statements: 58%). Threads shut down: 0.
[2023/02/02 01:55:19] Executed 0 queries (0 queries/s; 17.80/s dbs, successful statements: 58%). Threads shut down: 0.
[2023/02/02 01:55:24] Executed 0 queries (0 queries/s; 20.40/s dbs, successful statements: 58%). Threads shut down: 0.
[2023/02/02 01:55:29] Executed 0 queries (0 queries/s; 17.80/s dbs, successful statements: 58%). Threads shut down: 0.
[2023/02/02 01:55:34] Executed 0 queries (0 queries/s; 21.20/s dbs, successful statements: 58%). Threads shut down: 0.
[2023/02/02 01:55:39] Executed 0 queries (0 queries/s; 26.60/s dbs, successful statements: 58%). Threads shut down: 0.
[2023/02/02 01:55:44] Executed 0 queries (0 queries/s; 21.80/s dbs, successful statements: 58%). Threads shut down: 0.
[2023/02/02 01:55:49] Executed 0 queries (0 queries/s; 18.60/s dbs, successful statements: 58%). Threads shut down: 0.
[2023/02/02 01:55:54] Executed 0 queries (0 queries/s; 20.70/s dbs, successful statements: 58%). Threads shut down: 0.
[2023/02/02 01:55:59] Executed 0 queries (0 queries/s; 19.40/s dbs, successful statements: 58%). Threads shut down: 0.
[2023/02/02 01:56:04] Executed 0 queries (0 queries/s; 19.20/s dbs, successful statements: 58%). Threads shut down: 0.
[2023/02/02 01:56:09] Executed 0 queries (0 queries/s; 23.00/s dbs, successful statements: 58%). Threads shut down: 0.
[2023/02/02 01:56:14] Executed 0 queries (0 queries/s; 26.40/s dbs, successful statements: 58%). Threads shut down: 0.
[2023/02/02 01:56:19] Executed 0 queries (0 queries/s; 17.60/s dbs, successful statements: 58%). Threads shut down: 0.
[2023/02/02 01:56:24] Executed 0 queries (0 queries/s; 20.80/s dbs, successful statements: 57%). Threads shut down: 0.
[2023/02/02 01:56:29] Executed 0 queries (0 queries/s; 23.20/s dbs, successful statements: 57%). Threads shut down: 0.
[2023/02/02 01:56:34] Executed 0 queries (0 queries/s; 23.40/s dbs, successful statements: 57%). Threads shut down: 0.
[2023/02/02 01:56:39] Executed 0 queries (0 queries/s; 21.20/s dbs, successful statements: 57%). Threads shut down: 0.
[2023/02/02 01:56:44] Executed 0 queries (0 queries/s; 15.80/s dbs, successful statements: 57%). Threads shut down: 0.
[2023/02/02 01:56:49] Executed 0 queries (0 queries/s; 19.00/s dbs, successful statements: 57%). Threads shut down: 0.
[2023/02/02 01:56:54] Executed 0 queries (0 queries/s; 24.80/s dbs, successful statements: 57%). Threads shut down: 0.
[2023/02/02 01:56:59] Executed 0 queries (0 queries/s; 19.40/s dbs, successful statements: 57%). Threads shut down: 0.
[2023/02/02 01:57:04] Executed 0 queries (0 queries/s; 27.20/s dbs, successful statements: 57%). Threads shut down: 0.
[2023/02/02 01:57:09] Executed 0 queries (0 queries/s; 19.20/s dbs, successful statements: 57%). Threads shut down: 0.
[2023/02/02 01:57:14] Executed 0 queries (0 queries/s; 24.40/s dbs, successful statements: 57%). Threads shut down: 0.
[2023/02/02 01:57:19] Executed 0 queries (0 queries/s; 22.79/s dbs, successful statements: 57%). Threads shut down: 0.
[2023/02/02 01:57:24] Executed 0 queries (0 queries/s; 23.41/s dbs, successful statements: 57%). Threads shut down: 0.
[2023/02/02 01:57:29] Executed 0 queries (0 queries/s; 18.60/s dbs, successful statements: 57%). Threads shut down: 0.
[2023/02/02 01:57:34] Executed 0 queries (0 queries/s; 27.80/s dbs, successful statements: 57%). Threads shut down: 0.
[INFO] Tests run: 1, Failures: 0, Errors: 0, Skipped: 0, Time elapsed: 300.117 s - in sqlancer.dbms.TestDuckDB
[INFO] Running sqlancer.dbms.TestCockroachDB
[WARNING] Tests run: 1, Failures: 0, Errors: 0, Skipped: 1, Time elapsed: 0.001 s - in sqlancer.dbms.TestCockroachDB
[INFO] Running sqlancer.dbms.TestH2
[WARNING] Tests run: 1, Failures: 0, Errors: 0, Skipped: 1, Time elapsed: 0 s - in sqlancer.dbms.TestH2
[INFO] Running sqlancer.dbms.TestMariaDB
[WARNING] Tests run: 1, Failures: 0, Errors: 0, Skipped: 1, Time elapsed: 0 s - in sqlancer.dbms.TestMariaDB
[INFO] Running sqlancer.dbms.TestClickHouse
[WARNING] Tests run: 6, Failures: 0, Errors: 0, Skipped: 6, Time elapsed: 0.002 s - in sqlancer.dbms.TestClickHouse
[INFO] Running sqlancer.dbms.TestMySQLPQS
[WARNING] Tests run: 1, Failures: 0, Errors: 0, Skipped: 1, Time elapsed: 0 s - in sqlancer.dbms.TestMySQLPQS
[INFO] Running sqlancer.dbms.TestSQLitePQS
[2023/02/02 01:57:39] Executed 4695 queries (939 queries/s; 24.80/s dbs, successful statements: 57%). Threads shut down: 0.
[2023/02/02 01:57:44] Executed 13521 queries (1765 queries/s; 20.60/s dbs, successful statements: 57%). Threads shut down: 0.
[2023/02/02 01:57:49] Executed 22769 queries (1849 queries/s; 22.00/s dbs, successful statements: 57%). Threads shut down: 0.
[2023/02/02 01:57:54] Executed 31925 queries (1831 queries/s; 14.60/s dbs, successful statements: 57%). Threads shut down: 0.
[2023/02/02 01:57:59] Executed 42495 queries (2114 queries/s; 26.60/s dbs, successful statements: 57%). Threads shut down: 0.
[2023/02/02 01:58:04] Executed 53793 queries (2259 queries/s; 24.00/s dbs, successful statements: 57%). Threads shut down: 0.
[2023/02/02 01:58:09] Executed 63157 queries (1872 queries/s; 29.40/s dbs, successful statements: 57%). Threads shut down: 0.
[2023/02/02 01:58:14] Executed 71763 queries (1721 queries/s; 22.80/s dbs, successful statements: 57%). Threads shut down: 0.
[2023/02/02 01:58:19] Executed 82658 queries (2179 queries/s; 18.60/s dbs, successful statements: 57%). Threads shut down: 0.
[2023/02/02 01:58:24] Executed 89956 queries (1459 queries/s; 24.40/s dbs, successful statements: 57%). Threads shut down: 0.
[2023/02/02 01:58:29] Executed 97865 queries (1581 queries/s; 22.40/s dbs, successful statements: 57%). Threads shut down: 0.
[2023/02/02 01:58:34] Executed 107303 queries (1887 queries/s; 19.20/s dbs, successful statements: 57%). Threads shut down: 0.
[2023/02/02 01:58:39] Executed 116460 queries (1831 queries/s; 23.80/s dbs, successful statements: 57%). Threads shut down: 0.
[2023/02/02 01:58:44] Executed 127352 queries (2178 queries/s; 23.40/s dbs, successful statements: 57%). Threads shut down: 0.
[2023/02/02 01:58:49] Executed 136171 queries (1763 queries/s; 19.40/s dbs, successful statements: 57%). Threads shut down: 0.
[2023/02/02 01:58:54] Executed 145500 queries (1865 queries/s; 19.60/s dbs, successful statements: 57%). Threads shut down: 0.
[2023/02/02 01:58:59] Executed 153600 queries (1620 queries/s; 28.80/s dbs, successful statements: 57%). Threads shut down: 0.
[2023/02/02 01:59:04] Executed 165793 queries (2438 queries/s; 21.80/s dbs, successful statements: 57%). Threads shut down: 0.
[2023/02/02 01:59:09] Executed 176060 queries (2053 queries/s; 20.60/s dbs, successful statements: 57%). Threads shut down: 0.
[2023/02/02 01:59:14] Executed 186302 queries (2048 queries/s; 29.60/s dbs, successful statements: 57%). Threads shut down: 0.
[2023/02/02 01:59:19] Executed 196535 queries (2046 queries/s; 17.60/s dbs, successful statements: 57%). Threads shut down: 0.
[2023/02/02 01:59:24] Executed 204157 queries (1524 queries/s; 22.20/s dbs, successful statements: 57%). Threads shut down: 0.
[2023/02/02 01:59:29] Executed 212812 queries (1731 queries/s; 27.00/s dbs, successful statements: 57%). Threads shut down: 0.
[2023/02/02 01:59:34] Executed 223463 queries (2130 queries/s; 23.60/s dbs, successful statements: 57%). Threads shut down: 0.
[2023/02/02 01:59:39] Executed 232693 queries (1846 queries/s; 25.00/s dbs, successful statements: 58%). Threads shut down: 0.
[2023/02/02 01:59:44] Executed 242104 queries (1882 queries/s; 25.40/s dbs, successful statements: 58%). Threads shut down: 0.
[2023/02/02 01:59:49] Executed 252939 queries (2167 queries/s; 24.20/s dbs, successful statements: 58%). Threads shut down: 0.
[2023/02/02 01:59:54] Executed 263579 queries (2128 queries/s; 24.00/s dbs, successful statements: 58%). Threads shut down: 0.
[2023/02/02 01:59:59] Executed 273502 queries (1983 queries/s; 19.78/s dbs, successful statements: 58%). Threads shut down: 0.
[2023/02/02 02:00:04] Executed 284450 queries (2191 queries/s; 26.63/s dbs, successful statements: 58%). Threads shut down: 0.
[2023/02/02 02:00:09] Executed 296091 queries (2328 queries/s; 23.80/s dbs, successful statements: 58%). Threads shut down: 0.
[2023/02/02 02:00:14] Executed 306212 queries (2024 queries/s; 25.00/s dbs, successful statements: 58%). Threads shut down: 0.
[2023/02/02 02:00:19] Executed 315529 queries (1863 queries/s; 23.20/s dbs, successful statements: 58%). Threads shut down: 0.
[2023/02/02 02:00:24] Executed 327297 queries (2353 queries/s; 23.80/s dbs, successful statements: 58%). Threads shut down: 0.
[2023/02/02 02:00:29] Executed 334125 queries (1365 queries/s; 19.20/s dbs, successful statements: 58%). Threads shut down: 0.
[2023/02/02 02:00:34] Executed 342847 queries (1743 queries/s; 20.99/s dbs, successful statements: 58%). Threads shut down: 0.
[2023/02/02 02:00:39] Executed 351829 queries (1797 queries/s; 28.61/s dbs, successful statements: 58%). Threads shut down: 0.
[2023/02/02 02:00:44] Executed 361519 queries (1938 queries/s; 27.40/s dbs, successful statements: 58%). Threads shut down: 0.
[2023/02/02 02:00:49] Executed 372124 queries (2121 queries/s; 22.80/s dbs, successful statements: 58%). Threads shut down: 0.
[2023/02/02 02:00:54] Executed 379548 queries (1484 queries/s; 23.80/s dbs, successful statements: 58%). Threads shut down: 0.
[2023/02/02 02:00:59] Executed 388792 queries (1848 queries/s; 27.20/s dbs, successful statements: 58%). Threads shut down: 0.
[2023/02/02 02:01:04] Executed 399656 queries (2172 queries/s; 21.80/s dbs, successful statements: 58%). Threads shut down: 0.
[2023/02/02 02:01:09] Executed 409140 queries (1896 queries/s; 18.00/s dbs, successful statements: 58%). Threads shut down: 0.
[2023/02/02 02:01:14] Executed 418259 queries (1823 queries/s; 25.60/s dbs, successful statements: 58%). Threads shut down: 0.
[2023/02/02 02:01:19] Executed 425704 queries (1489 queries/s; 19.20/s dbs, successful statements: 58%). Threads shut down: 0.
[2023/02/02 02:01:24] Executed 435466 queries (1952 queries/s; 23.80/s dbs, successful statements: 58%). Threads shut down: 0.
[2023/02/02 02:01:29] Executed 443219 queries (1550 queries/s; 28.60/s dbs, successful statements: 58%). Threads shut down: 0.
[2023/02/02 02:01:34] Executed 452227 queries (1801 queries/s; 21.60/s dbs, successful statements: 58%). Threads shut down: 0.
[2023/02/02 02:01:39] Executed 464069 queries (2368 queries/s; 24.40/s dbs, successful statements: 58%). Threads shut down: 0.
[2023/02/02 02:01:44] Executed 473944 queries (1975 queries/s; 25.80/s dbs, successful statements: 58%). Threads shut down: 0.
[2023/02/02 02:01:49] Executed 484545 queries (2120 queries/s; 21.40/s dbs, successful statements: 58%). Threads shut down: 0.
[2023/02/02 02:01:54] Executed 495348 queries (2160 queries/s; 20.60/s dbs, successful statements: 58%). Threads shut down: 0.
[2023/02/02 02:01:59] Executed 506695 queries (2269 queries/s; 27.20/s dbs, successful statements: 58%). Threads shut down: 0.
[2023/02/02 02:02:04] Executed 514678 queries (1596 queries/s; 25.80/s dbs, successful statements: 58%). Threads shut down: 0.
[2023/02/02 02:02:09] Executed 524081 queries (1880 queries/s; 22.20/s dbs, successful statements: 58%). Threads shut down: 0.
[2023/02/02 02:02:14] Executed 533151 queries (1814 queries/s; 27.40/s dbs, successful statements: 58%). Threads shut down: 0.
[2023/02/02 02:02:19] Executed 541556 queries (1681 queries/s; 23.40/s dbs, successful statements: 58%). Threads shut down: 0.
[2023/02/02 02:02:24] Executed 550152 queries (1719 queries/s; 22.20/s dbs, successful statements: 58%). Threads shut down: 0.
[2023/02/02 02:02:29] Executed 559737 queries (1917 queries/s; 26.40/s dbs, successful statements: 58%). Threads shut down: 0.
[2023/02/02 02:02:34] Executed 568910 queries (1834 queries/s; 26.60/s dbs, successful statements: 58%). Threads shut down: 0.
[INFO] Tests run: 1, Failures: 0, Errors: 0, Skipped: 0, Time elapsed: 300.007 s - in sqlancer.dbms.TestSQLitePQS
[INFO] Running sqlancer.dbms.TestTiDB
[WARNING] Tests run: 1, Failures: 0, Errors: 0, Skipped: 1, Time elapsed: 0.001 s - in sqlancer.dbms.TestTiDB
[INFO] Running sqlancer.clickhouse.ast.ClickHouseBinaryComparisonOperationTest
[INFO] Tests run: 6, Failures: 0, Errors: 0, Skipped: 0, Time elapsed: 0.031 s - in sqlancer.clickhouse.ast.ClickHouseBinaryComparisonOperationTest
[INFO] Running sqlancer.TestRandomly
[INFO] Tests run: 13, Failures: 0, Errors: 0, Skipped: 0, Time elapsed: 1.427 s - in sqlancer.TestRandomly
[INFO] 
[INFO] Results:
[INFO] 
[WARNING] Tests run: 62, Failures: 0, Errors: 0, Skipped: 15
[INFO] 
[INFO] 
[INFO] --- jacoco-maven-plugin:0.8.7:report (report) @ sqlancer ---
[INFO] Loading execution data file /home/gabsko/breaking-updates/target/jacoco.exec
[INFO] Analyzed bundle 'SQLancer' with 1114 classes
[INFO] ------------------------------------------------------------------------
[INFO] BUILD SUCCESS
[INFO] ------------------------------------------------------------------------
[INFO] Total time:  15:09 min
[INFO] Finished at: 2023-02-02T02:02:38Z
[INFO] ------------------------------------------------------------------------
