[INFO] Scanning for projects...
[INFO] ------------------------------------------------------------------------
[INFO] Reactor Build Order:
[INFO] 
[INFO] Apache Commons VFS Project                                         [pom]
[INFO] Apache Commons VFS                                                 [jar]
[INFO] Apache Commons VFS Jackrabbit 1                                    [jar]
[INFO] Apache Commons VFS Jackrabbit 2                                    [jar]
[INFO] Apache Commons VFS Examples                                        [jar]
[INFO] Apache Commons VFS Distribution                                    [pom]
[INFO] 
[INFO] --------------< org.apache.commons:commons-vfs2-project >---------------
[INFO] Building Apache Commons VFS Project 2.10.0-SNAPSHOT                [1/6]
[INFO] --------------------------------[ pom ]---------------------------------
[INFO] 
[INFO] --- maven-clean-plugin:3.1.0:clean (default-clean) @ commons-vfs2-project ---
[INFO] Deleting /home/gabsko/breaking-updates/target
[INFO] 
[INFO] --- maven-enforcer-plugin:3.0.0:enforce (enforce-maven-version) @ commons-vfs2-project ---
[INFO] 
[INFO] --- maven-enforcer-plugin:3.0.0:enforce (enforce-java-version) @ commons-vfs2-project ---
[INFO] 
[INFO] --- maven-enforcer-plugin:3.0.0:enforce (enforce-output-timestamp-property) @ commons-vfs2-project ---
[INFO] 
[INFO] --- maven-enforcer-plugin:3.0.0:enforce (enforce-maven-3) @ commons-vfs2-project ---
[INFO] 
[INFO] --- apache-rat-plugin:0.13:check (rat-check) @ commons-vfs2-project ---
[INFO] Enabled default license matchers.
[INFO] Will parse SCM ignores for exclusions...
[INFO] Parsing exclusions from /home/gabsko/breaking-updates/.gitignore
[INFO] Finished adding exclusions from SCM ignore files.
[INFO] 78 implicit excludes (use -debug for more details).
[INFO] 17 explicit excludes (use -debug for more details).
[INFO] 31 resources included (use -debug for more details)
[INFO] Rat check: Summary over all files. Unapproved: 0, unknown: 0, generated: 0, approved: 25 licenses.
[INFO] 
[INFO] --- build-helper-maven-plugin:3.2.0:parse-version (parse-version) @ commons-vfs2-project ---
[INFO] 
[INFO] --- maven-antrun-plugin:3.0.0:run (javadoc.resources) @ commons-vfs2-project ---
[INFO] Executing tasks
[INFO]      [copy] Copying 2 files to /home/gabsko/breaking-updates/target/apidocs/META-INF
[INFO] Executed tasks
[INFO] 
[INFO] --- maven-antrun-plugin:3.0.0:run (vfs-jar-manifest) @ commons-vfs2-project ---
[INFO] Executing tasks
[INFO]     [mkdir] Created dir: /home/gabsko/breaking-updates/target/osgi
[INFO]     [touch] Creating /home/gabsko/breaking-updates/target/osgi/MANIFEST.MF
[INFO] Executed tasks
[INFO] 
[INFO] --- maven-remote-resources-plugin:1.7.0:process (process-resource-bundles) @ commons-vfs2-project ---
[INFO] Skipping remote resources execution.
[INFO] 
[INFO] --- buildnumber-maven-plugin:3.0.0:create (default) @ commons-vfs2-project ---
[INFO] Executing: /bin/sh -c cd '/home/gabsko/breaking-updates' && 'git' 'rev-parse' '--verify' 'HEAD'
[INFO] Working directory: /home/gabsko/breaking-updates
[INFO] Storing buildNumber: null at timestamp: 1675262127824
[INFO] Storing buildScmBranch: branch-apache/commons-vfs-53ade1d7248cfa783d83023ffa536b0d6e91e7c4
[INFO] 
[INFO] --- maven-bundle-plugin:5.1.2:manifest (bundle-manifest) @ commons-vfs2-project ---
[WARNING] Ignoring project type pom - supportedProjectTypes = [jar, bundle]
[INFO] 
[INFO] --- animal-sniffer-maven-plugin:1.21:check (checkAPIcompatibility) @ commons-vfs2-project ---
[INFO] Checking unresolved references to org.codehaus.mojo.signature:java18:1.0
[INFO] 
[INFO] ------------------< org.apache.commons:commons-vfs2 >-------------------
[INFO] Building Apache Commons VFS 2.10.0-SNAPSHOT                        [2/6]
[INFO] --------------------------------[ jar ]---------------------------------
[INFO] 
[INFO] --- maven-clean-plugin:3.1.0:clean (default-clean) @ commons-vfs2 ---
[INFO] Deleting /home/gabsko/breaking-updates/commons-vfs2/target
[INFO] 
[INFO] --- maven-enforcer-plugin:3.0.0:enforce (enforce-maven-version) @ commons-vfs2 ---
[INFO] 
[INFO] --- maven-enforcer-plugin:3.0.0:enforce (enforce-java-version) @ commons-vfs2 ---
[INFO] 
[INFO] --- maven-enforcer-plugin:3.0.0:enforce (enforce-output-timestamp-property) @ commons-vfs2 ---
[INFO] 
[INFO] --- maven-enforcer-plugin:3.0.0:enforce (enforce-maven-3) @ commons-vfs2 ---
[INFO] 
[INFO] --- apache-rat-plugin:0.13:check (rat-check) @ commons-vfs2 ---
[INFO] Enabled default license matchers.
[INFO] Will parse SCM ignores for exclusions...
[INFO] Finished adding exclusions from SCM ignore files.
[INFO] 62 implicit excludes (use -debug for more details).
[INFO] 17 explicit excludes (use -debug for more details).
[INFO] 546 resources included (use -debug for more details)
[INFO] Rat check: Summary over all files. Unapproved: 0, unknown: 0, generated: 0, approved: 532 licenses.
[INFO] 
[INFO] --- build-helper-maven-plugin:3.2.0:parse-version (parse-version) @ commons-vfs2 ---
[INFO] 
[INFO] --- maven-antrun-plugin:3.0.0:run (javadoc.resources) @ commons-vfs2 ---
[INFO] Executing tasks
[INFO]      [copy] Copying 2 files to /home/gabsko/breaking-updates/commons-vfs2/target/apidocs/META-INF
[INFO] Executed tasks
[INFO] 
[INFO] --- maven-antrun-plugin:3.0.0:run (vfs-jar-manifest) @ commons-vfs2 ---
[INFO] Executing tasks
[INFO]     [mkdir] Created dir: /home/gabsko/breaking-updates/commons-vfs2/target/osgi
[INFO]     [touch] Creating /home/gabsko/breaking-updates/commons-vfs2/target/osgi/MANIFEST.MF
[INFO] Executed tasks
[INFO] 
[INFO] --- maven-remote-resources-plugin:1.7.0:process (process-resource-bundles) @ commons-vfs2 ---
[INFO] Skipping remote resources execution.
[INFO] 
[INFO] --- buildnumber-maven-plugin:3.0.0:create (default) @ commons-vfs2 ---
[INFO] Executing: /bin/sh -c cd '/home/gabsko/breaking-updates/commons-vfs2' && 'git' 'rev-parse' '--verify' 'HEAD'
[INFO] Working directory: /home/gabsko/breaking-updates/commons-vfs2
[INFO] Storing buildNumber: null at timestamp: 1675262129074
[INFO] Storing buildScmBranch: branch-apache/commons-vfs-53ade1d7248cfa783d83023ffa536b0d6e91e7c4
[INFO] 
[INFO] --- maven-resources-plugin:3.2.0:resources (default-resources) @ commons-vfs2 ---
[INFO] Using 'UTF-8' encoding to copy filtered resources.
[INFO] Using 'UTF-8' encoding to copy filtered properties files.
[INFO] Copying 4 resources
[INFO] Copying 2 resources to META-INF
[INFO] 
[INFO] --- maven-compiler-plugin:3.10.1:compile (default-compile) @ commons-vfs2 ---
[INFO] Changes detected - recompiling the module!
[INFO] Compiling 329 source files to /home/gabsko/breaking-updates/commons-vfs2/target/classes
[INFO] /home/gabsko/breaking-updates/commons-vfs2/src/main/java/org/apache/commons/vfs2/provider/sftp/SftpFileNameParser.java: Some input files use or override a deprecated API.
[INFO] /home/gabsko/breaking-updates/commons-vfs2/src/main/java/org/apache/commons/vfs2/provider/sftp/SftpFileNameParser.java: Recompile with -Xlint:deprecation for details.
[INFO] /home/gabsko/breaking-updates/commons-vfs2/src/main/java/org/apache/commons/vfs2/FileSystemOptions.java: Some input files use unchecked or unsafe operations.
[INFO] /home/gabsko/breaking-updates/commons-vfs2/src/main/java/org/apache/commons/vfs2/FileSystemOptions.java: Recompile with -Xlint:unchecked for details.
[INFO] 
[INFO] --- maven-bundle-plugin:5.1.2:manifest (bundle-manifest) @ commons-vfs2 ---
[INFO] 
[INFO] --- maven-resources-plugin:3.2.0:testResources (default-testResources) @ commons-vfs2 ---
[INFO] Using 'UTF-8' encoding to copy filtered resources.
[INFO] Using 'UTF-8' encoding to copy filtered properties files.
[INFO] Copying 64 resources
[INFO] Copying 2 resources to META-INF
[INFO] 
[INFO] --- maven-compiler-plugin:3.10.1:testCompile (default-testCompile) @ commons-vfs2 ---
[INFO] Changes detected - recompiling the module!
[INFO] Compiling 178 source files to /home/gabsko/breaking-updates/commons-vfs2/target/test-classes
[INFO] /home/gabsko/breaking-updates/commons-vfs2/src/test/java/org/apache/commons/vfs2/util/NHttpFileServer.java: Some input files use or override a deprecated API.
[INFO] /home/gabsko/breaking-updates/commons-vfs2/src/test/java/org/apache/commons/vfs2/util/NHttpFileServer.java: Recompile with -Xlint:deprecation for details.
[INFO] /home/gabsko/breaking-updates/commons-vfs2/src/test/java/org/apache/commons/vfs2/provider/ftp/FtpProviderTestCase.java: Some input files use unchecked or unsafe operations.
[INFO] /home/gabsko/breaking-updates/commons-vfs2/src/test/java/org/apache/commons/vfs2/provider/ftp/FtpProviderTestCase.java: Recompile with -Xlint:unchecked for details.
[INFO] 
[INFO] --- maven-antrun-plugin:3.0.0:run (default) @ commons-vfs2 ---
[INFO] Executing tasks
[INFO]      [move] Moving 2 files to /home/gabsko/breaking-updates/commons-vfs2/target/test-classes/test-data/code
[INFO] Executed tasks
[INFO] 
[INFO] --- animal-sniffer-maven-plugin:1.21:check (checkAPIcompatibility) @ commons-vfs2 ---
[INFO] Checking unresolved references to org.codehaus.mojo.signature:java18:1.0
[INFO] 
[INFO] --- maven-surefire-plugin:3.0.0-M7:test (default-test) @ commons-vfs2 ---
[INFO] Using auto detected provider org.apache.maven.surefire.junitplatform.JUnitPlatformProvider
[INFO] 
[INFO] -------------------------------------------------------
[INFO]  T E S T S
[INFO] -------------------------------------------------------
[INFO] Running org.apache.commons.vfs2.function.VfsConsumerTest
[INFO] Tests run: 1, Failures: 0, Errors: 0, Skipped: 0, Time elapsed: 0.144 s - in org.apache.commons.vfs2.function.VfsConsumerTest
[INFO] Running org.apache.commons.vfs2.operations.BasicOperationsTest
[INFO] Tests run: 4, Failures: 0, Errors: 0, Skipped: 0, Time elapsed: 0.017 s - in org.apache.commons.vfs2.operations.BasicOperationsTest
[INFO] Running org.apache.commons.vfs2.FileTypeSelectorTest
[INFO] Tests run: 3, Failures: 0, Errors: 0, Skipped: 0, Time elapsed: 0.021 s - in org.apache.commons.vfs2.FileTypeSelectorTest
[INFO] Running org.apache.commons.vfs2.FileSystemManagerFactoryTest
[INFO] Tests run: 1, Failures: 0, Errors: 0, Skipped: 0, Time elapsed: 0.013 s - in org.apache.commons.vfs2.FileSystemManagerFactoryTest
[INFO] Running org.apache.commons.vfs2.FileExtensionSelectorTest
[INFO] Tests run: 5, Failures: 0, Errors: 0, Skipped: 0, Time elapsed: 0.01 s - in org.apache.commons.vfs2.FileExtensionSelectorTest
[INFO] Running org.apache.commons.vfs2.impl.StandardFileSystemManagerTest
[INFO] Tests run: 1, Failures: 0, Errors: 0, Skipped: 0, Time elapsed: 0.009 s - in org.apache.commons.vfs2.impl.StandardFileSystemManagerTest
[INFO] Running org.apache.commons.vfs2.impl.DefaultFileMonitorTest
[WARNING] Tests run: 9, Failures: 0, Errors: 0, Skipped: 2, Time elapsed: 10.796 s - in org.apache.commons.vfs2.impl.DefaultFileMonitorTest
[INFO] Running org.apache.commons.vfs2.impl.DefaultFileSystemManagerTest
[WARNING] Tests run: 13, Failures: 0, Errors: 0, Skipped: 1, Time elapsed: 0.371 s - in org.apache.commons.vfs2.impl.DefaultFileSystemManagerTest
[INFO] Running org.apache.commons.vfs2.FileChangeEventTest
[INFO] Tests run: 1, Failures: 0, Errors: 0, Skipped: 0, Time elapsed: 0.001 s - in org.apache.commons.vfs2.FileChangeEventTest
[INFO] Running org.apache.commons.vfs2.FileSystemExceptionTest
[INFO] Tests run: 3, Failures: 0, Errors: 0, Skipped: 0, Time elapsed: 0.003 s - in org.apache.commons.vfs2.FileSystemExceptionTest
[INFO] Running org.apache.commons.vfs2.auth.StaticUserAuthenticatorTest
[INFO] Tests run: 2, Failures: 0, Errors: 0, Skipped: 0, Time elapsed: 0.003 s - in org.apache.commons.vfs2.auth.StaticUserAuthenticatorTest
[INFO] Running org.apache.commons.vfs2.util.FileObjectUtilsTest
[INFO] Tests run: 9, Failures: 0, Errors: 0, Skipped: 0, Time elapsed: 0.007 s - in org.apache.commons.vfs2.util.FileObjectUtilsTest
[INFO] Running org.apache.commons.vfs2.util.EncryptDecryptTest
[INFO] Tests run: 2, Failures: 0, Errors: 0, Skipped: 0, Time elapsed: 0.033 s - in org.apache.commons.vfs2.util.EncryptDecryptTest
[INFO] Running org.apache.commons.vfs2.util.RandomAccessModeTest
[INFO] Tests run: 6, Failures: 0, Errors: 0, Skipped: 0, Time elapsed: 0.004 s - in org.apache.commons.vfs2.util.RandomAccessModeTest
[INFO] Running org.apache.commons.vfs2.util.DelegatingFileSystemOptionsBuilderTest
[INFO] Tests run: 3, Failures: 0, Errors: 0, Skipped: 0, Time elapsed: 0.018 s - in org.apache.commons.vfs2.util.DelegatingFileSystemOptionsBuilderTest
[INFO] Running org.apache.commons.vfs2.FileSystemOptionsTest
[INFO] Tests run: 4, Failures: 0, Errors: 0, Skipped: 0, Time elapsed: 0.003 s - in org.apache.commons.vfs2.FileSystemOptionsTest
[INFO] Running org.apache.commons.vfs2.VFSTest
[INFO] Tests run: 4, Failures: 0, Errors: 0, Skipped: 0, Time elapsed: 0.01 s - in org.apache.commons.vfs2.VFSTest
[INFO] Running org.apache.commons.vfs2.FileObjectEscapeCharacterInPathTest
[INFO] Tests run: 4, Failures: 0, Errors: 0, Skipped: 0, Time elapsed: 0.047 s - in org.apache.commons.vfs2.FileObjectEscapeCharacterInPathTest
[INFO] Running org.apache.commons.vfs2.InvertIncludeFileSelectorTest
[INFO] Tests run: 2, Failures: 0, Errors: 0, Skipped: 0, Time elapsed: 0.003 s - in org.apache.commons.vfs2.InvertIncludeFileSelectorTest
[INFO] Running org.apache.commons.vfs2.FileObjectContentOutputStreamCloseTest
[INFO] Tests run: 1, Failures: 0, Errors: 0, Skipped: 0, Time elapsed: 0.003 s - in org.apache.commons.vfs2.FileObjectContentOutputStreamCloseTest
[INFO] Running org.apache.commons.vfs2.provider.bzip2.Bzip2Test
[INFO] Tests run: 1, Failures: 0, Errors: 0, Skipped: 0, Time elapsed: 0.002 s - in org.apache.commons.vfs2.provider.bzip2.Bzip2Test
[INFO] Running org.apache.commons.vfs2.provider.ram.RamFileRandomAccessContentTest
[INFO] Tests run: 1, Failures: 0, Errors: 0, Skipped: 0, Time elapsed: 0.002 s - in org.apache.commons.vfs2.provider.ram.RamFileRandomAccessContentTest
[INFO] Running org.apache.commons.vfs2.provider.ram.CustomRamProviderTest
[INFO] Tests run: 12, Failures: 0, Errors: 0, Skipped: 0, Time elapsed: 0.017 s - in org.apache.commons.vfs2.provider.ram.CustomRamProviderTest
[INFO] Running org.apache.commons.vfs2.provider.http5.Http5FilesCacheTest
SLF4J: Class path contains multiple SLF4J bindings.
SLF4J: Found binding in [jar:file:/home/gabsko/.m2/repository/org/apache/logging/log4j/log4j-slf4j-impl/2.18.0/log4j-slf4j-impl-2.18.0.jar!/org/slf4j/impl/StaticLoggerBinder.class]
SLF4J: Found binding in [jar:file:/home/gabsko/.m2/repository/org/slf4j/slf4j-reload4j/1.7.36/slf4j-reload4j-1.7.36.jar!/org/slf4j/impl/StaticLoggerBinder.class]
SLF4J: See http://www.slf4j.org/codes.html#multiple_bindings for an explanation.
SLF4J: Actual binding is of type [org.apache.logging.slf4j.Log4jLoggerFactory]
[INFO] Tests run: 1, Failures: 0, Errors: 0, Skipped: 0, Time elapsed: 0.443 s - in org.apache.commons.vfs2.provider.http5.Http5FilesCacheTest
[INFO] Running org.apache.commons.vfs2.provider.http5.Http5GetContentInfoTest
[INFO] Tests run: 2, Failures: 0, Errors: 0, Skipped: 0, Time elapsed: 0.241 s - in org.apache.commons.vfs2.provider.http5.Http5GetContentInfoTest
[INFO] Running org.apache.commons.vfs2.provider.AbstractFileNameTest
[INFO] Tests run: 1, Failures: 0, Errors: 0, Skipped: 0, Time elapsed: 0.001 s - in org.apache.commons.vfs2.provider.AbstractFileNameTest
[INFO] Running org.apache.commons.vfs2.provider.sftp.SftpFileSystemConfigBuilderTest
[INFO] Tests run: 2, Failures: 0, Errors: 0, Skipped: 0, Time elapsed: 0.003 s - in org.apache.commons.vfs2.provider.sftp.SftpFileSystemConfigBuilderTest
[INFO] Running org.apache.commons.vfs2.provider.ftp.FtpFileNameParserTest
[INFO] Tests run: 2, Failures: 0, Errors: 0, Skipped: 0, Time elapsed: 0.002 s - in org.apache.commons.vfs2.provider.ftp.FtpFileNameParserTest
[INFO] Running org.apache.commons.vfs2.provider.ftp.MultipleConnectionTest
[INFO] Tests run: 2, Failures: 0, Errors: 0, Skipped: 0, Time elapsed: 0.216 s - in org.apache.commons.vfs2.provider.ftp.MultipleConnectionTest
[INFO] Running org.apache.commons.vfs2.provider.ftp.FtpFileSystemConfigBuilderTest
[INFO] Tests run: 2, Failures: 0, Errors: 0, Skipped: 0, Time elapsed: 0.002 s - in org.apache.commons.vfs2.provider.ftp.FtpFileSystemConfigBuilderTest
[INFO] Running org.apache.commons.vfs2.provider.UriParserTest
[INFO] Tests run: 8, Failures: 0, Errors: 0, Skipped: 0, Time elapsed: 0.005 s - in org.apache.commons.vfs2.provider.UriParserTest
[INFO] Running org.apache.commons.vfs2.provider.http.HttpGetContentInfoFunctionalTest
[INFO] Tests run: 1, Failures: 0, Errors: 0, Skipped: 0, Time elapsed: 0.081 s - in org.apache.commons.vfs2.provider.http.HttpGetContentInfoFunctionalTest
[INFO] Running org.apache.commons.vfs2.provider.http.HttpFilesCacheTest
[INFO] Tests run: 1, Failures: 0, Errors: 0, Skipped: 0, Time elapsed: 0.002 s - in org.apache.commons.vfs2.provider.http.HttpFilesCacheTest
[INFO] Running org.apache.commons.vfs2.provider.http5s.Http5sGetContentInfoTest
[INFO] Tests run: 2, Failures: 0, Errors: 0, Skipped: 0, Time elapsed: 0.068 s - in org.apache.commons.vfs2.provider.http5s.Http5sGetContentInfoTest
[INFO] Running org.apache.commons.vfs2.provider.http4s.Http4sGetContentInfoTest
[INFO] Tests run: 1, Failures: 0, Errors: 0, Skipped: 0, Time elapsed: 0.006 s - in org.apache.commons.vfs2.provider.http4s.Http4sGetContentInfoTest
[INFO] Running org.apache.commons.vfs2.provider.tar.CreateFileSystemTest
[INFO] Tests run: 3, Failures: 0, Errors: 0, Skipped: 0, Time elapsed: 0.025 s - in org.apache.commons.vfs2.provider.tar.CreateFileSystemTest
[INFO] Running org.apache.commons.vfs2.provider.tar.TarFileSystemTest
[INFO] Tests run: 6, Failures: 0, Errors: 0, Skipped: 0, Time elapsed: 131.108 s - in org.apache.commons.vfs2.provider.tar.TarFileSystemTest
[INFO] Running org.apache.commons.vfs2.provider.tar.LargeTarTest
[INFO] Tests run: 1, Failures: 0, Errors: 0, Skipped: 0, Time elapsed: 5.585 s - in org.apache.commons.vfs2.provider.tar.LargeTarTest
[INFO] Running org.apache.commons.vfs2.provider.tar.TarFileObjectTest
[INFO] Tests run: 3, Failures: 0, Errors: 0, Skipped: 0, Time elapsed: 0.004 s - in org.apache.commons.vfs2.provider.tar.TarFileObjectTest
[INFO] Running org.apache.commons.vfs2.provider.ftps.MultipleConnectionTest
[INFO] Tests run: 2, Failures: 0, Errors: 0, Skipped: 0, Time elapsed: 0.218 s - in org.apache.commons.vfs2.provider.ftps.MultipleConnectionTest
[INFO] Running org.apache.commons.vfs2.provider.hdfs.HdfsFileProviderTest
[INFO] Tests run: 13, Failures: 0, Errors: 0, Skipped: 0, Time elapsed: 2.878 s - in org.apache.commons.vfs2.provider.hdfs.HdfsFileProviderTest
[INFO] Running org.apache.commons.vfs2.provider.url.UrlFileNameParserTest
[INFO] Tests run: 3, Failures: 0, Errors: 0, Skipped: 0, Time elapsed: 0.002 s - in org.apache.commons.vfs2.provider.url.UrlFileNameParserTest
[INFO] Running org.apache.commons.vfs2.provider.jar.JarAttributesTest
[INFO] Tests run: 2, Failures: 0, Errors: 0, Skipped: 0, Time elapsed: 0.004 s - in org.apache.commons.vfs2.provider.jar.JarAttributesTest
[INFO] Running org.apache.commons.vfs2.provider.test.GenericFileNameTest
[INFO] Tests run: 2, Failures: 0, Errors: 0, Skipped: 0, Time elapsed: 0.002 s - in org.apache.commons.vfs2.provider.test.GenericFileNameTest
[INFO] Running org.apache.commons.vfs2.provider.test.FileObjectSortTest
[INFO] Tests run: 5, Failures: 0, Errors: 0, Skipped: 0, Time elapsed: 0.011 s - in org.apache.commons.vfs2.provider.test.FileObjectSortTest
[INFO] Running org.apache.commons.vfs2.provider.res.ResSchemeTest
[INFO] Tests run: 14, Failures: 0, Errors: 0, Skipped: 0, Time elapsed: 0.008 s - in org.apache.commons.vfs2.provider.res.ResSchemeTest
[INFO] Running org.apache.commons.vfs2.provider.zip.ZipFileSystemTest
[INFO] Tests run: 1, Failures: 0, Errors: 0, Skipped: 0, Time elapsed: 43.3 s - in org.apache.commons.vfs2.provider.zip.ZipFileSystemTest
[INFO] Running org.apache.commons.vfs2.provider.zip.FileLockTest
[WARNING] Tests run: 10, Failures: 0, Errors: 0, Skipped: 1, Time elapsed: 0.03 s - in org.apache.commons.vfs2.provider.zip.FileLockTest
[INFO] Running org.apache.commons.vfs2.provider.zip.Jira733Test
[INFO] Tests run: 14, Failures: 0, Errors: 0, Skipped: 0, Time elapsed: 0.104 s - in org.apache.commons.vfs2.provider.zip.Jira733Test
[INFO] Running org.apache.commons.vfs2.provider.zip.ZipFileObjectTest
[WARNING] Tests run: 6, Failures: 0, Errors: 0, Skipped: 1, Time elapsed: 0.005 s - in org.apache.commons.vfs2.provider.zip.ZipFileObjectTest
[INFO] Running org.apache.commons.vfs2.provider.zip.ParseXmlInZipTest
[INFO] Tests run: 7, Failures: 0, Errors: 0, Skipped: 0, Time elapsed: 0.1 s - in org.apache.commons.vfs2.provider.zip.ParseXmlInZipTest
[INFO] Running org.apache.commons.vfs2.provider.https.HttpsGetContentInfoFunctionalTest
[INFO] Tests run: 1, Failures: 0, Errors: 0, Skipped: 0, Time elapsed: 0.021 s - in org.apache.commons.vfs2.provider.https.HttpsGetContentInfoFunctionalTest
[INFO] Running org.apache.commons.vfs2.provider.gzip.GzipTest
[INFO] Tests run: 1, Failures: 0, Errors: 0, Skipped: 0, Time elapsed: 0.002 s - in org.apache.commons.vfs2.provider.gzip.GzipTest
[INFO] Running org.apache.commons.vfs2.provider.http4.Http4FilesCacheTest
[INFO] Tests run: 8, Failures: 0, Errors: 0, Skipped: 0, Time elapsed: 0.009 s - in org.apache.commons.vfs2.provider.http4.Http4FilesCacheTest
[INFO] Running org.apache.commons.vfs2.provider.http4.Http4GetContentInfoTest
[INFO] Tests run: 2, Failures: 0, Errors: 0, Skipped: 0, Time elapsed: 0.026 s - in org.apache.commons.vfs2.provider.http4.Http4GetContentInfoTest
[INFO] Running org.apache.commons.vfs2.provider.DefaultFileContentTest
[INFO] Tests run: 12, Failures: 0, Errors: 0, Skipped: 0, Time elapsed: 0.011 s - in org.apache.commons.vfs2.provider.DefaultFileContentTest
[INFO] Running org.apache.commons.vfs2.provider.local.ConversionTest
[WARNING] Tests run: 2, Failures: 0, Errors: 0, Skipped: 2, Time elapsed: 0 s - in org.apache.commons.vfs2.provider.local.ConversionTest
[INFO] Running org.apache.commons.vfs2.provider.local.LocalFileRandomAccessContentTest
[INFO] Tests run: 1, Failures: 0, Errors: 0, Skipped: 0, Time elapsed: 0.001 s - in org.apache.commons.vfs2.provider.local.LocalFileRandomAccessContentTest
[INFO] Running org.apache.commons.vfs2.FileIteratorTest
[INFO] Tests run: 1, Failures: 0, Errors: 0, Skipped: 0, Time elapsed: 0.002 s - in org.apache.commons.vfs2.FileIteratorTest
[INFO] Running org.apache.commons.vfs2.UserAuthenticationDataTest
[INFO] Tests run: 2, Failures: 0, Errors: 0, Skipped: 0, Time elapsed: 0.001 s - in org.apache.commons.vfs2.UserAuthenticationDataTest
[INFO] Running org.apache.commons.vfs2.PatternFileSelectorTest
[INFO] Tests run: 5, Failures: 0, Errors: 0, Skipped: 0, Time elapsed: 0.004 s - in org.apache.commons.vfs2.PatternFileSelectorTest
[INFO] Running org.apache.commons.vfs2.FileTypeTest
[INFO] Tests run: 5, Failures: 0, Errors: 0, Skipped: 0, Time elapsed: 0.007 s - in org.apache.commons.vfs2.FileTypeTest
[INFO] Running org.apache.commons.vfs2.filter.CanReadFileFilterTest
[INFO] Tests run: 4, Failures: 0, Errors: 0, Skipped: 0, Time elapsed: 0.006 s - in org.apache.commons.vfs2.filter.CanReadFileFilterTest
[INFO] Running org.apache.commons.vfs2.filter.DirectoryAndFileFilterTest
[INFO] Tests run: 3, Failures: 0, Errors: 0, Skipped: 0, Time elapsed: 0.008 s - in org.apache.commons.vfs2.filter.DirectoryAndFileFilterTest
[INFO] Running org.apache.commons.vfs2.filter.OrFileFilterTest
[INFO] Tests run: 6, Failures: 0, Errors: 0, Skipped: 0, Time elapsed: 0.003 s - in org.apache.commons.vfs2.filter.OrFileFilterTest
[INFO] Running org.apache.commons.vfs2.filter.SizeFileFilterTest
[INFO] Tests run: 4, Failures: 0, Errors: 0, Skipped: 0, Time elapsed: 0.005 s - in org.apache.commons.vfs2.filter.SizeFileFilterTest
[INFO] Running org.apache.commons.vfs2.filter.AndFileFilterTest
[INFO] Tests run: 7, Failures: 0, Errors: 0, Skipped: 0, Time elapsed: 0.002 s - in org.apache.commons.vfs2.filter.AndFileFilterTest
[INFO] Running org.apache.commons.vfs2.filter.WildcardFileFilterTest
[INFO] Tests run: 6, Failures: 0, Errors: 0, Skipped: 0, Time elapsed: 0.005 s - in org.apache.commons.vfs2.filter.WildcardFileFilterTest
[INFO] Running org.apache.commons.vfs2.filter.AgeFileFilterTest
[WARNING] Tests run: 7, Failures: 0, Errors: 0, Skipped: 1, Time elapsed: 0.005 s - in org.apache.commons.vfs2.filter.AgeFileFilterTest
[INFO] Running org.apache.commons.vfs2.filter.SuffixFileFilterTest
[INFO] Tests run: 6, Failures: 0, Errors: 0, Skipped: 0, Time elapsed: 0.003 s - in org.apache.commons.vfs2.filter.SuffixFileFilterTest
[INFO] Running org.apache.commons.vfs2.filter.PrefixFileFilterTest
[INFO] Tests run: 6, Failures: 0, Errors: 0, Skipped: 0, Time elapsed: 0.024 s - in org.apache.commons.vfs2.filter.PrefixFileFilterTest
[INFO] Running org.apache.commons.vfs2.filter.EmptyFileFilterTest
[INFO] Tests run: 3, Failures: 0, Errors: 0, Skipped: 0, Time elapsed: 0.004 s - in org.apache.commons.vfs2.filter.EmptyFileFilterTest
[INFO] Running org.apache.commons.vfs2.filter.NameFileFilterTest
[INFO] Tests run: 6, Failures: 0, Errors: 0, Skipped: 0, Time elapsed: 0.003 s - in org.apache.commons.vfs2.filter.NameFileFilterTest
[INFO] Running org.apache.commons.vfs2.filter.CanWriteFileFilterTest
[INFO] Tests run: 3, Failures: 0, Errors: 0, Skipped: 0, Time elapsed: 0.005 s - in org.apache.commons.vfs2.filter.CanWriteFileFilterTest
[INFO] Running org.apache.commons.vfs2.filter.HiddenFileFilterTest
[INFO] Tests run: 3, Failures: 0, Errors: 0, Skipped: 0, Time elapsed: 0.002 s - in org.apache.commons.vfs2.filter.HiddenFileFilterTest
[INFO] Running org.apache.commons.vfs2.filter.RegexFileFilterTest
[INFO] Tests run: 5, Failures: 0, Errors: 0, Skipped: 0, Time elapsed: 0.003 s - in org.apache.commons.vfs2.filter.RegexFileFilterTest
[INFO] Running org.apache.commons.vfs2.filter.SymbolicLinkFileFilterTest
[INFO] Tests run: 0, Failures: 0, Errors: 0, Skipped: 0, Time elapsed: 0.001 s - in org.apache.commons.vfs2.filter.SymbolicLinkFileFilterTest
[INFO] Running org.apache.commons.vfs2.filter.NotFileFilterTest
[INFO] Tests run: 1, Failures: 0, Errors: 0, Skipped: 0, Time elapsed: 0.001 s - in org.apache.commons.vfs2.filter.NotFileFilterTest
[INFO] Running org.apache.commons.vfs2.cache.SoftRefFilesCacheTestCase
[INFO] Tests run: 4, Failures: 0, Errors: 0, Skipped: 0, Time elapsed: 4.283 s - in org.apache.commons.vfs2.cache.SoftRefFilesCacheTestCase
[INFO] Running org.apache.commons.vfs2.cache.WeakRefFilesCacheTestCase
[INFO] Tests run: 4, Failures: 0, Errors: 0, Skipped: 0, Time elapsed: 4.35 s - in org.apache.commons.vfs2.cache.WeakRefFilesCacheTestCase
[INFO] Running org.apache.commons.vfs2.cache.NullFilesCacheTestCase
[INFO] Tests run: 4, Failures: 0, Errors: 0, Skipped: 0, Time elapsed: 4.349 s - in org.apache.commons.vfs2.cache.NullFilesCacheTestCase
[INFO] Running org.apache.commons.vfs2.cache.LRUFilesCacheTestCase
[INFO] Tests run: 4, Failures: 0, Errors: 0, Skipped: 0, Time elapsed: 4.319 s - in org.apache.commons.vfs2.cache.LRUFilesCacheTestCase
[INFO] Running org.apache.commons.vfs2.cache.DefaultFilesCacheTestCase
[INFO] Tests run: 3, Failures: 0, Errors: 0, Skipped: 0, Time elapsed: 4.335 s - in org.apache.commons.vfs2.cache.DefaultFilesCacheTestCase
[INFO] Running org.apache.commons.vfs2.provider.ram.RamProviderTestCase
VfsClassLoaderTests no layered .jar provider, skipping.
[INFO] Tests run: 95, Failures: 0, Errors: 0, Skipped: 0, Time elapsed: 4.505 s - in org.apache.commons.vfs2.provider.ram.RamProviderTestCase
[INFO] Running org.apache.commons.vfs2.provider.http5.Http5ProviderTestCase
VfsClassLoaderTests no layered .jar provider, skipping.
WARNING: An illegal reflective access operation has occurred
WARNING: Illegal reflective access by org.apache.commons.vfs2.AbstractTestSuite (file:/home/gabsko/breaking-updates/commons-vfs2/target/test-classes/) to field java.lang.Thread.target
WARNING: Please consider reporting this to the maintainers of org.apache.commons.vfs2.AbstractTestSuite
WARNING: Use --illegal-access=warn to enable warnings of further illegal reflective access operations
WARNING: All illegal access operations will be denied in a future release
[INFO] Tests run: 100, Failures: 0, Errors: 0, Skipped: 0, Time elapsed: 4.61 s - in org.apache.commons.vfs2.provider.http5.Http5ProviderTestCase
[INFO] Running org.apache.commons.vfs2.provider.sftp.SftpProviderTestCase
VfsClassLoaderTests no layered .jar provider, skipping.
[INFO] Tests run: 99, Failures: 0, Errors: 0, Skipped: 0, Time elapsed: 10.863 s - in org.apache.commons.vfs2.provider.sftp.SftpProviderTestCase
[INFO] Running org.apache.commons.vfs2.provider.sftp.SftpPermissionExceptionTestCase
[INFO] Tests run: 1, Failures: 0, Errors: 0, Skipped: 0, Time elapsed: 5.511 s - in org.apache.commons.vfs2.provider.sftp.SftpPermissionExceptionTestCase
[INFO] Running org.apache.commons.vfs2.provider.sftp.SftpProviderStreamProxyModeTestCase
[INFO] Tests run: 19, Failures: 0, Errors: 0, Skipped: 0, Time elapsed: 7.261 s - in org.apache.commons.vfs2.provider.sftp.SftpProviderStreamProxyModeTestCase
[INFO] Running org.apache.commons.vfs2.provider.sftp.SftpProviderClosedExecChannelTestCase
[INFO] Tests run: 51, Failures: 0, Errors: 0, Skipped: 0, Time elapsed: 6.622 s - in org.apache.commons.vfs2.provider.sftp.SftpProviderClosedExecChannelTestCase
[INFO] Running org.apache.commons.vfs2.provider.ftp.FtpProviderMdtmOnTestCase
Threads still running (3) at 2023-02-01T14:39:58.016405Z, live threads:
	Thread[0]  ID 468, Thread[pool-45-thread-1,5,main],	TIMED_WAITING,	non_daemon,	java.util.concurrent.ThreadPoolExecutor.Worker
	Thread[1]  ID 472, Thread[pool-45-thread-2,5,main],	RUNNABLE,	non_daemon,	java.util.concurrent.ThreadPoolExecutor.Worker
	Thread[2]  ID 473, Thread[pool-45-thread-3,5,main],	TIMED_WAITING,	non_daemon,	java.util.concurrent.ThreadPoolExecutor.Worker
[INFO] Tests run: 6, Failures: 0, Errors: 0, Skipped: 0, Time elapsed: 4.392 s - in org.apache.commons.vfs2.provider.ftp.FtpProviderMdtmOnTestCase
[INFO] Running org.apache.commons.vfs2.provider.ftp.FtpProviderTestCase
VfsClassLoaderTests no layered .jar provider, skipping.
Threads still running (5) at 2023-02-01T14:40:05.133002Z, live threads:
	Thread[0]  ID 475, Thread[pool-48-thread-1,5,main],	TIMED_WAITING,	non_daemon,	java.util.concurrent.ThreadPoolExecutor.Worker
	Thread[1]  ID 479, Thread[NioProcessor-278,5,main],	RUNNABLE,	non_daemon,	java.util.concurrent.ThreadPoolExecutor.Worker
	Thread[2]  ID 480, Thread[NioProcessor-279,5,main],	RUNNABLE,	non_daemon,	java.util.concurrent.ThreadPoolExecutor.Worker
	Thread[3]  ID 481, Thread[NioProcessor-280,5,main],	RUNNABLE,	non_daemon,	java.util.concurrent.ThreadPoolExecutor.Worker
	Thread[4]  ID 482, Thread[NioProcessor-266,5,main],	RUNNABLE,	non_daemon,	java.util.concurrent.ThreadPoolExecutor.Worker
[INFO] Tests run: 95, Failures: 0, Errors: 0, Skipped: 0, Time elapsed: 7.113 s - in org.apache.commons.vfs2.provider.ftp.FtpProviderTestCase
[INFO] Running org.apache.commons.vfs2.provider.ftp.FtpProviderMdtmOnRefreshTestCase
Threads still running (4) at 2023-02-01T14:40:09.587468Z, live threads:
	Thread[0]  ID 489, Thread[pool-51-thread-1,5,main],	TIMED_WAITING,	non_daemon,	java.util.concurrent.ThreadPoolExecutor.Worker
	Thread[1]  ID 493, Thread[NioProcessor-304,5,main],	RUNNABLE,	non_daemon,	java.util.concurrent.ThreadPoolExecutor.Worker
	Thread[2]  ID 494, Thread[NioProcessor-294,5,main],	RUNNABLE,	non_daemon,	java.util.concurrent.ThreadPoolExecutor.Worker
	Thread[3]  ID 495, Thread[pool-51-thread-4,5,main],	TIMED_WAITING,	non_daemon,	java.util.concurrent.ThreadPoolExecutor.Worker
[INFO] Tests run: 6, Failures: 0, Errors: 0, Skipped: 0, Time elapsed: 4.453 s - in org.apache.commons.vfs2.provider.ftp.FtpProviderMdtmOnRefreshTestCase
[INFO] Running org.apache.commons.vfs2.provider.ftp.FtpProviderUserDirTestCase
VfsClassLoaderTests no layered .jar provider, skipping.
Threads still running (6) at 2023-02-01T14:40:16.295457Z, live threads:
	Thread[0]  ID 498, Thread[pool-54-thread-1,5,main],	TIMED_WAITING,	non_daemon,	java.util.concurrent.ThreadPoolExecutor.Worker
	Thread[1]  ID 502, Thread[NioProcessor-344,5,main],	RUNNABLE,	non_daemon,	java.util.concurrent.ThreadPoolExecutor.Worker
	Thread[2]  ID 503, Thread[NioProcessor-345,5,main],	RUNNABLE,	non_daemon,	java.util.concurrent.ThreadPoolExecutor.Worker
	Thread[3]  ID 504, Thread[NioProcessor-346,5,main],	RUNNABLE,	non_daemon,	java.util.concurrent.ThreadPoolExecutor.Worker
	Thread[4]  ID 505, Thread[NioProcessor-336,5,main],	RUNNABLE,	non_daemon,	java.util.concurrent.ThreadPoolExecutor.Worker
	Thread[5]  ID 507, Thread[pool-54-thread-6,5,main],	TIMED_WAITING,	non_daemon,	java.util.concurrent.ThreadPoolExecutor.Worker
[INFO] Tests run: 95, Failures: 0, Errors: 0, Skipped: 0, Time elapsed: 6.707 s - in org.apache.commons.vfs2.provider.ftp.FtpProviderUserDirTestCase
[INFO] Running org.apache.commons.vfs2.provider.ftp.FtpProviderMdtmOffTestCase
Threads still running (1) at 2023-02-01T14:40:20.698444Z, live threads:
	Thread[0]  ID 511, Thread[pool-57-thread-1,5,main],	TIMED_WAITING,	non_daemon,	java.util.concurrent.ThreadPoolExecutor.Worker
[INFO] Tests run: 6, Failures: 0, Errors: 0, Skipped: 0, Time elapsed: 4.402 s - in org.apache.commons.vfs2.provider.ftp.FtpProviderMdtmOffTestCase
[INFO] Running org.apache.commons.vfs2.provider.http.HttpProviderTestCase
VfsClassLoaderTests no layered .jar provider, skipping.
[INFO] Tests run: 100, Failures: 0, Errors: 0, Skipped: 0, Time elapsed: 4.716 s - in org.apache.commons.vfs2.provider.http.HttpProviderTestCase
[INFO] Running org.apache.commons.vfs2.provider.tar.TgzProviderTestCase
VfsClassLoaderTests no layered .jar provider, skipping.
[INFO] Tests run: 95, Failures: 0, Errors: 0, Skipped: 0, Time elapsed: 4.405 s - in org.apache.commons.vfs2.provider.tar.TgzProviderTestCase
[INFO] Running org.apache.commons.vfs2.provider.tar.TarProviderTestCase
VfsClassLoaderTests no layered .jar provider, skipping.
[INFO] Tests run: 95, Failures: 0, Errors: 0, Skipped: 0, Time elapsed: 4.395 s - in org.apache.commons.vfs2.provider.tar.TarProviderTestCase
[INFO] Running org.apache.commons.vfs2.provider.tar.Tbz2ProviderTestCase
VfsClassLoaderTests no layered .jar provider, skipping.
[INFO] Tests run: 95, Failures: 0, Errors: 0, Skipped: 0, Time elapsed: 4.51 s - in org.apache.commons.vfs2.provider.tar.Tbz2ProviderTestCase
[INFO] Running org.apache.commons.vfs2.provider.tar.NestedTbz2TestCase
VfsClassLoaderTests no layered .jar provider, skipping.
[INFO] Tests run: 95, Failures: 0, Errors: 0, Skipped: 0, Time elapsed: 4.537 s - in org.apache.commons.vfs2.provider.tar.NestedTbz2TestCase
[INFO] Running org.apache.commons.vfs2.provider.tar.NestedTgzTestCase
VfsClassLoaderTests no layered .jar provider, skipping.
[INFO] Tests run: 95, Failures: 0, Errors: 0, Skipped: 0, Time elapsed: 4.495 s - in org.apache.commons.vfs2.provider.tar.NestedTgzTestCase
[INFO] Running org.apache.commons.vfs2.provider.tar.NestedTarTestCase
VfsClassLoaderTests no layered .jar provider, skipping.
[INFO] Tests run: 95, Failures: 0, Errors: 0, Skipped: 0, Time elapsed: 4.393 s - in org.apache.commons.vfs2.provider.tar.NestedTarTestCase
[INFO] Running org.apache.commons.vfs2.provider.ftps.FtpsProviderImplicitTestCase
2023-02-01 14:40:55,581 [pool-62-thread-1] ERROR Exception caught, closing session
java.lang.IllegalMonitorStateException: null
	at java.lang.Object.notifyAll(Native Method) ~[?:?]
	at org.apache.mina.filter.ssl.SslHandler.checkStatus(SslHandler.java:542) ~[mina-core-2.1.6.jar:?]
	at org.apache.mina.filter.ssl.SslHandler.messageReceived(SslHandler.java:373) ~[mina-core-2.1.6.jar:?]
	at org.apache.mina.filter.ssl.SslFilter.messageReceived(SslFilter.java:524) ~[mina-core-2.1.6.jar:?]
	at org.apache.mina.core.filterchain.DefaultIoFilterChain.callNextMessageReceived(DefaultIoFilterChain.java:650) ~[mina-core-2.1.6.jar:?]
	at org.apache.mina.core.filterchain.DefaultIoFilterChain.access$1300(DefaultIoFilterChain.java:49) ~[mina-core-2.1.6.jar:?]
	at org.apache.mina.core.filterchain.DefaultIoFilterChain$EntryImpl$1.messageReceived(DefaultIoFilterChain.java:1128) ~[mina-core-2.1.6.jar:?]
	at org.apache.mina.core.filterchain.IoFilterAdapter.messageReceived(IoFilterAdapter.java:122) ~[mina-core-2.1.6.jar:?]
	at org.apache.mina.core.filterchain.DefaultIoFilterChain.callNextMessageReceived(DefaultIoFilterChain.java:650) ~[mina-core-2.1.6.jar:?]
	at org.apache.mina.core.filterchain.DefaultIoFilterChain.fireMessageReceived(DefaultIoFilterChain.java:643) ~[mina-core-2.1.6.jar:?]
	at org.apache.mina.core.polling.AbstractPollingIoProcessor.read(AbstractPollingIoProcessor.java:539) ~[mina-core-2.1.6.jar:?]
	at org.apache.mina.core.polling.AbstractPollingIoProcessor.access$1200(AbstractPollingIoProcessor.java:68) ~[mina-core-2.1.6.jar:?]
	at org.apache.mina.core.polling.AbstractPollingIoProcessor$Processor.process(AbstractPollingIoProcessor.java:1224) ~[mina-core-2.1.6.jar:?]
	at org.apache.mina.core.polling.AbstractPollingIoProcessor$Processor.process(AbstractPollingIoProcessor.java:1213) ~[mina-core-2.1.6.jar:?]
	at org.apache.mina.core.polling.AbstractPollingIoProcessor$Processor.run(AbstractPollingIoProcessor.java:683) ~[mina-core-2.1.6.jar:?]
	at org.apache.mina.util.NamePreservingRunnable.run(NamePreservingRunnable.java:64) ~[mina-core-2.1.6.jar:?]
	at java.util.concurrent.ThreadPoolExecutor.runWorker(ThreadPoolExecutor.java:1128) ~[?:?]
	at java.util.concurrent.ThreadPoolExecutor$Worker.run(ThreadPoolExecutor.java:628) ~[?:?]
	at java.lang.Thread.run(Thread.java:829) ~[?:?]
VfsClassLoaderTests no layered .jar provider, skipping.
Threads still running (5) at 2023-02-01T14:41:00.742188Z, live threads:
	Thread[0]  ID 567, Thread[pool-60-thread-1,5,main],	TIMED_WAITING,	non_daemon,	java.util.concurrent.ThreadPoolExecutor.Worker
	Thread[1]  ID 571, Thread[pool-60-thread-2,5,main],	TIMED_WAITING,	non_daemon,	java.util.concurrent.ThreadPoolExecutor.Worker
	Thread[2]  ID 572, Thread[NioProcessor-408,5,main],	RUNNABLE,	non_daemon,	java.util.concurrent.ThreadPoolExecutor.Worker
	Thread[3]  ID 573, Thread[pool-60-thread-4,5,main],	TIMED_WAITING,	non_daemon,	java.util.concurrent.ThreadPoolExecutor.Worker
	Thread[4]  ID 574, Thread[pool-60-thread-5,5,main],	TIMED_WAITING,	non_daemon,	java.util.concurrent.ThreadPoolExecutor.Worker
[INFO] Tests run: 95, Failures: 0, Errors: 0, Skipped: 0, Time elapsed: 8.58 s - in org.apache.commons.vfs2.provider.ftps.FtpsProviderImplicitTestCase
[INFO] Running org.apache.commons.vfs2.provider.ftps.FtpsProviderExplicitTestCase
2023-02-01 14:41:11,039 [pool-65-thread-2] ERROR Exception caught, closing session
java.lang.IllegalMonitorStateException: null
	at java.lang.Object.notifyAll(Native Method) ~[?:?]
	at org.apache.mina.filter.ssl.SslHandler.checkStatus(SslHandler.java:542) ~[mina-core-2.1.6.jar:?]
	at org.apache.mina.filter.ssl.SslHandler.messageReceived(SslHandler.java:373) ~[mina-core-2.1.6.jar:?]
	at org.apache.mina.filter.ssl.SslFilter.messageReceived(SslFilter.java:524) ~[mina-core-2.1.6.jar:?]
	at org.apache.mina.core.filterchain.DefaultIoFilterChain.callNextMessageReceived(DefaultIoFilterChain.java:650) ~[mina-core-2.1.6.jar:?]
	at org.apache.mina.core.filterchain.DefaultIoFilterChain.access$1300(DefaultIoFilterChain.java:49) ~[mina-core-2.1.6.jar:?]
	at org.apache.mina.core.filterchain.DefaultIoFilterChain$EntryImpl$1.messageReceived(DefaultIoFilterChain.java:1128) ~[mina-core-2.1.6.jar:?]
	at org.apache.mina.core.filterchain.IoFilterAdapter.messageReceived(IoFilterAdapter.java:122) ~[mina-core-2.1.6.jar:?]
	at org.apache.mina.core.filterchain.DefaultIoFilterChain.callNextMessageReceived(DefaultIoFilterChain.java:650) ~[mina-core-2.1.6.jar:?]
	at org.apache.mina.core.filterchain.DefaultIoFilterChain.fireMessageReceived(DefaultIoFilterChain.java:643) ~[mina-core-2.1.6.jar:?]
	at org.apache.mina.core.polling.AbstractPollingIoProcessor.read(AbstractPollingIoProcessor.java:539) ~[mina-core-2.1.6.jar:?]
	at org.apache.mina.core.polling.AbstractPollingIoProcessor.access$1200(AbstractPollingIoProcessor.java:68) ~[mina-core-2.1.6.jar:?]
	at org.apache.mina.core.polling.AbstractPollingIoProcessor$Processor.process(AbstractPollingIoProcessor.java:1224) ~[mina-core-2.1.6.jar:?]
	at org.apache.mina.core.polling.AbstractPollingIoProcessor$Processor.process(AbstractPollingIoProcessor.java:1213) ~[mina-core-2.1.6.jar:?]
	at org.apache.mina.core.polling.AbstractPollingIoProcessor$Processor.run(AbstractPollingIoProcessor.java:683) ~[mina-core-2.1.6.jar:?]
	at org.apache.mina.util.NamePreservingRunnable.run(NamePreservingRunnable.java:64) ~[mina-core-2.1.6.jar:?]
	at java.util.concurrent.ThreadPoolExecutor.runWorker(ThreadPoolExecutor.java:1128) ~[?:?]
	at java.util.concurrent.ThreadPoolExecutor$Worker.run(ThreadPoolExecutor.java:628) ~[?:?]
	at java.lang.Thread.run(Thread.java:829) ~[?:?]
2023-02-01 14:41:11,126 [pool-65-thread-3] ERROR Exception caught, closing session
java.lang.IllegalMonitorStateException: null
	at java.lang.Object.notifyAll(Native Method) ~[?:?]
	at org.apache.mina.filter.ssl.SslHandler.checkStatus(SslHandler.java:542) ~[mina-core-2.1.6.jar:?]
	at org.apache.mina.filter.ssl.SslHandler.messageReceived(SslHandler.java:373) ~[mina-core-2.1.6.jar:?]
	at org.apache.mina.filter.ssl.SslFilter.messageReceived(SslFilter.java:524) ~[mina-core-2.1.6.jar:?]
	at org.apache.mina.core.filterchain.DefaultIoFilterChain.callNextMessageReceived(DefaultIoFilterChain.java:650) ~[mina-core-2.1.6.jar:?]
	at org.apache.mina.core.filterchain.DefaultIoFilterChain.access$1300(DefaultIoFilterChain.java:49) ~[mina-core-2.1.6.jar:?]
	at org.apache.mina.core.filterchain.DefaultIoFilterChain$EntryImpl$1.messageReceived(DefaultIoFilterChain.java:1128) ~[mina-core-2.1.6.jar:?]
	at org.apache.mina.core.filterchain.IoFilterAdapter.messageReceived(IoFilterAdapter.java:122) ~[mina-core-2.1.6.jar:?]
	at org.apache.mina.core.filterchain.DefaultIoFilterChain.callNextMessageReceived(DefaultIoFilterChain.java:650) ~[mina-core-2.1.6.jar:?]
	at org.apache.mina.core.filterchain.DefaultIoFilterChain.fireMessageReceived(DefaultIoFilterChain.java:643) ~[mina-core-2.1.6.jar:?]
	at org.apache.mina.core.polling.AbstractPollingIoProcessor.read(AbstractPollingIoProcessor.java:539) ~[mina-core-2.1.6.jar:?]
	at org.apache.mina.core.polling.AbstractPollingIoProcessor.access$1200(AbstractPollingIoProcessor.java:68) ~[mina-core-2.1.6.jar:?]
	at org.apache.mina.core.polling.AbstractPollingIoProcessor$Processor.process(AbstractPollingIoProcessor.java:1224) ~[mina-core-2.1.6.jar:?]
	at org.apache.mina.core.polling.AbstractPollingIoProcessor$Processor.process(AbstractPollingIoProcessor.java:1213) ~[mina-core-2.1.6.jar:?]
	at org.apache.mina.core.polling.AbstractPollingIoProcessor$Processor.run(AbstractPollingIoProcessor.java:683) ~[mina-core-2.1.6.jar:?]
	at org.apache.mina.util.NamePreservingRunnable.run(NamePreservingRunnable.java:64) ~[mina-core-2.1.6.jar:?]
	at java.util.concurrent.ThreadPoolExecutor.runWorker(ThreadPoolExecutor.java:1128) ~[?:?]
	at java.util.concurrent.ThreadPoolExecutor$Worker.run(ThreadPoolExecutor.java:628) ~[?:?]
	at java.lang.Thread.run(Thread.java:829) ~[?:?]
VfsClassLoaderTests no layered .jar provider, skipping.
Threads still running (5) at 2023-02-01T14:41:18.995711Z, live threads:
	Thread[0]  ID 579, Thread[pool-63-thread-1,5,main],	TIMED_WAITING,	non_daemon,	java.util.concurrent.ThreadPoolExecutor.Worker
	Thread[1]  ID 583, Thread[NioProcessor-469,5,main],	RUNNABLE,	non_daemon,	java.util.concurrent.ThreadPoolExecutor.Worker
	Thread[2]  ID 584, Thread[pool-63-thread-3,5,main],	TIMED_WAITING,	non_daemon,	java.util.concurrent.ThreadPoolExecutor.Worker
	Thread[3]  ID 585, Thread[pool-63-thread-4,5,main],	TIMED_WAITING,	non_daemon,	java.util.concurrent.ThreadPoolExecutor.Worker
	Thread[4]  ID 586, Thread[pool-63-thread-5,5,main],	TIMED_WAITING,	non_daemon,	java.util.concurrent.ThreadPoolExecutor.Worker
[INFO] Tests run: 95, Failures: 0, Errors: 0, Skipped: 0, Time elapsed: 18.251 s - in org.apache.commons.vfs2.provider.ftps.FtpsProviderExplicitTestCase
[INFO] Running org.apache.commons.vfs2.provider.hdfs.HdfsFileProviderTestCase
VfsClassLoaderTests no layered .jar provider, skipping.
Threads still running (3) at 2023-02-01T14:42:13.197996Z, live threads:
	Thread[0]  ID 1176, Thread[org.apache.hadoop.hdfs.PeerCache@3100b5cf,5,main],	TIMED_WAITING,	daemon,	null
	Thread[1]  ID 1209, Thread[Async disk worker #0 for volume /home/gabsko/breaking-updates/commons-vfs2/target/test/hdfstestcasedata/dfs/data/data1,5,FsDatasetAsyncDiskService],	TIMED_WAITING,	daemon,	java.util.concurrent.ThreadPoolExecutor.Worker
	Thread[2]  ID 1210, Thread[Async disk worker #0 for volume /home/gabsko/breaking-updates/commons-vfs2/target/test/hdfstestcasedata/dfs/data/data2,5,FsDatasetAsyncDiskService],	TIMED_WAITING,	daemon,	java.util.concurrent.ThreadPoolExecutor.Worker
[INFO] Tests run: 95, Failures: 0, Errors: 0, Skipped: 0, Time elapsed: 54.2 s - in org.apache.commons.vfs2.provider.hdfs.HdfsFileProviderTestCase
[INFO] Running org.apache.commons.vfs2.provider.url.UrlHttpProviderTestCase
VfsClassLoaderTests no layered .jar provider, skipping.
[INFO] Tests run: 95, Failures: 0, Errors: 0, Skipped: 0, Time elapsed: 4.494 s - in org.apache.commons.vfs2.provider.url.UrlHttpProviderTestCase
[INFO] Running org.apache.commons.vfs2.provider.url.UrlProviderTestCase
VfsClassLoaderTests no local file provider, skipping.
VfsClassLoaderTests no local file provider, skipping.
[INFO] Tests run: 95, Failures: 0, Errors: 0, Skipped: 0, Time elapsed: 4.445 s - in org.apache.commons.vfs2.provider.url.UrlProviderTestCase
[INFO] Running org.apache.commons.vfs2.provider.url.UrlProviderHttpTestCase
VfsClassLoaderTests no layered .jar provider, skipping.
Threads still running (20) at 2023-02-01T14:42:26.750796Z, live threads:
	Thread[0]  ID 152, Thread[org.apache.hadoop.hdfs.server.datanode.DataXceiverServer@433b546f,5,dataXceiverServer],	RUNNABLE,	daemon,	org.apache.hadoop.hdfs.server.datanode.DataXceiverServer
	Thread[1]  ID 658, Thread[org.apache.hadoop.hdfs.server.datanode.DataXceiverServer@1dcc0bb8,5,dataXceiverServer],	RUNNABLE,	daemon,	org.apache.hadoop.hdfs.server.datanode.DataXceiverServer
	Thread[2]  ID 1209, Thread[Async disk worker #0 for volume /home/gabsko/breaking-updates/commons-vfs2/target/test/hdfstestcasedata/dfs/data/data1,5,FsDatasetAsyncDiskService],	TIMED_WAITING,	daemon,	java.util.concurrent.ThreadPoolExecutor.Worker
	Thread[3]  ID 1210, Thread[Async disk worker #0 for volume /home/gabsko/breaking-updates/commons-vfs2/target/test/hdfstestcasedata/dfs/data/data2,5,FsDatasetAsyncDiskService],	TIMED_WAITING,	daemon,	java.util.concurrent.ThreadPoolExecutor.Worker
	Thread[4]  ID 22, Thread[Common-Cleaner,8,InnocuousThreadGroup],	TIMED_WAITING,	daemon,	jdk.internal.ref.CleanerImpl
	Thread[5]  ID 1356, Thread[Keep-Alive-Timer,8,InnocuousThreadGroup],	TIMED_WAITING,	daemon,	sun.net.www.http.KeepAliveCache
[INFO] Tests run: 95, Failures: 0, Errors: 0, Skipped: 0, Time elapsed: 4.607 s - in org.apache.commons.vfs2.provider.url.UrlProviderHttpTestCase
[INFO] Running org.apache.commons.vfs2.provider.jar.JarProviderTestCase
VfsClassLoaderTests no layered .jar provider, skipping.
[INFO] Tests run: 95, Failures: 0, Errors: 0, Skipped: 0, Time elapsed: 4.478 s - in org.apache.commons.vfs2.provider.jar.JarProviderTestCase
[INFO] Running org.apache.commons.vfs2.provider.jar.NestedJarTestCase
[INFO] Tests run: 95, Failures: 0, Errors: 0, Skipped: 0, Time elapsed: 4.391 s - in org.apache.commons.vfs2.provider.jar.NestedJarTestCase
[INFO] Running org.apache.commons.vfs2.provider.test.VirtualProviderTestCase
[INFO] Tests run: 97, Failures: 0, Errors: 0, Skipped: 0, Time elapsed: 4.421 s - in org.apache.commons.vfs2.provider.test.VirtualProviderTestCase
[INFO] Running org.apache.commons.vfs2.provider.res.ResourceProviderTestCase
VfsClassLoaderTests no local file provider, skipping.
VfsClassLoaderTests no local file provider, skipping.
[INFO] Tests run: 95, Failures: 0, Errors: 0, Skipped: 0, Time elapsed: 4.464 s - in org.apache.commons.vfs2.provider.res.ResourceProviderTestCase
[INFO] Running org.apache.commons.vfs2.provider.res.Vfs444TestCase
VfsClassLoaderTests no layered .jar provider, skipping.
[INFO] Tests run: 103, Failures: 0, Errors: 0, Skipped: 0, Time elapsed: 4.47 s - in org.apache.commons.vfs2.provider.res.Vfs444TestCase
[INFO] Running org.apache.commons.vfs2.provider.zip.ZipProviderTestCase
VfsClassLoaderTests no layered .jar provider, skipping.
[INFO] Tests run: 95, Failures: 0, Errors: 0, Skipped: 0, Time elapsed: 4.473 s - in org.apache.commons.vfs2.provider.zip.ZipProviderTestCase
[INFO] Running org.apache.commons.vfs2.provider.zip.ZipProviderWithCharsetNullTestCase
VfsClassLoaderTests no layered .jar provider, skipping.
[INFO] Tests run: 95, Failures: 0, Errors: 0, Skipped: 0, Time elapsed: 4.524 s - in org.apache.commons.vfs2.provider.zip.ZipProviderWithCharsetNullTestCase
[INFO] Running org.apache.commons.vfs2.provider.zip.ZipProviderWithCharsetTestCase
VfsClassLoaderTests no layered .jar provider, skipping.
[INFO] Tests run: 95, Failures: 0, Errors: 0, Skipped: 0, Time elapsed: 4.454 s - in org.apache.commons.vfs2.provider.zip.ZipProviderWithCharsetTestCase
[INFO] Running org.apache.commons.vfs2.provider.zip.NestedZipTestCase
VfsClassLoaderTests no layered .jar provider, skipping.
[INFO] Tests run: 95, Failures: 0, Errors: 0, Skipped: 0, Time elapsed: 4.441 s - in org.apache.commons.vfs2.provider.zip.NestedZipTestCase
[INFO] Running org.apache.commons.vfs2.provider.temp.TemporaryProviderTestCase
VfsClassLoaderTests no layered .jar provider, skipping.
[INFO] Tests run: 95, Failures: 0, Errors: 0, Skipped: 0, Time elapsed: 4.482 s - in org.apache.commons.vfs2.provider.temp.TemporaryProviderTestCase
[INFO] Running org.apache.commons.vfs2.provider.http4.Http4ProviderTestCase
VfsClassLoaderTests no layered .jar provider, skipping.
Threads still running (22) at 2023-02-01T14:43:15.832965Z, live threads:
	Thread[1]  ID 152, Thread[org.apache.hadoop.hdfs.server.datanode.DataXceiverServer@433b546f,5,dataXceiverServer],	RUNNABLE,	daemon,	org.apache.hadoop.hdfs.server.datanode.DataXceiverServer
	Thread[2]  ID 658, Thread[org.apache.hadoop.hdfs.server.datanode.DataXceiverServer@1dcc0bb8,5,dataXceiverServer],	RUNNABLE,	daemon,	org.apache.hadoop.hdfs.server.datanode.DataXceiverServer
	Thread[3]  ID 22, Thread[Common-Cleaner,8,InnocuousThreadGroup],	TIMED_WAITING,	daemon,	jdk.internal.ref.CleanerImpl
[INFO] Tests run: 100, Failures: 0, Errors: 0, Skipped: 0, Time elapsed: 4.47 s - in org.apache.commons.vfs2.provider.http4.Http4ProviderTestCase
[INFO] Running org.apache.commons.vfs2.provider.local.LocalProviderTestCase
VfsClassLoaderTests no layered .jar provider, skipping.
[INFO] Tests run: 101, Failures: 0, Errors: 0, Skipped: 0, Time elapsed: 4.406 s - in org.apache.commons.vfs2.provider.local.LocalProviderTestCase
[INFO] 
[INFO] Results:
[INFO] 
[WARNING] Tests run: 3312, Failures: 0, Errors: 0, Skipped: 8
[INFO] 
[INFO] 
[INFO] ------------< org.apache.commons:commons-vfs2-jackrabbit1 >-------------
[INFO] Building Apache Commons VFS Jackrabbit 1 2.10.0-SNAPSHOT           [3/6]
[INFO] --------------------------------[ jar ]---------------------------------
[INFO] 
[INFO] --- maven-clean-plugin:3.1.0:clean (default-clean) @ commons-vfs2-jackrabbit1 ---
[INFO] Deleting /home/gabsko/breaking-updates/commons-vfs2-jackrabbit1/target
[INFO] 
[INFO] --- maven-enforcer-plugin:3.0.0:enforce (enforce-maven-version) @ commons-vfs2-jackrabbit1 ---
[INFO] 
[INFO] --- maven-enforcer-plugin:3.0.0:enforce (enforce-java-version) @ commons-vfs2-jackrabbit1 ---
[INFO] 
[INFO] --- maven-enforcer-plugin:3.0.0:enforce (enforce-output-timestamp-property) @ commons-vfs2-jackrabbit1 ---
[INFO] 
[INFO] --- maven-enforcer-plugin:3.0.0:enforce (enforce-maven-3) @ commons-vfs2-jackrabbit1 ---
[INFO] 
[INFO] --- apache-rat-plugin:0.13:check (rat-check) @ commons-vfs2-jackrabbit1 ---
[INFO] Enabled default license matchers.
[INFO] Will parse SCM ignores for exclusions...
[INFO] Parsing exclusions from /home/gabsko/breaking-updates/commons-vfs2-jackrabbit1/.gitignore
[INFO] Finished adding exclusions from SCM ignore files.
[INFO] 65 implicit excludes (use -debug for more details).
[INFO] 17 explicit excludes (use -debug for more details).
[INFO] 39 resources included (use -debug for more details)
[INFO] Rat check: Summary over all files. Unapproved: 0, unknown: 0, generated: 0, approved: 31 licenses.
[INFO] 
[INFO] --- build-helper-maven-plugin:3.2.0:parse-version (parse-version) @ commons-vfs2-jackrabbit1 ---
[INFO] 
[INFO] --- maven-antrun-plugin:3.0.0:run (javadoc.resources) @ commons-vfs2-jackrabbit1 ---
[INFO] Executing tasks
[INFO]      [copy] Copying 2 files to /home/gabsko/breaking-updates/commons-vfs2-jackrabbit1/target/apidocs/META-INF
[INFO] Executed tasks
[INFO] 
[INFO] --- maven-antrun-plugin:3.0.0:run (vfs-jar-manifest) @ commons-vfs2-jackrabbit1 ---
[INFO] Executing tasks
[INFO]     [mkdir] Created dir: /home/gabsko/breaking-updates/commons-vfs2-jackrabbit1/target/osgi
[INFO]     [touch] Creating /home/gabsko/breaking-updates/commons-vfs2-jackrabbit1/target/osgi/MANIFEST.MF
[INFO] Executed tasks
[INFO] 
[INFO] --- maven-remote-resources-plugin:1.7.0:process (process-resource-bundles) @ commons-vfs2-jackrabbit1 ---
[INFO] Skipping remote resources execution.
[INFO] 
[INFO] --- buildnumber-maven-plugin:3.0.0:create (default) @ commons-vfs2-jackrabbit1 ---
[INFO] Executing: /bin/sh -c cd '/home/gabsko/breaking-updates/commons-vfs2-jackrabbit1' && 'git' 'rev-parse' '--verify' 'HEAD'
[INFO] Working directory: /home/gabsko/breaking-updates/commons-vfs2-jackrabbit1
[INFO] Storing buildNumber: null at timestamp: 1675262600758
[INFO] Storing buildScmBranch: branch-apache/commons-vfs-53ade1d7248cfa783d83023ffa536b0d6e91e7c4
[INFO] 
[INFO] --- maven-resources-plugin:3.2.0:resources (default-resources) @ commons-vfs2-jackrabbit1 ---
[INFO] Using 'UTF-8' encoding to copy filtered resources.
[INFO] Using 'UTF-8' encoding to copy filtered properties files.
[INFO] skip non existing resourceDirectory /home/gabsko/breaking-updates/commons-vfs2-jackrabbit1/src/main/resources
[INFO] Copying 2 resources to META-INF
[INFO] 
[INFO] --- maven-compiler-plugin:3.10.1:compile (default-compile) @ commons-vfs2-jackrabbit1 ---
[INFO] Changes detected - recompiling the module!
[INFO] Compiling 9 source files to /home/gabsko/breaking-updates/commons-vfs2-jackrabbit1/target/classes
[INFO] /home/gabsko/breaking-updates/commons-vfs2-jackrabbit1/src/main/java/org/apache/commons/vfs2/provider/webdav/WebdavFileObject.java: Some input files use or override a deprecated API.
[INFO] /home/gabsko/breaking-updates/commons-vfs2-jackrabbit1/src/main/java/org/apache/commons/vfs2/provider/webdav/WebdavFileObject.java: Recompile with -Xlint:deprecation for details.
[INFO] 
[INFO] --- maven-bundle-plugin:5.1.2:manifest (bundle-manifest) @ commons-vfs2-jackrabbit1 ---
[INFO] 
[INFO] --- maven-resources-plugin:3.2.0:testResources (default-testResources) @ commons-vfs2-jackrabbit1 ---
[INFO] Using 'UTF-8' encoding to copy filtered resources.
[INFO] Using 'UTF-8' encoding to copy filtered properties files.
[INFO] Copying 48 resources
[INFO] Copying 2 resources to META-INF
[INFO] 
[INFO] --- maven-compiler-plugin:3.10.1:testCompile (default-testCompile) @ commons-vfs2-jackrabbit1 ---
[INFO] Changes detected - recompiling the module!
[INFO] Compiling 7 source files to /home/gabsko/breaking-updates/commons-vfs2-jackrabbit1/target/test-classes
[INFO] /home/gabsko/breaking-updates/commons-vfs2-jackrabbit1/src/test/java/org/apache/commons/vfs2/provider/webdav/test/WebdavVersioningTests.java: /home/gabsko/breaking-updates/commons-vfs2-jackrabbit1/src/test/java/org/apache/commons/vfs2/provider/webdav/test/WebdavVersioningTests.java uses or overrides a deprecated API.
[INFO] /home/gabsko/breaking-updates/commons-vfs2-jackrabbit1/src/test/java/org/apache/commons/vfs2/provider/webdav/test/WebdavVersioningTests.java: Recompile with -Xlint:deprecation for details.
[INFO] 
[INFO] --- maven-antrun-plugin:3.0.0:run (default) @ commons-vfs2-jackrabbit1 ---
[INFO] Executing tasks
[INFO]      [move] Moving 2 files to /home/gabsko/breaking-updates/commons-vfs2-jackrabbit1/target/test-classes/test-data/code
[INFO] Executed tasks
[INFO] 
[INFO] --- animal-sniffer-maven-plugin:1.21:check (checkAPIcompatibility) @ commons-vfs2-jackrabbit1 ---
[INFO] Checking unresolved references to org.codehaus.mojo.signature:java18:1.0
[INFO] 
[INFO] --- maven-surefire-plugin:3.0.0-M7:test (default-test) @ commons-vfs2-jackrabbit1 ---
[INFO] Using auto detected provider org.apache.maven.surefire.junitplatform.JUnitPlatformProvider
[INFO] 
[INFO] -------------------------------------------------------
[INFO]  T E S T S
[INFO] -------------------------------------------------------
[INFO] Running org.apache.commons.vfs2.provider.webdav.test.WebdavProviderTestCase
SLF4J: Class path contains multiple SLF4J bindings.
SLF4J: Found binding in [jar:file:/home/gabsko/.m2/repository/org/slf4j/slf4j-log4j12/1.5.11/slf4j-log4j12-1.5.11.jar!/org/slf4j/impl/StaticLoggerBinder.class]
SLF4J: Found binding in [jar:file:/home/gabsko/.m2/repository/org/apache/jackrabbit/jackrabbit-standalone/1.6.5/jackrabbit-standalone-1.6.5.jar!/org/slf4j/impl/StaticLoggerBinder.class]
SLF4J: See http://www.slf4j.org/codes.html#multiple_bindings for an explanation.
SLF4J: Actual binding is of type [org.slf4j.impl.Log4jLoggerFactory]
SLF4J: The requested version 1.5.11 by your slf4j binding is not compatible with [1.6, 1.7]
SLF4J: See http://www.slf4j.org/codes.html#version_mismatch for further details.
2023-02-01 14:43:36,942 [main] ERROR unavailable
java.lang.ClassCastException: class jdk.internal.loader.ClassLoaders$AppClassLoader cannot be cast to class java.net.URLClassLoader (jdk.internal.loader.ClassLoaders$AppClassLoader and java.net.URLClassLoader are in module java.base of loader 'bootstrap')
	at org.apache.jasper.compiler.JspRuntimeContext.<init>(JspRuntimeContext.java:174)
	at org.apache.jasper.servlet.JspServlet.init(JspServlet.java:150)
	at org.mortbay.jetty.servlet.ServletHolder.initServlet(ServletHolder.java:431)
	at org.mortbay.jetty.servlet.ServletHolder.doStart(ServletHolder.java:263)
	at org.mortbay.component.AbstractLifeCycle.start(AbstractLifeCycle.java:50)
	at org.mortbay.jetty.servlet.ServletHandler.initialize(ServletHandler.java:643)
	at org.mortbay.jetty.servlet.Context.startContext(Context.java:140)
	at org.mortbay.jetty.webapp.WebAppContext.startContext(WebAppContext.java:1234)
	at org.mortbay.jetty.handler.ContextHandler.doStart(ContextHandler.java:517)
	at org.mortbay.jetty.webapp.WebAppContext.doStart(WebAppContext.java:460)
	at org.mortbay.component.AbstractLifeCycle.start(AbstractLifeCycle.java:50)
	at org.mortbay.jetty.handler.HandlerWrapper.doStart(HandlerWrapper.java:130)
	at org.mortbay.jetty.handler.RequestLogHandler.doStart(RequestLogHandler.java:115)
	at org.mortbay.component.AbstractLifeCycle.start(AbstractLifeCycle.java:50)
	at org.mortbay.jetty.handler.HandlerWrapper.doStart(HandlerWrapper.java:130)
	at org.mortbay.jetty.Server.doStart(Server.java:222)
	at org.mortbay.component.AbstractLifeCycle.start(AbstractLifeCycle.java:50)
	at org.apache.commons.vfs2.provider.webdav.test.JackrabbitMain.run(JackrabbitMain.java:229)
	at org.apache.commons.vfs2.provider.webdav.test.WebdavProviderTestCase.startJackrabbit(WebdavProviderTestCase.java:239)
	at org.apache.commons.vfs2.provider.webdav.test.WebdavProviderTestCase.setUpClass(WebdavProviderTestCase.java:218)
	at org.apache.commons.vfs2.provider.webdav.test.WebdavProviderTestCase.access$100(WebdavProviderTestCase.java:55)
	at org.apache.commons.vfs2.provider.webdav.test.WebdavProviderTestCase$1.setUp(WebdavProviderTestCase.java:247)
	at org.apache.commons.vfs2.AbstractTestSuite.lambda$run$0(AbstractTestSuite.java:234)
	at junit.framework.TestResult.runProtected(TestResult.java:142)
	at org.apache.commons.vfs2.AbstractTestSuite.run(AbstractTestSuite.java:239)
	at org.junit.internal.runners.JUnit38ClassRunner.run(JUnit38ClassRunner.java:90)
	at org.junit.runner.JUnitCore.run(JUnitCore.java:137)
	at org.junit.runner.JUnitCore.run(JUnitCore.java:115)
	at org.junit.vintage.engine.execution.RunnerExecutor.execute(RunnerExecutor.java:42)
	at org.junit.vintage.engine.VintageTestEngine.executeAllChildren(VintageTestEngine.java:80)
	at org.junit.vintage.engine.VintageTestEngine.execute(VintageTestEngine.java:72)
	at org.junit.platform.launcher.core.EngineExecutionOrchestrator.execute(EngineExecutionOrchestrator.java:107)
	at org.junit.platform.launcher.core.EngineExecutionOrchestrator.execute(EngineExecutionOrchestrator.java:88)
	at org.junit.platform.launcher.core.EngineExecutionOrchestrator.lambda$execute$0(EngineExecutionOrchestrator.java:54)
	at org.junit.platform.launcher.core.EngineExecutionOrchestrator.withInterceptedStreams(EngineExecutionOrchestrator.java:67)
	at org.junit.platform.launcher.core.EngineExecutionOrchestrator.execute(EngineExecutionOrchestrator.java:52)
	at org.junit.platform.launcher.core.DefaultLauncher.execute(DefaultLauncher.java:114)
	at org.junit.platform.launcher.core.DefaultLauncher.execute(DefaultLauncher.java:86)
	at org.junit.platform.launcher.core.DefaultLauncherSession$DelegatingLauncher.execute(DefaultLauncherSession.java:86)
	at org.apache.maven.surefire.junitplatform.LazyLauncher.execute(LazyLauncher.java:55)
	at org.apache.maven.surefire.junitplatform.JUnitPlatformProvider.execute(JUnitPlatformProvider.java:223)
	at org.apache.maven.surefire.junitplatform.JUnitPlatformProvider.invokeAllTests(JUnitPlatformProvider.java:175)
	at org.apache.maven.surefire.junitplatform.JUnitPlatformProvider.invoke(JUnitPlatformProvider.java:139)
	at org.apache.maven.surefire.booter.ForkedBooter.runSuitesInProcess(ForkedBooter.java:456)
	at org.apache.maven.surefire.booter.ForkedBooter.execute(ForkedBooter.java:169)
	at org.apache.maven.surefire.booter.ForkedBooter.run(ForkedBooter.java:595)
	at org.apache.maven.surefire.booter.ForkedBooter.main(ForkedBooter.java:581)
VfsClassLoaderTests no layered .jar provider, skipping.
WARNING: An illegal reflective access operation has occurred
WARNING: Illegal reflective access by org.apache.commons.vfs2.AbstractTestSuite (file:/home/gabsko/breaking-updates/commons-vfs2/target/test-classes/) to field java.lang.Thread.target
WARNING: Please consider reporting this to the maintainers of org.apache.commons.vfs2.AbstractTestSuite
WARNING: Use --illegal-access=warn to enable warnings of further illegal reflective access operations
WARNING: All illegal access operations will be denied in a future release
Threads still running (1) at 2023-02-01T14:43:50.245227Z, live threads:
	Thread[0]  ID 87, Thread[MultiThreadedHttpConnectionManager cleanup,5,main],	WAITING,	daemon,	null
[INFO] Tests run: 95, Failures: 0, Errors: 0, Skipped: 0, Time elapsed: 28.136 s - in org.apache.commons.vfs2.provider.webdav.test.WebdavProviderTestCase
[INFO] 
[INFO] Results:
[INFO] 
[INFO] Tests run: 95, Failures: 0, Errors: 0, Skipped: 0
[INFO] 
[INFO] 
[INFO] ------------< org.apache.commons:commons-vfs2-jackrabbit2 >-------------
[INFO] Building Apache Commons VFS Jackrabbit 2 2.10.0-SNAPSHOT           [4/6]
[INFO] --------------------------------[ jar ]---------------------------------
[INFO] 
[INFO] --- maven-clean-plugin:3.1.0:clean (default-clean) @ commons-vfs2-jackrabbit2 ---
[INFO] Deleting /home/gabsko/breaking-updates/commons-vfs2-jackrabbit2/target
[INFO] 
[INFO] --- maven-enforcer-plugin:3.0.0:enforce (enforce-maven-version) @ commons-vfs2-jackrabbit2 ---
[INFO] 
[INFO] --- maven-enforcer-plugin:3.0.0:enforce (enforce-java-version) @ commons-vfs2-jackrabbit2 ---
[INFO] 
[INFO] --- maven-enforcer-plugin:3.0.0:enforce (enforce-output-timestamp-property) @ commons-vfs2-jackrabbit2 ---
[INFO] 
[INFO] --- maven-enforcer-plugin:3.0.0:enforce (enforce-maven-3) @ commons-vfs2-jackrabbit2 ---
[INFO] 
[INFO] --- apache-rat-plugin:0.13:check (rat-check) @ commons-vfs2-jackrabbit2 ---
[INFO] Enabled default license matchers.
[INFO] Will parse SCM ignores for exclusions...
[INFO] Parsing exclusions from /home/gabsko/breaking-updates/commons-vfs2-jackrabbit2/.gitignore
[INFO] Finished adding exclusions from SCM ignore files.
[INFO] 65 implicit excludes (use -debug for more details).
[INFO] 17 explicit excludes (use -debug for more details).
[INFO] 41 resources included (use -debug for more details)
[INFO] Rat check: Summary over all files. Unapproved: 0, unknown: 0, generated: 0, approved: 33 licenses.
[INFO] 
[INFO] --- build-helper-maven-plugin:3.2.0:parse-version (parse-version) @ commons-vfs2-jackrabbit2 ---
[INFO] 
[INFO] --- maven-antrun-plugin:3.0.0:run (javadoc.resources) @ commons-vfs2-jackrabbit2 ---
[INFO] Executing tasks
[INFO]      [copy] Copying 2 files to /home/gabsko/breaking-updates/commons-vfs2-jackrabbit2/target/apidocs/META-INF
[INFO] Executed tasks
[INFO] 
[INFO] --- maven-antrun-plugin:3.0.0:run (vfs-jar-manifest) @ commons-vfs2-jackrabbit2 ---
[INFO] Executing tasks
[INFO]     [mkdir] Created dir: /home/gabsko/breaking-updates/commons-vfs2-jackrabbit2/target/osgi
[INFO]     [touch] Creating /home/gabsko/breaking-updates/commons-vfs2-jackrabbit2/target/osgi/MANIFEST.MF
[INFO] Executed tasks
[INFO] 
[INFO] --- maven-remote-resources-plugin:1.7.0:process (process-resource-bundles) @ commons-vfs2-jackrabbit2 ---
[INFO] Skipping remote resources execution.
[INFO] 
[INFO] --- buildnumber-maven-plugin:3.0.0:create (default) @ commons-vfs2-jackrabbit2 ---
[INFO] Executing: /bin/sh -c cd '/home/gabsko/breaking-updates/commons-vfs2-jackrabbit2' && 'git' 'rev-parse' '--verify' 'HEAD'
[INFO] Working directory: /home/gabsko/breaking-updates/commons-vfs2-jackrabbit2
[INFO] Storing buildNumber: null at timestamp: 1675262630545
[INFO] Storing buildScmBranch: branch-apache/commons-vfs-53ade1d7248cfa783d83023ffa536b0d6e91e7c4
[INFO] 
[INFO] --- maven-resources-plugin:3.2.0:resources (default-resources) @ commons-vfs2-jackrabbit2 ---
[INFO] Using 'UTF-8' encoding to copy filtered resources.
[INFO] Using 'UTF-8' encoding to copy filtered properties files.
[INFO] skip non existing resourceDirectory /home/gabsko/breaking-updates/commons-vfs2-jackrabbit2/src/main/resources
[INFO] Copying 2 resources to META-INF
[INFO] 
[INFO] --- maven-compiler-plugin:3.10.1:compile (default-compile) @ commons-vfs2-jackrabbit2 ---
[INFO] Changes detected - recompiling the module!
[INFO] Compiling 11 source files to /home/gabsko/breaking-updates/commons-vfs2-jackrabbit2/target/classes
[INFO] /home/gabsko/breaking-updates/commons-vfs2-jackrabbit2/src/main/java/org/apache/commons/vfs2/provider/webdav4s/Webdav4sFileProvider.java: /home/gabsko/breaking-updates/commons-vfs2-jackrabbit2/src/main/java/org/apache/commons/vfs2/provider/webdav4s/Webdav4sFileProvider.java uses or overrides a deprecated API.
[INFO] /home/gabsko/breaking-updates/commons-vfs2-jackrabbit2/src/main/java/org/apache/commons/vfs2/provider/webdav4s/Webdav4sFileProvider.java: Recompile with -Xlint:deprecation for details.
[INFO] 
[INFO] --- maven-bundle-plugin:5.1.2:manifest (bundle-manifest) @ commons-vfs2-jackrabbit2 ---
[INFO] 
[INFO] --- maven-resources-plugin:3.2.0:testResources (default-testResources) @ commons-vfs2-jackrabbit2 ---
[INFO] Using 'UTF-8' encoding to copy filtered resources.
[INFO] Using 'UTF-8' encoding to copy filtered properties files.
[INFO] Copying 47 resources
[INFO] Copying 2 resources to META-INF
[INFO] 
[INFO] --- maven-compiler-plugin:3.10.1:testCompile (default-testCompile) @ commons-vfs2-jackrabbit2 ---
[INFO] Changes detected - recompiling the module!
[INFO] Compiling 8 source files to /home/gabsko/breaking-updates/commons-vfs2-jackrabbit2/target/test-classes
[INFO] /home/gabsko/breaking-updates/commons-vfs2-jackrabbit2/src/test/java/org/apache/commons/vfs2/provider/webdav4/test/JcrUtils.java: /home/gabsko/breaking-updates/commons-vfs2-jackrabbit2/src/test/java/org/apache/commons/vfs2/provider/webdav4/test/JcrUtils.java uses or overrides a deprecated API.
[INFO] /home/gabsko/breaking-updates/commons-vfs2-jackrabbit2/src/test/java/org/apache/commons/vfs2/provider/webdav4/test/JcrUtils.java: Recompile with -Xlint:deprecation for details.
[INFO] 
[INFO] --- maven-antrun-plugin:3.0.0:run (default) @ commons-vfs2-jackrabbit2 ---
[INFO] Executing tasks
[INFO]      [move] Moving 2 files to /home/gabsko/breaking-updates/commons-vfs2-jackrabbit2/target/test-classes/test-data/code
[INFO] Executed tasks
[INFO] 
[INFO] --- animal-sniffer-maven-plugin:1.21:check (checkAPIcompatibility) @ commons-vfs2-jackrabbit2 ---
[INFO] Checking unresolved references to org.codehaus.mojo.signature:java18:1.0
[INFO] 
[INFO] --- maven-surefire-plugin:3.0.0-M7:test (default-test) @ commons-vfs2-jackrabbit2 ---
[INFO] Using auto detected provider org.apache.maven.surefire.junitplatform.JUnitPlatformProvider
[INFO] 
[INFO] -------------------------------------------------------
[INFO]  T E S T S
[INFO] -------------------------------------------------------
[INFO] Running org.apache.commons.vfs2.provider.webdav4.Webdav4FileObjectTest
SLF4J: Class path contains multiple SLF4J bindings.
SLF4J: Found binding in [jar:file:/home/gabsko/.m2/repository/org/apache/logging/log4j/log4j-slf4j-impl/2.18.0/log4j-slf4j-impl-2.18.0.jar!/org/slf4j/impl/StaticLoggerBinder.class]
SLF4J: Found binding in [jar:file:/home/gabsko/.m2/repository/ch/qos/logback/logback-classic/1.2.11/logback-classic-1.2.11.jar!/org/slf4j/impl/StaticLoggerBinder.class]
SLF4J: See http://www.slf4j.org/codes.html#multiple_bindings for an explanation.
SLF4J: Actual binding is of type [org.apache.logging.slf4j.Log4jLoggerFactory]
[INFO] Tests run: 2, Failures: 0, Errors: 0, Skipped: 0, Time elapsed: 0.94 s - in org.apache.commons.vfs2.provider.webdav4.Webdav4FileObjectTest
[INFO] Running org.apache.commons.vfs2.provider.webdav4.test.WebDav4FilesTest
[INFO] Tests run: 1, Failures: 0, Errors: 0, Skipped: 0, Time elapsed: 0.005 s - in org.apache.commons.vfs2.provider.webdav4.test.WebDav4FilesTest
[INFO] Running org.apache.commons.vfs2.provider.webdav4.test.Webdav4ProviderTestCase
VfsClassLoaderTests no layered .jar provider, skipping.
[INFO] Tests run: 95, Failures: 0, Errors: 0, Skipped: 0, Time elapsed: 27.57 s - in org.apache.commons.vfs2.provider.webdav4.test.Webdav4ProviderTestCase
[INFO] 
[INFO] Results:
[INFO] 
[INFO] Tests run: 98, Failures: 0, Errors: 0, Skipped: 0
[INFO] 
[INFO] 
[INFO] --------------< org.apache.commons:commons-vfs2-examples >--------------
[INFO] Building Apache Commons VFS Examples 2.10.0-SNAPSHOT               [5/6]
[INFO] --------------------------------[ jar ]---------------------------------
[INFO] 
[INFO] --- maven-clean-plugin:3.1.0:clean (default-clean) @ commons-vfs2-examples ---
[INFO] Deleting /home/gabsko/breaking-updates/commons-vfs2-examples/target
[INFO] 
[INFO] --- maven-enforcer-plugin:3.0.0:enforce (enforce-maven-version) @ commons-vfs2-examples ---
[INFO] 
[INFO] --- maven-enforcer-plugin:3.0.0:enforce (enforce-java-version) @ commons-vfs2-examples ---
[INFO] 
[INFO] --- maven-enforcer-plugin:3.0.0:enforce (enforce-output-timestamp-property) @ commons-vfs2-examples ---
[INFO] 
[INFO] --- maven-enforcer-plugin:3.0.0:enforce (enforce-maven-3) @ commons-vfs2-examples ---
[INFO] 
[INFO] --- apache-rat-plugin:0.13:check (rat-check) @ commons-vfs2-examples ---
[INFO] Enabled default license matchers.
[INFO] Will parse SCM ignores for exclusions...
[INFO] Finished adding exclusions from SCM ignore files.
[INFO] 62 implicit excludes (use -debug for more details).
[INFO] 17 explicit excludes (use -debug for more details).
[INFO] 26 resources included (use -debug for more details)
[INFO] Rat check: Summary over all files. Unapproved: 0, unknown: 0, generated: 0, approved: 26 licenses.
[INFO] 
[INFO] --- build-helper-maven-plugin:3.2.0:parse-version (parse-version) @ commons-vfs2-examples ---
[INFO] 
[INFO] --- maven-antrun-plugin:3.0.0:run (javadoc.resources) @ commons-vfs2-examples ---
[INFO] Executing tasks
[INFO]      [copy] Copying 2 files to /home/gabsko/breaking-updates/commons-vfs2-examples/target/apidocs/META-INF
[INFO] Executed tasks
[INFO] 
[INFO] --- maven-antrun-plugin:3.0.0:run (vfs-jar-manifest) @ commons-vfs2-examples ---
[INFO] Executing tasks
[INFO]     [mkdir] Created dir: /home/gabsko/breaking-updates/commons-vfs2-examples/target/osgi
[INFO]     [touch] Creating /home/gabsko/breaking-updates/commons-vfs2-examples/target/osgi/MANIFEST.MF
[INFO] Executed tasks
[INFO] 
[INFO] --- maven-remote-resources-plugin:1.7.0:process (process-resource-bundles) @ commons-vfs2-examples ---
[INFO] Skipping remote resources execution.
[INFO] 
[INFO] --- buildnumber-maven-plugin:3.0.0:create (default) @ commons-vfs2-examples ---
[INFO] Executing: /bin/sh -c cd '/home/gabsko/breaking-updates/commons-vfs2-examples' && 'git' 'rev-parse' '--verify' 'HEAD'
[INFO] Working directory: /home/gabsko/breaking-updates/commons-vfs2-examples
[INFO] Storing buildNumber: null at timestamp: 1675262661140
[INFO] Storing buildScmBranch: branch-apache/commons-vfs-53ade1d7248cfa783d83023ffa536b0d6e91e7c4
[INFO] 
[INFO] --- maven-resources-plugin:3.2.0:resources (default-resources) @ commons-vfs2-examples ---
[INFO] Using 'UTF-8' encoding to copy filtered resources.
[INFO] Using 'UTF-8' encoding to copy filtered properties files.
[INFO] Copying 1 resource
[INFO] Copying 2 resources to META-INF
[INFO] 
[INFO] --- maven-compiler-plugin:3.10.1:compile (default-compile) @ commons-vfs2-examples ---
[INFO] Changes detected - recompiling the module!
[INFO] Compiling 21 source files to /home/gabsko/breaking-updates/commons-vfs2-examples/target/classes
[INFO] 
[INFO] --- maven-bundle-plugin:5.1.2:manifest (bundle-manifest) @ commons-vfs2-examples ---
[INFO] 
[INFO] --- maven-resources-plugin:3.2.0:testResources (default-testResources) @ commons-vfs2-examples ---
[INFO] Using 'UTF-8' encoding to copy filtered resources.
[INFO] Using 'UTF-8' encoding to copy filtered properties files.
[INFO] skip non existing resourceDirectory /home/gabsko/breaking-updates/commons-vfs2-examples/src/test/resources
[INFO] Copying 0 resource to META-INF
[INFO] 
[INFO] --- maven-compiler-plugin:3.10.1:testCompile (default-testCompile) @ commons-vfs2-examples ---
[INFO] No sources to compile
[INFO] 
[INFO] --- animal-sniffer-maven-plugin:1.21:check (checkAPIcompatibility) @ commons-vfs2-examples ---
[INFO] Checking unresolved references to org.codehaus.mojo.signature:java18:1.0
[INFO] 
[INFO] --- maven-surefire-plugin:3.0.0-M7:test (default-test) @ commons-vfs2-examples ---
[INFO] 
[INFO] ------------< org.apache.commons:commons-vfs2-distribution >------------
[INFO] Building Apache Commons VFS Distribution 2.10.0-SNAPSHOT           [6/6]
[INFO] --------------------------------[ pom ]---------------------------------
[INFO] 
[INFO] --- maven-clean-plugin:3.1.0:clean (default-clean) @ commons-vfs2-distribution ---
[INFO] Deleting /home/gabsko/breaking-updates/commons-vfs2-distribution/target
[INFO] 
[INFO] --- maven-enforcer-plugin:3.0.0:enforce (enforce-maven-version) @ commons-vfs2-distribution ---
[INFO] 
[INFO] --- maven-enforcer-plugin:3.0.0:enforce (enforce-java-version) @ commons-vfs2-distribution ---
[INFO] 
[INFO] --- maven-enforcer-plugin:3.0.0:enforce (enforce-output-timestamp-property) @ commons-vfs2-distribution ---
[INFO] 
[INFO] --- maven-enforcer-plugin:3.0.0:enforce (enforce-maven-3) @ commons-vfs2-distribution ---
[INFO] 
[INFO] --- apache-rat-plugin:0.13:check (rat-check) @ commons-vfs2-distribution ---
[INFO] Enabled default license matchers.
[INFO] Will parse SCM ignores for exclusions...
[INFO] Finished adding exclusions from SCM ignore files.
[INFO] 62 implicit excludes (use -debug for more details).
[INFO] 17 explicit excludes (use -debug for more details).
[INFO] 3 resources included (use -debug for more details)
[INFO] Rat check: Summary over all files. Unapproved: 0, unknown: 0, generated: 0, approved: 3 licenses.
[INFO] 
[INFO] --- build-helper-maven-plugin:3.2.0:parse-version (parse-version) @ commons-vfs2-distribution ---
[INFO] 
[INFO] --- maven-antrun-plugin:3.0.0:run (javadoc.resources) @ commons-vfs2-distribution ---
[INFO] Executing tasks
[INFO]      [copy] Copying 2 files to /home/gabsko/breaking-updates/commons-vfs2-distribution/target/apidocs/META-INF
[INFO] Executed tasks
[INFO] 
[INFO] --- maven-antrun-plugin:3.0.0:run (vfs-jar-manifest) @ commons-vfs2-distribution ---
[INFO] Executing tasks
[INFO]     [mkdir] Created dir: /home/gabsko/breaking-updates/commons-vfs2-distribution/target/osgi
[INFO]     [touch] Creating /home/gabsko/breaking-updates/commons-vfs2-distribution/target/osgi/MANIFEST.MF
[INFO] Executed tasks
[INFO] 
[INFO] --- maven-remote-resources-plugin:1.7.0:process (process-resource-bundles) @ commons-vfs2-distribution ---
[INFO] Skipping remote resources execution.
[INFO] 
[INFO] --- buildnumber-maven-plugin:3.0.0:create (default) @ commons-vfs2-distribution ---
[INFO] Executing: /bin/sh -c cd '/home/gabsko/breaking-updates/commons-vfs2-distribution' && 'git' 'rev-parse' '--verify' 'HEAD'
[INFO] Working directory: /home/gabsko/breaking-updates/commons-vfs2-distribution
[INFO] Storing buildNumber: null at timestamp: 1675262661628
[INFO] Storing buildScmBranch: branch-apache/commons-vfs-53ade1d7248cfa783d83023ffa536b0d6e91e7c4
[INFO] 
[INFO] --- maven-bundle-plugin:5.1.2:manifest (bundle-manifest) @ commons-vfs2-distribution ---
[WARNING] Ignoring project type pom - supportedProjectTypes = [jar, bundle]
[INFO] 
[INFO] --- animal-sniffer-maven-plugin:1.21:check (checkAPIcompatibility) @ commons-vfs2-distribution ---
[INFO] Checking unresolved references to org.codehaus.mojo.signature:java18:1.0
[INFO] ------------------------------------------------------------------------
[INFO] Reactor Summary for Apache Commons VFS Project 2.10.0-SNAPSHOT:
[INFO] 
[INFO] Apache Commons VFS Project ......................... SUCCESS [  2.628 s]
[INFO] Apache Commons VFS ................................. SUCCESS [07:52 min]
[INFO] Apache Commons VFS Jackrabbit 1 .................... SUCCESS [ 29.644 s]
[INFO] Apache Commons VFS Jackrabbit 2 .................... SUCCESS [ 30.763 s]
[INFO] Apache Commons VFS Examples ........................ SUCCESS [  0.510 s]
[INFO] Apache Commons VFS Distribution .................... SUCCESS [  0.080 s]
[INFO] ------------------------------------------------------------------------
[INFO] BUILD SUCCESS
[INFO] ------------------------------------------------------------------------
[INFO] Total time:  08:55 min
[INFO] Finished at: 2023-02-01T14:44:21Z
[INFO] ------------------------------------------------------------------------
