[INFO] Scanning for projects...
[INFO] Inspecting build with total of 5 modules...
[INFO] Installing Nexus Staging features:
[INFO]   ... total of 5 executions of maven-deploy-plugin replaced with nexus-staging-maven-plugin
[INFO] ------------------------------------------------------------------------
[INFO] Reactor Build Order:
[INFO] 
[INFO] Google Cloud Pub/Sub Lite Parent                                   [pom]
[INFO] proto-google-cloud-pubsublite-v1                                   [jar]
[INFO] grpc-google-cloud-pubsublite-v1                                    [jar]
[INFO] Google Cloud Pub/Sub Lite                                          [jar]
[INFO] Google Cloud pubsublite BOM                                        [pom]
[INFO] 
[INFO] ----------< com.google.cloud:google-cloud-pubsublite-parent >-----------
[INFO] Building Google Cloud Pub/Sub Lite Parent 1.4.12-SNAPSHOT          [1/5]
[INFO] --------------------------------[ pom ]---------------------------------
[INFO] 
[INFO] --- maven-clean-plugin:2.5:clean (default-clean) @ google-cloud-pubsublite-parent ---
[INFO] Deleting /home/gabsko/breaking-updates/target
[INFO] 
[INFO] --- flatten-maven-plugin:1.2.7:clean (flatten.clean) @ google-cloud-pubsublite-parent ---
[INFO] Deleting /home/gabsko/breaking-updates/.flattened-pom.xml
[INFO] 
[INFO] --- maven-enforcer-plugin:3.0.0-M3:enforce (enforce) @ google-cloud-pubsublite-parent ---
[INFO] Adding ignore: module-info
[INFO] Adding ignore: META-INF/versions/*/module-info
[INFO] 
[INFO] --- maven-checkstyle-plugin:3.1.2:check (checkstyle) @ google-cloud-pubsublite-parent ---
[INFO] Starting audit...
Audit done.
[INFO] You have 0 Checkstyle violations.
[INFO] 
[INFO] --- jacoco-maven-plugin:0.8.7:prepare-agent (default) @ google-cloud-pubsublite-parent ---
[INFO] argLine set to -javaagent:/home/gabsko/.m2/repository/org/jacoco/org.jacoco.agent/0.8.7/org.jacoco.agent-0.8.7-runtime.jar=destfile=/home/gabsko/breaking-updates/target/jacoco.exec
[INFO] 
[INFO] --- build-helper-maven-plugin:3.3.0:add-resource (add-main-proto-resources) @ google-cloud-pubsublite-parent ---
[INFO] 
[INFO] --- flatten-maven-plugin:1.2.7:flatten (flatten) @ google-cloud-pubsublite-parent ---
[INFO] Generating flattened POM of project com.google.cloud:google-cloud-pubsublite-parent:pom:1.4.12-SNAPSHOT...
[INFO] 
[INFO] --- build-helper-maven-plugin:3.3.0:add-test-resource (add-test-proto-resources) @ google-cloud-pubsublite-parent ---
[INFO] 
[INFO] --- animal-sniffer-maven-plugin:1.20:check (java8) @ google-cloud-pubsublite-parent ---
[INFO] Checking unresolved references to org.codehaus.mojo.signature:java18:1.0
[INFO] 
[INFO] --- jacoco-maven-plugin:0.8.7:report (report) @ google-cloud-pubsublite-parent ---
[INFO] Skipping JaCoCo execution due to missing execution data file.
[INFO] 
[INFO] --------< com.google.api.grpc:proto-google-cloud-pubsublite-v1 >--------
[INFO] Building proto-google-cloud-pubsublite-v1 1.4.12-SNAPSHOT          [2/5]
[INFO] --------------------------------[ jar ]---------------------------------
[INFO] 
[INFO] --- maven-clean-plugin:2.5:clean (default-clean) @ proto-google-cloud-pubsublite-v1 ---
[INFO] Deleting /home/gabsko/breaking-updates/proto-google-cloud-pubsublite-v1/target
[INFO] 
[INFO] --- flatten-maven-plugin:1.2.7:clean (flatten.clean) @ proto-google-cloud-pubsublite-v1 ---
[INFO] Deleting /home/gabsko/breaking-updates/proto-google-cloud-pubsublite-v1/.flattened-pom.xml
[INFO] 
[INFO] --- maven-enforcer-plugin:3.0.0-M3:enforce (enforce) @ proto-google-cloud-pubsublite-v1 ---
[INFO] Adding ignore: module-info
[INFO] Adding ignore: META-INF/versions/*/module-info
[INFO] 
[INFO] --- maven-checkstyle-plugin:3.1.2:check (checkstyle) @ proto-google-cloud-pubsublite-v1 ---
[INFO] 
[INFO] --- jacoco-maven-plugin:0.8.7:prepare-agent (default) @ proto-google-cloud-pubsublite-v1 ---
[INFO] argLine set to -javaagent:/home/gabsko/.m2/repository/org/jacoco/org.jacoco.agent/0.8.7/org.jacoco.agent-0.8.7-runtime.jar=destfile=/home/gabsko/breaking-updates/proto-google-cloud-pubsublite-v1/target/jacoco.exec
[INFO] 
[INFO] --- build-helper-maven-plugin:3.3.0:add-resource (add-main-proto-resources) @ proto-google-cloud-pubsublite-v1 ---
[INFO] 
[INFO] --- maven-resources-plugin:2.6:resources (default-resources) @ proto-google-cloud-pubsublite-v1 ---
[INFO] Using 'UTF-8' encoding to copy filtered resources.
[INFO] skip non existing resourceDirectory /home/gabsko/breaking-updates/proto-google-cloud-pubsublite-v1/src/main/resources
[INFO] Copying 6 resources
[INFO] 
[INFO] --- flatten-maven-plugin:1.2.7:flatten (flatten) @ proto-google-cloud-pubsublite-v1 ---
[INFO] Generating flattened POM of project com.google.api.grpc:proto-google-cloud-pubsublite-v1:jar:1.4.12-SNAPSHOT...
[INFO] 
[INFO] --- maven-compiler-plugin:3.10.0:compile (default-compile) @ proto-google-cloud-pubsublite-v1 ---
[INFO] Changes detected - recompiling the module!
[INFO] Compiling 150 source files to /home/gabsko/breaking-updates/proto-google-cloud-pubsublite-v1/target/classes
[WARNING] Unable to autodetect 'javac' path, using 'javac' from the environment.
[WARNING] [options] bootstrap class path not set in conjunction with -source 8
[WARNING] No processor claimed any of these annotations: javax.annotation.Generated
[WARNING] /home/gabsko/breaking-updates/proto-google-cloud-pubsublite-v1/src/main/java/com/google/cloud/pubsublite/proto/ReservationName.java:[157,17] [EqualsGetClass] Prefer instanceof to getClass when implementing Object#equals.
    (see https://errorprone.info/bugpattern/EqualsGetClass)
[WARNING] /home/gabsko/breaking-updates/proto-google-cloud-pubsublite-v1/src/main/java/com/google/cloud/pubsublite/proto/FlowControlRequest.java:[312,16] [ReferenceEquality] Comparison using reference equality instead of value equality
    (see https://errorprone.info/bugpattern/ReferenceEquality)
  Did you mean 'return this.equals(DEFAULT_INSTANCE) ? new Builder() : new Builder().mergeFrom(this);'?
[WARNING] /home/gabsko/breaking-updates/proto-google-cloud-pubsublite-v1/src/main/java/com/google/cloud/pubsublite/proto/FlowControlRequest.java:[447,16] [ReferenceEquality] Comparison using reference equality instead of value equality
    (see https://errorprone.info/bugpattern/ReferenceEquality)
  Did you mean 'if (Objects.equals(other, com.google.cloud.pubsublite.proto.FlowControlRequest.getDefaultInstance()))' or 'if (other.equals(com.google.cloud.pubsublite.proto.FlowControlRequest.getDefaultInstance()))'?
[WARNING] /home/gabsko/breaking-updates/proto-google-cloud-pubsublite-v1/src/main/java/com/google/cloud/pubsublite/proto/CommitCursorResponse.java:[248,16] [ReferenceEquality] Comparison using reference equality instead of value equality
    (see https://errorprone.info/bugpattern/ReferenceEquality)
  Did you mean 'return this.equals(DEFAULT_INSTANCE) ? new Builder() : new Builder().mergeFrom(this);'?
[WARNING] /home/gabsko/breaking-updates/proto-google-cloud-pubsublite-v1/src/main/java/com/google/cloud/pubsublite/proto/CommitCursorResponse.java:[376,16] [ReferenceEquality] Comparison using reference equality instead of value equality
    (see https://errorprone.info/bugpattern/ReferenceEquality)
  Did you mean 'if (Objects.equals(other, com.google.cloud.pubsublite.proto.CommitCursorResponse.getDefaultInstance()))' or 'if (other.equals(com.google.cloud.pubsublite.proto.CommitCursorResponse.getDefaultInstance()))'?
[WARNING] /home/gabsko/breaking-updates/proto-google-cloud-pubsublite-v1/src/main/java/com/google/cloud/pubsublite/proto/AttributeValues.java:[407,10] [UnusedVariable] The local variable 'from_bitField0_' is never read.
    (see https://errorprone.info/bugpattern/UnusedVariable)
  Did you mean to remove this line?
[WARNING] /home/gabsko/breaking-updates/proto-google-cloud-pubsublite-v1/src/main/java/com/google/cloud/pubsublite/proto/AttributeValues.java:[148,13] [MissingOverride] getValuesCount implements method in AttributeValuesOrBuilder; expected @Override
    (see https://errorprone.info/bugpattern/MissingOverride)
  Did you mean '@Override public int getValuesCount() {'?
[WARNING] /home/gabsko/breaking-updates/proto-google-cloud-pubsublite-v1/src/main/java/com/google/cloud/pubsublite/proto/AttributeValues.java:[163,40] [MissingOverride] getValues implements method in AttributeValuesOrBuilder; expected @Override
    (see https://errorprone.info/bugpattern/MissingOverride)
  Did you mean '@Override public com.google.protobuf.ByteString getValues(int index) {'?
[WARNING] /home/gabsko/breaking-updates/proto-google-cloud-pubsublite-v1/src/main/java/com/google/cloud/pubsublite/proto/AttributeValues.java:[325,16] [ReferenceEquality] Comparison using reference equality instead of value equality
    (see https://errorprone.info/bugpattern/ReferenceEquality)
  Did you mean 'return this.equals(DEFAULT_INSTANCE) ? new Builder() : new Builder().mergeFrom(this);'?
[WARNING] /home/gabsko/breaking-updates/proto-google-cloud-pubsublite-v1/src/main/java/com/google/cloud/pubsublite/proto/AttributeValues.java:[461,16] [ReferenceEquality] Comparison using reference equality instead of value equality
    (see https://errorprone.info/bugpattern/ReferenceEquality)
  Did you mean 'if (Objects.equals(other, com.google.cloud.pubsublite.proto.AttributeValues.getDefaultInstance()))' or 'if (other.equals(com.google.cloud.pubsublite.proto.AttributeValues.getDefaultInstance()))'?
[WARNING] /home/gabsko/breaking-updates/proto-google-cloud-pubsublite-v1/src/main/java/com/google/cloud/pubsublite/proto/AttributeValues.java:[525,58] [MissingOverride] getValuesList implements method in AttributeValuesOrBuilder; expected @Override
    (see https://errorprone.info/bugpattern/MissingOverride)
  Did you mean '@Override public java.util.List<com.google.protobuf.ByteString> getValuesList() {'?
[WARNING] /home/gabsko/breaking-updates/proto-google-cloud-pubsublite-v1/src/main/java/com/google/cloud/pubsublite/proto/AttributeValues.java:[541,15] [MissingOverride] getValuesCount implements method in AttributeValuesOrBuilder; expected @Override
    (see https://errorprone.info/bugpattern/MissingOverride)
  Did you mean '@Override public int getValuesCount() {'?
[WARNING] /home/gabsko/breaking-updates/proto-google-cloud-pubsublite-v1/src/main/java/com/google/cloud/pubsublite/proto/AttributeValues.java:[556,42] [MissingOverride] getValues implements method in AttributeValuesOrBuilder; expected @Override
    (see https://errorprone.info/bugpattern/MissingOverride)
  Did you mean '@Override public com.google.protobuf.ByteString getValues(int index) {'?
[WARNING] /home/gabsko/breaking-updates/proto-google-cloud-pubsublite-v1/src/main/java/com/google/cloud/pubsublite/proto/MessageResponse.java:[445,10] [UnusedVariable] The local variable 'from_bitField0_' is never read.
    (see https://errorprone.info/bugpattern/UnusedVariable)
  Did you mean to remove this line?
[WARNING] /home/gabsko/breaking-updates/proto-google-cloud-pubsublite-v1/src/main/java/com/google/cloud/pubsublite/proto/MessageResponse.java:[352,16] [ReferenceEquality] Comparison using reference equality instead of value equality
    (see https://errorprone.info/bugpattern/ReferenceEquality)
  Did you mean 'return this.equals(DEFAULT_INSTANCE) ? new Builder() : new Builder().mergeFrom(this);'?
[WARNING] /home/gabsko/breaking-updates/proto-google-cloud-pubsublite-v1/src/main/java/com/google/cloud/pubsublite/proto/MessageResponse.java:[503,16] [ReferenceEquality] Comparison using reference equality instead of value equality
    (see https://errorprone.info/bugpattern/ReferenceEquality)
  Did you mean 'if (Objects.equals(other, com.google.cloud.pubsublite.proto.MessageResponse.getDefaultInstance()))' or 'if (other.equals(com.google.cloud.pubsublite.proto.MessageResponse.getDefaultInstance()))'?
[WARNING] /home/gabsko/breaking-updates/proto-google-cloud-pubsublite-v1/src/main/java/com/google/cloud/pubsublite/proto/MessageResponse.java:[590,78] [MissingOverride] getMessagesList implements method in MessageResponseOrBuilder; expected @Override
    (see https://errorprone.info/bugpattern/MissingOverride)
  Did you mean '@Override public java.util.List<com.google.cloud.pubsublite.proto.SequencedMessage> getMessagesList() {'?
[WARNING] /home/gabsko/breaking-updates/proto-google-cloud-pubsublite-v1/src/main/java/com/google/cloud/pubsublite/proto/MessageResponse.java:[606,15] [MissingOverride] getMessagesCount implements method in MessageResponseOrBuilder; expected @Override
    (see https://errorprone.info/bugpattern/MissingOverride)
  Did you mean '@Override public int getMessagesCount() {'?
[WARNING] /home/gabsko/breaking-updates/proto-google-cloud-pubsublite-v1/src/main/java/com/google/cloud/pubsublite/proto/MessageResponse.java:[622,62] [MissingOverride] getMessages implements method in MessageResponseOrBuilder; expected @Override
    (see https://errorprone.info/bugpattern/MissingOverride)
  Did you mean '@Override public com.google.cloud.pubsublite.proto.SequencedMessage getMessages(int index) {'?
[WARNING] /home/gabsko/breaking-updates/proto-google-cloud-pubsublite-v1/src/main/java/com/google/cloud/pubsublite/proto/MessageResponse.java:[837,71] [MissingOverride] getMessagesOrBuilder implements method in MessageResponseOrBuilder; expected @Override
    (see https://errorprone.info/bugpattern/MissingOverride)
  Did you mean '@Override public com.google.cloud.pubsublite.proto.SequencedMessageOrBuilder getMessagesOrBuilder('?
[WARNING] /home/gabsko/breaking-updates/proto-google-cloud-pubsublite-v1/src/main/java/com/google/cloud/pubsublite/proto/MessageResponse.java:[855,8] [MissingOverride] getMessagesOrBuilderList implements method in MessageResponseOrBuilder; expected @Override
    (see https://errorprone.info/bugpattern/MissingOverride)
  Did you mean '@Override public java.util.List<? extends com.google.cloud.pubsublite.proto.SequencedMessageOrBuilder>'?
[WARNING] /home/gabsko/breaking-updates/proto-google-cloud-pubsublite-v1/src/main/java/com/google/cloud/pubsublite/proto/SequencedMessage.java:[513,16] [ReferenceEquality] Comparison using reference equality instead of value equality
    (see https://errorprone.info/bugpattern/ReferenceEquality)
  Did you mean 'return this.equals(DEFAULT_INSTANCE) ? new Builder() : new Builder().mergeFrom(this);'?
[WARNING] /home/gabsko/breaking-updates/proto-google-cloud-pubsublite-v1/src/main/java/com/google/cloud/pubsublite/proto/SequencedMessage.java:[677,16] [ReferenceEquality] Comparison using reference equality instead of value equality
    (see https://errorprone.info/bugpattern/ReferenceEquality)
  Did you mean 'if (Objects.equals(other, com.google.cloud.pubsublite.proto.SequencedMessage.getDefaultInstance()))' or 'if (other.equals(com.google.cloud.pubsublite.proto.SequencedMessage.getDefaultInstance()))'?
[WARNING] /home/gabsko/breaking-updates/proto-google-cloud-pubsublite-v1/src/main/java/com/google/cloud/pubsublite/proto/SequencedMessage.java:[738,19] [MissingOverride] hasCursor implements method in SequencedMessageOrBuilder; expected @Override
    (see https://errorprone.info/bugpattern/MissingOverride)
  Did you mean '@Override public boolean hasCursor() {'?
[WARNING] /home/gabsko/breaking-updates/proto-google-cloud-pubsublite-v1/src/main/java/com/google/cloud/pubsublite/proto/SequencedMessage.java:[752,52] [MissingOverride] getCursor implements method in SequencedMessageOrBuilder; expected @Override
    (see https://errorprone.info/bugpattern/MissingOverride)
  Did you mean '@Override public com.google.cloud.pubsublite.proto.Cursor getCursor() {'?
[WARNING] /home/gabsko/breaking-updates/proto-google-cloud-pubsublite-v1/src/main/java/com/google/cloud/pubsublite/proto/SequencedMessage.java:[871,61] [MissingOverride] getCursorOrBuilder implements method in SequencedMessageOrBuilder; expected @Override
    (see https://errorprone.info/bugpattern/MissingOverride)
  Did you mean '@Override public com.google.cloud.pubsublite.proto.CursorOrBuilder getCursorOrBuilder() {'?
[WARNING] /home/gabsko/breaking-updates/proto-google-cloud-pubsublite-v1/src/main/java/com/google/cloud/pubsublite/proto/SequencedMessage.java:[924,19] [MissingOverride] hasPublishTime implements method in SequencedMessageOrBuilder; expected @Override
    (see https://errorprone.info/bugpattern/MissingOverride)
  Did you mean '@Override public boolean hasPublishTime() {'?
[WARNING] /home/gabsko/breaking-updates/proto-google-cloud-pubsublite-v1/src/main/java/com/google/cloud/pubsublite/proto/SequencedMessage.java:[939,41] [MissingOverride] getPublishTime implements method in SequencedMessageOrBuilder; expected @Override
    (see https://errorprone.info/bugpattern/MissingOverride)
  Did you mean '@Override public com.google.protobuf.Timestamp getPublishTime() {'?
[WARNING] /home/gabsko/breaking-updates/proto-google-cloud-pubsublite-v1/src/main/java/com/google/cloud/pubsublite/proto/SequencedMessage.java:[1064,50] [MissingOverride] getPublishTimeOrBuilder implements method in SequencedMessageOrBuilder; expected @Override
    (see https://errorprone.info/bugpattern/MissingOverride)
  Did you mean '@Override public com.google.protobuf.TimestampOrBuilder getPublishTimeOrBuilder() {'?
[WARNING] /home/gabsko/breaking-updates/proto-google-cloud-pubsublite-v1/src/main/java/com/google/cloud/pubsublite/proto/SequencedMessage.java:[1117,19] [MissingOverride] hasMessage implements method in SequencedMessageOrBuilder; expected @Override
    (see https://errorprone.info/bugpattern/MissingOverride)
  Did you mean '@Override public boolean hasMessage() {'?
[WARNING] /home/gabsko/breaking-updates/proto-google-cloud-pubsublite-v1/src/main/java/com/google/cloud/pubsublite/proto/SequencedMessage.java:[1131,59] [MissingOverride] getMessage implements method in SequencedMessageOrBuilder; expected @Override
    (see https://errorprone.info/bugpattern/MissingOverride)
  Did you mean '@Override public com.google.cloud.pubsublite.proto.PubSubMessage getMessage() {'?
[WARNING] /home/gabsko/breaking-updates/proto-google-cloud-pubsublite-v1/src/main/java/com/google/cloud/pubsublite/proto/SequencedMessage.java:[1251,68] [MissingOverride] getMessageOrBuilder implements method in SequencedMessageOrBuilder; expected @Override
    (see https://errorprone.info/bugpattern/MissingOverride)
  Did you mean '@Override public com.google.cloud.pubsublite.proto.PubSubMessageOrBuilder getMessageOrBuilder() {'?
[WARNING] /home/gabsko/breaking-updates/proto-google-cloud-pubsublite-v1/src/main/java/com/google/cloud/pubsublite/proto/Cursor.java:[279,16] [ReferenceEquality] Comparison using reference equality instead of value equality
    (see https://errorprone.info/bugpattern/ReferenceEquality)
  Did you mean 'return this.equals(DEFAULT_INSTANCE) ? new Builder() : new Builder().mergeFrom(this);'?
[WARNING] /home/gabsko/breaking-updates/proto-google-cloud-pubsublite-v1/src/main/java/com/google/cloud/pubsublite/proto/Cursor.java:[410,16] [ReferenceEquality] Comparison using reference equality instead of value equality
    (see https://errorprone.info/bugpattern/ReferenceEquality)
  Did you mean 'if (Objects.equals(other, com.google.cloud.pubsublite.proto.Cursor.getDefaultInstance())) return this;' or 'if (other.equals(com.google.cloud.pubsublite.proto.Cursor.getDefaultInstance())) return this;'?
[WARNING] /home/gabsko/breaking-updates/proto-google-cloud-pubsublite-v1/src/main/java/com/google/cloud/pubsublite/proto/PubSubMessage.java:[662,10] [UnusedVariable] The local variable 'from_bitField0_' is never read.
    (see https://errorprone.info/bugpattern/UnusedVariable)
  Did you mean to remove this line?
[WARNING] /home/gabsko/breaking-updates/proto-google-cloud-pubsublite-v1/src/main/java/com/google/cloud/pubsublite/proto/PubSubMessage.java:[230,13] [MissingOverride] getAttributesCount implements method in PubSubMessageOrBuilder; expected @Override
    (see https://errorprone.info/bugpattern/MissingOverride)
  Did you mean '@Override public int getAttributesCount() {'?
[WARNING] /home/gabsko/breaking-updates/proto-google-cloud-pubsublite-v1/src/main/java/com/google/cloud/pubsublite/proto/PubSubMessage.java:[253,6] [InlineMeSuggester] This deprecated API looks inlineable. If you'd like the body of the API to be inlined to its callers, please annotate it with @InlineMe.
    (see https://errorprone.info/bugpattern/InlineMeSuggester)
  Did you mean '@InlineMe(replacement = "this.getAttributesMap()")'?
[WARNING] /home/gabsko/breaking-updates/proto-google-cloud-pubsublite-v1/src/main/java/com/google/cloud/pubsublite/proto/PubSubMessage.java:[551,16] [ReferenceEquality] Comparison using reference equality instead of value equality
    (see https://errorprone.info/bugpattern/ReferenceEquality)
  Did you mean 'return this.equals(DEFAULT_INSTANCE) ? new Builder() : new Builder().mergeFrom(this);'?
[WARNING] /home/gabsko/breaking-updates/proto-google-cloud-pubsublite-v1/src/main/java/com/google/cloud/pubsublite/proto/PubSubMessage.java:[578,43] [MissingOverride] internalGetMapField overrides method in Builder; expected @Override
    (see https://errorprone.info/bugpattern/MissingOverride)
  Did you mean '@Override @SuppressWarnings({"rawtypes"})'?
[WARNING] /home/gabsko/breaking-updates/proto-google-cloud-pubsublite-v1/src/main/java/com/google/cloud/pubsublite/proto/PubSubMessage.java:[588,43] [MissingOverride] internalGetMutableMapField overrides method in Builder; expected @Override
    (see https://errorprone.info/bugpattern/MissingOverride)
  Did you mean '@Override @SuppressWarnings({"rawtypes"})'?
[WARNING] /home/gabsko/breaking-updates/proto-google-cloud-pubsublite-v1/src/main/java/com/google/cloud/pubsublite/proto/PubSubMessage.java:[720,16] [ReferenceEquality] Comparison using reference equality instead of value equality
    (see https://errorprone.info/bugpattern/ReferenceEquality)
  Did you mean 'if (Objects.equals(other, com.google.cloud.pubsublite.proto.PubSubMessage.getDefaultInstance()))' or 'if (other.equals(com.google.cloud.pubsublite.proto.PubSubMessage.getDefaultInstance()))'?
[WARNING] /home/gabsko/breaking-updates/proto-google-cloud-pubsublite-v1/src/main/java/com/google/cloud/pubsublite/proto/PubSubMessage.java:[722,25] [ReferenceEquality] Comparison using reference equality instead of value equality
    (see https://errorprone.info/bugpattern/ReferenceEquality)
  Did you mean 'if (!other.getKey().equals(com.google.protobuf.ByteString.EMPTY)) {'?
[WARNING] /home/gabsko/breaking-updates/proto-google-cloud-pubsublite-v1/src/main/java/com/google/cloud/pubsublite/proto/PubSubMessage.java:[725,26] [ReferenceEquality] Comparison using reference equality instead of value equality
    (see https://errorprone.info/bugpattern/ReferenceEquality)
  Did you mean 'if (!other.getData().equals(com.google.protobuf.ByteString.EMPTY)) {'?
[WARNING] /home/gabsko/breaking-updates/proto-google-cloud-pubsublite-v1/src/main/java/com/google/cloud/pubsublite/proto/PubSubMessage.java:[908,15] [MissingOverride] getAttributesCount implements method in PubSubMessageOrBuilder; expected @Override
    (see https://errorprone.info/bugpattern/MissingOverride)
  Did you mean '@Override public int getAttributesCount() {'?
[WARNING] /home/gabsko/breaking-updates/proto-google-cloud-pubsublite-v1/src/main/java/com/google/cloud/pubsublite/proto/PubSubMessage.java:[931,8] [InlineMeSuggester] This deprecated API looks inlineable. If you'd like the body of the API to be inlined to its callers, please annotate it with @InlineMe.
    (see https://errorprone.info/bugpattern/InlineMeSuggester)
  Did you mean '@InlineMe(replacement = "this.getAttributesMap()")'?
[WARNING] /home/gabsko/breaking-updates/proto-google-cloud-pubsublite-v1/src/main/java/com/google/cloud/pubsublite/proto/PubSubMessage.java:[1068,19] [MissingOverride] hasEventTime implements method in PubSubMessageOrBuilder; expected @Override
    (see https://errorprone.info/bugpattern/MissingOverride)
  Did you mean '@Override public boolean hasEventTime() {'?
[WARNING] /home/gabsko/breaking-updates/proto-google-cloud-pubsublite-v1/src/main/java/com/google/cloud/pubsublite/proto/PubSubMessage.java:[1082,41] [MissingOverride] getEventTime implements method in PubSubMessageOrBuilder; expected @Override
    (see https://errorprone.info/bugpattern/MissingOverride)
  Did you mean '@Override public com.google.protobuf.Timestamp getEventTime() {'?
[WARNING] /home/gabsko/breaking-updates/proto-google-cloud-pubsublite-v1/src/main/java/com/google/cloud/pubsublite/proto/PubSubMessage.java:[1197,50] [MissingOverride] getEventTimeOrBuilder implements method in PubSubMessageOrBuilder; expected @Override
    (see https://errorprone.info/bugpattern/MissingOverride)
  Did you mean '@Override public com.google.protobuf.TimestampOrBuilder getEventTimeOrBuilder() {'?
[WARNING] /home/gabsko/breaking-updates/proto-google-cloud-pubsublite-v1/src/main/java/com/google/cloud/pubsublite/proto/Topic.java:[711,20] [ReferenceEquality] Comparison using reference equality instead of value equality
    (see https://errorprone.info/bugpattern/ReferenceEquality)
  Did you mean 'return this.equals(DEFAULT_INSTANCE) ? new Builder() : new Builder().mergeFrom(this);'?
[WARNING] /home/gabsko/breaking-updates/proto-google-cloud-pubsublite-v1/src/main/java/com/google/cloud/pubsublite/proto/Topic.java:[855,14] [ReferenceEquality] Comparison using reference equality instead of value equality
    (see https://errorprone.info/bugpattern/ReferenceEquality)
  Did you mean 'if (Objects.equals(other, com.google.cloud.pubsublite.proto.Topic.PartitionConfig.Capacity' or 'if (other.equals(com.google.cloud.pubsublite.proto.Topic.PartitionConfig.Capacity'?
[WARNING] /home/gabsko/breaking-updates/proto-google-cloud-pubsublite-v1/src/main/java/com/google/cloud/pubsublite/proto/Topic.java:[1081,34] [InlineMeSuggester] This deprecated API looks inlineable. If you'd like the body of the API to be inlined to its callers, please annotate it with @InlineMe.
    (see https://errorprone.info/bugpattern/InlineMeSuggester)
  Did you mean '@InlineMe(replacement = "DimensionCase.forNumber(value)", imports = "com.google.cloud.pubsublite.proto.Topic.PartitionConfig.DimensionCase")'?
[WARNING] /home/gabsko/breaking-updates/proto-google-cloud-pubsublite-v1/src/main/java/com/google/cloud/pubsublite/proto/Topic.java:[1098,17] [MissingOverride] getNumber implements method in EnumLite; expected @Override
    (see https://errorprone.info/bugpattern/MissingOverride)
  Did you mean '@Override public int getNumber() {'?
[WARNING] /home/gabsko/breaking-updates/proto-google-cloud-pubsublite-v1/src/main/java/com/google/cloud/pubsublite/proto/Topic.java:[1103,25] [MissingOverride] getDimensionCase implements method in PartitionConfigOrBuilder; expected @Override
    (see https://errorprone.info/bugpattern/MissingOverride)
  Did you mean '@Override public DimensionCase getDimensionCase() {'?
[WARNING] /home/gabsko/breaking-updates/proto-google-cloud-pubsublite-v1/src/main/java/com/google/cloud/pubsublite/proto/Topic.java:[1422,18] [ReferenceEquality] Comparison using reference equality instead of value equality
    (see https://errorprone.info/bugpattern/ReferenceEquality)
  Did you mean 'return this.equals(DEFAULT_INSTANCE) ? new Builder() : new Builder().mergeFrom(this);'?
[WARNING] /home/gabsko/breaking-updates/proto-google-cloud-pubsublite-v1/src/main/java/com/google/cloud/pubsublite/proto/Topic.java:[1570,18] [ReferenceEquality] Comparison using reference equality instead of value equality
    (see https://errorprone.info/bugpattern/ReferenceEquality)
  Did you mean 'if (Objects.equals(other, com.google.cloud.pubsublite.proto.Topic.PartitionConfig.getDefaultInstance()))' or 'if (other.equals(com.google.cloud.pubsublite.proto.Topic.PartitionConfig.getDefaultInstance()))'?
[WARNING] /home/gabsko/breaking-updates/proto-google-cloud-pubsublite-v1/src/main/java/com/google/cloud/pubsublite/proto/Topic.java:[1624,27] [MissingOverride] getDimensionCase implements method in PartitionConfigOrBuilder; expected @Override
    (see https://errorprone.info/bugpattern/MissingOverride)
  Did you mean '@Override public DimensionCase getDimensionCase() {'?
[WARNING] /home/gabsko/breaking-updates/proto-google-cloud-pubsublite-v1/src/main/java/com/google/cloud/pubsublite/proto/Topic.java:[2475,18] [ReferenceEquality] Comparison using reference equality instead of value equality
    (see https://errorprone.info/bugpattern/ReferenceEquality)
  Did you mean 'return this.equals(DEFAULT_INSTANCE) ? new Builder() : new Builder().mergeFrom(this);'?
[WARNING] /home/gabsko/breaking-updates/proto-google-cloud-pubsublite-v1/src/main/java/com/google/cloud/pubsublite/proto/Topic.java:[2621,18] [ReferenceEquality] Comparison using reference equality instead of value equality
    (see https://errorprone.info/bugpattern/ReferenceEquality)
  Did you mean 'if (Objects.equals(other, com.google.cloud.pubsublite.proto.Topic.RetentionConfig.getDefaultInstance()))' or 'if (other.equals(com.google.cloud.pubsublite.proto.Topic.RetentionConfig.getDefaultInstance()))'?
[WARNING] /home/gabsko/breaking-updates/proto-google-cloud-pubsublite-v1/src/main/java/com/google/cloud/pubsublite/proto/Topic.java:[2739,21] [MissingOverride] hasPeriod implements method in RetentionConfigOrBuilder; expected @Override
    (see https://errorprone.info/bugpattern/MissingOverride)
  Did you mean '@Override public boolean hasPeriod() {'?
[WARNING] /home/gabsko/breaking-updates/proto-google-cloud-pubsublite-v1/src/main/java/com/google/cloud/pubsublite/proto/Topic.java:[2755,42] [MissingOverride] getPeriod implements method in RetentionConfigOrBuilder; expected @Override
    (see https://errorprone.info/bugpattern/MissingOverride)
  Did you mean '@Override public com.google.protobuf.Duration getPeriod() {'?
[WARNING] /home/gabsko/breaking-updates/proto-google-cloud-pubsublite-v1/src/main/java/com/google/cloud/pubsublite/proto/Topic.java:[2882,51] [MissingOverride] getPeriodOrBuilder implements method in RetentionConfigOrBuilder; expected @Override
    (see https://errorprone.info/bugpattern/MissingOverride)
  Did you mean '@Override public com.google.protobuf.DurationOrBuilder getPeriodOrBuilder() {'?
[WARNING] /home/gabsko/breaking-updates/proto-google-cloud-pubsublite-v1/src/main/java/com/google/cloud/pubsublite/proto/Topic.java:[3301,18] [ReferenceEquality] Comparison using reference equality instead of value equality
    (see https://errorprone.info/bugpattern/ReferenceEquality)
  Did you mean 'return this.equals(DEFAULT_INSTANCE) ? new Builder() : new Builder().mergeFrom(this);'?
[WARNING] /home/gabsko/breaking-updates/proto-google-cloud-pubsublite-v1/src/main/java/com/google/cloud/pubsublite/proto/Topic.java:[3436,18] [ReferenceEquality] Comparison using reference equality instead of value equality
    (see https://errorprone.info/bugpattern/ReferenceEquality)
  Did you mean 'if (Objects.equals(other, com.google.cloud.pubsublite.proto.Topic.ReservationConfig.getDefaultInstance()))' or 'if (other.equals(com.google.cloud.pubsublite.proto.Topic.ReservationConfig.getDefaultInstance()))'?
[WARNING] /home/gabsko/breaking-updates/proto-google-cloud-pubsublite-v1/src/main/java/com/google/cloud/pubsublite/proto/Topic.java:[3486,30] [MissingOverride] getThroughputReservation implements method in ReservationConfigOrBuilder; expected @Override
    (see https://errorprone.info/bugpattern/MissingOverride)
  Did you mean '@Override public java.lang.String getThroughputReservation() {'?
[WARNING] /home/gabsko/breaking-updates/proto-google-cloud-pubsublite-v1/src/main/java/com/google/cloud/pubsublite/proto/Topic.java:[3510,44] [MissingOverride] getThroughputReservationBytes implements method in ReservationConfigOrBuilder; expected @Override
    (see https://errorprone.info/bugpattern/MissingOverride)
  Did you mean '@Override public com.google.protobuf.ByteString getThroughputReservationBytes() {'?
[WARNING] /home/gabsko/breaking-updates/proto-google-cloud-pubsublite-v1/src/main/java/com/google/cloud/pubsublite/proto/Topic.java:[4032,16] [ReferenceEquality] Comparison using reference equality instead of value equality
    (see https://errorprone.info/bugpattern/ReferenceEquality)
  Did you mean 'return this.equals(DEFAULT_INSTANCE) ? new Builder() : new Builder().mergeFrom(this);'?
[WARNING] /home/gabsko/breaking-updates/proto-google-cloud-pubsublite-v1/src/main/java/com/google/cloud/pubsublite/proto/Topic.java:[4196,16] [ReferenceEquality] Comparison using reference equality instead of value equality
    (see https://errorprone.info/bugpattern/ReferenceEquality)
  Did you mean 'if (Objects.equals(other, com.google.cloud.pubsublite.proto.Topic.getDefaultInstance())) return this;' or 'if (other.equals(com.google.cloud.pubsublite.proto.Topic.getDefaultInstance())) return this;'?
[WARNING] /home/gabsko/breaking-updates/proto-google-cloud-pubsublite-v1/src/main/java/com/google/cloud/pubsublite/proto/Topic.java:[4253,28] [MissingOverride] getName implements method in TopicOrBuilder; expected @Override
    (see https://errorprone.info/bugpattern/MissingOverride)
  Did you mean '@Override public java.lang.String getName() {'?
[WARNING] /home/gabsko/breaking-updates/proto-google-cloud-pubsublite-v1/src/main/java/com/google/cloud/pubsublite/proto/Topic.java:[4277,42] [MissingOverride] getNameBytes implements method in TopicOrBuilder; expected @Override
    (see https://errorprone.info/bugpattern/MissingOverride)
  Did you mean '@Override public com.google.protobuf.ByteString getNameBytes() {'?
[WARNING] /home/gabsko/breaking-updates/proto-google-cloud-pubsublite-v1/src/main/java/com/google/cloud/pubsublite/proto/Topic.java:[4372,19] [MissingOverride] hasPartitionConfig implements method in TopicOrBuilder; expected @Override
    (see https://errorprone.info/bugpattern/MissingOverride)
  Did you mean '@Override public boolean hasPartitionConfig() {'?
[WARNING] /home/gabsko/breaking-updates/proto-google-cloud-pubsublite-v1/src/main/java/com/google/cloud/pubsublite/proto/Topic.java:[4386,67] [MissingOverride] getPartitionConfig implements method in TopicOrBuilder; expected @Override
    (see https://errorprone.info/bugpattern/MissingOverride)
  Did you mean '@Override public com.google.cloud.pubsublite.proto.Topic.PartitionConfig getPartitionConfig() {'?
[WARNING] /home/gabsko/breaking-updates/proto-google-cloud-pubsublite-v1/src/main/java/com/google/cloud/pubsublite/proto/Topic.java:[4510,8] [MissingOverride] getPartitionConfigOrBuilder implements method in TopicOrBuilder; expected @Override
    (see https://errorprone.info/bugpattern/MissingOverride)
  Did you mean '@Override public com.google.cloud.pubsublite.proto.Topic.PartitionConfigOrBuilder'?
[WARNING] /home/gabsko/breaking-updates/proto-google-cloud-pubsublite-v1/src/main/java/com/google/cloud/pubsublite/proto/Topic.java:[4562,19] [MissingOverride] hasRetentionConfig implements method in TopicOrBuilder; expected @Override
    (see https://errorprone.info/bugpattern/MissingOverride)
  Did you mean '@Override public boolean hasRetentionConfig() {'?
[WARNING] /home/gabsko/breaking-updates/proto-google-cloud-pubsublite-v1/src/main/java/com/google/cloud/pubsublite/proto/Topic.java:[4576,67] [MissingOverride] getRetentionConfig implements method in TopicOrBuilder; expected @Override
    (see https://errorprone.info/bugpattern/MissingOverride)
  Did you mean '@Override public com.google.cloud.pubsublite.proto.Topic.RetentionConfig getRetentionConfig() {'?
[WARNING] /home/gabsko/breaking-updates/proto-google-cloud-pubsublite-v1/src/main/java/com/google/cloud/pubsublite/proto/Topic.java:[4700,8] [MissingOverride] getRetentionConfigOrBuilder implements method in TopicOrBuilder; expected @Override
    (see https://errorprone.info/bugpattern/MissingOverride)
  Did you mean '@Override public com.google.cloud.pubsublite.proto.Topic.RetentionConfigOrBuilder'?
[WARNING] /home/gabsko/breaking-updates/proto-google-cloud-pubsublite-v1/src/main/java/com/google/cloud/pubsublite/proto/Topic.java:[4752,19] [MissingOverride] hasReservationConfig implements method in TopicOrBuilder; expected @Override
    (see https://errorprone.info/bugpattern/MissingOverride)
  Did you mean '@Override public boolean hasReservationConfig() {'?
[WARNING] /home/gabsko/breaking-updates/proto-google-cloud-pubsublite-v1/src/main/java/com/google/cloud/pubsublite/proto/Topic.java:[4766,69] [MissingOverride] getReservationConfig implements method in TopicOrBuilder; expected @Override
    (see https://errorprone.info/bugpattern/MissingOverride)
  Did you mean '@Override public com.google.cloud.pubsublite.proto.Topic.ReservationConfig getReservationConfig() {'?
[WARNING] /home/gabsko/breaking-updates/proto-google-cloud-pubsublite-v1/src/main/java/com/google/cloud/pubsublite/proto/Topic.java:[4891,8] [MissingOverride] getReservationConfigOrBuilder implements method in TopicOrBuilder; expected @Override
    (see https://errorprone.info/bugpattern/MissingOverride)
  Did you mean '@Override public com.google.cloud.pubsublite.proto.Topic.ReservationConfigOrBuilder'?
[WARNING] /home/gabsko/breaking-updates/proto-google-cloud-pubsublite-v1/src/main/java/com/google/cloud/pubsublite/proto/Subscription.java:[351,23] [MissingOverride] getNumber implements method in ProtocolMessageEnum; expected @Override
    (see https://errorprone.info/bugpattern/MissingOverride)
  Did you mean '@Override public final int getNumber() {'?
[WARNING] /home/gabsko/breaking-updates/proto-google-cloud-pubsublite-v1/src/main/java/com/google/cloud/pubsublite/proto/Subscription.java:[365,40] [InlineMeSuggester] This deprecated API looks inlineable. If you'd like the body of the API to be inlined to its callers, please annotate it with @InlineMe.
    (see https://errorprone.info/bugpattern/InlineMeSuggester)
  Did you mean '@InlineMe(replacement = "DeliveryRequirement.forNumber(value)", imports = "com.google.cloud.pubsublite.proto.Subscription.DeliveryConfig.DeliveryRequirement")'?
[WARNING] /home/gabsko/breaking-updates/proto-google-cloud-pubsublite-v1/src/main/java/com/google/cloud/pubsublite/proto/Subscription.java:[370,9] [MissingSummary] A summary fragment is required; consider using the value of the @return block as a summary fragment instead.
    (see https://google.github.io/styleguide/javaguide.html#s7.2-summary-fragment)
  Did you mean '*Returns the enum associated with the given numeric wire value.'?
[WARNING] /home/gabsko/breaking-updates/proto-google-cloud-pubsublite-v1/src/main/java/com/google/cloud/pubsublite/proto/Subscription.java:[394,43] [MissingOverride] findValueByNumber implements method in EnumLiteMap; expected @Override
    (see https://errorprone.info/bugpattern/MissingOverride)
  Did you mean '@Override public DeliveryRequirement findValueByNumber(int number) {'?
[WARNING] /home/gabsko/breaking-updates/proto-google-cloud-pubsublite-v1/src/main/java/com/google/cloud/pubsublite/proto/Subscription.java:[399,71] [MissingOverride] getValueDescriptor implements method in ProtocolMessageEnum; expected @Override
    (see https://errorprone.info/bugpattern/MissingOverride)
  Did you mean '@Override public final com.google.protobuf.Descriptors.EnumValueDescriptor getValueDescriptor() {'?
[WARNING] /home/gabsko/breaking-updates/proto-google-cloud-pubsublite-v1/src/main/java/com/google/cloud/pubsublite/proto/Subscription.java:[407,66] [MissingOverride] getDescriptorForType implements method in ProtocolMessageEnum; expected @Override
    (see https://errorprone.info/bugpattern/MissingOverride)
  Did you mean '@Override public final com.google.protobuf.Descriptors.EnumDescriptor getDescriptorForType() {'?
[WARNING] /home/gabsko/breaking-updates/proto-google-cloud-pubsublite-v1/src/main/java/com/google/cloud/pubsublite/proto/Subscription.java:[642,18] [ReferenceEquality] Comparison using reference equality instead of value equality
    (see https://errorprone.info/bugpattern/ReferenceEquality)
  Did you mean 'return this.equals(DEFAULT_INSTANCE) ? new Builder() : new Builder().mergeFrom(this);'?
[WARNING] /home/gabsko/breaking-updates/proto-google-cloud-pubsublite-v1/src/main/java/com/google/cloud/pubsublite/proto/Subscription.java:[780,12] [ReferenceEquality] Comparison using reference equality instead of value equality
    (see https://errorprone.info/bugpattern/ReferenceEquality)
  Did you mean 'if (Objects.equals(other, com.google.cloud.pubsublite.proto.Subscription.DeliveryConfig.getDefaultInstance()))' or 'if (other.equals(com.google.cloud.pubsublite.proto.Subscription.DeliveryConfig.getDefaultInstance()))'?
[WARNING] /home/gabsko/breaking-updates/proto-google-cloud-pubsublite-v1/src/main/java/com/google/cloud/pubsublite/proto/Subscription.java:[1307,16] [ReferenceEquality] Comparison using reference equality instead of value equality
    (see https://errorprone.info/bugpattern/ReferenceEquality)
  Did you mean 'return this.equals(DEFAULT_INSTANCE) ? new Builder() : new Builder().mergeFrom(this);'?
[WARNING] /home/gabsko/breaking-updates/proto-google-cloud-pubsublite-v1/src/main/java/com/google/cloud/pubsublite/proto/Subscription.java:[1452,16] [ReferenceEquality] Comparison using reference equality instead of value equality
    (see https://errorprone.info/bugpattern/ReferenceEquality)
  Did you mean 'if (Objects.equals(other, com.google.cloud.pubsublite.proto.Subscription.getDefaultInstance())) return this;' or 'if (other.equals(com.google.cloud.pubsublite.proto.Subscription.getDefaultInstance())) return this;'?
[WARNING] /home/gabsko/breaking-updates/proto-google-cloud-pubsublite-v1/src/main/java/com/google/cloud/pubsublite/proto/Subscription.java:[1507,28] [MissingOverride] getName implements method in SubscriptionOrBuilder; expected @Override
    (see https://errorprone.info/bugpattern/MissingOverride)
  Did you mean '@Override public java.lang.String getName() {'?
[WARNING] /home/gabsko/breaking-updates/proto-google-cloud-pubsublite-v1/src/main/java/com/google/cloud/pubsublite/proto/Subscription.java:[1531,42] [MissingOverride] getNameBytes implements method in SubscriptionOrBuilder; expected @Override
    (see https://errorprone.info/bugpattern/MissingOverride)
  Did you mean '@Override public com.google.protobuf.ByteString getNameBytes() {'?
[WARNING] /home/gabsko/breaking-updates/proto-google-cloud-pubsublite-v1/src/main/java/com/google/cloud/pubsublite/proto/Subscription.java:[1623,28] [MissingOverride] getTopic implements method in SubscriptionOrBuilder; expected @Override
    (see https://errorprone.info/bugpattern/MissingOverride)
  Did you mean '@Override public java.lang.String getTopic() {'?
[WARNING] /home/gabsko/breaking-updates/proto-google-cloud-pubsublite-v1/src/main/java/com/google/cloud/pubsublite/proto/Subscription.java:[1647,42] [MissingOverride] getTopicBytes implements method in SubscriptionOrBuilder; expected @Override
    (see https://errorprone.info/bugpattern/MissingOverride)
  Did you mean '@Override public com.google.protobuf.ByteString getTopicBytes() {'?
[WARNING] /home/gabsko/breaking-updates/proto-google-cloud-pubsublite-v1/src/main/java/com/google/cloud/pubsublite/proto/Subscription.java:[1742,19] [MissingOverride] hasDeliveryConfig implements method in SubscriptionOrBuilder; expected @Override
    (see https://errorprone.info/bugpattern/MissingOverride)
  Did you mean '@Override public boolean hasDeliveryConfig() {'?
[WARNING] /home/gabsko/breaking-updates/proto-google-cloud-pubsublite-v1/src/main/java/com/google/cloud/pubsublite/proto/Subscription.java:[1756,73] [MissingOverride] getDeliveryConfig implements method in SubscriptionOrBuilder; expected @Override
    (see https://errorprone.info/bugpattern/MissingOverride)
  Did you mean '@Override public com.google.cloud.pubsublite.proto.Subscription.DeliveryConfig getDeliveryConfig() {'?
[WARNING] /home/gabsko/breaking-updates/proto-google-cloud-pubsublite-v1/src/main/java/com/google/cloud/pubsublite/proto/Subscription.java:[1881,8] [MissingOverride] getDeliveryConfigOrBuilder implements method in SubscriptionOrBuilder; expected @Override
    (see https://errorprone.info/bugpattern/MissingOverride)
  Did you mean '@Override public com.google.cloud.pubsublite.proto.Subscription.DeliveryConfigOrBuilder'?
[WARNING] /home/gabsko/breaking-updates/proto-google-cloud-pubsublite-v1/src/main/java/com/google/cloud/pubsublite/proto/PartitionAssignmentAck.java:[252,16] [ReferenceEquality] Comparison using reference equality instead of value equality
    (see https://errorprone.info/bugpattern/ReferenceEquality)
  Did you mean 'return this.equals(DEFAULT_INSTANCE) ? new Builder() : new Builder().mergeFrom(this);'?
[WARNING] /home/gabsko/breaking-updates/proto-google-cloud-pubsublite-v1/src/main/java/com/google/cloud/pubsublite/proto/PartitionAssignmentAck.java:[384,16] [ReferenceEquality] Comparison using reference equality instead of value equality
    (see https://errorprone.info/bugpattern/ReferenceEquality)
  Did you mean 'if (Objects.equals(other, com.google.cloud.pubsublite.proto.PartitionAssignmentAck.getDefaultInstance()))' or 'if (other.equals(com.google.cloud.pubsublite.proto.PartitionAssignmentAck.getDefaultInstance()))'?
[WARNING] /home/gabsko/breaking-updates/proto-google-cloud-pubsublite-v1/src/main/java/com/google/cloud/pubsublite/proto/SubscribeResponse.java:[182,31] [InlineMeSuggester] This deprecated API looks inlineable. If you'd like the body of the API to be inlined to its callers, please annotate it with @InlineMe.
    (see https://errorprone.info/bugpattern/InlineMeSuggester)
  Did you mean '@InlineMe(replacement = "ResponseCase.forNumber(value)", imports = "com.google.cloud.pubsublite.proto.SubscribeResponse.ResponseCase")'?
[INFO] 
[INFO] --- build-helper-maven-plugin:3.3.0:add-test-resource (add-test-proto-resources) @ proto-google-cloud-pubsublite-v1 ---
[INFO] 
[INFO] --- maven-resources-plugin:2.6:testResources (default-testResources) @ proto-google-cloud-pubsublite-v1 ---
[INFO] Using 'UTF-8' encoding to copy filtered resources.
[INFO] skip non existing resourceDirectory /home/gabsko/breaking-updates/proto-google-cloud-pubsublite-v1/src/test/resources
[INFO] skip non existing resourceDirectory /home/gabsko/breaking-updates/proto-google-cloud-pubsublite-v1/src/test/proto
[INFO] 
[INFO] --- maven-compiler-plugin:3.10.0:testCompile (default-testCompile) @ proto-google-cloud-pubsublite-v1 ---
[INFO] No sources to compile
[INFO] 
[INFO] --- animal-sniffer-maven-plugin:1.20:check (java8) @ proto-google-cloud-pubsublite-v1 ---
[INFO] Checking unresolved references to org.codehaus.mojo.signature:java18:1.0
[INFO] 
[INFO] --- maven-surefire-plugin:3.0.0-M5:test (default-test) @ proto-google-cloud-pubsublite-v1 ---
[INFO] No tests to run.
[INFO] 
[INFO] --- jacoco-maven-plugin:0.8.7:report (report) @ proto-google-cloud-pubsublite-v1 ---
[INFO] Skipping JaCoCo execution due to missing execution data file.
[INFO] 
[INFO] --------< com.google.api.grpc:grpc-google-cloud-pubsublite-v1 >---------
[INFO] Building grpc-google-cloud-pubsublite-v1 1.4.12-SNAPSHOT           [3/5]
[INFO] --------------------------------[ jar ]---------------------------------
[INFO] 
[INFO] --- maven-clean-plugin:2.5:clean (default-clean) @ grpc-google-cloud-pubsublite-v1 ---
[INFO] Deleting /home/gabsko/breaking-updates/grpc-google-cloud-pubsublite-v1/target
[INFO] 
[INFO] --- flatten-maven-plugin:1.2.7:clean (flatten.clean) @ grpc-google-cloud-pubsublite-v1 ---
[INFO] Deleting /home/gabsko/breaking-updates/grpc-google-cloud-pubsublite-v1/.flattened-pom.xml
[INFO] 
[INFO] --- maven-enforcer-plugin:3.0.0-M3:enforce (enforce) @ grpc-google-cloud-pubsublite-v1 ---
[INFO] Adding ignore: module-info
[INFO] Adding ignore: META-INF/versions/*/module-info
[INFO] 
[INFO] --- maven-checkstyle-plugin:3.1.2:check (checkstyle) @ grpc-google-cloud-pubsublite-v1 ---
[INFO] 
[INFO] --- jacoco-maven-plugin:0.8.7:prepare-agent (default) @ grpc-google-cloud-pubsublite-v1 ---
[INFO] argLine set to -javaagent:/home/gabsko/.m2/repository/org/jacoco/org.jacoco.agent/0.8.7/org.jacoco.agent-0.8.7-runtime.jar=destfile=/home/gabsko/breaking-updates/grpc-google-cloud-pubsublite-v1/target/jacoco.exec
[INFO] 
[INFO] --- build-helper-maven-plugin:3.3.0:add-resource (add-main-proto-resources) @ grpc-google-cloud-pubsublite-v1 ---
[INFO] 
[INFO] --- maven-resources-plugin:2.6:resources (default-resources) @ grpc-google-cloud-pubsublite-v1 ---
[INFO] Using 'UTF-8' encoding to copy filtered resources.
[INFO] skip non existing resourceDirectory /home/gabsko/breaking-updates/grpc-google-cloud-pubsublite-v1/src/main/resources
[INFO] skip non existing resourceDirectory /home/gabsko/breaking-updates/grpc-google-cloud-pubsublite-v1/src/main/proto
[INFO] 
[INFO] --- flatten-maven-plugin:1.2.7:flatten (flatten) @ grpc-google-cloud-pubsublite-v1 ---
[INFO] Generating flattened POM of project com.google.api.grpc:grpc-google-cloud-pubsublite-v1:jar:1.4.12-SNAPSHOT...
[INFO] 
[INFO] --- maven-compiler-plugin:3.10.0:compile (default-compile) @ grpc-google-cloud-pubsublite-v1 ---
[INFO] Changes detected - recompiling the module!
[INFO] Compiling 6 source files to /home/gabsko/breaking-updates/grpc-google-cloud-pubsublite-v1/target/classes
[WARNING] Unable to autodetect 'javac' path, using 'javac' from the environment.
[WARNING] [options] bootstrap class path not set in conjunction with -source 8
[WARNING] No processor claimed any of these annotations: javax.annotation.Generated,io.grpc.stub.annotations.GrpcGenerated,io.grpc.stub.annotations.RpcMethod
[INFO] 
[INFO] --- build-helper-maven-plugin:3.3.0:add-test-resource (add-test-proto-resources) @ grpc-google-cloud-pubsublite-v1 ---
[INFO] 
[INFO] --- maven-resources-plugin:2.6:testResources (default-testResources) @ grpc-google-cloud-pubsublite-v1 ---
[INFO] Using 'UTF-8' encoding to copy filtered resources.
[INFO] skip non existing resourceDirectory /home/gabsko/breaking-updates/grpc-google-cloud-pubsublite-v1/src/test/resources
[INFO] skip non existing resourceDirectory /home/gabsko/breaking-updates/grpc-google-cloud-pubsublite-v1/src/test/proto
[INFO] 
[INFO] --- maven-compiler-plugin:3.10.0:testCompile (default-testCompile) @ grpc-google-cloud-pubsublite-v1 ---
[INFO] No sources to compile
[INFO] 
[INFO] --- animal-sniffer-maven-plugin:1.20:check (java8) @ grpc-google-cloud-pubsublite-v1 ---
[INFO] Checking unresolved references to org.codehaus.mojo.signature:java18:1.0
[INFO] 
[INFO] --- maven-surefire-plugin:3.0.0-M5:test (default-test) @ grpc-google-cloud-pubsublite-v1 ---
[INFO] No tests to run.
[INFO] 
[INFO] --- jacoco-maven-plugin:0.8.7:report (report) @ grpc-google-cloud-pubsublite-v1 ---
[INFO] Skipping JaCoCo execution due to missing execution data file.
[INFO] 
[INFO] --------------< com.google.cloud:google-cloud-pubsublite >--------------
[INFO] Building Google Cloud Pub/Sub Lite 1.4.12-SNAPSHOT                 [4/5]
[INFO] --------------------------------[ jar ]---------------------------------
[INFO] 
[INFO] --- maven-clean-plugin:2.5:clean (default-clean) @ google-cloud-pubsublite ---
[INFO] Deleting /home/gabsko/breaking-updates/google-cloud-pubsublite/target
[INFO] 
[INFO] --- flatten-maven-plugin:1.2.7:clean (flatten.clean) @ google-cloud-pubsublite ---
[INFO] Deleting /home/gabsko/breaking-updates/google-cloud-pubsublite/.flattened-pom.xml
[INFO] 
[INFO] --- maven-enforcer-plugin:3.0.0:enforce (enforce) @ google-cloud-pubsublite ---
[INFO] Adding ignore: module-info
[INFO] Adding ignore: META-INF/versions/*/module-info
[INFO] 
[INFO] --- maven-checkstyle-plugin:3.1.2:check (checkstyle) @ google-cloud-pubsublite ---
[INFO] Starting audit...
Audit done.
[INFO] You have 0 Checkstyle violations.
[INFO] 
[INFO] --- jacoco-maven-plugin:0.8.7:prepare-agent (default) @ google-cloud-pubsublite ---
[INFO] argLine set to -javaagent:/home/gabsko/.m2/repository/org/jacoco/org.jacoco.agent/0.8.7/org.jacoco.agent-0.8.7-runtime.jar=destfile=/home/gabsko/breaking-updates/google-cloud-pubsublite/target/jacoco.exec
[INFO] 
[INFO] --- build-helper-maven-plugin:3.3.0:add-resource (add-main-proto-resources) @ google-cloud-pubsublite ---
[INFO] 
[INFO] --- maven-resources-plugin:2.6:resources (default-resources) @ google-cloud-pubsublite ---
[INFO] Using 'UTF-8' encoding to copy filtered resources.
[INFO] skip non existing resourceDirectory /home/gabsko/breaking-updates/google-cloud-pubsublite/src/main/resources
[INFO] skip non existing resourceDirectory /home/gabsko/breaking-updates/google-cloud-pubsublite/src/main/proto
[INFO] 
[INFO] --- flatten-maven-plugin:1.2.7:flatten (flatten) @ google-cloud-pubsublite ---
[INFO] Generating flattened POM of project com.google.cloud:google-cloud-pubsublite:jar:1.4.12-SNAPSHOT...
[INFO] 
[INFO] --- maven-compiler-plugin:3.10.0:compile (default-compile) @ google-cloud-pubsublite ---
[INFO] Changes detected - recompiling the module!
[INFO] Compiling 177 source files to /home/gabsko/breaking-updates/google-cloud-pubsublite/target/classes
[WARNING] Unable to autodetect 'javac' path, using 'javac' from the environment.
[WARNING] [options] bootstrap class path not set in conjunction with -source 8
[WARNING] No processor claimed any of these annotations: com.google.auto.value.AutoOneOf,com.google.api.core.BetaApi,com.google.auto.value.AutoValue.Builder,com.google.errorprone.annotations.concurrent.LockMethod,com.google.errorprone.annotations.CheckReturnValue,com.google.errorprone.annotations.concurrent.GuardedBy,javax.annotation.concurrent.ThreadSafe,javax.annotation.concurrent.GuardedBy,com.google.errorprone.annotations.concurrent.UnlockMethod,javax.annotation.ParametersAreNonnullByDefault,javax.annotation.Generated,com.google.auto.value.AutoValue,com.google.common.annotations.VisibleForTesting,javax.annotation.Nullable
[WARNING] No processor claimed any of these annotations: javax.annotation.Generated
[WARNING] /home/gabsko/breaking-updates/google-cloud-pubsublite/src/main/java/com/google/cloud/pubsublite/Constants.java:[29,10] [deprecation] setJittered(boolean) in Builder has been deprecated
[WARNING] /home/gabsko/breaking-updates/google-cloud-pubsublite/src/main/java/com/google/cloud/pubsublite/SubscriptionPath.java:[33,16] [serial] serializable class SubscriptionPath has no definition of serialVersionUID
[WARNING] /home/gabsko/breaking-updates/google-cloud-pubsublite/src/main/java/com/google/cloud/pubsublite/Offset.java:[24,16] [serial] serializable class Offset has no definition of serialVersionUID
[WARNING] /home/gabsko/breaking-updates/google-cloud-pubsublite/src/main/java/com/google/cloud/pubsublite/internal/CheckedApiException.java:[28,7] [serial] serializable class CheckedApiException has no definition of serialVersionUID
[WARNING] /home/gabsko/breaking-updates/google-cloud-pubsublite/src/main/java/com/google/cloud/pubsublite/ProjectIdOrNumber.java:[23,16] [serial] serializable class ProjectIdOrNumber has no definition of serialVersionUID
[WARNING] /home/gabsko/breaking-updates/google-cloud-pubsublite/src/main/java/com/google/cloud/pubsublite/CloudRegionOrZone.java:[24,16] [serial] serializable class CloudRegionOrZone has no definition of serialVersionUID
[WARNING] /home/gabsko/breaking-updates/google-cloud-pubsublite/src/main/java/com/google/cloud/pubsublite/SubscriptionName.java:[27,16] [serial] serializable class SubscriptionName has no definition of serialVersionUID
[WARNING] /home/gabsko/breaking-updates/google-cloud-pubsublite/src/main/java/com/google/cloud/pubsublite/LocationPath.java:[28,16] [serial] serializable class LocationPath has no definition of serialVersionUID
[WARNING] /home/gabsko/breaking-updates/google-cloud-pubsublite/src/main/java/com/google/cloud/pubsublite/ProjectId.java:[26,16] [serial] serializable class ProjectId has no definition of serialVersionUID
[WARNING] /home/gabsko/breaking-updates/google-cloud-pubsublite/src/main/java/com/google/cloud/pubsublite/ProjectNumber.java:[31,16] [serial] serializable class ProjectNumber has no definition of serialVersionUID
[WARNING] /home/gabsko/breaking-updates/google-cloud-pubsublite/src/main/java/com/google/cloud/pubsublite/ProjectPath.java:[27,16] [serial] serializable class ProjectPath has no definition of serialVersionUID
[WARNING] /home/gabsko/breaking-updates/google-cloud-pubsublite/src/main/java/com/google/cloud/pubsublite/TopicPath.java:[32,16] [serial] serializable class TopicPath has no definition of serialVersionUID
[WARNING] /home/gabsko/breaking-updates/google-cloud-pubsublite/src/main/java/com/google/cloud/pubsublite/internal/ExtractStatus.java:[85,38] [overloads] <I#1,O>rethrowAsRuntime(StatusFunction<I#1,O>) in ExtractStatus is potentially ambiguous with <I#2>rethrowAsRuntime(StatusConsumer<I#2>) in ExtractStatus
  where I#1,O,I#2 are type-variables:
    I#1 extends Object declared in method <I#1,O>rethrowAsRuntime(StatusFunction<I#1,O>)
    O extends Object declared in method <I#1,O>rethrowAsRuntime(StatusFunction<I#1,O>)
    I#2 extends Object declared in method <I#2>rethrowAsRuntime(StatusConsumer<I#2>)
[WARNING] /home/gabsko/breaking-updates/google-cloud-pubsublite/src/main/java/com/google/cloud/pubsublite/SeekTarget.java:[25,16] [serial] serializable class SeekTarget has no definition of serialVersionUID
[WARNING] /home/gabsko/breaking-updates/google-cloud-pubsublite/src/main/java/com/google/cloud/pubsublite/ReservationPath.java:[33,16] [serial] serializable class ReservationPath has no definition of serialVersionUID
[WARNING] /home/gabsko/breaking-updates/google-cloud-pubsublite/src/main/java/com/google/cloud/pubsublite/ReservationName.java:[27,16] [serial] serializable class ReservationName has no definition of serialVersionUID
[WARNING] /home/gabsko/breaking-updates/google-cloud-pubsublite/src/main/java/com/google/cloud/pubsublite/v1/AdminServiceSettings.java:[273,17] [unchecked] toBuilder() in AdminServiceSettings overrides <B>toBuilder() in ClientSettings
  return type requires unchecked conversion from com.google.cloud.pubsublite.v1.AdminServiceSettings.Builder to B
  where B,SettingsT are type-variables:
    B extends com.google.api.gax.rpc.ClientSettings.Builder<SettingsT,B> declared in method <B>toBuilder()
    SettingsT extends ClientSettings<SettingsT> declared in class ClientSettings
[WARNING] /home/gabsko/breaking-updates/google-cloud-pubsublite/src/main/java/com/google/cloud/pubsublite/v1/AdminServiceSettings.java:[315,11] [static] static method should be qualified by type name, Builder, instead of by an expression
[WARNING] /home/gabsko/breaking-updates/google-cloud-pubsublite/src/main/java/com/google/cloud/pubsublite/v1/stub/AdminServiceStubSettings.java:[1148,36] [unchecked] build() in com.google.cloud.pubsublite.v1.stub.AdminServiceStubSettings.Builder overrides <B>build() in com.google.api.gax.rpc.StubSettings.Builder
  return type requires unchecked conversion from AdminServiceStubSettings to StubSettings<B>
  where B is a type-variable:
    B extends StubSettings<B> declared in method <B>build()
[WARNING] /home/gabsko/breaking-updates/google-cloud-pubsublite/src/main/java/com/google/cloud/pubsublite/v1/stub/AdminServiceStubSettings.java:[1014,11] [static] static method should be qualified by type name, Builder, instead of by an expression
[WARNING] /home/gabsko/breaking-updates/google-cloud-pubsublite/src/main/java/com/google/cloud/pubsublite/TopicName.java:[27,16] [serial] serializable class TopicName has no definition of serialVersionUID
[WARNING] /home/gabsko/breaking-updates/google-cloud-pubsublite/src/main/java/com/google/cloud/pubsublite/v1/PartitionAssignmentServiceSettings.java:[130,17] [unchecked] toBuilder() in PartitionAssignmentServiceSettings overrides <B>toBuilder() in ClientSettings
  return type requires unchecked conversion from com.google.cloud.pubsublite.v1.PartitionAssignmentServiceSettings.Builder to B
  where B,SettingsT are type-variables:
    B extends com.google.api.gax.rpc.ClientSettings.Builder<SettingsT,B> declared in method <B>toBuilder()
    SettingsT extends ClientSettings<SettingsT> declared in class ClientSettings
[WARNING] /home/gabsko/breaking-updates/google-cloud-pubsublite/src/main/java/com/google/cloud/pubsublite/v1/PartitionAssignmentServiceSettings.java:[173,11] [static] static method should be qualified by type name, Builder, instead of by an expression
[WARNING] /home/gabsko/breaking-updates/google-cloud-pubsublite/src/main/java/com/google/cloud/pubsublite/v1/stub/PartitionAssignmentServiceStubSettings.java:[259,50] [unchecked] build() in com.google.cloud.pubsublite.v1.stub.PartitionAssignmentServiceStubSettings.Builder overrides <B>build() in com.google.api.gax.rpc.StubSettings.Builder
  return type requires unchecked conversion from PartitionAssignmentServiceStubSettings to StubSettings<B>
  where B is a type-variable:
    B extends StubSettings<B> declared in method <B>build()
[WARNING] /home/gabsko/breaking-updates/google-cloud-pubsublite/src/main/java/com/google/cloud/pubsublite/v1/stub/PartitionAssignmentServiceStubSettings.java:[244,11] [static] static method should be qualified by type name, Builder, instead of by an expression
[WARNING] /home/gabsko/breaking-updates/google-cloud-pubsublite/src/main/java/com/google/cloud/pubsublite/v1/CursorServiceSettings.java:[148,17] [unchecked] toBuilder() in CursorServiceSettings overrides <B>toBuilder() in ClientSettings
  return type requires unchecked conversion from com.google.cloud.pubsublite.v1.CursorServiceSettings.Builder to B
  where B,SettingsT are type-variables:
    B extends com.google.api.gax.rpc.ClientSettings.Builder<SettingsT,B> declared in method <B>toBuilder()
    SettingsT extends ClientSettings<SettingsT> declared in class ClientSettings
[WARNING] /home/gabsko/breaking-updates/google-cloud-pubsublite/src/main/java/com/google/cloud/pubsublite/v1/CursorServiceSettings.java:[190,11] [static] static method should be qualified by type name, Builder, instead of by an expression
[WARNING] /home/gabsko/breaking-updates/google-cloud-pubsublite/src/main/java/com/google/cloud/pubsublite/v1/stub/CursorServiceStubSettings.java:[421,37] [unchecked] build() in com.google.cloud.pubsublite.v1.stub.CursorServiceStubSettings.Builder overrides <B>build() in com.google.api.gax.rpc.StubSettings.Builder
  return type requires unchecked conversion from CursorServiceStubSettings to StubSettings<B>
  where B is a type-variable:
    B extends StubSettings<B> declared in method <B>build()
[WARNING] /home/gabsko/breaking-updates/google-cloud-pubsublite/src/main/java/com/google/cloud/pubsublite/v1/stub/CursorServiceStubSettings.java:[390,11] [static] static method should be qualified by type name, Builder, instead of by an expression
[WARNING] /home/gabsko/breaking-updates/google-cloud-pubsublite/src/main/java/com/google/cloud/pubsublite/v1/SubscriberServiceSettings.java:[127,17] [unchecked] toBuilder() in SubscriberServiceSettings overrides <B>toBuilder() in ClientSettings
  return type requires unchecked conversion from com.google.cloud.pubsublite.v1.SubscriberServiceSettings.Builder to B
  where B,SettingsT are type-variables:
    B extends com.google.api.gax.rpc.ClientSettings.Builder<SettingsT,B> declared in method <B>toBuilder()
    SettingsT extends ClientSettings<SettingsT> declared in class ClientSettings
[WARNING] /home/gabsko/breaking-updates/google-cloud-pubsublite/src/main/java/com/google/cloud/pubsublite/v1/SubscriberServiceSettings.java:[169,11] [static] static method should be qualified by type name, Builder, instead of by an expression
[WARNING] /home/gabsko/breaking-updates/google-cloud-pubsublite/src/main/java/com/google/cloud/pubsublite/v1/stub/SubscriberServiceStubSettings.java:[254,41] [unchecked] build() in com.google.cloud.pubsublite.v1.stub.SubscriberServiceStubSettings.Builder overrides <B>build() in com.google.api.gax.rpc.StubSettings.Builder
  return type requires unchecked conversion from SubscriberServiceStubSettings to StubSettings<B>
  where B is a type-variable:
    B extends StubSettings<B> declared in method <B>build()
[WARNING] /home/gabsko/breaking-updates/google-cloud-pubsublite/src/main/java/com/google/cloud/pubsublite/v1/stub/SubscriberServiceStubSettings.java:[240,11] [static] static method should be qualified by type name, Builder, instead of by an expression
[WARNING] /home/gabsko/breaking-updates/google-cloud-pubsublite/src/main/java/com/google/cloud/pubsublite/internal/wire/ConnectedCommitter.java:[21] [try] auto-closeable resource ConnectedCommitter has a member method close() that could throw InterruptedException
[WARNING] /home/gabsko/breaking-updates/google-cloud-pubsublite/src/main/java/com/google/cloud/pubsublite/v1/PublisherServiceSettings.java:[127,17] [unchecked] toBuilder() in PublisherServiceSettings overrides <B>toBuilder() in ClientSettings
  return type requires unchecked conversion from com.google.cloud.pubsublite.v1.PublisherServiceSettings.Builder to B
  where B,SettingsT are type-variables:
    B extends com.google.api.gax.rpc.ClientSettings.Builder<SettingsT,B> declared in method <B>toBuilder()
    SettingsT extends ClientSettings<SettingsT> declared in class ClientSettings
[WARNING] /home/gabsko/breaking-updates/google-cloud-pubsublite/src/main/java/com/google/cloud/pubsublite/v1/PublisherServiceSettings.java:[169,11] [static] static method should be qualified by type name, Builder, instead of by an expression
[WARNING] /home/gabsko/breaking-updates/google-cloud-pubsublite/src/main/java/com/google/cloud/pubsublite/v1/stub/PublisherServiceStubSettings.java:[252,40] [unchecked] build() in com.google.cloud.pubsublite.v1.stub.PublisherServiceStubSettings.Builder overrides <B>build() in com.google.api.gax.rpc.StubSettings.Builder
  return type requires unchecked conversion from PublisherServiceStubSettings to StubSettings<B>
  where B is a type-variable:
    B extends StubSettings<B> declared in method <B>build()
[WARNING] /home/gabsko/breaking-updates/google-cloud-pubsublite/src/main/java/com/google/cloud/pubsublite/v1/stub/PublisherServiceStubSettings.java:[238,11] [static] static method should be qualified by type name, Builder, instead of by an expression
[WARNING] /home/gabsko/breaking-updates/google-cloud-pubsublite/src/main/java/com/google/cloud/pubsublite/v1/TopicStatsServiceSettings.java:[143,17] [unchecked] toBuilder() in TopicStatsServiceSettings overrides <B>toBuilder() in ClientSettings
  return type requires unchecked conversion from com.google.cloud.pubsublite.v1.TopicStatsServiceSettings.Builder to B
  where B,SettingsT are type-variables:
    B extends com.google.api.gax.rpc.ClientSettings.Builder<SettingsT,B> declared in method <B>toBuilder()
    SettingsT extends ClientSettings<SettingsT> declared in class ClientSettings
[WARNING] /home/gabsko/breaking-updates/google-cloud-pubsublite/src/main/java/com/google/cloud/pubsublite/v1/TopicStatsServiceSettings.java:[185,11] [static] static method should be qualified by type name, Builder, instead of by an expression
[WARNING] /home/gabsko/breaking-updates/google-cloud-pubsublite/src/main/java/com/google/cloud/pubsublite/v1/stub/TopicStatsServiceStubSettings.java:[335,41] [unchecked] build() in com.google.cloud.pubsublite.v1.stub.TopicStatsServiceStubSettings.Builder overrides <B>build() in com.google.api.gax.rpc.StubSettings.Builder
  return type requires unchecked conversion from TopicStatsServiceStubSettings to StubSettings<B>
  where B is a type-variable:
    B extends StubSettings<B> declared in method <B>build()
[WARNING] /home/gabsko/breaking-updates/google-cloud-pubsublite/src/main/java/com/google/cloud/pubsublite/v1/stub/TopicStatsServiceStubSettings.java:[308,11] [static] static method should be qualified by type name, Builder, instead of by an expression
[WARNING] /home/gabsko/breaking-updates/google-cloud-pubsublite/src/main/java/com/google/cloud/pubsublite/internal/PullSubscriber.java:[24,7] [try] auto-closeable resource PullSubscriber<T> has a member method close() that could throw InterruptedException
  where T is a type-variable:
    T extends Object declared in interface PullSubscriber
[WARNING] /home/gabsko/breaking-updates/google-cloud-pubsublite/src/main/java/com/google/cloud/pubsublite/internal/wire/ConnectedSubscriber.java:[21] [try] auto-closeable resource ConnectedSubscriber has a member method close() that could throw InterruptedException
[WARNING] /home/gabsko/breaking-updates/google-cloud-pubsublite/src/main/java/com/google/cloud/pubsublite/internal/wire/StreamIdleTimer.java:[30] [try] auto-closeable resource StreamIdleTimer has a member method close() that could throw InterruptedException
[WARNING] /home/gabsko/breaking-updates/google-cloud-pubsublite/src/main/java/com/google/cloud/pubsublite/internal/wire/ConnectedAssigner.java:[19,7] [try] auto-closeable resource ConnectedAssigner has a member method close() that could throw InterruptedException
[WARNING] /home/gabsko/breaking-updates/google-cloud-pubsublite/src/main/java/com/google/cloud/pubsublite/internal/wire/BatchPublisher.java:[22] [try] auto-closeable resource BatchPublisher has a member method close() that could throw InterruptedException
[WARNING] /home/gabsko/breaking-updates/google-cloud-pubsublite/src/main/java/com/google/cloud/pubsublite/internal/testing/UnitTestExamples.java:[64,17] [cast] redundant cast to T
  where T is a type-variable:
    T extends Object declared in method <T>example(Class<T>)
[WARNING] /home/gabsko/breaking-updates/google-cloud-pubsublite/target/generated-sources/annotations/com/google/cloud/pubsublite/AutoOneOf_CloudRegionOrZone.java:[24,26] [serial] serializable class Parent_ has no definition of serialVersionUID
[WARNING] /home/gabsko/breaking-updates/google-cloud-pubsublite/target/generated-sources/annotations/com/google/cloud/pubsublite/AutoOneOf_CloudRegionOrZone.java:[36,23] [serial] serializable class Impl_region has no definition of serialVersionUID
[WARNING] /home/gabsko/breaking-updates/google-cloud-pubsublite/target/generated-sources/annotations/com/google/cloud/pubsublite/AutoOneOf_CloudRegionOrZone.java:[66,23] [serial] serializable class Impl_zone has no definition of serialVersionUID
[WARNING] /home/gabsko/breaking-updates/google-cloud-pubsublite/target/generated-sources/annotations/com/google/cloud/pubsublite/AutoOneOf_ProjectIdOrNumber.java:[24,26] [serial] serializable class Parent_ has no definition of serialVersionUID
[WARNING] /home/gabsko/breaking-updates/google-cloud-pubsublite/target/generated-sources/annotations/com/google/cloud/pubsublite/AutoOneOf_ProjectIdOrNumber.java:[36,23] [serial] serializable class Impl_name has no definition of serialVersionUID
[WARNING] /home/gabsko/breaking-updates/google-cloud-pubsublite/target/generated-sources/annotations/com/google/cloud/pubsublite/AutoOneOf_ProjectIdOrNumber.java:[66,23] [serial] serializable class Impl_number has no definition of serialVersionUID
[WARNING] /home/gabsko/breaking-updates/google-cloud-pubsublite/target/generated-sources/annotations/com/google/cloud/pubsublite/AutoOneOf_SeekTarget.java:[32,26] [serial] serializable class Parent_ has no definition of serialVersionUID
[WARNING] /home/gabsko/breaking-updates/google-cloud-pubsublite/target/generated-sources/annotations/com/google/cloud/pubsublite/AutoOneOf_SeekTarget.java:[48,23] [serial] serializable class Impl_backlogLocation has no definition of serialVersionUID
[WARNING] /home/gabsko/breaking-updates/google-cloud-pubsublite/target/generated-sources/annotations/com/google/cloud/pubsublite/AutoOneOf_SeekTarget.java:[82,23] [serial] serializable class Impl_publishTime has no definition of serialVersionUID
[WARNING] /home/gabsko/breaking-updates/google-cloud-pubsublite/target/generated-sources/annotations/com/google/cloud/pubsublite/AutoOneOf_SeekTarget.java:[116,23] [serial] serializable class Impl_eventTime has no definition of serialVersionUID
[WARNING] /home/gabsko/breaking-updates/google-cloud-pubsublite/target/generated-sources/annotations/com/google/cloud/pubsublite/AutoValue_LocationPath.java:[6,6] [serial] serializable class AutoValue_LocationPath has no definition of serialVersionUID
[WARNING] /home/gabsko/breaking-updates/google-cloud-pubsublite/target/generated-sources/annotations/com/google/cloud/pubsublite/AutoValue_ReservationName.java:[6,6] [serial] serializable class AutoValue_ReservationName has no definition of serialVersionUID
[WARNING] /home/gabsko/breaking-updates/google-cloud-pubsublite/target/generated-sources/annotations/com/google/cloud/pubsublite/AutoValue_Offset.java:[6,6] [serial] serializable class AutoValue_Offset has no definition of serialVersionUID
[WARNING] /home/gabsko/breaking-updates/google-cloud-pubsublite/target/generated-sources/annotations/com/google/cloud/pubsublite/AutoValue_TopicPath.java:[6,6] [serial] serializable class AutoValue_TopicPath has no definition of serialVersionUID
[WARNING] /home/gabsko/breaking-updates/google-cloud-pubsublite/target/generated-sources/annotations/com/google/cloud/pubsublite/AutoValue_ProjectId.java:[6,6] [serial] serializable class AutoValue_ProjectId has no definition of serialVersionUID
[WARNING] /home/gabsko/breaking-updates/google-cloud-pubsublite/target/generated-sources/annotations/com/google/cloud/pubsublite/AutoValue_SubscriptionPath.java:[6,6] [serial] serializable class AutoValue_SubscriptionPath has no definition of serialVersionUID
[WARNING] /home/gabsko/breaking-updates/google-cloud-pubsublite/target/generated-sources/annotations/com/google/cloud/pubsublite/AutoValue_ProjectPath.java:[6,6] [serial] serializable class AutoValue_ProjectPath has no definition of serialVersionUID
[WARNING] /home/gabsko/breaking-updates/google-cloud-pubsublite/target/generated-sources/annotations/com/google/cloud/pubsublite/AutoValue_ProjectNumber.java:[6,6] [serial] serializable class AutoValue_ProjectNumber has no definition of serialVersionUID
[WARNING] /home/gabsko/breaking-updates/google-cloud-pubsublite/target/generated-sources/annotations/com/google/cloud/pubsublite/AutoValue_TopicName.java:[6,6] [serial] serializable class AutoValue_TopicName has no definition of serialVersionUID
[WARNING] /home/gabsko/breaking-updates/google-cloud-pubsublite/target/generated-sources/annotations/com/google/cloud/pubsublite/AutoValue_SubscriptionName.java:[6,6] [serial] serializable class AutoValue_SubscriptionName has no definition of serialVersionUID
[WARNING] /home/gabsko/breaking-updates/google-cloud-pubsublite/target/generated-sources/annotations/com/google/cloud/pubsublite/AutoValue_ReservationPath.java:[6,6] [serial] serializable class AutoValue_ReservationPath has no definition of serialVersionUID
[WARNING] /home/gabsko/breaking-updates/google-cloud-pubsublite/src/main/java/com/google/cloud/pubsublite/SubscriptionPath.java:[45,16] [AutoValueFinalMethods] Make toString final in AutoValue classes, so it is clear to readers that AutoValue is not overriding them
    (see https://errorprone.info/bugpattern/AutoValueFinalMethods)
  Did you mean 'public final String toString() {'?
[WARNING] /home/gabsko/breaking-updates/google-cloud-pubsublite/src/main/java/com/google/cloud/pubsublite/SubscriptionName.java:[31,16] [AutoValueFinalMethods] Make toString final in AutoValue classes, so it is clear to readers that AutoValue is not overriding them
    (see https://errorprone.info/bugpattern/AutoValueFinalMethods)
  Did you mean 'public final String toString() {'?
[WARNING] /home/gabsko/breaking-updates/google-cloud-pubsublite/src/main/java/com/google/cloud/pubsublite/LocationPath.java:[38,16] [AutoValueFinalMethods] Make toString final in AutoValue classes, so it is clear to readers that AutoValue is not overriding them
    (see https://errorprone.info/bugpattern/AutoValueFinalMethods)
  Did you mean 'public final String toString() {'?
[WARNING] /home/gabsko/breaking-updates/google-cloud-pubsublite/src/main/java/com/google/cloud/pubsublite/CloudRegion.java:[45,16] [AutoValueFinalMethods] Make toString final in AutoValue classes, so it is clear to readers that AutoValue is not overriding them
    (see https://errorprone.info/bugpattern/AutoValueFinalMethods)
  Did you mean 'public final String toString() {'?
[WARNING] /home/gabsko/breaking-updates/google-cloud-pubsublite/src/main/java/com/google/cloud/pubsublite/ProjectId.java:[30,16] [AutoValueFinalMethods] Make toString final in AutoValue classes, so it is clear to readers that AutoValue is not overriding them
    (see https://errorprone.info/bugpattern/AutoValueFinalMethods)
  Did you mean 'public final String toString() {'?
[WARNING] /home/gabsko/breaking-updates/google-cloud-pubsublite/src/main/java/com/google/cloud/pubsublite/ProjectNumber.java:[36,16] [AutoValueFinalMethods] Make toString final in AutoValue classes, so it is clear to readers that AutoValue is not overriding them
    (see https://errorprone.info/bugpattern/AutoValueFinalMethods)
  Did you mean 'public final String toString() {'?
[WARNING] /home/gabsko/breaking-updates/google-cloud-pubsublite/src/main/java/com/google/cloud/pubsublite/ProjectPath.java:[31,16] [AutoValueFinalMethods] Make toString final in AutoValue classes, so it is clear to readers that AutoValue is not overriding them
    (see https://errorprone.info/bugpattern/AutoValueFinalMethods)
  Did you mean 'public final String toString() {'?
[WARNING] /home/gabsko/breaking-updates/google-cloud-pubsublite/src/main/java/com/google/cloud/pubsublite/ProjectPath.java:[53,32] [StringSplitter] String.split(String) has surprising behavior
    (see https://errorprone.info/bugpattern/StringSplitter)
  Did you mean 'List<String> splits = Splitter.on('/').splitToList(path);'?
[WARNING] /home/gabsko/breaking-updates/google-cloud-pubsublite/src/main/java/com/google/cloud/pubsublite/internal/wire/PartitionPublisherFactory.java:[27,7] [MissingOverride] close implements method in AutoCloseable; expected @Override
    (see https://errorprone.info/bugpattern/MissingOverride)
  Did you mean '@Override void close();'?
[WARNING] /home/gabsko/breaking-updates/google-cloud-pubsublite/src/main/java/com/google/cloud/pubsublite/MessageMetadata.java:[46,34] [StringSplitter] String.split(String) has surprising behavior
    (see https://errorprone.info/bugpattern/StringSplitter)
  Did you mean 'List<String> split = Splitter.on(':').splitToList(encoded);'?
[WARNING] /home/gabsko/breaking-updates/google-cloud-pubsublite/src/main/java/com/google/cloud/pubsublite/TopicPath.java:[44,16] [AutoValueFinalMethods] Make toString final in AutoValue classes, so it is clear to readers that AutoValue is not overriding them
    (see https://errorprone.info/bugpattern/AutoValueFinalMethods)
  Did you mean 'public final String toString() {'?
[WARNING] /home/gabsko/breaking-updates/google-cloud-pubsublite/src/main/java/com/google/cloud/pubsublite/AdminClient.java:[171,47] [UnrecognisedJavadocTag] This Javadoc tag wasn't recognised by the parser. Is it malformed somehow, perhaps with mismatched braces?
    (see https://errorprone.info/bugpattern/UnrecognisedJavadocTag)
[WARNING] /home/gabsko/breaking-updates/google-cloud-pubsublite/src/main/java/com/google/cloud/pubsublite/ReservationPath.java:[45,16] [AutoValueFinalMethods] Make toString final in AutoValue classes, so it is clear to readers that AutoValue is not overriding them
    (see https://errorprone.info/bugpattern/AutoValueFinalMethods)
  Did you mean 'public final String toString() {'?
[WARNING] /home/gabsko/breaking-updates/google-cloud-pubsublite/src/main/java/com/google/cloud/pubsublite/ReservationName.java:[31,16] [AutoValueFinalMethods] Make toString final in AutoValue classes, so it is clear to readers that AutoValue is not overriding them
    (see https://errorprone.info/bugpattern/AutoValueFinalMethods)
  Did you mean 'public final String toString() {'?
[WARNING] /home/gabsko/breaking-updates/google-cloud-pubsublite/src/main/java/com/google/cloud/pubsublite/v1/stub/AdminServiceStubSettings.java:[755,20] [UnusedVariable] This assignment to the local variable 'settings' is never read.
    (see https://errorprone.info/bugpattern/UnusedVariable)
  Did you mean to remove this line?
[WARNING] /home/gabsko/breaking-updates/google-cloud-pubsublite/src/main/java/com/google/cloud/pubsublite/TopicName.java:[31,16] [AutoValueFinalMethods] Make toString final in AutoValue classes, so it is clear to readers that AutoValue is not overriding them
    (see https://errorprone.info/bugpattern/AutoValueFinalMethods)
  Did you mean 'public final String toString() {'?
[WARNING] /home/gabsko/breaking-updates/google-cloud-pubsublite/src/main/java/com/google/cloud/pubsublite/v1/stub/PartitionAssignmentServiceStubSettings.java:[193,20] [UnusedVariable] This assignment to the local variable 'settings' is never read.
    (see https://errorprone.info/bugpattern/UnusedVariable)
  Did you mean to remove this line?
[WARNING] /home/gabsko/breaking-updates/google-cloud-pubsublite/src/main/java/com/google/cloud/pubsublite/v1/stub/PartitionAssignmentServiceStubSettings.java:[189,61] [UnusedVariable] The field 'RETRY_PARAM_DEFINITIONS' is never read.
    (see https://errorprone.info/bugpattern/UnusedVariable)
  Did you mean to remove this line or to remove this line?
[WARNING] /home/gabsko/breaking-updates/google-cloud-pubsublite/src/main/java/com/google/cloud/pubsublite/v1/stub/PartitionAssignmentServiceStubSettings.java:[180,8] [UnusedVariable] The field 'RETRYABLE_CODE_DEFINITIONS' is never read.
    (see https://errorprone.info/bugpattern/UnusedVariable)
  Did you mean to remove this line or to remove this line?
[WARNING] /home/gabsko/breaking-updates/google-cloud-pubsublite/src/main/java/com/google/cloud/pubsublite/internal/CheckedApiPreconditions.java:[33,21] [AnnotateFormatMethod] This method passes a pair of parameters through to String.format, but the enclosing method wasn't annotated @FormatMethod. Doing so gives compile-time rather than run-time protection against malformed format strings.
    (see https://errorprone.info/bugpattern/AnnotateFormatMethod)
[WARNING] /home/gabsko/breaking-updates/google-cloud-pubsublite/src/main/java/com/google/cloud/pubsublite/internal/CheckedApiPreconditions.java:[47,21] [AnnotateFormatMethod] This method passes a pair of parameters through to String.format, but the enclosing method wasn't annotated @FormatMethod. Doing so gives compile-time rather than run-time protection against malformed format strings.
    (see https://errorprone.info/bugpattern/AnnotateFormatMethod)
[WARNING] /home/gabsko/breaking-updates/google-cloud-pubsublite/src/main/java/com/google/cloud/pubsublite/cloudpubsub/internal/PartitionSubscriberFactory.java:[30,7] [MissingOverride] close implements method in AutoCloseable; expected @Override
    (see https://errorprone.info/bugpattern/MissingOverride)
  Did you mean '@Override void close();'?
[WARNING] /home/gabsko/breaking-updates/google-cloud-pubsublite/src/main/java/com/google/cloud/pubsublite/cloudpubsub/SubscriberSettings.java:[281,37] [try] auto-closeable resource c1 is never referenced in body of corresponding try statement
[WARNING] /home/gabsko/breaking-updates/google-cloud-pubsublite/src/main/java/com/google/cloud/pubsublite/cloudpubsub/SubscriberSettings.java:[282,32] [try] auto-closeable resource c2 is never referenced in body of corresponding try statement
[WARNING] /home/gabsko/breaking-updates/google-cloud-pubsublite/src/main/java/com/google/cloud/pubsublite/cloudpubsub/SubscriberSettings.java:[90,27] [AutoValueImmutableFields] AutoValue instances should be deeply immutable. Therefore, we recommend returning ImmutableList instead.
    (see https://errorprone.info/bugpattern/AutoValueImmutableFields)
[WARNING] /home/gabsko/breaking-updates/google-cloud-pubsublite/src/main/java/com/google/cloud/pubsublite/v1/stub/CursorServiceStubSettings.java:[309,20] [UnusedVariable] This assignment to the local variable 'settings' is never read.
    (see https://errorprone.info/bugpattern/UnusedVariable)
  Did you mean to remove this line?
[WARNING] /home/gabsko/breaking-updates/google-cloud-pubsublite/src/main/java/com/google/cloud/pubsublite/v1/stub/SubscriberServiceStubSettings.java:[189,20] [UnusedVariable] This assignment to the local variable 'settings' is never read.
    (see https://errorprone.info/bugpattern/UnusedVariable)
  Did you mean to remove this line?
[WARNING] /home/gabsko/breaking-updates/google-cloud-pubsublite/src/main/java/com/google/cloud/pubsublite/v1/stub/SubscriberServiceStubSettings.java:[176,8] [UnusedVariable] The field 'RETRYABLE_CODE_DEFINITIONS' is never read.
    (see https://errorprone.info/bugpattern/UnusedVariable)
  Did you mean to remove this line or to remove this line?
[INFO] 
[INFO] --- build-helper-maven-plugin:3.3.0:add-test-resource (add-test-proto-resources) @ google-cloud-pubsublite ---
[INFO] 
[INFO] --- maven-resources-plugin:2.6:testResources (default-testResources) @ google-cloud-pubsublite ---
[INFO] Using 'UTF-8' encoding to copy filtered resources.
[INFO] Copying 1 resource
[INFO] skip non existing resourceDirectory /home/gabsko/breaking-updates/google-cloud-pubsublite/src/test/proto
[INFO] 
[INFO] --- maven-compiler-plugin:3.10.0:testCompile (default-testCompile) @ google-cloud-pubsublite ---
[INFO] Changes detected - recompiling the module!
[INFO] Compiling 63 source files to /home/gabsko/breaking-updates/google-cloud-pubsublite/target/test-classes
[WARNING] Unable to autodetect 'javac' path, using 'javac' from the environment.
[WARNING] [path] bad path element "/home/gabsko/.m2/repository/io/grpc/grpc-alts/1.44.1/grpc-auth-1.44.1.jar": no such file or directory
[WARNING] [path] bad path element "/home/gabsko/.m2/repository/io/grpc/grpc-alts/1.44.1/grpc-grpclb-1.44.1.jar": no such file or directory
[WARNING] [path] bad path element "/home/gabsko/.m2/repository/io/grpc/grpc-alts/1.44.1/grpc-protobuf-1.44.1.jar": no such file or directory
[WARNING] [path] bad path element "/home/gabsko/.m2/repository/io/grpc/grpc-alts/1.44.1/grpc-stub-1.44.1.jar": no such file or directory
[WARNING] [path] bad path element "/home/gabsko/.m2/repository/io/grpc/grpc-alts/1.44.1/protobuf-java-util-3.19.2.jar": no such file or directory
[WARNING] [path] bad path element "/home/gabsko/.m2/repository/io/grpc/grpc-alts/1.44.1/proto-google-common-protos-2.0.1.jar": no such file or directory
[WARNING] [path] bad path element "/home/gabsko/.m2/repository/io/grpc/grpc-alts/1.44.1/protobuf-java-3.19.2.jar": no such file or directory
[WARNING] [path] bad path element "/home/gabsko/.m2/repository/io/grpc/grpc-alts/1.44.1/conscrypt-openjdk-uber-2.5.1.jar": no such file or directory
[WARNING] [path] bad path element "/home/gabsko/.m2/repository/io/grpc/grpc-alts/1.44.1/google-auth-library-oauth2-http-0.22.2.jar": no such file or directory
[WARNING] [path] bad path element "/home/gabsko/.m2/repository/io/grpc/grpc-alts/1.44.1/grpc-netty-shaded-1.44.1.jar": no such file or directory
[WARNING] [path] bad path element "/home/gabsko/.m2/repository/io/grpc/grpc-alts/1.44.1/grpc-core-1.44.1.jar": no such file or directory
[WARNING] [path] bad path element "/home/gabsko/.m2/repository/io/grpc/grpc-alts/1.44.1/grpc-protobuf-lite-1.44.1.jar": no such file or directory
[WARNING] [path] bad path element "/home/gabsko/.m2/repository/io/grpc/grpc-alts/1.44.1/grpc-api-1.44.1.jar": no such file or directory
[WARNING] [path] bad path element "/home/gabsko/.m2/repository/io/grpc/grpc-alts/1.44.1/google-http-client-jackson2-1.38.0.jar": no such file or directory
[WARNING] [path] bad path element "/home/gabsko/.m2/repository/io/grpc/grpc-alts/1.44.1/google-http-client-1.38.0.jar": no such file or directory
[WARNING] [path] bad path element "/home/gabsko/.m2/repository/io/grpc/grpc-alts/1.44.1/opencensus-contrib-http-util-0.24.0.jar": no such file or directory
[WARNING] [path] bad path element "/home/gabsko/.m2/repository/io/grpc/grpc-alts/1.44.1/guava-30.1.1-android.jar": no such file or directory
[WARNING] [path] bad path element "/home/gabsko/.m2/repository/io/grpc/grpc-alts/1.44.1/google-auth-library-credentials-0.22.2.jar": no such file or directory
[WARNING] [path] bad path element "/home/gabsko/.m2/repository/io/grpc/grpc-alts/1.44.1/error_prone_annotations-2.9.0.jar": no such file or directory
[WARNING] [path] bad path element "/home/gabsko/.m2/repository/io/grpc/grpc-alts/1.44.1/jsr305-3.0.2.jar": no such file or directory
[WARNING] [path] bad path element "/home/gabsko/.m2/repository/io/grpc/grpc-alts/1.44.1/failureaccess-1.0.1.jar": no such file or directory
[WARNING] [path] bad path element "/home/gabsko/.m2/repository/io/grpc/grpc-alts/1.44.1/listenablefuture-9999.0-empty-to-avoid-conflict-with-guava.jar": no such file or directory
[WARNING] [path] bad path element "/home/gabsko/.m2/repository/io/grpc/grpc-alts/1.44.1/checker-compat-qual-2.5.5.jar": no such file or directory
[WARNING] [path] bad path element "/home/gabsko/.m2/repository/io/grpc/grpc-alts/1.44.1/j2objc-annotations-1.3.jar": no such file or directory
[WARNING] [path] bad path element "/home/gabsko/.m2/repository/io/grpc/grpc-alts/1.44.1/auto-value-annotations-1.7.4.jar": no such file or directory
[WARNING] [path] bad path element "/home/gabsko/.m2/repository/io/grpc/grpc-alts/1.44.1/perfmark-api-0.23.0.jar": no such file or directory
[WARNING] [path] bad path element "/home/gabsko/.m2/repository/io/grpc/grpc-alts/1.44.1/opencensus-api-0.24.0.jar": no such file or directory
[WARNING] [path] bad path element "/home/gabsko/.m2/repository/io/grpc/grpc-alts/1.44.1/grpc-context-1.44.1.jar": no such file or directory
[WARNING] [path] bad path element "/home/gabsko/.m2/repository/io/grpc/grpc-alts/1.44.1/gson-2.8.9.jar": no such file or directory
[WARNING] [path] bad path element "/home/gabsko/.m2/repository/io/grpc/grpc-alts/1.44.1/annotations-4.1.1.4.jar": no such file or directory
[WARNING] [path] bad path element "/home/gabsko/.m2/repository/io/grpc/grpc-alts/1.44.1/animal-sniffer-annotations-1.19.jar": no such file or directory
[WARNING] [path] bad path element "/home/gabsko/.m2/repository/io/grpc/grpc-alts/1.44.1/httpclient-4.5.13.jar": no such file or directory
[WARNING] [path] bad path element "/home/gabsko/.m2/repository/io/grpc/grpc-alts/1.44.1/httpcore-4.4.13.jar": no such file or directory
[WARNING] [path] bad path element "/home/gabsko/.m2/repository/io/grpc/grpc-alts/1.44.1/jackson-core-2.11.3.jar": no such file or directory
[WARNING] [path] bad path element "/home/gabsko/.m2/repository/io/grpc/grpc-alts/1.44.1/commons-logging-1.2.jar": no such file or directory
[WARNING] [path] bad path element "/home/gabsko/.m2/repository/io/grpc/grpc-alts/1.44.1/commons-codec-1.11.jar": no such file or directory
[WARNING] [path] bad path element "/home/gabsko/.m2/repository/io/grpc/grpc-netty-shaded/1.44.1/grpc-core-1.44.1.jar": no such file or directory
[WARNING] [path] bad path element "/home/gabsko/.m2/repository/io/grpc/grpc-netty-shaded/1.44.1/grpc-api-1.44.1.jar": no such file or directory
[WARNING] [path] bad path element "/home/gabsko/.m2/repository/io/grpc/grpc-netty-shaded/1.44.1/guava-30.1.1-android.jar": no such file or directory
[WARNING] [path] bad path element "/home/gabsko/.m2/repository/io/grpc/grpc-netty-shaded/1.44.1/error_prone_annotations-2.9.0.jar": no such file or directory
[WARNING] [path] bad path element "/home/gabsko/.m2/repository/io/grpc/grpc-netty-shaded/1.44.1/perfmark-api-0.23.0.jar": no such file or directory
[WARNING] [path] bad path element "/home/gabsko/.m2/repository/io/grpc/grpc-netty-shaded/1.44.1/failureaccess-1.0.1.jar": no such file or directory
[WARNING] [path] bad path element "/home/gabsko/.m2/repository/io/grpc/grpc-netty-shaded/1.44.1/listenablefuture-9999.0-empty-to-avoid-conflict-with-guava.jar": no such file or directory
[WARNING] [path] bad path element "/home/gabsko/.m2/repository/io/grpc/grpc-netty-shaded/1.44.1/jsr305-3.0.2.jar": no such file or directory
[WARNING] [path] bad path element "/home/gabsko/.m2/repository/io/grpc/grpc-netty-shaded/1.44.1/checker-compat-qual-2.5.5.jar": no such file or directory
[WARNING] [path] bad path element "/home/gabsko/.m2/repository/io/grpc/grpc-netty-shaded/1.44.1/j2objc-annotations-1.3.jar": no such file or directory
[WARNING] [path] bad path element "/home/gabsko/.m2/repository/io/grpc/grpc-netty-shaded/1.44.1/gson-2.8.9.jar": no such file or directory
[WARNING] [path] bad path element "/home/gabsko/.m2/repository/io/grpc/grpc-netty-shaded/1.44.1/annotations-4.1.1.4.jar": no such file or directory
[WARNING] [path] bad path element "/home/gabsko/.m2/repository/io/grpc/grpc-netty-shaded/1.44.1/animal-sniffer-annotations-1.19.jar": no such file or directory
[WARNING] [path] bad path element "/home/gabsko/.m2/repository/io/grpc/grpc-netty-shaded/1.44.1/grpc-context-1.44.1.jar": no such file or directory
[WARNING] [path] bad path element "/home/gabsko/.m2/repository/io/grpc/grpc-xds/1.44.1/grpc-services-1.44.1.jar": no such file or directory
[WARNING] [path] bad path element "/home/gabsko/.m2/repository/io/grpc/grpc-xds/1.44.1/grpc-alts-1.44.1.jar": no such file or directory
[WARNING] [path] bad path element "/home/gabsko/.m2/repository/io/grpc/grpc-xds/1.44.1/opencensus-proto-0.2.0.jar": no such file or directory
[WARNING] [path] bad path element "/home/gabsko/.m2/repository/io/grpc/grpc-xds/1.44.1/grpc-grpclb-1.44.1.jar": no such file or directory
[WARNING] [path] bad path element "/home/gabsko/.m2/repository/io/grpc/grpc-xds/1.44.1/grpc-protobuf-1.44.1.jar": no such file or directory
[WARNING] [path] bad path element "/home/gabsko/.m2/repository/io/grpc/grpc-xds/1.44.1/grpc-stub-1.44.1.jar": no such file or directory
[WARNING] [path] bad path element "/home/gabsko/.m2/repository/io/grpc/grpc-xds/1.44.1/grpc-netty-shaded-1.44.1.jar": no such file or directory
[WARNING] [path] bad path element "/home/gabsko/.m2/repository/io/grpc/grpc-xds/1.44.1/grpc-core-1.44.1.jar": no such file or directory
[WARNING] [path] bad path element "/home/gabsko/.m2/repository/io/grpc/grpc-xds/1.44.1/grpc-auth-1.44.1.jar": no such file or directory
[WARNING] [path] bad path element "/home/gabsko/.m2/repository/io/grpc/grpc-xds/1.44.1/protobuf-java-util-3.19.2.jar": no such file or directory
[WARNING] [path] bad path element "/home/gabsko/.m2/repository/io/grpc/grpc-xds/1.44.1/gson-2.8.9.jar": no such file or directory
[WARNING] [path] bad path element "/home/gabsko/.m2/repository/io/grpc/grpc-xds/1.44.1/re2j-1.5.jar": no such file or directory
[WARNING] [path] bad path element "/home/gabsko/.m2/repository/io/grpc/grpc-xds/1.44.1/bcpkix-jdk15on-1.67.jar": no such file or directory
[WARNING] [path] bad path element "/home/gabsko/.m2/repository/io/grpc/grpc-xds/1.44.1/google-auth-library-oauth2-http-0.22.2.jar": no such file or directory
[WARNING] [path] bad path element "/home/gabsko/.m2/repository/io/grpc/grpc-xds/1.44.1/auto-value-annotations-1.7.4.jar": no such file or directory
[WARNING] [path] bad path element "/home/gabsko/.m2/repository/io/grpc/grpc-xds/1.44.1/grpc-protobuf-lite-1.44.1.jar": no such file or directory
[WARNING] [path] bad path element "/home/gabsko/.m2/repository/io/grpc/grpc-xds/1.44.1/grpc-api-1.44.1.jar": no such file or directory
[WARNING] [path] bad path element "/home/gabsko/.m2/repository/io/grpc/grpc-xds/1.44.1/google-http-client-jackson2-1.38.0.jar": no such file or directory
[WARNING] [path] bad path element "/home/gabsko/.m2/repository/io/grpc/grpc-xds/1.44.1/google-http-client-1.38.0.jar": no such file or directory
[WARNING] [path] bad path element "/home/gabsko/.m2/repository/io/grpc/grpc-xds/1.44.1/opencensus-contrib-http-util-0.24.0.jar": no such file or directory
[WARNING] [path] bad path element "/home/gabsko/.m2/repository/io/grpc/grpc-xds/1.44.1/guava-30.1.1-android.jar": no such file or directory
[WARNING] [path] bad path element "/home/gabsko/.m2/repository/io/grpc/grpc-xds/1.44.1/jsr305-3.0.2.jar": no such file or directory
[WARNING] [path] bad path element "/home/gabsko/.m2/repository/io/grpc/grpc-xds/1.44.1/proto-google-common-protos-2.0.1.jar": no such file or directory
[WARNING] [path] bad path element "/home/gabsko/.m2/repository/io/grpc/grpc-xds/1.44.1/protobuf-java-3.19.2.jar": no such file or directory
[WARNING] [path] bad path element "/home/gabsko/.m2/repository/io/grpc/grpc-xds/1.44.1/error_prone_annotations-2.9.0.jar": no such file or directory
[WARNING] [path] bad path element "/home/gabsko/.m2/repository/io/grpc/grpc-xds/1.44.1/annotations-4.1.1.4.jar": no such file or directory
[WARNING] [path] bad path element "/home/gabsko/.m2/repository/io/grpc/grpc-xds/1.44.1/animal-sniffer-annotations-1.19.jar": no such file or directory
[WARNING] [path] bad path element "/home/gabsko/.m2/repository/io/grpc/grpc-xds/1.44.1/perfmark-api-0.23.0.jar": no such file or directory
[WARNING] [path] bad path element "/home/gabsko/.m2/repository/io/grpc/grpc-xds/1.44.1/google-auth-library-credentials-0.22.2.jar": no such file or directory
[WARNING] [path] bad path element "/home/gabsko/.m2/repository/io/grpc/grpc-xds/1.44.1/conscrypt-openjdk-uber-2.5.1.jar": no such file or directory
[WARNING] [path] bad path element "/home/gabsko/.m2/repository/io/grpc/grpc-xds/1.44.1/bcprov-jdk15on-1.67.jar": no such file or directory
[WARNING] [path] bad path element "/home/gabsko/.m2/repository/io/grpc/grpc-xds/1.44.1/j2objc-annotations-1.3.jar": no such file or directory
[WARNING] [path] bad path element "/home/gabsko/.m2/repository/io/grpc/grpc-xds/1.44.1/opencensus-api-0.24.0.jar": no such file or directory
[WARNING] [path] bad path element "/home/gabsko/.m2/repository/io/grpc/grpc-xds/1.44.1/grpc-context-1.44.1.jar": no such file or directory
[WARNING] [path] bad path element "/home/gabsko/.m2/repository/io/grpc/grpc-xds/1.44.1/failureaccess-1.0.1.jar": no such file or directory
[WARNING] [path] bad path element "/home/gabsko/.m2/repository/io/grpc/grpc-xds/1.44.1/listenablefuture-9999.0-empty-to-avoid-conflict-with-guava.jar": no such file or directory
[WARNING] [path] bad path element "/home/gabsko/.m2/repository/io/grpc/grpc-xds/1.44.1/checker-compat-qual-2.5.5.jar": no such file or directory
[WARNING] [path] bad path element "/home/gabsko/.m2/repository/io/grpc/grpc-xds/1.44.1/httpclient-4.5.13.jar": no such file or directory
[WARNING] [path] bad path element "/home/gabsko/.m2/repository/io/grpc/grpc-xds/1.44.1/httpcore-4.4.13.jar": no such file or directory
[WARNING] [path] bad path element "/home/gabsko/.m2/repository/io/grpc/grpc-xds/1.44.1/jackson-core-2.11.3.jar": no such file or directory
[WARNING] [path] bad path element "/home/gabsko/.m2/repository/io/grpc/grpc-xds/1.44.1/commons-logging-1.2.jar": no such file or directory
[WARNING] [path] bad path element "/home/gabsko/.m2/repository/io/grpc/grpc-xds/1.44.1/commons-codec-1.11.jar": no such file or directory
[WARNING] [options] bootstrap class path not set in conjunction with -source 8
[WARNING] No processor claimed any of these annotations: org.junit.AfterClass,com.google.api.core.BetaApi,org.junit.BeforeClass,org.mockito.Mock,com.google.errorprone.annotations.concurrent.GuardedBy,org.junit.runner.RunWith,org.junit.Test,org.mockito.Captor,javax.annotation.Generated,org.junit.Rule,org.mockito.Spy,org.junit.After,org.junit.Before
[WARNING] /home/gabsko/breaking-updates/google-cloud-pubsublite/src/test/java/com/google/cloud/pubsublite/internal/wire/SubscriberImplTest.java:[116,4] [deprecation] initMocks(Object) in MockitoAnnotations has been deprecated
[WARNING] /home/gabsko/breaking-updates/google-cloud-pubsublite/src/test/java/com/google/cloud/pubsublite/internal/wire/BatchingCommitterTest.java:[54,4] [deprecation] initMocks(Object) in MockitoAnnotations has been deprecated
[WARNING] /home/gabsko/breaking-updates/google-cloud-pubsublite/src/test/java/com/google/cloud/pubsublite/internal/wire/RoutingPublisherTest.java:[59,4] [deprecation] initMocks(Object) in MockitoAnnotations has been deprecated
[WARNING] /home/gabsko/breaking-updates/google-cloud-pubsublite/src/test/java/com/google/cloud/pubsublite/internal/wire/ConnectedAssignerImplTest.java:[84,22] [deprecation] initMocks(Object) in MockitoAnnotations has been deprecated
[WARNING] /home/gabsko/breaking-updates/google-cloud-pubsublite/src/test/java/com/google/cloud/pubsublite/internal/wire/ConnectedAssignerImplTest.java:[131,27] [try] auto-closeable resource ConnectedAssigner has a member method close() that could throw InterruptedException
[WARNING] /home/gabsko/breaking-updates/google-cloud-pubsublite/src/test/java/com/google/cloud/pubsublite/internal/wire/ConnectedAssignerImplTest.java:[138,27] [try] auto-closeable resource ConnectedAssigner has a member method close() that could throw InterruptedException
[INFO] 
[INFO] --- animal-sniffer-maven-plugin:1.20:check (java8) @ google-cloud-pubsublite ---
[INFO] Checking unresolved references to org.codehaus.mojo.signature:java18:1.0
[INFO] 
[INFO] --- maven-surefire-plugin:3.0.0-M5:test (default-test) @ google-cloud-pubsublite ---
[INFO] 
[INFO] -------------------------------------------------------
[INFO]  T E S T S
[INFO] -------------------------------------------------------
[INFO] Running com.google.cloud.pubsublite.cloudpubsub.PublisherSettingsTest
[INFO] Tests run: 1, Failures: 0, Errors: 0, Skipped: 0, Time elapsed: 1.052 s - in com.google.cloud.pubsublite.cloudpubsub.PublisherSettingsTest
[INFO] Running com.google.cloud.pubsublite.cloudpubsub.SubscriberSettingsTest
Feb 01, 2023 7:28:15 PM com.google.cloud.pubsublite.internal.wire.AssignerSettings instantiate
INFO: Subscription projects/56/locations/us-central1-a/subscriptions/xyz using UUID 7ec03440-b49a-46b8-a7df-47e662a41b83 for assignment.
[INFO] Tests run: 2, Failures: 0, Errors: 0, Skipped: 0, Time elapsed: 0.208 s - in com.google.cloud.pubsublite.cloudpubsub.SubscriberSettingsTest
[INFO] Running com.google.cloud.pubsublite.cloudpubsub.MessageTransformsTest
[INFO] Tests run: 11, Failures: 0, Errors: 0, Skipped: 0, Time elapsed: 0.382 s - in com.google.cloud.pubsublite.cloudpubsub.MessageTransformsTest
[INFO] Running com.google.cloud.pubsublite.cloudpubsub.internal.AssigningSubscriberTest
[INFO] Tests run: 8, Failures: 0, Errors: 0, Skipped: 0, Time elapsed: 0.171 s - in com.google.cloud.pubsublite.cloudpubsub.internal.AssigningSubscriberTest
[INFO] Running com.google.cloud.pubsublite.cloudpubsub.internal.SinglePartitionSubscriberTest
[INFO] Tests run: 8, Failures: 0, Errors: 0, Skipped: 0, Time elapsed: 0.144 s - in com.google.cloud.pubsublite.cloudpubsub.internal.SinglePartitionSubscriberTest
[INFO] Running com.google.cloud.pubsublite.cloudpubsub.internal.WrappingPublisherTest
[INFO] Tests run: 3, Failures: 0, Errors: 0, Skipped: 0, Time elapsed: 0.03 s - in com.google.cloud.pubsublite.cloudpubsub.internal.WrappingPublisherTest
[INFO] Running com.google.cloud.pubsublite.cloudpubsub.internal.AckSetTrackerImplTest
Feb 01, 2023 7:28:16 PM com.google.cloud.pubsublite.cloudpubsub.internal.WrappingPublisher$1 failed
WARNING: Publisher client failed with permanent error.
com.google.api.gax.rpc.ApiException: 
	at com.google.cloud.pubsublite.internal.CheckedApiException.<init>(CheckedApiException.java:51)
	at com.google.cloud.pubsublite.internal.CheckedApiException.<init>(CheckedApiException.java:59)
	at com.google.cloud.pubsublite.internal.CheckedApiException.<init>(CheckedApiException.java:63)
	at com.google.cloud.pubsublite.cloudpubsub.internal.WrappingPublisherTest.publishAfterFailureFailedImmediately(WrappingPublisherTest.java:110)
	at java.base/jdk.internal.reflect.NativeMethodAccessorImpl.invoke0(Native Method)
	at java.base/jdk.internal.reflect.NativeMethodAccessorImpl.invoke(NativeMethodAccessorImpl.java:62)
	at java.base/jdk.internal.reflect.DelegatingMethodAccessorImpl.invoke(DelegatingMethodAccessorImpl.java:43)
	at java.base/java.lang.reflect.Method.invoke(Method.java:566)
	at org.junit.runners.model.FrameworkMethod$1.runReflectiveCall(FrameworkMethod.java:59)
	at org.junit.internal.runners.model.ReflectiveCallable.run(ReflectiveCallable.java:12)
	at org.junit.runners.model.FrameworkMethod.invokeExplosively(FrameworkMethod.java:56)
	at org.junit.internal.runners.statements.InvokeMethod.evaluate(InvokeMethod.java:17)
	at org.junit.internal.runners.statements.RunBefores.evaluate(RunBefores.java:26)
	at org.junit.internal.runners.statements.RunAfters.evaluate(RunAfters.java:27)
	at org.junit.runners.ParentRunner$3.evaluate(ParentRunner.java:306)
	at org.junit.runners.BlockJUnit4ClassRunner$1.evaluate(BlockJUnit4ClassRunner.java:100)
	at org.junit.runners.ParentRunner.runLeaf(ParentRunner.java:366)
	at org.junit.runners.BlockJUnit4ClassRunner.runChild(BlockJUnit4ClassRunner.java:103)
	at org.junit.runners.BlockJUnit4ClassRunner.runChild(BlockJUnit4ClassRunner.java:63)
	at org.junit.runners.ParentRunner$4.run(ParentRunner.java:331)
	at org.junit.runners.ParentRunner$1.schedule(ParentRunner.java:79)
	at org.junit.runners.ParentRunner.runChildren(ParentRunner.java:329)
	at org.junit.runners.ParentRunner.access$100(ParentRunner.java:66)
	at org.junit.runners.ParentRunner$2.evaluate(ParentRunner.java:293)
	at org.junit.runners.ParentRunner$3.evaluate(ParentRunner.java:306)
	at org.junit.runners.ParentRunner.run(ParentRunner.java:413)
	at org.junit.runners.Suite.runChild(Suite.java:128)
	at org.junit.runners.Suite.runChild(Suite.java:27)
	at org.junit.runners.ParentRunner$4.run(ParentRunner.java:331)
	at org.junit.runners.ParentRunner$1.schedule(ParentRunner.java:79)
	at org.junit.runners.ParentRunner.runChildren(ParentRunner.java:329)
	at org.junit.runners.ParentRunner.access$100(ParentRunner.java:66)
	at org.junit.runners.ParentRunner$2.evaluate(ParentRunner.java:293)
	at org.junit.runners.ParentRunner$3.evaluate(ParentRunner.java:306)
	at org.junit.runners.ParentRunner.run(ParentRunner.java:413)
	at org.apache.maven.surefire.junitcore.JUnitCore.run(JUnitCore.java:55)
	at org.apache.maven.surefire.junitcore.JUnitCoreWrapper.createRequestAndRun(JUnitCoreWrapper.java:137)
	at org.apache.maven.surefire.junitcore.JUnitCoreWrapper.executeEager(JUnitCoreWrapper.java:107)
	at org.apache.maven.surefire.junitcore.JUnitCoreWrapper.execute(JUnitCoreWrapper.java:83)
	at org.apache.maven.surefire.junitcore.JUnitCoreWrapper.execute(JUnitCoreWrapper.java:75)
	at org.apache.maven.surefire.junitcore.JUnitCoreProvider.invoke(JUnitCoreProvider.java:157)
	at org.apache.maven.surefire.booter.ForkedBooter.runSuitesInProcess(ForkedBooter.java:428)
	at org.apache.maven.surefire.booter.ForkedBooter.execute(ForkedBooter.java:162)
	at org.apache.maven.surefire.booter.ForkedBooter.run(ForkedBooter.java:562)
	at org.apache.maven.surefire.booter.ForkedBooter.main(ForkedBooter.java:548)

Feb 01, 2023 7:28:16 PM com.google.cloud.pubsublite.cloudpubsub.internal.WrappingPublisher$1 failed
WARNING: Publisher client failed with permanent error.
com.google.api.gax.rpc.ApiException: 
	at com.google.cloud.pubsublite.internal.CheckedApiException.<init>(CheckedApiException.java:51)
	at com.google.cloud.pubsublite.internal.CheckedApiException.<init>(CheckedApiException.java:55)
	at com.google.cloud.pubsublite.cloudpubsub.MessageTransforms.decodeAttributeEventTime(MessageTransforms.java:62)
	at com.google.cloud.pubsublite.cloudpubsub.MessageTransforms.lambda$fromCpsPublishTransformer$5(MessageTransforms.java:136)
	at com.google.cloud.pubsublite.cloudpubsub.internal.WrappingPublisher.publish(WrappingPublisher.java:69)
	at com.google.cloud.pubsublite.cloudpubsub.internal.WrappingPublisherTest.badTimestampCannotBeTransformed(WrappingPublisherTest.java:102)
	at java.base/jdk.internal.reflect.NativeMethodAccessorImpl.invoke0(Native Method)
	at java.base/jdk.internal.reflect.NativeMethodAccessorImpl.invoke(NativeMethodAccessorImpl.java:62)
	at java.base/jdk.internal.reflect.DelegatingMethodAccessorImpl.invoke(DelegatingMethodAccessorImpl.java:43)
	at java.base/java.lang.reflect.Method.invoke(Method.java:566)
	at org.junit.runners.model.FrameworkMethod$1.runReflectiveCall(FrameworkMethod.java:59)
	at org.junit.internal.runners.model.ReflectiveCallable.run(ReflectiveCallable.java:12)
	at org.junit.runners.model.FrameworkMethod.invokeExplosively(FrameworkMethod.java:56)
	at org.junit.internal.runners.statements.InvokeMethod.evaluate(InvokeMethod.java:17)
	at org.junit.internal.runners.statements.RunBefores.evaluate(RunBefores.java:26)
	at org.junit.internal.runners.statements.RunAfters.evaluate(RunAfters.java:27)
	at org.junit.runners.ParentRunner$3.evaluate(ParentRunner.java:306)
	at org.junit.runners.BlockJUnit4ClassRunner$1.evaluate(BlockJUnit4ClassRunner.java:100)
	at org.junit.runners.ParentRunner.runLeaf(ParentRunner.java:366)
	at org.junit.runners.BlockJUnit4ClassRunner.runChild(BlockJUnit4ClassRunner.java:103)
	at org.junit.runners.BlockJUnit4ClassRunner.runChild(BlockJUnit4ClassRunner.java:63)
	at org.junit.runners.ParentRunner$4.run(ParentRunner.java:331)
	at org.junit.runners.ParentRunner$1.schedule(ParentRunner.java:79)
	at org.junit.runners.ParentRunner.runChildren(ParentRunner.java:329)
	at org.junit.runners.ParentRunner.access$100(ParentRunner.java:66)
	at org.junit.runners.ParentRunner$2.evaluate(ParentRunner.java:293)
	at org.junit.runners.ParentRunner$3.evaluate(ParentRunner.java:306)
	at org.junit.runners.ParentRunner.run(ParentRunner.java:413)
	at org.junit.runners.Suite.runChild(Suite.java:128)
	at org.junit.runners.Suite.runChild(Suite.java:27)
	at org.junit.runners.ParentRunner$4.run(ParentRunner.java:331)
	at org.junit.runners.ParentRunner$1.schedule(ParentRunner.java:79)
	at org.junit.runners.ParentRunner.runChildren(ParentRunner.java:329)
	at org.junit.runners.ParentRunner.access$100(ParentRunner.java:66)
	at org.junit.runners.ParentRunner$2.evaluate(ParentRunner.java:293)
	at org.junit.runners.ParentRunner$3.evaluate(ParentRunner.java:306)
	at org.junit.runners.ParentRunner.run(ParentRunner.java:413)
	at org.apache.maven.surefire.junitcore.JUnitCore.run(JUnitCore.java:55)
	at org.apache.maven.surefire.junitcore.JUnitCoreWrapper.createRequestAndRun(JUnitCoreWrapper.java:137)
	at org.apache.maven.surefire.junitcore.JUnitCoreWrapper.executeEager(JUnitCoreWrapper.java:107)
	at org.apache.maven.surefire.junitcore.JUnitCoreWrapper.execute(JUnitCoreWrapper.java:83)
	at org.apache.maven.surefire.junitcore.JUnitCoreWrapper.execute(JUnitCoreWrapper.java:75)
	at org.apache.maven.surefire.junitcore.JUnitCoreProvider.invoke(JUnitCoreProvider.java:157)
	at org.apache.maven.surefire.booter.ForkedBooter.runSuitesInProcess(ForkedBooter.java:428)
	at org.apache.maven.surefire.booter.ForkedBooter.execute(ForkedBooter.java:162)
	at org.apache.maven.surefire.booter.ForkedBooter.run(ForkedBooter.java:562)
	at org.apache.maven.surefire.booter.ForkedBooter.main(ForkedBooter.java:548)
Caused by: java.lang.IllegalArgumentException: Illegal base64 character 20
	at java.base/java.util.Base64$Decoder.decode0(Base64.java:746)
	at java.base/java.util.Base64$Decoder.decode(Base64.java:538)
	at java.base/java.util.Base64$Decoder.decode(Base64.java:561)
	at com.google.cloud.pubsublite.cloudpubsub.MessageTransforms.decodeAttributeEventTime(MessageTransforms.java:60)
	... 44 more

[INFO] Tests run: 4, Failures: 0, Errors: 0, Skipped: 0, Time elapsed: 0.083 s - in com.google.cloud.pubsublite.cloudpubsub.internal.AckSetTrackerImplTest
[INFO] Running com.google.cloud.pubsublite.v1.SubscriberServiceClientTest
[INFO] Tests run: 2, Failures: 0, Errors: 0, Skipped: 0, Time elapsed: 0.306 s - in com.google.cloud.pubsublite.v1.SubscriberServiceClientTest
[INFO] Running com.google.cloud.pubsublite.v1.TopicStatsServiceClientTest
[INFO] Tests run: 6, Failures: 0, Errors: 0, Skipped: 0, Time elapsed: 0.076 s - in com.google.cloud.pubsublite.v1.TopicStatsServiceClientTest
[INFO] Running com.google.cloud.pubsublite.v1.PartitionAssignmentServiceClientTest
[INFO] Tests run: 2, Failures: 0, Errors: 0, Skipped: 0, Time elapsed: 0.018 s - in com.google.cloud.pubsublite.v1.PartitionAssignmentServiceClientTest
[INFO] Running com.google.cloud.pubsublite.v1.PublisherServiceClientTest
[INFO] Tests run: 2, Failures: 0, Errors: 0, Skipped: 0, Time elapsed: 0.022 s - in com.google.cloud.pubsublite.v1.PublisherServiceClientTest
[INFO] Running com.google.cloud.pubsublite.v1.CursorServiceClientTest
[INFO] Tests run: 8, Failures: 0, Errors: 0, Skipped: 0, Time elapsed: 0.125 s - in com.google.cloud.pubsublite.v1.CursorServiceClientTest
[INFO] Running com.google.cloud.pubsublite.v1.AdminServiceClientTest
[INFO] Tests run: 68, Failures: 0, Errors: 0, Skipped: 0, Time elapsed: 0.402 s - in com.google.cloud.pubsublite.v1.AdminServiceClientTest
[INFO] Running com.google.cloud.pubsublite.MessageMetadataTest
[INFO] Tests run: 4, Failures: 0, Errors: 0, Skipped: 0, Time elapsed: 0.001 s - in com.google.cloud.pubsublite.MessageMetadataTest
[INFO] Running com.google.cloud.pubsublite.internal.CursorClientImplTest
[INFO] Tests run: 5, Failures: 0, Errors: 0, Skipped: 0, Time elapsed: 0.037 s - in com.google.cloud.pubsublite.internal.CursorClientImplTest
[INFO] Running com.google.cloud.pubsublite.internal.TopicStatsClientSettingsTest
[INFO] Tests run: 1, Failures: 0, Errors: 0, Skipped: 0, Time elapsed: 0.013 s - in com.google.cloud.pubsublite.internal.TopicStatsClientSettingsTest
[INFO] Running com.google.cloud.pubsublite.internal.DefaultRoutingPolicyTest
[INFO] Tests run: 1, Failures: 0, Errors: 0, Skipped: 0, Time elapsed: 0.066 s - in com.google.cloud.pubsublite.internal.DefaultRoutingPolicyTest
[INFO] Running com.google.cloud.pubsublite.internal.AdminClientImplTest
[INFO] Tests run: 44, Failures: 0, Errors: 0, Skipped: 0, Time elapsed: 0.231 s - in com.google.cloud.pubsublite.internal.AdminClientImplTest
[INFO] Running com.google.cloud.pubsublite.internal.SerialExecutorTest
[INFO] Tests run: 2, Failures: 0, Errors: 0, Skipped: 0, Time elapsed: 0.008 s - in com.google.cloud.pubsublite.internal.SerialExecutorTest
[INFO] Running com.google.cloud.pubsublite.internal.BlockingPullSubscriberImplTest
[INFO] Tests run: 9, Failures: 0, Errors: 0, Skipped: 0, Time elapsed: 1.039 s - in com.google.cloud.pubsublite.internal.BlockingPullSubscriberImplTest
[INFO] Running com.google.cloud.pubsublite.internal.CloseableMonitorTest
[INFO] Tests run: 2, Failures: 0, Errors: 0, Skipped: 0, Time elapsed: 0 s - in com.google.cloud.pubsublite.internal.CloseableMonitorTest
[INFO] Running com.google.cloud.pubsublite.internal.CursorClientSettingsTest
[INFO] Tests run: 1, Failures: 0, Errors: 0, Skipped: 0, Time elapsed: 0 s - in com.google.cloud.pubsublite.internal.CursorClientSettingsTest
[INFO] Running com.google.cloud.pubsublite.internal.TopicStatsClientImplTest
[INFO] Tests run: 11, Failures: 0, Errors: 0, Skipped: 0, Time elapsed: 0.024 s - in com.google.cloud.pubsublite.internal.TopicStatsClientImplTest
[INFO] Running com.google.cloud.pubsublite.internal.BufferingPullSubscriberTest
[INFO] Tests run: 6, Failures: 0, Errors: 0, Skipped: 0, Time elapsed: 0.018 s - in com.google.cloud.pubsublite.internal.BufferingPullSubscriberTest
[INFO] Running com.google.cloud.pubsublite.internal.wire.ConnectedCommitterImplTest
[INFO] Tests run: 9, Failures: 0, Errors: 0, Skipped: 0, Time elapsed: 0.259 s - in com.google.cloud.pubsublite.internal.wire.ConnectedCommitterImplTest
[INFO] Running com.google.cloud.pubsublite.internal.wire.SubscriberImplTest
[INFO] Tests run: 12, Failures: 0, Errors: 0, Skipped: 0, Time elapsed: 0.155 s - in com.google.cloud.pubsublite.internal.wire.SubscriberImplTest
[INFO] Running com.google.cloud.pubsublite.internal.wire.StreamIdleTimerTest
[INFO] Tests run: 4, Failures: 0, Errors: 0, Skipped: 0, Time elapsed: 0.037 s - in com.google.cloud.pubsublite.internal.wire.StreamIdleTimerTest
[INFO] Running com.google.cloud.pubsublite.internal.wire.VersionsTest
[INFO] Tests run: 3, Failures: 0, Errors: 0, Skipped: 0, Time elapsed: 0.003 s - in com.google.cloud.pubsublite.internal.wire.VersionsTest
[INFO] Running com.google.cloud.pubsublite.internal.wire.ConnectedAssignerImplTest
[INFO] Tests run: 7, Failures: 0, Errors: 0, Skipped: 0, Time elapsed: 0.016 s - in com.google.cloud.pubsublite.internal.wire.ConnectedAssignerImplTest
[INFO] Running com.google.cloud.pubsublite.internal.wire.SubscriberBuilderTest
[INFO] Tests run: 2, Failures: 0, Errors: 0, Skipped: 0, Time elapsed: 0 s - in com.google.cloud.pubsublite.internal.wire.SubscriberBuilderTest
[INFO] Running com.google.cloud.pubsublite.internal.wire.PartitionCountWatcherImplTest
Feb 01, 2023 7:28:19 PM com.google.cloud.pubsublite.internal.wire.PartitionCountWatcherImpl onAlarm
WARNING: Failed to refresh partition count
com.google.api.gax.rpc.ApiException: 
	at com.google.cloud.pubsublite.internal.CheckedApiException.<init>(CheckedApiException.java:51)
	at com.google.cloud.pubsublite.internal.CheckedApiException.<init>(CheckedApiException.java:59)
	at com.google.cloud.pubsublite.internal.CheckedApiException.<init>(CheckedApiException.java:63)
	at com.google.cloud.pubsublite.internal.wire.PartitionCountWatcherImplTest.testFailuresAfterFirstSuccessIgnored(PartitionCountWatcherImplTest.java:125)
	at java.base/jdk.internal.reflect.NativeMethodAccessorImpl.invoke0(Native Method)
	at java.base/jdk.internal.reflect.NativeMethodAccessorImpl.invoke(NativeMethodAccessorImpl.java:62)
	at java.base/jdk.internal.reflect.DelegatingMethodAccessorImpl.invoke(DelegatingMethodAccessorImpl.java:43)
	at java.base/java.lang.reflect.Method.invoke(Method.java:566)
	at org.junit.runners.model.FrameworkMethod$1.runReflectiveCall(FrameworkMethod.java:59)
	at org.junit.internal.runners.model.ReflectiveCallable.run(ReflectiveCallable.java:12)
	at org.junit.runners.model.FrameworkMethod.invokeExplosively(FrameworkMethod.java:56)
	at org.junit.internal.runners.statements.InvokeMethod.evaluate(InvokeMethod.java:17)
	at org.junit.internal.runners.statements.RunBefores.evaluate(RunBefores.java:26)
	at org.junit.runners.ParentRunner$3.evaluate(ParentRunner.java:306)
	at org.junit.runners.BlockJUnit4ClassRunner$1.evaluate(BlockJUnit4ClassRunner.java:100)
	at org.junit.runners.ParentRunner.runLeaf(ParentRunner.java:366)
	at org.junit.runners.BlockJUnit4ClassRunner.runChild(BlockJUnit4ClassRunner.java:103)
	at org.junit.runners.BlockJUnit4ClassRunner.runChild(BlockJUnit4ClassRunner.java:63)
	at org.junit.runners.ParentRunner$4.run(ParentRunner.java:331)
	at org.junit.runners.ParentRunner$1.schedule(ParentRunner.java:79)
	at org.junit.runners.ParentRunner.runChildren(ParentRunner.java:329)
	at org.junit.runners.ParentRunner.access$100(ParentRunner.java:66)
	at org.junit.runners.ParentRunner$2.evaluate(ParentRunner.java:293)
	at org.junit.runners.ParentRunner$3.evaluate(ParentRunner.java:306)
	at org.junit.runners.ParentRunner.run(ParentRunner.java:413)
	at org.junit.runners.Suite.runChild(Suite.java:128)
	at org.junit.runners.Suite.runChild(Suite.java:27)
	at org.junit.runners.ParentRunner$4.run(ParentRunner.java:331)
	at org.junit.runners.ParentRunner$1.schedule(ParentRunner.java:79)
	at org.junit.runners.ParentRunner.runChildren(ParentRunner.java:329)
	at org.junit.runners.ParentRunner.access$100(ParentRunner.java:66)
	at org.junit.runners.ParentRunner$2.evaluate(ParentRunner.java:293)
	at org.junit.runners.ParentRunner$3.evaluate(ParentRunner.java:306)
	at org.junit.runners.ParentRunner.run(ParentRunner.java:413)
	at org.apache.maven.surefire.junitcore.JUnitCore.run(JUnitCore.java:55)
	at org.apache.maven.surefire.junitcore.JUnitCoreWrapper.createRequestAndRun(JUnitCoreWrapper.java:137)
	at org.apache.maven.surefire.junitcore.JUnitCoreWrapper.executeEager(JUnitCoreWrapper.java:107)
	at org.apache.maven.surefire.junitcore.JUnitCoreWrapper.execute(JUnitCoreWrapper.java:83)
	at org.apache.maven.surefire.junitcore.JUnitCoreWrapper.execute(JUnitCoreWrapper.java:75)
	at org.apache.maven.surefire.junitcore.JUnitCoreProvider.invoke(JUnitCoreProvider.java:157)
	at org.apache.maven.surefire.booter.ForkedBooter.runSuitesInProcess(ForkedBooter.java:428)
	at org.apache.maven.surefire.booter.ForkedBooter.execute(ForkedBooter.java:162)
	at org.apache.maven.surefire.booter.ForkedBooter.run(ForkedBooter.java:562)
	at org.apache.maven.surefire.booter.ForkedBooter.main(ForkedBooter.java:548)

[INFO] Tests run: 6, Failures: 0, Errors: 0, Skipped: 0, Time elapsed: 0.003 s - in com.google.cloud.pubsublite.internal.wire.PartitionCountWatcherImplTest
[INFO] Running com.google.cloud.pubsublite.internal.wire.PubsubContextTest
[INFO] Tests run: 2, Failures: 0, Errors: 0, Skipped: 0, Time elapsed: 0.042 s - in com.google.cloud.pubsublite.internal.wire.PubsubContextTest
[INFO] Running com.google.cloud.pubsublite.internal.wire.RoutingPublisherTest
[INFO] Tests run: 4, Failures: 0, Errors: 0, Skipped: 0, Time elapsed: 0.026 s - in com.google.cloud.pubsublite.internal.wire.RoutingPublisherTest
[INFO] Running com.google.cloud.pubsublite.internal.wire.SerialBatcherTest
[INFO] Tests run: 5, Failures: 0, Errors: 0, Skipped: 0, Time elapsed: 0.002 s - in com.google.cloud.pubsublite.internal.wire.SerialBatcherTest
[INFO] Running com.google.cloud.pubsublite.internal.wire.CommitStateTest
[INFO] Tests run: 4, Failures: 0, Errors: 0, Skipped: 0, Time elapsed: 0.001 s - in com.google.cloud.pubsublite.internal.wire.CommitStateTest
[INFO] Running com.google.cloud.pubsublite.internal.wire.CommitterSettingsTest
[INFO] Tests run: 1, Failures: 0, Errors: 0, Skipped: 0, Time elapsed: 0.005 s - in com.google.cloud.pubsublite.internal.wire.CommitterSettingsTest
[INFO] Running com.google.cloud.pubsublite.internal.wire.FlowControlBatcherTest
[INFO] Tests run: 5, Failures: 0, Errors: 0, Skipped: 0, Time elapsed: 0 s - in com.google.cloud.pubsublite.internal.wire.FlowControlBatcherTest
[INFO] Running com.google.cloud.pubsublite.internal.wire.AssignerSettingsTest
[INFO] Tests run: 1, Failures: 0, Errors: 0, Skipped: 0, Time elapsed: 0.003 s - in com.google.cloud.pubsublite.internal.wire.AssignerSettingsTest
[INFO] Running com.google.cloud.pubsublite.internal.wire.BatchPublisherImplTest
[INFO] Tests run: 7, Failures: 0, Errors: 0, Skipped: 0, Time elapsed: 0.024 s - in com.google.cloud.pubsublite.internal.wire.BatchPublisherImplTest
[INFO] Running com.google.cloud.pubsublite.internal.wire.PublisherBuilderTest
[INFO] Tests run: 1, Failures: 0, Errors: 0, Skipped: 0, Time elapsed: 0 s - in com.google.cloud.pubsublite.internal.wire.PublisherBuilderTest
[INFO] Running com.google.cloud.pubsublite.internal.wire.SinglePartitionPublisherTest
[INFO] Tests run: 3, Failures: 0, Errors: 0, Skipped: 0, Time elapsed: 0.067 s - in com.google.cloud.pubsublite.internal.wire.SinglePartitionPublisherTest
[INFO] Running com.google.cloud.pubsublite.internal.wire.PartitionCountWatchingPublisherTest
Feb 01, 2023 7:28:19 PM com.google.cloud.pubsublite.internal.wire.PartitionCountWatchingPublisher handleConfig
WARNING: Received an unexpected decrease in partition count. Previous partition count 2, new count 1
Feb 01, 2023 7:28:19 PM com.google.cloud.pubsublite.internal.wire.PartitionCountWatchingPublisher handlePermanentError
WARNING: Encountered exception while trying to handle failure
com.google.api.gax.rpc.ApiException: 
	at com.google.cloud.pubsublite.internal.CheckedApiException.<init>(CheckedApiException.java:51)
	at com.google.cloud.pubsublite.internal.CheckedApiException.<init>(CheckedApiException.java:55)
	at com.google.cloud.pubsublite.internal.ExtractStatus.toCanonical(ExtractStatus.java:49)
	at com.google.cloud.pubsublite.internal.wire.ApiServiceUtils.blockingShutdown(ApiServiceUtils.java:75)
	at com.google.cloud.pubsublite.internal.wire.PartitionCountWatchingPublisher$PartitionsWithRouting.stop(PartitionCountWatchingPublisher.java:88)
	at java.base/java.util.Optional.ifPresent(Optional.java:183)
	at com.google.cloud.pubsublite.internal.wire.PartitionCountWatchingPublisher.stop(PartitionCountWatchingPublisher.java:211)
	at com.google.cloud.pubsublite.internal.wire.PartitionCountWatchingPublisher.handlePermanentError(PartitionCountWatchingPublisher.java:217)
	at com.google.cloud.pubsublite.internal.ProxyService.onPermanentError(ProxyService.java:86)
	at com.google.cloud.pubsublite.internal.wire.PartitionCountWatchingPublisher.access$100(PartitionCountWatchingPublisher.java:42)
	at com.google.cloud.pubsublite.internal.wire.PartitionCountWatchingPublisher$1.failed(PartitionCountWatchingPublisher.java:162)
	at com.google.api.core.AbstractApiService$1.failed(AbstractApiService.java:69)
	at com.google.common.util.concurrent.AbstractService$5.call(AbstractService.java:564)
	at com.google.common.util.concurrent.AbstractService$5.call(AbstractService.java:561)
	at com.google.common.util.concurrent.ListenerCallQueue$PerListenerQueue.run(ListenerCallQueue.java:206)
	at java.base/java.util.concurrent.ThreadPoolExecutor.runWorker(ThreadPoolExecutor.java:1128)
	at java.base/java.util.concurrent.ThreadPoolExecutor$Worker.run(ThreadPoolExecutor.java:628)
	at java.base/java.lang.Thread.run(Thread.java:829)
Caused by: java.lang.IllegalStateException: Expected the service InnerService [FAILED] to be TERMINATED, but the service has FAILED
	at com.google.common.util.concurrent.AbstractService.checkCurrentState(AbstractService.java:381)
	at com.google.common.util.concurrent.AbstractService.awaitTerminated(AbstractService.java:338)
	at com.google.api.core.AbstractApiService.awaitTerminated(AbstractApiService.java:104)
	at com.google.cloud.pubsublite.internal.wire.ApiServiceUtils.blockingShutdown(ApiServiceUtils.java:72)
	... 14 more
Caused by: com.google.cloud.pubsublite.internal.CheckedApiException: com.google.api.gax.rpc.ApiException: 
	at com.google.cloud.pubsublite.internal.wire.PartitionCountWatchingPublisherTest.testChildPublisherFailure(PartitionCountWatchingPublisherTest.java:153)
	at java.base/jdk.internal.reflect.NativeMethodAccessorImpl.invoke0(Native Method)
	at java.base/jdk.internal.reflect.NativeMethodAccessorImpl.invoke(NativeMethodAccessorImpl.java:62)
	at java.base/jdk.internal.reflect.DelegatingMethodAccessorImpl.invoke(DelegatingMethodAccessorImpl.java:43)
	at java.base/java.lang.reflect.Method.invoke(Method.java:566)
	at org.junit.runners.model.FrameworkMethod$1.runReflectiveCall(FrameworkMethod.java:59)
	at org.junit.internal.runners.model.ReflectiveCallable.run(ReflectiveCallable.java:12)
	at org.junit.runners.model.FrameworkMethod.invokeExplosively(FrameworkMethod.java:56)
	at org.junit.internal.runners.statements.InvokeMethod.evaluate(InvokeMethod.java:17)
	at org.junit.internal.runners.statements.RunBefores.evaluate(RunBefores.java:26)
	at org.junit.runners.ParentRunner$3.evaluate(ParentRunner.java:306)
	at org.junit.runners.BlockJUnit4ClassRunner$1.evaluate(BlockJUnit4ClassRunner.java:100)
	at org.junit.runners.ParentRunner.runLeaf(ParentRunner.java:366)
	at org.junit.runners.BlockJUnit4ClassRunner.runChild(BlockJUnit4ClassRunner.java:103)
	at org.junit.runners.BlockJUnit4ClassRunner.runChild(BlockJUnit4ClassRunner.java:63)
	at org.junit.runners.ParentRunner$4.run(ParentRunner.java:331)
	at org.junit.runners.ParentRunner$1.schedule(ParentRunner.java:79)
	at org.junit.runners.ParentRunner.runChildren(ParentRunner.java:329)
	at org.junit.runners.ParentRunner.access$100(ParentRunner.java:66)
	at org.junit.runners.ParentRunner$2.evaluate(ParentRunner.java:293)
	at org.junit.runners.ParentRunner$3.evaluate(ParentRunner.java:306)
	at org.junit.runners.ParentRunner.run(ParentRunner.java:413)
	at org.junit.runners.Suite.runChild(Suite.java:128)
	at org.junit.runners.Suite.runChild(Suite.java:27)
	at org.junit.runners.ParentRunner$4.run(ParentRunner.java:331)
	at org.junit.runners.ParentRunner$1.schedule(ParentRunner.java:79)
	at org.junit.runners.ParentRunner.runChildren(ParentRunner.java:329)
	at org.junit.runners.ParentRunner.access$100(ParentRunner.java:66)
	at org.junit.runners.ParentRunner$2.evaluate(ParentRunner.java:293)
	at org.junit.runners.ParentRunner$3.evaluate(ParentRunner.java:306)
	at org.junit.runners.ParentRunner.run(ParentRunner.java:413)
	at org.apache.maven.surefire.junitcore.JUnitCore.run(JUnitCore.java:55)
	at org.apache.maven.surefire.junitcore.JUnitCoreWrapper.createRequestAndRun(JUnitCoreWrapper.java:137)
	at org.apache.maven.surefire.junitcore.JUnitCoreWrapper.executeEager(JUnitCoreWrapper.java:107)
	at org.apache.maven.surefire.junitcore.JUnitCoreWrapper.execute(JUnitCoreWrapper.java:83)
	at org.apache.maven.surefire.junitcore.JUnitCoreWrapper.execute(JUnitCoreWrapper.java:75)
	at org.apache.maven.surefire.junitcore.JUnitCoreProvider.invoke(JUnitCoreProvider.java:157)
	at org.apache.maven.surefire.booter.ForkedBooter.runSuitesInProcess(ForkedBooter.java:428)
	at org.apache.maven.surefire.booter.ForkedBooter.execute(ForkedBooter.java:162)
	at org.apache.maven.surefire.booter.ForkedBooter.run(ForkedBooter.java:562)
	at org.apache.maven.surefire.booter.ForkedBooter.main(ForkedBooter.java:548)
Caused by: com.google.api.gax.rpc.ApiException: 
	at com.google.cloud.pubsublite.internal.CheckedApiException.<init>(CheckedApiException.java:51)
	at com.google.cloud.pubsublite.internal.CheckedApiException.<init>(CheckedApiException.java:59)
	at com.google.cloud.pubsublite.internal.CheckedApiException.<init>(CheckedApiException.java:63)
	... 41 more

[INFO] Tests run: 11, Failures: 0, Errors: 0, Skipped: 0, Time elapsed: 0.076 s - in com.google.cloud.pubsublite.internal.wire.PartitionCountWatchingPublisherTest
[INFO] Running com.google.cloud.pubsublite.internal.wire.CommitterImplTest
[INFO] Tests run: 8, Failures: 0, Errors: 0, Skipped: 0, Time elapsed: 0.132 s - in com.google.cloud.pubsublite.internal.wire.CommitterImplTest
[INFO] Running com.google.cloud.pubsublite.internal.wire.ConnectedSubscriberImplTest
[INFO] Tests run: 11, Failures: 0, Errors: 0, Skipped: 0, Time elapsed: 0.038 s - in com.google.cloud.pubsublite.internal.wire.ConnectedSubscriberImplTest
[INFO] Running com.google.cloud.pubsublite.internal.wire.ResetSignalTest
[INFO] Tests run: 7, Failures: 0, Errors: 0, Skipped: 0, Time elapsed: 0.004 s - in com.google.cloud.pubsublite.internal.wire.ResetSignalTest
[INFO] Running com.google.cloud.pubsublite.internal.wire.PublisherImplTest
[INFO] Tests run: 10, Failures: 0, Errors: 0, Skipped: 0, Time elapsed: 1.094 s - in com.google.cloud.pubsublite.internal.wire.PublisherImplTest
[INFO] Running com.google.cloud.pubsublite.internal.wire.BatchingCommitterTest
[INFO] Tests run: 3, Failures: 0, Errors: 0, Skipped: 0, Time elapsed: 0.028 s - in com.google.cloud.pubsublite.internal.wire.BatchingCommitterTest
[INFO] Running com.google.cloud.pubsublite.internal.wire.AssignerImplTest
Feb 01, 2023 7:28:21 PM com.google.cloud.pubsublite.internal.wire.AssignerImpl onClientResponse
INFO: Subscriber with uuid  handled assignment: [Partition{value=7}, Partition{value=1}]
[INFO] Tests run: 3, Failures: 0, Errors: 0, Skipped: 0, Time elapsed: 0.017 s - in com.google.cloud.pubsublite.internal.wire.AssignerImplTest
[INFO] 
[INFO] Results:
[INFO] 
[INFO] Tests run: 340, Failures: 0, Errors: 0, Skipped: 0
[INFO] 
[INFO] 
[INFO] --- jacoco-maven-plugin:0.8.7:report (report) @ google-cloud-pubsublite ---
[INFO] Loading execution data file /home/gabsko/breaking-updates/google-cloud-pubsublite/target/jacoco.exec
[INFO] Analyzed bundle 'Google Cloud Pub/Sub Lite' with 302 classes
[INFO] 
[INFO] ------------< com.google.cloud:google-cloud-pubsublite-bom >------------
[INFO] Building Google Cloud pubsublite BOM 1.4.12-SNAPSHOT               [5/5]
[INFO] --------------------------------[ pom ]---------------------------------
[INFO] 
[INFO] --- maven-clean-plugin:2.5:clean (default-clean) @ google-cloud-pubsublite-bom ---
[INFO] 
[INFO] --- maven-enforcer-plugin:3.0.0-M3:enforce (enforce) @ google-cloud-pubsublite-bom ---
[INFO] Adding ignore: module-info
[INFO] Adding ignore: META-INF/versions/*/module-info
[INFO] 
[INFO] --- maven-checkstyle-plugin:3.1.2:check (checkstyle) @ google-cloud-pubsublite-bom ---
[INFO] 
[INFO] --- jacoco-maven-plugin:0.8.7:prepare-agent (default) @ google-cloud-pubsublite-bom ---
[INFO] argLine set to -javaagent:/home/gabsko/.m2/repository/org/jacoco/org.jacoco.agent/0.8.7/org.jacoco.agent-0.8.7-runtime.jar=destfile=/home/gabsko/breaking-updates/google-cloud-pubsublite-bom/target/jacoco.exec
[INFO] 
[INFO] --- build-helper-maven-plugin:3.3.0:add-resource (add-main-proto-resources) @ google-cloud-pubsublite-bom ---
[INFO] 
[INFO] --- build-helper-maven-plugin:3.3.0:add-test-resource (add-test-proto-resources) @ google-cloud-pubsublite-bom ---
[INFO] 
[INFO] --- animal-sniffer-maven-plugin:1.20:check (java8) @ google-cloud-pubsublite-bom ---
[INFO] Checking unresolved references to org.codehaus.mojo.signature:java18:1.0
[INFO] 
[INFO] --- jacoco-maven-plugin:0.8.7:report (report) @ google-cloud-pubsublite-bom ---
[INFO] Skipping JaCoCo execution due to missing execution data file.
[INFO] ------------------------------------------------------------------------
[INFO] Reactor Summary for Google Cloud Pub/Sub Lite Parent 1.4.12-SNAPSHOT:
[INFO] 
[INFO] Google Cloud Pub/Sub Lite Parent ................... SUCCESS [  1.626 s]
[INFO] proto-google-cloud-pubsublite-v1 ................... SUCCESS [ 14.730 s]
[INFO] grpc-google-cloud-pubsublite-v1 .................... SUCCESS [  4.109 s]
[INFO] Google Cloud Pub/Sub Lite .......................... SUCCESS [ 24.397 s]
[INFO] Google Cloud pubsublite BOM ........................ SUCCESS [  0.327 s]
[INFO] ------------------------------------------------------------------------
[INFO] BUILD SUCCESS
[INFO] ------------------------------------------------------------------------
[INFO] Total time:  45.848 s
[INFO] Finished at: 2023-02-01T19:28:22Z
[INFO] ------------------------------------------------------------------------
