[INFO] Scanning for projects...
[INFO] 
[INFO] ----------------------< com.artipie:npm-adapter >-----------------------
[INFO] Building npm-adapter 1.0-SNAPSHOT
[INFO] --------------------------------[ jar ]---------------------------------
[INFO] 
[INFO] --- maven-clean-plugin:3.1.0:clean (default-clean) @ npm-adapter ---
[INFO] Deleting /home/gabsko/breaking-updates/target
[INFO] 
[INFO] --- maven-enforcer-plugin:3.0.0-M3:enforce (enforce-maven) @ npm-adapter ---
[INFO] 
[INFO] --- jacoco-maven-plugin:0.8.7:prepare-agent (jacoco-initialize) @ npm-adapter ---
[INFO] argLine set to -javaagent:/home/gabsko/.m2/repository/org/jacoco/org.jacoco.agent/0.8.7/org.jacoco.agent-0.8.7-runtime.jar=destfile=/home/gabsko/breaking-updates/target/jacoco.exec,output=file
[INFO] 
[INFO] --- maven-resources-plugin:3.2.0:resources (default-resources) @ npm-adapter ---
[INFO] Using 'UTF-8' encoding to copy filtered resources.
[INFO] Using 'UTF-8' encoding to copy filtered properties files.
[INFO] skip non existing resourceDirectory /home/gabsko/breaking-updates/src/main/resources
[INFO] 
[INFO] --- maven-compiler-plugin:3.8.1:compile (default-compile) @ npm-adapter ---
[INFO] Compiling 50 source files to /home/gabsko/breaking-updates/target/classes
[INFO] 
[INFO] --- maven-resources-plugin:3.2.0:testResources (default-testResources) @ npm-adapter ---
[INFO] Using 'UTF-8' encoding to copy filtered resources.
[INFO] Using 'UTF-8' encoding to copy filtered properties files.
[INFO] Copying 20 resources
[INFO] 
[INFO] --- maven-compiler-plugin:3.8.1:testCompile (default-testCompile) @ npm-adapter ---
[INFO] Compiling 43 source files to /home/gabsko/breaking-updates/target/test-classes
[INFO] 
[INFO] --- maven-surefire-plugin:3.0.0-M5:test (default-test) @ npm-adapter ---
[INFO] 
[INFO] -------------------------------------------------------
[INFO]  T E S T S
[INFO] -------------------------------------------------------
[INFO] Running com.artipie.npm.RelativePathTest
[INFO] Tests run: 22, Failures: 0, Errors: 0, Skipped: 0, Time elapsed: 0.232 s - in com.artipie.npm.RelativePathTest
[INFO] Running com.artipie.npm.TarballsTest
[INFO] Tests run: 2, Failures: 0, Errors: 0, Skipped: 0, Time elapsed: 0.168 s - in com.artipie.npm.TarballsTest
[INFO] Running com.artipie.npm.http.CliPublishTest
[INFO] Tests run: 1, Failures: 0, Errors: 0, Skipped: 0, Time elapsed: 0.043 s - in com.artipie.npm.http.CliPublishTest
[INFO] Running com.artipie.npm.http.ReplacePathSliceTest
[INFO] Tests run: 2, Failures: 0, Errors: 0, Skipped: 0, Time elapsed: 0.574 s - in com.artipie.npm.http.ReplacePathSliceTest
[INFO] Running com.artipie.npm.http.DownloadPackageSliceTest
[INFO] Tests run: 1, Failures: 0, Errors: 0, Skipped: 0, Time elapsed: 1.254 s - in com.artipie.npm.http.DownloadPackageSliceTest
[INFO] Running com.artipie.npm.http.UnpublishPutSliceTest
[INFO] Tests run: 6, Failures: 0, Errors: 0, Skipped: 0, Time elapsed: 0.073 s - in com.artipie.npm.http.UnpublishPutSliceTest
[INFO] Running com.artipie.npm.http.AddDistTagsSliceTest
[INFO] Tests run: 3, Failures: 0, Errors: 0, Skipped: 0, Time elapsed: 0.014 s - in com.artipie.npm.http.AddDistTagsSliceTest
[INFO] Running com.artipie.npm.http.GetDistTagsSliceTest
[INFO] Tests run: 2, Failures: 0, Errors: 0, Skipped: 0, Time elapsed: 0.019 s - in com.artipie.npm.http.GetDistTagsSliceTest
[INFO] Running com.artipie.npm.http.DeprecateSliceTest
[INFO] Tests run: 4, Failures: 0, Errors: 0, Skipped: 0, Time elapsed: 0.061 s - in com.artipie.npm.http.DeprecateSliceTest
[INFO] Running com.artipie.npm.http.UnpublishForceSliceTest
2023-02-01 14:59:30.191 INFO  FileStorage:241 [ForkJoinPool.commonPool-worker-101] - Found 2 objects by the prefix "" in /home/gabsko/breaking-updates/target/test-classes/storage by /home/gabsko/breaking-updates/target/test-classes/storage: [@hello/simple-npm-project/-/@hello/simple-npm-project-1.0.1.tgz, @hello/simple-npm-project/meta.json]
[INFO] Tests run: 2, Failures: 0, Errors: 0, Skipped: 0, Time elapsed: 0.045 s - in com.artipie.npm.http.UnpublishForceSliceTest
[INFO] Running com.artipie.npm.http.CurlPublishTest
[INFO] Tests run: 1, Failures: 0, Errors: 0, Skipped: 0, Time elapsed: 0.043 s - in com.artipie.npm.http.CurlPublishTest
[INFO] Running com.artipie.npm.http.UploadSliceTest
[INFO] Tests run: 2, Failures: 0, Errors: 0, Skipped: 0, Time elapsed: 0.014 s - in com.artipie.npm.http.UploadSliceTest
[INFO] Running com.artipie.npm.http.DeleteDistTagsSliceTest
[INFO] Tests run: 3, Failures: 0, Errors: 0, Skipped: 0, Time elapsed: 0.007 s - in com.artipie.npm.http.DeleteDistTagsSliceTest
[INFO] Running com.artipie.npm.misc.DescSortedVersionsTest
[INFO] Tests run: 1, Failures: 0, Errors: 0, Skipped: 0, Time elapsed: 0.005 s - in com.artipie.npm.misc.DescSortedVersionsTest
[INFO] Running com.artipie.npm.misc.NextSafeAvailablePortTest
[INFO] Tests run: 3, Failures: 0, Errors: 0, Skipped: 0, Time elapsed: 0.01 s - in com.artipie.npm.misc.NextSafeAvailablePortTest
[INFO] Running com.artipie.npm.proxy.json.ClientContentTest
[INFO] Tests run: 1, Failures: 0, Errors: 0, Skipped: 0, Time elapsed: 0.003 s - in com.artipie.npm.proxy.json.ClientContentTest
[INFO] Running com.artipie.npm.proxy.json.CachedContentTest
[INFO] Tests run: 1, Failures: 0, Errors: 0, Skipped: 0, Time elapsed: 0.003 s - in com.artipie.npm.proxy.json.CachedContentTest
[INFO] Running com.artipie.npm.proxy.http.PackagePathTest
2023-02-01 14:59:30.313 DEBUG PackagePath:202 [main] - Determined path is: @vue/vue-cli
2023-02-01 14:59:30.317 DEBUG PackagePath:202 [main] - Determined path is: @vue/vue-cli
[INFO] Tests run: 4, Failures: 0, Errors: 0, Skipped: 0, Time elapsed: 0.005 s - in com.artipie.npm.proxy.http.PackagePathTest
[INFO] Running com.artipie.npm.proxy.http.DownloadPackageSliceTest
2023-02-01 14:59:30.352 DEBUG PackagePath:202 [vert.x-eventloop-thread-0] - Determined path is: @hello/simple-npm-project
2023-02-01 14:59:30.427 DEBUG PackagePath:202 [vert.x-eventloop-thread-0] - Determined path is: @hello/simple-npm-project
2023-02-01 14:59:30.448 ERROR HttpNpmRemote:301 [ForkJoinPool.commonPool-worker-87] - Error occurred when process get package call: Not Found
[INFO] Tests run: 2, Failures: 0, Errors: 0, Skipped: 0, Time elapsed: 0.139 s - in com.artipie.npm.proxy.http.DownloadPackageSliceTest
[INFO] Running com.artipie.npm.proxy.http.AssetPathTest
2023-02-01 14:59:30.460 DEBUG AssetPath:202 [main] - Determined path is: @vue/vue-cli/-/vue-cli-1.0.0.tgz
2023-02-01 14:59:30.464 DEBUG AssetPath:202 [main] - Determined path is: @vue/vue-cli/-/vue-cli-1.0.0.tgz
[INFO] Tests run: 4, Failures: 0, Errors: 0, Skipped: 0, Time elapsed: 0.005 s - in com.artipie.npm.proxy.http.AssetPathTest
[INFO] Running com.artipie.npm.proxy.http.DownloadAssetSliceTest
2023-02-01 14:59:30.508 DEBUG AssetPath:202 [vert.x-eventloop-thread-0] - Determined path is: @hello/simple-npm-project/-/@hello/simple-npm-project-1.0.1.tgz
2023-02-01 14:59:30.531 DEBUG AssetPath:202 [vert.x-eventloop-thread-0] - Determined path is: @hello/simple-npm-project/-/@hello/simple-npm-project-1.0.1.tgz
2023-02-01 14:59:30.550 DEBUG AssetPath:202 [vert.x-eventloop-thread-0] - Determined path is: @hello/simple-npm-project/-/@hello/simple-npm-project-1.0.1.tgz
2023-02-01 14:59:30.563 DEBUG AssetPath:202 [vert.x-eventloop-thread-0] - Determined path is: @hello/simple-npm-project/-/@hello/simple-npm-project-1.0.1.tgz
[INFO] Tests run: 4, Failures: 0, Errors: 0, Skipped: 0, Time elapsed: 0.104 s - in com.artipie.npm.proxy.http.DownloadAssetSliceTest
[INFO] Running com.artipie.npm.proxy.NpmProxyTest
[INFO] Running com.artipie.npm.proxy.NpmProxyTest$MetadataTtlExceeded
[INFO] Tests run: 8, Failures: 0, Errors: 0, Skipped: 0, Time elapsed: 0.007 s - in com.artipie.npm.proxy.NpmProxyTest$MetadataTtlExceeded
[INFO] Tests run: 0, Failures: 0, Errors: 0, Skipped: 0, Time elapsed: 0.081 s - in com.artipie.npm.proxy.NpmProxyTest
[INFO] Running com.artipie.npm.proxy.RxNpmProxyStorageTest
[INFO] Tests run: 6, Failures: 0, Errors: 0, Skipped: 0, Time elapsed: 0.009 s - in com.artipie.npm.proxy.RxNpmProxyStorageTest
[INFO] Running com.artipie.npm.proxy.HttpNpmRemoteTest
2023-02-01 14:59:30.683 ERROR HttpNpmRemote:301 [main] - Error occurred when process get package call: Not Found
2023-02-01 14:59:30.684 ERROR HttpNpmRemote:301 [main] - Error occurred when process get asset call: Not Found
[INFO] Tests run: 4, Failures: 0, Errors: 0, Skipped: 0, Time elapsed: 0.02 s - in com.artipie.npm.proxy.HttpNpmRemoteTest
[INFO] Running com.artipie.npm.MetaTest
[INFO] Tests run: 6, Failures: 0, Errors: 0, Skipped: 0, Time elapsed: 0.029 s - in com.artipie.npm.MetaTest
[INFO] Running com.artipie.npm.MetaUpdateByJsonTest
[INFO] Tests run: 2, Failures: 0, Errors: 0, Skipped: 0, Time elapsed: 0.011 s - in com.artipie.npm.MetaUpdateByJsonTest
[INFO] Running com.artipie.npm.MetaUpdateByTgzTest
[INFO] Tests run: 4, Failures: 0, Errors: 0, Skipped: 0, Time elapsed: 0.051 s - in com.artipie.npm.MetaUpdateByTgzTest
[INFO] Running com.artipie.npm.TgzArchiveTest
[INFO] Tests run: 5, Failures: 0, Errors: 0, Skipped: 0, Time elapsed: 0.01 s - in com.artipie.npm.TgzArchiveTest
[INFO] 
[INFO] Results:
[INFO] 
[INFO] Tests run: 106, Failures: 0, Errors: 0, Skipped: 0
[INFO] 
[INFO] 
[INFO] --- jacoco-maven-plugin:0.8.7:check (jacoco-check) @ npm-adapter ---
[INFO] Loading execution data file /home/gabsko/breaking-updates/target/jacoco.exec
[INFO] Analyzed bundle 'npm-adapter' with 44 classes
[INFO] All coverage checks have been met.
[INFO] ------------------------------------------------------------------------
[INFO] BUILD SUCCESS
[INFO] ------------------------------------------------------------------------
[INFO] Total time:  8.075 s
[INFO] Finished at: 2023-02-01T14:59:31Z
[INFO] ------------------------------------------------------------------------
