[INFO] Scanning for projects...
[INFO] 
[INFO] ------------------< org.mybatis.caches:mybatis-redis >------------------
[INFO] Building mybatis-redis 1.0.0-beta3-SNAPSHOT
[INFO] --------------------------------[ jar ]---------------------------------
[INFO] 
[INFO] --- maven-clean-plugin:3.2.0:clean (default-clean) @ mybatis-redis ---
[INFO] Deleting /home/gabsko/breaking-updates/target
[INFO] 
[INFO] --- maven-enforcer-plugin:3.1.0:enforce (enforce-java) @ mybatis-redis ---
[INFO] Adding ignore: module-info
[INFO] 
[INFO] --- git-commit-id-maven-plugin:5.0.0:revision (git-commit-id) @ mybatis-redis ---
[INFO] 
[INFO] --- jacoco-maven-plugin:0.8.8:prepare-agent (prepare-agent) @ mybatis-redis ---
[INFO] argLine set to -javaagent:/home/gabsko/.m2/repository/org/jacoco/org.jacoco.agent/0.8.8/org.jacoco.agent-0.8.8-runtime.jar=destfile=/home/gabsko/breaking-updates/target/jacoco.exec -Djdk.attach.allowAttachSelf
[INFO] 
[INFO] --- whitespace-maven-plugin:1.0.4:trim (default) @ mybatis-redis ---
[INFO] 
[INFO] --- formatter-maven-plugin:2.20.0:format (default) @ mybatis-redis ---
[INFO] Processed 17 files in 828ms (Formatted: 0, Unchanged: 17, Failed: 0, Readonly: 0)
[INFO] 
[INFO] --- impsort-maven-plugin:1.7.0:sort (default) @ mybatis-redis ---
[INFO] Processed 17 files in 00:00.259 (Already Sorted: 17, Needed Sorting: 0)
[INFO] 
[INFO] --- license-maven-plugin:4.2.rc3:format (default) @ mybatis-redis ---
[INFO] Updating license headers...
[WARNING] Unknown file extension: /home/gabsko/breaking-updates/src/test/resources/simpleBeanCourseInfoSerializedFile
[WARNING] Unable to find a comment style definition for some files. You may want to add a custom mapping for the relevant file extensions.
[INFO] 
[INFO] --- maven-resources-plugin:3.3.0:resources (default-resources) @ mybatis-redis ---
[INFO] skip non existing resourceDirectory /home/gabsko/breaking-updates/src/main/resources
[INFO] Copying 2 resources to META-INF
[INFO] 
[INFO] --- maven-compiler-plugin:3.10.1:compile (default-compile) @ mybatis-redis ---
[INFO] Compiling 9 source files to /home/gabsko/breaking-updates/target/classes
[INFO] 
[INFO] --- maven-bundle-plugin:5.1.8:manifest (bundle-manifest) @ mybatis-redis ---
[INFO] No MANIFEST.MF file found, generating manifest.
[INFO] Writing manifest: /home/gabsko/breaking-updates/target/osgi/MANIFEST.MF
[INFO] 
[INFO] --- maven-resources-plugin:3.3.0:testResources (default-testResources) @ mybatis-redis ---
[INFO] Copying 3 resources
[INFO] 
[INFO] --- maven-compiler-plugin:3.10.1:testCompile (default-testCompile) @ mybatis-redis ---
[INFO] Compiling 8 source files to /home/gabsko/breaking-updates/target/test-classes
[INFO] 
[INFO] --- maven-surefire-plugin:3.0.0-M7:test (default-test) @ mybatis-redis ---
[INFO] Using auto detected provider org.apache.maven.surefire.junitplatform.JUnitPlatformProvider
[INFO] 
[INFO] -------------------------------------------------------
[INFO]  T E S T S
[INFO] -------------------------------------------------------
[INFO] Running org.mybatis.caches.redis.SerializerTestCase
WARNING: An illegal reflective access operation has occurred
WARNING: Illegal reflective access by com.esotericsoftware.kryo.util.UnsafeUtil (file:/home/gabsko/.m2/repository/com/esotericsoftware/kryo/4.0.2/kryo-4.0.2.jar) to constructor java.nio.DirectByteBuffer(long,int,java.lang.Object)
WARNING: Please consider reporting this to the maintainers of com.esotericsoftware.kryo.util.UnsafeUtil
WARNING: Use --illegal-access=warn to enable warnings of further illegal reflective access operations
WARNING: All illegal access operations will be denied in a future release
[INFO] Tests run: 8, Failures: 0, Errors: 0, Skipped: 0, Time elapsed: 11.245 s - in org.mybatis.caches.redis.SerializerTestCase
[INFO] Running org.mybatis.caches.redis.RedisConfigurationBuilderTest
[INFO] Tests run: 2, Failures: 0, Errors: 0, Skipped: 0, Time elapsed: 0.012 s - in org.mybatis.caches.redis.RedisConfigurationBuilderTest
[INFO] Running org.mybatis.caches.redis.RedisTestCase
SLF4J: Failed to load class "org.slf4j.impl.StaticLoggerBinder".
SLF4J: Defaulting to no-operation (NOP) logger implementation
SLF4J: See http://www.slf4j.org/codes.html#StaticLoggerBinder for further details.
[INFO] Tests run: 7, Failures: 0, Errors: 0, Skipped: 0, Time elapsed: 8.515 s - in org.mybatis.caches.redis.RedisTestCase
[INFO] 
[INFO] Results:
[INFO] 
[INFO] Tests run: 17, Failures: 0, Errors: 0, Skipped: 0
[INFO] 
[INFO] ------------------------------------------------------------------------
[INFO] BUILD SUCCESS
[INFO] ------------------------------------------------------------------------
[INFO] Total time:  31.914 s
[INFO] Finished at: 2023-02-01T22:14:23Z
[INFO] ------------------------------------------------------------------------
