[INFO] Scanning for projects...
[WARNING] The POM for org.jenkins-ci.tools:maven-hpi-plugin:jar:3.19 is missing, no dependency information available
[WARNING] Failed to build parent project for org.jvnet.hudson.plugins:analysis-pom:pom:5.14.0
[WARNING] Failed to build parent project for io.jenkins.plugins:github-checks:hpi:1.0.14-SNAPSHOT
[INFO] 
[INFO] ------------------< io.jenkins.plugins:github-checks >------------------
[INFO] Building GitHub Checks plugin 1.0.14-SNAPSHOT
[INFO] --------------------------------[ hpi ]---------------------------------
[INFO] 
[INFO] --- maven-clean-plugin:3.1.0:clean (default-clean) @ github-checks ---
[INFO] Deleting /home/gabsko/breaking-updates/target
[INFO] 
[INFO] --- maven-hpi-plugin:3.19:validate (default-validate) @ github-checks ---
[INFO] 
[INFO] --- maven-hpi-plugin:3.19:validate-hpi (default-validate-hpi) @ github-checks ---
[INFO] 
[INFO] --- maven-enforcer-plugin:3.0.0-M3:display-info (display-info) @ github-checks ---
[INFO] Maven Version: 3.8.6
[INFO] JDK Version: 11.0.17 normalized as: 11.0.17
[INFO] OS Info: Arch: amd64 Family: unix Name: linux Version: 5.4.0-113-generic
[INFO] 
[INFO] --- maven-enforcer-plugin:3.0.0-M3:enforce (display-info) @ github-checks ---
[INFO] Ignoring requireUpperBoundDeps in org.slf4j:slf4j-api
[INFO] Ignoring requireUpperBoundDeps in com.google.guava:guava
[INFO] Adding ignore: module-info
[INFO] Adding ignore: module-info
[INFO] Adding ignore: **/ModuleUtils*
[WARNING] Invalid bytecodeVersion for com.fasterxml.jackson.dataformat:jackson-dataformat-yaml:jar:2.13.0:compile : META-INF/versions/11/module-info.class: expected 55, but was 53
[WARNING] Invalid bytecodeVersion for com.fasterxml.jackson.datatype:jackson-datatype-json-org:jar:2.13.0:compile : META-INF/versions/11/module-info.class: expected 55, but was 53
[WARNING] Invalid bytecodeVersion for com.fasterxml.jackson.module:jackson-module-jaxb-annotations:jar:2.13.0:compile : META-INF/versions/11/module-info.class: expected 55, but was 53
[WARNING] Invalid bytecodeVersion for com.fasterxml.jackson.datatype:jackson-datatype-jdk8:jar:2.13.0:compile : META-INF/versions/11/module-info.class: expected 55, but was 53
[WARNING] Invalid bytecodeVersion for com.fasterxml.jackson.dataformat:jackson-dataformat-cbor:jar:2.13.0:compile : META-INF/versions/11/module-info.class: expected 55, but was 53
[WARNING] Invalid bytecodeVersion for com.fasterxml.jackson.module:jackson-module-parameter-names:jar:2.13.0:compile : META-INF/versions/11/module-info.class: expected 55, but was 53
[WARNING] Invalid bytecodeVersion for com.fasterxml.jackson.dataformat:jackson-dataformat-xml:jar:2.13.0:compile : META-INF/versions/11/module-info.class: expected 55, but was 53
[WARNING] Invalid bytecodeVersion for com.fasterxml.jackson.datatype:jackson-datatype-jsr310:jar:2.13.0:compile : META-INF/versions/11/module-info.class: expected 55, but was 53
[WARNING] Rule 0: org.apache.maven.plugins.enforcer.RequireUpperBoundDeps warned with message:
Failed while enforcing RequireUpperBoundDeps. The error(s) are [
Require upper bound dependencies error for com.fasterxml.jackson.core:jackson-databind:2.12.5 paths to dependency are:
+-io.jenkins.plugins:github-checks:1.0.14-SNAPSHOT
  +-com.fasterxml.jackson.core:jackson-databind:2.12.5
and
+-io.jenkins.plugins:github-checks:1.0.14-SNAPSHOT
  +-com.github.tomakehurst:wiremock-jre8:2.30.1
    +-com.fasterxml.jackson.core:jackson-databind:2.12.4
and
+-io.jenkins.plugins:github-checks:1.0.14-SNAPSHOT
  +-org.jenkins-ci.plugins:github-branch-source:2.9.3
    +-org.jenkins-ci.plugins:jackson2-api:2.13.0-230.v59243c64b0a5 (managed) <-- org.jenkins-ci.plugins:jackson2-api:2.11.1
      +-com.fasterxml.jackson.core:jackson-databind:2.12.4
and
+-io.jenkins.plugins:github-checks:1.0.14-SNAPSHOT
  +-org.jenkins-ci.plugins:github-branch-source:2.9.3
    +-io.jsonwebtoken:jjwt-jackson:0.11.2
      +-com.fasterxml.jackson.core:jackson-databind:2.9.10.4
and
+-io.jenkins.plugins:github-checks:1.0.14-SNAPSHOT
  +-org.jenkins-ci.plugins:github-branch-source:2.9.3
    +-org.jenkins-ci.plugins:jackson2-api:2.13.0-230.v59243c64b0a5 (managed) <-- org.jenkins-ci.plugins:jackson2-api:2.11.1
      +-com.fasterxml.jackson.datatype:jackson-datatype-jsr310:2.13.0
        +-com.fasterxml.jackson.core:jackson-databind:2.13.0
and
+-io.jenkins.plugins:github-checks:1.0.14-SNAPSHOT
  +-org.jenkins-ci.plugins:github-branch-source:2.9.3
    +-org.jenkins-ci.plugins:jackson2-api:2.13.0-230.v59243c64b0a5 (managed) <-- org.jenkins-ci.plugins:jackson2-api:2.11.1
      +-com.fasterxml.jackson.datatype:jackson-datatype-jdk8:2.13.0
        +-com.fasterxml.jackson.core:jackson-databind:2.13.0
and
+-io.jenkins.plugins:github-checks:1.0.14-SNAPSHOT
  +-org.jenkins-ci.plugins:github-branch-source:2.9.3
    +-org.jenkins-ci.plugins:jackson2-api:2.13.0-230.v59243c64b0a5 (managed) <-- org.jenkins-ci.plugins:jackson2-api:2.11.1
      +-com.fasterxml.jackson.datatype:jackson-datatype-json-org:2.13.0
        +-com.fasterxml.jackson.core:jackson-databind:2.13.0
and
+-io.jenkins.plugins:github-checks:1.0.14-SNAPSHOT
  +-org.jenkins-ci.plugins:github-branch-source:2.9.3
    +-org.jenkins-ci.plugins:jackson2-api:2.13.0-230.v59243c64b0a5 (managed) <-- org.jenkins-ci.plugins:jackson2-api:2.11.1
      +-com.fasterxml.jackson.module:jackson-module-parameter-names:2.13.0
        +-com.fasterxml.jackson.core:jackson-databind:2.13.0
and
+-io.jenkins.plugins:github-checks:1.0.14-SNAPSHOT
  +-org.jenkins-ci.plugins:github-branch-source:2.9.3
    +-org.jenkins-ci.plugins:jackson2-api:2.13.0-230.v59243c64b0a5 (managed) <-- org.jenkins-ci.plugins:jackson2-api:2.11.1
      +-com.fasterxml.jackson.module:jackson-module-jaxb-annotations:2.13.0
        +-com.fasterxml.jackson.core:jackson-databind:2.13.0
and
+-io.jenkins.plugins:github-checks:1.0.14-SNAPSHOT
  +-org.jenkins-ci.plugins:github-branch-source:2.9.3
    +-org.jenkins-ci.plugins:jackson2-api:2.13.0-230.v59243c64b0a5 (managed) <-- org.jenkins-ci.plugins:jackson2-api:2.11.1
      +-com.fasterxml.jackson.dataformat:jackson-dataformat-cbor:2.13.0
        +-com.fasterxml.jackson.core:jackson-databind:2.13.0
and
+-io.jenkins.plugins:github-checks:1.0.14-SNAPSHOT
  +-org.jenkins-ci.plugins:github-branch-source:2.9.3
    +-org.jenkins-ci.plugins:jackson2-api:2.13.0-230.v59243c64b0a5 (managed) <-- org.jenkins-ci.plugins:jackson2-api:2.11.1
      +-com.fasterxml.jackson.dataformat:jackson-dataformat-xml:2.13.0
        +-com.fasterxml.jackson.core:jackson-databind:2.13.0
and
+-io.jenkins.plugins:github-checks:1.0.14-SNAPSHOT
  +-org.jenkins-ci.plugins:github-branch-source:2.9.3
    +-org.jenkins-ci.plugins:jackson2-api:2.13.0-230.v59243c64b0a5 (managed) <-- org.jenkins-ci.plugins:jackson2-api:2.11.1
      +-com.fasterxml.jackson.dataformat:jackson-dataformat-yaml:2.13.0
        +-com.fasterxml.jackson.core:jackson-databind:2.13.0
, 
Require upper bound dependencies error for com.fasterxml.jackson.core:jackson-annotations:2.12.5 paths to dependency are:
+-io.jenkins.plugins:github-checks:1.0.14-SNAPSHOT
  +-com.fasterxml.jackson.core:jackson-annotations:2.12.5
and
+-io.jenkins.plugins:github-checks:1.0.14-SNAPSHOT
  +-com.github.tomakehurst:wiremock-jre8:2.30.1
    +-com.fasterxml.jackson.core:jackson-annotations:2.12.4
and
+-io.jenkins.plugins:github-checks:1.0.14-SNAPSHOT
  +-com.fasterxml.jackson.core:jackson-databind:2.12.5
    +-com.fasterxml.jackson.core:jackson-annotations:2.12.5
and
+-io.jenkins.plugins:github-checks:1.0.14-SNAPSHOT
  +-org.jenkins-ci.plugins:github-branch-source:2.9.3
    +-org.jenkins-ci.plugins:jackson2-api:2.13.0-230.v59243c64b0a5 (managed) <-- org.jenkins-ci.plugins:jackson2-api:2.11.1
      +-com.fasterxml.jackson.core:jackson-annotations:2.12.5
and
+-io.jenkins.plugins:github-checks:1.0.14-SNAPSHOT
  +-org.jenkins-ci.plugins:github-branch-source:2.9.3
    +-org.jenkins-ci.plugins:jackson2-api:2.13.0-230.v59243c64b0a5 (managed) <-- org.jenkins-ci.plugins:jackson2-api:2.11.1
      +-com.fasterxml.jackson.datatype:jackson-datatype-jsr310:2.13.0
        +-com.fasterxml.jackson.core:jackson-annotations:2.13.0
and
+-io.jenkins.plugins:github-checks:1.0.14-SNAPSHOT
  +-org.jenkins-ci.plugins:github-branch-source:2.9.3
    +-org.jenkins-ci.plugins:jackson2-api:2.13.0-230.v59243c64b0a5 (managed) <-- org.jenkins-ci.plugins:jackson2-api:2.11.1
      +-com.fasterxml.jackson.module:jackson-module-jaxb-annotations:2.13.0
        +-com.fasterxml.jackson.core:jackson-annotations:2.13.0
and
+-io.jenkins.plugins:github-checks:1.0.14-SNAPSHOT
  +-org.jenkins-ci.plugins:github-branch-source:2.9.3
    +-org.jenkins-ci.plugins:jackson2-api:2.13.0-230.v59243c64b0a5 (managed) <-- org.jenkins-ci.plugins:jackson2-api:2.11.1
      +-com.fasterxml.jackson.dataformat:jackson-dataformat-xml:2.13.0
        +-com.fasterxml.jackson.core:jackson-annotations:2.13.0
, 
Require upper bound dependencies error for com.fasterxml.jackson.core:jackson-core:2.12.5 paths to dependency are:
+-io.jenkins.plugins:github-checks:1.0.14-SNAPSHOT
  +-com.fasterxml.jackson.core:jackson-core:2.12.5
and
+-io.jenkins.plugins:github-checks:1.0.14-SNAPSHOT
  +-com.github.tomakehurst:wiremock-jre8:2.30.1
    +-com.fasterxml.jackson.core:jackson-core:2.12.4
and
+-io.jenkins.plugins:github-checks:1.0.14-SNAPSHOT
  +-com.fasterxml.jackson.core:jackson-databind:2.12.5
    +-com.fasterxml.jackson.core:jackson-core:2.12.5
and
+-io.jenkins.plugins:github-checks:1.0.14-SNAPSHOT
  +-org.jenkins-ci.plugins:github-branch-source:2.9.3
    +-org.jenkins-ci.plugins:jackson2-api:2.13.0-230.v59243c64b0a5 (managed) <-- org.jenkins-ci.plugins:jackson2-api:2.11.1
      +-com.fasterxml.jackson.core:jackson-core:2.12.4
and
+-io.jenkins.plugins:github-checks:1.0.14-SNAPSHOT
  +-org.jenkins-ci.plugins:github-branch-source:2.9.3
    +-org.jenkins-ci.plugins:jackson2-api:2.13.0-230.v59243c64b0a5 (managed) <-- org.jenkins-ci.plugins:jackson2-api:2.11.1
      +-com.fasterxml.jackson.datatype:jackson-datatype-jsr310:2.13.0
        +-com.fasterxml.jackson.core:jackson-core:2.13.0
and
+-io.jenkins.plugins:github-checks:1.0.14-SNAPSHOT
  +-org.jenkins-ci.plugins:github-branch-source:2.9.3
    +-org.jenkins-ci.plugins:jackson2-api:2.13.0-230.v59243c64b0a5 (managed) <-- org.jenkins-ci.plugins:jackson2-api:2.11.1
      +-com.fasterxml.jackson.datatype:jackson-datatype-jdk8:2.13.0
        +-com.fasterxml.jackson.core:jackson-core:2.13.0
and
+-io.jenkins.plugins:github-checks:1.0.14-SNAPSHOT
  +-org.jenkins-ci.plugins:github-branch-source:2.9.3
    +-org.jenkins-ci.plugins:jackson2-api:2.13.0-230.v59243c64b0a5 (managed) <-- org.jenkins-ci.plugins:jackson2-api:2.11.1
      +-com.fasterxml.jackson.datatype:jackson-datatype-json-org:2.13.0
        +-com.fasterxml.jackson.core:jackson-core:2.13.0
and
+-io.jenkins.plugins:github-checks:1.0.14-SNAPSHOT
  +-org.jenkins-ci.plugins:github-branch-source:2.9.3
    +-org.jenkins-ci.plugins:jackson2-api:2.13.0-230.v59243c64b0a5 (managed) <-- org.jenkins-ci.plugins:jackson2-api:2.11.1
      +-com.fasterxml.jackson.module:jackson-module-parameter-names:2.13.0
        +-com.fasterxml.jackson.core:jackson-core:2.13.0
and
+-io.jenkins.plugins:github-checks:1.0.14-SNAPSHOT
  +-org.jenkins-ci.plugins:github-branch-source:2.9.3
    +-org.jenkins-ci.plugins:jackson2-api:2.13.0-230.v59243c64b0a5 (managed) <-- org.jenkins-ci.plugins:jackson2-api:2.11.1
      +-com.fasterxml.jackson.module:jackson-module-jaxb-annotations:2.13.0
        +-com.fasterxml.jackson.core:jackson-core:2.13.0
and
+-io.jenkins.plugins:github-checks:1.0.14-SNAPSHOT
  +-org.jenkins-ci.plugins:github-branch-source:2.9.3
    +-org.jenkins-ci.plugins:jackson2-api:2.13.0-230.v59243c64b0a5 (managed) <-- org.jenkins-ci.plugins:jackson2-api:2.11.1
      +-com.fasterxml.jackson.dataformat:jackson-dataformat-cbor:2.13.0
        +-com.fasterxml.jackson.core:jackson-core:2.13.0
and
+-io.jenkins.plugins:github-checks:1.0.14-SNAPSHOT
  +-org.jenkins-ci.plugins:github-branch-source:2.9.3
    +-org.jenkins-ci.plugins:jackson2-api:2.13.0-230.v59243c64b0a5 (managed) <-- org.jenkins-ci.plugins:jackson2-api:2.11.1
      +-com.fasterxml.jackson.dataformat:jackson-dataformat-xml:2.13.0
        +-com.fasterxml.jackson.core:jackson-core:2.13.0
and
+-io.jenkins.plugins:github-checks:1.0.14-SNAPSHOT
  +-org.jenkins-ci.plugins:github-branch-source:2.9.3
    +-org.jenkins-ci.plugins:jackson2-api:2.13.0-230.v59243c64b0a5 (managed) <-- org.jenkins-ci.plugins:jackson2-api:2.11.1
      +-com.fasterxml.jackson.dataformat:jackson-dataformat-yaml:2.13.0
        +-com.fasterxml.jackson.core:jackson-core:2.13.0
, 
Require upper bound dependencies error for org.apache.httpcomponents:httpcore:4.4.13 paths to dependency are:
+-io.jenkins.plugins:github-checks:1.0.14-SNAPSHOT
  +-org.apache.httpcomponents:httpclient:4.5.13
    +-org.apache.httpcomponents:httpcore:4.4.13
and
+-io.jenkins.plugins:github-checks:1.0.14-SNAPSHOT
  +-org.jenkins-ci.plugins:github-branch-source:2.9.3
    +-com.coravy.hudson.plugins.github:github:1.32.0
      +-org.jenkins-ci.plugins:git:4.10.0 (managed) <-- org.jenkins-ci.plugins:git:3.4.0
        +-org.jenkins-ci.plugins:git-client:3.10.0
          +-org.jenkins-ci.plugins:apache-httpcomponents-client-4-api:4.5.13-1.0
            +-org.apache.httpcomponents:httpcore:4.4.13
and
+-io.jenkins.plugins:github-checks:1.0.14-SNAPSHOT
  +-org.jenkins-ci.plugins:github-branch-source:2.9.3
    +-com.coravy.hudson.plugins.github:github:1.32.0
      +-org.jenkins-ci.plugins:git:4.10.0 (managed) <-- org.jenkins-ci.plugins:git:3.4.0
        +-org.jenkins-ci.plugins:git-client:3.10.0
          +-org.jenkins-ci.plugins:apache-httpcomponents-client-4-api:4.5.13-1.0
            +-org.apache.httpcomponents:httpcore-nio:4.4.14
              +-org.apache.httpcomponents:httpcore:4.4.14
and
+-io.jenkins.plugins:github-checks:1.0.14-SNAPSHOT
  +-org.jenkins-ci.plugins:github-branch-source:2.9.3
    +-com.coravy.hudson.plugins.github:github:1.32.0
      +-org.jenkins-ci.plugins:git:4.10.0 (managed) <-- org.jenkins-ci.plugins:git:3.4.0
        +-org.jenkins-ci.plugins:git-client:3.10.0
          +-org.jenkins-ci.plugins:apache-httpcomponents-client-4-api:4.5.13-1.0
            +-org.apache.httpcomponents:httpasyncclient:4.1.4
              +-org.apache.httpcomponents:httpcore:4.4.10
, 
Require upper bound dependencies error for commons-io:commons-io:2.8.0 paths to dependency are:
+-io.jenkins.plugins:github-checks:1.0.14-SNAPSHOT
  +-com.github.tomakehurst:wiremock-jre8:2.30.1
    +-commons-io:commons-io:2.8.0 (managed) <-- commons-io:commons-io:2.11.0
and
+-io.jenkins.plugins:github-checks:1.0.14-SNAPSHOT
  +-org.jenkins-ci.main:jenkins-core:2.289.1
    +-commons-io:commons-io:2.8.0 (managed) <-- commons-io:commons-io:2.4
and
+-io.jenkins.plugins:github-checks:1.0.14-SNAPSHOT
  +-org.jenkins-ci.main:jenkins-core:2.289.1
    +-org.jenkins-ci:crypto-util:1.5
      +-commons-io:commons-io:2.8.0 (managed) <-- commons-io:commons-io:1.4
and
+-io.jenkins.plugins:github-checks:1.0.14-SNAPSHOT
  +-org.jenkins-ci.main:jenkins-core:2.289.1
    +-org.kohsuke.stapler:stapler:1.263
      +-commons-io:commons-io:2.8.0 (managed) <-- commons-io:commons-io:2.4
and
+-io.jenkins.plugins:github-checks:1.0.14-SNAPSHOT
  +-org.jenkins-ci.main:jenkins-core:2.289.1
    +-org.jenkins-ci:bytecode-compatibility-transformer:2.0-beta-2
      +-commons-io:commons-io:2.8.0 (managed) <-- commons-io:commons-io:2.4
]
[INFO] 
[INFO] --- maven-enforcer-plugin:3.0.0-M3:enforce (no-snapshots-in-release) @ github-checks ---
[INFO] 
[INFO] --- gmavenplus-plugin:1.13.0:addTestSources (test-in-groovy) @ github-checks ---
[INFO] 
[INFO] --- localizer-maven-plugin:1.31:generate (default) @ github-checks ---
[INFO] 
[INFO] >>> maven-javadoc-plugin:3.3.1:javadoc (default) > generate-sources @ github-checks >>>
[INFO] 
[INFO] --- maven-hpi-plugin:3.19:validate (default-validate) @ github-checks ---
[INFO] 
[INFO] --- maven-hpi-plugin:3.19:validate-hpi (default-validate-hpi) @ github-checks ---
[INFO] 
[INFO] --- maven-enforcer-plugin:3.0.0-M3:display-info (display-info) @ github-checks ---
[INFO] Maven Version: 3.8.6
[INFO] JDK Version: 11.0.17 normalized as: 11.0.17
[INFO] OS Info: Arch: amd64 Family: unix Name: linux Version: 5.4.0-113-generic
[INFO] 
[INFO] --- maven-enforcer-plugin:3.0.0-M3:enforce (display-info) @ github-checks ---
[INFO] Ignoring requireUpperBoundDeps in org.slf4j:slf4j-api
[INFO] Ignoring requireUpperBoundDeps in com.google.guava:guava
[INFO] Adding ignore: module-info
[INFO] Adding ignore: module-info
[INFO] Adding ignore: **/ModuleUtils*
[WARNING] Invalid bytecodeVersion for com.fasterxml.jackson.dataformat:jackson-dataformat-yaml:jar:2.13.0:compile : META-INF/versions/11/module-info.class: expected 55, but was 53
[WARNING] Invalid bytecodeVersion for com.fasterxml.jackson.datatype:jackson-datatype-json-org:jar:2.13.0:compile : META-INF/versions/11/module-info.class: expected 55, but was 53
[WARNING] Invalid bytecodeVersion for com.fasterxml.jackson.module:jackson-module-jaxb-annotations:jar:2.13.0:compile : META-INF/versions/11/module-info.class: expected 55, but was 53
[WARNING] Invalid bytecodeVersion for com.fasterxml.jackson.datatype:jackson-datatype-jdk8:jar:2.13.0:compile : META-INF/versions/11/module-info.class: expected 55, but was 53
[WARNING] Invalid bytecodeVersion for com.fasterxml.jackson.dataformat:jackson-dataformat-cbor:jar:2.13.0:compile : META-INF/versions/11/module-info.class: expected 55, but was 53
[WARNING] Invalid bytecodeVersion for com.fasterxml.jackson.module:jackson-module-parameter-names:jar:2.13.0:compile : META-INF/versions/11/module-info.class: expected 55, but was 53
[WARNING] Invalid bytecodeVersion for com.fasterxml.jackson.dataformat:jackson-dataformat-xml:jar:2.13.0:compile : META-INF/versions/11/module-info.class: expected 55, but was 53
[WARNING] Invalid bytecodeVersion for com.fasterxml.jackson.datatype:jackson-datatype-jsr310:jar:2.13.0:compile : META-INF/versions/11/module-info.class: expected 55, but was 53
[WARNING] Rule 0: org.apache.maven.plugins.enforcer.RequireUpperBoundDeps warned with message:
Failed while enforcing RequireUpperBoundDeps. The error(s) are [
Require upper bound dependencies error for com.fasterxml.jackson.core:jackson-databind:2.12.5 paths to dependency are:
+-io.jenkins.plugins:github-checks:1.0.14-SNAPSHOT
  +-com.fasterxml.jackson.core:jackson-databind:2.12.5
and
+-io.jenkins.plugins:github-checks:1.0.14-SNAPSHOT
  +-com.github.tomakehurst:wiremock-jre8:2.30.1
    +-com.fasterxml.jackson.core:jackson-databind:2.12.4
and
+-io.jenkins.plugins:github-checks:1.0.14-SNAPSHOT
  +-org.jenkins-ci.plugins:github-branch-source:2.9.3
    +-org.jenkins-ci.plugins:jackson2-api:2.13.0-230.v59243c64b0a5 (managed) <-- org.jenkins-ci.plugins:jackson2-api:2.11.1
      +-com.fasterxml.jackson.core:jackson-databind:2.12.4
and
+-io.jenkins.plugins:github-checks:1.0.14-SNAPSHOT
  +-org.jenkins-ci.plugins:github-branch-source:2.9.3
    +-io.jsonwebtoken:jjwt-jackson:0.11.2
      +-com.fasterxml.jackson.core:jackson-databind:2.9.10.4
and
+-io.jenkins.plugins:github-checks:1.0.14-SNAPSHOT
  +-org.jenkins-ci.plugins:github-branch-source:2.9.3
    +-org.jenkins-ci.plugins:jackson2-api:2.13.0-230.v59243c64b0a5 (managed) <-- org.jenkins-ci.plugins:jackson2-api:2.11.1
      +-com.fasterxml.jackson.datatype:jackson-datatype-jsr310:2.13.0
        +-com.fasterxml.jackson.core:jackson-databind:2.13.0
and
+-io.jenkins.plugins:github-checks:1.0.14-SNAPSHOT
  +-org.jenkins-ci.plugins:github-branch-source:2.9.3
    +-org.jenkins-ci.plugins:jackson2-api:2.13.0-230.v59243c64b0a5 (managed) <-- org.jenkins-ci.plugins:jackson2-api:2.11.1
      +-com.fasterxml.jackson.datatype:jackson-datatype-jdk8:2.13.0
        +-com.fasterxml.jackson.core:jackson-databind:2.13.0
and
+-io.jenkins.plugins:github-checks:1.0.14-SNAPSHOT
  +-org.jenkins-ci.plugins:github-branch-source:2.9.3
    +-org.jenkins-ci.plugins:jackson2-api:2.13.0-230.v59243c64b0a5 (managed) <-- org.jenkins-ci.plugins:jackson2-api:2.11.1
      +-com.fasterxml.jackson.datatype:jackson-datatype-json-org:2.13.0
        +-com.fasterxml.jackson.core:jackson-databind:2.13.0
and
+-io.jenkins.plugins:github-checks:1.0.14-SNAPSHOT
  +-org.jenkins-ci.plugins:github-branch-source:2.9.3
    +-org.jenkins-ci.plugins:jackson2-api:2.13.0-230.v59243c64b0a5 (managed) <-- org.jenkins-ci.plugins:jackson2-api:2.11.1
      +-com.fasterxml.jackson.module:jackson-module-parameter-names:2.13.0
        +-com.fasterxml.jackson.core:jackson-databind:2.13.0
and
+-io.jenkins.plugins:github-checks:1.0.14-SNAPSHOT
  +-org.jenkins-ci.plugins:github-branch-source:2.9.3
    +-org.jenkins-ci.plugins:jackson2-api:2.13.0-230.v59243c64b0a5 (managed) <-- org.jenkins-ci.plugins:jackson2-api:2.11.1
      +-com.fasterxml.jackson.module:jackson-module-jaxb-annotations:2.13.0
        +-com.fasterxml.jackson.core:jackson-databind:2.13.0
and
+-io.jenkins.plugins:github-checks:1.0.14-SNAPSHOT
  +-org.jenkins-ci.plugins:github-branch-source:2.9.3
    +-org.jenkins-ci.plugins:jackson2-api:2.13.0-230.v59243c64b0a5 (managed) <-- org.jenkins-ci.plugins:jackson2-api:2.11.1
      +-com.fasterxml.jackson.dataformat:jackson-dataformat-cbor:2.13.0
        +-com.fasterxml.jackson.core:jackson-databind:2.13.0
and
+-io.jenkins.plugins:github-checks:1.0.14-SNAPSHOT
  +-org.jenkins-ci.plugins:github-branch-source:2.9.3
    +-org.jenkins-ci.plugins:jackson2-api:2.13.0-230.v59243c64b0a5 (managed) <-- org.jenkins-ci.plugins:jackson2-api:2.11.1
      +-com.fasterxml.jackson.dataformat:jackson-dataformat-xml:2.13.0
        +-com.fasterxml.jackson.core:jackson-databind:2.13.0
and
+-io.jenkins.plugins:github-checks:1.0.14-SNAPSHOT
  +-org.jenkins-ci.plugins:github-branch-source:2.9.3
    +-org.jenkins-ci.plugins:jackson2-api:2.13.0-230.v59243c64b0a5 (managed) <-- org.jenkins-ci.plugins:jackson2-api:2.11.1
      +-com.fasterxml.jackson.dataformat:jackson-dataformat-yaml:2.13.0
        +-com.fasterxml.jackson.core:jackson-databind:2.13.0
, 
Require upper bound dependencies error for com.fasterxml.jackson.core:jackson-annotations:2.12.5 paths to dependency are:
+-io.jenkins.plugins:github-checks:1.0.14-SNAPSHOT
  +-com.fasterxml.jackson.core:jackson-annotations:2.12.5
and
+-io.jenkins.plugins:github-checks:1.0.14-SNAPSHOT
  +-com.github.tomakehurst:wiremock-jre8:2.30.1
    +-com.fasterxml.jackson.core:jackson-annotations:2.12.4
and
+-io.jenkins.plugins:github-checks:1.0.14-SNAPSHOT
  +-com.fasterxml.jackson.core:jackson-databind:2.12.5
    +-com.fasterxml.jackson.core:jackson-annotations:2.12.5
and
+-io.jenkins.plugins:github-checks:1.0.14-SNAPSHOT
  +-org.jenkins-ci.plugins:github-branch-source:2.9.3
    +-org.jenkins-ci.plugins:jackson2-api:2.13.0-230.v59243c64b0a5 (managed) <-- org.jenkins-ci.plugins:jackson2-api:2.11.1
      +-com.fasterxml.jackson.core:jackson-annotations:2.12.5
and
+-io.jenkins.plugins:github-checks:1.0.14-SNAPSHOT
  +-org.jenkins-ci.plugins:github-branch-source:2.9.3
    +-org.jenkins-ci.plugins:jackson2-api:2.13.0-230.v59243c64b0a5 (managed) <-- org.jenkins-ci.plugins:jackson2-api:2.11.1
      +-com.fasterxml.jackson.datatype:jackson-datatype-jsr310:2.13.0
        +-com.fasterxml.jackson.core:jackson-annotations:2.13.0
and
+-io.jenkins.plugins:github-checks:1.0.14-SNAPSHOT
  +-org.jenkins-ci.plugins:github-branch-source:2.9.3
    +-org.jenkins-ci.plugins:jackson2-api:2.13.0-230.v59243c64b0a5 (managed) <-- org.jenkins-ci.plugins:jackson2-api:2.11.1
      +-com.fasterxml.jackson.module:jackson-module-jaxb-annotations:2.13.0
        +-com.fasterxml.jackson.core:jackson-annotations:2.13.0
and
+-io.jenkins.plugins:github-checks:1.0.14-SNAPSHOT
  +-org.jenkins-ci.plugins:github-branch-source:2.9.3
    +-org.jenkins-ci.plugins:jackson2-api:2.13.0-230.v59243c64b0a5 (managed) <-- org.jenkins-ci.plugins:jackson2-api:2.11.1
      +-com.fasterxml.jackson.dataformat:jackson-dataformat-xml:2.13.0
        +-com.fasterxml.jackson.core:jackson-annotations:2.13.0
, 
Require upper bound dependencies error for com.fasterxml.jackson.core:jackson-core:2.12.5 paths to dependency are:
+-io.jenkins.plugins:github-checks:1.0.14-SNAPSHOT
  +-com.fasterxml.jackson.core:jackson-core:2.12.5
and
+-io.jenkins.plugins:github-checks:1.0.14-SNAPSHOT
  +-com.github.tomakehurst:wiremock-jre8:2.30.1
    +-com.fasterxml.jackson.core:jackson-core:2.12.4
and
+-io.jenkins.plugins:github-checks:1.0.14-SNAPSHOT
  +-com.fasterxml.jackson.core:jackson-databind:2.12.5
    +-com.fasterxml.jackson.core:jackson-core:2.12.5
and
+-io.jenkins.plugins:github-checks:1.0.14-SNAPSHOT
  +-org.jenkins-ci.plugins:github-branch-source:2.9.3
    +-org.jenkins-ci.plugins:jackson2-api:2.13.0-230.v59243c64b0a5 (managed) <-- org.jenkins-ci.plugins:jackson2-api:2.11.1
      +-com.fasterxml.jackson.core:jackson-core:2.12.4
and
+-io.jenkins.plugins:github-checks:1.0.14-SNAPSHOT
  +-org.jenkins-ci.plugins:github-branch-source:2.9.3
    +-org.jenkins-ci.plugins:jackson2-api:2.13.0-230.v59243c64b0a5 (managed) <-- org.jenkins-ci.plugins:jackson2-api:2.11.1
      +-com.fasterxml.jackson.datatype:jackson-datatype-jsr310:2.13.0
        +-com.fasterxml.jackson.core:jackson-core:2.13.0
and
+-io.jenkins.plugins:github-checks:1.0.14-SNAPSHOT
  +-org.jenkins-ci.plugins:github-branch-source:2.9.3
    +-org.jenkins-ci.plugins:jackson2-api:2.13.0-230.v59243c64b0a5 (managed) <-- org.jenkins-ci.plugins:jackson2-api:2.11.1
      +-com.fasterxml.jackson.datatype:jackson-datatype-jdk8:2.13.0
        +-com.fasterxml.jackson.core:jackson-core:2.13.0
and
+-io.jenkins.plugins:github-checks:1.0.14-SNAPSHOT
  +-org.jenkins-ci.plugins:github-branch-source:2.9.3
    +-org.jenkins-ci.plugins:jackson2-api:2.13.0-230.v59243c64b0a5 (managed) <-- org.jenkins-ci.plugins:jackson2-api:2.11.1
      +-com.fasterxml.jackson.datatype:jackson-datatype-json-org:2.13.0
        +-com.fasterxml.jackson.core:jackson-core:2.13.0
and
+-io.jenkins.plugins:github-checks:1.0.14-SNAPSHOT
  +-org.jenkins-ci.plugins:github-branch-source:2.9.3
    +-org.jenkins-ci.plugins:jackson2-api:2.13.0-230.v59243c64b0a5 (managed) <-- org.jenkins-ci.plugins:jackson2-api:2.11.1
      +-com.fasterxml.jackson.module:jackson-module-parameter-names:2.13.0
        +-com.fasterxml.jackson.core:jackson-core:2.13.0
and
+-io.jenkins.plugins:github-checks:1.0.14-SNAPSHOT
  +-org.jenkins-ci.plugins:github-branch-source:2.9.3
    +-org.jenkins-ci.plugins:jackson2-api:2.13.0-230.v59243c64b0a5 (managed) <-- org.jenkins-ci.plugins:jackson2-api:2.11.1
      +-com.fasterxml.jackson.module:jackson-module-jaxb-annotations:2.13.0
        +-com.fasterxml.jackson.core:jackson-core:2.13.0
and
+-io.jenkins.plugins:github-checks:1.0.14-SNAPSHOT
  +-org.jenkins-ci.plugins:github-branch-source:2.9.3
    +-org.jenkins-ci.plugins:jackson2-api:2.13.0-230.v59243c64b0a5 (managed) <-- org.jenkins-ci.plugins:jackson2-api:2.11.1
      +-com.fasterxml.jackson.dataformat:jackson-dataformat-cbor:2.13.0
        +-com.fasterxml.jackson.core:jackson-core:2.13.0
and
+-io.jenkins.plugins:github-checks:1.0.14-SNAPSHOT
  +-org.jenkins-ci.plugins:github-branch-source:2.9.3
    +-org.jenkins-ci.plugins:jackson2-api:2.13.0-230.v59243c64b0a5 (managed) <-- org.jenkins-ci.plugins:jackson2-api:2.11.1
      +-com.fasterxml.jackson.dataformat:jackson-dataformat-xml:2.13.0
        +-com.fasterxml.jackson.core:jackson-core:2.13.0
and
+-io.jenkins.plugins:github-checks:1.0.14-SNAPSHOT
  +-org.jenkins-ci.plugins:github-branch-source:2.9.3
    +-org.jenkins-ci.plugins:jackson2-api:2.13.0-230.v59243c64b0a5 (managed) <-- org.jenkins-ci.plugins:jackson2-api:2.11.1
      +-com.fasterxml.jackson.dataformat:jackson-dataformat-yaml:2.13.0
        +-com.fasterxml.jackson.core:jackson-core:2.13.0
, 
Require upper bound dependencies error for org.apache.httpcomponents:httpcore:4.4.13 paths to dependency are:
+-io.jenkins.plugins:github-checks:1.0.14-SNAPSHOT
  +-org.apache.httpcomponents:httpclient:4.5.13
    +-org.apache.httpcomponents:httpcore:4.4.13
and
+-io.jenkins.plugins:github-checks:1.0.14-SNAPSHOT
  +-org.jenkins-ci.plugins:github-branch-source:2.9.3
    +-com.coravy.hudson.plugins.github:github:1.32.0
      +-org.jenkins-ci.plugins:git:4.10.0 (managed) <-- org.jenkins-ci.plugins:git:3.4.0
        +-org.jenkins-ci.plugins:git-client:3.10.0
          +-org.jenkins-ci.plugins:apache-httpcomponents-client-4-api:4.5.13-1.0
            +-org.apache.httpcomponents:httpcore:4.4.13
and
+-io.jenkins.plugins:github-checks:1.0.14-SNAPSHOT
  +-org.jenkins-ci.plugins:github-branch-source:2.9.3
    +-com.coravy.hudson.plugins.github:github:1.32.0
      +-org.jenkins-ci.plugins:git:4.10.0 (managed) <-- org.jenkins-ci.plugins:git:3.4.0
        +-org.jenkins-ci.plugins:git-client:3.10.0
          +-org.jenkins-ci.plugins:apache-httpcomponents-client-4-api:4.5.13-1.0
            +-org.apache.httpcomponents:httpcore-nio:4.4.14
              +-org.apache.httpcomponents:httpcore:4.4.14
and
+-io.jenkins.plugins:github-checks:1.0.14-SNAPSHOT
  +-org.jenkins-ci.plugins:github-branch-source:2.9.3
    +-com.coravy.hudson.plugins.github:github:1.32.0
      +-org.jenkins-ci.plugins:git:4.10.0 (managed) <-- org.jenkins-ci.plugins:git:3.4.0
        +-org.jenkins-ci.plugins:git-client:3.10.0
          +-org.jenkins-ci.plugins:apache-httpcomponents-client-4-api:4.5.13-1.0
            +-org.apache.httpcomponents:httpasyncclient:4.1.4
              +-org.apache.httpcomponents:httpcore:4.4.10
, 
Require upper bound dependencies error for commons-io:commons-io:2.8.0 paths to dependency are:
+-io.jenkins.plugins:github-checks:1.0.14-SNAPSHOT
  +-com.github.tomakehurst:wiremock-jre8:2.30.1
    +-commons-io:commons-io:2.8.0 (managed) <-- commons-io:commons-io:2.11.0
and
+-io.jenkins.plugins:github-checks:1.0.14-SNAPSHOT
  +-org.jenkins-ci.main:jenkins-core:2.289.1
    +-commons-io:commons-io:2.8.0 (managed) <-- commons-io:commons-io:2.4
and
+-io.jenkins.plugins:github-checks:1.0.14-SNAPSHOT
  +-org.jenkins-ci.main:jenkins-core:2.289.1
    +-org.jenkins-ci:crypto-util:1.5
      +-commons-io:commons-io:2.8.0 (managed) <-- commons-io:commons-io:1.4
and
+-io.jenkins.plugins:github-checks:1.0.14-SNAPSHOT
  +-org.jenkins-ci.main:jenkins-core:2.289.1
    +-org.kohsuke.stapler:stapler:1.263
      +-commons-io:commons-io:2.8.0 (managed) <-- commons-io:commons-io:2.4
and
+-io.jenkins.plugins:github-checks:1.0.14-SNAPSHOT
  +-org.jenkins-ci.main:jenkins-core:2.289.1
    +-org.jenkins-ci:bytecode-compatibility-transformer:2.0-beta-2
      +-commons-io:commons-io:2.8.0 (managed) <-- commons-io:commons-io:2.4
]
[INFO] 
[INFO] --- maven-enforcer-plugin:3.0.0-M3:enforce (no-snapshots-in-release) @ github-checks ---
[INFO] 
[INFO] --- gmavenplus-plugin:1.13.0:addTestSources (test-in-groovy) @ github-checks ---
[INFO] 
[INFO] --- localizer-maven-plugin:1.31:generate (default) @ github-checks ---
[INFO] 
[INFO] <<< maven-javadoc-plugin:3.3.1:javadoc (default) < generate-sources @ github-checks <<<
[INFO] 
[INFO] 
[INFO] --- maven-javadoc-plugin:3.3.1:javadoc (default) @ github-checks ---
[INFO] No previous run data found, generating javadoc.
[INFO] 
4 warnings
[WARNING] Javadoc Warnings
[WARNING] warning: unknown enum constant Include.NON_NULL
[WARNING] reason: class file for com.fasterxml.jackson.annotation.JsonInclude$Include not found
[WARNING] warning: unknown enum constant Include.NON_NULL
[WARNING] warning: unknown enum constant Include.NON_NULL
[WARNING] warning: unknown enum constant Include.NON_NULL
[INFO] 
[INFO] --- maven-resources-plugin:3.2.0:resources (default-resources) @ github-checks ---
[INFO] Using 'UTF-8' encoding to copy filtered resources.
[INFO] Using 'UTF-8' encoding to copy filtered properties files.
[INFO] Copying 13 resources
[INFO] 
[INFO] --- flatten-maven-plugin:1.2.7:flatten (flatten) @ github-checks ---
[INFO] Generating flattened POM of project io.jenkins.plugins:github-checks:hpi:1.0.14-SNAPSHOT...
[INFO] 
[INFO] --- maven-compiler-plugin:3.8.1:compile (default-compile) @ github-checks ---
[INFO] Changes detected - recompiling the module!
[INFO] Compiling 18 source files to /home/gabsko/breaking-updates/target/classes
[WARNING] /home/gabsko/breaking-updates/src/main/java/io/jenkins/plugins/checks/github/SCMFacade.java:[127,53] SYSTEM in hudson.security.ACL has been deprecated
[WARNING] /home/gabsko/breaking-updates/src/main/java/io/jenkins/plugins/checks/github/CheckRunGHEventSubscriber.java:[81,45] SYSTEM in hudson.security.ACL has been deprecated
[WARNING] /home/gabsko/breaking-updates/src/main/java/io/jenkins/plugins/checks/github/CheckRunGHEventSubscriber.java:[81,38] as(org.acegisecurity.Authentication) in hudson.security.ACL has been deprecated
[INFO] 
[INFO] --- access-modifier-checker:1.25:enforce (default-enforce) @ github-checks ---
[INFO] 
[INFO] --- maven-hpi-plugin:3.19:insert-test (default-insert-test) @ github-checks ---
[INFO] 
[INFO] --- gmavenplus-plugin:1.13.0:generateTestStubs (test-in-groovy) @ github-checks ---
[INFO] No sources specified for stub generation. Skipping.
[INFO] Generated 0 stubs.
[INFO] 
[INFO] --- assertj-assertions-generator-maven-plugin:2.2.0:generate-assertions (default) @ github-checks ---
[INFO] 
[INFO] --- maven-antrun-plugin:3.0.0:run (createTempDir) @ github-checks ---
[INFO] Executing tasks
[INFO]     [mkdir] Created dir: /home/gabsko/breaking-updates/target/tmp
[INFO] Executed tasks
[INFO] 
[INFO] --- maven-resources-plugin:3.2.0:testResources (default-testResources) @ github-checks ---
[INFO] Using 'UTF-8' encoding to copy filtered resources.
[INFO] Using 'UTF-8' encoding to copy filtered properties files.
[INFO] Copying 9 resources
[INFO] 
[INFO] --- maven-compiler-plugin:3.8.1:testCompile (default-testCompile) @ github-checks ---
[INFO] Changes detected - recompiling the module!
[INFO] Compiling 32 source files to /home/gabsko/breaking-updates/target/test-classes
[WARNING] /home/gabsko/breaking-updates/src/test/java/io/jenkins/plugins/checks/github/GitSCMChecksContextITest.java:[38,22] GitSCM(java.util.List<hudson.plugins.git.UserRemoteConfig>,java.util.List<hudson.plugins.git.BranchSpec>,java.lang.Boolean,java.util.Collection<hudson.plugins.git.SubmoduleConfig>,hudson.plugins.git.browser.GitRepositoryBrowser,java.lang.String,java.util.List<hudson.plugins.git.extensions.GitSCMExtension>) in hudson.plugins.git.GitSCM has been deprecated
[WARNING] /home/gabsko/breaking-updates/src/test/java/io/jenkins/plugins/checks/github/status/GitHubStatusChecksPropertiesTest.java:[43,41] unchecked call to DescribableList(hudson.model.Saveable,java.util.Collection<? extends T>) as a member of the raw type hudson.util.DescribableList
[WARNING] /home/gabsko/breaking-updates/src/test/java/io/jenkins/plugins/checks/github/status/GitHubStatusChecksPropertiesTest.java:[46,45] unchecked method invocation: method thenReturn in interface org.mockito.stubbing.OngoingStubbing is applied to given types
  required: T
  found: hudson.util.DescribableList
[WARNING] /home/gabsko/breaking-updates/src/test/java/io/jenkins/plugins/checks/github/status/GitHubStatusChecksPropertiesTest.java:[46,46] unchecked conversion
  required: T
  found:    hudson.util.DescribableList
[WARNING] /home/gabsko/breaking-updates/src/test/java/io/jenkins/plugins/checks/github/status/GitHubStatusChecksPropertiesTest.java:[74,41] unchecked call to DescribableList(hudson.model.Saveable,java.util.Collection<? extends T>) as a member of the raw type hudson.util.DescribableList
[WARNING] /home/gabsko/breaking-updates/src/test/java/io/jenkins/plugins/checks/github/status/GitHubStatusChecksPropertiesTest.java:[77,45] unchecked method invocation: method thenReturn in interface org.mockito.stubbing.OngoingStubbing is applied to given types
  required: T
  found: hudson.util.DescribableList
[WARNING] /home/gabsko/breaking-updates/src/test/java/io/jenkins/plugins/checks/github/status/GitHubStatusChecksPropertiesTest.java:[77,46] unchecked conversion
  required: T
  found:    hudson.util.DescribableList
[WARNING] /home/gabsko/breaking-updates/src/test/java/io/jenkins/plugins/checks/github/GitHubChecksPublisherITest.java:[236,64] SNAKE_CASE in com.fasterxml.jackson.databind.PropertyNamingStrategy has been deprecated
[WARNING] /home/gabsko/breaking-updates/src/test/java/io/jenkins/plugins/checks/github/GitHubChecksPublisherITest.java:[360,54] getParent() in hudson.model.AbstractItem implements getParent() in hudson.model.Item
  return type requires unchecked conversion from hudson.model.ItemGroup to hudson.model.ItemGroup<? extends hudson.model.Item>
[INFO] 
[INFO] --- maven-hpi-plugin:3.19:test-hpl (default-test-hpl) @ github-checks ---
[INFO] Generating /home/gabsko/breaking-updates/target/test-classes/the.hpl
[INFO] webappDirectory does not exist, will use warSourceDirectory
[INFO] 
[INFO] --- maven-hpi-plugin:3.19:resolve-test-dependencies (default-resolve-test-dependencies) @ github-checks ---
[INFO] Downloading from repo.jenkins-ci.org: https://repo.jenkins-ci.org/public/org/jenkins-ci/plugins/github-api/1.301-378.v9807bd746da5/github-api-1.301-378.v9807bd746da5.hpi
[INFO] Downloaded from repo.jenkins-ci.org: https://repo.jenkins-ci.org/public/org/jenkins-ci/plugins/github-api/1.301-378.v9807bd746da5/github-api-1.301-378.v9807bd746da5.hpi (1.3 MB at 631 kB/s)
[INFO] 
[INFO] --- gmavenplus-plugin:1.13.0:compileTests (test-in-groovy) @ github-checks ---
[INFO] No sources specified for compilation. Skipping.
[INFO] 
[INFO] --- jacoco-maven-plugin:0.8.7:prepare-agent (default) @ github-checks ---
[INFO] argLine set to -javaagent:/home/gabsko/.m2/repository/org/jacoco/org.jacoco.agent/0.8.7/org.jacoco.agent-0.8.7-runtime.jar=destfile=/home/gabsko/breaking-updates/target/jacoco.exec,includes=io/jenkins/plugins/**/* -Xms768M -Xmx768M -Djava.awt.headless=true -XX:+HeapDumpOnOutOfMemoryError -XX:+TieredCompilation -XX:TieredStopAtLevel=1
[INFO] 
[INFO] --- maven-surefire-plugin:3.0.0-M4:test (default-test) @ github-checks ---
[INFO] 
[INFO] -------------------------------------------------------
[INFO]  T E S T S
[INFO] -------------------------------------------------------
[INFO] Running io.jenkins.plugins.checks.github.CheckRunGHEventSubscriberTest
[INFO] Tests run: 10, Failures: 0, Errors: 0, Skipped: 0, Time elapsed: 2.793 s - in io.jenkins.plugins.checks.github.CheckRunGHEventSubscriberTest
[INFO] Running io.jenkins.plugins.checks.github.GitHubChecksDetailsTest
[INFO] Tests run: 3, Failures: 0, Errors: 0, Skipped: 0, Time elapsed: 0.026 s - in io.jenkins.plugins.checks.github.GitHubChecksDetailsTest
[INFO] Running io.jenkins.plugins.checks.github.GitHubChecksPublisherFactoryTest
[INFO] Tests run: 5, Failures: 0, Errors: 0, Skipped: 0, Time elapsed: 0.982 s - in io.jenkins.plugins.checks.github.GitHubChecksPublisherFactoryTest
[INFO] Running io.jenkins.plugins.checks.github.GitHubSCMSourceChecksContextTest
[INFO] Tests run: 16, Failures: 0, Errors: 0, Skipped: 0, Time elapsed: 0.125 s - in io.jenkins.plugins.checks.github.GitHubSCMSourceChecksContextTest
[INFO] Running io.jenkins.plugins.checks.github.GitSCMChecksContextTest
[INFO] Tests run: 1, Failures: 0, Errors: 0, Skipped: 0, Time elapsed: 0.002 s - in io.jenkins.plugins.checks.github.GitSCMChecksContextTest
[INFO] Running io.jenkins.plugins.checks.github.status.GitHubSCMSourceStatusChecksTraitTest
[INFO] Tests run: 1, Failures: 0, Errors: 0, Skipped: 0, Time elapsed: 0.113 s - in io.jenkins.plugins.checks.github.status.GitHubSCMSourceStatusChecksTraitTest
[INFO] Running io.jenkins.plugins.checks.github.status.GitHubStatusChecksPropertiesTest
[INFO] Tests run: 5, Failures: 0, Errors: 0, Skipped: 0, Time elapsed: 0.017 s - in io.jenkins.plugins.checks.github.status.GitHubStatusChecksPropertiesTest
[INFO] Running io.jenkins.plugins.checks.ArchitectureTest
[INFO] Tests run: 5, Failures: 0, Errors: 0, Skipped: 0, Time elapsed: 2.366 s - in io.jenkins.plugins.checks.ArchitectureTest
[INFO] 
[INFO] Results:
[INFO] 
[INFO] Tests run: 46, Failures: 0, Errors: 0, Skipped: 0
[INFO] 
[INFO] 
[INFO] --- animal-sniffer-maven-plugin:1.20:check (check) @ github-checks ---
[INFO] Resolved signature org.codehaus.mojo.signature:java18 version as 1.0 from dependencyManagement
[INFO] Checking unresolved references to org.codehaus.mojo.signature:java18:1.0
[INFO] ------------------------------------------------------------------------
[INFO] BUILD SUCCESS
[INFO] ------------------------------------------------------------------------
[INFO] Total time:  26.359 s
[INFO] Finished at: 2023-02-01T20:50:19Z
[INFO] ------------------------------------------------------------------------
