[INFO] Scanning for projects...
[INFO] 
[INFO] --------------------< org.reficio:p2-maven-plugin >---------------------
[INFO] Building p2-maven-plugin 2.1.0-SNAPSHOT
[INFO] ----------------------------[ maven-plugin ]----------------------------
[INFO] 
[INFO] --- maven-clean-plugin:2.5:clean (default-clean) @ p2-maven-plugin ---
[INFO] Deleting /home/gabsko/breaking-updates/target
[INFO] 
[INFO] --- gmavenplus-plugin:1.12.1:addSources (default) @ p2-maven-plugin ---
[INFO] 
[INFO] --- gmavenplus-plugin:1.12.1:addTestSources (default) @ p2-maven-plugin ---
[INFO] 
[INFO] --- jacoco-maven-plugin:0.8.8:prepare-agent (default) @ p2-maven-plugin ---
[INFO] argLine set to -javaagent:/home/gabsko/.m2/repository/org/jacoco/org.jacoco.agent/0.8.8/org.jacoco.agent-0.8.8-runtime.jar=destfile=/home/gabsko/breaking-updates/target/jacoco.exec
[INFO] 
[INFO] --- gmavenplus-plugin:1.12.1:generateStubs (default) @ p2-maven-plugin ---
[INFO] Using isolated classloader, without GMavenPlus classpath.
[INFO] Using Groovy 3.0.9 to perform generateStubs.
[INFO] Generated 7 stubs.
[INFO] 
[INFO] --- maven-resources-plugin:2.6:resources (default-resources) @ p2-maven-plugin ---
[INFO] Using 'UTF-8' encoding to copy filtered resources.
[INFO] Copying 3 resources
[INFO] 
[INFO] --- maven-compiler-plugin:3.8.1:compile (default-compile) @ p2-maven-plugin ---
[INFO] Changes detected - recompiling the module!
[INFO] Compiling 37 source files to /home/gabsko/breaking-updates/target/classes
[INFO] /home/gabsko/breaking-updates/src/main/java/org/reficio/p2/P2Mojo.java: Some input files use or override a deprecated API.
[INFO] /home/gabsko/breaking-updates/src/main/java/org/reficio/p2/P2Mojo.java: Recompile with -Xlint:deprecation for details.
[INFO] /home/gabsko/breaking-updates/src/main/java/org/reficio/p2/P2Mojo.java: /home/gabsko/breaking-updates/src/main/java/org/reficio/p2/P2Mojo.java uses unchecked or unsafe operations.
[INFO] /home/gabsko/breaking-updates/src/main/java/org/reficio/p2/P2Mojo.java: Recompile with -Xlint:unchecked for details.
[INFO] 
[INFO] --- gmavenplus-plugin:1.12.1:compile (default) @ p2-maven-plugin ---
[INFO] Using isolated classloader, without GMavenPlus classpath.
[INFO] Using Groovy 3.0.9 to perform compile.
[INFO] Parallel parsing disabled.
[INFO] Compiled 16 files.
[INFO] 
[INFO] --- gmavenplus-plugin:1.12.1:compile (default) @ p2-maven-plugin ---
[INFO] Using isolated classloader, without GMavenPlus classpath.
[INFO] Using Groovy 3.0.9 to perform compile.
[INFO] Parallel parsing disabled.
[INFO] Compiled 16 files.
[INFO] 
[INFO] --- license-maven-plugin:4.1:check (default) @ p2-maven-plugin ---
[INFO] Checking licenses...
[INFO] 
[INFO] --- maven-plugin-plugin:3.6.0:descriptor (default-descriptor) @ p2-maven-plugin ---
[INFO] Using 'UTF-8' encoding to read mojo source files.
[INFO] java-javadoc mojo extractor found 0 mojo descriptor.
[INFO] java-annotations mojo extractor found 1 mojo descriptor.
[INFO] 
[INFO] --- plexus-component-metadata:2.1.0:generate-metadata (default) @ p2-maven-plugin ---
[INFO] 
[INFO] --- gmavenplus-plugin:1.12.1:generateTestStubs (default) @ p2-maven-plugin ---
[INFO] Using isolated classloader, without GMavenPlus classpath.
[INFO] Using Groovy 3.0.9 to perform generateTestStubs.
[INFO] Generated 4 stubs.
[INFO] 
[INFO] --- maven-resources-plugin:2.6:testResources (default-testResources) @ p2-maven-plugin ---
[INFO] Using 'UTF-8' encoding to copy filtered resources.
[INFO] skip non existing resourceDirectory /home/gabsko/breaking-updates/src/test/resources
[INFO] 
[INFO] --- maven-compiler-plugin:3.8.1:testCompile (default-testCompile) @ p2-maven-plugin ---
[INFO] Changes detected - recompiling the module!
[INFO] Compiling 15 source files to /home/gabsko/breaking-updates/target/test-classes
[INFO] /home/gabsko/breaking-updates/src/test/java/org/reficio/p2/utils/BundleUtilsTest.java: /home/gabsko/breaking-updates/src/test/java/org/reficio/p2/utils/BundleUtilsTest.java uses or overrides a deprecated API.
[INFO] /home/gabsko/breaking-updates/src/test/java/org/reficio/p2/utils/BundleUtilsTest.java: Recompile with -Xlint:deprecation for details.
[INFO] 
[INFO] --- gmavenplus-plugin:1.12.1:compileTests (default) @ p2-maven-plugin ---
[INFO] Using isolated classloader, without GMavenPlus classpath.
[INFO] Using Groovy 3.0.9 to perform compileTests.
[INFO] Parallel parsing disabled.
[INFO] Compiled 5 files.
[INFO] 
[INFO] --- plexus-component-metadata:2.1.0:generate-test-metadata (default) @ p2-maven-plugin ---
[INFO] 
[INFO] --- maven-surefire-plugin:2.22.2:test (default-test) @ p2-maven-plugin ---
[INFO] 
[INFO] -------------------------------------------------------
[INFO]  T E S T S
[INFO] -------------------------------------------------------
[INFO] Running org.reficio.p2.resolver.impl.AetherTest
[INFO] Tests run: 2, Failures: 0, Errors: 0, Skipped: 0, Time elapsed: 2.391 s - in org.reficio.p2.resolver.impl.AetherTest
[INFO] Running org.reficio.p2.resolver.maven.impl.facade.AetherEclipseFacadeTest
[INFO] Tests run: 8, Failures: 0, Errors: 0, Skipped: 0, Time elapsed: 0.092 s - in org.reficio.p2.resolver.maven.impl.facade.AetherEclipseFacadeTest
[INFO] Running org.reficio.p2.resolver.maven.impl.facade.AetherSonatypeFacadeTest
[INFO] Tests run: 8, Failures: 0, Errors: 0, Skipped: 0, Time elapsed: 0.021 s - in org.reficio.p2.resolver.maven.impl.facade.AetherSonatypeFacadeTest
[INFO] Running org.reficio.p2.utils.BundleUtilsTest
[INFO] Tests run: 7, Failures: 0, Errors: 0, Skipped: 0, Time elapsed: 0.551 s - in org.reficio.p2.utils.BundleUtilsTest
[INFO] Running org.reficio.p2.bundler.ArtifactBundlerInstructionTest
[INFO] Tests run: 1, Failures: 0, Errors: 0, Skipped: 0, Time elapsed: 0.004 s - in org.reficio.p2.bundler.ArtifactBundlerInstructionTest
[INFO] Running org.reficio.p2.bundler.impl.AquteBundlerTest
SLF4J: Failed to load class "org.slf4j.impl.StaticLoggerBinder".
SLF4J: Defaulting to no-operation (NOP) logger implementation
SLF4J: See http://www.slf4j.org/codes.html#StaticLoggerBinder for further details.
[info] Executing Bundler:
[info] 	 [EXEC] 
[info] Executing Bundler:
[info] 	 [EXEC] 
[INFO] Tests run: 2, Failures: 0, Errors: 0, Skipped: 0, Time elapsed: 0.257 s - in org.reficio.p2.bundler.impl.AquteBundlerTest
[INFO] Running org.reficio.p2.bundler.ArtifactBundlerInstructionsTest
[INFO] Tests run: 2, Failures: 0, Errors: 0, Skipped: 0, Time elapsed: 0.013 s - in org.reficio.p2.bundler.ArtifactBundlerInstructionsTest
[INFO] Running org.reficio.p2.bundler.P2ArtifactMapTest
[INFO] Tests run: 1, Failures: 0, Errors: 0, Skipped: 0, Time elapsed: 0.002 s - in org.reficio.p2.bundler.P2ArtifactMapTest
[INFO] Running org.reficio.p2.P2ArtifactTest
[INFO] Tests run: 3, Failures: 0, Errors: 0, Skipped: 0, Time elapsed: 0 s - in org.reficio.p2.P2ArtifactTest
[INFO] Running org.reficio.p2.publisher.CategoryPublisherTest
[INFO] Tests run: 5, Failures: 0, Errors: 0, Skipped: 0, Time elapsed: 0.093 s - in org.reficio.p2.publisher.CategoryPublisherTest
[INFO] Running org.reficio.p2.logger.LoggerTest
[INFO] Tests run: 1, Failures: 0, Errors: 0, Skipped: 0, Time elapsed: 0 s - in org.reficio.p2.logger.LoggerTest
[INFO] 
[INFO] Results:
[INFO] 
[INFO] Tests run: 40, Failures: 0, Errors: 0, Skipped: 0
[INFO] 
[INFO] ------------------------------------------------------------------------
[INFO] BUILD SUCCESS
[INFO] ------------------------------------------------------------------------
[INFO] Total time:  13.348 s
[INFO] Finished at: 2023-02-02T01:02:04Z
[INFO] ------------------------------------------------------------------------
