[INFO] Scanning for projects...
[INFO] Inspecting build with total of 1 modules...
[INFO] Installing Nexus Staging features:
[INFO]   ... total of 1 executions of maven-deploy-plugin replaced with nexus-staging-maven-plugin
[INFO] 
[INFO] -----------------------< org.assertj:assertj-db >-----------------------
[INFO] Building AssertJ-DB - Assertions for database 2.1.0-SNAPSHOT
[INFO] --------------------------------[ jar ]---------------------------------
[INFO] 
[INFO] --- maven-clean-plugin:3.1.0:clean (default-clean) @ assertj-db ---
[INFO] Deleting /home/gabsko/breaking-updates/target
[INFO] 
[INFO] --- maven-enforcer-plugin:3.0.0-M3:enforce (enforce-maven) @ assertj-db ---
[INFO] 
[INFO] --- license-maven-plugin:3.0:format (default) @ assertj-db ---
[INFO] Updating license headers...
[INFO] 
[INFO] --- jacoco-maven-plugin:0.8.6:prepare-agent (prepare-agent) @ assertj-db ---
[INFO] argLine set to -javaagent:/home/gabsko/.m2/repository/org/jacoco/org.jacoco.agent/0.8.6/org.jacoco.agent-0.8.6-runtime.jar=destfile=/home/gabsko/breaking-updates/target/jacoco.exec,excludes=org/assertj/db/internal/bytebuddy/**/*
[INFO] 
[INFO] --- maven-resources-plugin:3.2.0:resources (default-resources) @ assertj-db ---
[INFO] Using 'UTF-8' encoding to copy filtered resources.
[INFO] Using 'UTF-8' encoding to copy filtered properties files.
[INFO] skip non existing resourceDirectory /home/gabsko/breaking-updates/src/main/resources
[INFO] 
[INFO] --- maven-compiler-plugin:3.8.1:compile (default-compile) @ assertj-db ---
[INFO] Changes detected - recompiling the module!
[INFO] Compiling 266 source files to /home/gabsko/breaking-updates/target/classes
[INFO] /home/gabsko/breaking-updates/src/main/java/org/assertj/db/api/assertions/impl/AssertionsOnRowCondition.java: /home/gabsko/breaking-updates/src/main/java/org/assertj/db/api/assertions/impl/AssertionsOnRowCondition.java uses unchecked or unsafe operations.
[INFO] /home/gabsko/breaking-updates/src/main/java/org/assertj/db/api/assertions/impl/AssertionsOnRowCondition.java: Recompile with -Xlint:unchecked for details.
[INFO] 
[INFO] --- maven-resources-plugin:3.2.0:testResources (default-testResources) @ assertj-db ---
[INFO] Using 'UTF-8' encoding to copy filtered resources.
[INFO] Using 'UTF-8' encoding to copy filtered properties files.
[INFO] Copying 45 resources
[INFO] 
[INFO] --- maven-compiler-plugin:3.8.1:testCompile (default-testCompile) @ assertj-db ---
[INFO] Changes detected - recompiling the module!
[INFO] Compiling 567 source files to /home/gabsko/breaking-updates/target/test-classes
[INFO] /home/gabsko/breaking-updates/src/test/java/org/assertj/db/navigation/ToChange_ChangeOfDeletionOnTable_Integer_Test.java: Some input files use unchecked or unsafe operations.
[INFO] /home/gabsko/breaking-updates/src/test/java/org/assertj/db/navigation/ToChange_ChangeOfDeletionOnTable_Integer_Test.java: Recompile with -Xlint:unchecked for details.
[INFO] 
[INFO] --- maven-surefire-plugin:2.22.2:test (default-test) @ assertj-db ---
[INFO] 
[INFO] -------------------------------------------------------
[INFO]  T E S T S
[INFO] -------------------------------------------------------
[INFO] Running org.assertj.db.navigation.ToValueFromRow_Value_String_Test
[INFO] Tests run: 4, Failures: 0, Errors: 0, Skipped: 0, Time elapsed: 1.865 s - in org.assertj.db.navigation.ToValueFromRow_Value_String_Test
[INFO] Running org.assertj.db.navigation.ToChange_ChangeOfModificationOnTable_Test
[INFO] Tests run: 2, Failures: 0, Errors: 0, Skipped: 0, Time elapsed: 0.8 s - in org.assertj.db.navigation.ToChange_ChangeOfModificationOnTable_Test
[INFO] Running org.assertj.db.navigation.ToChange_ChangeOfDeletionOnTable_Test
[INFO] Tests run: 2, Failures: 0, Errors: 0, Skipped: 0, Time elapsed: 0.484 s - in org.assertj.db.navigation.ToChange_ChangeOfDeletionOnTable_Test
[INFO] Running org.assertj.db.navigation.ToChange_Test
[INFO] Tests run: 2, Failures: 0, Errors: 0, Skipped: 0, Time elapsed: 1.661 s - in org.assertj.db.navigation.ToChange_Test
[INFO] Running org.assertj.db.navigation.ToValueFromColumn_ValueAtStartPoint_Test
[INFO] Tests run: 2, Failures: 0, Errors: 0, Skipped: 0, Time elapsed: 0.139 s - in org.assertj.db.navigation.ToValueFromColumn_ValueAtStartPoint_Test
[INFO] Running org.assertj.db.navigation.ToRow_Row_Integer_Test
[INFO] Tests run: 4, Failures: 0, Errors: 0, Skipped: 0, Time elapsed: 0.032 s - in org.assertj.db.navigation.ToRow_Row_Integer_Test
[INFO] Running org.assertj.db.navigation.ToRow_Row_Test
[INFO] Tests run: 4, Failures: 0, Errors: 0, Skipped: 0, Time elapsed: 0.021 s - in org.assertj.db.navigation.ToRow_Row_Test
[INFO] Running org.assertj.db.navigation.ToChange_ChangeOfDeletion_Integer_Test
[INFO] Tests run: 2, Failures: 0, Errors: 0, Skipped: 0, Time elapsed: 0.394 s - in org.assertj.db.navigation.ToChange_ChangeOfDeletion_Integer_Test
[INFO] Running org.assertj.db.navigation.ToChange_Change_Test
[INFO] Tests run: 2, Failures: 0, Errors: 0, Skipped: 0, Time elapsed: 0.104 s - in org.assertj.db.navigation.ToChange_Change_Test
[INFO] Running org.assertj.db.navigation.ToChange_ChangeOfCreationOnTable_Test
[INFO] Tests run: 2, Failures: 0, Errors: 0, Skipped: 0, Time elapsed: 0.556 s - in org.assertj.db.navigation.ToChange_ChangeOfCreationOnTable_Test
[INFO] Running org.assertj.db.navigation.ToValue_Value_Test
[INFO] Tests run: 10, Failures: 0, Errors: 0, Skipped: 0, Time elapsed: 0.148 s - in org.assertj.db.navigation.ToValue_Value_Test
[INFO] Running org.assertj.db.navigation.ToValueFromColumn_ValueAtEndPoint_Test
[INFO] Tests run: 2, Failures: 0, Errors: 0, Skipped: 0, Time elapsed: 0.122 s - in org.assertj.db.navigation.ToValueFromColumn_ValueAtEndPoint_Test
[INFO] Running org.assertj.db.navigation.ToColumnFromChange_ColumnAmongTheModifiedOnes_Integer_Test
[INFO] Tests run: 2, Failures: 0, Errors: 0, Skipped: 0, Time elapsed: 0.108 s - in org.assertj.db.navigation.ToColumnFromChange_ColumnAmongTheModifiedOnes_Integer_Test
[INFO] Running org.assertj.db.navigation.ToChanges_Test
[INFO] Tests run: 2, Failures: 0, Errors: 0, Skipped: 0, Time elapsed: 0.555 s - in org.assertj.db.navigation.ToChanges_Test
[INFO] Running org.assertj.db.navigation.ToColumn_Column_Integer_Test
[INFO] Tests run: 6, Failures: 0, Errors: 0, Skipped: 0, Time elapsed: 0.19 s - in org.assertj.db.navigation.ToColumn_Column_Integer_Test
[INFO] Running org.assertj.db.navigation.ToChange_ChangeOfModification_Test
[INFO] Tests run: 2, Failures: 0, Errors: 0, Skipped: 0, Time elapsed: 0.361 s - in org.assertj.db.navigation.ToChange_ChangeOfModification_Test
[INFO] Running org.assertj.db.navigation.ToColumnFromChange_ColumnAmongTheModifiedOnes_String_Test
[INFO] Tests run: 2, Failures: 0, Errors: 0, Skipped: 0, Time elapsed: 0.121 s - in org.assertj.db.navigation.ToColumnFromChange_ColumnAmongTheModifiedOnes_String_Test
[INFO] Running org.assertj.db.navigation.ToChange_ChangeOnTableWithPks_Test
[INFO] Tests run: 2, Failures: 0, Errors: 0, Skipped: 0, Time elapsed: 0.626 s - in org.assertj.db.navigation.ToChange_ChangeOnTableWithPks_Test
[INFO] Running org.assertj.db.navigation.ToRowFromChange_RowAtEndPoint_Test
[INFO] Tests run: 2, Failures: 0, Errors: 0, Skipped: 0, Time elapsed: 0.115 s - in org.assertj.db.navigation.ToRowFromChange_RowAtEndPoint_Test
[INFO] Running org.assertj.db.navigation.ReturnToOrigin_Test
[INFO] Tests run: 26, Failures: 0, Errors: 0, Skipped: 0, Time elapsed: 0.652 s - in org.assertj.db.navigation.ReturnToOrigin_Test
[INFO] Running org.assertj.db.navigation.ToChange_ChangeOnTable_Integer_Test
[INFO] Tests run: 2, Failures: 0, Errors: 0, Skipped: 0, Time elapsed: 0.445 s - in org.assertj.db.navigation.ToChange_ChangeOnTable_Integer_Test
[INFO] Running org.assertj.db.navigation.ToColumn_Column_String_Test
[INFO] Tests run: 6, Failures: 0, Errors: 0, Skipped: 0, Time elapsed: 0.117 s - in org.assertj.db.navigation.ToColumn_Column_String_Test
[INFO] Running org.assertj.db.navigation.ToChange_ChangeOnTable_Test
[INFO] Tests run: 2, Failures: 0, Errors: 0, Skipped: 0, Time elapsed: 0.33 s - in org.assertj.db.navigation.ToChange_ChangeOnTable_Test
[INFO] Running org.assertj.db.navigation.ToColumnFromChange_ColumnAmongTheModifiedOnes_Test
[INFO] Tests run: 2, Failures: 0, Errors: 0, Skipped: 0, Time elapsed: 0.107 s - in org.assertj.db.navigation.ToColumnFromChange_ColumnAmongTheModifiedOnes_Test
[INFO] Running org.assertj.db.navigation.ToChange_ChangeOfDeletionOnTable_Integer_Test
[INFO] Tests run: 2, Failures: 0, Errors: 0, Skipped: 0, Time elapsed: 0.608 s - in org.assertj.db.navigation.ToChange_ChangeOfDeletionOnTable_Integer_Test
[INFO] Running org.assertj.db.navigation.ToChange_ChangeOfCreation_Test
[INFO] Tests run: 2, Failures: 0, Errors: 0, Skipped: 0, Time elapsed: 0.286 s - in org.assertj.db.navigation.ToChange_ChangeOfCreation_Test
[INFO] Running org.assertj.db.navigation.InstantiationError_Test
[INFO] Tests run: 7, Failures: 0, Errors: 0, Skipped: 0, Time elapsed: 0.232 s - in org.assertj.db.navigation.InstantiationError_Test
[INFO] Running org.assertj.db.navigation.ToChange_ChangeOfModification_Integer_Test
[INFO] Tests run: 2, Failures: 0, Errors: 0, Skipped: 0, Time elapsed: 0.459 s - in org.assertj.db.navigation.ToChange_ChangeOfModification_Integer_Test
[INFO] Running org.assertj.db.navigation.ToValue_Value_Integer_Test
[INFO] Tests run: 10, Failures: 0, Errors: 0, Skipped: 0, Time elapsed: 0.155 s - in org.assertj.db.navigation.ToValue_Value_Integer_Test
[INFO] Running org.assertj.db.navigation.ToChange_ChangeOfDeletion_Test
[INFO] Tests run: 2, Failures: 0, Errors: 0, Skipped: 0, Time elapsed: 0.291 s - in org.assertj.db.navigation.ToChange_ChangeOfDeletion_Test
[INFO] Running org.assertj.db.navigation.ToChange_Change_Integer_Test
[INFO] Tests run: 2, Failures: 0, Errors: 0, Skipped: 0, Time elapsed: 0.105 s - in org.assertj.db.navigation.ToChange_Change_Integer_Test
[INFO] Running org.assertj.db.navigation.ToChange_ChangeOfModificationOnTable_Integer_Test
[INFO] Tests run: 2, Failures: 0, Errors: 0, Skipped: 0, Time elapsed: 0.703 s - in org.assertj.db.navigation.ToChange_ChangeOfModificationOnTable_Integer_Test
[INFO] Running org.assertj.db.navigation.ToRowFromChange_RowAtStartPoint_Test
[INFO] Tests run: 2, Failures: 0, Errors: 0, Skipped: 0, Time elapsed: 0.099 s - in org.assertj.db.navigation.ToRowFromChange_RowAtStartPoint_Test
[INFO] Running org.assertj.db.navigation.ToChange_ChangeOfCreationOnTable_Integer_Test
[INFO] Tests run: 2, Failures: 0, Errors: 0, Skipped: 0, Time elapsed: 0.804 s - in org.assertj.db.navigation.ToChange_ChangeOfCreationOnTable_Integer_Test
[INFO] Running org.assertj.db.navigation.ToChange_ChangeOfCreation_Integer_Test
[INFO] Tests run: 2, Failures: 0, Errors: 0, Skipped: 0, Time elapsed: 0.478 s - in org.assertj.db.navigation.ToChange_ChangeOfCreation_Integer_Test
[INFO] Running org.assertj.db.navigation.ToColumn_Column_Test
[INFO] Tests run: 6, Failures: 0, Errors: 0, Skipped: 0, Time elapsed: 0.112 s - in org.assertj.db.navigation.ToColumn_Column_Test
[INFO] Running org.assertj.db.api.DefaultDescription_Test
[INFO] Tests run: 51, Failures: 0, Errors: 0, Skipped: 0, Time elapsed: 3.792 s - in org.assertj.db.api.DefaultDescription_Test
[INFO] Running org.assertj.db.api.EntryPointsComparison_Test
[INFO] Tests run: 1, Failures: 0, Errors: 0, Skipped: 0, Time elapsed: 0.011 s - in org.assertj.db.api.EntryPointsComparison_Test
[INFO] Running org.assertj.db.api.AssertOnColumnOfChangeEquality_HasValues_One_Character_Test
[INFO] Tests run: 3, Failures: 0, Errors: 0, Skipped: 0, Time elapsed: 0.149 s - in org.assertj.db.api.AssertOnColumnOfChangeEquality_HasValues_One_Character_Test
[INFO] Running org.assertj.db.api.BDDAssertions_Constructor_Test
[INFO] Tests run: 1, Failures: 0, Errors: 0, Skipped: 0, Time elapsed: 0 s - in org.assertj.db.api.BDDAssertions_Constructor_Test
[INFO] Running org.assertj.db.api.assertions.AssertOnValueChronology_IsBefore_DateTimeValue_Test
[INFO] Tests run: 2, Failures: 0, Errors: 0, Skipped: 0, Time elapsed: 0.033 s - in org.assertj.db.api.assertions.AssertOnValueChronology_IsBefore_DateTimeValue_Test
[INFO] Running org.assertj.db.api.assertions.AssertOnValueCondition_Satisfies_Test
[INFO] Tests run: 2, Failures: 0, Errors: 0, Skipped: 0, Time elapsed: 0.049 s - in org.assertj.db.api.assertions.AssertOnValueCondition_Satisfies_Test
[INFO] Running org.assertj.db.api.assertions.AssertOnModifiedColumns_HasModifiedColumns_String_Test
[INFO] Tests run: 2, Failures: 0, Errors: 0, Skipped: 0, Time elapsed: 0.143 s - in org.assertj.db.api.assertions.AssertOnModifiedColumns_HasModifiedColumns_String_Test
[INFO] Running org.assertj.db.api.assertions.AssertOnValueChronology_IsAfterOrEqualTo_LocalTime_Test
[INFO] Tests run: 2, Failures: 0, Errors: 0, Skipped: 0, Time elapsed: 0.034 s - in org.assertj.db.api.assertions.AssertOnValueChronology_IsAfterOrEqualTo_LocalTime_Test
[INFO] Running org.assertj.db.api.assertions.AssertOnValueChronology_IsBefore_TimeValue_Test
[INFO] Tests run: 2, Failures: 0, Errors: 0, Skipped: 0, Time elapsed: 0.034 s - in org.assertj.db.api.assertions.AssertOnValueChronology_IsBefore_TimeValue_Test
[INFO] Running org.assertj.db.api.assertions.AssertOnValueType_IsOfAnyTypeIn_Test
[INFO] Tests run: 2, Failures: 0, Errors: 0, Skipped: 0, Time elapsed: 0.036 s - in org.assertj.db.api.assertions.AssertOnValueType_IsOfAnyTypeIn_Test
[INFO] Running org.assertj.db.api.assertions.AssertOnValueEquality_IsEqualTo_Character_Test
[INFO] Tests run: 2, Failures: 0, Errors: 0, Skipped: 0, Time elapsed: 0.037 s - in org.assertj.db.api.assertions.AssertOnValueEquality_IsEqualTo_Character_Test
[INFO] Running org.assertj.db.api.assertions.AssertOnPrimaryKey_HasPksNames_Test
[INFO] Tests run: 3, Failures: 0, Errors: 0, Skipped: 0, Time elapsed: 0.154 s - in org.assertj.db.api.assertions.AssertOnPrimaryKey_HasPksNames_Test
[INFO] Running org.assertj.db.api.assertions.AssertOnModifiedColumns_HasNumberOfModifiedColumnsGreaterThanOrEqualTo_Test
[INFO] Tests run: 2, Failures: 0, Errors: 0, Skipped: 0, Time elapsed: 0.095 s - in org.assertj.db.api.assertions.AssertOnModifiedColumns_HasNumberOfModifiedColumnsGreaterThanOrEqualTo_Test
[INFO] Running org.assertj.db.api.assertions.AssertOnColumnContent_ContainsValues_Boolean_Test
[INFO] Tests run: 2, Failures: 0, Errors: 0, Skipped: 0, Time elapsed: 0.02 s - in org.assertj.db.api.assertions.AssertOnColumnContent_ContainsValues_Boolean_Test
[INFO] Running org.assertj.db.api.assertions.AssertOnValueCondition_Is_Test
[INFO] Tests run: 2, Failures: 0, Errors: 0, Skipped: 0, Time elapsed: 0.029 s - in org.assertj.db.api.assertions.AssertOnValueCondition_Is_Test
[INFO] Running org.assertj.db.api.assertions.AssertOnValueChronology_IsAfter_DateValue_Test
[INFO] Tests run: 2, Failures: 0, Errors: 0, Skipped: 0, Time elapsed: 0.031 s - in org.assertj.db.api.assertions.AssertOnValueChronology_IsAfter_DateValue_Test
[INFO] Running org.assertj.db.api.assertions.AssertOnExistence_Exists_Test
[INFO] Tests run: 2, Failures: 0, Errors: 0, Skipped: 0, Time elapsed: 0.016 s - in org.assertj.db.api.assertions.AssertOnExistence_Exists_Test
[INFO] Running org.assertj.db.api.assertions.AssertOnColumnClass_IsOfClass_Test
[INFO] Tests run: 2, Failures: 0, Errors: 0, Skipped: 0, Time elapsed: 0.128 s - in org.assertj.db.api.assertions.AssertOnColumnClass_IsOfClass_Test
[INFO] Running org.assertj.db.api.assertions.AssertOnRowCondition_HasValuesSatisfying_Test
[INFO] Tests run: 2, Failures: 0, Errors: 0, Skipped: 0, Time elapsed: 0.047 s - in org.assertj.db.api.assertions.AssertOnRowCondition_HasValuesSatisfying_Test
[INFO] Running org.assertj.db.api.assertions.AssertOnDataType_IsOnTable_Test
[INFO] Tests run: 2, Failures: 0, Errors: 0, Skipped: 0, Time elapsed: 0.03 s - in org.assertj.db.api.assertions.AssertOnDataType_IsOnTable_Test
[INFO] Running org.assertj.db.api.assertions.AssertOnValueCloseness_IsCloseTo_DateValue_DateTimeValue_Test
[INFO] Tests run: 2, Failures: 0, Errors: 0, Skipped: 0, Time elapsed: 0.032 s - in org.assertj.db.api.assertions.AssertOnValueCloseness_IsCloseTo_DateValue_DateTimeValue_Test
[INFO] Running org.assertj.db.api.assertions.AssertOnColumnType_IsTime_Test
[INFO] Tests run: 2, Failures: 0, Errors: 0, Skipped: 0, Time elapsed: 0.105 s - in org.assertj.db.api.assertions.AssertOnColumnType_IsTime_Test
[INFO] Running org.assertj.db.api.assertions.AssertOnModifiedColumns_HasNumberOfModifiedColumnsLessThan_Test
[INFO] Tests run: 2, Failures: 0, Errors: 0, Skipped: 0, Time elapsed: 0.095 s - in org.assertj.db.api.assertions.AssertOnModifiedColumns_HasNumberOfModifiedColumnsLessThan_Test
[INFO] Running org.assertj.db.api.assertions.AssertOnColumnEquality_HasValues_TimeValue_Test
[INFO] Tests run: 2, Failures: 0, Errors: 0, Skipped: 0, Time elapsed: 0.018 s - in org.assertj.db.api.assertions.AssertOnColumnEquality_HasValues_TimeValue_Test
[INFO] Running org.assertj.db.api.assertions.AssertOnValueInequality_IsNotEqualTo_DateTimeValue_Test
[INFO] Tests run: 2, Failures: 0, Errors: 0, Skipped: 0, Time elapsed: 0.03 s - in org.assertj.db.api.assertions.AssertOnValueInequality_IsNotEqualTo_DateTimeValue_Test
[INFO] Running org.assertj.db.api.assertions.AssertOnValueChronology_IsAfter_LocalTime_Test
[INFO] Tests run: 2, Failures: 0, Errors: 0, Skipped: 0, Time elapsed: 0.029 s - in org.assertj.db.api.assertions.AssertOnValueChronology_IsAfter_LocalTime_Test
[INFO] Running org.assertj.db.api.assertions.AssertOnValueChronology_IsBefore_DateValue_Test
[INFO] Tests run: 2, Failures: 0, Errors: 0, Skipped: 0, Time elapsed: 0.031 s - in org.assertj.db.api.assertions.AssertOnValueChronology_IsBefore_DateValue_Test
[INFO] Running org.assertj.db.api.assertions.AssertOnValueEquality_IsTrue_Test
[INFO] Tests run: 2, Failures: 0, Errors: 0, Skipped: 0, Time elapsed: 0.03 s - in org.assertj.db.api.assertions.AssertOnValueEquality_IsTrue_Test
[INFO] Running org.assertj.db.api.assertions.AssertOnNumberOfRows_HasNumberOfRowsLessThanOrEqualTo_Test
[INFO] Tests run: 2, Failures: 0, Errors: 0, Skipped: 0, Time elapsed: 0.008 s - in org.assertj.db.api.assertions.AssertOnNumberOfRows_HasNumberOfRowsLessThanOrEqualTo_Test
[INFO] Running org.assertj.db.api.assertions.AssertOnRowOfChangeExistence_DoesNotExist_Test
[INFO] Tests run: 2, Failures: 0, Errors: 0, Skipped: 0, Time elapsed: 0.088 s - in org.assertj.db.api.assertions.AssertOnRowOfChangeExistence_DoesNotExist_Test
[INFO] Running org.assertj.db.api.assertions.AssertOnColumnOfChangeEquality_HasValues_Two_DateValue_Test
[INFO] Tests run: 3, Failures: 0, Errors: 0, Skipped: 0, Time elapsed: 0.137 s - in org.assertj.db.api.assertions.AssertOnColumnOfChangeEquality_HasValues_Two_DateValue_Test
[INFO] Running org.assertj.db.api.assertions.AssertOnValueInequality_IsNotZero_Test
[INFO] Tests run: 2, Failures: 0, Errors: 0, Skipped: 0, Time elapsed: 0.031 s - in org.assertj.db.api.assertions.AssertOnValueInequality_IsNotZero_Test
[INFO] Running org.assertj.db.api.assertions.AssertOnColumnType_IsUUID_Test
[INFO] Tests run: 2, Failures: 0, Errors: 0, Skipped: 0, Time elapsed: 0.118 s - in org.assertj.db.api.assertions.AssertOnColumnType_IsUUID_Test
[INFO] Running org.assertj.db.api.assertions.AssertOnValueInequality_IsNotEqualTo_UUID_Test
[INFO] Tests run: 2, Failures: 0, Errors: 0, Skipped: 0, Time elapsed: 0.046 s - in org.assertj.db.api.assertions.AssertOnValueInequality_IsNotEqualTo_UUID_Test
[INFO] Running org.assertj.db.api.assertions.AssertOnColumnEquality_HasValues_String_Test
[INFO] Tests run: 2, Failures: 0, Errors: 0, Skipped: 0, Time elapsed: 0.024 s - in org.assertj.db.api.assertions.AssertOnColumnEquality_HasValues_String_Test
[INFO] Running org.assertj.db.api.assertions.AssertOnExistence_DoesNotExist_Test
[INFO] Tests run: 2, Failures: 0, Errors: 0, Skipped: 0, Time elapsed: 0.012 s - in org.assertj.db.api.assertions.AssertOnExistence_DoesNotExist_Test
[INFO] Running org.assertj.db.api.assertions.AssertOnPrimaryKey_HasPksValues_Test
[INFO] Tests run: 3, Failures: 0, Errors: 0, Skipped: 0, Time elapsed: 0.185 s - in org.assertj.db.api.assertions.AssertOnPrimaryKey_HasPksValues_Test
[INFO] Running org.assertj.db.api.assertions.AssertOnColumnOfChangeEquality_HasValues_Two_Boolean_Test
[INFO] Tests run: 3, Failures: 0, Errors: 0, Skipped: 0, Time elapsed: 0.188 s - in org.assertj.db.api.assertions.AssertOnColumnOfChangeEquality_HasValues_Two_Boolean_Test
[INFO] Running org.assertj.db.api.assertions.AssertOnValueInequality_IsNotEqualTo_String_Test
[INFO] Tests run: 2, Failures: 0, Errors: 0, Skipped: 0, Time elapsed: 0.039 s - in org.assertj.db.api.assertions.AssertOnValueInequality_IsNotEqualTo_String_Test
[INFO] Running org.assertj.db.api.assertions.AssertOnValueCloseness_IsCloseTo_DateTimeValue_TimeValue_Test
[INFO] Tests run: 2, Failures: 0, Errors: 0, Skipped: 0, Time elapsed: 0.047 s - in org.assertj.db.api.assertions.AssertOnValueCloseness_IsCloseTo_DateTimeValue_TimeValue_Test
[INFO] Running org.assertj.db.api.assertions.impl.AssertionsOnValueEquality_IsEqualTo_DateTimeValue_Test
[INFO] Tests run: 3, Failures: 0, Errors: 0, Skipped: 0, Time elapsed: 0.009 s - in org.assertj.db.api.assertions.impl.AssertionsOnValueEquality_IsEqualTo_DateTimeValue_Test
[INFO] Running org.assertj.db.api.assertions.impl.AssertionsOnColumnOfChangeEquality_HasValues_One_UUID_Test
[INFO] Tests run: 4, Failures: 0, Errors: 0, Skipped: 0, Time elapsed: 0.008 s - in org.assertj.db.api.assertions.impl.AssertionsOnColumnOfChangeEquality_HasValues_One_UUID_Test
[INFO] Running org.assertj.db.api.assertions.impl.AssertionsOnDataType_IsOnTable_Test
[INFO] Tests run: 2, Failures: 0, Errors: 0, Skipped: 0, Time elapsed: 0.004 s - in org.assertj.db.api.assertions.impl.AssertionsOnDataType_IsOnTable_Test
[INFO] Running org.assertj.db.api.assertions.impl.AssertionsOnColumnContent_ContainsValues_Number_Test
[INFO] Tests run: 4, Failures: 0, Errors: 0, Skipped: 0, Time elapsed: 0.008 s - in org.assertj.db.api.assertions.impl.AssertionsOnColumnContent_ContainsValues_Number_Test
[INFO] Running org.assertj.db.api.assertions.impl.AssertionsOnDataType_IsOnDataType_Test
[INFO] Tests run: 2, Failures: 0, Errors: 0, Skipped: 0, Time elapsed: 0.004 s - in org.assertj.db.api.assertions.impl.AssertionsOnDataType_IsOnDataType_Test
[INFO] Running org.assertj.db.api.assertions.impl.AssertionsOnColumnType_IsBoolean_Test
[INFO] Tests run: 4, Failures: 0, Errors: 0, Skipped: 0, Time elapsed: 0.006 s - in org.assertj.db.api.assertions.impl.AssertionsOnColumnType_IsBoolean_Test
[INFO] Running org.assertj.db.api.assertions.impl.AssertionsOnValueInequality_IsNotEqualTo_Object_Test
[INFO] Tests run: 3, Failures: 0, Errors: 0, Skipped: 0, Time elapsed: 0.007 s - in org.assertj.db.api.assertions.impl.AssertionsOnValueInequality_IsNotEqualTo_Object_Test
[INFO] Running org.assertj.db.api.assertions.impl.AssertionsOnChangeType_IsDeletion_Test
[INFO] Tests run: 2, Failures: 0, Errors: 0, Skipped: 0, Time elapsed: 0.004 s - in org.assertj.db.api.assertions.impl.AssertionsOnChangeType_IsDeletion_Test
[INFO] Running org.assertj.db.api.assertions.impl.AssertionsOnValueInequality_IsNotEqualTo_DateValue_Test
[INFO] Tests run: 3, Failures: 0, Errors: 0, Skipped: 0, Time elapsed: 0.006 s - in org.assertj.db.api.assertions.impl.AssertionsOnValueInequality_IsNotEqualTo_DateValue_Test
[INFO] Running org.assertj.db.api.assertions.impl.AssertionsOnValueChronology_IsAfter_String_Test
[INFO] Tests run: 5, Failures: 0, Errors: 0, Skipped: 0, Time elapsed: 0.008 s - in org.assertj.db.api.assertions.impl.AssertionsOnValueChronology_IsAfter_String_Test
[INFO] Running org.assertj.db.api.assertions.impl.AssertionsOnColumnContent_ContainsValues_UUID_Test
[INFO] Tests run: 4, Failures: 0, Errors: 0, Skipped: 0, Time elapsed: 0.006 s - in org.assertj.db.api.assertions.impl.AssertionsOnColumnContent_ContainsValues_UUID_Test
[INFO] Running org.assertj.db.api.assertions.impl.AssertionsOnColumnEquality_HasValues_TimeValue_Test
[INFO] Tests run: 4, Failures: 0, Errors: 0, Skipped: 0, Time elapsed: 0.005 s - in org.assertj.db.api.assertions.impl.AssertionsOnColumnEquality_HasValues_TimeValue_Test
[INFO] Running org.assertj.db.api.assertions.impl.AssertionsOnModifiedColumn_IsNotModified_Test
[INFO] Tests run: 2, Failures: 0, Errors: 0, Skipped: 0, Time elapsed: 0.003 s - in org.assertj.db.api.assertions.impl.AssertionsOnModifiedColumn_IsNotModified_Test
[INFO] Running org.assertj.db.api.assertions.impl.AssertionsOnColumnContent_ContainsValues_DateTimeValue_Test
[INFO] Tests run: 4, Failures: 0, Errors: 0, Skipped: 0, Time elapsed: 0.005 s - in org.assertj.db.api.assertions.impl.AssertionsOnColumnContent_ContainsValues_DateTimeValue_Test
[INFO] Running org.assertj.db.api.assertions.impl.AssertionsOnValueChronology_IsBeforeOrEqualTo_DateTimeValue_Test
[INFO] Tests run: 3, Failures: 0, Errors: 0, Skipped: 0, Time elapsed: 0.004 s - in org.assertj.db.api.assertions.impl.AssertionsOnValueChronology_IsBeforeOrEqualTo_DateTimeValue_Test
[INFO] Running org.assertj.db.api.assertions.impl.AssertionsOnColumnContent_ContainsValues_String_Test
[INFO] Tests run: 4, Failures: 0, Errors: 0, Skipped: 0, Time elapsed: 0.004 s - in org.assertj.db.api.assertions.impl.AssertionsOnColumnContent_ContainsValues_String_Test
[INFO] Running org.assertj.db.api.assertions.impl.AssertionsOnColumnOfChangeType_IsOfAnyOfTypes_Test
[INFO] Tests run: 5, Failures: 0, Errors: 0, Skipped: 0, Time elapsed: 0.007 s - in org.assertj.db.api.assertions.impl.AssertionsOnColumnOfChangeType_IsOfAnyOfTypes_Test
[INFO] Running org.assertj.db.api.assertions.impl.AssertionsOnColumnOfChangeEquality_HasValues_One_Number_Test
[INFO] Tests run: 4, Failures: 0, Errors: 0, Skipped: 0, Time elapsed: 0.006 s - in org.assertj.db.api.assertions.impl.AssertionsOnColumnOfChangeEquality_HasValues_One_Number_Test
[INFO] Running org.assertj.db.api.assertions.impl.AssertionsOnColumnClass_IsOfClass_Test
[INFO] Tests run: 5, Failures: 0, Errors: 0, Skipped: 0, Time elapsed: 0.006 s - in org.assertj.db.api.assertions.impl.AssertionsOnColumnClass_IsOfClass_Test
[INFO] Running org.assertj.db.api.assertions.impl.AssertionsOnColumnOfChangeEquality_HasValues_Two_Boolean_Test
[INFO] Tests run: 4, Failures: 0, Errors: 0, Skipped: 0, Time elapsed: 0.005 s - in org.assertj.db.api.assertions.impl.AssertionsOnColumnOfChangeEquality_HasValues_Two_Boolean_Test
[INFO] Running org.assertj.db.api.assertions.impl.AssertionsOnValueChronology_IsBefore_DateValue_Test
[INFO] Tests run: 3, Failures: 0, Errors: 0, Skipped: 0, Time elapsed: 0.005 s - in org.assertj.db.api.assertions.impl.AssertionsOnValueChronology_IsBefore_DateValue_Test
[INFO] Running org.assertj.db.api.assertions.impl.AssertionsOnValueInequality_IsNotEqualTo_Character_Test
[INFO] Tests run: 3, Failures: 0, Errors: 0, Skipped: 0, Time elapsed: 0.005 s - in org.assertj.db.api.assertions.impl.AssertionsOnValueInequality_IsNotEqualTo_Character_Test
[INFO] Running org.assertj.db.api.assertions.impl.AssertionsOnColumnEquality_HasValues_Bytes_Test
[INFO] Tests run: 4, Failures: 0, Errors: 0, Skipped: 0, Time elapsed: 0.006 s - in org.assertj.db.api.assertions.impl.AssertionsOnColumnEquality_HasValues_Bytes_Test
[INFO] Running org.assertj.db.api.assertions.impl.AssertionsOnChangeType_IsModification_Test
[INFO] Tests run: 2, Failures: 0, Errors: 0, Skipped: 0, Time elapsed: 0.004 s - in org.assertj.db.api.assertions.impl.AssertionsOnChangeType_IsModification_Test
[INFO] Running org.assertj.db.api.assertions.impl.AssertionsOnColumnContent_ContainsValues_Boolean_Test
[INFO] Tests run: 4, Failures: 0, Errors: 0, Skipped: 0, Time elapsed: 0.005 s - in org.assertj.db.api.assertions.impl.AssertionsOnColumnContent_ContainsValues_Boolean_Test
[INFO] Running org.assertj.db.api.assertions.impl.AssertionsOnValueInequality_IsNotEqualTo_TimeValue_Test
[INFO] Tests run: 3, Failures: 0, Errors: 0, Skipped: 0, Time elapsed: 0.004 s - in org.assertj.db.api.assertions.impl.AssertionsOnValueInequality_IsNotEqualTo_TimeValue_Test
[INFO] Running org.assertj.db.api.assertions.impl.AssertionsOnColumnOfChangeType_IsBoolean_Test
[INFO] Tests run: 5, Failures: 0, Errors: 0, Skipped: 0, Time elapsed: 0.006 s - in org.assertj.db.api.assertions.impl.AssertionsOnColumnOfChangeType_IsBoolean_Test
[INFO] Running org.assertj.db.api.assertions.impl.AssertionsOnColumnEquality_HasValues_String_Test
[INFO] Tests run: 4, Failures: 0, Errors: 0, Skipped: 0, Time elapsed: 0.007 s - in org.assertj.db.api.assertions.impl.AssertionsOnColumnEquality_HasValues_String_Test
[INFO] Running org.assertj.db.api.assertions.impl.AssertionsOnValueChronology_IsAfter_TimeValue_Test
[INFO] Tests run: 3, Failures: 0, Errors: 0, Skipped: 0, Time elapsed: 0.004 s - in org.assertj.db.api.assertions.impl.AssertionsOnValueChronology_IsAfter_TimeValue_Test
[INFO] Running org.assertj.db.api.assertions.impl.AssertionsOnTableExistence_Exists_Test
[INFO] Tests run: 2, Failures: 0, Errors: 0, Skipped: 0, Time elapsed: 0.005 s - in org.assertj.db.api.assertions.impl.AssertionsOnTableExistence_Exists_Test
[INFO] Running org.assertj.db.api.assertions.impl.AssertionsOnModifiedColumns_HasModifiedColumns_String_Test
[INFO] Tests run: 5, Failures: 0, Errors: 0, Skipped: 0, Time elapsed: 0.007 s - in org.assertj.db.api.assertions.impl.AssertionsOnModifiedColumns_HasModifiedColumns_String_Test
[INFO] Running org.assertj.db.api.assertions.impl.AssertionsOnValueInequality_IsNotEqualTo_UUID_Test
[INFO] Tests run: 3, Failures: 0, Errors: 0, Skipped: 0, Time elapsed: 0.003 s - in org.assertj.db.api.assertions.impl.AssertionsOnValueInequality_IsNotEqualTo_UUID_Test
[INFO] Running org.assertj.db.api.assertions.impl.AssertionsOnColumnEquality_HasValues_Character_Test
[INFO] Tests run: 4, Failures: 0, Errors: 0, Skipped: 0, Time elapsed: 0.005 s - in org.assertj.db.api.assertions.impl.AssertionsOnColumnEquality_HasValues_Character_Test
[INFO] Running org.assertj.db.api.assertions.impl.AssertionsOnValueCloseness_IsCloseTo_DateTimeValue_TimeValue_Test
[INFO] Tests run: 3, Failures: 0, Errors: 0, Skipped: 0, Time elapsed: 0.004 s - in org.assertj.db.api.assertions.impl.AssertionsOnValueCloseness_IsCloseTo_DateTimeValue_TimeValue_Test
[INFO] Running org.assertj.db.api.assertions.impl.AssertionsOnColumnContent_ContainsValues_Bytes_Test
[INFO] Tests run: 4, Failures: 0, Errors: 0, Skipped: 0, Time elapsed: 0.004 s - in org.assertj.db.api.assertions.impl.AssertionsOnColumnContent_ContainsValues_Bytes_Test
[INFO] Running org.assertj.db.api.assertions.impl.AssertionsOnColumnOfChangeEquality_HasValues_Two_DateValue_Test
[INFO] Tests run: 4, Failures: 0, Errors: 0, Skipped: 0, Time elapsed: 0.006 s - in org.assertj.db.api.assertions.impl.AssertionsOnColumnOfChangeEquality_HasValues_Two_DateValue_Test
[INFO] Running org.assertj.db.api.assertions.impl.AssertionsOnColumnOfChangeEquality_HasValues_Two_Number_Test
[INFO] Tests run: 4, Failures: 0, Errors: 0, Skipped: 0, Time elapsed: 0.004 s - in org.assertj.db.api.assertions.impl.AssertionsOnColumnOfChangeEquality_HasValues_Two_Number_Test
[INFO] Running org.assertj.db.api.assertions.impl.AssertionsOnColumnOfChangeEquality_HasValues_Two_String_Test
[INFO] Tests run: 4, Failures: 0, Errors: 0, Skipped: 0, Time elapsed: 0.005 s - in org.assertj.db.api.assertions.impl.AssertionsOnColumnOfChangeEquality_HasValues_Two_String_Test
[INFO] Running org.assertj.db.api.assertions.impl.AssertionsOnValueNullity_IsNull_Test
[INFO] Tests run: 2, Failures: 0, Errors: 0, Skipped: 0, Time elapsed: 0.003 s - in org.assertj.db.api.assertions.impl.AssertionsOnValueNullity_IsNull_Test
[INFO] Running org.assertj.db.api.assertions.impl.AssertionsOnPrimaryKey_HasPksValues_Test
[INFO] Tests run: 3, Failures: 0, Errors: 0, Skipped: 0, Time elapsed: 0.005 s - in org.assertj.db.api.assertions.impl.AssertionsOnPrimaryKey_HasPksValues_Test
[INFO] Running org.assertj.db.api.assertions.impl.AssertionsOnValueComparison_IsGreaterThanOrEqualTo_Test
[INFO] Tests run: 3, Failures: 0, Errors: 0, Skipped: 0, Time elapsed: 0.004 s - in org.assertj.db.api.assertions.impl.AssertionsOnValueComparison_IsGreaterThanOrEqualTo_Test
[INFO] Running org.assertj.db.api.assertions.impl.AssertionsOnColumnOfChangeEquality_HasValues_Two_DateTimeValue_Test
[INFO] Tests run: 4, Failures: 0, Errors: 0, Skipped: 0, Time elapsed: 0.005 s - in org.assertj.db.api.assertions.impl.AssertionsOnColumnOfChangeEquality_HasValues_Two_DateTimeValue_Test
[INFO] Running org.assertj.db.api.assertions.impl.AssertionsOnColumnType_IsBytes_Test
[INFO] Tests run: 4, Failures: 0, Errors: 0, Skipped: 0, Time elapsed: 0.004 s - in org.assertj.db.api.assertions.impl.AssertionsOnColumnType_IsBytes_Test
[INFO] Running org.assertj.db.api.assertions.impl.AssertionsOnColumnContent_ContainsValues_TimeValue_Test
[INFO] Tests run: 4, Failures: 0, Errors: 0, Skipped: 0, Time elapsed: 0.005 s - in org.assertj.db.api.assertions.impl.AssertionsOnColumnContent_ContainsValues_TimeValue_Test
[INFO] Running org.assertj.db.api.assertions.impl.AssertionsOnColumnOfChangeType_IsDateTime_Test
[INFO] Tests run: 5, Failures: 0, Errors: 0, Skipped: 0, Time elapsed: 0.005 s - in org.assertj.db.api.assertions.impl.AssertionsOnColumnOfChangeType_IsDateTime_Test
[INFO] Running org.assertj.db.api.assertions.impl.AssertionsOnValueCloseness_IsCloseTo_DateValue_DateValue_Test
[INFO] Tests run: 3, Failures: 0, Errors: 0, Skipped: 0, Time elapsed: 0.004 s - in org.assertj.db.api.assertions.impl.AssertionsOnValueCloseness_IsCloseTo_DateValue_DateValue_Test
[INFO] Running org.assertj.db.api.assertions.impl.AssertionsOnColumnOfChangeType_IsOfType_Test
[INFO] Tests run: 5, Failures: 0, Errors: 0, Skipped: 0, Time elapsed: 0.005 s - in org.assertj.db.api.assertions.impl.AssertionsOnColumnOfChangeType_IsOfType_Test
[INFO] Running org.assertj.db.api.assertions.impl.AssertionsOnModifiedColumns_HasModifiedColumns_Integer_Test
[INFO] Tests run: 4, Failures: 0, Errors: 0, Skipped: 0, Time elapsed: 0.005 s - in org.assertj.db.api.assertions.impl.AssertionsOnModifiedColumns_HasModifiedColumns_Integer_Test
[INFO] Running org.assertj.db.api.assertions.impl.AssertionsOnNumberOfRows_HasNumberOfRowsGreaterThan_Test
[INFO] Tests run: 2, Failures: 0, Errors: 0, Skipped: 0, Time elapsed: 0.001 s - in org.assertj.db.api.assertions.impl.AssertionsOnNumberOfRows_HasNumberOfRowsGreaterThan_Test
[INFO] Running org.assertj.db.api.assertions.impl.AssertionsOnColumnEquality_HasValues_Number_Test
[INFO] Tests run: 4, Failures: 0, Errors: 0, Skipped: 0, Time elapsed: 0.004 s - in org.assertj.db.api.assertions.impl.AssertionsOnColumnEquality_HasValues_Number_Test
[INFO] Running org.assertj.db.api.assertions.impl.AssertionsOnValueComparison_IsGreaterThan_Test
[INFO] Tests run: 3, Failures: 0, Errors: 0, Skipped: 0, Time elapsed: 0.004 s - in org.assertj.db.api.assertions.impl.AssertionsOnValueComparison_IsGreaterThan_Test
[INFO] Running org.assertj.db.api.assertions.impl.AssertionsOnValueInequality_IsNotEqualTo_String_Test
[INFO] Tests run: 3, Failures: 0, Errors: 0, Skipped: 0, Time elapsed: 0.003 s - in org.assertj.db.api.assertions.impl.AssertionsOnValueInequality_IsNotEqualTo_String_Test
[INFO] Running org.assertj.db.api.assertions.impl.AssertionsOnModifiedColumns_HasNumberOfModifiedColumnsGreaterThanOrEqualTo_Test
[INFO] Tests run: 2, Failures: 0, Errors: 0, Skipped: 0, Time elapsed: 0.001 s - in org.assertj.db.api.assertions.impl.AssertionsOnModifiedColumns_HasNumberOfModifiedColumnsGreaterThanOrEqualTo_Test
[INFO] Running org.assertj.db.api.assertions.impl.AssertionsOnValueChronology_IsBefore_String_Test
[INFO] Tests run: 5, Failures: 0, Errors: 0, Skipped: 0, Time elapsed: 0.005 s - in org.assertj.db.api.assertions.impl.AssertionsOnValueChronology_IsBefore_String_Test
[INFO] Running org.assertj.db.api.assertions.impl.AssertionsOnColumnEquality_HasValues_Boolean_Test
[INFO] Tests run: 4, Failures: 0, Errors: 0, Skipped: 0, Time elapsed: 0.003 s - in org.assertj.db.api.assertions.impl.AssertionsOnColumnEquality_HasValues_Boolean_Test
[INFO] Running org.assertj.db.api.assertions.impl.AssertionsOnRowOfChangeExistence_Exists_Test
[INFO] Tests run: 2, Failures: 0, Errors: 0, Skipped: 0, Time elapsed: 0.001 s - in org.assertj.db.api.assertions.impl.AssertionsOnRowOfChangeExistence_Exists_Test
[INFO] Running org.assertj.db.api.assertions.impl.AssertionsOnTableExistence_DoesNotExist_Test
[INFO] Tests run: 2, Failures: 0, Errors: 0, Skipped: 0, Time elapsed: 0.005 s - in org.assertj.db.api.assertions.impl.AssertionsOnTableExistence_DoesNotExist_Test
[INFO] Running org.assertj.db.api.assertions.impl.AssertionsOnValueCloseness_IsCloseTo_DateValue_DateTimeValue_Test
[INFO] Tests run: 3, Failures: 0, Errors: 0, Skipped: 0, Time elapsed: 0.004 s - in org.assertj.db.api.assertions.impl.AssertionsOnValueCloseness_IsCloseTo_DateValue_DateTimeValue_Test
[INFO] Running org.assertj.db.api.assertions.impl.AssertionsOnDataType_IsOnRequest_Test
[INFO] Tests run: 2, Failures: 0, Errors: 0, Skipped: 0, Time elapsed: 0.002 s - in org.assertj.db.api.assertions.impl.AssertionsOnDataType_IsOnRequest_Test
[INFO] Running org.assertj.db.api.assertions.impl.AssertionsOnValueChronology_IsAfterOrEqualTo_DateValue_Test
[INFO] Tests run: 3, Failures: 0, Errors: 0, Skipped: 0, Time elapsed: 0.003 s - in org.assertj.db.api.assertions.impl.AssertionsOnValueChronology_IsAfterOrEqualTo_DateValue_Test
[INFO] Running org.assertj.db.api.assertions.impl.AssertionsOnColumnOfChangeEquality_HasValues_Two_Objects_Test
[INFO] Tests run: 4, Failures: 0, Errors: 0, Skipped: 0, Time elapsed: 0.003 s - in org.assertj.db.api.assertions.impl.AssertionsOnColumnOfChangeEquality_HasValues_Two_Objects_Test
[INFO] Running org.assertj.db.api.assertions.impl.AssertionsOnValueChronology_IsAfterOrEqualTo_DateTimeValue_Test
[INFO] Tests run: 3, Failures: 0, Errors: 0, Skipped: 0, Time elapsed: 0.004 s - in org.assertj.db.api.assertions.impl.AssertionsOnValueChronology_IsAfterOrEqualTo_DateTimeValue_Test
[INFO] Running org.assertj.db.api.assertions.impl.AssertionsOnNumberOfRows_HasNumberOfRowsLessThanOrEqualTo_Test
[INFO] Tests run: 2, Failures: 0, Errors: 0, Skipped: 0, Time elapsed: 0 s - in org.assertj.db.api.assertions.impl.AssertionsOnNumberOfRows_HasNumberOfRowsLessThanOrEqualTo_Test
[INFO] Running org.assertj.db.api.assertions.impl.AssertionsOnValueNullity_IsNotNull_Test
[INFO] Tests run: 2, Failures: 0, Errors: 0, Skipped: 0, Time elapsed: 0.001 s - in org.assertj.db.api.assertions.impl.AssertionsOnValueNullity_IsNotNull_Test
[INFO] Running org.assertj.db.api.assertions.impl.AssertionsOnColumnOfChangeEquality_HasValues_One_Bytes_Test
[INFO] Tests run: 4, Failures: 0, Errors: 0, Skipped: 0, Time elapsed: 0.003 s - in org.assertj.db.api.assertions.impl.AssertionsOnColumnOfChangeEquality_HasValues_One_Bytes_Test
[INFO] Running org.assertj.db.api.assertions.impl.AssertionsOnColumnType_IsText_Test
[INFO] Tests run: 4, Failures: 0, Errors: 0, Skipped: 0, Time elapsed: 0.003 s - in org.assertj.db.api.assertions.impl.AssertionsOnColumnType_IsText_Test
[INFO] Running org.assertj.db.api.assertions.impl.AssertionsOnColumnEquality_HasValues_Object_Test
[INFO] Tests run: 4, Failures: 0, Errors: 0, Skipped: 0, Time elapsed: 0.003 s - in org.assertj.db.api.assertions.impl.AssertionsOnColumnEquality_HasValues_Object_Test
[INFO] Running org.assertj.db.api.assertions.impl.AssertionsOnValueType_IsTime_Test
[INFO] Tests run: 3, Failures: 0, Errors: 0, Skipped: 0, Time elapsed: 0.003 s - in org.assertj.db.api.assertions.impl.AssertionsOnValueType_IsTime_Test
[INFO] Running org.assertj.db.api.assertions.impl.AssertionsOnValueType_IsNumber_Test
[INFO] Tests run: 3, Failures: 0, Errors: 0, Skipped: 0, Time elapsed: 0.003 s - in org.assertj.db.api.assertions.impl.AssertionsOnValueType_IsNumber_Test
[INFO] Running org.assertj.db.api.assertions.impl.AssertionsOnNumberOfRows_HasNumberOfRowsGreaterThanOrEqualTo_Test
[INFO] Tests run: 2, Failures: 0, Errors: 0, Skipped: 0, Time elapsed: 0.001 s - in org.assertj.db.api.assertions.impl.AssertionsOnNumberOfRows_HasNumberOfRowsGreaterThanOrEqualTo_Test
[INFO] Running org.assertj.db.api.assertions.impl.AssertionsOnValueType_IsUUID_Test
[INFO] Tests run: 3, Failures: 0, Errors: 0, Skipped: 0, Time elapsed: 0.004 s - in org.assertj.db.api.assertions.impl.AssertionsOnValueType_IsUUID_Test
[INFO] Running org.assertj.db.api.assertions.impl.AssertionsOnValueComparison_IsLessThanOrEqualTo_Test
[INFO] Tests run: 3, Failures: 0, Errors: 0, Skipped: 0, Time elapsed: 0.003 s - in org.assertj.db.api.assertions.impl.AssertionsOnValueComparison_IsLessThanOrEqualTo_Test
[INFO] Running org.assertj.db.api.assertions.impl.AssertionsOnNumberOfChanges_HasNumberOfChangesLessThan_Test
[INFO] Tests run: 2, Failures: 0, Errors: 0, Skipped: 0, Time elapsed: 0.004 s - in org.assertj.db.api.assertions.impl.AssertionsOnNumberOfChanges_HasNumberOfChangesLessThan_Test
[INFO] Running org.assertj.db.api.assertions.impl.AssertionsOnRowOfChangeExistence_DoesNotExist_Test
[INFO] Tests run: 2, Failures: 0, Errors: 0, Skipped: 0, Time elapsed: 0.003 s - in org.assertj.db.api.assertions.impl.AssertionsOnRowOfChangeExistence_DoesNotExist_Test
[INFO] Running org.assertj.db.api.assertions.impl.AssertionsOnColumnOfChangeEquality_HasValues_One_String_Test
[INFO] Tests run: 4, Failures: 0, Errors: 0, Skipped: 0, Time elapsed: 0.005 s - in org.assertj.db.api.assertions.impl.AssertionsOnColumnOfChangeEquality_HasValues_One_String_Test
[INFO] Running org.assertj.db.api.assertions.impl.AssertionsOnValueClass_IsOfClass_Test
[INFO] Tests run: 3, Failures: 0, Errors: 0, Skipped: 0, Time elapsed: 0.004 s - in org.assertj.db.api.assertions.impl.AssertionsOnValueClass_IsOfClass_Test
[INFO] Running org.assertj.db.api.assertions.impl.AssertionsOnColumnOfChangeEquality_HasValues_One_DateValue_Test
[INFO] Tests run: 4, Failures: 0, Errors: 0, Skipped: 0, Time elapsed: 0.004 s - in org.assertj.db.api.assertions.impl.AssertionsOnColumnOfChangeEquality_HasValues_One_DateValue_Test
[INFO] Running org.assertj.db.api.assertions.impl.AssertionsOnValueInequality_IsNotEqualTo_DateTimeValue_Test
[INFO] Tests run: 3, Failures: 0, Errors: 0, Skipped: 0, Time elapsed: 0.004 s - in org.assertj.db.api.assertions.impl.AssertionsOnValueInequality_IsNotEqualTo_DateTimeValue_Test
[INFO] Running org.assertj.db.api.assertions.impl.AssertionsOnColumnOfChangeEquality_HasValues_One_Boolean_Test
[INFO] Tests run: 4, Failures: 0, Errors: 0, Skipped: 0, Time elapsed: 0.004 s - in org.assertj.db.api.assertions.impl.AssertionsOnColumnOfChangeEquality_HasValues_One_Boolean_Test
[INFO] Running org.assertj.db.api.assertions.impl.AssertionsOnColumnType_IsDate_Test
[INFO] Tests run: 4, Failures: 0, Errors: 0, Skipped: 0, Time elapsed: 0.003 s - in org.assertj.db.api.assertions.impl.AssertionsOnColumnType_IsDate_Test
[INFO] Running org.assertj.db.api.assertions.impl.AssertionsOnNumberOfColumns_HasNumberOfColumnsGreaterThanOrEqualTo_Test
[INFO] Tests run: 2, Failures: 0, Errors: 0, Skipped: 0, Time elapsed: 0.001 s - in org.assertj.db.api.assertions.impl.AssertionsOnNumberOfColumns_HasNumberOfColumnsGreaterThanOrEqualTo_Test
[INFO] Running org.assertj.db.api.assertions.impl.AssertionsOnColumnOfChangeEquality_HasValues_Two_UUID_Test
[INFO] Tests run: 4, Failures: 0, Errors: 0, Skipped: 0, Time elapsed: 0.003 s - in org.assertj.db.api.assertions.impl.AssertionsOnColumnOfChangeEquality_HasValues_Two_UUID_Test
[INFO] Running org.assertj.db.api.assertions.impl.AssertionsOnColumnOfChangeEquality_HasValues_One_DateTimeValue_Test
[INFO] Tests run: 4, Failures: 0, Errors: 0, Skipped: 0, Time elapsed: 0.003 s - in org.assertj.db.api.assertions.impl.AssertionsOnColumnOfChangeEquality_HasValues_One_DateTimeValue_Test
[INFO] Running org.assertj.db.api.assertions.impl.AssertionsOnValueChronology_IsBeforeOrEqualTo_DateValue_Test
[INFO] Tests run: 3, Failures: 0, Errors: 0, Skipped: 0, Time elapsed: 0.003 s - in org.assertj.db.api.assertions.impl.AssertionsOnValueChronology_IsBeforeOrEqualTo_DateValue_Test
[INFO] Running org.assertj.db.api.assertions.impl.AssertionsOnColumnEquality_HasValues_DateValue_Test
[INFO] Tests run: 4, Failures: 0, Errors: 0, Skipped: 0, Time elapsed: 0.003 s - in org.assertj.db.api.assertions.impl.AssertionsOnColumnEquality_HasValues_DateValue_Test
[INFO] Running org.assertj.db.api.assertions.impl.AssertionsOnColumnEquality_HasValues_UUID_Test
[INFO] Tests run: 4, Failures: 0, Errors: 0, Skipped: 0, Time elapsed: 0.004 s - in org.assertj.db.api.assertions.impl.AssertionsOnColumnEquality_HasValues_UUID_Test
[INFO] Running org.assertj.db.api.assertions.impl.AssertionsOnValueChronology_IsBefore_DateTimeValue_Test
[INFO] Tests run: 3, Failures: 0, Errors: 0, Skipped: 0, Time elapsed: 0.003 s - in org.assertj.db.api.assertions.impl.AssertionsOnValueChronology_IsBefore_DateTimeValue_Test
[INFO] Running org.assertj.db.api.assertions.impl.AssertionsOnValueCloseness_IsCloseTo_Number_Test
[INFO] Tests run: 3, Failures: 0, Errors: 0, Skipped: 0, Time elapsed: 0.003 s - in org.assertj.db.api.assertions.impl.AssertionsOnValueCloseness_IsCloseTo_Number_Test
[INFO] Running org.assertj.db.api.assertions.impl.AssertionsOnModifiedColumns_HasNumberOfModifiedColumns_Test
[INFO] Tests run: 2, Failures: 0, Errors: 0, Skipped: 0, Time elapsed: 0.002 s - in org.assertj.db.api.assertions.impl.AssertionsOnModifiedColumns_HasNumberOfModifiedColumns_Test
[INFO] Running org.assertj.db.api.assertions.impl.AssertionsOnNumberOfChanges_HasNumberOfChangesGreaterThanOrEqualTo_Test
[INFO] Tests run: 2, Failures: 0, Errors: 0, Skipped: 0, Time elapsed: 0.003 s - in org.assertj.db.api.assertions.impl.AssertionsOnNumberOfChanges_HasNumberOfChangesGreaterThanOrEqualTo_Test
[INFO] Running org.assertj.db.api.assertions.impl.AssertionsOnColumnOfChangeType_IsDate_Test
[INFO] Tests run: 5, Failures: 0, Errors: 0, Skipped: 0, Time elapsed: 0.004 s - in org.assertj.db.api.assertions.impl.AssertionsOnColumnOfChangeType_IsDate_Test
[INFO] Running org.assertj.db.api.assertions.impl.AssertionsOnNumberOfColumns_HasNumberOfColumnsGreaterThan_Test
[INFO] Tests run: 2, Failures: 0, Errors: 0, Skipped: 0, Time elapsed: 0 s - in org.assertj.db.api.assertions.impl.AssertionsOnNumberOfColumns_HasNumberOfColumnsGreaterThan_Test
[INFO] Running org.assertj.db.api.assertions.impl.AssertionsOnNumberOfColumns_HasNumberOfColumnsLessThan_Test
[INFO] Tests run: 2, Failures: 0, Errors: 0, Skipped: 0, Time elapsed: 0.001 s - in org.assertj.db.api.assertions.impl.AssertionsOnNumberOfColumns_HasNumberOfColumnsLessThan_Test
[INFO] Running org.assertj.db.api.assertions.impl.AssertionsOnValueInequality_IsNotEqualTo_Number_Test
[INFO] Tests run: 3, Failures: 0, Errors: 0, Skipped: 0, Time elapsed: 0.004 s - in org.assertj.db.api.assertions.impl.AssertionsOnValueInequality_IsNotEqualTo_Number_Test
[INFO] Running org.assertj.db.api.assertions.impl.AssertionsOnModifiedColumns_HasNumberOfModifiedColumnsGreaterThan_Test
[INFO] Tests run: 2, Failures: 0, Errors: 0, Skipped: 0, Time elapsed: 0.002 s - in org.assertj.db.api.assertions.impl.AssertionsOnModifiedColumns_HasNumberOfModifiedColumnsGreaterThan_Test
[INFO] Running org.assertj.db.api.assertions.impl.AssertionsOnValueInequality_IsNotEqualTo_Bytes_Test
[INFO] Tests run: 3, Failures: 0, Errors: 0, Skipped: 0, Time elapsed: 0.003 s - in org.assertj.db.api.assertions.impl.AssertionsOnValueInequality_IsNotEqualTo_Bytes_Test
[INFO] Running org.assertj.db.api.assertions.impl.AssertionsOnNumberOfChanges_HasNumberOfChangesLessThanOrEqualTo_Test
[INFO] Tests run: 2, Failures: 0, Errors: 0, Skipped: 0, Time elapsed: 0.002 s - in org.assertj.db.api.assertions.impl.AssertionsOnNumberOfChanges_HasNumberOfChangesLessThanOrEqualTo_Test
[INFO] Running org.assertj.db.api.assertions.impl.AssertionsOnColumnType_IsNumber_Test
[INFO] Tests run: 4, Failures: 0, Errors: 0, Skipped: 0, Time elapsed: 0.004 s - in org.assertj.db.api.assertions.impl.AssertionsOnColumnType_IsNumber_Test
[INFO] Running org.assertj.db.api.assertions.impl.AssertionsOnValueEquality_IsEqualTo_DateValue_Test
[INFO] Tests run: 3, Failures: 0, Errors: 0, Skipped: 0, Time elapsed: 0.003 s - in org.assertj.db.api.assertions.impl.AssertionsOnValueEquality_IsEqualTo_DateValue_Test
[INFO] Running org.assertj.db.api.assertions.impl.AssertionsOnValueEquality_IsZero_Test
[INFO] Tests run: 3, Failures: 0, Errors: 0, Skipped: 0, Time elapsed: 0.009 s - in org.assertj.db.api.assertions.impl.AssertionsOnValueEquality_IsZero_Test
[INFO] Running org.assertj.db.api.assertions.impl.AssertionsOnValueEquality_IsEqualTo_Character_Test
[INFO] Tests run: 3, Failures: 0, Errors: 0, Skipped: 0, Time elapsed: 0.004 s - in org.assertj.db.api.assertions.impl.AssertionsOnValueEquality_IsEqualTo_Character_Test
[INFO] Running org.assertj.db.api.assertions.impl.AssertionsOnNumberOfRows_HasNumberOfRowsLessThan_Test
[INFO] Tests run: 2, Failures: 0, Errors: 0, Skipped: 0, Time elapsed: 0.001 s - in org.assertj.db.api.assertions.impl.AssertionsOnNumberOfRows_HasNumberOfRowsLessThan_Test
[INFO] Running org.assertj.db.api.assertions.impl.AssertionsOnColumnEquality_HasValues_DateTimeValue_Test
[INFO] Tests run: 4, Failures: 0, Errors: 0, Skipped: 0, Time elapsed: 0.008 s - in org.assertj.db.api.assertions.impl.AssertionsOnColumnEquality_HasValues_DateTimeValue_Test
[INFO] Running org.assertj.db.api.assertions.impl.AssertionsOnValueCloseness_IsCloseTo_TimeValue_TimeValue_Test
[INFO] Tests run: 3, Failures: 0, Errors: 0, Skipped: 0, Time elapsed: 0.004 s - in org.assertj.db.api.assertions.impl.AssertionsOnValueCloseness_IsCloseTo_TimeValue_TimeValue_Test
[INFO] Running org.assertj.db.api.assertions.impl.AssertionsOnValueComparison_IsLessThan_Test
[INFO] Tests run: 3, Failures: 0, Errors: 0, Skipped: 0, Time elapsed: 0.015 s - in org.assertj.db.api.assertions.impl.AssertionsOnValueComparison_IsLessThan_Test
[INFO] Running org.assertj.db.api.assertions.impl.AssertionsOnValueEquality_IsEqualTo_Boolean_Test
[INFO] Tests run: 3, Failures: 0, Errors: 0, Skipped: 0, Time elapsed: 0 s - in org.assertj.db.api.assertions.impl.AssertionsOnValueEquality_IsEqualTo_Boolean_Test
[INFO] Running org.assertj.db.api.assertions.impl.AssertionsOnColumnName_HasColumnName_Test
[INFO] Tests run: 3, Failures: 0, Errors: 0, Skipped: 0, Time elapsed: 0 s - in org.assertj.db.api.assertions.impl.AssertionsOnColumnName_HasColumnName_Test
[INFO] Running org.assertj.db.api.assertions.impl.AssertionsOnColumnType_IsUUID_Test
[INFO] Tests run: 4, Failures: 0, Errors: 0, Skipped: 0, Time elapsed: 0 s - in org.assertj.db.api.assertions.impl.AssertionsOnColumnType_IsUUID_Test
[INFO] Running org.assertj.db.api.assertions.impl.AssertionsOnValueType_IsBytes_Test
[INFO] Tests run: 3, Failures: 0, Errors: 0, Skipped: 0, Time elapsed: 0.003 s - in org.assertj.db.api.assertions.impl.AssertionsOnValueType_IsBytes_Test
[INFO] Running org.assertj.db.api.assertions.impl.AssertionsOnValueType_IsBoolean_Test
[INFO] Tests run: 3, Failures: 0, Errors: 0, Skipped: 0, Time elapsed: 0.005 s - in org.assertj.db.api.assertions.impl.AssertionsOnValueType_IsBoolean_Test
[INFO] Running org.assertj.db.api.assertions.impl.AssertionsOnValueChronology_IsBeforeOrEqualTo_String_Test
[INFO] Tests run: 5, Failures: 0, Errors: 0, Skipped: 0, Time elapsed: 0.006 s - in org.assertj.db.api.assertions.impl.AssertionsOnValueChronology_IsBeforeOrEqualTo_String_Test
[INFO] Running org.assertj.db.api.assertions.impl.AssertionsOnValueChronology_IsBefore_TimeValue_Test
[INFO] Tests run: 3, Failures: 0, Errors: 0, Skipped: 0, Time elapsed: 0.003 s - in org.assertj.db.api.assertions.impl.AssertionsOnValueChronology_IsBefore_TimeValue_Test
[INFO] Running org.assertj.db.api.assertions.impl.AssertionsOnValueType_IsOfType_Test
[INFO] Tests run: 3, Failures: 0, Errors: 0, Skipped: 0, Time elapsed: 0.003 s - in org.assertj.db.api.assertions.impl.AssertionsOnValueType_IsOfType_Test
[INFO] Running org.assertj.db.api.assertions.impl.AssertionsOnRowCondition_HasValues_Satisfying_Test
[INFO] Tests run: 5, Failures: 0, Errors: 0, Skipped: 0, Time elapsed: 0.006 s - in org.assertj.db.api.assertions.impl.AssertionsOnRowCondition_HasValues_Satisfying_Test
[INFO] Running org.assertj.db.api.assertions.impl.AssertionsOnValuesNullity_HasOnlyNullValues_Test
[INFO] Tests run: 2, Failures: 0, Errors: 0, Skipped: 0, Time elapsed: 0.004 s - in org.assertj.db.api.assertions.impl.AssertionsOnValuesNullity_HasOnlyNullValues_Test
[INFO] Running org.assertj.db.api.assertions.impl.AssertionsOnColumnContent_ContainsValues_Object_Test
[INFO] Tests run: 4, Failures: 0, Errors: 0, Skipped: 0, Time elapsed: 0.005 s - in org.assertj.db.api.assertions.impl.AssertionsOnColumnContent_ContainsValues_Object_Test
[INFO] Running org.assertj.db.api.assertions.impl.AssertionsOnValueEquality_IsEqualTo_UUID_Test
[INFO] Tests run: 3, Failures: 0, Errors: 0, Skipped: 0, Time elapsed: 0.004 s - in org.assertj.db.api.assertions.impl.AssertionsOnValueEquality_IsEqualTo_UUID_Test
[INFO] Running org.assertj.db.api.assertions.impl.AssertionsOnValueType_IsDateTime_Test
[INFO] Tests run: 3, Failures: 0, Errors: 0, Skipped: 0, Time elapsed: 0.004 s - in org.assertj.db.api.assertions.impl.AssertionsOnValueType_IsDateTime_Test
[INFO] Running org.assertj.db.api.assertions.impl.AssertionsOnRowEquality_HasValues_Test
[INFO] Tests run: 4, Failures: 0, Errors: 0, Skipped: 0, Time elapsed: 0.005 s - in org.assertj.db.api.assertions.impl.AssertionsOnRowEquality_HasValues_Test
[INFO] Running org.assertj.db.api.assertions.impl.constructor.AssertionsOnNumberOfChanges_Constructor_Test
[INFO] Tests run: 1, Failures: 0, Errors: 0, Skipped: 0, Time elapsed: 0 s - in org.assertj.db.api.assertions.impl.constructor.AssertionsOnNumberOfChanges_Constructor_Test
[INFO] Running org.assertj.db.api.assertions.impl.constructor.AssertionsOnPrimaryKey_Constructor_Test
[INFO] Tests run: 1, Failures: 0, Errors: 0, Skipped: 0, Time elapsed: 0 s - in org.assertj.db.api.assertions.impl.constructor.AssertionsOnPrimaryKey_Constructor_Test
[INFO] Running org.assertj.db.api.assertions.impl.constructor.AssertionsOnValueNullity_Constructor_Test
[INFO] Tests run: 1, Failures: 0, Errors: 0, Skipped: 0, Time elapsed: 0 s - in org.assertj.db.api.assertions.impl.constructor.AssertionsOnValueNullity_Constructor_Test
[INFO] Running org.assertj.db.api.assertions.impl.constructor.AssertionsOnValueComparison_Constructor_Test
[INFO] Tests run: 1, Failures: 0, Errors: 0, Skipped: 0, Time elapsed: 0 s - in org.assertj.db.api.assertions.impl.constructor.AssertionsOnValueComparison_Constructor_Test
[INFO] Running org.assertj.db.api.assertions.impl.constructor.AssertionsOnColumnOfChangeEquality_Constructor_Test
[INFO] Tests run: 1, Failures: 0, Errors: 0, Skipped: 0, Time elapsed: 0.001 s - in org.assertj.db.api.assertions.impl.constructor.AssertionsOnColumnOfChangeEquality_Constructor_Test
[INFO] Running org.assertj.db.api.assertions.impl.constructor.AssertionsOnValuesNullity_Constructor_Test
[INFO] Tests run: 1, Failures: 0, Errors: 0, Skipped: 0, Time elapsed: 0 s - in org.assertj.db.api.assertions.impl.constructor.AssertionsOnValuesNullity_Constructor_Test
[INFO] Running org.assertj.db.api.assertions.impl.constructor.AssertionsOnColumnName_Constructor_Test
[INFO] Tests run: 1, Failures: 0, Errors: 0, Skipped: 0, Time elapsed: 0 s - in org.assertj.db.api.assertions.impl.constructor.AssertionsOnColumnName_Constructor_Test
[INFO] Running org.assertj.db.api.assertions.impl.constructor.AssertionsOnChangeType_Constructor_Test
[INFO] Tests run: 1, Failures: 0, Errors: 0, Skipped: 0, Time elapsed: 0 s - in org.assertj.db.api.assertions.impl.constructor.AssertionsOnChangeType_Constructor_Test
[INFO] Running org.assertj.db.api.assertions.impl.constructor.AssertionsOnDataType_Constructor_Test
[INFO] Tests run: 1, Failures: 0, Errors: 0, Skipped: 0, Time elapsed: 0 s - in org.assertj.db.api.assertions.impl.constructor.AssertionsOnDataType_Constructor_Test
[INFO] Running org.assertj.db.api.assertions.impl.constructor.AssertionsOnModifiedColumns_Constructor_Test
[INFO] Tests run: 1, Failures: 0, Errors: 0, Skipped: 0, Time elapsed: 0 s - in org.assertj.db.api.assertions.impl.constructor.AssertionsOnModifiedColumns_Constructor_Test
[INFO] Running org.assertj.db.api.assertions.impl.constructor.AssertionsOnValueType_Constructor_Test
[INFO] Tests run: 1, Failures: 0, Errors: 0, Skipped: 0, Time elapsed: 0.001 s - in org.assertj.db.api.assertions.impl.constructor.AssertionsOnValueType_Constructor_Test
[INFO] Running org.assertj.db.api.assertions.impl.constructor.AssertionsOnColumnClass_Constructor_Test
[INFO] Tests run: 1, Failures: 0, Errors: 0, Skipped: 0, Time elapsed: 0 s - in org.assertj.db.api.assertions.impl.constructor.AssertionsOnColumnClass_Constructor_Test
[INFO] Running org.assertj.db.api.assertions.impl.constructor.AssertionsOnColumnOfChangeType_Constructor_Test
[INFO] Tests run: 1, Failures: 0, Errors: 0, Skipped: 0, Time elapsed: 0 s - in org.assertj.db.api.assertions.impl.constructor.AssertionsOnColumnOfChangeType_Constructor_Test
[INFO] Running org.assertj.db.api.assertions.impl.constructor.AssertionsOnColumnOfChangeClass_Constructor_Test
[INFO] Tests run: 1, Failures: 0, Errors: 0, Skipped: 0, Time elapsed: 0 s - in org.assertj.db.api.assertions.impl.constructor.AssertionsOnColumnOfChangeClass_Constructor_Test
[INFO] Running org.assertj.db.api.assertions.impl.constructor.AssertionsOnValueClass_Constructor_Test
[INFO] Tests run: 1, Failures: 0, Errors: 0, Skipped: 0, Time elapsed: 0 s - in org.assertj.db.api.assertions.impl.constructor.AssertionsOnValueClass_Constructor_Test
[INFO] Running org.assertj.db.api.assertions.impl.constructor.AssertionsOnModifiedColumn_Constructor_Test
[INFO] Tests run: 1, Failures: 0, Errors: 0, Skipped: 0, Time elapsed: 0.001 s - in org.assertj.db.api.assertions.impl.constructor.AssertionsOnModifiedColumn_Constructor_Test
[INFO] Running org.assertj.db.api.assertions.impl.constructor.AssertionsOnValueCloseness_Constructor_Test
[INFO] Tests run: 1, Failures: 0, Errors: 0, Skipped: 0, Time elapsed: 0 s - in org.assertj.db.api.assertions.impl.constructor.AssertionsOnValueCloseness_Constructor_Test
[INFO] Running org.assertj.db.api.assertions.impl.constructor.AssertionsOnValueEquality_Constructor_Test
[INFO] Tests run: 1, Failures: 0, Errors: 0, Skipped: 0, Time elapsed: 0 s - in org.assertj.db.api.assertions.impl.constructor.AssertionsOnValueEquality_Constructor_Test
[INFO] Running org.assertj.db.api.assertions.impl.constructor.AssertionsOnNumberOfRows_Constructor_Test
[INFO] Tests run: 1, Failures: 0, Errors: 0, Skipped: 0, Time elapsed: 0 s - in org.assertj.db.api.assertions.impl.constructor.AssertionsOnNumberOfRows_Constructor_Test
[INFO] Running org.assertj.db.api.assertions.impl.constructor.AssertionsOnValueNonEquality_Constructor_Test
[INFO] Tests run: 1, Failures: 0, Errors: 0, Skipped: 0, Time elapsed: 0 s - in org.assertj.db.api.assertions.impl.constructor.AssertionsOnValueNonEquality_Constructor_Test
[INFO] Running org.assertj.db.api.assertions.impl.constructor.AssertionsOnColumnContent_Constructor_Test
[INFO] Tests run: 1, Failures: 0, Errors: 0, Skipped: 0, Time elapsed: 0 s - in org.assertj.db.api.assertions.impl.constructor.AssertionsOnColumnContent_Constructor_Test
[INFO] Running org.assertj.db.api.assertions.impl.constructor.AssertionsOnColumnEquality_Constructor_Test
[INFO] Tests run: 1, Failures: 0, Errors: 0, Skipped: 0, Time elapsed: 0 s - in org.assertj.db.api.assertions.impl.constructor.AssertionsOnColumnEquality_Constructor_Test
[INFO] Running org.assertj.db.api.assertions.impl.constructor.AssertionsOnValueChronology_Constructor_Test
[INFO] Tests run: 1, Failures: 0, Errors: 0, Skipped: 0, Time elapsed: 0 s - in org.assertj.db.api.assertions.impl.constructor.AssertionsOnValueChronology_Constructor_Test
[INFO] Running org.assertj.db.api.assertions.impl.constructor.AssertionsOnColumnType_Constructor_Test
[INFO] Tests run: 1, Failures: 0, Errors: 0, Skipped: 0, Time elapsed: 0 s - in org.assertj.db.api.assertions.impl.constructor.AssertionsOnColumnType_Constructor_Test
[INFO] Running org.assertj.db.api.assertions.impl.constructor.AssertionsOnRowOfChangeExistence_Constructor_Test
[INFO] Tests run: 1, Failures: 0, Errors: 0, Skipped: 0, Time elapsed: 0 s - in org.assertj.db.api.assertions.impl.constructor.AssertionsOnRowOfChangeExistence_Constructor_Test
[INFO] Running org.assertj.db.api.assertions.impl.constructor.AssertionsOnNumberOfColumns_Constructor_Test
[INFO] Tests run: 1, Failures: 0, Errors: 0, Skipped: 0, Time elapsed: 0 s - in org.assertj.db.api.assertions.impl.constructor.AssertionsOnNumberOfColumns_Constructor_Test
[INFO] Running org.assertj.db.api.assertions.impl.constructor.AssertionsOnRowEquality_Constructor_Test
[INFO] Tests run: 1, Failures: 0, Errors: 0, Skipped: 0, Time elapsed: 0 s - in org.assertj.db.api.assertions.impl.constructor.AssertionsOnRowEquality_Constructor_Test
[INFO] Running org.assertj.db.api.assertions.impl.AssertionsOnValueType_IsOfAnyTypeIn_Test
[INFO] Tests run: 3, Failures: 0, Errors: 0, Skipped: 0, Time elapsed: 0 s - in org.assertj.db.api.assertions.impl.AssertionsOnValueType_IsOfAnyTypeIn_Test
[INFO] Running org.assertj.db.api.assertions.impl.AssertionsOnValueType_IsText_Test
[INFO] Tests run: 3, Failures: 0, Errors: 0, Skipped: 0, Time elapsed: 0 s - in org.assertj.db.api.assertions.impl.AssertionsOnValueType_IsText_Test
[INFO] Running org.assertj.db.api.assertions.impl.AssertionsOnValueCondition_IsNot_Test
[INFO] Tests run: 2, Failures: 0, Errors: 0, Skipped: 0, Time elapsed: 0.011 s - in org.assertj.db.api.assertions.impl.AssertionsOnValueCondition_IsNot_Test
[INFO] Running org.assertj.db.api.assertions.impl.AssertionsOnColumnOfChangeEquality_HasValues_Two_Character_Test
[INFO] Tests run: 4, Failures: 0, Errors: 0, Skipped: 0, Time elapsed: 0.001 s - in org.assertj.db.api.assertions.impl.AssertionsOnColumnOfChangeEquality_HasValues_Two_Character_Test
[INFO] Running org.assertj.db.api.assertions.impl.AssertionsOnValueChronology_IsAfterOrEqualTo_String_Test
[INFO] Tests run: 5, Failures: 0, Errors: 0, Skipped: 0, Time elapsed: 0.006 s - in org.assertj.db.api.assertions.impl.AssertionsOnValueChronology_IsAfterOrEqualTo_String_Test
[INFO] Running org.assertj.db.api.assertions.impl.AssertionsOnNumberOfColumns_HasNumberOfColumnsLessThanOrEqualTo_Test
[INFO] Tests run: 2, Failures: 0, Errors: 0, Skipped: 0, Time elapsed: 0 s - in org.assertj.db.api.assertions.impl.AssertionsOnNumberOfColumns_HasNumberOfColumnsLessThanOrEqualTo_Test
[INFO] Running org.assertj.db.api.assertions.impl.AssertionsOnValueEquality_IsTrue_Test
[INFO] Tests run: 3, Failures: 0, Errors: 0, Skipped: 0, Time elapsed: 0.004 s - in org.assertj.db.api.assertions.impl.AssertionsOnValueEquality_IsTrue_Test
[INFO] Running org.assertj.db.api.assertions.impl.AssertionsOnValueCloseness_IsCloseTo_DateTimeValue_DateValue_Test
[INFO] Tests run: 3, Failures: 0, Errors: 0, Skipped: 0, Time elapsed: 0.006 s - in org.assertj.db.api.assertions.impl.AssertionsOnValueCloseness_IsCloseTo_DateTimeValue_DateValue_Test
[INFO] Running org.assertj.db.api.assertions.impl.AssertionsOnDataType_IsOnTable_Name_Test
[INFO] Tests run: 4, Failures: 0, Errors: 0, Skipped: 0, Time elapsed: 0.011 s - in org.assertj.db.api.assertions.impl.AssertionsOnDataType_IsOnTable_Name_Test
[INFO] Running org.assertj.db.api.assertions.impl.AssertionsOnColumnOfChangeEquality_HasValues_Two_TimeValue_Test
[INFO] Tests run: 4, Failures: 0, Errors: 0, Skipped: 0, Time elapsed: 0.002 s - in org.assertj.db.api.assertions.impl.AssertionsOnColumnOfChangeEquality_HasValues_Two_TimeValue_Test
[INFO] Running org.assertj.db.api.assertions.impl.AssertionsOnColumnType_IsOfAnyTypeIn_Test
[INFO] Tests run: 4, Failures: 0, Errors: 0, Skipped: 0, Time elapsed: 0.003 s - in org.assertj.db.api.assertions.impl.AssertionsOnColumnType_IsOfAnyTypeIn_Test
[INFO] Running org.assertj.db.api.assertions.impl.AssertionsOnValueEquality_IsFalse_Test
[INFO] Tests run: 3, Failures: 0, Errors: 0, Skipped: 0, Time elapsed: 0.003 s - in org.assertj.db.api.assertions.impl.AssertionsOnValueEquality_IsFalse_Test
[INFO] Running org.assertj.db.api.assertions.impl.AssertionsOnValueChronology_IsAfter_DateTimeValue_Test
[INFO] Tests run: 3, Failures: 0, Errors: 0, Skipped: 0, Time elapsed: 0.003 s - in org.assertj.db.api.assertions.impl.AssertionsOnValueChronology_IsAfter_DateTimeValue_Test
[INFO] Running org.assertj.db.api.assertions.impl.AssertionsOnColumnContent_ContainsValues_Character_Test
[INFO] Tests run: 4, Failures: 0, Errors: 0, Skipped: 0, Time elapsed: 0.003 s - in org.assertj.db.api.assertions.impl.AssertionsOnColumnContent_ContainsValues_Character_Test
[INFO] Running org.assertj.db.api.assertions.impl.AssertionsOnNumberOfColumns_HasNumberOfColumns_Test
[INFO] Tests run: 2, Failures: 0, Errors: 0, Skipped: 0, Time elapsed: 0 s - in org.assertj.db.api.assertions.impl.AssertionsOnNumberOfColumns_HasNumberOfColumns_Test
[INFO] Running org.assertj.db.api.assertions.impl.AssertionsOnValueType_IsDate_Test
[INFO] Tests run: 3, Failures: 0, Errors: 0, Skipped: 0, Time elapsed: 0.003 s - in org.assertj.db.api.assertions.impl.AssertionsOnValueType_IsDate_Test
[INFO] Running org.assertj.db.api.assertions.impl.AssertionsOnValueCloseness_IsCloseTo_DateValue_TimeValue_Test
[INFO] Tests run: 3, Failures: 0, Errors: 0, Skipped: 0, Time elapsed: 0.003 s - in org.assertj.db.api.assertions.impl.AssertionsOnValueCloseness_IsCloseTo_DateValue_TimeValue_Test
[INFO] Running org.assertj.db.api.assertions.impl.AssertionsOnModifiedColumns_HasNumberOfModifiedColumnsLessThan_Test
[INFO] Tests run: 2, Failures: 0, Errors: 0, Skipped: 0, Time elapsed: 0.003 s - in org.assertj.db.api.assertions.impl.AssertionsOnModifiedColumns_HasNumberOfModifiedColumnsLessThan_Test
[INFO] Running org.assertj.db.api.assertions.impl.AssertionsOnValueCondition_Is_Test
[INFO] Tests run: 2, Failures: 0, Errors: 0, Skipped: 0, Time elapsed: 0.002 s - in org.assertj.db.api.assertions.impl.AssertionsOnValueCondition_Is_Test
[INFO] Running org.assertj.db.api.assertions.impl.AssertionsOnValueEquality_IsEqualTo_Number_Test
[INFO] Tests run: 3, Failures: 0, Errors: 0, Skipped: 0, Time elapsed: 0.003 s - in org.assertj.db.api.assertions.impl.AssertionsOnValueEquality_IsEqualTo_Number_Test
[INFO] Running org.assertj.db.api.assertions.impl.AssertionsOnColumnOfChangeEquality_HasValues_One_Object_Test
[INFO] Tests run: 4, Failures: 0, Errors: 0, Skipped: 0, Time elapsed: 0.003 s - in org.assertj.db.api.assertions.impl.AssertionsOnColumnOfChangeEquality_HasValues_One_Object_Test
[INFO] Running org.assertj.db.api.assertions.impl.AssertionsOnValueChronology_IsAfterOrEqualTo_TimeValue_Test
[INFO] Tests run: 3, Failures: 0, Errors: 0, Skipped: 0, Time elapsed: 0.003 s - in org.assertj.db.api.assertions.impl.AssertionsOnValueChronology_IsAfterOrEqualTo_TimeValue_Test
[INFO] Running org.assertj.db.api.assertions.impl.AssertionsOnValueEquality_IsEqualTo_Bytes_Test
[INFO] Tests run: 3, Failures: 0, Errors: 0, Skipped: 0, Time elapsed: 0.003 s - in org.assertj.db.api.assertions.impl.AssertionsOnValueEquality_IsEqualTo_Bytes_Test
[INFO] Running org.assertj.db.api.assertions.impl.AssertionsOnColumnOfChangeEquality_HasValues_One_Character_Test
[INFO] Tests run: 4, Failures: 0, Errors: 0, Skipped: 0, Time elapsed: 0.003 s - in org.assertj.db.api.assertions.impl.AssertionsOnColumnOfChangeEquality_HasValues_One_Character_Test
[INFO] Running org.assertj.db.api.assertions.impl.AssertionsOnColumnOfChangeClass_IsOfClass_Test
[INFO] Tests run: 6, Failures: 0, Errors: 0, Skipped: 0, Time elapsed: 0.011 s - in org.assertj.db.api.assertions.impl.AssertionsOnColumnOfChangeClass_IsOfClass_Test
[INFO] Running org.assertj.db.api.assertions.impl.AssertionsOnColumnOfChangeType_IsTime_Test
[INFO] Tests run: 5, Failures: 0, Errors: 0, Skipped: 0, Time elapsed: 0 s - in org.assertj.db.api.assertions.impl.AssertionsOnColumnOfChangeType_IsTime_Test
[INFO] Running org.assertj.db.api.assertions.impl.AssertionsOnValueInequality_IsNotZero_Test
[INFO] Tests run: 3, Failures: 0, Errors: 0, Skipped: 0, Time elapsed: 0.003 s - in org.assertj.db.api.assertions.impl.AssertionsOnValueInequality_IsNotZero_Test
[INFO] Running org.assertj.db.api.assertions.impl.AssertionsOnChangeType_IsCreation_Test
[INFO] Tests run: 2, Failures: 0, Errors: 0, Skipped: 0, Time elapsed: 0.003 s - in org.assertj.db.api.assertions.impl.AssertionsOnChangeType_IsCreation_Test
[INFO] Running org.assertj.db.api.assertions.impl.AssertionsOnNumberOfChanges_HasNumberOfChangesGreaterThan_Test
[INFO] Tests run: 2, Failures: 0, Errors: 0, Skipped: 0, Time elapsed: 0.008 s - in org.assertj.db.api.assertions.impl.AssertionsOnNumberOfChanges_HasNumberOfChangesGreaterThan_Test
[INFO] Running org.assertj.db.api.assertions.impl.AssertionsOnNumberOfRows_HasNumberOfRows_Test
[INFO] Tests run: 2, Failures: 0, Errors: 0, Skipped: 0, Time elapsed: 0.001 s - in org.assertj.db.api.assertions.impl.AssertionsOnNumberOfRows_HasNumberOfRows_Test
[INFO] Running org.assertj.db.api.assertions.impl.AssertionsOnValueChronology_IsAfter_DateValue_Test
[INFO] Tests run: 3, Failures: 0, Errors: 0, Skipped: 0, Time elapsed: 0.006 s - in org.assertj.db.api.assertions.impl.AssertionsOnValueChronology_IsAfter_DateValue_Test
[INFO] Running org.assertj.db.api.assertions.impl.AssertionsOnValueChronology_IsBeforeOrEqualTo_TimeValue_Test
[INFO] Tests run: 3, Failures: 0, Errors: 0, Skipped: 0, Time elapsed: 0.012 s - in org.assertj.db.api.assertions.impl.AssertionsOnValueChronology_IsBeforeOrEqualTo_TimeValue_Test
[INFO] Running org.assertj.db.api.assertions.impl.AssertionsOnColumnOfChangeEquality_HasValues_One_TimeValue_Test
[INFO] Tests run: 4, Failures: 0, Errors: 0, Skipped: 0, Time elapsed: 0.006 s - in org.assertj.db.api.assertions.impl.AssertionsOnColumnOfChangeEquality_HasValues_One_TimeValue_Test
[INFO] Running org.assertj.db.api.assertions.impl.AssertionsOnColumnOfChangeType_IsBytes_Test
[INFO] Tests run: 5, Failures: 0, Errors: 0, Skipped: 0, Time elapsed: 0.005 s - in org.assertj.db.api.assertions.impl.AssertionsOnColumnOfChangeType_IsBytes_Test
[INFO] Running org.assertj.db.api.assertions.impl.AssertionsOnNumberOfChanges_HasNumberOfChanges_Test
[INFO] Tests run: 2, Failures: 0, Errors: 0, Skipped: 0, Time elapsed: 0.003 s - in org.assertj.db.api.assertions.impl.AssertionsOnNumberOfChanges_HasNumberOfChanges_Test
[INFO] Running org.assertj.db.api.assertions.impl.AssertionsOnChangeType_IsOfType_Test
[INFO] Tests run: 2, Failures: 0, Errors: 0, Skipped: 0, Time elapsed: 0.001 s - in org.assertj.db.api.assertions.impl.AssertionsOnChangeType_IsOfType_Test
[INFO] Running org.assertj.db.api.assertions.impl.AssertionsOnColumnType_IsDateTime_Test
[INFO] Tests run: 4, Failures: 0, Errors: 0, Skipped: 0, Time elapsed: 0.003 s - in org.assertj.db.api.assertions.impl.AssertionsOnColumnType_IsDateTime_Test
[INFO] Running org.assertj.db.api.assertions.impl.AssertionsOnValueCloseness_IsCloseTo_DateTimeValue_DateTimeValue_Test
[INFO] Tests run: 3, Failures: 0, Errors: 0, Skipped: 0, Time elapsed: 0.002 s - in org.assertj.db.api.assertions.impl.AssertionsOnValueCloseness_IsCloseTo_DateTimeValue_DateTimeValue_Test
[INFO] Running org.assertj.db.api.assertions.impl.AssertionsOnModifiedColumn_IsModified_Test
[INFO] Tests run: 2, Failures: 0, Errors: 0, Skipped: 0, Time elapsed: 0.002 s - in org.assertj.db.api.assertions.impl.AssertionsOnModifiedColumn_IsModified_Test
[INFO] Running org.assertj.db.api.assertions.impl.AssertionsOnPrimaryKey_HasPksNames_Test
[INFO] Tests run: 5, Failures: 0, Errors: 0, Skipped: 0, Time elapsed: 0.005 s - in org.assertj.db.api.assertions.impl.AssertionsOnPrimaryKey_HasPksNames_Test
[INFO] Running org.assertj.db.api.assertions.impl.AssertionsOnValueEquality_IsEqualTo_String_Test
[INFO] Tests run: 3, Failures: 0, Errors: 0, Skipped: 0, Time elapsed: 0.005 s - in org.assertj.db.api.assertions.impl.AssertionsOnValueEquality_IsEqualTo_String_Test
[INFO] Running org.assertj.db.api.assertions.impl.AssertionsOnModifiedColumns_HasNumberOfModifiedColumnsLessThanOrEqualTo_Test
[INFO] Tests run: 2, Failures: 0, Errors: 0, Skipped: 0, Time elapsed: 0.002 s - in org.assertj.db.api.assertions.impl.AssertionsOnModifiedColumns_HasNumberOfModifiedColumnsLessThanOrEqualTo_Test
[INFO] Running org.assertj.db.api.assertions.impl.AssertionsOnColumnType_IsOfType_Test
[INFO] Tests run: 4, Failures: 0, Errors: 0, Skipped: 0, Time elapsed: 0.004 s - in org.assertj.db.api.assertions.impl.AssertionsOnColumnType_IsOfType_Test
[INFO] Running org.assertj.db.api.assertions.impl.AssertionsOnColumnOfChangeType_IsText_Test
[INFO] Tests run: 5, Failures: 0, Errors: 0, Skipped: 0, Time elapsed: 0.003 s - in org.assertj.db.api.assertions.impl.AssertionsOnColumnOfChangeType_IsText_Test
[INFO] Running org.assertj.db.api.assertions.impl.AssertionsOnValueInequality_IsNotEqualTo_Boolean_Test
[INFO] Tests run: 3, Failures: 0, Errors: 0, Skipped: 0, Time elapsed: 0.002 s - in org.assertj.db.api.assertions.impl.AssertionsOnValueInequality_IsNotEqualTo_Boolean_Test
[INFO] Running org.assertj.db.api.assertions.impl.AssertionsOnValuesNullity_HasOnlyNotNullValues_Test
[INFO] Tests run: 2, Failures: 0, Errors: 0, Skipped: 0, Time elapsed: 0.002 s - in org.assertj.db.api.assertions.impl.AssertionsOnValuesNullity_HasOnlyNotNullValues_Test
[INFO] Running org.assertj.db.api.assertions.impl.AssertionsOnColumnContent_ContainsValues_DateValue_Test
[INFO] Tests run: 4, Failures: 0, Errors: 0, Skipped: 0, Time elapsed: 0.003 s - in org.assertj.db.api.assertions.impl.AssertionsOnColumnContent_ContainsValues_DateValue_Test
[INFO] Running org.assertj.db.api.assertions.impl.AssertionsOnValueEquality_IsEqualTo_Object_Test
[INFO] Tests run: 3, Failures: 0, Errors: 0, Skipped: 0, Time elapsed: 0.003 s - in org.assertj.db.api.assertions.impl.AssertionsOnValueEquality_IsEqualTo_Object_Test
[INFO] Running org.assertj.db.api.assertions.impl.AssertionsOnValueEquality_IsEqualTo_TimeValue_Test
[INFO] Tests run: 3, Failures: 0, Errors: 0, Skipped: 0, Time elapsed: 0.003 s - in org.assertj.db.api.assertions.impl.AssertionsOnValueEquality_IsEqualTo_TimeValue_Test
[INFO] Running org.assertj.db.api.assertions.impl.AssertionsOnColumnOfChangeType_IsNumber_Test
[INFO] Tests run: 5, Failures: 0, Errors: 0, Skipped: 0, Time elapsed: 0.003 s - in org.assertj.db.api.assertions.impl.AssertionsOnColumnOfChangeType_IsNumber_Test
[INFO] Running org.assertj.db.api.assertions.impl.AssertionsOnColumnType_IsTime_Test
[INFO] Tests run: 4, Failures: 0, Errors: 0, Skipped: 0, Time elapsed: 0.003 s - in org.assertj.db.api.assertions.impl.AssertionsOnColumnType_IsTime_Test
[INFO] Running org.assertj.db.api.assertions.impl.AssertionsOnColumnOfChangeEquality_HasValues_Two_Bytes_Test
[INFO] Tests run: 4, Failures: 0, Errors: 0, Skipped: 0, Time elapsed: 0.003 s - in org.assertj.db.api.assertions.impl.AssertionsOnColumnOfChangeEquality_HasValues_Two_Bytes_Test
[INFO] Running org.assertj.db.api.assertions.AssertOnColumnEquality_HasValues_DateValue_Test
[INFO] Tests run: 2, Failures: 0, Errors: 0, Skipped: 0, Time elapsed: 0.019 s - in org.assertj.db.api.assertions.AssertOnColumnEquality_HasValues_DateValue_Test
[INFO] Running org.assertj.db.api.assertions.AssertOnNumberOfColumns_HasNumberOfColumnsLessThan_Test
[INFO] Tests run: 2, Failures: 0, Errors: 0, Skipped: 0, Time elapsed: 0.028 s - in org.assertj.db.api.assertions.AssertOnNumberOfColumns_HasNumberOfColumnsLessThan_Test
[INFO] Running org.assertj.db.api.assertions.AssertOnColumnEquality_HasValues_Bytes_Test
[INFO] Tests run: 2, Failures: 0, Errors: 0, Skipped: 0, Time elapsed: 0.018 s - in org.assertj.db.api.assertions.AssertOnColumnEquality_HasValues_Bytes_Test
[INFO] Running org.assertj.db.api.assertions.AssertOnValueInequality_IsNotEqualTo_Character_Test
[INFO] Tests run: 2, Failures: 0, Errors: 0, Skipped: 0, Time elapsed: 0.027 s - in org.assertj.db.api.assertions.AssertOnValueInequality_IsNotEqualTo_Character_Test
[INFO] Running org.assertj.db.api.assertions.AssertOnValueChronology_IsBeforeOrEqualTo_DateTimeValue_Test
[INFO] Tests run: 2, Failures: 0, Errors: 0, Skipped: 0, Time elapsed: 0.03 s - in org.assertj.db.api.assertions.AssertOnValueChronology_IsBeforeOrEqualTo_DateTimeValue_Test
[INFO] Running org.assertj.db.api.assertions.AssertOnValueComparison_IsGreaterThanOrEqualTo_Test
[INFO] Tests run: 2, Failures: 0, Errors: 0, Skipped: 0, Time elapsed: 0.028 s - in org.assertj.db.api.assertions.AssertOnValueComparison_IsGreaterThanOrEqualTo_Test
[INFO] Running org.assertj.db.api.assertions.AssertOnNumberOfChanges_HasNumberOfChangesGreaterThan_Test
[INFO] Tests run: 2, Failures: 0, Errors: 0, Skipped: 0, Time elapsed: 0.016 s - in org.assertj.db.api.assertions.AssertOnNumberOfChanges_HasNumberOfChangesGreaterThan_Test
[INFO] Running org.assertj.db.api.assertions.AssertOnDataType_IsOnTable_Name_Test
[INFO] Tests run: 3, Failures: 0, Errors: 0, Skipped: 0, Time elapsed: 0.03 s - in org.assertj.db.api.assertions.AssertOnDataType_IsOnTable_Name_Test
[INFO] Running org.assertj.db.api.assertions.AssertOnValueCloseness_IsCloseTo_TimeValue_TimeValue_Test
[INFO] Tests run: 2, Failures: 0, Errors: 0, Skipped: 0, Time elapsed: 0.029 s - in org.assertj.db.api.assertions.AssertOnValueCloseness_IsCloseTo_TimeValue_TimeValue_Test
[INFO] Running org.assertj.db.api.assertions.AssertOnValueCondition_IsNot_Test
[INFO] Tests run: 2, Failures: 0, Errors: 0, Skipped: 0, Time elapsed: 0.03 s - in org.assertj.db.api.assertions.AssertOnValueCondition_IsNot_Test
[INFO] Running org.assertj.db.api.assertions.AssertOnValueChronology_IsBefore_LocalDateTime_Test
[INFO] Tests run: 2, Failures: 0, Errors: 0, Skipped: 0, Time elapsed: 0.034 s - in org.assertj.db.api.assertions.AssertOnValueChronology_IsBefore_LocalDateTime_Test
[INFO] Running org.assertj.db.api.assertions.AssertOnNumberOfChanges_HasNumberOfChangesGreaterThanOrEqualTo_Test
[INFO] Tests run: 2, Failures: 0, Errors: 0, Skipped: 0, Time elapsed: 0.025 s - in org.assertj.db.api.assertions.AssertOnNumberOfChanges_HasNumberOfChangesGreaterThanOrEqualTo_Test
[INFO] Running org.assertj.db.api.assertions.AssertOnValueComparison_IsLessThanOrEqualTo_Test
[INFO] Tests run: 2, Failures: 0, Errors: 0, Skipped: 0, Time elapsed: 0.033 s - in org.assertj.db.api.assertions.AssertOnValueComparison_IsLessThanOrEqualTo_Test
[INFO] Running org.assertj.db.api.assertions.AssertOnValueCondition_Has_Test
[INFO] Tests run: 2, Failures: 0, Errors: 0, Skipped: 0, Time elapsed: 0.033 s - in org.assertj.db.api.assertions.AssertOnValueCondition_Has_Test
[INFO] Running org.assertj.db.api.assertions.AssertOnValueChronology_IsAfterOrEqualTo_String_Test
[INFO] Tests run: 2, Failures: 0, Errors: 0, Skipped: 0, Time elapsed: 0.028 s - in org.assertj.db.api.assertions.AssertOnValueChronology_IsAfterOrEqualTo_String_Test
[INFO] Running org.assertj.db.api.assertions.AssertOnColumnOfChangeEquality_HasValues_Two_Number_Test
[INFO] Tests run: 3, Failures: 0, Errors: 0, Skipped: 0, Time elapsed: 0.13 s - in org.assertj.db.api.assertions.AssertOnColumnOfChangeEquality_HasValues_Two_Number_Test
[INFO] Running org.assertj.db.api.assertions.AssertOnValueType_IsText_Test
[INFO] Tests run: 2, Failures: 0, Errors: 0, Skipped: 0, Time elapsed: 0.028 s - in org.assertj.db.api.assertions.AssertOnValueType_IsText_Test
[INFO] Running org.assertj.db.api.assertions.AssertOnValueCloseness_IsCloseTo_DateTimeValue_DateTimeValue_Test
[INFO] Tests run: 2, Failures: 0, Errors: 0, Skipped: 0, Time elapsed: 0.029 s - in org.assertj.db.api.assertions.AssertOnValueCloseness_IsCloseTo_DateTimeValue_DateTimeValue_Test
[INFO] Running org.assertj.db.api.assertions.AssertOnColumnType_IsOfType_Test
[INFO] Tests run: 2, Failures: 0, Errors: 0, Skipped: 0, Time elapsed: 0.103 s - in org.assertj.db.api.assertions.AssertOnColumnType_IsOfType_Test
[INFO] Running org.assertj.db.api.assertions.AssertOnValueType_IsOfType_Test
[INFO] Tests run: 2, Failures: 0, Errors: 0, Skipped: 0, Time elapsed: 0.031 s - in org.assertj.db.api.assertions.AssertOnValueType_IsOfType_Test
[INFO] Running org.assertj.db.api.assertions.AssertOnColumnContent_ContainsValues_Bytes_Test
[INFO] Tests run: 2, Failures: 0, Errors: 0, Skipped: 0, Time elapsed: 0.019 s - in org.assertj.db.api.assertions.AssertOnColumnContent_ContainsValues_Bytes_Test
[INFO] Running org.assertj.db.api.assertions.AssertOnColumnOfChangeEquality_HasValues_One_TimeValue_Test
[INFO] Tests run: 3, Failures: 0, Errors: 0, Skipped: 0, Time elapsed: 0.141 s - in org.assertj.db.api.assertions.AssertOnColumnOfChangeEquality_HasValues_One_TimeValue_Test
[INFO] Running org.assertj.db.api.assertions.AssertOnNumberOfColumns_HasNumberOfColumnsLessThanOrEqualTo_Test
[INFO] Tests run: 2, Failures: 0, Errors: 0, Skipped: 0, Time elapsed: 0.018 s - in org.assertj.db.api.assertions.AssertOnNumberOfColumns_HasNumberOfColumnsLessThanOrEqualTo_Test
[INFO] Running org.assertj.db.api.assertions.AssertOnChangeType_IsDeletion_Test
[INFO] Tests run: 2, Failures: 0, Errors: 0, Skipped: 0, Time elapsed: 0.128 s - in org.assertj.db.api.assertions.AssertOnChangeType_IsDeletion_Test
[INFO] Running org.assertj.db.api.assertions.AssertOnValueInequality_IsNotEqualTo_LocalTime_Test
[INFO] Tests run: 2, Failures: 0, Errors: 0, Skipped: 0, Time elapsed: 0.037 s - in org.assertj.db.api.assertions.AssertOnValueInequality_IsNotEqualTo_LocalTime_Test
[INFO] Running org.assertj.db.api.assertions.AssertOnValueChronology_IsAfter_TimeValue_Test
[INFO] Tests run: 2, Failures: 0, Errors: 0, Skipped: 0, Time elapsed: 0.044 s - in org.assertj.db.api.assertions.AssertOnValueChronology_IsAfter_TimeValue_Test
[INFO] Running org.assertj.db.api.assertions.AssertOnNumberOfChanges_HasNumberOfChangesLessThan_Test
[INFO] Tests run: 2, Failures: 0, Errors: 0, Skipped: 0, Time elapsed: 0.018 s - in org.assertj.db.api.assertions.AssertOnNumberOfChanges_HasNumberOfChangesLessThan_Test
[INFO] Running org.assertj.db.api.assertions.AssertOnValueChronology_IsAfterOrEqualTo_LocalDate_Test
[INFO] Tests run: 2, Failures: 0, Errors: 0, Skipped: 0, Time elapsed: 0.031 s - in org.assertj.db.api.assertions.AssertOnValueChronology_IsAfterOrEqualTo_LocalDate_Test
[INFO] Running org.assertj.db.api.assertions.AssertOnValueChronology_IsAfterOrEqualTo_LocalDateTime_Test
[INFO] Tests run: 2, Failures: 0, Errors: 0, Skipped: 0, Time elapsed: 0.029 s - in org.assertj.db.api.assertions.AssertOnValueChronology_IsAfterOrEqualTo_LocalDateTime_Test
[INFO] Running org.assertj.db.api.assertions.AssertOnValueChronology_IsBeforeOrEqualTo_TimeValue_Test
[INFO] Tests run: 2, Failures: 0, Errors: 0, Skipped: 0, Time elapsed: 0.03 s - in org.assertj.db.api.assertions.AssertOnValueChronology_IsBeforeOrEqualTo_TimeValue_Test
[INFO] Running org.assertj.db.api.assertions.AssertOnModifiedColumns_HasModifiedColumns_Integer_Test
[INFO] Tests run: 2, Failures: 0, Errors: 0, Skipped: 0, Time elapsed: 0.105 s - in org.assertj.db.api.assertions.AssertOnModifiedColumns_HasModifiedColumns_Integer_Test
[INFO] Running org.assertj.db.api.assertions.AssertOnValueInequality_IsNotEqualTo_Bytes_Test
[INFO] Tests run: 2, Failures: 0, Errors: 0, Skipped: 0, Time elapsed: 0.033 s - in org.assertj.db.api.assertions.AssertOnValueInequality_IsNotEqualTo_Bytes_Test
[INFO] Running org.assertj.db.api.assertions.BDDAssertions_Test
[INFO] Tests run: 3, Failures: 0, Errors: 0, Skipped: 0, Time elapsed: 0.006 s - in org.assertj.db.api.assertions.BDDAssertions_Test
[INFO] Running org.assertj.db.api.assertions.AssertOnValueType_IsBoolean_Test
[INFO] Tests run: 2, Failures: 0, Errors: 0, Skipped: 0, Time elapsed: 0.03 s - in org.assertj.db.api.assertions.AssertOnValueType_IsBoolean_Test
[INFO] Running org.assertj.db.api.assertions.AssertOnColumnContent_HasValues_TimeValue_Test
[INFO] Tests run: 2, Failures: 0, Errors: 0, Skipped: 0, Time elapsed: 0.016 s - in org.assertj.db.api.assertions.AssertOnColumnContent_HasValues_TimeValue_Test
[INFO] Running org.assertj.db.api.assertions.AssertOnNumberOfColumns_HasNumberOfColumnsGreaterThan_Test
[INFO] Tests run: 2, Failures: 0, Errors: 0, Skipped: 0, Time elapsed: 0.016 s - in org.assertj.db.api.assertions.AssertOnNumberOfColumns_HasNumberOfColumnsGreaterThan_Test
[INFO] Running org.assertj.db.api.assertions.AssertOnValueEquality_IsEqualTo_Boolean_Test
[INFO] Tests run: 2, Failures: 0, Errors: 0, Skipped: 0, Time elapsed: 0.039 s - in org.assertj.db.api.assertions.AssertOnValueEquality_IsEqualTo_Boolean_Test
[INFO] Running org.assertj.db.api.assertions.AssertOnColumnOfChangeEquality_HasValues_Two_DateTimeValue_Test
[INFO] Tests run: 3, Failures: 0, Errors: 0, Skipped: 0, Time elapsed: 0.152 s - in org.assertj.db.api.assertions.AssertOnColumnOfChangeEquality_HasValues_Two_DateTimeValue_Test
[INFO] Running org.assertj.db.api.assertions.AssertOnNumberOfColumns_HasNumberOfColumns_Test
[INFO] Tests run: 2, Failures: 0, Errors: 0, Skipped: 0, Time elapsed: 0.017 s - in org.assertj.db.api.assertions.AssertOnNumberOfColumns_HasNumberOfColumns_Test
[INFO] Running org.assertj.db.api.assertions.AssertOnValueInequality_IsNotEqualTo_Object_Test
[INFO] Tests run: 2, Failures: 0, Errors: 0, Skipped: 0, Time elapsed: 0.027 s - in org.assertj.db.api.assertions.AssertOnValueInequality_IsNotEqualTo_Object_Test
[INFO] Running org.assertj.db.api.assertions.AssertOnChangeType_IsCreation_Test
[INFO] Tests run: 2, Failures: 0, Errors: 0, Skipped: 0, Time elapsed: 0.116 s - in org.assertj.db.api.assertions.AssertOnChangeType_IsCreation_Test
[INFO] Running org.assertj.db.api.assertions.AssertOnColumnOfChangeEquality_HasValues_One_UUID_Test
[INFO] Tests run: 3, Failures: 0, Errors: 0, Skipped: 0, Time elapsed: 0.132 s - in org.assertj.db.api.assertions.AssertOnColumnOfChangeEquality_HasValues_One_UUID_Test
[INFO] Running org.assertj.db.api.assertions.AssertOnValueCloseness_IsCloseTo_Number_Test
[INFO] Tests run: 2, Failures: 0, Errors: 0, Skipped: 0, Time elapsed: 0.029 s - in org.assertj.db.api.assertions.AssertOnValueCloseness_IsCloseTo_Number_Test
[INFO] Running org.assertj.db.api.assertions.AssertOnValueChronology_IsAfter_LocalDateTime_Test
[INFO] Tests run: 2, Failures: 0, Errors: 0, Skipped: 0, Time elapsed: 0.039 s - in org.assertj.db.api.assertions.AssertOnValueChronology_IsAfter_LocalDateTime_Test
[INFO] Running org.assertj.db.api.assertions.AssertOnColumnType_IsBytes_Test
[INFO] Tests run: 2, Failures: 0, Errors: 0, Skipped: 0, Time elapsed: 0.107 s - in org.assertj.db.api.assertions.AssertOnColumnType_IsBytes_Test
[INFO] Running org.assertj.db.api.assertions.AssertOnValueChronology_IsBeforeOrEqualTo_LocalTime_Test
[INFO] Tests run: 2, Failures: 0, Errors: 0, Skipped: 0, Time elapsed: 0.029 s - in org.assertj.db.api.assertions.AssertOnValueChronology_IsBeforeOrEqualTo_LocalTime_Test
[INFO] Running org.assertj.db.api.assertions.AssertOnValueChronology_IsBeforeOrEqualTo_LocalDate_Test
[INFO] Tests run: 2, Failures: 0, Errors: 0, Skipped: 0, Time elapsed: 0.027 s - in org.assertj.db.api.assertions.AssertOnValueChronology_IsBeforeOrEqualTo_LocalDate_Test
[INFO] Running org.assertj.db.api.assertions.AssertOnColumnType_IsBoolean_Test
[INFO] Tests run: 2, Failures: 0, Errors: 0, Skipped: 0, Time elapsed: 0.113 s - in org.assertj.db.api.assertions.AssertOnColumnType_IsBoolean_Test
[INFO] Running org.assertj.db.api.assertions.AssertOnValueClass_IsOfClass_Test
[INFO] Tests run: 2, Failures: 0, Errors: 0, Skipped: 0, Time elapsed: 0.043 s - in org.assertj.db.api.assertions.AssertOnValueClass_IsOfClass_Test
[INFO] Running org.assertj.db.api.assertions.AssertOnValueEquality_IsEqualTo_LocalTime_Test
[INFO] Tests run: 2, Failures: 0, Errors: 0, Skipped: 0, Time elapsed: 0.039 s - in org.assertj.db.api.assertions.AssertOnValueEquality_IsEqualTo_LocalTime_Test
[INFO] Running org.assertj.db.api.assertions.AssertOnValueChronology_IsBeforeOrEqualTo_String_Test
[INFO] Tests run: 2, Failures: 0, Errors: 0, Skipped: 0, Time elapsed: 0.037 s - in org.assertj.db.api.assertions.AssertOnValueChronology_IsBeforeOrEqualTo_String_Test
[INFO] Running org.assertj.db.api.assertions.AssertOnValueEquality_IsEqualTo_Object_Test
[INFO] Tests run: 2, Failures: 0, Errors: 0, Skipped: 0, Time elapsed: 0.033 s - in org.assertj.db.api.assertions.AssertOnValueEquality_IsEqualTo_Object_Test
[INFO] Running org.assertj.db.api.assertions.AssertOnValueChronology_IsAfterOrEqualTo_DateValue_Test
[INFO] Tests run: 2, Failures: 0, Errors: 0, Skipped: 0, Time elapsed: 0.029 s - in org.assertj.db.api.assertions.AssertOnValueChronology_IsAfterOrEqualTo_DateValue_Test
[INFO] Running org.assertj.db.api.assertions.AssertOnColumnOfChangeEquality_HasValues_Two_TimeValue_Test
[INFO] Tests run: 3, Failures: 0, Errors: 0, Skipped: 0, Time elapsed: 0.137 s - in org.assertj.db.api.assertions.AssertOnColumnOfChangeEquality_HasValues_Two_TimeValue_Test
[INFO] Running org.assertj.db.api.assertions.AssertOnColumnType_IsOfAnyTypeIn_Test
[INFO] Tests run: 2, Failures: 0, Errors: 0, Skipped: 0, Time elapsed: 0.102 s - in org.assertj.db.api.assertions.AssertOnColumnType_IsOfAnyTypeIn_Test
[INFO] Running org.assertj.db.api.assertions.AssertOnValueChronology_IsAfter_String_Test
[INFO] Tests run: 2, Failures: 0, Errors: 0, Skipped: 0, Time elapsed: 0.029 s - in org.assertj.db.api.assertions.AssertOnValueChronology_IsAfter_String_Test
[INFO] Running org.assertj.db.api.assertions.AssertOnValueEquality_IsEqualTo_String_Test
[INFO] Tests run: 2, Failures: 0, Errors: 0, Skipped: 0, Time elapsed: 0.038 s - in org.assertj.db.api.assertions.AssertOnValueEquality_IsEqualTo_String_Test
[INFO] Running org.assertj.db.api.assertions.AssertOnNumberOfRows_HasNumberOfRowsGreaterThan_Test
[INFO] Tests run: 2, Failures: 0, Errors: 0, Skipped: 0, Time elapsed: 0.006 s - in org.assertj.db.api.assertions.AssertOnNumberOfRows_HasNumberOfRowsGreaterThan_Test
[INFO] Running org.assertj.db.api.assertions.AssertOnValueComparison_IsGreaterThan_Test
[INFO] Tests run: 2, Failures: 0, Errors: 0, Skipped: 0, Time elapsed: 0.027 s - in org.assertj.db.api.assertions.AssertOnValueComparison_IsGreaterThan_Test
[INFO] Running org.assertj.db.api.assertions.AssertOnValueType_IsUUID_Test
[INFO] Tests run: 2, Failures: 0, Errors: 0, Skipped: 0, Time elapsed: 0.03 s - in org.assertj.db.api.assertions.AssertOnValueType_IsUUID_Test
[INFO] Running org.assertj.db.api.assertions.AssertOnColumnType_IsNumber_Test
[INFO] Tests run: 2, Failures: 0, Errors: 0, Skipped: 0, Time elapsed: 0.112 s - in org.assertj.db.api.assertions.AssertOnColumnType_IsNumber_Test
[INFO] Running org.assertj.db.api.assertions.AssertOnColumnContent_ContainsValues_String_Test
[INFO] Tests run: 2, Failures: 0, Errors: 0, Skipped: 0, Time elapsed: 0.03 s - in org.assertj.db.api.assertions.AssertOnColumnContent_ContainsValues_String_Test
[INFO] Running org.assertj.db.api.assertions.AssertOnValueInequality_IsNotEqualTo_Boolean_Test
[INFO] Tests run: 2, Failures: 0, Errors: 0, Skipped: 0, Time elapsed: 0.029 s - in org.assertj.db.api.assertions.AssertOnValueInequality_IsNotEqualTo_Boolean_Test
[INFO] Running org.assertj.db.api.assertions.AssertOnColumnName_HasColumnName_Test
[INFO] Tests run: 2, Failures: 0, Errors: 0, Skipped: 0, Time elapsed: 0.102 s - in org.assertj.db.api.assertions.AssertOnColumnName_HasColumnName_Test
[INFO] Running org.assertj.db.api.assertions.AssertOnValueCloseness_IsCloseTo_DateTimeValue_DateValue_Test
[INFO] Tests run: 2, Failures: 0, Errors: 0, Skipped: 0, Time elapsed: 0.028 s - in org.assertj.db.api.assertions.AssertOnValueCloseness_IsCloseTo_DateTimeValue_DateValue_Test
[INFO] Running org.assertj.db.api.assertions.AssertOnValueType_IsBytes_Test
[INFO] Tests run: 2, Failures: 0, Errors: 0, Skipped: 0, Time elapsed: 0.032 s - in org.assertj.db.api.assertions.AssertOnValueType_IsBytes_Test
[INFO] Running org.assertj.db.api.assertions.AssertOnValueChronology_IsBefore_String_Test
[INFO] Tests run: 2, Failures: 0, Errors: 0, Skipped: 0, Time elapsed: 0.028 s - in org.assertj.db.api.assertions.AssertOnValueChronology_IsBefore_String_Test
[INFO] Running org.assertj.db.api.assertions.AssertOnValueChronology_IsAfter_DateTimeValue_Test
[INFO] Tests run: 2, Failures: 0, Errors: 0, Skipped: 0, Time elapsed: 0.027 s - in org.assertj.db.api.assertions.AssertOnValueChronology_IsAfter_DateTimeValue_Test
[INFO] Running org.assertj.db.api.assertions.AssertOnValueNullity_IsNull_Test
[INFO] Tests run: 2, Failures: 0, Errors: 0, Skipped: 0, Time elapsed: 0.028 s - in org.assertj.db.api.assertions.AssertOnValueNullity_IsNull_Test
[INFO] Running org.assertj.db.api.assertions.AssertOnValueCondition_DoesNotHave_Test
[INFO] Tests run: 2, Failures: 0, Errors: 0, Skipped: 0, Time elapsed: 0.029 s - in org.assertj.db.api.assertions.AssertOnValueCondition_DoesNotHave_Test
[INFO] Running org.assertj.db.api.assertions.AssertOnColumnOfChangeEquality_HasValues_Two_UUID_Test
[INFO] Tests run: 3, Failures: 0, Errors: 0, Skipped: 0, Time elapsed: 0.134 s - in org.assertj.db.api.assertions.AssertOnColumnOfChangeEquality_HasValues_Two_UUID_Test
[INFO] Running org.assertj.db.api.assertions.AssertOnColumnOfChangeEquality_HasValues_One_Boolean_Test
[INFO] Tests run: 3, Failures: 0, Errors: 0, Skipped: 0, Time elapsed: 0.154 s - in org.assertj.db.api.assertions.AssertOnColumnOfChangeEquality_HasValues_One_Boolean_Test
[INFO] Running org.assertj.db.api.assertions.AssertOnColumnOfChangeEquality_HasValues_One_String_Test
[INFO] Tests run: 3, Failures: 0, Errors: 0, Skipped: 0, Time elapsed: 0.151 s - in org.assertj.db.api.assertions.AssertOnColumnOfChangeEquality_HasValues_One_String_Test
[INFO] Running org.assertj.db.api.assertions.AssertOnColumnOfChangeEquality_HasValues_Two_Bytes_Test
[INFO] Tests run: 3, Failures: 0, Errors: 0, Skipped: 0, Time elapsed: 0.142 s - in org.assertj.db.api.assertions.AssertOnColumnOfChangeEquality_HasValues_Two_Bytes_Test
[INFO] Running org.assertj.db.api.assertions.AssertOnColumnContent_ContainsValues_DateTimeValue_Test
[INFO] Tests run: 2, Failures: 0, Errors: 0, Skipped: 0, Time elapsed: 0.018 s - in org.assertj.db.api.assertions.AssertOnColumnContent_ContainsValues_DateTimeValue_Test
[INFO] Running org.assertj.db.api.assertions.AssertOnColumnContent_HasValues_UUID_Test
[INFO] Tests run: 2, Failures: 0, Errors: 0, Skipped: 0, Time elapsed: 0.02 s - in org.assertj.db.api.assertions.AssertOnColumnContent_HasValues_UUID_Test
[INFO] Running org.assertj.db.api.assertions.AssertOnValueType_IsDateTime_Test
[INFO] Tests run: 2, Failures: 0, Errors: 0, Skipped: 0, Time elapsed: 0.032 s - in org.assertj.db.api.assertions.AssertOnValueType_IsDateTime_Test
[INFO] Running org.assertj.db.api.assertions.AssertOnValueComparison_IsLessThan_Test
[INFO] Tests run: 2, Failures: 0, Errors: 0, Skipped: 0, Time elapsed: 0.031 s - in org.assertj.db.api.assertions.AssertOnValueComparison_IsLessThan_Test
[INFO] Running org.assertj.db.api.assertions.AssertOnValueEquality_IsFalse_Test
[INFO] Tests run: 2, Failures: 0, Errors: 0, Skipped: 0, Time elapsed: 0.033 s - in org.assertj.db.api.assertions.AssertOnValueEquality_IsFalse_Test
[INFO] Running org.assertj.db.api.assertions.AssertOnColumnEquality_HasValues_Character_Test
[INFO] Tests run: 2, Failures: 0, Errors: 0, Skipped: 0, Time elapsed: 0.02 s - in org.assertj.db.api.assertions.AssertOnColumnEquality_HasValues_Character_Test
[INFO] Running org.assertj.db.api.assertions.AssertOnColumnOfChangeEquality_HasValues_One_Number_Test
[INFO] Tests run: 3, Failures: 0, Errors: 0, Skipped: 0, Time elapsed: 0.129 s - in org.assertj.db.api.assertions.AssertOnColumnOfChangeEquality_HasValues_One_Number_Test
[INFO] Running org.assertj.db.api.assertions.AssertOnValueEquality_IsEqualTo_Bytes_Test
[INFO] Tests run: 2, Failures: 0, Errors: 0, Skipped: 0, Time elapsed: 0.032 s - in org.assertj.db.api.assertions.AssertOnValueEquality_IsEqualTo_Bytes_Test
[INFO] Running org.assertj.db.api.assertions.AssertOnColumnOfChangeEquality_HasValues_Two_Character_Test
[INFO] Tests run: 3, Failures: 0, Errors: 0, Skipped: 0, Time elapsed: 0.14 s - in org.assertj.db.api.assertions.AssertOnColumnOfChangeEquality_HasValues_Two_Character_Test
[INFO] Running org.assertj.db.api.assertions.AssertOnNumberOfChanges_HasNumberOfChangesLessThanOrEqualTo_Test
[INFO] Tests run: 2, Failures: 0, Errors: 0, Skipped: 0, Time elapsed: 0.016 s - in org.assertj.db.api.assertions.AssertOnNumberOfChanges_HasNumberOfChangesLessThanOrEqualTo_Test
[INFO] Running org.assertj.db.api.assertions.AssertOnValueEquality_IsZero_Test
[INFO] Tests run: 2, Failures: 0, Errors: 0, Skipped: 0, Time elapsed: 0.027 s - in org.assertj.db.api.assertions.AssertOnValueEquality_IsZero_Test
[INFO] Running org.assertj.db.api.assertions.AssertOnRowOfChangeExistence_Exists_Test
[INFO] Tests run: 2, Failures: 0, Errors: 0, Skipped: 0, Time elapsed: 0.096 s - in org.assertj.db.api.assertions.AssertOnRowOfChangeExistence_Exists_Test
[INFO] Running org.assertj.db.api.assertions.AssertOnValueEquality_IsEqualTo_TimeValue_Test
[INFO] Tests run: 2, Failures: 0, Errors: 0, Skipped: 0, Time elapsed: 0.038 s - in org.assertj.db.api.assertions.AssertOnValueEquality_IsEqualTo_TimeValue_Test
[INFO] Running org.assertj.db.api.assertions.AssertOnColumnEquality_HasValues_Boolean_Test
[INFO] Tests run: 2, Failures: 0, Errors: 0, Skipped: 0, Time elapsed: 0.017 s - in org.assertj.db.api.assertions.AssertOnColumnEquality_HasValues_Boolean_Test
[INFO] Running org.assertj.db.api.assertions.AssertOnValueChronology_IsBeforeOrEqualTo_DateValue_Test
[INFO] Tests run: 2, Failures: 0, Errors: 0, Skipped: 0, Time elapsed: 0.029 s - in org.assertj.db.api.assertions.AssertOnValueChronology_IsBeforeOrEqualTo_DateValue_Test
[INFO] Running org.assertj.db.api.assertions.AssertOnValueEquality_IsEqualTo_UUID_Test
[INFO] Tests run: 2, Failures: 0, Errors: 0, Skipped: 0, Time elapsed: 0.029 s - in org.assertj.db.api.assertions.AssertOnValueEquality_IsEqualTo_UUID_Test
[INFO] Running org.assertj.db.api.assertions.AssertOnValueEquality_IsEqualTo_LocalDate_Test
[INFO] Tests run: 2, Failures: 0, Errors: 0, Skipped: 0, Time elapsed: 0.028 s - in org.assertj.db.api.assertions.AssertOnValueEquality_IsEqualTo_LocalDate_Test
[INFO] Running org.assertj.db.api.assertions.AssertOnNumberOfRows_HasNumberOfRowsGreaterThanOrEqualTo_Test
[INFO] Tests run: 2, Failures: 0, Errors: 0, Skipped: 0, Time elapsed: 0.005 s - in org.assertj.db.api.assertions.AssertOnNumberOfRows_HasNumberOfRowsGreaterThanOrEqualTo_Test
[INFO] Running org.assertj.db.api.assertions.AssertOnColumnEquality_HasValues_Number_Test
[INFO] Tests run: 2, Failures: 0, Errors: 0, Skipped: 0, Time elapsed: 0.017 s - in org.assertj.db.api.assertions.AssertOnColumnEquality_HasValues_Number_Test
[INFO] Running org.assertj.db.api.assertions.AssertOnValueChronology_IsAfter_LocalDate_Test
[INFO] Tests run: 2, Failures: 0, Errors: 0, Skipped: 0, Time elapsed: 0.031 s - in org.assertj.db.api.assertions.AssertOnValueChronology_IsAfter_LocalDate_Test
[INFO] Running org.assertj.db.api.assertions.AssertOnColumnOfChangeEquality_HasValues_One_Bytes_Test
[INFO] Tests run: 3, Failures: 0, Errors: 0, Skipped: 0, Time elapsed: 0.138 s - in org.assertj.db.api.assertions.AssertOnColumnOfChangeEquality_HasValues_One_Bytes_Test
[INFO] Running org.assertj.db.api.assertions.AssertOnColumnContent_ContainsValues_Number_Test
[INFO] Tests run: 2, Failures: 0, Errors: 0, Skipped: 0, Time elapsed: 0.016 s - in org.assertj.db.api.assertions.AssertOnColumnContent_ContainsValues_Number_Test
[INFO] Running org.assertj.db.api.assertions.AssertOnNumberOfChanges_HasNumberOfChanges_Test
[INFO] Tests run: 2, Failures: 0, Errors: 0, Skipped: 0, Time elapsed: 0.022 s - in org.assertj.db.api.assertions.AssertOnNumberOfChanges_HasNumberOfChanges_Test
[INFO] Running org.assertj.db.api.assertions.AssertOnValueChronology_IsAfterOrEqualTo_DateTimeValue_Test
[INFO] Tests run: 2, Failures: 0, Errors: 0, Skipped: 0, Time elapsed: 0.027 s - in org.assertj.db.api.assertions.AssertOnValueChronology_IsAfterOrEqualTo_DateTimeValue_Test
[INFO] Running org.assertj.db.api.assertions.AssertOnValueEquality_IsEqualTo_LocalDateTime_Test
[INFO] Tests run: 2, Failures: 0, Errors: 0, Skipped: 0, Time elapsed: 0.027 s - in org.assertj.db.api.assertions.AssertOnValueEquality_IsEqualTo_LocalDateTime_Test
[INFO] Running org.assertj.db.api.assertions.AssertOnValueEquality_IsEqualTo_DateTimeValue_Test
[INFO] Tests run: 2, Failures: 0, Errors: 0, Skipped: 0, Time elapsed: 0.027 s - in org.assertj.db.api.assertions.AssertOnValueEquality_IsEqualTo_DateTimeValue_Test
[INFO] Running org.assertj.db.api.assertions.AssertOnNumberOfRows_IsEmpty_Test
[INFO] Tests run: 2, Failures: 0, Errors: 0, Skipped: 0, Time elapsed: 0.007 s - in org.assertj.db.api.assertions.AssertOnNumberOfRows_IsEmpty_Test
[INFO] Running org.assertj.db.api.assertions.AssertOnValueInequality_IsNotEqualTo_Number_Test
[INFO] Tests run: 2, Failures: 0, Errors: 0, Skipped: 0, Time elapsed: 0.027 s - in org.assertj.db.api.assertions.AssertOnValueInequality_IsNotEqualTo_Number_Test
[INFO] Running org.assertj.db.api.assertions.AssertOnColumnNullity_HasOnlyNullValues_Test
[INFO] Tests run: 2, Failures: 0, Errors: 0, Skipped: 0, Time elapsed: 0.008 s - in org.assertj.db.api.assertions.AssertOnColumnNullity_HasOnlyNullValues_Test
[INFO] Running org.assertj.db.api.assertions.AssertOnModifiedColumns_HasNumberOfModifiedColumnsGreaterThan_Test
[INFO] Tests run: 2, Failures: 0, Errors: 0, Skipped: 0, Time elapsed: 0.086 s - in org.assertj.db.api.assertions.AssertOnModifiedColumns_HasNumberOfModifiedColumnsGreaterThan_Test
[INFO] Running org.assertj.db.api.assertions.AssertOnColumnOfChangeEquality_HasValues_Two_String_Test
[INFO] Tests run: 3, Failures: 0, Errors: 0, Skipped: 0, Time elapsed: 0.132 s - in org.assertj.db.api.assertions.AssertOnColumnOfChangeEquality_HasValues_Two_String_Test
[INFO] Running org.assertj.db.api.assertions.AssertOnNumberOfRows_HasNumberOfRows_Test
[INFO] Tests run: 2, Failures: 0, Errors: 0, Skipped: 0, Time elapsed: 0.008 s - in org.assertj.db.api.assertions.AssertOnNumberOfRows_HasNumberOfRows_Test
[INFO] Running org.assertj.db.api.assertions.AssertOnValueType_IsDate_Test
[INFO] Tests run: 2, Failures: 0, Errors: 0, Skipped: 0, Time elapsed: 0.036 s - in org.assertj.db.api.assertions.AssertOnValueType_IsDate_Test
[INFO] Running org.assertj.db.api.assertions.AssertOnColumnType_IsDateTime_Test
[INFO] Tests run: 2, Failures: 0, Errors: 0, Skipped: 0, Time elapsed: 0.142 s - in org.assertj.db.api.assertions.AssertOnColumnType_IsDateTime_Test
[INFO] Running org.assertj.db.api.assertions.AssertOnValueChronology_IsAfterOrEqualTo_TimeValue_Test
[INFO] Tests run: 2, Failures: 0, Errors: 0, Skipped: 0, Time elapsed: 0.032 s - in org.assertj.db.api.assertions.AssertOnValueChronology_IsAfterOrEqualTo_TimeValue_Test
[INFO] Running org.assertj.db.api.assertions.AssertOnValueChronology_IsBefore_LocalTime_Test
[INFO] Tests run: 2, Failures: 0, Errors: 0, Skipped: 0, Time elapsed: 0.035 s - in org.assertj.db.api.assertions.AssertOnValueChronology_IsBefore_LocalTime_Test
[INFO] Running org.assertj.db.api.assertions.AssertOnModifiedColumns_HasNumberOfModifiedColumnsLessThanOrEqualTo_Test
[INFO] Tests run: 2, Failures: 0, Errors: 0, Skipped: 0, Time elapsed: 0.089 s - in org.assertj.db.api.assertions.AssertOnModifiedColumns_HasNumberOfModifiedColumnsLessThanOrEqualTo_Test
[INFO] Running org.assertj.db.api.assertions.AssertOnValueInequality_IsNotEqualTo_LocalDate_Test
[INFO] Tests run: 2, Failures: 0, Errors: 0, Skipped: 0, Time elapsed: 0.027 s - in org.assertj.db.api.assertions.AssertOnValueInequality_IsNotEqualTo_LocalDate_Test
[INFO] Running org.assertj.db.api.assertions.AssertOnDataType_IsOnRequest_Test
[INFO] Tests run: 2, Failures: 0, Errors: 0, Skipped: 0, Time elapsed: 0.016 s - in org.assertj.db.api.assertions.AssertOnDataType_IsOnRequest_Test
[INFO] Running org.assertj.db.api.assertions.AssertOnNumberOfColumns_HasNumberOfColumnsGreaterThanOrEqualTo_Test
[INFO] Tests run: 2, Failures: 0, Errors: 0, Skipped: 0, Time elapsed: 0.015 s - in org.assertj.db.api.assertions.AssertOnNumberOfColumns_HasNumberOfColumnsGreaterThanOrEqualTo_Test
[INFO] Running org.assertj.db.api.assertions.AssertOnValueChronology_IsBeforeOrEqualTo_LocalDateTime_Test
[INFO] Tests run: 2, Failures: 0, Errors: 0, Skipped: 0, Time elapsed: 0.027 s - in org.assertj.db.api.assertions.AssertOnValueChronology_IsBeforeOrEqualTo_LocalDateTime_Test
[INFO] Running org.assertj.db.api.assertions.AssertOnColumnNullity_HasOnlyNotNullValues_Test
[INFO] Tests run: 2, Failures: 0, Errors: 0, Skipped: 0, Time elapsed: 0.007 s - in org.assertj.db.api.assertions.AssertOnColumnNullity_HasOnlyNotNullValues_Test
[INFO] Running org.assertj.db.api.assertions.AssertOnColumnOfChangeEquality_HasValues_One_DateTimeValue_Test
[INFO] Tests run: 3, Failures: 0, Errors: 0, Skipped: 0, Time elapsed: 0.127 s - in org.assertj.db.api.assertions.AssertOnColumnOfChangeEquality_HasValues_One_DateTimeValue_Test
[INFO] Running org.assertj.db.api.assertions.AssertOnChangeType_IsOfType_Test
[INFO] Tests run: 2, Failures: 0, Errors: 0, Skipped: 0, Time elapsed: 0.085 s - in org.assertj.db.api.assertions.AssertOnChangeType_IsOfType_Test
[INFO] Running org.assertj.db.api.assertions.AssertOnRowNullity_HasOnlyNotNullValues_Test
[INFO] Tests run: 2, Failures: 0, Errors: 0, Skipped: 0, Time elapsed: 0.008 s - in org.assertj.db.api.assertions.AssertOnRowNullity_HasOnlyNotNullValues_Test
[INFO] Running org.assertj.db.api.assertions.AssertOnValueInequality_IsNotEqualTo_TimeValue_Test
[INFO] Tests run: 2, Failures: 0, Errors: 0, Skipped: 0, Time elapsed: 0.028 s - in org.assertj.db.api.assertions.AssertOnValueInequality_IsNotEqualTo_TimeValue_Test
[INFO] Running org.assertj.db.api.assertions.AssertOnDataType_IsOnDataType_Test
[INFO] Tests run: 2, Failures: 0, Errors: 0, Skipped: 0, Time elapsed: 0.016 s - in org.assertj.db.api.assertions.AssertOnDataType_IsOnDataType_Test
[INFO] Running org.assertj.db.api.assertions.AssertOnValueCloseness_IsCloseTo_DateValue_DateValue_Test
[INFO] Tests run: 2, Failures: 0, Errors: 0, Skipped: 0, Time elapsed: 0.028 s - in org.assertj.db.api.assertions.AssertOnValueCloseness_IsCloseTo_DateValue_DateValue_Test
[INFO] Running org.assertj.db.api.assertions.AssertOnValueInequality_IsNotEqualTo_LocalDateTime_Test
[INFO] Tests run: 2, Failures: 0, Errors: 0, Skipped: 0, Time elapsed: 0.026 s - in org.assertj.db.api.assertions.AssertOnValueInequality_IsNotEqualTo_LocalDateTime_Test
[INFO] Running org.assertj.db.api.assertions.AssertOnColumnEquality_HasValues_UUID_Test
[INFO] Tests run: 2, Failures: 0, Errors: 0, Skipped: 0, Time elapsed: 0.015 s - in org.assertj.db.api.assertions.AssertOnColumnEquality_HasValues_UUID_Test
[INFO] Running org.assertj.db.api.assertions.AssertOnValueInequality_IsNotEqualTo_DateValue_Test
[INFO] Tests run: 2, Failures: 0, Errors: 0, Skipped: 0, Time elapsed: 0.026 s - in org.assertj.db.api.assertions.AssertOnValueInequality_IsNotEqualTo_DateValue_Test
[INFO] Running org.assertj.db.api.assertions.AssertOnValueCloseness_IsCloseTo_DateValue_TimeValue_Test
[INFO] Tests run: 2, Failures: 0, Errors: 0, Skipped: 0, Time elapsed: 0.026 s - in org.assertj.db.api.assertions.AssertOnValueCloseness_IsCloseTo_DateValue_TimeValue_Test
[INFO] Running org.assertj.db.api.assertions.AssertOnColumnEquality_HasValues_DateTimeValue_Test
[INFO] Tests run: 2, Failures: 0, Errors: 0, Skipped: 0, Time elapsed: 0.015 s - in org.assertj.db.api.assertions.AssertOnColumnEquality_HasValues_DateTimeValue_Test
[INFO] Running org.assertj.db.api.assertions.AssertOnColumnContent_ContainsValues_Character_Test
[INFO] Tests run: 2, Failures: 0, Errors: 0, Skipped: 0, Time elapsed: 0.014 s - in org.assertj.db.api.assertions.AssertOnColumnContent_ContainsValues_Character_Test
[INFO] Running org.assertj.db.api.assertions.AssertOnValueEquality_IsEqualTo_DateValue_Test
[INFO] Tests run: 2, Failures: 0, Errors: 0, Skipped: 0, Time elapsed: 0.026 s - in org.assertj.db.api.assertions.AssertOnValueEquality_IsEqualTo_DateValue_Test
[INFO] Running org.assertj.db.api.assertions.AssertOnValueType_IsTime_Test
[INFO] Tests run: 2, Failures: 0, Errors: 0, Skipped: 0, Time elapsed: 0.027 s - in org.assertj.db.api.assertions.AssertOnValueType_IsTime_Test
[INFO] Running org.assertj.db.api.assertions.AssertOnColumnType_IsDate_Test
[INFO] Tests run: 2, Failures: 0, Errors: 0, Skipped: 0, Time elapsed: 0.1 s - in org.assertj.db.api.assertions.AssertOnColumnType_IsDate_Test
[INFO] Running org.assertj.db.api.assertions.AssertOnModifiedColumns_HasNumberOfModifiedColumns_Test
[INFO] Tests run: 2, Failures: 0, Errors: 0, Skipped: 0, Time elapsed: 0.088 s - in org.assertj.db.api.assertions.AssertOnModifiedColumns_HasNumberOfModifiedColumns_Test
[INFO] Running org.assertj.db.api.assertions.AssertOnValueEquality_IsEqualTo_Number_Test
[INFO] Tests run: 2, Failures: 0, Errors: 0, Skipped: 0, Time elapsed: 0.027 s - in org.assertj.db.api.assertions.AssertOnValueEquality_IsEqualTo_Number_Test
[INFO] Running org.assertj.db.api.assertions.AssertOnColumnOfChangeEquality_HasValues_One_DateValue_Test
[INFO] Tests run: 3, Failures: 0, Errors: 0, Skipped: 0, Time elapsed: 0.135 s - in org.assertj.db.api.assertions.AssertOnColumnOfChangeEquality_HasValues_One_DateValue_Test
[INFO] Running org.assertj.db.api.assertions.AssertOnChangeType_IsModification_Test
[INFO] Tests run: 2, Failures: 0, Errors: 0, Skipped: 0, Time elapsed: 0.086 s - in org.assertj.db.api.assertions.AssertOnChangeType_IsModification_Test
[INFO] Running org.assertj.db.api.assertions.AssertOnColumnContent_ContainsValues_DateValue_Test
[INFO] Tests run: 2, Failures: 0, Errors: 0, Skipped: 0, Time elapsed: 0.015 s - in org.assertj.db.api.assertions.AssertOnColumnContent_ContainsValues_DateValue_Test
[INFO] Running org.assertj.db.api.assertions.AssertOnValueNullity_IsNotNull_Test
[INFO] Tests run: 2, Failures: 0, Errors: 0, Skipped: 0, Time elapsed: 0.028 s - in org.assertj.db.api.assertions.AssertOnValueNullity_IsNotNull_Test
[INFO] Running org.assertj.db.api.assertions.AssertOnRowEquality_HasValues_Test
[INFO] Tests run: 2, Failures: 0, Errors: 0, Skipped: 0, Time elapsed: 0.028 s - in org.assertj.db.api.assertions.AssertOnRowEquality_HasValues_Test
[INFO] Running org.assertj.db.api.assertions.AssertOnModifiedColumn_IsModified_Test
[INFO] Tests run: 2, Failures: 0, Errors: 0, Skipped: 0, Time elapsed: 0.1 s - in org.assertj.db.api.assertions.AssertOnModifiedColumn_IsModified_Test
[INFO] Running org.assertj.db.api.assertions.AssertOnValueChronology_IsBefore_LocalDate_Test
[INFO] Tests run: 2, Failures: 0, Errors: 0, Skipped: 0, Time elapsed: 0.026 s - in org.assertj.db.api.assertions.AssertOnValueChronology_IsBefore_LocalDate_Test
[INFO] Running org.assertj.db.api.assertions.AssertOnColumnType_IsText_Test
[INFO] Tests run: 2, Failures: 0, Errors: 0, Skipped: 0, Time elapsed: 0.115 s - in org.assertj.db.api.assertions.AssertOnColumnType_IsText_Test
[INFO] Running org.assertj.db.api.assertions.AssertOnValueType_IsNumber_Test
[INFO] Tests run: 2, Failures: 0, Errors: 0, Skipped: 0, Time elapsed: 0.028 s - in org.assertj.db.api.assertions.AssertOnValueType_IsNumber_Test
[INFO] Running org.assertj.db.api.assertions.AssertOnNumberOfRows_HasNumberOfRowsLessThan_Test
[INFO] Tests run: 2, Failures: 0, Errors: 0, Skipped: 0, Time elapsed: 0.005 s - in org.assertj.db.api.assertions.AssertOnNumberOfRows_HasNumberOfRowsLessThan_Test
[INFO] Running org.assertj.db.api.assertions.AssertOnModifiedColumn_IsNotModified_Test
[INFO] Tests run: 2, Failures: 0, Errors: 0, Skipped: 0, Time elapsed: 0.092 s - in org.assertj.db.api.assertions.AssertOnModifiedColumn_IsNotModified_Test
[INFO] Running org.assertj.db.api.Assertions_Constructor_Test
[INFO] Tests run: 1, Failures: 0, Errors: 0, Skipped: 0, Time elapsed: 0 s - in org.assertj.db.api.Assertions_Constructor_Test
[INFO] Running org.assertj.db.api.BDDAssertions_BytesContent_Test
[INFO] Tests run: 8, Failures: 0, Errors: 0, Skipped: 0, Time elapsed: 0.003 s - in org.assertj.db.api.BDDAssertions_BytesContent_Test
[INFO] Running org.assertj.db.api.Assertions_BytesContent_Test
[INFO] Tests run: 8, Failures: 0, Errors: 0, Skipped: 0, Time elapsed: 0.001 s - in org.assertj.db.api.Assertions_BytesContent_Test
[INFO] Running org.assertj.db.api.Descriptable_Test
[INFO] Tests run: 1, Failures: 0, Errors: 0, Skipped: 0, Time elapsed: 0.006 s - in org.assertj.db.api.Descriptable_Test
[INFO] Running org.assertj.db.api.SoftAssertions_Test
[INFO] Tests run: 3, Failures: 0, Errors: 0, Skipped: 0, Time elapsed: 2.475 s - in org.assertj.db.api.SoftAssertions_Test
[INFO] Running org.assertj.db.util.AssertionsOnColumn_Constructor_Test
[INFO] Tests run: 1, Failures: 0, Errors: 0, Skipped: 0, Time elapsed: 0 s - in org.assertj.db.util.AssertionsOnColumn_Constructor_Test
[INFO] Running org.assertj.db.util.Values_AreClose_Value_TimeValue_Test
[INFO] Tests run: 1, Failures: 0, Errors: 0, Skipped: 0, Time elapsed: 0.001 s - in org.assertj.db.util.Values_AreClose_Value_TimeValue_Test
[INFO] Running org.assertj.db.util.Changes_Constructor_Test
[INFO] Tests run: 1, Failures: 0, Errors: 0, Skipped: 0, Time elapsed: 0 s - in org.assertj.db.util.Changes_Constructor_Test
[INFO] Running org.assertj.db.util.Values_AreEqual_Value_And_String_Test
[INFO] Tests run: 1, Failures: 0, Errors: 0, Skipped: 0, Time elapsed: 0 s - in org.assertj.db.util.Values_AreEqual_Value_And_String_Test
[INFO] Running org.assertj.db.util.Values_AreEqual_Value_TimeValue_Test
[INFO] Tests run: 1, Failures: 0, Errors: 0, Skipped: 0, Time elapsed: 0.001 s - in org.assertj.db.util.Values_AreEqual_Value_TimeValue_Test
[INFO] Running org.assertj.db.util.Descriptions_Constructor_Test
[INFO] Tests run: 1, Failures: 0, Errors: 0, Skipped: 0, Time elapsed: 0 s - in org.assertj.db.util.Descriptions_Constructor_Test
[INFO] Running org.assertj.db.util.Values_AreEqual_Value_And_DateTimeValue_Test
[INFO] Tests run: 1, Failures: 0, Errors: 0, Skipped: 0, Time elapsed: 0.003 s - in org.assertj.db.util.Values_AreEqual_Value_And_DateTimeValue_Test
[INFO] Running org.assertj.db.util.Values_Constructor_Test
[INFO] Tests run: 1, Failures: 0, Errors: 0, Skipped: 0, Time elapsed: 0 s - in org.assertj.db.util.Values_Constructor_Test
[INFO] Running org.assertj.db.util.Descriptions_GetDescription_Test
[INFO] Tests run: 15, Failures: 0, Errors: 0, Skipped: 0, Time elapsed: 0.164 s - in org.assertj.db.util.Descriptions_GetDescription_Test
[INFO] Running org.assertj.db.util.AssertionsOnChanges_Constructor_Test
[INFO] Tests run: 1, Failures: 0, Errors: 0, Skipped: 0, Time elapsed: 0 s - in org.assertj.db.util.AssertionsOnChanges_Constructor_Test
[INFO] Running org.assertj.db.util.Values_AreEqual_Date_And_String_Test
[INFO] Tests run: 2, Failures: 0, Errors: 0, Skipped: 0, Time elapsed: 0.002 s - in org.assertj.db.util.Values_AreEqual_Date_And_String_Test
[INFO] Running org.assertj.db.util.Values_AreEqual_Value_And_Bytes_Test
[INFO] Tests run: 1, Failures: 0, Errors: 0, Skipped: 0, Time elapsed: 0.001 s - in org.assertj.db.util.Values_AreEqual_Value_And_Bytes_Test
[INFO] Running org.assertj.db.util.Values_GetOutputFromValueInFrontOfExpected_Test
[INFO] Tests run: 8, Failures: 0, Errors: 0, Skipped: 0, Time elapsed: 0.005 s - in org.assertj.db.util.Values_GetOutputFromValueInFrontOfExpected_Test
[INFO] Running org.assertj.db.util.Proxies_Test
[INFO] Tests run: 4, Failures: 0, Errors: 0, Skipped: 0, Time elapsed: 0.009 s - in org.assertj.db.util.Proxies_Test
[INFO] Running org.assertj.db.util.RowComparator_Test
[INFO] Tests run: 2, Failures: 0, Errors: 0, Skipped: 0, Time elapsed: 0.003 s - in org.assertj.db.util.RowComparator_Test
[INFO] Running org.assertj.db.util.Values_AreEqual_Value_And_Object_Test
[INFO] Tests run: 34, Failures: 0, Errors: 0, Skipped: 0, Time elapsed: 0.023 s - in org.assertj.db.util.Values_AreEqual_Value_And_Object_Test
[INFO] Running org.assertj.db.util.Values_AreClose_Value_And_DateValue_Test
[INFO] Tests run: 6, Failures: 0, Errors: 0, Skipped: 0, Time elapsed: 0.006 s - in org.assertj.db.util.Values_AreClose_Value_And_DateValue_Test
[INFO] Running org.assertj.db.util.AssertionsOnChangeColumn_Constructor_Test
[INFO] Tests run: 1, Failures: 0, Errors: 0, Skipped: 0, Time elapsed: 0 s - in org.assertj.db.util.AssertionsOnChangeColumn_Constructor_Test
[INFO] Running org.assertj.db.util.ChangeComparator_Test
[INFO] Tests run: 22, Failures: 0, Errors: 0, Skipped: 0, Time elapsed: 0.014 s - in org.assertj.db.util.ChangeComparator_Test
[INFO] Running org.assertj.db.util.Values_GetOutputFromValueInFrontOfClass_Test
[INFO] Tests run: 9, Failures: 0, Errors: 0, Skipped: 0, Time elapsed: 0.005 s - in org.assertj.db.util.Values_GetOutputFromValueInFrontOfClass_Test
[INFO] Running org.assertj.db.util.Values_Compare_Value_And_Number_Test
[INFO] Tests run: 13, Failures: 0, Errors: 0, Skipped: 0, Time elapsed: 0.009 s - in org.assertj.db.util.Values_Compare_Value_And_Number_Test
[INFO] Running org.assertj.db.util.Values_AreEqual_Value_And_DateValue_Test
[INFO] Tests run: 2, Failures: 0, Errors: 0, Skipped: 0, Time elapsed: 0.002 s - in org.assertj.db.util.Values_AreEqual_Value_And_DateValue_Test
[INFO] Running org.assertj.db.util.Values_AreEqual_DateTime_And_String_Test
[INFO] Tests run: 2, Failures: 0, Errors: 0, Skipped: 0, Time elapsed: 0.002 s - in org.assertj.db.util.Values_AreEqual_DateTime_And_String_Test
[INFO] Running org.assertj.db.util.Values_AreEqual_Value_And_Boolean_Test
[INFO] Tests run: 1, Failures: 0, Errors: 0, Skipped: 0, Time elapsed: 0.001 s - in org.assertj.db.util.Values_AreEqual_Value_And_Boolean_Test
[INFO] Running org.assertj.db.util.Values_AreEqual_Value_And_UUID_Test
[INFO] Tests run: 1, Failures: 0, Errors: 0, Skipped: 0, Time elapsed: 0.001 s - in org.assertj.db.util.Values_AreEqual_Value_And_UUID_Test
[INFO] Running org.assertj.db.util.Values_AreEqual_Time_And_String_Test
[INFO] Tests run: 2, Failures: 0, Errors: 0, Skipped: 0, Time elapsed: 0.002 s - in org.assertj.db.util.Values_AreEqual_Time_And_String_Test
[INFO] Running org.assertj.db.util.Values_AreClose_Value_And_DateTimeValue_Test
[INFO] Tests run: 3, Failures: 0, Errors: 0, Skipped: 0, Time elapsed: 0.003 s - in org.assertj.db.util.Values_AreClose_Value_And_DateTimeValue_Test
[INFO] Running org.assertj.db.util.Values_GetRepresentationsFromValuesInFrontOfExpected_Test
[INFO] Tests run: 8, Failures: 0, Errors: 0, Skipped: 0, Time elapsed: 0.005 s - in org.assertj.db.util.Values_GetRepresentationsFromValuesInFrontOfExpected_Test
[INFO] Running org.assertj.db.util.Values_AreEqual_UUID_And_String_Test
[INFO] Tests run: 2, Failures: 0, Errors: 0, Skipped: 0, Time elapsed: 0 s - in org.assertj.db.util.Values_AreEqual_UUID_And_String_Test
[INFO] Running org.assertj.db.util.Changes_GetIndexesOfModifiedColumns_Test
[INFO] Tests run: 1, Failures: 0, Errors: 0, Skipped: 0, Time elapsed: 0.001 s - in org.assertj.db.util.Changes_GetIndexesOfModifiedColumns_Test
[INFO] Running org.assertj.db.util.AssertionsOnRow_Constructor_Test
[INFO] Tests run: 1, Failures: 0, Errors: 0, Skipped: 0, Time elapsed: 0 s - in org.assertj.db.util.AssertionsOnRow_Constructor_Test
[INFO] Running org.assertj.db.util.Values_AreEqual_Number_And_String_Test
[INFO] Tests run: 18, Failures: 0, Errors: 0, Skipped: 0, Time elapsed: 0.01 s - in org.assertj.db.util.Values_AreEqual_Number_And_String_Test
[INFO] Running org.assertj.db.util.Values_AreClose_Value_And_Number_Test
[INFO] Tests run: 13, Failures: 0, Errors: 0, Skipped: 0, Time elapsed: 0.009 s - in org.assertj.db.util.Values_AreClose_Value_And_Number_Test
[INFO] Running org.assertj.db.util.NameComparator_Test
[INFO] Tests run: 3, Failures: 0, Errors: 0, Skipped: 0, Time elapsed: 0.003 s - in org.assertj.db.util.NameComparator_Test
[INFO] Running org.assertj.db.util.Values_AreEqual_Value_And_Character_Test
[INFO] Tests run: 1, Failures: 0, Errors: 0, Skipped: 0, Time elapsed: 0 s - in org.assertj.db.util.Values_AreEqual_Value_And_Character_Test
[INFO] Running org.assertj.db.util.AssertionsOnValue_Constructor_Test
[INFO] Tests run: 1, Failures: 0, Errors: 0, Skipped: 0, Time elapsed: 0 s - in org.assertj.db.util.AssertionsOnValue_Constructor_Test
[INFO] Running org.assertj.db.util.Values_AreEqual_Value_And_Number_Test
[INFO] Tests run: 13, Failures: 0, Errors: 0, Skipped: 0, Time elapsed: 0.006 s - in org.assertj.db.util.Values_AreEqual_Value_And_Number_Test
[INFO] Running org.assertj.db.util.AssertionsOnChange_Constructor_Test
[INFO] Tests run: 1, Failures: 0, Errors: 0, Skipped: 0, Time elapsed: 0 s - in org.assertj.db.util.AssertionsOnChange_Constructor_Test
[INFO] Running org.assertj.db.database.hsqldb.HsqldbDatabase_Source_UIUIUI_Test
[INFO] Tests run: 12, Failures: 0, Errors: 0, Skipped: 0, Time elapsed: 0.996 s - in org.assertj.db.database.hsqldb.HsqldbDatabase_Source_UIUIUI_Test
[INFO] Running org.assertj.db.database.hsqldb.HsqldbDataBase_Test
[INFO] Tests run: 12, Failures: 0, Errors: 0, Skipped: 0, Time elapsed: 0.041 s - in org.assertj.db.database.hsqldb.HsqldbDataBase_Test
[INFO] Running org.assertj.db.database.sqlite.SqliteDataBase_Test
[INFO] Tests run: 12, Failures: 0, Errors: 0, Skipped: 0, Time elapsed: 0.863 s - in org.assertj.db.database.sqlite.SqliteDataBase_Test
[INFO] Running org.assertj.db.database.sqlite.SqliteDatabase_Source_DDD_Test
[INFO] Tests run: 13, Failures: 0, Errors: 0, Skipped: 0, Time elapsed: 0.859 s - in org.assertj.db.database.sqlite.SqliteDatabase_Source_DDD_Test
[INFO] Running org.assertj.db.database.sqlite.SqliteDatabase_DataSource_DDD_Test
[INFO] Tests run: 13, Failures: 0, Errors: 0, Skipped: 0, Time elapsed: 0.8 s - in org.assertj.db.database.sqlite.SqliteDatabase_DataSource_DDD_Test
[INFO] Running org.assertj.db.database.sqlite.SqliteDatabase_Source_NSNSNS_Test
[INFO] Tests run: 8, Failures: 0, Errors: 0, Skipped: 0, Time elapsed: 0.65 s - in org.assertj.db.database.sqlite.SqliteDatabase_Source_NSNSNS_Test
[INFO] Running org.assertj.db.database.sqlite.SqliteDatabase_DataSource_NSNSNS_Test
[INFO] Tests run: 8, Failures: 0, Errors: 0, Skipped: 0, Time elapsed: 0.599 s - in org.assertj.db.database.sqlite.SqliteDatabase_DataSource_NSNSNS_Test
[INFO] Running org.assertj.db.database.sqlite.SqliteDatabase_DataSource_UIUIUI_Test
[INFO] Tests run: 13, Failures: 0, Errors: 0, Skipped: 0, Time elapsed: 0.747 s - in org.assertj.db.database.sqlite.SqliteDatabase_DataSource_UIUIUI_Test
[INFO] Running org.assertj.db.database.sqlite.SqliteDatabase_Source_UIUIUI_Test
[INFO] Tests run: 13, Failures: 0, Errors: 0, Skipped: 0, Time elapsed: 0.838 s - in org.assertj.db.database.sqlite.SqliteDatabase_Source_UIUIUI_Test
[INFO] Running org.assertj.db.database.h2.ReservedH2Database_DataSource_UIUIUI_Test
[INFO] Tests run: 5, Failures: 0, Errors: 0, Skipped: 0, Time elapsed: 0.582 s - in org.assertj.db.database.h2.ReservedH2Database_DataSource_UIUIUI_Test
[INFO] Running org.assertj.db.database.h2.ReservedH2Database_Source_DDD_Test
[INFO] Tests run: 5, Failures: 0, Errors: 0, Skipped: 0, Time elapsed: 0.126 s - in org.assertj.db.database.h2.ReservedH2Database_Source_DDD_Test
[INFO] Running org.assertj.db.database.h2.H2Database_DataSource_UIUIUI_Test
[INFO] Tests run: 15, Failures: 0, Errors: 0, Skipped: 0, Time elapsed: 0.332 s - in org.assertj.db.database.h2.H2Database_DataSource_UIUIUI_Test
[INFO] Running org.assertj.db.database.h2.ReservedH2Database_DataSource_NSNSNS_Test
[INFO] Tests run: 5, Failures: 0, Errors: 0, Skipped: 0, Time elapsed: 0.119 s - in org.assertj.db.database.h2.ReservedH2Database_DataSource_NSNSNS_Test
[INFO] Running org.assertj.db.database.h2.H2Database_DataSource_NSNSNS_Test
[INFO] Tests run: 11, Failures: 0, Errors: 0, Skipped: 0, Time elapsed: 0.277 s - in org.assertj.db.database.h2.H2Database_DataSource_NSNSNS_Test
[INFO] Running org.assertj.db.database.h2.H2Database_Source_UIUIUI_Test
[INFO] Tests run: 15, Failures: 0, Errors: 0, Skipped: 0, Time elapsed: 0.295 s - in org.assertj.db.database.h2.H2Database_Source_UIUIUI_Test
[INFO] Running org.assertj.db.database.h2.ReservedH2DataBase_Test
[INFO] Tests run: 12, Failures: 0, Errors: 0, Skipped: 0, Time elapsed: 0.024 s - in org.assertj.db.database.h2.ReservedH2DataBase_Test
[INFO] Running org.assertj.db.database.h2.H2Database_DataSource_DDD_Test
[INFO] Tests run: 16, Failures: 0, Errors: 0, Skipped: 0, Time elapsed: 0.274 s - in org.assertj.db.database.h2.H2Database_DataSource_DDD_Test
[INFO] Running org.assertj.db.database.h2.ReservedH2Database_Source_UIUIUI_Test
[INFO] Tests run: 5, Failures: 0, Errors: 0, Skipped: 0, Time elapsed: 0.114 s - in org.assertj.db.database.h2.ReservedH2Database_Source_UIUIUI_Test
[INFO] Running org.assertj.db.database.h2.H2DataBase_Test
[INFO] Tests run: 12, Failures: 0, Errors: 0, Skipped: 0, Time elapsed: 0.023 s - in org.assertj.db.database.h2.H2DataBase_Test
[INFO] Running org.assertj.db.database.h2.H2Database_Source_NSNSNS_Test
[INFO] Tests run: 10, Failures: 0, Errors: 0, Skipped: 0, Time elapsed: 0.247 s - in org.assertj.db.database.h2.H2Database_Source_NSNSNS_Test
[INFO] Running org.assertj.db.database.h2.H2DataBase_Source_DDD_Test
[INFO] Tests run: 16, Failures: 0, Errors: 0, Skipped: 0, Time elapsed: 0.29 s - in org.assertj.db.database.h2.H2DataBase_Source_DDD_Test
[INFO] Running org.assertj.db.database.h2.ReservedH2Database_Source_NSNSNS_Test
[INFO] Tests run: 5, Failures: 0, Errors: 0, Skipped: 0, Time elapsed: 0.119 s - in org.assertj.db.database.h2.ReservedH2Database_Source_NSNSNS_Test
[INFO] Running org.assertj.db.database.h2.ReservedH2Database_DataSource_DDD_Test
[INFO] Tests run: 5, Failures: 0, Errors: 0, Skipped: 0, Time elapsed: 0.143 s - in org.assertj.db.database.h2.ReservedH2Database_DataSource_DDD_Test
[INFO] Running org.assertj.db.type.Request_Getters_Test
[INFO] Tests run: 4, Failures: 0, Errors: 0, Skipped: 0, Time elapsed: 0.002 s - in org.assertj.db.type.Request_Getters_Test
[INFO] Running org.assertj.db.type.Request_GetRowFromPksValues_Test
[INFO] Tests run: 2, Failures: 0, Errors: 0, Skipped: 0, Time elapsed: 0.006 s - in org.assertj.db.type.Request_GetRowFromPksValues_Test
[INFO] Running org.assertj.db.type.Changes_Constructor_Test
[INFO] Tests run: 5, Failures: 0, Errors: 0, Skipped: 0, Time elapsed: 0.14 s - in org.assertj.db.type.Changes_Constructor_Test
[INFO] Running org.assertj.db.type.Table_Getters_Test
[INFO] Tests run: 12, Failures: 0, Errors: 0, Skipped: 0, Time elapsed: 0.03 s - in org.assertj.db.type.Table_Getters_Test
[INFO] Running org.assertj.db.type.Changes_GetChangesOfTable_Test
[INFO] Tests run: 1, Failures: 0, Errors: 0, Skipped: 0, Time elapsed: 0.096 s - in org.assertj.db.type.Changes_GetChangesOfTable_Test
[INFO] Running org.assertj.db.type.OrderType_ValueOf_Test
[INFO] Tests run: 1, Failures: 0, Errors: 0, Skipped: 0, Time elapsed: 0.002 s - in org.assertj.db.type.OrderType_ValueOf_Test
[INFO] Running org.assertj.db.type.Request_Columns_Test
[INFO] Tests run: 2, Failures: 0, Errors: 0, Skipped: 0, Time elapsed: 0.002 s - in org.assertj.db.type.Request_Columns_Test
[INFO] Running org.assertj.db.type.DateValue_Test
[INFO] Tests run: 35, Failures: 0, Errors: 0, Skipped: 0, Time elapsed: 0.02 s - in org.assertj.db.type.DateValue_Test
[INFO] Running org.assertj.db.type.ValueType_GetPossibleTypesForComparison_Test
[INFO] Tests run: 1, Failures: 0, Errors: 0, Skipped: 0, Time elapsed: 0 s - in org.assertj.db.type.ValueType_GetPossibleTypesForComparison_Test
[INFO] Running org.assertj.db.type.Order_Equals_Test
[INFO] Tests run: 1, Failures: 0, Errors: 0, Skipped: 0, Time elapsed: 0.001 s - in org.assertj.db.type.Order_Equals_Test
[INFO] Running org.assertj.db.type.Row_GetPksValues_Test
[INFO] Tests run: 2, Failures: 0, Errors: 0, Skipped: 0, Time elapsed: 0.001 s - in org.assertj.db.type.Row_GetPksValues_Test
[INFO] Running org.assertj.db.type.Request_PrimaryKeys_Name_Test
[INFO] Tests run: 6, Failures: 0, Errors: 0, Skipped: 0, Time elapsed: 0.008 s - in org.assertj.db.type.Request_PrimaryKeys_Name_Test
[INFO] Running org.assertj.db.type.Table_PrimaryKeys_Name_Test
[INFO] Tests run: 7, Failures: 0, Errors: 0, Skipped: 0, Time elapsed: 0.027 s - in org.assertj.db.type.Table_PrimaryKeys_Name_Test
[INFO] Running org.assertj.db.type.lettercase.CaseConversions_ValueOf_Test
[INFO] Tests run: 1, Failures: 0, Errors: 0, Skipped: 0, Time elapsed: 0.002 s - in org.assertj.db.type.lettercase.CaseConversions_ValueOf_Test
[INFO] Running org.assertj.db.type.lettercase.CaseComparisons_Test
[INFO] Tests run: 6, Failures: 0, Errors: 0, Skipped: 0, Time elapsed: 0.005 s - in org.assertj.db.type.lettercase.CaseComparisons_Test
[INFO] Running org.assertj.db.type.lettercase.LetterCase_Exception_Test
[INFO] Tests run: 2, Failures: 0, Errors: 0, Skipped: 0, Time elapsed: 0.002 s - in org.assertj.db.type.lettercase.LetterCase_Exception_Test
[INFO] Running org.assertj.db.type.lettercase.CaseConversions_Test
[INFO] Tests run: 6, Failures: 0, Errors: 0, Skipped: 0, Time elapsed: 0.004 s - in org.assertj.db.type.lettercase.CaseConversions_Test
[INFO] Running org.assertj.db.type.lettercase.CaseComparisons_ValueOf_Test
[INFO] Tests run: 1, Failures: 0, Errors: 0, Skipped: 0, Time elapsed: 0.001 s - in org.assertj.db.type.lettercase.CaseComparisons_ValueOf_Test
[INFO] Running org.assertj.db.type.lettercase.LetterCase_Test
[INFO] Tests run: 4, Failures: 0, Errors: 0, Skipped: 0, Time elapsed: 0.002 s - in org.assertj.db.type.lettercase.LetterCase_Test
[INFO] Running org.assertj.db.type.Table_Columns_Name_Test
[INFO] Tests run: 7, Failures: 0, Errors: 0, Skipped: 0, Time elapsed: 0.036 s - in org.assertj.db.type.Table_Columns_Name_Test
[INFO] Running org.assertj.db.type.ValueType_GetType_Test
[INFO] Tests run: 1, Failures: 0, Errors: 0, Skipped: 0, Time elapsed: 0.001 s - in org.assertj.db.type.ValueType_GetType_Test
[INFO] Running org.assertj.db.type.Changes_Request_GetChangesList_Test
[INFO] Tests run: 8, Failures: 0, Errors: 0, Skipped: 0, Time elapsed: 0.017 s - in org.assertj.db.type.Changes_Request_GetChangesList_Test
[INFO] Running org.assertj.db.type.Changes_SetTables_Test
[INFO] Tests run: 1, Failures: 0, Errors: 0, Skipped: 0, Time elapsed: 0.002 s - in org.assertj.db.type.Changes_SetTables_Test
[INFO] Running org.assertj.db.type.Change_Exception_Test
[INFO] Tests run: 2, Failures: 0, Errors: 0, Skipped: 0, Time elapsed: 0.004 s - in org.assertj.db.type.Change_Exception_Test
[INFO] Running org.assertj.db.type.Request_Rows_Test
[INFO] Tests run: 4, Failures: 0, Errors: 0, Skipped: 0, Time elapsed: 0.004 s - in org.assertj.db.type.Request_Rows_Test
[INFO] Running org.assertj.db.type.Row_GetPksNameList_Test
[INFO] Tests run: 2, Failures: 0, Errors: 0, Skipped: 0, Time elapsed: 0.002 s - in org.assertj.db.type.Row_GetPksNameList_Test
[INFO] Running org.assertj.db.type.ValueType_ValueOf_Test
[INFO] Tests run: 1, Failures: 0, Errors: 0, Skipped: 0, Time elapsed: 0 s - in org.assertj.db.type.ValueType_ValueOf_Test
[INFO] Running org.assertj.db.type.Row_Has_PksValuesEqualTo_Test
[INFO] Tests run: 2, Failures: 0, Errors: 0, Skipped: 0, Time elapsed: 0.002 s - in org.assertj.db.type.Row_Has_PksValuesEqualTo_Test
[INFO] Running org.assertj.db.type.DataSourceWithLetterCase_Test
[INFO] Tests run: 6, Failures: 0, Errors: 0, Skipped: 0, Time elapsed: 0.007 s - in org.assertj.db.type.DataSourceWithLetterCase_Test
[INFO] Running org.assertj.db.type.Request_Instantiation_Test
[INFO] Tests run: 8, Failures: 0, Errors: 0, Skipped: 0, Time elapsed: 0.34 s - in org.assertj.db.type.Request_Instantiation_Test
[INFO] Running org.assertj.db.type.ChangeType_ValueOf_Test
[INFO] Tests run: 1, Failures: 0, Errors: 0, Skipped: 0, Time elapsed: 0 s - in org.assertj.db.type.ChangeType_ValueOf_Test
[INFO] Running org.assertj.db.type.Table_Rows_Test
[INFO] Tests run: 5, Failures: 0, Errors: 0, Skipped: 0, Time elapsed: 0.357 s - in org.assertj.db.type.Table_Rows_Test
[INFO] Running org.assertj.db.type.DataType_ValueOf_Test
[INFO] Tests run: 1, Failures: 0, Errors: 0, Skipped: 0, Time elapsed: 0.001 s - in org.assertj.db.type.DataType_ValueOf_Test
[INFO] Running org.assertj.db.type.Request_Exception_Test
[INFO] Tests run: 8, Failures: 0, Errors: 0, Skipped: 0, Time elapsed: 0.008 s - in org.assertj.db.type.Request_Exception_Test
[INFO] Running org.assertj.db.type.Table_Exception_Test
[INFO] Tests run: 12, Failures: 0, Errors: 0, Skipped: 0, Time elapsed: 0.025 s - in org.assertj.db.type.Table_Exception_Test
[INFO] Running org.assertj.db.type.Table_Columns_Test
[INFO] Tests run: 5, Failures: 0, Errors: 0, Skipped: 0, Time elapsed: 0.02 s - in org.assertj.db.type.Table_Columns_Test
[INFO] Running org.assertj.db.type.Changes_GetChanges_Test
[INFO] Tests run: 2, Failures: 0, Errors: 0, Skipped: 0, Time elapsed: 0.151 s - in org.assertj.db.type.Changes_GetChanges_Test
[INFO] Running org.assertj.db.type.Request_Columns_Name_Test
[INFO] Tests run: 5, Failures: 0, Errors: 0, Skipped: 0, Time elapsed: 0.01 s - in org.assertj.db.type.Request_Columns_Name_Test
[INFO] Running org.assertj.db.type.Changes_GetChangesOfType_Test
[INFO] Tests run: 1, Failures: 0, Errors: 0, Skipped: 0, Time elapsed: 0.091 s - in org.assertj.db.type.Changes_GetChangesOfType_Test
[INFO] Running org.assertj.db.type.Changes_Table_GetChangesList_Test
[INFO] Tests run: 8, Failures: 0, Errors: 0, Skipped: 0, Time elapsed: 0.284 s - in org.assertj.db.type.Changes_Table_GetChangesList_Test
[INFO] Running org.assertj.db.type.Changes_Exception_Test
[INFO] Tests run: 12, Failures: 0, Errors: 0, Skipped: 0, Time elapsed: 0.062 s - in org.assertj.db.type.Changes_Exception_Test
[INFO] Running org.assertj.db.type.Table_Instantiation_Test
[INFO] Tests run: 12, Failures: 0, Errors: 0, Skipped: 0, Time elapsed: 0.312 s - in org.assertj.db.type.Table_Instantiation_Test
[INFO] Running org.assertj.db.type.Table_GetRowFromPksValues_Test
[INFO] Tests run: 2, Failures: 0, Errors: 0, Skipped: 0, Time elapsed: 0.474 s - in org.assertj.db.type.Table_GetRowFromPksValues_Test
[INFO] Running org.assertj.db.type.DateTimeValue_Test
[INFO] Tests run: 43, Failures: 0, Errors: 0, Skipped: 0, Time elapsed: 0.03 s - in org.assertj.db.type.DateTimeValue_Test
[INFO] Running org.assertj.db.type.Change_GetDataType_Test
[INFO] Tests run: 2, Failures: 0, Errors: 0, Skipped: 0, Time elapsed: 0.05 s - in org.assertj.db.type.Change_GetDataType_Test
[INFO] Running org.assertj.db.type.TimeValue_Test
[INFO] Tests run: 40, Failures: 0, Errors: 0, Skipped: 0, Time elapsed: 0.024 s - in org.assertj.db.type.TimeValue_Test
[INFO] Running org.assertj.db.type.AbstractDbElement_Exception_Test
[INFO] Tests run: 4, Failures: 0, Errors: 0, Skipped: 0, Time elapsed: 0.005 s - in org.assertj.db.type.AbstractDbElement_Exception_Test
[INFO] Running org.assertj.db.type.Value_IsComparisonPossible_Test
[INFO] Tests run: 1, Failures: 0, Errors: 0, Skipped: 0, Time elapsed: 0.004 s - in org.assertj.db.type.Value_IsComparisonPossible_Test
[INFO] Running org.assertj.db.output.OutputterRequest_Test
[INFO] Tests run: 2, Failures: 0, Errors: 0, Skipped: 0, Time elapsed: 0.006 s - in org.assertj.db.output.OutputterRequest_Test
[INFO] Running org.assertj.db.output.OutputterTable_Test
[INFO] Tests run: 2, Failures: 0, Errors: 0, Skipped: 0, Time elapsed: 0.016 s - in org.assertj.db.output.OutputterTable_Test
[INFO] Running org.assertj.db.output.OutputterValue_Test
[INFO] Tests run: 6, Failures: 0, Errors: 0, Skipped: 0, Time elapsed: 0.119 s - in org.assertj.db.output.OutputterValue_Test
[INFO] Running org.assertj.db.output.OutputterChange_Test
[INFO] Tests run: 1, Failures: 0, Errors: 0, Skipped: 0, Time elapsed: 0.049 s - in org.assertj.db.output.OutputterChange_Test
[INFO] Running org.assertj.db.output.OutputterToConsole_Test
[INFO] Tests run: 1, Failures: 0, Errors: 0, Skipped: 0, Time elapsed: 0.007 s - in org.assertj.db.output.OutputterToConsole_Test
[INFO] Running org.assertj.db.output.impl.PlainOutput_Test
[INFO] Tests run: 8, Failures: 0, Errors: 0, Skipped: 0, Time elapsed: 0.009 s - in org.assertj.db.output.impl.PlainOutput_Test
[INFO] Running org.assertj.db.output.impl.HtmlOutput_Test
[INFO] Tests run: 8, Failures: 0, Errors: 0, Skipped: 0, Time elapsed: 0.013 s - in org.assertj.db.output.impl.HtmlOutput_Test
[INFO] Running org.assertj.db.output.impl.PlainOutput_ValueOf_Test
[INFO] Tests run: 1, Failures: 0, Errors: 0, Skipped: 0, Time elapsed: 0 s - in org.assertj.db.output.impl.PlainOutput_ValueOf_Test
[INFO] Running org.assertj.db.output.impl.OutputType_ValueOf_Test
[INFO] Tests run: 1, Failures: 0, Errors: 0, Skipped: 0, Time elapsed: 0 s - in org.assertj.db.output.impl.OutputType_ValueOf_Test
[INFO] Running org.assertj.db.output.impl.HtmlOutput_ValueOf_Test
[INFO] Tests run: 1, Failures: 0, Errors: 0, Skipped: 0, Time elapsed: 0 s - in org.assertj.db.output.impl.HtmlOutput_ValueOf_Test
[INFO] Running org.assertj.db.output.OutputterRow_Test
[INFO] Tests run: 3, Failures: 0, Errors: 0, Skipped: 0, Time elapsed: 0.066 s - in org.assertj.db.output.OutputterRow_Test
[INFO] Running org.assertj.db.output.OutputterToFile_Test
[INFO] Tests run: 1, Failures: 0, Errors: 0, Skipped: 0, Time elapsed: 0.006 s - in org.assertj.db.output.OutputterToFile_Test
[INFO] Running org.assertj.db.output.OutputterException_Test
[INFO] Tests run: 6, Failures: 0, Errors: 0, Skipped: 0, Time elapsed: 0.1 s - in org.assertj.db.output.OutputterException_Test
[INFO] Running org.assertj.db.output.Outputs_Constructor_Test
[INFO] Tests run: 1, Failures: 0, Errors: 0, Skipped: 0, Time elapsed: 0 s - in org.assertj.db.output.Outputs_Constructor_Test
[INFO] Running org.assertj.db.output.OutputterToStream_Test
[INFO] Tests run: 1, Failures: 0, Errors: 0, Skipped: 0, Time elapsed: 0.004 s - in org.assertj.db.output.OutputterToStream_Test
[INFO] Running org.assertj.db.output.OutputterChanges_Test
[INFO] Tests run: 1, Failures: 0, Errors: 0, Skipped: 0, Time elapsed: 0.043 s - in org.assertj.db.output.OutputterChanges_Test
[INFO] Running org.assertj.db.output.OutputterColumn_Test
[INFO] Tests run: 3, Failures: 0, Errors: 0, Skipped: 0, Time elapsed: 0.05 s - in org.assertj.db.output.OutputterColumn_Test
[INFO] 
[INFO] Results:
[INFO] 
[INFO] Tests run: 1976, Failures: 0, Errors: 0, Skipped: 0
[INFO] 
[INFO] ------------------------------------------------------------------------
[INFO] BUILD SUCCESS
[INFO] ------------------------------------------------------------------------
[INFO] Total time:  59.762 s
[INFO] Finished at: 2023-02-01T15:12:09Z
[INFO] ------------------------------------------------------------------------
