[INFO] Scanning for projects...
[INFO] 
[INFO] -------------< org.apache.maven.plugins:maven-help-plugin >-------------
[INFO] Building Apache Maven Help Plugin 3.3.0-SNAPSHOT
[INFO] ----------------------------[ maven-plugin ]----------------------------
[INFO] 
[INFO] --- maven-clean-plugin:3.1.0:clean (default-clean) @ maven-help-plugin ---
[INFO] Deleting /home/gabsko/breaking-updates/target
[INFO] 
[INFO] --- maven-enforcer-plugin:3.0.0-M3:enforce (enforce-maven-version) @ maven-help-plugin ---
[INFO] 
[INFO] --- maven-enforcer-plugin:3.0.0-M3:enforce (enforce-bytecode-version) @ maven-help-plugin ---
[INFO] Adding ignore: module-info
[INFO] Adding ignore: com.thoughtworks.xstream.converters.reflection.LambdaConverter
[INFO] Adding ignore: com.thoughtworks.xstream.mapper.LambdaMapper
[INFO] Adding ignore: com.thoughtworks.xstream.converters.time.*
[INFO] Adding ignore: com.thoughtworks.xstream.core.util.ISO8601JavaTimeConverter
[INFO] 
[INFO] --- maven-enforcer-plugin:3.0.0-M3:enforce (ensure-no-container-api) @ maven-help-plugin ---
[INFO] 
[INFO] --- apache-rat-plugin:0.13:check (rat-check) @ maven-help-plugin ---
[INFO] Enabled default license matchers.
[INFO] Will parse SCM ignores for exclusions...
[INFO] Parsing exclusions from /home/gabsko/breaking-updates/.gitignore
[INFO] Finished adding exclusions from SCM ignore files.
[INFO] 72 implicit excludes (use -debug for more details).
[INFO] 5 explicit excludes (use -debug for more details).
[INFO] 143 resources included (use -debug for more details)
[INFO] Rat check: Summary over all files. Unapproved: 0, unknown: 0, generated: 0, approved: 143 licenses.
[INFO] 
[INFO] --- maven-plugin-plugin:3.6.0:helpmojo (generate-helpmojo) @ maven-help-plugin ---
[INFO] Using 'UTF-8' encoding to read mojo source files.
[INFO] java-javadoc mojo extractor found 0 mojo descriptor.
[INFO] java-annotations mojo extractor found 0 mojo descriptor.
[INFO] 
[INFO] --- maven-dependency-plugin:3.1.1:unpack (default) @ maven-help-plugin ---
[INFO] Configured Artifact: org.apache.maven:apache-maven:src:3.1.1:tar.gz
[INFO] Unpacking /home/gabsko/.m2/repository/org/apache/maven/apache-maven/3.1.1/apache-maven-3.1.1-src.tar.gz to /home/gabsko/breaking-updates/target with includes "" and excludes ""
[INFO] Expanding: /home/gabsko/.m2/repository/org/apache/maven/apache-maven/3.1.1/apache-maven-3.1.1-src.tar.gz into /home/gabsko/breaking-updates/target
[INFO] 
[INFO] --- modello-maven-plugin:1.11:xpp3-extended-writer (modello) @ maven-help-plugin ---
[INFO] outputDirectory: /home/gabsko/breaking-updates/target/generated-sources/modello
[INFO] Working on model: target/apache-maven-3.1.1/maven-model/src/main/mdo/maven.mdo
[INFO] Generating current version: 4.0.0
[INFO] 
[INFO] --- maven-remote-resources-plugin:1.7.0:process (process-resource-bundles) @ maven-help-plugin ---
[INFO] Preparing remote bundle org.apache:apache-jar-resource-bundle:1.4
[INFO] Copying 3 resources from 1 bundle.
[INFO] 
[INFO] --- maven-resources-plugin:3.1.0:resources (default-resources) @ maven-help-plugin ---
[INFO] Using 'UTF-8' encoding to copy filtered resources.
[INFO] skip non existing resourceDirectory /home/gabsko/breaking-updates/src/main/resources
[INFO] Copying 3 resources
[INFO] 
[INFO] --- maven-compiler-plugin:3.8.1:compile (default-compile) @ maven-help-plugin ---
[INFO] Changes detected - recompiling the module!
[INFO] Compiling 11 source files to /home/gabsko/breaking-updates/target/classes
[INFO] 
[INFO] --- maven-plugin-plugin:3.6.0:descriptor (default-descriptor) @ maven-help-plugin ---
[INFO] Using 'UTF-8' encoding to read mojo source files.
[INFO] java-javadoc mojo extractor found 0 mojo descriptor.
[INFO] java-annotations mojo extractor found 8 mojo descriptors.
[INFO] 
[INFO] --- maven-resources-plugin:3.1.0:testResources (default-testResources) @ maven-help-plugin ---
[INFO] Using 'UTF-8' encoding to copy filtered resources.
[INFO] Copying 6 resources
[INFO] Copying 3 resources
[INFO] 
[INFO] --- maven-compiler-plugin:3.8.1:testCompile (default-testCompile) @ maven-help-plugin ---
[INFO] Changes detected - recompiling the module!
[INFO] Compiling 5 source files to /home/gabsko/breaking-updates/target/test-classes
[INFO] 
[INFO] --- maven-surefire-plugin:2.22.2:test (default-test) @ maven-help-plugin ---
[INFO] 
[INFO] -------------------------------------------------------
[INFO]  T E S T S
[INFO] -------------------------------------------------------
[INFO] Running org.apache.maven.plugins.help.EvaluateMojoTest
[INFO] No artifact parameter specified, using '' as project.
[INFO] Enter the Maven expression i.e. ${project.groupId} or 0 to exit?:
[INFO] 
My result
[INFO] Enter the Maven expression i.e. ${project.groupId} or 0 to exit?:
[INFO] No artifact parameter specified, using '' as project.
[WARNING] When prompting for input, the result will be written to the console, ignoring 'output'.
[INFO] Enter the Maven expression i.e. ${project.groupId} or 0 to exit?:
[INFO] 
My result
[INFO] Enter the Maven expression i.e. ${project.groupId} or 0 to exit?:
[INFO] Tests run: 3, Failures: 0, Errors: 0, Skipped: 0, Time elapsed: 1.163 s - in org.apache.maven.plugins.help.EvaluateMojoTest
[INFO] Running org.apache.maven.plugins.help.ActiveProfilesMojoTest
[INFO] Active profile report written to: /home/gabsko/breaking-updates/target/test-classes/unit/active-profiles/from-settings.txt
[INFO] Active profile report written to: /home/gabsko/breaking-updates/target/test-classes/unit/active-profiles/from-pom.txt
[INFO] Tests run: 2, Failures: 0, Errors: 0, Skipped: 0, Time elapsed: 0.405 s - in org.apache.maven.plugins.help.ActiveProfilesMojoTest
[INFO] Running org.apache.maven.plugins.help.AllProfilesMojoTest
[INFO] Wrote descriptions to: /home/gabsko/breaking-updates/target/test-classes/unit/active-profiles/profiles-from-parent-pom.txt
[WARNING] No profiles detected!
[INFO] Wrote descriptions to: /home/gabsko/breaking-updates/target/test-classes/unit/active-profiles/empty.txt
[INFO] Wrote descriptions to: /home/gabsko/breaking-updates/target/test-classes/unit/active-profiles/profiles-from-settings.txt
[INFO] Wrote descriptions to: /home/gabsko/breaking-updates/target/test-classes/unit/active-profiles/profiles-from-pom.txt
[INFO] Tests run: 4, Failures: 0, Errors: 0, Skipped: 0, Time elapsed: 0.218 s - in org.apache.maven.plugins.help.AllProfilesMojoTest
[INFO] Running org.apache.maven.plugins.help.DescribeMojoTest
[INFO] Tests run: 13, Failures: 0, Errors: 0, Skipped: 0, Time elapsed: 0.078 s - in org.apache.maven.plugins.help.DescribeMojoTest
[INFO] 
[INFO] Results:
[INFO] 
[INFO] Tests run: 22, Failures: 0, Errors: 0, Skipped: 0
[INFO] 
[INFO] ------------------------------------------------------------------------
[INFO] BUILD SUCCESS
[INFO] ------------------------------------------------------------------------
[INFO] Total time:  8.445 s
[INFO] Finished at: 2023-02-01T14:51:32Z
[INFO] ------------------------------------------------------------------------
