[INFO] Scanning for projects...
[INFO] 
[INFO] ---------------------< chat.tamtam:tamtam-bot-api >---------------------
[INFO] Building TamTam Bot API Java Client 0.5.1-SNAPSHOT
[INFO] --------------------------------[ jar ]---------------------------------
[INFO] 
[INFO] --- maven-clean-plugin:3.0.0:clean (default-clean) @ tamtam-bot-api ---
[INFO] Deleting /home/gabsko/breaking-updates/target
[INFO] 
[INFO] --- jacoco-maven-plugin:0.8.3:prepare-agent (prepare-agent) @ tamtam-bot-api ---
[INFO] argLine set to -javaagent:/home/gabsko/.m2/repository/org/jacoco/org.jacoco.agent/0.8.3/org.jacoco.agent-0.8.3-runtime.jar=destfile=/home/gabsko/breaking-updates/target/jacoco.exec
[INFO] 
[INFO] --- maven-resources-plugin:3.0.2:resources (default-resources) @ tamtam-bot-api ---
[INFO] Using 'UTF-8' encoding to copy filtered resources.
[INFO] skip non existing resourceDirectory /home/gabsko/breaking-updates/src/main/resources
[INFO] 
[INFO] --- maven-compiler-plugin:3.8.0:compile (default-compile) @ tamtam-bot-api ---
[INFO] Changes detected - recompiling the module!
[INFO] Compiling 178 source files to /home/gabsko/breaking-updates/target/classes
[INFO] 
[INFO] --- maven-resources-plugin:3.0.2:testResources (default-testResources) @ tamtam-bot-api ---
[INFO] Using 'UTF-8' encoding to copy filtered resources.
[INFO] Copying 9 resources
[INFO] 
[INFO] --- maven-compiler-plugin:3.8.0:testCompile (default-testCompile) @ tamtam-bot-api ---
[INFO] Changes detected - recompiling the module!
[INFO] Compiling 102 source files to /home/gabsko/breaking-updates/target/test-classes
[INFO] /home/gabsko/breaking-updates/src/test/java/chat/tamtam/botapi/markup/MarkupIntegrationTest.java: /home/gabsko/breaking-updates/src/test/java/chat/tamtam/botapi/markup/MarkupIntegrationTest.java uses or overrides a deprecated API.
[INFO] /home/gabsko/breaking-updates/src/test/java/chat/tamtam/botapi/markup/MarkupIntegrationTest.java: Recompile with -Xlint:deprecation for details.
[INFO] /home/gabsko/breaking-updates/src/test/java/chat/tamtam/botapi/model/ModelTest.java: Some input files use unchecked or unsafe operations.
[INFO] /home/gabsko/breaking-updates/src/test/java/chat/tamtam/botapi/model/ModelTest.java: Recompile with -Xlint:unchecked for details.
[INFO] 
[INFO] --- maven-surefire-plugin:3.0.0-M3:test (default-test) @ tamtam-bot-api ---
[INFO] 
[INFO] -------------------------------------------------------
[INFO]  T E S T S
[INFO] -------------------------------------------------------
[INFO] Running chat.tamtam.botapi.model.AttachmentTest
[INFO] Tests run: 1, Failures: 0, Errors: 0, Skipped: 0, Time elapsed: 0.005 s - in chat.tamtam.botapi.model.AttachmentTest
[INFO] Running chat.tamtam.botapi.model.UploadTypeTest
[INFO] Tests run: 1, Failures: 0, Errors: 0, Skipped: 0, Time elapsed: 0 s - in chat.tamtam.botapi.model.UploadTypeTest
[INFO] Running chat.tamtam.botapi.model.ModelTest
2023-02-02 02:06:13 INFO  o.e.j.u.log:192 - Logging initialized @1244ms to org.eclipse.jetty.util.log.Slf4jLog
2023-02-02 02:06:14 INFO  s.e.j.EmbeddedJettyServer:142 - == Spark has ignited ...
2023-02-02 02:06:14 INFO  s.e.j.EmbeddedJettyServer:146 - >> Listening on 0.0.0.0:4567
2023-02-02 02:06:14 INFO  o.e.j.s.Server:373 - jetty-9.4.8.v20171121, build timestamp: 2017-11-21T21:27:37Z, git hash: 82b8fb23f757335bb3329d540ce37a2a2615f0a8
2023-02-02 02:06:14 INFO  o.e.j.s.session:364 - DefaultSessionIdManager workerName=node0
2023-02-02 02:06:14 INFO  o.e.j.s.session:369 - No SessionScavenger set, using defaults
2023-02-02 02:06:14 INFO  o.e.j.s.session:149 - Scavenging every 660000ms
2023-02-02 02:06:14 INFO  o.e.j.s.AbstractConnector:288 - Started ServerConnector@2080fcde{HTTP/1.1,[http/1.1]}{0.0.0.0:4567}
2023-02-02 02:06:14 INFO  o.e.j.s.Server:410 - Started @1510ms
[INFO] Tests run: 1, Failures: 0, Errors: 0, Skipped: 0, Time elapsed: 4.498 s - in chat.tamtam.botapi.model.ModelTest
[INFO] Running chat.tamtam.botapi.model.TamTamEnumTest
[INFO] Tests run: 2, Failures: 0, Errors: 0, Skipped: 0, Time elapsed: 0.001 s - in chat.tamtam.botapi.model.TamTamEnumTest
[INFO] Running chat.tamtam.botapi.model.UpdateTest
[INFO] Tests run: 3, Failures: 0, Errors: 0, Skipped: 0, Time elapsed: 0.699 s - in chat.tamtam.botapi.model.UpdateTest
[INFO] Running chat.tamtam.botapi.model.AttachmentRequestTest
[INFO] Tests run: 1, Failures: 0, Errors: 0, Skipped: 0, Time elapsed: 0 s - in chat.tamtam.botapi.model.AttachmentRequestTest
[INFO] Running chat.tamtam.botapi.model.ButtonTest
[INFO] Tests run: 3, Failures: 0, Errors: 0, Skipped: 0, Time elapsed: 0 s - in chat.tamtam.botapi.model.ButtonTest
[INFO] Running chat.tamtam.botapi.client.impl.OkHttpTransportClientTest
2023-02-02 02:06:18 DEBUG c.t.b.c.i.OkHttpTransportClient:255 - Executing request: Request{method=GET, url=http://localhost:4567/shouldThrowExceptionWhenResponseBodyIsInvalid?access_token=dummyAccessToken, tags={}}
2023-02-02 02:06:18 DEBUG o.e.j.i.ManagedSelector:133 - Queued change org.eclipse.jetty.io.ManagedSelector$Accept@68d93cd on org.eclipse.jetty.io.ManagedSelector@438f0d78 id=4 keys=0 selected=0 actions=0
2023-02-02 02:06:18 DEBUG o.e.j.i.ManagedSelector:377 - Selector sun.nio.ch.EPollSelectorImpl@77af6e9f woken up from select, 0/0 selected
2023-02-02 02:06:18 DEBUG o.e.j.i.ManagedSelector:390 - Selector sun.nio.ch.EPollSelectorImpl@77af6e9f processing 0 keys, 1 actions
2023-02-02 02:06:18 DEBUG o.e.j.i.ManagedSelector:358 - action=org.eclipse.jetty.io.ManagedSelector$Accept@68d93cd wakeup=false
2023-02-02 02:06:18 DEBUG o.e.j.u.t.s.EatWhatYouKill:187 - EatWhatYouKill@79688e1a/SelectorProducer@70c53fac/PRODUCING/ReservedThreadExecutor@19c6f499{s=2/25,p=0}@SelectorManager@ServerConnector@2080fcde{HTTP/1.1,[http/1.1]}{0.0.0.0:4567} t=org.eclipse.jetty.io.ManagedSelector$Accept@68d93cd/NON_BLOCKING
2023-02-02 02:06:18 DEBUG o.e.j.u.t.s.EatWhatYouKill:214 - EatWhatYouKill@79688e1a/SelectorProducer@70c53fac/PRODUCING/ReservedThreadExecutor@19c6f499{s=2/25,p=0}@SelectorManager@ServerConnector@2080fcde{HTTP/1.1,[http/1.1]}{0.0.0.0:4567} PC t=org.eclipse.jetty.io.ManagedSelector$Accept@68d93cd
2023-02-02 02:06:18 DEBUG o.e.j.i.ManagedSelector:133 - Queued change org.eclipse.jetty.io.ManagedSelector$CreateEndPoint@615d25dc on org.eclipse.jetty.io.ManagedSelector@438f0d78 id=4 keys=1 selected=0 actions=0
2023-02-02 02:06:18 DEBUG o.e.j.i.ManagedSelector:335 - Forcing selection, actions=1
2023-02-02 02:06:18 DEBUG o.e.j.i.ManagedSelector:358 - action=null wakeup=true
2023-02-02 02:06:18 DEBUG o.e.j.i.ManagedSelector:374 - Selector sun.nio.ch.EPollSelectorImpl@77af6e9f waiting on select
2023-02-02 02:06:18 DEBUG o.e.j.i.ManagedSelector:377 - Selector sun.nio.ch.EPollSelectorImpl@77af6e9f woken up from select, 0/1 selected
2023-02-02 02:06:18 DEBUG o.e.j.i.ManagedSelector:390 - Selector sun.nio.ch.EPollSelectorImpl@77af6e9f processing 0 keys, 1 actions
2023-02-02 02:06:18 DEBUG o.e.j.i.ManagedSelector:358 - action=org.eclipse.jetty.io.ManagedSelector$CreateEndPoint@615d25dc wakeup=false
2023-02-02 02:06:18 DEBUG o.e.j.u.t.s.EatWhatYouKill:187 - EatWhatYouKill@79688e1a/SelectorProducer@70c53fac/PRODUCING/ReservedThreadExecutor@19c6f499{s=2/25,p=0}@SelectorManager@ServerConnector@2080fcde{HTTP/1.1,[http/1.1]}{0.0.0.0:4567} t=org.eclipse.jetty.io.ManagedSelector$CreateEndPoint@615d25dc/BLOCKING
2023-02-02 02:06:18 DEBUG o.e.j.u.t.ReservedThreadExecutor:206 - ReservedThreadExecutor@19c6f499{s=2/25,p=0}@SelectorManager@ServerConnector@2080fcde{HTTP/1.1,[http/1.1]}{0.0.0.0:4567} tryExecute EatWhatYouKill@79688e1a/SelectorProducer@70c53fac/PRODUCING/ReservedThreadExecutor@19c6f499{s=2/25,p=0}@SelectorManager@ServerConnector@2080fcde{HTTP/1.1,[http/1.1]}{0.0.0.0:4567}
2023-02-02 02:06:18 DEBUG o.e.j.u.t.ReservedThreadExecutor:275 - ReservedThreadExecutor@19c6f499{s=1/25,p=0}@SelectorManager@ServerConnector@2080fcde{HTTP/1.1,[http/1.1]}{0.0.0.0:4567}@10dc301d offer EatWhatYouKill@79688e1a/SelectorProducer@70c53fac/PRODUCING/ReservedThreadExecutor@19c6f499{s=1/25,p=0}@SelectorManager@ServerConnector@2080fcde{HTTP/1.1,[http/1.1]}{0.0.0.0:4567}
2023-02-02 02:06:18 DEBUG o.e.j.u.t.s.EatWhatYouKill:240 - EatWhatYouKill@79688e1a/SelectorProducer@70c53fac/IDLE/ReservedThreadExecutor@19c6f499{s=1/25,p=0}@SelectorManager@ServerConnector@2080fcde{HTTP/1.1,[http/1.1]}{0.0.0.0:4567} EPC t=org.eclipse.jetty.io.ManagedSelector$CreateEndPoint@615d25dc
2023-02-02 02:06:18 DEBUG o.e.j.u.t.ReservedThreadExecutor:333 - ReservedThreadExecutor@19c6f499{s=1/25,p=0}@SelectorManager@ServerConnector@2080fcde{HTTP/1.1,[http/1.1]}{0.0.0.0:4567}@10dc301d task=EatWhatYouKill@79688e1a/SelectorProducer@70c53fac/IDLE/ReservedThreadExecutor@19c6f499{s=1/25,p=0}@SelectorManager@ServerConnector@2080fcde{HTTP/1.1,[http/1.1]}{0.0.0.0:4567}
2023-02-02 02:06:18 DEBUG o.e.j.i.IdleTimeout:156 - SocketChannelEndPoint@709dcf6e{/127.0.0.1:45802<->/127.0.0.1:4567,OPEN,fill=-,flush=-,to=1/3600000}{io=0/0,kio=0,kro=0}-><null> idle timeout check, elapsed: 0 ms, remaining: 3600000 ms
2023-02-02 02:06:18 DEBUG o.e.j.u.t.s.EatWhatYouKill:130 - EatWhatYouKill@79688e1a/SelectorProducer@70c53fac/IDLE/ReservedThreadExecutor@19c6f499{s=1/25,p=0}@SelectorManager@ServerConnector@2080fcde{HTTP/1.1,[http/1.1]}{0.0.0.0:4567} run
2023-02-02 02:06:18 DEBUG o.e.j.u.t.s.EatWhatYouKill:138 - EatWhatYouKill@79688e1a/SelectorProducer@70c53fac/IDLE/ReservedThreadExecutor@19c6f499{s=1/25,p=0}@SelectorManager@ServerConnector@2080fcde{HTTP/1.1,[http/1.1]}{0.0.0.0:4567} produce
2023-02-02 02:06:18 DEBUG o.e.j.i.ManagedSelector:335 - Forcing selection, actions=0
2023-02-02 02:06:18 DEBUG o.e.j.s.HttpChannel:114 - new HttpChannelOverHttp@c9a464b{r=0,c=false,a=IDLE,uri=null} -> SocketChannelEndPoint@709dcf6e{/127.0.0.1:45802<->/127.0.0.1:4567,OPEN,fill=-,flush=-,to=2/3600000}{io=0/0,kio=0,kro=0}-><null>,null,HttpChannelState@1f86a8ae{s=IDLE a=NOT_ASYNC i=true r=IDLE w=false}
2023-02-02 02:06:18 DEBUG o.e.j.i.ManagedSelector:358 - action=null wakeup=false
2023-02-02 02:06:18 DEBUG o.e.j.i.ManagedSelector:374 - Selector sun.nio.ch.EPollSelectorImpl@77af6e9f waiting on select
2023-02-02 02:06:18 DEBUG o.e.j.s.HttpConnection:110 - New HTTP Connection HttpConnection@3d80f0a2[p=HttpParser{s=START,0 of -1},g=HttpGenerator@23f8aec3{s=START}]=>HttpChannelOverHttp@c9a464b{r=0,c=false,a=IDLE,uri=null}<-SocketChannelEndPoint@709dcf6e{/127.0.0.1:45802<->/127.0.0.1:4567,OPEN,fill=-,flush=-,to=3/3600000}{io=0/0,kio=0,kro=0}-><null>
2023-02-02 02:06:18 DEBUG o.e.j.i.AbstractEndPoint:336 - onOpen SocketChannelEndPoint@709dcf6e{/127.0.0.1:45802<->/127.0.0.1:4567,OPEN,fill=-,flush=-,to=4/3600000}{io=0/0,kio=0,kro=0}->HttpConnection@3d80f0a2[p=HttpParser{s=START,0 of -1},g=HttpGenerator@23f8aec3{s=START}]=>HttpChannelOverHttp@c9a464b{r=0,c=false,a=IDLE,uri=null}
2023-02-02 02:06:18 DEBUG o.e.j.i.AbstractConnection:197 - onOpen HttpConnection@3d80f0a2[p=HttpParser{s=START,0 of -1},g=HttpGenerator@23f8aec3{s=START}]=>HttpChannelOverHttp@c9a464b{r=0,c=false,a=IDLE,uri=null}<-SocketChannelEndPoint@709dcf6e{/127.0.0.1:45802<->/127.0.0.1:4567,OPEN,fill=-,flush=-,to=5/3600000}{io=0/0,kio=0,kro=0}->HttpConnection@3d80f0a2[p=HttpParser{s=START,0 of -1},g=HttpGenerator@23f8aec3{s=START}]=>HttpChannelOverHttp@c9a464b{r=0,c=false,a=IDLE,uri=null}
2023-02-02 02:06:18 DEBUG o.e.j.i.AbstractConnection:133 - fillInterested HttpConnection@3d80f0a2[p=HttpParser{s=START,0 of -1},g=HttpGenerator@23f8aec3{s=START}]=>HttpChannelOverHttp@c9a464b{r=0,c=false,a=IDLE,uri=null}<-SocketChannelEndPoint@709dcf6e{/127.0.0.1:45802<->/127.0.0.1:4567,OPEN,fill=-,flush=-,to=5/3600000}{io=0/0,kio=0,kro=0}->HttpConnection@3d80f0a2[p=HttpParser{s=START,0 of -1},g=HttpGenerator@23f8aec3{s=START}]=>HttpChannelOverHttp@c9a464b{r=0,c=false,a=IDLE,uri=null}
2023-02-02 02:06:18 DEBUG o.e.j.i.FillInterest:79 - interested FillInterest@7d8e0ce9{AC.ReadCB@3d80f0a2{HttpConnection@3d80f0a2[p=HttpParser{s=START,0 of -1},g=HttpGenerator@23f8aec3{s=START}]=>HttpChannelOverHttp@c9a464b{r=0,c=false,a=IDLE,uri=null}<-SocketChannelEndPoint@709dcf6e{/127.0.0.1:45802<->/127.0.0.1:4567,OPEN,fill=FI,flush=-,to=0/3600000}{io=0/0,kio=0,kro=0}->HttpConnection@3d80f0a2[p=HttpParser{s=START,0 of -1},g=HttpGenerator@23f8aec3{s=START}]=>HttpChannelOverHttp@c9a464b{r=0,c=false,a=IDLE,uri=null}}}
2023-02-02 02:06:18 DEBUG o.e.j.i.ChannelEndPoint:426 - changeInterests p=false 0->1 for SocketChannelEndPoint@709dcf6e{/127.0.0.1:45802<->/127.0.0.1:4567,OPEN,fill=FI,flush=-,to=1/3600000}{io=0/1,kio=0,kro=0}->HttpConnection@3d80f0a2[p=HttpParser{s=START,0 of -1},g=HttpGenerator@23f8aec3{s=START}]=>HttpChannelOverHttp@c9a464b{r=0,c=false,a=IDLE,uri=null}
2023-02-02 02:06:18 DEBUG o.e.j.i.ManagedSelector:133 - Queued change CEP:SocketChannelEndPoint@709dcf6e{/127.0.0.1:45802<->/127.0.0.1:4567,OPEN,fill=FI,flush=-,to=2/3600000}{io=0/1,kio=0,kro=0}->HttpConnection@3d80f0a2[p=HttpParser{s=START,0 of -1},g=HttpGenerator@23f8aec3{s=START}]=>HttpChannelOverHttp@c9a464b{r=0,c=false,a=IDLE,uri=null}:runUpdateKey:NON_BLOCKING on org.eclipse.jetty.io.ManagedSelector@438f0d78 id=4 keys=1 selected=0 actions=0
2023-02-02 02:06:18 DEBUG o.e.j.i.ManagedSelector:377 - Selector sun.nio.ch.EPollSelectorImpl@77af6e9f woken up from select, 0/1 selected
2023-02-02 02:06:18 DEBUG o.e.j.i.ManagedSelector:390 - Selector sun.nio.ch.EPollSelectorImpl@77af6e9f processing 0 keys, 1 actions
2023-02-02 02:06:18 DEBUG o.e.j.i.ManagedSelector:215 - Created SocketChannelEndPoint@709dcf6e{/127.0.0.1:45802<->/127.0.0.1:4567,OPEN,fill=FI,flush=-,to=3/3600000}{io=0/1,kio=0,kro=0}->HttpConnection@3d80f0a2[p=HttpParser{s=START,0 of -1},g=HttpGenerator@23f8aec3{s=START}]=>HttpChannelOverHttp@c9a464b{r=0,c=false,a=IDLE,uri=null}
2023-02-02 02:06:18 DEBUG o.e.j.i.ManagedSelector:358 - action=CEP:SocketChannelEndPoint@709dcf6e{/127.0.0.1:45802<->/127.0.0.1:4567,OPEN,fill=FI,flush=-,to=4/3600000}{io=0/1,kio=0,kro=0}->HttpConnection@3d80f0a2[p=HttpParser{s=START,0 of -1},g=HttpGenerator@23f8aec3{s=START}]=>HttpChannelOverHttp@c9a464b{r=0,c=false,a=IDLE,uri=null}:runUpdateKey:NON_BLOCKING wakeup=false
2023-02-02 02:06:18 DEBUG o.e.j.u.t.QueuedThreadPool:628 - ran org.eclipse.jetty.io.ManagedSelector$$Lambda$140/0x000000084015a040@5767182e
2023-02-02 02:06:18 DEBUG o.e.j.u.t.s.EatWhatYouKill:187 - EatWhatYouKill@79688e1a/SelectorProducer@70c53fac/PRODUCING/ReservedThreadExecutor@19c6f499{s=1/25,p=0}@SelectorManager@ServerConnector@2080fcde{HTTP/1.1,[http/1.1]}{0.0.0.0:4567} t=CEP:SocketChannelEndPoint@709dcf6e{/127.0.0.1:45802<->/127.0.0.1:4567,OPEN,fill=FI,flush=-,to=4/3600000}{io=0/1,kio=0,kro=0}->HttpConnection@3d80f0a2[p=HttpParser{s=START,0 of -1},g=HttpGenerator@23f8aec3{s=START}]=>HttpChannelOverHttp@c9a464b{r=0,c=false,a=IDLE,uri=null}:runUpdateKey:NON_BLOCKING/NON_BLOCKING
2023-02-02 02:06:18 DEBUG o.e.j.u.t.s.EatWhatYouKill:214 - EatWhatYouKill@79688e1a/SelectorProducer@70c53fac/PRODUCING/ReservedThreadExecutor@19c6f499{s=1/25,p=0}@SelectorManager@ServerConnector@2080fcde{HTTP/1.1,[http/1.1]}{0.0.0.0:4567} PC t=CEP:SocketChannelEndPoint@709dcf6e{/127.0.0.1:45802<->/127.0.0.1:4567,OPEN,fill=FI,flush=-,to=5/3600000}{io=0/1,kio=0,kro=0}->HttpConnection@3d80f0a2[p=HttpParser{s=START,0 of -1},g=HttpGenerator@23f8aec3{s=START}]=>HttpChannelOverHttp@c9a464b{r=0,c=false,a=IDLE,uri=null}:runUpdateKey:NON_BLOCKING
2023-02-02 02:06:18 DEBUG o.e.j.i.ChannelEndPoint:392 - Key interests updated 0 -> 1 on SocketChannelEndPoint@709dcf6e{/127.0.0.1:45802<->/127.0.0.1:4567,OPEN,fill=FI,flush=-,to=5/3600000}{io=1/1,kio=1,kro=0}->HttpConnection@3d80f0a2[p=HttpParser{s=START,0 of -1},g=HttpGenerator@23f8aec3{s=START}]=>HttpChannelOverHttp@c9a464b{r=0,c=false,a=IDLE,uri=null}
2023-02-02 02:06:18 DEBUG o.e.j.i.ManagedSelector:335 - Forcing selection, actions=0
2023-02-02 02:06:18 DEBUG o.e.j.i.ManagedSelector:358 - action=null wakeup=false
2023-02-02 02:06:18 DEBUG o.e.j.i.ManagedSelector:374 - Selector sun.nio.ch.EPollSelectorImpl@77af6e9f waiting on select
2023-02-02 02:06:18 DEBUG o.e.j.i.ManagedSelector:377 - Selector sun.nio.ch.EPollSelectorImpl@77af6e9f woken up from select, 1/1 selected
2023-02-02 02:06:18 DEBUG o.e.j.i.ManagedSelector:390 - Selector sun.nio.ch.EPollSelectorImpl@77af6e9f processing 1 keys, 0 actions
2023-02-02 02:06:18 DEBUG o.e.j.i.ManagedSelector:415 - selected channel=java.nio.channels.SocketChannel[connected local=/127.0.0.1:4567 remote=/127.0.0.1:45802], selector=sun.nio.ch.EPollSelectorImpl@77af6e9f, interestOps=1, readyOps=1 SocketChannelEndPoint@709dcf6e{/127.0.0.1:45802<->/127.0.0.1:4567,OPEN,fill=FI,flush=-,to=6/3600000}{io=1/1,kio=1,kro=1}->HttpConnection@3d80f0a2[p=HttpParser{s=START,0 of -1},g=HttpGenerator@23f8aec3{s=START}]=>HttpChannelOverHttp@c9a464b{r=0,c=false,a=IDLE,uri=null} 
2023-02-02 02:06:18 DEBUG o.e.j.i.ChannelEndPoint:352 - onSelected 1->0 r=true w=false for SocketChannelEndPoint@709dcf6e{/127.0.0.1:45802<->/127.0.0.1:4567,OPEN,fill=FI,flush=-,to=6/3600000}{io=1/0,kio=1,kro=1}->HttpConnection@3d80f0a2[p=HttpParser{s=START,0 of -1},g=HttpGenerator@23f8aec3{s=START}]=>HttpChannelOverHttp@c9a464b{r=0,c=false,a=IDLE,uri=null}
2023-02-02 02:06:18 DEBUG o.e.j.i.ChannelEndPoint:364 - task CEP:SocketChannelEndPoint@709dcf6e{/127.0.0.1:45802<->/127.0.0.1:4567,OPEN,fill=FI,flush=-,to=7/3600000}{io=1/0,kio=1,kro=1}->HttpConnection@3d80f0a2[p=HttpParser{s=START,0 of -1},g=HttpGenerator@23f8aec3{s=START}]=>HttpChannelOverHttp@c9a464b{r=0,c=false,a=IDLE,uri=null}:runFillable:BLOCKING
2023-02-02 02:06:18 DEBUG o.e.j.u.t.s.EatWhatYouKill:187 - EatWhatYouKill@79688e1a/SelectorProducer@70c53fac/PRODUCING/ReservedThreadExecutor@19c6f499{s=1/25,p=0}@SelectorManager@ServerConnector@2080fcde{HTTP/1.1,[http/1.1]}{0.0.0.0:4567} t=CEP:SocketChannelEndPoint@709dcf6e{/127.0.0.1:45802<->/127.0.0.1:4567,OPEN,fill=FI,flush=-,to=7/3600000}{io=1/0,kio=1,kro=1}->HttpConnection@3d80f0a2[p=HttpParser{s=START,0 of -1},g=HttpGenerator@23f8aec3{s=START}]=>HttpChannelOverHttp@c9a464b{r=0,c=false,a=IDLE,uri=null}:runFillable:BLOCKING/BLOCKING
2023-02-02 02:06:18 DEBUG o.e.j.u.t.ReservedThreadExecutor:206 - ReservedThreadExecutor@19c6f499{s=1/25,p=0}@SelectorManager@ServerConnector@2080fcde{HTTP/1.1,[http/1.1]}{0.0.0.0:4567} tryExecute EatWhatYouKill@79688e1a/SelectorProducer@70c53fac/PRODUCING/ReservedThreadExecutor@19c6f499{s=1/25,p=0}@SelectorManager@ServerConnector@2080fcde{HTTP/1.1,[http/1.1]}{0.0.0.0:4567}
2023-02-02 02:06:18 DEBUG o.e.j.u.t.ReservedThreadExecutor:275 - ReservedThreadExecutor@19c6f499{s=0/25,p=0}@SelectorManager@ServerConnector@2080fcde{HTTP/1.1,[http/1.1]}{0.0.0.0:4567}@3c2ca206 offer EatWhatYouKill@79688e1a/SelectorProducer@70c53fac/PRODUCING/ReservedThreadExecutor@19c6f499{s=0/25,p=0}@SelectorManager@ServerConnector@2080fcde{HTTP/1.1,[http/1.1]}{0.0.0.0:4567}
2023-02-02 02:06:18 DEBUG o.e.j.u.t.ReservedThreadExecutor:240 - ReservedThreadExecutor@19c6f499{s=0/25,p=1}@SelectorManager@ServerConnector@2080fcde{HTTP/1.1,[http/1.1]}{0.0.0.0:4567} startReservedThread p=1
2023-02-02 02:06:18 DEBUG o.e.j.u.t.QueuedThreadPool:398 - queue ReservedThreadExecutor@19c6f499{s=0/25,p=1}@SelectorManager@ServerConnector@2080fcde{HTTP/1.1,[http/1.1]}{0.0.0.0:4567}@1dcea0b8
2023-02-02 02:06:18 DEBUG o.e.j.u.t.ReservedThreadExecutor:333 - ReservedThreadExecutor@19c6f499{s=0/25,p=1}@SelectorManager@ServerConnector@2080fcde{HTTP/1.1,[http/1.1]}{0.0.0.0:4567}@3c2ca206 task=EatWhatYouKill@79688e1a/SelectorProducer@70c53fac/IDLE/ReservedThreadExecutor@19c6f499{s=0/25,p=1}@SelectorManager@ServerConnector@2080fcde{HTTP/1.1,[http/1.1]}{0.0.0.0:4567}
2023-02-02 02:06:18 DEBUG o.e.j.u.t.QueuedThreadPool:625 - run ReservedThreadExecutor@19c6f499{s=0/25,p=1}@SelectorManager@ServerConnector@2080fcde{HTTP/1.1,[http/1.1]}{0.0.0.0:4567}@1dcea0b8
2023-02-02 02:06:18 DEBUG o.e.j.u.t.s.EatWhatYouKill:240 - EatWhatYouKill@79688e1a/SelectorProducer@70c53fac/IDLE/ReservedThreadExecutor@19c6f499{s=0/25,p=1}@SelectorManager@ServerConnector@2080fcde{HTTP/1.1,[http/1.1]}{0.0.0.0:4567} EPC t=CEP:SocketChannelEndPoint@709dcf6e{/127.0.0.1:45802<->/127.0.0.1:4567,OPEN,fill=FI,flush=-,to=9/3600000}{io=1/0,kio=1,kro=1}->HttpConnection@3d80f0a2[p=HttpParser{s=START,0 of -1},g=HttpGenerator@23f8aec3{s=START}]=>HttpChannelOverHttp@c9a464b{r=0,c=false,a=IDLE,uri=null}:runFillable:BLOCKING
2023-02-02 02:06:18 DEBUG o.e.j.u.t.ReservedThreadExecutor:363 - ReservedThreadExecutor@19c6f499{s=1/25,p=1}@SelectorManager@ServerConnector@2080fcde{HTTP/1.1,[http/1.1]}{0.0.0.0:4567}@1dcea0b8 started
2023-02-02 02:06:18 DEBUG o.e.j.u.t.s.EatWhatYouKill:130 - EatWhatYouKill@79688e1a/SelectorProducer@70c53fac/IDLE/ReservedThreadExecutor@19c6f499{s=0/25,p=1}@SelectorManager@ServerConnector@2080fcde{HTTP/1.1,[http/1.1]}{0.0.0.0:4567} run
2023-02-02 02:06:18 DEBUG o.e.j.u.t.ReservedThreadExecutor:292 - ReservedThreadExecutor@19c6f499{s=1/25,p=0}@SelectorManager@ServerConnector@2080fcde{HTTP/1.1,[http/1.1]}{0.0.0.0:4567}@1dcea0b8 waiting
2023-02-02 02:06:18 DEBUG o.e.j.i.FillInterest:99 - fillable FillInterest@7d8e0ce9{AC.ReadCB@3d80f0a2{HttpConnection@3d80f0a2[p=HttpParser{s=START,0 of -1},g=HttpGenerator@23f8aec3{s=START}]=>HttpChannelOverHttp@c9a464b{r=0,c=false,a=IDLE,uri=null}<-SocketChannelEndPoint@709dcf6e{/127.0.0.1:45802<->/127.0.0.1:4567,OPEN,fill=FI,flush=-,to=9/3600000}{io=1/0,kio=1,kro=1}->HttpConnection@3d80f0a2[p=HttpParser{s=START,0 of -1},g=HttpGenerator@23f8aec3{s=START}]=>HttpChannelOverHttp@c9a464b{r=0,c=false,a=IDLE,uri=null}}}
2023-02-02 02:06:18 DEBUG o.e.j.u.t.s.EatWhatYouKill:138 - EatWhatYouKill@79688e1a/SelectorProducer@70c53fac/IDLE/ReservedThreadExecutor@19c6f499{s=1/25,p=0}@SelectorManager@ServerConnector@2080fcde{HTTP/1.1,[http/1.1]}{0.0.0.0:4567} produce
2023-02-02 02:06:18 DEBUG o.e.j.i.ManagedSelector:358 - action=null wakeup=false
2023-02-02 02:06:18 DEBUG o.e.j.s.HttpConnection:226 - HttpConnection@3d80f0a2[p=HttpParser{s=START,0 of -1},g=HttpGenerator@23f8aec3{s=START}]=>HttpChannelOverHttp@c9a464b{r=0,c=false,a=IDLE,uri=null}<-SocketChannelEndPoint@709dcf6e{/127.0.0.1:45802<->/127.0.0.1:4567,OPEN,fill=-,flush=-,to=10/3600000}{io=1/0,kio=1,kro=1}->HttpConnection@3d80f0a2[p=HttpParser{s=START,0 of -1},g=HttpGenerator@23f8aec3{s=START}]=>HttpChannelOverHttp@c9a464b{r=0,c=false,a=IDLE,uri=null} onFillable enter HttpChannelState@1f86a8ae{s=IDLE a=NOT_ASYNC i=true r=IDLE w=false} null
2023-02-02 02:06:18 DEBUG o.e.j.i.ChannelEndPoint:392 - Key interests updated 1 -> 0 on SocketChannelEndPoint@709dcf6e{/127.0.0.1:45802<->/127.0.0.1:4567,OPEN,fill=-,flush=-,to=10/3600000}{io=0/0,kio=0,kro=1}->HttpConnection@3d80f0a2[p=HttpParser{s=START,0 of -1},g=HttpGenerator@23f8aec3{s=START}]=>HttpChannelOverHttp@c9a464b{r=0,c=false,a=IDLE,uri=null}
2023-02-02 02:06:18 DEBUG o.e.j.i.ManagedSelector:374 - Selector sun.nio.ch.EPollSelectorImpl@77af6e9f waiting on select
2023-02-02 02:06:18 DEBUG o.e.j.i.ChannelEndPoint:242 - filled 200 SocketChannelEndPoint@709dcf6e{/127.0.0.1:45802<->/127.0.0.1:4567,OPEN,fill=-,flush=-,to=10/3600000}{io=0/0,kio=0,kro=1}->HttpConnection@3d80f0a2[p=HttpParser{s=START,0 of -1},g=HttpGenerator@23f8aec3{s=START}]=>HttpChannelOverHttp@c9a464b{r=0,c=false,a=IDLE,uri=null}
2023-02-02 02:06:18 DEBUG o.e.j.s.HttpConnection:336 - HttpConnection@3d80f0a2[p=HttpParser{s=START,0 of -1},g=HttpGenerator@23f8aec3{s=START}]=>HttpChannelOverHttp@c9a464b{r=0,c=false,a=IDLE,uri=null}<-SocketChannelEndPoint@709dcf6e{/127.0.0.1:45802<->/127.0.0.1:4567,OPEN,fill=-,flush=-,to=4/3600000}{io=0/0,kio=0,kro=1}->HttpConnection@3d80f0a2[p=HttpParser{s=START,0 of -1},g=HttpGenerator@23f8aec3{s=START}]=>HttpChannelOverHttp@c9a464b{r=0,c=false,a=IDLE,uri=null} filled 200 HeapByteBuffer@7fbb9afb[p=0,l=200,c=8192,r=200]={<<<GET /shouldThrowE...oding: gzip\r\n\r\n>>>\x00\x00\x00\x00\x00\x00\x00\x00\x00\x00\x00\x00\x00\x00\x00\x00\x00...\x00\x00\x00\x00\x00\x00\x00\x00\x00\x00\x00\x00\x00\x00\x00}
2023-02-02 02:06:18 DEBUG o.e.j.s.HttpConnection:354 - HttpConnection@3d80f0a2[p=HttpParser{s=START,0 of -1},g=HttpGenerator@23f8aec3{s=START}]=>HttpChannelOverHttp@c9a464b{r=0,c=false,a=IDLE,uri=null}<-SocketChannelEndPoint@709dcf6e{/127.0.0.1:45802<->/127.0.0.1:4567,OPEN,fill=-,flush=-,to=4/3600000}{io=0/0,kio=0,kro=1}->HttpConnection@3d80f0a2[p=HttpParser{s=START,0 of -1},g=HttpGenerator@23f8aec3{s=START}]=>HttpChannelOverHttp@c9a464b{r=0,c=false,a=IDLE,uri=null} parse HeapByteBuffer@7fbb9afb[p=0,l=200,c=8192,r=200]={<<<GET /shouldThrowE...oding: gzip\r\n\r\n>>>\x00\x00\x00\x00\x00\x00\x00\x00\x00\x00\x00\x00\x00\x00\x00\x00\x00...\x00\x00\x00\x00\x00\x00\x00\x00\x00\x00\x00\x00\x00\x00\x00} {}
2023-02-02 02:06:18 DEBUG o.e.j.h.HttpParser:1342 - parseNext s=START HeapByteBuffer@7fbb9afb[p=0,l=200,c=8192,r=200]={<<<GET /shouldThrowE...oding: gzip\r\n\r\n>>>\x00\x00\x00\x00\x00\x00\x00\x00\x00\x00\x00\x00\x00\x00\x00\x00\x00...\x00\x00\x00\x00\x00\x00\x00\x00\x00\x00\x00\x00\x00\x00\x00}
2023-02-02 02:06:18 DEBUG o.e.j.h.HttpParser:1685 - START --> SPACE1
2023-02-02 02:06:18 DEBUG o.e.j.h.HttpParser:1685 - SPACE1 --> URI
2023-02-02 02:06:18 DEBUG o.e.j.h.HttpParser:1685 - URI --> SPACE2
2023-02-02 02:06:18 DEBUG o.e.j.h.HttpParser:1685 - SPACE2 --> REQUEST_VERSION
2023-02-02 02:06:18 DEBUG o.e.j.h.HttpParser:1685 - REQUEST_VERSION --> HEADER
2023-02-02 02:06:18 DEBUG o.e.j.h.HttpParser:1693 - HEADER:null --> VALUE
2023-02-02 02:06:18 DEBUG o.e.j.h.HttpParser:1693 - HEADER:null --> IN_VALUE
2023-02-02 02:06:18 DEBUG o.e.j.h.HttpParser:1693 - HEADER:null --> FIELD
2023-02-02 02:06:18 DEBUG o.e.j.h.HttpParser:1693 - HEADER:null --> VALUE
2023-02-02 02:06:18 DEBUG o.e.j.h.HttpParser:1693 - HEADER:null --> IN_VALUE
2023-02-02 02:06:18 DEBUG o.e.j.h.HttpParser:1693 - HEADER:null --> FIELD
2023-02-02 02:06:18 DEBUG o.e.j.h.HttpParser:1693 - HEADER:Connection: keep-alive --> IN_VALUE
2023-02-02 02:06:18 DEBUG o.e.j.h.HttpParser:1693 - HEADER:Connection: keep-alive --> FIELD
2023-02-02 02:06:18 DEBUG o.e.j.h.HttpParser:1693 - HEADER:Accept-Encoding: gzip --> IN_VALUE
2023-02-02 02:06:18 DEBUG o.e.j.h.HttpParser:1693 - HEADER:Accept-Encoding: gzip --> FIELD
2023-02-02 02:06:18 DEBUG o.e.j.h.HttpParser:1685 - HEADER --> END
2023-02-02 02:06:18 DEBUG o.e.j.s.HttpChannel:643 - REQUEST for //localhost:4567/shouldThrowExceptionWhenResponseBodyIsInvalid?access_token=dummyAccessToken on HttpChannelOverHttp@c9a464b{r=1,c=false,a=IDLE,uri=//localhost:4567/shouldThrowExceptionWhenResponseBodyIsInvalid?access_token=dummyAccessToken}
GET //localhost:4567/shouldThrowExceptionWhenResponseBodyIsInvalid?access_token=dummyAccessToken HTTP/1.1
User-Agent: TamTam Java Client/0.0.1
Host: localhost:4567
Connection: keep-alive
Accept-Encoding: gzip


2023-02-02 02:06:18 DEBUG o.e.j.s.HttpChannel:659 - HttpChannelOverHttp@c9a464b{r=1,c=false,a=IDLE,uri=//localhost:4567/shouldThrowExceptionWhenResponseBodyIsInvalid?access_token=dummyAccessToken} onContentComplete
2023-02-02 02:06:18 DEBUG o.e.j.s.HttpChannel:675 - HttpChannelOverHttp@c9a464b{r=1,c=false,a=IDLE,uri=//localhost:4567/shouldThrowExceptionWhenResponseBodyIsInvalid?access_token=dummyAccessToken} onRequestComplete
2023-02-02 02:06:18 DEBUG o.e.j.s.HttpInput:607 - HttpInputOverHTTP@8a179c2[c=0,q=0,[0]=null,s=STREAM] addContent EOF
2023-02-02 02:06:18 DEBUG o.e.j.s.HttpConnection:359 - HttpConnection@3d80f0a2[p=HttpParser{s=END,0 of -1},g=HttpGenerator@23f8aec3{s=START}]=>HttpChannelOverHttp@c9a464b{r=1,c=false,a=IDLE,uri=//localhost:4567/shouldThrowExceptionWhenResponseBodyIsInvalid?access_token=dummyAccessToken}<-SocketChannelEndPoint@709dcf6e{/127.0.0.1:45802<->/127.0.0.1:4567,OPEN,fill=-,flush=-,to=9/3600000}{io=0/0,kio=0,kro=1}->HttpConnection@3d80f0a2[p=HttpParser{s=END,0 of -1},g=HttpGenerator@23f8aec3{s=START}]=>HttpChannelOverHttp@c9a464b{r=1,c=false,a=IDLE,uri=//localhost:4567/shouldThrowExceptionWhenResponseBodyIsInvalid?access_token=dummyAccessToken} parsed true HttpParser{s=END,0 of -1}
2023-02-02 02:06:18 DEBUG o.e.j.s.HttpConnection:203 - releaseRequestBuffer HttpConnection@3d80f0a2[p=HttpParser{s=END,0 of -1},g=HttpGenerator@23f8aec3{s=START}]=>HttpChannelOverHttp@c9a464b{r=1,c=false,a=IDLE,uri=//localhost:4567/shouldThrowExceptionWhenResponseBodyIsInvalid?access_token=dummyAccessToken}<-SocketChannelEndPoint@709dcf6e{/127.0.0.1:45802<->/127.0.0.1:4567,OPEN,fill=-,flush=-,to=9/3600000}{io=0/0,kio=0,kro=1}->HttpConnection@3d80f0a2[p=HttpParser{s=END,0 of -1},g=HttpGenerator@23f8aec3{s=START}]=>HttpChannelOverHttp@c9a464b{r=1,c=false,a=IDLE,uri=//localhost:4567/shouldThrowExceptionWhenResponseBodyIsInvalid?access_token=dummyAccessToken}
2023-02-02 02:06:18 DEBUG o.e.j.s.HttpChannel:302 - HttpChannelOverHttp@c9a464b{r=1,c=false,a=IDLE,uri=//localhost:4567/shouldThrowExceptionWhenResponseBodyIsInvalid?access_token=dummyAccessToken} handle //localhost:4567/shouldThrowExceptionWhenResponseBodyIsInvalid?access_token=dummyAccessToken 
2023-02-02 02:06:18 DEBUG o.e.j.s.HttpChannelState:217 - handling HttpChannelState@1f86a8ae{s=IDLE a=NOT_ASYNC i=true r=IDLE w=false}
2023-02-02 02:06:18 DEBUG o.e.j.s.HttpChannel:315 - HttpChannelOverHttp@c9a464b{r=1,c=false,a=DISPATCHED,uri=//localhost:4567/shouldThrowExceptionWhenResponseBodyIsInvalid?access_token=dummyAccessToken} action DISPATCH
2023-02-02 02:06:18 DEBUG o.e.j.s.Server:519 - REQUEST GET /shouldThrowExceptionWhenResponseBodyIsInvalid on HttpChannelOverHttp@c9a464b{r=1,c=false,a=DISPATCHED,uri=//localhost:4567/shouldThrowExceptionWhenResponseBodyIsInvalid?access_token=dummyAccessToken}
2023-02-02 02:06:18 DEBUG o.e.j.s.session:1559 - sessionHandler=spark.embeddedserver.jetty.JettyHandler1501816835==dftMaxIdleSec=-1
2023-02-02 02:06:18 DEBUG o.e.j.s.session:1560 - session=null
2023-02-02 02:06:18 DEBUG o.e.j.s.HttpChannel:757 - sendResponse info=null content=DirectByteBuffer@51e777ce[p=0,l=8,c=32768,r=8]={<<<response>>>:[{"chat_id":192,...\x00\x00\x00\x00\x00\x00\x00\x00\x00\x00\x00\x00\x00\x00\x00} complete=false committing=true callback=Blocker@3acc3e6{null}
2023-02-02 02:06:18 DEBUG o.e.j.s.HttpChannel:813 - COMMIT for /shouldThrowExceptionWhenResponseBodyIsInvalid on HttpChannelOverHttp@c9a464b{r=1,c=true,a=DISPATCHED,uri=//localhost:4567/shouldThrowExceptionWhenResponseBodyIsInvalid?access_token=dummyAccessToken}
200 null HTTP/1.1
Date: Thu, 02 Feb 2023 02:06:18 GMT
Content-Length: 9223372036854775807
Content-Type: text/html;charset=utf-8


2023-02-02 02:06:18 DEBUG o.e.j.s.HttpConnection:721 - org.eclipse.jetty.server.HttpConnection$SendCallback@c0c538[PROCESSING][i=HTTP/1.1{s=200,h=3,cl=9223372036854775807},cb=org.eclipse.jetty.server.HttpChannel$CommitCallback@46c5f6d3] generate: NEED_HEADER (null,[p=0,l=8,c=32768,r=8],false)@START
2023-02-02 02:06:18 DEBUG o.e.j.h.HttpGenerator:638 - generateHeaders HTTP/1.1{s=200,h=3,cl=9223372036854775807} last=false content=DirectByteBuffer@51e777ce[p=0,l=8,c=32768,r=8]={<<<response>>>:[{"chat_id":192,...\x00\x00\x00\x00\x00\x00\x00\x00\x00\x00\x00\x00\x00\x00\x00}
2023-02-02 02:06:18 DEBUG o.e.j.h.HttpGenerator:639 - Date: Thu, 02 Feb 2023 02:06:18 GMT
Content-Length: 9223372036854775807
Content-Type: text/html;charset=utf-8


2023-02-02 02:06:18 DEBUG o.e.j.h.HttpGenerator:807 - CONTENT_LENGTH
2023-02-02 02:06:18 DEBUG o.e.j.s.HttpConnection:721 - org.eclipse.jetty.server.HttpConnection$SendCallback@c0c538[PROCESSING][i=HTTP/1.1{s=200,h=3,cl=9223372036854775807},cb=org.eclipse.jetty.server.HttpChannel$CommitCallback@46c5f6d3] generate: FLUSH ([p=0,l=164,c=8192,r=164],[p=0,l=8,c=32768,r=8],false)@COMMITTED
2023-02-02 02:06:18 DEBUG o.e.j.i.ChannelEndPoint:288 - flushed 172 SocketChannelEndPoint@709dcf6e{/127.0.0.1:45802<->/127.0.0.1:4567,OPEN,fill=-,flush=W,to=13/3600000}{io=0/0,kio=0,kro=1}->HttpConnection@3d80f0a2[p=HttpParser{s=END,0 of -1},g=HttpGenerator@23f8aec3{s=COMMITTED}]=>HttpChannelOverHttp@c9a464b{r=1,c=true,a=DISPATCHED,uri=//localhost:4567/shouldThrowExceptionWhenResponseBodyIsInvalid?access_token=dummyAccessToken}
2023-02-02 02:06:18 DEBUG o.e.j.i.WriteFlusher:433 - Flushed=true 164/164+1 WriteFlusher@2c76b0c2{WRITING}->null
2023-02-02 02:06:18 DEBUG o.e.j.s.HttpConnection:721 - org.eclipse.jetty.server.HttpConnection$SendCallback@c0c538[PROCESSING][i=HTTP/1.1{s=200,h=3,cl=9223372036854775807},cb=org.eclipse.jetty.server.HttpChannel$CommitCallback@46c5f6d3] generate: DONE ([p=164,l=164,c=8192,r=0],[p=8,l=8,c=32768,r=0],false)@COMMITTED
2023-02-02 02:06:18 DEBUG o.e.j.s.HttpChannel:757 - sendResponse info=null content=HeapByteBuffer@49a0f559[p=0,l=0,c=0,r=0]={<<<>>>} complete=true committing=false callback=Blocker@3acc3e6{null}
2023-02-02 02:06:18 DEBUG o.e.j.s.HttpConnection:721 - org.eclipse.jetty.server.HttpConnection$SendCallback@c0c538[PROCESSING][i=null,cb=org.eclipse.jetty.server.HttpChannel$ContentCallback@4f4f1050] generate: CONTINUE (null,[p=0,l=0,c=0,r=0],true)@COMPLETING
2023-02-02 02:06:18 DEBUG o.e.j.s.HttpConnection:721 - org.eclipse.jetty.server.HttpConnection$SendCallback@c0c538[PROCESSING][i=null,cb=org.eclipse.jetty.server.HttpChannel$ContentCallback@4f4f1050] generate: DONE (null,[p=0,l=0,c=0,r=0],true)@END
2023-02-02 02:06:18 DEBUG o.e.j.s.session:1574 - FinalSession=null old_session_manager=null this=spark.embeddedserver.jetty.JettyHandler1501816835==dftMaxIdleSec=-1
2023-02-02 02:06:18 DEBUG o.e.j.s.Server:533 - handled=true async=false committed=true on HttpChannelOverHttp@c9a464b{r=1,c=true,a=DISPATCHED,uri=//localhost:4567/shouldThrowExceptionWhenResponseBodyIsInvalid?access_token=dummyAccessToken}
2023-02-02 02:06:18 DEBUG o.e.j.s.HttpChannelState:396 - unhandle HttpChannelState@1f86a8ae{s=DISPATCHED a=NOT_ASYNC i=true r=IDLE w=false}
2023-02-02 02:06:18 DEBUG o.e.j.s.HttpChannel:315 - HttpChannelOverHttp@c9a464b{r=1,c=true,a=COMPLETING,uri=//localhost:4567/shouldThrowExceptionWhenResponseBodyIsInvalid?access_token=dummyAccessToken} action COMPLETE
2023-02-02 02:06:18 DEBUG o.e.j.s.HttpConnection:542 - abort HttpConnection@3d80f0a2[p=HttpParser{s=END,0 of -1},g=HttpGenerator@23f8aec3{s=END}]=>HttpChannelOverHttp@c9a464b{r=1,c=true,a=COMPLETING,uri=//localhost:4567/shouldThrowExceptionWhenResponseBodyIsInvalid?access_token=dummyAccessToken}<-SocketChannelEndPoint@709dcf6e{/127.0.0.1:45802<->/127.0.0.1:4567,OPEN,fill=-,flush=-,to=2/3600000}{io=0/0,kio=0,kro=1}->HttpConnection@3d80f0a2[p=HttpParser{s=END,0 of -1},g=HttpGenerator@23f8aec3{s=END}]=>HttpChannelOverHttp@c9a464b{r=1,c=true,a=COMPLETING,uri=//localhost:4567/shouldThrowExceptionWhenResponseBodyIsInvalid?access_token=dummyAccessToken} java.io.IOException: insufficient content written
2023-02-02 02:06:18 ERROR c.t.b.c.i.OkHttpTransportClient:176 - Failed to close resource test.txt
java.io.IOException: fake exception
	at chat.tamtam.botapi.client.impl.OkHttpTransportClient.post(OkHttpTransportClient.java:174)
	at chat.tamtam.botapi.client.impl.OkHttpTransportClientTest.shouldThrowException(OkHttpTransportClientTest.java:41)
	at java.base/jdk.internal.reflect.NativeMethodAccessorImpl.invoke0(Native Method)
	at java.base/jdk.internal.reflect.NativeMethodAccessorImpl.invoke(NativeMethodAccessorImpl.java:62)
	at java.base/jdk.internal.reflect.DelegatingMethodAccessorImpl.invoke(DelegatingMethodAccessorImpl.java:43)
	at java.base/java.lang.reflect.Method.invoke(Method.java:566)
	at org.junit.runners.model.FrameworkMethod$1.runReflectiveCall(FrameworkMethod.java:59)
	at org.junit.internal.runners.model.ReflectiveCallable.run(ReflectiveCallable.java:12)
	at org.junit.runners.model.FrameworkMethod.invokeExplosively(FrameworkMethod.java:56)
	at org.junit.internal.runners.statements.InvokeMethod.evaluate(InvokeMethod.java:17)
	at org.junit.internal.runners.statements.ExpectException.evaluate(ExpectException.java:19)
	at org.junit.runners.ParentRunner$3.evaluate(ParentRunner.java:306)
	at org.junit.runners.BlockJUnit4ClassRunner$1.evaluate(BlockJUnit4ClassRunner.java:100)
	at org.junit.runners.ParentRunner.runLeaf(ParentRunner.java:366)
	at org.junit.runners.BlockJUnit4ClassRunner.runChild(BlockJUnit4ClassRunner.java:103)
	at org.junit.runners.BlockJUnit4ClassRunner.runChild(BlockJUnit4ClassRunner.java:63)
	at org.junit.runners.ParentRunner$4.run(ParentRunner.java:331)
	at org.junit.runners.ParentRunner$1.schedule(ParentRunner.java:79)
	at org.junit.runners.ParentRunner.runChildren(ParentRunner.java:329)
	at org.junit.runners.ParentRunner.access$100(ParentRunner.java:66)
	at org.junit.runners.ParentRunner$2.evaluate(ParentRunner.java:293)
	at org.junit.runners.ParentRunner$3.evaluate(ParentRunner.java:306)
	at org.junit.runners.ParentRunner.run(ParentRunner.java:413)
	at org.junit.runners.Suite.runChild(Suite.java:128)
	at org.junit.runners.Suite.runChild(Suite.java:27)
	at org.junit.runners.ParentRunner$4.run(ParentRunner.java:331)
	at org.junit.runners.ParentRunner$1.schedule(ParentRunner.java:79)
	at org.junit.runners.ParentRunner.runChildren(ParentRunner.java:329)
	at org.junit.runners.ParentRunner.access$100(ParentRunner.java:66)
	at org.junit.runners.ParentRunner$2.evaluate(ParentRunner.java:293)
	at org.junit.runners.ParentRunner$3.evaluate(ParentRunner.java:306)
	at org.junit.runners.ParentRunner.run(ParentRunner.java:413)
	at org.apache.maven.surefire.junitcore.JUnitCore.run(JUnitCore.java:55)
	at org.apache.maven.surefire.junitcore.JUnitCoreWrapper.createRequestAndRun(JUnitCoreWrapper.java:137)
	at org.apache.maven.surefire.junitcore.JUnitCoreWrapper.executeEager(JUnitCoreWrapper.java:107)
	at org.apache.maven.surefire.junitcore.JUnitCoreWrapper.execute(JUnitCoreWrapper.java:83)
	at org.apache.maven.surefire.junitcore.JUnitCoreWrapper.execute(JUnitCoreWrapper.java:75)
	at org.apache.maven.surefire.junitcore.JUnitCoreProvider.invoke(JUnitCoreProvider.java:158)
	at org.apache.maven.surefire.booter.ForkedBooter.invokeProviderInSameClassLoader(ForkedBooter.java:384)
	at org.apache.maven.surefire.booter.ForkedBooter.runSuitesInProcess(ForkedBooter.java:345)
	at org.apache.maven.surefire.booter.ForkedBooter.execute(ForkedBooter.java:126)
	at org.apache.maven.surefire.booter.ForkedBooter.main(ForkedBooter.java:418)
[INFO] Tests run: 2, Failures: 0, Errors: 0, Skipped: 0, Time elapsed: 0.08 s - in chat.tamtam.botapi.client.impl.OkHttpTransportClientTest
[INFO] Running chat.tamtam.botapi.client.impl.JacksonSerializerTest
[INFO] Tests run: 10, Failures: 0, Errors: 0, Skipped: 0, Time elapsed: 0.023 s - in chat.tamtam.botapi.client.impl.JacksonSerializerTest
[INFO] Running chat.tamtam.botapi.client.TamTamClientTest
[INFO] Tests run: 1, Failures: 0, Errors: 0, Skipped: 0, Time elapsed: 0.003 s - in chat.tamtam.botapi.client.TamTamClientTest
[INFO] Running chat.tamtam.botapi.client.ClientResponseTest
[INFO] Tests run: 2, Failures: 0, Errors: 0, Skipped: 0, Time elapsed: 0.001 s - in chat.tamtam.botapi.client.ClientResponseTest
[INFO] Running chat.tamtam.botapi.queries.EditMyInfoQueryTest
[INFO] Tests run: 2, Failures: 0, Errors: 0, Skipped: 0, Time elapsed: 0.015 s - in chat.tamtam.botapi.queries.EditMyInfoQueryTest
[INFO] Running chat.tamtam.botapi.queries.SendActionQueryTest
[INFO] Tests run: 3, Failures: 0, Errors: 0, Skipped: 0, Time elapsed: 0.011 s - in chat.tamtam.botapi.queries.SendActionQueryTest
[INFO] Running chat.tamtam.botapi.queries.UnpinMessageQueryTest
[INFO] Tests run: 1, Failures: 0, Errors: 0, Skipped: 0, Time elapsed: 0.007 s - in chat.tamtam.botapi.queries.UnpinMessageQueryTest
[INFO] Running chat.tamtam.botapi.queries.UnsubscribeQueryTest
[INFO] Tests run: 2, Failures: 0, Errors: 0, Skipped: 0, Time elapsed: 0.007 s - in chat.tamtam.botapi.queries.UnsubscribeQueryTest
[INFO] Running chat.tamtam.botapi.queries.DeleteMessageQueryTest
[INFO] Tests run: 3, Failures: 0, Errors: 0, Skipped: 0, Time elapsed: 0.011 s - in chat.tamtam.botapi.queries.DeleteMessageQueryTest
[INFO] Running chat.tamtam.botapi.queries.GetChatQueryTest
[INFO] Tests run: 2, Failures: 0, Errors: 0, Skipped: 0, Time elapsed: 0.031 s - in chat.tamtam.botapi.queries.GetChatQueryTest
[INFO] Running chat.tamtam.botapi.queries.GetChatsQueryTest
[INFO] Tests run: 1, Failures: 0, Errors: 0, Skipped: 0, Time elapsed: 0.022 s - in chat.tamtam.botapi.queries.GetChatsQueryTest
[INFO] Running chat.tamtam.botapi.queries.SubscribeQueryTest
[INFO] Tests run: 2, Failures: 0, Errors: 0, Skipped: 0, Time elapsed: 0.011 s - in chat.tamtam.botapi.queries.SubscribeQueryTest
[INFO] Running chat.tamtam.botapi.queries.LeaveChatQueryTest
[INFO] Tests run: 2, Failures: 0, Errors: 0, Skipped: 0, Time elapsed: 0.006 s - in chat.tamtam.botapi.queries.LeaveChatQueryTest
[INFO] Running chat.tamtam.botapi.queries.AnswerOnCallbackQueryTest
[INFO] Tests run: 3, Failures: 0, Errors: 0, Skipped: 0, Time elapsed: 0.011 s - in chat.tamtam.botapi.queries.AnswerOnCallbackQueryTest
[INFO] Running chat.tamtam.botapi.queries.CollectionQueryParamTest
[INFO] Tests run: 2, Failures: 0, Errors: 0, Skipped: 0, Time elapsed: 0.008 s - in chat.tamtam.botapi.queries.CollectionQueryParamTest
[INFO] Running chat.tamtam.botapi.queries.ConstructQueryTest
[WARNING] Tests run: 1, Failures: 0, Errors: 0, Skipped: 1, Time elapsed: 0 s - in chat.tamtam.botapi.queries.ConstructQueryTest
[INFO] Running chat.tamtam.botapi.queries.GetMessagesQueryTest
[INFO] Tests run: 1, Failures: 0, Errors: 0, Skipped: 0, Time elapsed: 0.086 s - in chat.tamtam.botapi.queries.GetMessagesQueryTest
[INFO] Running chat.tamtam.botapi.queries.TamTamQueryTest
2023-02-02 02:06:19 ERROR c.t.b.c.TamTamClient:208 - Error while executing query, query url: http://localhost:4567/cannotsend?access_token=dummyAccessToken&v=0.5.0, query body: null, responseBody: {"code":"chat.denied","message":"chat.send.msg.no.permission.because.not.admin"}
2023-02-02 02:06:19 ERROR c.t.b.c.TamTamClient:208 - Error while executing query, query url: http://localhost:4567/internalerror?access_token=dummyAccessToken&v=0.5.0, query body: null, responseBody: not json body
2023-02-02 02:06:19 ERROR c.t.b.c.TamTamClient:208 - Error while executing query, query url: http://localhost:4567/emptybody?access_token=dummyAccessToken&v=0.5.0, query body: null, responseBody: 
2023-02-02 02:06:19 ERROR c.t.b.c.TamTamClient:196 - Error 503 while executing query, query url: http://localhost:4567/serviceunavailable?access_token=dummyAccessToken&v=0.5.0, query body: null, responseBody: 
2023-02-02 02:06:19 ERROR c.t.b.c.TamTamClient:208 - Error while executing query, query url: http://localhost:4567/accessdenied?access_token=dummyAccessToken&v=0.5.0, query body: null, responseBody: {"code":"chat.denied","message":"error"}
2023-02-02 02:06:19 ERROR c.t.b.c.TamTamClient:208 - Error while executing query, query url: http://localhost:4567/toomanyrequests?access_token=dummyAccessToken&v=0.5.0, query body: null, responseBody: {"code":"too.many.requests","message":"error"}
2023-02-02 02:06:19 ERROR c.t.b.c.TamTamClient:208 - Error while executing query, query url: http://localhost:4567/attachnotready?access_token=dummyAccessToken&v=0.5.0, query body: null, responseBody: {"code":"attachment.not.ready","message":"error"}
2023-02-02 02:06:19 ERROR c.t.b.c.TamTamClient:208 - Error while executing query, query url: http://localhost:4567/errorbody?access_token=dummyAccessToken&v=0.5.0, query body: null, responseBody: {"code":"error.code","message":"error"}
[INFO] Tests run: 17, Failures: 0, Errors: 0, Skipped: 0, Time elapsed: 0.125 s - in chat.tamtam.botapi.queries.TamTamQueryTest
[INFO] Running chat.tamtam.botapi.queries.GetSubscriptionsQueryTest
[INFO] Tests run: 1, Failures: 0, Errors: 0, Skipped: 0, Time elapsed: 0.007 s - in chat.tamtam.botapi.queries.GetSubscriptionsQueryTest
[INFO] Running chat.tamtam.botapi.queries.GetMyInfoQueryTest
[INFO] Tests run: 1, Failures: 0, Errors: 0, Skipped: 0, Time elapsed: 0.008 s - in chat.tamtam.botapi.queries.GetMyInfoQueryTest
[INFO] Running chat.tamtam.botapi.queries.GetPinnedMessageQueryTest
[INFO] Tests run: 1, Failures: 0, Errors: 0, Skipped: 0, Time elapsed: 0.031 s - in chat.tamtam.botapi.queries.GetPinnedMessageQueryTest
[INFO] Running chat.tamtam.botapi.queries.GetChatByLinkQueryTest
[INFO] Tests run: 2, Failures: 0, Errors: 0, Skipped: 0, Time elapsed: 0.032 s - in chat.tamtam.botapi.queries.GetChatByLinkQueryTest
[INFO] Running chat.tamtam.botapi.queries.AddMembersQueryTest
[INFO] Tests run: 3, Failures: 0, Errors: 0, Skipped: 0, Time elapsed: 0.005 s - in chat.tamtam.botapi.queries.AddMembersQueryTest
[INFO] Running chat.tamtam.botapi.queries.GetMembershipQueryTest
[INFO] Tests run: 2, Failures: 0, Errors: 0, Skipped: 0, Time elapsed: 0.013 s - in chat.tamtam.botapi.queries.GetMembershipQueryTest
[INFO] Running chat.tamtam.botapi.queries.RemoveMemberQueryTest
[INFO] Tests run: 3, Failures: 0, Errors: 0, Skipped: 0, Time elapsed: 0.006 s - in chat.tamtam.botapi.queries.RemoveMemberQueryTest
[INFO] Running chat.tamtam.botapi.queries.PinMessageQueryTest
[INFO] Tests run: 1, Failures: 0, Errors: 0, Skipped: 0, Time elapsed: 0.009 s - in chat.tamtam.botapi.queries.PinMessageQueryTest
[INFO] Running chat.tamtam.botapi.queries.GetAdminsQueryTest
[INFO] Tests run: 2, Failures: 0, Errors: 0, Skipped: 0, Time elapsed: 0.019 s - in chat.tamtam.botapi.queries.GetAdminsQueryTest
[INFO] Running chat.tamtam.botapi.queries.SendMessageQueryTest
[INFO] Tests run: 2, Failures: 0, Errors: 0, Skipped: 0, Time elapsed: 0.057 s - in chat.tamtam.botapi.queries.SendMessageQueryTest
[INFO] Running chat.tamtam.botapi.queries.EditChatQueryTest
[INFO] Tests run: 3, Failures: 0, Errors: 0, Skipped: 0, Time elapsed: 0.014 s - in chat.tamtam.botapi.queries.EditChatQueryTest
[INFO] Running chat.tamtam.botapi.queries.EditMessageQueryTest
[INFO] Tests run: 3, Failures: 0, Errors: 0, Skipped: 0, Time elapsed: 0.031 s - in chat.tamtam.botapi.queries.EditMessageQueryTest
[INFO] Running chat.tamtam.botapi.queries.GetUpdatesQueryTest
[INFO] Tests run: 1, Failures: 0, Errors: 0, Skipped: 0, Time elapsed: 0.071 s - in chat.tamtam.botapi.queries.GetUpdatesQueryTest
[INFO] Running chat.tamtam.botapi.queries.GetMembersQueryTest
[INFO] Tests run: 2, Failures: 0, Errors: 0, Skipped: 0, Time elapsed: 0.015 s - in chat.tamtam.botapi.queries.GetMembersQueryTest
[INFO] Running chat.tamtam.botapi.queries.GetMessageByIdQueryTest
[INFO] Tests run: 2, Failures: 0, Errors: 0, Skipped: 0, Time elapsed: 0.012 s - in chat.tamtam.botapi.queries.GetMessageByIdQueryTest
[INFO] Running chat.tamtam.botapi.queries.GetUploadUrlQueryTest
[INFO] Tests run: 2, Failures: 0, Errors: 0, Skipped: 0, Time elapsed: 0.006 s - in chat.tamtam.botapi.queries.GetUploadUrlQueryTest
[INFO] Running chat.tamtam.botapi.TamTamBotAPITest
[INFO] Tests run: 1, Failures: 0, Errors: 0, Skipped: 0, Time elapsed: 0 s - in chat.tamtam.botapi.TamTamBotAPITest
[INFO] Running chat.tamtam.botapi.TamTamUploadAPITest
2023-02-02 02:06:19 INFO  c.t.b.TamTamUploadAPITest:84 - Uploaded 21920 bytes
2023-02-02 02:06:19 INFO  c.t.b.c.i.OkHttpTransportClient:104 - Started uploading to url https://url
2023-02-02 02:06:19 INFO  c.t.b.c.i.OkHttpTransportClient:139 - Finished uploading to url https://url
2023-02-02 02:06:19 INFO  c.t.b.TamTamUploadAPITest:68 - Uploaded 214 bytes
2023-02-02 02:06:19 INFO  c.t.b.c.i.OkHttpTransportClient:104 - Started uploading to url http://localhost:4567/fileupload
2023-02-02 02:06:19 INFO  c.t.b.TamTamUploadAPITest:68 - Uploaded 5 bytes
2023-02-02 02:06:19 INFO  c.t.b.c.i.OkHttpTransportClient:139 - Finished uploading to url http://localhost:4567/fileupload
2023-02-02 02:06:19 INFO  c.t.b.TamTamUploadAPITest:84 - Uploaded 21920 bytes
2023-02-02 02:06:19 INFO  c.t.b.c.i.OkHttpTransportClient:104 - Started uploading to url http://localhost:4567/avupload
2023-02-02 02:06:19 INFO  c.t.b.TamTamUploadAPITest:100 - Uploaded 2048000 bytes
2023-02-02 02:06:19 INFO  c.t.b.TamTamUploadAPITest:100 - Uploaded 166691 bytes
2023-02-02 02:06:19 INFO  c.t.b.c.i.OkHttpTransportClient:139 - Finished uploading to url http://localhost:4567/avupload
2023-02-02 02:06:19 INFO  c.t.b.TamTamUploadAPITest:100 - Uploaded 2214906 bytes
[INFO] Tests run: 7, Failures: 0, Errors: 0, Skipped: 0, Time elapsed: 0.158 s - in chat.tamtam.botapi.TamTamUploadAPITest
[INFO] 
[INFO] Results:
[INFO] 
[WARNING] Tests run: 108, Failures: 0, Errors: 0, Skipped: 1
[INFO] 
[INFO] ------------------------------------------------------------------------
[INFO] BUILD SUCCESS
[INFO] ------------------------------------------------------------------------
[INFO] Total time:  11.336 s
[INFO] Finished at: 2023-02-02T02:06:20Z
[INFO] ------------------------------------------------------------------------
