[INFO] Scanning for projects...
[INFO] 
[INFO] ----------------------< uk.gov.pay:pay-connector >----------------------
[INFO] Building pay-connector 0.1-SNAPSHOT
[INFO] --------------------------------[ jar ]---------------------------------
[INFO] 
[INFO] --- maven-clean-plugin:3.2.0:clean (default-clean) @ pay-connector ---
[INFO] Deleting /home/gabsko/breaking-updates/target
[INFO] 
[INFO] --- maven-resources-plugin:3.3.0:copy-resources (copy-resources) @ pay-connector ---
[INFO] Copying 1 resource
[INFO] 
[INFO] --- maven-resources-plugin:3.3.0:resources (default-resources) @ pay-connector ---
[INFO] Copying 25 resources
[INFO] 
[INFO] --- maven-compiler-plugin:3.10.1:compile (default-compile) @ pay-connector ---
[INFO] Changes detected - recompiling the module!
[INFO] Compiling 772 source files to /home/gabsko/breaking-updates/target/classes
[INFO] /home/gabsko/breaking-updates/src/main/java/uk/gov/pay/connector/gateway/ClientFactory.java: Some input files use or override a deprecated API.
[INFO] /home/gabsko/breaking-updates/src/main/java/uk/gov/pay/connector/gateway/ClientFactory.java: Recompile with -Xlint:deprecation for details.
[INFO] /home/gabsko/breaking-updates/src/main/java/uk/gov/pay/connector/events/model/EventFactory.java: Some input files use unchecked or unsafe operations.
[INFO] /home/gabsko/breaking-updates/src/main/java/uk/gov/pay/connector/events/model/EventFactory.java: Recompile with -Xlint:unchecked for details.
[INFO] 
[INFO] --- swagger-maven-plugin:2.2.4:resolve (default) @ pay-connector ---
[INFO] Resolving OpenAPI specification..
[INFO] YAML output: /home/gabsko/breaking-updates/openapi/connector_spec.yaml
[INFO] 
[INFO] --- maven-resources-plugin:3.3.0:testResources (default-testResources) @ pay-connector ---
[INFO] Copying 173 resources
[INFO] 
[INFO] --- maven-compiler-plugin:3.10.1:testCompile (default-testCompile) @ pay-connector ---
[INFO] Changes detected - recompiling the module!
[INFO] Compiling 444 source files to /home/gabsko/breaking-updates/target/test-classes
[INFO] /home/gabsko/breaking-updates/src/test/java/uk/gov/pay/connector/util/TestTemplateResourceLoader.java: Some input files use or override a deprecated API.
[INFO] /home/gabsko/breaking-updates/src/test/java/uk/gov/pay/connector/util/TestTemplateResourceLoader.java: Recompile with -Xlint:deprecation for details.
[INFO] /home/gabsko/breaking-updates/src/test/java/uk/gov/pay/connector/matcher/ResponseContainsLinkMatcher.java: Some input files use unchecked or unsafe operations.
[INFO] /home/gabsko/breaking-updates/src/test/java/uk/gov/pay/connector/matcher/ResponseContainsLinkMatcher.java: Recompile with -Xlint:unchecked for details.
[INFO] 
[INFO] --- maven-surefire-plugin:3.0.0-M7:test (default-test) @ pay-connector ---
[INFO] Using auto detected provider org.apache.maven.surefire.junitplatform.JUnitPlatformProvider
[INFO] 
[INFO] -------------------------------------------------------
[INFO]  T E S T S
[INFO] -------------------------------------------------------
[INFO] Running uk.gov.pay.connector.model.LastDigitsCardNumberTest
[INFO] Tests run: 9, Failures: 0, Errors: 0, Skipped: 0, Time elapsed: 0.062 s - in uk.gov.pay.connector.model.LastDigitsCardNumberTest
[INFO] Running uk.gov.pay.connector.model.FirstDigitsCardNumberTest
[INFO] Tests run: 9, Failures: 0, Errors: 0, Skipped: 0, Time elapsed: 0.01 s - in uk.gov.pay.connector.model.FirstDigitsCardNumberTest
[INFO] Running uk.gov.pay.connector.client.ledger.service.LedgerServiceTest
[INFO] Tests run: 8, Failures: 0, Errors: 0, Skipped: 0, Time elapsed: 0.869 s - in uk.gov.pay.connector.client.ledger.service.LedgerServiceTest
[INFO] Running uk.gov.pay.connector.gateway.model.AuthCardDetailsTest
[INFO] Tests run: 2, Failures: 0, Errors: 0, Skipped: 0, Time elapsed: 0.015 s - in uk.gov.pay.connector.gateway.model.AuthCardDetailsTest
[INFO] Running uk.gov.pay.connector.gateway.worldpay.WorldpayRefundHandlerTest
[INFO] Tests run: 1, Failures: 0, Errors: 0, Skipped: 0, Time elapsed: 0.243 s - in uk.gov.pay.connector.gateway.worldpay.WorldpayRefundHandlerTest
[INFO] Running uk.gov.pay.connector.gateway.worldpay.WorldpayAuthorisationRequestSummaryTest
[INFO] Tests run: 7, Failures: 0, Errors: 0, Skipped: 0, Time elapsed: 0.181 s - in uk.gov.pay.connector.gateway.worldpay.WorldpayAuthorisationRequestSummaryTest
[INFO] Running uk.gov.pay.connector.gateway.worldpay.WorldpayCredentialsValidationServiceTest
[INFO] Tests run: 6, Failures: 0, Errors: 0, Skipped: 0, Time elapsed: 0.37 s - in uk.gov.pay.connector.gateway.worldpay.WorldpayCredentialsValidationServiceTest
[INFO] Running uk.gov.pay.connector.gateway.worldpay.WorldpayOrderStatusResponseTest
[INFO] Tests run: 4, Failures: 0, Errors: 0, Skipped: 0, Time elapsed: 0.036 s - in uk.gov.pay.connector.gateway.worldpay.WorldpayOrderStatusResponseTest
[INFO] Running uk.gov.pay.connector.gateway.worldpay.WorldpayNotificationServiceTest
[Fatal Error] :1:8: The element type "not" must be terminated by the matching end-tag "</not>".
[INFO] Tests run: 12, Failures: 0, Errors: 0, Skipped: 0, Time elapsed: 0.2 s - in uk.gov.pay.connector.gateway.worldpay.WorldpayNotificationServiceTest
[INFO] Running uk.gov.pay.connector.gateway.worldpay.Worldpay3dsFlexCredentialsValidationServiceTest
[INFO] Tests run: 11, Failures: 0, Errors: 0, Skipped: 0, Time elapsed: 0.133 s - in uk.gov.pay.connector.gateway.worldpay.Worldpay3dsFlexCredentialsValidationServiceTest
[INFO] Running uk.gov.pay.connector.gateway.worldpay.WorldpayPaymentProviderTest
[INFO] Tests run: 25, Failures: 0, Errors: 0, Skipped: 0, Time elapsed: 0.451 s - in uk.gov.pay.connector.gateway.worldpay.WorldpayPaymentProviderTest
[INFO] Running uk.gov.pay.connector.gateway.worldpay.WorldpayAuthoriseHandlerTest
[INFO] Tests run: 19, Failures: 0, Errors: 0, Skipped: 0, Time elapsed: 0.743 s - in uk.gov.pay.connector.gateway.worldpay.WorldpayAuthoriseHandlerTest
[INFO] Running uk.gov.pay.connector.gateway.util.AuthorisationRequestSummaryStringifierTest
[INFO] Tests run: 2, Failures: 0, Errors: 0, Skipped: 0, Time elapsed: 0.015 s - in uk.gov.pay.connector.gateway.util.AuthorisationRequestSummaryStringifierTest
[INFO] Running uk.gov.pay.connector.gateway.util.AuthorisationRequestSummaryStructuredLoggingTest
[INFO] Tests run: 4, Failures: 0, Errors: 0, Skipped: 0, Time elapsed: 0.018 s - in uk.gov.pay.connector.gateway.util.AuthorisationRequestSummaryStructuredLoggingTest
[INFO] Running uk.gov.pay.connector.gateway.ChargeQueryResponseTest
[INFO] Tests run: 2, Failures: 0, Errors: 0, Skipped: 0, Time elapsed: 0.003 s - in uk.gov.pay.connector.gateway.ChargeQueryResponseTest
[INFO] Running uk.gov.pay.connector.gateway.smartpay.SmartpayNotificationServiceTest
WARNING: An illegal reflective access operation has occurred
WARNING: Illegal reflective access by com.fasterxml.jackson.databind.util.ClassUtil (file:/home/gabsko/.m2/repository/com/fasterxml/jackson/core/jackson-databind/2.13.4/jackson-databind-2.13.4.jar) to constructor java.util.Optional()
WARNING: Please consider reporting this to the maintainers of com.fasterxml.jackson.databind.util.ClassUtil
WARNING: Use --illegal-access=warn to enable warnings of further illegal reflective access operations
WARNING: All illegal access operations will be denied in a future release
[INFO] Tests run: 11, Failures: 0, Errors: 0, Skipped: 0, Time elapsed: 0.143 s - in uk.gov.pay.connector.gateway.smartpay.SmartpayNotificationServiceTest
[INFO] Running uk.gov.pay.connector.gateway.smartpay.SmartpayAuthorisationRequestSummaryTest
[INFO] Tests run: 6, Failures: 0, Errors: 0, Skipped: 0, Time elapsed: 0.005 s - in uk.gov.pay.connector.gateway.smartpay.SmartpayAuthorisationRequestSummaryTest
[INFO] Running uk.gov.pay.connector.gateway.stripe.StripePaymentProviderTest
[INFO] Tests run: 17, Failures: 0, Errors: 0, Skipped: 0, Time elapsed: 0.13 s - in uk.gov.pay.connector.gateway.stripe.StripePaymentProviderTest
[INFO] Running uk.gov.pay.connector.gateway.stripe.StripeFullTestCardNumbersTest
[INFO] Tests run: 5, Failures: 0, Errors: 0, Skipped: 0, Time elapsed: 0.003 s - in uk.gov.pay.connector.gateway.stripe.StripeFullTestCardNumbersTest
[INFO] Running uk.gov.pay.connector.gateway.stripe.handler.StripeDisputeHandlerTest
[INFO] Tests run: 2, Failures: 0, Errors: 0, Skipped: 0, Time elapsed: 0.011 s - in uk.gov.pay.connector.gateway.stripe.handler.StripeDisputeHandlerTest
[INFO] Running uk.gov.pay.connector.gateway.stripe.handler.StripeFailedPaymentFeeCollectionHandlerTest
[INFO] Tests run: 6, Failures: 0, Errors: 0, Skipped: 0, Time elapsed: 0.048 s - in uk.gov.pay.connector.gateway.stripe.handler.StripeFailedPaymentFeeCollectionHandlerTest
[INFO] Running uk.gov.pay.connector.gateway.stripe.StripeNotificationServiceTest
[INFO] Tests run: 26, Failures: 0, Errors: 0, Skipped: 0, Time elapsed: 1.25 s - in uk.gov.pay.connector.gateway.stripe.StripeNotificationServiceTest
[INFO] Running uk.gov.pay.connector.gateway.stripe.StripeAuthorisationRequestSummaryTest
[INFO] Tests run: 5, Failures: 0, Errors: 0, Skipped: 0, Time elapsed: 0.004 s - in uk.gov.pay.connector.gateway.stripe.StripeAuthorisationRequestSummaryTest
[INFO] Running uk.gov.pay.connector.gateway.stripe.request.StripeSubmitTestDisputeEvidenceRequestTest
[INFO] Tests run: 5, Failures: 0, Errors: 0, Skipped: 0, Time elapsed: 0.005 s - in uk.gov.pay.connector.gateway.stripe.request.StripeSubmitTestDisputeEvidenceRequestTest
[INFO] Running uk.gov.pay.connector.gateway.stripe.request.StripeTransferMetadataReasonTest
[INFO] Tests run: 5, Failures: 0, Errors: 0, Skipped: 0, Time elapsed: 0.003 s - in uk.gov.pay.connector.gateway.stripe.request.StripeTransferMetadataReasonTest
[INFO] Running uk.gov.pay.connector.gateway.stripe.request.StripePostRequestTest
[INFO] Tests run: 2, Failures: 0, Errors: 0, Skipped: 0, Time elapsed: 0.04 s - in uk.gov.pay.connector.gateway.stripe.request.StripePostRequestTest
[INFO] Running uk.gov.pay.connector.gateway.epdq.EpdqAuthorisationRequestSummaryTest
[INFO] Tests run: 8, Failures: 0, Errors: 0, Skipped: 0, Time elapsed: 0.005 s - in uk.gov.pay.connector.gateway.epdq.EpdqAuthorisationRequestSummaryTest
[INFO] Running uk.gov.pay.connector.gateway.epdq.EpdqNotificationServiceStatusMapperTest
[INFO] Tests run: 30, Failures: 0, Errors: 0, Skipped: 0, Time elapsed: 0.077 s - in uk.gov.pay.connector.gateway.epdq.EpdqNotificationServiceStatusMapperTest
[INFO] Running uk.gov.pay.connector.gateway.epdq.EpdqNotificationServiceTest
[INFO] Tests run: 11, Failures: 0, Errors: 0, Skipped: 0, Time elapsed: 0.014 s - in uk.gov.pay.connector.gateway.epdq.EpdqNotificationServiceTest
[INFO] Running uk.gov.pay.connector.gateway.sandbox.SandboxNotificationServiceTest
[INFO] Tests run: 3, Failures: 0, Errors: 0, Skipped: 0, Time elapsed: 0.002 s - in uk.gov.pay.connector.gateway.sandbox.SandboxNotificationServiceTest
[INFO] Running uk.gov.pay.connector.gateway.sandbox.SandboxAuthorisationRequestSummaryTest
[INFO] Tests run: 4, Failures: 0, Errors: 0, Skipped: 0, Time elapsed: 0.002 s - in uk.gov.pay.connector.gateway.sandbox.SandboxAuthorisationRequestSummaryTest
[INFO] Running uk.gov.pay.connector.gateway.sandbox.SandboxPaymentProviderTest
[INFO] Tests run: 10, Failures: 0, Errors: 0, Skipped: 0, Time elapsed: 0.013 s - in uk.gov.pay.connector.gateway.sandbox.SandboxPaymentProviderTest
[INFO] Running uk.gov.pay.connector.gatewayaccountcredentials.resource.GatewayAccountCredentialsResourceTest
[INFO] Tests run: 21, Failures: 0, Errors: 0, Skipped: 0, Time elapsed: 1.064 s - in uk.gov.pay.connector.gatewayaccountcredentials.resource.GatewayAccountCredentialsResourceTest
[INFO] Running uk.gov.pay.connector.gatewayaccountcredentials.service.GatewayAccountCredentialsServiceTest
[INFO] Running uk.gov.pay.connector.gatewayaccountcredentials.service.GatewayAccountCredentialsServiceTest$UpdateGatewayAccountCredentialsTest
[INFO] Tests run: 10, Failures: 0, Errors: 0, Skipped: 0, Time elapsed: 0.015 s - in uk.gov.pay.connector.gatewayaccountcredentials.service.GatewayAccountCredentialsServiceTest$UpdateGatewayAccountCredentialsTest
[INFO] Running uk.gov.pay.connector.gatewayaccountcredentials.service.GatewayAccountCredentialsServiceTest$CreateGatewayAccountCredentialsTest
[INFO] Tests run: 9, Failures: 0, Errors: 0, Skipped: 0, Time elapsed: 0.01 s - in uk.gov.pay.connector.gatewayaccountcredentials.service.GatewayAccountCredentialsServiceTest$CreateGatewayAccountCredentialsTest
[INFO] Running uk.gov.pay.connector.gatewayaccountcredentials.service.GatewayAccountCredentialsServiceTest$FindByCredentialsKeyValueTest
[INFO] Tests run: 3, Failures: 0, Errors: 0, Skipped: 0, Time elapsed: 0.004 s - in uk.gov.pay.connector.gatewayaccountcredentials.service.GatewayAccountCredentialsServiceTest$FindByCredentialsKeyValueTest
[INFO] Running uk.gov.pay.connector.gatewayaccountcredentials.service.GatewayAccountCredentialsServiceTest$FindCredentialFromChargeTest
[INFO] Tests run: 7, Failures: 0, Errors: 0, Skipped: 0, Time elapsed: 0.008 s - in uk.gov.pay.connector.gatewayaccountcredentials.service.GatewayAccountCredentialsServiceTest$FindCredentialFromChargeTest
[INFO] Running uk.gov.pay.connector.gatewayaccountcredentials.service.GatewayAccountCredentialsServiceTest$GetCurrentOrActiveCredentialTest
WARN  [2023-02-01 11:37:02,484] uk.gov.pay.connector.gatewayaccount.model.GatewayAccountEntity: Gateway account [id=1] has multiple credentials but no active credential found
[INFO] Tests run: 2, Failures: 0, Errors: 0, Skipped: 0, Time elapsed: 0.004 s - in uk.gov.pay.connector.gatewayaccountcredentials.service.GatewayAccountCredentialsServiceTest$GetCurrentOrActiveCredentialTest
[INFO] Running uk.gov.pay.connector.gatewayaccountcredentials.service.GatewayAccountCredentialsServiceTest$GetUsableCredentialsForProviderTest
ERROR [2023-02-01 11:37:02,492] uk.gov.pay.connector.util.ResponseUtil: [Multiple usable credentials exist for payment provider [%s], unable to determine which to use.]
[INFO] Tests run: 5, Failures: 0, Errors: 0, Skipped: 0, Time elapsed: 0.005 s - in uk.gov.pay.connector.gatewayaccountcredentials.service.GatewayAccountCredentialsServiceTest$GetUsableCredentialsForProviderTest
[INFO] Running uk.gov.pay.connector.gatewayaccountcredentials.service.GatewayAccountCredentialsServiceTest$ActivateCredentialIfNotYetActiveTest
[INFO] Tests run: 7, Failures: 0, Errors: 0, Skipped: 0, Time elapsed: 0.008 s - in uk.gov.pay.connector.gatewayaccountcredentials.service.GatewayAccountCredentialsServiceTest$ActivateCredentialIfNotYetActiveTest
[INFO] Tests run: 0, Failures: 0, Errors: 0, Skipped: 0, Time elapsed: 0.058 s - in uk.gov.pay.connector.gatewayaccountcredentials.service.GatewayAccountCredentialsServiceTest
[INFO] Running uk.gov.pay.connector.charge.model.domain.FeeTypeConverterTest
[INFO] Tests run: 9, Failures: 0, Errors: 0, Skipped: 0, Time elapsed: 0.007 s - in uk.gov.pay.connector.charge.model.domain.FeeTypeConverterTest
[INFO] Running uk.gov.pay.connector.charge.model.SourceDeserialiserTest
[INFO] Tests run: 6, Failures: 0, Errors: 0, Skipped: 0, Time elapsed: 0.128 s - in uk.gov.pay.connector.charge.model.SourceDeserialiserTest
[INFO] Running uk.gov.pay.connector.charge.resource.ChargesFrontendResourceTest
[INFO] Tests run: 3, Failures: 0, Errors: 0, Skipped: 0, Time elapsed: 0.157 s - in uk.gov.pay.connector.charge.resource.ChargesFrontendResourceTest
[INFO] Running uk.gov.pay.connector.charge.resource.ChargesApiResourceTest
ERROR [2023-02-01 11:37:02,928] uk.gov.pay.connector.util.JsonMappingExceptionMapper: Cannot deserialize value of type `uk.gov.service.payments.commons.model.AuthorisationMode` from String "foo": not one of the values accepted for Enum class: [moto_api, agreement, external, web]
 at [Source: (org.glassfish.jersey.message.internal.ReaderInterceptorExecutor$UnCloseableInputStream); line: 1, column: 92] (through reference chain: uk.gov.pay.connector.charge.model.ChargeCreateRequest["authorisation_mode"])
[INFO] Tests run: 2, Failures: 0, Errors: 0, Skipped: 0, Time elapsed: 0.153 s - in uk.gov.pay.connector.charge.resource.ChargesApiResourceTest
[INFO] Running uk.gov.pay.connector.charge.validation.ReturnUrlValidatorTest
[INFO] Tests run: 9, Failures: 0, Errors: 0, Skipped: 0, Time elapsed: 0.014 s - in uk.gov.pay.connector.charge.validation.ReturnUrlValidatorTest
[INFO] Running uk.gov.pay.connector.charge.service.ChargeEligibleForCaptureServiceTest
ERROR [2023-02-01 11:37:02,981] uk.gov.pay.connector.charge.service.ChargeEligibleForCaptureService: Exception sending charge [lqh0e62o3q2bfokn8u4523g173] to capture queue
[INFO] Tests run: 9, Failures: 0, Errors: 0, Skipped: 0, Time elapsed: 0.024 s - in uk.gov.pay.connector.charge.service.ChargeEligibleForCaptureServiceTest
[INFO] Running uk.gov.pay.connector.charge.service.ChargeServicePostAuthorisationTest
[INFO] Tests run: 2, Failures: 0, Errors: 0, Skipped: 0, Time elapsed: 0.097 s - in uk.gov.pay.connector.charge.service.ChargeServicePostAuthorisationTest
[INFO] Running uk.gov.pay.connector.charge.service.ChargeServiceCreateAgreementTest
[INFO] Tests run: 22, Failures: 0, Errors: 0, Skipped: 0, Time elapsed: 0.063 s - in uk.gov.pay.connector.charge.service.ChargeServiceCreateAgreementTest
[INFO] Running uk.gov.pay.connector.charge.service.LinkPaymentInstrumentToAgreementServiceTest
ERROR [2023-02-01 11:37:03,161] uk.gov.pay.connector.charge.service.LinkPaymentInstrumentToAgreementService: Charge f78tcdtre7445jef16djcn00ku references agreement I am very agreeable but that agreement does not exist
ERROR [2023-02-01 11:37:03,162] uk.gov.pay.connector.charge.service.LinkPaymentInstrumentToAgreementService: Expected charge a941p60kk29t5be125i8gvl5ca to have a payment instrument but it does not have one
ERROR [2023-02-01 11:37:03,163] uk.gov.pay.connector.charge.service.LinkPaymentInstrumentToAgreementService: Expected charge o70tbrps5vlejck0gdm5t8b5su to have an agreement but it does not have one
[INFO] Tests run: 4, Failures: 0, Errors: 0, Skipped: 0, Time elapsed: 0.007 s - in uk.gov.pay.connector.charge.service.LinkPaymentInstrumentToAgreementServiceTest
[INFO] Running uk.gov.pay.connector.charge.service.DelayedCaptureServiceTest
ERROR [2023-02-01 11:37:03,171] uk.gov.pay.connector.charge.service.DelayedCaptureService: Exception sending charge [b0bt07718439p261t42mcklg1c] to capture queue
[INFO] Tests run: 10, Failures: 0, Errors: 0, Skipped: 0, Time elapsed: 0.011 s - in uk.gov.pay.connector.charge.service.DelayedCaptureServiceTest
[INFO] Running uk.gov.pay.connector.charge.service.ChargeServiceCreateTest
[INFO] Tests run: 18, Failures: 0, Errors: 0, Skipped: 0, Time elapsed: 0.065 s - in uk.gov.pay.connector.charge.service.ChargeServiceCreateTest
[INFO] Running uk.gov.pay.connector.charge.service.ChargeServiceFindTest
[INFO] Tests run: 15, Failures: 0, Errors: 0, Skipped: 0, Time elapsed: 0.03 s - in uk.gov.pay.connector.charge.service.ChargeServiceFindTest
[INFO] Running uk.gov.pay.connector.charge.service.motoapi.MotoApiCardNumberValidationServiceTest
[INFO] Tests run: 10, Failures: 0, Errors: 0, Skipped: 0, Time elapsed: 0.018 s - in uk.gov.pay.connector.charge.service.motoapi.MotoApiCardNumberValidationServiceTest
[INFO] Running uk.gov.pay.connector.charge.service.ChargeServiceCreateTelephonePaymentTest
[INFO] Tests run: 9, Failures: 0, Errors: 0, Skipped: 0, Time elapsed: 0.017 s - in uk.gov.pay.connector.charge.service.ChargeServiceCreateTelephonePaymentTest
[INFO] Running uk.gov.pay.connector.charge.service.ChargeServiceTest
[INFO] Tests run: 17, Failures: 0, Errors: 0, Skipped: 0, Time elapsed: 0.039 s - in uk.gov.pay.connector.charge.service.ChargeServiceTest
[INFO] Running uk.gov.pay.connector.charge.service.ChargeServiceCreatePrefilledCardholderDetailsTest
[INFO] Tests run: 6, Failures: 0, Errors: 0, Skipped: 0, Time elapsed: 0.014 s - in uk.gov.pay.connector.charge.service.ChargeServiceCreatePrefilledCardholderDetailsTest
[INFO] Running uk.gov.pay.connector.charge.util.FixedCorporateCardSurchargeCalculatorTest
[INFO] Tests run: 24, Failures: 0, Errors: 0, Skipped: 0, Time elapsed: 0.008 s - in uk.gov.pay.connector.charge.util.FixedCorporateCardSurchargeCalculatorTest
[INFO] Running uk.gov.pay.connector.charge.util.PaymentInstrumentEntityToAuthCardDetailsConverterTest
[INFO] Tests run: 2, Failures: 0, Errors: 0, Skipped: 0, Time elapsed: 0.002 s - in uk.gov.pay.connector.charge.util.PaymentInstrumentEntityToAuthCardDetailsConverterTest
[INFO] Running uk.gov.pay.connector.charge.util.StripeFeeCalculatorTest
[INFO] Tests run: 4, Failures: 0, Errors: 0, Skipped: 0, Time elapsed: 0.002 s - in uk.gov.pay.connector.charge.util.StripeFeeCalculatorTest
[INFO] Running uk.gov.pay.connector.charge.util.RefundCalculatorTest
[INFO] Tests run: 5, Failures: 0, Errors: 0, Skipped: 0, Time elapsed: 0.002 s - in uk.gov.pay.connector.charge.util.RefundCalculatorTest
[INFO] Running uk.gov.pay.connector.charge.util.CorporateCardSurchargeCalculatorTest
[INFO] Tests run: 5, Failures: 0, Errors: 0, Skipped: 0, Time elapsed: 0.001 s - in uk.gov.pay.connector.charge.util.CorporateCardSurchargeCalculatorTest
[INFO] Running uk.gov.pay.connector.charge.util.AuthCardDetailsToCardDetailsEntityConverterTest
[INFO] Tests run: 8, Failures: 0, Errors: 0, Skipped: 0, Time elapsed: 0.009 s - in uk.gov.pay.connector.charge.util.AuthCardDetailsToCardDetailsEntityConverterTest
[INFO] Running uk.gov.pay.connector.service.GatewayAccountServiceTest
[INFO] Tests run: 42, Failures: 0, Errors: 0, Skipped: 0, Time elapsed: 0.054 s - in uk.gov.pay.connector.service.GatewayAccountServiceTest
[INFO] Running uk.gov.pay.connector.service.RefundServiceTest
WARN  [2023-02-01 11:37:03,505] uk.gov.pay.connector.refund.service.RefundService: Charge not available for refund - charge_external_id=chargeId, status=EXTERNAL_SUBMITTED, refund_status=unavailable, account_id=2, operation_type=Refund, provider=sandbox, provider_type=test
[INFO] Tests run: 22, Failures: 0, Errors: 0, Skipped: 0, Time elapsed: 0.067 s - in uk.gov.pay.connector.service.RefundServiceTest
[INFO] Running uk.gov.pay.connector.service.GatewayClientTest
WARN  [2023-02-01 11:37:03,531] uk.gov.pay.connector.gateway.GatewayClient: Exception for gateway url=http://www.example.com/worldpay/order, error message: java.net.SocketException: socket failed
! java.net.SocketException: socket failed
! at uk.gov.pay.connector.service.GatewayClientTest.shouldReturnGatewayErrorWhenProviderFailsWithAProcessingException(GatewayClientTest.java:92)
! ... 71 common frames omitted
! Causing: javax.ws.rs.ProcessingException: java.net.SocketException: socket failed
! at uk.gov.pay.connector.gateway.GatewayClient.lambda$postRequestFor$2(GatewayClient.java:72)
! at uk.gov.pay.connector.gateway.GatewayClient.executeRequest(GatewayClient.java:121)
! at uk.gov.pay.connector.gateway.GatewayClient.postRequestFor(GatewayClient.java:75)
! at uk.gov.pay.connector.gateway.GatewayClient.postRequestFor(GatewayClient.java:48)
! at uk.gov.pay.connector.service.GatewayClientTest.lambda$shouldReturnGatewayErrorWhenProviderFailsWithAProcessingException$2(GatewayClientTest.java:97)
! at org.junit.jupiter.api.AssertThrows.assertThrows(AssertThrows.java:53)
! at org.junit.jupiter.api.AssertThrows.assertThrows(AssertThrows.java:35)
! at org.junit.jupiter.api.Assertions.assertThrows(Assertions.java:3083)
! at uk.gov.pay.connector.service.GatewayClientTest.shouldReturnGatewayErrorWhenProviderFailsWithAProcessingException(GatewayClientTest.java:96)
! at java.base/jdk.internal.reflect.NativeMethodAccessorImpl.invoke0(Native Method)
! at java.base/jdk.internal.reflect.NativeMethodAccessorImpl.invoke(NativeMethodAccessorImpl.java:62)
! at java.base/jdk.internal.reflect.DelegatingMethodAccessorImpl.invoke(DelegatingMethodAccessorImpl.java:43)
! at java.base/java.lang.reflect.Method.invoke(Method.java:566)
! at org.junit.platform.commons.util.ReflectionUtils.invokeMethod(ReflectionUtils.java:727)
! at org.junit.jupiter.engine.execution.MethodInvocation.proceed(MethodInvocation.java:60)
! at org.junit.jupiter.engine.execution.InvocationInterceptorChain$ValidatingInvocation.proceed(InvocationInterceptorChain.java:131)
! at org.junit.jupiter.engine.extension.TimeoutExtension.intercept(TimeoutExtension.java:156)
! at org.junit.jupiter.engine.extension.TimeoutExtension.interceptTestableMethod(TimeoutExtension.java:147)
! at org.junit.jupiter.engine.extension.TimeoutExtension.interceptTestMethod(TimeoutExtension.java:86)
! at org.junit.jupiter.engine.execution.InterceptingExecutableInvoker$ReflectiveInterceptorCall.lambda$ofVoidMethod$0(InterceptingExecutableInvoker.java:103)
! at org.junit.jupiter.engine.execution.InterceptingExecutableInvoker.lambda$invoke$0(InterceptingExecutableInvoker.java:93)
! at org.junit.jupiter.engine.execution.InvocationInterceptorChain$InterceptedInvocation.proceed(InvocationInterceptorChain.java:106)
! at org.junit.jupiter.engine.execution.InvocationInterceptorChain.proceed(InvocationInterceptorChain.java:64)
! at org.junit.jupiter.engine.execution.InvocationInterceptorChain.chainAndInvoke(InvocationInterceptorChain.java:45)
! at org.junit.jupiter.engine.execution.InvocationInterceptorChain.invoke(InvocationInterceptorChain.java:37)
! at org.junit.jupiter.engine.execution.InterceptingExecutableInvoker.invoke(InterceptingExecutableInvoker.java:92)
! at org.junit.jupiter.engine.execution.InterceptingExecutableInvoker.invoke(InterceptingExecutableInvoker.java:86)
! at org.junit.jupiter.engine.descriptor.TestMethodTestDescriptor.lambda$invokeTestMethod$7(TestMethodTestDescriptor.java:217)
! at org.junit.platform.engine.support.hierarchical.ThrowableCollector.execute(ThrowableCollector.java:73)
! at org.junit.jupiter.engine.descriptor.TestMethodTestDescriptor.invokeTestMethod(TestMethodTestDescriptor.java:213)
! at org.junit.jupiter.engine.descriptor.TestMethodTestDescriptor.execute(TestMethodTestDescriptor.java:138)
! at org.junit.jupiter.engine.descriptor.TestMethodTestDescriptor.execute(TestMethodTestDescriptor.java:68)
! at org.junit.platform.engine.support.hierarchical.NodeTestTask.lambda$executeRecursively$6(NodeTestTask.java:151)
! at org.junit.platform.engine.support.hierarchical.ThrowableCollector.execute(ThrowableCollector.java:73)
! at org.junit.platform.engine.support.hierarchical.NodeTestTask.lambda$executeRecursively$8(NodeTestTask.java:141)
! at org.junit.platform.engine.support.hierarchical.Node.around(Node.java:137)
! at org.junit.platform.engine.support.hierarchical.NodeTestTask.lambda$executeRecursively$9(NodeTestTask.java:139)
! at org.junit.platform.engine.support.hierarchical.ThrowableCollector.execute(ThrowableCollector.java:73)
! at org.junit.platform.engine.support.hierarchical.NodeTestTask.executeRecursively(NodeTestTask.java:138)
! at org.junit.platform.engine.support.hierarchical.NodeTestTask.execute(NodeTestTask.java:95)
! at java.base/java.util.ArrayList.forEach(ArrayList.java:1541)
! at org.junit.platform.engine.support.hierarchical.SameThreadHierarchicalTestExecutorService.invokeAll(SameThreadHierarchicalTestExecutorService.java:41)
! at org.junit.platform.engine.support.hierarchical.NodeTestTask.lambda$executeRecursively$6(NodeTestTask.java:155)
! at org.junit.platform.engine.support.hierarchical.ThrowableCollector.execute(ThrowableCollector.java:73)
! at org.junit.platform.engine.support.hierarchical.NodeTestTask.lambda$executeRecursively$8(NodeTestTask.java:141)
! at org.junit.platform.engine.support.hierarchical.Node.around(Node.java:137)
! at org.junit.platform.engine.support.hierarchical.NodeTestTask.lambda$executeRecursively$9(NodeTestTask.java:139)
! at org.junit.platform.engine.support.hierarchical.ThrowableCollector.execute(ThrowableCollector.java:73)
! at org.junit.platform.engine.support.hierarchical.NodeTestTask.executeRecursively(NodeTestTask.java:138)
! at org.junit.platform.engine.support.hierarchical.NodeTestTask.execute(NodeTestTask.java:95)
! at java.base/java.util.ArrayList.forEach(ArrayList.java:1541)
! at org.junit.platform.engine.support.hierarchical.SameThreadHierarchicalTestExecutorService.invokeAll(SameThreadHierarchicalTestExecutorService.java:41)
! at org.junit.platform.engine.support.hierarchical.NodeTestTask.lambda$executeRecursively$6(NodeTestTask.java:155)
! at org.junit.platform.engine.support.hierarchical.ThrowableCollector.execute(ThrowableCollector.java:73)
! at org.junit.platform.engine.support.hierarchical.NodeTestTask.lambda$executeRecursively$8(NodeTestTask.java:141)
! at org.junit.platform.engine.support.hierarchical.Node.around(Node.java:137)
! at org.junit.platform.engine.support.hierarchical.NodeTestTask.lambda$executeRecursively$9(NodeTestTask.java:139)
! at org.junit.platform.engine.support.hierarchical.ThrowableCollector.execute(ThrowableCollector.java:73)
! at org.junit.platform.engine.support.hierarchical.NodeTestTask.executeRecursively(NodeTestTask.java:138)
! at org.junit.platform.engine.support.hierarchical.NodeTestTask.execute(NodeTestTask.java:95)
! at org.junit.platform.engine.support.hierarchical.SameThreadHierarchicalTestExecutorService.submit(SameThreadHierarchicalTestExecutorService.java:35)
! at org.junit.platform.engine.support.hierarchical.HierarchicalTestExecutor.execute(HierarchicalTestExecutor.java:57)
! at org.junit.platform.engine.support.hierarchical.HierarchicalTestEngine.execute(HierarchicalTestEngine.java:54)
! at org.junit.platform.launcher.core.EngineExecutionOrchestrator.execute(EngineExecutionOrchestrator.java:147)
! at org.junit.platform.launcher.core.EngineExecutionOrchestrator.execute(EngineExecutionOrchestrator.java:127)
! at org.junit.platform.launcher.core.EngineExecutionOrchestrator.execute(EngineExecutionOrchestrator.java:90)
! at org.junit.platform.launcher.core.EngineExecutionOrchestrator.lambda$execute$0(EngineExecutionOrchestrator.java:55)
! at org.junit.platform.launcher.core.EngineExecutionOrchestrator.withInterceptedStreams(EngineExecutionOrchestrator.java:102)
! at org.junit.platform.launcher.core.EngineExecutionOrchestrator.execute(EngineExecutionOrchestrator.java:54)
! at org.junit.platform.launcher.core.DefaultLauncher.execute(DefaultLauncher.java:114)
! at org.junit.platform.launcher.core.DefaultLauncher.execute(DefaultLauncher.java:86)
! at org.junit.platform.launcher.core.DefaultLauncherSession$DelegatingLauncher.execute(DefaultLauncherSession.java:86)
! at org.apache.maven.surefire.junitplatform.LazyLauncher.execute(LazyLauncher.java:55)
! at org.apache.maven.surefire.junitplatform.JUnitPlatformProvider.execute(JUnitPlatformProvider.java:223)
! at org.apache.maven.surefire.junitplatform.JUnitPlatformProvider.invokeAllTests(JUnitPlatformProvider.java:175)
! at org.apache.maven.surefire.junitplatform.JUnitPlatformProvider.invoke(JUnitPlatformProvider.java:139)
! at org.apache.maven.surefire.booter.ForkedBooter.runSuitesInProcess(ForkedBooter.java:456)
! at org.apache.maven.surefire.booter.ForkedBooter.execute(ForkedBooter.java:169)
! at org.apache.maven.surefire.booter.ForkedBooter.run(ForkedBooter.java:595)
! at org.apache.maven.surefire.booter.ForkedBooter.main(ForkedBooter.java:581)
WARN  [2023-02-01 11:37:03,534] uk.gov.pay.connector.gateway.GatewayClient: Exception for gateway url=http://www.example.com/worldpay/order, error message: java.net.SocketException: socket failed
! java.net.SocketException: socket failed
! at uk.gov.pay.connector.service.GatewayClientTest.getRequestShouldReturnGatewayErrorWhenProviderFailsWithAProcessingException(GatewayClientTest.java:132)
! ... 71 common frames omitted
! Causing: javax.ws.rs.ProcessingException: java.net.SocketException: socket failed
! at uk.gov.pay.connector.gateway.GatewayClient.lambda$getRequestFor$5(GatewayClient.java:105)
! at uk.gov.pay.connector.gateway.GatewayClient.executeRequest(GatewayClient.java:121)
! at uk.gov.pay.connector.gateway.GatewayClient.getRequestFor(GatewayClient.java:108)
! at uk.gov.pay.connector.service.GatewayClientTest.lambda$getRequestShouldReturnGatewayErrorWhenProviderFailsWithAProcessingException$5(GatewayClientTest.java:135)
! at org.junit.jupiter.api.AssertThrows.assertThrows(AssertThrows.java:53)
! at org.junit.jupiter.api.AssertThrows.assertThrows(AssertThrows.java:35)
! at org.junit.jupiter.api.Assertions.assertThrows(Assertions.java:3083)
! at uk.gov.pay.connector.service.GatewayClientTest.getRequestShouldReturnGatewayErrorWhenProviderFailsWithAProcessingException(GatewayClientTest.java:134)
! at java.base/jdk.internal.reflect.NativeMethodAccessorImpl.invoke0(Native Method)
! at java.base/jdk.internal.reflect.NativeMethodAccessorImpl.invoke(NativeMethodAccessorImpl.java:62)
! at java.base/jdk.internal.reflect.DelegatingMethodAccessorImpl.invoke(DelegatingMethodAccessorImpl.java:43)
! at java.base/java.lang.reflect.Method.invoke(Method.java:566)
! at org.junit.platform.commons.util.ReflectionUtils.invokeMethod(ReflectionUtils.java:727)
! at org.junit.jupiter.engine.execution.MethodInvocation.proceed(MethodInvocation.java:60)
! at org.junit.jupiter.engine.execution.InvocationInterceptorChain$ValidatingInvocation.proceed(InvocationInterceptorChain.java:131)
! at org.junit.jupiter.engine.extension.TimeoutExtension.intercept(TimeoutExtension.java:156)
! at org.junit.jupiter.engine.extension.TimeoutExtension.interceptTestableMethod(TimeoutExtension.java:147)
! at org.junit.jupiter.engine.extension.TimeoutExtension.interceptTestMethod(TimeoutExtension.java:86)
! at org.junit.jupiter.engine.execution.InterceptingExecutableInvoker$ReflectiveInterceptorCall.lambda$ofVoidMethod$0(InterceptingExecutableInvoker.java:103)
! at org.junit.jupiter.engine.execution.InterceptingExecutableInvoker.lambda$invoke$0(InterceptingExecutableInvoker.java:93)
! at org.junit.jupiter.engine.execution.InvocationInterceptorChain$InterceptedInvocation.proceed(InvocationInterceptorChain.java:106)
! at org.junit.jupiter.engine.execution.InvocationInterceptorChain.proceed(InvocationInterceptorChain.java:64)
! at org.junit.jupiter.engine.execution.InvocationInterceptorChain.chainAndInvoke(InvocationInterceptorChain.java:45)
! at org.junit.jupiter.engine.execution.InvocationInterceptorChain.invoke(InvocationInterceptorChain.java:37)
! at org.junit.jupiter.engine.execution.InterceptingExecutableInvoker.invoke(InterceptingExecutableInvoker.java:92)
! at org.junit.jupiter.engine.execution.InterceptingExecutableInvoker.invoke(InterceptingExecutableInvoker.java:86)
! at org.junit.jupiter.engine.descriptor.TestMethodTestDescriptor.lambda$invokeTestMethod$7(TestMethodTestDescriptor.java:217)
! at org.junit.platform.engine.support.hierarchical.ThrowableCollector.execute(ThrowableCollector.java:73)
! at org.junit.jupiter.engine.descriptor.TestMethodTestDescriptor.invokeTestMethod(TestMethodTestDescriptor.java:213)
! at org.junit.jupiter.engine.descriptor.TestMethodTestDescriptor.execute(TestMethodTestDescriptor.java:138)
! at org.junit.jupiter.engine.descriptor.TestMethodTestDescriptor.execute(TestMethodTestDescriptor.java:68)
! at org.junit.platform.engine.support.hierarchical.NodeTestTask.lambda$executeRecursively$6(NodeTestTask.java:151)
! at org.junit.platform.engine.support.hierarchical.ThrowableCollector.execute(ThrowableCollector.java:73)
! at org.junit.platform.engine.support.hierarchical.NodeTestTask.lambda$executeRecursively$8(NodeTestTask.java:141)
! at org.junit.platform.engine.support.hierarchical.Node.around(Node.java:137)
! at org.junit.platform.engine.support.hierarchical.NodeTestTask.lambda$executeRecursively$9(NodeTestTask.java:139)
! at org.junit.platform.engine.support.hierarchical.ThrowableCollector.execute(ThrowableCollector.java:73)
! at org.junit.platform.engine.support.hierarchical.NodeTestTask.executeRecursively(NodeTestTask.java:138)
! at org.junit.platform.engine.support.hierarchical.NodeTestTask.execute(NodeTestTask.java:95)
! at java.base/java.util.ArrayList.forEach(ArrayList.java:1541)
! at org.junit.platform.engine.support.hierarchical.SameThreadHierarchicalTestExecutorService.invokeAll(SameThreadHierarchicalTestExecutorService.java:41)
! at org.junit.platform.engine.support.hierarchical.NodeTestTask.lambda$executeRecursively$6(NodeTestTask.java:155)
! at org.junit.platform.engine.support.hierarchical.ThrowableCollector.execute(ThrowableCollector.java:73)
! at org.junit.platform.engine.support.hierarchical.NodeTestTask.lambda$executeRecursively$8(NodeTestTask.java:141)
! at org.junit.platform.engine.support.hierarchical.Node.around(Node.java:137)
! at org.junit.platform.engine.support.hierarchical.NodeTestTask.lambda$executeRecursively$9(NodeTestTask.java:139)
! at org.junit.platform.engine.support.hierarchical.ThrowableCollector.execute(ThrowableCollector.java:73)
! at org.junit.platform.engine.support.hierarchical.NodeTestTask.executeRecursively(NodeTestTask.java:138)
! at org.junit.platform.engine.support.hierarchical.NodeTestTask.execute(NodeTestTask.java:95)
! at java.base/java.util.ArrayList.forEach(ArrayList.java:1541)
! at org.junit.platform.engine.support.hierarchical.SameThreadHierarchicalTestExecutorService.invokeAll(SameThreadHierarchicalTestExecutorService.java:41)
! at org.junit.platform.engine.support.hierarchical.NodeTestTask.lambda$executeRecursively$6(NodeTestTask.java:155)
! at org.junit.platform.engine.support.hierarchical.ThrowableCollector.execute(ThrowableCollector.java:73)
! at org.junit.platform.engine.support.hierarchical.NodeTestTask.lambda$executeRecursively$8(NodeTestTask.java:141)
! at org.junit.platform.engine.support.hierarchical.Node.around(Node.java:137)
! at org.junit.platform.engine.support.hierarchical.NodeTestTask.lambda$executeRecursively$9(NodeTestTask.java:139)
! at org.junit.platform.engine.support.hierarchical.ThrowableCollector.execute(ThrowableCollector.java:73)
! at org.junit.platform.engine.support.hierarchical.NodeTestTask.executeRecursively(NodeTestTask.java:138)
! at org.junit.platform.engine.support.hierarchical.NodeTestTask.execute(NodeTestTask.java:95)
! at org.junit.platform.engine.support.hierarchical.SameThreadHierarchicalTestExecutorService.submit(SameThreadHierarchicalTestExecutorService.java:35)
! at org.junit.platform.engine.support.hierarchical.HierarchicalTestExecutor.execute(HierarchicalTestExecutor.java:57)
! at org.junit.platform.engine.support.hierarchical.HierarchicalTestEngine.execute(HierarchicalTestEngine.java:54)
! at org.junit.platform.launcher.core.EngineExecutionOrchestrator.execute(EngineExecutionOrchestrator.java:147)
! at org.junit.platform.launcher.core.EngineExecutionOrchestrator.execute(EngineExecutionOrchestrator.java:127)
! at org.junit.platform.launcher.core.EngineExecutionOrchestrator.execute(EngineExecutionOrchestrator.java:90)
! at org.junit.platform.launcher.core.EngineExecutionOrchestrator.lambda$execute$0(EngineExecutionOrchestrator.java:55)
! at org.junit.platform.launcher.core.EngineExecutionOrchestrator.withInterceptedStreams(EngineExecutionOrchestrator.java:102)
! at org.junit.platform.launcher.core.EngineExecutionOrchestrator.execute(EngineExecutionOrchestrator.java:54)
! at org.junit.platform.launcher.core.DefaultLauncher.execute(DefaultLauncher.java:114)
! at org.junit.platform.launcher.core.DefaultLauncher.execute(DefaultLauncher.java:86)
! at org.junit.platform.launcher.core.DefaultLauncherSession$DelegatingLauncher.execute(DefaultLauncherSession.java:86)
! at org.apache.maven.surefire.junitplatform.LazyLauncher.execute(LazyLauncher.java:55)
! at org.apache.maven.surefire.junitplatform.JUnitPlatformProvider.execute(JUnitPlatformProvider.java:223)
! at org.apache.maven.surefire.junitplatform.JUnitPlatformProvider.invokeAllTests(JUnitPlatformProvider.java:175)
! at org.apache.maven.surefire.junitplatform.JUnitPlatformProvider.invoke(JUnitPlatformProvider.java:139)
! at org.apache.maven.surefire.booter.ForkedBooter.runSuitesInProcess(ForkedBooter.java:456)
! at org.apache.maven.surefire.booter.ForkedBooter.execute(ForkedBooter.java:169)
! at org.apache.maven.surefire.booter.ForkedBooter.run(ForkedBooter.java:595)
! at org.apache.maven.surefire.booter.ForkedBooter.main(ForkedBooter.java:581)
WARN  [2023-02-01 11:37:03,537] uk.gov.pay.connector.gateway.GatewayClient: Gateway returned unexpected status code: 500, for gateway url=http://www.example.com/worldpay/order with type test with order request type authorise
WARN  [2023-02-01 11:37:03,540] uk.gov.pay.connector.gateway.GatewayClient: Gateway returned unexpected status code: 500, for gateway url=http://www.example.com/worldpay/order with type test with order request type query
[INFO] Tests run: 7, Failures: 0, Errors: 0, Skipped: 0, Time elapsed: 0.02 s - in uk.gov.pay.connector.service.GatewayClientTest
[INFO] Running uk.gov.pay.connector.gatewayaccount.model.GatewayAccountResourceDTOTest
[INFO] Tests run: 1, Failures: 0, Errors: 0, Skipped: 0, Time elapsed: 0.001 s - in uk.gov.pay.connector.gatewayaccount.model.GatewayAccountResourceDTOTest
[INFO] Running uk.gov.pay.connector.gatewayaccount.model.GatewayAccountEntityTest
WARN  [2023-02-01 11:37:03,546] uk.gov.pay.connector.gatewayaccount.model.GatewayAccountEntity: Gateway account [id=1] has multiple credentials but no active credential found
WARN  [2023-02-01 11:37:03,548] uk.gov.pay.connector.gatewayaccount.model.GatewayAccountEntity: Gateway account [id=1] has multiple credentials but no active credential found
WARN  [2023-02-01 11:37:03,549] uk.gov.pay.connector.gatewayaccount.model.GatewayAccountEntity: Gateway account [id=1] has multiple credentials but no active credential found
[INFO] Tests run: 17, Failures: 0, Errors: 0, Skipped: 0, Time elapsed: 0.009 s - in uk.gov.pay.connector.gatewayaccount.model.GatewayAccountEntityTest
[INFO] Running uk.gov.pay.connector.gatewayaccount.resource.GatewayAccountResourceSwitchPspValidationTest
ERROR [2023-02-01 11:37:03,680] uk.gov.pay.connector.gatewayaccount.resource.GatewayAccountResource: Switching Payment Provider failure: Account credential with id [7604f8eb25c346c99bad4ac952f69407] not found.
ERROR [2023-02-01 11:37:03,683] uk.gov.pay.connector.gatewayaccount.resource.GatewayAccountResource: Switching Payment Provider failure: Account has no credential to switch to/from
ERROR [2023-02-01 11:37:03,687] uk.gov.pay.connector.gatewayaccount.resource.GatewayAccountResource: Switching Payment Provider failure: Credential with id [4a1398c660d343d3bef9e4fdaf951487] is not in correct state.
ERROR [2023-02-01 11:37:03,691] uk.gov.pay.connector.gatewayaccount.resource.GatewayAccountResource: Switching Payment Provider failure: Account credential with ACTIVE state not found.
[INFO] Tests run: 7, Failures: 0, Errors: 0, Skipped: 0, Time elapsed: 0.137 s - in uk.gov.pay.connector.gatewayaccount.resource.GatewayAccountResourceSwitchPspValidationTest
[INFO] Running uk.gov.pay.connector.gatewayaccount.resource.GatewayAccountRequestValidatorTest
[INFO] Tests run: 57, Failures: 0, Errors: 0, Skipped: 0, Time elapsed: 0.089 s - in uk.gov.pay.connector.gatewayaccount.resource.GatewayAccountRequestValidatorTest
[INFO] Running uk.gov.pay.connector.gatewayaccount.resource.GatewayAccountResourceValidationTest
ERROR [2023-02-01 11:37:03,878] uk.gov.pay.connector.common.exception.ValidationExceptionMapper: Value [false] must be of type boolean for path [allow_zero_amount]
ERROR [2023-02-01 11:37:03,908] uk.gov.pay.connector.common.exception.ValidationExceptionMapper: Operation [add] is not valid for path [corporate_debit_card_surcharge_amount]
ERROR [2023-02-01 11:37:03,910] uk.gov.pay.connector.common.exception.ValidationExceptionMapper: Value [] is not valid for path [corporate_credit_card_surcharge_amount]
ERROR [2023-02-01 11:37:03,911] uk.gov.pay.connector.common.exception.ValidationExceptionMapper: Value [-100] is not valid for path [corporate_credit_card_surcharge_amount]
ERROR [2023-02-01 11:37:03,913] uk.gov.pay.connector.common.exception.ValidationExceptionMapper: Field [value] is required
ERROR [2023-02-01 11:37:03,915] uk.gov.pay.connector.common.exception.ValidationExceptionMapper: Value [not zero or a positive number that can be represented as a long] is not valid for path [corporate_debit_card_surcharge_amount]
ERROR [2023-02-01 11:37:03,917] uk.gov.pay.connector.common.exception.ValidationExceptionMapper: Field [value] is required
[INFO] Tests run: 10, Failures: 0, Errors: 0, Skipped: 0, Time elapsed: 0.134 s - in uk.gov.pay.connector.gatewayaccount.resource.GatewayAccountResourceValidationTest
[INFO] Running uk.gov.pay.connector.gatewayaccount.validation.Worldpay3DsFlexIssuerOrOrganisationalUnitIdValidatorTest
[INFO] Tests run: 7, Failures: 0, Errors: 0, Skipped: 0, Time elapsed: 0.003 s - in uk.gov.pay.connector.gatewayaccount.validation.Worldpay3DsFlexIssuerOrOrganisationalUnitIdValidatorTest
[INFO] Running uk.gov.pay.connector.gatewayaccount.validation.Worldpay3dsFlexJwtMacKeyValidatorTest
[INFO] Tests run: 9, Failures: 0, Errors: 0, Skipped: 0, Time elapsed: 0.004 s - in uk.gov.pay.connector.gatewayaccount.validation.Worldpay3dsFlexJwtMacKeyValidatorTest
[INFO] Running uk.gov.pay.connector.gatewayaccount.service.Worldpay3dsFlexCredentialsServiceTest
WARN  [2023-02-01 11:37:03,938] uk.gov.pay.connector.gatewayaccount.model.GatewayAccountEntity: Gateway account [id=1] has multiple credentials but no active credential found
[INFO] Tests run: 2, Failures: 0, Errors: 0, Skipped: 0, Time elapsed: 0.011 s - in uk.gov.pay.connector.gatewayaccount.service.Worldpay3dsFlexCredentialsServiceTest
[INFO] Running uk.gov.pay.connector.events.model.charge.PaymentDisputedTest
[INFO] Tests run: 1, Failures: 0, Errors: 0, Skipped: 0, Time elapsed: 0.052 s - in uk.gov.pay.connector.events.model.charge.PaymentDisputedTest
[INFO] Running uk.gov.pay.connector.events.model.charge.PaymentNotificationCreatedTest
[INFO] Tests run: 3, Failures: 0, Errors: 0, Skipped: 0, Time elapsed: 0.017 s - in uk.gov.pay.connector.events.model.charge.PaymentNotificationCreatedTest
[INFO] Running uk.gov.pay.connector.events.model.charge.PaymentDetailsSubmittedByAPITest
[INFO] Tests run: 2, Failures: 0, Errors: 0, Skipped: 0, Time elapsed: 0.01 s - in uk.gov.pay.connector.events.model.charge.PaymentDetailsSubmittedByAPITest
[INFO] Running uk.gov.pay.connector.events.model.charge.Gateway3dsExemptionResultObtainedTest
[INFO] Tests run: 2, Failures: 0, Errors: 0, Skipped: 0, Time elapsed: 0.006 s - in uk.gov.pay.connector.events.model.charge.Gateway3dsExemptionResultObtainedTest
[INFO] Running uk.gov.pay.connector.events.model.charge.FeeIncurredEventTest
[INFO] Tests run: 2, Failures: 0, Errors: 0, Skipped: 0, Time elapsed: 0.014 s - in uk.gov.pay.connector.events.model.charge.FeeIncurredEventTest
[INFO] Running uk.gov.pay.connector.events.model.charge.Gateway3dsInfoObtainedTest
[INFO] Tests run: 2, Failures: 0, Errors: 0, Skipped: 0, Time elapsed: 0.006 s - in uk.gov.pay.connector.events.model.charge.Gateway3dsInfoObtainedTest
[INFO] Running uk.gov.pay.connector.events.model.charge.PaymentCreatedTest
[INFO] Tests run: 19, Failures: 0, Errors: 0, Skipped: 0, Time elapsed: 0.072 s - in uk.gov.pay.connector.events.model.charge.PaymentCreatedTest
[INFO] Running uk.gov.pay.connector.events.model.refund.RefundIncludedInPayoutTest
[INFO] Tests run: 1, Failures: 0, Errors: 0, Skipped: 0, Time elapsed: 0.004 s - in uk.gov.pay.connector.events.model.refund.RefundIncludedInPayoutTest
[INFO] Running uk.gov.pay.connector.events.model.dispute.DisputeLostTest
[INFO] Tests run: 3, Failures: 0, Errors: 0, Skipped: 0, Time elapsed: 0.006 s - in uk.gov.pay.connector.events.model.dispute.DisputeLostTest
[INFO] Running uk.gov.pay.connector.events.model.dispute.DisputeIncludedInPayoutTest
[INFO] Tests run: 1, Failures: 0, Errors: 0, Skipped: 0, Time elapsed: 0.002 s - in uk.gov.pay.connector.events.model.dispute.DisputeIncludedInPayoutTest
[INFO] Running uk.gov.pay.connector.events.model.dispute.DisputeCreatedTest
[INFO] Tests run: 1, Failures: 0, Errors: 0, Skipped: 0, Time elapsed: 0.005 s - in uk.gov.pay.connector.events.model.dispute.DisputeCreatedTest
[INFO] Running uk.gov.pay.connector.paymentprocessor.resource.CardResourceTest
[INFO] Tests run: 39, Failures: 0, Errors: 0, Skipped: 0, Time elapsed: 0.273 s - in uk.gov.pay.connector.paymentprocessor.resource.CardResourceTest
[INFO] Running uk.gov.pay.connector.paymentprocessor.service.QueryServiceTest
[INFO] Tests run: 5, Failures: 0, Errors: 0, Skipped: 0, Time elapsed: 0.006 s - in uk.gov.pay.connector.paymentprocessor.service.QueryServiceTest
[INFO] Running uk.gov.pay.connector.paymentprocessor.service.WorldpayCardAuthoriseServiceTest
[INFO] Tests run: 7, Failures: 0, Errors: 0, Skipped: 0, Time elapsed: 0.058 s - in uk.gov.pay.connector.paymentprocessor.service.WorldpayCardAuthoriseServiceTest
[INFO] Running uk.gov.pay.connector.paymentprocessor.service.DiscrepancyServiceTest
[INFO] Tests run: 6, Failures: 0, Errors: 0, Skipped: 0, Time elapsed: 0.01 s - in uk.gov.pay.connector.paymentprocessor.service.DiscrepancyServiceTest
[INFO] Running uk.gov.pay.connector.paymentprocessor.service.CardAuthoriseServiceTest
WARN  [2023-02-01 11:37:04,535] uk.gov.pay.connector.charge.model.domain.ChargeEntity: Charge with state UNDEFINED cannot proceed to AUTHORISATION READY [charge_external_id=kr2je50n24k22m5di4th3cgj6t, charge_status=AUTHORISATION READY, event=Event{resourceExternalId='null', eventDetails=uk.gov.pay.connector.events.eventdetails.EmptyEventDetails, timestamp=null}]
WARN  [2023-02-01 11:37:04,540] uk.gov.pay.connector.paymentprocessor.service.AuthorisationService: AuthCardDetails authorisation response received with no transaction id. -  charge_external_id=onif7772reia9tf9stge1t7res
WARN  [2023-02-01 11:37:04,546] uk.gov.pay.connector.paymentprocessor.service.AuthorisationService: AuthCardDetails authorisation response received with no transaction id. -  charge_external_id=gd6uqcie55v08p3qglptdmug3d
WARN  [2023-02-01 11:37:04,548] uk.gov.pay.connector.paymentprocessor.service.AuthorisationService: AuthCardDetails authorisation response received with no transaction id. -  charge_external_id=ha1l114i71qh96ocut69ask4l5
WARN  [2023-02-01 11:37:04,557] uk.gov.pay.connector.paymentprocessor.service.AuthorisationService: AuthCardDetails authorisation response received with no transaction id. -  charge_external_id=2eqn96hhkf61nfr7n96v9daun0
WARN  [2023-02-01 11:37:04,570] uk.gov.pay.connector.paymentprocessor.service.AuthorisationService: AuthCardDetails authorisation response received with no transaction id. -  charge_external_id=41ul89m9lel615a3dov1m5umm8
WARN  [2023-02-01 11:37:04,575] uk.gov.pay.connector.paymentprocessor.service.AuthorisationService: AuthCardDetails authorisation response received with no transaction id. -  charge_external_id=d5arifuij5rcj1ce3qgqjclbgl
WARN  [2023-02-01 11:37:04,582] uk.gov.pay.connector.paymentprocessor.service.AuthorisationService: AuthCardDetails authorisation response received with no transaction id. -  charge_external_id=dcr75khup7qlp9mug0si1fsf1e
WARN  [2023-02-01 11:37:04,585] uk.gov.pay.connector.charge.model.domain.ChargeEntity: Charge with state AUTHORISATION READY cannot proceed to AUTHORISATION READY [charge_external_id=emu409brjnkmfhe89cv68ij4dn, charge_status=AUTHORISATION READY, event=Event{resourceExternalId='null', eventDetails=uk.gov.pay.connector.events.eventdetails.EmptyEventDetails, timestamp=null}]
WARN  [2023-02-01 11:37:04,591] uk.gov.pay.connector.paymentprocessor.service.AuthorisationService: AuthCardDetails authorisation response received with no transaction id. -  charge_external_id=grvt0819v4siijblqh6jituie6
ERROR [2023-02-01 11:37:04,594] uk.gov.pay.connector.paymentprocessor.service.CardAuthoriseService: AuthCardDetails authorisation failed pre operation. Card brand requires 3ds but Gateway account has 3ds disabled - charge_external_id=u3nlsl541obue0doi3m7i7qvrr, operation_type=Authorisation, card_brand=visa
WARN  [2023-02-01 11:37:04,608] uk.gov.pay.connector.paymentprocessor.service.AuthorisationService: AuthCardDetails authorisation response received with no transaction id. -  charge_external_id=bf6j3o64kb44k3mat9j652ntpk
WARN  [2023-02-01 11:37:04,614] uk.gov.pay.connector.paymentprocessor.service.AuthorisationService: AuthCardDetails authorisation response received with no transaction id. -  charge_external_id=9btc55k0ena4hlsee3okfa4adt
WARN  [2023-02-01 11:37:04,616] uk.gov.pay.connector.charge.model.domain.ChargeEntity: Charge with state UNDEFINED cannot proceed to AUTHORISATION READY [charge_external_id=2ukd5j98t1rqr7e47io2pc1spj, charge_status=AUTHORISATION READY, event=Event{resourceExternalId='null', eventDetails=uk.gov.pay.connector.events.eventdetails.EmptyEventDetails, timestamp=null}]
[WARNING] Tests run: 39, Failures: 0, Errors: 0, Skipped: 1, Time elapsed: 0.123 s - in uk.gov.pay.connector.paymentprocessor.service.CardAuthoriseServiceTest
[INFO] Running uk.gov.pay.connector.paymentinstrument.service.PaymentInstrumentServiceTest
[INFO] Tests run: 1, Failures: 0, Errors: 0, Skipped: 0, Time elapsed: 0.009 s - in uk.gov.pay.connector.paymentinstrument.service.PaymentInstrumentServiceTest
[INFO] Running uk.gov.pay.connector.util.AcceptLanguageHeaderParserTest
[INFO] Tests run: 1, Failures: 0, Errors: 0, Skipped: 0, Time elapsed: 0 s - in uk.gov.pay.connector.util.AcceptLanguageHeaderParserTest
[INFO] Running uk.gov.pay.connector.util.CidrUtilsTest
[INFO] Tests run: 3, Failures: 0, Errors: 0, Skipped: 0, Time elapsed: 0.001 s - in uk.gov.pay.connector.util.CidrUtilsTest
[INFO] Running uk.gov.pay.connector.util.IpAddressMatcherTest
[INFO] Tests run: 9, Failures: 0, Errors: 0, Skipped: 0, Time elapsed: 0.002 s - in uk.gov.pay.connector.util.IpAddressMatcherTest
[INFO] Running uk.gov.pay.connector.queue.tasks.TaskQueueServiceTest
WARN  [2023-02-01 11:37:04,648] uk.gov.pay.connector.queue.tasks.TaskQueueService: Error adding payment task message to queue
ERROR [2023-02-01 11:37:04,690] uk.gov.pay.connector.queue.tasks.TaskQueueService: Error adding task to queue
[INFO] Tests run: 10, Failures: 0, Errors: 0, Skipped: 0, Time elapsed: 0.055 s - in uk.gov.pay.connector.queue.tasks.TaskQueueServiceTest
[INFO] Running uk.gov.pay.connector.queue.tasks.TaskQueueMessageHandlerTest
[INFO] Tests run: 4, Failures: 0, Errors: 0, Skipped: 0, Time elapsed: 0.025 s - in uk.gov.pay.connector.queue.tasks.TaskQueueMessageHandlerTest
[INFO] Running uk.gov.pay.connector.queue.tasks.TaskQueueTest
ERROR [2023-02-01 11:37:04,768] uk.gov.pay.connector.queue.tasks.TaskQueue: Error parsing message from tasks queue
[INFO] Tests run: 4, Failures: 0, Errors: 0, Skipped: 0, Time elapsed: 0.05 s - in uk.gov.pay.connector.queue.tasks.TaskQueueTest
[INFO] Running uk.gov.pay.connector.queue.tasks.StripeWebhookTaskHandlerTest
WARN  [2023-02-01 11:37:04,816] uk.gov.pay.connector.queue.tasks.handlers.StripeWebhookTaskHandler: Skipping dispute notification: [status: warning_under_review, type: charge.dispute.updated, payment_intent: pi_1111111111, reason: general]
WARN  [2023-02-01 11:37:04,826] uk.gov.pay.connector.queue.tasks.handlers.StripeWebhookTaskHandler: Skipping dispute notification: [status: warning_needs_response, type: charge.dispute.created, payment_intent: pi_1111111111, reason: general]
WARN  [2023-02-01 11:37:04,872] uk.gov.pay.connector.queue.tasks.handlers.StripeWebhookTaskHandler: Skipping dispute notification: [status: warning_closed, type: charge.dispute.closed, payment_intent: pi_1111111111, reason: general]
[INFO] Tests run: 19, Failures: 0, Errors: 0, Skipped: 0, Time elapsed: 0.138 s - in uk.gov.pay.connector.queue.tasks.StripeWebhookTaskHandlerTest
[INFO] Running uk.gov.pay.connector.queue.tasks.CollectFeesForFailedPaymentsTaskHandlerTest
[INFO] Tests run: 1, Failures: 0, Errors: 0, Skipped: 0, Time elapsed: 0.007 s - in uk.gov.pay.connector.queue.tasks.CollectFeesForFailedPaymentsTaskHandlerTest
[INFO] Running uk.gov.pay.connector.wallets.WalletAuthorisationDataToAuthCardDetailsConverterTest
[INFO] Tests run: 3, Failures: 0, Errors: 0, Skipped: 0, Time elapsed: 0.006 s - in uk.gov.pay.connector.wallets.WalletAuthorisationDataToAuthCardDetailsConverterTest
[INFO] Running uk.gov.pay.connector.wallets.applepay.ApplePayDecrypterTest
ERROR [2023-02-01 11:37:05,002] uk.gov.pay.connector.wallets.applepay.ApplePayDecrypter: Error while trying to decrypt apple pay payload: Tag mismatch!
ERROR [2023-02-01 11:37:05,007] uk.gov.pay.connector.wallets.applepay.ApplePayDecrypter: Error while trying to decrypt apple pay payload: java.security.InvalidKeyException: IOException: DerInputStream.getLength(): lengthTag=10, too big.
ERROR [2023-02-01 11:37:05,042] uk.gov.pay.connector.wallets.applepay.ApplePayDecrypter: Error while trying to decrypt apple pay payload: Input too short - need tag
[INFO] Tests run: 9, Failures: 0, Errors: 0, Skipped: 0, Time elapsed: 0.118 s - in uk.gov.pay.connector.wallets.applepay.ApplePayDecrypterTest
[INFO] Running uk.gov.pay.connector.it.resources.GatewayAccountResourceTest
[WARNING] Tests run: 3, Failures: 0, Errors: 0, Skipped: 2, Time elapsed: 0.091 s - in uk.gov.pay.connector.it.resources.GatewayAccountResourceTest
[INFO] Running uk.gov.pay.connector.agreement.resource.AgreementsApiResourceTest
[INFO] Tests run: 2, Failures: 0, Errors: 0, Skipped: 0, Time elapsed: 0.173 s - in uk.gov.pay.connector.agreement.resource.AgreementsApiResourceTest
[INFO] Running uk.gov.pay.connector.agreement.service.AgreementServiceTest
[INFO] Tests run: 8, Failures: 0, Errors: 0, Skipped: 0, Time elapsed: 0.011 s - in uk.gov.pay.connector.agreement.service.AgreementServiceTest
[INFO] Running uk.gov.pay.connector.token.TokenServiceTest
[INFO] Tests run: 4, Failures: 0, Errors: 0, Skipped: 0, Time elapsed: 0.004 s - in uk.gov.pay.connector.token.TokenServiceTest
[INFO] Running uk.gov.pay.connector.model.domain.EmailNotificationTypeTest
[INFO] Tests run: 3, Failures: 0, Errors: 0, Skipped: 0, Time elapsed: 0.009 s - in uk.gov.pay.connector.model.domain.EmailNotificationTypeTest
[INFO] Running uk.gov.pay.connector.model.domain.RefundEntityTest
[INFO] Tests run: 4, Failures: 0, Errors: 0, Skipped: 0, Time elapsed: 0.001 s - in uk.gov.pay.connector.model.domain.RefundEntityTest
[INFO] Running uk.gov.pay.connector.model.domain.HistoryCustomizerTest
[INFO] Tests run: 1, Failures: 0, Errors: 0, Skipped: 0, Time elapsed: 0.241 s - in uk.gov.pay.connector.model.domain.HistoryCustomizerTest
[INFO] Running uk.gov.pay.connector.model.domain.EmailCollectionModeTest
[INFO] Tests run: 4, Failures: 0, Errors: 0, Skipped: 0, Time elapsed: 0.002 s - in uk.gov.pay.connector.model.domain.EmailCollectionModeTest
[INFO] Running uk.gov.pay.connector.model.domain.JsonToMapConverterTest
[INFO] Tests run: 4, Failures: 0, Errors: 0, Skipped: 0, Time elapsed: 0.003 s - in uk.gov.pay.connector.model.domain.JsonToMapConverterTest
[INFO] Running uk.gov.pay.connector.model.domain.ChargeEntityTest
WARN  [2023-02-01 11:37:05,606] uk.gov.pay.connector.charge.model.domain.ChargeEntity: Charge with state CREATED cannot proceed to CAPTURED [charge_external_id=1d1ajn1q4qptdjsegcaelr68ci, charge_status=CAPTURED, event=Event{resourceExternalId='null', eventDetails=uk.gov.pay.connector.events.eventdetails.EmptyEventDetails, timestamp=null}]
[INFO] Tests run: 13, Failures: 0, Errors: 0, Skipped: 0, Time elapsed: 0.005 s - in uk.gov.pay.connector.model.domain.ChargeEntityTest
[INFO] Running uk.gov.pay.connector.model.domain.RefundStatusMapTest
[INFO] Tests run: 5, Failures: 0, Errors: 0, Skipped: 0, Time elapsed: 0.002 s - in uk.gov.pay.connector.model.domain.RefundStatusMapTest
[INFO] Running uk.gov.pay.connector.model.TransactionEventTest
[INFO] Tests run: 5, Failures: 0, Errors: 0, Skipped: 0, Time elapsed: 0.002 s - in uk.gov.pay.connector.model.TransactionEventTest
[INFO] Running uk.gov.pay.connector.model.RefundResponseTest
[INFO] Tests run: 2, Failures: 0, Errors: 0, Skipped: 0, Time elapsed: 0.021 s - in uk.gov.pay.connector.model.RefundResponseTest
[INFO] Running uk.gov.pay.connector.client.ledger.service.LedgerServiceConsumerTest
WARN  [2023-02-01 11:37:06,510] au.com.dius.pact.model.matchingrules.MatchingRuleGroup: Unrecognised matcher value, defaulting to equality matching
WARN  [2023-02-01 11:37:06,511] au.com.dius.pact.model.matchingrules.MatchingRuleGroup: Unrecognised matcher value, defaulting to equality matching
WARN  [2023-02-01 11:37:07,734] au.com.dius.pact.model.matchingrules.MatchingRuleGroup: Unrecognised matcher value, defaulting to equality matching
WARN  [2023-02-01 11:37:07,734] au.com.dius.pact.model.matchingrules.MatchingRuleGroup: Unrecognised matcher value, defaulting to equality matching
[INFO] Tests run: 3, Failures: 0, Errors: 0, Skipped: 0, Time elapsed: 2.772 s - in uk.gov.pay.connector.client.ledger.service.LedgerServiceConsumerTest
[INFO] Running uk.gov.pay.connector.client.cardid.model.CardidServiceConsumerTest
[WARNING] Tests run: 3, Failures: 0, Errors: 0, Skipped: 1, Time elapsed: 1.032 s - in uk.gov.pay.connector.client.cardid.model.CardidServiceConsumerTest
[INFO] Running uk.gov.pay.connector.gateway.model.response.GatewayResponseTest
[INFO] Tests run: 3, Failures: 0, Errors: 0, Skipped: 0, Time elapsed: 0.003 s - in uk.gov.pay.connector.gateway.model.response.GatewayResponseTest
[INFO] Running uk.gov.pay.connector.gateway.model.request.CardAuthorisationGatewayRequestTest
[INFO] Tests run: 2, Failures: 0, Errors: 0, Skipped: 0, Time elapsed: 0.001 s - in uk.gov.pay.connector.gateway.model.request.CardAuthorisationGatewayRequestTest
[INFO] Running uk.gov.pay.connector.gateway.worldpay.WorldpayCaptureHandlerTest
[INFO] Tests run: 4, Failures: 0, Errors: 0, Skipped: 0, Time elapsed: 0.077 s - in uk.gov.pay.connector.gateway.worldpay.WorldpayCaptureHandlerTest
[INFO] Running uk.gov.pay.connector.gateway.worldpay.WorldpayOrderRequestBuilderTest
[INFO] Tests run: 19, Failures: 0, Errors: 0, Skipped: 0, Time elapsed: 0.668 s - in uk.gov.pay.connector.gateway.worldpay.WorldpayOrderRequestBuilderTest
[INFO] Running uk.gov.pay.connector.gateway.worldpay.wallets.WorldpayWalletAuthorisationHandlerTest
[INFO] Tests run: 15, Failures: 0, Errors: 0, Skipped: 0, Time elapsed: 0.499 s - in uk.gov.pay.connector.gateway.worldpay.wallets.WorldpayWalletAuthorisationHandlerTest
[INFO] Running uk.gov.pay.connector.gateway.smartpay.SmartpayOrderRequestBuilderTest
[INFO] Tests run: 15, Failures: 0, Errors: 0, Skipped: 0, Time elapsed: 0.062 s - in uk.gov.pay.connector.gateway.smartpay.SmartpayOrderRequestBuilderTest
[INFO] Running uk.gov.pay.connector.gateway.smartpay.SmartpayStatusMapperTest
[INFO] Tests run: 8, Failures: 0, Errors: 0, Skipped: 0, Time elapsed: 0.001 s - in uk.gov.pay.connector.gateway.smartpay.SmartpayStatusMapperTest
[INFO] Running uk.gov.pay.connector.gateway.smartpay.SmartpayPaymentProviderTest
[INFO] Tests run: 7, Failures: 0, Errors: 0, Skipped: 0, Time elapsed: 0.066 s - in uk.gov.pay.connector.gateway.smartpay.SmartpayPaymentProviderTest
[INFO] Running uk.gov.pay.connector.gateway.smartpay.auth.SmartpayAccountSpecificAuthenticatorTest
WARN  [2023-02-01 11:37:10,861] uk.gov.pay.connector.gateway.smartpay.auth.SmartpayAccountSpecificAuthenticator: Authentication failure: failed for smartpay username BasicCredentials{username=MyService, password=**********}
WARN  [2023-02-01 11:37:10,862] uk.gov.pay.connector.gateway.smartpay.auth.SmartpayAccountSpecificAuthenticator: Authentication failure: failed for smartpay username BasicCredentials{username=MyService, password=**********}
[INFO] Tests run: 3, Failures: 0, Errors: 0, Skipped: 0, Time elapsed: 0.038 s - in uk.gov.pay.connector.gateway.smartpay.auth.SmartpayAccountSpecificAuthenticatorTest
[INFO] Running uk.gov.pay.connector.gateway.smartpay.SmartpayCaptureHandlerTest
[INFO] Tests run: 2, Failures: 0, Errors: 0, Skipped: 0, Time elapsed: 0.012 s - in uk.gov.pay.connector.gateway.smartpay.SmartpayCaptureHandlerTest
[INFO] Running uk.gov.pay.connector.gateway.smartpay.SmartpayNotificationTest
[INFO] Tests run: 5, Failures: 0, Errors: 0, Skipped: 0, Time elapsed: 0.006 s - in uk.gov.pay.connector.gateway.smartpay.SmartpayNotificationTest
[INFO] Running uk.gov.pay.connector.gateway.stripe.StripeCaptureHandlerTest
WARN  [2023-02-01 11:37:10,897] uk.gov.pay.connector.gateway.stripe.handler.StripeCaptureHandler: Capture failed for transaction id ch_1231231123123. Reason: uh oh. Status code from Stripe: Optional[500]. Charge External Id: gi3rjaebncb24ldta545mclp6i
WARN  [2023-02-01 11:37:10,906] uk.gov.pay.connector.gateway.stripe.handler.StripeCaptureHandler: Capture failed for transaction id ch_1231231123123. Reason: uh oh. Status code from Stripe: Optional[500]. Charge External Id: 6bmsh401jhia7iord8jgmknkth
WARN  [2023-02-01 11:37:10,911] uk.gov.pay.connector.gateway.stripe.handler.StripeCaptureHandler: Capture failed for transaction id ch_1231231123123. Failure code from Stripe: resource_missing, failure message from Stripe: No such charge: ch_123456 or something similar. External Charge id: nc55tnu7erbdom7u3t5ebqvt9k. Response code from Stripe: Optional[401]
WARN  [2023-02-01 11:37:10,919] uk.gov.pay.connector.gateway.stripe.handler.StripeCaptureHandler: Capture failed for transaction id ch_1231231123123. Failure code from Stripe: resource_missing, failure message from Stripe: No such charge: ch_123456 or something similar. External Charge id: f4530uh1k8pltf1ouke2rjbpeh. Response code from Stripe: Optional[401]
[INFO] Tests run: 16, Failures: 0, Errors: 0, Skipped: 0, Time elapsed: 0.042 s - in uk.gov.pay.connector.gateway.stripe.StripeCaptureHandlerTest
[INFO] Running uk.gov.pay.connector.gateway.stripe.json.StripePayoutStatusTest
[INFO] Tests run: 3, Failures: 0, Errors: 0, Skipped: 0, Time elapsed: 0.001 s - in uk.gov.pay.connector.gateway.stripe.json.StripePayoutStatusTest
[INFO] Running uk.gov.pay.connector.gateway.stripe.json.StripePayoutTest
[INFO] Tests run: 2, Failures: 0, Errors: 0, Skipped: 0, Time elapsed: 0 s - in uk.gov.pay.connector.gateway.stripe.json.StripePayoutTest
[INFO] Running uk.gov.pay.connector.gateway.stripe.StripeCancelHandlerTest
ERROR [2023-02-01 11:37:10,928] uk.gov.pay.connector.gateway.stripe.handler.StripeCancelHandler: Cancel failed for gateway transaction id ch_1231231123123. Failure message from Stripe: stripe server error. Charge External Id: gec1dnemgd5e6t2e119fsls166. Response code from Stripe: Optional[503]
ERROR [2023-02-01 11:37:10,929] uk.gov.pay.connector.gateway.stripe.handler.StripeCancelHandler: Cancel failed for gateway transaction id ch_1231231123123. Failure message from Stripe: {
  "error": {
    "charge": "ch_aaaaaaaaaaaaaaaaaaaaaaaa",
    "code": "resource_missing",
    "decline_code": "generic_decline",
    "doc_url": "https://stripe.com/docs/error-codes/card-declined",
    "message": "No such charge: ch_123456 or something similar",
    "type": "{{type}}",
    "payment_intent": {
      "id": "pi_aaaaaaaaaaaaaaaaaaaaaaaa",
      "object": "payment_intent",
      "amount": 12000,
      "amount_capturable": 0,
      "charges": {
        "object": "list",
        "data": [
          {
            "id": "ch_aaaaaaaaaaaaaaaaaaaaaaaa",
            "object": "charge",
            "amount": 12000,
            "amount_captured": 0,
            "amount_refunded": 0,
            "application": null,
            "application_fee": null,
            "application_fee_amount": null,
            "balance_transaction": null,
            "billing_details": {
              "address": {
                "city": "Manchester",
                "country": "GB",
                "line1": "Floor 1A City Tower",
                "line2": "Piccadilly Plaza",
                "postal_code": "M1 4BT",
                "state": null
              },
              "email": null,
              "name": "J. Bogs",
              "phone": null
            },
            "calculated_statement_descriptor": "Stripe",
            "captured": false,
            "created": 1641912339,
            "currency": "gbp",
            "customer": null,
            "description": "New passport application",
            "destination": null,
            "dispute": null,
            "disputed": false,
            "failure_code": "card_declined",
            "failure_message": "Your card was declined.",
            "fraud_details": {
            },
            "invoice": null,
            "livemode": false,
            "metadata": {
            },
            "on_behalf_of": "acct_aaaaaaaaaaaaaaaa",
            "order": null,
            "outcome": {
              "network_status": "declined_by_network",
              "reason": "generic_decline",
              "risk_level": "normal",
              "risk_score": 24,
              "seller_message": "The bank did not return any further details with this decline.",
              "type": "issuer_declined"
            },
            "paid": false,
            "payment_intent": "pi_aaaaaaaaaaaaaaaaaaaaaaaa",
            "payment_method": "pm_aaaaaaaaaaaaaaaaaaaaaaaa",
            "payment_method_details": {
              "card": {
                "brand": "visa",
                "checks": {
                  "address_line1_check": "pass",
                  "address_postal_code_check": "pass",
                  "cvc_check": "pass"
                },
                "country": "US",
                "exp_month": 2,
                "exp_year": 2023,
                "fingerprint": "0CFI1ogMdJ3zM4Ey",
                "funding": "credit",
                "installments": null,
                "last4": "0002",
                "network": "visa",
                "three_d_secure": null,
                "wallet": null
              },
              "type": "card"
            },
            "receipt_email": null,
            "receipt_number": null,
            "receipt_url": null,
            "refunded": false,
            "refunds": {
              "object": "list",
              "data": [
              ],
              "has_more": false,
              "total_count": 0,
              "url": "/v1/charges/ch_aaaaaaaaaaaaaaaaaaaaaaaa/refunds"
            },
            "review": null,
            "shipping": null,
            "source": null,
            "source_transfer": null,
            "statement_descriptor": null,
            "statement_descriptor_suffix": null,
            "status": "failed",
            "transfer_data": null
          }
        ]
      }
    }
  }
}. Charge External Id: ib5c8b079bd8kbirfll3k62p40. Response code from Stripe: Optional[400]
[INFO] Tests run: 5, Failures: 0, Errors: 0, Skipped: 0, Time elapsed: 0.003 s - in uk.gov.pay.connector.gateway.stripe.StripeCancelHandlerTest
[INFO] Running uk.gov.pay.connector.gateway.stripe.handler.StripeQueryPaymentStatusHandlerTest
[INFO] Tests run: 7, Failures: 0, Errors: 0, Skipped: 0, Time elapsed: 0.011 s - in uk.gov.pay.connector.gateway.stripe.handler.StripeQueryPaymentStatusHandlerTest
[INFO] Running uk.gov.pay.connector.gateway.stripe.request.StripeCaptureRequestTest
[INFO] Tests run: 5, Failures: 0, Errors: 0, Skipped: 0, Time elapsed: 0.003 s - in uk.gov.pay.connector.gateway.stripe.request.StripeCaptureRequestTest
[INFO] Running uk.gov.pay.connector.gateway.stripe.request.StripePaymentIntentRequestTest
[INFO] Tests run: 5, Failures: 0, Errors: 0, Skipped: 0, Time elapsed: 0.004 s - in uk.gov.pay.connector.gateway.stripe.request.StripePaymentIntentRequestTest
[INFO] Running uk.gov.pay.connector.gateway.stripe.request.StripeTransferOutRequestTest
[INFO] Tests run: 3, Failures: 0, Errors: 0, Skipped: 0, Time elapsed: 0.003 s - in uk.gov.pay.connector.gateway.stripe.request.StripeTransferOutRequestTest
[INFO] Running uk.gov.pay.connector.gateway.stripe.request.StripeTransferInRequestTest
[INFO] Tests run: 8, Failures: 0, Errors: 0, Skipped: 0, Time elapsed: 0.006 s - in uk.gov.pay.connector.gateway.stripe.request.StripeTransferInRequestTest
[INFO] Running uk.gov.pay.connector.gateway.stripe.request.StripePaymentMethodRequestTest
[INFO] Tests run: 6, Failures: 0, Errors: 0, Skipped: 0, Time elapsed: 0.008 s - in uk.gov.pay.connector.gateway.stripe.request.StripePaymentMethodRequestTest
[INFO] Running uk.gov.pay.connector.gateway.stripe.request.StripeRefundRequestTest
[INFO] Tests run: 3, Failures: 0, Errors: 0, Skipped: 0, Time elapsed: 0.002 s - in uk.gov.pay.connector.gateway.stripe.request.StripeRefundRequestTest
[INFO] Running uk.gov.pay.connector.gateway.stripe.request.StripeAuthoriseRequestTest
[INFO] Tests run: 5, Failures: 0, Errors: 0, Skipped: 0, Time elapsed: 0.005 s - in uk.gov.pay.connector.gateway.stripe.request.StripeAuthoriseRequestTest
[INFO] Running uk.gov.pay.connector.gateway.stripe.request.StripeTransferMetadataTest
[INFO] Tests run: 3, Failures: 0, Errors: 0, Skipped: 0, Time elapsed: 0.001 s - in uk.gov.pay.connector.gateway.stripe.request.StripeTransferMetadataTest
[INFO] Running uk.gov.pay.connector.gateway.stripe.StripeRefundHandlerTest
ERROR [2023-02-01 11:37:10,980] uk.gov.pay.connector.gateway.stripe.handler.StripeRefundHandler: Refund failed for refund gateway request RefundGatewayRequest[
transactionId: gatewayTransactionId
refundExternalId: someExternalId]. Reason: Problem with Stripe servers. Status code from Stripe: Optional[500].
ERROR [2023-02-01 11:37:10,986] uk.gov.pay.connector.gateway.stripe.handler.StripeRefundHandler: Refund failed for refund gateway request RefundGatewayRequest[
transactionId: gatewayTransactionId
refundExternalId: someExternalId]. Failure code from Stripe: resource_missing, failure message from Stripe: No such charge: ch_123456 or something similar. Response code from Stripe: Optional[402]
ERROR [2023-02-01 11:37:10,990] uk.gov.pay.connector.gateway.stripe.handler.StripeRefundHandler: Refund failed for refund gateway request RefundGatewayRequest[
transactionId: gatewayTransactionId
refundExternalId: someExternalId]. Failure code from Stripe: resource_missing, failure message from Stripe: No such charge: ch_123456 or something similar. Response code from Stripe: Optional[402]
ERROR [2023-02-01 11:37:10,993] uk.gov.pay.connector.gateway.stripe.handler.StripeRefundHandler: Refund failed for refund gateway request RefundGatewayRequest[
transactionId: gatewayTransactionId
refundExternalId: someExternalId]. Reason: Problem with Stripe servers. Status code from Stripe: Optional[500].
[INFO] Tests run: 6, Failures: 0, Errors: 0, Skipped: 0, Time elapsed: 0.016 s - in uk.gov.pay.connector.gateway.stripe.StripeRefundHandlerTest
[INFO] Running uk.gov.pay.connector.gateway.stripe.StripeNotificationTypeTest
[INFO] Tests run: 1, Failures: 0, Errors: 0, Skipped: 0, Time elapsed: 0.001 s - in uk.gov.pay.connector.gateway.stripe.StripeNotificationTypeTest
[INFO] Running uk.gov.pay.connector.gateway.epdq.EpdqPayloadDefinitionForNewOrderTest
[INFO] Tests run: 4, Failures: 0, Errors: 0, Skipped: 0, Time elapsed: 0.01 s - in uk.gov.pay.connector.gateway.epdq.EpdqPayloadDefinitionForNewOrderTest
[INFO] Running uk.gov.pay.connector.gateway.epdq.EpdqPayloadDefinitionForCancelOrderTest
[INFO] Tests run: 2, Failures: 0, Errors: 0, Skipped: 0, Time elapsed: 0.004 s - in uk.gov.pay.connector.gateway.epdq.EpdqPayloadDefinitionForCancelOrderTest
[INFO] Running uk.gov.pay.connector.gateway.epdq.EpdqPayloadDefinitionForCaptureOrderTest
[INFO] Tests run: 1, Failures: 0, Errors: 0, Skipped: 0, Time elapsed: 0.001 s - in uk.gov.pay.connector.gateway.epdq.EpdqPayloadDefinitionForCaptureOrderTest
[INFO] Running uk.gov.pay.connector.gateway.epdq.EpdqSha512SignatureGeneratorTest
[INFO] Tests run: 8, Failures: 0, Errors: 0, Skipped: 0, Time elapsed: 0.004 s - in uk.gov.pay.connector.gateway.epdq.EpdqSha512SignatureGeneratorTest
[INFO] Running uk.gov.pay.connector.gateway.epdq.EpdqPayloadDefinitionForNew3dsOrderTest
[INFO] Tests run: 4, Failures: 0, Errors: 0, Skipped: 0, Time elapsed: 0.005 s - in uk.gov.pay.connector.gateway.epdq.EpdqPayloadDefinitionForNew3dsOrderTest
[INFO] Running uk.gov.pay.connector.gateway.epdq.payload.EpdqPayloadDefinitionForNew3ds2OrderTest
[INFO] Tests run: 80, Failures: 0, Errors: 0, Skipped: 0, Time elapsed: 0.029 s - in uk.gov.pay.connector.gateway.epdq.payload.EpdqPayloadDefinitionForNew3ds2OrderTest
[INFO] Running uk.gov.pay.connector.gateway.epdq.EpdqNotificationTest
[INFO] Tests run: 7, Failures: 0, Errors: 0, Skipped: 0, Time elapsed: 0.003 s - in uk.gov.pay.connector.gateway.epdq.EpdqNotificationTest
[INFO] Running uk.gov.pay.connector.gateway.epdq.EpdqPayloadDefinitionForRefundOrderTest
[INFO] Tests run: 1, Failures: 0, Errors: 0, Skipped: 0, Time elapsed: 0.002 s - in uk.gov.pay.connector.gateway.epdq.EpdqPayloadDefinitionForRefundOrderTest
[INFO] Running uk.gov.pay.connector.gateway.epdq.EpdqCaptureHandlerTest
[INFO] Tests run: 3, Failures: 0, Errors: 0, Skipped: 0, Time elapsed: 0.085 s - in uk.gov.pay.connector.gateway.epdq.EpdqCaptureHandlerTest
[INFO] Running uk.gov.pay.connector.gateway.sandbox.SandboxLast4DigitsCardNumbersTest
[INFO] Tests run: 4, Failures: 0, Errors: 0, Skipped: 0, Time elapsed: 0.001 s - in uk.gov.pay.connector.gateway.sandbox.SandboxLast4DigitsCardNumbersTest
[INFO] Running uk.gov.pay.connector.gateway.sandbox.applepay.SandboxWalletAuthorisationHandlerTest
[INFO] Tests run: 3, Failures: 0, Errors: 0, Skipped: 0, Time elapsed: 0.001 s - in uk.gov.pay.connector.gateway.sandbox.applepay.SandboxWalletAuthorisationHandlerTest
[INFO] Running uk.gov.pay.connector.gateway.sandbox.SandboxFullCardNumbersTest
[INFO] Tests run: 4, Failures: 0, Errors: 0, Skipped: 0, Time elapsed: 0.001 s - in uk.gov.pay.connector.gateway.sandbox.SandboxFullCardNumbersTest
[INFO] Running uk.gov.pay.connector.gateway.processor.ChargeNotificationProcessorTest
[INFO] Tests run: 1, Failures: 0, Errors: 0, Skipped: 0, Time elapsed: 0.003 s - in uk.gov.pay.connector.gateway.processor.ChargeNotificationProcessorTest
[INFO] Running uk.gov.pay.connector.gateway.processor.RefundNotificationProcessorTest
WARN  [2023-02-01 11:37:11,154] uk.gov.pay.connector.gateway.processor.RefundNotificationProcessor: Refund notification could not be used to update charge (missing reference)
WARN  [2023-02-01 11:37:11,155] uk.gov.pay.connector.gateway.processor.RefundNotificationProcessor: WORLDPAY notification could not be processed as refund [someExternalId] has been expunged from connector
WARN  [2023-02-01 11:37:11,157] uk.gov.pay.connector.gateway.processor.RefundNotificationProcessor: WORLDPAY notification 'unknown' could not be used to update refund (associated refund entity not found) for charge [pvf5lorcqusunn8trrrp9bt398]
[INFO] Tests run: 5, Failures: 0, Errors: 0, Skipped: 0, Time elapsed: 0.006 s - in uk.gov.pay.connector.gateway.processor.RefundNotificationProcessorTest
[INFO] Running uk.gov.pay.connector.gatewayaccountcredentials.resource.GatewayAccountCredentialsRequestValidatorTest
[INFO] Tests run: 15, Failures: 0, Errors: 0, Skipped: 0, Time elapsed: 0.019 s - in uk.gov.pay.connector.gatewayaccountcredentials.resource.GatewayAccountCredentialsRequestValidatorTest
[INFO] Running uk.gov.pay.connector.payout.PayoutEmitterServiceTest
WARN  [2023-02-01 11:37:11,181] uk.gov.pay.connector.payout.PayoutEmitterService: Unsupported payout event class [class uk.gov.pay.connector.events.model.payout.PayoutEvent]
[INFO] Tests run: 7, Failures: 0, Errors: 0, Skipped: 0, Time elapsed: 0.006 s - in uk.gov.pay.connector.payout.PayoutEmitterServiceTest
[INFO] Running uk.gov.pay.connector.payout.PayoutReconcileProcessTest
ERROR [2023-02-01 11:37:11,383] uk.gov.pay.connector.payout.PayoutReconcileProcess: Error processing payout from SQS message [queueMessageId=null] [errorMessage=Stripe balance transaction balance-transaction-id has unexpected 'reason' in metadata]
ERROR [2023-02-01 11:37:11,386] uk.gov.pay.connector.payout.PayoutReconcileProcess: No payments or refunds retrieved for payout [po_123dv3RPEC2XwBWpqiQfnJGQ]. Requires investigation.
ERROR [2023-02-01 11:37:11,388] uk.gov.pay.connector.payout.PayoutReconcileProcess: Error processing payout from SQS message [queueMessageId=null] [errorMessage=Transaction external ID missing in metadata on Stripe transfer for balance transaction [null] for payout [po_123dv3RPEC2XwBWpqiQfnJGQ] for gateway account [acct_2RDpWRLXEC2XwBWp]]
ERROR [2023-02-01 11:37:11,389] uk.gov.pay.connector.payout.PayoutReconcileProcess: Error processing payout from SQS message [queueMessageId=null] [errorMessage=Error sending PAYMENT_INCLUDED_IN_PAYOUT event for transaction [payment-id] included in payout [po_123dv3RPEC2XwBWpqiQfnJGQ] to event queue: null]
[INFO] Tests run: 9, Failures: 0, Errors: 0, Skipped: 0, Time elapsed: 0.208 s - in uk.gov.pay.connector.payout.PayoutReconcileProcessTest
[INFO] Running uk.gov.pay.connector.charge.model.ChargeCreateRequestTest
[INFO] Tests run: 2, Failures: 0, Errors: 0, Skipped: 0, Time elapsed: 0.017 s - in uk.gov.pay.connector.charge.model.ChargeCreateRequestTest
[INFO] Running uk.gov.pay.connector.charge.validation.telephone.CardBrandValidatorTest
[INFO] Tests run: 3, Failures: 0, Errors: 0, Skipped: 0, Time elapsed: 0.021 s - in uk.gov.pay.connector.charge.validation.telephone.CardBrandValidatorTest
[INFO] Running uk.gov.pay.connector.charge.validation.telephone.ZoneDateTimeValidatorTest
[INFO] Tests run: 3, Failures: 0, Errors: 0, Skipped: 0, Time elapsed: 0.009 s - in uk.gov.pay.connector.charge.validation.telephone.ZoneDateTimeValidatorTest
[INFO] Running uk.gov.pay.connector.charge.validation.telephone.PaymentOutcomeValidatorTest
[INFO] Tests run: 6, Failures: 0, Errors: 0, Skipped: 0, Time elapsed: 0.009 s - in uk.gov.pay.connector.charge.validation.telephone.PaymentOutcomeValidatorTest
[INFO] Running uk.gov.pay.connector.charge.validation.telephone.CardLastFourDigitsValidatorTest
[INFO] Tests run: 4, Failures: 0, Errors: 0, Skipped: 0, Time elapsed: 0.008 s - in uk.gov.pay.connector.charge.validation.telephone.CardLastFourDigitsValidatorTest
[INFO] Running uk.gov.pay.connector.charge.validation.telephone.CardFirstSixDigitsValidatorTest
[INFO] Tests run: 4, Failures: 0, Errors: 0, Skipped: 0, Time elapsed: 0.007 s - in uk.gov.pay.connector.charge.validation.telephone.CardFirstSixDigitsValidatorTest
[INFO] Running uk.gov.pay.connector.charge.service.AuthorisationErrorGatewayCleanupServiceTest
ERROR [2023-02-01 11:37:11,479] uk.gov.pay.connector.charge.service.AuthorisationErrorGatewayCleanupService: Charge is in a mapped status of [AUTHORISATION UNEXPECTED ERROR] with the [worldpay] gateway, which is unexpected and we do not handle. If the gateway status is CAPTURED, it suggests the service has incorrect gateway settings.
ERROR [2023-02-01 11:37:11,480] uk.gov.pay.connector.charge.service.AuthorisationErrorGatewayCleanupService: Charge does not map to an internal charge state. Raw query response was: worldpayQueryResponse
[INFO] Tests run: 8, Failures: 0, Errors: 0, Skipped: 0, Time elapsed: 0.014 s - in uk.gov.pay.connector.charge.service.AuthorisationErrorGatewayCleanupServiceTest
[INFO] Running uk.gov.pay.connector.charge.service.ChargeExpiryServiceTest
ERROR [2023-02-01 11:37:11,496] uk.gov.pay.connector.charge.service.ChargeExpiryService: Gateway error while cancelling the Charge - charge_external_id=l96s22v2d6ohkfelv4cggq0u34, gateway_error=something went wrong
[INFO] Tests run: 22, Failures: 0, Errors: 0, Skipped: 0, Time elapsed: 0.029 s - in uk.gov.pay.connector.charge.service.ChargeExpiryServiceTest
[INFO] Running uk.gov.pay.connector.charge.service.Worldpay3dsFlexJwtServiceTest
[INFO] Tests run: 12, Failures: 0, Errors: 0, Skipped: 0, Time elapsed: 0.05 s - in uk.gov.pay.connector.charge.service.Worldpay3dsFlexJwtServiceTest
[INFO] Running uk.gov.pay.connector.charge.service.ChargeCancelServiceTest
[INFO] Tests run: 21, Failures: 0, Errors: 0, Skipped: 0, Time elapsed: 0.021 s - in uk.gov.pay.connector.charge.service.ChargeCancelServiceTest
[INFO] Running uk.gov.pay.connector.charge.util.JwtGeneratorTest
[INFO] Tests run: 1, Failures: 0, Errors: 0, Skipped: 0, Time elapsed: 0.002 s - in uk.gov.pay.connector.charge.util.JwtGeneratorTest
[INFO] Running uk.gov.pay.connector.service.UnknownStatusTest
[INFO] Tests run: 3, Failures: 0, Errors: 0, Skipped: 0, Time elapsed: 0 s - in uk.gov.pay.connector.service.UnknownStatusTest
[INFO] Running uk.gov.pay.connector.service.GatewayClientFactoryTest
[INFO] Tests run: 1, Failures: 0, Errors: 0, Skipped: 0, Time elapsed: 0 s - in uk.gov.pay.connector.service.GatewayClientFactoryTest
[INFO] Running uk.gov.pay.connector.service.IgnoredStatusTest
[INFO] Tests run: 3, Failures: 0, Errors: 0, Skipped: 0, Time elapsed: 0 s - in uk.gov.pay.connector.service.IgnoredStatusTest
[INFO] Running uk.gov.pay.connector.service.MappedChargeStatusTest
[INFO] Tests run: 3, Failures: 0, Errors: 0, Skipped: 0, Time elapsed: 0 s - in uk.gov.pay.connector.service.MappedChargeStatusTest
[INFO] Running uk.gov.pay.connector.service.EpdqExternalRefundAvailabilityCalculatorTest
[INFO] Tests run: 7, Failures: 0, Errors: 0, Skipped: 0, Time elapsed: 0.003 s - in uk.gov.pay.connector.service.EpdqExternalRefundAvailabilityCalculatorTest
[INFO] Running uk.gov.pay.connector.service.MappedRefundStatusTest
[INFO] Tests run: 3, Failures: 0, Errors: 0, Skipped: 0, Time elapsed: 0 s - in uk.gov.pay.connector.service.MappedRefundStatusTest
[INFO] Running uk.gov.pay.connector.service.PaymentProvidersTest
[INFO] Tests run: 4, Failures: 0, Errors: 0, Skipped: 0, Time elapsed: 0.045 s - in uk.gov.pay.connector.service.PaymentProvidersTest
[INFO] Running uk.gov.pay.connector.service.DefaultExternalRefundAvailabilityCalculatorTest
[INFO] Tests run: 7, Failures: 0, Errors: 0, Skipped: 0, Time elapsed: 0.003 s - in uk.gov.pay.connector.service.DefaultExternalRefundAvailabilityCalculatorTest
[INFO] Running uk.gov.pay.connector.gatewayaccount.model.GatewayAccountSearchParamsTest
[INFO] Tests run: 6, Failures: 0, Errors: 0, Skipped: 0, Time elapsed: 0.003 s - in uk.gov.pay.connector.gatewayaccount.model.GatewayAccountSearchParamsTest
[INFO] Running uk.gov.pay.connector.gatewayaccount.resource.GatewayAccountSwitchPaymentProviderRequestValidatorTest
[INFO] Tests run: 5, Failures: 0, Errors: 0, Skipped: 0, Time elapsed: 0.002 s - in uk.gov.pay.connector.gatewayaccount.resource.GatewayAccountSwitchPaymentProviderRequestValidatorTest
[INFO] Running uk.gov.pay.connector.gatewayaccount.resource.StripeAccountSetupRequestValidatorTest
[INFO] Tests run: 38, Failures: 0, Errors: 0, Skipped: 0, Time elapsed: 0.016 s - in uk.gov.pay.connector.gatewayaccount.resource.StripeAccountSetupRequestValidatorTest
[INFO] Running uk.gov.pay.connector.gatewayaccount.service.StripeAccountSetupServiceTest
[INFO] Tests run: 7, Failures: 0, Errors: 0, Skipped: 0, Time elapsed: 0.017 s - in uk.gov.pay.connector.gatewayaccount.service.StripeAccountSetupServiceTest
[INFO] Running uk.gov.pay.connector.gatewayaccount.service.GatewayAccountSwitchPaymentProviderServiceTest
[INFO] Tests run: 5, Failures: 0, Errors: 0, Skipped: 0, Time elapsed: 0.003 s - in uk.gov.pay.connector.gatewayaccount.service.GatewayAccountSwitchPaymentProviderServiceTest
[INFO] Running uk.gov.pay.connector.gatewayaccount.service.StripeAccountServiceTest
[INFO] Tests run: 3, Failures: 0, Errors: 0, Skipped: 0, Time elapsed: 0.002 s - in uk.gov.pay.connector.gatewayaccount.service.StripeAccountServiceTest
[INFO] Running uk.gov.pay.connector.events.model.EventTest
[INFO] Tests run: 2, Failures: 0, Errors: 0, Skipped: 0, Time elapsed: 0 s - in uk.gov.pay.connector.events.model.EventTest
[INFO] Running uk.gov.pay.connector.events.model.payout.PayoutUpdatedTest
[INFO] Tests run: 1, Failures: 0, Errors: 0, Skipped: 0, Time elapsed: 0.003 s - in uk.gov.pay.connector.events.model.payout.PayoutUpdatedTest
[INFO] Running uk.gov.pay.connector.events.model.payout.PayoutPaidTest
[INFO] Tests run: 1, Failures: 0, Errors: 0, Skipped: 0, Time elapsed: 0.003 s - in uk.gov.pay.connector.events.model.payout.PayoutPaidTest
[INFO] Running uk.gov.pay.connector.events.model.payout.PayoutFailedTest
[INFO] Tests run: 1, Failures: 0, Errors: 0, Skipped: 0, Time elapsed: 0.004 s - in uk.gov.pay.connector.events.model.payout.PayoutFailedTest
[INFO] Running uk.gov.pay.connector.events.model.payout.PayoutCreatedTest
[INFO] Tests run: 1, Failures: 0, Errors: 0, Skipped: 0, Time elapsed: 0.004 s - in uk.gov.pay.connector.events.model.payout.PayoutCreatedTest
[INFO] Running uk.gov.pay.connector.events.model.charge.UserEmailCollectedTest
[INFO] Tests run: 1, Failures: 0, Errors: 0, Skipped: 0, Time elapsed: 0.003 s - in uk.gov.pay.connector.events.model.charge.UserEmailCollectedTest
[INFO] Running uk.gov.pay.connector.events.model.charge.CaptureSubmittedTest
[INFO] Tests run: 1, Failures: 0, Errors: 0, Skipped: 0, Time elapsed: 0.003 s - in uk.gov.pay.connector.events.model.charge.CaptureSubmittedTest
[INFO] Running uk.gov.pay.connector.events.model.charge.BackfillerRecreatedUserEmailCollectedTest
[INFO] Tests run: 1, Failures: 0, Errors: 0, Skipped: 0, Time elapsed: 0.004 s - in uk.gov.pay.connector.events.model.charge.BackfillerRecreatedUserEmailCollectedTest
[INFO] Running uk.gov.pay.connector.events.model.charge.CancelledByUserTest
[INFO] Tests run: 2, Failures: 0, Errors: 0, Skipped: 0, Time elapsed: 0.004 s - in uk.gov.pay.connector.events.model.charge.CancelledByUserTest
[INFO] Running uk.gov.pay.connector.events.model.charge.PaymentDetailsEnteredTest
[INFO] Tests run: 3, Failures: 0, Errors: 0, Skipped: 0, Time elapsed: 0.007 s - in uk.gov.pay.connector.events.model.charge.PaymentDetailsEnteredTest
[INFO] Running uk.gov.pay.connector.events.model.charge.CaptureConfirmedTest
[INFO] Tests run: 3, Failures: 0, Errors: 0, Skipped: 0, Time elapsed: 0.006 s - in uk.gov.pay.connector.events.model.charge.CaptureConfirmedTest
[INFO] Running uk.gov.pay.connector.events.model.charge.RefundAvailabilityUpdatedTest
[INFO] Tests run: 1, Failures: 0, Errors: 0, Skipped: 0, Time elapsed: 0.003 s - in uk.gov.pay.connector.events.model.charge.RefundAvailabilityUpdatedTest
[INFO] Running uk.gov.pay.connector.events.model.charge.PaymentIncludedInPayoutTest
[INFO] Tests run: 1, Failures: 0, Errors: 0, Skipped: 0, Time elapsed: 0.002 s - in uk.gov.pay.connector.events.model.charge.PaymentIncludedInPayoutTest
[INFO] Running uk.gov.pay.connector.events.model.charge.GatewayRequires3dsAuthorisationTest
[INFO] Tests run: 2, Failures: 0, Errors: 0, Skipped: 0, Time elapsed: 0.005 s - in uk.gov.pay.connector.events.model.charge.GatewayRequires3dsAuthorisationTest
[INFO] Running uk.gov.pay.connector.events.model.refund.EventFactoryTest
[INFO] Tests run: 35, Failures: 0, Errors: 0, Skipped: 0, Time elapsed: 0.023 s - in uk.gov.pay.connector.events.model.refund.EventFactoryTest
[INFO] Running uk.gov.pay.connector.events.model.refund.RefundSucceededTest
[INFO] Tests run: 1, Failures: 0, Errors: 0, Skipped: 0, Time elapsed: 0.003 s - in uk.gov.pay.connector.events.model.refund.RefundSucceededTest
[INFO] Running uk.gov.pay.connector.events.model.refund.RefundCreatedByUserTest
[INFO] Tests run: 1, Failures: 0, Errors: 0, Skipped: 0, Time elapsed: 0.001 s - in uk.gov.pay.connector.events.model.refund.RefundCreatedByUserTest
[INFO] Running uk.gov.pay.connector.events.model.refund.RefundCreatedByServiceTest
[INFO] Tests run: 1, Failures: 0, Errors: 0, Skipped: 0, Time elapsed: 0.001 s - in uk.gov.pay.connector.events.model.refund.RefundCreatedByServiceTest
[INFO] Running uk.gov.pay.connector.events.model.dispute.DisputeEvidenceSubmittedTest
[INFO] Tests run: 1, Failures: 0, Errors: 0, Skipped: 0, Time elapsed: 0.004 s - in uk.gov.pay.connector.events.model.dispute.DisputeEvidenceSubmittedTest
[INFO] Running uk.gov.pay.connector.events.model.dispute.DisputeWonTest
[INFO] Tests run: 1, Failures: 0, Errors: 0, Skipped: 0, Time elapsed: 0.003 s - in uk.gov.pay.connector.events.model.dispute.DisputeWonTest
[INFO] Running uk.gov.pay.connector.events.resource.EmittedEventResourceTest
[INFO] Tests run: 5, Failures: 0, Errors: 0, Skipped: 0, Time elapsed: 0.092 s - in uk.gov.pay.connector.events.resource.EmittedEventResourceTest
[INFO] Running uk.gov.pay.connector.events.EmittedEventsBackfillServiceTest
[INFO] Tests run: 4, Failures: 0, Errors: 0, Skipped: 0, Time elapsed: 0.041 s - in uk.gov.pay.connector.events.EmittedEventsBackfillServiceTest
[INFO] Running uk.gov.pay.connector.events.EventQueueTest
[INFO] Tests run: 2, Failures: 0, Errors: 0, Skipped: 0, Time elapsed: 0.011 s - in uk.gov.pay.connector.events.EventQueueTest
[INFO] Running uk.gov.pay.connector.events.StateTransitionEmitterProcessTest
WARN  [2023-02-01 11:37:11,940] uk.gov.pay.connector.events.StateTransitionEmitterProcess: Failed to emit new event for state transition [eventId=100] [eventType=PaymentEvent] [error=null]
WARN  [2023-02-01 11:37:11,940] uk.gov.pay.connector.events.StateTransitionEmitterProcess: Failed to emit new event for state transition [eventId=100] [eventType=PaymentEvent] [error=null]
WARN  [2023-02-01 11:37:11,941] uk.gov.pay.connector.events.StateTransitionEmitterProcess: Failed to emit new event for state transition [eventId=100] [eventType=PaymentEvent] [error=null]
WARN  [2023-02-01 11:37:11,941] uk.gov.pay.connector.events.StateTransitionEmitterProcess: Failed to emit new event for state transition [eventId=100] [eventType=PaymentEvent] [error=null]
WARN  [2023-02-01 11:37:11,941] uk.gov.pay.connector.events.StateTransitionEmitterProcess: Failed to emit new event for state transition [eventId=100] [eventType=PaymentEvent] [error=null]
WARN  [2023-02-01 11:37:11,941] uk.gov.pay.connector.events.StateTransitionEmitterProcess: Failed to emit new event for state transition [eventId=100] [eventType=PaymentEvent] [error=null]
WARN  [2023-02-01 11:37:11,941] uk.gov.pay.connector.events.StateTransitionEmitterProcess: Failed to emit new event for state transition [eventId=100] [eventType=PaymentEvent] [error=null]
WARN  [2023-02-01 11:37:11,941] uk.gov.pay.connector.events.StateTransitionEmitterProcess: Failed to emit new event for state transition [eventId=100] [eventType=PaymentEvent] [error=null]
WARN  [2023-02-01 11:37:11,941] uk.gov.pay.connector.events.StateTransitionEmitterProcess: Failed to emit new event for state transition [eventId=100] [eventType=PaymentEvent] [error=null]
ERROR [2023-02-01 11:37:11,941] uk.gov.pay.connector.events.StateTransitionEmitterProcess: State transition message failed to process beyond max retries [eventId=100] [eventType=PaymentEvent]:
WARN  [2023-02-01 11:37:11,953] uk.gov.pay.connector.events.StateTransitionEmitterProcess: Failed to emit new event for state transition [eventId=100] [eventType=PaymentEvent] [error=null]
WARN  [2023-02-01 11:37:11,954] uk.gov.pay.connector.events.StateTransitionEmitterProcess: Failed to emit new event for state transition [eventId=100] [eventType=PaymentEvent] [error=null]
[INFO] Tests run: 4, Failures: 0, Errors: 0, Skipped: 0, Time elapsed: 0.023 s - in uk.gov.pay.connector.events.StateTransitionEmitterProcessTest
[INFO] Running uk.gov.pay.connector.events.EventServiceTest
ERROR [2023-02-01 11:37:11,957] uk.gov.pay.connector.events.EventService: Failed to emit event PAYMENT_EVENT due to null [externalId=external-id]
ERROR [2023-02-01 11:37:11,958] uk.gov.pay.connector.events.EventService: Failed to emit event PAYMENT_EVENT due to null [externalId=external-id]
ERROR [2023-02-01 11:37:11,959] uk.gov.pay.connector.events.EventService: Failed to emit event PAYMENT_CREATED due to null [externalId=external-id]
[INFO] Tests run: 8, Failures: 0, Errors: 0, Skipped: 0, Time elapsed: 0.005 s - in uk.gov.pay.connector.events.EventServiceTest
[INFO] Running uk.gov.pay.connector.events.HistoricalEventEmitterServiceTest
[INFO] Tests run: 26, Failures: 0, Errors: 0, Skipped: 0, Time elapsed: 0.039 s - in uk.gov.pay.connector.events.HistoricalEventEmitterServiceTest
[INFO] Running uk.gov.pay.connector.paymentprocessor.service.Card3dsResponseAuthServiceTest
WARN  [2023-02-01 11:37:12,014] uk.gov.pay.connector.charge.model.domain.ChargeEntity: Charge with state AUTHORISATION READY cannot proceed to AUTHORISATION 3DS READY [charge_external_id=54npn9uau56kjc87n19q5nrjuh, charge_status=AUTHORISATION 3DS READY, event=Event{resourceExternalId='null', eventDetails=uk.gov.pay.connector.events.eventdetails.EmptyEventDetails, timestamp=null}]
WARN  [2023-02-01 11:37:12,015] uk.gov.pay.connector.charge.model.domain.ChargeEntity: Charge with state AUTHORISATION 3DS READY cannot proceed to AUTHORISATION 3DS READY [charge_external_id=770pj080muv9ubv8bnch8gqcha, charge_status=AUTHORISATION 3DS READY, event=Event{resourceExternalId='null', eventDetails=uk.gov.pay.connector.events.eventdetails.EmptyEventDetails, timestamp=null}]
WARN  [2023-02-01 11:37:12,019] uk.gov.pay.connector.charge.model.domain.ChargeEntity: Charge with state EXPIRED cannot proceed to AUTHORISATION 3DS READY [charge_external_id=nbe6do5j6u2lcf4odnkhpitdu1, charge_status=AUTHORISATION 3DS READY, event=Event{resourceExternalId='null', eventDetails=uk.gov.pay.connector.events.eventdetails.EmptyEventDetails, timestamp=null}]
[INFO] Tests run: 15, Failures: 0, Errors: 0, Skipped: 0, Time elapsed: 0.022 s - in uk.gov.pay.connector.paymentprocessor.service.Card3dsResponseAuthServiceTest
[INFO] Running uk.gov.pay.connector.paymentprocessor.service.CardCaptureServiceTest
ERROR [2023-02-01 11:37:12,025] uk.gov.pay.connector.paymentprocessor.service.CardCaptureService: CAPTURE_ERROR for charge [charge_external_id=external-id] - reached maximum number of capture attempts
WARN  [2023-02-01 11:37:12,029] uk.gov.pay.connector.charge.model.domain.ChargeEntity: Charge with state CAPTURE READY cannot proceed to CAPTURE READY [charge_external_id=dikui0mb718fb27gbitmcfsocg, charge_status=CAPTURE READY, event=Event{resourceExternalId='null', eventDetails=uk.gov.pay.connector.events.eventdetails.EmptyEventDetails, timestamp=null}]
WARN  [2023-02-01 11:37:12,031] uk.gov.pay.connector.paymentprocessor.service.CardCaptureService: Card capture response received with no transaction id. - charge_external_id=d968ol1017ec42lvamojtdf4qf
WARN  [2023-02-01 11:37:12,035] uk.gov.pay.connector.charge.model.domain.ChargeEntity: Charge with state ENTERING CARD DETAILS cannot proceed to CAPTURE READY [charge_external_id=fkrnnso5r01diafjrhln4d4thv, charge_status=CAPTURE READY, event=Event{resourceExternalId='null', eventDetails=uk.gov.pay.connector.events.eventdetails.EmptyEventDetails, timestamp=null}]
ERROR [2023-02-01 11:37:12,036] uk.gov.pay.connector.paymentprocessor.service.CardCaptureService: CAPTURE_ERROR for charge [charge_external_id=cvg1af9mmt34t5ffdmvk1rrv8c] - reached maximum number of capture attempts
[INFO] Tests run: 15, Failures: 0, Errors: 0, Skipped: 0, Time elapsed: 0.029 s - in uk.gov.pay.connector.paymentprocessor.service.CardCaptureServiceTest
[INFO] Running uk.gov.pay.connector.paymentprocessor.service.CardCaptureProcessTest
[INFO] Tests run: 4, Failures: 0, Errors: 0, Skipped: 0, Time elapsed: 0.019 s - in uk.gov.pay.connector.paymentprocessor.service.CardCaptureProcessTest
[INFO] Running uk.gov.pay.connector.report.resource.ParityCheckerResourceTest
[INFO] Tests run: 4, Failures: 0, Errors: 0, Skipped: 0, Time elapsed: 0.114 s - in uk.gov.pay.connector.report.resource.ParityCheckerResourceTest
[INFO] Running uk.gov.pay.connector.report.ParityCheckerServiceTest
[INFO] Tests run: 13, Failures: 0, Errors: 0, Skipped: 0, Time elapsed: 0.028 s - in uk.gov.pay.connector.report.ParityCheckerServiceTest
[INFO] Running uk.gov.pay.connector.filters.SchemeRewriteFilterTest
[INFO] Tests run: 1, Failures: 0, Errors: 0, Skipped: 0, Time elapsed: 0.008 s - in uk.gov.pay.connector.filters.SchemeRewriteFilterTest
[INFO] Running uk.gov.pay.connector.app.RestClientFactoryTest
[INFO] Tests run: 2, Failures: 0, Errors: 0, Skipped: 0, Time elapsed: 0.014 s - in uk.gov.pay.connector.app.RestClientFactoryTest
[INFO] Running uk.gov.pay.connector.app.validator.SqsConfigValidatorTest
[INFO] Tests run: 5, Failures: 0, Errors: 0, Skipped: 0, Time elapsed: 0.01 s - in uk.gov.pay.connector.app.validator.SqsConfigValidatorTest
[INFO] Running uk.gov.pay.connector.expunge.service.ChargeExpungeServiceTest
[MockitoHint] ChargeExpungeServiceTest.expunge_shouldNotExpungeCharge__whenInAuthorisationErrorState (see javadoc for MockitoHint):
[MockitoHint] 1. Unused -> at uk.gov.pay.connector.expunge.service.ChargeExpungeServiceTest.expunge_shouldNotExpungeCharge__whenInAuthorisationErrorState(ChargeExpungeServiceTest.java:173)

[INFO] Tests run: 22, Failures: 0, Errors: 0, Skipped: 0, Time elapsed: 0.029 s - in uk.gov.pay.connector.expunge.service.ChargeExpungeServiceTest
[INFO] Running uk.gov.pay.connector.expunge.service.ExpungeServiceTest
[INFO] Tests run: 2, Failures: 0, Errors: 0, Skipped: 0, Time elapsed: 0.007 s - in uk.gov.pay.connector.expunge.service.ExpungeServiceTest
[INFO] Running uk.gov.pay.connector.expunge.service.RefundExpungeServiceTest
[INFO] Tests run: 6, Failures: 0, Errors: 0, Skipped: 0, Time elapsed: 0.005 s - in uk.gov.pay.connector.expunge.service.RefundExpungeServiceTest
[INFO] Running uk.gov.pay.connector.chargeevent.model.domain.LocalDateTimeConverterTest
[INFO] Tests run: 2, Failures: 0, Errors: 0, Skipped: 0, Time elapsed: 0.001 s - in uk.gov.pay.connector.chargeevent.model.domain.LocalDateTimeConverterTest
[INFO] Running uk.gov.pay.connector.northamericaregion.CanadaPostalcodeToProvinceOrTerritoryMapperTest
[INFO] Tests run: 4, Failures: 0, Errors: 0, Skipped: 0, Time elapsed: 0 s - in uk.gov.pay.connector.northamericaregion.CanadaPostalcodeToProvinceOrTerritoryMapperTest
[INFO] Running uk.gov.pay.connector.northamericaregion.UsZipCodeToStateMapperTest
[INFO] Tests run: 8, Failures: 0, Errors: 0, Skipped: 0, Time elapsed: 0 s - in uk.gov.pay.connector.northamericaregion.UsZipCodeToStateMapperTest
[INFO] Running uk.gov.pay.connector.northamericaregion.NorthAmericanRegionMapperTest
[INFO] Tests run: 3, Failures: 0, Errors: 0, Skipped: 0, Time elapsed: 0 s - in uk.gov.pay.connector.northamericaregion.NorthAmericanRegionMapperTest
[INFO] Running uk.gov.pay.connector.util.WorldpayXMLUnmarshallerTest
[INFO] Tests run: 13, Failures: 0, Errors: 0, Skipped: 0, Time elapsed: 0.042 s - in uk.gov.pay.connector.util.WorldpayXMLUnmarshallerTest
[INFO] Running uk.gov.pay.connector.util.ReverseDnsLookupTest
[INFO] Tests run: 2, Failures: 0, Errors: 0, Skipped: 0, Time elapsed: 0.02 s - in uk.gov.pay.connector.util.ReverseDnsLookupTest
[INFO] Running uk.gov.pay.connector.util.ApplicationStartupApplicationStartupDependentResourceCheckerTest
[INFO] Tests run: 3, Failures: 0, Errors: 0, Skipped: 0, Time elapsed: 0.027 s - in uk.gov.pay.connector.util.ApplicationStartupApplicationStartupDependentResourceCheckerTest
[INFO] Running uk.gov.pay.connector.util.SmartpayXMLUnmarshallerTest
[INFO] Tests run: 9, Failures: 0, Errors: 0, Skipped: 0, Time elapsed: 0.026 s - in uk.gov.pay.connector.util.SmartpayXMLUnmarshallerTest
[INFO] Running uk.gov.pay.connector.util.XMLUnmarshallerSecurityTest
[INFO] Tests run: 5, Failures: 0, Errors: 0, Skipped: 0, Time elapsed: 0.02 s - in uk.gov.pay.connector.util.XMLUnmarshallerSecurityTest
[INFO] Running uk.gov.pay.connector.util.JsonObjectMapperTest
[INFO] Tests run: 2, Failures: 0, Errors: 0, Skipped: 0, Time elapsed: 0.002 s - in uk.gov.pay.connector.util.JsonObjectMapperTest
[INFO] Running uk.gov.pay.connector.util.DnsPointerResourceRecordTest
[INFO] Tests run: 1, Failures: 0, Errors: 0, Skipped: 0, Time elapsed: 0 s - in uk.gov.pay.connector.util.DnsPointerResourceRecordTest
[INFO] Running uk.gov.pay.connector.util.IpDomainMatcherTest
ERROR [2023-02-01 11:37:12,443] uk.gov.pay.connector.util.IpDomainMatcher: Reverse DNS Lookup failed: Host not found for ip address 'not-an-ip'
ERROR [2023-02-01 11:37:12,443] uk.gov.pay.connector.util.IpDomainMatcher: Reverse DNS Lookup failed: null
ERROR [2023-02-01 11:37:12,446] uk.gov.pay.connector.util.IpDomainMatcher: Reverse DNS lookup on ip '8.8.8.8' - resolved domain 'dns.google.' does not match 'worldpay.com'
[INFO] Tests run: 3, Failures: 0, Errors: 0, Skipped: 0, Time elapsed: 0.006 s - in uk.gov.pay.connector.util.IpDomainMatcherTest
[INFO] Running uk.gov.pay.connector.util.RandomIdGeneratorTest
[INFO] Tests run: 6, Failures: 0, Errors: 0, Skipped: 0, Time elapsed: 0.019 s - in uk.gov.pay.connector.util.RandomIdGeneratorTest
[INFO] Running uk.gov.pay.connector.util.DateTimeUtilsTest
[INFO] Tests run: 7, Failures: 0, Errors: 0, Skipped: 0, Time elapsed: 0.009 s - in uk.gov.pay.connector.util.DateTimeUtilsTest
[INFO] Running uk.gov.pay.connector.util.EpdqXMLUnmarshallerTest
[INFO] Tests run: 11, Failures: 0, Errors: 0, Skipped: 0, Time elapsed: 0.04 s - in uk.gov.pay.connector.util.EpdqXMLUnmarshallerTest
[INFO] Running uk.gov.pay.connector.common.model.domain.PrefilledAddressTest
[INFO] Tests run: 4, Failures: 0, Errors: 0, Skipped: 0, Time elapsed: 0.001 s - in uk.gov.pay.connector.common.model.domain.PrefilledAddressTest
[INFO] Running uk.gov.pay.connector.common.model.domain.PaymentGatewayStateTransitionsTest
[INFO] Tests run: 41, Failures: 0, Errors: 0, Skipped: 0, Time elapsed: 0.01 s - in uk.gov.pay.connector.common.model.domain.PaymentGatewayStateTransitionsTest
[INFO] Running uk.gov.pay.connector.common.model.domain.NumbersInStringsSanitizerTest
[INFO] Tests run: 5, Failures: 0, Errors: 0, Skipped: 0, Time elapsed: 0.001 s - in uk.gov.pay.connector.common.model.domain.NumbersInStringsSanitizerTest
[INFO] Running uk.gov.pay.connector.common.model.api.ExternalRefundStatusMapTest
[INFO] Tests run: 4, Failures: 0, Errors: 0, Skipped: 0, Time elapsed: 0.001 s - in uk.gov.pay.connector.common.model.api.ExternalRefundStatusMapTest
[INFO] Running uk.gov.pay.connector.queue.payout.PayoutReconcileQueueTest
[INFO] Tests run: 2, Failures: 0, Errors: 0, Skipped: 0, Time elapsed: 0.008 s - in uk.gov.pay.connector.queue.payout.PayoutReconcileQueueTest
[INFO] Running uk.gov.pay.connector.queue.StateTransitionQueueTest
[INFO] Tests run: 2, Failures: 0, Errors: 0, Skipped: 0, Time elapsed: 0.301 s - in uk.gov.pay.connector.queue.StateTransitionQueueTest
[INFO] Running uk.gov.pay.connector.queue.CaptureQueueTest
[INFO] Tests run: 2, Failures: 0, Errors: 0, Skipped: 0, Time elapsed: 0.004 s - in uk.gov.pay.connector.queue.CaptureQueueTest
[INFO] Running uk.gov.pay.connector.queue.StateTransitionServiceTest
[INFO] Tests run: 4, Failures: 0, Errors: 0, Skipped: 0, Time elapsed: 0.015 s - in uk.gov.pay.connector.queue.StateTransitionServiceTest
[INFO] Running uk.gov.pay.connector.wallets.applepay.ApplePayServiceTest
[INFO] Tests run: 2, Failures: 0, Errors: 0, Skipped: 0, Time elapsed: 0.013 s - in uk.gov.pay.connector.wallets.applepay.ApplePayServiceTest
[INFO] Running uk.gov.pay.connector.wallets.googlepay.api.GooglePayAuthRequestTest
[INFO] Tests run: 1, Failures: 0, Errors: 0, Skipped: 0, Time elapsed: 0.001 s - in uk.gov.pay.connector.wallets.googlepay.api.GooglePayAuthRequestTest
[INFO] Running uk.gov.pay.connector.wallets.googlepay.GooglePayServiceTest
[INFO] Tests run: 3, Failures: 0, Errors: 0, Skipped: 0, Time elapsed: 0.003 s - in uk.gov.pay.connector.wallets.googlepay.GooglePayServiceTest
[INFO] Running uk.gov.pay.connector.wallets.WalletAuthoriseServiceForGooglePay3dsTest
[INFO] Tests run: 1, Failures: 0, Errors: 0, Skipped: 0, Time elapsed: 0.013 s - in uk.gov.pay.connector.wallets.WalletAuthoriseServiceForGooglePay3dsTest
[INFO] Running uk.gov.pay.connector.wallets.WalletAuthoriseServiceTest
ERROR [2023-02-01 11:37:12,897] uk.gov.pay.connector.wallets.WalletAuthoriseService: Error occurred authorising charge. Charge external id: as5dn87ee2bl74ptrg5kg0b897; message: Mock for WorldpayOrderStatusResponse, hashCode: 2107611108
WARN  [2023-02-01 11:37:12,897] uk.gov.pay.connector.paymentprocessor.service.AuthorisationService: AuthCardDetails authorisation response received with no transaction id. -  charge_external_id=as5dn87ee2bl74ptrg5kg0b897
WARN  [2023-02-01 11:37:12,899] uk.gov.pay.connector.charge.model.domain.ChargeEntity: Charge with state UNDEFINED cannot proceed to AUTHORISATION READY [charge_external_id=863ae0kl0pjo8lkgggevn7rhs6, charge_status=AUTHORISATION READY, event=Event{resourceExternalId='null', eventDetails=uk.gov.pay.connector.events.eventdetails.EmptyEventDetails, timestamp=null}]
WARN  [2023-02-01 11:37:12,909] uk.gov.pay.connector.charge.model.domain.ChargeEntity: Charge with state AUTHORISATION READY cannot proceed to AUTHORISATION READY [charge_external_id=391ebcsnk19g1f32g6vhal541g, charge_status=AUTHORISATION READY, event=Event{resourceExternalId='null', eventDetails=uk.gov.pay.connector.events.eventdetails.EmptyEventDetails, timestamp=null}]
ERROR [2023-02-01 11:37:12,913] uk.gov.pay.connector.wallets.WalletAuthoriseService: Error occurred authorising charge. Charge external id: b6p6t3n4ro5ur41v1036mcjlur; message: Malformed response received
ERROR [2023-02-01 11:37:12,913] uk.gov.pay.connector.wallets.WalletAuthoriseService: Response from gateway: null
WARN  [2023-02-01 11:37:12,913] uk.gov.pay.connector.paymentprocessor.service.AuthorisationService: AuthCardDetails authorisation response received with no transaction id. -  charge_external_id=b6p6t3n4ro5ur41v1036mcjlur
ERROR [2023-02-01 11:37:12,920] uk.gov.pay.connector.wallets.WalletAuthoriseService: Error occurred authorising charge. Charge external id: 7qq277vdvi2kaea79lue545kbu; message: Mock for WorldpayOrderStatusResponse, hashCode: 1378378816
WARN  [2023-02-01 11:37:12,920] uk.gov.pay.connector.paymentprocessor.service.AuthorisationService: AuthCardDetails authorisation response received with no transaction id. -  charge_external_id=7qq277vdvi2kaea79lue545kbu
ERROR [2023-02-01 11:37:12,924] uk.gov.pay.connector.wallets.WalletAuthoriseService: Error occurred authorising charge. Charge external id: 2fft4vdflstkp1j6q5a6st16ob; message: Connection timed out
WARN  [2023-02-01 11:37:12,925] uk.gov.pay.connector.paymentprocessor.service.AuthorisationService: AuthCardDetails authorisation response received with no transaction id. -  charge_external_id=2fft4vdflstkp1j6q5a6st16ob
ERROR [2023-02-01 11:37:12,930] uk.gov.pay.connector.wallets.WalletAuthoriseService: Error occurred authorising charge. Charge external id: mui0gm7oonnktjudv3gg19ps8u; message: Mock for WorldpayOrderStatusResponse, hashCode: 1135729672
WARN  [2023-02-01 11:37:12,930] uk.gov.pay.connector.paymentprocessor.service.AuthorisationService: AuthCardDetails authorisation response received with no transaction id. -  charge_external_id=mui0gm7oonnktjudv3gg19ps8u
[INFO] Tests run: 17, Failures: 0, Errors: 0, Skipped: 0, Time elapsed: 0.04 s - in uk.gov.pay.connector.wallets.WalletAuthoriseServiceTest
[INFO] Running uk.gov.pay.connector.tasks.service.ChargeParityCheckerTest
[INFO] Tests run: 22, Failures: 0, Errors: 0, Skipped: 0, Time elapsed: 0.022 s - in uk.gov.pay.connector.tasks.service.ChargeParityCheckerTest
[INFO] Running uk.gov.pay.connector.tasks.service.RefundParityCheckerTest
[INFO] Tests run: 8, Failures: 0, Errors: 0, Skipped: 0, Time elapsed: 0.002 s - in uk.gov.pay.connector.tasks.service.RefundParityCheckerTest
[INFO] Running uk.gov.pay.connector.tasks.ParityCheckServiceTest
[INFO] Tests run: 5, Failures: 0, Errors: 0, Skipped: 0, Time elapsed: 0.005 s - in uk.gov.pay.connector.tasks.ParityCheckServiceTest
[INFO] Running uk.gov.pay.connector.usernotification.model.NotificationsTest
[INFO] Tests run: 2, Failures: 0, Errors: 0, Skipped: 0, Time elapsed: 0.002 s - in uk.gov.pay.connector.usernotification.model.NotificationsTest
[INFO] Running uk.gov.pay.connector.usernotification.model.EvaluatedChargeStatusNotificationTest
[INFO] Tests run: 1, Failures: 0, Errors: 0, Skipped: 0, Time elapsed: 0.001 s - in uk.gov.pay.connector.usernotification.model.EvaluatedChargeStatusNotificationTest
[INFO] Running uk.gov.pay.connector.usernotification.model.EvaluatedRefundStatusNotificationTest
[INFO] Tests run: 1, Failures: 0, Errors: 0, Skipped: 0, Time elapsed: 0.001 s - in uk.gov.pay.connector.usernotification.model.EvaluatedRefundStatusNotificationTest
[INFO] Running uk.gov.pay.connector.usernotification.service.UserNotificationServiceTest
WARN  [2023-02-01 11:37:13,008] uk.gov.pay.connector.usernotification.service.UserNotificationService: Email notifications is disabled by configuration
ERROR [2023-02-01 11:37:13,026] uk.gov.pay.connector.usernotification.service.UserNotificationService: Failed to send PAYMENT_CONFIRMED email - charge_external_id=rol32835b5e79ap4e6oa0b3gev
! uk.gov.service.notify.NotificationClientException: null
WARN  [2023-02-01 11:37:13,056] uk.gov.pay.connector.usernotification.service.UserNotificationService: Cannot send email for charge_external_id = sc4dgp3k4j73ealiq4phkvgeo5 because the charge does not have an email address
ERROR [2023-02-01 11:37:13,064] uk.gov.pay.connector.usernotification.service.UserNotificationService: Failed to send REFUND_ISSUED email - charge_external_id=upl39959fjs0hupkdgbelo5id9
! uk.gov.service.notify.NotificationClientException: null
WARN  [2023-02-01 11:37:13,066] uk.gov.pay.connector.usernotification.service.UserNotificationService: Email notifications is disabled by configuration
[INFO] Tests run: 23, Failures: 0, Errors: 0, Skipped: 0, Time elapsed: 0.101 s - in uk.gov.pay.connector.usernotification.service.UserNotificationServiceTest
[INFO] Running uk.gov.pay.connector.usernotification.service.GatewayAccountNotificationCredentialsServiceTest
[INFO] Tests run: 3, Failures: 0, Errors: 0, Skipped: 0, Time elapsed: 0.002 s - in uk.gov.pay.connector.usernotification.service.GatewayAccountNotificationCredentialsServiceTest
[INFO] Running uk.gov.pay.connector.usernotification.service.UserNotificationServiceEmailCollectionModeTest
[INFO] Tests run: 4, Failures: 0, Errors: 0, Skipped: 0, Time elapsed: 0.004 s - in uk.gov.pay.connector.usernotification.service.UserNotificationServiceEmailCollectionModeTest
[INFO] Running uk.gov.pay.connector.resources.PerformanceReportResourceTest
[INFO] Tests run: 2, Failures: 0, Errors: 0, Skipped: 0, Time elapsed: 0.011 s - in uk.gov.pay.connector.resources.PerformanceReportResourceTest
[INFO] Running uk.gov.pay.connector.resources.ApiValidatorsTest
[INFO] Tests run: 23, Failures: 0, Errors: 0, Skipped: 0, Time elapsed: 0.017 s - in uk.gov.pay.connector.resources.ApiValidatorsTest
[INFO] Running uk.gov.pay.connector.resources.AuthCardDetailsValidatorTest
[INFO] Tests run: 52, Failures: 0, Errors: 0, Skipped: 0, Time elapsed: 0.023 s - in uk.gov.pay.connector.resources.AuthCardDetailsValidatorTest
[INFO] Running uk.gov.pay.connector.resources.GatewayAccountPerformanceReportResourceTest
[INFO] Tests run: 2, Failures: 0, Errors: 0, Skipped: 0, Time elapsed: 0.002 s - in uk.gov.pay.connector.resources.GatewayAccountPerformanceReportResourceTest
[INFO] Running uk.gov.pay.connector.it.util.XMLUnmarshallerTest
[INFO] Tests run: 1, Failures: 0, Errors: 0, Skipped: 0, Time elapsed: 0.367 s - in uk.gov.pay.connector.it.util.XMLUnmarshallerTest
[INFO] Running uk.gov.pay.connector.it.resources.PayersCardTypesResourceITest
[WARNING] Tests run: 5, Failures: 0, Errors: 0, Skipped: 4, Time elapsed: 0.078 s - in uk.gov.pay.connector.it.resources.PayersCardTypesResourceITest
[INFO] Running uk.gov.pay.connector.healthcheck.PingTest
[INFO] Tests run: 1, Failures: 0, Errors: 0, Skipped: 0, Time elapsed: 0.001 s - in uk.gov.pay.connector.healthcheck.PingTest
[INFO] 
[INFO] Results:
[INFO] 
[WARNING] Tests run: 2003, Failures: 0, Errors: 0, Skipped: 8
[INFO] 
[INFO] ------------------------------------------------------------------------
[INFO] BUILD SUCCESS
[INFO] ------------------------------------------------------------------------
[INFO] Total time:  33.112 s
[INFO] Finished at: 2023-02-01T11:37:13Z
[INFO] ------------------------------------------------------------------------
