[INFO] Scanning for projects...
[INFO] 
[INFO] -----------------------< org.mybatis:jpetstore >------------------------
[INFO] Building JPetStore Demo 6 6.0.3-SNAPSHOT
[INFO] --------------------------------[ war ]---------------------------------
[INFO] Downloading from sonatype-oss-snapshots: https://oss.sonatype.org/content/repositories/snapshots/com/codeborne/selenide-core/6.5.1/selenide-core-6.5.1.jar
[INFO] Downloading from sonatype-oss-snapshots: https://oss.sonatype.org/content/repositories/snapshots/com/codeborne/selenide/6.5.1/selenide-6.5.1.jar
[INFO] Downloading from central: https://repo.maven.apache.org/maven2/com/codeborne/selenide/6.5.1/selenide-6.5.1.jar
[INFO] Downloading from central: https://repo.maven.apache.org/maven2/com/codeborne/selenide-core/6.5.1/selenide-core-6.5.1.jar
[INFO] Downloaded from central: https://repo.maven.apache.org/maven2/com/codeborne/selenide/6.5.1/selenide-6.5.1.jar (26 kB at 303 kB/s)
[INFO] Downloaded from central: https://repo.maven.apache.org/maven2/com/codeborne/selenide-core/6.5.1/selenide-core-6.5.1.jar (490 kB at 5.6 MB/s)
[INFO] 
[INFO] --- maven-clean-plugin:3.1.0:clean (default-clean) @ jpetstore ---
[INFO] Deleting /home/gabsko/breaking-updates/target
[INFO] 
[INFO] --- maven-enforcer-plugin:3.0.0:enforce (enforce-java) @ jpetstore ---
[INFO] Skipping Rule Enforcement.
[INFO] 
[INFO] --- jacoco-maven-plugin:0.8.7:prepare-agent (prepare-agent) @ jpetstore ---
[INFO] argLine set to -javaagent:/home/gabsko/.m2/repository/org/jacoco/org.jacoco.agent/0.8.7/org.jacoco.agent-0.8.7-runtime.jar=destfile=/home/gabsko/breaking-updates/target/jacoco.exec
[INFO] 
[INFO] --- whitespace-maven-plugin:1.0.4:trim (default) @ jpetstore ---
[INFO] 
[INFO] --- formatter-maven-plugin:2.16.0:format (default) @ jpetstore ---
[INFO] Using 'UTF-8' encoding to format source files.
[INFO] Formatting is skipped for types: XML
[INFO] Number of files to be formatted: 41
[INFO] Successfully formatted:          0 file(s)
[INFO] Fail to format:                  0 file(s)
[INFO] Skipped:                         41 file(s)
[INFO] Read only skipped:               0 file(s)
[INFO] Approximate time taken:          1s
[INFO] 
[INFO] --- impsort-maven-plugin:1.6.2:sort (default) @ jpetstore ---
[INFO] Processed 41 files in 00:00.472 (Already Sorted: 41, Needed Sorting: 0)
[INFO] 
[INFO] --- license-maven-plugin:4.2.rc2:format (default) @ jpetstore ---
[INFO] Updating license headers...
[INFO] Updating license header in: /home/gabsko/breaking-updates/pom.xml
[INFO] Updating license header in: /home/gabsko/breaking-updates/.mvn/extensions.xml
[INFO] 
[INFO] --- maven-resources-plugin:3.2.0:resources (default-resources) @ jpetstore ---
[INFO] Using 'UTF-8' encoding to copy filtered resources.
[INFO] Using 'UTF-8' encoding to copy filtered properties files.
[INFO] Copying 10 resources
[INFO] Copying 2 resources to META-INF
[INFO] The encoding used to copy filtered properties files have not been set. This means that the same encoding will be used to copy filtered properties files as when copying other filtered resources. This might not be what you want! Run your build with --debug to see which files might be affected. Read more at https://maven.apache.org/plugins/maven-resources-plugin/examples/filtering-properties-files.html
[INFO] 
[INFO] --- maven-compiler-plugin:3.9.0:compile (default-compile) @ jpetstore ---
[INFO] Compiling 24 source files to /home/gabsko/breaking-updates/target/classes
[INFO] 
[INFO] --- animal-sniffer-maven-plugin:1.21:check (check-java-compat) @ jpetstore ---
[INFO] Checking unresolved references to org.codehaus.mojo.signature:java18:1.0
[INFO] 
[INFO] --- maven-bundle-plugin:5.1.4:manifest (bundle-manifest) @ jpetstore ---
[INFO] Writing manifest: /home/gabsko/breaking-updates/target/osgi/MANIFEST.MF
[INFO] 
[INFO] --- maven-resources-plugin:3.2.0:testResources (default-testResources) @ jpetstore ---
[INFO] Using 'UTF-8' encoding to copy filtered resources.
[INFO] Using 'UTF-8' encoding to copy filtered properties files.
[INFO] Copying 1 resource
[INFO] 
[INFO] --- maven-compiler-plugin:3.9.0:testCompile (default-testCompile) @ jpetstore ---
[INFO] Compiling 17 source files to /home/gabsko/breaking-updates/target/test-classes
[INFO] /home/gabsko/breaking-updates/src/test/java/org/mybatis/jpetstore/domain/OrderTest.java: /home/gabsko/breaking-updates/src/test/java/org/mybatis/jpetstore/domain/OrderTest.java uses or overrides a deprecated API.
[INFO] /home/gabsko/breaking-updates/src/test/java/org/mybatis/jpetstore/domain/OrderTest.java: Recompile with -Xlint:deprecation for details.
[INFO] 
[INFO] --- maven-surefire-plugin:3.0.0-M5:test (default-test) @ jpetstore ---
[INFO] 
[INFO] -------------------------------------------------------
[INFO]  T E S T S
[INFO] -------------------------------------------------------
[INFO] Running org.mybatis.jpetstore.domain.OrderTest
[INFO] Tests run: 1, Failures: 0, Errors: 0, Skipped: 0, Time elapsed: 0.224 s - in org.mybatis.jpetstore.domain.OrderTest
[INFO] Running org.mybatis.jpetstore.domain.CartTest
[INFO] Tests run: 8, Failures: 0, Errors: 0, Skipped: 0, Time elapsed: 0.011 s - in org.mybatis.jpetstore.domain.CartTest
[INFO] Running org.mybatis.jpetstore.web.actions.CatalogActionBeanTest
[INFO] Tests run: 11, Failures: 0, Errors: 0, Skipped: 0, Time elapsed: 0.012 s - in org.mybatis.jpetstore.web.actions.CatalogActionBeanTest
[INFO] Running org.mybatis.jpetstore.web.actions.AccountActionBeanTest
[INFO] Tests run: 6, Failures: 0, Errors: 0, Skipped: 0, Time elapsed: 0.006 s - in org.mybatis.jpetstore.web.actions.AccountActionBeanTest
[INFO] Running org.mybatis.jpetstore.web.actions.OrderActionBeanTest
[INFO] Tests run: 4, Failures: 0, Errors: 0, Skipped: 0, Time elapsed: 0.003 s - in org.mybatis.jpetstore.web.actions.OrderActionBeanTest
[INFO] Running org.mybatis.jpetstore.service.CatalogServiceTest
[INFO] Tests run: 9, Failures: 0, Errors: 0, Skipped: 0, Time elapsed: 0.635 s - in org.mybatis.jpetstore.service.CatalogServiceTest
[INFO] Running org.mybatis.jpetstore.service.AccountServiceTest
[INFO] Tests run: 4, Failures: 0, Errors: 0, Skipped: 0, Time elapsed: 0.034 s - in org.mybatis.jpetstore.service.AccountServiceTest
[INFO] Running org.mybatis.jpetstore.service.OrderServiceTest
[INFO] Tests run: 6, Failures: 0, Errors: 0, Skipped: 0, Time elapsed: 0.071 s - in org.mybatis.jpetstore.service.OrderServiceTest
[INFO] Running org.mybatis.jpetstore.mapper.SequenceMapperTest
[main] INFO org.springframework.test.context.support.DefaultTestContextBootstrapper - Loaded default TestExecutionListener class names from location [META-INF/spring.factories]: [org.springframework.test.context.web.ServletTestExecutionListener, org.springframework.test.context.support.DirtiesContextBeforeModesTestExecutionListener, org.springframework.test.context.event.ApplicationEventsTestExecutionListener, org.springframework.test.context.support.DependencyInjectionTestExecutionListener, org.springframework.test.context.support.DirtiesContextTestExecutionListener, org.springframework.test.context.transaction.TransactionalTestExecutionListener, org.springframework.test.context.jdbc.SqlScriptsTestExecutionListener, org.springframework.test.context.event.EventPublishingTestExecutionListener]
[main] INFO org.springframework.test.context.support.DefaultTestContextBootstrapper - Using TestExecutionListeners: [org.springframework.test.context.web.ServletTestExecutionListener@7e8f97dd, org.springframework.test.context.support.DirtiesContextBeforeModesTestExecutionListener@183435c0, org.springframework.test.context.event.ApplicationEventsTestExecutionListener@69862a1, org.springframework.test.context.support.DependencyInjectionTestExecutionListener@585718dd, org.springframework.test.context.support.DirtiesContextTestExecutionListener@5a644d75, org.springframework.test.context.transaction.TransactionalTestExecutionListener@6347f9cc, org.springframework.test.context.jdbc.SqlScriptsTestExecutionListener@268f126f, org.springframework.test.context.event.EventPublishingTestExecutionListener@467e7793]
[main] INFO org.springframework.jdbc.datasource.embedded.EmbeddedDatabaseFactory - Starting embedded database: url='jdbc:hsqldb:mem:64653862-fc87-45b9-bf42-593ca778f651', username='sa'
[main] INFO org.springframework.test.context.transaction.TransactionContext - Began transaction (1) for test context [DefaultTestContext@7bd43ad7 testClass = SequenceMapperTest, testInstance = org.mybatis.jpetstore.mapper.SequenceMapperTest@1cc3fcd6, testMethod = updateSequence@SequenceMapperTest, testException = [null], mergedContextConfiguration = [MergedContextConfiguration@26928e2b testClass = SequenceMapperTest, locations = '{}', classes = '{class org.mybatis.jpetstore.mapper.MapperTestContext}', contextInitializerClasses = '[]', activeProfiles = '{}', propertySourceLocations = '{}', propertySourceProperties = '{}', contextCustomizers = set[[empty]], contextLoader = 'org.springframework.test.context.support.DelegatingSmartContextLoader', parent = [null]], attributes = map['org.springframework.test.context.event.ApplicationEventsTestExecutionListener.recordApplicationEvents' -> false]]; transaction manager [org.springframework.jdbc.datasource.DataSourceTransactionManager@6d654064]; rollback [true]
[main] INFO org.springframework.test.context.transaction.TransactionContext - Rolled back transaction for test: [DefaultTestContext@7bd43ad7 testClass = SequenceMapperTest, testInstance = org.mybatis.jpetstore.mapper.SequenceMapperTest@1cc3fcd6, testMethod = updateSequence@SequenceMapperTest, testException = [null], mergedContextConfiguration = [MergedContextConfiguration@26928e2b testClass = SequenceMapperTest, locations = '{}', classes = '{class org.mybatis.jpetstore.mapper.MapperTestContext}', contextInitializerClasses = '[]', activeProfiles = '{}', propertySourceLocations = '{}', propertySourceProperties = '{}', contextCustomizers = set[[empty]], contextLoader = 'org.springframework.test.context.support.DelegatingSmartContextLoader', parent = [null]], attributes = map['org.springframework.test.context.event.ApplicationEventsTestExecutionListener.recordApplicationEvents' -> false]]
[main] INFO org.springframework.test.context.transaction.TransactionContext - Began transaction (1) for test context [DefaultTestContext@7bd43ad7 testClass = SequenceMapperTest, testInstance = org.mybatis.jpetstore.mapper.SequenceMapperTest@5f02432e, testMethod = getSequence@SequenceMapperTest, testException = [null], mergedContextConfiguration = [MergedContextConfiguration@26928e2b testClass = SequenceMapperTest, locations = '{}', classes = '{class org.mybatis.jpetstore.mapper.MapperTestContext}', contextInitializerClasses = '[]', activeProfiles = '{}', propertySourceLocations = '{}', propertySourceProperties = '{}', contextCustomizers = set[[empty]], contextLoader = 'org.springframework.test.context.support.DelegatingSmartContextLoader', parent = [null]], attributes = map['org.springframework.test.context.event.ApplicationEventsTestExecutionListener.recordApplicationEvents' -> false]]; transaction manager [org.springframework.jdbc.datasource.DataSourceTransactionManager@6d654064]; rollback [true]
[main] INFO org.springframework.test.context.transaction.TransactionContext - Rolled back transaction for test: [DefaultTestContext@7bd43ad7 testClass = SequenceMapperTest, testInstance = org.mybatis.jpetstore.mapper.SequenceMapperTest@5f02432e, testMethod = getSequence@SequenceMapperTest, testException = [null], mergedContextConfiguration = [MergedContextConfiguration@26928e2b testClass = SequenceMapperTest, locations = '{}', classes = '{class org.mybatis.jpetstore.mapper.MapperTestContext}', contextInitializerClasses = '[]', activeProfiles = '{}', propertySourceLocations = '{}', propertySourceProperties = '{}', contextCustomizers = set[[empty]], contextLoader = 'org.springframework.test.context.support.DelegatingSmartContextLoader', parent = [null]], attributes = map['org.springframework.test.context.event.ApplicationEventsTestExecutionListener.recordApplicationEvents' -> false]]
[INFO] Tests run: 2, Failures: 0, Errors: 0, Skipped: 0, Time elapsed: 1.77 s - in org.mybatis.jpetstore.mapper.SequenceMapperTest
[INFO] Running org.mybatis.jpetstore.mapper.ProductMapperTest
[main] INFO org.springframework.test.context.support.DefaultTestContextBootstrapper - Loaded default TestExecutionListener class names from location [META-INF/spring.factories]: [org.springframework.test.context.web.ServletTestExecutionListener, org.springframework.test.context.support.DirtiesContextBeforeModesTestExecutionListener, org.springframework.test.context.event.ApplicationEventsTestExecutionListener, org.springframework.test.context.support.DependencyInjectionTestExecutionListener, org.springframework.test.context.support.DirtiesContextTestExecutionListener, org.springframework.test.context.transaction.TransactionalTestExecutionListener, org.springframework.test.context.jdbc.SqlScriptsTestExecutionListener, org.springframework.test.context.event.EventPublishingTestExecutionListener]
[main] INFO org.springframework.test.context.support.DefaultTestContextBootstrapper - Using TestExecutionListeners: [org.springframework.test.context.web.ServletTestExecutionListener@2b14775c, org.springframework.test.context.support.DirtiesContextBeforeModesTestExecutionListener@2e862e83, org.springframework.test.context.event.ApplicationEventsTestExecutionListener@2908b236, org.springframework.test.context.support.DependencyInjectionTestExecutionListener@294c39a0, org.springframework.test.context.support.DirtiesContextTestExecutionListener@216a0542, org.springframework.test.context.transaction.TransactionalTestExecutionListener@3e87d5da, org.springframework.test.context.jdbc.SqlScriptsTestExecutionListener@52f2593e, org.springframework.test.context.event.EventPublishingTestExecutionListener@1a3bebf9]
[main] INFO org.springframework.test.context.transaction.TransactionContext - Began transaction (1) for test context [DefaultTestContext@2bd813b4 testClass = ProductMapperTest, testInstance = org.mybatis.jpetstore.mapper.ProductMapperTest@6e794115, testMethod = getProduct@ProductMapperTest, testException = [null], mergedContextConfiguration = [MergedContextConfiguration@50a2dcc6 testClass = ProductMapperTest, locations = '{}', classes = '{class org.mybatis.jpetstore.mapper.MapperTestContext}', contextInitializerClasses = '[]', activeProfiles = '{}', propertySourceLocations = '{}', propertySourceProperties = '{}', contextCustomizers = set[[empty]], contextLoader = 'org.springframework.test.context.support.DelegatingSmartContextLoader', parent = [null]], attributes = map['org.springframework.test.context.event.ApplicationEventsTestExecutionListener.recordApplicationEvents' -> false]]; transaction manager [org.springframework.jdbc.datasource.DataSourceTransactionManager@6d654064]; rollback [true]
[main] INFO org.springframework.test.context.transaction.TransactionContext - Rolled back transaction for test: [DefaultTestContext@2bd813b4 testClass = ProductMapperTest, testInstance = org.mybatis.jpetstore.mapper.ProductMapperTest@6e794115, testMethod = getProduct@ProductMapperTest, testException = [null], mergedContextConfiguration = [MergedContextConfiguration@50a2dcc6 testClass = ProductMapperTest, locations = '{}', classes = '{class org.mybatis.jpetstore.mapper.MapperTestContext}', contextInitializerClasses = '[]', activeProfiles = '{}', propertySourceLocations = '{}', propertySourceProperties = '{}', contextCustomizers = set[[empty]], contextLoader = 'org.springframework.test.context.support.DelegatingSmartContextLoader', parent = [null]], attributes = map['org.springframework.test.context.event.ApplicationEventsTestExecutionListener.recordApplicationEvents' -> false]]
[main] INFO org.springframework.test.context.transaction.TransactionContext - Began transaction (1) for test context [DefaultTestContext@2bd813b4 testClass = ProductMapperTest, testInstance = org.mybatis.jpetstore.mapper.ProductMapperTest@62458e7e, testMethod = searchProductList@ProductMapperTest, testException = [null], mergedContextConfiguration = [MergedContextConfiguration@50a2dcc6 testClass = ProductMapperTest, locations = '{}', classes = '{class org.mybatis.jpetstore.mapper.MapperTestContext}', contextInitializerClasses = '[]', activeProfiles = '{}', propertySourceLocations = '{}', propertySourceProperties = '{}', contextCustomizers = set[[empty]], contextLoader = 'org.springframework.test.context.support.DelegatingSmartContextLoader', parent = [null]], attributes = map['org.springframework.test.context.event.ApplicationEventsTestExecutionListener.recordApplicationEvents' -> false]]; transaction manager [org.springframework.jdbc.datasource.DataSourceTransactionManager@6d654064]; rollback [true]
[Amazon Parrot, Koi, Goldfish, Bulldog, Dalmation, Poodle, Golden Retriever, Labrador Retriever]
[main] INFO org.springframework.test.context.transaction.TransactionContext - Rolled back transaction for test: [DefaultTestContext@2bd813b4 testClass = ProductMapperTest, testInstance = org.mybatis.jpetstore.mapper.ProductMapperTest@62458e7e, testMethod = searchProductList@ProductMapperTest, testException = [null], mergedContextConfiguration = [MergedContextConfiguration@50a2dcc6 testClass = ProductMapperTest, locations = '{}', classes = '{class org.mybatis.jpetstore.mapper.MapperTestContext}', contextInitializerClasses = '[]', activeProfiles = '{}', propertySourceLocations = '{}', propertySourceProperties = '{}', contextCustomizers = set[[empty]], contextLoader = 'org.springframework.test.context.support.DelegatingSmartContextLoader', parent = [null]], attributes = map['org.springframework.test.context.event.ApplicationEventsTestExecutionListener.recordApplicationEvents' -> false]]
[main] INFO org.springframework.test.context.transaction.TransactionContext - Began transaction (1) for test context [DefaultTestContext@2bd813b4 testClass = ProductMapperTest, testInstance = org.mybatis.jpetstore.mapper.ProductMapperTest@cb06460, testMethod = getProductListByCategory@ProductMapperTest, testException = [null], mergedContextConfiguration = [MergedContextConfiguration@50a2dcc6 testClass = ProductMapperTest, locations = '{}', classes = '{class org.mybatis.jpetstore.mapper.MapperTestContext}', contextInitializerClasses = '[]', activeProfiles = '{}', propertySourceLocations = '{}', propertySourceProperties = '{}', contextCustomizers = set[[empty]], contextLoader = 'org.springframework.test.context.support.DelegatingSmartContextLoader', parent = [null]], attributes = map['org.springframework.test.context.event.ApplicationEventsTestExecutionListener.recordApplicationEvents' -> false]]; transaction manager [org.springframework.jdbc.datasource.DataSourceTransactionManager@6d654064]; rollback [true]
[main] INFO org.springframework.test.context.transaction.TransactionContext - Rolled back transaction for test: [DefaultTestContext@2bd813b4 testClass = ProductMapperTest, testInstance = org.mybatis.jpetstore.mapper.ProductMapperTest@cb06460, testMethod = getProductListByCategory@ProductMapperTest, testException = [null], mergedContextConfiguration = [MergedContextConfiguration@50a2dcc6 testClass = ProductMapperTest, locations = '{}', classes = '{class org.mybatis.jpetstore.mapper.MapperTestContext}', contextInitializerClasses = '[]', activeProfiles = '{}', propertySourceLocations = '{}', propertySourceProperties = '{}', contextCustomizers = set[[empty]], contextLoader = 'org.springframework.test.context.support.DelegatingSmartContextLoader', parent = [null]], attributes = map['org.springframework.test.context.event.ApplicationEventsTestExecutionListener.recordApplicationEvents' -> false]]
[INFO] Tests run: 3, Failures: 0, Errors: 0, Skipped: 0, Time elapsed: 0.022 s - in org.mybatis.jpetstore.mapper.ProductMapperTest
[INFO] Running org.mybatis.jpetstore.mapper.AccountMapperTest
[main] INFO org.springframework.test.context.support.DefaultTestContextBootstrapper - Loaded default TestExecutionListener class names from location [META-INF/spring.factories]: [org.springframework.test.context.web.ServletTestExecutionListener, org.springframework.test.context.support.DirtiesContextBeforeModesTestExecutionListener, org.springframework.test.context.event.ApplicationEventsTestExecutionListener, org.springframework.test.context.support.DependencyInjectionTestExecutionListener, org.springframework.test.context.support.DirtiesContextTestExecutionListener, org.springframework.test.context.transaction.TransactionalTestExecutionListener, org.springframework.test.context.jdbc.SqlScriptsTestExecutionListener, org.springframework.test.context.event.EventPublishingTestExecutionListener]
[main] INFO org.springframework.test.context.support.DefaultTestContextBootstrapper - Using TestExecutionListeners: [org.springframework.test.context.web.ServletTestExecutionListener@78935bc1, org.springframework.test.context.support.DirtiesContextBeforeModesTestExecutionListener@6ad015ae, org.springframework.test.context.event.ApplicationEventsTestExecutionListener@76e20939, org.springframework.test.context.support.DependencyInjectionTestExecutionListener@1f4d2e68, org.springframework.test.context.support.DirtiesContextTestExecutionListener@7d622313, org.springframework.test.context.transaction.TransactionalTestExecutionListener@17752474, org.springframework.test.context.jdbc.SqlScriptsTestExecutionListener@71b85c62, org.springframework.test.context.event.EventPublishingTestExecutionListener@7701253]
[main] INFO org.springframework.test.context.transaction.TransactionContext - Began transaction (1) for test context [DefaultTestContext@19efc594 testClass = AccountMapperTest, testInstance = org.mybatis.jpetstore.mapper.AccountMapperTest@4f57898e, testMethod = updateProfile@AccountMapperTest, testException = [null], mergedContextConfiguration = [MergedContextConfiguration@3586461a testClass = AccountMapperTest, locations = '{}', classes = '{class org.mybatis.jpetstore.mapper.MapperTestContext}', contextInitializerClasses = '[]', activeProfiles = '{}', propertySourceLocations = '{}', propertySourceProperties = '{}', contextCustomizers = set[[empty]], contextLoader = 'org.springframework.test.context.support.DelegatingSmartContextLoader', parent = [null]], attributes = map['org.springframework.test.context.event.ApplicationEventsTestExecutionListener.recordApplicationEvents' -> false]]; transaction manager [org.springframework.jdbc.datasource.DataSourceTransactionManager@6d654064]; rollback [true]
[main] INFO org.springframework.test.context.transaction.TransactionContext - Rolled back transaction for test: [DefaultTestContext@19efc594 testClass = AccountMapperTest, testInstance = org.mybatis.jpetstore.mapper.AccountMapperTest@4f57898e, testMethod = updateProfile@AccountMapperTest, testException = [null], mergedContextConfiguration = [MergedContextConfiguration@3586461a testClass = AccountMapperTest, locations = '{}', classes = '{class org.mybatis.jpetstore.mapper.MapperTestContext}', contextInitializerClasses = '[]', activeProfiles = '{}', propertySourceLocations = '{}', propertySourceProperties = '{}', contextCustomizers = set[[empty]], contextLoader = 'org.springframework.test.context.support.DelegatingSmartContextLoader', parent = [null]], attributes = map['org.springframework.test.context.event.ApplicationEventsTestExecutionListener.recordApplicationEvents' -> false]]
[main] INFO org.springframework.test.context.transaction.TransactionContext - Began transaction (1) for test context [DefaultTestContext@19efc594 testClass = AccountMapperTest, testInstance = org.mybatis.jpetstore.mapper.AccountMapperTest@237d6031, testMethod = getAccountByUsername@AccountMapperTest, testException = [null], mergedContextConfiguration = [MergedContextConfiguration@3586461a testClass = AccountMapperTest, locations = '{}', classes = '{class org.mybatis.jpetstore.mapper.MapperTestContext}', contextInitializerClasses = '[]', activeProfiles = '{}', propertySourceLocations = '{}', propertySourceProperties = '{}', contextCustomizers = set[[empty]], contextLoader = 'org.springframework.test.context.support.DelegatingSmartContextLoader', parent = [null]], attributes = map['org.springframework.test.context.event.ApplicationEventsTestExecutionListener.recordApplicationEvents' -> false]]; transaction manager [org.springframework.jdbc.datasource.DataSourceTransactionManager@6d654064]; rollback [true]
[main] INFO org.springframework.test.context.transaction.TransactionContext - Rolled back transaction for test: [DefaultTestContext@19efc594 testClass = AccountMapperTest, testInstance = org.mybatis.jpetstore.mapper.AccountMapperTest@237d6031, testMethod = getAccountByUsername@AccountMapperTest, testException = [null], mergedContextConfiguration = [MergedContextConfiguration@3586461a testClass = AccountMapperTest, locations = '{}', classes = '{class org.mybatis.jpetstore.mapper.MapperTestContext}', contextInitializerClasses = '[]', activeProfiles = '{}', propertySourceLocations = '{}', propertySourceProperties = '{}', contextCustomizers = set[[empty]], contextLoader = 'org.springframework.test.context.support.DelegatingSmartContextLoader', parent = [null]], attributes = map['org.springframework.test.context.event.ApplicationEventsTestExecutionListener.recordApplicationEvents' -> false]]
[main] INFO org.springframework.test.context.transaction.TransactionContext - Began transaction (1) for test context [DefaultTestContext@19efc594 testClass = AccountMapperTest, testInstance = org.mybatis.jpetstore.mapper.AccountMapperTest@d79fd49, testMethod = insertAccount@AccountMapperTest, testException = [null], mergedContextConfiguration = [MergedContextConfiguration@3586461a testClass = AccountMapperTest, locations = '{}', classes = '{class org.mybatis.jpetstore.mapper.MapperTestContext}', contextInitializerClasses = '[]', activeProfiles = '{}', propertySourceLocations = '{}', propertySourceProperties = '{}', contextCustomizers = set[[empty]], contextLoader = 'org.springframework.test.context.support.DelegatingSmartContextLoader', parent = [null]], attributes = map['org.springframework.test.context.event.ApplicationEventsTestExecutionListener.recordApplicationEvents' -> false]]; transaction manager [org.springframework.jdbc.datasource.DataSourceTransactionManager@6d654064]; rollback [true]
[main] INFO org.springframework.test.context.transaction.TransactionContext - Rolled back transaction for test: [DefaultTestContext@19efc594 testClass = AccountMapperTest, testInstance = org.mybatis.jpetstore.mapper.AccountMapperTest@d79fd49, testMethod = insertAccount@AccountMapperTest, testException = [null], mergedContextConfiguration = [MergedContextConfiguration@3586461a testClass = AccountMapperTest, locations = '{}', classes = '{class org.mybatis.jpetstore.mapper.MapperTestContext}', contextInitializerClasses = '[]', activeProfiles = '{}', propertySourceLocations = '{}', propertySourceProperties = '{}', contextCustomizers = set[[empty]], contextLoader = 'org.springframework.test.context.support.DelegatingSmartContextLoader', parent = [null]], attributes = map['org.springframework.test.context.event.ApplicationEventsTestExecutionListener.recordApplicationEvents' -> false]]
[main] INFO org.springframework.test.context.transaction.TransactionContext - Began transaction (1) for test context [DefaultTestContext@19efc594 testClass = AccountMapperTest, testInstance = org.mybatis.jpetstore.mapper.AccountMapperTest@3ebbe1d9, testMethod = updateSignon@AccountMapperTest, testException = [null], mergedContextConfiguration = [MergedContextConfiguration@3586461a testClass = AccountMapperTest, locations = '{}', classes = '{class org.mybatis.jpetstore.mapper.MapperTestContext}', contextInitializerClasses = '[]', activeProfiles = '{}', propertySourceLocations = '{}', propertySourceProperties = '{}', contextCustomizers = set[[empty]], contextLoader = 'org.springframework.test.context.support.DelegatingSmartContextLoader', parent = [null]], attributes = map['org.springframework.test.context.event.ApplicationEventsTestExecutionListener.recordApplicationEvents' -> false]]; transaction manager [org.springframework.jdbc.datasource.DataSourceTransactionManager@6d654064]; rollback [true]
[main] INFO org.springframework.test.context.transaction.TransactionContext - Rolled back transaction for test: [DefaultTestContext@19efc594 testClass = AccountMapperTest, testInstance = org.mybatis.jpetstore.mapper.AccountMapperTest@3ebbe1d9, testMethod = updateSignon@AccountMapperTest, testException = [null], mergedContextConfiguration = [MergedContextConfiguration@3586461a testClass = AccountMapperTest, locations = '{}', classes = '{class org.mybatis.jpetstore.mapper.MapperTestContext}', contextInitializerClasses = '[]', activeProfiles = '{}', propertySourceLocations = '{}', propertySourceProperties = '{}', contextCustomizers = set[[empty]], contextLoader = 'org.springframework.test.context.support.DelegatingSmartContextLoader', parent = [null]], attributes = map['org.springframework.test.context.event.ApplicationEventsTestExecutionListener.recordApplicationEvents' -> false]]
[main] INFO org.springframework.test.context.transaction.TransactionContext - Began transaction (1) for test context [DefaultTestContext@19efc594 testClass = AccountMapperTest, testInstance = org.mybatis.jpetstore.mapper.AccountMapperTest@470bd375, testMethod = insertProfile@AccountMapperTest, testException = [null], mergedContextConfiguration = [MergedContextConfiguration@3586461a testClass = AccountMapperTest, locations = '{}', classes = '{class org.mybatis.jpetstore.mapper.MapperTestContext}', contextInitializerClasses = '[]', activeProfiles = '{}', propertySourceLocations = '{}', propertySourceProperties = '{}', contextCustomizers = set[[empty]], contextLoader = 'org.springframework.test.context.support.DelegatingSmartContextLoader', parent = [null]], attributes = map['org.springframework.test.context.event.ApplicationEventsTestExecutionListener.recordApplicationEvents' -> false]]; transaction manager [org.springframework.jdbc.datasource.DataSourceTransactionManager@6d654064]; rollback [true]
[main] INFO org.springframework.test.context.transaction.TransactionContext - Rolled back transaction for test: [DefaultTestContext@19efc594 testClass = AccountMapperTest, testInstance = org.mybatis.jpetstore.mapper.AccountMapperTest@470bd375, testMethod = insertProfile@AccountMapperTest, testException = [null], mergedContextConfiguration = [MergedContextConfiguration@3586461a testClass = AccountMapperTest, locations = '{}', classes = '{class org.mybatis.jpetstore.mapper.MapperTestContext}', contextInitializerClasses = '[]', activeProfiles = '{}', propertySourceLocations = '{}', propertySourceProperties = '{}', contextCustomizers = set[[empty]], contextLoader = 'org.springframework.test.context.support.DelegatingSmartContextLoader', parent = [null]], attributes = map['org.springframework.test.context.event.ApplicationEventsTestExecutionListener.recordApplicationEvents' -> false]]
[main] INFO org.springframework.test.context.transaction.TransactionContext - Began transaction (1) for test context [DefaultTestContext@19efc594 testClass = AccountMapperTest, testInstance = org.mybatis.jpetstore.mapper.AccountMapperTest@6bdc2c8c, testMethod = getAccountByUsernameAndPassword@AccountMapperTest, testException = [null], mergedContextConfiguration = [MergedContextConfiguration@3586461a testClass = AccountMapperTest, locations = '{}', classes = '{class org.mybatis.jpetstore.mapper.MapperTestContext}', contextInitializerClasses = '[]', activeProfiles = '{}', propertySourceLocations = '{}', propertySourceProperties = '{}', contextCustomizers = set[[empty]], contextLoader = 'org.springframework.test.context.support.DelegatingSmartContextLoader', parent = [null]], attributes = map['org.springframework.test.context.event.ApplicationEventsTestExecutionListener.recordApplicationEvents' -> false]]; transaction manager [org.springframework.jdbc.datasource.DataSourceTransactionManager@6d654064]; rollback [true]
[main] INFO org.springframework.test.context.transaction.TransactionContext - Rolled back transaction for test: [DefaultTestContext@19efc594 testClass = AccountMapperTest, testInstance = org.mybatis.jpetstore.mapper.AccountMapperTest@6bdc2c8c, testMethod = getAccountByUsernameAndPassword@AccountMapperTest, testException = [null], mergedContextConfiguration = [MergedContextConfiguration@3586461a testClass = AccountMapperTest, locations = '{}', classes = '{class org.mybatis.jpetstore.mapper.MapperTestContext}', contextInitializerClasses = '[]', activeProfiles = '{}', propertySourceLocations = '{}', propertySourceProperties = '{}', contextCustomizers = set[[empty]], contextLoader = 'org.springframework.test.context.support.DelegatingSmartContextLoader', parent = [null]], attributes = map['org.springframework.test.context.event.ApplicationEventsTestExecutionListener.recordApplicationEvents' -> false]]
[main] INFO org.springframework.test.context.transaction.TransactionContext - Began transaction (1) for test context [DefaultTestContext@19efc594 testClass = AccountMapperTest, testInstance = org.mybatis.jpetstore.mapper.AccountMapperTest@34ae4fd9, testMethod = insertSignon@AccountMapperTest, testException = [null], mergedContextConfiguration = [MergedContextConfiguration@3586461a testClass = AccountMapperTest, locations = '{}', classes = '{class org.mybatis.jpetstore.mapper.MapperTestContext}', contextInitializerClasses = '[]', activeProfiles = '{}', propertySourceLocations = '{}', propertySourceProperties = '{}', contextCustomizers = set[[empty]], contextLoader = 'org.springframework.test.context.support.DelegatingSmartContextLoader', parent = [null]], attributes = map['org.springframework.test.context.event.ApplicationEventsTestExecutionListener.recordApplicationEvents' -> false]]; transaction manager [org.springframework.jdbc.datasource.DataSourceTransactionManager@6d654064]; rollback [true]
[main] INFO org.springframework.test.context.transaction.TransactionContext - Rolled back transaction for test: [DefaultTestContext@19efc594 testClass = AccountMapperTest, testInstance = org.mybatis.jpetstore.mapper.AccountMapperTest@34ae4fd9, testMethod = insertSignon@AccountMapperTest, testException = [null], mergedContextConfiguration = [MergedContextConfiguration@3586461a testClass = AccountMapperTest, locations = '{}', classes = '{class org.mybatis.jpetstore.mapper.MapperTestContext}', contextInitializerClasses = '[]', activeProfiles = '{}', propertySourceLocations = '{}', propertySourceProperties = '{}', contextCustomizers = set[[empty]], contextLoader = 'org.springframework.test.context.support.DelegatingSmartContextLoader', parent = [null]], attributes = map['org.springframework.test.context.event.ApplicationEventsTestExecutionListener.recordApplicationEvents' -> false]]
[main] INFO org.springframework.test.context.transaction.TransactionContext - Began transaction (1) for test context [DefaultTestContext@19efc594 testClass = AccountMapperTest, testInstance = org.mybatis.jpetstore.mapper.AccountMapperTest@6ace6b0a, testMethod = updateAccount@AccountMapperTest, testException = [null], mergedContextConfiguration = [MergedContextConfiguration@3586461a testClass = AccountMapperTest, locations = '{}', classes = '{class org.mybatis.jpetstore.mapper.MapperTestContext}', contextInitializerClasses = '[]', activeProfiles = '{}', propertySourceLocations = '{}', propertySourceProperties = '{}', contextCustomizers = set[[empty]], contextLoader = 'org.springframework.test.context.support.DelegatingSmartContextLoader', parent = [null]], attributes = map['org.springframework.test.context.event.ApplicationEventsTestExecutionListener.recordApplicationEvents' -> false]]; transaction manager [org.springframework.jdbc.datasource.DataSourceTransactionManager@6d654064]; rollback [true]
[main] INFO org.springframework.test.context.transaction.TransactionContext - Rolled back transaction for test: [DefaultTestContext@19efc594 testClass = AccountMapperTest, testInstance = org.mybatis.jpetstore.mapper.AccountMapperTest@6ace6b0a, testMethod = updateAccount@AccountMapperTest, testException = [null], mergedContextConfiguration = [MergedContextConfiguration@3586461a testClass = AccountMapperTest, locations = '{}', classes = '{class org.mybatis.jpetstore.mapper.MapperTestContext}', contextInitializerClasses = '[]', activeProfiles = '{}', propertySourceLocations = '{}', propertySourceProperties = '{}', contextCustomizers = set[[empty]], contextLoader = 'org.springframework.test.context.support.DelegatingSmartContextLoader', parent = [null]], attributes = map['org.springframework.test.context.event.ApplicationEventsTestExecutionListener.recordApplicationEvents' -> false]]
[INFO] Tests run: 8, Failures: 0, Errors: 0, Skipped: 0, Time elapsed: 0.085 s - in org.mybatis.jpetstore.mapper.AccountMapperTest
[INFO] Running org.mybatis.jpetstore.mapper.OrderMapperTest
[main] INFO org.springframework.test.context.support.DefaultTestContextBootstrapper - Loaded default TestExecutionListener class names from location [META-INF/spring.factories]: [org.springframework.test.context.web.ServletTestExecutionListener, org.springframework.test.context.support.DirtiesContextBeforeModesTestExecutionListener, org.springframework.test.context.event.ApplicationEventsTestExecutionListener, org.springframework.test.context.support.DependencyInjectionTestExecutionListener, org.springframework.test.context.support.DirtiesContextTestExecutionListener, org.springframework.test.context.transaction.TransactionalTestExecutionListener, org.springframework.test.context.jdbc.SqlScriptsTestExecutionListener, org.springframework.test.context.event.EventPublishingTestExecutionListener]
[main] INFO org.springframework.test.context.support.DefaultTestContextBootstrapper - Using TestExecutionListeners: [org.springframework.test.context.web.ServletTestExecutionListener@6f5db8ff, org.springframework.test.context.support.DirtiesContextBeforeModesTestExecutionListener@79c67d42, org.springframework.test.context.event.ApplicationEventsTestExecutionListener@7b7afcac, org.springframework.test.context.support.DependencyInjectionTestExecutionListener@401f8bad, org.springframework.test.context.support.DirtiesContextTestExecutionListener@42875911, org.springframework.test.context.transaction.TransactionalTestExecutionListener@861106e, org.springframework.test.context.jdbc.SqlScriptsTestExecutionListener@24520252, org.springframework.test.context.event.EventPublishingTestExecutionListener@18aca796]
[main] INFO org.springframework.test.context.transaction.TransactionContext - Began transaction (1) for test context [DefaultTestContext@2960f781 testClass = OrderMapperTest, testInstance = org.mybatis.jpetstore.mapper.OrderMapperTest@109009dc, testMethod = insertOrderStatus@OrderMapperTest, testException = [null], mergedContextConfiguration = [MergedContextConfiguration@3d6614d4 testClass = OrderMapperTest, locations = '{}', classes = '{class org.mybatis.jpetstore.mapper.MapperTestContext}', contextInitializerClasses = '[]', activeProfiles = '{}', propertySourceLocations = '{}', propertySourceProperties = '{}', contextCustomizers = set[[empty]], contextLoader = 'org.springframework.test.context.support.DelegatingSmartContextLoader', parent = [null]], attributes = map['org.springframework.test.context.event.ApplicationEventsTestExecutionListener.recordApplicationEvents' -> false]]; transaction manager [org.springframework.jdbc.datasource.DataSourceTransactionManager@6d654064]; rollback [true]
[main] INFO org.springframework.test.context.transaction.TransactionContext - Rolled back transaction for test: [DefaultTestContext@2960f781 testClass = OrderMapperTest, testInstance = org.mybatis.jpetstore.mapper.OrderMapperTest@109009dc, testMethod = insertOrderStatus@OrderMapperTest, testException = [null], mergedContextConfiguration = [MergedContextConfiguration@3d6614d4 testClass = OrderMapperTest, locations = '{}', classes = '{class org.mybatis.jpetstore.mapper.MapperTestContext}', contextInitializerClasses = '[]', activeProfiles = '{}', propertySourceLocations = '{}', propertySourceProperties = '{}', contextCustomizers = set[[empty]], contextLoader = 'org.springframework.test.context.support.DelegatingSmartContextLoader', parent = [null]], attributes = map['org.springframework.test.context.event.ApplicationEventsTestExecutionListener.recordApplicationEvents' -> false]]
[main] INFO org.springframework.test.context.transaction.TransactionContext - Began transaction (1) for test context [DefaultTestContext@2960f781 testClass = OrderMapperTest, testInstance = org.mybatis.jpetstore.mapper.OrderMapperTest@31714ae9, testMethod = insertOrder@OrderMapperTest, testException = [null], mergedContextConfiguration = [MergedContextConfiguration@3d6614d4 testClass = OrderMapperTest, locations = '{}', classes = '{class org.mybatis.jpetstore.mapper.MapperTestContext}', contextInitializerClasses = '[]', activeProfiles = '{}', propertySourceLocations = '{}', propertySourceProperties = '{}', contextCustomizers = set[[empty]], contextLoader = 'org.springframework.test.context.support.DelegatingSmartContextLoader', parent = [null]], attributes = map['org.springframework.test.context.event.ApplicationEventsTestExecutionListener.recordApplicationEvents' -> false]]; transaction manager [org.springframework.jdbc.datasource.DataSourceTransactionManager@6d654064]; rollback [true]
[main] INFO org.springframework.test.context.transaction.TransactionContext - Rolled back transaction for test: [DefaultTestContext@2960f781 testClass = OrderMapperTest, testInstance = org.mybatis.jpetstore.mapper.OrderMapperTest@31714ae9, testMethod = insertOrder@OrderMapperTest, testException = [null], mergedContextConfiguration = [MergedContextConfiguration@3d6614d4 testClass = OrderMapperTest, locations = '{}', classes = '{class org.mybatis.jpetstore.mapper.MapperTestContext}', contextInitializerClasses = '[]', activeProfiles = '{}', propertySourceLocations = '{}', propertySourceProperties = '{}', contextCustomizers = set[[empty]], contextLoader = 'org.springframework.test.context.support.DelegatingSmartContextLoader', parent = [null]], attributes = map['org.springframework.test.context.event.ApplicationEventsTestExecutionListener.recordApplicationEvents' -> false]]
[main] INFO org.springframework.test.context.transaction.TransactionContext - Began transaction (1) for test context [DefaultTestContext@2960f781 testClass = OrderMapperTest, testInstance = org.mybatis.jpetstore.mapper.OrderMapperTest@5fbaeebe, testMethod = getOrdersByUsername@OrderMapperTest, testException = [null], mergedContextConfiguration = [MergedContextConfiguration@3d6614d4 testClass = OrderMapperTest, locations = '{}', classes = '{class org.mybatis.jpetstore.mapper.MapperTestContext}', contextInitializerClasses = '[]', activeProfiles = '{}', propertySourceLocations = '{}', propertySourceProperties = '{}', contextCustomizers = set[[empty]], contextLoader = 'org.springframework.test.context.support.DelegatingSmartContextLoader', parent = [null]], attributes = map['org.springframework.test.context.event.ApplicationEventsTestExecutionListener.recordApplicationEvents' -> false]]; transaction manager [org.springframework.jdbc.datasource.DataSourceTransactionManager@6d654064]; rollback [true]
[main] INFO org.springframework.test.context.transaction.TransactionContext - Rolled back transaction for test: [DefaultTestContext@2960f781 testClass = OrderMapperTest, testInstance = org.mybatis.jpetstore.mapper.OrderMapperTest@5fbaeebe, testMethod = getOrdersByUsername@OrderMapperTest, testException = [null], mergedContextConfiguration = [MergedContextConfiguration@3d6614d4 testClass = OrderMapperTest, locations = '{}', classes = '{class org.mybatis.jpetstore.mapper.MapperTestContext}', contextInitializerClasses = '[]', activeProfiles = '{}', propertySourceLocations = '{}', propertySourceProperties = '{}', contextCustomizers = set[[empty]], contextLoader = 'org.springframework.test.context.support.DelegatingSmartContextLoader', parent = [null]], attributes = map['org.springframework.test.context.event.ApplicationEventsTestExecutionListener.recordApplicationEvents' -> false]]
[main] INFO org.springframework.test.context.transaction.TransactionContext - Began transaction (1) for test context [DefaultTestContext@2960f781 testClass = OrderMapperTest, testInstance = org.mybatis.jpetstore.mapper.OrderMapperTest@289254fe, testMethod = getOrder@OrderMapperTest, testException = [null], mergedContextConfiguration = [MergedContextConfiguration@3d6614d4 testClass = OrderMapperTest, locations = '{}', classes = '{class org.mybatis.jpetstore.mapper.MapperTestContext}', contextInitializerClasses = '[]', activeProfiles = '{}', propertySourceLocations = '{}', propertySourceProperties = '{}', contextCustomizers = set[[empty]], contextLoader = 'org.springframework.test.context.support.DelegatingSmartContextLoader', parent = [null]], attributes = map['org.springframework.test.context.event.ApplicationEventsTestExecutionListener.recordApplicationEvents' -> false]]; transaction manager [org.springframework.jdbc.datasource.DataSourceTransactionManager@6d654064]; rollback [true]
[main] INFO org.springframework.test.context.transaction.TransactionContext - Rolled back transaction for test: [DefaultTestContext@2960f781 testClass = OrderMapperTest, testInstance = org.mybatis.jpetstore.mapper.OrderMapperTest@289254fe, testMethod = getOrder@OrderMapperTest, testException = [null], mergedContextConfiguration = [MergedContextConfiguration@3d6614d4 testClass = OrderMapperTest, locations = '{}', classes = '{class org.mybatis.jpetstore.mapper.MapperTestContext}', contextInitializerClasses = '[]', activeProfiles = '{}', propertySourceLocations = '{}', propertySourceProperties = '{}', contextCustomizers = set[[empty]], contextLoader = 'org.springframework.test.context.support.DelegatingSmartContextLoader', parent = [null]], attributes = map['org.springframework.test.context.event.ApplicationEventsTestExecutionListener.recordApplicationEvents' -> false]]
[INFO] Tests run: 4, Failures: 0, Errors: 0, Skipped: 0, Time elapsed: 0.029 s - in org.mybatis.jpetstore.mapper.OrderMapperTest
[INFO] Running org.mybatis.jpetstore.mapper.ItemMapperTest
[main] INFO org.springframework.test.context.support.DefaultTestContextBootstrapper - Loaded default TestExecutionListener class names from location [META-INF/spring.factories]: [org.springframework.test.context.web.ServletTestExecutionListener, org.springframework.test.context.support.DirtiesContextBeforeModesTestExecutionListener, org.springframework.test.context.event.ApplicationEventsTestExecutionListener, org.springframework.test.context.support.DependencyInjectionTestExecutionListener, org.springframework.test.context.support.DirtiesContextTestExecutionListener, org.springframework.test.context.transaction.TransactionalTestExecutionListener, org.springframework.test.context.jdbc.SqlScriptsTestExecutionListener, org.springframework.test.context.event.EventPublishingTestExecutionListener]
[main] INFO org.springframework.test.context.support.DefaultTestContextBootstrapper - Using TestExecutionListeners: [org.springframework.test.context.web.ServletTestExecutionListener@370a59d4, org.springframework.test.context.support.DirtiesContextBeforeModesTestExecutionListener@6668a3d4, org.springframework.test.context.event.ApplicationEventsTestExecutionListener@f95d318, org.springframework.test.context.support.DependencyInjectionTestExecutionListener@205f10ec, org.springframework.test.context.support.DirtiesContextTestExecutionListener@457e29ca, org.springframework.test.context.transaction.TransactionalTestExecutionListener@662b44b2, org.springframework.test.context.jdbc.SqlScriptsTestExecutionListener@4787467c, org.springframework.test.context.event.EventPublishingTestExecutionListener@1f87e610]
[main] INFO org.springframework.test.context.transaction.TransactionContext - Began transaction (1) for test context [DefaultTestContext@4aefbf50 testClass = ItemMapperTest, testInstance = org.mybatis.jpetstore.mapper.ItemMapperTest@7c38e37a, testMethod = updateInventoryQuantity@ItemMapperTest, testException = [null], mergedContextConfiguration = [MergedContextConfiguration@600f1ce3 testClass = ItemMapperTest, locations = '{}', classes = '{class org.mybatis.jpetstore.mapper.MapperTestContext}', contextInitializerClasses = '[]', activeProfiles = '{}', propertySourceLocations = '{}', propertySourceProperties = '{}', contextCustomizers = set[[empty]], contextLoader = 'org.springframework.test.context.support.DelegatingSmartContextLoader', parent = [null]], attributes = map['org.springframework.test.context.event.ApplicationEventsTestExecutionListener.recordApplicationEvents' -> false]]; transaction manager [org.springframework.jdbc.datasource.DataSourceTransactionManager@6d654064]; rollback [true]
[main] INFO org.springframework.test.context.transaction.TransactionContext - Rolled back transaction for test: [DefaultTestContext@4aefbf50 testClass = ItemMapperTest, testInstance = org.mybatis.jpetstore.mapper.ItemMapperTest@7c38e37a, testMethod = updateInventoryQuantity@ItemMapperTest, testException = [null], mergedContextConfiguration = [MergedContextConfiguration@600f1ce3 testClass = ItemMapperTest, locations = '{}', classes = '{class org.mybatis.jpetstore.mapper.MapperTestContext}', contextInitializerClasses = '[]', activeProfiles = '{}', propertySourceLocations = '{}', propertySourceProperties = '{}', contextCustomizers = set[[empty]], contextLoader = 'org.springframework.test.context.support.DelegatingSmartContextLoader', parent = [null]], attributes = map['org.springframework.test.context.event.ApplicationEventsTestExecutionListener.recordApplicationEvents' -> false]]
[main] INFO org.springframework.test.context.transaction.TransactionContext - Began transaction (1) for test context [DefaultTestContext@4aefbf50 testClass = ItemMapperTest, testInstance = org.mybatis.jpetstore.mapper.ItemMapperTest@3e6857f3, testMethod = getInventoryQuantity@ItemMapperTest, testException = [null], mergedContextConfiguration = [MergedContextConfiguration@600f1ce3 testClass = ItemMapperTest, locations = '{}', classes = '{class org.mybatis.jpetstore.mapper.MapperTestContext}', contextInitializerClasses = '[]', activeProfiles = '{}', propertySourceLocations = '{}', propertySourceProperties = '{}', contextCustomizers = set[[empty]], contextLoader = 'org.springframework.test.context.support.DelegatingSmartContextLoader', parent = [null]], attributes = map['org.springframework.test.context.event.ApplicationEventsTestExecutionListener.recordApplicationEvents' -> false]]; transaction manager [org.springframework.jdbc.datasource.DataSourceTransactionManager@6d654064]; rollback [true]
[main] INFO org.springframework.test.context.transaction.TransactionContext - Rolled back transaction for test: [DefaultTestContext@4aefbf50 testClass = ItemMapperTest, testInstance = org.mybatis.jpetstore.mapper.ItemMapperTest@3e6857f3, testMethod = getInventoryQuantity@ItemMapperTest, testException = [null], mergedContextConfiguration = [MergedContextConfiguration@600f1ce3 testClass = ItemMapperTest, locations = '{}', classes = '{class org.mybatis.jpetstore.mapper.MapperTestContext}', contextInitializerClasses = '[]', activeProfiles = '{}', propertySourceLocations = '{}', propertySourceProperties = '{}', contextCustomizers = set[[empty]], contextLoader = 'org.springframework.test.context.support.DelegatingSmartContextLoader', parent = [null]], attributes = map['org.springframework.test.context.event.ApplicationEventsTestExecutionListener.recordApplicationEvents' -> false]]
[main] INFO org.springframework.test.context.transaction.TransactionContext - Began transaction (1) for test context [DefaultTestContext@4aefbf50 testClass = ItemMapperTest, testInstance = org.mybatis.jpetstore.mapper.ItemMapperTest@2b4d25cd, testMethod = getItem@ItemMapperTest, testException = [null], mergedContextConfiguration = [MergedContextConfiguration@600f1ce3 testClass = ItemMapperTest, locations = '{}', classes = '{class org.mybatis.jpetstore.mapper.MapperTestContext}', contextInitializerClasses = '[]', activeProfiles = '{}', propertySourceLocations = '{}', propertySourceProperties = '{}', contextCustomizers = set[[empty]], contextLoader = 'org.springframework.test.context.support.DelegatingSmartContextLoader', parent = [null]], attributes = map['org.springframework.test.context.event.ApplicationEventsTestExecutionListener.recordApplicationEvents' -> false]]; transaction manager [org.springframework.jdbc.datasource.DataSourceTransactionManager@6d654064]; rollback [true]
[main] INFO org.springframework.test.context.transaction.TransactionContext - Rolled back transaction for test: [DefaultTestContext@4aefbf50 testClass = ItemMapperTest, testInstance = org.mybatis.jpetstore.mapper.ItemMapperTest@2b4d25cd, testMethod = getItem@ItemMapperTest, testException = [null], mergedContextConfiguration = [MergedContextConfiguration@600f1ce3 testClass = ItemMapperTest, locations = '{}', classes = '{class org.mybatis.jpetstore.mapper.MapperTestContext}', contextInitializerClasses = '[]', activeProfiles = '{}', propertySourceLocations = '{}', propertySourceProperties = '{}', contextCustomizers = set[[empty]], contextLoader = 'org.springframework.test.context.support.DelegatingSmartContextLoader', parent = [null]], attributes = map['org.springframework.test.context.event.ApplicationEventsTestExecutionListener.recordApplicationEvents' -> false]]
[main] INFO org.springframework.test.context.transaction.TransactionContext - Began transaction (1) for test context [DefaultTestContext@4aefbf50 testClass = ItemMapperTest, testInstance = org.mybatis.jpetstore.mapper.ItemMapperTest@3ef72d49, testMethod = getItemListByProduct@ItemMapperTest, testException = [null], mergedContextConfiguration = [MergedContextConfiguration@600f1ce3 testClass = ItemMapperTest, locations = '{}', classes = '{class org.mybatis.jpetstore.mapper.MapperTestContext}', contextInitializerClasses = '[]', activeProfiles = '{}', propertySourceLocations = '{}', propertySourceProperties = '{}', contextCustomizers = set[[empty]], contextLoader = 'org.springframework.test.context.support.DelegatingSmartContextLoader', parent = [null]], attributes = map['org.springframework.test.context.event.ApplicationEventsTestExecutionListener.recordApplicationEvents' -> false]]; transaction manager [org.springframework.jdbc.datasource.DataSourceTransactionManager@6d654064]; rollback [true]
[main] INFO org.springframework.test.context.transaction.TransactionContext - Rolled back transaction for test: [DefaultTestContext@4aefbf50 testClass = ItemMapperTest, testInstance = org.mybatis.jpetstore.mapper.ItemMapperTest@3ef72d49, testMethod = getItemListByProduct@ItemMapperTest, testException = [null], mergedContextConfiguration = [MergedContextConfiguration@600f1ce3 testClass = ItemMapperTest, locations = '{}', classes = '{class org.mybatis.jpetstore.mapper.MapperTestContext}', contextInitializerClasses = '[]', activeProfiles = '{}', propertySourceLocations = '{}', propertySourceProperties = '{}', contextCustomizers = set[[empty]], contextLoader = 'org.springframework.test.context.support.DelegatingSmartContextLoader', parent = [null]], attributes = map['org.springframework.test.context.event.ApplicationEventsTestExecutionListener.recordApplicationEvents' -> false]]
[INFO] Tests run: 4, Failures: 0, Errors: 0, Skipped: 0, Time elapsed: 0.03 s - in org.mybatis.jpetstore.mapper.ItemMapperTest
[INFO] Running org.mybatis.jpetstore.mapper.LineItemMapperTest
[main] INFO org.springframework.test.context.support.DefaultTestContextBootstrapper - Loaded default TestExecutionListener class names from location [META-INF/spring.factories]: [org.springframework.test.context.web.ServletTestExecutionListener, org.springframework.test.context.support.DirtiesContextBeforeModesTestExecutionListener, org.springframework.test.context.event.ApplicationEventsTestExecutionListener, org.springframework.test.context.support.DependencyInjectionTestExecutionListener, org.springframework.test.context.support.DirtiesContextTestExecutionListener, org.springframework.test.context.transaction.TransactionalTestExecutionListener, org.springframework.test.context.jdbc.SqlScriptsTestExecutionListener, org.springframework.test.context.event.EventPublishingTestExecutionListener]
[main] INFO org.springframework.test.context.support.DefaultTestContextBootstrapper - Using TestExecutionListeners: [org.springframework.test.context.web.ServletTestExecutionListener@ac6f788, org.springframework.test.context.support.DirtiesContextBeforeModesTestExecutionListener@7b59aa7b, org.springframework.test.context.event.ApplicationEventsTestExecutionListener@3f32c47a, org.springframework.test.context.support.DependencyInjectionTestExecutionListener@395d0861, org.springframework.test.context.support.DirtiesContextTestExecutionListener@49ac275, org.springframework.test.context.transaction.TransactionalTestExecutionListener@3226aaef, org.springframework.test.context.jdbc.SqlScriptsTestExecutionListener@1b9ea9c5, org.springframework.test.context.event.EventPublishingTestExecutionListener@4a51a4d7]
[main] INFO org.springframework.test.context.transaction.TransactionContext - Began transaction (1) for test context [DefaultTestContext@36f2d9f6 testClass = LineItemMapperTest, testInstance = org.mybatis.jpetstore.mapper.LineItemMapperTest@7c466ff4, testMethod = getLineItemsByOrderId@LineItemMapperTest, testException = [null], mergedContextConfiguration = [MergedContextConfiguration@437674c testClass = LineItemMapperTest, locations = '{}', classes = '{class org.mybatis.jpetstore.mapper.MapperTestContext}', contextInitializerClasses = '[]', activeProfiles = '{}', propertySourceLocations = '{}', propertySourceProperties = '{}', contextCustomizers = set[[empty]], contextLoader = 'org.springframework.test.context.support.DelegatingSmartContextLoader', parent = [null]], attributes = map['org.springframework.test.context.event.ApplicationEventsTestExecutionListener.recordApplicationEvents' -> false]]; transaction manager [org.springframework.jdbc.datasource.DataSourceTransactionManager@6d654064]; rollback [true]
[main] INFO org.springframework.test.context.transaction.TransactionContext - Rolled back transaction for test: [DefaultTestContext@36f2d9f6 testClass = LineItemMapperTest, testInstance = org.mybatis.jpetstore.mapper.LineItemMapperTest@7c466ff4, testMethod = getLineItemsByOrderId@LineItemMapperTest, testException = [null], mergedContextConfiguration = [MergedContextConfiguration@437674c testClass = LineItemMapperTest, locations = '{}', classes = '{class org.mybatis.jpetstore.mapper.MapperTestContext}', contextInitializerClasses = '[]', activeProfiles = '{}', propertySourceLocations = '{}', propertySourceProperties = '{}', contextCustomizers = set[[empty]], contextLoader = 'org.springframework.test.context.support.DelegatingSmartContextLoader', parent = [null]], attributes = map['org.springframework.test.context.event.ApplicationEventsTestExecutionListener.recordApplicationEvents' -> false]]
[main] INFO org.springframework.test.context.transaction.TransactionContext - Began transaction (1) for test context [DefaultTestContext@36f2d9f6 testClass = LineItemMapperTest, testInstance = org.mybatis.jpetstore.mapper.LineItemMapperTest@30a86cc4, testMethod = insertLineItem@LineItemMapperTest, testException = [null], mergedContextConfiguration = [MergedContextConfiguration@437674c testClass = LineItemMapperTest, locations = '{}', classes = '{class org.mybatis.jpetstore.mapper.MapperTestContext}', contextInitializerClasses = '[]', activeProfiles = '{}', propertySourceLocations = '{}', propertySourceProperties = '{}', contextCustomizers = set[[empty]], contextLoader = 'org.springframework.test.context.support.DelegatingSmartContextLoader', parent = [null]], attributes = map['org.springframework.test.context.event.ApplicationEventsTestExecutionListener.recordApplicationEvents' -> false]]; transaction manager [org.springframework.jdbc.datasource.DataSourceTransactionManager@6d654064]; rollback [true]
[main] INFO org.springframework.test.context.transaction.TransactionContext - Rolled back transaction for test: [DefaultTestContext@36f2d9f6 testClass = LineItemMapperTest, testInstance = org.mybatis.jpetstore.mapper.LineItemMapperTest@30a86cc4, testMethod = insertLineItem@LineItemMapperTest, testException = [null], mergedContextConfiguration = [MergedContextConfiguration@437674c testClass = LineItemMapperTest, locations = '{}', classes = '{class org.mybatis.jpetstore.mapper.MapperTestContext}', contextInitializerClasses = '[]', activeProfiles = '{}', propertySourceLocations = '{}', propertySourceProperties = '{}', contextCustomizers = set[[empty]], contextLoader = 'org.springframework.test.context.support.DelegatingSmartContextLoader', parent = [null]], attributes = map['org.springframework.test.context.event.ApplicationEventsTestExecutionListener.recordApplicationEvents' -> false]]
[INFO] Tests run: 2, Failures: 0, Errors: 0, Skipped: 0, Time elapsed: 0.01 s - in org.mybatis.jpetstore.mapper.LineItemMapperTest
[INFO] Running org.mybatis.jpetstore.mapper.CategoryMapperTest
[main] INFO org.springframework.test.context.support.DefaultTestContextBootstrapper - Loaded default TestExecutionListener class names from location [META-INF/spring.factories]: [org.springframework.test.context.web.ServletTestExecutionListener, org.springframework.test.context.support.DirtiesContextBeforeModesTestExecutionListener, org.springframework.test.context.event.ApplicationEventsTestExecutionListener, org.springframework.test.context.support.DependencyInjectionTestExecutionListener, org.springframework.test.context.support.DirtiesContextTestExecutionListener, org.springframework.test.context.transaction.TransactionalTestExecutionListener, org.springframework.test.context.jdbc.SqlScriptsTestExecutionListener, org.springframework.test.context.event.EventPublishingTestExecutionListener]
[main] INFO org.springframework.test.context.support.DefaultTestContextBootstrapper - Using TestExecutionListeners: [org.springframework.test.context.web.ServletTestExecutionListener@55fbc7ab, org.springframework.test.context.support.DirtiesContextBeforeModesTestExecutionListener@47340483, org.springframework.test.context.event.ApplicationEventsTestExecutionListener@626ca162, org.springframework.test.context.support.DependencyInjectionTestExecutionListener@76317dcd, org.springframework.test.context.support.DirtiesContextTestExecutionListener@7dfc2a3f, org.springframework.test.context.transaction.TransactionalTestExecutionListener@1a8b291f, org.springframework.test.context.jdbc.SqlScriptsTestExecutionListener@1d6bfc9d, org.springframework.test.context.event.EventPublishingTestExecutionListener@604925e8]
[main] INFO org.springframework.test.context.transaction.TransactionContext - Began transaction (1) for test context [DefaultTestContext@7db5d73b testClass = CategoryMapperTest, testInstance = org.mybatis.jpetstore.mapper.CategoryMapperTest@54fadb00, testMethod = getCategoryList@CategoryMapperTest, testException = [null], mergedContextConfiguration = [MergedContextConfiguration@6a0c2fa5 testClass = CategoryMapperTest, locations = '{}', classes = '{class org.mybatis.jpetstore.mapper.MapperTestContext}', contextInitializerClasses = '[]', activeProfiles = '{}', propertySourceLocations = '{}', propertySourceProperties = '{}', contextCustomizers = set[[empty]], contextLoader = 'org.springframework.test.context.support.DelegatingSmartContextLoader', parent = [null]], attributes = map['org.springframework.test.context.event.ApplicationEventsTestExecutionListener.recordApplicationEvents' -> false]]; transaction manager [org.springframework.jdbc.datasource.DataSourceTransactionManager@6d654064]; rollback [true]
[main] INFO org.springframework.test.context.transaction.TransactionContext - Rolled back transaction for test: [DefaultTestContext@7db5d73b testClass = CategoryMapperTest, testInstance = org.mybatis.jpetstore.mapper.CategoryMapperTest@54fadb00, testMethod = getCategoryList@CategoryMapperTest, testException = [null], mergedContextConfiguration = [MergedContextConfiguration@6a0c2fa5 testClass = CategoryMapperTest, locations = '{}', classes = '{class org.mybatis.jpetstore.mapper.MapperTestContext}', contextInitializerClasses = '[]', activeProfiles = '{}', propertySourceLocations = '{}', propertySourceProperties = '{}', contextCustomizers = set[[empty]], contextLoader = 'org.springframework.test.context.support.DelegatingSmartContextLoader', parent = [null]], attributes = map['org.springframework.test.context.event.ApplicationEventsTestExecutionListener.recordApplicationEvents' -> false]]
[main] INFO org.springframework.test.context.transaction.TransactionContext - Began transaction (1) for test context [DefaultTestContext@7db5d73b testClass = CategoryMapperTest, testInstance = org.mybatis.jpetstore.mapper.CategoryMapperTest@6cede900, testMethod = getCategory@CategoryMapperTest, testException = [null], mergedContextConfiguration = [MergedContextConfiguration@6a0c2fa5 testClass = CategoryMapperTest, locations = '{}', classes = '{class org.mybatis.jpetstore.mapper.MapperTestContext}', contextInitializerClasses = '[]', activeProfiles = '{}', propertySourceLocations = '{}', propertySourceProperties = '{}', contextCustomizers = set[[empty]], contextLoader = 'org.springframework.test.context.support.DelegatingSmartContextLoader', parent = [null]], attributes = map['org.springframework.test.context.event.ApplicationEventsTestExecutionListener.recordApplicationEvents' -> false]]; transaction manager [org.springframework.jdbc.datasource.DataSourceTransactionManager@6d654064]; rollback [true]
[main] INFO org.springframework.test.context.transaction.TransactionContext - Rolled back transaction for test: [DefaultTestContext@7db5d73b testClass = CategoryMapperTest, testInstance = org.mybatis.jpetstore.mapper.CategoryMapperTest@6cede900, testMethod = getCategory@CategoryMapperTest, testException = [null], mergedContextConfiguration = [MergedContextConfiguration@6a0c2fa5 testClass = CategoryMapperTest, locations = '{}', classes = '{class org.mybatis.jpetstore.mapper.MapperTestContext}', contextInitializerClasses = '[]', activeProfiles = '{}', propertySourceLocations = '{}', propertySourceProperties = '{}', contextCustomizers = set[[empty]], contextLoader = 'org.springframework.test.context.support.DelegatingSmartContextLoader', parent = [null]], attributes = map['org.springframework.test.context.event.ApplicationEventsTestExecutionListener.recordApplicationEvents' -> false]]
[INFO] Tests run: 2, Failures: 0, Errors: 0, Skipped: 0, Time elapsed: 0.01 s - in org.mybatis.jpetstore.mapper.CategoryMapperTest
[INFO] 
[INFO] Results:
[INFO] 
[INFO] Tests run: 74, Failures: 0, Errors: 0, Skipped: 0
[INFO] 
[INFO] ------------------------------------------------------------------------
[INFO] BUILD SUCCESS
[INFO] ------------------------------------------------------------------------
[INFO] Total time:  16.250 s
[INFO] Finished at: 2023-02-01T22:02:01Z
[INFO] ------------------------------------------------------------------------
