[INFO] Scanning for projects...
[INFO] 
[INFO] ----------------------< com.artipie:pypi-adapter >----------------------
[INFO] Building pypi-adapter 1.0-SNAPSHOT
[INFO] --------------------------------[ jar ]---------------------------------
[INFO] 
[INFO] --- maven-clean-plugin:3.1.0:clean (default-clean) @ pypi-adapter ---
[INFO] Deleting /home/gabsko/breaking-updates/target
[INFO] 
[INFO] --- maven-enforcer-plugin:3.0.0-M3:enforce (enforce-maven) @ pypi-adapter ---
[INFO] 
[INFO] --- jacoco-maven-plugin:0.8.5:prepare-agent (jacoco-initialize) @ pypi-adapter ---
[INFO] argLine set to -javaagent:/home/gabsko/.m2/repository/org/jacoco/org.jacoco.agent/0.8.5/org.jacoco.agent-0.8.5-runtime.jar=destfile=/home/gabsko/breaking-updates/target/jacoco.exec,output=file
[INFO] 
[INFO] --- maven-resources-plugin:3.2.0:resources (default-resources) @ pypi-adapter ---
[INFO] Using 'UTF-8' encoding to copy filtered resources.
[INFO] Using 'UTF-8' encoding to copy filtered properties files.
[INFO] skip non existing resourceDirectory /home/gabsko/breaking-updates/src/main/resources
[INFO] 
[INFO] --- maven-compiler-plugin:3.8.1:compile (default-compile) @ pypi-adapter ---
[INFO] Compiling 14 source files to /home/gabsko/breaking-updates/target/classes
[INFO] 
[INFO] --- maven-resources-plugin:3.2.0:testResources (default-testResources) @ pypi-adapter ---
[INFO] Using 'UTF-8' encoding to copy filtered resources.
[INFO] Using 'UTF-8' encoding to copy filtered properties files.
[INFO] Copying 22 resources
[INFO] 
[INFO] --- maven-compiler-plugin:3.8.1:testCompile (default-testCompile) @ pypi-adapter ---
[INFO] Compiling 19 source files to /home/gabsko/breaking-updates/target/test-classes
[INFO] 
[INFO] --- maven-surefire-plugin:3.0.0-M5:test (default-test) @ pypi-adapter ---
[INFO] 
[INFO] -------------------------------------------------------
[INFO]  T E S T S
[INFO] -------------------------------------------------------
[INFO] Running com.artipie.pypi.http.ProxySliceTest
[INFO] Tests run: 9, Failures: 0, Errors: 0, Skipped: 0, Time elapsed: 0.419 s - in com.artipie.pypi.http.ProxySliceTest
[INFO] Running com.artipie.pypi.http.SearchSliceTest
[INFO] Tests run: 8, Failures: 0, Errors: 0, Skipped: 0, Time elapsed: 0.657 s - in com.artipie.pypi.http.SearchSliceTest
[INFO] Running com.artipie.pypi.http.SliceIndexTest
[INFO] Tests run: 9, Failures: 0, Errors: 0, Skipped: 0, Time elapsed: 0.06 s - in com.artipie.pypi.http.SliceIndexTest
[INFO] Running com.artipie.pypi.http.NameFromXmlTest
[INFO] Tests run: 2, Failures: 0, Errors: 0, Skipped: 0, Time elapsed: 0.017 s - in com.artipie.pypi.http.NameFromXmlTest
[INFO] Running com.artipie.pypi.http.WheelSliceTest
[[2;37mDEBUG[m] pool-3-thread-1 com.artipie.pypi.http.WheelSlice: WS: multipart request body parsed, part com.artipie.http.rq.multipart.MultiPart@301340d5 found
[[2;37mDEBUG[m] pool-3-thread-1 com.artipie.pypi.http.WheelSlice: WS: content saved to temp file `30d5c59a-d31a-4bfa-a419-a205c649aa63`
[[2;37mDEBUG[m] pool-4-thread-1 com.artipie.pypi.http.WheelSlice: WS: multipart request body parsed, part com.artipie.http.rq.multipart.MultiPart@23b87f07 found
[[2;37mDEBUG[m] pool-4-thread-1 com.artipie.pypi.http.WheelSlice: WS: content saved to temp file `0e98dfa9-c1c8-43ec-8632-2763dd36c0ea`
[[2;37mDEBUG[m] pool-5-thread-1 com.artipie.pypi.http.WheelSlice: WS: multipart request body parsed, part com.artipie.http.rq.multipart.MultiPart@7e7b42e5 found
[[2;37mDEBUG[m] pool-2-thread-2 com.artipie.pypi.http.WheelSlice: WS: content saved to temp file `dcc5f462-1fa5-484e-b53b-f6a16accbdc9`
[[2;37mDEBUG[m] pool-6-thread-1 com.artipie.pypi.http.WheelSlice: WS: multipart request body parsed, part com.artipie.http.rq.multipart.MultiPart@1d65d462 found
[[2;37mDEBUG[m] pool-2-thread-2 com.artipie.pypi.http.WheelSlice: WS: content saved to temp file `b5d5fd83-a9f7-4611-9955-05006768032d`
[INFO] Tests run: 4, Failures: 0, Errors: 0, Skipped: 0, Time elapsed: 0.22 s - in com.artipie.pypi.http.WheelSliceTest
[INFO] Running com.artipie.pypi.http.RedirectSliceTest
[INFO] Tests run: 4, Failures: 0, Errors: 0, Skipped: 0, Time elapsed: 0.009 s - in com.artipie.pypi.http.RedirectSliceTest
[INFO] Running com.artipie.pypi.http.PySliceTest
[INFO] Tests run: 11, Failures: 0, Errors: 0, Skipped: 0, Time elapsed: 0.07 s - in com.artipie.pypi.http.PySliceTest
[INFO] Running com.artipie.pypi.NormalizedProjectNameSimpleTest
[INFO] Tests run: 5, Failures: 0, Errors: 0, Skipped: 0, Time elapsed: 0.01 s - in com.artipie.pypi.NormalizedProjectNameSimpleTest
[INFO] Running com.artipie.pypi.meta.PackageInfoFromMetadataTest
[INFO] Tests run: 6, Failures: 0, Errors: 0, Skipped: 0, Time elapsed: 0.018 s - in com.artipie.pypi.meta.PackageInfoFromMetadataTest
[INFO] Running com.artipie.pypi.meta.MetadataFromArchiveTest
[INFO] Tests run: 8, Failures: 0, Errors: 0, Skipped: 0, Time elapsed: 0.028 s - in com.artipie.pypi.meta.MetadataFromArchiveTest
[INFO] Running com.artipie.pypi.meta.ValidFilenameTest
[INFO] Tests run: 5, Failures: 0, Errors: 0, Skipped: 0, Time elapsed: 0.012 s - in com.artipie.pypi.meta.ValidFilenameTest
[INFO] 
[INFO] Results:
[INFO] 
[INFO] Tests run: 71, Failures: 0, Errors: 0, Skipped: 0
[INFO] 
[INFO] 
[INFO] --- jacoco-maven-plugin:0.8.5:check (jacoco-check) @ pypi-adapter ---
[INFO] Loading execution data file /home/gabsko/breaking-updates/target/jacoco.exec
[INFO] Analyzed bundle 'pypi-adapter' with 12 classes
[INFO] All coverage checks have been met.
[INFO] ------------------------------------------------------------------------
[INFO] BUILD SUCCESS
[INFO] ------------------------------------------------------------------------
[INFO] Total time:  5.482 s
[INFO] Finished at: 2023-02-01T15:00:49Z
[INFO] ------------------------------------------------------------------------
