[INFO] Scanning for projects...
[INFO] 
[INFO] ---------------< edu.jiangxin.apktoolbox:APKToolBoxGUI >----------------
[INFO] Building APKToolBoxGUI 0.0.8
[INFO] --------------------------------[ jar ]---------------------------------
[INFO] 
[INFO] --- maven-clean-plugin:3.1.0:clean (default-clean) @ APKToolBoxGUI ---
[INFO] Deleting /home/gabsko/breaking-updates/target
[INFO] 
[INFO] --- jacoco-maven-plugin:0.8.7:prepare-agent (default-prepare-agent) @ APKToolBoxGUI ---
[INFO] argLine set to -javaagent:/home/gabsko/.m2/repository/org/jacoco/org.jacoco.agent/0.8.7/org.jacoco.agent-0.8.7-runtime.jar=destfile=/home/gabsko/breaking-updates/target/jacoco.exec
[INFO] 
[INFO] --- templating-maven-plugin:1.0.0:filter-sources (filter-src) @ APKToolBoxGUI ---
[INFO] Coping files with filtering to temporary directory.
[INFO] Using 'UTF-8' encoding to copy filtered resources.
[INFO] Copying 1 resource
[INFO] Copied 1 files to output directory: /home/gabsko/breaking-updates/target/generated-sources/java-templates
[INFO] Source directory: /home/gabsko/breaking-updates/target/generated-sources/java-templates added.
[INFO] 
[INFO] --- maven-resources-plugin:3.2.0:resources (default-resources) @ APKToolBoxGUI ---
[INFO] Using 'UTF-8' encoding to copy filtered resources.
[INFO] Using 'UTF-8' encoding to copy filtered properties files.
[INFO] Copying 6 resources
[INFO] 
[INFO] --- maven-compiler-plugin:3.10.0:compile (default-compile) @ APKToolBoxGUI ---
[INFO] Changes detected - recompiling the module!
[INFO] Compiling 87 source files to /home/gabsko/breaking-updates/target/classes
[INFO] /home/gabsko/breaking-updates/src/main/java/edu/jiangxin/apktoolbox/main/MainFrame.java: Some input files use or override a deprecated API.
[INFO] /home/gabsko/breaking-updates/src/main/java/edu/jiangxin/apktoolbox/main/MainFrame.java: Recompile with -Xlint:deprecation for details.
[INFO] /home/gabsko/breaking-updates/src/main/java/edu/jiangxin/apktoolbox/file/duplicate/DuplicateFilesTableModel.java: Some input files use unchecked or unsafe operations.
[INFO] /home/gabsko/breaking-updates/src/main/java/edu/jiangxin/apktoolbox/file/duplicate/DuplicateFilesTableModel.java: Recompile with -Xlint:unchecked for details.
[INFO] 
[INFO] --- maven-resources-plugin:3.2.0:testResources (default-testResources) @ APKToolBoxGUI ---
[INFO] Using 'UTF-8' encoding to copy filtered resources.
[INFO] Using 'UTF-8' encoding to copy filtered properties files.
[INFO] Copying 196 resources
[INFO] 
[INFO] --- maven-compiler-plugin:3.10.0:testCompile (default-testCompile) @ APKToolBoxGUI ---
[INFO] Changes detected - recompiling the module!
[INFO] Compiling 8 source files to /home/gabsko/breaking-updates/target/test-classes
[INFO] 
[INFO] --- maven-surefire-plugin:3.0.0-M5:test (default-test) @ APKToolBoxGUI ---
[INFO] 
[INFO] -------------------------------------------------------
[INFO]  T E S T S
[INFO] -------------------------------------------------------
[INFO] Running edu.jiangxin.common.FileUtilsTest
[INFO] Tests run: 3, Failures: 0, Errors: 0, Skipped: 0, Time elapsed: 0.166 s - in edu.jiangxin.common.FileUtilsTest
[INFO] Running edu.jiangxin.common.OsPatternConvertTest
2023-02-01 21:05:06,457 [main] INFO  OsPatternConvert - Success to convert target/test-classes/OSPatternConvertTest/test.txt to unix
2023-02-01 21:05:06,461 [main] INFO  OsPatternConvert - Success to convert target/test-classes/OSPatternConvertTest/test.txt to mac
2023-02-01 21:05:06,461 [main] INFO  OsPatternConvert - Success to convert target/test-classes/OSPatternConvertTest/unix.txt to dos
2023-02-01 21:05:06,478 [main] INFO  OsPatternConvert - Success to convert /home/gabsko/breaking-updates/target/test-classes/OSPatternConvertTest/test/test02.txt to dos
2023-02-01 21:05:06,479 [main] INFO  OsPatternConvert - Success to convert /home/gabsko/breaking-updates/target/test-classes/OSPatternConvertTest/test/test01.txt to dos
2023-02-01 21:05:06,482 [main] INFO  OsPatternConvert - Success to convert /home/gabsko/breaking-updates/target/test-classes/OSPatternConvertTest/test/test02.txt to unix
2023-02-01 21:05:06,483 [main] INFO  OsPatternConvert - Success to convert /home/gabsko/breaking-updates/target/test-classes/OSPatternConvertTest/test/test01.txt to unix
2023-02-01 21:05:06,484 [main] INFO  OsPatternConvert - Success to convert /home/gabsko/breaking-updates/target/test-classes/OSPatternConvertTest/test/test02.txt to mac
2023-02-01 21:05:06,484 [main] INFO  OsPatternConvert - Success to convert /home/gabsko/breaking-updates/target/test-classes/OSPatternConvertTest/test/test01.txt to mac
2023-02-01 21:05:06,488 [main] INFO  OsPatternConvert - Success to convert /home/gabsko/breaking-updates/target/test-classes/OSPatternConvertTest/test/test02.txt to unix
2023-02-01 21:05:06,488 [main] INFO  OsPatternConvert - Success to convert /home/gabsko/breaking-updates/target/test-classes/OSPatternConvertTest/test/test01.txt to unix
[INFO] Tests run: 2, Failures: 0, Errors: 0, Skipped: 0, Time elapsed: 1.459 s - in edu.jiangxin.common.OsPatternConvertTest
[INFO] Running edu.jiangxin.common.ClassVersionToolsTest
2023-02-01 21:05:06,512 [main] INFO  edu.jiangxin.apktoolbox.file.core.FileProcess - Success to copy /home/gabsko/breaking-updates/target/test-classes/ClassVersionTest/TextTools-0.0.1-SNAPSHOT/META-INF/MANIFEST.MF to /home/gabsko/breaking-updates/target/test-classes/ClassVersionTest/TextTools-0.0.1-SNAPSHOT-bak/META-INF/MANIFEST.MF
2023-02-01 21:05:06,513 [main] INFO  edu.jiangxin.apktoolbox.file.core.FileProcess - Success to copy /home/gabsko/breaking-updates/target/test-classes/ClassVersionTest/TextTools-0.0.1-SNAPSHOT/META-INF/maven/edu.jiangxin.texttools/TextTools/pom.properties to /home/gabsko/breaking-updates/target/test-classes/ClassVersionTest/TextTools-0.0.1-SNAPSHOT-bak/META-INF/maven/edu.jiangxin.texttools/TextTools/pom.properties
2023-02-01 21:05:06,513 [main] INFO  edu.jiangxin.apktoolbox.file.core.FileProcess - Success to copy /home/gabsko/breaking-updates/target/test-classes/ClassVersionTest/TextTools-0.0.1-SNAPSHOT/META-INF/maven/edu.jiangxin.texttools/TextTools/pom.xml to /home/gabsko/breaking-updates/target/test-classes/ClassVersionTest/TextTools-0.0.1-SNAPSHOT-bak/META-INF/maven/edu.jiangxin.texttools/TextTools/pom.xml
Success to copy /home/gabsko/breaking-updates/target/test-classes/ClassVersionTest/TextTools-0.0.1-SNAPSHOT/META-INF/maven/edu.jiangxin.texttools/TextTools to /home/gabsko/breaking-updates/target/test-classes/ClassVersionTest/TextTools-0.0.1-SNAPSHOT-bak/META-INF/maven/edu.jiangxin.texttools/TextTools
Success to copy /home/gabsko/breaking-updates/target/test-classes/ClassVersionTest/TextTools-0.0.1-SNAPSHOT/META-INF/maven/edu.jiangxin.texttools to /home/gabsko/breaking-updates/target/test-classes/ClassVersionTest/TextTools-0.0.1-SNAPSHOT-bak/META-INF/maven/edu.jiangxin.texttools
Success to copy /home/gabsko/breaking-updates/target/test-classes/ClassVersionTest/TextTools-0.0.1-SNAPSHOT/META-INF/maven to /home/gabsko/breaking-updates/target/test-classes/ClassVersionTest/TextTools-0.0.1-SNAPSHOT-bak/META-INF/maven
Success to copy /home/gabsko/breaking-updates/target/test-classes/ClassVersionTest/TextTools-0.0.1-SNAPSHOT/META-INF to /home/gabsko/breaking-updates/target/test-classes/ClassVersionTest/TextTools-0.0.1-SNAPSHOT-bak/META-INF
2023-02-01 21:05:06,520 [main] INFO  edu.jiangxin.apktoolbox.file.core.FileProcess - Success to copy /home/gabsko/breaking-updates/target/test-classes/ClassVersionTest/TextTools-0.0.1-SNAPSHOT/edu/jiangxin/random/RandomEmail.class to /home/gabsko/breaking-updates/target/test-classes/ClassVersionTest/TextTools-0.0.1-SNAPSHOT-bak/edu/jiangxin/random/RandomEmail.class
2023-02-01 21:05:06,520 [main] INFO  edu.jiangxin.apktoolbox.file.core.FileProcess - Success to copy /home/gabsko/breaking-updates/target/test-classes/ClassVersionTest/TextTools-0.0.1-SNAPSHOT/edu/jiangxin/random/ExtraRandom.class to /home/gabsko/breaking-updates/target/test-classes/ClassVersionTest/TextTools-0.0.1-SNAPSHOT-bak/edu/jiangxin/random/ExtraRandom.class
2023-02-01 21:05:06,521 [main] INFO  edu.jiangxin.apktoolbox.file.core.FileProcess - Success to copy /home/gabsko/breaking-updates/target/test-classes/ClassVersionTest/TextTools-0.0.1-SNAPSHOT/edu/jiangxin/random/RandomChinese.class to /home/gabsko/breaking-updates/target/test-classes/ClassVersionTest/TextTools-0.0.1-SNAPSHOT-bak/edu/jiangxin/random/RandomChinese.class
2023-02-01 21:05:06,521 [main] INFO  edu.jiangxin.apktoolbox.file.core.FileProcess - Success to copy /home/gabsko/breaking-updates/target/test-classes/ClassVersionTest/TextTools-0.0.1-SNAPSHOT/edu/jiangxin/random/RandomDateTime.class to /home/gabsko/breaking-updates/target/test-classes/ClassVersionTest/TextTools-0.0.1-SNAPSHOT-bak/edu/jiangxin/random/RandomDateTime.class
2023-02-01 21:05:06,521 [main] INFO  edu.jiangxin.apktoolbox.file.core.FileProcess - Success to copy /home/gabsko/breaking-updates/target/test-classes/ClassVersionTest/TextTools-0.0.1-SNAPSHOT/edu/jiangxin/random/RandomPhoneNum.class to /home/gabsko/breaking-updates/target/test-classes/ClassVersionTest/TextTools-0.0.1-SNAPSHOT-bak/edu/jiangxin/random/RandomPhoneNum.class
Success to copy /home/gabsko/breaking-updates/target/test-classes/ClassVersionTest/TextTools-0.0.1-SNAPSHOT/edu/jiangxin/random to /home/gabsko/breaking-updates/target/test-classes/ClassVersionTest/TextTools-0.0.1-SNAPSHOT-bak/edu/jiangxin/random
2023-02-01 21:05:06,522 [main] INFO  edu.jiangxin.apktoolbox.file.core.FileProcess - Success to copy /home/gabsko/breaking-updates/target/test-classes/ClassVersionTest/TextTools-0.0.1-SNAPSHOT/edu/jiangxin/main/Main.class to /home/gabsko/breaking-updates/target/test-classes/ClassVersionTest/TextTools-0.0.1-SNAPSHOT-bak/edu/jiangxin/main/Main.class
Success to copy /home/gabsko/breaking-updates/target/test-classes/ClassVersionTest/TextTools-0.0.1-SNAPSHOT/edu/jiangxin/main to /home/gabsko/breaking-updates/target/test-classes/ClassVersionTest/TextTools-0.0.1-SNAPSHOT-bak/edu/jiangxin/main
2023-02-01 21:05:06,522 [main] INFO  edu.jiangxin.apktoolbox.file.core.FileProcess - Success to copy /home/gabsko/breaking-updates/target/test-classes/ClassVersionTest/TextTools-0.0.1-SNAPSHOT/edu/jiangxin/tools/IdeologicalReport.class to /home/gabsko/breaking-updates/target/test-classes/ClassVersionTest/TextTools-0.0.1-SNAPSHOT-bak/edu/jiangxin/tools/IdeologicalReport.class
2023-02-01 21:05:06,523 [main] INFO  edu.jiangxin.apktoolbox.file.core.FileProcess - Success to copy /home/gabsko/breaking-updates/target/test-classes/ClassVersionTest/TextTools-0.0.1-SNAPSHOT/edu/jiangxin/tools/Coordinate.class to /home/gabsko/breaking-updates/target/test-classes/ClassVersionTest/TextTools-0.0.1-SNAPSHOT-bak/edu/jiangxin/tools/Coordinate.class
Success to copy /home/gabsko/breaking-updates/target/test-classes/ClassVersionTest/TextTools-0.0.1-SNAPSHOT/edu/jiangxin/tools to /home/gabsko/breaking-updates/target/test-classes/ClassVersionTest/TextTools-0.0.1-SNAPSHOT-bak/edu/jiangxin/tools
2023-02-01 21:05:06,523 [main] INFO  edu.jiangxin.apktoolbox.file.core.FileProcess - Success to copy /home/gabsko/breaking-updates/target/test-classes/ClassVersionTest/TextTools-0.0.1-SNAPSHOT/edu/jiangxin/common/FileProcess.class to /home/gabsko/breaking-updates/target/test-classes/ClassVersionTest/TextTools-0.0.1-SNAPSHOT-bak/edu/jiangxin/common/FileProcess.class
2023-02-01 21:05:06,523 [main] INFO  edu.jiangxin.apktoolbox.file.core.FileProcess - Success to copy /home/gabsko/breaking-updates/target/test-classes/ClassVersionTest/TextTools-0.0.1-SNAPSHOT/edu/jiangxin/common/OSPatternConvert.class to /home/gabsko/breaking-updates/target/test-classes/ClassVersionTest/TextTools-0.0.1-SNAPSHOT-bak/edu/jiangxin/common/OSPatternConvert.class
2023-02-01 21:05:06,524 [main] INFO  edu.jiangxin.apktoolbox.file.core.FileProcess - Success to copy /home/gabsko/breaking-updates/target/test-classes/ClassVersionTest/TextTools-0.0.1-SNAPSHOT/edu/jiangxin/common/FileFilterWrapper$1.class to /home/gabsko/breaking-updates/target/test-classes/ClassVersionTest/TextTools-0.0.1-SNAPSHOT-bak/edu/jiangxin/common/FileFilterWrapper$1.class
2023-02-01 21:05:06,524 [main] INFO  edu.jiangxin.apktoolbox.file.core.FileProcess - Success to copy /home/gabsko/breaking-updates/target/test-classes/ClassVersionTest/TextTools-0.0.1-SNAPSHOT/edu/jiangxin/common/LineCount.class to /home/gabsko/breaking-updates/target/test-classes/ClassVersionTest/TextTools-0.0.1-SNAPSHOT-bak/edu/jiangxin/common/LineCount.class
2023-02-01 21:05:06,524 [main] INFO  edu.jiangxin.apktoolbox.file.core.FileProcess - Success to copy /home/gabsko/breaking-updates/target/test-classes/ClassVersionTest/TextTools-0.0.1-SNAPSHOT/edu/jiangxin/common/Recovery.class to /home/gabsko/breaking-updates/target/test-classes/ClassVersionTest/TextTools-0.0.1-SNAPSHOT-bak/edu/jiangxin/common/Recovery.class
2023-02-01 21:05:06,525 [main] INFO  edu.jiangxin.apktoolbox.file.core.FileProcess - Success to copy /home/gabsko/breaking-updates/target/test-classes/ClassVersionTest/TextTools-0.0.1-SNAPSHOT/edu/jiangxin/common/Backup.class to /home/gabsko/breaking-updates/target/test-classes/ClassVersionTest/TextTools-0.0.1-SNAPSHOT-bak/edu/jiangxin/common/Backup.class
2023-02-01 21:05:06,525 [main] INFO  edu.jiangxin.apktoolbox.file.core.FileProcess - Success to copy /home/gabsko/breaking-updates/target/test-classes/ClassVersionTest/TextTools-0.0.1-SNAPSHOT/edu/jiangxin/common/FileFilterWrapper$3.class to /home/gabsko/breaking-updates/target/test-classes/ClassVersionTest/TextTools-0.0.1-SNAPSHOT-bak/edu/jiangxin/common/FileFilterWrapper$3.class
2023-02-01 21:05:06,525 [main] INFO  edu.jiangxin.apktoolbox.file.core.FileProcess - Success to copy /home/gabsko/breaking-updates/target/test-classes/ClassVersionTest/TextTools-0.0.1-SNAPSHOT/edu/jiangxin/common/ClassVersionTools.class to /home/gabsko/breaking-updates/target/test-classes/ClassVersionTest/TextTools-0.0.1-SNAPSHOT-bak/edu/jiangxin/common/ClassVersionTools.class
2023-02-01 21:05:06,526 [main] INFO  edu.jiangxin.apktoolbox.file.core.FileProcess - Success to copy /home/gabsko/breaking-updates/target/test-classes/ClassVersionTest/TextTools-0.0.1-SNAPSHOT/edu/jiangxin/common/FileFilterWrapper.class to /home/gabsko/breaking-updates/target/test-classes/ClassVersionTest/TextTools-0.0.1-SNAPSHOT-bak/edu/jiangxin/common/FileFilterWrapper.class
2023-02-01 21:05:06,526 [main] INFO  edu.jiangxin.apktoolbox.file.core.FileProcess - Success to copy /home/gabsko/breaking-updates/target/test-classes/ClassVersionTest/TextTools-0.0.1-SNAPSHOT/edu/jiangxin/common/RemoveComments.class to /home/gabsko/breaking-updates/target/test-classes/ClassVersionTest/TextTools-0.0.1-SNAPSHOT-bak/edu/jiangxin/common/RemoveComments.class
2023-02-01 21:05:06,527 [main] INFO  edu.jiangxin.apktoolbox.file.core.FileProcess - Success to copy /home/gabsko/breaking-updates/target/test-classes/ClassVersionTest/TextTools-0.0.1-SNAPSHOT/edu/jiangxin/common/FileFilterWrapper$2.class to /home/gabsko/breaking-updates/target/test-classes/ClassVersionTest/TextTools-0.0.1-SNAPSHOT-bak/edu/jiangxin/common/FileFilterWrapper$2.class
2023-02-01 21:05:06,527 [main] INFO  edu.jiangxin.apktoolbox.file.core.FileProcess - Success to copy /home/gabsko/breaking-updates/target/test-classes/ClassVersionTest/TextTools-0.0.1-SNAPSHOT/edu/jiangxin/common/RemoveComments$model.class to /home/gabsko/breaking-updates/target/test-classes/ClassVersionTest/TextTools-0.0.1-SNAPSHOT-bak/edu/jiangxin/common/RemoveComments$model.class
2023-02-01 21:05:06,527 [main] INFO  edu.jiangxin.apktoolbox.file.core.FileProcess - Success to copy /home/gabsko/breaking-updates/target/test-classes/ClassVersionTest/TextTools-0.0.1-SNAPSHOT/edu/jiangxin/common/ReName.class to /home/gabsko/breaking-updates/target/test-classes/ClassVersionTest/TextTools-0.0.1-SNAPSHOT-bak/edu/jiangxin/common/ReName.class
Success to copy /home/gabsko/breaking-updates/target/test-classes/ClassVersionTest/TextTools-0.0.1-SNAPSHOT/edu/jiangxin/common to /home/gabsko/breaking-updates/target/test-classes/ClassVersionTest/TextTools-0.0.1-SNAPSHOT-bak/edu/jiangxin/common
2023-02-01 21:05:06,528 [main] INFO  edu.jiangxin.apktoolbox.file.core.FileProcess - Success to copy /home/gabsko/breaking-updates/target/test-classes/ClassVersionTest/TextTools-0.0.1-SNAPSHOT/edu/jiangxin/jar/FindStrInJar.class to /home/gabsko/breaking-updates/target/test-classes/ClassVersionTest/TextTools-0.0.1-SNAPSHOT-bak/edu/jiangxin/jar/FindStrInJar.class
Success to copy /home/gabsko/breaking-updates/target/test-classes/ClassVersionTest/TextTools-0.0.1-SNAPSHOT/edu/jiangxin/jar to /home/gabsko/breaking-updates/target/test-classes/ClassVersionTest/TextTools-0.0.1-SNAPSHOT-bak/edu/jiangxin/jar
2023-02-01 21:05:06,528 [main] INFO  edu.jiangxin.apktoolbox.file.core.FileProcess - Success to copy /home/gabsko/breaking-updates/target/test-classes/ClassVersionTest/TextTools-0.0.1-SNAPSHOT/edu/jiangxin/encode/EncoderConvert.class to /home/gabsko/breaking-updates/target/test-classes/ClassVersionTest/TextTools-0.0.1-SNAPSHOT-bak/edu/jiangxin/encode/EncoderConvert.class
2023-02-01 21:05:06,528 [main] INFO  edu.jiangxin.apktoolbox.file.core.FileProcess - Success to copy /home/gabsko/breaking-updates/target/test-classes/ClassVersionTest/TextTools-0.0.1-SNAPSHOT/edu/jiangxin/encode/EncoderDetector.class to /home/gabsko/breaking-updates/target/test-classes/ClassVersionTest/TextTools-0.0.1-SNAPSHOT-bak/edu/jiangxin/encode/EncoderDetector.class
Success to copy /home/gabsko/breaking-updates/target/test-classes/ClassVersionTest/TextTools-0.0.1-SNAPSHOT/edu/jiangxin/encode to /home/gabsko/breaking-updates/target/test-classes/ClassVersionTest/TextTools-0.0.1-SNAPSHOT-bak/edu/jiangxin/encode
Success to copy /home/gabsko/breaking-updates/target/test-classes/ClassVersionTest/TextTools-0.0.1-SNAPSHOT/edu/jiangxin to /home/gabsko/breaking-updates/target/test-classes/ClassVersionTest/TextTools-0.0.1-SNAPSHOT-bak/edu/jiangxin
Success to copy /home/gabsko/breaking-updates/target/test-classes/ClassVersionTest/TextTools-0.0.1-SNAPSHOT/edu to /home/gabsko/breaking-updates/target/test-classes/ClassVersionTest/TextTools-0.0.1-SNAPSHOT-bak/edu
Success to copy target/test-classes/ClassVersionTest/TextTools-0.0.1-SNAPSHOT to target/test-classes/ClassVersionTest/TextTools-0.0.1-SNAPSHOT-bak
2023-02-01 21:05:06,533 [main] INFO  edu.jiangxin.apktoolbox.file.core.ClassVersionTools - Process file success./home/gabsko/breaking-updates/target/test-classes/ClassVersionTest/TextTools-0.0.1-SNAPSHOT-bak/edu/jiangxin/random/RandomEmail.class
2023-02-01 21:05:06,534 [main] INFO  edu.jiangxin.apktoolbox.file.core.ClassVersionTools - Process file success./home/gabsko/breaking-updates/target/test-classes/ClassVersionTest/TextTools-0.0.1-SNAPSHOT-bak/edu/jiangxin/random/ExtraRandom.class
2023-02-01 21:05:06,534 [main] INFO  edu.jiangxin.apktoolbox.file.core.ClassVersionTools - Process file success./home/gabsko/breaking-updates/target/test-classes/ClassVersionTest/TextTools-0.0.1-SNAPSHOT-bak/edu/jiangxin/random/RandomChinese.class
2023-02-01 21:05:06,534 [main] INFO  edu.jiangxin.apktoolbox.file.core.ClassVersionTools - Process file success./home/gabsko/breaking-updates/target/test-classes/ClassVersionTest/TextTools-0.0.1-SNAPSHOT-bak/edu/jiangxin/random/RandomDateTime.class
2023-02-01 21:05:06,535 [main] INFO  edu.jiangxin.apktoolbox.file.core.ClassVersionTools - Process file success./home/gabsko/breaking-updates/target/test-classes/ClassVersionTest/TextTools-0.0.1-SNAPSHOT-bak/edu/jiangxin/random/RandomPhoneNum.class
2023-02-01 21:05:06,535 [main] INFO  edu.jiangxin.apktoolbox.file.core.ClassVersionTools - Process file success./home/gabsko/breaking-updates/target/test-classes/ClassVersionTest/TextTools-0.0.1-SNAPSHOT-bak/edu/jiangxin/main/Main.class
2023-02-01 21:05:06,535 [main] INFO  edu.jiangxin.apktoolbox.file.core.ClassVersionTools - Process file success./home/gabsko/breaking-updates/target/test-classes/ClassVersionTest/TextTools-0.0.1-SNAPSHOT-bak/edu/jiangxin/tools/IdeologicalReport.class
2023-02-01 21:05:06,536 [main] INFO  edu.jiangxin.apktoolbox.file.core.ClassVersionTools - Process file success./home/gabsko/breaking-updates/target/test-classes/ClassVersionTest/TextTools-0.0.1-SNAPSHOT-bak/edu/jiangxin/tools/Coordinate.class
2023-02-01 21:05:06,536 [main] INFO  edu.jiangxin.apktoolbox.file.core.ClassVersionTools - Process file success./home/gabsko/breaking-updates/target/test-classes/ClassVersionTest/TextTools-0.0.1-SNAPSHOT-bak/edu/jiangxin/common/FileProcess.class
2023-02-01 21:05:06,536 [main] INFO  edu.jiangxin.apktoolbox.file.core.ClassVersionTools - Process file success./home/gabsko/breaking-updates/target/test-classes/ClassVersionTest/TextTools-0.0.1-SNAPSHOT-bak/edu/jiangxin/common/OSPatternConvert.class
2023-02-01 21:05:06,537 [main] INFO  edu.jiangxin.apktoolbox.file.core.ClassVersionTools - Process file success./home/gabsko/breaking-updates/target/test-classes/ClassVersionTest/TextTools-0.0.1-SNAPSHOT-bak/edu/jiangxin/common/FileFilterWrapper$1.class
2023-02-01 21:05:06,537 [main] INFO  edu.jiangxin.apktoolbox.file.core.ClassVersionTools - Process file success./home/gabsko/breaking-updates/target/test-classes/ClassVersionTest/TextTools-0.0.1-SNAPSHOT-bak/edu/jiangxin/common/LineCount.class
2023-02-01 21:05:06,538 [main] INFO  edu.jiangxin.apktoolbox.file.core.ClassVersionTools - Process file success./home/gabsko/breaking-updates/target/test-classes/ClassVersionTest/TextTools-0.0.1-SNAPSHOT-bak/edu/jiangxin/common/Recovery.class
2023-02-01 21:05:06,538 [main] INFO  edu.jiangxin.apktoolbox.file.core.ClassVersionTools - Process file success./home/gabsko/breaking-updates/target/test-classes/ClassVersionTest/TextTools-0.0.1-SNAPSHOT-bak/edu/jiangxin/common/Backup.class
2023-02-01 21:05:06,538 [main] INFO  edu.jiangxin.apktoolbox.file.core.ClassVersionTools - Process file success./home/gabsko/breaking-updates/target/test-classes/ClassVersionTest/TextTools-0.0.1-SNAPSHOT-bak/edu/jiangxin/common/FileFilterWrapper$3.class
2023-02-01 21:05:06,539 [main] INFO  edu.jiangxin.apktoolbox.file.core.ClassVersionTools - Process file success./home/gabsko/breaking-updates/target/test-classes/ClassVersionTest/TextTools-0.0.1-SNAPSHOT-bak/edu/jiangxin/common/ClassVersionTools.class
2023-02-01 21:05:06,539 [main] INFO  edu.jiangxin.apktoolbox.file.core.ClassVersionTools - Process file success./home/gabsko/breaking-updates/target/test-classes/ClassVersionTest/TextTools-0.0.1-SNAPSHOT-bak/edu/jiangxin/common/FileFilterWrapper.class
2023-02-01 21:05:06,539 [main] INFO  edu.jiangxin.apktoolbox.file.core.ClassVersionTools - Process file success./home/gabsko/breaking-updates/target/test-classes/ClassVersionTest/TextTools-0.0.1-SNAPSHOT-bak/edu/jiangxin/common/RemoveComments.class
2023-02-01 21:05:06,540 [main] INFO  edu.jiangxin.apktoolbox.file.core.ClassVersionTools - Process file success./home/gabsko/breaking-updates/target/test-classes/ClassVersionTest/TextTools-0.0.1-SNAPSHOT-bak/edu/jiangxin/common/FileFilterWrapper$2.class
2023-02-01 21:05:06,540 [main] INFO  edu.jiangxin.apktoolbox.file.core.ClassVersionTools - Process file success./home/gabsko/breaking-updates/target/test-classes/ClassVersionTest/TextTools-0.0.1-SNAPSHOT-bak/edu/jiangxin/common/RemoveComments$model.class
2023-02-01 21:05:06,540 [main] INFO  edu.jiangxin.apktoolbox.file.core.ClassVersionTools - Process file success./home/gabsko/breaking-updates/target/test-classes/ClassVersionTest/TextTools-0.0.1-SNAPSHOT-bak/edu/jiangxin/common/ReName.class
2023-02-01 21:05:06,541 [main] INFO  edu.jiangxin.apktoolbox.file.core.ClassVersionTools - Process file success./home/gabsko/breaking-updates/target/test-classes/ClassVersionTest/TextTools-0.0.1-SNAPSHOT-bak/edu/jiangxin/jar/FindStrInJar.class
2023-02-01 21:05:06,541 [main] INFO  edu.jiangxin.apktoolbox.file.core.ClassVersionTools - Process file success./home/gabsko/breaking-updates/target/test-classes/ClassVersionTest/TextTools-0.0.1-SNAPSHOT-bak/edu/jiangxin/encode/EncoderConvert.class
2023-02-01 21:05:06,541 [main] INFO  edu.jiangxin.apktoolbox.file.core.ClassVersionTools - Process file success./home/gabsko/breaking-updates/target/test-classes/ClassVersionTest/TextTools-0.0.1-SNAPSHOT-bak/edu/jiangxin/encode/EncoderDetector.class
2023-02-01 21:05:06,560 [main] INFO  edu.jiangxin.apktoolbox.file.core.ClassVersionTools - The version of /home/gabsko/breaking-updates/target/test-classes/ClassVersionTest/TextTools-0.0.1-SNAPSHOT-bak/edu/jiangxin/random/RandomEmail.class is: 45.3
2023-02-01 21:05:06,561 [main] INFO  edu.jiangxin.apktoolbox.file.core.ClassVersionTools - The version of /home/gabsko/breaking-updates/target/test-classes/ClassVersionTest/TextTools-0.0.1-SNAPSHOT-bak/edu/jiangxin/random/ExtraRandom.class is: 45.3
2023-02-01 21:05:06,561 [main] INFO  edu.jiangxin.apktoolbox.file.core.ClassVersionTools - The version of /home/gabsko/breaking-updates/target/test-classes/ClassVersionTest/TextTools-0.0.1-SNAPSHOT-bak/edu/jiangxin/random/RandomChinese.class is: 45.3
2023-02-01 21:05:06,561 [main] INFO  edu.jiangxin.apktoolbox.file.core.ClassVersionTools - The version of /home/gabsko/breaking-updates/target/test-classes/ClassVersionTest/TextTools-0.0.1-SNAPSHOT-bak/edu/jiangxin/random/RandomDateTime.class is: 45.3
2023-02-01 21:05:06,561 [main] INFO  edu.jiangxin.apktoolbox.file.core.ClassVersionTools - The version of /home/gabsko/breaking-updates/target/test-classes/ClassVersionTest/TextTools-0.0.1-SNAPSHOT-bak/edu/jiangxin/random/RandomPhoneNum.class is: 45.3
2023-02-01 21:05:06,561 [main] INFO  edu.jiangxin.apktoolbox.file.core.ClassVersionTools - The version of /home/gabsko/breaking-updates/target/test-classes/ClassVersionTest/TextTools-0.0.1-SNAPSHOT-bak/edu/jiangxin/main/Main.class is: 45.3
2023-02-01 21:05:06,562 [main] INFO  edu.jiangxin.apktoolbox.file.core.ClassVersionTools - The version of /home/gabsko/breaking-updates/target/test-classes/ClassVersionTest/TextTools-0.0.1-SNAPSHOT-bak/edu/jiangxin/tools/IdeologicalReport.class is: 45.3
2023-02-01 21:05:06,562 [main] INFO  edu.jiangxin.apktoolbox.file.core.ClassVersionTools - The version of /home/gabsko/breaking-updates/target/test-classes/ClassVersionTest/TextTools-0.0.1-SNAPSHOT-bak/edu/jiangxin/tools/Coordinate.class is: 45.3
2023-02-01 21:05:06,562 [main] INFO  edu.jiangxin.apktoolbox.file.core.ClassVersionTools - The version of /home/gabsko/breaking-updates/target/test-classes/ClassVersionTest/TextTools-0.0.1-SNAPSHOT-bak/edu/jiangxin/common/FileProcess.class is: 45.3
2023-02-01 21:05:06,562 [main] INFO  edu.jiangxin.apktoolbox.file.core.ClassVersionTools - The version of /home/gabsko/breaking-updates/target/test-classes/ClassVersionTest/TextTools-0.0.1-SNAPSHOT-bak/edu/jiangxin/common/OSPatternConvert.class is: 45.3
2023-02-01 21:05:06,562 [main] INFO  edu.jiangxin.apktoolbox.file.core.ClassVersionTools - The version of /home/gabsko/breaking-updates/target/test-classes/ClassVersionTest/TextTools-0.0.1-SNAPSHOT-bak/edu/jiangxin/common/FileFilterWrapper$1.class is: 45.3
2023-02-01 21:05:06,562 [main] INFO  edu.jiangxin.apktoolbox.file.core.ClassVersionTools - The version of /home/gabsko/breaking-updates/target/test-classes/ClassVersionTest/TextTools-0.0.1-SNAPSHOT-bak/edu/jiangxin/common/LineCount.class is: 45.3
2023-02-01 21:05:06,563 [main] INFO  edu.jiangxin.apktoolbox.file.core.ClassVersionTools - The version of /home/gabsko/breaking-updates/target/test-classes/ClassVersionTest/TextTools-0.0.1-SNAPSHOT-bak/edu/jiangxin/common/Recovery.class is: 45.3
2023-02-01 21:05:06,563 [main] INFO  edu.jiangxin.apktoolbox.file.core.ClassVersionTools - The version of /home/gabsko/breaking-updates/target/test-classes/ClassVersionTest/TextTools-0.0.1-SNAPSHOT-bak/edu/jiangxin/common/Backup.class is: 45.3
2023-02-01 21:05:06,563 [main] INFO  edu.jiangxin.apktoolbox.file.core.ClassVersionTools - The version of /home/gabsko/breaking-updates/target/test-classes/ClassVersionTest/TextTools-0.0.1-SNAPSHOT-bak/edu/jiangxin/common/FileFilterWrapper$3.class is: 45.3
2023-02-01 21:05:06,563 [main] INFO  edu.jiangxin.apktoolbox.file.core.ClassVersionTools - The version of /home/gabsko/breaking-updates/target/test-classes/ClassVersionTest/TextTools-0.0.1-SNAPSHOT-bak/edu/jiangxin/common/ClassVersionTools.class is: 45.3
2023-02-01 21:05:06,563 [main] INFO  edu.jiangxin.apktoolbox.file.core.ClassVersionTools - The version of /home/gabsko/breaking-updates/target/test-classes/ClassVersionTest/TextTools-0.0.1-SNAPSHOT-bak/edu/jiangxin/common/FileFilterWrapper.class is: 45.3
2023-02-01 21:05:06,563 [main] INFO  edu.jiangxin.apktoolbox.file.core.ClassVersionTools - The version of /home/gabsko/breaking-updates/target/test-classes/ClassVersionTest/TextTools-0.0.1-SNAPSHOT-bak/edu/jiangxin/common/RemoveComments.class is: 45.3
2023-02-01 21:05:06,564 [main] INFO  edu.jiangxin.apktoolbox.file.core.ClassVersionTools - The version of /home/gabsko/breaking-updates/target/test-classes/ClassVersionTest/TextTools-0.0.1-SNAPSHOT-bak/edu/jiangxin/common/FileFilterWrapper$2.class is: 45.3
2023-02-01 21:05:06,564 [main] INFO  edu.jiangxin.apktoolbox.file.core.ClassVersionTools - The version of /home/gabsko/breaking-updates/target/test-classes/ClassVersionTest/TextTools-0.0.1-SNAPSHOT-bak/edu/jiangxin/common/RemoveComments$model.class is: 45.3
2023-02-01 21:05:06,564 [main] INFO  edu.jiangxin.apktoolbox.file.core.ClassVersionTools - The version of /home/gabsko/breaking-updates/target/test-classes/ClassVersionTest/TextTools-0.0.1-SNAPSHOT-bak/edu/jiangxin/common/ReName.class is: 45.3
2023-02-01 21:05:06,564 [main] INFO  edu.jiangxin.apktoolbox.file.core.ClassVersionTools - The version of /home/gabsko/breaking-updates/target/test-classes/ClassVersionTest/TextTools-0.0.1-SNAPSHOT-bak/edu/jiangxin/jar/FindStrInJar.class is: 45.3
2023-02-01 21:05:06,564 [main] INFO  edu.jiangxin.apktoolbox.file.core.ClassVersionTools - The version of /home/gabsko/breaking-updates/target/test-classes/ClassVersionTest/TextTools-0.0.1-SNAPSHOT-bak/edu/jiangxin/encode/EncoderConvert.class is: 45.3
2023-02-01 21:05:06,565 [main] INFO  edu.jiangxin.apktoolbox.file.core.ClassVersionTools - The version of /home/gabsko/breaking-updates/target/test-classes/ClassVersionTest/TextTools-0.0.1-SNAPSHOT-bak/edu/jiangxin/encode/EncoderDetector.class is: 45.3
2023-02-01 21:05:06,572 [main] INFO  edu.jiangxin.apktoolbox.file.core.ClassVersionTools - The version of /home/gabsko/breaking-updates/target/test-classes/ClassVersionTest/TextTools-0.0.1-SNAPSHOT/edu/jiangxin/random/RandomEmail.class is: 51.0
2023-02-01 21:05:06,572 [main] INFO  edu.jiangxin.apktoolbox.file.core.ClassVersionTools - The version of /home/gabsko/breaking-updates/target/test-classes/ClassVersionTest/TextTools-0.0.1-SNAPSHOT/edu/jiangxin/random/ExtraRandom.class is: 51.0
2023-02-01 21:05:06,572 [main] INFO  edu.jiangxin.apktoolbox.file.core.ClassVersionTools - The version of /home/gabsko/breaking-updates/target/test-classes/ClassVersionTest/TextTools-0.0.1-SNAPSHOT/edu/jiangxin/random/RandomChinese.class is: 51.0
2023-02-01 21:05:06,573 [main] INFO  edu.jiangxin.apktoolbox.file.core.ClassVersionTools - The version of /home/gabsko/breaking-updates/target/test-classes/ClassVersionTest/TextTools-0.0.1-SNAPSHOT/edu/jiangxin/random/RandomDateTime.class is: 51.0
2023-02-01 21:05:06,573 [main] INFO  edu.jiangxin.apktoolbox.file.core.ClassVersionTools - The version of /home/gabsko/breaking-updates/target/test-classes/ClassVersionTest/TextTools-0.0.1-SNAPSHOT/edu/jiangxin/random/RandomPhoneNum.class is: 51.0
2023-02-01 21:05:06,573 [main] INFO  edu.jiangxin.apktoolbox.file.core.ClassVersionTools - The version of /home/gabsko/breaking-updates/target/test-classes/ClassVersionTest/TextTools-0.0.1-SNAPSHOT/edu/jiangxin/main/Main.class is: 51.0
2023-02-01 21:05:06,573 [main] INFO  edu.jiangxin.apktoolbox.file.core.ClassVersionTools - The version of /home/gabsko/breaking-updates/target/test-classes/ClassVersionTest/TextTools-0.0.1-SNAPSHOT/edu/jiangxin/tools/IdeologicalReport.class is: 51.0
2023-02-01 21:05:06,573 [main] INFO  edu.jiangxin.apktoolbox.file.core.ClassVersionTools - The version of /home/gabsko/breaking-updates/target/test-classes/ClassVersionTest/TextTools-0.0.1-SNAPSHOT/edu/jiangxin/tools/Coordinate.class is: 51.0
2023-02-01 21:05:06,573 [main] INFO  edu.jiangxin.apktoolbox.file.core.ClassVersionTools - The version of /home/gabsko/breaking-updates/target/test-classes/ClassVersionTest/TextTools-0.0.1-SNAPSHOT/edu/jiangxin/common/FileProcess.class is: 51.0
2023-02-01 21:05:06,574 [main] INFO  edu.jiangxin.apktoolbox.file.core.ClassVersionTools - The version of /home/gabsko/breaking-updates/target/test-classes/ClassVersionTest/TextTools-0.0.1-SNAPSHOT/edu/jiangxin/common/OSPatternConvert.class is: 51.0
2023-02-01 21:05:06,574 [main] INFO  edu.jiangxin.apktoolbox.file.core.ClassVersionTools - The version of /home/gabsko/breaking-updates/target/test-classes/ClassVersionTest/TextTools-0.0.1-SNAPSHOT/edu/jiangxin/common/FileFilterWrapper$1.class is: 51.0
2023-02-01 21:05:06,574 [main] INFO  edu.jiangxin.apktoolbox.file.core.ClassVersionTools - The version of /home/gabsko/breaking-updates/target/test-classes/ClassVersionTest/TextTools-0.0.1-SNAPSHOT/edu/jiangxin/common/LineCount.class is: 51.0
2023-02-01 21:05:06,574 [main] INFO  edu.jiangxin.apktoolbox.file.core.ClassVersionTools - The version of /home/gabsko/breaking-updates/target/test-classes/ClassVersionTest/TextTools-0.0.1-SNAPSHOT/edu/jiangxin/common/Recovery.class is: 51.0
2023-02-01 21:05:06,574 [main] INFO  edu.jiangxin.apktoolbox.file.core.ClassVersionTools - The version of /home/gabsko/breaking-updates/target/test-classes/ClassVersionTest/TextTools-0.0.1-SNAPSHOT/edu/jiangxin/common/Backup.class is: 51.0
2023-02-01 21:05:06,574 [main] INFO  edu.jiangxin.apktoolbox.file.core.ClassVersionTools - The version of /home/gabsko/breaking-updates/target/test-classes/ClassVersionTest/TextTools-0.0.1-SNAPSHOT/edu/jiangxin/common/FileFilterWrapper$3.class is: 51.0
2023-02-01 21:05:06,575 [main] INFO  edu.jiangxin.apktoolbox.file.core.ClassVersionTools - The version of /home/gabsko/breaking-updates/target/test-classes/ClassVersionTest/TextTools-0.0.1-SNAPSHOT/edu/jiangxin/common/ClassVersionTools.class is: 51.0
2023-02-01 21:05:06,575 [main] INFO  edu.jiangxin.apktoolbox.file.core.ClassVersionTools - The version of /home/gabsko/breaking-updates/target/test-classes/ClassVersionTest/TextTools-0.0.1-SNAPSHOT/edu/jiangxin/common/FileFilterWrapper.class is: 51.0
2023-02-01 21:05:06,575 [main] INFO  edu.jiangxin.apktoolbox.file.core.ClassVersionTools - The version of /home/gabsko/breaking-updates/target/test-classes/ClassVersionTest/TextTools-0.0.1-SNAPSHOT/edu/jiangxin/common/RemoveComments.class is: 51.0
2023-02-01 21:05:06,575 [main] INFO  edu.jiangxin.apktoolbox.file.core.ClassVersionTools - The version of /home/gabsko/breaking-updates/target/test-classes/ClassVersionTest/TextTools-0.0.1-SNAPSHOT/edu/jiangxin/common/FileFilterWrapper$2.class is: 51.0
2023-02-01 21:05:06,575 [main] INFO  edu.jiangxin.apktoolbox.file.core.ClassVersionTools - The version of /home/gabsko/breaking-updates/target/test-classes/ClassVersionTest/TextTools-0.0.1-SNAPSHOT/edu/jiangxin/common/RemoveComments$model.class is: 51.0
2023-02-01 21:05:06,575 [main] INFO  edu.jiangxin.apktoolbox.file.core.ClassVersionTools - The version of /home/gabsko/breaking-updates/target/test-classes/ClassVersionTest/TextTools-0.0.1-SNAPSHOT/edu/jiangxin/common/ReName.class is: 51.0
2023-02-01 21:05:06,576 [main] INFO  edu.jiangxin.apktoolbox.file.core.ClassVersionTools - The version of /home/gabsko/breaking-updates/target/test-classes/ClassVersionTest/TextTools-0.0.1-SNAPSHOT/edu/jiangxin/jar/FindStrInJar.class is: 51.0
2023-02-01 21:05:06,576 [main] INFO  edu.jiangxin.apktoolbox.file.core.ClassVersionTools - The version of /home/gabsko/breaking-updates/target/test-classes/ClassVersionTest/TextTools-0.0.1-SNAPSHOT/edu/jiangxin/encode/EncoderConvert.class is: 51.0
2023-02-01 21:05:06,576 [main] INFO  edu.jiangxin.apktoolbox.file.core.ClassVersionTools - The version of /home/gabsko/breaking-updates/target/test-classes/ClassVersionTest/TextTools-0.0.1-SNAPSHOT/edu/jiangxin/encode/EncoderDetector.class is: 51.0
[INFO] Tests run: 2, Failures: 0, Errors: 0, Skipped: 0, Time elapsed: 0.092 s - in edu.jiangxin.common.ClassVersionToolsTest
[INFO] Running edu.jiangxin.apktoolbox.convert.color.ColorUtilsTest
[INFO] Tests run: 4, Failures: 0, Errors: 0, Skipped: 0, Time elapsed: 0.002 s - in edu.jiangxin.apktoolbox.convert.color.ColorUtilsTest
[INFO] Running edu.jiangxin.encode.EncoderConvertTest
2023-02-01 21:05:06,719 [main] INFO  EncoderDetector - cpDetector: UTF-8, universalDetector: UTF-8
2023-02-01 21:05:06,816 [main] INFO  EncoderDetector - cpDetector: UTF-8, universalDetector: UTF-8
/home/gabsko/breaking-updates/target/test-classes/EncoderConvertTest/test/UTF-8-01.txt
/home/gabsko/breaking-updates/target/test-classes/EncoderConvertTest/testResult/UTF-8-01.txt
转换完成！
转换完成！
/home/gabsko/breaking-updates/target/test-classes/EncoderConvertTest/test/UTF-8-02.txt
/home/gabsko/breaking-updates/target/test-classes/EncoderConvertTest/testResult/UTF-8-02.txt
转换完成！
转换完成！
2023-02-01 21:05:06,891 [main] WARN  EncoderDetector - cpDetector: GB2312, universalDetector: GB18030
2023-02-01 21:05:06,908 [main] WARN  EncoderDetector - cpDetector: GB2312, universalDetector: GB18030
转换完成！
2023-02-01 21:05:06,926 [main] WARN  EncoderDetector - cpDetector: Big5, universalDetector: GB18030
2023-02-01 21:05:06,938 [main] INFO  EncoderDetector - cpDetector: UTF-8, universalDetector: UTF-8
2023-02-01 21:05:06,956 [main] WARN  EncoderDetector - cpDetector: Big5, universalDetector: GB18030
[INFO] Tests run: 4, Failures: 0, Errors: 0, Skipped: 0, Time elapsed: 0.361 s - in edu.jiangxin.encode.EncoderConvertTest
[INFO] 
[INFO] Results:
[INFO] 
[INFO] Tests run: 15, Failures: 0, Errors: 0, Skipped: 0
[INFO] 
[INFO] ------------------------------------------------------------------------
[INFO] BUILD SUCCESS
[INFO] ------------------------------------------------------------------------
[INFO] Total time:  8.734 s
[INFO] Finished at: 2023-02-01T21:05:07Z
[INFO] ------------------------------------------------------------------------
