[INFO] Scanning for projects...
[INFO] 
[INFO] ------------------< org.apache.commons:commons-ognl >-------------------
[INFO] Building Apache Commons OGNL - Object Graph Navigation Library 4.0-SNAPSHOT
[INFO] --------------------------------[ jar ]---------------------------------
[INFO] 
[INFO] --- maven-clean-plugin:3.1.0:clean (default-clean) @ commons-ognl ---
[INFO] Deleting /home/gabsko/breaking-updates/target
[INFO] 
[INFO] --- maven-enforcer-plugin:3.0.0-M3:enforce (enforce-maven-version) @ commons-ognl ---
[INFO] 
[INFO] --- maven-enforcer-plugin:3.0.0-M3:enforce (enforce-maven-3) @ commons-ognl ---
[INFO] 
[INFO] --- apache-rat-plugin:0.13:check (rat-check) @ commons-ognl ---
[INFO] Enabled default license matchers.
[INFO] Will parse SCM ignores for exclusions...
[INFO] Parsing exclusions from /home/gabsko/breaking-updates/.gitignore
[INFO] Finished adding exclusions from SCM ignore files.
[INFO] 68 implicit excludes (use -debug for more details).
[INFO] 9 explicit excludes (use -debug for more details).
[INFO] 327 resources included (use -debug for more details)
[INFO] Rat check: Summary over all files. Unapproved: 0, unknown: 0, generated: 0, approved: 322 licenses.
[INFO] 
[INFO] --- build-helper-maven-plugin:3.2.0:parse-version (parse-version) @ commons-ognl ---
[INFO] 
[INFO] --- javacc-maven-plugin:2.6:javacc (ognl-jjtree) @ commons-ognl ---
Java Compiler Compiler Version 5.0 (Parser Generator)
(type "javacc" with no arguments for help)
Reading from file /home/gabsko/breaking-updates/src/main/javacc/ognl.jj . . .
Note: UNICODE_INPUT option is specified. Please make sure you create the parser/lexer using a Reader with the correct character encoding.
File "TokenMgrError.java" does not exist.  Will create one.
File "ParseException.java" does not exist.  Will create one.
File "Token.java" does not exist.  Will create one.
File "JavaCharStream.java" does not exist.  Will create one.
Parser generated successfully.
[INFO] Processed 1 grammar
[INFO] 
[INFO] --- maven-antrun-plugin:1.8:run (javadoc.resources) @ commons-ognl ---
[INFO] Executing tasks

main:
     [copy] Copying 2 files to /home/gabsko/breaking-updates/target/apidocs/META-INF
[INFO] Executed tasks
[INFO] 
[INFO] --- maven-remote-resources-plugin:1.7.0:process (process-resource-bundles) @ commons-ognl ---
[INFO] Skipping remote resources execution.
[INFO] 
[INFO] --- buildnumber-maven-plugin:1.4:create (default) @ commons-ognl ---
[INFO] Executing: /bin/sh -c cd '/home/gabsko/breaking-updates' && 'git' 'rev-parse' '--verify' 'HEAD'
[INFO] Working directory: /home/gabsko/breaking-updates
[INFO] Storing buildNumber: 5f9dcfa1f2bc54be1f168b5880942005f85006b9 at timestamp: 1675260927938
[INFO] Storing buildScmBranch: branch-apache/commons-ognl-5f9dcfa1f2bc54be1f168b5880942005f85006b9
[INFO] 
[INFO] --- maven-resources-plugin:3.1.0:resources (default-resources) @ commons-ognl ---
[INFO] Using 'UTF-8' encoding to copy filtered resources.
[INFO] skip non existing resourceDirectory /home/gabsko/breaking-updates/src/main/resources
[INFO] Copying 2 resources to META-INF
[INFO] 
[INFO] --- maven-compiler-plugin:3.8.1:compile (default-compile) @ commons-ognl ---
[INFO] Changes detected - recompiling the module!
[INFO] Compiling 162 source files to /home/gabsko/breaking-updates/target/classes
[INFO] /home/gabsko/breaking-updates/src/main/java/org/apache/commons/ognl/ASTMap.java: Some input files use or override a deprecated API.
[INFO] /home/gabsko/breaking-updates/src/main/java/org/apache/commons/ognl/ASTMap.java: Recompile with -Xlint:deprecation for details.
[INFO] /home/gabsko/breaking-updates/src/main/java/org/apache/commons/ognl/ASTList.java: Some input files use unchecked or unsafe operations.
[INFO] /home/gabsko/breaking-updates/src/main/java/org/apache/commons/ognl/ASTList.java: Recompile with -Xlint:unchecked for details.
[INFO] 
[INFO] --- maven-bundle-plugin:5.1.1:manifest (bundle-manifest) @ commons-ognl ---
[INFO] 
[INFO] --- maven-compiler-plugin:3.8.1:testCompile (compile-tests) @ commons-ognl ---
[INFO] Changes detected - recompiling the module!
[INFO] Compiling 133 source files to /home/gabsko/breaking-updates/target/test-classes
[INFO] /home/gabsko/breaking-updates/src/test/java/org/apache/commons/ognl/internal/ConstructorCacheTest.java: Some input files use or override a deprecated API.
[INFO] /home/gabsko/breaking-updates/src/test/java/org/apache/commons/ognl/internal/ConstructorCacheTest.java: Recompile with -Xlint:deprecation for details.
[INFO] /home/gabsko/breaking-updates/src/test/java/org/apache/commons/ognl/test/objects/Root.java: Some input files use unchecked or unsafe operations.
[INFO] /home/gabsko/breaking-updates/src/test/java/org/apache/commons/ognl/test/objects/Root.java: Recompile with -Xlint:unchecked for details.
[INFO] 
[INFO] --- maven-resources-plugin:3.1.0:testResources (default-testResources) @ commons-ognl ---
[INFO] Using 'UTF-8' encoding to copy filtered resources.
[INFO] skip non existing resourceDirectory /home/gabsko/breaking-updates/src/test/resources
[INFO] Copying 2 resources to META-INF
[INFO] 
[INFO] --- maven-compiler-plugin:3.8.1:testCompile (default-testCompile) @ commons-ognl ---
[INFO] Changes detected - recompiling the module!
[INFO] Compiling 133 source files to /home/gabsko/breaking-updates/target/test-classes
[INFO] /home/gabsko/breaking-updates/src/test/java/org/apache/commons/ognl/internal/ConstructorCacheTest.java: Some input files use or override a deprecated API.
[INFO] /home/gabsko/breaking-updates/src/test/java/org/apache/commons/ognl/internal/ConstructorCacheTest.java: Recompile with -Xlint:deprecation for details.
[INFO] /home/gabsko/breaking-updates/src/test/java/org/apache/commons/ognl/test/objects/Root.java: Some input files use unchecked or unsafe operations.
[INFO] /home/gabsko/breaking-updates/src/test/java/org/apache/commons/ognl/test/objects/Root.java: Recompile with -Xlint:unchecked for details.
[INFO] 
[INFO] --- animal-sniffer-maven-plugin:1.19:check (checkAPIcompatibility) @ commons-ognl ---
[INFO] Checking unresolved references to org.codehaus.mojo.signature:java18:1.0
[INFO] 
[INFO] --- maven-surefire-plugin:2.22.2:test (default-test) @ commons-ognl ---
[INFO] 
[INFO] -------------------------------------------------------
[INFO]  T E S T S
[INFO] -------------------------------------------------------
[INFO] Running org.apache.commons.ognl.InExpressionTest
[INFO] Tests run: 1, Failures: 0, Errors: 0, Skipped: 0, Time elapsed: 0.039 s - in org.apache.commons.ognl.InExpressionTest
[INFO] Running org.apache.commons.ognl.TestOgnlRuntime
public void org.apache.commons.ognl.TestOgnlRuntime$GenericParent.save(java.lang.Object)
[INFO] Tests run: 23, Failures: 0, Errors: 0, Skipped: 0, Time elapsed: 0.147 s - in org.apache.commons.ognl.TestOgnlRuntime
[INFO] Running org.apache.commons.ognl.test.MethodWithConversionTest
[INFO] Tests run: 7, Failures: 0, Errors: 0, Skipped: 0, Time elapsed: 0.065 s - in org.apache.commons.ognl.test.MethodWithConversionTest
[INFO] Running org.apache.commons.ognl.test.LambdaExpressionTest
[INFO] Tests run: 6, Failures: 0, Errors: 0, Skipped: 0, Time elapsed: 0.019 s - in org.apache.commons.ognl.test.LambdaExpressionTest
[INFO] Running org.apache.commons.ognl.test.GenericsTest
[INFO] Tests run: 1, Failures: 0, Errors: 0, Skipped: 0, Time elapsed: 0.006 s - in org.apache.commons.ognl.test.GenericsTest
[INFO] Running org.apache.commons.ognl.test.NullHandlerTest
[INFO] Tests run: 4, Failures: 0, Errors: 0, Skipped: 0, Time elapsed: 0.004 s - in org.apache.commons.ognl.test.NullHandlerTest
[INFO] Running org.apache.commons.ognl.test.PrivateAccessorTest
[INFO] Tests run: 9, Failures: 0, Errors: 0, Skipped: 0, Time elapsed: 0.005 s - in org.apache.commons.ognl.test.PrivateAccessorTest
[INFO] Running org.apache.commons.ognl.test.ShortCircuitingExpressionTest
[INFO] Tests run: 8, Failures: 0, Errors: 0, Skipped: 0, Time elapsed: 0.015 s - in org.apache.commons.ognl.test.ShortCircuitingExpressionTest
[INFO] Running org.apache.commons.ognl.test.enhance.TestExpressionCompiler
[INFO] Tests run: 12, Failures: 0, Errors: 0, Skipped: 0, Time elapsed: 0.038 s - in org.apache.commons.ognl.test.enhance.TestExpressionCompiler
[INFO] Running org.apache.commons.ognl.test.MemberAccessTest
[INFO] Tests run: 6, Failures: 0, Errors: 0, Skipped: 0, Time elapsed: 0.014 s - in org.apache.commons.ognl.test.MemberAccessTest
[INFO] Running org.apache.commons.ognl.test.ObjectIndexedPropertyTest
[INFO] Tests run: 9, Failures: 0, Errors: 0, Skipped: 0, Time elapsed: 0.019 s - in org.apache.commons.ognl.test.ObjectIndexedPropertyTest
[INFO] Running org.apache.commons.ognl.test.InterfaceInheritanceTest
[INFO] Tests run: 22, Failures: 0, Errors: 0, Skipped: 0, Time elapsed: 0.053 s - in org.apache.commons.ognl.test.InterfaceInheritanceTest
[INFO] Running org.apache.commons.ognl.test.PropertyTest
[INFO] Tests run: 68, Failures: 0, Errors: 0, Skipped: 0, Time elapsed: 0.145 s - in org.apache.commons.ognl.test.PropertyTest
[INFO] Running org.apache.commons.ognl.test.ArrayElementsTest
[INFO] Tests run: 11, Failures: 0, Errors: 0, Skipped: 0, Time elapsed: 0.01 s - in org.apache.commons.ognl.test.ArrayElementsTest
[INFO] Running org.apache.commons.ognl.test.accessors.ListPropertyAccessorTest
[INFO] Tests run: 3, Failures: 0, Errors: 0, Skipped: 0, Time elapsed: 0 s - in org.apache.commons.ognl.test.accessors.ListPropertyAccessorTest
[INFO] Running org.apache.commons.ognl.test.NullStringCatenationTest
[INFO] Tests run: 10, Failures: 0, Errors: 0, Skipped: 0, Time elapsed: 0.012 s - in org.apache.commons.ognl.test.NullStringCatenationTest
[INFO] Running org.apache.commons.ognl.test.SetterWithConversionTest
[INFO] Tests run: 9, Failures: 0, Errors: 0, Skipped: 0, Time elapsed: 0.014 s - in org.apache.commons.ognl.test.SetterWithConversionTest
[INFO] Running org.apache.commons.ognl.test.MapCreationTest
[INFO] Tests run: 5, Failures: 0, Errors: 0, Skipped: 0, Time elapsed: 0.003 s - in org.apache.commons.ognl.test.MapCreationTest
[INFO] Running org.apache.commons.ognl.test.MethodTest
[INFO] Tests run: 13, Failures: 0, Errors: 0, Skipped: 0, Time elapsed: 0.015 s - in org.apache.commons.ognl.test.MethodTest
[INFO] Running org.apache.commons.ognl.test.OperatorTest
[INFO] Tests run: 15, Failures: 0, Errors: 0, Skipped: 0, Time elapsed: 0.007 s - in org.apache.commons.ognl.test.OperatorTest
[INFO] Running org.apache.commons.ognl.test.ClassMethodTest
[INFO] Tests run: 6, Failures: 0, Errors: 0, Skipped: 0, Time elapsed: 0.01 s - in org.apache.commons.ognl.test.ClassMethodTest
[INFO] Running org.apache.commons.ognl.test.SimpleNavigationChainTreeTest
[INFO] Tests run: 4, Failures: 0, Errors: 0, Skipped: 0, Time elapsed: 0 s - in org.apache.commons.ognl.test.SimpleNavigationChainTreeTest
[INFO] Running org.apache.commons.ognl.test.SimplePropertyTreeTest
[INFO] Tests run: 8, Failures: 0, Errors: 0, Skipped: 0, Time elapsed: 0.005 s - in org.apache.commons.ognl.test.SimplePropertyTreeTest
[INFO] Running org.apache.commons.ognl.test.ContextVariableTest
[INFO] Tests run: 4, Failures: 0, Errors: 0, Skipped: 0, Time elapsed: 0 s - in org.apache.commons.ognl.test.ContextVariableTest
[INFO] Running org.apache.commons.ognl.test.NumericConversionTest
[INFO] Tests run: 110, Failures: 0, Errors: 0, Skipped: 0, Time elapsed: 0.012 s - in org.apache.commons.ognl.test.NumericConversionTest
[INFO] Running org.apache.commons.ognl.test.PropertyNotFoundTest
[INFO] Tests run: 1, Failures: 0, Errors: 0, Skipped: 0, Time elapsed: 0 s - in org.apache.commons.ognl.test.PropertyNotFoundTest
[INFO] Running org.apache.commons.ognl.test.ConstantTreeTest
[INFO] Tests run: 12, Failures: 0, Errors: 0, Skipped: 0, Time elapsed: 0.035 s - in org.apache.commons.ognl.test.ConstantTreeTest
[INFO] Running org.apache.commons.ognl.test.IndexAccessTest
[INFO] Tests run: 18, Failures: 0, Errors: 0, Skipped: 0, Time elapsed: 0.046 s - in org.apache.commons.ognl.test.IndexAccessTest
[INFO] Running org.apache.commons.ognl.test.NestedMethodTest
[INFO] Tests run: 2, Failures: 0, Errors: 0, Skipped: 0, Time elapsed: 0.014 s - in org.apache.commons.ognl.test.NestedMethodTest
[INFO] Running org.apache.commons.ognl.test.ASTChainTest
[INFO] Tests run: 1, Failures: 0, Errors: 0, Skipped: 0, Time elapsed: 0.003 s - in org.apache.commons.ognl.test.ASTChainTest
[INFO] Running org.apache.commons.ognl.test.PrimitiveNullHandlingTest
[INFO] Tests run: 4, Failures: 0, Errors: 0, Skipped: 0, Time elapsed: 0.003 s - in org.apache.commons.ognl.test.PrimitiveNullHandlingTest
[INFO] Running org.apache.commons.ognl.test.ArrayCreationTest
[INFO] Tests run: 12, Failures: 0, Errors: 0, Skipped: 0, Time elapsed: 0.01 s - in org.apache.commons.ognl.test.ArrayCreationTest
[INFO] Running org.apache.commons.ognl.test.PropertyArithmeticAndLogicalOperatorsTest
[INFO] Tests run: 22, Failures: 0, Errors: 0, Skipped: 0, Time elapsed: 0.023 s - in org.apache.commons.ognl.test.PropertyArithmeticAndLogicalOperatorsTest
[INFO] Running org.apache.commons.ognl.test.NumberFormatExceptionTest
[INFO] Tests run: 15, Failures: 0, Errors: 0, Skipped: 0, Time elapsed: 0.008 s - in org.apache.commons.ognl.test.NumberFormatExceptionTest
[INFO] Running org.apache.commons.ognl.test.ObjectIndexedTest
[INFO] Tests run: 6, Failures: 0, Errors: 0, Skipped: 0, Time elapsed: 0.011 s - in org.apache.commons.ognl.test.ObjectIndexedTest
[INFO] Running org.apache.commons.ognl.test.ASTMethodTest
[INFO] Tests run: 1, Failures: 0, Errors: 0, Skipped: 0, Time elapsed: 0.001 s - in org.apache.commons.ognl.test.ASTMethodTest
[INFO] Running org.apache.commons.ognl.test.ProjectionSelectionTest
[INFO] Tests run: 6, Failures: 0, Errors: 0, Skipped: 0, Time elapsed: 0.004 s - in org.apache.commons.ognl.test.ProjectionSelectionTest
[INFO] Running org.apache.commons.ognl.test.PropertySetterTest
[INFO] Tests run: 1, Failures: 0, Errors: 0, Skipped: 0, Time elapsed: 0.003 s - in org.apache.commons.ognl.test.PropertySetterTest
[INFO] Running org.apache.commons.ognl.test.PrivateMemberTest
[INFO] Tests run: 2, Failures: 0, Errors: 0, Skipped: 0, Time elapsed: 0 s - in org.apache.commons.ognl.test.PrivateMemberTest
[INFO] Running org.apache.commons.ognl.test.ArithmeticAndLogicalOperatorsTest
[INFO] Tests run: 118, Failures: 0, Errors: 0, Skipped: 0, Time elapsed: 0.052 s - in org.apache.commons.ognl.test.ArithmeticAndLogicalOperatorsTest
[INFO] Running org.apache.commons.ognl.test.CollectionDirectPropertyTest
[INFO] Tests run: 16, Failures: 0, Errors: 0, Skipped: 0, Time elapsed: 0.011 s - in org.apache.commons.ognl.test.CollectionDirectPropertyTest
[INFO] Running org.apache.commons.ognl.test.ASTPropertyTest
[INFO] Tests run: 10, Failures: 0, Errors: 0, Skipped: 0, Time elapsed: 0.005 s - in org.apache.commons.ognl.test.ASTPropertyTest
[INFO] Running org.apache.commons.ognl.test.PrimitiveArrayTest
[INFO] Tests run: 14, Failures: 0, Errors: 0, Skipped: 0, Time elapsed: 0.009 s - in org.apache.commons.ognl.test.PrimitiveArrayTest
[INFO] Running org.apache.commons.ognl.test.ConstantTest
[INFO] Tests run: 26, Failures: 0, Errors: 0, Skipped: 0, Time elapsed: 0.017 s - in org.apache.commons.ognl.test.ConstantTest
[INFO] Running org.apache.commons.ognl.test.SetterTest
[INFO] Tests run: 22, Failures: 0, Errors: 0, Skipped: 0, Time elapsed: 0.034 s - in org.apache.commons.ognl.test.SetterTest
[INFO] Running org.apache.commons.ognl.test.StaticsAndConstructorsTest
[INFO] Tests run: 22, Failures: 0, Errors: 0, Skipped: 0, Time elapsed: 0.028 s - in org.apache.commons.ognl.test.StaticsAndConstructorsTest
[INFO] Running org.apache.commons.ognl.test.InheritedMethodsTest
[INFO] Tests run: 1, Failures: 0, Errors: 0, Skipped: 0, Time elapsed: 0.001 s - in org.apache.commons.ognl.test.InheritedMethodsTest
[INFO] Running org.apache.commons.ognl.test.IndexedPropertyTest
[INFO] Tests run: 17, Failures: 0, Errors: 0, Skipped: 0, Time elapsed: 0.015 s - in org.apache.commons.ognl.test.IndexedPropertyTest
[INFO] Running org.apache.commons.ognl.test.QuotingTest
[INFO] Tests run: 6, Failures: 0, Errors: 0, Skipped: 0, Time elapsed: 0.003 s - in org.apache.commons.ognl.test.QuotingTest
[INFO] Running org.apache.commons.ognl.test.ProtectedInnerClassTest
[INFO] Tests run: 2, Failures: 0, Errors: 0, Skipped: 0, Time elapsed: 0.002 s - in org.apache.commons.ognl.test.ProtectedInnerClassTest
[INFO] Running org.apache.commons.ognl.TestOgnlException
[INFO] Tests run: 1, Failures: 0, Errors: 0, Skipped: 0, Time elapsed: 0 s - in org.apache.commons.ognl.TestOgnlException
[INFO] Running org.apache.commons.ognl.internal.MethodAccessCacheTest
[INFO] Tests run: 3, Failures: 0, Errors: 0, Skipped: 0, Time elapsed: 0.002 s - in org.apache.commons.ognl.internal.MethodAccessCacheTest
[INFO] Running org.apache.commons.ognl.internal.FieldCacheTest
[INFO] Tests run: 1, Failures: 0, Errors: 0, Skipped: 0, Time elapsed: 0 s - in org.apache.commons.ognl.internal.FieldCacheTest
[INFO] Running org.apache.commons.ognl.internal.ConcurrentHashMapCacheTest
[INFO] Tests run: 1, Failures: 0, Errors: 0, Skipped: 0, Time elapsed: 0 s - in org.apache.commons.ognl.internal.ConcurrentHashMapCacheTest
[INFO] Running org.apache.commons.ognl.internal.ConstructorCacheTest
[INFO] Tests run: 1, Failures: 0, Errors: 0, Skipped: 0, Time elapsed: 0 s - in org.apache.commons.ognl.internal.ConstructorCacheTest
[INFO] Running org.apache.commons.ognl.internal.PermissionCacheTest
[INFO] Tests run: 1, Failures: 0, Errors: 0, Skipped: 0, Time elapsed: 0 s - in org.apache.commons.ognl.internal.PermissionCacheTest
[INFO] Running org.apache.commons.ognl.internal.PropertyDescriptorCacheTest
[INFO] Tests run: 1, Failures: 0, Errors: 0, Skipped: 0, Time elapsed: 0 s - in org.apache.commons.ognl.internal.PropertyDescriptorCacheTest
[INFO] Running org.apache.commons.ognl.internal.MethodPermCacheTest
[INFO] Tests run: 2, Failures: 0, Errors: 0, Skipped: 0, Time elapsed: 0 s - in org.apache.commons.ognl.internal.MethodPermCacheTest
[INFO] Running org.apache.commons.ognl.internal.GenericMethodParameterTypeCacheTest
[INFO] Tests run: 1, Failures: 0, Errors: 0, Skipped: 0, Time elapsed: 0 s - in org.apache.commons.ognl.internal.GenericMethodParameterTypeCacheTest
[INFO] Running org.apache.commons.ognl.internal.DeclaredMethodCacheTest
[INFO] Tests run: 2, Failures: 0, Errors: 0, Skipped: 0, Time elapsed: 0 s - in org.apache.commons.ognl.internal.DeclaredMethodCacheTest
[INFO] 
[INFO] Results:
[INFO] 
[INFO] Tests run: 745, Failures: 0, Errors: 0, Skipped: 0
[INFO] 
[INFO] ------------------------------------------------------------------------
[INFO] BUILD SUCCESS
[INFO] ------------------------------------------------------------------------
[INFO] Total time:  8.096 s
[INFO] Finished at: 2023-02-01T14:15:34Z
[INFO] ------------------------------------------------------------------------
