[INFO] Scanning for projects...
[INFO] 
[INFO] ---------------------< com.driver733:vk-uploader >----------------------
[INFO] Building vk-uploader 1.0-SNAPSHOT
[INFO] --------------------------------[ jar ]---------------------------------
[WARNING] The POM for org.glassfish.jaxb:jaxb-runtime:jar:2.2.11 is invalid, transitive dependencies (if any) will not be available, enable debug logging for more details
[INFO] 
[INFO] --- maven-clean-plugin:3.0.0:clean (default-clean) @ vk-uploader ---
[INFO] Deleting /home/gabsko/breaking-updates/target
[INFO] 
[INFO] --- maven-enforcer-plugin:1.4.1:enforce (enforce-maven) @ vk-uploader ---
[INFO] 
[INFO] --- buildnumber-maven-plugin:1.4:create (jcabi-build-number) @ vk-uploader ---
[INFO] ShortRevision tag detected. The value is '7'.
[INFO] Executing: /bin/sh -c cd '/home/gabsko/breaking-updates' && 'git' 'rev-parse' '--verify' '--short=7' 'HEAD'
[INFO] Working directory: /home/gabsko/breaking-updates
[INFO] Storing buildNumber: 60a2a83 at timestamp: 2023-02-05T02:42:48
[INFO] Storing buildScmBranch: branch-driver733/VK-Uploader-60a2a838ed7818f5d99ce24c3535b7cb54295571
[INFO] 
[INFO] --- buildnumber-maven-plugin:1.4:create-timestamp (jcabi-build-number) @ vk-uploader ---
[INFO] 
[INFO] --- jacoco-maven-plugin:0.8.5:prepare-agent (default) @ vk-uploader ---
[INFO] argLine set to -javaagent:/home/gabsko/.m2/repository/org/jacoco/org.jacoco.agent/0.8.5/org.jacoco.agent-0.8.5-runtime.jar=destfile=/home/gabsko/breaking-updates/target/jacoco.exec
[INFO] 
[INFO] --- properties-maven-plugin:1.0.0:write-project-properties (1) @ vk-uploader ---
[INFO] 
[INFO] --- maven-resources-plugin:3.0.1:resources (default-resources) @ vk-uploader ---
[INFO] Using 'UTF-8' encoding to copy filtered resources.
[INFO] Copying 2 resources
[INFO] 
[INFO] --- maven-compiler-plugin:3.7.0:compile (default-compile) @ vk-uploader ---
[INFO] Changes detected - recompiling the module!
[INFO] Compiling 110 source files to /home/gabsko/breaking-updates/target/classes
[WARNING] /home/gabsko/breaking-updates/src/main/java/com/driver733/vkuploader/wallpost/attachment/support/fields/AttachmentArrays.java:[66,24] found raw type: com.driver733.vkuploader.wallpost.attachment.Attachment
  missing type arguments for generic class com.driver733.vkuploader.wallpost.attachment.Attachment<T,R>
[WARNING] /home/gabsko/breaking-updates/src/main/java/com/driver733/vkuploader/wallpost/attachment/support/fields/AttachmentArrays.java:[84,15] found raw type: com.driver733.vkuploader.wallpost.attachment.Attachment
  missing type arguments for generic class com.driver733.vkuploader.wallpost.attachment.Attachment<T,R>
[WARNING] /home/gabsko/breaking-updates/src/main/java/com/driver733/vkuploader/wallpost/attachment/support/fields/AttachmentArrays.java:[96,20] found raw type: com.vk.api.sdk.client.AbstractQueryBuilder
  missing type arguments for generic class com.vk.api.sdk.client.AbstractQueryBuilder<T,R>
[WARNING] /home/gabsko/breaking-updates/src/main/java/com/driver733/vkuploader/wallpost/attachment/support/queries/QueriesFromAttachments.java:[49,24] found raw type: com.driver733.vkuploader.wallpost.attachment.Attachment
  missing type arguments for generic class com.driver733.vkuploader.wallpost.attachment.Attachment<T,R>
[WARNING] /home/gabsko/breaking-updates/src/main/java/com/driver733/vkuploader/wallpost/attachment/support/queries/QueriesFromAttachments.java:[55,46] found raw type: com.driver733.vkuploader.wallpost.attachment.Attachment
  missing type arguments for generic class com.driver733.vkuploader.wallpost.attachment.Attachment<T,R>
[WARNING] /home/gabsko/breaking-updates/src/main/java/com/driver733/vkuploader/wallpost/attachment/support/queries/QueriesFromAttachments.java:[61,17] found raw type: com.vk.api.sdk.client.AbstractQueryBuilder
  missing type arguments for generic class com.vk.api.sdk.client.AbstractQueryBuilder<T,R>
[WARNING] /home/gabsko/breaking-updates/src/main/java/com/driver733/vkuploader/wallpost/attachment/support/queries/QueriesFromAttachments.java:[62,20] found raw type: com.vk.api.sdk.client.AbstractQueryBuilder
  missing type arguments for generic class com.vk.api.sdk.client.AbstractQueryBuilder<T,R>
[WARNING] /home/gabsko/breaking-updates/src/main/java/com/driver733/vkuploader/wallpost/attachment/support/queries/QueriesFromAttachments.java:[64,20] found raw type: com.driver733.vkuploader.wallpost.attachment.Attachment
  missing type arguments for generic class com.driver733.vkuploader.wallpost.attachment.Attachment<T,R>
[WARNING] /home/gabsko/breaking-updates/src/main/java/com/driver733/vkuploader/wallpost/attachment/support/queries/QueriesFromAttachments.java:[65,24] found raw type: com.vk.api.sdk.client.AbstractQueryBuilder
  missing type arguments for generic class com.vk.api.sdk.client.AbstractQueryBuilder<T,R>
[WARNING] /home/gabsko/breaking-updates/src/main/java/com/driver733/vkuploader/wallpost/attachment/support/queries/QueriesFromAttachments.java:[67,44] unchecked conversion
  required: java.util.List<com.vk.api.sdk.client.AbstractQueryBuilder>
  found:    java.util.List
[WARNING] /home/gabsko/breaking-updates/src/main/java/com/driver733/vkuploader/wallpost/attachment/support/queries/Queries.java:[44,10] found raw type: com.vk.api.sdk.client.AbstractQueryBuilder
  missing type arguments for generic class com.vk.api.sdk.client.AbstractQueryBuilder<T,R>
[WARNING] /home/gabsko/breaking-updates/src/main/java/com/driver733/vkuploader/wallpost/attachment/support/queries/safe/QueriesSafeNonCached.java:[44,24] found raw type: com.vk.api.sdk.client.AbstractQueryBuilder
  missing type arguments for generic class com.vk.api.sdk.client.AbstractQueryBuilder<T,R>
[WARNING] /home/gabsko/breaking-updates/src/main/java/com/driver733/vkuploader/wallpost/attachment/support/queries/safe/QueriesSafeNonCached.java:[50,44] found raw type: com.vk.api.sdk.client.AbstractQueryBuilder
  missing type arguments for generic class com.vk.api.sdk.client.AbstractQueryBuilder<T,R>
[WARNING] /home/gabsko/breaking-updates/src/main/java/com/driver733/vkuploader/wallpost/attachment/support/queries/safe/QueriesSafeNonCached.java:[55,17] found raw type: com.vk.api.sdk.client.AbstractQueryBuilder
  missing type arguments for generic class com.vk.api.sdk.client.AbstractQueryBuilder<T,R>
[WARNING] /home/gabsko/breaking-updates/src/main/java/com/driver733/vkuploader/wallpost/attachment/support/queries/safe/QueriesSafeNonCached.java:[56,20] found raw type: com.vk.api.sdk.client.AbstractQueryBuilder
  missing type arguments for generic class com.vk.api.sdk.client.AbstractQueryBuilder<T,R>
[WARNING] /home/gabsko/breaking-updates/src/main/java/com/driver733/vkuploader/wallpost/attachment/support/queries/safe/QueriesSafeNonCached.java:[59,20] found raw type: com.vk.api.sdk.client.AbstractQueryBuilder
  missing type arguments for generic class com.vk.api.sdk.client.AbstractQueryBuilder<T,R>
[WARNING] /home/gabsko/breaking-updates/src/main/java/com/driver733/vkuploader/wallpost/attachment/support/queries/safe/QueriesSafe.java:[43,10] found raw type: com.vk.api.sdk.client.AbstractQueryBuilder
  missing type arguments for generic class com.vk.api.sdk.client.AbstractQueryBuilder<T,R>
[WARNING] /home/gabsko/breaking-updates/src/main/java/com/driver733/vkuploader/wallpost/attachment/support/fields/AttachmentArraysWithProps.java:[69,24] found raw type: com.driver733.vkuploader.wallpost.attachment.Attachment
  missing type arguments for generic class com.driver733.vkuploader.wallpost.attachment.Attachment<T,R>
[WARNING] /home/gabsko/breaking-updates/src/main/java/com/driver733/vkuploader/wallpost/attachment/support/fields/AttachmentArraysWithProps.java:[94,15] found raw type: com.driver733.vkuploader.wallpost.attachment.Attachment
  missing type arguments for generic class com.driver733.vkuploader.wallpost.attachment.Attachment<T,R>
[WARNING] /home/gabsko/breaking-updates/src/main/java/com/driver733/vkuploader/wallpost/attachment/support/fields/AttachmentArraysWithProps.java:[107,20] found raw type: com.vk.api.sdk.client.AbstractQueryBuilder
  missing type arguments for generic class com.vk.api.sdk.client.AbstractQueryBuilder<T,R>
[WARNING] /home/gabsko/breaking-updates/src/main/java/com/driver733/vkuploader/wallpost/attachment/support/queries/safe/QueriesSafeCached.java:[44,24] found raw type: com.vk.api.sdk.client.AbstractQueryBuilder
  missing type arguments for generic class com.vk.api.sdk.client.AbstractQueryBuilder<T,R>
[WARNING] /home/gabsko/breaking-updates/src/main/java/com/driver733/vkuploader/wallpost/attachment/support/queries/safe/QueriesSafeCached.java:[50,41] found raw type: com.vk.api.sdk.client.AbstractQueryBuilder
  missing type arguments for generic class com.vk.api.sdk.client.AbstractQueryBuilder<T,R>
[WARNING] /home/gabsko/breaking-updates/src/main/java/com/driver733/vkuploader/wallpost/attachment/support/queries/safe/QueriesSafeCached.java:[55,17] found raw type: com.vk.api.sdk.client.AbstractQueryBuilder
  missing type arguments for generic class com.vk.api.sdk.client.AbstractQueryBuilder<T,R>
[WARNING] /home/gabsko/breaking-updates/src/main/java/com/driver733/vkuploader/wallpost/attachment/support/queries/safe/QueriesSafeCached.java:[56,20] found raw type: com.vk.api.sdk.client.AbstractQueryBuilder
  missing type arguments for generic class com.vk.api.sdk.client.AbstractQueryBuilder<T,R>
[WARNING] /home/gabsko/breaking-updates/src/main/java/com/driver733/vkuploader/wallpost/attachment/support/queries/safe/QueriesSafeCached.java:[59,20] found raw type: com.vk.api.sdk.client.AbstractQueryBuilder
  missing type arguments for generic class com.vk.api.sdk.client.AbstractQueryBuilder<T,R>
[WARNING] /home/gabsko/breaking-updates/src/main/java/com/driver733/vkuploader/post/EntranceDirectory.java:[137,20] found raw type: java.nio.file.WatchEvent
  missing type arguments for generic class java.nio.file.WatchEvent<T>
[WARNING] /home/gabsko/breaking-updates/src/main/java/com/driver733/vkuploader/post/EntranceDirectory.java:[138,29] found raw type: java.nio.file.WatchEvent.Kind
  missing type arguments for generic class java.nio.file.WatchEvent.Kind<T>
[WARNING] /home/gabsko/breaking-updates/src/main/java/com/driver733/vkuploader/wallpost/attachment/support/Zipped.java:[97,16] explicit call to close() on an auto-closeable resource
[WARNING] /home/gabsko/breaking-updates/src/main/java/com/driver733/vkuploader/wallpost/attachment/support/QueryResultsBasic.java:[67,20] found raw type: com.vk.api.sdk.client.AbstractQueryBuilder
  missing type arguments for generic class com.vk.api.sdk.client.AbstractQueryBuilder<T,R>
[WARNING] /home/gabsko/breaking-updates/src/main/java/com/driver733/vkuploader/wallpost/attachment/support/QueryResultsBasic.java:[70,20] found raw type: com.vk.api.sdk.client.AbstractQueryBuilder
  missing type arguments for generic class com.vk.api.sdk.client.AbstractQueryBuilder<T,R>
[WARNING] /home/gabsko/breaking-updates/src/main/java/com/driver733/vkuploader/wallpost/attachment/support/QueryResultsBasic.java:[94,20] found raw type: com.vk.api.sdk.client.AbstractQueryBuilder
  missing type arguments for generic class com.vk.api.sdk.client.AbstractQueryBuilder<T,R>
[WARNING] /home/gabsko/breaking-updates/src/main/java/com/driver733/vkuploader/wallpost/attachment/support/QueryResultsBasic.java:[99,20] found raw type: com.vk.api.sdk.client.AbstractQueryBuilder
  missing type arguments for generic class com.vk.api.sdk.client.AbstractQueryBuilder<T,R>
[WARNING] /home/gabsko/breaking-updates/src/main/java/com/driver733/vkuploader/wallpost/attachment/AttachmentAddAudio.java:[45,50] found raw type: com.driver733.vkuploader.wallpost.attachment.Attachment
  missing type arguments for generic class com.driver733.vkuploader.wallpost.attachment.Attachment<T,R>
[WARNING] /home/gabsko/breaking-updates/src/main/java/com/driver733/vkuploader/wallpost/attachment/support/IdsMap.java:[47,24] found raw type: com.vk.api.sdk.client.AbstractQueryBuilder
  missing type arguments for generic class com.vk.api.sdk.client.AbstractQueryBuilder<T,R>
[WARNING] /home/gabsko/breaking-updates/src/main/java/com/driver733/vkuploader/wallpost/attachment/support/IdsMap.java:[54,20] found raw type: com.vk.api.sdk.client.AbstractQueryBuilder
  missing type arguments for generic class com.vk.api.sdk.client.AbstractQueryBuilder<T,R>
[WARNING] /home/gabsko/breaking-updates/src/main/java/com/driver733/vkuploader/wallpost/attachment/support/IdsMap.java:[65,20] found raw type: com.vk.api.sdk.client.AbstractQueryBuilder
  missing type arguments for generic class com.vk.api.sdk.client.AbstractQueryBuilder<T,R>
[INFO] 
[INFO] --- maven-resources-plugin:3.0.1:testResources (default-testResources) @ vk-uploader ---
[INFO] Using 'UTF-8' encoding to copy filtered resources.
[INFO] Copying 40 resources
[INFO] 
[INFO] --- maven-compiler-plugin:3.7.0:testCompile (default-testCompile) @ vk-uploader ---
[INFO] Changes detected - recompiling the module!
[INFO] Compiling 51 source files to /home/gabsko/breaking-updates/target/test-classes
[WARNING] /home/gabsko/breaking-updates/src/test/java/com/driver733/vkuploader/wallpost/attachment/support/IdsMapTest.java:[72,27] found raw type: com.vk.api.sdk.client.AbstractQueryBuilder
  missing type arguments for generic class com.vk.api.sdk.client.AbstractQueryBuilder<T,R>
[WARNING] /home/gabsko/breaking-updates/src/test/java/com/driver733/vkuploader/wallpost/attachment/support/QueryResultsBasicTest.java:[59,29] found raw type: com.vk.api.sdk.client.AbstractQueryBuilder
  missing type arguments for generic class com.vk.api.sdk.client.AbstractQueryBuilder<T,R>
[WARNING] /home/gabsko/breaking-updates/src/test/java/com/driver733/vkuploader/wallpost/attachment/support/queries/QueriesSafeNonCachedTest.java:[64,30] unchecked method invocation: method assertThat in class org.assertj.core.api.Assertions is applied to given types
  required: java.util.Map<K,V>
  found: java.util.Map
[WARNING] /home/gabsko/breaking-updates/src/test/java/com/driver733/vkuploader/wallpost/attachment/support/queries/QueriesSafeNonCachedTest.java:[96,37] unchecked conversion
  required: java.util.Map<K,V>
  found:    java.util.Map
[WARNING] /home/gabsko/breaking-updates/src/test/java/com/driver733/vkuploader/wallpost/attachment/AttachmentWallDocumentTest.java:[57,15] <T>assertThat(java.lang.String,T,org.hamcrest.Matcher<? super T>) in org.junit.Assert has been deprecated
[WARNING] /home/gabsko/breaking-updates/src/test/java/com/driver733/vkuploader/wallpost/attachment/AttachmentAudioTest.java:[75,15] <T>assertThat(T,org.hamcrest.Matcher<? super T>) in org.junit.Assert has been deprecated
[WARNING] /home/gabsko/breaking-updates/src/test/java/com/driver733/vkuploader/wallpost/attachment/AttachmentWallPhotosTest.java:[112,20] found raw type: com.vk.api.sdk.client.AbstractQueryBuilder
  missing type arguments for generic class com.vk.api.sdk.client.AbstractQueryBuilder<T,R>
[WARNING] /home/gabsko/breaking-updates/src/test/java/com/driver733/vkuploader/wallpost/attachment/AttachmentWallPhotosTest.java:[113,21] unchecked method invocation: method add in class java.util.ArrayList is applied to given types
  required: E
  found: java.util.Map
[WARNING] /home/gabsko/breaking-updates/src/test/java/com/driver733/vkuploader/wallpost/attachment/AttachmentWallPhotosTest.java:[114,28] unchecked conversion
  required: E
  found:    java.util.Map
[WARNING] /home/gabsko/breaking-updates/src/test/java/com/driver733/vkuploader/wallpost/attachment/support/PropertiesUpdateTest.java:[80,31] found raw type: com.vk.api.sdk.client.AbstractQueryBuilder
  missing type arguments for generic class com.vk.api.sdk.client.AbstractQueryBuilder<T,R>
[WARNING] /home/gabsko/breaking-updates/src/test/java/com/driver733/vkuploader/wallpost/PropsFileTest.java:[68,15] <T>assertThat(T,org.hamcrest.Matcher<? super T>) in org.junit.Assert has been deprecated
[WARNING] /home/gabsko/breaking-updates/src/test/java/com/driver733/vkuploader/wallpost/attachment/support/queries/QueriesSafeCachedTest.java:[66,30] unchecked method invocation: method assertThat in class org.assertj.core.api.Assertions is applied to given types
  required: java.util.Map<K,V>
  found: java.util.Map
[WARNING] /home/gabsko/breaking-updates/src/test/java/com/driver733/vkuploader/wallpost/attachment/support/queries/QueriesSafeCachedTest.java:[100,23] unchecked conversion
  required: java.util.Map<K,V>
  found:    java.util.Map
[INFO] 
[INFO] --- maven-surefire-plugin:2.19.1:test (default-test) @ vk-uploader ---

-------------------------------------------------------
 T E S T S
-------------------------------------------------------
WARNING: An illegal reflective access operation has occurred
WARNING: Illegal reflective access by com.jcabi.log.Logger (file:/home/gabsko/.m2/repository/com/jcabi/jcabi-log/0.17.2/jcabi-log-0.17.2.jar) to field java.lang.reflect.Field.modifiers
WARNING: Please consider reporting this to the maintainers of com.jcabi.log.Logger
WARNING: Use --illegal-access=warn to enable warnings of further illegal reflective access operations
WARNING: All illegal access operations will be denied in a future release
Running com.driver733.vkuploader.post.PostableRootDirTest
Tests run: 5, Failures: 0, Errors: 0, Skipped: 0, Time elapsed: 1.059 sec - in com.driver733.vkuploader.post.PostableRootDirTest
Running com.driver733.vkuploader.wallpost.attachment.mp3filefromfile.advancedtag.AdvancedTagVerifiedAlbumImageTest
Tests run: 2, Failures: 0, Errors: 0, Skipped: 0, Time elapsed: 0.267 sec - in com.driver733.vkuploader.wallpost.attachment.mp3filefromfile.advancedtag.AdvancedTagVerifiedAlbumImageTest
Running com.driver733.vkuploader.wallpost.WallPostBaseTest
Tests run: 1, Failures: 0, Errors: 0, Skipped: 0, Time elapsed: 0.289 sec - in com.driver733.vkuploader.wallpost.WallPostBaseTest
Running com.driver733.vkuploader.wallpost.attachment.AttachmentAudioPropsTest
Tests run: 1, Failures: 0, Errors: 0, Skipped: 0, Time elapsed: 1.261 sec - in com.driver733.vkuploader.wallpost.attachment.AttachmentAudioPropsTest
Running com.driver733.vkuploader.wallpost.WallPostWithOwnerIdTest
Tests run: 1, Failures: 0, Errors: 0, Skipped: 0, Time elapsed: 0.291 sec - in com.driver733.vkuploader.wallpost.WallPostWithOwnerIdTest
Running com.driver733.vkuploader.wallpost.WallPostWithAttachmentsTest
Tests run: 1, Failures: 0, Errors: 0, Skipped: 0, Time elapsed: 0.923 sec - in com.driver733.vkuploader.wallpost.WallPostWithAttachmentsTest
Running com.driver733.vkuploader.wallpost.attachment.support.queries.QueriesSafeNonCachedTest
Tests run: 1, Failures: 0, Errors: 0, Skipped: 0, Time elapsed: 0.914 sec - in com.driver733.vkuploader.wallpost.attachment.support.queries.QueriesSafeNonCachedTest
Running com.driver733.vkuploader.post.posts.PostsBasicTest
Tests run: 2, Failures: 0, Errors: 0, Skipped: 0, Time elapsed: 2.007 sec - in com.driver733.vkuploader.post.posts.PostsBasicTest
Running com.driver733.vkuploader.wallpost.WallPostWithMessageTest
Tests run: 1, Failures: 0, Errors: 0, Skipped: 0, Time elapsed: 0.156 sec - in com.driver733.vkuploader.wallpost.WallPostWithMessageTest
Running com.driver733.vkuploader.wallpost.attachment.support.QueryResultsBasicTest
Tests run: 1, Failures: 0, Errors: 0, Skipped: 0, Time elapsed: 0.671 sec - in com.driver733.vkuploader.wallpost.attachment.support.QueryResultsBasicTest
Running com.driver733.vkuploader.wallpost.WallPostWithRandomQuoteTest
2023-02-05 02:42:52 INFO  BaseRequest:365 - #fetch(GET localhost:12345 /see-FakeRequest-class): [200 OK] in 1ms
2023-02-05 02:42:53 INFO  BaseRequest:365 - #fetch(POST api.forismatic.com /api/1.0/): [200 OK] in 207ms
2023-02-05 02:42:52 INFO  BaseRequest:365 - #fetch(GET localhost:12345 /see-FakeRequest-class): [200 OK] in 1ms
2023-02-05 02:42:52 INFO  BaseRequest:365 - #fetch(GET localhost:12345 /see-FakeRequest-class): [200 OK] in 0ms
2023-02-05 02:42:53 INFO  BaseRequest:365 - #fetch(POST api.forismatic.com /api/1.0/): [200 OK] in 212ms
2023-02-05 02:42:53 INFO  BaseRequest:365 - #fetch(POST api.forismatic.com /api/1.0/): [200 OK] in 423ms
2023-02-05 02:42:52 INFO  BaseRequest:365 - #fetch(GET localhost:12345 /see-FakeRequest-class): [200 OK] in 1ms
2023-02-05 02:42:53 INFO  BaseRequest:365 - #fetch(POST api.forismatic.com /api/1.0/): [200 OK] in 203ms
Tests run: 4, Failures: 0, Errors: 0, Skipped: 0, Time elapsed: 1.015 sec - in com.driver733.vkuploader.wallpost.WallPostWithRandomQuoteTest
Running com.driver733.vkuploader.wallpost.attachment.AttachmentWallPhotosTest
Tests run: 1, Failures: 0, Errors: 0, Skipped: 0, Time elapsed: 0.706 sec - in com.driver733.vkuploader.wallpost.attachment.AttachmentWallPhotosTest
Running com.driver733.vkuploader.wallpost.attachment.support.IdsMapTest
SLF4J: A number (6) of logging calls during the initialization phase have been intercepted and are
SLF4J: now being replayed. These are subject to the filtering rules of the underlying logging system.
SLF4J: See also http://www.slf4j.org/codes.html#replay
2023-02-05 02:42:52 INFO  BaseRequest:0 - #fetch(GET localhost:12345 /see-FakeRequest-class): [200 OK] in 15ms
2023-02-05 02:42:52 INFO  BaseRequest:0 - #fetch(GET localhost:12345 /see-FakeRequest-class): [200 OK] in 0ms
2023-02-05 02:42:52 INFO  WallPostsMusicAlbum:0 - Processing directory: 'src/test/resources/music/album'...
Tests run: 1, Failures: 0, Errors: 0, Skipped: 0, Time elapsed: 0.938 sec - in com.driver733.vkuploader.wallpost.attachment.support.IdsMapTest
Running com.driver733.vkuploader.wallpost.WallPostFromGroupTest
Tests run: 1, Failures: 0, Errors: 0, Skipped: 0, Time elapsed: 0.184 sec - in com.driver733.vkuploader.wallpost.WallPostFromGroupTest
Running com.driver733.vkuploader.wallpost.WallPostPhotoAlbumTest
Tests run: 1, Failures: 0, Errors: 0, Skipped: 0, Time elapsed: 0.966 sec - in com.driver733.vkuploader.wallpost.WallPostPhotoAlbumTest
Running com.driver733.vkuploader.media.RandomMediaFromEntranceDirectoryTest
Tests run: 2, Failures: 0, Errors: 0, Skipped: 0, Time elapsed: 0.715 sec - in com.driver733.vkuploader.media.RandomMediaFromEntranceDirectoryTest
Running com.driver733.vkuploader.wallpost.WallPostMusicAlbumTest
Tests run: 1, Failures: 0, Errors: 0, Skipped: 0, Time elapsed: 0.929 sec - in com.driver733.vkuploader.wallpost.WallPostMusicAlbumTest
Running com.driver733.vkuploader.wallpost.attachment.support.BytesFromRequestTest
Tests run: 1, Failures: 0, Errors: 0, Skipped: 0, Time elapsed: 0.11 sec - in com.driver733.vkuploader.wallpost.attachment.support.BytesFromRequestTest
Running com.driver733.vkuploader.post.UploadUrlsTest
Tests run: 3, Failures: 0, Errors: 0, Skipped: 0, Time elapsed: 0.237 sec - in com.driver733.vkuploader.post.UploadUrlsTest
Running com.driver733.vkuploader.wallpost.attachment.message.ID3v1AnnotatedSafeTest
Tests run: 10, Failures: 0, Errors: 0, Skipped: 0, Time elapsed: 0.17 sec - in com.driver733.vkuploader.wallpost.attachment.message.ID3v1AnnotatedSafeTest
Running com.driver733.vkuploader.media.MediaVerifiedTest
Tests run: 2, Failures: 0, Errors: 0, Skipped: 0, Time elapsed: 0.669 sec - in com.driver733.vkuploader.media.MediaVerifiedTest
Running com.driver733.vkuploader.wallpost.attachment.support.queries.QueriesSafeCachedTest
Tests run: 1, Failures: 0, Errors: 0, Skipped: 0, Time elapsed: 0.913 sec - in com.driver733.vkuploader.wallpost.attachment.support.queries.QueriesSafeCachedTest
Running com.driver733.vkuploader.post.EntranceDirectoryTest
2023-02-05 02:42:52 INFO  WallPostsPhotoAlbum:228 - Processing directory: 'src/test/resources/photos/testPhotoAlbum'...
Tests run: 1, Failures: 0, Errors: 0, Skipped: 0, Time elapsed: 15.117 sec - in com.driver733.vkuploader.post.EntranceDirectoryTest
Running com.driver733.vkuploader.wallpost.WallPostRandomTest
Tests run: 3, Failures: 0, Errors: 0, Skipped: 0, Time elapsed: 0.966 sec - in com.driver733.vkuploader.wallpost.WallPostRandomTest
Running com.driver733.vkuploader.wallpost.attachment.mp3filefromfile.basictag.BasicTagTest
Tests run: 2, Failures: 0, Errors: 0, Skipped: 0, Time elapsed: 0.235 sec - in com.driver733.vkuploader.wallpost.attachment.mp3filefromfile.basictag.BasicTagTest
Running com.driver733.vkuploader.wallpost.attachment.mp3filefromfile.bytearray.fallback.FallbackBytesTest
Tests run: 4, Failures: 0, Errors: 0, Skipped: 0, Time elapsed: 0.191 sec - in com.driver733.vkuploader.wallpost.attachment.mp3filefromfile.bytearray.fallback.FallbackBytesTest
Running com.driver733.vkuploader.wallpost.attachment.support.ZippedTest
Tests run: 1, Failures: 0, Errors: 0, Skipped: 0, Time elapsed: 0.521 sec - in com.driver733.vkuploader.wallpost.attachment.support.ZippedTest
Running com.driver733.vkuploader.wallpost.attachment.AttachmentAddAudioTest
Tests run: 2, Failures: 0, Errors: 0, Skipped: 0, Time elapsed: 0.946 sec - in com.driver733.vkuploader.wallpost.attachment.AttachmentAddAudioTest
Running com.driver733.vkuploader.wallpost.attachment.support.AttachmentStringFromJsonTest
Tests run: 1, Failures: 0, Errors: 0, Skipped: 0, Time elapsed: 0.214 sec - in com.driver733.vkuploader.wallpost.attachment.support.AttachmentStringFromJsonTest
Running com.driver733.vkuploader.wallpost.attachment.message.MessageWithRandomQuoteTest
Tests run: 1, Failures: 0, Errors: 0, Skipped: 0, Time elapsed: 0.246 sec - in com.driver733.vkuploader.wallpost.attachment.message.MessageWithRandomQuoteTest
Running com.driver733.vkuploader.wallpost.attachment.message.MessageBasicTest
Tests run: 2, Failures: 0, Errors: 0, Skipped: 0, Time elapsed: 0.198 sec - in com.driver733.vkuploader.wallpost.attachment.message.MessageBasicTest
Running com.driver733.vkuploader.wallpost.attachment.support.AttachmentStringsFromJsonTest
Tests run: 3, Failures: 0, Errors: 0, Skipped: 0, Time elapsed: 0.638 sec - in com.driver733.vkuploader.wallpost.attachment.support.AttachmentStringsFromJsonTest
Running com.driver733.vkuploader.wallpost.attachment.AttachmentWallPhotoTest
Tests run: 1, Failures: 0, Errors: 0, Skipped: 0, Time elapsed: 0.188 sec - in com.driver733.vkuploader.wallpost.attachment.AttachmentWallPhotoTest
Running com.driver733.vkuploader.wallpost.attachment.support.PropertiesUpdateTest
Tests run: 1, Failures: 0, Errors: 0, Skipped: 0, Time elapsed: 0.14 sec - in com.driver733.vkuploader.wallpost.attachment.support.PropertiesUpdateTest
Running com.driver733.vkuploader.wallpost.attachment.AttachmentAudioTest
Tests run: 1, Failures: 0, Errors: 0, Skipped: 0, Time elapsed: 0.132 sec - in com.driver733.vkuploader.wallpost.attachment.AttachmentAudioTest
Running com.driver733.vkuploader.wallpost.wallposts.WallPostsRandomQuoteTest
2023-02-05 02:42:53 INFO  BaseRequest:365 - #fetch(POST api.forismatic.com /api/1.0/): [200 OK] in 416ms
2023-02-05 02:42:55 INFO  BaseRequest:365 - #fetch(POST api.forismatic.com /api/1.0/): [200 OK] in 54ms
2023-02-05 02:42:53 INFO  BaseRequest:365 - #fetch(POST api.forismatic.com /api/1.0/): [200 OK] in 205ms
2023-02-05 02:42:55 INFO  BaseRequest:365 - #fetch(POST api.forismatic.com /api/1.0/): [200 OK] in 55ms
2023-02-05 02:42:53 INFO  BaseRequest:365 - #fetch(POST api.forismatic.com /api/1.0/): [200 OK] in 204ms
2023-02-05 02:42:55 INFO  BaseRequest:365 - #fetch(POST api.forismatic.com /api/1.0/): [200 OK] in 56ms
2023-02-05 02:42:53 INFO  BaseRequest:365 - #fetch(POST api.forismatic.com /api/1.0/): [200 OK] in 217ms
2023-02-05 02:42:55 INFO  BaseRequest:365 - #fetch(POST api.forismatic.com /api/1.0/): [200 OK] in 57ms
Tests run: 4, Failures: 0, Errors: 0, Skipped: 0, Time elapsed: 5.236 sec - in com.driver733.vkuploader.wallpost.wallposts.WallPostsRandomQuoteTest
Running com.driver733.vkuploader.wallpost.attachment.support.AttachmentsFromResultsTest
Tests run: 3, Failures: 0, Errors: 0, Skipped: 0, Time elapsed: 0.632 sec - in com.driver733.vkuploader.wallpost.attachment.support.AttachmentsFromResultsTest
Running com.driver733.vkuploader.post.execution.UploadExecTest
Tests run: 5, Failures: 0, Errors: 0, Skipped: 0, Time elapsed: 0.185 sec - in com.driver733.vkuploader.post.execution.UploadExecTest
Running com.driver733.vkuploader.wallpost.PropsFileTest
Tests run: 6, Failures: 0, Errors: 0, Skipped: 0, Time elapsed: 0.13 sec - in com.driver733.vkuploader.wallpost.PropsFileTest
Running com.driver733.vkuploader.wallpost.attachment.mp3filefromfile.advancedtag.AdvancedTagFromMp3FileTest
Tests run: 1, Failures: 0, Errors: 0, Skipped: 0, Time elapsed: 0.259 sec - in com.driver733.vkuploader.wallpost.attachment.mp3filefromfile.advancedtag.AdvancedTagFromMp3FileTest
Running com.driver733.vkuploader.wallpost.attachment.AttachmentWallDocumentTest
Tests run: 1, Failures: 0, Errors: 0, Skipped: 0, Time elapsed: 0.158 sec - in com.driver733.vkuploader.wallpost.attachment.AttachmentWallDocumentTest

Results :

Tests run: 87, Failures: 0, Errors: 0, Skipped: 0

[INFO] ------------------------------------------------------------------------
[INFO] BUILD SUCCESS
[INFO] ------------------------------------------------------------------------
[INFO] Total time:  21.159 s
[INFO] Finished at: 2023-02-05T02:43:08Z
[INFO] ------------------------------------------------------------------------
