[INFO] Scanning for projects...
[INFO] ------------------------------------------------------------------------
[INFO] Reactor Build Order:
[INFO] 
[INFO] Scott Test Reporter                                                [jar]
[INFO] Scott Test Reporter - Maven Plugin                        [maven-plugin]
[INFO] Scott Test Reporter - JUnit 4 Test Suite                           [jar]
[INFO] Scott Test Reporter - JUnit 5 Test Suite                           [jar]
[INFO] Scott Test Reporter - Exampe classes for configuration-based tests [jar]
[INFO] Scott Test Reporter - Configuration-based tests                    [jar]
[INFO] Scott Test Reporter - Tests                                        [pom]
[INFO] Scott Test Reporter - POM                                          [pom]
[INFO] 
[INFO] ------------------------< hu.advancedweb:scott >------------------------
[INFO] Building Scott Test Reporter 3.7.0                                 [1/8]
[INFO] --------------------------------[ jar ]---------------------------------
[INFO] 
[INFO] --- maven-clean-plugin:2.5:clean (default-clean) @ scott ---
[INFO] Deleting /home/gabsko/breaking-updates/scott/target
[INFO] 
[INFO] --- maven-resources-plugin:2.6:resources (default-resources) @ scott ---
[INFO] Using 'UTF-8' encoding to copy filtered resources.
[INFO] Copying 1 resource
[INFO] 
[INFO] --- maven-compiler-plugin:3.3:compile (default-compile) @ scott ---
[INFO] Changes detected - recompiling the module!
[INFO] Compiling 36 source files to /home/gabsko/breaking-updates/scott/target/classes
[INFO] 
[INFO] --- maven-resources-plugin:2.6:testResources (default-testResources) @ scott ---
[INFO] Using 'UTF-8' encoding to copy filtered resources.
[INFO] skip non existing resourceDirectory /home/gabsko/breaking-updates/scott/src/test/resources
[INFO] 
[INFO] --- maven-compiler-plugin:3.3:testCompile (default-testCompile) @ scott ---
[INFO] Changes detected - recompiling the module!
[INFO] Compiling 3 source files to /home/gabsko/breaking-updates/scott/target/test-classes
[INFO] 
[INFO] --- maven-surefire-plugin:2.12.4:test (default-test) @ scott ---
[INFO] Surefire report directory: /home/gabsko/breaking-updates/scott/target/surefire-reports

-------------------------------------------------------
 T E S T S
-------------------------------------------------------
Running hu.advancedweb.scott.instrumentation.transformation.config.ConfigTest
Tests run: 3, Failures: 0, Errors: 0, Skipped: 0, Time elapsed: 0.031 sec
Running hu.advancedweb.scott.instrumentation.transformation.config.ClassMatcherTest
Tests run: 4, Failures: 0, Errors: 0, Skipped: 0, Time elapsed: 0 sec
Running hu.advancedweb.scott.instrumentation.transformation.VariableTypeTest
Tests run: 1, Failures: 0, Errors: 0, Skipped: 0, Time elapsed: 0 sec

Results :

Tests run: 8, Failures: 0, Errors: 0, Skipped: 0

[INFO] 
[INFO] -----------------< hu.advancedweb:scott-maven-plugin >------------------
[INFO] Building Scott Test Reporter - Maven Plugin 3.7.0                  [2/8]
[INFO] ----------------------------[ maven-plugin ]----------------------------
[INFO] 
[INFO] --- maven-clean-plugin:2.5:clean (default-clean) @ scott-maven-plugin ---
[INFO] Deleting /home/gabsko/breaking-updates/scott-maven-plugin/target
[INFO] 
[INFO] --- maven-resources-plugin:2.6:resources (default-resources) @ scott-maven-plugin ---
[INFO] Using 'UTF-8' encoding to copy filtered resources.
[INFO] Copying 1 resource to META-INF
[INFO] 
[INFO] --- maven-compiler-plugin:3.3:compile (default-compile) @ scott-maven-plugin ---
[INFO] Changes detected - recompiling the module!
[INFO] Compiling 1 source file to /home/gabsko/breaking-updates/scott-maven-plugin/target/classes
[INFO] 
[INFO] --- maven-plugin-plugin:3.5:descriptor (default-descriptor) @ scott-maven-plugin ---
[INFO] Using 'UTF-8' encoding to read mojo source files.
[INFO] java-javadoc mojo extractor found 0 mojo descriptor.
[INFO] java-annotations mojo extractor found 1 mojo descriptor.
[INFO] 
[INFO] --- maven-resources-plugin:2.6:testResources (default-testResources) @ scott-maven-plugin ---
[INFO] Using 'UTF-8' encoding to copy filtered resources.
[INFO] skip non existing resourceDirectory /home/gabsko/breaking-updates/scott-maven-plugin/src/test/resources
[INFO] 
[INFO] --- maven-compiler-plugin:3.3:testCompile (default-testCompile) @ scott-maven-plugin ---
[INFO] No sources to compile
[INFO] 
[INFO] --- maven-surefire-plugin:2.12.4:test (default-test) @ scott-maven-plugin ---
[INFO] No tests to run.
[INFO] 
[INFO] --------------------< hu.advancedweb:junit4-tests >---------------------
[INFO] Building Scott Test Reporter - JUnit 4 Test Suite 3.7.0            [3/8]
[INFO] --------------------------------[ jar ]---------------------------------
[INFO] 
[INFO] --- maven-clean-plugin:2.5:clean (default-clean) @ junit4-tests ---
[INFO] 
[INFO] --- maven-resources-plugin:2.6:resources (default-resources) @ junit4-tests ---
[INFO] Using 'UTF-8' encoding to copy filtered resources.
[INFO] skip non existing resourceDirectory /home/gabsko/breaking-updates/scott-tests/junit4-tests/src/main/resources
[INFO] 
[INFO] --- maven-compiler-plugin:3.3:compile (default-compile) @ junit4-tests ---
[INFO] No sources to compile
[INFO] 
[INFO] --- maven-resources-plugin:2.6:testResources (default-testResources) @ junit4-tests ---
[INFO] Using 'UTF-8' encoding to copy filtered resources.
[INFO] skip non existing resourceDirectory /home/gabsko/breaking-updates/scott-tests/junit4-tests/src/test/resources
[INFO] 
[INFO] --- maven-compiler-plugin:3.3:testCompile (default-testCompile) @ junit4-tests ---
[INFO] Changes detected - recompiling the module!
[INFO] Compiling 22 source files to /home/gabsko/breaking-updates/scott-tests/junit4-tests/target/test-classes
[INFO] 
[INFO] --- maven-dependency-plugin:2.8:copy (copy-agent) @ junit4-tests ---
[INFO] Configured Artifact: hu.advancedweb:scott:?:jar
[INFO] Copying classes to /home/gabsko/breaking-updates/scott-tests/junit4-tests/target/agents/scott-agent.jar
[INFO] ------------------------------------------------------------------------
[INFO] Reactor Summary for Scott Test Reporter - POM 3.7.0:
[INFO] 
[INFO] Scott Test Reporter ................................ SUCCESS [  2.092 s]
[INFO] Scott Test Reporter - Maven Plugin ................. SUCCESS [  0.797 s]
[INFO] Scott Test Reporter - JUnit 4 Test Suite ........... FAILURE [  0.742 s]
[INFO] Scott Test Reporter - JUnit 5 Test Suite ........... SKIPPED
[INFO] Scott Test Reporter - Exampe classes for configuration-based tests SKIPPED
[INFO] Scott Test Reporter - Configuration-based tests .... SKIPPED
[INFO] Scott Test Reporter - Tests ........................ SKIPPED
[INFO] Scott Test Reporter - POM .......................... SKIPPED
[INFO] ------------------------------------------------------------------------
[INFO] BUILD FAILURE
[INFO] ------------------------------------------------------------------------
[INFO] Total time:  3.708 s
[INFO] Finished at: 2023-02-05T02:42:01Z
[INFO] ------------------------------------------------------------------------
[ERROR] Failed to execute goal org.apache.maven.plugins:maven-dependency-plugin:2.8:copy (copy-agent) on project junit4-tests: Artifact has not been packaged yet. When used on reactor artifact, copy should be executed after packaging: see MDEP-187. -> [Help 1]
[ERROR] 
[ERROR] To see the full stack trace of the errors, re-run Maven with the -e switch.
[ERROR] Re-run Maven using the -X switch to enable full debug logging.
[ERROR] 
[ERROR] For more information about the errors and possible solutions, please read the following articles:
[ERROR] [Help 1] http://cwiki.apache.org/confluence/display/MAVEN/MojoExecutionException
[ERROR] 
[ERROR] After correcting the problems, you can resume the build with the command
[ERROR]   mvn <args> -rf :junit4-tests
