[INFO] Scanning for projects...
[INFO] Inspecting build with total of 9 modules...
[INFO] Installing Nexus Staging features:
[INFO]   ... total of 9 executions of maven-deploy-plugin replaced with nexus-staging-maven-plugin
[INFO] ------------------------------------------------------------------------
[INFO] Reactor Build Order:
[INFO] 
[INFO] scheduler                                                          [pom]
[INFO] scheduler-api                                                      [jar]
[INFO] scheduler-json                                                     [jar]
[INFO] scheduler-choco                                                    [jar]
[INFO] scheduler-examples                                                 [jar]
[INFO] btrpsl                                                             [jar]
[INFO] safeplace                                                          [jar]
[INFO] bench                                                              [jar]
[INFO] scheduler-split                                                    [jar]
[INFO] 
[INFO] -----------------------< org.btrplace:scheduler >-----------------------
[INFO] Building scheduler 1.12.3-SNAPSHOT                                 [1/9]
[INFO] --------------------------------[ pom ]---------------------------------
[INFO] 
[INFO] --- maven-clean-plugin:2.5:clean (default-clean) @ scheduler ---
[INFO] 
[INFO] --- jacoco-maven-plugin:0.8.7:prepare-agent (default) @ scheduler ---
[INFO] argLine set to -javaagent:/home/gabsko/.m2/repository/org/jacoco/org.jacoco.agent/0.8.7/org.jacoco.agent-0.8.7-runtime.jar=destfile=/home/gabsko/breaking-updates/target/jacoco.exec,excludes=org/btrplace/btrpsl/**/*:org/btrplace/safeplace/**/*:org/btrplace/bench/**/*:org/btrplace/scheduler/runner/disjoint/**/*
[INFO] 
[INFO] --- jacoco-maven-plugin:0.8.7:report (report) @ scheduler ---
[INFO] Skipping JaCoCo execution due to missing execution data file.
[INFO] 
[INFO] ---------------------< org.btrplace:scheduler-api >---------------------
[INFO] Building scheduler-api 1.12.3-SNAPSHOT                             [2/9]
[INFO] --------------------------------[ jar ]---------------------------------
[INFO] 
[INFO] --- maven-clean-plugin:2.5:clean (default-clean) @ scheduler-api ---
[INFO] Deleting /home/gabsko/breaking-updates/api/target
[INFO] 
[INFO] --- jacoco-maven-plugin:0.8.7:prepare-agent (default) @ scheduler-api ---
[INFO] argLine set to -javaagent:/home/gabsko/.m2/repository/org/jacoco/org.jacoco.agent/0.8.7/org.jacoco.agent-0.8.7-runtime.jar=destfile=/home/gabsko/breaking-updates/api/target/jacoco.exec,excludes=org/btrplace/btrpsl/**/*:org/btrplace/safeplace/**/*:org/btrplace/bench/**/*:org/btrplace/scheduler/runner/disjoint/**/*
[INFO] 
[INFO] --- maven-resources-plugin:2.6:resources (default-resources) @ scheduler-api ---
[INFO] Using 'UTF-8' encoding to copy filtered resources.
[INFO] skip non existing resourceDirectory /home/gabsko/breaking-updates/api/src/main/resources
[INFO] 
[INFO] --- maven-compiler-plugin:3.8.1:compile (default-compile) @ scheduler-api ---
[INFO] Changes detected - recompiling the module!
[INFO] Compiling 146 source files to /home/gabsko/breaking-updates/api/target/classes
[INFO] /home/gabsko/breaking-updates/api/src/main/java/org/btrplace/model/view/NamingService.java: Some input files use unchecked or unsafe operations.
[INFO] /home/gabsko/breaking-updates/api/src/main/java/org/btrplace/model/view/NamingService.java: Recompile with -Xlint:unchecked for details.
[INFO] 
[INFO] --- maven-resources-plugin:2.6:testResources (default-testResources) @ scheduler-api ---
[INFO] Using 'UTF-8' encoding to copy filtered resources.
[INFO] Copying 1 resource
[INFO] 
[INFO] --- maven-compiler-plugin:3.8.1:testCompile (default-testCompile) @ scheduler-api ---
[INFO] Changes detected - recompiling the module!
[INFO] Compiling 68 source files to /home/gabsko/breaking-updates/api/target/test-classes
[INFO] /home/gabsko/breaking-updates/api/src/test/java/org/btrplace/util/IntObjectMapTest.java: /home/gabsko/breaking-updates/api/src/test/java/org/btrplace/util/IntObjectMapTest.java uses unchecked or unsafe operations.
[INFO] /home/gabsko/breaking-updates/api/src/test/java/org/btrplace/util/IntObjectMapTest.java: Recompile with -Xlint:unchecked for details.
[INFO] 
[INFO] --- maven-surefire-plugin:3.0.0-M5:test (default-test) @ scheduler-api ---
[INFO] 
[INFO] -------------------------------------------------------
[INFO]  T E S T S
[INFO] -------------------------------------------------------
[INFO] Running TestSuite
ban(vm=vm#0, nodes=[node#0], continuous)
fence(vm=vm#0, nodes=[node#0], continuous)
gather(vms=[vm#0, vm#1], continuous)
killed(vm=vm#0)
lonely(vms=[vm#0, vm#1, vm#2], discrete)
offline(node=node#0)
online(node=node#0)
preserve(vm=vm#0, rc=cpu, amount=3, discrete)
overbook(node=node#0, rc=foo, ratio=1.5, discrete)
quarantine(node=node#0, continuous)
ready(vms=vm#0)
0:1 {action=migrate(vm=vm#3, from=node#2, to=node#1, bw=2147483647), @post= {allocate(vm=vm#3, rc=foo, amount=2)}}
1:2 {action=shutdown(vm=vm#2, on=node#1)}
2:3 {action=allocate(vm=vm#1, on=node#0, rc=foo, amount=2)}
2:3 {action=boot(vm=vm#4, on=node#2)}
3:4 {action=migrate(vm=vm#0, from=node#0, to=node#2, bw=2147483647)}
root(vm=vm#0, continuous)
resourceCapacity(nodes=[node#0, node#1], rc=foo, amount=3, continuous)
runningCapacity(nodes=[node#0, node#1], amount=3)
running(vms=vm#0)
seq(vms=[vm#0, vm#1, vm#2], continuous)
sleeping(vms=vm#0)
split(vms=[[vm#0], [vm#1]], discrete)
Mapping:
node#3: - 
node#2: - 
node#1: vm#2 vm#1
node#0: vm#0
READY

Attributes: -
Views: -
Mapping:
node#3: - 
node#2: - 
node#1: vm#2 vm#1
node#0: vm#0
READY

Attributes: -
Views: -
splitAmong(vms=[[[vm#0, vm#1], [vm#2, vm#3]], nodes=[[node#0, node#1], [node#2, node#3]], discrete)
spread(vms=[vm#0, vm#1], discrete)
1:2 {action=migrate(vm=vm#0, from=node#0, to=node#1, bw=2147483647)}
1:2 {action=migrate(vm=vm#1, from=node#0, to=node#1, bw=2147483647)}
1:3 {action=pretty(vm#3, start= 1, end=3)}
1:3 {action=pretty(vm#0, start= 1, end=3)}
2:4 {action=pretty(vm#1, start= 2, end=4)}
2:4 {action=pretty(vm#2, start= 2, end=4)}
[INFO] Tests run: 260, Failures: 0, Errors: 0, Skipped: 0, Time elapsed: 1.551 s - in TestSuite
[INFO] 
[INFO] Results:
[INFO] 
[INFO] Tests run: 260, Failures: 0, Errors: 0, Skipped: 0
[INFO] 
[INFO] 
[INFO] --- jacoco-maven-plugin:0.8.7:report (report) @ scheduler-api ---
[INFO] Loading execution data file /home/gabsko/breaking-updates/api/target/jacoco.exec
[INFO] Analyzed bundle 'scheduler-api' with 123 classes
[INFO] 
[INFO] --------------------< org.btrplace:scheduler-json >---------------------
[INFO] Building scheduler-json 1.12.3-SNAPSHOT                            [3/9]
[INFO] --------------------------------[ jar ]---------------------------------
[INFO] 
[INFO] --- maven-clean-plugin:2.5:clean (default-clean) @ scheduler-json ---
[INFO] Deleting /home/gabsko/breaking-updates/json/target
[INFO] 
[INFO] --- jacoco-maven-plugin:0.8.7:prepare-agent (default) @ scheduler-json ---
[INFO] argLine set to -javaagent:/home/gabsko/.m2/repository/org/jacoco/org.jacoco.agent/0.8.7/org.jacoco.agent-0.8.7-runtime.jar=destfile=/home/gabsko/breaking-updates/json/target/jacoco.exec,excludes=org/btrplace/btrpsl/**/*:org/btrplace/safeplace/**/*:org/btrplace/bench/**/*:org/btrplace/scheduler/runner/disjoint/**/*
[INFO] 
[INFO] --- maven-resources-plugin:2.6:resources (default-resources) @ scheduler-json ---
[INFO] Using 'UTF-8' encoding to copy filtered resources.
[INFO] skip non existing resourceDirectory /home/gabsko/breaking-updates/json/src/main/resources
[INFO] 
[INFO] --- maven-compiler-plugin:3.8.1:compile (default-compile) @ scheduler-json ---
[INFO] Changes detected - recompiling the module!
[INFO] Compiling 61 source files to /home/gabsko/breaking-updates/json/target/classes
[INFO] /home/gabsko/breaking-updates/json/src/main/java/org/btrplace/json/model/view/network/NetworkConverter.java: Some input files use unchecked or unsafe operations.
[INFO] /home/gabsko/breaking-updates/json/src/main/java/org/btrplace/json/model/view/network/NetworkConverter.java: Recompile with -Xlint:unchecked for details.
[INFO] 
[INFO] --- maven-resources-plugin:2.6:testResources (default-testResources) @ scheduler-json ---
[INFO] Using 'UTF-8' encoding to copy filtered resources.
[INFO] skip non existing resourceDirectory /home/gabsko/breaking-updates/json/src/test/resources
[INFO] 
[INFO] --- maven-compiler-plugin:3.8.1:testCompile (default-testCompile) @ scheduler-json ---
[INFO] Changes detected - recompiling the module!
[INFO] Compiling 40 source files to /home/gabsko/breaking-updates/json/target/test-classes
[INFO] 
[INFO] --- maven-surefire-plugin:3.0.0-M5:test (default-test) @ scheduler-json ---
[INFO] 
[INFO] -------------------------------------------------------
[INFO]  T E S T S
[INFO] -------------------------------------------------------
[INFO] Running TestSuite
{"vm":0,"continuous":false,"id":"Deadline","timestamp":"+00:00:15"}
{"vm":0,"id":"killed"}
{"nodes":[0,1],"vm":0,"continuous":false,"id":"fence"}
{"nodes":[0,1],"vm":0,"continuous":false,"id":"ban"}
{"continuous":false,"parts":[[0,1],[2,3],[4]],"id":"among","vms":[0,1,2]}
{"id":"minimizeMTTR"}
{"id":"minimizeMigrations"}
{"continuous":false,"id":"lonely","vms":[0,1]}
{"amount":2,"nodes":[0,1,2],"continuous":false,"id":"maxOnline"}
{"vm":0,"continuous":false,"id":"noDelay"}
{"node":0,"id":"offline"}
{"node":0,"id":"online"}
{"node":0,"rc":"foo","continuous":true,"id":"overbook","ratio":1.4}
{"id":"ns","type":"vm","map":{"VM 1":1,"VM 2":2,"VM 3":3,"VM 4":4,"VM 5":5,"VM 6":6,"VM 7":7,"VM 8":8,"VM 9":9,"VM 0":0}}
{"continuous":false,"vm2":1,"id":"Precedence","vm1":0}
{"node":0,"id":"quarantine"}
{"rc":"cpu","amount":5,"vm":0,"id":"preserve"}
{"vm":0,"id":"ready"}
{"rc":"cpu","amount":5,"nodes":[0,1,2],"continuous":false,"id":"resourceCapacity"}
{"vm":0,"id":"root"}
{"amount":5,"nodes":[0,1,2],"id":"runningCapacity"}
{"vm":0,"id":"running"}
{"mapping":{"readyVMs":[2],"onlineNodes":{"0":{"sleepingVMs":[1],"runningVMs":[0]},"2":{"sleepingVMs":[],"runningVMs":[3]}},"offlineNodes":[1]},"attributes":{"nodes":{},"vms":{}},"views":[]}
{"mapping":{"readyVMs":[],"onlineNodes":{"0":{"sleepingVMs":[],"runningVMs":[]},"1":{"sleepingVMs":[],"runningVMs":[]}},"offlineNodes":[]},"attributes":{"nodes":{},"vms":{}},"views":[{"routing":{"routes":[{"nodes_map":{"dst":1,"src":0},"links":[{"link":0,"direction":"true"},{"link":1,"direction":"false"}]}],"type":"static"},"switches":[{"id":0,"capacity":1000}],"links":[{"physicalElement":{"id":0,"type":"node"},"id":0,"capacity":1000,"switch":0},{"physicalElement":{"id":1,"type":"node"},"id":1,"capacity":1000,"switch":0}],"id":"net"}]}
{"id":"seq","vms":[0,1,2]}
{"continuous":false,"id":"Serialize","vms":[0,1]}
{"mapping":{"readyVMs":[0],"onlineNodes":{"0":{"sleepingVMs":[],"runningVMs":[]}},"offlineNodes":[]},"attributes":{"nodes":{"0":{"type":"xen"}},"vms":{"0":{"boot":5}}},"views":[{"defConsumption":0,"nodes":{"0":10},"rcId":"cpu","id":"shareableResource","defCapacity":0,"vms":{"0":5}}]}
{"pParts":[[0,1],[2,3],[4]],"continuous":false,"id":"splitAmong","vParts":[[0,1,2],[6,7],[3,4,5]]}
{"continuous":false,"id":"spread","vms":[0,1]}
{"continuous":false,"parts":[[0,1],[2,3],[4]],"id":"split"}
{"nodes":{"0":{"boot":7}},"vms":{"0":{"template":"xen","forge":3},"3":{"template":"kvm","foo":1.3,"clone":true}}}
{"continuous":false,"id":"Sync","vms":[0,1]}
{"mapping":{"readyVMs":[],"onlineNodes":{"0":{"sleepingVMs":[],"runningVMs":[]},"1":{"sleepingVMs":[],"runningVMs":[]}},"offlineNodes":[]},"attributes":{"nodes":{},"vms":{}},"views":[{"routing":{"type":"default"},"switches":[{"id":0,"capacity":1000}],"links":[{"physicalElement":{"id":0,"type":"node"},"id":0,"capacity":1000,"switch":0},{"physicalElement":{"id":1,"type":"node"},"id":1,"capacity":1000,"switch":0}],"id":"net"}]}
{"continuous":false,"id":"gather","vms":[0,1]}
{"vm":0,"id":"sleeping"}
{"model":{"mapping":{"readyVMs":[1,0],"onlineNodes":{},"offlineNodes":[0]},"attributes":{"nodes":{},"vms":{}},"views":[]},"constraints":[{"node":0,"id":"online"},{"vm":1,"id":"running"}],"objective":{"id":"minimizeMTTR"}}
{"origin":{"mapping":{"readyVMs":[],"onlineNodes":{"0":{"sleepingVMs":[],"runningVMs":[0]}},"offlineNodes":[]},"attributes":{"nodes":{},"vms":{}},"views":[]},"actions":[{"vm":0,"start":0,"end":1,"id":"bootVM","hooks":{"pre":[{"vm":0,"qty":7,"id":"customID"}],"post":[{"vm":0,"qty":10,"id":"customID"}]},"on":0}]}
[INFO] Tests run: 93, Failures: 0, Errors: 0, Skipped: 0, Time elapsed: 0.791 s - in TestSuite
[INFO] 
[INFO] Results:
[INFO] 
[INFO] Tests run: 93, Failures: 0, Errors: 0, Skipped: 0
[INFO] 
[INFO] 
[INFO] --- jacoco-maven-plugin:0.8.7:report (report) @ scheduler-json ---
[INFO] Loading execution data file /home/gabsko/breaking-updates/json/target/jacoco.exec
[INFO] Analyzed bundle 'scheduler-json' with 64 classes
[INFO] 
[INFO] --------------------< org.btrplace:scheduler-choco >--------------------
[INFO] Building scheduler-choco 1.12.3-SNAPSHOT                           [4/9]
[INFO] --------------------------------[ jar ]---------------------------------
[INFO] 
[INFO] --- maven-clean-plugin:2.5:clean (default-clean) @ scheduler-choco ---
[INFO] Deleting /home/gabsko/breaking-updates/choco/target
[INFO] 
[INFO] --- jacoco-maven-plugin:0.8.7:prepare-agent (default) @ scheduler-choco ---
[INFO] argLine set to -javaagent:/home/gabsko/.m2/repository/org/jacoco/org.jacoco.agent/0.8.7/org.jacoco.agent-0.8.7-runtime.jar=destfile=/home/gabsko/breaking-updates/choco/target/jacoco.exec,excludes=org/btrplace/btrpsl/**/*:org/btrplace/safeplace/**/*:org/btrplace/bench/**/*:org/btrplace/scheduler/runner/disjoint/**/*
[INFO] 
[INFO] --- maven-resources-plugin:2.6:resources (default-resources) @ scheduler-choco ---
[INFO] Using 'UTF-8' encoding to copy filtered resources.
[INFO] skip non existing resourceDirectory /home/gabsko/breaking-updates/choco/src/main/resources
[INFO] 
[INFO] --- maven-compiler-plugin:3.8.1:compile (default-compile) @ scheduler-choco ---
[INFO] Changes detected - recompiling the module!
[INFO] Compiling 117 source files to /home/gabsko/breaking-updates/choco/target/classes
[INFO] /home/gabsko/breaking-updates/choco/src/main/java/org/btrplace/scheduler/choco/DefaultReconfigurationProblem.java: /home/gabsko/breaking-updates/choco/src/main/java/org/btrplace/scheduler/choco/DefaultReconfigurationProblem.java uses or overrides a deprecated API.
[INFO] /home/gabsko/breaking-updates/choco/src/main/java/org/btrplace/scheduler/choco/DefaultReconfigurationProblem.java: Recompile with -Xlint:deprecation for details.
[INFO] /home/gabsko/breaking-updates/choco/src/main/java/org/btrplace/scheduler/choco/duration/DurationEvaluators.java: Some input files use unchecked or unsafe operations.
[INFO] /home/gabsko/breaking-updates/choco/src/main/java/org/btrplace/scheduler/choco/duration/DurationEvaluators.java: Recompile with -Xlint:unchecked for details.
[INFO] 
[INFO] --- maven-resources-plugin:2.6:testResources (default-testResources) @ scheduler-choco ---
[INFO] Using 'UTF-8' encoding to copy filtered resources.
[INFO] Copying 9 resources
[INFO] 
[INFO] --- maven-compiler-plugin:3.8.1:testCompile (default-testCompile) @ scheduler-choco ---
[INFO] Changes detected - recompiling the module!
[INFO] Compiling 61 source files to /home/gabsko/breaking-updates/choco/target/test-classes
[INFO] 
[INFO] --- maven-surefire-plugin:3.0.0-M5:test (default-test) @ scheduler-choco ---
[INFO] 
[INFO] -------------------------------------------------------
[INFO]  T E S T S
[INFO] -------------------------------------------------------
[INFO] Running TestSuite
SLF4J: Failed to load class "org.slf4j.impl.StaticLoggerBinder".
SLF4J: Defaulting to no-operation (NOP) logger implementation
SLF4J: See http://www.slf4j.org/codes.html#StaticLoggerBinder for further details.
2 node(s); 3 VM(s); 1 constraint(s); optimize
Building duration: 2ms (core) + 4ms (specialization)
After 4ms of search (terminated): at 4ms, 12 Nodes (Infinity n/s), 21 Backtracks, 9 Fails, 0 Restarts, 2 solution(s):
	1)at 2ms, 7 Nodes (Infinity n/s), 0 Backtracks, 0 Fails, 0 Restarts, objective: 2
	2)at 4ms, 12 Nodes (Infinity n/s), 11 Backtracks, 5 Fails, 0 Restarts, objective: 1

0:1 {action=migrate(vm=vm#0, from=node#0, to=node#1, bw=2147483647), @post= {allocate(vm=vm#0, rc=cpu, amount=5)}}
0:1 {action=migrate(vm=vm#1, from=node#1, to=node#2, bw=2147483647)}
1:2 {action=migrate(vm=vm#0, from=node#0, to=node#1, bw=2147483647)}
0:1 {action=migrate(vm=vm#0, from=node#0, to=node#1, bw=2147483647)}
0:1 {action=migrate(vm=vm#1, from=node#1, to=node#0, bw=2147483647)}
3.0 x foo + 0.0
4 node(s); 56 VM(s); 30 constraint(s); optimize
Building duration: 5ms (core) + 3ms (specialization)
After 307ms of search (terminated): at 307ms, 375 Nodes (Infinity n/s), 743 Backtracks, 368 Fails, 0 Restarts, 4 solution(s):
	1)at 15ms, 64 Nodes (Infinity n/s), 0 Backtracks, 0 Fails, 0 Restarts, objective: 22
	2)at 23ms, 79 Nodes (Infinity n/s), 37 Backtracks, 18 Fails, 0 Restarts, objective: 14
	3)at 252ms, 369 Nodes (Infinity n/s), 625 Backtracks, 311 Fails, 0 Restarts, objective: 6
	4)at 295ms, 375 Nodes (Infinity n/s), 704 Backtracks, 350 Fails, 0 Restarts, objective: 3

0:3 {action=migrate(vm=vm#31, from=node#1, to=node#2, bw=2147483647), @post= {allocate(vm=vm#31, rc=controller_cpu, amount=3345)}}
3:3 {action=allocate(vm=vm#29, on=node#1, rc=controller_cpu, amount=79)}
3:3 {action=allocate(vm=vm#20, on=node#1, rc=controller_cpu, amount=174)}
3:3 {action=allocate(vm=vm#24, on=node#1, rc=controller_cpu, amount=577)}
3:3 {action=allocate(vm=vm#27, on=node#1, rc=controller_cpu, amount=587)}
3:3 {action=allocate(vm=vm#18, on=node#1, rc=controller_cpu, amount=123)}
3:3 {action=allocate(vm=vm#19, on=node#1, rc=controller_cpu, amount=561)}
3:3 {action=allocate(vm=vm#32, on=node#1, rc=controller_cpu, amount=1864)}
3:3 {action=allocate(vm=vm#22, on=node#1, rc=controller_cpu, amount=99)}
3:3 {action=allocate(vm=vm#25, on=node#1, rc=controller_cpu, amount=574)}
3:3 {action=allocate(vm=vm#28, on=node#1, rc=controller_cpu, amount=127)}
3:3 {action=allocate(vm=vm#33, on=node#1, rc=controller_cpu, amount=496)}
0:5 {action=shutdown(node=node#0)}
0:5 {action=shutdown(node=node#0)}
5:10 {action=shutdown(node=node#1)}
0:10 {action=boot(node=node#1)}
1:6 {action=shutdown(node=node#1)}
6:16 {action=boot(node=node#2)}
2:7 {action=shutdown(node=node#0)}
0:5 {action=shutdown(node=node#0)}
5:7 {action=boot(node=node#1)}
at 0ms, 0 Nodes (NaN n/s), 0 Backtracks, 0 Fails, 0 Restarts, objective: 12
node ONLINE : shutdownable
node OFFLINE : bootable
vm [INIT] -> INIT: stayInit
vm [INIT] -> READY: forge
vm [READY] -> READY: stayReady
vm [RUNNING] -> READY: shutdown
vm [READY] -> RUNNING: boot
vm [RUNNING] -> RUNNING: relocatable
vm [SLEEPING] -> RUNNING: resume
vm [RUNNING] -> SLEEPING: suspend
vm [SLEEPING] -> SLEEPING: staySleeping
vm [INIT, READY, RUNNING, SLEEPING] -> KILLED: kill

1000 node(s); 10000 VM(s); 10000 constraint(s); satisfy; timeout: 1s
Building duration: 248ms (core) + 55ms (specialization)
After 9101ms of search (timeout): at 9101ms, 1 Nodes (0.1 n/s), 0 Backtracks, 0 Fails, 0 Restarts, 0 solution(s).
500 node(s); 51001 VM(s); 1 constraint(s); satisfy
Building duration: 415ms (core) + 290ms (specialization)
After 6883ms of search (terminated): at 6883ms, 0 Nodes (0.0 n/s), 0 Backtracks, 1 Fails, 0 Restarts, 0 solution(s).
---- Stage 1/2 ----
32 node(s); 6688 VM(s); 3 constraint(s); satisfy
Building duration: 200ms (core) + 117ms (specialization)
After 52334ms of search (terminated): at 52334ms, 6793 Nodes (130.6 n/s), 0 Backtracks, 0 Fails, 0 Restarts, 1 solution(s):
	1)at 52304ms, 6793 Nodes (130.6 n/s), 0 Backtracks, 0 Fails, 0 Restarts, objective: 71

---- Stage 2/2 ----
32 node(s); 6688 VM(s); 6691 constraint(s); satisfy
Building duration: 53ms (core) + 154ms (specialization)
After 428ms of search (terminated): at 428ms, 105 Nodes (Infinity n/s), 0 Backtracks, 0 Fails, 0 Restarts, 1 solution(s):
	1)at 398ms, 105 Nodes (Infinity n/s), 0 Backtracks, 0 Fails, 0 Restarts, objective: 9144


71 action(s)
---- Stage 1/2 ----
16 node(s); 1664 VM(s); 3 constraint(s); satisfy
Building duration: 8ms (core) + 9ms (specialization)
After 889ms of search (terminated): at 889ms, 1716 Nodes (Infinity n/s), 0 Backtracks, 0 Fails, 0 Restarts, 1 solution(s):
	1)at 883ms, 1716 Nodes (Infinity n/s), 0 Backtracks, 0 Fails, 0 Restarts, objective: 34

---- Stage 2/2 ----
16 node(s); 1664 VM(s); 1667 constraint(s); satisfy
Building duration: 14ms (core) + 19ms (specialization)
After 66ms of search (terminated): at 66ms, 52 Nodes (Infinity n/s), 0 Backtracks, 0 Fails, 0 Restarts, 1 solution(s):
	1)at 60ms, 52 Nodes (Infinity n/s), 0 Backtracks, 0 Fails, 0 Restarts, objective: 595


34 action(s)
--- 0 ---
4 node(s); 96 VM(s); 62 constraint(s); satisfy
Building duration: 1ms (core) + 1ms (specialization)
After 3ms of search (terminated): at 3ms, 98 Nodes (Infinity n/s), 1 Backtracks, 1 Fails, 0 Restarts, 1 solution(s):
	1)at 2ms, 98 Nodes (Infinity n/s), 1 Backtracks, 1 Fails, 0 Restarts, objective: 400

15 action(s)
--- 1 ---
8 node(s); 136 VM(s); 65 constraint(s); satisfy
Building duration: 1ms (core) + 1ms (specialization)
After 7ms of search (terminated): at 7ms, 157 Nodes (Infinity n/s), 1 Backtracks, 1 Fails, 0 Restarts, 1 solution(s):
	1)at 6ms, 157 Nodes (Infinity n/s), 1 Backtracks, 1 Fails, 0 Restarts, objective: 1123

41 action(s)
--- 2 ---
8 node(s); 136 VM(s); 65 constraint(s); satisfy
Building duration: 0ms (core) + 2ms (specialization)
After 6ms of search (terminated): at 6ms, 151 Nodes (Infinity n/s), 1 Backtracks, 1 Fails, 0 Restarts, 1 solution(s):
	1)at 6ms, 151 Nodes (Infinity n/s), 1 Backtracks, 1 Fails, 0 Restarts, objective: 1030

36 action(s)
--- 3 ---
8 node(s); 139 VM(s); 82 constraint(s); satisfy
Building duration: 4ms (core) + 1ms (specialization)
After 8ms of search (terminated): at 8ms, 176 Nodes (Infinity n/s), 1 Backtracks, 1 Fails, 0 Restarts, 1 solution(s):
	1)at 7ms, 176 Nodes (Infinity n/s), 1 Backtracks, 1 Fails, 0 Restarts, objective: 1607

66 action(s)
--- 4 ---
8 node(s); 139 VM(s); 82 constraint(s); satisfy
Building duration: 2ms (core) + 1ms (specialization)
After 13ms of search (terminated): at 13ms, 173 Nodes (Infinity n/s), 1 Backtracks, 1 Fails, 0 Restarts, 1 solution(s):
	1)at 13ms, 173 Nodes (Infinity n/s), 1 Backtracks, 1 Fails, 0 Restarts, objective: 1655

66 action(s)
0:1 {action=migrate(vm=vm#4, from=node#2, to=node#3, bw=1000)}
1:2 {action=migrate(vm=vm#5, from=node#2, to=node#3, bw=1000)}
2:3 {action=shutdown(node=node#2)}
2:3 {action=migrate(vm=vm#2, from=node#1, to=node#3, bw=1000)}
3:4 {action=migrate(vm=vm#3, from=node#1, to=node#3, bw=1000)}
4:5 {action=migrate(vm=vm#0, from=node#0, to=node#3, bw=1000)}
4:5 {action=shutdown(node=node#1)}
5:6 {action=migrate(vm=vm#1, from=node#0, to=node#3, bw=1000)}
6:7 {action=shutdown(node=node#0)}
---- Stage 1/2 ----
4 node(s); 8 VM(s); 3 constraint(s); satisfy
Building duration: 0ms (core) + 0ms (specialization)
After 0ms of search (terminated): at 0ms, 6 Nodes (Infinity n/s), 0 Backtracks, 0 Fails, 0 Restarts, 1 solution(s):
	1)at 0ms, 6 Nodes (Infinity n/s), 0 Backtracks, 0 Fails, 0 Restarts, objective: 12

---- Stage 2/2 ----
4 node(s); 8 VM(s); 11 constraint(s); satisfy
Building duration: 0ms (core) + 1ms (specialization)
After 2ms of search (terminated): at 2ms, 32 Nodes (Infinity n/s), 25 Backtracks, 23 Fails, 0 Restarts, 1 solution(s):
	1)at 1ms, 32 Nodes (Infinity n/s), 25 Backtracks, 23 Fails, 0 Restarts, objective: 36


4 node(s); 87 VM(s) (21 managed); 1 constraint(s); satisfy; timeout: 60000s
Building duration: 0ms (core) + 1ms (specialization)
After 2ms of search (terminated): at 2ms, 27 Nodes (Infinity n/s), 0 Backtracks, 0 Fails, 0 Restarts, 1 solution(s):
	1)at 1ms, 27 Nodes (Infinity n/s), 0 Backtracks, 0 Fails, 0 Restarts, objective: 23

[INFO] Tests run: 241, Failures: 0, Errors: 0, Skipped: 0, Time elapsed: 56.037 s - in TestSuite
[INFO] 
[INFO] Results:
[INFO] 
[INFO] Tests run: 241, Failures: 0, Errors: 0, Skipped: 0
[INFO] 
[INFO] 
[INFO] --- jacoco-maven-plugin:0.8.7:report (report) @ scheduler-choco ---
[INFO] Loading execution data file /home/gabsko/breaking-updates/choco/target/jacoco.exec
[INFO] Analyzed bundle 'scheduler-choco' with 125 classes
[INFO] 
[INFO] ------------------< org.btrplace:scheduler-examples >-------------------
[INFO] Building scheduler-examples 1.12.3-SNAPSHOT                        [5/9]
[INFO] --------------------------------[ jar ]---------------------------------
[INFO] 
[INFO] --- maven-clean-plugin:2.5:clean (default-clean) @ scheduler-examples ---
[INFO] Deleting /home/gabsko/breaking-updates/examples/target
[INFO] 
[INFO] --- jacoco-maven-plugin:0.8.7:prepare-agent (default) @ scheduler-examples ---
[INFO] argLine set to -javaagent:/home/gabsko/.m2/repository/org/jacoco/org.jacoco.agent/0.8.7/org.jacoco.agent-0.8.7-runtime.jar=destfile=/home/gabsko/breaking-updates/examples/target/jacoco.exec,excludes=org/btrplace/btrpsl/**/*:org/btrplace/safeplace/**/*:org/btrplace/bench/**/*:org/btrplace/scheduler/runner/disjoint/**/*
[INFO] 
[INFO] --- maven-resources-plugin:2.6:resources (default-resources) @ scheduler-examples ---
[INFO] Using 'UTF-8' encoding to copy filtered resources.
[INFO] skip non existing resourceDirectory /home/gabsko/breaking-updates/examples/src/main/resources
[INFO] 
[INFO] --- maven-compiler-plugin:3.8.1:compile (default-compile) @ scheduler-examples ---
[INFO] Changes detected - recompiling the module!
[INFO] Compiling 7 source files to /home/gabsko/breaking-updates/examples/target/classes
[INFO] 
[INFO] --- maven-resources-plugin:2.6:testResources (default-testResources) @ scheduler-examples ---
[INFO] Using 'UTF-8' encoding to copy filtered resources.
[INFO] skip non existing resourceDirectory /home/gabsko/breaking-updates/examples/src/test/resources
[INFO] 
[INFO] --- maven-compiler-plugin:3.8.1:testCompile (default-testCompile) @ scheduler-examples ---
[INFO] Changes detected - recompiling the module!
[INFO] Compiling 1 source file to /home/gabsko/breaking-updates/examples/target/test-classes
[INFO] 
[INFO] --- maven-surefire-plugin:3.0.0-M5:test (default-test) @ scheduler-examples ---
[INFO] 
[INFO] --- jacoco-maven-plugin:0.8.7:report (report) @ scheduler-examples ---
[INFO] Skipping JaCoCo execution due to missing execution data file.
[INFO] 
[INFO] ------------------------< org.btrplace:btrpsl >-------------------------
[INFO] Building btrpsl 1.12.3-SNAPSHOT                                    [6/9]
[INFO] --------------------------------[ jar ]---------------------------------
[INFO] 
[INFO] --- maven-clean-plugin:2.5:clean (default-clean) @ btrpsl ---
[INFO] Deleting /home/gabsko/breaking-updates/btrpsl/target
[INFO] 
[INFO] --- jacoco-maven-plugin:0.8.7:prepare-agent (default) @ btrpsl ---
[INFO] argLine set to -javaagent:/home/gabsko/.m2/repository/org/jacoco/org.jacoco.agent/0.8.7/org.jacoco.agent-0.8.7-runtime.jar=destfile=/home/gabsko/breaking-updates/btrpsl/target/jacoco.exec,excludes=org/btrplace/btrpsl/**/*:org/btrplace/safeplace/**/*:org/btrplace/bench/**/*:org/btrplace/scheduler/runner/disjoint/**/*
[INFO] 
[INFO] --- antlr3-maven-plugin:3.5.2:antlr (default) @ btrpsl ---
[INFO] ANTLR: Processing source directory /home/gabsko/breaking-updates/btrpsl/src/main/antlr3
ANTLR Parser Generator  Version 3.5.2
Output file /home/gabsko/breaking-updates/btrpsl/target/generated-sources/antlr3/org/btrplace/btrpsl/antlr/ANTLRBtrplaceSL2Parser.java does not exist: must build /home/gabsko/breaking-updates/btrpsl/src/main/antlr3/org/btrplace/btrpsl/antlr/ANTLRBtrplaceSL2.g
org/btrplace/btrpsl/antlr/ANTLRBtrplaceSL2.g
[INFO] 
[INFO] --- maven-resources-plugin:2.6:resources (default-resources) @ btrpsl ---
[INFO] Using 'UTF-8' encoding to copy filtered resources.
[INFO] skip non existing resourceDirectory /home/gabsko/breaking-updates/btrpsl/src/main/resources
[INFO] 
[INFO] --- maven-compiler-plugin:3.8.1:compile (default-compile) @ btrpsl ---
[INFO] Changes detected - recompiling the module!
[INFO] Compiling 98 source files to /home/gabsko/breaking-updates/btrpsl/target/classes
[INFO] 
[INFO] --- maven-resources-plugin:2.6:testResources (default-testResources) @ btrpsl ---
[INFO] Using 'UTF-8' encoding to copy filtered resources.
[INFO] Copying 42 resources
[INFO] 
[INFO] --- maven-compiler-plugin:3.8.1:testCompile (default-testCompile) @ btrpsl ---
[INFO] Changes detected - recompiling the module!
[INFO] Compiling 31 source files to /home/gabsko/breaking-updates/btrpsl/target/test-classes
[INFO] 
[INFO] --- maven-surefire-plugin:3.0.0-M5:test (default-test) @ btrpsl ---
[INFO] 
[INFO] -------------------------------------------------------
[INFO]  T E S T S
[INFO] -------------------------------------------------------
[INFO] Running TestSuite
SLF4J: Failed to load class "org.slf4j.impl.StaticLoggerBinder".
SLF4J: Defaulting to no-operation (NOP) logger implementation
SLF4J: See http://www.slf4j.org/codes.html#StaticLoggerBinder for further details.
gather({VM1,VM2},@N1); [test 2:17] Unknown node 'N1'
[test 2:0] 'gather(set<vm>, ??)' cannot be casted to 'gather(set<VM>)'
[test 2:24] 'ban(node, set<node>)' cannot be casted to 'ban(set<VM>, set<NODE>)'
[test 2:18] Unknown node 'N1'
[test 3:2] 'fence(node, set<node>)' cannot be casted to 'fence(set<VM>, set<NODE>)'
gather({}); [test 2:7] Empty sets not allowed
[test 2:6] Unknown node 'N1'
[test 2:17] Unknown node 'N1'
[test 2:24] 'ban(set<vm>, set<vm>)' cannot be casted to 'ban(set<VM>, set<NODE>)'
gather(@N[1..10]); [test 2:13] Unknown node 'N1'
[test 3:0] 'fence(set<node>, set<node>)' cannot be casted to 'fence(set<VM>, set<NODE>)'
gather(VMa); [test 2:7] Unknown VM 'VMa'
[test 2:8] Empty sets not allowed
[test 2:19] Unknown node 'N1'
[test 2:24] 'ban(set<vm>, set<node>, node)' cannot be casted to 'ban(set<VM>, set<NODE>)'
[test 3:0] 'fence(set<vm>, set<vm>)' cannot be casted to 'fence(set<VM>, set<NODE>)'
[test 2:24] 'ban(set<vm>, set<node>, vm)' cannot be casted to 'ban(set<VM>, set<NODE>)'
[test 2:19] Unknown node 'N1'
[test 2:0] 'among(set<vm>, ??, set<vm>)' cannot be casted to 'among(set<VM>, set<set<NODE>>)'
gather(); [test 2:7] no viable alternative at input ')'
[test 3:0] 'fence(set<vm>, set<node>, vm)' cannot be casted to 'fence(set<VM>, set<NODE>)'
[test 2:24] 'ban(set<vm>, set<node>, node)' cannot be casted to 'ban(set<VM>, set<NODE>)'
[test 2:19] Unknown node 'N1'
[test 2:22] Unknown node 'N1'
[test 2:24] 'ban(set<vm>, set<set<node>>)' cannot be casted to 'ban(set<VM>, set<NODE>)'
[test 3:0] 'fence(set<vm>, set<node>, node)' cannot be casted to 'fence(set<VM>, set<NODE>)'
[test 2:15] Empty sets not allowed
[test 2:28] Empty sets not allowed
[test 2:6] Empty sets not allowed
[test 2:9] Empty sets not allowed
[test 3:0] 'fence(set<vm>, set<set<node>>)' cannot be casted to 'fence(set<VM>, set<NODE>)'
[test 2:32] Empty sets not allowed
>>killed({}); [test 2:33] Empty sets not allowed
[test 3:6] Empty sets not allowed
[test 2:28] Empty sets not allowed
[test 2:31] Empty sets not allowed
killed({@N1}); [test 2:24] 'killed(set<node>)' cannot be casted to 'killed(set<VM>)'
[test 3:10] Empty sets not allowed
>>killed({VM[1..5]}); [test 2:26] 'killed(set<set<vm>>)' cannot be casted to 'killed(set<VM>)'
[test 3:6] Empty sets not allowed
[test 3:9] Empty sets not allowed
lonely({VM1,VM2},{VM3}); [test 2:0] 'lonely(set<vm>, set<vm>)' cannot be casted to 'lonely(set<VM>)'
lonely({}); [test 2:7] Empty sets not allowed
lonely(@N[1..10]); [test 2:13] Unknown node 'N1'
lonely(VMa); [test 2:7] Unknown VM 'VMa'
maxOnline({VM1,VM2},{VM3}); [test 2:0] 'maxOnline(set<vm>, set<vm>)' cannot be casted to 'maxOnline(set<NODE>, number)'
lonely(); [test 2:7] no viable alternative at input ')'
offline({}); [test 2:32] Empty sets not allowed
maxOnline({}); [test 2:10] Empty sets not allowed
[test 2:0] 'maxOnline(??)' cannot be casted to 'maxOnline(set<NODE>, number)'
maxOnline(@N[1..10]); [test 2:16] Unknown node 'N1'
[test 2:0] 'maxOnline(??)' cannot be casted to 'maxOnline(set<NODE>, number)'
>>online({}); [test 3:9] Empty sets not allowed
>>offline({VM7}); [test 2:26] 'offline(set<vm>)' cannot be casted to 'offline(set<NODE>)'
>>online({VM7}); [test 3:2] 'online(set<vm>)' cannot be casted to 'online(set<NODE>)'
maxOnline({@N2}, 2.5); [test 2:11] Unknown node 'N2'
offline({@N[1..5]}); [test 2:24] 'offline(set<set<node>>)' cannot be casted to 'offline(set<NODE>)'
online({@N[1..5]}); [test 3:0] 'online(set<set<node>>)' cannot be casted to 'online(set<NODE>)'
maxOnline({@N2}, -2); [test 2:11] Unknown node 'N2'
overbook({@N1,@N2},-1); [test 3:0] 'overbook(set<node>, number)' cannot be casted to 'overbook(set<NODE>, string, number)'
preserve({VM1,VM2},"foo", -1); [test 3:0] Parameter '$r' expects a positive integer (-1 given)
maxOnline(); [test 2:10] no viable alternative at input ')'
[test 2:0] 'maxOnline(??)' cannot be casted to 'maxOnline(set<NODE>, number)'
overbook("foo",-1); [test 3:0] 'overbook(string, number)' cannot be casted to 'overbook(set<NODE>, string, number)'
preserve({VM1,VM2},"foo", 1.2); [test 3:0] Parameter '$r' expects an integer
>>overbook({},5); [test 3:11] Empty sets not allowed
[test 3:2] 'overbook(??, number)' cannot be casted to 'overbook(set<NODE>, string, number)'
preserve("foo",-1); [test 3:0] 'preserve(string, number)' cannot be casted to 'preserve(set<VM>, string, number)'
quarantine({}); [test 3:11] Empty sets not allowed
overbook(@N[1,3,5]); [test 3:0] 'overbook(set<node>)' cannot be casted to 'overbook(set<NODE>, string, number)'
quarantine({VM7}); [test 3:0] 'quarantine(set<vm>)' cannot be casted to 'quarantine(set<NODE>)'
ready({}); [test 2:30] Empty sets not allowed
preserve({},5); [test 3:9] Empty sets not allowed
[test 3:0] 'preserve(??, number)' cannot be casted to 'preserve(set<VM>, string, number)'
>>overbook(@N[1,3,5,15],"foo"); [test 3:2] 'overbook(set<node>, string)' cannot be casted to 'overbook(set<NODE>, string, number)'
preserve(VM[1,3,5]); [test 3:0] 'preserve(set<vm>)' cannot be casted to 'preserve(set<VM>, string, number)'
ready({@N1}); [test 2:24] 'ready(set<node>)' cannot be casted to 'ready(set<VM>)'
overbook(5); [test 3:0] 'overbook(number)' cannot be casted to 'overbook(set<NODE>, string, number)'
>>quarantine(@N1); [test 3:2] Discrete restriction is not supported by constraint 'quarantine'
preserve(VM[1,3,5,15],"foo"); [test 3:18] Unknown VM 'VM15'
[test 3:0] 'preserve(??, string)' cannot be casted to 'preserve(set<VM>, string, number)'
quarantine({@N[1..5]}); [test 3:0] 'quarantine(set<set<node>>)' cannot be casted to 'quarantine(set<NODE>)'
>>ready({VM[1..5]}); [test 2:26] 'ready(set<set<vm>>)' cannot be casted to 'ready(set<VM>)'
>>resourceCapacity({@N1,@N2},"foo", -1); [test 3:2] Parameter '$nb' expects a positive integer (-1 given)
resourceCapacity({},"foo", 5); [test 3:17] Empty sets not allowed
>>resourceCapacity(@N[1,3,5]); [test 3:2] 'resourceCapacity(set<node>)' cannot be casted to 'resourceCapacity(set<NODE>, string, number)'
resourceCapacity("foo"); [test 3:0] 'resourceCapacity(string)' cannot be casted to 'resourceCapacity(set<NODE>, string, number)'
root({VM1,VM2},@N1); [test 2:15] Unknown node 'N1'
[test 2:0] 'root(set<vm>, ??)' cannot be casted to 'root(set<VM>)'
root({}); [test 2:5] Empty sets not allowed
resourceCapacity(VM[1..3],"foo", 3); [test 3:0] 'resourceCapacity(set<vm>, string, number)' cannot be casted to 'resourceCapacity(set<NODE>, string, number)'
root(@N[1..10]); [test 2:11] Unknown node 'N1'
>>running({}); [test 2:34] Empty sets not allowed
root(VMa); [test 2:5] Unknown VM 'VMa'
>>resourceCapacity(@N[1..3],"foo", 3.2); [test 3:2] Parameter '$nb' expects an integer
runningCapacity({@N1,@N2},-1); [test 3:0] Parameter '$nb' expects a positive integer (-1 given)
root(); [test 2:5] no viable alternative at input ')'
resourceCapacity(5); [test 3:0] 'resourceCapacity(number)' cannot be casted to 'resourceCapacity(set<NODE>, string, number)'
>>running({@N1}); [test 2:26] 'running(set<node>)' cannot be casted to 'running(set<VM>)'
runningCapacity({@N1,@N2},1.2); [test 3:0] Parameter '$nb' expects an integer
resourceCapacity("bar", "foo", 5); [test 3:0] 'resourceCapacity(string, string, number)' cannot be casted to 'resourceCapacity(set<NODE>, string, number)'
>>running({VM[1..5]}); [test 2:26] 'running(set<set<vm>>)' cannot be casted to 'running(set<VM>)'
>>root({VM1}); [test 2:2] Discrete restriction is not supported by constraint 'root'
>>runningCapacity({},5); [test 3:18] Empty sets not allowed
runningCapacity(@N[1,3,5]); [test 3:0] 'runningCapacity(set<node>)' cannot be casted to 'runningCapacity(set<NODE>, number)'
>>runningCapacity(@N[1,3,5,15]); [test 3:2] 'runningCapacity(set<node>)' cannot be casted to 'runningCapacity(set<NODE>, number)'
seq({VM1,VM2},{VM3}); [test 2:0] 'seq(set<vm>, set<vm>)' cannot be casted to 'seq(set<VM>)'
runningCapacity(VM[1..3],3); [test 3:0] 'runningCapacity(set<vm>, number)' cannot be casted to 'runningCapacity(set<NODE>, number)'
seq({}); [test 2:4] Empty sets not allowed
>>sleeping({}); [test 2:35] Empty sets not allowed
seq(@N[1..10]); [test 2:10] Unknown node 'N1'
runningCapacity(5); [test 3:0] 'runningCapacity(number)' cannot be casted to 'runningCapacity(set<NODE>, number)'
seq(VMa); [test 2:4] Unknown VM 'VMa'
>>splitAmong({VM1},{VM2},{VM3}); [test 3:2] 'splitAmong(set<vm>, set<vm>, set<vm>)' cannot be casted to 'splitAmong(set<set<VM>>, set<set<NODE>>)'
>>sleeping({@N1}); [test 2:26] 'sleeping(set<node>)' cannot be casted to 'sleeping(set<VM>)'
split({VM1},{VM2},{VM3}); [test 3:0] 'split(set<vm>, set<vm>, set<vm>)' cannot be casted to 'split(set<set<VM>>)'
seq(); [test 2:4] no viable alternative at input ')'
>>sleeping({VM[1..5]}); [test 2:26] 'sleeping(set<set<vm>>)' cannot be casted to 'sleeping(set<VM>)'
splitAmong({{VM1}}, {{}}); [test 3:21] Empty sets not allowed
>>seq(VM[1..5]); [test 2:2] Discrete restriction is not supported by constraint 'seq'
split({VM1},{}); [test 3:12] Empty sets not allowed
[test 3:0] 'split(set<vm>, ??)' cannot be casted to 'split(set<set<VM>>)'
splitAmong({{}},{@N[1..2],@N[3..5]}); [test 3:12] Empty sets not allowed
split({},{VM1}); [test 3:6] Empty sets not allowed
[test 3:0] 'split(??, set<vm>)' cannot be casted to 'split(set<set<VM>>)'
spread({VM1,VM2},{VM3}); [test 2:0] 'spread(set<vm>, set<vm>)' cannot be casted to 'spread(set<VM>)'
splitAmong({@N[1..5],@N[6..10]},{@VM[1..5],VM[6..10]}); [test 3:40] Unknown node 'VM1'
[test 3:0] 'splitAmong(set<set<node>>, ??)' cannot be casted to 'splitAmong(set<set<VM>>, set<set<NODE>>)'
spread({}); [test 2:7] Empty sets not allowed
split(@N[1..5],@VM[1..5]); [test 3:22] Unknown node 'VM1'
[test 3:0] 'split(set<node>, ??)' cannot be casted to 'split(set<set<VM>>)'
spread(@N[1..10]); [test 2:13] Unknown node 'N1'
spread(VMa); [test 2:7] Unknown VM 'VMa'
>>split(VM[1..5],@N[1..5]); [test 3:2] 'split(set<vm>, set<node>)' cannot be casted to 'split(set<set<VM>>)'
spread(); [test 2:7] no viable alternative at input ')'
split({VM[1..5]},{VM1}); [test 3:0] 'split(set<set<vm>>, set<vm>)' cannot be casted to 'split(set<set<VM>>)'
split(VM[1..5],{{VM1}}); [test 3:0] 'split(set<vm>, set<set<vm>>)' cannot be casted to 'split(set<set<VM>>)'
$a = VM[1..12]; [test 3:11] Unknown VM 'VM11'
a
|- b
   |- in.toto
   \- in.titi
\- c
   |- out.foo
   \- out.bar

{{2, 1}, {2, 3}, {3, 1}}
org.btrplace.btrpsl.ScriptBuilderException: [foo 2:19] mismatched input '<EOF>' expecting ')'
org.btrplace.btrpsl.ScriptBuilderException: [foo 1:23] Node '@N1' already created
org.btrplace.btrpsl.ScriptBuilderException: [test.template 3:3] Unable to add a 'vm' to a 'set<vm>'
[test.template 4:23] Unknown node 'N1'
[test.template 5:3] Unable to add a 'number' to a 'set<vm>'
[test.template 6:3] Unable to subtract a 'set<set<vm>>' from a 'set<vm>'
[test.template 7:17] Unknown node 'N1'
[test.template 8:20] Unknown node 'N1'
[test.template 9:20] Unknown VM 'VM21'
[test.template 10:8] Unknown VM 'VM22'
org.btrplace.btrpsl.ScriptBuilderException: [foo 1:23] 0 already implements 't1'. Redefinition is not allowed
org.btrplace.btrpsl.ScriptBuilderException: [foo 1:23] VM 'foo.VM1' already created
{range.VM5, range.VMbaz, range.VM7, range.VMzip, range.VM15, range.VM9, range.VM10, range.VM11, range.VM12}
[INFO] Tests run: 271, Failures: 0, Errors: 0, Skipped: 0, Time elapsed: 1.199 s - in TestSuite
[INFO] 
[INFO] Results:
[INFO] 
[INFO] Tests run: 271, Failures: 0, Errors: 0, Skipped: 0
[INFO] 
[INFO] 
[INFO] --- jacoco-maven-plugin:0.8.7:report (report) @ btrpsl ---
[INFO] Loading execution data file /home/gabsko/breaking-updates/btrpsl/target/jacoco.exec
[INFO] Analyzed bundle 'btrpsl' with 0 classes
[INFO] 
[INFO] -----------------------< org.btrplace:safeplace >-----------------------
[INFO] Building safeplace 1.12.3-SNAPSHOT                                 [7/9]
[INFO] --------------------------------[ jar ]---------------------------------
[INFO] 
[INFO] --- maven-clean-plugin:2.5:clean (default-clean) @ safeplace ---
[INFO] Deleting /home/gabsko/breaking-updates/safeplace/target
[INFO] 
[INFO] --- jacoco-maven-plugin:0.8.7:prepare-agent (default) @ safeplace ---
[INFO] argLine set to -javaagent:/home/gabsko/.m2/repository/org/jacoco/org.jacoco.agent/0.8.7/org.jacoco.agent-0.8.7-runtime.jar=destfile=/home/gabsko/breaking-updates/safeplace/target/jacoco.exec,excludes=org/btrplace/btrpsl/**/*:org/btrplace/safeplace/**/*:org/btrplace/bench/**/*:org/btrplace/scheduler/runner/disjoint/**/*
[INFO] 
[INFO] --- antlr4-maven-plugin:4.9.3:antlr4 (default) @ safeplace ---
[INFO] ANTLR 4: Processing source directory /home/gabsko/breaking-updates/safeplace/src/main/antlr
[INFO] Processing grammar: org/btrplace/safeplace/spec/antlr/CstrSpec.g4
[WARNING] warning(180): org/btrplace/safeplace/spec/antlr/CstrSpec.g4:31:15: chars '.' used multiple times in set [1..9]
[WARNING] /home/gabsko/breaking-updates/org/btrplace/safeplace/spec/antlr/CstrSpec.g4 [31:15]: chars '.' used multiple times in set [1..9]
[WARNING] warning(180): org/btrplace/safeplace/spec/antlr/CstrSpec.g4:31:21: chars '.' used multiple times in set [0..9]
[WARNING] /home/gabsko/breaking-updates/org/btrplace/safeplace/spec/antlr/CstrSpec.g4 [31:21]: chars '.' used multiple times in set [0..9]
[INFO] 
[INFO] --- maven-resources-plugin:2.6:resources (default-resources) @ safeplace ---
[INFO] Using 'UTF-8' encoding to copy filtered resources.
[INFO] Copying 1 resource
[INFO] 
[INFO] --- maven-compiler-plugin:3.8.1:compile (default-compile) @ safeplace ---
[INFO] Changes detected - recompiling the module!
[INFO] Compiling 125 source files to /home/gabsko/breaking-updates/safeplace/target/classes
[INFO] /home/gabsko/breaking-updates/safeplace/src/main/java/org/btrplace/safeplace/spec/MyCstrSpecVisitor.java: Some input files use or override a deprecated API.
[INFO] /home/gabsko/breaking-updates/safeplace/src/main/java/org/btrplace/safeplace/spec/MyCstrSpecVisitor.java: Recompile with -Xlint:deprecation for details.
[INFO] /home/gabsko/breaking-updates/safeplace/src/main/java/org/btrplace/safeplace/spec/term/Constant.java: Some input files use unchecked or unsafe operations.
[INFO] /home/gabsko/breaking-updates/safeplace/src/main/java/org/btrplace/safeplace/spec/term/Constant.java: Recompile with -Xlint:unchecked for details.
[INFO] 
[INFO] --- maven-resources-plugin:2.6:testResources (default-testResources) @ safeplace ---
[INFO] Using 'UTF-8' encoding to copy filtered resources.
[INFO] skip non existing resourceDirectory /home/gabsko/breaking-updates/safeplace/src/test/resources
[INFO] 
[INFO] --- maven-compiler-plugin:3.8.1:testCompile (default-testCompile) @ safeplace ---
[INFO] Changes detected - recompiling the module!
[INFO] Compiling 18 source files to /home/gabsko/breaking-updates/safeplace/target/test-classes
[INFO] /home/gabsko/breaking-updates/safeplace/src/test/java/org/btrplace/safeplace/DSN.java: /home/gabsko/breaking-updates/safeplace/src/test/java/org/btrplace/safeplace/DSN.java uses or overrides a deprecated API.
[INFO] /home/gabsko/breaking-updates/safeplace/src/test/java/org/btrplace/safeplace/DSN.java: Recompile with -Xlint:deprecation for details.
[INFO] /home/gabsko/breaking-updates/safeplace/src/test/java/org/btrplace/safeplace/spec/prop/MinusTest.java: Some input files use unchecked or unsafe operations.
[INFO] /home/gabsko/breaking-updates/safeplace/src/test/java/org/btrplace/safeplace/spec/prop/MinusTest.java: Recompile with -Xlint:unchecked for details.
[INFO] 
[INFO] --- maven-surefire-plugin:3.0.0-M5:test (default-test) @ safeplace ---
[INFO] 
[INFO] -------------------------------------------------------
[INFO]  T E S T S
[INFO] -------------------------------------------------------
[INFO] Running TestSuite
set<int>
set<set<int>>
noVMsOnOfflineNodes() ::= !(n : nodes) nodeState(n) /= ONLINE --> card(hosted(n)) = 0
toRunning() ::= !(v : vms) vmState(v) = RUNNING --> ^vmState(v) : {READY, RUNNING, SLEEPING}
toReady() ::= !(v : vms) vmState(v) = READY --> ^vmState(v) : {READY, RUNNING}
toSleeping() ::= !(v : vms) vmState(v) = SLEEPING --> ^vmState(v) : {RUNNING, SLEEPING}
Among(vs <: vms, parts <<: nodes) ::= ?(g : parts) {host(i). i : vs , vmState(i) = RUNNING} <: g
Ban(v : vms, ns <: nodes) ::= vmState(v) = RUNNING --> host(v) /: ns
Fence(v : vms, ns <: nodes) ::= vmState(v) = RUNNING --> host(v) : ns
Gather(vs <: vms) ::= !(x,y : vs) (x /= y & vmState(x) = RUNNING & vmState(y) = RUNNING) --> host(x) = host(y)
Killed(v : vms) ::= vmState(v) = TERMINATED
Lonely(vs <: vms) ::= !(i : vs) vmState(i) = RUNNING --> (colocated(i) - {i}) <: vs
MaxOnline(ns <: nodes, nb : int) ::= card({i. i : ns , nodeState(i) = ONLINE}) <= nb
NoDelay(v : vms) ::= !(a : actions(v)) begin(a) = 0
Offline(n : nodes) ::= nodeState(n) = OFFLINE
Online(n : nodes) ::= nodeState(n) = ONLINE
Ready(v : vms) ::= vmState(v) = READY
ResourceCapacity(ns <: nodes, id : string, qty : int) ::= sum({capa(i, id). i : ns}) <= qty
Root(v : vms) ::= vmState(v) = RUNNING & ^vmState(v) = RUNNING --> ^host(v) = host(v)
Running(v : vms) ::= vmState(v) = RUNNING
RunningCapacity(ns <: nodes, nb : int) ::= sum({card(running(n)). n : ns}) <= nb
Seq(sched : lists(vms)) ::= !(i,j : range(sched)) i < j --> (!(ai : actions(sched[i])) !(aj : actions(sched[j])) end(aj) <= begin(aj))
Sleeping(v : vms) ::= vmState(v) = SLEEPING
Split(part <<: vms) ::= {{host(v). v : p , vmState(v) = RUNNING}. p : part} <<: nodes
Spread(vs <: vms) ::= !(x,y : vs) (x /= y & vmState(x) = RUNNING & vmState(y) = RUNNING) --> host(x) /= host(y)
Sync(vs <: vms) ::= !(v : vs) !(a,b : actions(v)) begin(a) = begin(b)
ShareableResource(id : string) ::= !(n : nodes) sum([cons(v, id). v : running(n)]) <= capa(n, id)
SplitAmong(vs <<: vms, part <<: nodes) ::= (!(v : vs) Among(v, part)) & Split(vs)
Quarantine(n : nodes) ::= (!(v : hosted(n)) Root(v)) & (!(v2 /: hosted(n)) Ban(v2, {n}))
4 ms
[INFO] Tests run: 38, Failures: 0, Errors: 0, Skipped: 0, Time elapsed: 1.778 s - in TestSuite
[INFO] 
[INFO] Results:
[INFO] 
[INFO] Tests run: 38, Failures: 0, Errors: 0, Skipped: 0
[INFO] 
[INFO] 
[INFO] --- jacoco-maven-plugin:0.8.7:report (report) @ safeplace ---
[INFO] Loading execution data file /home/gabsko/breaking-updates/safeplace/target/jacoco.exec
[INFO] Analyzed bundle 'safeplace' with 0 classes
[INFO] 
[INFO] -------------------------< org.btrplace:bench >-------------------------
[INFO] Building bench 1.12.3-SNAPSHOT                                     [8/9]
[INFO] --------------------------------[ jar ]---------------------------------
[INFO] 
[INFO] --- maven-clean-plugin:2.5:clean (default-clean) @ bench ---
[INFO] Deleting /home/gabsko/breaking-updates/bench/target
[INFO] 
[INFO] --- jacoco-maven-plugin:0.8.7:prepare-agent (default) @ bench ---
[INFO] argLine set to -javaagent:/home/gabsko/.m2/repository/org/jacoco/org.jacoco.agent/0.8.7/org.jacoco.agent-0.8.7-runtime.jar=destfile=/home/gabsko/breaking-updates/bench/target/jacoco.exec,excludes=org/btrplace/btrpsl/**/*:org/btrplace/safeplace/**/*:org/btrplace/bench/**/*:org/btrplace/scheduler/runner/disjoint/**/*
[INFO] 
[INFO] --- maven-resources-plugin:2.6:resources (default-resources) @ bench ---
[INFO] Using 'UTF-8' encoding to copy filtered resources.
[INFO] skip non existing resourceDirectory /home/gabsko/breaking-updates/bench/src/main/resources
[INFO] 
[INFO] --- maven-compiler-plugin:3.8.1:compile (default-compile) @ bench ---
[INFO] Changes detected - recompiling the module!
[INFO] Compiling 3 source files to /home/gabsko/breaking-updates/bench/target/classes
[INFO] 
[INFO] --- maven-resources-plugin:2.6:testResources (default-testResources) @ bench ---
[INFO] Using 'UTF-8' encoding to copy filtered resources.
[INFO] Copying 43 resources
[INFO] 
[INFO] --- maven-compiler-plugin:3.8.1:testCompile (default-testCompile) @ bench ---
[INFO] Changes detected - recompiling the module!
[INFO] Compiling 2 source files to /home/gabsko/breaking-updates/bench/target/test-classes
[INFO] 
[INFO] --- maven-surefire-plugin:3.0.0-M5:test (default-test) @ bench ---
[INFO] 
[INFO] -------------------------------------------------------
[INFO]  T E S T S
[INFO] -------------------------------------------------------
[INFO] Running org.btrplace.bench.BenchTest
Total Memory: 2016
Max Memory: 30688
SLF4J: Failed to load class "org.slf4j.impl.StaticLoggerBinder".
SLF4J: Defaulting to no-operation (NOP) logger implementation
SLF4J: See http://www.slf4j.org/codes.html#StaticLoggerBinder for further details.
----- /tmp/foo11047367579795256519.gz -----
3 node(s); 2 VM(s); 3 constraint(s); satisfy
Building duration: 135ms (core) + 53ms (specialization)
After 19ms of search (terminated): at 19ms, 4 Nodes (Infinity n/s), 0 Backtracks, 0 Fails, 0 Restarts, 1 solution(s):
	1)at 18ms, 4 Nodes (Infinity n/s), 0 Backtracks, 0 Fails, 0 Restarts, objective: 10


----- /tmp/foo15064198901724281023.gz -----
3 node(s); 2 VM(s); 3 constraint(s); satisfy
Building duration: 2ms (core) + 1ms (specialization)
After 5ms of search (terminated): at 5ms, 4 Nodes (Infinity n/s), 0 Backtracks, 0 Fails, 0 Restarts, 1 solution(s):
	1)at 4ms, 4 Nodes (Infinity n/s), 0 Backtracks, 0 Fails, 0 Restarts, objective: 10


----- /tmp/foo62999555312361291.gz -----
3 node(s); 2 VM(s); 3 constraint(s); satisfy
Building duration: 3ms (core) + 1ms (specialization)
After 4ms of search (terminated): at 4ms, 4 Nodes (Infinity n/s), 0 Backtracks, 0 Fails, 0 Restarts, 1 solution(s):
	1)at 3ms, 4 Nodes (Infinity n/s), 0 Backtracks, 0 Fails, 0 Restarts, objective: 10


----- /tmp/foo18044529881530009079.gz -----
3 node(s); 2 VM(s); 3 constraint(s); satisfy
Building duration: 2ms (core) + 1ms (specialization)
After 3ms of search (terminated): at 3ms, 4 Nodes (Infinity n/s), 0 Backtracks, 0 Fails, 0 Restarts, 1 solution(s):
	1)at 2ms, 4 Nodes (Infinity n/s), 0 Backtracks, 0 Fails, 0 Restarts, objective: 10


----- /tmp/foo14782512833489207712.gz -----
3 node(s); 2 VM(s); 3 constraint(s); satisfy
Building duration: 1ms (core) + 2ms (specialization)
After 6ms of search (terminated): at 6ms, 4 Nodes (Infinity n/s), 0 Backtracks, 0 Fails, 0 Restarts, 1 solution(s):
	1)at 5ms, 4 Nodes (Infinity n/s), 0 Backtracks, 0 Fails, 0 Restarts, objective: 10


/tmp/instances351202641005629890/cbfa96ac-4eee-4764-aa8f-90116b3336ac.gz
0:1 {action=boot(node=node#2)}
1:2 {action=migrate(vm=vm#1, from=node#1, to=node#2, bw=2147483647)}
2:3 {action=migrate(vm=vm#0, from=node#0, to=node#1, bw=2147483647)}
3:4 {action=shutdown(node=node#0)}
/tmp/instances351202641005629890/eb12fe80-2be6-4a23-aaa6-07faf5365477.gz
0:1 {action=boot(node=node#2)}
1:2 {action=migrate(vm=vm#1, from=node#1, to=node#2, bw=2147483647)}
2:3 {action=migrate(vm=vm#0, from=node#0, to=node#1, bw=2147483647)}
3:4 {action=shutdown(node=node#0)}
/tmp/instances351202641005629890/073a097d-5881-4a75-a121-3bccb301c8a2.gz
0:1 {action=boot(node=node#2)}
1:2 {action=migrate(vm=vm#1, from=node#1, to=node#2, bw=2147483647)}
2:3 {action=migrate(vm=vm#0, from=node#0, to=node#1, bw=2147483647)}
3:4 {action=shutdown(node=node#0)}
/tmp/instances351202641005629890/ea360cc3-4e83-4f82-89ec-270100dcacfc.gz
0:1 {action=boot(node=node#2)}
1:2 {action=migrate(vm=vm#1, from=node#1, to=node#2, bw=2147483647)}
2:3 {action=migrate(vm=vm#0, from=node#0, to=node#1, bw=2147483647)}
3:4 {action=shutdown(node=node#0)}
/tmp/instances351202641005629890/2ffce9e1-c834-40d8-b928-b1ffe583b18a.gz
0:1 {action=boot(node=node#2)}
1:2 {action=migrate(vm=vm#1, from=node#1, to=node#2, bw=2147483647)}
2:3 {action=migrate(vm=vm#0, from=node#0, to=node#1, bw=2147483647)}
3:4 {action=shutdown(node=node#0)}
Total Memory: 2016
Max Memory: 30688
.... [1/2] d_1: shutdownableNode(node#0).start=3 [0m // relocatable(vm#1).dSlice_hoster = 2 relocatable(vm#1).dSlice_hoster = 2 cste -- 0 = 0 cste -- 0 = 0 shutdownableNode(node#1).start = [0,3600] ... 
[0m..... [1/2] d_2: shutdownableNode(node#1).start=0 [0m // relocatable(vm#1).dSlice_hoster = 2 relocatable(vm#1).dSlice_hoster = 2 cste -- 0 = 0 cste -- 0 = 0 shutdownableNode(node#1).start = [0,3600] ... 
[0m...... [1/2] d_3: RP.end=4 [0m // relocatable(vm#1).dSlice_hoster = 2 relocatable(vm#1).dSlice_hoster = 2 cste -- 0 = 0 cste -- 0 = 0 shutdownableNode(node#1).start = 0 ... 
[0m3 node(s); 2 VM(s); 3 constraint(s); satisfy
Building duration: 1ms (core) + 1ms (specialization)
After 5ms of search (terminated): at 5ms, 4 Nodes (Infinity n/s), 0 Backtracks, 0 Fails, 0 Restarts, 1 solution(s):
	1)at 4ms, 4 Nodes (Infinity n/s), 0 Backtracks, 0 Fails, 0 Restarts, objective: 10

[INFO] Tests run: 2, Failures: 0, Errors: 0, Skipped: 0, Time elapsed: 1.085 s - in org.btrplace.bench.BenchTest
[INFO] 
[INFO] Results:
[INFO] 
[INFO] Tests run: 2, Failures: 0, Errors: 0, Skipped: 0
[INFO] 
[INFO] 
[INFO] --- jacoco-maven-plugin:0.8.7:report (report) @ bench ---
[INFO] Loading execution data file /home/gabsko/breaking-updates/bench/target/jacoco.exec
[INFO] Analyzed bundle 'bench' with 0 classes
[INFO] 
[INFO] -------------------------< org.btrplace:split >-------------------------
[INFO] Building scheduler-split 1.12.3-SNAPSHOT                           [9/9]
[INFO] --------------------------------[ jar ]---------------------------------
[INFO] 
[INFO] --- maven-clean-plugin:2.5:clean (default-clean) @ split ---
[INFO] Deleting /home/gabsko/breaking-updates/split/target
[INFO] 
[INFO] --- jacoco-maven-plugin:0.8.7:prepare-agent (default) @ split ---
[INFO] argLine set to -javaagent:/home/gabsko/.m2/repository/org/jacoco/org.jacoco.agent/0.8.7/org.jacoco.agent-0.8.7-runtime.jar=destfile=/home/gabsko/breaking-updates/split/target/jacoco.exec,excludes=org/btrplace/btrpsl/**/*:org/btrplace/safeplace/**/*:org/btrplace/bench/**/*:org/btrplace/scheduler/runner/disjoint/**/*
[INFO] 
[INFO] --- maven-resources-plugin:2.6:resources (default-resources) @ split ---
[INFO] Using 'UTF-8' encoding to copy filtered resources.
[INFO] skip non existing resourceDirectory /home/gabsko/breaking-updates/split/src/main/resources
[INFO] 
[INFO] --- maven-compiler-plugin:3.8.1:compile (default-compile) @ split ---
[INFO] Changes detected - recompiling the module!
[INFO] Compiling 32 source files to /home/gabsko/breaking-updates/split/target/classes
[INFO] /home/gabsko/breaking-updates/split/src/main/java/org/btrplace/scheduler/runner/disjoint/model/ElementSubSet.java: Some input files use unchecked or unsafe operations.
[INFO] /home/gabsko/breaking-updates/split/src/main/java/org/btrplace/scheduler/runner/disjoint/model/ElementSubSet.java: Recompile with -Xlint:unchecked for details.
[INFO] 
[INFO] --- maven-resources-plugin:2.6:testResources (default-testResources) @ split ---
[INFO] Using 'UTF-8' encoding to copy filtered resources.
[INFO] skip non existing resourceDirectory /home/gabsko/breaking-updates/split/src/test/resources
[INFO] 
[INFO] --- maven-compiler-plugin:3.8.1:testCompile (default-testCompile) @ split ---
[INFO] Changes detected - recompiling the module!
[INFO] Compiling 23 source files to /home/gabsko/breaking-updates/split/target/test-classes
[INFO] 
[INFO] --- maven-surefire-plugin:3.0.0-M5:test (default-test) @ split ---
[INFO] 
[INFO] -------------------------------------------------------
[INFO]  T E S T S
[INFO] -------------------------------------------------------
[INFO] Running TestSuite
[among(vms={vm#0, vm#1, vm#2}, nodes=[{node#0, node#1}], discrete)]
[]
[]
{vm#0, vm#2, vm#4, vm#6, vm#8}
node#4: vm#500 (vm#504)
node#3: vm#400 (vm#403)
node#2: vm#300 (vm#302)
node#1: vm#200 (vm#201)
node#0: (vm#100)
(node#9)
(node#8)
(node#7)
(node#6)
(node#5)
READY vm#1009 vm#1008 vm#1007 vm#1006 vm#1005 vm#1004 vm#1003 vm#1002 vm#1001 vm#1000

(node#8)
(node#6)
node#4: vm#500 (vm#504)
node#2: vm#300 (vm#302)
node#0: (vm#100)
READY vm#1008 vm#1000 vm#1002 vm#1004 vm#1006

(node#8)
(node#6)
node#4: vm#500 (vm#504)
node#2: vm#300 (vm#302)
node#0: (vm#100)
READY vm#1008 vm#1000 vm#1002 vm#1004 vm#1006

{{vm#0, vm#1, vm#5}{vm#2, vm#3, vm#6, vm#8, vm#9}{vm#4, vm#7}}
SLF4J: Failed to load class "org.slf4j.impl.StaticLoggerBinder".
SLF4J: Defaulting to no-operation (NOP) logger implementation
SLF4J: See http://www.slf4j.org/codes.html#StaticLoggerBinder for further details.

[INFO] Tests run: 38, Failures: 0, Errors: 0, Skipped: 0, Time elapsed: 0.865 s - in TestSuite
[INFO] 
[INFO] Results:
[INFO] 
[INFO] Tests run: 38, Failures: 0, Errors: 0, Skipped: 0
[INFO] 
[INFO] 
[INFO] --- jacoco-maven-plugin:0.8.7:report (report) @ split ---
[INFO] Loading execution data file /home/gabsko/breaking-updates/split/target/jacoco.exec
[INFO] Analyzed bundle 'scheduler-split' with 0 classes
[INFO] ------------------------------------------------------------------------
[INFO] Reactor Summary for scheduler 1.12.3-SNAPSHOT:
[INFO] 
[INFO] scheduler .......................................... SUCCESS [  0.266 s]
[INFO] scheduler-api ...................................... SUCCESS [  5.513 s]
[INFO] scheduler-json ..................................... SUCCESS [  1.764 s]
[INFO] scheduler-choco .................................... SUCCESS [ 58.050 s]
[INFO] scheduler-examples ................................. SUCCESS [  0.354 s]
[INFO] btrpsl ............................................. SUCCESS [  3.004 s]
[INFO] safeplace .......................................... SUCCESS [  3.966 s]
[INFO] bench .............................................. SUCCESS [  1.947 s]
[INFO] scheduler-split .................................... SUCCESS [  1.747 s]
[INFO] ------------------------------------------------------------------------
[INFO] BUILD SUCCESS
[INFO] ------------------------------------------------------------------------
[INFO] Total time:  01:17 min
[INFO] Finished at: 2023-02-05T01:00:26Z
[INFO] ------------------------------------------------------------------------
