[INFO] Scanning for projects...
[WARNING] The POM for org.jenkins-ci.tools:maven-hpi-plugin:jar:3.23 is missing, no dependency information available
[WARNING] Failed to build parent project for io.jenkins.configuration-as-code:parent:pom:999999-SNAPSHOT
[INFO] ------------------------------------------------------------------------
[INFO] Reactor Build Order:
[INFO] 
[INFO] Configuration as Code Parent                                       [pom]
[INFO] Configuration as Code Plugin                                       [hpi]
[INFO] Configuration as Code Test harness                                 [jar]
[INFO] Configuration as Code Integration tests                            [jar]
[INFO] 
[INFO] --------------< io.jenkins.configuration-as-code:parent >---------------
[INFO] Building Configuration as Code Parent 999999-SNAPSHOT              [1/4]
[INFO] --------------------------------[ pom ]---------------------------------
[INFO] 
[INFO] --- maven-clean-plugin:3.1.0:clean (default-clean) @ parent ---
[INFO] Deleting /home/gabsko/breaking-updates/target
[INFO] 
[INFO] --- maven-enforcer-plugin:3.0.0:display-info (display-info) @ parent ---
[INFO] Maven Version: 3.8.6
[INFO] JDK Version: 11.0.17 normalized as: 11.0.17
[INFO] Java Vendor: Ubuntu
[INFO] OS Info: Arch: amd64 Family: unix Name: linux Version: 5.4.0-113-generic
[INFO] 
[INFO] --- maven-enforcer-plugin:3.0.0:enforce (display-info) @ parent ---
[INFO] Adding ignore: module-info
[INFO] Ignoring requireUpperBoundDeps in org.ow2.asm:asm
[INFO] Ignoring requireUpperBoundDeps in javax.servlet:javax.servlet-api
[INFO] 
[INFO] --- maven-enforcer-plugin:3.0.0:enforce (no-snapshots-in-release) @ parent ---
[INFO] 
[INFO] --- gmavenplus-plugin:1.13.1:addTestSources (test-in-groovy) @ parent ---
[INFO] 
[INFO] --- localizer-maven-plugin:1.31:generate (default) @ parent ---
[INFO] 
[INFO] --- flatten-maven-plugin:1.2.7:flatten (flatten) @ parent ---
[INFO] Generating flattened POM of project io.jenkins.configuration-as-code:parent:pom:999999-SNAPSHOT...
[INFO] 
[INFO] --- gmavenplus-plugin:1.13.1:generateTestStubs (test-in-groovy) @ parent ---
[INFO] No sources specified for stub generation. Skipping.
[INFO] Generated 0 stubs.
[INFO] 
[INFO] --- maven-antrun-plugin:3.0.0:run (createTempDir) @ parent ---
[INFO] Executing tasks
[INFO]     [mkdir] Created dir: /home/gabsko/breaking-updates/target/tmp
[INFO] Executed tasks
[INFO] 
[INFO] --- gmavenplus-plugin:1.13.1:compileTests (test-in-groovy) @ parent ---
[INFO] No sources specified for compilation. Skipping.
[INFO] 
[INFO] --- animal-sniffer-maven-plugin:1.21:check (check) @ parent ---
[INFO] Resolved signature org.codehaus.mojo.signature:java18 version as 1.0 from dependencyManagement
[INFO] Checking unresolved references to org.codehaus.mojo.signature:java18:1.0
[INFO] 
[INFO] ------------------< io.jenkins:configuration-as-code >------------------
[INFO] Building Configuration as Code Plugin 999999-SNAPSHOT              [2/4]
[INFO] --------------------------------[ hpi ]---------------------------------
[INFO] 
[INFO] --- maven-clean-plugin:3.1.0:clean (default-clean) @ configuration-as-code ---
[INFO] Deleting /home/gabsko/breaking-updates/plugin/target
[INFO] 
[INFO] --- maven-hpi-plugin:3.23:validate (default-validate) @ configuration-as-code ---
[INFO] 
[INFO] --- maven-hpi-plugin:3.23:validate-hpi (default-validate-hpi) @ configuration-as-code ---
[INFO] 
[INFO] --- maven-enforcer-plugin:3.0.0:display-info (display-info) @ configuration-as-code ---
[INFO] Maven Version: 3.8.6
[INFO] JDK Version: 11.0.17 normalized as: 11.0.17
[INFO] Java Vendor: Ubuntu
[INFO] OS Info: Arch: amd64 Family: unix Name: linux Version: 5.4.0-113-generic
[INFO] 
[INFO] --- maven-enforcer-plugin:3.0.0:enforce (display-info) @ configuration-as-code ---
[INFO] Adding ignore: module-info
[INFO] Ignoring requireUpperBoundDeps in javax.servlet:javax.servlet-api
[INFO] Ignoring requireUpperBoundDeps in org.kohsuke:access-modifier-annotation
[INFO] Ignoring requireUpperBoundDeps in org.ow2.asm:asm
[INFO] 
[INFO] --- maven-enforcer-plugin:3.0.0:enforce (no-snapshots-in-release) @ configuration-as-code ---
[INFO] 
[INFO] --- gmavenplus-plugin:1.13.1:addTestSources (test-in-groovy) @ configuration-as-code ---
[INFO] 
[INFO] --- localizer-maven-plugin:1.31:generate (default) @ configuration-as-code ---
[INFO] 
[INFO] --- maven-resources-plugin:3.2.0:resources (default-resources) @ configuration-as-code ---
[INFO] Using 'UTF-8' encoding to copy filtered resources.
[INFO] Using 'UTF-8' encoding to copy filtered properties files.
[INFO] Copying 14 resources
[INFO] 
[INFO] --- flatten-maven-plugin:1.2.7:flatten (flatten) @ configuration-as-code ---
[INFO] Generating flattened POM of project io.jenkins:configuration-as-code:hpi:999999-SNAPSHOT...
[INFO] 
[INFO] --- maven-compiler-plugin:3.10.0:compile (default-compile) @ configuration-as-code ---
[INFO] Changes detected - recompiling the module!
[INFO] Compiling 66 source files to /home/gabsko/breaking-updates/plugin/target/classes
[INFO] /home/gabsko/breaking-updates/plugin/src/main/java/io/jenkins/plugins/casc/VersionConverter.java: Some input files use unchecked or unsafe operations.
[INFO] /home/gabsko/breaking-updates/plugin/src/main/java/io/jenkins/plugins/casc/VersionConverter.java: Recompile with -Xlint:unchecked for details.
[INFO] 
[INFO] --- access-modifier-checker:1.27:enforce (default-enforce) @ configuration-as-code ---
[INFO] 
[INFO] --- maven-hpi-plugin:3.23:insert-test (default-insert-test) @ configuration-as-code ---
[INFO] 
[INFO] --- gmavenplus-plugin:1.13.1:generateTestStubs (test-in-groovy) @ configuration-as-code ---
[INFO] No sources specified for stub generation. Skipping.
[INFO] Generated 0 stubs.
[INFO] 
[INFO] --- maven-antrun-plugin:3.0.0:run (createTempDir) @ configuration-as-code ---
[INFO] Executing tasks
[INFO]     [mkdir] Created dir: /home/gabsko/breaking-updates/plugin/target/tmp
[INFO] Executed tasks
[INFO] 
[INFO] --- maven-resources-plugin:3.2.0:testResources (default-testResources) @ configuration-as-code ---
[INFO] Using 'UTF-8' encoding to copy filtered resources.
[INFO] Using 'UTF-8' encoding to copy filtered properties files.
[INFO] Copying 17 resources
[INFO] 
[INFO] --- maven-compiler-plugin:3.10.0:testCompile (default-testCompile) @ configuration-as-code ---
[INFO] Changes detected - recompiling the module!
[INFO] Compiling 22 source files to /home/gabsko/breaking-updates/plugin/target/test-classes
[INFO] /home/gabsko/breaking-updates/plugin/src/test/java/io/jenkins/plugins/casc/yaml/YamlExportTest.java: /home/gabsko/breaking-updates/plugin/src/test/java/io/jenkins/plugins/casc/yaml/YamlExportTest.java uses unchecked or unsafe operations.
[INFO] /home/gabsko/breaking-updates/plugin/src/test/java/io/jenkins/plugins/casc/yaml/YamlExportTest.java: Recompile with -Xlint:unchecked for details.
[INFO] 
[INFO] --- maven-hpi-plugin:3.23:test-hpl (default-test-hpl) @ configuration-as-code ---
[INFO] Generating /home/gabsko/breaking-updates/plugin/target/test-classes/the.hpl
[INFO] webappDirectory does not exist, will use warSourceDirectory
[INFO] 
[INFO] --- maven-hpi-plugin:3.23:resolve-test-dependencies (default-resolve-test-dependencies) @ configuration-as-code ---
[INFO] 
[INFO] --- gmavenplus-plugin:1.13.1:compileTests (test-in-groovy) @ configuration-as-code ---
[INFO] No sources specified for compilation. Skipping.
[INFO] 
[INFO] --- maven-surefire-plugin:3.0.0-M4:test (default-test) @ configuration-as-code ---
[INFO] 
[INFO] -------------------------------------------------------
[INFO]  T E S T S
[INFO] -------------------------------------------------------
[INFO] Running InjectedTest
[INFO] Tests run: 13, Failures: 0, Errors: 0, Skipped: 0, Time elapsed: 5.987 s - in InjectedTest
[INFO] Running io.jenkins.plugins.casc.AttributeTest
[INFO] Tests run: 4, Failures: 0, Errors: 0, Skipped: 0, Time elapsed: 0.095 s - in io.jenkins.plugins.casc.AttributeTest
[INFO] Running io.jenkins.plugins.casc.IgnoreAliasEntryTest
[INFO] Tests run: 3, Failures: 0, Errors: 0, Skipped: 0, Time elapsed: 0.07 s - in io.jenkins.plugins.casc.IgnoreAliasEntryTest
[INFO] Running io.jenkins.plugins.casc.SecretSourceResolverTest
[WARNING] ForkStarter IOException: Unable to create file for report: No space left on device. See the dump file /home/gabsko/breaking-updates/plugin/target/surefire-reports/2023-02-05T06-25-58_752-jvmRun1.dumpstream
[INFO] Running io.jenkins.plugins.casc.TokenReloadCrumbExclusionTest
[INFO] Tests run: 3, Failures: 0, Errors: 0, Skipped: 0, Time elapsed: 0.099 s - in io.jenkins.plugins.casc.TokenReloadCrumbExclusionTest
[INFO] Running io.jenkins.plugins.casc.UnknownRootElementTest
[WARNING] ForkStarter IOException: Unable to create file for report: No space left on device. See the dump file /home/gabsko/breaking-updates/plugin/target/surefire-reports/2023-02-05T06-25-58_752-jvmRun1.dumpstream
[INFO] 
[INFO] Results:
[INFO] 
[INFO] Tests run: 23, Failures: 0, Errors: 0, Skipped: 0
[INFO] 
[INFO] ------------------------------------------------------------------------
[INFO] Reactor Summary for Configuration as Code Parent 999999-SNAPSHOT:
[INFO] 
[INFO] Configuration as Code Parent ....................... SUCCESS [  2.973 s]
[INFO] Configuration as Code Plugin ....................... FAILURE [ 19.630 s]
[INFO] Configuration as Code Test harness ................. SKIPPED
[INFO] Configuration as Code Integration tests ............ SKIPPED
[INFO] ------------------------------------------------------------------------
[INFO] BUILD FAILURE
[INFO] ------------------------------------------------------------------------
[INFO] Total time:  23.495 s
[INFO] Finished at: 2023-02-05T06:26:13Z
[INFO] ------------------------------------------------------------------------
[ERROR] Failed to execute goal org.apache.maven.plugins:maven-surefire-plugin:3.0.0-M4:test (default-test) on project configuration-as-code: There are test failures.
[ERROR] 
[ERROR] Please refer to /home/gabsko/breaking-updates/plugin/target/surefire-reports for the individual test results.
[ERROR] Please refer to dump files (if any exist) [date].dump, [date]-jvmRun[N].dump and [date].dumpstream.
[ERROR] ExecutionException Error creating properties files for forking
[ERROR] ExecutionException Error creating properties files for forking
[ERROR] ExecutionException Error creating properties files for forking
[ERROR] ExecutionException Error creating properties files for forking
[ERROR] ExecutionException Error creating properties files for forking
[ERROR] ExecutionException Error creating properties files for forking
[ERROR] ExecutionException Error creating properties files for forking
[ERROR] ExecutionException Error creating properties files for forking
[ERROR] ExecutionException Error creating properties files for forking
[ERROR] ExecutionException Error creating properties files for forking
[ERROR] org.apache.maven.surefire.booter.SurefireBooterForkException: ExecutionException Error creating properties files for forking
[ERROR] ExecutionException Error creating properties files for forking
[ERROR] ExecutionException Error creating properties files for forking
[ERROR] ExecutionException Error creating properties files for forking
[ERROR] ExecutionException Error creating properties files for forking
[ERROR] ExecutionException Error creating properties files for forking
[ERROR] ExecutionException Error creating properties files for forking
[ERROR] ExecutionException Error creating properties files for forking
[ERROR] ExecutionException Error creating properties files for forking
[ERROR] ExecutionException Error creating properties files for forking
[ERROR] 	at org.apache.maven.plugin.surefire.booterclient.ForkStarter.awaitResultsDone(ForkStarter.java:513)
[ERROR] 	at org.apache.maven.plugin.surefire.booterclient.ForkStarter.runSuitesForkPerTestSet(ForkStarter.java:460)
[ERROR] 	at org.apache.maven.plugin.surefire.booterclient.ForkStarter.run(ForkStarter.java:301)
[ERROR] 	at org.apache.maven.plugin.surefire.booterclient.ForkStarter.run(ForkStarter.java:249)
[ERROR] 	at org.apache.maven.plugin.surefire.AbstractSurefireMojo.executeProvider(AbstractSurefireMojo.java:1217)
[ERROR] 	at org.apache.maven.plugin.surefire.AbstractSurefireMojo.executeAfterPreconditionsChecked(AbstractSurefireMojo.java:1063)
[ERROR] 	at org.apache.maven.plugin.surefire.AbstractSurefireMojo.execute(AbstractSurefireMojo.java:889)
[ERROR] 	at org.apache.maven.plugin.DefaultBuildPluginManager.executeMojo(DefaultBuildPluginManager.java:137)
[ERROR] 	at org.apache.maven.lifecycle.internal.MojoExecutor.doExecute2(MojoExecutor.java:370)
[ERROR] 	at org.apache.maven.lifecycle.internal.MojoExecutor.doExecute(MojoExecutor.java:351)
[ERROR] 	at org.apache.maven.lifecycle.internal.MojoExecutor.execute(MojoExecutor.java:215)
[ERROR] 	at org.apache.maven.lifecycle.internal.MojoExecutor.execute(MojoExecutor.java:171)
[ERROR] 	at org.apache.maven.lifecycle.internal.MojoExecutor.execute(MojoExecutor.java:163)
[ERROR] 	at org.apache.maven.lifecycle.internal.LifecycleModuleBuilder.buildProject(LifecycleModuleBuilder.java:117)
[ERROR] 	at org.apache.maven.lifecycle.internal.LifecycleModuleBuilder.buildProject(LifecycleModuleBuilder.java:81)
[ERROR] 	at org.apache.maven.lifecycle.internal.builder.singlethreaded.SingleThreadedBuilder.build(SingleThreadedBuilder.java:56)
[ERROR] 	at org.apache.maven.lifecycle.internal.LifecycleStarter.execute(LifecycleStarter.java:128)
[ERROR] 	at org.apache.maven.DefaultMaven.doExecute(DefaultMaven.java:294)
[ERROR] 	at org.apache.maven.DefaultMaven.doExecute(DefaultMaven.java:192)
[ERROR] 	at org.apache.maven.DefaultMaven.execute(DefaultMaven.java:105)
[ERROR] 	at org.apache.maven.cli.MavenCli.execute(MavenCli.java:960)
[ERROR] 	at org.apache.maven.cli.MavenCli.doMain(MavenCli.java:293)
[ERROR] 	at org.apache.maven.cli.MavenCli.main(MavenCli.java:196)
[ERROR] 	at java.base/jdk.internal.reflect.NativeMethodAccessorImpl.invoke0(Native Method)
[ERROR] 	at java.base/jdk.internal.reflect.NativeMethodAccessorImpl.invoke(NativeMethodAccessorImpl.java:62)
[ERROR] 	at java.base/jdk.internal.reflect.DelegatingMethodAccessorImpl.invoke(DelegatingMethodAccessorImpl.java:43)
[ERROR] 	at java.base/java.lang.reflect.Method.invoke(Method.java:566)
[ERROR] 	at org.codehaus.plexus.classworlds.launcher.Launcher.launchEnhanced(Launcher.java:282)
[ERROR] 	at org.codehaus.plexus.classworlds.launcher.Launcher.launch(Launcher.java:225)
[ERROR] 	at org.codehaus.plexus.classworlds.launcher.Launcher.mainWithExitCode(Launcher.java:406)
[ERROR] 	at org.codehaus.plexus.classworlds.launcher.Launcher.main(Launcher.java:347)
[ERROR] Caused by: org.apache.maven.surefire.booter.SurefireBooterForkException: Error creating properties files for forking
[ERROR] 	at org.apache.maven.plugin.surefire.booterclient.ForkStarter.fork(ForkStarter.java:577)
[ERROR] 	at org.apache.maven.plugin.surefire.booterclient.ForkStarter.access$600(ForkStarter.java:118)
[ERROR] 	at org.apache.maven.plugin.surefire.booterclient.ForkStarter$2.call(ForkStarter.java:447)
[ERROR] 	at org.apache.maven.plugin.surefire.booterclient.ForkStarter$2.call(ForkStarter.java:423)
[ERROR] 	at java.base/java.util.concurrent.FutureTask.run(FutureTask.java:264)
[ERROR] 	at java.base/java.util.concurrent.ThreadPoolExecutor.runWorker(ThreadPoolExecutor.java:1128)
[ERROR] 	at java.base/java.util.concurrent.ThreadPoolExecutor$Worker.run(ThreadPoolExecutor.java:628)
[ERROR] 	at java.base/java.lang.Thread.run(Thread.java:829)
[ERROR] Caused by: java.io.IOException: No space left on device
[ERROR] 	at java.base/java.io.FileOutputStream.writeBytes(Native Method)
[ERROR] 	at java.base/java.io.FileOutputStream.write(FileOutputStream.java:354)
[ERROR] 	at java.base/sun.nio.cs.StreamEncoder.writeBytes(StreamEncoder.java:233)
[ERROR] 	at java.base/sun.nio.cs.StreamEncoder.implWrite(StreamEncoder.java:303)
[ERROR] 	at java.base/sun.nio.cs.StreamEncoder.implWrite(StreamEncoder.java:281)
[ERROR] 	at java.base/sun.nio.cs.StreamEncoder.write(StreamEncoder.java:125)
[ERROR] 	at java.base/java.io.OutputStreamWriter.write(OutputStreamWriter.java:208)
[ERROR] 	at java.base/java.io.BufferedWriter.flushBuffer(BufferedWriter.java:120)
[ERROR] 	at java.base/java.io.BufferedWriter.write(BufferedWriter.java:233)
[ERROR] 	at java.base/java.io.Writer.write(Writer.java:249)
[ERROR] 	at java.base/java.util.Properties.store0(Properties.java:943)
[ERROR] 	at java.base/java.util.Properties.store(Properties.java:921)
[ERROR] 	at org.apache.maven.surefire.booter.SystemPropertyManager.writePropertiesFile(SystemPropertyManager.java:93)
[ERROR] 	at org.apache.maven.surefire.booter.SystemPropertyManager.writePropertiesFile(SystemPropertyManager.java:83)
[ERROR] 	at org.apache.maven.plugin.surefire.booterclient.BooterSerializer.serialize(BooterSerializer.java:186)
[ERROR] 	at org.apache.maven.plugin.surefire.booterclient.ForkStarter.fork(ForkStarter.java:556)
[ERROR] 	... 7 more
[ERROR] -> [Help 1]
[ERROR] 
[ERROR] To see the full stack trace of the errors, re-run Maven with the -e switch.
[ERROR] Re-run Maven using the -X switch to enable full debug logging.
[ERROR] 
[ERROR] For more information about the errors and possible solutions, please read the following articles:
[ERROR] [Help 1] http://cwiki.apache.org/confluence/display/MAVEN/MojoExecutionException
[ERROR] 
[ERROR] After correcting the problems, you can resume the build with the command
[ERROR]   mvn <args> -rf :configuration-as-code
