[INFO] Scanning for projects...
[INFO] Inspecting build with total of 5 modules...
[INFO] Installing Nexus Staging features:
[INFO]   ... total of 5 executions of maven-deploy-plugin replaced with nexus-staging-maven-plugin
[INFO] ------------------------------------------------------------------------
[INFO] Reactor Build Order:
[INFO] 
[INFO] Google Cloud Pub/Sub Parent                                        [pom]
[INFO] proto-google-cloud-pubsub-v1                                       [jar]
[INFO] grpc-google-cloud-pubsub-v1                                        [jar]
[INFO] Google Cloud Pub/Sub                                               [jar]
[INFO] Google Cloud pubsub BOM                                            [pom]
[INFO] 
[INFO] ------------< com.google.cloud:google-cloud-pubsub-parent >-------------
[INFO] Building Google Cloud Pub/Sub Parent 1.119.2-SNAPSHOT              [1/5]
[INFO] --------------------------------[ pom ]---------------------------------
[INFO] 
[INFO] --- maven-clean-plugin:2.5:clean (default-clean) @ google-cloud-pubsub-parent ---
[INFO] Deleting /home/gabsko/breaking-updates/target
[INFO] 
[INFO] --- maven-enforcer-plugin:3.0.0-M3:enforce (enforce) @ google-cloud-pubsub-parent ---
[INFO] Adding ignore: module-info
[INFO] Adding ignore: META-INF/versions/*/module-info
[INFO] 
[INFO] --- maven-checkstyle-plugin:3.1.2:check (checkstyle) @ google-cloud-pubsub-parent ---
[INFO] Starting audit...
Audit done.
[INFO] You have 0 Checkstyle violations.
[INFO] 
[INFO] --- jacoco-maven-plugin:0.8.8:prepare-agent (default) @ google-cloud-pubsub-parent ---
[INFO] argLine set to -javaagent:/home/gabsko/.m2/repository/org/jacoco/org.jacoco.agent/0.8.8/org.jacoco.agent-0.8.8-runtime.jar=destfile=/home/gabsko/breaking-updates/target/jacoco.exec
[INFO] 
[INFO] --- build-helper-maven-plugin:3.3.0:add-resource (add-main-proto-resources) @ google-cloud-pubsub-parent ---
[INFO] 
[INFO] --- build-helper-maven-plugin:3.3.0:add-test-resource (add-test-proto-resources) @ google-cloud-pubsub-parent ---
[INFO] 
[INFO] --- animal-sniffer-maven-plugin:1.20:check (java8) @ google-cloud-pubsub-parent ---
[INFO] Checking unresolved references to org.codehaus.mojo.signature:java18:1.0
[INFO] 
[INFO] --- jacoco-maven-plugin:0.8.8:report (report) @ google-cloud-pubsub-parent ---
[INFO] Skipping JaCoCo execution due to missing execution data file.
[INFO] 
[INFO] ----------< com.google.api.grpc:proto-google-cloud-pubsub-v1 >----------
[INFO] Building proto-google-cloud-pubsub-v1 1.101.2-SNAPSHOT             [2/5]
[INFO] --------------------------------[ jar ]---------------------------------
[INFO] 
[INFO] --- maven-clean-plugin:2.5:clean (default-clean) @ proto-google-cloud-pubsub-v1 ---
[INFO] Deleting /home/gabsko/breaking-updates/proto-google-cloud-pubsub-v1/target
[INFO] 
[INFO] --- flatten-maven-plugin:1.2.7:clean (flatten.clean) @ proto-google-cloud-pubsub-v1 ---
[INFO] Deleting /home/gabsko/breaking-updates/proto-google-cloud-pubsub-v1/.flattened-pom.xml
[INFO] 
[INFO] --- maven-enforcer-plugin:3.0.0-M3:enforce (enforce) @ proto-google-cloud-pubsub-v1 ---
[INFO] Adding ignore: module-info
[INFO] Adding ignore: META-INF/versions/*/module-info
[INFO] 
[INFO] --- maven-checkstyle-plugin:3.1.2:check (checkstyle) @ proto-google-cloud-pubsub-v1 ---
[INFO] Starting audit...
Audit done.
[INFO] You have 0 Checkstyle violations.
[INFO] 
[INFO] --- jacoco-maven-plugin:0.8.8:prepare-agent (default) @ proto-google-cloud-pubsub-v1 ---
[INFO] argLine set to -javaagent:/home/gabsko/.m2/repository/org/jacoco/org.jacoco.agent/0.8.8/org.jacoco.agent-0.8.8-runtime.jar=destfile=/home/gabsko/breaking-updates/proto-google-cloud-pubsub-v1/target/jacoco.exec
[INFO] 
[INFO] --- build-helper-maven-plugin:3.3.0:add-resource (add-main-proto-resources) @ proto-google-cloud-pubsub-v1 ---
[INFO] 
[INFO] --- maven-resources-plugin:2.6:resources (default-resources) @ proto-google-cloud-pubsub-v1 ---
[INFO] Using 'UTF-8' encoding to copy filtered resources.
[INFO] skip non existing resourceDirectory /home/gabsko/breaking-updates/proto-google-cloud-pubsub-v1/src/main/resources
[INFO] Copying 2 resources
[INFO] 
[INFO] --- flatten-maven-plugin:1.2.7:flatten (flatten) @ proto-google-cloud-pubsub-v1 ---
[INFO] Generating flattened POM of project com.google.api.grpc:proto-google-cloud-pubsub-v1:jar:1.101.2-SNAPSHOT...
[INFO] 
[INFO] --- maven-compiler-plugin:3.10.1:compile (default-compile) @ proto-google-cloud-pubsub-v1 ---
[INFO] Changes detected - recompiling the module!
[INFO] Compiling 125 source files to /home/gabsko/breaking-updates/proto-google-cloud-pubsub-v1/target/classes
[WARNING] /home/gabsko/breaking-updates/proto-google-cloud-pubsub-v1/src/main/java/com/google/pubsub/v1/ProjectTopicName.java:[52,45] TopicName() in com.google.pubsub.v1.TopicName has been deprecated
[WARNING] /home/gabsko/breaking-updates/proto-google-cloud-pubsub-v1/src/main/java/com/google/pubsub/v1/DeletedTopic.java:[31,26] TopicName() in com.google.pubsub.v1.TopicName has been deprecated
[INFO] 
[INFO] --- build-helper-maven-plugin:3.3.0:add-test-resource (add-test-proto-resources) @ proto-google-cloud-pubsub-v1 ---
[INFO] 
[INFO] --- maven-resources-plugin:2.6:testResources (default-testResources) @ proto-google-cloud-pubsub-v1 ---
[INFO] Using 'UTF-8' encoding to copy filtered resources.
[INFO] skip non existing resourceDirectory /home/gabsko/breaking-updates/proto-google-cloud-pubsub-v1/src/test/resources
[INFO] skip non existing resourceDirectory /home/gabsko/breaking-updates/proto-google-cloud-pubsub-v1/src/test/proto
[INFO] 
[INFO] --- maven-compiler-plugin:3.10.1:testCompile (default-testCompile) @ proto-google-cloud-pubsub-v1 ---
[INFO] No sources to compile
[INFO] 
[INFO] --- animal-sniffer-maven-plugin:1.20:check (java8) @ proto-google-cloud-pubsub-v1 ---
[INFO] Checking unresolved references to org.codehaus.mojo.signature:java18:1.0
[INFO] 
[INFO] --- maven-surefire-plugin:3.0.0-M7:test (default-test) @ proto-google-cloud-pubsub-v1 ---
[INFO] No tests to run.
[INFO] 
[INFO] --- jacoco-maven-plugin:0.8.8:report (report) @ proto-google-cloud-pubsub-v1 ---
[INFO] Skipping JaCoCo execution due to missing execution data file.
[INFO] 
[INFO] ----------< com.google.api.grpc:grpc-google-cloud-pubsub-v1 >-----------
[INFO] Building grpc-google-cloud-pubsub-v1 1.101.2-SNAPSHOT              [3/5]
[INFO] --------------------------------[ jar ]---------------------------------
[INFO] 
[INFO] --- maven-clean-plugin:2.5:clean (default-clean) @ grpc-google-cloud-pubsub-v1 ---
[INFO] Deleting /home/gabsko/breaking-updates/grpc-google-cloud-pubsub-v1/target
[INFO] 
[INFO] --- flatten-maven-plugin:1.2.7:clean (flatten.clean) @ grpc-google-cloud-pubsub-v1 ---
[INFO] Deleting /home/gabsko/breaking-updates/grpc-google-cloud-pubsub-v1/.flattened-pom.xml
[INFO] 
[INFO] --- maven-enforcer-plugin:3.0.0-M3:enforce (enforce) @ grpc-google-cloud-pubsub-v1 ---
[INFO] Adding ignore: module-info
[INFO] Adding ignore: META-INF/versions/*/module-info
[INFO] 
[INFO] --- maven-checkstyle-plugin:3.1.2:check (checkstyle) @ grpc-google-cloud-pubsub-v1 ---
[INFO] Starting audit...
Audit done.
[INFO] You have 0 Checkstyle violations.
[INFO] 
[INFO] --- jacoco-maven-plugin:0.8.8:prepare-agent (default) @ grpc-google-cloud-pubsub-v1 ---
[INFO] argLine set to -javaagent:/home/gabsko/.m2/repository/org/jacoco/org.jacoco.agent/0.8.8/org.jacoco.agent-0.8.8-runtime.jar=destfile=/home/gabsko/breaking-updates/grpc-google-cloud-pubsub-v1/target/jacoco.exec
[INFO] 
[INFO] --- build-helper-maven-plugin:3.3.0:add-resource (add-main-proto-resources) @ grpc-google-cloud-pubsub-v1 ---
[INFO] 
[INFO] --- maven-resources-plugin:2.6:resources (default-resources) @ grpc-google-cloud-pubsub-v1 ---
[INFO] Using 'UTF-8' encoding to copy filtered resources.
[INFO] skip non existing resourceDirectory /home/gabsko/breaking-updates/grpc-google-cloud-pubsub-v1/src/main/resources
[INFO] skip non existing resourceDirectory /home/gabsko/breaking-updates/grpc-google-cloud-pubsub-v1/src/main/proto
[INFO] 
[INFO] --- flatten-maven-plugin:1.2.7:flatten (flatten) @ grpc-google-cloud-pubsub-v1 ---
[INFO] Generating flattened POM of project com.google.api.grpc:grpc-google-cloud-pubsub-v1:jar:1.101.2-SNAPSHOT...
[INFO] 
[INFO] --- maven-compiler-plugin:3.10.1:compile (default-compile) @ grpc-google-cloud-pubsub-v1 ---
[INFO] Changes detected - recompiling the module!
[INFO] Compiling 3 source files to /home/gabsko/breaking-updates/grpc-google-cloud-pubsub-v1/target/classes
[INFO] 
[INFO] --- build-helper-maven-plugin:3.3.0:add-test-resource (add-test-proto-resources) @ grpc-google-cloud-pubsub-v1 ---
[INFO] 
[INFO] --- maven-resources-plugin:2.6:testResources (default-testResources) @ grpc-google-cloud-pubsub-v1 ---
[INFO] Using 'UTF-8' encoding to copy filtered resources.
[INFO] skip non existing resourceDirectory /home/gabsko/breaking-updates/grpc-google-cloud-pubsub-v1/src/test/resources
[INFO] skip non existing resourceDirectory /home/gabsko/breaking-updates/grpc-google-cloud-pubsub-v1/src/test/proto
[INFO] 
[INFO] --- maven-compiler-plugin:3.10.1:testCompile (default-testCompile) @ grpc-google-cloud-pubsub-v1 ---
[INFO] No sources to compile
[INFO] 
[INFO] --- animal-sniffer-maven-plugin:1.20:check (java8) @ grpc-google-cloud-pubsub-v1 ---
[INFO] Checking unresolved references to org.codehaus.mojo.signature:java18:1.0
[INFO] 
[INFO] --- maven-surefire-plugin:3.0.0-M7:test (default-test) @ grpc-google-cloud-pubsub-v1 ---
[INFO] No tests to run.
[INFO] 
[INFO] --- jacoco-maven-plugin:0.8.8:report (report) @ grpc-google-cloud-pubsub-v1 ---
[INFO] Skipping JaCoCo execution due to missing execution data file.
[INFO] 
[INFO] ----------------< com.google.cloud:google-cloud-pubsub >----------------
[INFO] Building Google Cloud Pub/Sub 1.119.2-SNAPSHOT                     [4/5]
[INFO] --------------------------------[ jar ]---------------------------------
[INFO] 
[INFO] --- maven-clean-plugin:2.5:clean (default-clean) @ google-cloud-pubsub ---
[INFO] Deleting /home/gabsko/breaking-updates/google-cloud-pubsub/target
[INFO] 
[INFO] --- flatten-maven-plugin:1.2.7:clean (flatten.clean) @ google-cloud-pubsub ---
[INFO] Deleting /home/gabsko/breaking-updates/google-cloud-pubsub/.flattened-pom.xml
[INFO] 
[INFO] --- maven-enforcer-plugin:3.0.0-M3:enforce (enforce) @ google-cloud-pubsub ---
[INFO] Adding ignore: module-info
[INFO] Adding ignore: META-INF/versions/*/module-info
[INFO] 
[INFO] --- maven-checkstyle-plugin:3.1.2:check (checkstyle) @ google-cloud-pubsub ---
[INFO] Starting audit...
Audit done.
[INFO] You have 0 Checkstyle violations.
[INFO] 
[INFO] --- jacoco-maven-plugin:0.8.8:prepare-agent (default) @ google-cloud-pubsub ---
[INFO] argLine set to -javaagent:/home/gabsko/.m2/repository/org/jacoco/org.jacoco.agent/0.8.8/org.jacoco.agent-0.8.8-runtime.jar=destfile=/home/gabsko/breaking-updates/google-cloud-pubsub/target/jacoco.exec
[INFO] 
[INFO] --- build-helper-maven-plugin:3.3.0:add-resource (add-main-proto-resources) @ google-cloud-pubsub ---
[INFO] 
[INFO] --- maven-resources-plugin:2.6:resources (default-resources) @ google-cloud-pubsub ---
[INFO] Using 'UTF-8' encoding to copy filtered resources.
[INFO] skip non existing resourceDirectory /home/gabsko/breaking-updates/google-cloud-pubsub/src/main/resources
[INFO] skip non existing resourceDirectory /home/gabsko/breaking-updates/google-cloud-pubsub/src/main/proto
[INFO] 
[INFO] --- flatten-maven-plugin:1.2.7:flatten (flatten) @ google-cloud-pubsub ---
[INFO] Generating flattened POM of project com.google.cloud:google-cloud-pubsub:jar:1.119.2-SNAPSHOT...
[INFO] 
[INFO] --- maven-compiler-plugin:3.10.1:compile (default-compile) @ google-cloud-pubsub ---
[INFO] Changes detected - recompiling the module!
[INFO] Compiling 37 source files to /home/gabsko/breaking-updates/google-cloud-pubsub/target/classes
[WARNING] /home/gabsko/breaking-updates/google-cloud-pubsub/src/main/java/com/google/cloud/pubsub/v1/Publisher.java:[53,28] com.google.pubsub.v1.TopicNames in com.google.pubsub.v1 has been deprecated
[WARNING] /home/gabsko/breaking-updates/google-cloud-pubsub/src/main/java/com/google/cloud/pubsub/v1/Publisher.java:[53,28] com.google.pubsub.v1.TopicNames in com.google.pubsub.v1 has been deprecated
[WARNING] /home/gabsko/breaking-updates/google-cloud-pubsub/src/main/java/com/google/cloud/pubsub/v1/Publisher.java:[53,28] com.google.pubsub.v1.TopicNames in com.google.pubsub.v1 has been deprecated
[WARNING] /home/gabsko/breaking-updates/google-cloud-pubsub/src/main/java/com/google/cloud/pubsub/v1/Publisher.java:[53,28] com.google.pubsub.v1.TopicNames in com.google.pubsub.v1 has been deprecated
[WARNING] /home/gabsko/breaking-updates/google-cloud-pubsub/src/main/java/com/google/cloud/pubsub/v1/Subscriber.java:[183,24] acceptsPoolSize() in com.google.api.gax.rpc.TransportChannelProvider has been deprecated
[WARNING] /home/gabsko/breaking-updates/google-cloud-pubsub/src/main/java/com/google/cloud/pubsub/v1/Subscriber.java:[184,40] withPoolSize(int) in com.google.api.gax.rpc.TransportChannelProvider has been deprecated
[WARNING] /home/gabsko/breaking-updates/google-cloud-pubsub/src/main/java/com/google/cloud/pubsub/v1/Subscriber.java:[190,15] setExecutorProvider(com.google.api.gax.core.ExecutorProvider) in com.google.api.gax.rpc.StubSettings.Builder has been deprecated
[WARNING] /home/gabsko/breaking-updates/google-cloud-pubsub/src/main/java/com/google/cloud/pubsub/v1/SubscriptionAdminClient.java:[1703,13] setReturnImmediately(boolean) in com.google.pubsub.v1.PullRequest.Builder has been deprecated
[WARNING] /home/gabsko/breaking-updates/google-cloud-pubsub/src/main/java/com/google/cloud/pubsub/v1/SubscriptionAdminClient.java:[1744,13] setReturnImmediately(boolean) in com.google.pubsub.v1.PullRequest.Builder has been deprecated
[WARNING] /home/gabsko/breaking-updates/google-cloud-pubsub/src/main/java/com/google/cloud/pubsub/v1/stub/SubscriberStubSettings.java:[883,35] build() in com.google.cloud.pubsub.v1.stub.SubscriberStubSettings.Builder overrides <B>build() in com.google.api.gax.rpc.StubSettings.Builder
  return type requires unchecked conversion from com.google.cloud.pubsub.v1.stub.SubscriberStubSettings to com.google.api.gax.rpc.StubSettings<B>
[WARNING] /home/gabsko/breaking-updates/google-cloud-pubsub/src/main/java/com/google/cloud/pubsub/v1/SubscriptionAdminSettings.java:[254,18] toBuilder() in com.google.cloud.pubsub.v1.SubscriptionAdminSettings overrides <B>toBuilder() in com.google.api.gax.rpc.ClientSettings
  return type requires unchecked conversion from com.google.cloud.pubsub.v1.SubscriptionAdminSettings.Builder to B
[WARNING] /home/gabsko/breaking-updates/google-cloud-pubsub/src/main/java/com/google/cloud/pubsub/v1/TopicAdminSettings.java:[214,18] toBuilder() in com.google.cloud.pubsub.v1.TopicAdminSettings overrides <B>toBuilder() in com.google.api.gax.rpc.ClientSettings
  return type requires unchecked conversion from com.google.cloud.pubsub.v1.TopicAdminSettings.Builder to B
[WARNING] /home/gabsko/breaking-updates/google-cloud-pubsub/src/main/java/com/google/cloud/pubsub/v1/stub/PublisherStubSettings.java:[890,34] build() in com.google.cloud.pubsub.v1.stub.PublisherStubSettings.Builder overrides <B>build() in com.google.api.gax.rpc.StubSettings.Builder
  return type requires unchecked conversion from com.google.cloud.pubsub.v1.stub.PublisherStubSettings to com.google.api.gax.rpc.StubSettings<B>
[WARNING] /home/gabsko/breaking-updates/google-cloud-pubsub/src/main/java/com/google/cloud/pubsub/v1/Publisher.java:[185,13] setExecutorProvider(com.google.api.gax.core.ExecutorProvider) in com.google.api.gax.rpc.StubSettings.Builder has been deprecated
[WARNING] /home/gabsko/breaking-updates/google-cloud-pubsub/src/main/java/com/google/cloud/pubsub/v1/Publisher.java:[214,12] com.google.pubsub.v1.TopicNames in com.google.pubsub.v1 has been deprecated
[WARNING] /home/gabsko/breaking-updates/google-cloud-pubsub/src/main/java/com/google/cloud/pubsub/v1/Publisher.java:[726,65] setChannelsPerCpu(double) in com.google.api.gax.grpc.InstantiatingGrpcChannelProvider.Builder has been deprecated
[WARNING] /home/gabsko/breaking-updates/google-cloud-pubsub/src/main/java/com/google/cloud/pubsub/v1/stub/SchemaServiceStubSettings.java:[533,38] build() in com.google.cloud.pubsub.v1.stub.SchemaServiceStubSettings.Builder overrides <B>build() in com.google.api.gax.rpc.StubSettings.Builder
  return type requires unchecked conversion from com.google.cloud.pubsub.v1.stub.SchemaServiceStubSettings to com.google.api.gax.rpc.StubSettings<B>
[WARNING] /home/gabsko/breaking-updates/google-cloud-pubsub/src/main/java/com/google/cloud/pubsub/v1/SchemaServiceSettings.java:[187,18] toBuilder() in com.google.cloud.pubsub.v1.SchemaServiceSettings overrides <B>toBuilder() in com.google.api.gax.rpc.ClientSettings
  return type requires unchecked conversion from com.google.cloud.pubsub.v1.SchemaServiceSettings.Builder to B
[INFO] 
[INFO] --- build-helper-maven-plugin:3.3.0:add-test-resource (add-test-proto-resources) @ google-cloud-pubsub ---
[INFO] 
[INFO] --- maven-resources-plugin:2.6:testResources (default-testResources) @ google-cloud-pubsub ---
[INFO] Using 'UTF-8' encoding to copy filtered resources.
[INFO] skip non existing resourceDirectory /home/gabsko/breaking-updates/google-cloud-pubsub/src/test/resources
[INFO] skip non existing resourceDirectory /home/gabsko/breaking-updates/google-cloud-pubsub/src/test/proto
[INFO] 
[INFO] --- maven-compiler-plugin:3.10.1:testCompile (default-testCompile) @ google-cloud-pubsub ---
[INFO] Changes detected - recompiling the module!
[INFO] Compiling 26 source files to /home/gabsko/breaking-updates/google-cloud-pubsub/target/test-classes
[WARNING] /home/gabsko/breaking-updates/google-cloud-pubsub/src/test/java/com/google/cloud/pubsub/v1/SubscriptionAdminClientTest.java:[963,57] getReturnImmediately() in com.google.pubsub.v1.PullRequest has been deprecated
[WARNING] /home/gabsko/breaking-updates/google-cloud-pubsub/src/test/java/com/google/cloud/pubsub/v1/SubscriptionAdminClientTest.java:[1005,57] getReturnImmediately() in com.google.pubsub.v1.PullRequest has been deprecated
[WARNING] /home/gabsko/breaking-updates/google-cloud-pubsub/src/test/java/com/google/cloud/pubsub/v1/SubscriptionAdminClientTest.java:[1059,17] bidiStreamingCall(com.google.api.gax.rpc.ApiStreamObserver<ResponseT>) in com.google.api.gax.rpc.BidiStreamingCallable has been deprecated
[WARNING] /home/gabsko/breaking-updates/google-cloud-pubsub/src/test/java/com/google/cloud/pubsub/v1/SubscriptionAdminClientTest.java:[1090,17] bidiStreamingCall(com.google.api.gax.rpc.ApiStreamObserver<ResponseT>) in com.google.api.gax.rpc.BidiStreamingCallable has been deprecated
[WARNING] /home/gabsko/breaking-updates/google-cloud-pubsub/src/test/java/com/google/cloud/pubsub/v1/OpenCensusUtilTest.java:[108,35] put(io.opencensus.tags.TagKey,io.opencensus.tags.TagValue) in io.opencensus.tags.TagContextBuilder has been deprecated
[WARNING] /home/gabsko/breaking-updates/google-cloud-pubsub/src/test/java/com/google/cloud/pubsub/v1/PublisherImplTest.java:[1036,19] unchecked method invocation: method andReturn in interface org.easymock.IExpectationSetters is applied to given types
  required: T
  found: com.google.api.core.ApiFuture
[WARNING] /home/gabsko/breaking-updates/google-cloud-pubsub/src/test/java/com/google/cloud/pubsub/v1/PublisherImplTest.java:[1036,20] unchecked conversion
  required: T
  found:    com.google.api.core.ApiFuture
[INFO] 
[INFO] --- animal-sniffer-maven-plugin:1.20:check (java8) @ google-cloud-pubsub ---
[INFO] Checking unresolved references to org.codehaus.mojo.signature:java18:1.0
[INFO] 
[INFO] --- maven-surefire-plugin:3.0.0-M7:test (default-test) @ google-cloud-pubsub ---
[INFO] Using configured provider org.apache.maven.surefire.junitcore.JUnitCoreProvider
[INFO] 
[INFO] -------------------------------------------------------
[INFO]  T E S T S
[INFO] -------------------------------------------------------
[INFO] Running com.google.cloud.pubsub.v1.OpenCensusUtilTest
[INFO] Tests run: 2, Failures: 0, Errors: 0, Skipped: 0, Time elapsed: 0.297 s - in com.google.cloud.pubsub.v1.OpenCensusUtilTest
[INFO] Running com.google.cloud.pubsub.v1.MessageDispatcherTest
[INFO] Tests run: 14, Failures: 0, Errors: 0, Skipped: 0, Time elapsed: 0.86 s - in com.google.cloud.pubsub.v1.MessageDispatcherTest
[INFO] Running com.google.cloud.pubsub.v1.TopicAdminClientTest
[INFO] Tests run: 38, Failures: 0, Errors: 0, Skipped: 0, Time elapsed: 0.704 s - in com.google.cloud.pubsub.v1.TopicAdminClientTest
[INFO] Running com.google.cloud.pubsub.v1.SchemaServiceClientTest
[INFO] Tests run: 28, Failures: 0, Errors: 0, Skipped: 0, Time elapsed: 0.115 s - in com.google.cloud.pubsub.v1.SchemaServiceClientTest
[INFO] Running com.google.cloud.pubsub.v1.SequentialExecutorServiceTest
[INFO] Tests run: 4, Failures: 0, Errors: 0, Skipped: 0, Time elapsed: 1.458 s - in com.google.cloud.pubsub.v1.SequentialExecutorServiceTest
[INFO] Running com.google.cloud.pubsub.v1.StatusUtilTest
[INFO] Tests run: 1, Failures: 0, Errors: 0, Skipped: 0, Time elapsed: 0.036 s - in com.google.cloud.pubsub.v1.StatusUtilTest
[INFO] Running com.google.cloud.pubsub.v1.SubscriptionAdminClientTest
[INFO] Tests run: 74, Failures: 0, Errors: 0, Skipped: 0, Time elapsed: 0.258 s - in com.google.cloud.pubsub.v1.SubscriptionAdminClientTest
[INFO] Running com.google.cloud.pubsub.v1.PublisherImplTest
Feb 05, 2023 4:35:30 AM com.google.cloud.pubsub.v1.Publisher$MessageFlowController acquire
WARNING: Attempted to publish message with byte size > request byte flow control limit.
[INFO] Tests run: 31, Failures: 0, Errors: 0, Skipped: 0, Time elapsed: 10.913 s - in com.google.cloud.pubsub.v1.PublisherImplTest
[INFO] Running com.google.cloud.pubsub.v1.SubscriberTest
Feb 05, 2023 4:35:30 AM com.google.cloud.pubsub.v1.StreamingSubscriberConnection$1 onFailure
SEVERE: terminated streaming with exception
com.google.api.gax.rpc.InvalidArgumentException: com.google.api.gax.rpc.InvalidArgumentException: io.grpc.StatusRuntimeException: INVALID_ARGUMENT
	at com.google.api.gax.rpc.ApiExceptionFactory.createException(ApiExceptionFactory.java:92)
	at com.google.api.gax.rpc.ApiExceptionFactory.createException(ApiExceptionFactory.java:41)
	at com.google.cloud.pubsub.v1.StreamingSubscriberConnection$1.onFailure(StreamingSubscriberConnection.java:313)
	at com.google.api.core.ApiFutures$1.onFailure(ApiFutures.java:67)
	at com.google.common.util.concurrent.Futures$CallbackListener.run(Futures.java:1132)
	at com.google.common.util.concurrent.DirectExecutor.execute(DirectExecutor.java:31)
	at com.google.common.util.concurrent.AbstractFuture.executeListener(AbstractFuture.java:1270)
	at com.google.common.util.concurrent.AbstractFuture.complete(AbstractFuture.java:1038)
	at com.google.common.util.concurrent.AbstractFuture.setException(AbstractFuture.java:808)
	at com.google.api.core.AbstractApiFuture$InternalSettableFuture.setException(AbstractApiFuture.java:94)
	at com.google.api.core.AbstractApiFuture.setException(AbstractApiFuture.java:76)
	at com.google.api.core.SettableApiFuture.setException(SettableApiFuture.java:51)
	at com.google.cloud.pubsub.v1.StreamingSubscriberConnection$StreamingPullResponseObserver.onError(StreamingSubscriberConnection.java:237)
	at com.google.api.gax.tracing.TracedResponseObserver.onError(TracedResponseObserver.java:103)
	at com.google.api.gax.grpc.ExceptionResponseObserver.onErrorImpl(ExceptionResponseObserver.java:84)
	at com.google.api.gax.rpc.StateCheckingResponseObserver.onError(StateCheckingResponseObserver.java:84)
	at com.google.api.gax.grpc.GrpcDirectStreamController$ResponseObserverAdapter.onClose(GrpcDirectStreamController.java:149)
	at io.grpc.internal.ClientCallImpl.closeObserver(ClientCallImpl.java:562)
	at io.grpc.internal.ClientCallImpl.access$300(ClientCallImpl.java:70)
	at io.grpc.internal.ClientCallImpl$ClientStreamListenerImpl$1StreamClosed.runInternal(ClientCallImpl.java:743)
	at io.grpc.internal.ClientCallImpl$ClientStreamListenerImpl$1StreamClosed.runInContext(ClientCallImpl.java:722)
	at io.grpc.internal.ContextRunnable.run(ContextRunnable.java:37)
	at io.grpc.internal.SerializingExecutor.run(SerializingExecutor.java:133)
	at java.base/java.util.concurrent.ThreadPoolExecutor.runWorker(ThreadPoolExecutor.java:1128)
	at java.base/java.util.concurrent.ThreadPoolExecutor$Worker.run(ThreadPoolExecutor.java:628)
	at java.base/java.lang.Thread.run(Thread.java:829)
Caused by: com.google.api.gax.rpc.InvalidArgumentException: io.grpc.StatusRuntimeException: INVALID_ARGUMENT
	at com.google.api.gax.rpc.ApiExceptionFactory.createException(ApiExceptionFactory.java:92)
	at com.google.api.gax.rpc.ApiExceptionFactory.createException(ApiExceptionFactory.java:41)
	at com.google.api.gax.grpc.GrpcApiExceptionFactory.create(GrpcApiExceptionFactory.java:86)
	at com.google.api.gax.grpc.GrpcApiExceptionFactory.create(GrpcApiExceptionFactory.java:66)
	at com.google.api.gax.grpc.ExceptionResponseObserver.onErrorImpl(ExceptionResponseObserver.java:82)
	... 11 more
Caused by: io.grpc.StatusRuntimeException: INVALID_ARGUMENT
	at io.grpc.Status.asRuntimeException(Status.java:535)
	... 10 more

Feb 05, 2023 4:35:30 AM com.google.cloud.pubsub.v1.StreamingSubscriberConnection setResponseOutstandingMessages
WARNING: Setting response: SUCCESSFUL on outstanding messages
Feb 05, 2023 4:35:31 AM com.google.cloud.pubsub.v1.StreamingSubscriberConnection$1 onFailure
SEVERE: terminated streaming with exception
com.google.api.gax.rpc.InvalidArgumentException: com.google.api.gax.rpc.InvalidArgumentException: io.grpc.StatusRuntimeException: INVALID_ARGUMENT
	at com.google.api.gax.rpc.ApiExceptionFactory.createException(ApiExceptionFactory.java:92)
	at com.google.api.gax.rpc.ApiExceptionFactory.createException(ApiExceptionFactory.java:41)
	at com.google.cloud.pubsub.v1.StreamingSubscriberConnection$1.onFailure(StreamingSubscriberConnection.java:313)
	at com.google.api.core.ApiFutures$1.onFailure(ApiFutures.java:67)
	at com.google.common.util.concurrent.Futures$CallbackListener.run(Futures.java:1132)
	at com.google.common.util.concurrent.DirectExecutor.execute(DirectExecutor.java:31)
	at com.google.common.util.concurrent.AbstractFuture.executeListener(AbstractFuture.java:1270)
	at com.google.common.util.concurrent.AbstractFuture.complete(AbstractFuture.java:1038)
	at com.google.common.util.concurrent.AbstractFuture.setException(AbstractFuture.java:808)
	at com.google.api.core.AbstractApiFuture$InternalSettableFuture.setException(AbstractApiFuture.java:94)
	at com.google.api.core.AbstractApiFuture.setException(AbstractApiFuture.java:76)
	at com.google.api.core.SettableApiFuture.setException(SettableApiFuture.java:51)
	at com.google.cloud.pubsub.v1.StreamingSubscriberConnection$StreamingPullResponseObserver.onError(StreamingSubscriberConnection.java:237)
	at com.google.api.gax.tracing.TracedResponseObserver.onError(TracedResponseObserver.java:103)
	at com.google.api.gax.grpc.ExceptionResponseObserver.onErrorImpl(ExceptionResponseObserver.java:84)
	at com.google.api.gax.rpc.StateCheckingResponseObserver.onError(StateCheckingResponseObserver.java:84)
	at com.google.api.gax.grpc.GrpcDirectStreamController$ResponseObserverAdapter.onClose(GrpcDirectStreamController.java:149)
	at io.grpc.internal.ClientCallImpl.closeObserver(ClientCallImpl.java:562)
	at io.grpc.internal.ClientCallImpl.access$300(ClientCallImpl.java:70)
	at io.grpc.internal.ClientCallImpl$ClientStreamListenerImpl$1StreamClosed.runInternal(ClientCallImpl.java:743)
	at io.grpc.internal.ClientCallImpl$ClientStreamListenerImpl$1StreamClosed.runInContext(ClientCallImpl.java:722)
	at io.grpc.internal.ContextRunnable.run(ContextRunnable.java:37)
	at io.grpc.internal.SerializingExecutor.run(SerializingExecutor.java:133)
	at java.base/java.util.concurrent.ThreadPoolExecutor.runWorker(ThreadPoolExecutor.java:1128)
	at java.base/java.util.concurrent.ThreadPoolExecutor$Worker.run(ThreadPoolExecutor.java:628)
	at java.base/java.lang.Thread.run(Thread.java:829)
Caused by: com.google.api.gax.rpc.InvalidArgumentException: io.grpc.StatusRuntimeException: INVALID_ARGUMENT
	at com.google.api.gax.rpc.ApiExceptionFactory.createException(ApiExceptionFactory.java:92)
	at com.google.api.gax.rpc.ApiExceptionFactory.createException(ApiExceptionFactory.java:41)
	at com.google.api.gax.grpc.GrpcApiExceptionFactory.create(GrpcApiExceptionFactory.java:86)
	at com.google.api.gax.grpc.GrpcApiExceptionFactory.create(GrpcApiExceptionFactory.java:66)
	at com.google.api.gax.grpc.ExceptionResponseObserver.onErrorImpl(ExceptionResponseObserver.java:82)
	... 11 more
Caused by: io.grpc.StatusRuntimeException: INVALID_ARGUMENT
	at io.grpc.Status.asRuntimeException(Status.java:535)
	... 10 more

Feb 05, 2023 4:35:31 AM com.google.cloud.pubsub.v1.StreamingSubscriberConnection setResponseOutstandingMessages
WARNING: Setting response: SUCCESSFUL on outstanding messages
[INFO] Tests run: 8, Failures: 0, Errors: 0, Skipped: 0, Time elapsed: 0.294 s - in com.google.cloud.pubsub.v1.SubscriberTest
[INFO] Running com.google.cloud.pubsub.v1.WaiterTest
[INFO] Tests run: 1, Failures: 0, Errors: 0, Skipped: 0, Time elapsed: 0 s - in com.google.cloud.pubsub.v1.WaiterTest
[INFO] Running com.google.cloud.pubsub.v1.StreamingSubscriberConnectionTest
Feb 05, 2023 4:35:31 AM com.google.cloud.pubsub.v1.StreamingSubscriberConnection$2 lambda$onFailure$0
WARNING: Permanent error invalid ack id message, will not resend
Feb 05, 2023 4:35:31 AM com.google.cloud.pubsub.v1.StreamingSubscriberConnection$2 lambda$onFailure$0
WARNING: Unknown error message, will not resend
Feb 05, 2023 4:35:31 AM com.google.cloud.pubsub.v1.StreamingSubscriberConnection$2 lambda$onFailure$0
WARNING: Transient error message, will resend
Feb 05, 2023 4:35:31 AM com.google.cloud.pubsub.v1.StreamingSubscriberConnection$2 lambda$onFailure$0
WARNING: Transient error message, will resend
Feb 05, 2023 4:35:31 AM com.google.cloud.pubsub.v1.StreamingSubscriberConnection setResponseOutstandingMessages
WARNING: Setting response: PERMISSION_DENIED on outstanding messages
Feb 05, 2023 4:35:31 AM com.google.cloud.pubsub.v1.StreamingSubscriberConnection$2 lambda$onFailure$0
WARNING: Permanent error invalid ack id message, will not resend
Feb 05, 2023 4:35:31 AM com.google.cloud.pubsub.v1.StreamingSubscriberConnection$2 lambda$onFailure$0
WARNING: Unknown error message, will not resend
Feb 05, 2023 4:35:31 AM com.google.cloud.pubsub.v1.StreamingSubscriberConnection$2 lambda$onFailure$0
WARNING: Transient error message, will resend
Feb 05, 2023 4:35:31 AM com.google.cloud.pubsub.v1.StreamingSubscriberConnection$2 lambda$onFailure$0
WARNING: Transient error message, will resend
[INFO] Tests run: 6, Failures: 0, Errors: 0, Skipped: 0, Time elapsed: 0.214 s - in com.google.cloud.pubsub.v1.StreamingSubscriberConnectionTest
[INFO] 
[INFO] Results:
[INFO] 
[INFO] Tests run: 207, Failures: 0, Errors: 0, Skipped: 0
[INFO] 
[INFO] 
[INFO] --- jacoco-maven-plugin:0.8.8:report (report) @ google-cloud-pubsub ---
[INFO] Loading execution data file /home/gabsko/breaking-updates/google-cloud-pubsub/target/jacoco.exec
[INFO] Analyzed bundle 'Google Cloud Pub/Sub' with 114 classes
[INFO] 
[INFO] --------------< com.google.cloud:google-cloud-pubsub-bom >--------------
[INFO] Building Google Cloud pubsub BOM 1.119.2-SNAPSHOT                  [5/5]
[INFO] --------------------------------[ pom ]---------------------------------
[INFO] 
[INFO] --- maven-clean-plugin:2.5:clean (default-clean) @ google-cloud-pubsub-bom ---
[INFO] 
[INFO] --- maven-enforcer-plugin:3.0.0-M3:enforce (enforce) @ google-cloud-pubsub-bom ---
[INFO] Adding ignore: module-info
[INFO] Adding ignore: META-INF/versions/*/module-info
[INFO] 
[INFO] --- maven-checkstyle-plugin:3.1.2:check (checkstyle) @ google-cloud-pubsub-bom ---
[INFO] 
[INFO] --- jacoco-maven-plugin:0.8.8:prepare-agent (default) @ google-cloud-pubsub-bom ---
[INFO] argLine set to -javaagent:/home/gabsko/.m2/repository/org/jacoco/org.jacoco.agent/0.8.8/org.jacoco.agent-0.8.8-runtime.jar=destfile=/home/gabsko/breaking-updates/google-cloud-pubsub-bom/target/jacoco.exec
[INFO] 
[INFO] --- build-helper-maven-plugin:3.3.0:add-resource (add-main-proto-resources) @ google-cloud-pubsub-bom ---
[INFO] 
[INFO] --- build-helper-maven-plugin:3.3.0:add-test-resource (add-test-proto-resources) @ google-cloud-pubsub-bom ---
[INFO] 
[INFO] --- animal-sniffer-maven-plugin:1.20:check (java8) @ google-cloud-pubsub-bom ---
[INFO] Checking unresolved references to org.codehaus.mojo.signature:java18:1.0
[INFO] 
[INFO] --- jacoco-maven-plugin:0.8.8:report (report) @ google-cloud-pubsub-bom ---
[INFO] Skipping JaCoCo execution due to missing execution data file.
[INFO] ------------------------------------------------------------------------
[INFO] Reactor Summary:
[INFO] 
[INFO] Google Cloud Pub/Sub Parent 1.119.2-SNAPSHOT ....... SUCCESS [  1.191 s]
[INFO] proto-google-cloud-pubsub-v1 1.101.2-SNAPSHOT ...... SUCCESS [  4.590 s]
[INFO] grpc-google-cloud-pubsub-v1 1.101.2-SNAPSHOT ....... SUCCESS [  0.935 s]
[INFO] Google Cloud Pub/Sub 1.119.2-SNAPSHOT .............. SUCCESS [ 20.267 s]
[INFO] Google Cloud pubsub BOM 1.119.2-SNAPSHOT ........... SUCCESS [  0.333 s]
[INFO] ------------------------------------------------------------------------
[INFO] BUILD SUCCESS
[INFO] ------------------------------------------------------------------------
[INFO] Total time:  27.994 s
[INFO] Finished at: 2023-02-05T04:35:32Z
[INFO] ------------------------------------------------------------------------
