[INFO] Scanning for projects...
[INFO] Inspecting build with total of 1 modules...
[INFO] Installing Nexus Staging features:
[INFO]   ... total of 1 executions of maven-deploy-plugin replaced with nexus-staging-maven-plugin
[INFO] 
[INFO] -------------------------< de.retest:recheck >--------------------------
[INFO] Building recheck 1.12.0-SNAPSHOT
[INFO] --------------------------------[ jar ]---------------------------------
[INFO] Downloading from central: https://repo.maven.apache.org/maven2/com/approvaltests/approvaltests-util/11.4.0/approvaltests-util-11.4.0.jar
[INFO] Downloading from central: https://repo.maven.apache.org/maven2/com/approvaltests/approvaltests/11.4.0/approvaltests-11.4.0.jar
[INFO] Downloaded from central: https://repo.maven.apache.org/maven2/com/approvaltests/approvaltests/11.4.0/approvaltests-11.4.0.jar (242 kB at 602 kB/s)
[INFO] Downloaded from central: https://repo.maven.apache.org/maven2/com/approvaltests/approvaltests-util/11.4.0/approvaltests-util-11.4.0.jar (560 kB at 1.4 MB/s)
[INFO] 
[INFO] --- maven-clean-plugin:2.5:clean (default-clean) @ recheck ---
[INFO] Deleting /home/gabsko/breaking-updates/target
[INFO] 
[INFO] --- maven-enforcer-plugin:3.0.0-M3:enforce (enforce-maven) @ recheck ---
[INFO] 
[INFO] --- maven-resources-plugin:2.6:resources (default-resources) @ recheck ---
[INFO] Using 'UTF-8' encoding to copy filtered resources.
[INFO] Copying 10 resources
[INFO] 
[INFO] --- maven-compiler-plugin:3.8.1:compile (default-compile) @ recheck ---
[INFO] Changes detected - recompiling the module!
[INFO] Compiling 283 source files to /home/gabsko/breaking-updates/target/classes
[WARNING] /home/gabsko/breaking-updates/src/main/java/de/retest/recheck/RecheckImpl.java:[17,37] de.retest.recheck.persistence.FileNamer in de.retest.recheck.persistence has been deprecated
[WARNING] /home/gabsko/breaking-updates/src/main/java/de/retest/recheck/RecheckOptions.java:[16,37] de.retest.recheck.persistence.FileNamer in de.retest.recheck.persistence has been deprecated
[WARNING] /home/gabsko/breaking-updates/src/main/java/de/retest/recheck/FileNamerStrategy.java:[3,37] de.retest.recheck.persistence.FileNamer in de.retest.recheck.persistence has been deprecated
[WARNING] /home/gabsko/breaking-updates/src/main/java/de/retest/recheck/GradleConformFileNamerStrategy.java:[8,37] de.retest.recheck.persistence.FileNamer in de.retest.recheck.persistence has been deprecated
[WARNING] /home/gabsko/breaking-updates/src/main/java/de/retest/recheck/MavenConformFileNamerStrategy.java:[7,37] de.retest.recheck.persistence.FileNamer in de.retest.recheck.persistence has been deprecated
[WARNING] /home/gabsko/breaking-updates/src/main/java/de/retest/recheck/RecheckImpl.java:[17,37] de.retest.recheck.persistence.FileNamer in de.retest.recheck.persistence has been deprecated
[WARNING] /home/gabsko/breaking-updates/src/main/java/de/retest/recheck/RecheckOptions.java:[16,37] de.retest.recheck.persistence.FileNamer in de.retest.recheck.persistence has been deprecated
[WARNING] /home/gabsko/breaking-updates/src/main/java/de/retest/recheck/FileNamerStrategy.java:[3,37] de.retest.recheck.persistence.FileNamer in de.retest.recheck.persistence has been deprecated
[WARNING] /home/gabsko/breaking-updates/src/main/java/de/retest/recheck/GradleConformFileNamerStrategy.java:[8,37] de.retest.recheck.persistence.FileNamer in de.retest.recheck.persistence has been deprecated
[WARNING] /home/gabsko/breaking-updates/src/main/java/de/retest/recheck/MavenConformFileNamerStrategy.java:[7,37] de.retest.recheck.persistence.FileNamer in de.retest.recheck.persistence has been deprecated
[WARNING] /home/gabsko/breaking-updates/src/main/java/de/retest/recheck/RecheckImpl.java:[17,37] de.retest.recheck.persistence.FileNamer in de.retest.recheck.persistence has been deprecated
[WARNING] /home/gabsko/breaking-updates/src/main/java/de/retest/recheck/RecheckOptions.java:[16,37] de.retest.recheck.persistence.FileNamer in de.retest.recheck.persistence has been deprecated
[WARNING] /home/gabsko/breaking-updates/src/main/java/de/retest/recheck/FileNamerStrategy.java:[3,37] de.retest.recheck.persistence.FileNamer in de.retest.recheck.persistence has been deprecated
[WARNING] /home/gabsko/breaking-updates/src/main/java/de/retest/recheck/GradleConformFileNamerStrategy.java:[8,37] de.retest.recheck.persistence.FileNamer in de.retest.recheck.persistence has been deprecated
[WARNING] /home/gabsko/breaking-updates/src/main/java/de/retest/recheck/MavenConformFileNamerStrategy.java:[7,37] de.retest.recheck.persistence.FileNamer in de.retest.recheck.persistence has been deprecated
[WARNING] /home/gabsko/breaking-updates/src/main/java/de/retest/recheck/RecheckImpl.java:[17,37] de.retest.recheck.persistence.FileNamer in de.retest.recheck.persistence has been deprecated
[WARNING] /home/gabsko/breaking-updates/src/main/java/de/retest/recheck/RecheckOptions.java:[16,37] de.retest.recheck.persistence.FileNamer in de.retest.recheck.persistence has been deprecated
[WARNING] /home/gabsko/breaking-updates/src/main/java/de/retest/recheck/FileNamerStrategy.java:[3,37] de.retest.recheck.persistence.FileNamer in de.retest.recheck.persistence has been deprecated
[WARNING] /home/gabsko/breaking-updates/src/main/java/de/retest/recheck/GradleConformFileNamerStrategy.java:[8,37] de.retest.recheck.persistence.FileNamer in de.retest.recheck.persistence has been deprecated
[WARNING] /home/gabsko/breaking-updates/src/main/java/de/retest/recheck/MavenConformFileNamerStrategy.java:[7,37] de.retest.recheck.persistence.FileNamer in de.retest.recheck.persistence has been deprecated
[WARNING] /home/gabsko/breaking-updates/src/main/java/de/retest/recheck/RecheckImpl.java:[17,37] de.retest.recheck.persistence.FileNamer in de.retest.recheck.persistence has been deprecated
[WARNING] /home/gabsko/breaking-updates/src/main/java/de/retest/recheck/RecheckOptions.java:[16,37] de.retest.recheck.persistence.FileNamer in de.retest.recheck.persistence has been deprecated
[WARNING] /home/gabsko/breaking-updates/src/main/java/de/retest/recheck/FileNamerStrategy.java:[3,37] de.retest.recheck.persistence.FileNamer in de.retest.recheck.persistence has been deprecated
[WARNING] /home/gabsko/breaking-updates/src/main/java/de/retest/recheck/GradleConformFileNamerStrategy.java:[8,37] de.retest.recheck.persistence.FileNamer in de.retest.recheck.persistence has been deprecated
[WARNING] /home/gabsko/breaking-updates/src/main/java/de/retest/recheck/MavenConformFileNamerStrategy.java:[7,37] de.retest.recheck.persistence.FileNamer in de.retest.recheck.persistence has been deprecated
[WARNING] /home/gabsko/breaking-updates/src/main/java/de/retest/recheck/ui/diff/RootElementDifference.java:[139,112] newInstance() in java.lang.Class has been deprecated
[WARNING] /home/gabsko/breaking-updates/src/main/java/de/retest/recheck/RecheckImpl.java:[149,31] de.retest.recheck.persistence.FileNamer in de.retest.recheck.persistence has been deprecated
[WARNING] /home/gabsko/breaking-updates/src/main/java/de/retest/recheck/RecheckOptions.java:[34,23] de.retest.recheck.FileNamerStrategy in de.retest.recheck has been deprecated
[WARNING] /home/gabsko/breaking-updates/src/main/java/de/retest/recheck/RecheckOptions.java:[34,23] de.retest.recheck.FileNamerStrategy in de.retest.recheck has been deprecated
[WARNING] /home/gabsko/breaking-updates/src/main/java/de/retest/recheck/RecheckOptions.java:[34,23] de.retest.recheck.FileNamerStrategy in de.retest.recheck has been deprecated
[WARNING] /home/gabsko/breaking-updates/src/main/java/de/retest/recheck/RecheckOptions.java:[34,23] de.retest.recheck.FileNamerStrategy in de.retest.recheck has been deprecated
[WARNING] /home/gabsko/breaking-updates/src/main/java/de/retest/recheck/RecheckOptions.java:[34,23] de.retest.recheck.FileNamerStrategy in de.retest.recheck has been deprecated
[WARNING] /home/gabsko/breaking-updates/src/main/java/de/retest/recheck/RecheckOptions.java:[84,16] de.retest.recheck.FileNamerStrategy in de.retest.recheck has been deprecated
[WARNING] /home/gabsko/breaking-updates/src/main/java/de/retest/recheck/RecheckOptions.java:[84,16] de.retest.recheck.FileNamerStrategy in de.retest.recheck has been deprecated
[WARNING] /home/gabsko/breaking-updates/src/main/java/de/retest/recheck/RecheckOptions.java:[84,16] de.retest.recheck.FileNamerStrategy in de.retest.recheck has been deprecated
[WARNING] /home/gabsko/breaking-updates/src/main/java/de/retest/recheck/RecheckOptions.java:[84,16] de.retest.recheck.FileNamerStrategy in de.retest.recheck has been deprecated
[WARNING] /home/gabsko/breaking-updates/src/main/java/de/retest/recheck/RecheckOptions.java:[84,16] de.retest.recheck.FileNamerStrategy in de.retest.recheck has been deprecated
[WARNING] /home/gabsko/breaking-updates/src/main/java/de/retest/recheck/RecheckOptions.java:[131,25] de.retest.recheck.FileNamerStrategy in de.retest.recheck has been deprecated
[WARNING] /home/gabsko/breaking-updates/src/main/java/de/retest/recheck/RecheckOptions.java:[131,25] de.retest.recheck.FileNamerStrategy in de.retest.recheck has been deprecated
[WARNING] /home/gabsko/breaking-updates/src/main/java/de/retest/recheck/RecheckOptions.java:[131,25] de.retest.recheck.FileNamerStrategy in de.retest.recheck has been deprecated
[WARNING] /home/gabsko/breaking-updates/src/main/java/de/retest/recheck/RecheckOptions.java:[131,25] de.retest.recheck.FileNamerStrategy in de.retest.recheck has been deprecated
[WARNING] /home/gabsko/breaking-updates/src/main/java/de/retest/recheck/RecheckOptions.java:[131,25] de.retest.recheck.FileNamerStrategy in de.retest.recheck has been deprecated
[WARNING] /home/gabsko/breaking-updates/src/main/java/de/retest/recheck/RecheckOptions.java:[308,39] de.retest.recheck.persistence.FileNamer in de.retest.recheck.persistence has been deprecated
[WARNING] /home/gabsko/breaking-updates/src/main/java/de/retest/recheck/RecheckOptions.java:[31,1] de.retest.recheck.FileNamerStrategy in de.retest.recheck has been deprecated
[WARNING] /home/gabsko/breaking-updates/src/main/java/de/retest/recheck/RecheckOptions.java:[31,1] de.retest.recheck.FileNamerStrategy in de.retest.recheck has been deprecated
[WARNING] /home/gabsko/breaking-updates/src/main/java/de/retest/recheck/RecheckOptions.java:[31,1] de.retest.recheck.FileNamerStrategy in de.retest.recheck has been deprecated
[WARNING] /home/gabsko/breaking-updates/src/main/java/de/retest/recheck/RecheckOptions.java:[31,1] de.retest.recheck.FileNamerStrategy in de.retest.recheck has been deprecated
[WARNING] /home/gabsko/breaking-updates/src/main/java/de/retest/recheck/GradleConformFileNamerStrategy.java:[18,56] de.retest.recheck.FileNamerStrategy in de.retest.recheck has been deprecated
[WARNING] /home/gabsko/breaking-updates/src/main/java/de/retest/recheck/GradleConformFileNamerStrategy.java:[18,56] de.retest.recheck.FileNamerStrategy in de.retest.recheck has been deprecated
[WARNING] /home/gabsko/breaking-updates/src/main/java/de/retest/recheck/GradleConformFileNamerStrategy.java:[18,56] de.retest.recheck.FileNamerStrategy in de.retest.recheck has been deprecated
[WARNING] /home/gabsko/breaking-updates/src/main/java/de/retest/recheck/GradleConformFileNamerStrategy.java:[18,56] de.retest.recheck.FileNamerStrategy in de.retest.recheck has been deprecated
[WARNING] /home/gabsko/breaking-updates/src/main/java/de/retest/recheck/GradleConformFileNamerStrategy.java:[18,56] de.retest.recheck.FileNamerStrategy in de.retest.recheck has been deprecated
[WARNING] /home/gabsko/breaking-updates/src/main/java/de/retest/recheck/GradleConformFileNamerStrategy.java:[47,16] de.retest.recheck.persistence.FileNamer in de.retest.recheck.persistence has been deprecated
[WARNING] /home/gabsko/breaking-updates/src/main/java/de/retest/recheck/GradleConformFileNamerStrategy.java:[47,16] de.retest.recheck.persistence.FileNamer in de.retest.recheck.persistence has been deprecated
[WARNING] /home/gabsko/breaking-updates/src/main/java/de/retest/recheck/GradleConformFileNamerStrategy.java:[47,16] de.retest.recheck.persistence.FileNamer in de.retest.recheck.persistence has been deprecated
[WARNING] /home/gabsko/breaking-updates/src/main/java/de/retest/recheck/GradleConformFileNamerStrategy.java:[47,16] de.retest.recheck.persistence.FileNamer in de.retest.recheck.persistence has been deprecated
[WARNING] /home/gabsko/breaking-updates/src/main/java/de/retest/recheck/GradleConformFileNamerStrategy.java:[47,16] de.retest.recheck.persistence.FileNamer in de.retest.recheck.persistence has been deprecated
[WARNING] /home/gabsko/breaking-updates/src/main/java/de/retest/recheck/GradleConformFileNamerStrategy.java:[48,28] de.retest.recheck.persistence.FileNamer in de.retest.recheck.persistence has been deprecated
[WARNING] /home/gabsko/breaking-updates/src/main/java/de/retest/recheck/util/RetestIdProviderUtil.java:[32,74] newInstance() in java.lang.Class has been deprecated
[WARNING] /home/gabsko/breaking-updates/src/main/java/de/retest/recheck/util/ReflectionUtilities.java:[154,40] unchecked cast
  required: T
  found:    java.lang.Object
[WARNING] /home/gabsko/breaking-updates/src/main/java/de/retest/recheck/image/ImageDiffCalcFactory.java:[16,95] newInstance() in java.lang.Class has been deprecated
[WARNING] /home/gabsko/breaking-updates/src/main/java/de/retest/recheck/util/ExceptionUtil.java:[95,45] newInstance() in java.lang.Class has been deprecated
[WARNING] /home/gabsko/breaking-updates/src/main/java/de/retest/recheck/MavenConformFileNamerStrategy.java:[16,55] de.retest.recheck.FileNamerStrategy in de.retest.recheck has been deprecated
[WARNING] /home/gabsko/breaking-updates/src/main/java/de/retest/recheck/MavenConformFileNamerStrategy.java:[16,55] de.retest.recheck.FileNamerStrategy in de.retest.recheck has been deprecated
[WARNING] /home/gabsko/breaking-updates/src/main/java/de/retest/recheck/MavenConformFileNamerStrategy.java:[16,55] de.retest.recheck.FileNamerStrategy in de.retest.recheck has been deprecated
[WARNING] /home/gabsko/breaking-updates/src/main/java/de/retest/recheck/MavenConformFileNamerStrategy.java:[16,55] de.retest.recheck.FileNamerStrategy in de.retest.recheck has been deprecated
[WARNING] /home/gabsko/breaking-updates/src/main/java/de/retest/recheck/MavenConformFileNamerStrategy.java:[16,55] de.retest.recheck.FileNamerStrategy in de.retest.recheck has been deprecated
[WARNING] /home/gabsko/breaking-updates/src/main/java/de/retest/recheck/MavenConformFileNamerStrategy.java:[22,16] de.retest.recheck.persistence.FileNamer in de.retest.recheck.persistence has been deprecated
[WARNING] /home/gabsko/breaking-updates/src/main/java/de/retest/recheck/MavenConformFileNamerStrategy.java:[22,16] de.retest.recheck.persistence.FileNamer in de.retest.recheck.persistence has been deprecated
[WARNING] /home/gabsko/breaking-updates/src/main/java/de/retest/recheck/MavenConformFileNamerStrategy.java:[22,16] de.retest.recheck.persistence.FileNamer in de.retest.recheck.persistence has been deprecated
[WARNING] /home/gabsko/breaking-updates/src/main/java/de/retest/recheck/MavenConformFileNamerStrategy.java:[22,16] de.retest.recheck.persistence.FileNamer in de.retest.recheck.persistence has been deprecated
[WARNING] /home/gabsko/breaking-updates/src/main/java/de/retest/recheck/MavenConformFileNamerStrategy.java:[22,16] de.retest.recheck.persistence.FileNamer in de.retest.recheck.persistence has been deprecated
[WARNING] /home/gabsko/breaking-updates/src/main/java/de/retest/recheck/MavenConformFileNamerStrategy.java:[23,28] de.retest.recheck.persistence.FileNamer in de.retest.recheck.persistence has been deprecated
[INFO] 
[INFO] --- maven-resources-plugin:2.6:testResources (default-testResources) @ recheck ---
[INFO] Using 'UTF-8' encoding to copy filtered resources.
[INFO] Copying 103 resources
[INFO] 
[INFO] --- maven-compiler-plugin:3.8.1:testCompile (default-testCompile) @ recheck ---
[INFO] Changes detected - recompiling the module!
[INFO] Compiling 196 source files to /home/gabsko/breaking-updates/target/test-classes
[WARNING] /home/gabsko/breaking-updates/src/test/java/de/retest/recheck/FileNamerStrategyTest.java:[7,37] de.retest.recheck.persistence.FileNamer in de.retest.recheck.persistence has been deprecated
[WARNING] /home/gabsko/breaking-updates/src/test/java/de/retest/recheck/LegacyCompatibilityFileNamerStrategyTest.java:[18,37] de.retest.recheck.persistence.FileNamer in de.retest.recheck.persistence has been deprecated
[WARNING] /home/gabsko/breaking-updates/src/test/java/de/retest/recheck/ui/actions/AbstractActionImpl_execute_Test.java:[5,26] org.mockito.Matchers in org.mockito has been deprecated
[WARNING] /home/gabsko/breaking-updates/src/test/java/de/retest/recheck/RecheckOptionsTest.java:[25,37] de.retest.recheck.persistence.FileNamer in de.retest.recheck.persistence has been deprecated
[WARNING] /home/gabsko/breaking-updates/src/test/java/de/retest/recheck/GradleConformFileNamerStrategyTest.java:[10,37] de.retest.recheck.persistence.FileNamer in de.retest.recheck.persistence has been deprecated
[WARNING] /home/gabsko/breaking-updates/src/test/java/de/retest/recheck/MavenConformFileNamerStrategyTest.java:[9,37] de.retest.recheck.persistence.FileNamer in de.retest.recheck.persistence has been deprecated
[WARNING] /home/gabsko/breaking-updates/src/test/java/de/retest/recheck/FileNamerStrategyTest.java:[7,37] de.retest.recheck.persistence.FileNamer in de.retest.recheck.persistence has been deprecated
[WARNING] /home/gabsko/breaking-updates/src/test/java/de/retest/recheck/LegacyCompatibilityFileNamerStrategyTest.java:[18,37] de.retest.recheck.persistence.FileNamer in de.retest.recheck.persistence has been deprecated
[WARNING] /home/gabsko/breaking-updates/src/test/java/de/retest/recheck/ui/actions/AbstractActionImpl_execute_Test.java:[5,26] org.mockito.Matchers in org.mockito has been deprecated
[WARNING] /home/gabsko/breaking-updates/src/test/java/de/retest/recheck/RecheckOptionsTest.java:[25,37] de.retest.recheck.persistence.FileNamer in de.retest.recheck.persistence has been deprecated
[WARNING] /home/gabsko/breaking-updates/src/test/java/de/retest/recheck/GradleConformFileNamerStrategyTest.java:[10,37] de.retest.recheck.persistence.FileNamer in de.retest.recheck.persistence has been deprecated
[WARNING] /home/gabsko/breaking-updates/src/test/java/de/retest/recheck/MavenConformFileNamerStrategyTest.java:[9,37] de.retest.recheck.persistence.FileNamer in de.retest.recheck.persistence has been deprecated
[WARNING] /home/gabsko/breaking-updates/src/test/java/de/retest/recheck/FileNamerStrategyTest.java:[7,37] de.retest.recheck.persistence.FileNamer in de.retest.recheck.persistence has been deprecated
[WARNING] /home/gabsko/breaking-updates/src/test/java/de/retest/recheck/LegacyCompatibilityFileNamerStrategyTest.java:[18,37] de.retest.recheck.persistence.FileNamer in de.retest.recheck.persistence has been deprecated
[WARNING] /home/gabsko/breaking-updates/src/test/java/de/retest/recheck/ui/actions/AbstractActionImpl_execute_Test.java:[5,26] org.mockito.Matchers in org.mockito has been deprecated
[WARNING] /home/gabsko/breaking-updates/src/test/java/de/retest/recheck/RecheckOptionsTest.java:[25,37] de.retest.recheck.persistence.FileNamer in de.retest.recheck.persistence has been deprecated
[WARNING] /home/gabsko/breaking-updates/src/test/java/de/retest/recheck/GradleConformFileNamerStrategyTest.java:[10,37] de.retest.recheck.persistence.FileNamer in de.retest.recheck.persistence has been deprecated
[WARNING] /home/gabsko/breaking-updates/src/test/java/de/retest/recheck/MavenConformFileNamerStrategyTest.java:[9,37] de.retest.recheck.persistence.FileNamer in de.retest.recheck.persistence has been deprecated
[WARNING] /home/gabsko/breaking-updates/src/test/java/de/retest/recheck/FileNamerStrategyTest.java:[7,37] de.retest.recheck.persistence.FileNamer in de.retest.recheck.persistence has been deprecated
[WARNING] /home/gabsko/breaking-updates/src/test/java/de/retest/recheck/LegacyCompatibilityFileNamerStrategyTest.java:[18,37] de.retest.recheck.persistence.FileNamer in de.retest.recheck.persistence has been deprecated
[WARNING] /home/gabsko/breaking-updates/src/test/java/de/retest/recheck/ui/actions/AbstractActionImpl_execute_Test.java:[5,26] org.mockito.Matchers in org.mockito has been deprecated
[WARNING] /home/gabsko/breaking-updates/src/test/java/de/retest/recheck/RecheckOptionsTest.java:[25,37] de.retest.recheck.persistence.FileNamer in de.retest.recheck.persistence has been deprecated
[WARNING] /home/gabsko/breaking-updates/src/test/java/de/retest/recheck/GradleConformFileNamerStrategyTest.java:[10,37] de.retest.recheck.persistence.FileNamer in de.retest.recheck.persistence has been deprecated
[WARNING] /home/gabsko/breaking-updates/src/test/java/de/retest/recheck/MavenConformFileNamerStrategyTest.java:[9,37] de.retest.recheck.persistence.FileNamer in de.retest.recheck.persistence has been deprecated
[WARNING] /home/gabsko/breaking-updates/src/test/java/de/retest/recheck/FileNamerStrategyTest.java:[7,37] de.retest.recheck.persistence.FileNamer in de.retest.recheck.persistence has been deprecated
[WARNING] /home/gabsko/breaking-updates/src/test/java/de/retest/recheck/LegacyCompatibilityFileNamerStrategyTest.java:[18,37] de.retest.recheck.persistence.FileNamer in de.retest.recheck.persistence has been deprecated
[WARNING] /home/gabsko/breaking-updates/src/test/java/de/retest/recheck/ui/actions/AbstractActionImpl_execute_Test.java:[5,26] org.mockito.Matchers in org.mockito has been deprecated
[WARNING] /home/gabsko/breaking-updates/src/test/java/de/retest/recheck/RecheckOptionsTest.java:[25,37] de.retest.recheck.persistence.FileNamer in de.retest.recheck.persistence has been deprecated
[WARNING] /home/gabsko/breaking-updates/src/test/java/de/retest/recheck/GradleConformFileNamerStrategyTest.java:[10,37] de.retest.recheck.persistence.FileNamer in de.retest.recheck.persistence has been deprecated
[WARNING] /home/gabsko/breaking-updates/src/test/java/de/retest/recheck/MavenConformFileNamerStrategyTest.java:[9,37] de.retest.recheck.persistence.FileNamer in de.retest.recheck.persistence has been deprecated
[WARNING] /home/gabsko/breaking-updates/src/test/java/de/retest/recheck/persistence/PersistenceFactoryTest.java:[44,41] unchecked conversion
  required: de.retest.recheck.persistence.xml.XmlZipPersistence<de.retest.recheck.persistence.Persistable>
  found:    de.retest.recheck.persistence.xml.XmlZipPersistence
[WARNING] /home/gabsko/breaking-updates/src/test/java/de/retest/recheck/persistence/PersistenceFactoryTest.java:[46,44] unchecked conversion
  required: de.retest.recheck.persistence.xml.XmlFolderPersistence<de.retest.recheck.persistence.Persistable>
  found:    de.retest.recheck.persistence.xml.XmlFolderPersistence
[WARNING] /home/gabsko/breaking-updates/src/test/java/de/retest/recheck/util/ReflectionUtilitiesTest.java:[56,65] sun.awt.AppContext is internal proprietary API and may be removed in a future release
[WARNING] /home/gabsko/breaking-updates/src/test/java/de/retest/recheck/util/ReflectionUtilitiesTest.java:[70,65] sun.awt.AppContext is internal proprietary API and may be removed in a future release
[WARNING] /home/gabsko/breaking-updates/src/test/java/de/retest/recheck/util/ReflectionUtilitiesTest.java:[81,65] sun.awt.AppContext is internal proprietary API and may be removed in a future release
[WARNING] /home/gabsko/breaking-updates/src/test/java/de/retest/recheck/ui/TargetFinderTest.java:[106,17] verifyZeroInteractions(java.lang.Object...) in org.mockito.Mockito has been deprecated
[WARNING] /home/gabsko/breaking-updates/src/test/java/de/retest/recheck/FileNamerStrategyTest.java:[11,48] de.retest.recheck.FileNamerStrategy in de.retest.recheck has been deprecated
[WARNING] /home/gabsko/breaking-updates/src/test/java/de/retest/recheck/FileNamerStrategyTest.java:[11,48] de.retest.recheck.FileNamerStrategy in de.retest.recheck has been deprecated
[WARNING] /home/gabsko/breaking-updates/src/test/java/de/retest/recheck/FileNamerStrategyTest.java:[11,48] de.retest.recheck.FileNamerStrategy in de.retest.recheck has been deprecated
[WARNING] /home/gabsko/breaking-updates/src/test/java/de/retest/recheck/FileNamerStrategyTest.java:[11,48] de.retest.recheck.FileNamerStrategy in de.retest.recheck has been deprecated
[WARNING] /home/gabsko/breaking-updates/src/test/java/de/retest/recheck/FileNamerStrategyTest.java:[11,48] de.retest.recheck.FileNamerStrategy in de.retest.recheck has been deprecated
[WARNING] /home/gabsko/breaking-updates/src/test/java/de/retest/recheck/FileNamerStrategyTest.java:[13,24] de.retest.recheck.persistence.FileNamer in de.retest.recheck.persistence has been deprecated
[WARNING] /home/gabsko/breaking-updates/src/test/java/de/retest/recheck/FileNamerStrategyTest.java:[13,24] de.retest.recheck.persistence.FileNamer in de.retest.recheck.persistence has been deprecated
[WARNING] /home/gabsko/breaking-updates/src/test/java/de/retest/recheck/FileNamerStrategyTest.java:[13,24] de.retest.recheck.persistence.FileNamer in de.retest.recheck.persistence has been deprecated
[WARNING] /home/gabsko/breaking-updates/src/test/java/de/retest/recheck/FileNamerStrategyTest.java:[13,24] de.retest.recheck.persistence.FileNamer in de.retest.recheck.persistence has been deprecated
[WARNING] /home/gabsko/breaking-updates/src/test/java/de/retest/recheck/FileNamerStrategyTest.java:[13,24] de.retest.recheck.persistence.FileNamer in de.retest.recheck.persistence has been deprecated
[WARNING] /home/gabsko/breaking-updates/src/test/java/de/retest/recheck/FileNamerStrategyTest.java:[20,23] de.retest.recheck.FileNamerStrategy in de.retest.recheck has been deprecated
[WARNING] /home/gabsko/breaking-updates/src/test/java/de/retest/recheck/FileNamerStrategyTest.java:[26,23] de.retest.recheck.FileNamerStrategy in de.retest.recheck has been deprecated
[WARNING] /home/gabsko/breaking-updates/src/test/java/de/retest/recheck/LegacyCompatibilityFileNamerStrategyTest.java:[26,65] de.retest.recheck.FileNamerStrategy in de.retest.recheck has been deprecated
[WARNING] /home/gabsko/breaking-updates/src/test/java/de/retest/recheck/LegacyCompatibilityFileNamerStrategyTest.java:[26,65] de.retest.recheck.FileNamerStrategy in de.retest.recheck has been deprecated
[WARNING] /home/gabsko/breaking-updates/src/test/java/de/retest/recheck/LegacyCompatibilityFileNamerStrategyTest.java:[26,65] de.retest.recheck.FileNamerStrategy in de.retest.recheck has been deprecated
[WARNING] /home/gabsko/breaking-updates/src/test/java/de/retest/recheck/LegacyCompatibilityFileNamerStrategyTest.java:[26,65] de.retest.recheck.FileNamerStrategy in de.retest.recheck has been deprecated
[WARNING] /home/gabsko/breaking-updates/src/test/java/de/retest/recheck/LegacyCompatibilityFileNamerStrategyTest.java:[26,65] de.retest.recheck.FileNamerStrategy in de.retest.recheck has been deprecated
[WARNING] /home/gabsko/breaking-updates/src/test/java/de/retest/recheck/LegacyCompatibilityFileNamerStrategyTest.java:[35,24] de.retest.recheck.persistence.FileNamer in de.retest.recheck.persistence has been deprecated
[WARNING] /home/gabsko/breaking-updates/src/test/java/de/retest/recheck/LegacyCompatibilityFileNamerStrategyTest.java:[35,24] de.retest.recheck.persistence.FileNamer in de.retest.recheck.persistence has been deprecated
[WARNING] /home/gabsko/breaking-updates/src/test/java/de/retest/recheck/LegacyCompatibilityFileNamerStrategyTest.java:[35,24] de.retest.recheck.persistence.FileNamer in de.retest.recheck.persistence has been deprecated
[WARNING] /home/gabsko/breaking-updates/src/test/java/de/retest/recheck/LegacyCompatibilityFileNamerStrategyTest.java:[35,24] de.retest.recheck.persistence.FileNamer in de.retest.recheck.persistence has been deprecated
[WARNING] /home/gabsko/breaking-updates/src/test/java/de/retest/recheck/LegacyCompatibilityFileNamerStrategyTest.java:[35,24] de.retest.recheck.persistence.FileNamer in de.retest.recheck.persistence has been deprecated
[WARNING] /home/gabsko/breaking-updates/src/test/java/de/retest/recheck/LegacyCompatibilityFileNamerStrategyTest.java:[36,36] de.retest.recheck.persistence.FileNamer in de.retest.recheck.persistence has been deprecated
[WARNING] /home/gabsko/breaking-updates/src/test/java/de/retest/recheck/LegacyCompatibilityFileNamerStrategyTest.java:[67,57] fileNamerStrategy(de.retest.recheck.FileNamerStrategy) in de.retest.recheck.RecheckOptions.RecheckOptionsBuilder has been deprecated
[WARNING] /home/gabsko/breaking-updates/src/test/java/de/retest/recheck/persistence/xml/util/LazyScreenshotZipPersistenceTest.java:[74,17] verifyZeroInteractions(java.lang.Object...) in org.mockito.Mockito has been deprecated
[WARNING] /home/gabsko/breaking-updates/src/test/java/de/retest/recheck/persistence/xml/util/LazyScreenshotZipPersistenceTest.java:[75,17] verifyZeroInteractions(java.lang.Object...) in org.mockito.Mockito has been deprecated
[WARNING] /home/gabsko/breaking-updates/src/test/java/de/retest/recheck/persistence/xml/util/LazyScreenshotZipPersistenceTest.java:[94,17] verifyZeroInteractions(java.lang.Object...) in org.mockito.Mockito has been deprecated
[WARNING] /home/gabsko/breaking-updates/src/test/java/de/retest/recheck/persistence/xml/util/LazyScreenshotZipPersistenceTest.java:[95,17] verifyZeroInteractions(java.lang.Object...) in org.mockito.Mockito has been deprecated
[WARNING] /home/gabsko/breaking-updates/src/test/java/de/retest/recheck/persistence/xml/util/LazyScreenshotZipPersistenceTest.java:[96,17] verifyZeroInteractions(java.lang.Object...) in org.mockito.Mockito has been deprecated
[WARNING] /home/gabsko/breaking-updates/src/test/java/de/retest/recheck/persistence/xml/util/LazyScreenshotZipPersistenceTest.java:[113,17] verifyZeroInteractions(java.lang.Object...) in org.mockito.Mockito has been deprecated
[WARNING] /home/gabsko/breaking-updates/src/test/java/de/retest/recheck/persistence/xml/util/LazyScreenshotZipPersistenceTest.java:[114,17] verifyZeroInteractions(java.lang.Object...) in org.mockito.Mockito has been deprecated
[WARNING] /home/gabsko/breaking-updates/src/test/java/de/retest/recheck/persistence/xml/util/LazyScreenshotZipPersistenceTest.java:[115,17] verifyZeroInteractions(java.lang.Object...) in org.mockito.Mockito has been deprecated
[WARNING] /home/gabsko/breaking-updates/src/test/java/de/retest/recheck/ui/actions/AbstractActionImpl_execute_Test.java:[68,17] verifyZeroInteractions(java.lang.Object...) in org.mockito.Mockito has been deprecated
[WARNING] /home/gabsko/breaking-updates/src/test/java/de/retest/recheck/ui/actions/AbstractActionImpl_execute_Test.java:[83,17] verifyZeroInteractions(java.lang.Object...) in org.mockito.Mockito has been deprecated
[WARNING] /home/gabsko/breaking-updates/src/test/java/de/retest/recheck/ui/actions/AbstractActionImpl_execute_Test.java:[100,17] verifyZeroInteractions(java.lang.Object...) in org.mockito.Mockito has been deprecated
[WARNING] /home/gabsko/breaking-updates/src/test/java/de/retest/recheck/review/workers/LoadAndSaveFilterWorkerTest.java:[71,45] hasSameContentAs(java.nio.file.Path) in org.assertj.core.api.AbstractPathAssert has been deprecated
[WARNING] /home/gabsko/breaking-updates/src/test/java/de/retest/recheck/RecheckOptionsTest.java:[34,33] fileNamerStrategy(de.retest.recheck.FileNamerStrategy) in de.retest.recheck.RecheckOptions.RecheckOptionsBuilder has been deprecated
[WARNING] /home/gabsko/breaking-updates/src/test/java/de/retest/recheck/RecheckOptionsTest.java:[109,23] de.retest.recheck.persistence.FileNamer in de.retest.recheck.persistence has been deprecated
[WARNING] /home/gabsko/breaking-updates/src/test/java/de/retest/recheck/RecheckOptionsTest.java:[109,51] de.retest.recheck.persistence.FileNamer in de.retest.recheck.persistence has been deprecated
[WARNING] /home/gabsko/breaking-updates/src/test/java/de/retest/recheck/RecheckOptionsTest.java:[112,23] de.retest.recheck.FileNamerStrategy in de.retest.recheck has been deprecated
[WARNING] /home/gabsko/breaking-updates/src/test/java/de/retest/recheck/RecheckOptionsTest.java:[112,67] de.retest.recheck.FileNamerStrategy in de.retest.recheck has been deprecated
[WARNING] /home/gabsko/breaking-updates/src/test/java/de/retest/recheck/RecheckOptionsTest.java:[120,49] fileNamerStrategy(de.retest.recheck.FileNamerStrategy) in de.retest.recheck.RecheckOptions.RecheckOptionsBuilder has been deprecated
[WARNING] /home/gabsko/breaking-updates/src/test/java/de/retest/recheck/RecheckOptionsTest.java:[122,49] fileNamerStrategy(de.retest.recheck.FileNamerStrategy) in de.retest.recheck.RecheckOptions.RecheckOptionsBuilder has been deprecated
[WARNING] /home/gabsko/breaking-updates/src/test/java/de/retest/recheck/review/ignore/io/InheritanceLoaderTest.java:[27,47] unchecked conversion
  required: de.retest.recheck.review.ignore.io.Loader<de.retest.recheck.review.ignore.io.InheritanceLoaderTest.A>
  found:    de.retest.recheck.review.ignore.io.Loader
[WARNING] /home/gabsko/breaking-updates/src/test/java/de/retest/recheck/review/ignore/io/InheritanceLoaderTest.java:[31,47] unchecked conversion
  required: de.retest.recheck.review.ignore.io.Loader<de.retest.recheck.review.ignore.io.InheritanceLoaderTest.B>
  found:    de.retest.recheck.review.ignore.io.Loader
[WARNING] /home/gabsko/breaking-updates/src/test/java/de/retest/recheck/review/ignore/io/InheritanceLoaderTest.java:[35,47] unchecked conversion
  required: de.retest.recheck.review.ignore.io.Loader<de.retest.recheck.review.ignore.io.InheritanceLoaderTest.C>
  found:    de.retest.recheck.review.ignore.io.Loader
[WARNING] /home/gabsko/breaking-updates/src/test/java/de/retest/recheck/persistence/xml/util/ScreenshotFolderPersistenceTest.java:[60,17] verifyZeroInteractions(java.lang.Object...) in org.mockito.Mockito has been deprecated
[WARNING] /home/gabsko/breaking-updates/src/test/java/de/retest/recheck/persistence/xml/util/ScreenshotFolderPersistenceTest.java:[61,17] verifyZeroInteractions(java.lang.Object...) in org.mockito.Mockito has been deprecated
[WARNING] /home/gabsko/breaking-updates/src/test/java/de/retest/recheck/review/workers/MigrateIgnoreFileTest.java:[64,45] hasSameContentAs(java.nio.file.Path) in org.assertj.core.api.AbstractPathAssert has been deprecated
[WARNING] /home/gabsko/breaking-updates/src/test/java/de/retest/recheck/GradleConformFileNamerStrategyTest.java:[16,23] de.retest.recheck.FileNamerStrategy in de.retest.recheck has been deprecated
[WARNING] /home/gabsko/breaking-updates/src/test/java/de/retest/recheck/GradleConformFileNamerStrategyTest.java:[18,23] de.retest.recheck.persistence.FileNamer in de.retest.recheck.persistence has been deprecated
[WARNING] /home/gabsko/breaking-updates/src/test/java/de/retest/recheck/GradleConformFileNamerStrategyTest.java:[28,23] de.retest.recheck.FileNamerStrategy in de.retest.recheck has been deprecated
[WARNING] /home/gabsko/breaking-updates/src/test/java/de/retest/recheck/GradleConformFileNamerStrategyTest.java:[30,23] de.retest.recheck.persistence.FileNamer in de.retest.recheck.persistence has been deprecated
[WARNING] /home/gabsko/breaking-updates/src/test/java/de/retest/recheck/RecheckImplIT.java:[52,23] de.retest.recheck.FileNamerStrategy in de.retest.recheck has been deprecated
[WARNING] /home/gabsko/breaking-updates/src/test/java/de/retest/recheck/RecheckImplIT.java:[57,33] fileNamerStrategy(de.retest.recheck.FileNamerStrategy) in de.retest.recheck.RecheckOptions.RecheckOptionsBuilder has been deprecated
[WARNING] /home/gabsko/breaking-updates/src/test/java/de/retest/recheck/MavenConformFileNamerStrategyTest.java:[15,23] de.retest.recheck.FileNamerStrategy in de.retest.recheck has been deprecated
[WARNING] /home/gabsko/breaking-updates/src/test/java/de/retest/recheck/MavenConformFileNamerStrategyTest.java:[17,23] de.retest.recheck.persistence.FileNamer in de.retest.recheck.persistence has been deprecated
[WARNING] /home/gabsko/breaking-updates/src/test/java/de/retest/recheck/review/ignore/ExcludeFilterTest.java:[70,40] unchecked conversion
  required: de.retest.recheck.review.ignore.io.Loader<de.retest.recheck.ignore.Filter>
  found:    de.retest.recheck.review.ignore.io.Loader
[INFO] 
[INFO] --- maven-surefire-plugin:3.0.0-M5:test (default-test) @ recheck ---
[INFO] 
[INFO] -------------------------------------------------------
[INFO]  T E S T S
[INFO] -------------------------------------------------------
[INFO] Running DefaultRecheckIgnoreTest
13:57:11.794 [ForkJoinPool-1-worker-115] DEBUG de.retest.recheck.configuration.PathBasedProjectRootFinder - Searching for project root under '/home/gabsko/breaking-updates'.
13:57:11.797 [ForkJoinPool-1-worker-115] DEBUG de.retest.recheck.configuration.PathBasedProjectRootFinder - Found project root in '/home/gabsko/breaking-updates'.
[INFO] Tests run: 1, Failures: 0, Errors: 0, Skipped: 0, Time elapsed: 0.15 s - in DefaultRecheckIgnoreTest
[INFO] Running de.retest.recheck.printer.TestReportPrinterTest
[INFO] Tests run: 2, Failures: 0, Errors: 0, Skipped: 0, Time elapsed: 0.444 s - in de.retest.recheck.printer.TestReportPrinterTest
[INFO] Running de.retest.recheck.printer.InsertedDeletedElementDifferencePrinterTest
[INFO] Tests run: 4, Failures: 0, Errors: 0, Skipped: 0, Time elapsed: 0.027 s - in de.retest.recheck.printer.InsertedDeletedElementDifferencePrinterTest
[INFO] Running de.retest.recheck.printer.AttributeDifferencePrinterTest
[INFO] Tests run: 7, Failures: 0, Errors: 0, Skipped: 0, Time elapsed: 0.042 s - in de.retest.recheck.printer.AttributeDifferencePrinterTest
[INFO] Running de.retest.recheck.printer.SuiteReplayResultTest
[INFO] Tests run: 5, Failures: 0, Errors: 0, Skipped: 0, Time elapsed: 0.024 s - in de.retest.recheck.printer.SuiteReplayResultTest
[INFO] Running de.retest.recheck.printer.TestReplayResultPrinterTest
13:57:12.467 [ForkJoinPool-1-worker-115] INFO de.retest.recheck.image.ImageDiffCalcFactory - No ImageDifferenceCalculator specified, will use default.
13:57:12.481 [ForkJoinPool-1-worker-115] DEBUG de.retest.recheck.ui.diff.RootElementDifferenceFinder - Finding differences for window took 13ms.
[INFO] Tests run: 7, Failures: 0, Errors: 0, Skipped: 0, Time elapsed: 0.111 s - in de.retest.recheck.printer.TestReplayResultPrinterTest
[INFO] Running de.retest.recheck.printer.ElementDifferencePrinterTest
[INFO] Tests run: 4, Failures: 0, Errors: 0, Skipped: 0, Time elapsed: 0.063 s - in de.retest.recheck.printer.ElementDifferencePrinterTest
[INFO] Running de.retest.recheck.printer.MetadataDifferencePrinterTest
[INFO] Tests run: 1, Failures: 0, Errors: 0, Skipped: 0, Time elapsed: 0.002 s - in de.retest.recheck.printer.MetadataDifferencePrinterTest
[INFO] Running de.retest.recheck.printer.SuiteReplayResultPrinterTest
[INFO] Tests run: 3, Failures: 0, Errors: 0, Skipped: 0, Time elapsed: 0.011 s - in de.retest.recheck.printer.SuiteReplayResultPrinterTest
[INFO] Running de.retest.recheck.printer.AttributesDifferencePrinterTest
[INFO] Tests run: 6, Failures: 0, Errors: 0, Skipped: 0, Time elapsed: 0.012 s - in de.retest.recheck.printer.AttributesDifferencePrinterTest
[INFO] Running de.retest.recheck.printer.ActionReplayResultPrinterTest
13:57:12.637 [ForkJoinPool-1-worker-115] DEBUG de.retest.recheck.ui.diff.RootElementDifferenceFinder - Finding differences for window took 0ms.
[INFO] Tests run: 6, Failures: 0, Errors: 0, Skipped: 0, Time elapsed: 0.076 s - in de.retest.recheck.printer.ActionReplayResultPrinterTest
[INFO] Running de.retest.recheck.review.workers.MigrateIgnoreFileTest
13:57:12.701 [ForkJoinPool-1-worker-115] DEBUG de.retest.recheck.configuration.PathBasedProjectRootFinder - Searching for project root under '/tmp/junit2736205009734457390/.retest'.
13:57:12.701 [ForkJoinPool-1-worker-115] DEBUG de.retest.recheck.configuration.PathBasedProjectRootFinder - Found project root in '/tmp/junit2736205009734457390'.
13:57:12.702 [ForkJoinPool-1-worker-115] INFO de.retest.recheck.review.workers.LoadFilterWorker - Reading ignore file from '/tmp/junit2736205009734457390/.retest/recheck.ignore'.
13:57:12.702 [ForkJoinPool-1-worker-115] INFO de.retest.recheck.review.workers.LoadFilterWorker - No ignore file found at '/home/gabsko/.retest/recheck.ignore'.
13:57:12.703 [ForkJoinPool-1-worker-115] WARN de.retest.recheck.review.ignore.AttributeFilter$AttributeFilterLoader - 'attribute=possible-*regex' contains '*'. For regular expressions, please use 'attribute-regex=possible-*regex'.
13:57:12.703 [ForkJoinPool-1-worker-115] WARN de.retest.recheck.review.ignore.FilterPreserveLineLoader - Please remove leading whitespace from the following line:
 attribute:foo
13:57:12.703 [ForkJoinPool-1-worker-115] ERROR de.retest.recheck.review.ignore.io.ErrorHandlingLoader - For ignoring an attribute globally, please use 'attribute=' (to ensure weired line breaks do not break your ignore file).
13:57:12.704 [ForkJoinPool-1-worker-115] DEBUG de.retest.recheck.configuration.PathBasedProjectRootFinder - Searching for project root under '/tmp/junit2736205009734457390/.retest'.
13:57:12.704 [ForkJoinPool-1-worker-115] DEBUG de.retest.recheck.configuration.PathBasedProjectRootFinder - Found project root in '/tmp/junit2736205009734457390'.
13:57:12.802 [ForkJoinPool-1-worker-115] INFO de.retest.recheck.ignore.JSFilterImpl - Reading JS filter rules file from '/tmp/junit2736205009734457390/.retest/recheck.ignore.js'.
13:57:12.810 [ForkJoinPool-1-worker-115] INFO de.retest.recheck.review.workers.SaveFilterWorker - Writing filters to file '/tmp/junit2736205009734457390/.retest/recheck.ignore'.
[INFO] Tests run: 1, Failures: 0, Errors: 0, Skipped: 0, Time elapsed: 0.128 s - in de.retest.recheck.review.workers.MigrateIgnoreFileTest
[INFO] Running de.retest.recheck.review.workers.LoadFilterWorkerTest
13:57:12.822 [ForkJoinPool-1-worker-115] ERROR de.retest.recheck.configuration.PathBasedProjectRootFinder - Project root not found, base path does not exist.
13:57:12.822 [ForkJoinPool-1-worker-115] INFO de.retest.recheck.review.workers.LoadFilterWorker - Ignoring missing ignore file.
13:57:12.822 [ForkJoinPool-1-worker-115] INFO de.retest.recheck.review.workers.LoadFilterWorker - No ignore file found at '/home/gabsko/.retest/recheck.ignore'.
13:57:12.822 [ForkJoinPool-1-worker-115] INFO de.retest.recheck.review.workers.LoadFilterWorker - Reading ignore file from '/tmp/junit8920094356900957674/src/recheck.ignore'.
13:57:12.823 [ForkJoinPool-1-worker-115] ERROR de.retest.recheck.configuration.PathBasedProjectRootFinder - Project root not found, base path does not exist.
13:57:12.824 [ForkJoinPool-1-worker-115] DEBUG de.retest.recheck.configuration.PathBasedProjectRootFinder - Searching for project root under '/tmp/junit8860180524974259531'.
13:57:12.824 [ForkJoinPool-1-worker-115] DEBUG de.retest.recheck.configuration.PathBasedProjectRootFinder - Found project root in '/tmp/junit8860180524974259531'.
13:57:12.824 [ForkJoinPool-1-worker-115] INFO de.retest.recheck.review.workers.LoadFilterWorker - Reading ignore file from '/tmp/junit8860180524974259531/.retest/recheck.ignore'.
13:57:12.824 [ForkJoinPool-1-worker-115] INFO de.retest.recheck.review.workers.LoadFilterWorker - No ignore file found at '/home/gabsko/.retest/recheck.ignore'.
13:57:12.824 [ForkJoinPool-1-worker-115] INFO de.retest.recheck.review.workers.LoadFilterWorker - No ignore file found at '/tmp/junit8860180524974259531/recheck.ignore'.
13:57:12.824 [ForkJoinPool-1-worker-115] DEBUG de.retest.recheck.configuration.PathBasedProjectRootFinder - Searching for project root under '/tmp/junit8860180524974259531'.
13:57:12.825 [ForkJoinPool-1-worker-115] DEBUG de.retest.recheck.configuration.PathBasedProjectRootFinder - Found project root in '/tmp/junit8860180524974259531'.
13:57:12.826 [ForkJoinPool-1-worker-115] ERROR de.retest.recheck.configuration.PathBasedProjectRootFinder - Project root not found, base path does not exist.
13:57:12.826 [ForkJoinPool-1-worker-115] INFO de.retest.recheck.review.workers.LoadFilterWorker - Ignoring missing ignore file.
13:57:12.826 [ForkJoinPool-1-worker-115] INFO de.retest.recheck.review.workers.LoadFilterWorker - Reading ignore file from '/tmp/junit16040935397195753655/.retest/recheck.ignore'.
13:57:12.826 [ForkJoinPool-1-worker-115] INFO de.retest.recheck.review.workers.LoadFilterWorker - No ignore file found at '/tmp/junit16040935397195753655/recheck.ignore'.
13:57:12.827 [ForkJoinPool-1-worker-115] ERROR de.retest.recheck.configuration.PathBasedProjectRootFinder - Project root not found, base path does not exist.
13:57:12.828 [ForkJoinPool-1-worker-115] DEBUG de.retest.recheck.configuration.PathBasedProjectRootFinder - Searching for project root under '/tmp/junit17638675682456461009'.
13:57:12.828 [ForkJoinPool-1-worker-115] DEBUG de.retest.recheck.configuration.PathBasedProjectRootFinder - Found project root in '/tmp/junit17638675682456461009'.
13:57:12.828 [ForkJoinPool-1-worker-115] INFO de.retest.recheck.review.workers.LoadFilterWorker - Reading ignore file from '/tmp/junit17638675682456461009/.retest/recheck.ignore'.
13:57:12.828 [ForkJoinPool-1-worker-115] INFO de.retest.recheck.review.workers.LoadFilterWorker - Reading ignore file from '/tmp/junit17638675682456461009/.retest/recheck.ignore'.
13:57:12.828 [ForkJoinPool-1-worker-115] INFO de.retest.recheck.review.workers.LoadFilterWorker - Reading ignore file from '/tmp/junit17638675682456461009/src/recheck.ignore'.
13:57:12.829 [ForkJoinPool-1-worker-115] DEBUG de.retest.recheck.configuration.PathBasedProjectRootFinder - Searching for project root under '/tmp/junit17638675682456461009'.
13:57:12.829 [ForkJoinPool-1-worker-115] DEBUG de.retest.recheck.configuration.PathBasedProjectRootFinder - Found project root in '/tmp/junit17638675682456461009'.
13:57:12.831 [ForkJoinPool-1-worker-115] ERROR de.retest.recheck.configuration.PathBasedProjectRootFinder - Project root not found, base path does not exist.
13:57:12.831 [ForkJoinPool-1-worker-115] INFO de.retest.recheck.review.workers.LoadFilterWorker - Ignoring missing ignore file.
13:57:12.831 [ForkJoinPool-1-worker-115] INFO de.retest.recheck.review.workers.LoadFilterWorker - No ignore file found at '/tmp/junit17400788748615789261/.retest/recheck.ignore'.
13:57:12.831 [ForkJoinPool-1-worker-115] INFO de.retest.recheck.review.workers.LoadFilterWorker - No ignore file found at '/tmp/junit17400788748615789261/recheck.ignore'.
13:57:12.831 [ForkJoinPool-1-worker-115] ERROR de.retest.recheck.configuration.PathBasedProjectRootFinder - Project root not found, base path does not exist.
[INFO] Tests run: 5, Failures: 0, Errors: 0, Skipped: 0, Time elapsed: 0.015 s - in de.retest.recheck.review.workers.LoadFilterWorkerTest
[INFO] Running de.retest.recheck.review.workers.LoadAndSaveFilterWorkerTest
13:57:12.838 [ForkJoinPool-1-worker-115] DEBUG de.retest.recheck.configuration.PathBasedProjectRootFinder - Searching for project root under '/tmp/junit6736183067686963056/.retest'.
13:57:12.839 [ForkJoinPool-1-worker-115] DEBUG de.retest.recheck.configuration.PathBasedProjectRootFinder - Found project root in '/tmp/junit6736183067686963056'.
13:57:12.839 [ForkJoinPool-1-worker-115] INFO de.retest.recheck.review.workers.LoadFilterWorker - Reading ignore file from '/tmp/junit6736183067686963056/.retest/recheck.ignore'.
13:57:12.839 [ForkJoinPool-1-worker-115] WARN de.retest.recheck.review.ignore.AttributeFilter$AttributeFilterLoader - 'attribute=possible-*regex' contains '*'. For regular expressions, please use 'attribute-regex=possible-*regex'.
13:57:12.839 [ForkJoinPool-1-worker-115] WARN de.retest.recheck.review.ignore.FilterPreserveLineLoader - Please remove leading whitespace from the following line:
 attribute:foo
13:57:12.839 [ForkJoinPool-1-worker-115] ERROR de.retest.recheck.review.ignore.io.ErrorHandlingLoader - For ignoring an attribute globally, please use 'attribute=' (to ensure weired line breaks do not break your ignore file).
13:57:12.839 [ForkJoinPool-1-worker-115] DEBUG de.retest.recheck.configuration.PathBasedProjectRootFinder - Searching for project root under '/tmp/junit6736183067686963056/.retest'.
13:57:12.840 [ForkJoinPool-1-worker-115] DEBUG de.retest.recheck.configuration.PathBasedProjectRootFinder - Found project root in '/tmp/junit6736183067686963056'.
13:57:12.844 [ForkJoinPool-1-worker-115] INFO de.retest.recheck.ignore.JSFilterImpl - Reading JS filter rules file from '/tmp/junit6736183067686963056/.retest/recheck.ignore.js'.
13:57:12.847 [ForkJoinPool-1-worker-115] INFO de.retest.recheck.review.workers.SaveFilterWorker - Writing filters to file '/tmp/junit6736183067686963056/.retest/recheck.ignore'.
[INFO] Tests run: 1, Failures: 0, Errors: 0, Skipped: 0, Time elapsed: 0.012 s - in de.retest.recheck.review.workers.LoadAndSaveFilterWorkerTest
[INFO] Running de.retest.recheck.review.GlobalIgnoreApplierTest
13:57:12.851 [ForkJoinPool-1-worker-115] DEBUG de.retest.recheck.configuration.PathBasedProjectRootFinder - Searching for project root under '/home/gabsko/breaking-updates'.
13:57:12.851 [ForkJoinPool-1-worker-115] DEBUG de.retest.recheck.configuration.PathBasedProjectRootFinder - Found project root in '/home/gabsko/breaking-updates'.
13:57:12.852 [ForkJoinPool-1-worker-115] DEBUG de.retest.recheck.configuration.PathBasedProjectRootFinder - Searching for project root under '/home/gabsko/breaking-updates'.
13:57:12.852 [ForkJoinPool-1-worker-115] DEBUG de.retest.recheck.configuration.PathBasedProjectRootFinder - Found project root in '/home/gabsko/breaking-updates'.
[INFO] Tests run: 4, Failures: 0, Errors: 0, Skipped: 0, Time elapsed: 0.003 s - in de.retest.recheck.review.GlobalIgnoreApplierTest
[INFO] Running de.retest.recheck.review.ignore.ValueRegexFilterTest
[INFO] Tests run: 2, Failures: 0, Errors: 0, Skipped: 0, Time elapsed: 0.002 s - in de.retest.recheck.review.ignore.ValueRegexFilterTest
[INFO] Running de.retest.recheck.review.ignore.ColorDiffFilterTest
13:57:12.886 [ForkJoinPool-1-worker-115] DEBUG de.retest.recheck.review.ignore.ColorDiffFilter - Error parsing input rgb(0,0,322) to color: 
java.lang.IllegalArgumentException: Color parameter outside of expected range: Blue
	at java.desktop/java.awt.Color.testColorValueRange(Color.java:310)
	at java.desktop/java.awt.Color.<init>(Color.java:395)
	at java.desktop/java.awt.Color.<init>(Color.java:369)
	at de.retest.recheck.review.ignore.ColorDiffFilter.parse(ColorDiffFilter.java:93)
	at de.retest.recheck.review.ignore.ColorDiffFilterTest.invalid_values_should_return_null(ColorDiffFilterTest.java:121)
	at java.base/jdk.internal.reflect.NativeMethodAccessorImpl.invoke0(Native Method)
	at java.base/jdk.internal.reflect.NativeMethodAccessorImpl.invoke(NativeMethodAccessorImpl.java:62)
	at java.base/jdk.internal.reflect.DelegatingMethodAccessorImpl.invoke(DelegatingMethodAccessorImpl.java:43)
	at java.base/java.lang.reflect.Method.invoke(Method.java:566)
	at org.junit.platform.commons.util.ReflectionUtils.invokeMethod(ReflectionUtils.java:688)
	at org.junit.jupiter.engine.execution.MethodInvocation.proceed(MethodInvocation.java:60)
	at org.junit.jupiter.engine.execution.InvocationInterceptorChain$ValidatingInvocation.proceed(InvocationInterceptorChain.java:131)
	at org.junit.jupiter.engine.extension.TimeoutExtension.intercept(TimeoutExtension.java:149)
	at org.junit.jupiter.engine.extension.TimeoutExtension.interceptTestableMethod(TimeoutExtension.java:140)
	at org.junit.jupiter.engine.extension.TimeoutExtension.interceptTestMethod(TimeoutExtension.java:84)
	at org.junit.jupiter.engine.execution.ExecutableInvoker$ReflectiveInterceptorCall.lambda$ofVoidMethod$0(ExecutableInvoker.java:115)
	at org.junit.jupiter.engine.execution.ExecutableInvoker.lambda$invoke$0(ExecutableInvoker.java:105)
	at org.junit.jupiter.engine.execution.InvocationInterceptorChain$InterceptedInvocation.proceed(InvocationInterceptorChain.java:106)
	at org.junit.jupiter.engine.execution.InvocationInterceptorChain.proceed(InvocationInterceptorChain.java:64)
	at org.junit.jupiter.engine.execution.InvocationInterceptorChain.chainAndInvoke(InvocationInterceptorChain.java:45)
	at org.junit.jupiter.engine.execution.InvocationInterceptorChain.invoke(InvocationInterceptorChain.java:37)
	at org.junit.jupiter.engine.execution.ExecutableInvoker.invoke(ExecutableInvoker.java:104)
	at org.junit.jupiter.engine.execution.ExecutableInvoker.invoke(ExecutableInvoker.java:98)
	at org.junit.jupiter.engine.descriptor.TestMethodTestDescriptor.lambda$invokeTestMethod$6(TestMethodTestDescriptor.java:210)
	at org.junit.platform.engine.support.hierarchical.ThrowableCollector.execute(ThrowableCollector.java:73)
	at org.junit.jupiter.engine.descriptor.TestMethodTestDescriptor.invokeTestMethod(TestMethodTestDescriptor.java:206)
	at org.junit.jupiter.engine.descriptor.TestMethodTestDescriptor.execute(TestMethodTestDescriptor.java:131)
	at org.junit.jupiter.engine.descriptor.TestMethodTestDescriptor.execute(TestMethodTestDescriptor.java:65)
	at org.junit.platform.engine.support.hierarchical.NodeTestTask.lambda$executeRecursively$5(NodeTestTask.java:139)
	at org.junit.platform.engine.support.hierarchical.ThrowableCollector.execute(ThrowableCollector.java:73)
	at org.junit.platform.engine.support.hierarchical.NodeTestTask.lambda$executeRecursively$7(NodeTestTask.java:129)
	at org.junit.platform.engine.support.hierarchical.Node.around(Node.java:137)
	at org.junit.platform.engine.support.hierarchical.NodeTestTask.lambda$executeRecursively$8(NodeTestTask.java:127)
	at org.junit.platform.engine.support.hierarchical.ThrowableCollector.execute(ThrowableCollector.java:73)
	at org.junit.platform.engine.support.hierarchical.NodeTestTask.executeRecursively(NodeTestTask.java:126)
	at org.junit.platform.engine.support.hierarchical.NodeTestTask.execute(NodeTestTask.java:84)
	at org.junit.platform.engine.support.hierarchical.ForkJoinPoolHierarchicalTestExecutorService$ExclusiveTask.compute(ForkJoinPoolHierarchicalTestExecutorService.java:185)
	at org.junit.platform.engine.support.hierarchical.ForkJoinPoolHierarchicalTestExecutorService.executeNonConcurrentTasks(ForkJoinPoolHierarchicalTestExecutorService.java:155)
	at org.junit.platform.engine.support.hierarchical.ForkJoinPoolHierarchicalTestExecutorService.invokeAll(ForkJoinPoolHierarchicalTestExecutorService.java:135)
	at org.junit.platform.engine.support.hierarchical.NodeTestTask.lambda$executeRecursively$5(NodeTestTask.java:143)
	at org.junit.platform.engine.support.hierarchical.ThrowableCollector.execute(ThrowableCollector.java:73)
	at org.junit.platform.engine.support.hierarchical.NodeTestTask.lambda$executeRecursively$7(NodeTestTask.java:129)
	at org.junit.platform.engine.support.hierarchical.Node.around(Node.java:137)
	at org.junit.platform.engine.support.hierarchical.NodeTestTask.lambda$executeRecursively$8(NodeTestTask.java:127)
	at org.junit.platform.engine.support.hierarchical.ThrowableCollector.execute(ThrowableCollector.java:73)
	at org.junit.platform.engine.support.hierarchical.NodeTestTask.executeRecursively(NodeTestTask.java:126)
	at org.junit.platform.engine.support.hierarchical.NodeTestTask.execute(NodeTestTask.java:84)
	at org.junit.platform.engine.support.hierarchical.ForkJoinPoolHierarchicalTestExecutorService$ExclusiveTask.compute(ForkJoinPoolHierarchicalTestExecutorService.java:185)
	at org.junit.platform.engine.support.hierarchical.ForkJoinPoolHierarchicalTestExecutorService.executeNonConcurrentTasks(ForkJoinPoolHierarchicalTestExecutorService.java:155)
	at org.junit.platform.engine.support.hierarchical.ForkJoinPoolHierarchicalTestExecutorService.invokeAll(ForkJoinPoolHierarchicalTestExecutorService.java:135)
	at org.junit.platform.engine.support.hierarchical.NodeTestTask.lambda$executeRecursively$5(NodeTestTask.java:143)
	at org.junit.platform.engine.support.hierarchical.ThrowableCollector.execute(ThrowableCollector.java:73)
	at org.junit.platform.engine.support.hierarchical.NodeTestTask.lambda$executeRecursively$7(NodeTestTask.java:129)
	at org.junit.platform.engine.support.hierarchical.Node.around(Node.java:137)
	at org.junit.platform.engine.support.hierarchical.NodeTestTask.lambda$executeRecursively$8(NodeTestTask.java:127)
	at org.junit.platform.engine.support.hierarchical.ThrowableCollector.execute(ThrowableCollector.java:73)
	at org.junit.platform.engine.support.hierarchical.NodeTestTask.executeRecursively(NodeTestTask.java:126)
	at org.junit.platform.engine.support.hierarchical.NodeTestTask.execute(NodeTestTask.java:84)
	at org.junit.platform.engine.support.hierarchical.ForkJoinPoolHierarchicalTestExecutorService$ExclusiveTask.compute(ForkJoinPoolHierarchicalTestExecutorService.java:185)
	at java.base/java.util.concurrent.RecursiveAction.exec(RecursiveAction.java:189)
	at java.base/java.util.concurrent.ForkJoinTask.doExec(ForkJoinTask.java:290)
	at java.base/java.util.concurrent.ForkJoinPool$WorkQueue.topLevelExec(ForkJoinPool.java:1020)
	at java.base/java.util.concurrent.ForkJoinPool.scan(ForkJoinPool.java:1656)
	at java.base/java.util.concurrent.ForkJoinPool.runWorker(ForkJoinPool.java:1594)
	at java.base/java.util.concurrent.ForkJoinWorkerThread.run(ForkJoinWorkerThread.java:183)
[INFO] Tests run: 14, Failures: 0, Errors: 0, Skipped: 0, Time elapsed: 0.044 s - in de.retest.recheck.review.ignore.ColorDiffFilterTest
[INFO] Running de.retest.recheck.review.ignore.AttributeRegexFilterLoaderTest
[INFO] Tests run: 3, Failures: 0, Errors: 0, Skipped: 0, Time elapsed: 0.003 s - in de.retest.recheck.review.ignore.AttributeRegexFilterLoaderTest
[INFO] Running de.retest.recheck.review.ignore.ExcludeFilterTest
[INFO] Running de.retest.recheck.review.ignore.ExcludeFilterTest$FilterLoaderTest
13:57:12.929 [ForkJoinPool-1-worker-115] WARN de.retest.recheck.review.ignore.ExcludeFilter - Could not find loader for inner part 'foo'.
13:57:12.952 [ForkJoinPool-1-worker-115] WARN de.retest.recheck.review.ignore.ExcludeFilter - Could not find loader for inner part 'def'.
13:57:12.952 [ForkJoinPool-1-worker-115] WARN de.retest.recheck.review.ignore.ExcludeFilter - Could not find loader for inner part 'def'.
13:57:12.954 [ForkJoinPool-1-worker-115] WARN de.retest.recheck.review.ignore.ExcludeFilter - Could not find loader for inner part 'abc, exclude(cde'.
13:57:12.956 [ForkJoinPool-1-worker-115] WARN de.retest.recheck.review.ignore.ExcludeFilter - Could not find loader for inner part ' foo '.
13:57:12.957 [ForkJoinPool-1-worker-115] WARN de.retest.recheck.review.ignore.ExcludeFilter - Could not find loader for inner part ' foo '.
[INFO] Tests run: 12, Failures: 0, Errors: 0, Skipped: 0, Time elapsed: 0.048 s - in de.retest.recheck.review.ignore.ExcludeFilterTest$FilterLoaderTest
[INFO] Tests run: 0, Failures: 0, Errors: 0, Skipped: 0, Time elapsed: 0.061 s - in de.retest.recheck.review.ignore.ExcludeFilterTest
[INFO] Running de.retest.recheck.review.ignore.ColorDiffFilterLoaderTest
[INFO] Tests run: 2, Failures: 0, Errors: 0, Skipped: 0, Time elapsed: 0.001 s - in de.retest.recheck.review.ignore.ColorDiffFilterLoaderTest
[INFO] Running de.retest.recheck.review.ignore.AttributeFilterLoaderTest
[INFO] Tests run: 3, Failures: 0, Errors: 0, Skipped: 0, Time elapsed: 0.002 s - in de.retest.recheck.review.ignore.AttributeFilterLoaderTest
[INFO] Running de.retest.recheck.review.ignore.RegexAttributeFilterTest
[INFO] Tests run: 1, Failures: 0, Errors: 0, Skipped: 0, Time elapsed: 0.013 s - in de.retest.recheck.review.ignore.RegexAttributeFilterTest
[INFO] Running de.retest.recheck.review.ignore.MatcherFilterTest
[INFO] Tests run: 9, Failures: 0, Errors: 0, Skipped: 0, Time elapsed: 0.009 s - in de.retest.recheck.review.ignore.MatcherFilterTest
[INFO] Running de.retest.recheck.review.ignore.InsertedFilterTest
[INFO] Tests run: 4, Failures: 0, Errors: 0, Skipped: 0, Time elapsed: 0.003 s - in de.retest.recheck.review.ignore.InsertedFilterTest
[INFO] Running de.retest.recheck.review.ignore.AttributeFilterTest
[INFO] Tests run: 4, Failures: 0, Errors: 0, Skipped: 0, Time elapsed: 0.003 s - in de.retest.recheck.review.ignore.AttributeFilterTest
[INFO] Running de.retest.recheck.review.ignore.PixelDiffFilterLoaderTest
[INFO] Tests run: 3, Failures: 0, Errors: 0, Skipped: 0, Time elapsed: 0.001 s - in de.retest.recheck.review.ignore.PixelDiffFilterLoaderTest
[INFO] Running de.retest.recheck.review.ignore.MatcherFilterLoaderTest
[INFO] Tests run: 8, Failures: 0, Errors: 0, Skipped: 0, Time elapsed: 0.008 s - in de.retest.recheck.review.ignore.MatcherFilterLoaderTest
[INFO] Running de.retest.recheck.review.ignore.DeletedFilterTest
[INFO] Tests run: 4, Failures: 0, Errors: 0, Skipped: 0, Time elapsed: 0.002 s - in de.retest.recheck.review.ignore.DeletedFilterTest
[INFO] Running de.retest.recheck.review.ignore.io.InheritanceLoaderTest
[INFO] Tests run: 6, Failures: 0, Errors: 0, Skipped: 0, Time elapsed: 0.013 s - in de.retest.recheck.review.ignore.io.InheritanceLoaderTest
[INFO] Running de.retest.recheck.review.ignore.io.LoaderTest
[INFO] Tests run: 5, Failures: 0, Errors: 0, Skipped: 0, Time elapsed: 0.001 s - in de.retest.recheck.review.ignore.io.LoaderTest
[INFO] Running de.retest.recheck.review.ignore.matcher.ElementClassMatcherTest
[INFO] Tests run: 5, Failures: 0, Errors: 0, Skipped: 0, Time elapsed: 0.005 s - in de.retest.recheck.review.ignore.matcher.ElementClassMatcherTest
[INFO] Running de.retest.recheck.review.ignore.matcher.ElementIdMatcherLoaderTest
[INFO] Tests run: 2, Failures: 0, Errors: 0, Skipped: 0, Time elapsed: 0.002 s - in de.retest.recheck.review.ignore.matcher.ElementIdMatcherLoaderTest
[INFO] Running de.retest.recheck.review.ignore.matcher.ElementIdMatcherTest
[INFO] Tests run: 2, Failures: 0, Errors: 0, Skipped: 0, Time elapsed: 0.001 s - in de.retest.recheck.review.ignore.matcher.ElementIdMatcherTest
[INFO] Running de.retest.recheck.review.ignore.matcher.ElementRetestIdMatcherLoaderTest
[INFO] Tests run: 2, Failures: 0, Errors: 0, Skipped: 0, Time elapsed: 0.001 s - in de.retest.recheck.review.ignore.matcher.ElementRetestIdMatcherLoaderTest
[INFO] Running de.retest.recheck.review.ignore.matcher.ElementByAttributeMatcherTest
[INFO] Tests run: 4, Failures: 0, Errors: 0, Skipped: 0, Time elapsed: 0.001 s - in de.retest.recheck.review.ignore.matcher.ElementByAttributeMatcherTest
[INFO] Running de.retest.recheck.review.ignore.matcher.ElementClassMatcherLoaderTest
[INFO] Tests run: 4, Failures: 0, Errors: 0, Skipped: 0, Time elapsed: 0.004 s - in de.retest.recheck.review.ignore.matcher.ElementClassMatcherLoaderTest
[INFO] Running de.retest.recheck.review.ignore.matcher.ElementXPathMatcherTest
[INFO] Tests run: 4, Failures: 0, Errors: 0, Skipped: 0, Time elapsed: 0.002 s - in de.retest.recheck.review.ignore.matcher.ElementXPathMatcherTest
[INFO] Running de.retest.recheck.review.ignore.matcher.ElementRetestIdMatcherTest
[INFO] Tests run: 3, Failures: 0, Errors: 0, Skipped: 0, Time elapsed: 0.003 s - in de.retest.recheck.review.ignore.matcher.ElementRetestIdMatcherTest
[INFO] Running de.retest.recheck.review.ignore.matcher.ElementTypeMatcherTest
[INFO] Tests run: 2, Failures: 0, Errors: 0, Skipped: 0, Time elapsed: 0.001 s - in de.retest.recheck.review.ignore.matcher.ElementTypeMatcherTest
[INFO] Running de.retest.recheck.review.ignore.PixelDiffFilterTest
[INFO] Tests run: 11, Failures: 0, Errors: 0, Skipped: 0, Time elapsed: 0.014 s - in de.retest.recheck.review.ignore.PixelDiffFilterTest
[INFO] Running de.retest.recheck.review.ignore.AttributeRegexFilterTest
[INFO] Tests run: 2, Failures: 0, Errors: 0, Skipped: 0, Time elapsed: 0.001 s - in de.retest.recheck.review.ignore.AttributeRegexFilterTest
[INFO] Running de.retest.recheck.review.GlobalChangeSetApplierTest
[INFO] Tests run: 14, Failures: 0, Errors: 0, Skipped: 0, Time elapsed: 0.128 s - in de.retest.recheck.review.GlobalChangeSetApplierTest
[INFO] Running de.retest.recheck.MavenConformFileNamerStrategyTest
[INFO] Tests run: 1, Failures: 0, Errors: 0, Skipped: 0, Time elapsed: 0.001 s - in de.retest.recheck.MavenConformFileNamerStrategyTest
[INFO] Running de.retest.recheck.execution.RecheckAdaptersTest
13:57:13.204 [ForkJoinPool-1-worker-115] DEBUG de.retest.recheck.configuration.PathBasedProjectRootFinder - Searching for project root under '/home/gabsko/breaking-updates'.
13:57:13.204 [ForkJoinPool-1-worker-115] DEBUG de.retest.recheck.configuration.PathBasedProjectRootFinder - Found project root in '/home/gabsko/breaking-updates'.
13:57:13.204 [ForkJoinPool-1-worker-115] DEBUG de.retest.recheck.configuration.PathBasedProjectRootFinder - Searching for project root under '/home/gabsko/breaking-updates'.
13:57:13.204 [ForkJoinPool-1-worker-115] DEBUG de.retest.recheck.configuration.PathBasedProjectRootFinder - Found project root in '/home/gabsko/breaking-updates'.
13:57:13.205 [ForkJoinPool-1-worker-115] DEBUG de.retest.recheck.configuration.PathBasedProjectRootFinder - Searching for project root under '/home/gabsko/breaking-updates'.
13:57:13.205 [ForkJoinPool-1-worker-115] DEBUG de.retest.recheck.configuration.PathBasedProjectRootFinder - Found project root in '/home/gabsko/breaking-updates'.
13:57:13.227 [ForkJoinPool-1-worker-115] DEBUG de.retest.recheck.configuration.PathBasedProjectRootFinder - Searching for project root under '/home/gabsko/breaking-updates'.
13:57:13.227 [ForkJoinPool-1-worker-115] DEBUG de.retest.recheck.configuration.PathBasedProjectRootFinder - Found project root in '/home/gabsko/breaking-updates'.
13:57:13.227 [ForkJoinPool-1-worker-115] INFO de.retest.recheck.review.workers.LoadFilterWorker - Reading ignore file from '/home/gabsko/breaking-updates/.retest/recheck.ignore'.
13:57:13.227 [ForkJoinPool-1-worker-115] INFO de.retest.recheck.review.workers.LoadFilterWorker - No ignore file found at '/home/gabsko/.retest/recheck.ignore'.
13:57:13.227 [ForkJoinPool-1-worker-115] INFO de.retest.recheck.review.workers.LoadFilterWorker - No ignore file found at 'src/test/resources/retest/recheck/de.retest.recheck.execution.RecheckAdaptersTest/recheck.ignore'.
13:57:13.228 [ForkJoinPool-1-worker-115] DEBUG de.retest.recheck.configuration.PathBasedProjectRootFinder - Searching for project root under '/home/gabsko/breaking-updates'.
13:57:13.228 [ForkJoinPool-1-worker-115] DEBUG de.retest.recheck.configuration.PathBasedProjectRootFinder - Found project root in '/home/gabsko/breaking-updates'.
13:57:13.228 [ForkJoinPool-1-worker-115] DEBUG de.retest.recheck.configuration.PathBasedProjectRootFinder - Searching for project root under '/home/gabsko/breaking-updates'.
13:57:13.228 [ForkJoinPool-1-worker-115] DEBUG de.retest.recheck.configuration.PathBasedProjectRootFinder - Found project root in '/home/gabsko/breaking-updates'.
13:57:13.233 [ForkJoinPool-1-worker-115] INFO de.retest.recheck.ignore.JSFilterImpl - Reading JS filter rules file from '/home/gabsko/breaking-updates/.retest/recheck.ignore.js'.
[INFO] Tests run: 2, Failures: 0, Errors: 0, Skipped: 0, Time elapsed: 0.036 s - in de.retest.recheck.execution.RecheckAdaptersTest
[INFO] Running de.retest.recheck.execution.RecheckDifferenceFinderTest
13:57:13.250 [ForkJoinPool-1-worker-115] DEBUG de.retest.recheck.ui.diff.Alignment - Creating assignment of old to new elements, trying to find differences. We are comparing 0 with 0 elements.
13:57:13.250 [ForkJoinPool-1-worker-115] DEBUG de.retest.recheck.ui.diff.RootElementDifferenceFinder - Finding differences for window took 3ms.
13:57:13.252 [ForkJoinPool-1-worker-115] DEBUG de.retest.recheck.execution.RecheckDifferenceFinder - Found 1 differences for step 'foo'.
13:57:13.254 [ForkJoinPool-1-worker-115] DEBUG de.retest.recheck.ui.diff.Alignment - Creating assignment of old to new elements, trying to find differences. We are comparing 0 with 0 elements.
13:57:13.254 [ForkJoinPool-1-worker-115] DEBUG de.retest.recheck.ui.diff.RootElementDifferenceFinder - Finding differences for window took 0ms.
13:57:13.254 [ForkJoinPool-1-worker-115] DEBUG de.retest.recheck.execution.RecheckDifferenceFinder - Found no differences in step 'foo'.
13:57:13.256 [ForkJoinPool-1-worker-115] DEBUG de.retest.recheck.execution.RecheckDifferenceFinder - Found no differences in step 'foo'.
[INFO] Tests run: 3, Failures: 0, Errors: 0, Skipped: 0, Time elapsed: 0.016 s - in de.retest.recheck.execution.RecheckDifferenceFinderTest
[INFO] Running de.retest.recheck.report.ActionReplayResultTest
13:57:13.266 [ForkJoinPool-1-worker-115] DEBUG de.retest.recheck.ui.diff.Alignment - Creating assignment of old to new elements, trying to find differences. We are comparing 0 with 0 elements.
13:57:13.266 [ForkJoinPool-1-worker-115] DEBUG de.retest.recheck.ui.diff.RootElementDifferenceFinder - Finding differences for window took 0ms.
13:57:13.267 [ForkJoinPool-1-worker-115] DEBUG de.retest.recheck.execution.RecheckDifferenceFinder - Found 1 differences for step 'foo'.
13:57:13.269 [ForkJoinPool-1-worker-115] DEBUG de.retest.recheck.ui.diff.Alignment - Creating assignment of old to new elements, trying to find differences. We are comparing 0 with 0 elements.
13:57:13.269 [ForkJoinPool-1-worker-115] DEBUG de.retest.recheck.ui.diff.RootElementDifferenceFinder - Finding differences for window took 0ms.
13:57:13.270 [ForkJoinPool-1-worker-115] DEBUG de.retest.recheck.execution.RecheckDifferenceFinder - Found 1 differences for step 'foo'.
[INFO] Tests run: 7, Failures: 0, Errors: 0, Skipped: 0, Time elapsed: 0.024 s - in de.retest.recheck.report.ActionReplayResultTest
[INFO] Running de.retest.recheck.report.TestReplayResultTest
[INFO] Tests run: 6, Failures: 0, Errors: 0, Skipped: 0, Time elapsed: 0.035 s - in de.retest.recheck.report.TestReplayResultTest
[INFO] Running de.retest.recheck.report.TestReportFilterTest
13:57:13.357 [ForkJoinPool-1-worker-115] INFO de.retest.recheck.report.SuiteReplayResult - No suite name given, using Suite no. 0.
13:57:13.357 [ForkJoinPool-1-worker-115] INFO de.retest.recheck.report.SuiteReplayResult - No suite name given, using Suite no. 0.
[INFO] Tests run: 25, Failures: 0, Errors: 0, Skipped: 0, Time elapsed: 0.063 s - in de.retest.recheck.report.TestReportFilterTest
[INFO] Running de.retest.recheck.report.MetadataDifferenceFilterTest
[INFO] Tests run: 2, Failures: 0, Errors: 0, Skipped: 0, Time elapsed: 0.001 s - in de.retest.recheck.report.MetadataDifferenceFilterTest
[INFO] Running de.retest.recheck.RecheckOptionsTest
13:57:13.385 [ForkJoinPool-1-worker-115] DEBUG de.retest.recheck.configuration.PathBasedProjectRootFinder - Searching for project root under '/home/gabsko/breaking-updates'.
13:57:13.385 [ForkJoinPool-1-worker-115] DEBUG de.retest.recheck.configuration.PathBasedProjectRootFinder - Found project root in '/home/gabsko/breaking-updates'.
13:57:13.385 [ForkJoinPool-1-worker-115] DEBUG de.retest.recheck.configuration.PathBasedProjectRootFinder - Searching for project root under '/home/gabsko/breaking-updates'.
13:57:13.385 [ForkJoinPool-1-worker-115] DEBUG de.retest.recheck.configuration.PathBasedProjectRootFinder - Found project root in '/home/gabsko/breaking-updates'.
13:57:13.385 [ForkJoinPool-1-worker-115] DEBUG de.retest.recheck.configuration.PathBasedProjectRootFinder - Searching for project root under '/home/gabsko/breaking-updates'.
13:57:13.386 [ForkJoinPool-1-worker-115] DEBUG de.retest.recheck.configuration.PathBasedProjectRootFinder - Found project root in '/home/gabsko/breaking-updates'.
13:57:13.386 [ForkJoinPool-1-worker-115] DEBUG de.retest.recheck.configuration.PathBasedProjectRootFinder - Searching for project root under '/home/gabsko/breaking-updates'.
13:57:13.386 [ForkJoinPool-1-worker-115] DEBUG de.retest.recheck.configuration.PathBasedProjectRootFinder - Found project root in '/home/gabsko/breaking-updates'.
13:57:13.386 [ForkJoinPool-1-worker-115] INFO de.retest.recheck.review.workers.LoadFilterWorker - Reading ignore file from '/home/gabsko/breaking-updates/.retest/recheck.ignore'.
13:57:13.386 [ForkJoinPool-1-worker-115] INFO de.retest.recheck.review.workers.LoadFilterWorker - No ignore file found at '/home/gabsko/.retest/recheck.ignore'.
13:57:13.386 [ForkJoinPool-1-worker-115] INFO de.retest.recheck.review.workers.LoadFilterWorker - No ignore file found at 'src/test/resources/retest/recheck/de.retest.recheck.RecheckOptionsTest/recheck.ignore'.
13:57:13.387 [ForkJoinPool-1-worker-115] DEBUG de.retest.recheck.configuration.PathBasedProjectRootFinder - Searching for project root under '/home/gabsko/breaking-updates'.
13:57:13.387 [ForkJoinPool-1-worker-115] DEBUG de.retest.recheck.configuration.PathBasedProjectRootFinder - Found project root in '/home/gabsko/breaking-updates'.
13:57:13.387 [ForkJoinPool-1-worker-115] DEBUG de.retest.recheck.configuration.PathBasedProjectRootFinder - Searching for project root under '/home/gabsko/breaking-updates'.
13:57:13.387 [ForkJoinPool-1-worker-115] DEBUG de.retest.recheck.configuration.PathBasedProjectRootFinder - Found project root in '/home/gabsko/breaking-updates'.
13:57:13.390 [ForkJoinPool-1-worker-115] INFO de.retest.recheck.ignore.JSFilterImpl - Reading JS filter rules file from '/home/gabsko/breaking-updates/.retest/recheck.ignore.js'.
13:57:13.393 [ForkJoinPool-1-worker-115] DEBUG de.retest.recheck.configuration.PathBasedProjectRootFinder - Searching for project root under '/home/gabsko/breaking-updates'.
13:57:13.393 [ForkJoinPool-1-worker-115] DEBUG de.retest.recheck.configuration.PathBasedProjectRootFinder - Found project root in '/home/gabsko/breaking-updates'.
13:57:13.393 [ForkJoinPool-1-worker-115] DEBUG de.retest.recheck.configuration.PathBasedProjectRootFinder - Searching for project root under '/home/gabsko/breaking-updates'.
13:57:13.393 [ForkJoinPool-1-worker-115] DEBUG de.retest.recheck.configuration.PathBasedProjectRootFinder - Found project root in '/home/gabsko/breaking-updates'.
13:57:13.393 [ForkJoinPool-1-worker-115] DEBUG de.retest.recheck.configuration.PathBasedProjectRootFinder - Searching for project root under '/home/gabsko/breaking-updates'.
13:57:13.393 [ForkJoinPool-1-worker-115] DEBUG de.retest.recheck.configuration.PathBasedProjectRootFinder - Found project root in '/home/gabsko/breaking-updates'.
13:57:13.395 [ForkJoinPool-1-worker-115] DEBUG de.retest.recheck.configuration.PathBasedProjectRootFinder - Searching for project root under '/home/gabsko/breaking-updates'.
13:57:13.395 [ForkJoinPool-1-worker-115] DEBUG de.retest.recheck.configuration.PathBasedProjectRootFinder - Found project root in '/home/gabsko/breaking-updates'.
13:57:13.395 [ForkJoinPool-1-worker-115] INFO de.retest.recheck.review.workers.LoadFilterWorker - Reading ignore file from '/home/gabsko/breaking-updates/.retest/recheck.ignore'.
13:57:13.395 [ForkJoinPool-1-worker-115] INFO de.retest.recheck.review.workers.LoadFilterWorker - No ignore file found at '/home/gabsko/.retest/recheck.ignore'.
13:57:13.395 [ForkJoinPool-1-worker-115] INFO de.retest.recheck.review.workers.LoadFilterWorker - No ignore file found at 'src/test/resources/retest/recheck/de.retest.recheck.RecheckOptionsTest.recheck/recheck.ignore'.
13:57:13.395 [ForkJoinPool-1-worker-115] DEBUG de.retest.recheck.configuration.PathBasedProjectRootFinder - Searching for project root under '/home/gabsko/breaking-updates'.
13:57:13.396 [ForkJoinPool-1-worker-115] DEBUG de.retest.recheck.configuration.PathBasedProjectRootFinder - Found project root in '/home/gabsko/breaking-updates'.
13:57:13.396 [ForkJoinPool-1-worker-115] DEBUG de.retest.recheck.configuration.PathBasedProjectRootFinder - Searching for project root under '/home/gabsko/breaking-updates'.
13:57:13.396 [ForkJoinPool-1-worker-115] DEBUG de.retest.recheck.configuration.PathBasedProjectRootFinder - Found project root in '/home/gabsko/breaking-updates'.
13:57:13.398 [ForkJoinPool-1-worker-115] INFO de.retest.recheck.ignore.JSFilterImpl - Reading JS filter rules file from '/home/gabsko/breaking-updates/.retest/recheck.ignore.js'.
13:57:13.401 [ForkJoinPool-1-worker-115] DEBUG de.retest.recheck.configuration.PathBasedProjectRootFinder - Searching for project root under '/home/gabsko/breaking-updates'.
13:57:13.401 [ForkJoinPool-1-worker-115] DEBUG de.retest.recheck.configuration.PathBasedProjectRootFinder - Found project root in '/home/gabsko/breaking-updates'.
13:57:13.401 [ForkJoinPool-1-worker-115] DEBUG de.retest.recheck.configuration.PathBasedProjectRootFinder - Searching for project root under '/home/gabsko/breaking-updates'.
13:57:13.401 [ForkJoinPool-1-worker-115] DEBUG de.retest.recheck.configuration.PathBasedProjectRootFinder - Found project root in '/home/gabsko/breaking-updates'.
13:57:13.401 [ForkJoinPool-1-worker-115] DEBUG de.retest.recheck.configuration.PathBasedProjectRootFinder - Searching for project root under '/home/gabsko/breaking-updates'.
13:57:13.401 [ForkJoinPool-1-worker-115] DEBUG de.retest.recheck.configuration.PathBasedProjectRootFinder - Found project root in '/home/gabsko/breaking-updates'.
13:57:13.403 [ForkJoinPool-1-worker-115] DEBUG de.retest.recheck.configuration.PathBasedProjectRootFinder - Searching for project root under '/home/gabsko/breaking-updates'.
13:57:13.403 [ForkJoinPool-1-worker-115] DEBUG de.retest.recheck.configuration.PathBasedProjectRootFinder - Found project root in '/home/gabsko/breaking-updates'.
13:57:13.403 [ForkJoinPool-1-worker-115] INFO de.retest.recheck.review.workers.LoadFilterWorker - Reading ignore file from '/home/gabsko/breaking-updates/.retest/recheck.ignore'.
13:57:13.403 [ForkJoinPool-1-worker-115] INFO de.retest.recheck.review.workers.LoadFilterWorker - No ignore file found at '/home/gabsko/.retest/recheck.ignore'.
13:57:13.403 [ForkJoinPool-1-worker-115] INFO de.retest.recheck.review.workers.LoadFilterWorker - No ignore file found at 'src/test/resources/retest/recheck/RecheckOptionsTest/recheck.ignore'.
13:57:13.404 [ForkJoinPool-1-worker-115] DEBUG de.retest.recheck.configuration.PathBasedProjectRootFinder - Searching for project root under '/home/gabsko/breaking-updates'.
13:57:13.404 [ForkJoinPool-1-worker-115] DEBUG de.retest.recheck.configuration.PathBasedProjectRootFinder - Found project root in '/home/gabsko/breaking-updates'.
13:57:13.404 [ForkJoinPool-1-worker-115] DEBUG de.retest.recheck.configuration.PathBasedProjectRootFinder - Searching for project root under '/home/gabsko/breaking-updates'.
13:57:13.404 [ForkJoinPool-1-worker-115] DEBUG de.retest.recheck.configuration.PathBasedProjectRootFinder - Found project root in '/home/gabsko/breaking-updates'.
13:57:13.407 [ForkJoinPool-1-worker-115] INFO de.retest.recheck.ignore.JSFilterImpl - Reading JS filter rules file from '/home/gabsko/breaking-updates/.retest/recheck.ignore.js'.
13:57:13.409 [ForkJoinPool-1-worker-115] DEBUG de.retest.recheck.configuration.PathBasedProjectRootFinder - Searching for project root under '/home/gabsko/breaking-updates'.
13:57:13.409 [ForkJoinPool-1-worker-115] DEBUG de.retest.recheck.configuration.PathBasedProjectRootFinder - Found project root in '/home/gabsko/breaking-updates'.
13:57:13.409 [ForkJoinPool-1-worker-115] DEBUG de.retest.recheck.configuration.PathBasedProjectRootFinder - Searching for project root under '/home/gabsko/breaking-updates'.
13:57:13.409 [ForkJoinPool-1-worker-115] DEBUG de.retest.recheck.configuration.PathBasedProjectRootFinder - Found project root in '/home/gabsko/breaking-updates'.
13:57:13.409 [ForkJoinPool-1-worker-115] DEBUG de.retest.recheck.configuration.PathBasedProjectRootFinder - Searching for project root under '/home/gabsko/breaking-updates'.
13:57:13.409 [ForkJoinPool-1-worker-115] DEBUG de.retest.recheck.configuration.PathBasedProjectRootFinder - Found project root in '/home/gabsko/breaking-updates'.
13:57:13.410 [ForkJoinPool-1-worker-115] DEBUG de.retest.recheck.configuration.PathBasedProjectRootFinder - Searching for project root under '/home/gabsko/breaking-updates'.
13:57:13.411 [ForkJoinPool-1-worker-115] DEBUG de.retest.recheck.configuration.PathBasedProjectRootFinder - Found project root in '/home/gabsko/breaking-updates'.
13:57:13.411 [ForkJoinPool-1-worker-115] INFO de.retest.recheck.review.workers.LoadFilterWorker - Reading ignore file from '/home/gabsko/breaking-updates/.retest/recheck.ignore'.
13:57:13.411 [ForkJoinPool-1-worker-115] INFO de.retest.recheck.review.workers.LoadFilterWorker - No ignore file found at '/home/gabsko/.retest/recheck.ignore'.
13:57:13.411 [ForkJoinPool-1-worker-115] INFO de.retest.recheck.review.workers.LoadFilterWorker - No ignore file found at 'src/test/resources/retest/recheck/name/recheck.ignore'.
13:57:13.411 [ForkJoinPool-1-worker-115] DEBUG de.retest.recheck.configuration.PathBasedProjectRootFinder - Searching for project root under '/home/gabsko/breaking-updates'.
13:57:13.411 [ForkJoinPool-1-worker-115] DEBUG de.retest.recheck.configuration.PathBasedProjectRootFinder - Found project root in '/home/gabsko/breaking-updates'.
13:57:13.411 [ForkJoinPool-1-worker-115] DEBUG de.retest.recheck.configuration.PathBasedProjectRootFinder - Searching for project root under '/home/gabsko/breaking-updates'.
13:57:13.411 [ForkJoinPool-1-worker-115] DEBUG de.retest.recheck.configuration.PathBasedProjectRootFinder - Found project root in '/home/gabsko/breaking-updates'.
13:57:13.414 [ForkJoinPool-1-worker-115] INFO de.retest.recheck.ignore.JSFilterImpl - Reading JS filter rules file from '/home/gabsko/breaking-updates/.retest/recheck.ignore.js'.
13:57:13.436 [ForkJoinPool-1-worker-115] DEBUG de.retest.recheck.configuration.PathBasedProjectRootFinder - Searching for project root under '/home/gabsko/breaking-updates'.
13:57:13.436 [ForkJoinPool-1-worker-115] DEBUG de.retest.recheck.configuration.PathBasedProjectRootFinder - Found project root in '/home/gabsko/breaking-updates'.
13:57:13.437 [ForkJoinPool-1-worker-115] DEBUG de.retest.recheck.configuration.PathBasedProjectRootFinder - Searching for project root under '/home/gabsko/breaking-updates'.
13:57:13.437 [ForkJoinPool-1-worker-115] DEBUG de.retest.recheck.configuration.PathBasedProjectRootFinder - Found project root in '/home/gabsko/breaking-updates'.
13:57:13.437 [ForkJoinPool-1-worker-115] DEBUG de.retest.recheck.configuration.PathBasedProjectRootFinder - Searching for project root under '/home/gabsko/breaking-updates'.
13:57:13.437 [ForkJoinPool-1-worker-115] DEBUG de.retest.recheck.configuration.PathBasedProjectRootFinder - Found project root in '/home/gabsko/breaking-updates'.
13:57:13.438 [ForkJoinPool-1-worker-115] DEBUG de.retest.recheck.configuration.PathBasedProjectRootFinder - Searching for project root under '/home/gabsko/breaking-updates'.
13:57:13.438 [ForkJoinPool-1-worker-115] DEBUG de.retest.recheck.configuration.PathBasedProjectRootFinder - Found project root in '/home/gabsko/breaking-updates'.
13:57:13.438 [ForkJoinPool-1-worker-115] INFO de.retest.recheck.review.workers.LoadFilterWorker - Reading ignore file from '/home/gabsko/breaking-updates/.retest/recheck.ignore'.
13:57:13.438 [ForkJoinPool-1-worker-115] INFO de.retest.recheck.review.workers.LoadFilterWorker - No ignore file found at '/home/gabsko/.retest/recheck.ignore'.
13:57:13.438 [ForkJoinPool-1-worker-115] INFO de.retest.recheck.review.workers.LoadFilterWorker - No ignore file found at 'src/test/resources/retest/recheck/de.retest.recheck.RecheckOptionsTest/recheck.ignore'.
13:57:13.438 [ForkJoinPool-1-worker-115] DEBUG de.retest.recheck.configuration.PathBasedProjectRootFinder - Searching for project root under '/home/gabsko/breaking-updates'.
13:57:13.438 [ForkJoinPool-1-worker-115] DEBUG de.retest.recheck.configuration.PathBasedProjectRootFinder - Found project root in '/home/gabsko/breaking-updates'.
13:57:13.439 [ForkJoinPool-1-worker-115] DEBUG de.retest.recheck.configuration.PathBasedProjectRootFinder - Searching for project root under '/home/gabsko/breaking-updates'.
13:57:13.439 [ForkJoinPool-1-worker-115] DEBUG de.retest.recheck.configuration.PathBasedProjectRootFinder - Found project root in '/home/gabsko/breaking-updates'.
13:57:13.441 [ForkJoinPool-1-worker-115] INFO de.retest.recheck.ignore.JSFilterImpl - Reading JS filter rules file from '/home/gabsko/breaking-updates/.retest/recheck.ignore.js'.
13:57:13.445 [ForkJoinPool-1-worker-115] DEBUG de.retest.recheck.configuration.PathBasedProjectRootFinder - Searching for project root under '/home/gabsko/breaking-updates'.
13:57:13.445 [ForkJoinPool-1-worker-115] DEBUG de.retest.recheck.configuration.PathBasedProjectRootFinder - Found project root in '/home/gabsko/breaking-updates'.
13:57:13.445 [ForkJoinPool-1-worker-115] DEBUG de.retest.recheck.configuration.PathBasedProjectRootFinder - Searching for project root under '/home/gabsko/breaking-updates'.
13:57:13.445 [ForkJoinPool-1-worker-115] DEBUG de.retest.recheck.configuration.PathBasedProjectRootFinder - Found project root in '/home/gabsko/breaking-updates'.
13:57:13.445 [ForkJoinPool-1-worker-115] DEBUG de.retest.recheck.configuration.PathBasedProjectRootFinder - Searching for project root under '/home/gabsko/breaking-updates'.
13:57:13.445 [ForkJoinPool-1-worker-115] DEBUG de.retest.recheck.configuration.PathBasedProjectRootFinder - Found project root in '/home/gabsko/breaking-updates'.
13:57:13.446 [ForkJoinPool-1-worker-115] DEBUG de.retest.recheck.configuration.PathBasedProjectRootFinder - Searching for project root under '/home/gabsko/breaking-updates'.
13:57:13.446 [ForkJoinPool-1-worker-115] DEBUG de.retest.recheck.configuration.PathBasedProjectRootFinder - Found project root in '/home/gabsko/breaking-updates'.
13:57:13.446 [ForkJoinPool-1-worker-115] INFO de.retest.recheck.review.workers.LoadFilterWorker - Reading ignore file from '/home/gabsko/breaking-updates/.retest/recheck.ignore'.
13:57:13.446 [ForkJoinPool-1-worker-115] INFO de.retest.recheck.review.workers.LoadFilterWorker - No ignore file found at '/home/gabsko/.retest/recheck.ignore'.
13:57:13.446 [ForkJoinPool-1-worker-115] INFO de.retest.recheck.review.workers.LoadFilterWorker - No ignore file found at 'src/test/resources/retest/recheck/de.retest.recheck.RecheckOptionsTest/recheck.ignore'.
13:57:13.447 [ForkJoinPool-1-worker-115] DEBUG de.retest.recheck.configuration.PathBasedProjectRootFinder - Searching for project root under '/home/gabsko/breaking-updates'.
13:57:13.447 [ForkJoinPool-1-worker-115] DEBUG de.retest.recheck.configuration.PathBasedProjectRootFinder - Found project root in '/home/gabsko/breaking-updates'.
13:57:13.447 [ForkJoinPool-1-worker-115] DEBUG de.retest.recheck.configuration.PathBasedProjectRootFinder - Searching for project root under '/home/gabsko/breaking-updates'.
13:57:13.447 [ForkJoinPool-1-worker-115] DEBUG de.retest.recheck.configuration.PathBasedProjectRootFinder - Found project root in '/home/gabsko/breaking-updates'.
13:57:13.449 [ForkJoinPool-1-worker-115] INFO de.retest.recheck.ignore.JSFilterImpl - Reading JS filter rules file from '/home/gabsko/breaking-updates/.retest/recheck.ignore.js'.
13:57:13.452 [ForkJoinPool-1-worker-115] DEBUG de.retest.recheck.configuration.PathBasedProjectRootFinder - Searching for project root under '/home/gabsko/breaking-updates'.
13:57:13.452 [ForkJoinPool-1-worker-115] DEBUG de.retest.recheck.configuration.PathBasedProjectRootFinder - Found project root in '/home/gabsko/breaking-updates'.
13:57:13.452 [ForkJoinPool-1-worker-115] DEBUG de.retest.recheck.configuration.PathBasedProjectRootFinder - Searching for project root under '/home/gabsko/breaking-updates'.
13:57:13.452 [ForkJoinPool-1-worker-115] DEBUG de.retest.recheck.configuration.PathBasedProjectRootFinder - Found project root in '/home/gabsko/breaking-updates'.
13:57:13.452 [ForkJoinPool-1-worker-115] DEBUG de.retest.recheck.configuration.PathBasedProjectRootFinder - Searching for project root under '/home/gabsko/breaking-updates'.
13:57:13.452 [ForkJoinPool-1-worker-115] DEBUG de.retest.recheck.configuration.PathBasedProjectRootFinder - Found project root in '/home/gabsko/breaking-updates'.
13:57:13.454 [ForkJoinPool-1-worker-115] DEBUG de.retest.recheck.configuration.PathBasedProjectRootFinder - Searching for project root under '/home/gabsko/breaking-updates'.
13:57:13.454 [ForkJoinPool-1-worker-115] DEBUG de.retest.recheck.configuration.PathBasedProjectRootFinder - Found project root in '/home/gabsko/breaking-updates'.
13:57:13.455 [ForkJoinPool-1-worker-115] INFO de.retest.recheck.review.workers.LoadFilterWorker - Reading ignore file from '/home/gabsko/breaking-updates/.retest/recheck.ignore'.
13:57:13.455 [ForkJoinPool-1-worker-115] INFO de.retest.recheck.review.workers.LoadFilterWorker - No ignore file found at '/home/gabsko/.retest/recheck.ignore'.
13:57:13.455 [ForkJoinPool-1-worker-115] INFO de.retest.recheck.review.workers.LoadFilterWorker - No ignore file found at 'src/test/resources/retest/recheck/de.retest.recheck.RecheckOptionsTest/recheck.ignore'.
13:57:13.455 [ForkJoinPool-1-worker-115] DEBUG de.retest.recheck.configuration.PathBasedProjectRootFinder - Searching for project root under '/home/gabsko/breaking-updates'.
13:57:13.455 [ForkJoinPool-1-worker-115] DEBUG de.retest.recheck.configuration.PathBasedProjectRootFinder - Found project root in '/home/gabsko/breaking-updates'.
13:57:13.455 [ForkJoinPool-1-worker-115] DEBUG de.retest.recheck.configuration.PathBasedProjectRootFinder - Searching for project root under '/home/gabsko/breaking-updates'.
13:57:13.455 [ForkJoinPool-1-worker-115] DEBUG de.retest.recheck.configuration.PathBasedProjectRootFinder - Found project root in '/home/gabsko/breaking-updates'.
13:57:13.458 [ForkJoinPool-1-worker-115] INFO de.retest.recheck.ignore.JSFilterImpl - Reading JS filter rules file from '/home/gabsko/breaking-updates/.retest/recheck.ignore.js'.
13:57:13.460 [ForkJoinPool-1-worker-115] DEBUG de.retest.recheck.configuration.PathBasedProjectRootFinder - Searching for project root under '/home/gabsko/breaking-updates'.
13:57:13.460 [ForkJoinPool-1-worker-115] DEBUG de.retest.recheck.configuration.PathBasedProjectRootFinder - Found project root in '/home/gabsko/breaking-updates'.
13:57:13.461 [ForkJoinPool-1-worker-115] DEBUG de.retest.recheck.configuration.PathBasedProjectRootFinder - Searching for project root under '/home/gabsko/breaking-updates'.
13:57:13.461 [ForkJoinPool-1-worker-115] DEBUG de.retest.recheck.configuration.PathBasedProjectRootFinder - Found project root in '/home/gabsko/breaking-updates'.
13:57:13.461 [ForkJoinPool-1-worker-115] DEBUG de.retest.recheck.configuration.PathBasedProjectRootFinder - Searching for project root under '/home/gabsko/breaking-updates'.
13:57:13.461 [ForkJoinPool-1-worker-115] DEBUG de.retest.recheck.configuration.PathBasedProjectRootFinder - Found project root in '/home/gabsko/breaking-updates'.
13:57:13.461 [ForkJoinPool-1-worker-115] DEBUG de.retest.recheck.configuration.PathBasedProjectRootFinder - Searching for project root under '/home/gabsko/breaking-updates'.
13:57:13.461 [ForkJoinPool-1-worker-115] DEBUG de.retest.recheck.configuration.PathBasedProjectRootFinder - Found project root in '/home/gabsko/breaking-updates'.
13:57:13.463 [ForkJoinPool-1-worker-115] DEBUG de.retest.recheck.configuration.PathBasedProjectRootFinder - Searching for project root under '/home/gabsko/breaking-updates'.
13:57:13.463 [ForkJoinPool-1-worker-115] DEBUG de.retest.recheck.configuration.PathBasedProjectRootFinder - Found project root in '/home/gabsko/breaking-updates'.
13:57:13.463 [ForkJoinPool-1-worker-115] INFO de.retest.recheck.review.workers.LoadFilterWorker - Reading ignore file from '/home/gabsko/breaking-updates/.retest/recheck.ignore'.
13:57:13.463 [ForkJoinPool-1-worker-115] INFO de.retest.recheck.review.workers.LoadFilterWorker - No ignore file found at '/home/gabsko/.retest/recheck.ignore'.
13:57:13.463 [ForkJoinPool-1-worker-115] INFO de.retest.recheck.review.workers.LoadFilterWorker - No ignore file found at 'src/test/resources/retest/recheck/de.retest.recheck.RecheckOptionsTest/recheck.ignore'.
13:57:13.463 [ForkJoinPool-1-worker-115] DEBUG de.retest.recheck.configuration.PathBasedProjectRootFinder - Searching for project root under '/home/gabsko/breaking-updates'.
13:57:13.463 [ForkJoinPool-1-worker-115] DEBUG de.retest.recheck.configuration.PathBasedProjectRootFinder - Found project root in '/home/gabsko/breaking-updates'.
13:57:13.464 [ForkJoinPool-1-worker-115] DEBUG de.retest.recheck.configuration.PathBasedProjectRootFinder - Searching for project root under '/home/gabsko/breaking-updates'.
13:57:13.464 [ForkJoinPool-1-worker-115] DEBUG de.retest.recheck.configuration.PathBasedProjectRootFinder - Found project root in '/home/gabsko/breaking-updates'.
13:57:13.466 [ForkJoinPool-1-worker-115] INFO de.retest.recheck.ignore.JSFilterImpl - Reading JS filter rules file from '/home/gabsko/breaking-updates/.retest/recheck.ignore.js'.
13:57:13.479 [ForkJoinPool-1-worker-115] DEBUG de.retest.recheck.configuration.PathBasedProjectRootFinder - Searching for project root under '/home/gabsko/breaking-updates'.
13:57:13.479 [ForkJoinPool-1-worker-115] DEBUG de.retest.recheck.configuration.PathBasedProjectRootFinder - Found project root in '/home/gabsko/breaking-updates'.
13:57:13.479 [ForkJoinPool-1-worker-115] DEBUG de.retest.recheck.configuration.PathBasedProjectRootFinder - Searching for project root under '/home/gabsko/breaking-updates'.
13:57:13.479 [ForkJoinPool-1-worker-115] DEBUG de.retest.recheck.configuration.PathBasedProjectRootFinder - Found project root in '/home/gabsko/breaking-updates'.
13:57:13.479 [ForkJoinPool-1-worker-115] DEBUG de.retest.recheck.configuration.PathBasedProjectRootFinder - Searching for project root under '/home/gabsko/breaking-updates'.
13:57:13.479 [ForkJoinPool-1-worker-115] DEBUG de.retest.recheck.configuration.PathBasedProjectRootFinder - Found project root in '/home/gabsko/breaking-updates'.
13:57:13.480 [ForkJoinPool-1-worker-115] DEBUG de.retest.recheck.configuration.PathBasedProjectRootFinder - Searching for project root under '/home/gabsko/breaking-updates'.
13:57:13.481 [ForkJoinPool-1-worker-115] DEBUG de.retest.recheck.configuration.PathBasedProjectRootFinder - Found project root in '/home/gabsko/breaking-updates'.
13:57:13.481 [ForkJoinPool-1-worker-115] INFO de.retest.recheck.review.workers.LoadFilterWorker - Reading ignore file from '/home/gabsko/breaking-updates/.retest/recheck.ignore'.
13:57:13.481 [ForkJoinPool-1-worker-115] INFO de.retest.recheck.review.workers.LoadFilterWorker - No ignore file found at '/home/gabsko/.retest/recheck.ignore'.
13:57:13.481 [ForkJoinPool-1-worker-115] INFO de.retest.recheck.review.workers.LoadFilterWorker - No ignore file found at 'src/test/resources/retest/recheck/name/recheck.ignore'.
13:57:13.481 [ForkJoinPool-1-worker-115] DEBUG de.retest.recheck.configuration.PathBasedProjectRootFinder - Searching for project root under '/home/gabsko/breaking-updates'.
13:57:13.481 [ForkJoinPool-1-worker-115] DEBUG de.retest.recheck.configuration.PathBasedProjectRootFinder - Found project root in '/home/gabsko/breaking-updates'.
13:57:13.481 [ForkJoinPool-1-worker-115] DEBUG de.retest.recheck.configuration.PathBasedProjectRootFinder - Searching for project root under '/home/gabsko/breaking-updates'.
13:57:13.481 [ForkJoinPool-1-worker-115] DEBUG de.retest.recheck.configuration.PathBasedProjectRootFinder - Found project root in '/home/gabsko/breaking-updates'.
13:57:13.483 [ForkJoinPool-1-worker-115] INFO de.retest.recheck.ignore.JSFilterImpl - Reading JS filter rules file from '/home/gabsko/breaking-updates/.retest/recheck.ignore.js'.
13:57:13.486 [ForkJoinPool-1-worker-115] DEBUG de.retest.recheck.configuration.PathBasedProjectRootFinder - Searching for project root under '/home/gabsko/breaking-updates'.
13:57:13.486 [ForkJoinPool-1-worker-115] DEBUG de.retest.recheck.configuration.PathBasedProjectRootFinder - Found project root in '/home/gabsko/breaking-updates'.
13:57:13.486 [ForkJoinPool-1-worker-115] DEBUG de.retest.recheck.configuration.PathBasedProjectRootFinder - Searching for project root under '/home/gabsko/breaking-updates'.
13:57:13.486 [ForkJoinPool-1-worker-115] DEBUG de.retest.recheck.configuration.PathBasedProjectRootFinder - Found project root in '/home/gabsko/breaking-updates'.
13:57:13.486 [ForkJoinPool-1-worker-115] DEBUG de.retest.recheck.configuration.PathBasedProjectRootFinder - Searching for project root under '/home/gabsko/breaking-updates'.
13:57:13.486 [ForkJoinPool-1-worker-115] DEBUG de.retest.recheck.configuration.PathBasedProjectRootFinder - Found project root in '/home/gabsko/breaking-updates'.
13:57:13.487 [ForkJoinPool-1-worker-115] DEBUG de.retest.recheck.configuration.PathBasedProjectRootFinder - Searching for project root under '/home/gabsko/breaking-updates'.
13:57:13.487 [ForkJoinPool-1-worker-115] DEBUG de.retest.recheck.configuration.PathBasedProjectRootFinder - Found project root in '/home/gabsko/breaking-updates'.
13:57:13.487 [ForkJoinPool-1-worker-115] INFO de.retest.recheck.review.workers.LoadFilterWorker - Reading ignore file from '/home/gabsko/breaking-updates/.retest/recheck.ignore'.
13:57:13.487 [ForkJoinPool-1-worker-115] INFO de.retest.recheck.review.workers.LoadFilterWorker - No ignore file found at '/home/gabsko/.retest/recheck.ignore'.
13:57:13.487 [ForkJoinPool-1-worker-115] INFO de.retest.recheck.review.workers.LoadFilterWorker - No ignore file found at 'src/test/resources/retest/recheck/name/recheck.ignore'.
13:57:13.488 [ForkJoinPool-1-worker-115] DEBUG de.retest.recheck.configuration.PathBasedProjectRootFinder - Searching for project root under '/home/gabsko/breaking-updates'.
13:57:13.488 [ForkJoinPool-1-worker-115] DEBUG de.retest.recheck.configuration.PathBasedProjectRootFinder - Found project root in '/home/gabsko/breaking-updates'.
13:57:13.488 [ForkJoinPool-1-worker-115] DEBUG de.retest.recheck.configuration.PathBasedProjectRootFinder - Searching for project root under '/home/gabsko/breaking-updates'.
13:57:13.488 [ForkJoinPool-1-worker-115] DEBUG de.retest.recheck.configuration.PathBasedProjectRootFinder - Found project root in '/home/gabsko/breaking-updates'.
13:57:13.491 [ForkJoinPool-1-worker-115] INFO de.retest.recheck.ignore.JSFilterImpl - Reading JS filter rules file from '/home/gabsko/breaking-updates/.retest/recheck.ignore.js'.
13:57:13.497 [ForkJoinPool-1-worker-115] DEBUG de.retest.recheck.configuration.PathBasedProjectRootFinder - Searching for project root under '/home/gabsko/breaking-updates'.
13:57:13.497 [ForkJoinPool-1-worker-115] DEBUG de.retest.recheck.configuration.PathBasedProjectRootFinder - Found project root in '/home/gabsko/breaking-updates'.
13:57:13.497 [ForkJoinPool-1-worker-115] DEBUG de.retest.recheck.configuration.PathBasedProjectRootFinder - Searching for project root under '/home/gabsko/breaking-updates'.
13:57:13.497 [ForkJoinPool-1-worker-115] DEBUG de.retest.recheck.configuration.PathBasedProjectRootFinder - Found project root in '/home/gabsko/breaking-updates'.
13:57:13.497 [ForkJoinPool-1-worker-115] DEBUG de.retest.recheck.configuration.PathBasedProjectRootFinder - Searching for project root under '/home/gabsko/breaking-updates'.
13:57:13.497 [ForkJoinPool-1-worker-115] DEBUG de.retest.recheck.configuration.PathBasedProjectRootFinder - Found project root in '/home/gabsko/breaking-updates'.
13:57:13.500 [ForkJoinPool-1-worker-115] DEBUG de.retest.recheck.configuration.PathBasedProjectRootFinder - Searching for project root under '/home/gabsko/breaking-updates'.
13:57:13.500 [ForkJoinPool-1-worker-115] DEBUG de.retest.recheck.configuration.PathBasedProjectRootFinder - Found project root in '/home/gabsko/breaking-updates'.
13:57:13.500 [ForkJoinPool-1-worker-115] INFO de.retest.recheck.review.workers.LoadFilterWorker - Reading ignore file from '/home/gabsko/breaking-updates/.retest/recheck.ignore'.
13:57:13.501 [ForkJoinPool-1-worker-115] INFO de.retest.recheck.review.workers.LoadFilterWorker - No ignore file found at '/home/gabsko/.retest/recheck.ignore'.
13:57:13.501 [ForkJoinPool-1-worker-115] INFO de.retest.recheck.review.workers.LoadFilterWorker - No ignore file found at 'src/test/resources/retest/recheck/de.retest.recheck.RecheckOptionsTest/recheck.ignore'.
13:57:13.501 [ForkJoinPool-1-worker-115] DEBUG de.retest.recheck.configuration.PathBasedProjectRootFinder - Searching for project root under '/home/gabsko/breaking-updates'.
13:57:13.501 [ForkJoinPool-1-worker-115] DEBUG de.retest.recheck.configuration.PathBasedProjectRootFinder - Found project root in '/home/gabsko/breaking-updates'.
13:57:13.502 [ForkJoinPool-1-worker-115] DEBUG de.retest.recheck.configuration.PathBasedProjectRootFinder - Searching for project root under '/home/gabsko/breaking-updates'.
13:57:13.502 [ForkJoinPool-1-worker-115] DEBUG de.retest.recheck.configuration.PathBasedProjectRootFinder - Found project root in '/home/gabsko/breaking-updates'.
13:57:13.506 [ForkJoinPool-1-worker-115] INFO de.retest.recheck.ignore.JSFilterImpl - Reading JS filter rules file from '/home/gabsko/breaking-updates/.retest/recheck.ignore.js'.
13:57:13.509 [ForkJoinPool-1-worker-115] DEBUG de.retest.recheck.configuration.PathBasedProjectRootFinder - Searching for project root under '/home/gabsko/breaking-updates'.
13:57:13.509 [ForkJoinPool-1-worker-115] DEBUG de.retest.recheck.configuration.PathBasedProjectRootFinder - Found project root in '/home/gabsko/breaking-updates'.
13:57:13.510 [ForkJoinPool-1-worker-115] DEBUG de.retest.recheck.configuration.PathBasedProjectRootFinder - Searching for project root under '/home/gabsko/breaking-updates'.
13:57:13.510 [ForkJoinPool-1-worker-115] DEBUG de.retest.recheck.configuration.PathBasedProjectRootFinder - Found project root in '/home/gabsko/breaking-updates'.
13:57:13.510 [ForkJoinPool-1-worker-115] DEBUG de.retest.recheck.configuration.PathBasedProjectRootFinder - Searching for project root under '/home/gabsko/breaking-updates'.
13:57:13.511 [ForkJoinPool-1-worker-115] DEBUG de.retest.recheck.configuration.PathBasedProjectRootFinder - Found project root in '/home/gabsko/breaking-updates'.
13:57:13.511 [ForkJoinPool-1-worker-115] DEBUG de.retest.recheck.configuration.PathBasedProjectRootFinder - Searching for project root under '/home/gabsko/breaking-updates'.
13:57:13.511 [ForkJoinPool-1-worker-115] DEBUG de.retest.recheck.configuration.PathBasedProjectRootFinder - Found project root in '/home/gabsko/breaking-updates'.
13:57:13.522 [ForkJoinPool-1-worker-115] DEBUG de.retest.recheck.configuration.PathBasedProjectRootFinder - Searching for project root under '/home/gabsko/breaking-updates'.
13:57:13.522 [ForkJoinPool-1-worker-115] DEBUG de.retest.recheck.configuration.PathBasedProjectRootFinder - Found project root in '/home/gabsko/breaking-updates'.
13:57:13.522 [ForkJoinPool-1-worker-115] DEBUG de.retest.recheck.configuration.PathBasedProjectRootFinder - Searching for project root under '/home/gabsko/breaking-updates'.
13:57:13.522 [ForkJoinPool-1-worker-115] DEBUG de.retest.recheck.configuration.PathBasedProjectRootFinder - Found project root in '/home/gabsko/breaking-updates'.
13:57:13.523 [ForkJoinPool-1-worker-115] DEBUG de.retest.recheck.configuration.PathBasedProjectRootFinder - Searching for project root under '/home/gabsko/breaking-updates'.
13:57:13.523 [ForkJoinPool-1-worker-115] DEBUG de.retest.recheck.configuration.PathBasedProjectRootFinder - Found project root in '/home/gabsko/breaking-updates'.
13:57:13.523 [ForkJoinPool-1-worker-115] INFO de.retest.recheck.review.workers.LoadFilterWorker - Reading ignore file from '/home/gabsko/breaking-updates/.retest/recheck.ignore'.
13:57:13.523 [ForkJoinPool-1-worker-115] INFO de.retest.recheck.review.workers.LoadFilterWorker - No ignore file found at '/home/gabsko/.retest/recheck.ignore'.
13:57:13.523 [ForkJoinPool-1-worker-115] INFO de.retest.recheck.review.workers.LoadFilterWorker - No ignore file found at 'name/recheck.ignore'.
13:57:13.524 [ForkJoinPool-1-worker-115] DEBUG de.retest.recheck.configuration.PathBasedProjectRootFinder - Searching for project root under '/home/gabsko/breaking-updates'.
13:57:13.524 [ForkJoinPool-1-worker-115] DEBUG de.retest.recheck.configuration.PathBasedProjectRootFinder - Found project root in '/home/gabsko/breaking-updates'.
13:57:13.524 [ForkJoinPool-1-worker-115] DEBUG de.retest.recheck.configuration.PathBasedProjectRootFinder - Searching for project root under '/home/gabsko/breaking-updates'.
13:57:13.524 [ForkJoinPool-1-worker-115] DEBUG de.retest.recheck.configuration.PathBasedProjectRootFinder - Found project root in '/home/gabsko/breaking-updates'.
13:57:13.526 [ForkJoinPool-1-worker-115] INFO de.retest.recheck.ignore.JSFilterImpl - Reading JS filter rules file from '/home/gabsko/breaking-updates/.retest/recheck.ignore.js'.
13:57:13.529 [ForkJoinPool-1-worker-115] DEBUG de.retest.recheck.configuration.PathBasedProjectRootFinder - Searching for project root under '/home/gabsko/breaking-updates'.
13:57:13.529 [ForkJoinPool-1-worker-115] DEBUG de.retest.recheck.configuration.PathBasedProjectRootFinder - Found project root in '/home/gabsko/breaking-updates'.
13:57:13.529 [ForkJoinPool-1-worker-115] DEBUG de.retest.recheck.configuration.PathBasedProjectRootFinder - Searching for project root under '/home/gabsko/breaking-updates'.
13:57:13.529 [ForkJoinPool-1-worker-115] DEBUG de.retest.recheck.configuration.PathBasedProjectRootFinder - Found project root in '/home/gabsko/breaking-updates'.
13:57:13.530 [ForkJoinPool-1-worker-115] DEBUG de.retest.recheck.configuration.PathBasedProjectRootFinder - Searching for project root under '/home/gabsko/breaking-updates'.
13:57:13.530 [ForkJoinPool-1-worker-115] DEBUG de.retest.recheck.configuration.PathBasedProjectRootFinder - Found project root in '/home/gabsko/breaking-updates'.
13:57:13.530 [ForkJoinPool-1-worker-115] INFO de.retest.recheck.review.workers.LoadFilterWorker - Reading ignore file from '/home/gabsko/breaking-updates/.retest/recheck.ignore'.
13:57:13.530 [ForkJoinPool-1-worker-115] INFO de.retest.recheck.review.workers.LoadFilterWorker - No ignore file found at '/home/gabsko/.retest/recheck.ignore'.
13:57:13.530 [ForkJoinPool-1-worker-115] INFO de.retest.recheck.review.workers.LoadFilterWorker - No ignore file found at 'name/recheck.ignore'.
13:57:13.531 [ForkJoinPool-1-worker-115] DEBUG de.retest.recheck.configuration.PathBasedProjectRootFinder - Searching for project root under '/home/gabsko/breaking-updates'.
13:57:13.531 [ForkJoinPool-1-worker-115] DEBUG de.retest.recheck.configuration.PathBasedProjectRootFinder - Found project root in '/home/gabsko/breaking-updates'.
13:57:13.531 [ForkJoinPool-1-worker-115] DEBUG de.retest.recheck.configuration.PathBasedProjectRootFinder - Searching for project root under '/home/gabsko/breaking-updates'.
13:57:13.531 [ForkJoinPool-1-worker-115] DEBUG de.retest.recheck.configuration.PathBasedProjectRootFinder - Found project root in '/home/gabsko/breaking-updates'.
13:57:13.534 [ForkJoinPool-1-worker-115] INFO de.retest.recheck.ignore.JSFilterImpl - Reading JS filter rules file from '/home/gabsko/breaking-updates/.retest/recheck.ignore.js'.
13:57:13.537 [ForkJoinPool-1-worker-115] DEBUG de.retest.recheck.configuration.PathBasedProjectRootFinder - Searching for project root under '/home/gabsko/breaking-updates'.
13:57:13.537 [ForkJoinPool-1-worker-115] DEBUG de.retest.recheck.configuration.PathBasedProjectRootFinder - Found project root in '/home/gabsko/breaking-updates'.
13:57:13.537 [ForkJoinPool-1-worker-115] DEBUG de.retest.recheck.configuration.PathBasedProjectRootFinder - Searching for project root under '/home/gabsko/breaking-updates'.
13:57:13.537 [ForkJoinPool-1-worker-115] DEBUG de.retest.recheck.configuration.PathBasedProjectRootFinder - Found project root in '/home/gabsko/breaking-updates'.
13:57:13.538 [ForkJoinPool-1-worker-115] DEBUG de.retest.recheck.configuration.PathBasedProjectRootFinder - Searching for project root under '/home/gabsko/breaking-updates'.
13:57:13.538 [ForkJoinPool-1-worker-115] DEBUG de.retest.recheck.configuration.PathBasedProjectRootFinder - Found project root in '/home/gabsko/breaking-updates'.
13:57:13.538 [ForkJoinPool-1-worker-115] DEBUG de.retest.recheck.configuration.PathBasedProjectRootFinder - Searching for project root under '/home/gabsko/breaking-updates'.
13:57:13.538 [ForkJoinPool-1-worker-115] DEBUG de.retest.recheck.configuration.PathBasedProjectRootFinder - Found project root in '/home/gabsko/breaking-updates'.
13:57:13.538 [ForkJoinPool-1-worker-115] INFO de.retest.recheck.review.workers.LoadFilterWorker - Reading ignore file from '/home/gabsko/breaking-updates/.retest/recheck.ignore'.
13:57:13.538 [ForkJoinPool-1-worker-115] INFO de.retest.recheck.review.workers.LoadFilterWorker - No ignore file found at '/home/gabsko/.retest/recheck.ignore'.
13:57:13.538 [ForkJoinPool-1-worker-115] INFO de.retest.recheck.review.workers.LoadFilterWorker - No ignore file found at 'src/test/resources/retest/recheck/de.retest.recheck.RecheckOptionsTest/recheck.ignore'.
13:57:13.539 [ForkJoinPool-1-worker-115] DEBUG de.retest.recheck.configuration.PathBasedProjectRootFinder - Searching for project root under '/home/gabsko/breaking-updates'.
13:57:13.539 [ForkJoinPool-1-worker-115] DEBUG de.retest.recheck.configuration.PathBasedProjectRootFinder - Found project root in '/home/gabsko/breaking-updates'.
13:57:13.539 [ForkJoinPool-1-worker-115] DEBUG de.retest.recheck.configuration.PathBasedProjectRootFinder - Searching for project root under '/home/gabsko/breaking-updates'.
13:57:13.539 [ForkJoinPool-1-worker-115] DEBUG de.retest.recheck.configuration.PathBasedProjectRootFinder - Found project root in '/home/gabsko/breaking-updates'.
13:57:13.541 [ForkJoinPool-1-worker-115] INFO de.retest.recheck.ignore.JSFilterImpl - Reading JS filter rules file from '/home/gabsko/breaking-updates/.retest/recheck.ignore.js'.
13:57:13.544 [ForkJoinPool-1-worker-115] DEBUG de.retest.recheck.configuration.PathBasedProjectRootFinder - Searching for project root under '/home/gabsko/breaking-updates'.
13:57:13.544 [ForkJoinPool-1-worker-115] DEBUG de.retest.recheck.configuration.PathBasedProjectRootFinder - Found project root in '/home/gabsko/breaking-updates'.
13:57:13.544 [ForkJoinPool-1-worker-115] DEBUG de.retest.recheck.configuration.PathBasedProjectRootFinder - Searching for project root under '/home/gabsko/breaking-updates'.
13:57:13.544 [ForkJoinPool-1-worker-115] DEBUG de.retest.recheck.configuration.PathBasedProjectRootFinder - Found project root in '/home/gabsko/breaking-updates'.
13:57:13.544 [ForkJoinPool-1-worker-115] DEBUG de.retest.recheck.configuration.PathBasedProjectRootFinder - Searching for project root under '/home/gabsko/breaking-updates'.
13:57:13.544 [ForkJoinPool-1-worker-115] DEBUG de.retest.recheck.configuration.PathBasedProjectRootFinder - Found project root in '/home/gabsko/breaking-updates'.
13:57:13.545 [ForkJoinPool-1-worker-115] DEBUG de.retest.recheck.configuration.PathBasedProjectRootFinder - Searching for project root under '/home/gabsko/breaking-updates'.
13:57:13.545 [ForkJoinPool-1-worker-115] DEBUG de.retest.recheck.configuration.PathBasedProjectRootFinder - Found project root in '/home/gabsko/breaking-updates'.
13:57:13.545 [ForkJoinPool-1-worker-115] INFO de.retest.recheck.review.workers.LoadFilterWorker - Reading ignore file from '/home/gabsko/breaking-updates/.retest/recheck.ignore'.
13:57:13.545 [ForkJoinPool-1-worker-115] INFO de.retest.recheck.review.workers.LoadFilterWorker - No ignore file found at '/home/gabsko/.retest/recheck.ignore'.
13:57:13.546 [ForkJoinPool-1-worker-115] INFO de.retest.recheck.review.workers.LoadFilterWorker - No ignore file found at 'src/test/resources/retest/recheck/de.retest.recheck.RecheckOptionsTest/recheck.ignore'.
13:57:13.546 [ForkJoinPool-1-worker-115] DEBUG de.retest.recheck.configuration.PathBasedProjectRootFinder - Searching for project root under '/home/gabsko/breaking-updates'.
13:57:13.546 [ForkJoinPool-1-worker-115] DEBUG de.retest.recheck.configuration.PathBasedProjectRootFinder - Found project root in '/home/gabsko/breaking-updates'.
13:57:13.546 [ForkJoinPool-1-worker-115] DEBUG de.retest.recheck.configuration.PathBasedProjectRootFinder - Searching for project root under '/home/gabsko/breaking-updates'.
13:57:13.546 [ForkJoinPool-1-worker-115] DEBUG de.retest.recheck.configuration.PathBasedProjectRootFinder - Found project root in '/home/gabsko/breaking-updates'.
13:57:13.548 [ForkJoinPool-1-worker-115] INFO de.retest.recheck.ignore.JSFilterImpl - Reading JS filter rules file from '/home/gabsko/breaking-updates/.retest/recheck.ignore.js'.
13:57:13.550 [ForkJoinPool-1-worker-115] DEBUG de.retest.recheck.configuration.PathBasedProjectRootFinder - Searching for project root under '/home/gabsko/breaking-updates'.
13:57:13.550 [ForkJoinPool-1-worker-115] DEBUG de.retest.recheck.configuration.PathBasedProjectRootFinder - Found project root in '/home/gabsko/breaking-updates'.
13:57:13.550 [ForkJoinPool-1-worker-115] DEBUG de.retest.recheck.configuration.PathBasedProjectRootFinder - Searching for project root under '/home/gabsko/breaking-updates'.
13:57:13.550 [ForkJoinPool-1-worker-115] DEBUG de.retest.recheck.configuration.PathBasedProjectRootFinder - Found project root in '/home/gabsko/breaking-updates'.
13:57:13.550 [ForkJoinPool-1-worker-115] DEBUG de.retest.recheck.configuration.PathBasedProjectRootFinder - Searching for project root under '/home/gabsko/breaking-updates'.
13:57:13.550 [ForkJoinPool-1-worker-115] DEBUG de.retest.recheck.configuration.PathBasedProjectRootFinder - Found project root in '/home/gabsko/breaking-updates'.
13:57:13.551 [ForkJoinPool-1-worker-115] DEBUG de.retest.recheck.configuration.PathBasedProjectRootFinder - Searching for project root under '/home/gabsko/breaking-updates'.
13:57:13.551 [ForkJoinPool-1-worker-115] DEBUG de.retest.recheck.configuration.PathBasedProjectRootFinder - Found project root in '/home/gabsko/breaking-updates'.
13:57:13.552 [ForkJoinPool-1-worker-115] INFO de.retest.recheck.review.workers.LoadFilterWorker - Reading ignore file from '/home/gabsko/breaking-updates/.retest/recheck.ignore'.
13:57:13.552 [ForkJoinPool-1-worker-115] INFO de.retest.recheck.review.workers.LoadFilterWorker - No ignore file found at '/home/gabsko/.retest/recheck.ignore'.
13:57:13.552 [ForkJoinPool-1-worker-115] INFO de.retest.recheck.review.workers.LoadFilterWorker - No ignore file found at 'src/test/resources/retest/recheck/bar/recheck.ignore'.
13:57:13.552 [ForkJoinPool-1-worker-115] DEBUG de.retest.recheck.configuration.PathBasedProjectRootFinder - Searching for project root under '/home/gabsko/breaking-updates'.
13:57:13.552 [ForkJoinPool-1-worker-115] DEBUG de.retest.recheck.configuration.PathBasedProjectRootFinder - Found project root in '/home/gabsko/breaking-updates'.
13:57:13.552 [ForkJoinPool-1-worker-115] DEBUG de.retest.recheck.configuration.PathBasedProjectRootFinder - Searching for project root under '/home/gabsko/breaking-updates'.
13:57:13.552 [ForkJoinPool-1-worker-115] DEBUG de.retest.recheck.configuration.PathBasedProjectRootFinder - Found project root in '/home/gabsko/breaking-updates'.
13:57:13.555 [ForkJoinPool-1-worker-115] INFO de.retest.recheck.ignore.JSFilterImpl - Reading JS filter rules file from '/home/gabsko/breaking-updates/.retest/recheck.ignore.js'.
[INFO] Tests run: 17, Failures: 0, Errors: 0, Skipped: 0, Time elapsed: 0.173 s - in de.retest.recheck.RecheckOptionsTest
[INFO] Running de.retest.recheck.TestCaseFinderJunitJupiterTest
[INFO] Tests run: 6, Failures: 0, Errors: 0, Skipped: 0, Time elapsed: 0.046 s - in de.retest.recheck.TestCaseFinderJunitJupiterTest
[INFO] Running de.retest.recheck.auth.RetestAuthenticationTest
[INFO] Tests run: 1, Failures: 0, Errors: 0, Skipped: 0, Time elapsed: 0.009 s - in de.retest.recheck.auth.RetestAuthenticationTest
[INFO] Running de.retest.recheck.RecheckPropertiesTest
[INFO] Tests run: 5, Failures: 0, Errors: 0, Skipped: 0, Time elapsed: 0.015 s - in de.retest.recheck.RecheckPropertiesTest
[INFO] Running de.retest.recheck.util.RetestIdUtilTest
[INFO] Tests run: 12, Failures: 0, Errors: 0, Skipped: 0, Time elapsed: 0.009 s - in de.retest.recheck.util.RetestIdUtilTest
[INFO] Running de.retest.recheck.util.StringSimilarityTest
[WARNING] Tests run: 110, Failures: 0, Errors: 0, Skipped: 1, Time elapsed: 0.063 s - in de.retest.recheck.util.StringSimilarityTest
[INFO] Running de.retest.recheck.util.DeleteOnCloseFileInputStreamTest
13:57:13.714 [ForkJoinPool-1-worker-115] DEBUG de.retest.recheck.util.DeleteOnCloseFileInputStream - File '/tmp/junit2393741853600918402/bar' has already been deleted.
[INFO] Tests run: 2, Failures: 0, Errors: 0, Skipped: 0, Time elapsed: 0.005 s - in de.retest.recheck.util.DeleteOnCloseFileInputStreamTest
[INFO] Running de.retest.recheck.util.OptionalUtilTest
[INFO] Tests run: 4, Failures: 0, Errors: 0, Skipped: 0, Time elapsed: 0.001 s - in de.retest.recheck.util.OptionalUtilTest
[INFO] Running de.retest.recheck.util.RetestIdProviderUtilTest
13:57:13.718 [ForkJoinPool-1-worker-115] ERROR de.retest.recheck.util.RetestIdProviderUtil - Error instantiating configured retest ID provider 'not existent' (with property 'de.retest.retestIdProvider'), falling back to default.
java.lang.ClassNotFoundException: not existent
	at java.base/jdk.internal.loader.BuiltinClassLoader.loadClass(BuiltinClassLoader.java:581)
	at java.base/jdk.internal.loader.ClassLoaders$AppClassLoader.loadClass(ClassLoaders.java:178)
	at java.base/java.lang.ClassLoader.loadClass(ClassLoader.java:522)
	at java.base/java.lang.Class.forName0(Native Method)
	at java.base/java.lang.Class.forName(Class.java:315)
	at de.retest.recheck.util.RetestIdProviderUtil.createConfigured(RetestIdProviderUtil.java:31)
	at de.retest.recheck.util.RetestIdProviderUtilTest.invalid_retestid_config_should_fallback_to_default(RetestIdProviderUtilTest.java:44)
	at java.base/jdk.internal.reflect.NativeMethodAccessorImpl.invoke0(Native Method)
	at java.base/jdk.internal.reflect.NativeMethodAccessorImpl.invoke(NativeMethodAccessorImpl.java:62)
	at java.base/jdk.internal.reflect.DelegatingMethodAccessorImpl.invoke(DelegatingMethodAccessorImpl.java:43)
	at java.base/java.lang.reflect.Method.invoke(Method.java:566)
	at org.junit.platform.commons.util.ReflectionUtils.invokeMethod(ReflectionUtils.java:688)
	at org.junit.jupiter.engine.execution.MethodInvocation.proceed(MethodInvocation.java:60)
	at org.junit.jupiter.engine.execution.InvocationInterceptorChain$ValidatingInvocation.proceed(InvocationInterceptorChain.java:131)
	at org.junit.jupiter.engine.extension.TimeoutExtension.intercept(TimeoutExtension.java:149)
	at org.junit.jupiter.engine.extension.TimeoutExtension.interceptTestableMethod(TimeoutExtension.java:140)
	at org.junit.jupiter.engine.extension.TimeoutExtension.interceptTestMethod(TimeoutExtension.java:84)
	at org.junit.jupiter.engine.execution.ExecutableInvoker$ReflectiveInterceptorCall.lambda$ofVoidMethod$0(ExecutableInvoker.java:115)
	at org.junit.jupiter.engine.execution.ExecutableInvoker.lambda$invoke$0(ExecutableInvoker.java:105)
	at org.junit.jupiter.engine.execution.InvocationInterceptorChain$InterceptedInvocation.proceed(InvocationInterceptorChain.java:106)
	at org.junit.jupiter.engine.execution.InvocationInterceptorChain.proceed(InvocationInterceptorChain.java:64)
	at org.junit.jupiter.engine.execution.InvocationInterceptorChain.chainAndInvoke(InvocationInterceptorChain.java:45)
	at org.junit.jupiter.engine.execution.InvocationInterceptorChain.invoke(InvocationInterceptorChain.java:37)
	at org.junit.jupiter.engine.execution.ExecutableInvoker.invoke(ExecutableInvoker.java:104)
	at org.junit.jupiter.engine.execution.ExecutableInvoker.invoke(ExecutableInvoker.java:98)
	at org.junit.jupiter.engine.descriptor.TestMethodTestDescriptor.lambda$invokeTestMethod$6(TestMethodTestDescriptor.java:210)
	at org.junit.platform.engine.support.hierarchical.ThrowableCollector.execute(ThrowableCollector.java:73)
	at org.junit.jupiter.engine.descriptor.TestMethodTestDescriptor.invokeTestMethod(TestMethodTestDescriptor.java:206)
	at org.junit.jupiter.engine.descriptor.TestMethodTestDescriptor.execute(TestMethodTestDescriptor.java:131)
	at org.junit.jupiter.engine.descriptor.TestMethodTestDescriptor.execute(TestMethodTestDescriptor.java:65)
	at org.junit.platform.engine.support.hierarchical.NodeTestTask.lambda$executeRecursively$5(NodeTestTask.java:139)
	at org.junit.platform.engine.support.hierarchical.ThrowableCollector.execute(ThrowableCollector.java:73)
	at org.junit.platform.engine.support.hierarchical.NodeTestTask.lambda$executeRecursively$7(NodeTestTask.java:129)
	at org.junit.platform.engine.support.hierarchical.Node.around(Node.java:137)
	at org.junit.platform.engine.support.hierarchical.NodeTestTask.lambda$executeRecursively$8(NodeTestTask.java:127)
	at org.junit.platform.engine.support.hierarchical.ThrowableCollector.execute(ThrowableCollector.java:73)
	at org.junit.platform.engine.support.hierarchical.NodeTestTask.executeRecursively(NodeTestTask.java:126)
	at org.junit.platform.engine.support.hierarchical.NodeTestTask.execute(NodeTestTask.java:84)
	at org.junit.platform.engine.support.hierarchical.ForkJoinPoolHierarchicalTestExecutorService$ExclusiveTask.compute(ForkJoinPoolHierarchicalTestExecutorService.java:185)
	at org.junit.platform.engine.support.hierarchical.ForkJoinPoolHierarchicalTestExecutorService.executeNonConcurrentTasks(ForkJoinPoolHierarchicalTestExecutorService.java:155)
	at org.junit.platform.engine.support.hierarchical.ForkJoinPoolHierarchicalTestExecutorService.invokeAll(ForkJoinPoolHierarchicalTestExecutorService.java:135)
	at org.junit.platform.engine.support.hierarchical.NodeTestTask.lambda$executeRecursively$5(NodeTestTask.java:143)
	at org.junit.platform.engine.support.hierarchical.ThrowableCollector.execute(ThrowableCollector.java:73)
	at org.junit.platform.engine.support.hierarchical.NodeTestTask.lambda$executeRecursively$7(NodeTestTask.java:129)
	at org.junit.platform.engine.support.hierarchical.Node.around(Node.java:137)
	at org.junit.platform.engine.support.hierarchical.NodeTestTask.lambda$executeRecursively$8(NodeTestTask.java:127)
	at org.junit.platform.engine.support.hierarchical.ThrowableCollector.execute(ThrowableCollector.java:73)
	at org.junit.platform.engine.support.hierarchical.NodeTestTask.executeRecursively(NodeTestTask.java:126)
	at org.junit.platform.engine.support.hierarchical.NodeTestTask.execute(NodeTestTask.java:84)
	at org.junit.platform.engine.support.hierarchical.ForkJoinPoolHierarchicalTestExecutorService$ExclusiveTask.compute(ForkJoinPoolHierarchicalTestExecutorService.java:185)
	at org.junit.platform.engine.support.hierarchical.ForkJoinPoolHierarchicalTestExecutorService.executeNonConcurrentTasks(ForkJoinPoolHierarchicalTestExecutorService.java:155)
	at org.junit.platform.engine.support.hierarchical.ForkJoinPoolHierarchicalTestExecutorService.invokeAll(ForkJoinPoolHierarchicalTestExecutorService.java:135)
	at org.junit.platform.engine.support.hierarchical.NodeTestTask.lambda$executeRecursively$5(NodeTestTask.java:143)
	at org.junit.platform.engine.support.hierarchical.ThrowableCollector.execute(ThrowableCollector.java:73)
	at org.junit.platform.engine.support.hierarchical.NodeTestTask.lambda$executeRecursively$7(NodeTestTask.java:129)
	at org.junit.platform.engine.support.hierarchical.Node.around(Node.java:137)
	at org.junit.platform.engine.support.hierarchical.NodeTestTask.lambda$executeRecursively$8(NodeTestTask.java:127)
	at org.junit.platform.engine.support.hierarchical.ThrowableCollector.execute(ThrowableCollector.java:73)
	at org.junit.platform.engine.support.hierarchical.NodeTestTask.executeRecursively(NodeTestTask.java:126)
	at org.junit.platform.engine.support.hierarchical.NodeTestTask.execute(NodeTestTask.java:84)
	at org.junit.platform.engine.support.hierarchical.ForkJoinPoolHierarchicalTestExecutorService$ExclusiveTask.compute(ForkJoinPoolHierarchicalTestExecutorService.java:185)
	at java.base/java.util.concurrent.RecursiveAction.exec(RecursiveAction.java:189)
	at java.base/java.util.concurrent.ForkJoinTask.doExec(ForkJoinTask.java:290)
	at java.base/java.util.concurrent.ForkJoinPool$WorkQueue.topLevelExec(ForkJoinPool.java:1020)
	at java.base/java.util.concurrent.ForkJoinPool.scan(ForkJoinPool.java:1656)
	at java.base/java.util.concurrent.ForkJoinPool.runWorker(ForkJoinPool.java:1594)
	at java.base/java.util.concurrent.ForkJoinWorkerThread.run(ForkJoinWorkerThread.java:183)
13:57:13.723 [ForkJoinPool-1-worker-115] DEBUG de.retest.recheck.util.RetestIdProviderUtil - Invalid retest ID 'null' from 'de.retest.recheck.ui.descriptors.idproviders.RetestIdProvider$MockitoMock$1103709188', using a random UUID as fallback.
[INFO] Tests run: 3, Failures: 0, Errors: 0, Skipped: 0, Time elapsed: 0.006 s - in de.retest.recheck.util.RetestIdProviderUtilTest
[INFO] Running de.retest.recheck.RecheckImplTest
13:57:13.727 [ForkJoinPool-1-worker-115] DEBUG de.retest.recheck.configuration.PathBasedProjectRootFinder - Searching for project root under '/home/gabsko/breaking-updates'.
13:57:13.727 [ForkJoinPool-1-worker-115] DEBUG de.retest.recheck.configuration.PathBasedProjectRootFinder - Found project root in '/home/gabsko/breaking-updates'.
13:57:13.728 [ForkJoinPool-1-worker-115] DEBUG de.retest.recheck.configuration.PathBasedProjectRootFinder - Searching for project root under '/home/gabsko/breaking-updates'.
13:57:13.728 [ForkJoinPool-1-worker-115] DEBUG de.retest.recheck.configuration.PathBasedProjectRootFinder - Found project root in '/home/gabsko/breaking-updates'.
13:57:13.729 [ForkJoinPool-1-worker-115] DEBUG de.retest.recheck.configuration.PathBasedProjectRootFinder - Searching for project root under '/home/gabsko/breaking-updates'.
13:57:13.729 [ForkJoinPool-1-worker-115] DEBUG de.retest.recheck.configuration.PathBasedProjectRootFinder - Found project root in '/home/gabsko/breaking-updates'.
13:57:13.729 [ForkJoinPool-1-worker-115] INFO de.retest.recheck.review.workers.LoadFilterWorker - Reading ignore file from '/home/gabsko/breaking-updates/.retest/recheck.ignore'.
13:57:13.729 [ForkJoinPool-1-worker-115] INFO de.retest.recheck.review.workers.LoadFilterWorker - No ignore file found at '/home/gabsko/.retest/recheck.ignore'.
13:57:13.730 [ForkJoinPool-1-worker-115] INFO de.retest.recheck.review.workers.LoadFilterWorker - No ignore file found at '/tmp/junit1113319880819410172/recheck.ignore'.
13:57:13.730 [ForkJoinPool-1-worker-115] DEBUG de.retest.recheck.configuration.PathBasedProjectRootFinder - Searching for project root under '/home/gabsko/breaking-updates'.
13:57:13.730 [ForkJoinPool-1-worker-115] DEBUG de.retest.recheck.configuration.PathBasedProjectRootFinder - Found project root in '/home/gabsko/breaking-updates'.
13:57:13.730 [ForkJoinPool-1-worker-115] DEBUG de.retest.recheck.configuration.PathBasedProjectRootFinder - Searching for project root under '/home/gabsko/breaking-updates'.
13:57:13.730 [ForkJoinPool-1-worker-115] DEBUG de.retest.recheck.configuration.PathBasedProjectRootFinder - Found project root in '/home/gabsko/breaking-updates'.
13:57:13.732 [ForkJoinPool-1-worker-115] INFO de.retest.recheck.ignore.JSFilterImpl - Reading JS filter rules file from '/home/gabsko/breaking-updates/.retest/recheck.ignore.js'.
[INFO] Tests run: 1, Failures: 0, Errors: 0, Skipped: 0, Time elapsed: 0.011 s - in de.retest.recheck.RecheckImplTest
[INFO] Running de.retest.recheck.FileNamerStrategyTest
[INFO] Tests run: 2, Failures: 0, Errors: 0, Skipped: 0, Time elapsed: 0.002 s - in de.retest.recheck.FileNamerStrategyTest
[INFO] Running de.retest.recheck.configuration.ProjectConfigurationTest
13:57:13.740 [ForkJoinPool-1-worker-115] DEBUG de.retest.recheck.configuration.PathBasedProjectRootFinder - Searching for project root under '/home/gabsko/breaking-updates'.
13:57:13.740 [ForkJoinPool-1-worker-115] DEBUG de.retest.recheck.configuration.PathBasedProjectRootFinder - Found project root in '/home/gabsko/breaking-updates'.
13:57:13.740 [ForkJoinPool-1-worker-115] DEBUG de.retest.recheck.configuration.PathBasedProjectRootFinder - Searching for project root under '/home/gabsko/breaking-updates'.
13:57:13.740 [ForkJoinPool-1-worker-115] DEBUG de.retest.recheck.configuration.PathBasedProjectRootFinder - Found project root in '/home/gabsko/breaking-updates'.
13:57:13.740 [ForkJoinPool-1-worker-115] DEBUG de.retest.recheck.configuration.PathBasedProjectRootFinder - Searching for project root under '/home/gabsko/breaking-updates'.
13:57:13.740 [ForkJoinPool-1-worker-115] DEBUG de.retest.recheck.configuration.PathBasedProjectRootFinder - Found project root in '/home/gabsko/breaking-updates'.
[INFO] Tests run: 1, Failures: 0, Errors: 0, Skipped: 0, Time elapsed: 0 s - in de.retest.recheck.configuration.ProjectConfigurationTest
[INFO] Running de.retest.recheck.configuration.ProjectRootFinderTest
13:57:13.742 [ForkJoinPool-1-worker-115] ERROR de.retest.recheck.configuration.PathBasedProjectRootFinder - Project root not found, base path does not exist.
13:57:13.742 [ForkJoinPool-1-worker-115] ERROR de.retest.recheck.configuration.PathBasedProjectRootFinder - Project root not found, base path does not exist.
13:57:13.742 [ForkJoinPool-1-worker-115] DEBUG de.retest.recheck.configuration.PathBasedProjectRootFinder - Searching for project root under '/home/gabsko/breaking-updates'.
13:57:13.742 [ForkJoinPool-1-worker-115] DEBUG de.retest.recheck.configuration.PathBasedProjectRootFinder - Found project root in '/home/gabsko/breaking-updates'.
13:57:13.742 [ForkJoinPool-1-worker-115] DEBUG de.retest.recheck.configuration.PathBasedProjectRootFinder - Searching for project root under '/home/gabsko/breaking-updates/target/test-classes'.
13:57:13.743 [ForkJoinPool-1-worker-115] DEBUG de.retest.recheck.configuration.PathBasedProjectRootFinder - Found project root in '/home/gabsko/breaking-updates'.
13:57:13.743 [ForkJoinPool-1-worker-115] DEBUG de.retest.recheck.configuration.PathBasedProjectRootFinder - Searching for project root under '/home/gabsko/breaking-updates/target/test-classes'.
13:57:13.743 [ForkJoinPool-1-worker-115] DEBUG de.retest.recheck.configuration.PathBasedProjectRootFinder - Found project root in '/home/gabsko/breaking-updates'.
13:57:13.743 [ForkJoinPool-1-worker-115] DEBUG de.retest.recheck.configuration.PathBasedProjectRootFinder - Searching for project root under '/home/gabsko/breaking-updates'.
13:57:13.743 [ForkJoinPool-1-worker-115] DEBUG de.retest.recheck.configuration.PathBasedProjectRootFinder - Found project root in '/home/gabsko/breaking-updates'.
13:57:13.743 [ForkJoinPool-1-worker-115] DEBUG de.retest.recheck.configuration.PathBasedProjectRootFinder - Searching for project root under '/'.
13:57:13.743 [ForkJoinPool-1-worker-115] ERROR de.retest.recheck.configuration.PathBasedProjectRootFinder - Project root not found in / or any parent folder.
[INFO] Tests run: 7, Failures: 0, Errors: 0, Skipped: 0, Time elapsed: 0.003 s - in de.retest.recheck.configuration.ProjectRootFinderTest
[INFO] Running de.retest.recheck.SuiteAggregatorTest
[INFO] Tests run: 6, Failures: 0, Errors: 0, Skipped: 0, Time elapsed: 0.003 s - in de.retest.recheck.SuiteAggregatorTest
[INFO] Running de.retest.recheck.ignore.FiltersTest
[INFO] Tests run: 3, Failures: 0, Errors: 0, Skipped: 0, Time elapsed: 0.003 s - in de.retest.recheck.ignore.FiltersTest
[INFO] Running de.retest.recheck.ignore.GloballyIgnoredAttributesTest
13:57:13.753 [ForkJoinPool-1-worker-115] WARN de.retest.recheck.ignore.GloballyIgnoredAttributes - Testing only! Creating GloballyIgnoredAttributes from given attributes collection.
[INFO] Tests run: 1, Failures: 0, Errors: 0, Skipped: 0, Time elapsed: 0.001 s - in de.retest.recheck.ignore.GloballyIgnoredAttributesTest
[INFO] Running de.retest.recheck.ignore.AllMatchFilterLoaderTest
[INFO] Tests run: 4, Failures: 0, Errors: 0, Skipped: 0, Time elapsed: 0.002 s - in de.retest.recheck.ignore.AllMatchFilterLoaderTest
[INFO] Running de.retest.recheck.ignore.AllMatchFilterTest
[INFO] Tests run: 8, Failures: 0, Errors: 0, Skipped: 0, Time elapsed: 0.005 s - in de.retest.recheck.ignore.AllMatchFilterTest
[INFO] Running de.retest.recheck.ignore.CompoundFilterTest
[INFO] Tests run: 5, Failures: 0, Errors: 0, Skipped: 0, Time elapsed: 0.01 s - in de.retest.recheck.ignore.CompoundFilterTest
[INFO] Running de.retest.recheck.ignore.FilterLoaderTest
13:57:13.780 [ForkJoinPool-1-worker-115] INFO de.retest.recheck.ignore.JSFilterImpl - Reading JS filter rules file from '/home/gabsko/breaking-updates/target/test-classes/de/retest/recheck/ignore/file.filter.js'.
[INFO] Tests run: 2, Failures: 0, Errors: 0, Skipped: 0, Time elapsed: 0.01 s - in de.retest.recheck.ignore.FilterLoaderTest
[INFO] Running de.retest.recheck.ignore.SearchFilterFilesTest
13:57:13.788 [ForkJoinPool-1-worker-115] DEBUG de.retest.recheck.configuration.PathBasedProjectRootFinder - Searching for project root under '/tmp/junit4067581473969144293/.retest/filter'.
13:57:13.788 [ForkJoinPool-1-worker-115] DEBUG de.retest.recheck.configuration.PathBasedProjectRootFinder - Found project root in '/tmp/junit4067581473969144293'.
13:57:13.790 [ForkJoinPool-1-worker-115] DEBUG de.retest.recheck.configuration.PathBasedProjectRootFinder - Searching for project root under '/tmp/junit13688024589811455636/.retest/filter'.
13:57:13.790 [ForkJoinPool-1-worker-115] DEBUG de.retest.recheck.configuration.PathBasedProjectRootFinder - Found project root in '/tmp/junit13688024589811455636'.
13:57:13.790 [ForkJoinPool-1-worker-115] DEBUG de.retest.recheck.configuration.PathBasedProjectRootFinder - Searching for project root under '/tmp/junit13688024589811455636/.retest/filter'.
13:57:13.790 [ForkJoinPool-1-worker-115] DEBUG de.retest.recheck.configuration.PathBasedProjectRootFinder - Found project root in '/tmp/junit13688024589811455636'.
13:57:13.792 [ForkJoinPool-1-worker-115] DEBUG de.retest.recheck.configuration.PathBasedProjectRootFinder - Searching for project root under '/tmp/junit13688024589811455636/.retest/filter'.
13:57:13.793 [ForkJoinPool-1-worker-115] DEBUG de.retest.recheck.configuration.PathBasedProjectRootFinder - Found project root in '/tmp/junit13688024589811455636'.
13:57:13.795 [ForkJoinPool-1-worker-115] DEBUG de.retest.recheck.configuration.PathBasedProjectRootFinder - Searching for project root under '/tmp/junit9471524810224929097/project'.
13:57:13.795 [ForkJoinPool-1-worker-115] DEBUG de.retest.recheck.configuration.PathBasedProjectRootFinder - Found project root in '/tmp/junit9471524810224929097/project'.
13:57:13.797 [ForkJoinPool-1-worker-115] DEBUG de.retest.recheck.configuration.PathBasedProjectRootFinder - Searching for project root under '/tmp/junit9471524810224929097/project'.
13:57:13.797 [ForkJoinPool-1-worker-115] DEBUG de.retest.recheck.configuration.PathBasedProjectRootFinder - Found project root in '/tmp/junit9471524810224929097/project'.
13:57:13.832 [ForkJoinPool-1-worker-115] DEBUG de.retest.recheck.configuration.PathBasedProjectRootFinder - Searching for project root under '/home/gabsko/breaking-updates'.
13:57:13.832 [ForkJoinPool-1-worker-115] DEBUG de.retest.recheck.configuration.PathBasedProjectRootFinder - Found project root in '/home/gabsko/breaking-updates'.
13:57:13.836 [ForkJoinPool-1-worker-115] DEBUG de.retest.recheck.configuration.PathBasedProjectRootFinder - Searching for project root under '/home/gabsko/breaking-updates'.
13:57:13.836 [ForkJoinPool-1-worker-115] DEBUG de.retest.recheck.configuration.PathBasedProjectRootFinder - Found project root in '/home/gabsko/breaking-updates'.
13:57:13.842 [ForkJoinPool-1-worker-115] DEBUG de.retest.recheck.configuration.PathBasedProjectRootFinder - Searching for project root under '/home/gabsko/breaking-updates'.
13:57:13.842 [ForkJoinPool-1-worker-115] DEBUG de.retest.recheck.configuration.PathBasedProjectRootFinder - Found project root in '/home/gabsko/breaking-updates'.
13:57:13.846 [ForkJoinPool-1-worker-115] DEBUG de.retest.recheck.configuration.PathBasedProjectRootFinder - Searching for project root under '/tmp/junit13250516169779162562/.retest/filter'.
13:57:13.846 [ForkJoinPool-1-worker-115] DEBUG de.retest.recheck.configuration.PathBasedProjectRootFinder - Found project root in '/tmp/junit13250516169779162562'.
13:57:13.850 [ForkJoinPool-1-worker-115] DEBUG de.retest.recheck.configuration.PathBasedProjectRootFinder - Searching for project root under '/tmp/junit8471883231576084652/.retest/filter'.
13:57:13.850 [ForkJoinPool-1-worker-115] DEBUG de.retest.recheck.configuration.PathBasedProjectRootFinder - Found project root in '/tmp/junit8471883231576084652'.
[INFO] Running de.retest.recheck.ignore.SearchFilterFilesTest$FilterResourceTest
[INFO] Tests run: 11, Failures: 0, Errors: 0, Skipped: 0, Time elapsed: 0.005 s - in de.retest.recheck.ignore.SearchFilterFilesTest$FilterResourceTest
[INFO] Tests run: 0, Failures: 0, Errors: 0, Skipped: 0, Time elapsed: 0.071 s - in de.retest.recheck.ignore.SearchFilterFilesTest
[INFO] Running de.retest.recheck.ignore.JSFilterImplTest
13:57:13.863 [ForkJoinPool-1-worker-115] INFO de.retest.recheck.ignore.JSFilterImpl - Reading JS filter rules file from 'nonExistentFilterFile'.
13:57:13.864 [ForkJoinPool-1-worker-115] WARN de.retest.recheck.ignore.JSFilterImpl - No JS filter file found at 'nonExistentFilterFile': nonExistentFilterFile
13:57:13.867 [ForkJoinPool-1-worker-115] WARN de.retest.recheck.ignore.JSFilterImpl - Specified JS filter file 'nonExistentFilterFile' has no 'matches' function.
13:57:13.897 [ForkJoinPool-1-worker-115] WARN de.retest.recheck.ignore.JSFilterImpl - Specified JS filter file 'nonExistentFilterFile' has no 'matches' function.
13:57:13.917 [ForkJoinPool-1-worker-115] WARN de.retest.recheck.ignore.JSFilterImpl - Specified JS filter file 'nonExistentFilterFile' has no 'matches' function.
13:57:13.928 [ForkJoinPool-1-worker-115] WARN de.retest.recheck.ignore.JSFilterImpl - nonExistentFilterFile returned 'null' instead of a boolean value in file 'matches'. Interpreting that as 'false'.
13:57:13.943 [ForkJoinPool-1-worker-115] WARN de.retest.recheck.ignore.JSFilterImpl - Specified JS filter file 'nonExistentFilterFile' has no 'matches' function.
13:57:13.977 [ForkJoinPool-1-worker-115] ERROR de.retest.recheck.ignore.JSFilterImpl - JS 'matches' method caused an exception: org.mozilla.javascript.JavaScriptException: 42 (<Unknown source>#1) in <Unknown source> at line number 1 in file 'nonExistentFilterFile'.
13:57:13.986 [ForkJoinPool-1-worker-115] ERROR de.retest.recheck.ignore.JSFilterImpl - Reading script file 'nonExistentFilterFile' caused exception: 
com.sun.phobos.script.util.ExtendedScriptException: org.mozilla.javascript.EcmaError: ReferenceError: "asdasd" is not defined. (<Unknown source>#1) in <Unknown source> at line number 1
	at com.sun.phobos.script.javascript.RhinoScriptEngine.eval(RhinoScriptEngine.java:184)
	at java.scripting/javax.script.AbstractScriptEngine.eval(AbstractScriptEngine.java:249)
	at de.retest.recheck.ignore.JSFilterImpl.<init>(JSFilterImpl.java:42)
	at de.retest.recheck.ignore.JSFilterImplTest$2.<init>(JSFilterImplTest.java:41)
	at de.retest.recheck.ignore.JSFilterImplTest.invalid_matches_function_should_not_cause_exception(JSFilterImplTest.java:41)
	at java.base/jdk.internal.reflect.NativeMethodAccessorImpl.invoke0(Native Method)
	at java.base/jdk.internal.reflect.NativeMethodAccessorImpl.invoke(NativeMethodAccessorImpl.java:62)
	at java.base/jdk.internal.reflect.DelegatingMethodAccessorImpl.invoke(DelegatingMethodAccessorImpl.java:43)
	at java.base/java.lang.reflect.Method.invoke(Method.java:566)
	at org.junit.platform.commons.util.ReflectionUtils.invokeMethod(ReflectionUtils.java:688)
	at org.junit.jupiter.engine.execution.MethodInvocation.proceed(MethodInvocation.java:60)
	at org.junit.jupiter.engine.execution.InvocationInterceptorChain$ValidatingInvocation.proceed(InvocationInterceptorChain.java:131)
	at org.junit.jupiter.engine.extension.TimeoutExtension.intercept(TimeoutExtension.java:149)
	at org.junit.jupiter.engine.extension.TimeoutExtension.interceptTestableMethod(TimeoutExtension.java:140)
	at org.junit.jupiter.engine.extension.TimeoutExtension.interceptTestMethod(TimeoutExtension.java:84)
	at org.junit.jupiter.engine.execution.ExecutableInvoker$ReflectiveInterceptorCall.lambda$ofVoidMethod$0(ExecutableInvoker.java:115)
	at org.junit.jupiter.engine.execution.ExecutableInvoker.lambda$invoke$0(ExecutableInvoker.java:105)
	at org.junit.jupiter.engine.execution.InvocationInterceptorChain$InterceptedInvocation.proceed(InvocationInterceptorChain.java:106)
	at org.junit.jupiter.engine.execution.InvocationInterceptorChain.proceed(InvocationInterceptorChain.java:64)
	at org.junit.jupiter.engine.execution.InvocationInterceptorChain.chainAndInvoke(InvocationInterceptorChain.java:45)
	at org.junit.jupiter.engine.execution.InvocationInterceptorChain.invoke(InvocationInterceptorChain.java:37)
	at org.junit.jupiter.engine.execution.ExecutableInvoker.invoke(ExecutableInvoker.java:104)
	at org.junit.jupiter.engine.execution.ExecutableInvoker.invoke(ExecutableInvoker.java:98)
	at org.junit.jupiter.engine.descriptor.TestMethodTestDescriptor.lambda$invokeTestMethod$6(TestMethodTestDescriptor.java:210)
	at org.junit.platform.engine.support.hierarchical.ThrowableCollector.execute(ThrowableCollector.java:73)
	at org.junit.jupiter.engine.descriptor.TestMethodTestDescriptor.invokeTestMethod(TestMethodTestDescriptor.java:206)
	at org.junit.jupiter.engine.descriptor.TestMethodTestDescriptor.execute(TestMethodTestDescriptor.java:131)
	at org.junit.jupiter.engine.descriptor.TestMethodTestDescriptor.execute(TestMethodTestDescriptor.java:65)
	at org.junit.platform.engine.support.hierarchical.NodeTestTask.lambda$executeRecursively$5(NodeTestTask.java:139)
	at org.junit.platform.engine.support.hierarchical.ThrowableCollector.execute(ThrowableCollector.java:73)
	at org.junit.platform.engine.support.hierarchical.NodeTestTask.lambda$executeRecursively$7(NodeTestTask.java:129)
	at org.junit.platform.engine.support.hierarchical.Node.around(Node.java:137)
	at org.junit.platform.engine.support.hierarchical.NodeTestTask.lambda$executeRecursively$8(NodeTestTask.java:127)
	at org.junit.platform.engine.support.hierarchical.ThrowableCollector.execute(ThrowableCollector.java:73)
	at org.junit.platform.engine.support.hierarchical.NodeTestTask.executeRecursively(NodeTestTask.java:126)
	at org.junit.platform.engine.support.hierarchical.NodeTestTask.execute(NodeTestTask.java:84)
	at org.junit.platform.engine.support.hierarchical.ForkJoinPoolHierarchicalTestExecutorService$ExclusiveTask.compute(ForkJoinPoolHierarchicalTestExecutorService.java:185)
	at org.junit.platform.engine.support.hierarchical.ForkJoinPoolHierarchicalTestExecutorService.executeNonConcurrentTasks(ForkJoinPoolHierarchicalTestExecutorService.java:155)
	at org.junit.platform.engine.support.hierarchical.ForkJoinPoolHierarchicalTestExecutorService.invokeAll(ForkJoinPoolHierarchicalTestExecutorService.java:135)
	at org.junit.platform.engine.support.hierarchical.NodeTestTask.lambda$executeRecursively$5(NodeTestTask.java:143)
	at org.junit.platform.engine.support.hierarchical.ThrowableCollector.execute(ThrowableCollector.java:73)
	at org.junit.platform.engine.support.hierarchical.NodeTestTask.lambda$executeRecursively$7(NodeTestTask.java:129)
	at org.junit.platform.engine.support.hierarchical.Node.around(Node.java:137)
	at org.junit.platform.engine.support.hierarchical.NodeTestTask.lambda$executeRecursively$8(NodeTestTask.java:127)
	at org.junit.platform.engine.support.hierarchical.ThrowableCollector.execute(ThrowableCollector.java:73)
	at org.junit.platform.engine.support.hierarchical.NodeTestTask.executeRecursively(NodeTestTask.java:126)
	at org.junit.platform.engine.support.hierarchical.NodeTestTask.execute(NodeTestTask.java:84)
	at org.junit.platform.engine.support.hierarchical.ForkJoinPoolHierarchicalTestExecutorService$ExclusiveTask.compute(ForkJoinPoolHierarchicalTestExecutorService.java:185)
	at org.junit.platform.engine.support.hierarchical.ForkJoinPoolHierarchicalTestExecutorService.executeNonConcurrentTasks(ForkJoinPoolHierarchicalTestExecutorService.java:155)
	at org.junit.platform.engine.support.hierarchical.ForkJoinPoolHierarchicalTestExecutorService.invokeAll(ForkJoinPoolHierarchicalTestExecutorService.java:135)
	at org.junit.platform.engine.support.hierarchical.NodeTestTask.lambda$executeRecursively$5(NodeTestTask.java:143)
	at org.junit.platform.engine.support.hierarchical.ThrowableCollector.execute(ThrowableCollector.java:73)
	at org.junit.platform.engine.support.hierarchical.NodeTestTask.lambda$executeRecursively$7(NodeTestTask.java:129)
	at org.junit.platform.engine.support.hierarchical.Node.around(Node.java:137)
	at org.junit.platform.engine.support.hierarchical.NodeTestTask.lambda$executeRecursively$8(NodeTestTask.java:127)
	at org.junit.platform.engine.support.hierarchical.ThrowableCollector.execute(ThrowableCollector.java:73)
	at org.junit.platform.engine.support.hierarchical.NodeTestTask.executeRecursively(NodeTestTask.java:126)
	at org.junit.platform.engine.support.hierarchical.NodeTestTask.execute(NodeTestTask.java:84)
	at org.junit.platform.engine.support.hierarchical.ForkJoinPoolHierarchicalTestExecutorService$ExclusiveTask.compute(ForkJoinPoolHierarchicalTestExecutorService.java:185)
	at java.base/java.util.concurrent.RecursiveAction.exec(RecursiveAction.java:189)
	at java.base/java.util.concurrent.ForkJoinTask.doExec(ForkJoinTask.java:290)
	at java.base/java.util.concurrent.ForkJoinPool$WorkQueue.topLevelExec(ForkJoinPool.java:1020)
	at java.base/java.util.concurrent.ForkJoinPool.scan(ForkJoinPool.java:1656)
	at java.base/java.util.concurrent.ForkJoinPool.runWorker(ForkJoinPool.java:1594)
	at java.base/java.util.concurrent.ForkJoinWorkerThread.run(ForkJoinWorkerThread.java:183)
Caused by: org.mozilla.javascript.EcmaError: ReferenceError: "asdasd" is not defined. (<Unknown source>#1)
	at org.mozilla.javascript.ScriptRuntime.constructError(ScriptRuntime.java:4280)
	at org.mozilla.javascript.ScriptRuntime.constructError(ScriptRuntime.java:4258)
	at org.mozilla.javascript.ScriptRuntime.notFoundError(ScriptRuntime.java:4348)
	at org.mozilla.javascript.ScriptRuntime.name(ScriptRuntime.java:1946)
	at org.mozilla.javascript.gen._Unknown_source__128._c_script_0(<Unknown source>:1)
	at org.mozilla.javascript.gen._Unknown_source__128.call(<Unknown source>)
	at org.mozilla.javascript.ContextFactory.doTopCall(ContextFactory.java:412)
	at org.mozilla.javascript.ScriptRuntime.doTopCall(ScriptRuntime.java:3578)
	at org.mozilla.javascript.gen._Unknown_source__128.call(<Unknown source>)
	at org.mozilla.javascript.gen._Unknown_source__128.exec(<Unknown source>)
	at org.mozilla.javascript.Context.evaluateReader(Context.java:1264)
	at com.sun.phobos.script.javascript.RhinoScriptEngine.eval(RhinoScriptEngine.java:172)
	... 64 common frames omitted
13:57:13.988 [ForkJoinPool-1-worker-115] WARN de.retest.recheck.ignore.JSFilterImpl - Specified JS filter file 'nonExistentFilterFile' has no 'matches' function.
13:57:13.994 [ForkJoinPool-1-worker-115] ERROR de.retest.recheck.ignore.JSFilterImpl - 'this is not a bool' of class java.lang.String cannot be cast to java.lang.Boolean in file 'nonExistentFilterFile'.
[INFO] Tests run: 13, Failures: 0, Errors: 0, Skipped: 0, Time elapsed: 0.136 s - in de.retest.recheck.ignore.JSFilterImplTest
[INFO] Running de.retest.recheck.ignore.CacheFilterTest
[INFO] Tests run: 3, Failures: 0, Errors: 0, Skipped: 0, Time elapsed: 0.002 s - in de.retest.recheck.ignore.CacheFilterTest
[INFO] Running de.retest.recheck.GradleConformFileNamerStrategyTest
[INFO] Tests run: 4, Failures: 0, Errors: 0, Skipped: 0, Time elapsed: 0.002 s - in de.retest.recheck.GradleConformFileNamerStrategyTest
[INFO] Running de.retest.recheck.RecheckCapMessageTest
[INFO] Tests run: 1, Failures: 0, Errors: 0, Skipped: 0, Time elapsed: 0.002 s - in de.retest.recheck.RecheckCapMessageTest
[INFO] Running de.retest.recheck.meta.MultiMetadataProviderTest
[INFO] Tests run: 3, Failures: 0, Errors: 0, Skipped: 0, Time elapsed: 0.009 s - in de.retest.recheck.meta.MultiMetadataProviderTest
[INFO] Running de.retest.recheck.meta.global.TimeMetadataProviderTest
[INFO] Tests run: 1, Failures: 0, Errors: 0, Skipped: 0, Time elapsed: 0.004 s - in de.retest.recheck.meta.global.TimeMetadataProviderTest
[INFO] Running de.retest.recheck.meta.global.GitMetadataProviderTest
13:57:14.020 [ForkJoinPool-1-worker-115] DEBUG de.retest.recheck.persistence.GitExecutor - Looks like git is used
13:57:14.021 [ForkJoinPool-1-worker-115] DEBUG de.retest.recheck.persistence.GitExecutor - Looks like git is not used
[INFO] Tests run: 2, Failures: 0, Errors: 0, Skipped: 0, Time elapsed: 0.001 s - in de.retest.recheck.meta.global.GitMetadataProviderTest
[INFO] Running de.retest.recheck.meta.global.OSMetadataProviderTest
[INFO] Tests run: 1, Failures: 0, Errors: 0, Skipped: 0, Time elapsed: 0.002 s - in de.retest.recheck.meta.global.OSMetadataProviderTest
[INFO] Running de.retest.recheck.meta.GlobalMetadataProviderTest
13:57:14.048 [ForkJoinPool-1-worker-115] DEBUG de.retest.recheck.persistence.GitExecutor - Looks like git is used
[INFO] Tests run: 1, Failures: 0, Errors: 0, Skipped: 0, Time elapsed: 0.032 s - in de.retest.recheck.meta.GlobalMetadataProviderTest
[INFO] Running de.retest.recheck.meta.MetadataProviderServiceTest
13:57:14.072 [ForkJoinPool-1-worker-115] DEBUG de.retest.recheck.persistence.GitExecutor - Looks like git is used
[INFO] Tests run: 1, Failures: 0, Errors: 0, Skipped: 0, Time elapsed: 0.015 s - in de.retest.recheck.meta.MetadataProviderServiceTest
[INFO] Running de.retest.recheck.TestCaseFinderTest
[INFO] Running de.retest.recheck.TestCaseFinderTest$ITSome
[INFO] Tests run: 1, Failures: 0, Errors: 0, Skipped: 0, Time elapsed: 0.01 s - in de.retest.recheck.TestCaseFinderTest$ITSome
[INFO] Running de.retest.recheck.TestCaseFinderTest$TestSome
[INFO] Tests run: 1, Failures: 0, Errors: 0, Skipped: 0, Time elapsed: 0.004 s - in de.retest.recheck.TestCaseFinderTest$TestSome
[INFO] Running de.retest.recheck.TestCaseFinderTest$SomeTests
[INFO] Tests run: 1, Failures: 0, Errors: 0, Skipped: 0, Time elapsed: 0.003 s - in de.retest.recheck.TestCaseFinderTest$SomeTests
[INFO] Running de.retest.recheck.TestCaseFinderTest$SomeITCase
[INFO] Tests run: 1, Failures: 0, Errors: 0, Skipped: 0, Time elapsed: 0.002 s - in de.retest.recheck.TestCaseFinderTest$SomeITCase
[INFO] Running de.retest.recheck.TestCaseFinderTest$SomeTestCase
[INFO] Tests run: 1, Failures: 0, Errors: 0, Skipped: 0, Time elapsed: 0.002 s - in de.retest.recheck.TestCaseFinderTest$SomeTestCase
[INFO] Running de.retest.recheck.TestCaseFinderTest$SomeIT
[INFO] Tests run: 1, Failures: 0, Errors: 0, Skipped: 0, Time elapsed: 0.002 s - in de.retest.recheck.TestCaseFinderTest$SomeIT
[INFO] Running de.retest.recheck.TestCaseFinderTest$SomeTest
[INFO] Tests run: 1, Failures: 0, Errors: 0, Skipped: 0, Time elapsed: 0.003 s - in de.retest.recheck.TestCaseFinderTest$SomeTest
[INFO] Tests run: 0, Failures: 0, Errors: 0, Skipped: 0, Time elapsed: 0.039 s - in de.retest.recheck.TestCaseFinderTest
[INFO] Running de.retest.recheck.LegacyCompatibilityFileNamerStrategyTest
[ERROR] WARNING: An illegal reflective access operation has occurred
[ERROR] WARNING: Illegal reflective access by com.esotericsoftware.kryo.util.UnsafeUtil (file:/home/gabsko/.m2/repository/com/esotericsoftware/kryo/4.0.2/kryo-4.0.2.jar) to constructor java.nio.DirectByteBuffer(long,int,java.lang.Object)
[ERROR] WARNING: Please consider reporting this to the maintainers of com.esotericsoftware.kryo.util.UnsafeUtil
[ERROR] WARNING: Use --illegal-access=warn to enable warnings of further illegal reflective access operations
[ERROR] WARNING: All illegal access operations will be denied in a future release
13:57:14.117 [ForkJoinPool-1-worker-115] DEBUG de.retest.recheck.configuration.PathBasedProjectRootFinder - Searching for project root under '/home/gabsko/breaking-updates'.
13:57:14.118 [ForkJoinPool-1-worker-115] DEBUG de.retest.recheck.configuration.PathBasedProjectRootFinder - Found project root in '/home/gabsko/breaking-updates'.
13:57:14.118 [ForkJoinPool-1-worker-115] DEBUG de.retest.recheck.configuration.PathBasedProjectRootFinder - Searching for project root under '/home/gabsko/breaking-updates'.
13:57:14.118 [ForkJoinPool-1-worker-115] DEBUG de.retest.recheck.configuration.PathBasedProjectRootFinder - Found project root in '/home/gabsko/breaking-updates'.
13:57:14.118 [ForkJoinPool-1-worker-115] DEBUG de.retest.recheck.configuration.PathBasedProjectRootFinder - Searching for project root under '/home/gabsko/breaking-updates'.
13:57:14.118 [ForkJoinPool-1-worker-115] DEBUG de.retest.recheck.configuration.PathBasedProjectRootFinder - Found project root in '/home/gabsko/breaking-updates'.
13:57:14.122 [ForkJoinPool-1-worker-115] DEBUG de.retest.recheck.configuration.PathBasedProjectRootFinder - Searching for project root under '/home/gabsko/breaking-updates'.
13:57:14.122 [ForkJoinPool-1-worker-115] DEBUG de.retest.recheck.configuration.PathBasedProjectRootFinder - Found project root in '/home/gabsko/breaking-updates'.
13:57:14.122 [ForkJoinPool-1-worker-115] INFO de.retest.recheck.review.workers.LoadFilterWorker - Reading ignore file from '/home/gabsko/breaking-updates/.retest/recheck.ignore'.
13:57:14.122 [ForkJoinPool-1-worker-115] INFO de.retest.recheck.review.workers.LoadFilterWorker - No ignore file found at '/home/gabsko/.retest/recheck.ignore'.
13:57:14.122 [ForkJoinPool-1-worker-115] INFO de.retest.recheck.review.workers.LoadFilterWorker - No ignore file found at '/tmp/junit2855276007984583740/de.retest.recheck.LegacyCompatibilityFileNamerStrategyTest.recheck/recheck.ignore'.
13:57:14.123 [ForkJoinPool-1-worker-115] DEBUG de.retest.recheck.configuration.PathBasedProjectRootFinder - Searching for project root under '/home/gabsko/breaking-updates'.
13:57:14.123 [ForkJoinPool-1-worker-115] DEBUG de.retest.recheck.configuration.PathBasedProjectRootFinder - Found project root in '/home/gabsko/breaking-updates'.
13:57:14.123 [ForkJoinPool-1-worker-115] DEBUG de.retest.recheck.configuration.PathBasedProjectRootFinder - Searching for project root under '/home/gabsko/breaking-updates'.
13:57:14.123 [ForkJoinPool-1-worker-115] DEBUG de.retest.recheck.configuration.PathBasedProjectRootFinder - Found project root in '/home/gabsko/breaking-updates'.
13:57:14.127 [ForkJoinPool-1-worker-115] INFO de.retest.recheck.ignore.JSFilterImpl - Reading JS filter rules file from '/home/gabsko/breaking-updates/.retest/recheck.ignore.js'.
13:57:14.130 [ForkJoinPool-1-worker-115] WARN de.retest.recheck.RecheckImpl - Please call 'startTest()' before performing a check.
13:57:14.213 [ForkJoinPool-1-worker-115] WARN de.retest.recheck.util.VersionProvider - Failed to read package version!
13:57:14.213 [ForkJoinPool-1-worker-115] WARN de.retest.recheck.util.VersionProvider - Failed to read manifest version!
13:57:14.213 [ForkJoinPool-1-worker-115] DEBUG de.retest.recheck.persistence.xml.XmlFolderPersistence - baseFolder '/tmp/junit2855276007984583740/de.retest.recheck.LegacyCompatibilityFileNamerStrategyTest/default_test_class_name_should_be_implemented.stepName.recheck' don't exists, create new one
13:57:14.380 [Finalizer] DEBUG de.retest.recheck.util.DeleteOnCloseFileInputStream - File '/tmp/junit16018170058195705874/foo' has already been deleted.
13:57:14.381 [Finalizer] DEBUG de.retest.recheck.util.DeleteOnCloseFileInputStream - File '/tmp/junit2393741853600918402/bar' has already been deleted.
13:57:14.643 [ForkJoinPool-1-worker-115] DEBUG de.retest.recheck.ui.diff.RootElementDifferenceFinder - Finding differences for window took 0ms.
13:57:14.644 [ForkJoinPool-1-worker-115] WARN de.retest.recheck.RecheckImpl - Found 1 not ignored difference(s) in test 'default_test_class_name_should_be_implemented'.
13:57:14.722 [ForkJoinPool-1-worker-115] DEBUG de.retest.recheck.ui.diff.Alignment - Creating assignment of old to new elements, trying to find differences. We are comparing 0 with 0 elements.
13:57:14.722 [ForkJoinPool-1-worker-115] DEBUG de.retest.recheck.ui.diff.RootElementDifferenceFinder - Finding differences for window took 0ms.
13:57:14.722 [ForkJoinPool-1-worker-115] DEBUG de.retest.recheck.execution.RecheckDifferenceFinder - Found no differences in step 'stepName'.
13:57:14.723 [ForkJoinPool-1-worker-115] INFO de.retest.recheck.persistence.RecheckTestReportUtil - Persisting test report to file 'file:/tmp/junit2855276007984583740/de.retest.recheck.LegacyCompatibilityFileNamerStrategyTest.report'.
13:57:14.746 [ForkJoinPool-1-worker-115] DEBUG de.retest.recheck.persistence.bin.KryoPersistence - Writing TestReport(Tests: 2, Actions: 2, Checked Elements: 2, Differences: 1) to file:/tmp/junit2855276007984583740/de.retest.recheck.LegacyCompatibilityFileNamerStrategyTest.report. Do not write to same identifier or interrupt until done.
13:57:15.276 [ForkJoinPool-1-worker-115] DEBUG de.retest.recheck.persistence.bin.KryoPersistence - Done writing TestReport(Tests: 2, Actions: 2, Checked Elements: 2, Differences: 1) to file:/tmp/junit2855276007984583740/de.retest.recheck.LegacyCompatibilityFileNamerStrategyTest.report
13:57:15.277 [ForkJoinPool-1-worker-115] DEBUG de.retest.recheck.persistence.bin.KryoPersistence - Writing TestReport(Tests: 2, Actions: 2, Checked Elements: 2, Differences: 1) to file:/tmp/junit2855276007984583740/tests.report. Do not write to same identifier or interrupt until done.
13:57:15.282 [ForkJoinPool-1-worker-115] DEBUG de.retest.recheck.persistence.bin.KryoPersistence - Done writing TestReport(Tests: 2, Actions: 2, Checked Elements: 2, Differences: 1) to file:/tmp/junit2855276007984583740/tests.report
[INFO] Tests run: 1, Failures: 0, Errors: 0, Skipped: 0, Time elapsed: 1.166 s - in de.retest.recheck.LegacyCompatibilityFileNamerStrategyTest
[INFO] Running de.retest.recheck.ui.image.ScreenshotTest
[INFO] Tests run: 3, Failures: 0, Errors: 0, Skipped: 0, Time elapsed: 0 s - in de.retest.recheck.ui.image.ScreenshotTest
[INFO] Running de.retest.recheck.ui.diff.StateDifferenceTest
13:57:15.295 [ForkJoinPool-1-worker-115] DEBUG de.retest.recheck.ui.diff.Alignment - Creating assignment of old to new elements, trying to find differences. We are comparing 0 with 0 elements.
13:57:15.295 [ForkJoinPool-1-worker-115] DEBUG de.retest.recheck.ui.diff.RootElementDifferenceFinder - Finding differences for window took 1ms.
13:57:15.296 [ForkJoinPool-1-worker-115] DEBUG de.retest.recheck.ui.diff.Alignment - Creating assignment of old to new elements, trying to find differences. We are comparing 0 with 0 elements.
13:57:15.296 [ForkJoinPool-1-worker-115] DEBUG de.retest.recheck.ui.diff.RootElementDifferenceFinder - Finding differences for window took 0ms.
[INFO] Tests run: 2, Failures: 0, Errors: 0, Skipped: 0, Time elapsed: 0.013 s - in de.retest.recheck.ui.diff.StateDifferenceTest
[INFO] Running de.retest.recheck.ui.diff.AlignmentTest
13:57:15.298 [ForkJoinPool-1-worker-115] DEBUG de.retest.recheck.ui.diff.Alignment - Creating assignment of old to new elements, trying to find differences. We are comparing 2 with 2 elements.
13:57:15.299 [ForkJoinPool-1-worker-115] DEBUG de.retest.recheck.ui.diff.Alignment - Creating assignment of old to new elements, trying to find differences. We are comparing 1 with 2 elements.
13:57:15.299 [ForkJoinPool-1-worker-115] DEBUG de.retest.recheck.ui.diff.Alignment - Creating assignment of old to new elements, trying to find differences. We are comparing 1 with 1 elements.
13:57:15.300 [ForkJoinPool-1-worker-115] DEBUG de.retest.recheck.ui.diff.Alignment - Creating assignment of old to new elements, trying to find differences. We are comparing 1 with 1 elements.
13:57:15.301 [ForkJoinPool-1-worker-115] DEBUG de.retest.recheck.ui.diff.Alignment - Creating assignment of old to new elements, trying to find differences. We are comparing 1 with 1 elements.
13:57:15.301 [ForkJoinPool-1-worker-115] DEBUG de.retest.recheck.ui.diff.Alignment - Best match otherRetestId is below threshold with 0.0 similarity.
13:57:15.302 [ForkJoinPool-1-worker-115] DEBUG de.retest.recheck.ui.diff.Alignment - Creating assignment of old to new elements, trying to find differences. We are comparing 1 with 1 elements.
13:57:15.302 [ForkJoinPool-1-worker-115] DEBUG de.retest.recheck.ui.diff.Alignment - Creating assignment of old to new elements, trying to find differences. We are comparing 2 with 2 elements.
[INFO] Tests run: 10, Failures: 0, Errors: 0, Skipped: 0, Time elapsed: 0.006 s - in de.retest.recheck.ui.diff.AlignmentTest
[INFO] Running de.retest.recheck.ui.diff.RootElementDifferenceFinderTest
13:57:15.304 [ForkJoinPool-1-worker-115] DEBUG de.retest.recheck.ui.diff.Alignment - Creating assignment of old to new elements, trying to find differences. We are comparing 0 with 0 elements.
13:57:15.304 [ForkJoinPool-1-worker-115] DEBUG de.retest.recheck.ui.diff.RootElementDifferenceFinder - Finding differences for window took 0ms.
13:57:15.304 [ForkJoinPool-1-worker-115] DEBUG de.retest.recheck.ui.diff.Alignment - Creating assignment of old to new elements, trying to find differences. We are comparing 0 with 0 elements.
13:57:15.304 [ForkJoinPool-1-worker-115] DEBUG de.retest.recheck.ui.diff.RootElementDifferenceFinder - Finding differences for window took 0ms.
13:57:15.304 [ForkJoinPool-1-worker-115] DEBUG de.retest.recheck.ui.diff.RootElementDifferenceFinder - Finding differences for window took 0ms.
13:57:15.306 [ForkJoinPool-1-worker-115] DEBUG de.retest.recheck.ui.diff.Alignment - Creating assignment of old to new elements, trying to find differences. We are comparing 0 with 0 elements.
13:57:15.306 [ForkJoinPool-1-worker-115] DEBUG de.retest.recheck.ui.diff.RootElementDifferenceFinder - Finding differences for window took 0ms.
13:57:15.306 [ForkJoinPool-1-worker-115] DEBUG de.retest.recheck.ui.diff.Alignment - Creating assignment of old to new elements, trying to find differences. We are comparing 0 with 0 elements.
13:57:15.306 [ForkJoinPool-1-worker-115] DEBUG de.retest.recheck.ui.diff.RootElementDifferenceFinder - Finding differences for window took 0ms.
13:57:15.308 [ForkJoinPool-1-worker-115] DEBUG de.retest.recheck.ui.diff.Alignment - Creating assignment of old to new elements, trying to find differences. We are comparing 0 with 0 elements.
13:57:15.308 [ForkJoinPool-1-worker-115] DEBUG de.retest.recheck.ui.diff.RootElementDifferenceFinder - Finding differences for window took 0ms.
13:57:15.308 [ForkJoinPool-1-worker-115] DEBUG de.retest.recheck.ui.diff.RootElementDifferenceFinder - Finding differences for window took 0ms.
13:57:15.310 [ForkJoinPool-1-worker-115] DEBUG de.retest.recheck.ui.diff.RootElementDifferenceFinder - Finding differences for window took 0ms.
13:57:15.310 [ForkJoinPool-1-worker-115] DEBUG de.retest.recheck.ui.diff.Alignment - Creating assignment of old to new elements, trying to find differences. We are comparing 0 with 0 elements.
13:57:15.310 [ForkJoinPool-1-worker-115] DEBUG de.retest.recheck.ui.diff.RootElementDifferenceFinder - Finding differences for window took 0ms.
13:57:15.310 [ForkJoinPool-1-worker-115] DEBUG de.retest.recheck.ui.diff.Alignment - Creating assignment of old to new elements, trying to find differences. We are comparing 0 with 0 elements.
13:57:15.310 [ForkJoinPool-1-worker-115] DEBUG de.retest.recheck.ui.diff.RootElementDifferenceFinder - Finding differences for window took 0ms.
13:57:15.312 [ForkJoinPool-1-worker-115] DEBUG de.retest.recheck.ui.diff.Alignment - Creating assignment of old to new elements, trying to find differences. We are comparing 0 with 0 elements.
13:57:15.312 [ForkJoinPool-1-worker-115] DEBUG de.retest.recheck.ui.diff.RootElementDifferenceFinder - Finding differences for window took 0ms.
13:57:15.315 [ForkJoinPool-1-worker-115] DEBUG de.retest.recheck.ui.diff.Alignment - Creating assignment of old to new elements, trying to find differences. We are comparing 3 with 3 elements.
13:57:15.315 [ForkJoinPool-1-worker-115] DEBUG de.retest.recheck.ui.diff.RootElementDifferenceFinder - Finding differences for window took 1ms.
[INFO] Tests run: 10, Failures: 0, Errors: 0, Skipped: 0, Time elapsed: 0.013 s - in de.retest.recheck.ui.diff.RootElementDifferenceFinderTest
[INFO] Running de.retest.recheck.ui.diff.MatchTest
[INFO] Tests run: 3, Failures: 0, Errors: 0, Skipped: 0, Time elapsed: 0.001 s - in de.retest.recheck.ui.diff.MatchTest
[INFO] Running de.retest.recheck.ui.diff.RootElementDifferenceTest
[INFO] Tests run: 2, Failures: 0, Errors: 0, Skipped: 0, Time elapsed: 0.013 s - in de.retest.recheck.ui.diff.RootElementDifferenceTest
[INFO] Running de.retest.recheck.ui.diff.AttributeDifferenceTest
13:57:15.333 [ForkJoinPool-1-worker-115] WARN de.retest.recheck.ui.diff.AttributeDifference - Mismatch for attribute 'key': value from Golden Master 'null', value from test report 'something'. This could be due to a change in between.
13:57:15.334 [ForkJoinPool-1-worker-115] WARN de.retest.recheck.ui.diff.AttributeDifference - Mismatch for attribute 'key': value from Golden Master '', value from test report 'something'. This could be due to a change in between.
13:57:15.334 [ForkJoinPool-1-worker-115] WARN de.retest.recheck.ui.diff.AttributeDifference - Mismatch for attribute 'key': value from Golden Master 'somethingElse', value from test report 'null'. This could be due to a change in between.
13:57:15.335 [ForkJoinPool-1-worker-115] WARN de.retest.recheck.ui.diff.AttributeDifference - Mismatch for attribute 'key': value from Golden Master 'somethingElse', value from test report ''. This could be due to a change in between.
13:57:15.335 [ForkJoinPool-1-worker-115] WARN de.retest.recheck.ui.diff.AttributeDifference - Mismatch for attribute 'key': value from Golden Master 'somethingElse', value from test report 'something'. This could be due to a change in between.
[INFO] Tests run: 13, Failures: 0, Errors: 0, Skipped: 0, Time elapsed: 0.007 s - in de.retest.recheck.ui.diff.AttributeDifferenceTest
[INFO] Running de.retest.recheck.ui.diff.InsertedDeletedElementDifferenceTest
[INFO] Tests run: 1, Failures: 0, Errors: 0, Skipped: 0, Time elapsed: 0.001 s - in de.retest.recheck.ui.diff.InsertedDeletedElementDifferenceTest
[INFO] Running de.retest.recheck.ui.diff.AttributesDifferenceFinderTest
13:57:15.365 [ForkJoinPool-1-worker-115] INFO de.retest.recheck.persistence.xml.XmlTransformer - Create only fragment for '{key2: expected="value2", actual="different-value", key3: expected="null", actual="value3"}'.
13:57:15.400 [ForkJoinPool-1-worker-115] INFO de.retest.recheck.persistence.xml.XmlTransformer - Create only fragment for '{key1: expected="value1", actual="null", key2: expected="null", actual="value2"}'.
13:57:15.433 [ForkJoinPool-1-worker-115] INFO de.retest.recheck.persistence.xml.XmlTransformer - Create only fragment for '{key: expected="value1", actual="value2"}'.
13:57:15.489 [ForkJoinPool-1-worker-115] INFO de.retest.recheck.persistence.xml.XmlTransformer - Create only fragment for '{key2: expected="value2", actual="different-value", key3: expected="value3", actual="null"}'.
[INFO] Tests run: 12, Failures: 0, Errors: 0, Skipped: 0, Time elapsed: 0.161 s - in de.retest.recheck.ui.diff.AttributesDifferenceFinderTest
[INFO] Running de.retest.recheck.ui.diff.meta.MetadataDifferenceFinderTest
[INFO] Tests run: 6, Failures: 0, Errors: 0, Skipped: 0, Time elapsed: 0.003 s - in de.retest.recheck.ui.diff.meta.MetadataDifferenceFinderTest
[INFO] Running de.retest.recheck.ui.diff.meta.MetadataDifferenceTest
[INFO] Tests run: 2, Failures: 0, Errors: 0, Skipped: 0, Time elapsed: 0 s - in de.retest.recheck.ui.diff.meta.MetadataDifferenceTest
[INFO] Running de.retest.recheck.ui.diff.ElementDifferenceFinderTest
13:57:15.507 [ForkJoinPool-1-worker-115] DEBUG de.retest.recheck.ui.diff.Alignment - Creating assignment of old to new elements, trying to find differences. We are comparing 3 with 3 elements.
13:57:15.509 [ForkJoinPool-1-worker-115] DEBUG de.retest.recheck.ui.diff.Alignment - Creating assignment of old to new elements, trying to find differences. We are comparing 1 with 1 elements.
13:57:15.510 [ForkJoinPool-1-worker-115] DEBUG de.retest.recheck.ui.diff.Alignment - Creating assignment of old to new elements, trying to find differences. We are comparing 3 with 3 elements.
13:57:15.511 [ForkJoinPool-1-worker-115] DEBUG de.retest.recheck.ui.diff.Alignment - Creating assignment of old to new elements, trying to find differences. We are comparing 3 with 3 elements.
13:57:15.512 [ForkJoinPool-1-worker-115] DEBUG de.retest.recheck.ui.diff.Alignment - Creating assignment of old to new elements, trying to find differences. We are comparing 3 with 0 elements.
13:57:15.512 [ForkJoinPool-1-worker-115] DEBUG de.retest.recheck.ui.diff.Alignment - Creating assignment of old to new elements, trying to find differences. We are comparing 3 with 3 elements.
13:57:15.513 [ForkJoinPool-1-worker-115] DEBUG de.retest.recheck.ui.diff.Alignment - Creating assignment of old to new elements, trying to find differences. We are comparing 3 with 3 elements.
13:57:15.514 [ForkJoinPool-1-worker-115] DEBUG de.retest.recheck.ui.diff.Alignment - Creating assignment of old to new elements, trying to find differences. We are comparing 3 with 3 elements.
13:57:15.514 [ForkJoinPool-1-worker-115] DEBUG de.retest.recheck.ui.diff.Alignment - Creating assignment of old to new elements, trying to find differences. We are comparing 3 with 2 elements.
13:57:15.515 [ForkJoinPool-1-worker-115] DEBUG de.retest.recheck.ui.diff.Alignment - Creating assignment of old to new elements, trying to find differences. We are comparing 2 with 3 elements.
13:57:15.516 [ForkJoinPool-1-worker-115] DEBUG de.retest.recheck.ui.diff.Alignment - Creating assignment of old to new elements, trying to find differences. We are comparing 1 with 1 elements.
13:57:15.517 [ForkJoinPool-1-worker-115] DEBUG de.retest.recheck.ui.diff.Alignment - Creating assignment of old to new elements, trying to find differences. We are comparing 3 with 3 elements.
[INFO] Tests run: 20, Failures: 0, Errors: 0, Skipped: 0, Time elapsed: 0.012 s - in de.retest.recheck.ui.diff.ElementDifferenceFinderTest
[INFO] Running de.retest.recheck.ui.diff.ElementDifferenceTest
[INFO] Tests run: 23, Failures: 0, Errors: 0, Skipped: 0, Time elapsed: 0.007 s - in de.retest.recheck.ui.diff.ElementDifferenceTest
[INFO] Running de.retest.recheck.ui.diff.IdentifyingAttributesDifferenceFinderTest
13:57:15.545 [ForkJoinPool-1-worker-115] INFO de.retest.recheck.persistence.xml.XmlTransformer - Create only fragment for 'expected path: AnotherType[1] expected type: de.retest.recheck.ui.diff.IdentifyingAttributesDifferenceFinderTest$AnotherType - actual path: Type[1] actual type: de.retest.recheck.ui.diff.IdentifyingAttributesDifferenceFinderTest$Type'.
13:57:15.565 [ForkJoinPool-1-worker-115] INFO de.retest.recheck.persistence.xml.XmlTransformer - Create only fragment for 'expected path: parentPath[1]/type[1] expected type: de.retest.recheck.ui.diff.IdentifyingAttributesDifferenceFinderTest$Type - actual path: anotherParentPath[1]/anotherType[1] actual type: de.retest.recheck.ui.diff.IdentifyingAttributesDifferenceFinderTest$AnotherType'.
13:57:15.568 [ForkJoinPool-1-worker-115] WARN de.retest.recheck.ignore.GloballyIgnoredAttributes - Testing only! Creating GloballyIgnoredAttributes from given attributes collection.
13:57:15.568 [ForkJoinPool-1-worker-115] WARN de.retest.recheck.ignore.GloballyIgnoredAttributes - Testing only! Creating GloballyIgnoredAttributes from given attributes collection.
[INFO] Tests run: 13, Failures: 0, Errors: 0, Skipped: 0, Time elapsed: 0.044 s - in de.retest.recheck.ui.diff.IdentifyingAttributesDifferenceFinderTest
[INFO] Running de.retest.recheck.ui.actions.AbstractActionImplTest
[INFO] Tests run: 1, Failures: 0, Errors: 0, Skipped: 0, Time elapsed: 0.001 s - in de.retest.recheck.ui.actions.AbstractActionImplTest
[INFO] Running de.retest.recheck.ui.review.ScreenshotChangesTest
[INFO] Tests run: 3, Failures: 0, Errors: 0, Skipped: 0, Time elapsed: 0.003 s - in de.retest.recheck.ui.review.ScreenshotChangesTest
[INFO] Running de.retest.recheck.ui.descriptors.AttributeUtilTest
13:57:15.577 [ForkJoinPool-1-worker-115] ERROR de.retest.recheck.ui.descriptors.AttributeUtil - getIdentifyingAttributesDifference should return an IdentifyingAttributesDifference!
13:57:15.615 [ForkJoinPool-1-worker-115] ERROR de.retest.recheck.ui.descriptors.AttributeUtil - getIdentifyingAttributesDifference should return an IdentifyingAttributesDifference!
13:57:15.616 [ForkJoinPool-1-worker-115] ERROR de.retest.recheck.ui.descriptors.AttributeUtil - getIdentifyingAttributesDifference should return an IdentifyingAttributesDifference!
[INFO] Tests run: 5, Failures: 0, Errors: 0, Skipped: 0, Time elapsed: 0.04 s - in de.retest.recheck.ui.descriptors.AttributeUtilTest
[INFO] Running de.retest.recheck.ui.descriptors.TextAttributeTest
[INFO] Tests run: 1, Failures: 0, Errors: 0, Skipped: 0, Time elapsed: 0 s - in de.retest.recheck.ui.descriptors.TextAttributeTest
[INFO] Running de.retest.recheck.ui.descriptors.SutStateFilterTest
[INFO] Running de.retest.recheck.ui.descriptors.SutStateFilterTest$SutStateFilterTests
[INFO] Tests run: 4, Failures: 0, Errors: 0, Skipped: 0, Time elapsed: 0.003 s - in de.retest.recheck.ui.descriptors.SutStateFilterTest$SutStateFilterTests
[INFO] Running de.retest.recheck.ui.descriptors.SutStateFilterTest$RootElementFilterTests
[INFO] Tests run: 3, Failures: 0, Errors: 0, Skipped: 0, Time elapsed: 0.002 s - in de.retest.recheck.ui.descriptors.SutStateFilterTest$RootElementFilterTests
[INFO] Running de.retest.recheck.ui.descriptors.SutStateFilterTest$IdentifyingAttributesFilterTests
[INFO] Tests run: 4, Failures: 0, Errors: 0, Skipped: 0, Time elapsed: 0.001 s - in de.retest.recheck.ui.descriptors.SutStateFilterTest$IdentifyingAttributesFilterTests
[INFO] Running de.retest.recheck.ui.descriptors.SutStateFilterTest$AttributeFilterTests
[INFO] Tests run: 4, Failures: 0, Errors: 0, Skipped: 0, Time elapsed: 0.001 s - in de.retest.recheck.ui.descriptors.SutStateFilterTest$AttributeFilterTests
[INFO] Tests run: 0, Failures: 0, Errors: 0, Skipped: 0, Time elapsed: 0.008 s - in de.retest.recheck.ui.descriptors.SutStateFilterTest
[INFO] Running de.retest.recheck.ui.descriptors.RootElementTest
[INFO] Tests run: 4, Failures: 0, Errors: 0, Skipped: 0, Time elapsed: 0.006 s - in de.retest.recheck.ui.descriptors.RootElementTest
[INFO] Running de.retest.recheck.ui.descriptors.idproviders.ElementCountingRetestIdProviderTest
[INFO] Tests run: 1, Failures: 0, Errors: 0, Skipped: 0, Time elapsed: 0.001 s - in de.retest.recheck.ui.descriptors.idproviders.ElementCountingRetestIdProviderTest
[INFO] Running de.retest.recheck.ui.descriptors.idproviders.DefaultRetestIdProviderTest
[INFO] Tests run: 14, Failures: 0, Errors: 0, Skipped: 0, Time elapsed: 0.007 s - in de.retest.recheck.ui.descriptors.idproviders.DefaultRetestIdProviderTest
[INFO] Running de.retest.recheck.ui.descriptors.SutStateTest
[INFO] Tests run: 1, Failures: 0, Errors: 0, Skipped: 0, Time elapsed: 0.001 s - in de.retest.recheck.ui.descriptors.SutStateTest
[INFO] Running de.retest.recheck.ui.descriptors.ElementUtilTest
[INFO] Tests run: 4, Failures: 0, Errors: 0, Skipped: 0, Time elapsed: 0.011 s - in de.retest.recheck.ui.descriptors.ElementUtilTest
[INFO] Running de.retest.recheck.persistence.RecheckSutStateTest
[INFO] Tests run: 8, Failures: 0, Errors: 0, Skipped: 0, Time elapsed: 0.042 s - in de.retest.recheck.persistence.RecheckSutStateTest
[INFO] Running de.retest.recheck.persistence.GoldenMasterProviderImplTest
13:57:15.697 [ForkJoinPool-1-worker-115] DEBUG de.retest.recheck.configuration.PathBasedProjectRootFinder - Searching for project root under '/home/gabsko/breaking-updates'.
13:57:15.697 [ForkJoinPool-1-worker-115] DEBUG de.retest.recheck.configuration.PathBasedProjectRootFinder - Found project root in '/home/gabsko/breaking-updates'.
13:57:15.700 [ForkJoinPool-1-worker-115] DEBUG de.retest.recheck.configuration.PathBasedProjectRootFinder - Searching for project root under '/tmp/junit12788033800903571208'.
13:57:15.700 [ForkJoinPool-1-worker-115] ERROR de.retest.recheck.configuration.PathBasedProjectRootFinder - Project root not found in /tmp/junit12788033800903571208 or any parent folder.
13:57:15.702 [ForkJoinPool-1-worker-115] DEBUG de.retest.recheck.configuration.PathBasedProjectRootFinder - Searching for project root under '/tmp/junit4153431510617752561'.
13:57:15.702 [ForkJoinPool-1-worker-115] ERROR de.retest.recheck.configuration.PathBasedProjectRootFinder - Project root not found in /tmp/junit4153431510617752561 or any parent folder.
13:57:15.704 [ForkJoinPool-1-worker-115] DEBUG de.retest.recheck.configuration.PathBasedProjectRootFinder - Searching for project root under '/tmp/junit4596541505550485681'.
13:57:15.704 [ForkJoinPool-1-worker-115] DEBUG de.retest.recheck.configuration.PathBasedProjectRootFinder - Found project root in '/tmp/junit4596541505550485681'.
13:57:15.704 [ForkJoinPool-1-worker-115] DEBUG de.retest.recheck.persistence.GoldenMasterProviderImpl - Looking for Golden Master files in '/tmp/junit4596541505550485681'.
[INFO] Tests run: 4, Failures: 0, Errors: 0, Skipped: 0, Time elapsed: 0.009 s - in de.retest.recheck.persistence.GoldenMasterProviderImplTest
[INFO] Running de.retest.recheck.persistence.ClassAndMethodBasedShortNamingStrategyTest
[INFO] Tests run: 2, Failures: 0, Errors: 0, Skipped: 0, Time elapsed: 0.002 s - in de.retest.recheck.persistence.ClassAndMethodBasedShortNamingStrategyTest
[INFO] Running de.retest.recheck.persistence.NoGoldenMasterFoundExceptionTest
[INFO] Tests run: 3, Failures: 0, Errors: 0, Skipped: 0, Time elapsed: 0.001 s - in de.retest.recheck.persistence.NoGoldenMasterFoundExceptionTest
[INFO] Running de.retest.recheck.persistence.bin.KryoPersistenceTest
13:57:15.712 [ForkJoinPool-1-worker-115] DEBUG de.retest.recheck.persistence.bin.KryoPersistence - Writing de.retest.recheck.test.Test@12a8bd0e to file:///tmp/junit11529064401674444121/incompatible-test.test. Do not write to same identifier or interrupt until done.
13:57:15.717 [ForkJoinPool-1-worker-115] DEBUG de.retest.recheck.persistence.bin.KryoPersistence - Done writing de.retest.recheck.test.Test@12a8bd0e to file:///tmp/junit11529064401674444121/incompatible-test.test
13:57:15.784 [ForkJoinPool-1-worker-115] DEBUG de.retest.recheck.persistence.bin.KryoPersistence - Writing de.retest.recheck.test.Test@1bcb9866 to file:/home/gabsko/breaking-updates/nonexistent.report. Do not write to same identifier or interrupt until done.
13:57:15.788 [ForkJoinPool-1-worker-115] ERROR de.retest.recheck.persistence.bin.KryoPersistence - Error writing to file 'file:/home/gabsko/breaking-updates/nonexistent.report'. Deleting what has been written to not leave corrupt file behind...
com.esotericsoftware.kryo.KryoException: null
13:57:15.790 [ForkJoinPool-1-worker-115] DEBUG de.retest.recheck.persistence.bin.KryoPersistence - Writing de.retest.recheck.test.Test@68d0c6ef to file:///tmp/junit16806477554800922120/test.test. Do not write to same identifier or interrupt until done.
13:57:15.794 [ForkJoinPool-1-worker-115] DEBUG de.retest.recheck.persistence.bin.KryoPersistence - Done writing de.retest.recheck.test.Test@68d0c6ef to file:///tmp/junit16806477554800922120/test.test
00:01  WARN: [kryo] Unable to load class src/test/resources/retest/DocsTest/chrome/1200x800/click_through_tabs/recheck.recheckde.retest.recheck.ui.diff.StateDifference with kryo's ClassLoader. Retrying with current..
[INFO] Tests run: 11, Failures: 0, Errors: 0, Skipped: 0, Time elapsed: 0.101 s - in de.retest.recheck.persistence.bin.KryoPersistenceTest
[INFO] Running de.retest.recheck.persistence.ClassAndMethodBasedNamingStrategyTest
[INFO] Tests run: 2, Failures: 0, Errors: 0, Skipped: 0, Time elapsed: 0.001 s - in de.retest.recheck.persistence.ClassAndMethodBasedNamingStrategyTest
[INFO] Running de.retest.recheck.persistence.RecheckTestReportUtilTest
13:57:15.815 [ForkJoinPool-1-worker-115] INFO de.retest.recheck.persistence.RecheckTestReportUtil - Persisting test report to file 'file:/tmp/junit3315074982339352669/test.report'.
13:57:15.815 [ForkJoinPool-1-worker-115] DEBUG de.retest.recheck.persistence.bin.KryoPersistence - Writing TestReport(Tests: 0, Actions: 0, Checked Elements: 0, Differences: 0) to file:/tmp/junit3315074982339352669/test.report. Do not write to same identifier or interrupt until done.
13:57:15.824 [ForkJoinPool-1-worker-115] DEBUG de.retest.recheck.persistence.bin.KryoPersistence - Done writing TestReport(Tests: 0, Actions: 0, Checked Elements: 0, Differences: 0) to file:/tmp/junit3315074982339352669/test.report
13:57:15.825 [ForkJoinPool-1-worker-115] DEBUG de.retest.recheck.persistence.bin.KryoPersistence - Writing TestReport(Tests: 2, Actions: 2, Checked Elements: 2, Differences: 1) to file:/tmp/junit3315074982339352669/tests.report. Do not write to same identifier or interrupt until done.
13:57:15.829 [ForkJoinPool-1-worker-115] DEBUG de.retest.recheck.persistence.bin.KryoPersistence - Done writing TestReport(Tests: 2, Actions: 2, Checked Elements: 2, Differences: 1) to file:/tmp/junit3315074982339352669/tests.report
13:57:15.830 [ForkJoinPool-1-worker-115] INFO de.retest.recheck.persistence.RecheckTestReportUtil - Persisting test report to file 'file:/tmp/junit16734181735262457175/test.report'.
13:57:15.831 [ForkJoinPool-1-worker-115] DEBUG de.retest.recheck.persistence.bin.KryoPersistence - Writing TestReport(Tests: 0, Actions: 0, Checked Elements: 0, Differences: 1) to file:/tmp/junit16734181735262457175/test.report. Do not write to same identifier or interrupt until done.
13:57:15.836 [ForkJoinPool-1-worker-115] DEBUG de.retest.recheck.persistence.bin.KryoPersistence - Done writing TestReport(Tests: 0, Actions: 0, Checked Elements: 0, Differences: 1) to file:/tmp/junit16734181735262457175/test.report
13:57:15.837 [ForkJoinPool-1-worker-115] DEBUG de.retest.recheck.persistence.bin.KryoPersistence - Writing TestReport(Tests: 2, Actions: 2, Checked Elements: 2, Differences: 1) to file:/tmp/junit16734181735262457175/tests.report. Do not write to same identifier or interrupt until done.
13:57:15.842 [ForkJoinPool-1-worker-115] DEBUG de.retest.recheck.persistence.bin.KryoPersistence - Done writing TestReport(Tests: 2, Actions: 2, Checked Elements: 2, Differences: 1) to file:/tmp/junit16734181735262457175/tests.report
13:57:15.843 [ForkJoinPool-1-worker-115] INFO de.retest.recheck.persistence.RecheckTestReportUtil - Persisting test report to file 'file:/tmp/junit1828284555009233820/test.report'.
13:57:15.843 [ForkJoinPool-1-worker-115] DEBUG de.retest.recheck.persistence.bin.KryoPersistence - Writing TestReport(Tests: 0, Actions: 0, Checked Elements: 0, Differences: 0) to file:/tmp/junit1828284555009233820/test.report. Do not write to same identifier or interrupt until done.
13:57:15.848 [ForkJoinPool-1-worker-115] DEBUG de.retest.recheck.persistence.bin.KryoPersistence - Done writing TestReport(Tests: 0, Actions: 0, Checked Elements: 0, Differences: 0) to file:/tmp/junit1828284555009233820/test.report
13:57:15.849 [ForkJoinPool-1-worker-115] DEBUG de.retest.recheck.persistence.bin.KryoPersistence - Writing TestReport(Tests: 2, Actions: 2, Checked Elements: 2, Differences: 1) to file:/tmp/junit1828284555009233820/tests.report. Do not write to same identifier or interrupt until done.
13:57:15.853 [ForkJoinPool-1-worker-115] DEBUG de.retest.recheck.persistence.bin.KryoPersistence - Done writing TestReport(Tests: 2, Actions: 2, Checked Elements: 2, Differences: 1) to file:/tmp/junit1828284555009233820/tests.report
13:57:15.854 [ForkJoinPool-1-worker-115] INFO de.retest.recheck.persistence.RecheckTestReportUtil - Persisting test report to file 'file:/tmp/junit1794524287836759495/missing/folder/test.report'.
13:57:15.855 [ForkJoinPool-1-worker-115] DEBUG de.retest.recheck.persistence.bin.KryoPersistence - Writing TestReport(Tests: 0, Actions: 0, Checked Elements: 0, Differences: 0) to file:/tmp/junit1794524287836759495/missing/folder/test.report. Do not write to same identifier or interrupt until done.
13:57:15.860 [ForkJoinPool-1-worker-115] DEBUG de.retest.recheck.persistence.bin.KryoPersistence - Done writing TestReport(Tests: 0, Actions: 0, Checked Elements: 0, Differences: 0) to file:/tmp/junit1794524287836759495/missing/folder/test.report
13:57:15.861 [ForkJoinPool-1-worker-115] DEBUG de.retest.recheck.persistence.bin.KryoPersistence - Writing TestReport(Tests: 2, Actions: 2, Checked Elements: 2, Differences: 1) to file:/tmp/junit1794524287836759495/missing/folder/tests.report. Do not write to same identifier or interrupt until done.
13:57:15.865 [ForkJoinPool-1-worker-115] DEBUG de.retest.recheck.persistence.bin.KryoPersistence - Done writing TestReport(Tests: 2, Actions: 2, Checked Elements: 2, Differences: 1) to file:/tmp/junit1794524287836759495/missing/folder/tests.report
[INFO] Tests run: 4, Failures: 0, Errors: 0, Skipped: 0, Time elapsed: 0.051 s - in de.retest.recheck.persistence.RecheckTestReportUtilTest
[INFO] Running de.retest.recheck.persistence.xml.XmlFolderPersistenceTest
[WARNING] Tests run: 4, Failures: 0, Errors: 0, Skipped: 1, Time elapsed: 0.038 s - in de.retest.recheck.persistence.xml.XmlFolderPersistenceTest
[INFO] Running de.retest.recheck.persistence.xml.XmlTransformerTest
[INFO] Tests run: 1, Failures: 0, Errors: 0, Skipped: 0, Time elapsed: 0.04 s - in de.retest.recheck.persistence.xml.XmlTransformerTest
[INFO] Running de.retest.recheck.persistence.xml.XmlZipPersistenceTest
13:57:15.963 [ForkJoinPool-1-worker-115] DEBUG de.retest.recheck.persistence.xml.XmlZipPersistence - XML saved, now saving screenshots...
13:57:15.963 [ForkJoinPool-1-worker-115] DEBUG de.retest.recheck.persistence.xml.XmlZipPersistence - Save to 'file:/tmp/junit14495677596093542443/' completed.
13:57:15.981 [ForkJoinPool-1-worker-115] DEBUG de.retest.recheck.persistence.xml.XmlZipPersistence - XML loaded from file 'file:/home/gabsko/breaking-updates/target/test-classes/persistence/simple_zip_persisted.zip', now loading screenshots.
[WARNING] Tests run: 4, Failures: 0, Errors: 0, Skipped: 1, Time elapsed: 0.038 s - in de.retest.recheck.persistence.xml.XmlZipPersistenceTest
[INFO] Running de.retest.recheck.persistence.xml.util.LazyScreenshotZipPersistenceTest
13:57:15.992 [ForkJoinPool-1-worker-115] DEBUG de.retest.recheck.persistence.xml.util.LazyScreenshotZipPersistence - Image already persisted (duplicate): testimage1
13:57:15.998 [ForkJoinPool-1-worker-115] WARN de.retest.recheck.persistence.xml.util.LazyScreenshotZipPersistence - Could not load screenshot 'screenshot/testimage1.png' from /tmp/junit13345489077792342678/tmptestzip.
[INFO] Tests run: 9, Failures: 0, Errors: 0, Skipped: 0, Time elapsed: 0.014 s - in de.retest.recheck.persistence.xml.util.LazyScreenshotZipPersistenceTest
[INFO] Running de.retest.recheck.persistence.xml.util.ScreenshotFolderPersistenceTest
13:57:16.002 [ForkJoinPool-1-worker-115] WARN de.retest.recheck.util.FileUtil - Error reading from file '/tmp/junit6935294892751021979/screenshot/emptyimage.png', ignoring: /tmp/junit6935294892751021979/screenshot/emptyimage.png (No such file or directory)
[INFO] Tests run: 9, Failures: 0, Errors: 0, Skipped: 0, Time elapsed: 0.006 s - in de.retest.recheck.persistence.xml.util.ScreenshotFolderPersistenceTest
[INFO] Running de.retest.recheck.persistence.GitExecutorTest
13:57:16.005 [ForkJoinPool-1-worker-115] DEBUG de.retest.recheck.persistence.GitExecutor - Looks like git is not used
13:57:16.006 [ForkJoinPool-1-worker-115] DEBUG de.retest.recheck.persistence.GitExecutor - Looks like git is used
13:57:16.006 [ForkJoinPool-1-worker-115] DEBUG de.retest.recheck.persistence.GitExecutor - Looks like git is not used
13:57:16.006 [ForkJoinPool-1-worker-115] DEBUG de.retest.recheck.persistence.GitExecutor - Looks like git is used
13:57:16.006 [ForkJoinPool-1-worker-115] DEBUG de.retest.recheck.persistence.GitExecutor - Looks like git is not used
[INFO] Tests run: 5, Failures: 0, Errors: 0, Skipped: 0, Time elapsed: 0.001 s - in de.retest.recheck.persistence.GitExecutorTest
[INFO] Running de.retest.recheck.persistence.MavenConformFileNamerTest
[INFO] Tests run: 1, Failures: 0, Errors: 0, Skipped: 0, Time elapsed: 0 s - in de.retest.recheck.persistence.MavenConformFileNamerTest
[INFO] Running de.retest.recheck.persistence.MavenProjectLayoutTest
[INFO] Tests run: 1, Failures: 0, Errors: 0, Skipped: 0, Time elapsed: 0.001 s - in de.retest.recheck.persistence.MavenProjectLayoutTest
[INFO] Running de.retest.recheck.persistence.GradleProjectLayoutTest
[INFO] Tests run: 6, Failures: 0, Errors: 0, Skipped: 0, Time elapsed: 0.001 s - in de.retest.recheck.persistence.GradleProjectLayoutTest
[INFO] Running de.retest.recheck.NoGoldenMasterActionReplayResultTest
13:57:16.011 [ForkJoinPool-1-worker-115] DEBUG de.retest.recheck.ui.diff.RootElementDifferenceFinder - Finding differences for window took 0ms.
[INFO] Tests run: 1, Failures: 0, Errors: 0, Skipped: 0, Time elapsed: 0.001 s - in de.retest.recheck.NoGoldenMasterActionReplayResultTest
[INFO] Running de.retest.util.XsdRegressionTest
[INFO] Tests run: 24, Failures: 0, Errors: 0, Skipped: 0, Time elapsed: 0.141 s - in de.retest.util.XsdRegressionTest
[INFO] Running DefaultRecheckIgnoreJsTest
[INFO] Tests run: 1, Failures: 0, Errors: 0, Skipped: 0, Time elapsed: 0.004 s - in DefaultRecheckIgnoreJsTest
[INFO] 
[INFO] Results:
[INFO] 
[WARNING] Tests run: 756, Failures: 0, Errors: 0, Skipped: 3
[INFO] 
[INFO] ------------------------------------------------------------------------
[INFO] BUILD SUCCESS
[INFO] ------------------------------------------------------------------------
[INFO] Total time:  13.591 s
[INFO] Finished at: 2023-02-07T13:57:16Z
[INFO] ------------------------------------------------------------------------
