[INFO] Scanning for projects...
[INFO] 
[INFO] ----------< net.nicoulaj.maven.plugins:checksum-maven-plugin >----------
[INFO] Building checksum-maven-plugin 1.12-SNAPSHOT
[INFO] ----------------------------[ maven-plugin ]----------------------------
[INFO] 
[INFO] --- maven-clean-plugin:3.1.0:clean (default-clean) @ checksum-maven-plugin ---
[INFO] Deleting /home/gabsko/breaking-updates/target
[INFO] 
[INFO] --- maven-enforcer-plugin:3.0.0:enforce (enforce-maven-version) @ checksum-maven-plugin ---
[INFO] 
[INFO] --- jacoco-maven-plugin:0.8.7:prepare-agent (setup-coverage-unit-tests) @ checksum-maven-plugin ---
[INFO] argLine set to -javaagent:/home/gabsko/.m2/repository/org/jacoco/org.jacoco.agent/0.8.7/org.jacoco.agent-0.8.7-runtime.jar=destfile=/home/gabsko/breaking-updates/target/jacoco.exec,excludes=**/HelpMojo.class
[INFO] 
[INFO] --- maven-plugin-plugin:3.6.2:helpmojo (generated-helpmojo) @ checksum-maven-plugin ---
[INFO] Using 'UTF-8' encoding to read mojo source files.
[INFO] java-javadoc mojo extractor found 0 mojo descriptor.
[INFO] bsh mojo extractor found 0 mojo descriptor.
[INFO] ant mojo extractor found 0 mojo descriptor.
[INFO] java-annotations mojo extractor found 0 mojo descriptor.
[INFO] 
[INFO] --- maven-resources-plugin:3.2.0:resources (default-resources) @ checksum-maven-plugin ---
[INFO] Using 'UTF-8' encoding to copy filtered resources.
[INFO] Using 'UTF-8' encoding to copy filtered properties files.
[INFO] skip non existing resourceDirectory /home/gabsko/breaking-updates/src/main/resources
[INFO] 
[INFO] --- maven-compiler-plugin:3.8.1:compile (default-compile) @ checksum-maven-plugin ---
[INFO] Changes detected - recompiling the module!
[INFO] Compiling 37 source files to /home/gabsko/breaking-updates/target/classes
[INFO] /home/gabsko/breaking-updates/src/main/java/net/nicoulaj/maven/plugins/checksum/mojo/FilesMojo.java: /home/gabsko/breaking-updates/src/main/java/net/nicoulaj/maven/plugins/checksum/mojo/FilesMojo.java uses or overrides a deprecated API.
[INFO] /home/gabsko/breaking-updates/src/main/java/net/nicoulaj/maven/plugins/checksum/mojo/FilesMojo.java: Recompile with -Xlint:deprecation for details.
[INFO] 
[INFO] --- maven-plugin-plugin:3.6.2:descriptor (default-descriptor) @ checksum-maven-plugin ---
[INFO] Using 'UTF-8' encoding to read mojo source files.
[INFO] java-javadoc mojo extractor found 0 mojo descriptor.
[INFO] bsh mojo extractor found 0 mojo descriptor.
[INFO] ant mojo extractor found 0 mojo descriptor.
[INFO] java-annotations mojo extractor found 6 mojo descriptors.
[INFO] 
[INFO] --- maven-plugin-plugin:3.6.2:descriptor (mojo-descriptor) @ checksum-maven-plugin ---
[INFO] Using 'UTF-8' encoding to read mojo source files.
[INFO] java-javadoc mojo extractor found 0 mojo descriptor.
[INFO] bsh mojo extractor found 0 mojo descriptor.
[INFO] ant mojo extractor found 0 mojo descriptor.
[INFO] java-annotations mojo extractor found 6 mojo descriptors.
[INFO] 
[INFO] --- maven-resources-plugin:3.2.0:testResources (default-testResources) @ checksum-maven-plugin ---
[INFO] Using 'UTF-8' encoding to copy filtered resources.
[INFO] Using 'UTF-8' encoding to copy filtered properties files.
[INFO] Copying 100 resources
[INFO] 
[INFO] --- maven-compiler-plugin:3.8.1:testCompile (default-testCompile) @ checksum-maven-plugin ---
[INFO] Changes detected - recompiling the module!
[INFO] Compiling 16 source files to /home/gabsko/breaking-updates/target/test-classes
[INFO] /home/gabsko/breaking-updates/src/test/java/net/nicoulaj/maven/plugins/checksum/test/unit/digest/ChecksumFactoryTest.java: Some input files use or override a deprecated API.
[INFO] /home/gabsko/breaking-updates/src/test/java/net/nicoulaj/maven/plugins/checksum/test/unit/digest/ChecksumFactoryTest.java: Recompile with -Xlint:deprecation for details.
[INFO] 
[INFO] --- animal-sniffer-maven-plugin:1.20:check (default) @ checksum-maven-plugin ---
[INFO] Checking unresolved references to org.codehaus.mojo.signature:java18:1.0
[INFO] 
[INFO] --- maven-surefire-plugin:3.0.0-M5:test (default-test) @ checksum-maven-plugin ---
[INFO] 
[INFO] -------------------------------------------------------
[INFO]  T E S T S
[INFO] -------------------------------------------------------
[INFO] Running net.nicoulaj.maven.plugins.checksum.test.unit.execution.target.MavenLogTargetTest
[info] test-file - MD5 : hash
[INFO] Tests run: 1, Failures: 0, Errors: 0, Skipped: 0, Time elapsed: 0.06 s - in net.nicoulaj.maven.plugins.checksum.test.unit.execution.target.MavenLogTargetTest
[INFO] Running net.nicoulaj.maven.plugins.checksum.test.unit.execution.target.OneHashPerFileTargetTest
[INFO] Tests run: 1, Failures: 0, Errors: 0, Skipped: 0, Time elapsed: 0.156 s - in net.nicoulaj.maven.plugins.checksum.test.unit.execution.target.OneHashPerFileTargetTest
[INFO] Running net.nicoulaj.maven.plugins.checksum.test.unit.execution.target.ExecutionTargetsTest
[INFO] Tests run: 3, Failures: 0, Errors: 0, Skipped: 0, Time elapsed: 0.011 s - in net.nicoulaj.maven.plugins.checksum.test.unit.execution.target.ExecutionTargetsTest
[INFO] Running net.nicoulaj.maven.plugins.checksum.test.unit.digest.ChecksumFactoryDigestersTest
[INFO] Tests run: 147, Failures: 0, Errors: 0, Skipped: 0, Time elapsed: 0.307 s - in net.nicoulaj.maven.plugins.checksum.test.unit.digest.ChecksumFactoryDigestersTest
[INFO] Running net.nicoulaj.maven.plugins.checksum.test.unit.digest.ChecksumFactoryTest
[INFO] Tests run: 1, Failures: 0, Errors: 0, Skipped: 0, Time elapsed: 0 s - in net.nicoulaj.maven.plugins.checksum.test.unit.digest.ChecksumFactoryTest
[INFO] Running net.nicoulaj.maven.plugins.checksum.test.unit.digest.DigestersTest
[INFO] Tests run: 196, Failures: 0, Errors: 0, Skipped: 0, Time elapsed: 0.101 s - in net.nicoulaj.maven.plugins.checksum.test.unit.digest.DigestersTest
[INFO] Running net.nicoulaj.maven.plugins.checksum.test.unit.digest.CksumFileDigesterTest
[INFO] Tests run: 1, Failures: 0, Errors: 0, Skipped: 0, Time elapsed: 0 s - in net.nicoulaj.maven.plugins.checksum.test.unit.digest.CksumFileDigesterTest
[INFO] 
[INFO] Results:
[INFO] 
[INFO] Tests run: 350, Failures: 0, Errors: 0, Skipped: 0
[INFO] 
[INFO] ------------------------------------------------------------------------
[INFO] BUILD SUCCESS
[INFO] ------------------------------------------------------------------------
[INFO] Total time:  5.462 s
[INFO] Finished at: 2023-02-07T11:07:50Z
[INFO] ------------------------------------------------------------------------
