[INFO] Scanning for projects...
[INFO] ------------------------------------------------------------------------
[INFO] Reactor Build Order:
[INFO] 
[INFO] Commons RDF                                                        [pom]
[INFO] Commons RDF API                                                    [jar]
[INFO] Commons RDF impl: Simple                                           [jar]
[INFO] Commons RDF impl: RDF4j                                            [jar]
[INFO] Commons RDF impl: Jena                                             [jar]
[INFO] Commons RDF impl: JSON-LD Java                                     [jar]
[INFO] Commons RDF Integration tests                                      [jar]
[INFO] 
[INFO] ---------------< org.apache.commons:commons-rdf-parent >----------------
[INFO] Building Commons RDF 0.6.0-SNAPSHOT                                [1/7]
[INFO] --------------------------------[ pom ]---------------------------------
[INFO] 
[INFO] --- maven-clean-plugin:3.1.0:clean (default-clean) @ commons-rdf-parent ---
[INFO] Deleting /home/gabsko/breaking-updates/target
[INFO] 
[INFO] --- maven-enforcer-plugin:3.0.0-M3:enforce (enforce-maven-version) @ commons-rdf-parent ---
[INFO] 
[INFO] --- maven-enforcer-plugin:3.0.0-M3:enforce (enforce-maven-3) @ commons-rdf-parent ---
[INFO] 
[INFO] --- apache-rat-plugin:0.13:check (rat-check) @ commons-rdf-parent ---
[INFO] Enabled default license matchers.
[INFO] Will parse SCM ignores for exclusions...
[INFO] Parsing exclusions from /home/gabsko/breaking-updates/.gitignore
[INFO] Finished adding exclusions from SCM ignore files.
[INFO] 80 implicit excludes (use -debug for more details).
[INFO] 16 explicit excludes (use -debug for more details).
[INFO] 39 resources included (use -debug for more details)
[INFO] Rat check: Summary over all files. Unapproved: 0, unknown: 0, generated: 0, approved: 32 licenses.
[INFO] 
[INFO] --- build-helper-maven-plugin:3.2.0:parse-version (parse-version) @ commons-rdf-parent ---
[INFO] 
[INFO] --- maven-antrun-plugin:1.8:run (javadoc.resources) @ commons-rdf-parent ---
[INFO] Executing tasks

main:
     [copy] Copying 2 files to /home/gabsko/breaking-updates/target/apidocs/META-INF
[INFO] Executed tasks
[INFO] 
[INFO] --- maven-remote-resources-plugin:1.7.0:process (process-resource-bundles) @ commons-rdf-parent ---
[INFO] Skipping remote resources execution.
[INFO] 
[INFO] --- buildnumber-maven-plugin:1.4:create (default) @ commons-rdf-parent ---
[INFO] Executing: /bin/sh -c cd '/home/gabsko/breaking-updates' && 'git' 'rev-parse' '--verify' 'HEAD'
[INFO] Working directory: /home/gabsko/breaking-updates
[INFO] Storing buildNumber: 67b0aee15afc17502ce2e695ec1b6ec45566d1eb at timestamp: 1675545965444
[INFO] Storing buildScmBranch: branch-apache/commons-rdf-67b0aee15afc17502ce2e695ec1b6ec45566d1eb
[INFO] 
[INFO] --- maven-bundle-plugin:5.1.1:manifest (bundle-manifest) @ commons-rdf-parent ---
[WARNING] Ignoring project type pom - supportedProjectTypes = [jar, bundle]
[INFO] 
[INFO] --- animal-sniffer-maven-plugin:1.19:check (checkAPIcompatibility) @ commons-rdf-parent ---
[INFO] Checking unresolved references to org.codehaus.mojo.signature:java18:1.0
[INFO] 
[INFO] --- jacoco-maven-plugin:0.8.8:prepare-agent (prepare-agent) @ commons-rdf-parent ---
[INFO] argLine set to -javaagent:/home/gabsko/.m2/repository/org/jacoco/org.jacoco.agent/0.8.8/org.jacoco.agent-0.8.8-runtime.jar=destfile=/home/gabsko/breaking-updates/target/jacoco.exec
[INFO] 
[INFO] -----------------< org.apache.commons:commons-rdf-api >-----------------
[INFO] Building Commons RDF API 0.6.0-SNAPSHOT                            [2/7]
[INFO] --------------------------------[ jar ]---------------------------------
[INFO] 
[INFO] --- maven-clean-plugin:3.1.0:clean (default-clean) @ commons-rdf-api ---
[INFO] Deleting /home/gabsko/breaking-updates/commons-rdf-api/target
[INFO] 
[INFO] --- maven-enforcer-plugin:3.0.0-M3:enforce (enforce-maven-version) @ commons-rdf-api ---
[INFO] 
[INFO] --- maven-enforcer-plugin:3.0.0-M3:enforce (enforce-maven-3) @ commons-rdf-api ---
[INFO] 
[INFO] --- apache-rat-plugin:0.13:check (rat-check) @ commons-rdf-api ---
[INFO] Enabled default license matchers.
[INFO] Will parse SCM ignores for exclusions...
[INFO] Finished adding exclusions from SCM ignore files.
[INFO] 62 implicit excludes (use -debug for more details).
[INFO] 16 explicit excludes (use -debug for more details).
[INFO] 49 resources included (use -debug for more details)
[INFO] Rat check: Summary over all files. Unapproved: 0, unknown: 0, generated: 0, approved: 45 licenses.
[INFO] 
[INFO] --- build-helper-maven-plugin:3.2.0:parse-version (parse-version) @ commons-rdf-api ---
[INFO] 
[INFO] --- maven-antrun-plugin:1.8:run (javadoc.resources) @ commons-rdf-api ---
[INFO] Executing tasks

main:
[INFO] Executed tasks
[INFO] 
[INFO] --- maven-remote-resources-plugin:1.7.0:process (process-resource-bundles) @ commons-rdf-api ---
[INFO] Skipping remote resources execution.
[INFO] 
[INFO] --- buildnumber-maven-plugin:1.4:create (default) @ commons-rdf-api ---
[INFO] Executing: /bin/sh -c cd '/home/gabsko/breaking-updates/commons-rdf-api' && 'git' 'rev-parse' '--verify' 'HEAD'
[INFO] Working directory: /home/gabsko/breaking-updates/commons-rdf-api
[INFO] Storing buildNumber: 67b0aee15afc17502ce2e695ec1b6ec45566d1eb at timestamp: 1675545966297
[INFO] Storing buildScmBranch: branch-apache/commons-rdf-67b0aee15afc17502ce2e695ec1b6ec45566d1eb
[INFO] 
[INFO] --- maven-resources-plugin:3.1.0:resources (default-resources) @ commons-rdf-api ---
[INFO] Using 'UTF-8' encoding to copy filtered resources.
[INFO] Copying 2 resources
[INFO] Copying 0 resource to META-INF
[INFO] 
[INFO] --- maven-compiler-plugin:3.8.1:compile (default-compile) @ commons-rdf-api ---
[INFO] Changes detected - recompiling the module!
[INFO] Compiling 19 source files to /home/gabsko/breaking-updates/commons-rdf-api/target/classes
[INFO] 
[INFO] --- maven-bundle-plugin:5.1.1:manifest (bundle-manifest) @ commons-rdf-api ---
[INFO] 
[INFO] --- maven-resources-plugin:3.1.0:testResources (default-testResources) @ commons-rdf-api ---
[INFO] Using 'UTF-8' encoding to copy filtered resources.
[INFO] Copying 8 resources
[INFO] Copying 0 resource to META-INF
[INFO] 
[INFO] --- maven-compiler-plugin:3.8.1:testCompile (default-testCompile) @ commons-rdf-api ---
[INFO] Changes detected - recompiling the module!
[INFO] Compiling 19 source files to /home/gabsko/breaking-updates/commons-rdf-api/target/test-classes
[INFO] 
[INFO] --- animal-sniffer-maven-plugin:1.19:check (checkAPIcompatibility) @ commons-rdf-api ---
[INFO] Checking unresolved references to org.codehaus.mojo.signature:java18:1.0
[INFO] 
[INFO] --- jacoco-maven-plugin:0.8.8:prepare-agent (prepare-agent) @ commons-rdf-api ---
[INFO] argLine set to -javaagent:/home/gabsko/.m2/repository/org/jacoco/org.jacoco.agent/0.8.8/org.jacoco.agent-0.8.8-runtime.jar=destfile=/home/gabsko/breaking-updates/commons-rdf-api/target/jacoco.exec
[INFO] 
[INFO] --- maven-surefire-plugin:2.22.2:test (default-test) @ commons-rdf-api ---
[INFO] 
[INFO] -------------------------------------------------------
[INFO]  T E S T S
[INFO] -------------------------------------------------------
[INFO] Running org.apache.commons.rdf.api.RDFSyntaxTest
[INFO] Tests run: 14, Failures: 0, Errors: 0, Skipped: 0, Time elapsed: 0.058 s - in org.apache.commons.rdf.api.RDFSyntaxTest
[INFO] Running org.apache.commons.rdf.api.DummyTripleTest
[INFO] Tests run: 5, Failures: 0, Errors: 0, Skipped: 0, Time elapsed: 0 s - in org.apache.commons.rdf.api.DummyTripleTest
[INFO] Running org.apache.commons.rdf.api.DummyQuadTest
[INFO] Tests run: 6, Failures: 0, Errors: 0, Skipped: 0, Time elapsed: 0.001 s - in org.apache.commons.rdf.api.DummyQuadTest
[INFO] Running org.apache.commons.rdf.api.DefaultQuadTest
[INFO] Tests run: 1, Failures: 0, Errors: 0, Skipped: 0, Time elapsed: 0 s - in org.apache.commons.rdf.api.DefaultQuadTest
[INFO] Running org.apache.commons.rdf.api.DummyDatasetTest
[INFO] Tests run: 14, Failures: 0, Errors: 0, Skipped: 0, Time elapsed: 0.004 s - in org.apache.commons.rdf.api.DummyDatasetTest
[INFO] Running org.apache.commons.rdf.api.DummyGraphTest
[INFO] Tests run: 10, Failures: 0, Errors: 0, Skipped: 0, Time elapsed: 0.003 s - in org.apache.commons.rdf.api.DummyGraphTest
[INFO] Running org.apache.commons.rdf.api.DummyIRITest
[INFO] Tests run: 6, Failures: 0, Errors: 0, Skipped: 0, Time elapsed: 0.001 s - in org.apache.commons.rdf.api.DummyIRITest
[INFO] Running org.apache.commons.rdf.api.DefaultGraphTest
[INFO] Tests run: 5, Failures: 0, Errors: 0, Skipped: 0, Time elapsed: 0.002 s - in org.apache.commons.rdf.api.DefaultGraphTest
[INFO] Running org.apache.commons.rdf.api.DefaultRDFTermFactoryTest
[INFO] Tests run: 8, Failures: 0, Errors: 0, Skipped: 0, Time elapsed: 0.002 s - in org.apache.commons.rdf.api.DefaultRDFTermFactoryTest
[INFO] Running org.apache.commons.rdf.api.DefaultDatasetTest
[INFO] Tests run: 3, Failures: 0, Errors: 0, Skipped: 0, Time elapsed: 0.001 s - in org.apache.commons.rdf.api.DefaultDatasetTest
[INFO] 
[INFO] Results:
[INFO] 
[INFO] Tests run: 72, Failures: 0, Errors: 0, Skipped: 0
[INFO] 
[INFO] 
[INFO] ---------------< org.apache.commons:commons-rdf-simple >----------------
[INFO] Building Commons RDF impl: Simple 0.6.0-SNAPSHOT                   [3/7]
[INFO] --------------------------------[ jar ]---------------------------------
[INFO] 
[INFO] --- maven-clean-plugin:3.1.0:clean (default-clean) @ commons-rdf-simple ---
[INFO] Deleting /home/gabsko/breaking-updates/commons-rdf-simple/target
[INFO] 
[INFO] --- maven-enforcer-plugin:3.0.0-M3:enforce (enforce-maven-version) @ commons-rdf-simple ---
[INFO] 
[INFO] --- maven-enforcer-plugin:3.0.0-M3:enforce (enforce-maven-3) @ commons-rdf-simple ---
[INFO] 
[INFO] --- apache-rat-plugin:0.13:check (rat-check) @ commons-rdf-simple ---
[INFO] Enabled default license matchers.
[INFO] Will parse SCM ignores for exclusions...
[INFO] Finished adding exclusions from SCM ignore files.
[INFO] 62 implicit excludes (use -debug for more details).
[INFO] 16 explicit excludes (use -debug for more details).
[INFO] 29 resources included (use -debug for more details)
[INFO] Rat check: Summary over all files. Unapproved: 0, unknown: 0, generated: 0, approved: 25 licenses.
[INFO] 
[INFO] --- build-helper-maven-plugin:3.2.0:parse-version (parse-version) @ commons-rdf-simple ---
[INFO] 
[INFO] --- maven-antrun-plugin:1.8:run (javadoc.resources) @ commons-rdf-simple ---
[INFO] Executing tasks

main:
[INFO] Executed tasks
[INFO] 
[INFO] --- maven-remote-resources-plugin:1.7.0:process (process-resource-bundles) @ commons-rdf-simple ---
[INFO] Skipping remote resources execution.
[INFO] 
[INFO] --- buildnumber-maven-plugin:1.4:create (default) @ commons-rdf-simple ---
[INFO] Executing: /bin/sh -c cd '/home/gabsko/breaking-updates/commons-rdf-simple' && 'git' 'rev-parse' '--verify' 'HEAD'
[INFO] Working directory: /home/gabsko/breaking-updates/commons-rdf-simple
[INFO] Storing buildNumber: 67b0aee15afc17502ce2e695ec1b6ec45566d1eb at timestamp: 1675545969387
[INFO] Storing buildScmBranch: branch-apache/commons-rdf-67b0aee15afc17502ce2e695ec1b6ec45566d1eb
[INFO] 
[INFO] --- maven-resources-plugin:3.1.0:resources (default-resources) @ commons-rdf-simple ---
[INFO] Using 'UTF-8' encoding to copy filtered resources.
[INFO] Copying 4 resources
[INFO] Copying 0 resource to META-INF
[INFO] 
[INFO] --- maven-compiler-plugin:3.8.1:compile (default-compile) @ commons-rdf-simple ---
[INFO] Changes detected - recompiling the module!
[INFO] Compiling 15 source files to /home/gabsko/breaking-updates/commons-rdf-simple/target/classes
[INFO] /home/gabsko/breaking-updates/commons-rdf-simple/src/main/java/org/apache/commons/rdf/simple/SimpleRDFTermFactory.java: /home/gabsko/breaking-updates/commons-rdf-simple/src/main/java/org/apache/commons/rdf/simple/SimpleRDFTermFactory.java uses or overrides a deprecated API.
[INFO] /home/gabsko/breaking-updates/commons-rdf-simple/src/main/java/org/apache/commons/rdf/simple/SimpleRDFTermFactory.java: Recompile with -Xlint:deprecation for details.
[INFO] 
[INFO] --- maven-bundle-plugin:5.1.1:manifest (bundle-manifest) @ commons-rdf-simple ---
[INFO] 
[INFO] --- maven-resources-plugin:3.1.0:testResources (default-testResources) @ commons-rdf-simple ---
[INFO] Using 'UTF-8' encoding to copy filtered resources.
[INFO] Copying 2 resources
[INFO] Copying 0 resource to META-INF
[INFO] 
[INFO] --- maven-compiler-plugin:3.8.1:testCompile (default-testCompile) @ commons-rdf-simple ---
[INFO] Changes detected - recompiling the module!
[INFO] Compiling 9 source files to /home/gabsko/breaking-updates/commons-rdf-simple/target/test-classes
[INFO] /home/gabsko/breaking-updates/commons-rdf-simple/src/test/java/org/apache/commons/rdf/simple/experimental/AbstractRDFParserTest.java: /home/gabsko/breaking-updates/commons-rdf-simple/src/test/java/org/apache/commons/rdf/simple/experimental/AbstractRDFParserTest.java uses or overrides a deprecated API.
[INFO] /home/gabsko/breaking-updates/commons-rdf-simple/src/test/java/org/apache/commons/rdf/simple/experimental/AbstractRDFParserTest.java: Recompile with -Xlint:deprecation for details.
[INFO] 
[INFO] --- animal-sniffer-maven-plugin:1.19:check (checkAPIcompatibility) @ commons-rdf-simple ---
[INFO] Checking unresolved references to org.codehaus.mojo.signature:java18:1.0
[INFO] 
[INFO] --- jacoco-maven-plugin:0.8.8:prepare-agent (prepare-agent) @ commons-rdf-simple ---
[INFO] argLine set to -javaagent:/home/gabsko/.m2/repository/org/jacoco/org.jacoco.agent/0.8.8/org.jacoco.agent-0.8.8-runtime.jar=destfile=/home/gabsko/breaking-updates/commons-rdf-simple/target/jacoco.exec
[INFO] 
[INFO] --- maven-surefire-plugin:2.22.2:test (default-test) @ commons-rdf-simple ---
[INFO] 
[INFO] -------------------------------------------------------
[INFO]  T E S T S
[INFO] -------------------------------------------------------
[INFO] Running org.apache.commons.rdf.simple.SimpleGraphTest
[INFO] Tests run: 15, Failures: 0, Errors: 0, Skipped: 0, Time elapsed: 0.117 s - in org.apache.commons.rdf.simple.SimpleGraphTest
[INFO] Running org.apache.commons.rdf.simple.experimental.AbstractRDFParserTest
[INFO] Tests run: 12, Failures: 0, Errors: 0, Skipped: 0, Time elapsed: 0.049 s - in org.apache.commons.rdf.simple.experimental.AbstractRDFParserTest
[INFO] Running org.apache.commons.rdf.simple.SimpleServiceLoaderTest
[INFO] Tests run: 1, Failures: 0, Errors: 0, Skipped: 0, Time elapsed: 0.003 s - in org.apache.commons.rdf.simple.SimpleServiceLoaderTest
[INFO] Running org.apache.commons.rdf.simple.BlankNodeImplTest
[INFO] Tests run: 4, Failures: 0, Errors: 0, Skipped: 0, Time elapsed: 0.005 s - in org.apache.commons.rdf.simple.BlankNodeImplTest
[INFO] Running org.apache.commons.rdf.simple.SimpleRDFTest
[INFO] Tests run: 26, Failures: 0, Errors: 0, Skipped: 0, Time elapsed: 0.013 s - in org.apache.commons.rdf.simple.SimpleRDFTest
[INFO] Running org.apache.commons.rdf.simple.TestWritingGraph
[INFO] Tests run: 5, Failures: 0, Errors: 0, Skipped: 0, Time elapsed: 1.021 s - in org.apache.commons.rdf.simple.TestWritingGraph
[INFO] Running org.apache.commons.rdf.simple.SimpleDatasetTest
[INFO] Tests run: 22, Failures: 0, Errors: 0, Skipped: 0, Time elapsed: 0.042 s - in org.apache.commons.rdf.simple.SimpleDatasetTest
[INFO] Running org.apache.commons.rdf.simple.TypesTest
[INFO] Tests run: 3, Failures: 0, Errors: 0, Skipped: 0, Time elapsed: 0 s - in org.apache.commons.rdf.simple.TypesTest
[INFO] 
[INFO] Results:
[INFO] 
[INFO] Tests run: 88, Failures: 0, Errors: 0, Skipped: 0
[INFO] 
[INFO] 
[INFO] ----------------< org.apache.commons:commons-rdf-rdf4j >----------------
[INFO] Building Commons RDF impl: RDF4j 0.6.0-SNAPSHOT                    [4/7]
[INFO] --------------------------------[ jar ]---------------------------------
[INFO] 
[INFO] --- maven-clean-plugin:3.1.0:clean (default-clean) @ commons-rdf-rdf4j ---
[INFO] Deleting /home/gabsko/breaking-updates/commons-rdf-rdf4j/target
[INFO] 
[INFO] --- maven-enforcer-plugin:3.0.0-M3:enforce (enforce-maven-version) @ commons-rdf-rdf4j ---
[INFO] 
[INFO] --- maven-enforcer-plugin:3.0.0-M3:enforce (enforce-maven-3) @ commons-rdf-rdf4j ---
[INFO] 
[INFO] --- apache-rat-plugin:0.13:check (rat-check) @ commons-rdf-rdf4j ---
[INFO] Enabled default license matchers.
[INFO] Will parse SCM ignores for exclusions...
[INFO] Finished adding exclusions from SCM ignore files.
[INFO] 62 implicit excludes (use -debug for more details).
[INFO] 16 explicit excludes (use -debug for more details).
[INFO] 43 resources included (use -debug for more details)
[INFO] Rat check: Summary over all files. Unapproved: 0, unknown: 0, generated: 0, approved: 39 licenses.
[INFO] 
[INFO] --- build-helper-maven-plugin:3.2.0:parse-version (parse-version) @ commons-rdf-rdf4j ---
[INFO] 
[INFO] --- maven-antrun-plugin:1.8:run (javadoc.resources) @ commons-rdf-rdf4j ---
[INFO] Executing tasks

main:
[INFO] Executed tasks
[INFO] 
[INFO] --- maven-remote-resources-plugin:1.7.0:process (process-resource-bundles) @ commons-rdf-rdf4j ---
[INFO] Skipping remote resources execution.
[INFO] 
[INFO] --- buildnumber-maven-plugin:1.4:create (default) @ commons-rdf-rdf4j ---
[INFO] Executing: /bin/sh -c cd '/home/gabsko/breaking-updates/commons-rdf-rdf4j' && 'git' 'rev-parse' '--verify' 'HEAD'
[INFO] Working directory: /home/gabsko/breaking-updates/commons-rdf-rdf4j
[INFO] Storing buildNumber: 67b0aee15afc17502ce2e695ec1b6ec45566d1eb at timestamp: 1675545972364
[INFO] Storing buildScmBranch: branch-apache/commons-rdf-67b0aee15afc17502ce2e695ec1b6ec45566d1eb
[INFO] 
[INFO] --- maven-resources-plugin:3.1.0:resources (default-resources) @ commons-rdf-rdf4j ---
[INFO] Using 'UTF-8' encoding to copy filtered resources.
[INFO] Copying 3 resources
[INFO] Copying 0 resource to META-INF
[INFO] 
[INFO] --- maven-compiler-plugin:3.8.1:compile (default-compile) @ commons-rdf-rdf4j ---
[INFO] Changes detected - recompiling the module!
[INFO] Compiling 28 source files to /home/gabsko/breaking-updates/commons-rdf-rdf4j/target/classes
[INFO] /home/gabsko/breaking-updates/commons-rdf-rdf4j/src/main/java/org/apache/commons/rdf/rdf4j/impl/LiteralImpl.java: Some input files use or override a deprecated API.
[INFO] /home/gabsko/breaking-updates/commons-rdf-rdf4j/src/main/java/org/apache/commons/rdf/rdf4j/impl/LiteralImpl.java: Recompile with -Xlint:deprecation for details.
[INFO] 
[INFO] --- maven-bundle-plugin:5.1.1:manifest (bundle-manifest) @ commons-rdf-rdf4j ---
[INFO] 
[INFO] --- maven-resources-plugin:3.1.0:testResources (default-testResources) @ commons-rdf-rdf4j ---
[INFO] Using 'UTF-8' encoding to copy filtered resources.
[INFO] Copying 2 resources
[INFO] Copying 0 resource to META-INF
[INFO] 
[INFO] --- maven-compiler-plugin:3.8.1:testCompile (default-testCompile) @ commons-rdf-rdf4j ---
[INFO] Changes detected - recompiling the module!
[INFO] Compiling 9 source files to /home/gabsko/breaking-updates/commons-rdf-rdf4j/target/test-classes
[INFO] /home/gabsko/breaking-updates/commons-rdf-rdf4j/src/test/java/org/apache/commons/rdf/rdf4j/MemoryGraphTest.java: Some input files use or override a deprecated API.
[INFO] /home/gabsko/breaking-updates/commons-rdf-rdf4j/src/test/java/org/apache/commons/rdf/rdf4j/MemoryGraphTest.java: Recompile with -Xlint:deprecation for details.
[INFO] 
[INFO] --- animal-sniffer-maven-plugin:1.19:check (checkAPIcompatibility) @ commons-rdf-rdf4j ---
[INFO] Checking unresolved references to org.codehaus.mojo.signature:java18:1.0
[INFO] 
[INFO] --- jacoco-maven-plugin:0.8.8:prepare-agent (prepare-agent) @ commons-rdf-rdf4j ---
[INFO] argLine set to -javaagent:/home/gabsko/.m2/repository/org/jacoco/org.jacoco.agent/0.8.8/org.jacoco.agent-0.8.8-runtime.jar=destfile=/home/gabsko/breaking-updates/commons-rdf-rdf4j/target/jacoco.exec
[INFO] 
[INFO] --- maven-surefire-plugin:2.22.2:test (default-test) @ commons-rdf-rdf4j ---
[INFO] 
[INFO] -------------------------------------------------------
[INFO]  T E S T S
[INFO] -------------------------------------------------------
[INFO] Running org.apache.commons.rdf.rdf4j.MemoryStoreRDFTest
[WARNING] Tests run: 26, Failures: 0, Errors: 0, Skipped: 1, Time elapsed: 0.293 s - in org.apache.commons.rdf.rdf4j.MemoryStoreRDFTest
[INFO] Running org.apache.commons.rdf.rdf4j.DatasetTest
[INFO] Tests run: 21, Failures: 0, Errors: 0, Skipped: 0, Time elapsed: 0.087 s - in org.apache.commons.rdf.rdf4j.DatasetTest
[INFO] Running org.apache.commons.rdf.rdf4j.BlankNodeTest
[INFO] Tests run: 4, Failures: 0, Errors: 0, Skipped: 0, Time elapsed: 0.001 s - in org.apache.commons.rdf.rdf4j.BlankNodeTest
[INFO] Running org.apache.commons.rdf.rdf4j.RDF4JServiceLoaderTest
[INFO] Tests run: 1, Failures: 0, Errors: 0, Skipped: 0, Time elapsed: 0 s - in org.apache.commons.rdf.rdf4j.RDF4JServiceLoaderTest
[INFO] Running org.apache.commons.rdf.rdf4j.RDF4JTest
[WARNING] Tests run: 26, Failures: 0, Errors: 0, Skipped: 1, Time elapsed: 0.011 s - in org.apache.commons.rdf.rdf4j.RDF4JTest
[INFO] Running org.apache.commons.rdf.rdf4j.GraphTest
[INFO] Tests run: 14, Failures: 0, Errors: 0, Skipped: 0, Time elapsed: 0.03 s - in org.apache.commons.rdf.rdf4j.GraphTest
[INFO] Running org.apache.commons.rdf.rdf4j.NativeStoreGraphTest
Shutting down rdf4j repository /tmp/junit18010675489750740132/junit3621319602084309264...OK
Shutting down rdf4j repository /tmp/junit16437413061105259450/junit16682256392993816820...OK
Shutting down rdf4j repository /tmp/junit8538532498127489750/junit5492397454080692943...OK
Shutting down rdf4j repository /tmp/junit7738797393799864701/junit942595744260896186...OK
Shutting down rdf4j repository /tmp/junit1220705026972802683/junit13369953559739817622...OK
Shutting down rdf4j repository /tmp/junit6059210867436990667/junit5105407071999370722...OK
Shutting down rdf4j repository /tmp/junit3304715385623042749/junit5603489683236465484...OK
Shutting down rdf4j repository /tmp/junit12661066524123439491/junit4476815466538336297...OK
Shutting down rdf4j repository /tmp/junit10988257795956506490/junit14650123614141279373...OK
Shutting down rdf4j repository /tmp/junit310111073043809780/junit15293164034763653986...OK
Shutting down rdf4j repository /tmp/junit13874753164387243500/junit15991222088689599088...OK
Shutting down rdf4j repository /tmp/junit7158432221155132410/junit18405074263317753826...OK
Shutting down rdf4j repository /tmp/junit10239481618328231124/junit14454850391601123892...OK
Shutting down rdf4j repository /tmp/junit1298262988292454484/junit4626168583315315117...OK
[INFO] Tests run: 14, Failures: 0, Errors: 0, Skipped: 0, Time elapsed: 1.695 s - in org.apache.commons.rdf.rdf4j.NativeStoreGraphTest
[INFO] Running org.apache.commons.rdf.rdf4j.MemoryGraphTest
[INFO] Tests run: 14, Failures: 0, Errors: 0, Skipped: 0, Time elapsed: 0.034 s - in org.apache.commons.rdf.rdf4j.MemoryGraphTest
[INFO] Running org.apache.commons.rdf.rdf4j.RDF4JMethodOverloadsTest
[INFO] Tests run: 1, Failures: 0, Errors: 0, Skipped: 0, Time elapsed: 0 s - in org.apache.commons.rdf.rdf4j.RDF4JMethodOverloadsTest
[INFO] 
[INFO] Results:
[INFO] 
[WARNING] Tests run: 121, Failures: 0, Errors: 0, Skipped: 2
[INFO] 
[INFO] 
[INFO] ----------------< org.apache.commons:commons-rdf-jena >-----------------
[INFO] Building Commons RDF impl: Jena 0.6.0-SNAPSHOT                     [5/7]
[INFO] --------------------------------[ jar ]---------------------------------
[INFO] 
[INFO] --- maven-clean-plugin:3.1.0:clean (default-clean) @ commons-rdf-jena ---
[INFO] Deleting /home/gabsko/breaking-updates/commons-rdf-jena/target
[INFO] 
[INFO] --- maven-enforcer-plugin:3.0.0-M3:enforce (enforce-maven-version) @ commons-rdf-jena ---
[INFO] 
[INFO] --- maven-enforcer-plugin:3.0.0-M3:enforce (enforce-maven-3) @ commons-rdf-jena ---
[INFO] 
[INFO] --- apache-rat-plugin:0.13:check (rat-check) @ commons-rdf-jena ---
[INFO] Enabled default license matchers.
[INFO] Will parse SCM ignores for exclusions...
[INFO] Finished adding exclusions from SCM ignore files.
[INFO] 62 implicit excludes (use -debug for more details).
[INFO] 16 explicit excludes (use -debug for more details).
[INFO] 44 resources included (use -debug for more details)
[INFO] Rat check: Summary over all files. Unapproved: 0, unknown: 0, generated: 0, approved: 40 licenses.
[INFO] 
[INFO] --- build-helper-maven-plugin:3.2.0:parse-version (parse-version) @ commons-rdf-jena ---
[INFO] 
[INFO] --- maven-antrun-plugin:1.8:run (javadoc.resources) @ commons-rdf-jena ---
[INFO] Executing tasks

main:
[INFO] Executed tasks
[INFO] 
[INFO] --- maven-remote-resources-plugin:1.7.0:process (process-resource-bundles) @ commons-rdf-jena ---
[INFO] Skipping remote resources execution.
[INFO] 
[INFO] --- buildnumber-maven-plugin:1.4:create (default) @ commons-rdf-jena ---
[INFO] Executing: /bin/sh -c cd '/home/gabsko/breaking-updates/commons-rdf-jena' && 'git' 'rev-parse' '--verify' 'HEAD'
[INFO] Working directory: /home/gabsko/breaking-updates/commons-rdf-jena
[INFO] Storing buildNumber: 67b0aee15afc17502ce2e695ec1b6ec45566d1eb at timestamp: 1675545976956
[INFO] Storing buildScmBranch: branch-apache/commons-rdf-67b0aee15afc17502ce2e695ec1b6ec45566d1eb
[INFO] 
[INFO] --- maven-resources-plugin:3.1.0:resources (default-resources) @ commons-rdf-jena ---
[INFO] Using 'UTF-8' encoding to copy filtered resources.
[INFO] Copying 3 resources
[INFO] Copying 0 resource to META-INF
[INFO] 
[INFO] --- maven-compiler-plugin:3.8.1:compile (default-compile) @ commons-rdf-jena ---
[INFO] Changes detected - recompiling the module!
[INFO] Compiling 28 source files to /home/gabsko/breaking-updates/commons-rdf-jena/target/classes
[INFO] 
[INFO] --- maven-bundle-plugin:5.1.1:manifest (bundle-manifest) @ commons-rdf-jena ---
[INFO] 
[INFO] --- maven-resources-plugin:3.1.0:testResources (default-testResources) @ commons-rdf-jena ---
[INFO] Using 'UTF-8' encoding to copy filtered resources.
[INFO] Copying 3 resources
[INFO] Copying 0 resource to META-INF
[INFO] 
[INFO] --- maven-compiler-plugin:3.8.1:testCompile (default-testCompile) @ commons-rdf-jena ---
[INFO] Changes detected - recompiling the module!
[INFO] Compiling 10 source files to /home/gabsko/breaking-updates/commons-rdf-jena/target/test-classes
[INFO] 
[INFO] --- animal-sniffer-maven-plugin:1.19:check (checkAPIcompatibility) @ commons-rdf-jena ---
[INFO] Checking unresolved references to org.codehaus.mojo.signature:java18:1.0
[INFO] 
[INFO] --- jacoco-maven-plugin:0.8.8:prepare-agent (prepare-agent) @ commons-rdf-jena ---
[INFO] argLine set to -javaagent:/home/gabsko/.m2/repository/org/jacoco/org.jacoco.agent/0.8.8/org.jacoco.agent-0.8.8-runtime.jar=destfile=/home/gabsko/breaking-updates/commons-rdf-jena/target/jacoco.exec
[INFO] 
[INFO] --- maven-surefire-plugin:2.22.2:test (default-test) @ commons-rdf-jena ---
[INFO] 
[INFO] -------------------------------------------------------
[INFO]  T E S T S
[INFO] -------------------------------------------------------
[INFO] Running org.apache.commons.rdf.jena.GeneralizedRDFQuadTest
[INFO] Tests run: 6, Failures: 0, Errors: 0, Skipped: 0, Time elapsed: 0.684 s - in org.apache.commons.rdf.jena.GeneralizedRDFQuadTest
[INFO] Running org.apache.commons.rdf.jena.GeneralizedRDFTripleTest
[INFO] Tests run: 4, Failures: 0, Errors: 0, Skipped: 0, Time elapsed: 0.005 s - in org.apache.commons.rdf.jena.GeneralizedRDFTripleTest
[INFO] Running org.apache.commons.rdf.jena.DefaultGraphInQuadTest
[INFO] Tests run: 8, Failures: 0, Errors: 0, Skipped: 0, Time elapsed: 0.009 s - in org.apache.commons.rdf.jena.DefaultGraphInQuadTest
[INFO] Running org.apache.commons.rdf.jena.JenaServiceLoaderTest
[INFO] Tests run: 1, Failures: 0, Errors: 0, Skipped: 0, Time elapsed: 0.002 s - in org.apache.commons.rdf.jena.JenaServiceLoaderTest
[INFO] Running org.apache.commons.rdf.jena.JenaRDFTest
[INFO] Tests run: 28, Failures: 0, Errors: 0, Skipped: 0, Time elapsed: 0.053 s - in org.apache.commons.rdf.jena.JenaRDFTest
[INFO] Running org.apache.commons.rdf.jena.TestBlankNodeJena
[INFO] Tests run: 4, Failures: 0, Errors: 0, Skipped: 0, Time elapsed: 0.003 s - in org.apache.commons.rdf.jena.TestBlankNodeJena
[INFO] Running org.apache.commons.rdf.jena.TestRDFParserBuilder
[INFO] Tests run: 1, Failures: 0, Errors: 0, Skipped: 0, Time elapsed: 0.06 s - in org.apache.commons.rdf.jena.TestRDFParserBuilder
[INFO] Running org.apache.commons.rdf.jena.TestGraphJena
[INFO] Tests run: 14, Failures: 0, Errors: 0, Skipped: 0, Time elapsed: 0.04 s - in org.apache.commons.rdf.jena.TestGraphJena
[INFO] Running org.apache.commons.rdf.jena.TestJenaGraphToCommonsRDFGraph
[INFO] Tests run: 1, Failures: 0, Errors: 0, Skipped: 0, Time elapsed: 0.006 s - in org.apache.commons.rdf.jena.TestJenaGraphToCommonsRDFGraph
[INFO] Running org.apache.commons.rdf.jena.DatasetJenaTest
[INFO] Tests run: 22, Failures: 0, Errors: 0, Skipped: 0, Time elapsed: 0.04 s - in org.apache.commons.rdf.jena.DatasetJenaTest
[INFO] 
[INFO] Results:
[INFO] 
[INFO] Tests run: 89, Failures: 0, Errors: 0, Skipped: 0
[INFO] 
[INFO] 
[INFO] -------------< org.apache.commons:commons-rdf-jsonld-java >-------------
[INFO] Building Commons RDF impl: JSON-LD Java 0.6.0-SNAPSHOT             [6/7]
[INFO] --------------------------------[ jar ]---------------------------------
[INFO] 
[INFO] --- maven-clean-plugin:3.1.0:clean (default-clean) @ commons-rdf-jsonld-java ---
[INFO] Deleting /home/gabsko/breaking-updates/commons-rdf-jsonld-java/target
[INFO] 
[INFO] --- maven-enforcer-plugin:3.0.0-M3:enforce (enforce-maven-version) @ commons-rdf-jsonld-java ---
[INFO] 
[INFO] --- maven-enforcer-plugin:3.0.0-M3:enforce (enforce-maven-3) @ commons-rdf-jsonld-java ---
[INFO] 
[INFO] --- apache-rat-plugin:0.13:check (rat-check) @ commons-rdf-jsonld-java ---
[INFO] Enabled default license matchers.
[INFO] Will parse SCM ignores for exclusions...
[INFO] Finished adding exclusions from SCM ignore files.
[INFO] 62 implicit excludes (use -debug for more details).
[INFO] 16 explicit excludes (use -debug for more details).
[INFO] 29 resources included (use -debug for more details)
[INFO] Rat check: Summary over all files. Unapproved: 0, unknown: 0, generated: 0, approved: 25 licenses.
[INFO] 
[INFO] --- build-helper-maven-plugin:3.2.0:parse-version (parse-version) @ commons-rdf-jsonld-java ---
[INFO] 
[INFO] --- maven-antrun-plugin:1.8:run (javadoc.resources) @ commons-rdf-jsonld-java ---
[INFO] Executing tasks

main:
[INFO] Executed tasks
[INFO] 
[INFO] --- maven-remote-resources-plugin:1.7.0:process (process-resource-bundles) @ commons-rdf-jsonld-java ---
[INFO] Skipping remote resources execution.
[INFO] 
[INFO] --- buildnumber-maven-plugin:1.4:create (default) @ commons-rdf-jsonld-java ---
[INFO] Executing: /bin/sh -c cd '/home/gabsko/breaking-updates/commons-rdf-jsonld-java' && 'git' 'rev-parse' '--verify' 'HEAD'
[INFO] Working directory: /home/gabsko/breaking-updates/commons-rdf-jsonld-java
[INFO] Storing buildNumber: 67b0aee15afc17502ce2e695ec1b6ec45566d1eb at timestamp: 1675545979975
[INFO] Storing buildScmBranch: branch-apache/commons-rdf-67b0aee15afc17502ce2e695ec1b6ec45566d1eb
[INFO] 
[INFO] --- maven-resources-plugin:3.1.0:resources (default-resources) @ commons-rdf-jsonld-java ---
[INFO] Using 'UTF-8' encoding to copy filtered resources.
[INFO] Copying 4 resources
[INFO] Copying 0 resource to META-INF
[INFO] 
[INFO] --- maven-compiler-plugin:3.8.1:compile (default-compile) @ commons-rdf-jsonld-java ---
[INFO] Changes detected - recompiling the module!
[INFO] Compiling 16 source files to /home/gabsko/breaking-updates/commons-rdf-jsonld-java/target/classes
[INFO] 
[INFO] --- maven-bundle-plugin:5.1.1:manifest (bundle-manifest) @ commons-rdf-jsonld-java ---
[INFO] 
[INFO] --- maven-resources-plugin:3.1.0:testResources (default-testResources) @ commons-rdf-jsonld-java ---
[INFO] Using 'UTF-8' encoding to copy filtered resources.
[INFO] Copying 2 resources
[INFO] Copying 0 resource to META-INF
[INFO] 
[INFO] --- maven-compiler-plugin:3.8.1:testCompile (default-testCompile) @ commons-rdf-jsonld-java ---
[INFO] Changes detected - recompiling the module!
[INFO] Compiling 7 source files to /home/gabsko/breaking-updates/commons-rdf-jsonld-java/target/test-classes
[INFO] 
[INFO] --- animal-sniffer-maven-plugin:1.19:check (checkAPIcompatibility) @ commons-rdf-jsonld-java ---
[INFO] Checking unresolved references to org.codehaus.mojo.signature:java18:1.0
[INFO] 
[INFO] --- jacoco-maven-plugin:0.8.8:prepare-agent (prepare-agent) @ commons-rdf-jsonld-java ---
[INFO] argLine set to -javaagent:/home/gabsko/.m2/repository/org/jacoco/org.jacoco.agent/0.8.8/org.jacoco.agent-0.8.8-runtime.jar=destfile=/home/gabsko/breaking-updates/commons-rdf-jsonld-java/target/jacoco.exec
[INFO] 
[INFO] --- maven-surefire-plugin:2.22.2:test (default-test) @ commons-rdf-jsonld-java ---
[INFO] 
[INFO] -------------------------------------------------------
[INFO]  T E S T S
[INFO] -------------------------------------------------------
[INFO] Running org.apache.commons.rdf.jsonldjava.JsonLdGraphTest
[INFO] Tests run: 14, Failures: 0, Errors: 0, Skipped: 0, Time elapsed: 0.146 s - in org.apache.commons.rdf.jsonldjava.JsonLdGraphTest
[INFO] Running org.apache.commons.rdf.jsonldjava.JsonLdParserBuilderTest
[INFO] Tests run: 3, Failures: 0, Errors: 0, Skipped: 0, Time elapsed: 0.81 s - in org.apache.commons.rdf.jsonldjava.JsonLdParserBuilderTest
[INFO] Running org.apache.commons.rdf.jsonldjava.JsonLdServiceLoaderTest
[INFO] Tests run: 1, Failures: 0, Errors: 0, Skipped: 0, Time elapsed: 0.001 s - in org.apache.commons.rdf.jsonldjava.JsonLdServiceLoaderTest
[INFO] Running org.apache.commons.rdf.jsonldjava.JsonLdRDFTest
[WARNING] Tests run: 26, Failures: 0, Errors: 0, Skipped: 3, Time elapsed: 0.01 s - in org.apache.commons.rdf.jsonldjava.JsonLdRDFTest
[INFO] Running org.apache.commons.rdf.jsonldjava.JsonLdComparisonTest
[INFO] Tests run: 10, Failures: 0, Errors: 0, Skipped: 0, Time elapsed: 0.004 s - in org.apache.commons.rdf.jsonldjava.JsonLdComparisonTest
[INFO] Running org.apache.commons.rdf.jsonldjava.JsonLdBlankNodeTest
[INFO] Tests run: 4, Failures: 0, Errors: 0, Skipped: 0, Time elapsed: 0.001 s - in org.apache.commons.rdf.jsonldjava.JsonLdBlankNodeTest
[INFO] Running org.apache.commons.rdf.jsonldjava.JsonLdDatasetTest
[INFO] Tests run: 21, Failures: 0, Errors: 0, Skipped: 0, Time elapsed: 0.057 s - in org.apache.commons.rdf.jsonldjava.JsonLdDatasetTest
[INFO] 
[INFO] Results:
[INFO] 
[WARNING] Tests run: 79, Failures: 0, Errors: 0, Skipped: 3
[INFO] 
[INFO] 
[INFO] ----------< org.apache.commons:commons-rdf-integration-tests >----------
[INFO] Building Commons RDF Integration tests 0.6.0-SNAPSHOT              [7/7]
[INFO] --------------------------------[ jar ]---------------------------------
[INFO] 
[INFO] --- maven-clean-plugin:3.1.0:clean (default-clean) @ commons-rdf-integration-tests ---
[INFO] Deleting /home/gabsko/breaking-updates/commons-rdf-integration-tests/target
[INFO] 
[INFO] --- maven-enforcer-plugin:3.0.0-M3:enforce (enforce-maven-version) @ commons-rdf-integration-tests ---
[INFO] 
[INFO] --- maven-enforcer-plugin:3.0.0-M3:enforce (enforce-maven-3) @ commons-rdf-integration-tests ---
[INFO] 
[INFO] --- apache-rat-plugin:0.13:check (rat-check) @ commons-rdf-integration-tests ---
[INFO] Enabled default license matchers.
[INFO] Will parse SCM ignores for exclusions...
[INFO] Finished adding exclusions from SCM ignore files.
[INFO] 62 implicit excludes (use -debug for more details).
[INFO] 16 explicit excludes (use -debug for more details).
[INFO] 9 resources included (use -debug for more details)
[INFO] Rat check: Summary over all files. Unapproved: 0, unknown: 0, generated: 0, approved: 7 licenses.
[INFO] 
[INFO] --- build-helper-maven-plugin:3.2.0:parse-version (parse-version) @ commons-rdf-integration-tests ---
[INFO] 
[INFO] --- maven-antrun-plugin:1.8:run (javadoc.resources) @ commons-rdf-integration-tests ---
[INFO] Executing tasks

main:
[INFO] Executed tasks
[INFO] 
[INFO] --- maven-remote-resources-plugin:1.7.0:process (process-resource-bundles) @ commons-rdf-integration-tests ---
[INFO] Skipping remote resources execution.
[INFO] 
[INFO] --- buildnumber-maven-plugin:1.4:create (default) @ commons-rdf-integration-tests ---
[INFO] Executing: /bin/sh -c cd '/home/gabsko/breaking-updates/commons-rdf-integration-tests' && 'git' 'rev-parse' '--verify' 'HEAD'
[INFO] Working directory: /home/gabsko/breaking-updates/commons-rdf-integration-tests
[INFO] Storing buildNumber: 67b0aee15afc17502ce2e695ec1b6ec45566d1eb at timestamp: 1675545982782
[INFO] Storing buildScmBranch: branch-apache/commons-rdf-67b0aee15afc17502ce2e695ec1b6ec45566d1eb
[INFO] 
[INFO] --- maven-resources-plugin:3.1.0:resources (default-resources) @ commons-rdf-integration-tests ---
[INFO] Using 'UTF-8' encoding to copy filtered resources.
[INFO] skip non existing resourceDirectory /home/gabsko/breaking-updates/commons-rdf-integration-tests/src/main/resources
[INFO] Copying 0 resource to META-INF
[INFO] 
[INFO] --- maven-compiler-plugin:3.8.1:compile (default-compile) @ commons-rdf-integration-tests ---
[INFO] No sources to compile
[INFO] 
[INFO] --- maven-bundle-plugin:5.1.1:manifest (bundle-manifest) @ commons-rdf-integration-tests ---
[WARNING] Manifest org.apache.commons:commons-rdf-integration-tests:jar:0.6.0-SNAPSHOT : Unused Export-Package instructions: [org.apache.commons.*] 
[INFO] 
[INFO] --- maven-resources-plugin:3.1.0:testResources (default-testResources) @ commons-rdf-integration-tests ---
[INFO] Using 'UTF-8' encoding to copy filtered resources.
[INFO] Copying 6 resources
[INFO] Copying 0 resource to META-INF
[INFO] 
[INFO] --- maven-compiler-plugin:3.8.1:testCompile (default-testCompile) @ commons-rdf-integration-tests ---
[INFO] Changes detected - recompiling the module!
[INFO] Compiling 2 source files to /home/gabsko/breaking-updates/commons-rdf-integration-tests/target/test-classes
[INFO] /home/gabsko/breaking-updates/commons-rdf-integration-tests/src/test/java/org/apache/commons/rdf/integrationtests/AllToAllTest.java: /home/gabsko/breaking-updates/commons-rdf-integration-tests/src/test/java/org/apache/commons/rdf/integrationtests/AllToAllTest.java uses or overrides a deprecated API.
[INFO] /home/gabsko/breaking-updates/commons-rdf-integration-tests/src/test/java/org/apache/commons/rdf/integrationtests/AllToAllTest.java: Recompile with -Xlint:deprecation for details.
[INFO] 
[INFO] --- animal-sniffer-maven-plugin:1.19:check (checkAPIcompatibility) @ commons-rdf-integration-tests ---
[INFO] Checking unresolved references to org.codehaus.mojo.signature:java18:1.0
[INFO] 
[INFO] --- maven-surefire-plugin:2.22.2:test (default-test) @ commons-rdf-integration-tests ---
[INFO] 
[INFO] -------------------------------------------------------
[INFO]  T E S T S
[INFO] -------------------------------------------------------
[INFO] Running org.apache.commons.rdf.integrationtests.AllToAllTest
[INFO] Tests run: 32, Failures: 0, Errors: 0, Skipped: 0, Time elapsed: 0.454 s - in org.apache.commons.rdf.integrationtests.AllToAllTest
[INFO] Running org.apache.commons.rdf.integrationtests.JSONLDParsingTest
[INFO] Tests run: 6, Failures: 0, Errors: 0, Skipped: 0, Time elapsed: 0.527 s - in org.apache.commons.rdf.integrationtests.JSONLDParsingTest
[INFO] 
[INFO] Results:
[INFO] 
[INFO] Tests run: 38, Failures: 0, Errors: 0, Skipped: 0
[INFO] 
[INFO] ------------------------------------------------------------------------
[INFO] Reactor Summary for Commons RDF 0.6.0-SNAPSHOT:
[INFO] 
[INFO] Commons RDF ........................................ SUCCESS [  2.160 s]
[INFO] Commons RDF API .................................... SUCCESS [  3.117 s]
[INFO] Commons RDF impl: Simple ........................... SUCCESS [  2.905 s]
[INFO] Commons RDF impl: RDF4j ............................ SUCCESS [  4.649 s]
[INFO] Commons RDF impl: Jena ............................. SUCCESS [  3.017 s]
[INFO] Commons RDF impl: JSON-LD Java ..................... SUCCESS [  2.828 s]
[INFO] Commons RDF Integration tests ...................... SUCCESS [  2.739 s]
[INFO] ------------------------------------------------------------------------
[INFO] BUILD SUCCESS
[INFO] ------------------------------------------------------------------------
[INFO] Total time:  21.577 s
[INFO] Finished at: 2023-02-04T21:26:25Z
[INFO] ------------------------------------------------------------------------
