[INFO] Scanning for projects...
[INFO] 
[INFO] -----------------------< com.sqlancer:sqlancer >------------------------
[INFO] Building SQLancer 2.0.0
[INFO] --------------------------------[ jar ]---------------------------------
[INFO] 
[INFO] --- maven-clean-plugin:2.5:clean (default-clean) @ sqlancer ---
[INFO] Deleting /home/gabsko/breaking-updates/target
[INFO] 
[INFO] --- jacoco-maven-plugin:0.8.8:prepare-agent (default) @ sqlancer ---
[INFO] argLine set to -javaagent:/home/gabsko/.m2/repository/org/jacoco/org.jacoco.agent/0.8.8/org.jacoco.agent-0.8.8-runtime.jar=destfile=/home/gabsko/breaking-updates/target/jacoco.exec
[INFO] 
[INFO] --- maven-resources-plugin:2.6:resources (default-resources) @ sqlancer ---
[INFO] Using 'UTF-8' encoding to copy filtered resources.
[INFO] skip non existing resourceDirectory /home/gabsko/breaking-updates/src/main/resources
[INFO] 
[INFO] --- maven-compiler-plugin:3.10.1:compile (default-compile) @ sqlancer ---
[INFO] Changes detected - recompiling the module!
[INFO] 
[INFO] --- maven-resources-plugin:2.6:testResources (default-testResources) @ sqlancer ---
[INFO] Using 'UTF-8' encoding to copy filtered resources.
[INFO] skip non existing resourceDirectory /home/gabsko/breaking-updates/src/test/resources
[INFO] 
[INFO] --- maven-compiler-plugin:3.10.1:testCompile (default-testCompile) @ sqlancer ---
[INFO] Changes detected - recompiling the module!
[INFO] 
[INFO] --- maven-surefire-plugin:2.22.2:test (default-test) @ sqlancer ---
[INFO] 
[INFO] -------------------------------------------------------
[INFO]  T E S T S
[INFO] -------------------------------------------------------
[INFO] Running sqlancer.pqs.sqlite.cast.TestCastToInt
[INFO] Tests run: 13, Failures: 0, Errors: 0, Skipped: 0, Time elapsed: 0.052 s - in sqlancer.pqs.sqlite.cast.TestCastToInt
[INFO] Running sqlancer.pqs.sqlite.cast.TestCastToBoolean
[INFO] Tests run: 1, Failures: 0, Errors: 0, Skipped: 0, Time elapsed: 0.001 s - in sqlancer.pqs.sqlite.cast.TestCastToBoolean
[INFO] Running sqlancer.pqs.sqlite.cast.TestCastToBlob
[INFO] Tests run: 4, Failures: 0, Errors: 0, Skipped: 0, Time elapsed: 0 s - in sqlancer.pqs.sqlite.cast.TestCastToBlob
[INFO] Running sqlancer.pqs.sqlite.cast.TestCastToNumeric
[INFO] Tests run: 3, Failures: 0, Errors: 0, Skipped: 0, Time elapsed: 0 s - in sqlancer.pqs.sqlite.cast.TestCastToNumeric
[INFO] Running sqlancer.TestUsageNamingConvention
[INFO] Tests run: 1, Failures: 0, Errors: 0, Skipped: 0, Time elapsed: 0.087 s - in sqlancer.TestUsageNamingConvention
[INFO] Running sqlancer.TestParameterFormat
[INFO] Tests run: 1, Failures: 0, Errors: 0, Skipped: 0, Time elapsed: 0.056 s - in sqlancer.TestParameterFormat
[INFO] Running sqlancer.TestExpectedErrors
[INFO] Tests run: 3, Failures: 0, Errors: 0, Skipped: 0, Time elapsed: 0.002 s - in sqlancer.TestExpectedErrors
[INFO] Running sqlancer.TestComparatorHelper
[INFO] Tests run: 4, Failures: 0, Errors: 0, Skipped: 0, Time elapsed: 0.004 s - in sqlancer.TestComparatorHelper
[INFO] Running sqlancer.dbms.TestYugabyte
[WARNING] Tests run: 2, Failures: 0, Errors: 0, Skipped: 2, Time elapsed: 0.01 s - in sqlancer.dbms.TestYugabyte
[INFO] Running sqlancer.dbms.TestMySQLTLP
[WARNING] Tests run: 1, Failures: 0, Errors: 0, Skipped: 1, Time elapsed: 0 s - in sqlancer.dbms.TestMySQLTLP
[INFO] Running sqlancer.dbms.TestSQLite3
[2023/02/07 14:53:33] Executed 0 queries (0 queries/s; 10.00/s dbs, successful statements: 57%). Threads shut down: 0.
[2023/02/07 14:53:38] Executed 0 queries (0 queries/s; 23.81/s dbs, successful statements: 61%). Threads shut down: 0.
[2023/02/07 14:53:43] Executed 0 queries (0 queries/s; 27.61/s dbs, successful statements: 62%). Threads shut down: 0.
[2023/02/07 14:53:48] Executed 0 queries (0 queries/s; 31.81/s dbs, successful statements: 63%). Threads shut down: 0.
[2023/02/07 14:53:53] Executed 0 queries (0 queries/s; 21.00/s dbs, successful statements: 63%). Threads shut down: 0.
[2023/02/07 14:53:58] Executed 0 queries (0 queries/s; 26.00/s dbs, successful statements: 63%). Threads shut down: 0.
[2023/02/07 14:54:03] Executed 0 queries (0 queries/s; 20.60/s dbs, successful statements: 63%). Threads shut down: 0.
[2023/02/07 14:54:08] Executed 0 queries (0 queries/s; 21.40/s dbs, successful statements: 62%). Threads shut down: 0.
[2023/02/07 14:54:13] Executed 0 queries (0 queries/s; 19.80/s dbs, successful statements: 62%). Threads shut down: 0.
[2023/02/07 14:54:18] Executed 0 queries (0 queries/s; 26.60/s dbs, successful statements: 62%). Threads shut down: 0.
[2023/02/07 14:54:23] Executed 0 queries (0 queries/s; 26.20/s dbs, successful statements: 62%). Threads shut down: 0.
[2023/02/07 14:54:28] Executed 0 queries (0 queries/s; 19.00/s dbs, successful statements: 62%). Threads shut down: 0.
[2023/02/07 14:54:33] Executed 0 queries (0 queries/s; 26.60/s dbs, successful statements: 62%). Threads shut down: 0.
[2023/02/07 14:54:38] Executed 0 queries (0 queries/s; 22.80/s dbs, successful statements: 62%). Threads shut down: 0.
[2023/02/07 14:54:43] Executed 0 queries (0 queries/s; 24.40/s dbs, successful statements: 62%). Threads shut down: 0.
[2023/02/07 14:54:48] Executed 0 queries (0 queries/s; 24.40/s dbs, successful statements: 62%). Threads shut down: 0.
[2023/02/07 14:54:53] Executed 0 queries (0 queries/s; 25.60/s dbs, successful statements: 62%). Threads shut down: 0.
[2023/02/07 14:54:58] Executed 0 queries (0 queries/s; 31.40/s dbs, successful statements: 62%). Threads shut down: 0.
[2023/02/07 14:55:03] Executed 0 queries (0 queries/s; 23.20/s dbs, successful statements: 62%). Threads shut down: 0.
[2023/02/07 14:55:08] Executed 0 queries (0 queries/s; 27.60/s dbs, successful statements: 62%). Threads shut down: 0.
[2023/02/07 14:55:13] Executed 0 queries (0 queries/s; 18.60/s dbs, successful statements: 62%). Threads shut down: 0.
[2023/02/07 14:55:18] Executed 0 queries (0 queries/s; 21.00/s dbs, successful statements: 62%). Threads shut down: 0.
[2023/02/07 14:55:23] Executed 0 queries (0 queries/s; 23.80/s dbs, successful statements: 62%). Threads shut down: 0.
[2023/02/07 14:55:28] Executed 0 queries (0 queries/s; 26.21/s dbs, successful statements: 62%). Threads shut down: 0.
[2023/02/07 14:55:33] Executed 0 queries (0 queries/s; 21.40/s dbs, successful statements: 62%). Threads shut down: 0.
[2023/02/07 14:55:38] Executed 0 queries (0 queries/s; 18.80/s dbs, successful statements: 62%). Threads shut down: 0.
[2023/02/07 14:55:43] Executed 0 queries (0 queries/s; 16.40/s dbs, successful statements: 62%). Threads shut down: 0.
[2023/02/07 14:55:48] Executed 0 queries (0 queries/s; 29.40/s dbs, successful statements: 62%). Threads shut down: 0.
[2023/02/07 14:55:53] Executed 0 queries (0 queries/s; 27.20/s dbs, successful statements: 62%). Threads shut down: 0.
[2023/02/07 14:55:58] Executed 0 queries (0 queries/s; 28.20/s dbs, successful statements: 62%). Threads shut down: 0.
[2023/02/07 14:56:03] Executed 0 queries (0 queries/s; 24.80/s dbs, successful statements: 62%). Threads shut down: 0.
[2023/02/07 14:56:08] Executed 0 queries (0 queries/s; 23.40/s dbs, successful statements: 62%). Threads shut down: 0.
[2023/02/07 14:56:13] Executed 0 queries (0 queries/s; 30.80/s dbs, successful statements: 62%). Threads shut down: 0.
[2023/02/07 14:56:18] Executed 0 queries (0 queries/s; 27.40/s dbs, successful statements: 62%). Threads shut down: 0.
[2023/02/07 14:56:23] Executed 0 queries (0 queries/s; 22.00/s dbs, successful statements: 62%). Threads shut down: 0.
[2023/02/07 14:56:28] Executed 0 queries (0 queries/s; 21.00/s dbs, successful statements: 62%). Threads shut down: 0.
[2023/02/07 14:56:33] Executed 0 queries (0 queries/s; 28.20/s dbs, successful statements: 62%). Threads shut down: 0.
[2023/02/07 14:56:38] Executed 0 queries (0 queries/s; 22.60/s dbs, successful statements: 62%). Threads shut down: 0.
[2023/02/07 14:56:43] Executed 0 queries (0 queries/s; 32.40/s dbs, successful statements: 62%). Threads shut down: 0.
[2023/02/07 14:56:48] Executed 0 queries (0 queries/s; 19.80/s dbs, successful statements: 62%). Threads shut down: 0.
[2023/02/07 14:56:53] Executed 0 queries (0 queries/s; 27.20/s dbs, successful statements: 62%). Threads shut down: 0.
[2023/02/07 14:56:58] Executed 0 queries (0 queries/s; 35.40/s dbs, successful statements: 62%). Threads shut down: 0.
[2023/02/07 14:57:03] Executed 0 queries (0 queries/s; 10.00/s dbs, successful statements: 62%). Threads shut down: 0.
[2023/02/07 14:57:08] Executed 0 queries (0 queries/s; 26.40/s dbs, successful statements: 62%). Threads shut down: 0.
[2023/02/07 14:57:13] Executed 0 queries (0 queries/s; 25.40/s dbs, successful statements: 62%). Threads shut down: 0.
[2023/02/07 14:57:18] Executed 0 queries (0 queries/s; 18.40/s dbs, successful statements: 62%). Threads shut down: 0.
[2023/02/07 14:57:23] Executed 0 queries (0 queries/s; 24.60/s dbs, successful statements: 62%). Threads shut down: 0.
[2023/02/07 14:57:28] Executed 0 queries (0 queries/s; 25.60/s dbs, successful statements: 62%). Threads shut down: 0.
[2023/02/07 14:57:33] Executed 0 queries (0 queries/s; 26.00/s dbs, successful statements: 62%). Threads shut down: 0.
[2023/02/07 14:57:38] Executed 0 queries (0 queries/s; 23.41/s dbs, successful statements: 62%). Threads shut down: 0.
[2023/02/07 14:57:43] Executed 0 queries (0 queries/s; 25.60/s dbs, successful statements: 62%). Threads shut down: 0.
[2023/02/07 14:57:48] Executed 0 queries (0 queries/s; 16.60/s dbs, successful statements: 62%). Threads shut down: 0.
[2023/02/07 14:57:53] Executed 0 queries (0 queries/s; 25.60/s dbs, successful statements: 62%). Threads shut down: 0.
[2023/02/07 14:57:58] Executed 0 queries (0 queries/s; 23.80/s dbs, successful statements: 62%). Threads shut down: 0.
[2023/02/07 14:58:03] Executed 0 queries (0 queries/s; 27.00/s dbs, successful statements: 62%). Threads shut down: 0.
[2023/02/07 14:58:08] Executed 0 queries (0 queries/s; 19.60/s dbs, successful statements: 62%). Threads shut down: 0.
[2023/02/07 14:58:13] Executed 0 queries (0 queries/s; 22.20/s dbs, successful statements: 62%). Threads shut down: 0.
[2023/02/07 14:58:18] Executed 0 queries (0 queries/s; 18.80/s dbs, successful statements: 62%). Threads shut down: 0.
[2023/02/07 14:58:23] Executed 0 queries (0 queries/s; 25.80/s dbs, successful statements: 62%). Threads shut down: 0.
[2023/02/07 14:58:28] Executed 0 queries (0 queries/s; 28.80/s dbs, successful statements: 62%). Threads shut down: 0.
[INFO] Tests run: 1, Failures: 0, Errors: 0, Skipped: 0, Time elapsed: 300.821 s - in sqlancer.dbms.TestSQLite3
[INFO] Running sqlancer.dbms.TestCitus
[WARNING] Tests run: 1, Failures: 0, Errors: 0, Skipped: 1, Time elapsed: 0 s - in sqlancer.dbms.TestCitus
[INFO] Running sqlancer.dbms.TestPostgres
[WARNING] Tests run: 2, Failures: 0, Errors: 0, Skipped: 2, Time elapsed: 0 s - in sqlancer.dbms.TestPostgres
[INFO] Running sqlancer.dbms.TestDuckDB
[2023/02/07 14:58:33] Executed 2135 queries (427 queries/s; 19.60/s dbs, successful statements: 62%). Threads shut down: 0.
[2023/02/07 14:58:38] Executed 4434 queries (459 queries/s; 20.00/s dbs, successful statements: 62%). Threads shut down: 0.
[2023/02/07 14:58:43] Executed 6885 queries (490 queries/s; 31.20/s dbs, successful statements: 62%). Threads shut down: 0.
[2023/02/07 14:58:48] Executed 7145 queries (52 queries/s; 19.60/s dbs, successful statements: 62%). Threads shut down: 0.
[2023/02/07 14:58:53] Executed 8312 queries (233 queries/s; 17.40/s dbs, successful statements: 61%). Threads shut down: 0.
[2023/02/07 14:58:58] Executed 10217 queries (381 queries/s; 29.40/s dbs, successful statements: 61%). Threads shut down: 0.
[2023/02/07 14:59:03] Executed 11539 queries (264 queries/s; 36.60/s dbs, successful statements: 61%). Threads shut down: 0.
[2023/02/07 14:59:08] Executed 13329 queries (358 queries/s; 29.40/s dbs, successful statements: 61%). Threads shut down: 0.
[2023/02/07 14:59:13] Executed 16671 queries (668 queries/s; 22.60/s dbs, successful statements: 61%). Threads shut down: 0.
[2023/02/07 14:59:18] Executed 19501 queries (566 queries/s; 25.00/s dbs, successful statements: 61%). Threads shut down: 0.
[2023/02/07 14:59:23] Executed 20037 queries (107 queries/s; 32.40/s dbs, successful statements: 61%). Threads shut down: 0.
[2023/02/07 14:59:28] Executed 22354 queries (463 queries/s; 26.20/s dbs, successful statements: 61%). Threads shut down: 0.
[2023/02/07 14:59:33] Executed 24587 queries (446 queries/s; 24.40/s dbs, successful statements: 61%). Threads shut down: 0.
[2023/02/07 14:59:38] Executed 26232 queries (329 queries/s; 27.80/s dbs, successful statements: 61%). Threads shut down: 0.
[2023/02/07 14:59:43] Executed 29227 queries (599 queries/s; 25.80/s dbs, successful statements: 61%). Threads shut down: 0.
[2023/02/07 14:59:48] Executed 30422 queries (238 queries/s; 19.97/s dbs, successful statements: 61%). Threads shut down: 0.
[2023/02/07 14:59:53] Executed 32813 queries (478 queries/s; 23.44/s dbs, successful statements: 61%). Threads shut down: 0.
[2023/02/07 14:59:58] Executed 34735 queries (384 queries/s; 27.20/s dbs, successful statements: 61%). Threads shut down: 0.
[2023/02/07 15:00:03] Executed 36448 queries (342 queries/s; 21.40/s dbs, successful statements: 61%). Threads shut down: 0.
[2023/02/07 15:00:08] Executed 38105 queries (331 queries/s; 23.20/s dbs, successful statements: 61%). Threads shut down: 0.
[2023/02/07 15:00:13] Executed 39514 queries (281 queries/s; 19.80/s dbs, successful statements: 61%). Threads shut down: 0.
[2023/02/07 15:00:18] Executed 41879 queries (473 queries/s; 23.80/s dbs, successful statements: 61%). Threads shut down: 0.
[2023/02/07 15:00:23] Executed 44366 queries (497 queries/s; 30.40/s dbs, successful statements: 61%). Threads shut down: 0.
[2023/02/07 15:00:28] Executed 46979 queries (522 queries/s; 26.20/s dbs, successful statements: 61%). Threads shut down: 0.
[2023/02/07 15:00:33] Executed 48926 queries (389 queries/s; 28.00/s dbs, successful statements: 61%). Threads shut down: 0.
[2023/02/07 15:00:38] Executed 49550 queries (124 queries/s; 24.20/s dbs, successful statements: 61%). Threads shut down: 0.
[2023/02/07 15:00:43] Executed 52399 queries (569 queries/s; 24.20/s dbs, successful statements: 61%). Threads shut down: 0.
[2023/02/07 15:00:48] Executed 55166 queries (553 queries/s; 25.20/s dbs, successful statements: 61%). Threads shut down: 0.
[2023/02/07 15:00:53] Executed 56249 queries (216 queries/s; 12.60/s dbs, successful statements: 61%). Threads shut down: 0.
[2023/02/07 15:00:58] Executed 56787 queries (107 queries/s; 23.00/s dbs, successful statements: 61%). Threads shut down: 0.
[2023/02/07 15:01:03] Executed 58805 queries (403 queries/s; 19.80/s dbs, successful statements: 61%). Threads shut down: 0.
[2023/02/07 15:01:08] Executed 59561 queries (151 queries/s; 16.60/s dbs, successful statements: 61%). Threads shut down: 0.
[2023/02/07 15:01:13] Executed 60079 queries (103 queries/s; 24.60/s dbs, successful statements: 61%). Threads shut down: 0.
[2023/02/07 15:01:18] Executed 61269 queries (238 queries/s; 21.40/s dbs, successful statements: 61%). Threads shut down: 0.
[2023/02/07 15:01:23] Executed 61269 queries (0 queries/s; 24.60/s dbs, successful statements: 61%). Threads shut down: 0.
[2023/02/07 15:01:28] Executed 63691 queries (484 queries/s; 27.60/s dbs, successful statements: 61%). Threads shut down: 0.
[2023/02/07 15:01:33] Executed 65758 queries (413 queries/s; 15.60/s dbs, successful statements: 61%). Threads shut down: 0.
[2023/02/07 15:01:38] Executed 67636 queries (375 queries/s; 23.40/s dbs, successful statements: 61%). Threads shut down: 0.
[2023/02/07 15:01:43] Executed 68104 queries (93 queries/s; 22.80/s dbs, successful statements: 61%). Threads shut down: 0.
[2023/02/07 15:01:48] Executed 69451 queries (269 queries/s; 28.20/s dbs, successful statements: 61%). Threads shut down: 0.
[2023/02/07 15:01:53] Executed 70703 queries (250 queries/s; 13.20/s dbs, successful statements: 61%). Threads shut down: 0.
[2023/02/07 15:01:58] Executed 72704 queries (400 queries/s; 19.40/s dbs, successful statements: 61%). Threads shut down: 0.
[2023/02/07 15:02:03] Executed 74523 queries (363 queries/s; 26.60/s dbs, successful statements: 61%). Threads shut down: 0.
[2023/02/07 15:02:08] Executed 77117 queries (518 queries/s; 26.60/s dbs, successful statements: 61%). Threads shut down: 0.
[2023/02/07 15:02:13] Executed 78534 queries (283 queries/s; 29.80/s dbs, successful statements: 61%). Threads shut down: 0.
[2023/02/07 15:02:18] Executed 79156 queries (124 queries/s; 22.60/s dbs, successful statements: 61%). Threads shut down: 0.
[2023/02/07 15:02:23] Executed 81227 queries (414 queries/s; 23.20/s dbs, successful statements: 61%). Threads shut down: 0.
[2023/02/07 15:02:28] Executed 82925 queries (339 queries/s; 28.20/s dbs, successful statements: 61%). Threads shut down: 0.
[2023/02/07 15:02:33] Executed 84356 queries (286 queries/s; 23.60/s dbs, successful statements: 60%). Threads shut down: 0.
[2023/02/07 15:02:38] Executed 86934 queries (515 queries/s; 24.40/s dbs, successful statements: 60%). Threads shut down: 0.
[2023/02/07 15:02:43] Executed 87472 queries (107 queries/s; 25.68/s dbs, successful statements: 60%). Threads shut down: 0.
[2023/02/07 15:02:48] Executed 89514 queries (408 queries/s; 27.60/s dbs, successful statements: 60%). Threads shut down: 0.
[2023/02/07 15:02:53] Executed 91052 queries (307 queries/s; 10.60/s dbs, successful statements: 60%). Threads shut down: 0.
[2023/02/07 15:02:58] Executed 94331 queries (655 queries/s; 30.40/s dbs, successful statements: 60%). Threads shut down: 0.
[2023/02/07 15:03:03] Executed 95589 queries (251 queries/s; 24.40/s dbs, successful statements: 60%). Threads shut down: 0.
[2023/02/07 15:03:08] Executed 97909 queries (464 queries/s; 30.80/s dbs, successful statements: 60%). Threads shut down: 0.
[2023/02/07 15:03:13] Executed 100820 queries (582 queries/s; 21.60/s dbs, successful statements: 60%). Threads shut down: 0.
[2023/02/07 15:03:18] Executed 103382 queries (512 queries/s; 24.20/s dbs, successful statements: 60%). Threads shut down: 0.
[2023/02/07 15:03:23] Executed 104957 queries (315 queries/s; 24.40/s dbs, successful statements: 60%). Threads shut down: 0.
[2023/02/07 15:03:28] Executed 107137 queries (436 queries/s; 20.40/s dbs, successful statements: 60%). Threads shut down: 0.
[INFO] Tests run: 1, Failures: 0, Errors: 0, Skipped: 0, Time elapsed: 300.29 s - in sqlancer.dbms.TestDuckDB
[INFO] Running sqlancer.dbms.TestCockroachDB
[WARNING] Tests run: 1, Failures: 0, Errors: 0, Skipped: 1, Time elapsed: 0.001 s - in sqlancer.dbms.TestCockroachDB
[INFO] Running sqlancer.dbms.TestOceanBaseTLP
[WARNING] Tests run: 1, Failures: 0, Errors: 0, Skipped: 1, Time elapsed: 0.001 s - in sqlancer.dbms.TestOceanBaseTLP
[INFO] Running sqlancer.dbms.TestH2
[WARNING] Tests run: 1, Failures: 0, Errors: 0, Skipped: 1, Time elapsed: 0 s - in sqlancer.dbms.TestH2
[INFO] Running sqlancer.dbms.TestMariaDB
[WARNING] Tests run: 1, Failures: 0, Errors: 0, Skipped: 1, Time elapsed: 0 s - in sqlancer.dbms.TestMariaDB
[INFO] Running sqlancer.dbms.TestClickHouse
[WARNING] Tests run: 7, Failures: 0, Errors: 0, Skipped: 7, Time elapsed: 0.001 s - in sqlancer.dbms.TestClickHouse
[INFO] Running sqlancer.dbms.TestMySQLPQS
[WARNING] Tests run: 1, Failures: 0, Errors: 0, Skipped: 1, Time elapsed: 0 s - in sqlancer.dbms.TestMySQLPQS
[INFO] Running sqlancer.dbms.TestOceanBasePQS
[WARNING] Tests run: 1, Failures: 0, Errors: 0, Skipped: 1, Time elapsed: 0 s - in sqlancer.dbms.TestOceanBasePQS
[INFO] Running sqlancer.dbms.TestSQLitePQS
[2023/02/07 15:03:33] Executed 118064 queries (2185 queries/s; 24.40/s dbs, successful statements: 60%). Threads shut down: 0.
[2023/02/07 15:03:38] Executed 135327 queries (3452 queries/s; 25.00/s dbs, successful statements: 60%). Threads shut down: 0.
[2023/02/07 15:03:43] Executed 151629 queries (3260 queries/s; 29.80/s dbs, successful statements: 61%). Threads shut down: 0.
[2023/02/07 15:03:48] Executed 165425 queries (2759 queries/s; 31.60/s dbs, successful statements: 61%). Threads shut down: 0.
[2023/02/07 15:03:53] Executed 183605 queries (3636 queries/s; 21.00/s dbs, successful statements: 61%). Threads shut down: 0.
[2023/02/07 15:03:58] Executed 200555 queries (3390 queries/s; 25.60/s dbs, successful statements: 61%). Threads shut down: 0.
[2023/02/07 15:04:03] Executed 212218 queries (2332 queries/s; 35.20/s dbs, successful statements: 61%). Threads shut down: 0.
[2023/02/07 15:04:08] Executed 227333 queries (3023 queries/s; 28.20/s dbs, successful statements: 61%). Threads shut down: 0.
[2023/02/07 15:04:13] Executed 245152 queries (3563 queries/s; 26.00/s dbs, successful statements: 61%). Threads shut down: 0.
[2023/02/07 15:04:18] Executed 261026 queries (3174 queries/s; 29.00/s dbs, successful statements: 61%). Threads shut down: 0.
[2023/02/07 15:04:23] Executed 275497 queries (2894 queries/s; 35.20/s dbs, successful statements: 61%). Threads shut down: 0.
[2023/02/07 15:04:28] Executed 290546 queries (3009 queries/s; 25.40/s dbs, successful statements: 61%). Threads shut down: 0.
[2023/02/07 15:04:33] Executed 302833 queries (2457 queries/s; 25.60/s dbs, successful statements: 61%). Threads shut down: 0.
[2023/02/07 15:04:38] Executed 317749 queries (2983 queries/s; 27.80/s dbs, successful statements: 61%). Threads shut down: 0.
[2023/02/07 15:04:43] Executed 332305 queries (2911 queries/s; 37.40/s dbs, successful statements: 61%). Threads shut down: 0.
[2023/02/07 15:04:48] Executed 350414 queries (3621 queries/s; 31.00/s dbs, successful statements: 61%). Threads shut down: 0.
[2023/02/07 15:04:53] Executed 363952 queries (2707 queries/s; 31.40/s dbs, successful statements: 61%). Threads shut down: 0.
[2023/02/07 15:04:58] Executed 377830 queries (2775 queries/s; 31.80/s dbs, successful statements: 61%). Threads shut down: 0.
[2023/02/07 15:05:03] Executed 391865 queries (2807 queries/s; 30.60/s dbs, successful statements: 61%). Threads shut down: 0.
[2023/02/07 15:05:08] Executed 406437 queries (2914 queries/s; 26.20/s dbs, successful statements: 61%). Threads shut down: 0.
[2023/02/07 15:05:13] Executed 422764 queries (3265 queries/s; 30.80/s dbs, successful statements: 61%). Threads shut down: 0.
[2023/02/07 15:05:18] Executed 437704 queries (2988 queries/s; 27.40/s dbs, successful statements: 61%). Threads shut down: 0.
[2023/02/07 15:05:23] Executed 450826 queries (2624 queries/s; 27.20/s dbs, successful statements: 61%). Threads shut down: 0.
[2023/02/07 15:05:28] Executed 464905 queries (2815 queries/s; 27.20/s dbs, successful statements: 61%). Threads shut down: 0.
[2023/02/07 15:05:33] Executed 479149 queries (2848 queries/s; 33.80/s dbs, successful statements: 61%). Threads shut down: 0.
[2023/02/07 15:05:38] Executed 494956 queries (3161 queries/s; 30.40/s dbs, successful statements: 61%). Threads shut down: 0.
[2023/02/07 15:05:43] Executed 513485 queries (3705 queries/s; 30.60/s dbs, successful statements: 61%). Threads shut down: 0.
[2023/02/07 15:05:48] Executed 525777 queries (2458 queries/s; 27.60/s dbs, successful statements: 61%). Threads shut down: 0.
[2023/02/07 15:05:53] Executed 537701 queries (2384 queries/s; 31.40/s dbs, successful statements: 61%). Threads shut down: 0.
[2023/02/07 15:05:58] Executed 553584 queries (3176 queries/s; 29.60/s dbs, successful statements: 61%). Threads shut down: 0.
[2023/02/07 15:06:03] Executed 569959 queries (3275 queries/s; 33.00/s dbs, successful statements: 61%). Threads shut down: 0.
[2023/02/07 15:06:08] Executed 587685 queries (3545 queries/s; 24.40/s dbs, successful statements: 61%). Threads shut down: 0.
[2023/02/07 15:06:13] Executed 604712 queries (3405 queries/s; 29.60/s dbs, successful statements: 61%). Threads shut down: 0.
[2023/02/07 15:06:18] Executed 618088 queries (2675 queries/s; 35.20/s dbs, successful statements: 61%). Threads shut down: 0.
[2023/02/07 15:06:23] Executed 632799 queries (2942 queries/s; 26.40/s dbs, successful statements: 61%). Threads shut down: 0.
[2023/02/07 15:06:28] Executed 646486 queries (2737 queries/s; 27.60/s dbs, successful statements: 61%). Threads shut down: 0.
[2023/02/07 15:06:33] Executed 663958 queries (3494 queries/s; 24.80/s dbs, successful statements: 61%). Threads shut down: 0.
[2023/02/07 15:06:38] Executed 675427 queries (2293 queries/s; 26.20/s dbs, successful statements: 61%). Threads shut down: 0.
[2023/02/07 15:06:43] Executed 688548 queries (2624 queries/s; 19.00/s dbs, successful statements: 61%). Threads shut down: 0.
[2023/02/07 15:06:48] Executed 705682 queries (3426 queries/s; 31.40/s dbs, successful statements: 62%). Threads shut down: 0.
[2023/02/07 15:06:53] Executed 721763 queries (3216 queries/s; 32.40/s dbs, successful statements: 62%). Threads shut down: 0.
[2023/02/07 15:06:58] Executed 735640 queries (2775 queries/s; 29.60/s dbs, successful statements: 62%). Threads shut down: 0.
[2023/02/07 15:07:03] Executed 750376 queries (2947 queries/s; 30.60/s dbs, successful statements: 62%). Threads shut down: 0.
[2023/02/07 15:07:08] Executed 764275 queries (2779 queries/s; 24.20/s dbs, successful statements: 62%). Threads shut down: 0.
[2023/02/07 15:07:13] Executed 780209 queries (3186 queries/s; 22.20/s dbs, successful statements: 62%). Threads shut down: 0.
[2023/02/07 15:07:18] Executed 794376 queries (2833 queries/s; 25.60/s dbs, successful statements: 62%). Threads shut down: 0.
[2023/02/07 15:07:23] Executed 808955 queries (2915 queries/s; 30.20/s dbs, successful statements: 62%). Threads shut down: 0.
[2023/02/07 15:07:28] Executed 823701 queries (2949 queries/s; 30.20/s dbs, successful statements: 62%). Threads shut down: 0.
[2023/02/07 15:07:33] Executed 840874 queries (3434 queries/s; 24.20/s dbs, successful statements: 62%). Threads shut down: 0.
[2023/02/07 15:07:38] Executed 854222 queries (2669 queries/s; 26.60/s dbs, successful statements: 62%). Threads shut down: 0.
[2023/02/07 15:07:43] Executed 867214 queries (2598 queries/s; 30.20/s dbs, successful statements: 62%). Threads shut down: 0.
[2023/02/07 15:07:48] Executed 883693 queries (3295 queries/s; 24.40/s dbs, successful statements: 62%). Threads shut down: 0.
[2023/02/07 15:07:53] Executed 897435 queries (2748 queries/s; 28.80/s dbs, successful statements: 62%). Threads shut down: 0.
[2023/02/07 15:07:58] Executed 914231 queries (3359 queries/s; 30.40/s dbs, successful statements: 62%). Threads shut down: 0.
[2023/02/07 15:08:03] Executed 929395 queries (3032 queries/s; 20.80/s dbs, successful statements: 62%). Threads shut down: 0.
[2023/02/07 15:08:08] Executed 944283 queries (2977 queries/s; 35.40/s dbs, successful statements: 62%). Threads shut down: 0.
[2023/02/07 15:08:13] Executed 961804 queries (3504 queries/s; 30.00/s dbs, successful statements: 62%). Threads shut down: 0.
[2023/02/07 15:08:18] Executed 976811 queries (3001 queries/s; 23.80/s dbs, successful statements: 62%). Threads shut down: 0.
[2023/02/07 15:08:23] Executed 993105 queries (3258 queries/s; 31.40/s dbs, successful statements: 62%). Threads shut down: 0.
[2023/02/07 15:08:28] Executed 1009170 queries (3213 queries/s; 26.00/s dbs, successful statements: 62%). Threads shut down: 0.
[INFO] Tests run: 1, Failures: 0, Errors: 0, Skipped: 0, Time elapsed: 299.999 s - in sqlancer.dbms.TestSQLitePQS
[INFO] Running sqlancer.dbms.TestOceanBaseNoREC
[WARNING] Tests run: 1, Failures: 0, Errors: 0, Skipped: 1, Time elapsed: 0 s - in sqlancer.dbms.TestOceanBaseNoREC
[INFO] Running sqlancer.dbms.TestDatabend
[WARNING] Tests run: 2, Failures: 0, Errors: 0, Skipped: 2, Time elapsed: 0.001 s - in sqlancer.dbms.TestDatabend
[INFO] Running sqlancer.dbms.TestTiDB
[WARNING] Tests run: 1, Failures: 0, Errors: 0, Skipped: 1, Time elapsed: 0.001 s - in sqlancer.dbms.TestTiDB
[INFO] Running sqlancer.clickhouse.ast.ClickHouseBinaryComparisonOperationTest
[INFO] Tests run: 6, Failures: 0, Errors: 0, Skipped: 0, Time elapsed: 0.021 s - in sqlancer.clickhouse.ast.ClickHouseBinaryComparisonOperationTest
[INFO] Running sqlancer.TestRandomly
[INFO] Tests run: 13, Failures: 0, Errors: 0, Skipped: 0, Time elapsed: 1.356 s - in sqlancer.TestRandomly
[INFO] 
[INFO] Results:
[INFO] 
[WARNING] Tests run: 75, Failures: 0, Errors: 0, Skipped: 23
[INFO] 
[INFO] 
[INFO] --- jacoco-maven-plugin:0.8.8:report (report) @ sqlancer ---
[INFO] Loading execution data file /home/gabsko/breaking-updates/target/jacoco.exec
[INFO] Analyzed bundle 'SQLancer' with 1516 classes
[INFO] ------------------------------------------------------------------------
[INFO] BUILD SUCCESS
[INFO] ------------------------------------------------------------------------
[INFO] Total time:  15:09 min
[INFO] Finished at: 2023-02-07T15:08:32Z
[INFO] ------------------------------------------------------------------------
