[INFO] Scanning for projects...
[INFO] Inspecting build with total of 1 modules...
[INFO] Installing Nexus Staging features:
[INFO]   ... total of 1 executions of maven-deploy-plugin replaced with nexus-staging-maven-plugin
[INFO] 
[INFO] ----------< com.google.cloud:pubsublite-spark-sql-streaming >-----------
[INFO] Building Pub/Sub Lite Spark SQL Streaming 0.2.1-SNAPSHOT
[INFO] --------------------------------[ jar ]---------------------------------
[INFO] 
[INFO] --- maven-clean-plugin:2.5:clean (default-clean) @ pubsublite-spark-sql-streaming ---
[INFO] Deleting /home/gabsko/breaking-updates/target
[INFO] 
[INFO] --- maven-enforcer-plugin:3.0.0-M3:enforce (enforce) @ pubsublite-spark-sql-streaming ---
[INFO] Adding ignore: module-info
[INFO] Adding ignore: META-INF/versions/*/module-info
[INFO] Adding ignore: org.apache.commons.logging.*
[INFO] Adding ignore: org.apache.commons.collections.*
[INFO] Adding ignore: org.apache.spark.unused.*
[INFO] Adding ignore: org.apache.hadoop.yarn.*
[INFO] Adding ignore: javax.ws.rs.*
[WARNING] Rule 0: org.apache.maven.plugins.enforcer.RequireUpperBoundDeps warned with message:
Failed while enforcing RequireUpperBoundDeps. The error(s) are [
Require upper bound dependencies error for org.slf4j:slf4j-api:1.7.16 paths to dependency are:
+-com.google.cloud:pubsublite-spark-sql-streaming:0.2.1-SNAPSHOT
  +-org.apache.spark:spark-sql_2.11:2.4.7
    +-org.apache.spark:spark-core_2.11:2.4.7
      +-org.slf4j:slf4j-api:1.7.16
and
+-com.google.cloud:pubsublite-spark-sql-streaming:0.2.1-SNAPSHOT
  +-org.apache.spark:spark-sql_2.11:2.4.7
    +-org.apache.orc:orc-core:1.5.5
      +-org.slf4j:slf4j-api:1.7.5
and
+-com.google.cloud:pubsublite-spark-sql-streaming:0.2.1-SNAPSHOT
  +-org.apache.spark:spark-sql_2.11:2.4.7
    +-org.apache.arrow:arrow-vector:0.10.0
      +-org.slf4j:slf4j-api:1.7.25
and
+-com.google.cloud:pubsublite-spark-sql-streaming:0.2.1-SNAPSHOT
  +-org.apache.spark:spark-sql_2.11:2.4.7
    +-org.apache.spark:spark-core_2.11:2.4.7
      +-org.apache.avro:avro:1.8.2
        +-org.slf4j:slf4j-api:1.7.7
and
+-com.google.cloud:pubsublite-spark-sql-streaming:0.2.1-SNAPSHOT
  +-org.apache.spark:spark-sql_2.11:2.4.7
    +-org.apache.spark:spark-core_2.11:2.4.7
      +-org.apache.avro:avro-mapred:1.8.2
        +-org.slf4j:slf4j-api:1.7.7
and
+-com.google.cloud:pubsublite-spark-sql-streaming:0.2.1-SNAPSHOT
  +-org.apache.spark:spark-sql_2.11:2.4.7
    +-org.apache.spark:spark-core_2.11:2.4.7
      +-org.apache.zookeeper:zookeeper:3.4.6
        +-org.slf4j:slf4j-api:1.6.1
and
+-com.google.cloud:pubsublite-spark-sql-streaming:0.2.1-SNAPSHOT
  +-org.apache.spark:spark-sql_2.11:2.4.7
    +-org.apache.spark:spark-core_2.11:2.4.7
      +-org.slf4j:jul-to-slf4j:1.7.16
        +-org.slf4j:slf4j-api:1.7.16
and
+-com.google.cloud:pubsublite-spark-sql-streaming:0.2.1-SNAPSHOT
  +-org.apache.spark:spark-sql_2.11:2.4.7
    +-org.apache.spark:spark-core_2.11:2.4.7
      +-org.slf4j:jcl-over-slf4j:1.7.16
        +-org.slf4j:slf4j-api:1.7.16
and
+-com.google.cloud:pubsublite-spark-sql-streaming:0.2.1-SNAPSHOT
  +-org.apache.spark:spark-sql_2.11:2.4.7
    +-org.apache.spark:spark-core_2.11:2.4.7
      +-org.slf4j:slf4j-log4j12:1.7.16
        +-org.slf4j:slf4j-api:1.7.16
and
+-com.google.cloud:pubsublite-spark-sql-streaming:0.2.1-SNAPSHOT
  +-org.apache.spark:spark-sql_2.11:2.4.7
    +-org.apache.spark:spark-core_2.11:2.4.7
      +-io.dropwizard.metrics:metrics-core:3.1.5
        +-org.slf4j:slf4j-api:1.7.7
and
+-com.google.cloud:pubsublite-spark-sql-streaming:0.2.1-SNAPSHOT
  +-org.apache.spark:spark-sql_2.11:2.4.7
    +-org.apache.spark:spark-core_2.11:2.4.7
      +-io.dropwizard.metrics:metrics-jvm:3.1.5
        +-org.slf4j:slf4j-api:1.7.7
and
+-com.google.cloud:pubsublite-spark-sql-streaming:0.2.1-SNAPSHOT
  +-org.apache.spark:spark-sql_2.11:2.4.7
    +-org.apache.spark:spark-core_2.11:2.4.7
      +-io.dropwizard.metrics:metrics-json:3.1.5
        +-org.slf4j:slf4j-api:1.7.7
and
+-com.google.cloud:pubsublite-spark-sql-streaming:0.2.1-SNAPSHOT
  +-org.apache.spark:spark-sql_2.11:2.4.7
    +-org.apache.spark:spark-core_2.11:2.4.7
      +-io.dropwizard.metrics:metrics-graphite:3.1.5
        +-org.slf4j:slf4j-api:1.7.7
and
+-com.google.cloud:pubsublite-spark-sql-streaming:0.2.1-SNAPSHOT
  +-org.apache.spark:spark-sql_2.11:2.4.7
    +-org.apache.orc:orc-core:1.5.5
      +-org.apache.orc:orc-shims:1.5.5
        +-org.slf4j:slf4j-api:1.7.5
and
+-com.google.cloud:pubsublite-spark-sql-streaming:0.2.1-SNAPSHOT
  +-org.apache.spark:spark-sql_2.11:2.4.7
    +-org.apache.parquet:parquet-column:1.10.1
      +-org.apache.parquet:parquet-common:1.10.1
        +-org.slf4j:slf4j-api:1.7.22
and
+-com.google.cloud:pubsublite-spark-sql-streaming:0.2.1-SNAPSHOT
  +-org.apache.spark:spark-sql_2.11:2.4.7
    +-org.apache.parquet:parquet-hadoop:1.10.1
      +-org.apache.parquet:parquet-format:2.4.0
        +-org.slf4j:slf4j-api:1.7.2
and
+-com.google.cloud:pubsublite-spark-sql-streaming:0.2.1-SNAPSHOT
  +-org.apache.spark:spark-sql_2.11:2.4.7
    +-org.apache.arrow:arrow-vector:0.10.0
      +-org.apache.arrow:arrow-memory:0.10.0
        +-org.slf4j:slf4j-api:1.7.25
and
+-com.google.cloud:pubsublite-spark-sql-streaming:0.2.1-SNAPSHOT
  +-org.apache.spark:spark-sql_2.11:2.4.7
    +-org.apache.spark:spark-core_2.11:2.4.7
      +-org.apache.avro:avro-mapred:1.8.2
        +-org.apache.avro:avro-ipc:1.8.2
          +-org.slf4j:slf4j-api:1.7.7
and
+-com.google.cloud:pubsublite-spark-sql-streaming:0.2.1-SNAPSHOT
  +-org.apache.spark:spark-sql_2.11:2.4.7
    +-org.apache.spark:spark-core_2.11:2.4.7
      +-org.apache.hadoop:hadoop-client:2.6.5
        +-org.apache.hadoop:hadoop-common:2.6.5
          +-org.slf4j:slf4j-api:1.7.5
and
+-com.google.cloud:pubsublite-spark-sql-streaming:0.2.1-SNAPSHOT
  +-org.apache.spark:spark-sql_2.11:2.4.7
    +-org.apache.spark:spark-core_2.11:2.4.7
      +-org.apache.hadoop:hadoop-client:2.6.5
        +-org.apache.hadoop:hadoop-mapreduce-client-app:2.6.5
          +-org.slf4j:slf4j-api:1.7.5
and
+-com.google.cloud:pubsublite-spark-sql-streaming:0.2.1-SNAPSHOT
  +-org.apache.spark:spark-sql_2.11:2.4.7
    +-org.apache.spark:spark-core_2.11:2.4.7
      +-org.apache.hadoop:hadoop-client:2.6.5
        +-org.apache.hadoop:hadoop-mapreduce-client-core:2.6.5
          +-org.slf4j:slf4j-api:1.7.5
and
+-com.google.cloud:pubsublite-spark-sql-streaming:0.2.1-SNAPSHOT
  +-org.apache.spark:spark-sql_2.11:2.4.7
    +-org.apache.spark:spark-core_2.11:2.4.7
      +-org.apache.hadoop:hadoop-client:2.6.5
        +-org.apache.hadoop:hadoop-mapreduce-client-jobclient:2.6.5
          +-org.slf4j:slf4j-api:1.7.5
and
+-com.google.cloud:pubsublite-spark-sql-streaming:0.2.1-SNAPSHOT
  +-org.apache.spark:spark-sql_2.11:2.4.7
    +-org.apache.spark:spark-core_2.11:2.4.7
      +-org.apache.hadoop:hadoop-client:2.6.5
        +-org.apache.hadoop:hadoop-common:2.6.5
          +-org.apache.hadoop:hadoop-auth:2.6.5
            +-org.slf4j:slf4j-api:1.7.5
and
+-com.google.cloud:pubsublite-spark-sql-streaming:0.2.1-SNAPSHOT
  +-org.apache.spark:spark-sql_2.11:2.4.7
    +-org.apache.spark:spark-core_2.11:2.4.7
      +-org.apache.hadoop:hadoop-client:2.6.5
        +-org.apache.hadoop:hadoop-common:2.6.5
          +-org.apache.curator:curator-client:2.6.0
            +-org.slf4j:slf4j-api:1.7.6
and
+-com.google.cloud:pubsublite-spark-sql-streaming:0.2.1-SNAPSHOT
  +-org.apache.spark:spark-sql_2.11:2.4.7
    +-org.apache.spark:spark-core_2.11:2.4.7
      +-org.apache.hadoop:hadoop-client:2.6.5
        +-org.apache.hadoop:hadoop-mapreduce-client-app:2.6.5
          +-org.apache.hadoop:hadoop-mapreduce-client-common:2.6.5
            +-org.slf4j:slf4j-api:1.7.5
and
+-com.google.cloud:pubsublite-spark-sql-streaming:0.2.1-SNAPSHOT
  +-org.apache.spark:spark-sql_2.11:2.4.7
    +-org.apache.spark:spark-core_2.11:2.4.7
      +-org.apache.hadoop:hadoop-client:2.6.5
        +-org.apache.hadoop:hadoop-mapreduce-client-app:2.6.5
          +-org.apache.hadoop:hadoop-mapreduce-client-shuffle:2.6.5
            +-org.slf4j:slf4j-api:1.7.5
and
+-com.google.cloud:pubsublite-spark-sql-streaming:0.2.1-SNAPSHOT
  +-org.apache.spark:spark-sql_2.11:2.4.7
    +-org.apache.spark:spark-core_2.11:2.4.7
      +-org.apache.hadoop:hadoop-client:2.6.5
        +-org.apache.hadoop:hadoop-mapreduce-client-core:2.6.5
          +-org.apache.hadoop:hadoop-yarn-common:2.6.5
            +-org.slf4j:slf4j-api:1.7.5
and
+-com.google.cloud:pubsublite-spark-sql-streaming:0.2.1-SNAPSHOT
  +-org.apache.spark:spark-sql_2.11:2.4.7
    +-org.apache.spark:spark-core_2.11:2.4.7
      +-org.apache.hadoop:hadoop-client:2.6.5
        +-org.apache.hadoop:hadoop-common:2.6.5
          +-org.apache.hadoop:hadoop-auth:2.6.5
            +-org.apache.directory.server:apacheds-kerberos-codec:2.0.0-M15
              +-org.slf4j:slf4j-api:1.7.5
and
+-com.google.cloud:pubsublite-spark-sql-streaming:0.2.1-SNAPSHOT
  +-org.apache.spark:spark-sql_2.11:2.4.7
    +-org.apache.spark:spark-core_2.11:2.4.7
      +-org.apache.hadoop:hadoop-client:2.6.5
        +-org.apache.hadoop:hadoop-common:2.6.5
          +-org.apache.hadoop:hadoop-auth:2.6.5
            +-org.apache.directory.server:apacheds-kerberos-codec:2.0.0-M15
              +-org.apache.directory.server:apacheds-i18n:2.0.0-M15
                +-org.slf4j:slf4j-api:1.7.5
and
+-com.google.cloud:pubsublite-spark-sql-streaming:0.2.1-SNAPSHOT
  +-org.apache.spark:spark-sql_2.11:2.4.7
    +-org.apache.spark:spark-core_2.11:2.4.7
      +-org.apache.hadoop:hadoop-client:2.6.5
        +-org.apache.hadoop:hadoop-common:2.6.5
          +-org.apache.hadoop:hadoop-auth:2.6.5
            +-org.apache.directory.server:apacheds-kerberos-codec:2.0.0-M15
              +-org.apache.directory.api:api-asn1-api:1.0.0-M20
                +-org.slf4j:slf4j-api:1.7.5
and
+-com.google.cloud:pubsublite-spark-sql-streaming:0.2.1-SNAPSHOT
  +-org.apache.spark:spark-sql_2.11:2.4.7
    +-org.apache.spark:spark-core_2.11:2.4.7
      +-org.apache.hadoop:hadoop-client:2.6.5
        +-org.apache.hadoop:hadoop-common:2.6.5
          +-org.apache.hadoop:hadoop-auth:2.6.5
            +-org.apache.directory.server:apacheds-kerberos-codec:2.0.0-M15
              +-org.apache.directory.api:api-util:1.0.0-M20
                +-org.slf4j:slf4j-api:1.7.5
, 
Require upper bound dependencies error for com.google.api.grpc:proto-google-cloud-pubsublite-v1:0.13.1 paths to dependency are:
+-com.google.cloud:pubsublite-spark-sql-streaming:0.2.1-SNAPSHOT
  +-com.google.api.grpc:proto-google-cloud-pubsublite-v1:0.13.1
and
+-com.google.cloud:pubsublite-spark-sql-streaming:0.2.1-SNAPSHOT
  +-com.google.cloud:google-cloud-pubsublite:0.13.2
    +-com.google.api.grpc:proto-google-cloud-pubsublite-v1:0.13.2
]
[INFO] 
[INFO] --- maven-checkstyle-plugin:3.1.2:check (checkstyle) @ pubsublite-spark-sql-streaming ---
[INFO] Starting audit...
Audit done.
[INFO] You have 0 Checkstyle violations.
[INFO] 
[INFO] --- jacoco-maven-plugin:0.8.6:prepare-agent (default) @ pubsublite-spark-sql-streaming ---
[INFO] argLine set to -javaagent:/home/gabsko/.m2/repository/org/jacoco/org.jacoco.agent/0.8.6/org.jacoco.agent-0.8.6-runtime.jar=destfile=/home/gabsko/breaking-updates/target/jacoco.exec
[INFO] 
[INFO] --- build-helper-maven-plugin:3.2.0:add-resource (add-main-proto-resources) @ pubsublite-spark-sql-streaming ---
[INFO] 
[INFO] --- maven-resources-plugin:2.6:resources (default-resources) @ pubsublite-spark-sql-streaming ---
[INFO] Using 'UTF-8' encoding to copy filtered resources.
[INFO] skip non existing resourceDirectory /home/gabsko/breaking-updates/src/main/resources
[INFO] skip non existing resourceDirectory /home/gabsko/breaking-updates/src/main/proto
[INFO] 
[INFO] --- maven-compiler-plugin:3.8.1:compile (default-compile) @ pubsublite-spark-sql-streaming ---
[INFO] Changes detected - recompiling the module!
[INFO] Compiling 30 source files to /home/gabsko/breaking-updates/target/classes
[WARNING] bootstrap class path not set in conjunction with -source 8
[WARNING] /home/gabsko/breaking-updates/src/main/java/com/google/cloud/pubsublite/spark/internal/PslCredentialsProvider.java:[19,34] com.google.api.client.util.Base64 in com.google.api.client.util has been deprecated
[WARNING] /home/gabsko/breaking-updates/src/main/java/com/google/cloud/pubsublite/spark/internal/PslCredentialsProvider.java:[19,34] com.google.api.client.util.Base64 in com.google.api.client.util has been deprecated
[WARNING] /home/gabsko/breaking-updates/src/main/java/com/google/cloud/pubsublite/spark/internal/PslCredentialsProvider.java:[19,34] com.google.api.client.util.Base64 in com.google.api.client.util has been deprecated
[WARNING] /home/gabsko/breaking-updates/src/main/java/com/google/cloud/pubsublite/spark/internal/PslCredentialsProvider.java:[19,34] com.google.api.client.util.Base64 in com.google.api.client.util has been deprecated
[WARNING] /home/gabsko/breaking-updates/src/main/java/com/google/cloud/pubsublite/spark/internal/PslCredentialsProvider.java:[41,68] com.google.api.client.util.Base64 in com.google.api.client.util has been deprecated
[INFO] 
[INFO] --- build-helper-maven-plugin:3.2.0:add-test-resource (add-test-proto-resources) @ pubsublite-spark-sql-streaming ---
[INFO] 
[INFO] --- maven-resources-plugin:2.6:testResources (default-testResources) @ pubsublite-spark-sql-streaming ---
[INFO] Using 'UTF-8' encoding to copy filtered resources.
[INFO] skip non existing resourceDirectory /home/gabsko/breaking-updates/src/test/resources
[INFO] skip non existing resourceDirectory /home/gabsko/breaking-updates/src/test/proto
[INFO] 
[INFO] --- maven-compiler-plugin:3.8.1:testCompile (default-testCompile) @ pubsublite-spark-sql-streaming ---
[INFO] Changes detected - recompiling the module!
[INFO] Compiling 13 source files to /home/gabsko/breaking-updates/target/test-classes
[WARNING] bootstrap class path not set in conjunction with -source 8
[INFO] 
[INFO] --- maven-surefire-plugin:3.0.0-M5:test (default-test) @ pubsublite-spark-sql-streaming ---
[INFO] 
[INFO] -------------------------------------------------------
[INFO]  T E S T S
[INFO] -------------------------------------------------------
[INFO] Running com.google.cloud.pubsublite.spark.PslMicroBatchInputPartitionReaderTest
[ERROR] WARNING: An illegal reflective access operation has occurred
[ERROR] WARNING: Illegal reflective access by org.apache.spark.unsafe.Platform (file:/home/gabsko/.m2/repository/org/apache/spark/spark-unsafe_2.11/2.4.7/spark-unsafe_2.11-2.4.7.jar) to method java.nio.Bits.unaligned()
[ERROR] WARNING: Please consider reporting this to the maintainers of org.apache.spark.unsafe.Platform
[ERROR] WARNING: Use --illegal-access=warn to enable warnings of further illegal reflective access operations
[ERROR] WARNING: All illegal access operations will be denied in a future release
[INFO] Tests run: 2, Failures: 0, Errors: 0, Skipped: 0, Time elapsed: 1.055 s - in com.google.cloud.pubsublite.spark.PslMicroBatchInputPartitionReaderTest
[INFO] Running com.google.cloud.pubsublite.spark.PslMicroBatchReaderTest
[INFO] Tests run: 11, Failures: 0, Errors: 0, Skipped: 0, Time elapsed: 0.126 s - in com.google.cloud.pubsublite.spark.PslMicroBatchReaderTest
[INFO] Running com.google.cloud.pubsublite.spark.PslSparkUtilsTest
Feb 05, 2023 4:42:57 AM com.google.cloud.pubsublite.spark.PslSparkUtils lambda$verifyWriteInputSchema$8
INFO: Input schema to write to Pub/Sub Lite doesn't contain data column, this field for all rows will be set to empty. [CONTEXT ratelimit_period="5 MINUTES" ]
[INFO] Tests run: 6, Failures: 0, Errors: 0, Skipped: 0, Time elapsed: 0.173 s - in com.google.cloud.pubsublite.spark.PslSparkUtilsTest
[INFO] Running com.google.cloud.pubsublite.spark.PslWriteDataSourceOptionsTest
[INFO] Tests run: 1, Failures: 0, Errors: 0, Skipped: 0, Time elapsed: 0 s - in com.google.cloud.pubsublite.spark.PslWriteDataSourceOptionsTest
[INFO] Running com.google.cloud.pubsublite.spark.PslStreamWriterTest
Feb 05, 2023 4:42:57 AM com.google.cloud.pubsublite.spark.PslStreamWriter abort
WARNING: Epoch id: 100 is aborted, 15 messages might have been published.
Feb 05, 2023 4:42:57 AM com.google.cloud.pubsublite.spark.PslStreamWriter commit
INFO: Committed 15 messages for epochId:100.
[INFO] Tests run: 3, Failures: 0, Errors: 0, Skipped: 0, Time elapsed: 0 s - in com.google.cloud.pubsublite.spark.PslStreamWriterTest
[INFO] Running com.google.cloud.pubsublite.spark.PslDataWriterTest
Feb 05, 2023 4:42:58 AM com.google.cloud.pubsublite.spark.PslDataWriter commit
INFO: All writes for partitionId:1, taskId:2, epochId:3 succeeded, committing...
[INFO] Tests run: 2, Failures: 0, Errors: 0, Skipped: 0, Time elapsed: 0.107 s - in com.google.cloud.pubsublite.spark.PslDataWriterTest
[INFO] Running com.google.cloud.pubsublite.spark.PslReadDataSourceOptionsTest
[INFO] Tests run: 1, Failures: 0, Errors: 0, Skipped: 0, Time elapsed: 0 s - in com.google.cloud.pubsublite.spark.PslReadDataSourceOptionsTest
[INFO] Running com.google.cloud.pubsublite.spark.PslContinuousReaderTest
[INFO] Tests run: 6, Failures: 0, Errors: 0, Skipped: 0, Time elapsed: 0.002 s - in com.google.cloud.pubsublite.spark.PslContinuousReaderTest
[INFO] Running com.google.cloud.pubsublite.spark.internal.MultiPartitionCommitterImplTest
[INFO] Tests run: 4, Failures: 0, Errors: 0, Skipped: 0, Time elapsed: 0.06 s - in com.google.cloud.pubsublite.spark.internal.MultiPartitionCommitterImplTest
[INFO] Running com.google.cloud.pubsublite.spark.internal.LimitingHeadOffsetReaderTest
[INFO] Tests run: 2, Failures: 0, Errors: 0, Skipped: 0, Time elapsed: 0.099 s - in com.google.cloud.pubsublite.spark.internal.LimitingHeadOffsetReaderTest
[INFO] Running com.google.cloud.pubsublite.spark.PslContinuousInputPartitionReaderTest
[INFO] Tests run: 1, Failures: 0, Errors: 0, Skipped: 0, Time elapsed: 0 s - in com.google.cloud.pubsublite.spark.PslContinuousInputPartitionReaderTest
[INFO] Running com.google.cloud.pubsublite.spark.SparkSourceOffsetTest
[INFO] Tests run: 5, Failures: 0, Errors: 0, Skipped: 0, Time elapsed: 0 s - in com.google.cloud.pubsublite.spark.SparkSourceOffsetTest
[INFO] 
[INFO] Results:
[INFO] 
[INFO] Tests run: 44, Failures: 0, Errors: 0, Skipped: 0
[INFO] 
[INFO] 
[INFO] --- jacoco-maven-plugin:0.8.6:report (report) @ pubsublite-spark-sql-streaming ---
[INFO] Loading execution data file /home/gabsko/breaking-updates/target/jacoco.exec
[INFO] Analyzed bundle 'Pub/Sub Lite Spark SQL Streaming' with 45 classes
[INFO] ------------------------------------------------------------------------
[INFO] BUILD SUCCESS
[INFO] ------------------------------------------------------------------------
[INFO] Total time:  9.095 s
[INFO] Finished at: 2023-02-05T04:42:58Z
[INFO] ------------------------------------------------------------------------
