[INFO] Scanning for projects...
[WARNING] The POM for org.jenkins-ci.tools:maven-hpi-plugin:jar:3.27 is missing, no dependency information available
[WARNING] Failed to build parent project for org.jvnet.hudson.plugins:analysis-pom:pom:5.26.0
[WARNING] Failed to build parent project for io.jenkins.plugins:code-coverage-api:hpi:3.0.0-SNAPSHOT
[INFO] Inspecting build with total of 3 modules...
[INFO] Installing Nexus Staging features:
[INFO]   ... total of 1 executions of maven-deploy-plugin replaced with nexus-staging-maven-plugin
[INFO] ------------------------------------------------------------------------
[INFO] Reactor Build Order:
[INFO] 
[INFO] Code Coverage API Plugin                                           [hpi]
[INFO] UI Tests of Code Coverage Plugin                                   [jar]
[INFO] Aggregator for Code Coverage Plugin                                [pom]
[INFO] 
[INFO] ----------------< io.jenkins.plugins:code-coverage-api >----------------
[INFO] Building Code Coverage API Plugin 3.0.0-SNAPSHOT                   [1/3]
[INFO] --------------------------------[ hpi ]---------------------------------
[INFO] 
[INFO] --- maven-clean-plugin:3.2.0:clean (default-clean) @ code-coverage-api ---
[INFO] Deleting /home/gabsko/breaking-updates/plugin/target
[INFO] 
[INFO] --- maven-hpi-plugin:3.27:validate (default-validate) @ code-coverage-api ---
[INFO] 
[INFO] --- maven-hpi-plugin:3.27:validate-hpi (default-validate-hpi) @ code-coverage-api ---
[WARNING] Error resolving project artifact: org.connectbot.jbcrypt:jbcrypt:pom:1.0.0 was not found in https://repo.jenkins-ci.org/releases/ during a previous attempt. This failure was cached in the local repository and resolution is not reattempted until the update interval of maven.jenkins-ci.org has elapsed or updates are forced for project org.connectbot.jbcrypt:jbcrypt:jar:1.0.0
[INFO] 
[INFO] --- maven-enforcer-plugin:3.0.0:display-info (display-info) @ code-coverage-api ---
[INFO] Maven Version: 3.8.6
[INFO] JDK Version: 11.0.17 normalized as: 11.0.17
[INFO] Java Vendor: Ubuntu
[INFO] OS Info: Arch: amd64 Family: unix Name: linux Version: 5.4.0-113-generic
[INFO] 
[INFO] --- maven-enforcer-plugin:3.0.0:enforce (display-info) @ code-coverage-api ---
[INFO] Ignoring requireUpperBoundDeps in com.google.guava:guava
[INFO] Ignoring requireUpperBoundDeps in org.slf4j:slf4j-api
[INFO] Adding ignore: module-info
[INFO] Adding ignore: module-info
[INFO] Adding ignore: */ModuleUtils*
[INFO] Adding ignore: com/tngtech/archunit/core/importer/Module*
[INFO] Adding ignore: com/tngtech/archunit/core/domain/Java9DomainPlugin*
[WARNING] Rule 0: org.apache.maven.plugins.enforcer.RequireUpperBoundDeps warned with message:
Failed while enforcing RequireUpperBoundDeps. The error(s) are [
Require upper bound dependencies error for io.jenkins.plugins:forensics-api:1.13.0 paths to dependency are:
+-io.jenkins.plugins:code-coverage-api:3.0.0-SNAPSHOT
  +-io.jenkins.plugins:forensics-api:1.13.0
and
+-io.jenkins.plugins:code-coverage-api:3.0.0-SNAPSHOT
  +-io.jenkins.plugins:pull-request-monitoring:1.7.8
    +-io.jenkins.plugins:forensics-api:1.2.1
and
+-io.jenkins.plugins:code-coverage-api:3.0.0-SNAPSHOT
  +-io.jenkins.plugins:git-forensics:1.9.0 [test]
    +-io.jenkins.plugins:forensics-api:1.15.1 [test]
, 
Require upper bound dependencies error for org.jenkins-ci.plugins:git:4.11.1 [test] paths to dependency are:
+-io.jenkins.plugins:code-coverage-api:3.0.0-SNAPSHOT
  +-org.jenkins-ci.plugins:git:4.11.1 [test]
and
+-io.jenkins.plugins:code-coverage-api:3.0.0-SNAPSHOT
  +-io.jenkins.plugins:git-forensics:1.9.0 [test]
    +-org.jenkins-ci.plugins:git:4.11.1 [test] (managed) <-- org.jenkins-ci.plugins:git:4.11.3 [test]
]
[INFO] 
[INFO] --- maven-enforcer-plugin:3.0.0:enforce (no-snapshots-in-release) @ code-coverage-api ---
[INFO] 
[INFO] --- maven-hpi-plugin:3.27:initialize (default-initialize) @ code-coverage-api ---
[INFO] 
[INFO] --- gmavenplus-plugin:1.13.1:addTestSources (test-in-groovy) @ code-coverage-api ---
[INFO] 
[INFO] --- localizer-maven-plugin:1.31:generate (default) @ code-coverage-api ---
[INFO] 
[INFO] >>> maven-javadoc-plugin:3.4.0:javadoc (default) > generate-sources @ code-coverage-api >>>
[INFO] 
[INFO] --- maven-hpi-plugin:3.27:validate (default-validate) @ code-coverage-api ---
[INFO] 
[INFO] --- maven-hpi-plugin:3.27:validate-hpi (default-validate-hpi) @ code-coverage-api ---
[WARNING] Error resolving project artifact: org.connectbot.jbcrypt:jbcrypt:pom:1.0.0 was not found in https://repo.jenkins-ci.org/releases/ during a previous attempt. This failure was cached in the local repository and resolution is not reattempted until the update interval of maven.jenkins-ci.org has elapsed or updates are forced for project org.connectbot.jbcrypt:jbcrypt:jar:1.0.0
[INFO] 
[INFO] --- maven-enforcer-plugin:3.0.0:display-info (display-info) @ code-coverage-api ---
[INFO] Maven Version: 3.8.6
[INFO] JDK Version: 11.0.17 normalized as: 11.0.17
[INFO] Java Vendor: Ubuntu
[INFO] OS Info: Arch: amd64 Family: unix Name: linux Version: 5.4.0-113-generic
[INFO] 
[INFO] --- maven-enforcer-plugin:3.0.0:enforce (display-info) @ code-coverage-api ---
[INFO] Ignoring requireUpperBoundDeps in com.google.guava:guava
[INFO] Ignoring requireUpperBoundDeps in org.slf4j:slf4j-api
[INFO] Adding ignore: module-info
[INFO] Adding ignore: module-info
[INFO] Adding ignore: */ModuleUtils*
[INFO] Adding ignore: com/tngtech/archunit/core/importer/Module*
[INFO] Adding ignore: com/tngtech/archunit/core/domain/Java9DomainPlugin*
[WARNING] Rule 0: org.apache.maven.plugins.enforcer.RequireUpperBoundDeps warned with message:
Failed while enforcing RequireUpperBoundDeps. The error(s) are [
Require upper bound dependencies error for io.jenkins.plugins:forensics-api:1.13.0 paths to dependency are:
+-io.jenkins.plugins:code-coverage-api:3.0.0-SNAPSHOT
  +-io.jenkins.plugins:forensics-api:1.13.0
and
+-io.jenkins.plugins:code-coverage-api:3.0.0-SNAPSHOT
  +-io.jenkins.plugins:pull-request-monitoring:1.7.8
    +-io.jenkins.plugins:forensics-api:1.2.1
and
+-io.jenkins.plugins:code-coverage-api:3.0.0-SNAPSHOT
  +-io.jenkins.plugins:git-forensics:1.9.0 [test]
    +-io.jenkins.plugins:forensics-api:1.15.1 [test]
, 
Require upper bound dependencies error for org.jenkins-ci.plugins:git:4.11.1 [test] paths to dependency are:
+-io.jenkins.plugins:code-coverage-api:3.0.0-SNAPSHOT
  +-org.jenkins-ci.plugins:git:4.11.1 [test]
and
+-io.jenkins.plugins:code-coverage-api:3.0.0-SNAPSHOT
  +-io.jenkins.plugins:git-forensics:1.9.0 [test]
    +-org.jenkins-ci.plugins:git:4.11.1 [test] (managed) <-- org.jenkins-ci.plugins:git:4.11.3 [test]
]
[INFO] 
[INFO] --- maven-enforcer-plugin:3.0.0:enforce (no-snapshots-in-release) @ code-coverage-api ---
[INFO] 
[INFO] --- maven-hpi-plugin:3.27:initialize (default-initialize) @ code-coverage-api ---
[INFO] 
[INFO] --- gmavenplus-plugin:1.13.1:addTestSources (test-in-groovy) @ code-coverage-api ---
[INFO] 
[INFO] --- localizer-maven-plugin:1.31:generate (default) @ code-coverage-api ---
[INFO] 
[INFO] <<< maven-javadoc-plugin:3.4.0:javadoc (default) < generate-sources @ code-coverage-api <<<
[INFO] 
[INFO] 
[INFO] --- maven-javadoc-plugin:3.4.0:javadoc (default) @ code-coverage-api ---
[INFO] No previous run data found, generating javadoc.
[INFO] 
3 warnings
[WARNING] Javadoc Warnings
[WARNING] warning: unknown enum constant When.ALWAYS
[WARNING] reason: class file for javax.annotation.meta.When not found
[WARNING] warning: unknown enum constant When.MAYBE
[WARNING] warning: unknown enum constant When.UNKNOWN
[INFO] 
[INFO] --- maven-resources-plugin:3.2.0:resources (default-resources) @ code-coverage-api ---
[INFO] Using 'UTF-8' encoding to copy filtered resources.
[INFO] Using 'UTF-8' encoding to copy filtered properties files.
[INFO] Copying 42 resources
[INFO] 
[INFO] --- flatten-maven-plugin:1.2.7:flatten (flatten) @ code-coverage-api ---
[INFO] Generating flattened POM of project io.jenkins.plugins:code-coverage-api:hpi:3.0.0-SNAPSHOT...
[INFO] 
[INFO] --- maven-compiler-plugin:3.10.1:compile (default-compile) @ code-coverage-api ---
[INFO] Changes detected - recompiling the module!
[INFO] Compiling 94 source files to /home/gabsko/breaking-updates/plugin/target/classes
[WARNING] /home/gabsko/breaking-updates/plugin/src/main/java/io/jenkins/plugins/coverage/CoveragePublisher.java:[83,16] [deprecation] perform(Run<?,?>,FilePath,Launcher,TaskListener) in SimpleBuildStep has been deprecated
[WARNING] /home/gabsko/breaking-updates/plugin/src/main/java/io/jenkins/plugins/coverage/CoveragePublisher.java:[54,7] [unchecked] getDescriptor() in Recorder implements getDescriptor() in Describable
  return type requires unchecked conversion from BuildStepDescriptor to Descriptor<Publisher>
  where T is a type-variable:
    T extends Describable<T> declared in interface Describable
[WARNING] /home/gabsko/breaking-updates/plugin/src/main/java/io/jenkins/plugins/coverage/CoverageElementInitializer.java:[21,73] [unchecked] unchecked method invocation: method addCoverageElements in class CoverageElementRegister is applied to given types
  required: String,List<CoverageElement>
  found: String,List
[WARNING] /home/gabsko/breaking-updates/plugin/src/main/java/io/jenkins/plugins/coverage/CoverageElementInitializer.java:[21,123] [unchecked] unchecked conversion
  required: List<CoverageElement>
  found:    List
[INFO] 
[INFO] --- access-modifier-checker:1.27:enforce (default-enforce) @ code-coverage-api ---
[INFO] 
[INFO] --- maven-hpi-plugin:3.27:insert-test (default-insert-test) @ code-coverage-api ---
[INFO] 
[INFO] --- gmavenplus-plugin:1.13.1:generateTestStubs (test-in-groovy) @ code-coverage-api ---
[INFO] No sources specified for stub generation. Skipping.
[INFO] Generated 0 stubs.
[INFO] 
[INFO] --- assertj-assertions-generator-maven-plugin:2.2.0:generate-assertions (default) @ code-coverage-api ---
[INFO] 
[INFO] --- maven-antrun-plugin:3.0.0:run (createTempDir) @ code-coverage-api ---
[INFO] Executing tasks
[INFO]     [mkdir] Created dir: /home/gabsko/breaking-updates/plugin/target/tmp
[INFO] Executed tasks
[INFO] 
[INFO] --- maven-resources-plugin:3.2.0:testResources (default-testResources) @ code-coverage-api ---
[INFO] Using 'UTF-8' encoding to copy filtered resources.
[INFO] Using 'UTF-8' encoding to copy filtered properties files.
[INFO] Copying 21 resources
[INFO] 
[INFO] --- maven-compiler-plugin:3.10.1:testCompile (default-testCompile) @ code-coverage-api ---
[INFO] Changes detected - recompiling the module!
[INFO] Compiling 98 source files to /home/gabsko/breaking-updates/plugin/target/test-classes
[WARNING] /home/gabsko/breaking-updates/plugin/src/test/java/io/jenkins/plugins/coverage/model/testutil/CoverageStubs.java:[72,67] [unchecked] unchecked conversion
  required: SortedMap<CoverageMetric,CoveragePercentage>
  found:    SortedMap
[WARNING] /home/gabsko/breaking-updates/plugin/src/test/java/io/jenkins/plugins/coverage/CoverageScriptedPipelineScriptBuilder.java:[94,33] [unchecked] unchecked call to isAnnotationPresent(Class<? extends Annotation>) as a member of the raw type Class
[WARNING] /home/gabsko/breaking-updates/plugin/src/test/java/io/jenkins/plugins/coverage/CoverageScriptedPipelineScriptBuilder.java:[95,47] [unchecked] unchecked call to <A>getAnnotation(Class<A>) as a member of the raw type Class
  where A is a type-variable:
    A extends Annotation declared in method <A>getAnnotation(Class<A>)
[WARNING] /home/gabsko/breaking-updates/plugin/src/test/java/io/jenkins/plugins/coverage/CoverageChecksPublisherTest.java:[63,42] [unchecked] unchecked method invocation: method thenReturn in interface OngoingStubbing is applied to given types
  required: T
  found: Run
  where T is a type-variable:
    T extends Object declared in interface OngoingStubbing
[WARNING] /home/gabsko/breaking-updates/plugin/src/test/java/io/jenkins/plugins/coverage/CoverageChecksPublisherTest.java:[63,43] [unchecked] unchecked conversion
  required: T
  found:    Run
  where T is a type-variable:
    T extends Object declared in interface OngoingStubbing
[WARNING] /home/gabsko/breaking-updates/plugin/src/test/java/io/jenkins/plugins/coverage/CoverageChecksPublisherTest.java:[236,42] [unchecked] unchecked method invocation: method thenReturn in interface OngoingStubbing is applied to given types
  required: T
  found: Run
  where T is a type-variable:
    T extends Object declared in interface OngoingStubbing
[WARNING] /home/gabsko/breaking-updates/plugin/src/test/java/io/jenkins/plugins/coverage/CoverageChecksPublisherTest.java:[236,43] [unchecked] unchecked conversion
  required: T
  found:    Run
  where T is a type-variable:
    T extends Object declared in interface OngoingStubbing
[WARNING] /home/gabsko/breaking-updates/plugin/src/test/java/io/jenkins/plugins/coverage/CoverageChecksPublisherTest.java:[263,42] [unchecked] unchecked method invocation: method thenReturn in interface OngoingStubbing is applied to given types
  required: T
  found: Run
  where T is a type-variable:
    T extends Object declared in interface OngoingStubbing
[WARNING] /home/gabsko/breaking-updates/plugin/src/test/java/io/jenkins/plugins/coverage/CoverageChecksPublisherTest.java:[263,43] [unchecked] unchecked conversion
  required: T
  found:    Run
  where T is a type-variable:
    T extends Object declared in interface OngoingStubbing
[WARNING] /home/gabsko/breaking-updates/plugin/src/test/java/io/jenkins/plugins/coverage/CoverageChecksPublisherTest.java:[297,42] [unchecked] unchecked method invocation: method thenReturn in interface OngoingStubbing is applied to given types
  required: T
  found: Run
  where T is a type-variable:
    T extends Object declared in interface OngoingStubbing
[WARNING] /home/gabsko/breaking-updates/plugin/src/test/java/io/jenkins/plugins/coverage/CoverageChecksPublisherTest.java:[297,43] [unchecked] unchecked conversion
  required: T
  found:    Run
  where T is a type-variable:
    T extends Object declared in interface OngoingStubbing
[INFO] 
[INFO] --- maven-hpi-plugin:3.27:test-hpl (default-test-hpl) @ code-coverage-api ---
[INFO] Generating /home/gabsko/breaking-updates/plugin/target/test-classes/the.hpl
[WARNING] Error resolving project artifact: org.connectbot.jbcrypt:jbcrypt:pom:1.0.0 was not found in https://repo.jenkins-ci.org/releases/ during a previous attempt. This failure was cached in the local repository and resolution is not reattempted until the update interval of maven.jenkins-ci.org has elapsed or updates are forced for project org.connectbot.jbcrypt:jbcrypt:jar:1.0.0
[INFO] 
[INFO] --- maven-hpi-plugin:3.27:resolve-test-dependencies (default-resolve-test-dependencies) @ code-coverage-api ---
[WARNING] Error resolving project artifact: org.connectbot.jbcrypt:jbcrypt:pom:1.0.0 was not found in https://repo.jenkins-ci.org/releases/ during a previous attempt. This failure was cached in the local repository and resolution is not reattempted until the update interval of maven.jenkins-ci.org has elapsed or updates are forced for project org.connectbot.jbcrypt:jbcrypt:jar:1.0.0
[INFO] 
[INFO] --- gmavenplus-plugin:1.13.1:compileTests (test-in-groovy) @ code-coverage-api ---
[INFO] No sources specified for compilation. Skipping.
[INFO] 
[INFO] --- jacoco-maven-plugin:0.8.8:prepare-agent (default) @ code-coverage-api ---
[INFO] argLine set to -javaagent:/home/gabsko/.m2/repository/org/jacoco/org.jacoco.agent/0.8.8/org.jacoco.agent-0.8.8-runtime.jar=destfile=/home/gabsko/breaking-updates/plugin/target/jacoco.exec,includes=io/jenkins/plugins/**/* -Xms768M -Xmx768M -XX:+HeapDumpOnOutOfMemoryError -XX:+TieredCompilation -XX:TieredStopAtLevel=1 @{jenkins.addOpens} @{jenkins.insaneHook}
[INFO] 
[INFO] --- maven-hpi-plugin:3.27:test-runtime (default-test-runtime) @ code-coverage-api ---
[INFO] Setting jenkins.insaneHook to --patch-module=java.base=/tmp/org-netbeans-insane-hook5701655209363035724.jar --add-exports=java.base/org.netbeans.insane.hook=ALL-UNNAMED
[INFO] 
[INFO] --- maven-surefire-plugin:3.0.0-M6:test (default-test) @ code-coverage-api ---
[INFO] Using auto detected provider org.apache.maven.surefire.junitplatform.JUnitPlatformProvider
[INFO] 
[INFO] -------------------------------------------------------
[INFO]  T E S T S
[INFO] -------------------------------------------------------
[INFO] Running io.jenkins.plugins.coverage.CoverageChecksPublisherTest
[INFO] Tests run: 7, Failures: 0, Errors: 0, Skipped: 0, Time elapsed: 2.221 s - in io.jenkins.plugins.coverage.CoverageChecksPublisherTest
[INFO] Running io.jenkins.plugins.coverage.CoverageCornerCaseTest
WARNING: An illegal reflective access operation has occurred
WARNING: Illegal reflective access by org.codehaus.groovy.vmplugin.v7.Java7$1 (file:/home/gabsko/.m2/repository/org/codehaus/groovy/groovy-all/2.4.12/groovy-all-2.4.12.jar) to constructor java.lang.invoke.MethodHandles$Lookup(java.lang.Class,int)
WARNING: Please consider reporting this to the maintainers of org.codehaus.groovy.vmplugin.v7.Java7$1
WARNING: Use --illegal-access=warn to enable warnings of further illegal reflective access operations
WARNING: All illegal access operations will be denied in a future release
[INFO] Tests run: 3, Failures: 0, Errors: 0, Skipped: 0, Time elapsed: 14.5 s - in io.jenkins.plugins.coverage.CoverageCornerCaseTest
[INFO] Running io.jenkins.plugins.coverage.CoveragePublisherPipelineTest
WARNING: An illegal reflective access operation has occurred
WARNING: Illegal reflective access by org.codehaus.groovy.vmplugin.v7.Java7$1 (file:/home/gabsko/.m2/repository/org/codehaus/groovy/groovy-all/2.4.12/groovy-all-2.4.12.jar) to constructor java.lang.invoke.MethodHandles$Lookup(java.lang.Class,int)
WARNING: Please consider reporting this to the maintainers of org.codehaus.groovy.vmplugin.v7.Java7$1
WARNING: Use --illegal-access=warn to enable warnings of further illegal reflective access operations
WARNING: All illegal access operations will be denied in a future release
[INFO] Tests run: 9, Failures: 0, Errors: 0, Skipped: 0, Time elapsed: 30.6 s - in io.jenkins.plugins.coverage.CoveragePublisherPipelineTest
[INFO] Running io.jenkins.plugins.coverage.Security2376Test
WARNING: An illegal reflective access operation has occurred
WARNING: Illegal reflective access by org.codehaus.groovy.vmplugin.v7.Java7$1 (file:/home/gabsko/.m2/repository/org/codehaus/groovy/groovy-all/2.4.12/groovy-all-2.4.12.jar) to constructor java.lang.invoke.MethodHandles$Lookup(java.lang.Class,int)
WARNING: Please consider reporting this to the maintainers of org.codehaus.groovy.vmplugin.v7.Java7$1
WARNING: Use --illegal-access=warn to enable warnings of further illegal reflective access operations
WARNING: All illegal access operations will be denied in a future release
[INFO] Tests run: 1, Failures: 0, Errors: 0, Skipped: 0, Time elapsed: 8.875 s - in io.jenkins.plugins.coverage.Security2376Test
[INFO] Running io.jenkins.plugins.coverage.model.CodeDeltaCalculatorTest
[INFO] Tests run: 5, Failures: 0, Errors: 0, Skipped: 0, Time elapsed: 2.292 s - in io.jenkins.plugins.coverage.model.CodeDeltaCalculatorTest
[INFO] Running io.jenkins.plugins.coverage.model.CoverageBuildActionTest
[INFO] Tests run: 10, Failures: 0, Errors: 0, Skipped: 0, Time elapsed: 2.125 s - in io.jenkins.plugins.coverage.model.CoverageBuildActionTest
[INFO] Running io.jenkins.plugins.coverage.model.CoverageJobActionTest
[INFO] Tests run: 3, Failures: 0, Errors: 0, Skipped: 0, Time elapsed: 3.056 s - in io.jenkins.plugins.coverage.model.CoverageJobActionTest
[INFO] Running io.jenkins.plugins.coverage.model.CoverageLeafTest
[INFO] Tests run: 2, Failures: 0, Errors: 0, Skipped: 0, Time elapsed: 0.278 s - in io.jenkins.plugins.coverage.model.CoverageLeafTest
[INFO] Running io.jenkins.plugins.coverage.model.CoverageMetricTest
[INFO] Tests run: 2, Failures: 0, Errors: 0, Skipped: 0, Time elapsed: 0.087 s - in io.jenkins.plugins.coverage.model.CoverageMetricTest
[INFO] Running io.jenkins.plugins.coverage.model.CoverageNodeTest
[INFO] Tests run: 22, Failures: 0, Errors: 0, Skipped: 0, Time elapsed: 4.468 s - in io.jenkins.plugins.coverage.model.CoverageNodeTest
[INFO] Running io.jenkins.plugins.coverage.model.CoveragePercentageTest
[INFO] Tests run: 10, Failures: 0, Errors: 0, Skipped: 0, Time elapsed: 0.362 s - in io.jenkins.plugins.coverage.model.CoveragePercentageTest
[INFO] Running io.jenkins.plugins.coverage.model.CoverageResultTest
[INFO] Tests run: 1, Failures: 0, Errors: 0, Skipped: 0, Time elapsed: 1.101 s - in io.jenkins.plugins.coverage.model.CoverageResultTest
[INFO] Running io.jenkins.plugins.coverage.model.CoverageTest
[INFO] Tests run: 16, Failures: 0, Errors: 0, Skipped: 0, Time elapsed: 0.402 s - in io.jenkins.plugins.coverage.model.CoverageTest
[INFO] Running io.jenkins.plugins.coverage.model.CoverageTreeCreatorTest
[INFO] Tests run: 4, Failures: 0, Errors: 0, Skipped: 0, Time elapsed: 1.225 s - in io.jenkins.plugins.coverage.model.CoverageTreeCreatorTest
[INFO] Running io.jenkins.plugins.coverage.model.CoverageViewModelTest
[INFO] Tests run: 5, Failures: 0, Errors: 0, Skipped: 0, Time elapsed: 3.386 s - in io.jenkins.plugins.coverage.model.CoverageViewModelTest
[INFO] Running io.jenkins.plugins.coverage.model.CoverageXmlStreamTest
[INFO] Tests run: 10, Failures: 0, Errors: 0, Skipped: 0, Time elapsed: 1.573 s - in io.jenkins.plugins.coverage.model.CoverageXmlStreamTest
[INFO] Running io.jenkins.plugins.coverage.model.FileChangesProcessorTest
[INFO] Tests run: 3, Failures: 0, Errors: 0, Skipped: 0, Time elapsed: 1.104 s - in io.jenkins.plugins.coverage.model.FileChangesProcessorTest
[INFO] Running io.jenkins.plugins.coverage.model.FileCoverageNodeTest
[INFO] Tests run: 3, Failures: 0, Errors: 0, Skipped: 0, Time elapsed: 0.544 s - in io.jenkins.plugins.coverage.model.FileCoverageNodeTest
[INFO] Running io.jenkins.plugins.coverage.model.MethodCoverageNodeTest
[INFO] Tests run: 4, Failures: 0, Errors: 0, Skipped: 0, Time elapsed: 0.464 s - in io.jenkins.plugins.coverage.model.MethodCoverageNodeTest
[INFO] Running io.jenkins.plugins.coverage.model.PackageCoverageNodeTest
[INFO] Tests run: 3, Failures: 0, Errors: 0, Skipped: 0, Time elapsed: 0.492 s - in io.jenkins.plugins.coverage.model.PackageCoverageNodeTest
[INFO] Running io.jenkins.plugins.coverage.model.PluginArchitectureTest
[INFO] Tests run: 14, Failures: 0, Errors: 0, Skipped: 0, Time elapsed: 2.792 s - in io.jenkins.plugins.coverage.model.PluginArchitectureTest
[INFO] Running io.jenkins.plugins.coverage.model.visualization.charts.CoverageSeriesBuilderTest
[INFO] Tests run: 3, Failures: 0, Errors: 0, Skipped: 0, Time elapsed: 1.706 s - in io.jenkins.plugins.coverage.model.visualization.charts.CoverageSeriesBuilderTest
[INFO] Running io.jenkins.plugins.coverage.model.visualization.code.SourceCodeFacadeTest
[INFO] Tests run: 2, Failures: 0, Errors: 0, Skipped: 0, Time elapsed: 0.17 s - in io.jenkins.plugins.coverage.model.visualization.code.SourceCodeFacadeTest
[INFO] Running io.jenkins.plugins.coverage.model.visualization.colorization.ColorProviderFactoryTest
[INFO] Tests run: 1, Failures: 0, Errors: 0, Skipped: 0, Time elapsed: 0.129 s - in io.jenkins.plugins.coverage.model.visualization.colorization.ColorProviderFactoryTest
[INFO] Running io.jenkins.plugins.coverage.model.visualization.colorization.ColorProviderTest
[INFO] Tests run: 9, Failures: 0, Errors: 0, Skipped: 0, Time elapsed: 0.5 s - in io.jenkins.plugins.coverage.model.visualization.colorization.ColorProviderTest
[INFO] Running io.jenkins.plugins.coverage.model.visualization.colorization.CoverageChangeLevelTest
[INFO] Tests run: 2, Failures: 0, Errors: 0, Skipped: 0, Time elapsed: 0.098 s - in io.jenkins.plugins.coverage.model.visualization.colorization.CoverageChangeLevelTest
[INFO] Running io.jenkins.plugins.coverage.model.visualization.colorization.CoverageChangeTendencyTest
[INFO] Tests run: 2, Failures: 0, Errors: 0, Skipped: 0, Time elapsed: 0.15 s - in io.jenkins.plugins.coverage.model.visualization.colorization.CoverageChangeTendencyTest
[INFO] Running io.jenkins.plugins.coverage.model.visualization.colorization.CoverageLevelTest
[INFO] Tests run: 2, Failures: 0, Errors: 0, Skipped: 0, Time elapsed: 0.11 s - in io.jenkins.plugins.coverage.model.visualization.colorization.CoverageLevelTest
[INFO] Running io.jenkins.plugins.coverage.model.visualization.dashboard.ChangeCoverageDeltaTest
[INFO] Tests run: 6, Failures: 0, Errors: 0, Skipped: 0, Time elapsed: 1.656 s - in io.jenkins.plugins.coverage.model.visualization.dashboard.ChangeCoverageDeltaTest
[INFO] Running io.jenkins.plugins.coverage.model.visualization.dashboard.ChangeCoverageTest
[INFO] Tests run: 6, Failures: 0, Errors: 0, Skipped: 0, Time elapsed: 1.649 s - in io.jenkins.plugins.coverage.model.visualization.dashboard.ChangeCoverageTest
[INFO] Running io.jenkins.plugins.coverage.model.visualization.dashboard.CoverageColumnTest
[INFO] Tests run: 9, Failures: 0, Errors: 0, Skipped: 0, Time elapsed: 2.4 s - in io.jenkins.plugins.coverage.model.visualization.dashboard.CoverageColumnTest
[INFO] Running io.jenkins.plugins.coverage.model.visualization.dashboard.CoverageColumnTypeTest
[INFO] Tests run: 2, Failures: 0, Errors: 0, Skipped: 0, Time elapsed: 0.146 s - in io.jenkins.plugins.coverage.model.visualization.dashboard.CoverageColumnTypeTest
[INFO] Running io.jenkins.plugins.coverage.model.visualization.dashboard.IndirectCoverageChangesTest
[INFO] Tests run: 6, Failures: 0, Errors: 0, Skipped: 0, Time elapsed: 1.637 s - in io.jenkins.plugins.coverage.model.visualization.dashboard.IndirectCoverageChangesTest
[INFO] Running io.jenkins.plugins.coverage.model.visualization.dashboard.ProjectCoverageDeltaTest
[INFO] Tests run: 6, Failures: 0, Errors: 0, Skipped: 0, Time elapsed: 1.596 s - in io.jenkins.plugins.coverage.model.visualization.dashboard.ProjectCoverageDeltaTest
[INFO] Running io.jenkins.plugins.coverage.model.visualization.dashboard.ProjectCoverageTest
[INFO] Tests run: 6, Failures: 0, Errors: 0, Skipped: 0, Time elapsed: 1.516 s - in io.jenkins.plugins.coverage.model.visualization.dashboard.ProjectCoverageTest
[INFO] Running io.jenkins.plugins.coverage.model.visualization.tree.TreeMapNodeConverterTest
[INFO] Tests run: 2, Failures: 0, Errors: 0, Skipped: 0, Time elapsed: 1.428 s - in io.jenkins.plugins.coverage.model.visualization.tree.TreeMapNodeConverterTest
[INFO] 
[INFO] Results:
[INFO] 
[INFO] Tests run: 201, Failures: 0, Errors: 0, Skipped: 0
[INFO] 
[INFO] 
[INFO] --- animal-sniffer-maven-plugin:1.21:check (check) @ code-coverage-api ---
[INFO] Signature checking is skipped.
[INFO] 
[INFO] -----------< io.jenkins.plugins:code-coverage-api-ui-tests >------------
[INFO] Building UI Tests of Code Coverage Plugin UNVERSIONED              [2/3]
[INFO] --------------------------------[ jar ]---------------------------------
[INFO] 
[INFO] --- maven-clean-plugin:3.2.0:clean (default-clean) @ code-coverage-api-ui-tests ---
[INFO] Deleting /home/gabsko/breaking-updates/ui-tests/target
[INFO] 
[INFO] --- maven-enforcer-plugin:3.0.0:enforce (enforce-require-property-diverges) @ code-coverage-api-ui-tests ---
[INFO] 
[INFO] --- maven-enforcer-plugin:3.0.0:enforce (enforce-java) @ code-coverage-api-ui-tests ---
[INFO] 
[INFO] --- maven-resources-plugin:3.2.0:resources (default-resources) @ code-coverage-api-ui-tests ---
[INFO] Using 'UTF-8' encoding to copy filtered resources.
[INFO] Using 'UTF-8' encoding to copy filtered properties files.
[INFO] skip non existing resourceDirectory /home/gabsko/breaking-updates/ui-tests/src/main/resources
[INFO] 
[INFO] --- maven-resources-plugin:3.2.0:copy-resources (copy-resources) @ code-coverage-api-ui-tests ---
[INFO] Using 'UTF-8' encoding to copy filtered resources.
[INFO] Using 'UTF-8' encoding to copy filtered properties files.
[INFO] Copying 0 resource
[INFO] 
[INFO] --- maven-compiler-plugin:3.10.1:compile (default-compile) @ code-coverage-api-ui-tests ---
[INFO] Changes detected - recompiling the module!
[INFO] Compiling 11 source files to /home/gabsko/breaking-updates/ui-tests/target/classes
[WARNING] Unable to autodetect 'javac' path, using 'javac' from the environment.
[WARNING] [options] bootstrap class path not set in conjunction with -source 8
[WARNING] /home/gabsko/breaking-updates/ui-tests/src/main/java/io/jenkins/plugins/coverage/CoveragePublisher/CoveragePublisher.java:[79,33] [Varifier] Consider using `var` here to avoid boilerplate.
    (see https://errorprone.info/bugpattern/Varifier)
  Did you mean 'var panel = new SourceCodeDirectoryPanel(this, path);'?
[WARNING] /home/gabsko/breaking-updates/ui-tests/src/main/java/io/jenkins/plugins/coverage/CoveragePublisher/CoveragePublisher.java:[172,16] [Varifier] Consider using `var` here to avoid boilerplate.
    (see https://errorprone.info/bugpattern/Varifier)
  Did you mean 'var newAdapter = new Adapter(this, path);'?
[WARNING] /home/gabsko/breaking-updates/ui-tests/src/main/java/io/jenkins/plugins/coverage/CoveragePublisher/CoveragePublisher.java:[206,24] [Varifier] Consider using `var` here to avoid boilerplate.
    (see https://errorprone.info/bugpattern/Varifier)
  Did you mean 'var threshold = new GlobalThreshold(this, path);'?
[WARNING] /home/gabsko/breaking-updates/ui-tests/src/main/java/io/jenkins/plugins/coverage/CoveragePublisher/CoveragePublisher.java:[230,8] [MemberName] Static variables should be named in UPPER_SNAKE_CASE if deeply immutable or lowerCamelCase if not.
    (see https://google.github.io/styleguide/javaguide.html#s5.2-specific-identifier-names)
[WARNING] /home/gabsko/breaking-updates/ui-tests/src/main/java/io/jenkins/plugins/coverage/CoveragePublisher/Adapter.java:[76,25] [Varifier] Consider using `var` here to avoid boilerplate.
    (see https://errorprone.info/bugpattern/Varifier)
  Did you mean 'var adapterThreshold = new AdapterThreshold(this, path);'?
[WARNING] /home/gabsko/breaking-updates/ui-tests/src/main/java/io/jenkins/plugins/coverage/util/ChartUtil.java:[35,25] [Varifier] Consider using `var` here to avoid boilerplate.
    (see https://errorprone.info/bugpattern/Varifier)
  Did you mean 'var scriptResult = new ScriptResult(result);'?
[WARNING] /home/gabsko/breaking-updates/ui-tests/src/main/java/io/jenkins/plugins/coverage/CoverageReport.java:[188,39] [UnnecessaryParentheses] These grouping parentheses are unnecessary; it is unlikely the code will be misinterpreted without them
    (see https://errorprone.info/bugpattern/UnnecessaryParentheses)
  Did you mean 'fileTable = getElement( By.id("source-file-unavailable"));'?
[INFO] 
[INFO] --- maven-help-plugin:3.2.0:active-profiles (show-profiles) @ code-coverage-api-ui-tests ---
[INFO] 
Active Profiles for Project 'io.jenkins.plugins:code-coverage-api:hpi:3.0.0-SNAPSHOT':

The following profiles are active:

 - jdk-9-and-above (source: org.jenkins-ci.plugins:plugin:4.40)
 - all-tests (source: org.jenkins-ci.plugins:plugin:4.40)
 - consume-incrementals (source: org.jenkins-ci.plugins:plugin:4.40)
 - might-produce-incrementals (source: org.jenkins-ci.plugins:plugin:4.40)



Active Profiles for Project 'io.jenkins.plugins:code-coverage-api-ui-tests:jar:UNVERSIONED':

The following profiles are active:

 - consume-incrementals (source: io.jenkins.plugins:code-coverage-api-ui-tests:UNVERSIONED)
 - might-produce-incrementals (source: io.jenkins.plugins:code-coverage-api-ui-tests:UNVERSIONED)



Active Profiles for Project 'io.jenkins.plugins:code-coverage-api-parent:pom:UNVERSIONED':

The following profiles are active:




[INFO] 
[INFO] --- assertj-assertions-generator-maven-plugin:2.2.0:generate-assertions (default) @ code-coverage-api-ui-tests ---
[INFO] 
[INFO] --- maven-resources-plugin:3.2.0:testResources (default-testResources) @ code-coverage-api-ui-tests ---
[INFO] Using 'UTF-8' encoding to copy filtered resources.
[INFO] Using 'UTF-8' encoding to copy filtered properties files.
[INFO] Copying 3 resources
[INFO] 
[INFO] --- maven-compiler-plugin:3.10.1:testCompile (default-testCompile) @ code-coverage-api-ui-tests ---
[INFO] Changes detected - recompiling the module!
[INFO] Compiling 23 source files to /home/gabsko/breaking-updates/ui-tests/target/test-classes
[WARNING] Unable to autodetect 'javac' path, using 'javac' from the environment.
[WARNING] [options] bootstrap class path not set in conjunction with -source 8
[WARNING] /home/gabsko/breaking-updates/ui-tests/src/test/java/io/jenkins/plugins/coverage/SmokeTests.java:[35,23] [Varifier] Consider using `var` here to avoid boilerplate.
    (see https://errorprone.info/bugpattern/Varifier)
  Did you mean 'var report = new CoverageReport(secondBuild);'?
[WARNING] /home/gabsko/breaking-updates/ui-tests/src/test/java/io/jenkins/plugins/coverage/SmokeTests.java:[52,18] [Varifier] Consider using `var` here to avoid boilerplate.
    (see https://errorprone.info/bugpattern/Varifier)
  Did you mean 'var mainPanel = new MainPanel(job);'?
[WARNING] /home/gabsko/breaking-updates/ui-tests/src/test/java/io/jenkins/plugins/coverage/CoverageReportTest.java:[31,23] [Varifier] Consider using `var` here to avoid boilerplate.
    (see https://errorprone.info/bugpattern/Varifier)
  Did you mean 'var report = new CoverageReport(build);'?
[WARNING] /home/gabsko/breaking-updates/ui-tests/src/test/java/io/jenkins/plugins/coverage/CoverageReportTest.java:[55,23] [Varifier] Consider using `var` here to avoid boilerplate.
    (see https://errorprone.info/bugpattern/Varifier)
  Did you mean 'var report = new CoverageReport(secondBuild);'?
[WARNING] /home/gabsko/breaking-updates/ui-tests/src/test/java/io/jenkins/plugins/coverage/CoverageReportTest.java:[81,23] [Varifier] Consider using `var` here to avoid boilerplate.
    (see https://errorprone.info/bugpattern/Varifier)
  Did you mean 'var report = new CoverageReport(secondBuild);'?
[WARNING] /home/gabsko/breaking-updates/ui-tests/src/test/java/io/jenkins/plugins/coverage/CoverageReportTest.java:[104,23] [Varifier] Consider using `var` here to avoid boilerplate.
    (see https://errorprone.info/bugpattern/Varifier)
  Did you mean 'var report = new CoverageReport(secondBuild);'?
[WARNING] /home/gabsko/breaking-updates/ui-tests/src/test/java/io/jenkins/plugins/coverage/CoverageSummaryTest.java:[34,24] [Varifier] Consider using `var` here to avoid boilerplate.
    (see https://errorprone.info/bugpattern/Varifier)
  Did you mean 'var cs = new CoverageSummary(build, "coverage");'?
[WARNING] /home/gabsko/breaking-updates/ui-tests/src/test/java/io/jenkins/plugins/coverage/CoverageSummaryTest.java:[53,24] [Varifier] Consider using `var` here to avoid boilerplate.
    (see https://errorprone.info/bugpattern/Varifier)
  Did you mean 'var cs = new CoverageSummary(build, "coverage");'?
[WARNING] /home/gabsko/breaking-updates/ui-tests/src/test/java/io/jenkins/plugins/coverage/CoverageSummaryTest.java:[76,24] [Varifier] Consider using `var` here to avoid boilerplate.
    (see https://errorprone.info/bugpattern/Varifier)
  Did you mean 'var cs = new CoverageSummary(build, "coverage");'?
[WARNING] /home/gabsko/breaking-updates/ui-tests/src/test/java/io/jenkins/plugins/coverage/CoverageSummaryTest.java:[96,24] [Varifier] Consider using `var` here to avoid boilerplate.
    (see https://errorprone.info/bugpattern/Varifier)
  Did you mean 'var cs = new CoverageSummary(build, "coverage");'?
[WARNING] /home/gabsko/breaking-updates/ui-tests/src/test/java/io/jenkins/plugins/coverage/CoveragePublisherTest.java:[109,23] [Varifier] Consider using `var` here to avoid boilerplate.
    (see https://errorprone.info/bugpattern/Varifier)
  Did you mean 'var report = new CoverageReport(build);'?
[WARNING] /home/gabsko/breaking-updates/ui-tests/src/test/java/io/jenkins/plugins/coverage/MainPanelTest.java:[25,18] [Varifier] Consider using `var` here to avoid boilerplate.
    (see https://errorprone.info/bugpattern/Varifier)
  Did you mean 'var mainPanel = new MainPanel(job);'?
[WARNING] /home/gabsko/breaking-updates/ui-tests/src/test/java/io/jenkins/plugins/coverage/MainPanelTest.java:[37,18] [Varifier] Consider using `var` here to avoid boilerplate.
    (see https://errorprone.info/bugpattern/Varifier)
  Did you mean 'var mainPanel = new MainPanel(job);'?
[INFO] 
[INFO] --- jacoco-maven-plugin:0.8.8:prepare-agent (default) @ code-coverage-api-ui-tests ---
[INFO] Skipping JaCoCo execution because property jacoco.skip is set.
[INFO] 
[INFO] --- maven-surefire-plugin:3.0.0-M6:test (default-test) @ code-coverage-api-ui-tests ---
[INFO] Using auto detected provider org.apache.maven.surefire.junitplatform.JUnitPlatformProvider
[INFO] 
[INFO] -------------------------------------------------------
[INFO]  T E S T S
[INFO] -------------------------------------------------------
SLF4J: Class path contains multiple SLF4J bindings.
SLF4J: Found binding in [jar:file:/home/gabsko/.m2/repository/org/slf4j/slf4j-log4j12/1.7.30/slf4j-log4j12-1.7.30.jar!/org/slf4j/impl/StaticLoggerBinder.class]
SLF4J: Found binding in [jar:file:/home/gabsko/.m2/repository/org/slf4j/slf4j-simple/1.7.30/slf4j-simple-1.7.30.jar!/org/slf4j/impl/StaticLoggerBinder.class]
SLF4J: See http://www.slf4j.org/codes.html#multiple_bindings for an explanation.
SLF4J: Actual binding is of type [org.slf4j.impl.Log4jLoggerFactory]
SLF4J: Class path contains multiple SLF4J bindings.
SLF4J: Found binding in [jar:file:/home/gabsko/.m2/repository/org/slf4j/slf4j-log4j12/1.7.30/slf4j-log4j12-1.7.30.jar!/org/slf4j/impl/StaticLoggerBinder.class]
SLF4J: Found binding in [jar:file:/home/gabsko/.m2/repository/org/slf4j/slf4j-simple/1.7.30/slf4j-simple-1.7.30.jar!/org/slf4j/impl/StaticLoggerBinder.class]
SLF4J: See http://www.slf4j.org/codes.html#multiple_bindings for an explanation.
SLF4J: Actual binding is of type [org.slf4j.impl.Log4jLoggerFactory]
[INFO] Running io.jenkins.plugins.coverage.SmokeTests
WARNING: An illegal reflective access operation has occurred
WARNING: Illegal reflective access by com.google.inject.internal.cglib.core.$ReflectUtils$2 (file:/home/gabsko/.m2/repository/com/google/inject/guice/4.0/guice-4.0.jar) to method java.lang.ClassLoader.defineClass(java.lang.String,byte[],int,int,java.security.ProtectionDomain)
WARNING: Please consider reporting this to the maintainers of com.google.inject.internal.cglib.core.$ReflectUtils$2
WARNING: Use --illegal-access=warn to enable warnings of further illegal reflective access operations
WARNING: All illegal access operations will be denied in a future release
2023-02-05 05:36:06,953 [main] INFO   (DefaultHttpProxyServer.java:485) org.littleshoot.proxy.impl.DefaultHttpProxyServer - Starting proxy at address: localhost/127.0.0.1:0
2023-02-05 05:36:06,996 [main] INFO   (DefaultHttpProxyServer.java:514) org.littleshoot.proxy.impl.DefaultHttpProxyServer - Proxy listening with TCP transport
2023-02-05 05:36:07,117 [main] INFO   (DefaultHttpProxyServer.java:540) org.littleshoot.proxy.impl.DefaultHttpProxyServer - Proxy started at address: /127.0.0.1:46585
[ERROR] 1 error:  :com.google.inject.ProvisionException: 
[INFO] Tests run: 0, Failures: 0, Errors: 0, Skipped: 0, Time elapsed: 1.163 s - in io.jenkins.plugins.coverage.SmokeTests
[INFO] Running io.jenkins.plugins.coverage.SmokeTests
[ERROR] 1 error:  �:com.google.inject.ProvisionException: 
[INFO] Tests run: 0, Failures: 0, Errors: 0, Skipped: 0, Time elapsed: 0.136 s - in io.jenkins.plugins.coverage.SmokeTests
[INFO] 
[INFO] Results:
[INFO] 
[INFO] Tests run: 0, Failures: 0, Errors: 0, Skipped: 0
[INFO] 
[WARNING] Corrupted channel by directly writing to native stream in forked JVM 1. See FAQ web page and the dump file /home/gabsko/breaking-updates/ui-tests/target/surefire-reports/2023-02-05T05-36-04_902-jvmRun1.dumpstream
[INFO] 
[INFO] ------------< io.jenkins.plugins:code-coverage-api-parent >-------------
[INFO] Building Aggregator for Code Coverage Plugin UNVERSIONED           [3/3]
[INFO] --------------------------------[ pom ]---------------------------------
[INFO] 
[INFO] --- maven-clean-plugin:2.5:clean (default-clean) @ code-coverage-api-parent ---
[INFO] ------------------------------------------------------------------------
[INFO] Reactor Summary:
[INFO] 
[INFO] Code Coverage API Plugin 3.0.0-SNAPSHOT ............ SUCCESS [02:34 min]
[INFO] UI Tests of Code Coverage Plugin UNVERSIONED ....... SUCCESS [  9.623 s]
[INFO] Aggregator for Code Coverage Plugin UNVERSIONED .... SUCCESS [  0.015 s]
[INFO] ------------------------------------------------------------------------
[INFO] BUILD SUCCESS
[INFO] ------------------------------------------------------------------------
[INFO] Total time:  02:45 min
[INFO] Finished at: 2023-02-05T05:36:07Z
[INFO] ------------------------------------------------------------------------
