[INFO] Scanning for projects...
[WARNING] 
[WARNING] Some problems were encountered while building the effective model for org.logevents:logevents:jar:0.3.0
[WARNING] 'build.plugins.plugin.version' for org.apache.maven.plugins:maven-resources-plugin is missing. @ org.logevents:logevents-parent:0.3.0, /home/gabsko/breaking-updates/pom.xml, line 58, column 21
[WARNING] 
[WARNING] Some problems were encountered while building the effective model for org.logevents:logevents-config-demo:jar:0.3.0
[WARNING] 'build.plugins.plugin.version' for org.apache.maven.plugins:maven-resources-plugin is missing. @ org.logevents:logevents-parent:0.3.0, /home/gabsko/breaking-updates/pom.xml, line 58, column 21
[WARNING] 
[WARNING] Some problems were encountered while building the effective model for org.logevents:logevents-smtp-demo:jar:0.3.0
[WARNING] 'build.plugins.plugin.version' for org.apache.maven.plugins:maven-shade-plugin is missing. @ line 45, column 21
[WARNING] 'build.plugins.plugin.version' for org.apache.maven.plugins:maven-resources-plugin is missing. @ org.logevents:logevents-parent:0.3.0, /home/gabsko/breaking-updates/pom.xml, line 58, column 21
[WARNING] 
[WARNING] Some problems were encountered while building the effective model for org.logevents:logevents-servlets-demo:jar:0.3.0
[WARNING] 'build.plugins.plugin.version' for org.apache.maven.plugins:maven-resources-plugin is missing. @ org.logevents:logevents-parent:0.3.0, /home/gabsko/breaking-updates/pom.xml, line 58, column 21
[WARNING] 
[WARNING] Some problems were encountered while building the effective model for org.logevents:logevents-benchmark:jar:0.3.0
[WARNING] 'build.plugins.plugin.version' for org.apache.maven.plugins:maven-resources-plugin is missing. @ org.logevents:logevents-parent:0.3.0, /home/gabsko/breaking-updates/pom.xml, line 58, column 21
[WARNING] 
[WARNING] Some problems were encountered while building the effective model for org.logevents:logevents-parent:pom:0.3.0
[WARNING] 'build.plugins.plugin.version' for org.apache.maven.plugins:maven-resources-plugin is missing. @ line 58, column 21
[WARNING] 
[WARNING] It is highly recommended to fix these problems because they threaten the stability of your build.
[WARNING] 
[WARNING] For this reason, future Maven versions might no longer support building such malformed projects.
[WARNING] 
[INFO] ------------------------------------------------------------------------
[INFO] Reactor Build Order:
[INFO] 
[INFO] logevents for Java                                                 [pom]
[INFO] logevents for Java                                                 [jar]
[INFO] logevents-config-demo                                              [jar]
[INFO] logevents-smtp-demo                                                [jar]
[INFO] logevents-servlets-demo                                            [jar]
[INFO] logevents-benchmark                                                [jar]
[INFO] 
[INFO] -------------------< org.logevents:logevents-parent >-------------------
[INFO] Building logevents for Java 0.3.0                                  [1/6]
[INFO] --------------------------------[ pom ]---------------------------------
[INFO] 
[INFO] --- maven-clean-plugin:2.5:clean (default-clean) @ logevents-parent ---
[INFO] 
[INFO] --- jacoco-maven-plugin:0.8.3:prepare-agent (prepare-agent) @ logevents-parent ---
[INFO] argLine set to -javaagent:/home/gabsko/.m2/repository/org/jacoco/org.jacoco.agent/0.8.3/org.jacoco.agent-0.8.3-runtime.jar=destfile=/home/gabsko/breaking-updates/target/jacoco.exec
[INFO] 
[INFO] ----------------------< org.logevents:logevents >-----------------------
[INFO] Building logevents for Java 0.3.0                                  [2/6]
[INFO] --------------------------------[ jar ]---------------------------------
[INFO] 
[INFO] --- maven-clean-plugin:2.5:clean (default-clean) @ logevents ---
[INFO] Deleting /home/gabsko/breaking-updates/logevents/target
[INFO] 
[INFO] --- jacoco-maven-plugin:0.8.3:prepare-agent (prepare-agent) @ logevents ---
[INFO] argLine set to -javaagent:/home/gabsko/.m2/repository/org/jacoco/org.jacoco.agent/0.8.3/org.jacoco.agent-0.8.3-runtime.jar=destfile=/home/gabsko/breaking-updates/logevents/target/jacoco.exec
[INFO] 
[INFO] --- maven-resources-plugin:2.6:resources (default-resources) @ logevents ---
[INFO] Using 'UTF-8' encoding to copy filtered resources.
[INFO] Copying 9 resources
[INFO] 
[INFO] --- maven-compiler-plugin:3.8.1:compile (default-compile) @ logevents ---
[INFO] Changes detected - recompiling the module!
[INFO] Compiling 137 source files to /home/gabsko/breaking-updates/logevents/target/classes
[WARNING] /home/gabsko/breaking-updates/logevents/src/main/java/org/logevents/observers/web/HostKeyStore.java:[3,25] sun.security.x509.AlgorithmId is internal proprietary API and may be removed in a future release
[WARNING] /home/gabsko/breaking-updates/logevents/src/main/java/org/logevents/observers/web/HostKeyStore.java:[4,25] sun.security.x509.CertificateAlgorithmId is internal proprietary API and may be removed in a future release
[WARNING] /home/gabsko/breaking-updates/logevents/src/main/java/org/logevents/observers/web/HostKeyStore.java:[5,25] sun.security.x509.CertificateExtensions is internal proprietary API and may be removed in a future release
[WARNING] /home/gabsko/breaking-updates/logevents/src/main/java/org/logevents/observers/web/HostKeyStore.java:[6,25] sun.security.x509.CertificateSerialNumber is internal proprietary API and may be removed in a future release
[WARNING] /home/gabsko/breaking-updates/logevents/src/main/java/org/logevents/observers/web/HostKeyStore.java:[7,25] sun.security.x509.CertificateValidity is internal proprietary API and may be removed in a future release
[WARNING] /home/gabsko/breaking-updates/logevents/src/main/java/org/logevents/observers/web/HostKeyStore.java:[8,25] sun.security.x509.CertificateVersion is internal proprietary API and may be removed in a future release
[WARNING] /home/gabsko/breaking-updates/logevents/src/main/java/org/logevents/observers/web/HostKeyStore.java:[9,25] sun.security.x509.CertificateX509Key is internal proprietary API and may be removed in a future release
[WARNING] /home/gabsko/breaking-updates/logevents/src/main/java/org/logevents/observers/web/HostKeyStore.java:[10,25] sun.security.x509.DNSName is internal proprietary API and may be removed in a future release
[WARNING] /home/gabsko/breaking-updates/logevents/src/main/java/org/logevents/observers/web/HostKeyStore.java:[11,25] sun.security.x509.GeneralName is internal proprietary API and may be removed in a future release
[WARNING] /home/gabsko/breaking-updates/logevents/src/main/java/org/logevents/observers/web/HostKeyStore.java:[12,25] sun.security.x509.GeneralNames is internal proprietary API and may be removed in a future release
[WARNING] /home/gabsko/breaking-updates/logevents/src/main/java/org/logevents/observers/web/HostKeyStore.java:[13,25] sun.security.x509.KeyUsageExtension is internal proprietary API and may be removed in a future release
[WARNING] /home/gabsko/breaking-updates/logevents/src/main/java/org/logevents/observers/web/HostKeyStore.java:[14,25] sun.security.x509.SubjectAlternativeNameExtension is internal proprietary API and may be removed in a future release
[WARNING] /home/gabsko/breaking-updates/logevents/src/main/java/org/logevents/observers/web/HostKeyStore.java:[15,25] sun.security.x509.X500Name is internal proprietary API and may be removed in a future release
[WARNING] /home/gabsko/breaking-updates/logevents/src/main/java/org/logevents/observers/web/HostKeyStore.java:[16,25] sun.security.x509.X509CertImpl is internal proprietary API and may be removed in a future release
[WARNING] /home/gabsko/breaking-updates/logevents/src/main/java/org/logevents/observers/web/HostKeyStore.java:[17,25] sun.security.x509.X509CertInfo is internal proprietary API and may be removed in a future release
[WARNING] /home/gabsko/breaking-updates/logevents/src/main/java/org/logevents/observers/web/HostKeyStore.java:[92,9] sun.security.x509.X509CertInfo is internal proprietary API and may be removed in a future release
[WARNING] /home/gabsko/breaking-updates/logevents/src/main/java/org/logevents/observers/web/HostKeyStore.java:[92,37] sun.security.x509.X509CertInfo is internal proprietary API and may be removed in a future release
[WARNING] /home/gabsko/breaking-updates/logevents/src/main/java/org/logevents/observers/web/HostKeyStore.java:[93,22] sun.security.x509.X509CertInfo is internal proprietary API and may be removed in a future release
[WARNING] /home/gabsko/breaking-updates/logevents/src/main/java/org/logevents/observers/web/HostKeyStore.java:[93,48] sun.security.x509.CertificateVersion is internal proprietary API and may be removed in a future release
[WARNING] /home/gabsko/breaking-updates/logevents/src/main/java/org/logevents/observers/web/HostKeyStore.java:[93,67] sun.security.x509.CertificateVersion is internal proprietary API and may be removed in a future release
[WARNING] /home/gabsko/breaking-updates/logevents/src/main/java/org/logevents/observers/web/HostKeyStore.java:[94,22] sun.security.x509.X509CertInfo is internal proprietary API and may be removed in a future release
[WARNING] /home/gabsko/breaking-updates/logevents/src/main/java/org/logevents/observers/web/HostKeyStore.java:[94,54] sun.security.x509.CertificateSerialNumber is internal proprietary API and may be removed in a future release
[WARNING] /home/gabsko/breaking-updates/logevents/src/main/java/org/logevents/observers/web/HostKeyStore.java:[98,22] sun.security.x509.X509CertInfo is internal proprietary API and may be removed in a future release
[WARNING] /home/gabsko/breaking-updates/logevents/src/main/java/org/logevents/observers/web/HostKeyStore.java:[98,49] sun.security.x509.CertificateValidity is internal proprietary API and may be removed in a future release
[WARNING] /home/gabsko/breaking-updates/logevents/src/main/java/org/logevents/observers/web/HostKeyStore.java:[99,22] sun.security.x509.X509CertInfo is internal proprietary API and may be removed in a future release
[WARNING] /home/gabsko/breaking-updates/logevents/src/main/java/org/logevents/observers/web/HostKeyStore.java:[99,53] sun.security.x509.CertificateAlgorithmId is internal proprietary API and may be removed in a future release
[WARNING] /home/gabsko/breaking-updates/logevents/src/main/java/org/logevents/observers/web/HostKeyStore.java:[100,21] sun.security.x509.AlgorithmId is internal proprietary API and may be removed in a future release
[WARNING] /home/gabsko/breaking-updates/logevents/src/main/java/org/logevents/observers/web/HostKeyStore.java:[100,33] sun.security.x509.AlgorithmId is internal proprietary API and may be removed in a future release
[WARNING] /home/gabsko/breaking-updates/logevents/src/main/java/org/logevents/observers/web/HostKeyStore.java:[101,22] sun.security.x509.X509CertInfo is internal proprietary API and may be removed in a future release
[WARNING] /home/gabsko/breaking-updates/logevents/src/main/java/org/logevents/observers/web/HostKeyStore.java:[101,44] sun.security.x509.CertificateX509Key is internal proprietary API and may be removed in a future release
[WARNING] /home/gabsko/breaking-updates/logevents/src/main/java/org/logevents/observers/web/HostKeyStore.java:[102,22] sun.security.x509.X509CertInfo is internal proprietary API and may be removed in a future release
[WARNING] /home/gabsko/breaking-updates/logevents/src/main/java/org/logevents/observers/web/HostKeyStore.java:[102,47] sun.security.x509.X500Name is internal proprietary API and may be removed in a future release
[WARNING] /home/gabsko/breaking-updates/logevents/src/main/java/org/logevents/observers/web/HostKeyStore.java:[103,22] sun.security.x509.X509CertInfo is internal proprietary API and may be removed in a future release
[WARNING] /home/gabsko/breaking-updates/logevents/src/main/java/org/logevents/observers/web/HostKeyStore.java:[103,48] sun.security.x509.X500Name is internal proprietary API and may be removed in a future release
[WARNING] /home/gabsko/breaking-updates/logevents/src/main/java/org/logevents/observers/web/HostKeyStore.java:[105,9] sun.security.x509.CertificateExtensions is internal proprietary API and may be removed in a future release
[WARNING] /home/gabsko/breaking-updates/logevents/src/main/java/org/logevents/observers/web/HostKeyStore.java:[105,48] sun.security.x509.CertificateExtensions is internal proprietary API and may be removed in a future release
[WARNING] /home/gabsko/breaking-updates/logevents/src/main/java/org/logevents/observers/web/HostKeyStore.java:[107,9] sun.security.x509.KeyUsageExtension is internal proprietary API and may be removed in a future release
[WARNING] /home/gabsko/breaking-updates/logevents/src/main/java/org/logevents/observers/web/HostKeyStore.java:[107,51] sun.security.x509.KeyUsageExtension is internal proprietary API and may be removed in a future release
[WARNING] /home/gabsko/breaking-updates/logevents/src/main/java/org/logevents/observers/web/HostKeyStore.java:[108,31] sun.security.x509.KeyUsageExtension is internal proprietary API and may be removed in a future release
[WARNING] /home/gabsko/breaking-updates/logevents/src/main/java/org/logevents/observers/web/HostKeyStore.java:[109,31] sun.security.x509.KeyUsageExtension is internal proprietary API and may be removed in a future release
[WARNING] /home/gabsko/breaking-updates/logevents/src/main/java/org/logevents/observers/web/HostKeyStore.java:[110,24] sun.security.x509.KeyUsageExtension is internal proprietary API and may be removed in a future release
[WARNING] /home/gabsko/breaking-updates/logevents/src/main/java/org/logevents/observers/web/HostKeyStore.java:[112,9] sun.security.x509.GeneralNames is internal proprietary API and may be removed in a future release
[WARNING] /home/gabsko/breaking-updates/logevents/src/main/java/org/logevents/observers/web/HostKeyStore.java:[112,34] sun.security.x509.GeneralNames is internal proprietary API and may be removed in a future release
[WARNING] /home/gabsko/breaking-updates/logevents/src/main/java/org/logevents/observers/web/HostKeyStore.java:[113,23] sun.security.x509.GeneralName is internal proprietary API and may be removed in a future release
[WARNING] /home/gabsko/breaking-updates/logevents/src/main/java/org/logevents/observers/web/HostKeyStore.java:[113,39] sun.security.x509.DNSName is internal proprietary API and may be removed in a future release
[WARNING] /home/gabsko/breaking-updates/logevents/src/main/java/org/logevents/observers/web/HostKeyStore.java:[114,24] sun.security.x509.SubjectAlternativeNameExtension is internal proprietary API and may be removed in a future release
[WARNING] /home/gabsko/breaking-updates/logevents/src/main/java/org/logevents/observers/web/HostKeyStore.java:[114,66] sun.security.x509.SubjectAlternativeNameExtension is internal proprietary API and may be removed in a future release
[WARNING] /home/gabsko/breaking-updates/logevents/src/main/java/org/logevents/observers/web/HostKeyStore.java:[116,22] sun.security.x509.X509CertInfo is internal proprietary API and may be removed in a future release
[WARNING] /home/gabsko/breaking-updates/logevents/src/main/java/org/logevents/observers/web/HostKeyStore.java:[118,9] sun.security.x509.X509CertImpl is internal proprietary API and may be removed in a future release
[WARNING] /home/gabsko/breaking-updates/logevents/src/main/java/org/logevents/observers/web/HostKeyStore.java:[118,44] sun.security.x509.X509CertImpl is internal proprietary API and may be removed in a future release
[INFO] /home/gabsko/breaking-updates/logevents/src/main/java/org/logevents/util/NetUtils.java: /home/gabsko/breaking-updates/logevents/src/main/java/org/logevents/util/NetUtils.java uses or overrides a deprecated API.
[INFO] /home/gabsko/breaking-updates/logevents/src/main/java/org/logevents/util/NetUtils.java: Recompile with -Xlint:deprecation for details.
[INFO] /home/gabsko/breaking-updates/logevents/src/main/java/org/logevents/config/Configuration.java: Some input files use unchecked or unsafe operations.
[INFO] /home/gabsko/breaking-updates/logevents/src/main/java/org/logevents/config/Configuration.java: Recompile with -Xlint:unchecked for details.
[INFO] 
[INFO] --- maven-resources-plugin:2.6:testResources (default-testResources) @ logevents ---
[INFO] Using 'UTF-8' encoding to copy filtered resources.
[INFO] skip non existing resourceDirectory /home/gabsko/breaking-updates/logevents/src/test/resources
[INFO] 
[INFO] --- maven-compiler-plugin:3.8.1:testCompile (default-testCompile) @ logevents ---
[INFO] Changes detected - recompiling the module!
[INFO] Compiling 68 source files to /home/gabsko/breaking-updates/logevents/target/test-classes
[WARNING] /home/gabsko/breaking-updates/logevents/src/test/java/org/logevents/observers/web/HostKeyStoreTest.java:[4,25] sun.security.x509.GeneralNameInterface is internal proprietary API and may be removed in a future release
[WARNING] /home/gabsko/breaking-updates/logevents/src/test/java/org/logevents/observers/web/HostKeyStoreTest.java:[35,22] sun.security.x509.GeneralNameInterface is internal proprietary API and may be removed in a future release
[INFO] /home/gabsko/breaking-updates/logevents/src/test/java/org/logevents/observers/web/CryptoVaultTest.java: /home/gabsko/breaking-updates/logevents/src/test/java/org/logevents/observers/web/CryptoVaultTest.java uses or overrides a deprecated API.
[INFO] /home/gabsko/breaking-updates/logevents/src/test/java/org/logevents/observers/web/CryptoVaultTest.java: Recompile with -Xlint:deprecation for details.
[INFO] /home/gabsko/breaking-updates/logevents/src/test/java/org/logevents/optional/servlets/LogEventsServletTest.java: Some input files use unchecked or unsafe operations.
[INFO] /home/gabsko/breaking-updates/logevents/src/test/java/org/logevents/optional/servlets/LogEventsServletTest.java: Recompile with -Xlint:unchecked for details.
[INFO] 
[INFO] --- maven-surefire-plugin:2.12.4:test (default-test) @ logevents ---
[INFO] Surefire report directory: /home/gabsko/breaking-updates/logevents/target/surefire-reports

-------------------------------------------------------
 T E S T S
-------------------------------------------------------
Running org.logevents.config.ConfigurationTest
Tests run: 20, Failures: 0, Errors: 0, Skipped: 0, Time elapsed: 0.078 sec
Running org.logevents.config.DefaultLogEventConfiguratorTest
INFO: DefaultLogEventConfigurator: Logging by LogEvents (http://logevents.org). Create a file logevents.properties with the line logevents.status=INFO to suppress this message [DefaultLogEventConfigurator{/home/gabsko/breaking-updates/logevents}]
INFO: DefaultTestLogEventConfigurator: Logging by LogEvents (http://logevents.org). Create a file logevents.properties with the line logevents.status=INFO to suppress this message [DefaultTestLogEventConfigurator{/home/gabsko/breaking-updates/logevents}]
Tests run: 30, Failures: 0, Errors: 0, Skipped: 2, Time elapsed: 0.357 sec
Running org.logevents.observers.SlackLogEventObserverTest
ERROR: SourceCodeLookup: org.logevents/logevents pom.xml not found [org.logevents.formatters.SourceCodeLookup@32130e61]
ERROR: SourceCodeLookup: org.logevents/logevents pom.xml not found [org.logevents.formatters.SourceCodeLookup@4996c99]
Tests run: 5, Failures: 0, Errors: 0, Skipped: 0, Time elapsed: 0.132 sec
Running org.logevents.observers.batch.CooldownBatcherTest
Tests run: 5, Failures: 0, Errors: 0, Skipped: 0, Time elapsed: 0.509 sec
Running org.logevents.observers.batch.LogEventBatcherWithMdcTest
Tests run: 3, Failures: 0, Errors: 0, Skipped: 0, Time elapsed: 0.049 sec
Running org.logevents.observers.batch.ThrottlingBatcherTest
Tests run: 4, Failures: 0, Errors: 0, Skipped: 0, Time elapsed: 0.008 sec
Running org.logevents.observers.CompositeLogEventObserverTest

Tests run: 4, Failures: 0, Errors: 0, Skipped: 0, Time elapsed: 0.001 sec
Running org.logevents.observers.file.FileChannelTrackerTest
Tests run: 4, Failures: 0, Errors: 0, Skipped: 0, Time elapsed: 0.005 sec
Running org.logevents.observers.file.FileDestinationTest
Tests run: 5, Failures: 0, Errors: 0, Skipped: 1, Time elapsed: 0.003 sec
Running org.logevents.observers.file.FileRotationWorkerTest
Tests run: 9, Failures: 0, Errors: 0, Skipped: 0, Time elapsed: 0.03 sec
Running org.logevents.observers.file.FilenameFormatterTest
Tests run: 8, Failures: 0, Errors: 0, Skipped: 0, Time elapsed: 0.028 sec
Running org.logevents.observers.HumioLogEventObserverTest
Tests run: 9, Failures: 0, Errors: 0, Skipped: 0, Time elapsed: 0.105 sec
Running org.logevents.observers.web.LogEventHttpServerHttpTest
Tests run: 3, Failures: 0, Errors: 0, Skipped: 0, Time elapsed: 0.614 sec
Running org.logevents.observers.web.CryptoVaultTest
Tests run: 3, Failures: 0, Errors: 0, Skipped: 0, Time elapsed: 0.01 sec
Running org.logevents.observers.web.HostKeyStoreTest
Tests run: 3, Failures: 0, Errors: 0, Skipped: 0, Time elapsed: 0.472 sec
Running org.logevents.observers.web.LogEventHttpServerTest
Tests run: 6, Failures: 0, Errors: 0, Skipped: 0, Time elapsed: 0.07 sec
Running org.logevents.observers.LogEventPredicateTest
Tests run: 4, Failures: 0, Errors: 0, Skipped: 0, Time elapsed: 0.008 sec
Running org.logevents.observers.slack.SlackAlertOnlyFormatterTest
Tests run: 2, Failures: 0, Errors: 0, Skipped: 0, Time elapsed: 0.003 sec
Running org.logevents.observers.slack.SlackLogMessageFormatterTest
Tests run: 7, Failures: 0, Errors: 0, Skipped: 0, Time elapsed: 0.033 sec
Running org.logevents.observers.BatchingLogEventObserverTest
Tests run: 2, Failures: 0, Errors: 0, Skipped: 0, Time elapsed: 0.002 sec
Running org.logevents.observers.SystemTrayLogEventObserverTest
Tests run: 7, Failures: 0, Errors: 0, Skipped: 0, Time elapsed: 0.018 sec
Running org.logevents.observers.ElasticsearchLogEventObserverTest
Tests run: 7, Failures: 0, Errors: 0, Skipped: 1, Time elapsed: 0.006 sec
Running org.logevents.observers.teams.MicrosoftTeamsMessageFormatterTest
Tests run: 4, Failures: 0, Errors: 0, Skipped: 0, Time elapsed: 0.005 sec
Running org.logevents.observers.teams.MicrosoftTeamsAlertOnlyFormatterTest
Tests run: 1, Failures: 0, Errors: 0, Skipped: 0, Time elapsed: 0 sec
Running org.logevents.observers.ConsoleLogEventObserverTest
Tests run: 7, Failures: 0, Errors: 0, Skipped: 0, Time elapsed: 0.004 sec
Running org.logevents.observers.LevelThresholdConditionalObserverTest
Tests run: 1, Failures: 0, Errors: 0, Skipped: 0, Time elapsed: 0 sec
Running org.logevents.observers.SmtpLogEventObserverTest
Tests run: 2, Failures: 0, Errors: 0, Skipped: 0, Time elapsed: 0.03 sec
Running org.logevents.observers.StatisticsLogEventsObserverTest
Tests run: 4, Failures: 0, Errors: 0, Skipped: 0, Time elapsed: 0.002 sec
Running org.logevents.observers.DatabaseLogEventObserverTest
Tests run: 21, Failures: 0, Errors: 0, Skipped: 0, Time elapsed: 0.643 sec
Running org.logevents.observers.FileLogEventObserverTest
Tests run: 9, Failures: 0, Errors: 0, Skipped: 0, Time elapsed: 0.029 sec
Running org.logevents.observers.WebLogEventObserverTest
Tests run: 2, Failures: 0, Errors: 0, Skipped: 0, Time elapsed: 0.09 sec
Running org.logevents.observers.TcpLogEventObserverTest
Tests run: 3, Failures: 0, Errors: 0, Skipped: 0, Time elapsed: 0.006 sec
Running org.logevents.formatters.messages.MessageFormatterTest
Tests run: 11, Failures: 0, Errors: 0, Skipped: 0, Time elapsed: 0.001 sec
Running org.logevents.formatters.exceptions.SourceCodeLookupTest
Tests run: 6, Failures: 0, Errors: 0, Skipped: 0, Time elapsed: 0.004 sec
Running org.logevents.formatters.exceptions.ExceptionFormatterTest
Tests run: 12, Failures: 0, Errors: 0, Skipped: 0, Time elapsed: 0.003 sec
Running org.logevents.formatters.exceptions.CauseFirstExceptionFormatterTest
Tests run: 3, Failures: 0, Errors: 0, Skipped: 0, Time elapsed: 0 sec
Running org.logevents.formatters.ConsoleJsonLogEventFormatterTest
Tests run: 4, Failures: 0, Errors: 0, Skipped: 0, Time elapsed: 0.002 sec
Running org.logevents.formatters.PatternLogEventFormatterTest
Tests run: 19, Failures: 0, Errors: 0, Skipped: 0, Time elapsed: 0.021 sec
Running org.logevents.core.JavaUtilLoggingAdapterTest
Tests run: 4, Failures: 0, Errors: 0, Skipped: 0, Time elapsed: 0.001 sec
Running org.logevents.core.FilteredLogEventObserverTest
Tests run: 5, Failures: 0, Errors: 0, Skipped: 0, Time elapsed: 0.001 sec
Running org.logevents.core.LogEventFilterTest
Tests run: 12, Failures: 0, Errors: 0, Skipped: 0, Time elapsed: 0.004 sec
Running org.logevents.core.LoggerDelegatorTest
Tests run: 62, Failures: 0, Errors: 0, Skipped: 0, Time elapsed: 0.007 sec
Running org.logevents.LogEventObserverTest
Tests run: 4, Failures: 0, Errors: 0, Skipped: 0, Time elapsed: 0 sec
Running org.logevents.query.LogEventQueryTest
Tests run: 14, Failures: 0, Errors: 0, Skipped: 0, Time elapsed: 0.011 sec
Running org.logevents.LogEventTest
Tests run: 2, Failures: 0, Errors: 0, Skipped: 0, Time elapsed: 0 sec
Running org.logevents.LogEventConfiguratorTest
Tests run: 2, Failures: 0, Errors: 0, Skipped: 0, Time elapsed: 0.003 sec
Running org.logevents.status.LogEventStatusTest
Tests run: 3, Failures: 0, Errors: 0, Skipped: 0, Time elapsed: 0.001 sec
Running org.logevents.LogEventFactoryTest
Tests run: 4, Failures: 0, Errors: 0, Skipped: 0, Time elapsed: 0 sec
Running org.logevents.util.CounterTest
Tests run: 1, Failures: 0, Errors: 0, Skipped: 0, Time elapsed: 0 sec
Running org.logevents.util.ExceptionUtilTest
Tests run: 2, Failures: 0, Errors: 0, Skipped: 0, Time elapsed: 0.002 sec
Running org.logevents.util.openid.OpenIdConfigurationTest
Tests run: 1, Failures: 0, Errors: 0, Skipped: 0, Time elapsed: 0.005 sec
Running org.logevents.util.JsonUtilTest
Tests run: 8, Failures: 0, Errors: 0, Skipped: 0, Time elapsed: 0.001 sec
Running org.logevents.util.CircularBufferTest
Tests run: 4, Failures: 0, Errors: 0, Skipped: 0, Time elapsed: 0.001 sec
Running org.logevents.jmx.LogEventStatusMXBeanAdaptorTest
Tests run: 6, Failures: 0, Errors: 0, Skipped: 0, Time elapsed: 0.008 sec
Running org.logevents.jmx.LoggerMXBeanAdaptorTest
Tests run: 2, Failures: 0, Errors: 0, Skipped: 0, Time elapsed: 0.002 sec
Running org.logevents.jmx.StatisticsMXBeanAdaptorTest
Tests run: 2, Failures: 0, Errors: 0, Skipped: 0, Time elapsed: 0.002 sec
Running org.logevents.jmx.LogEventsMBeanFactoryTest
Tests run: 4, Failures: 0, Errors: 0, Skipped: 0, Time elapsed: 0.056 sec
Running org.logevents.jmx.LogEventConfiguratorMXBeanAdaptorTest
Tests run: 2, Failures: 0, Errors: 0, Skipped: 0, Time elapsed: 0.001 sec
Running org.logevents.jmx.LogEventFactoryMXBeanAdaptorTest
Tests run: 5, Failures: 0, Errors: 0, Skipped: 0, Time elapsed: 0.001 sec
Running org.logevents.jmx.ObserverMXBeanAdaptorTest
Tests run: 2, Failures: 0, Errors: 0, Skipped: 0, Time elapsed: 0 sec
Running org.logevents.LogEventRuleTest
Tests run: 7, Failures: 0, Errors: 0, Skipped: 0, Time elapsed: 0.001 sec
Running org.logevents.optional.azure.ApplicationInsightsLogEventObserverTest
Tests run: 2, Failures: 0, Errors: 0, Skipped: 0, Time elapsed: 0.071 sec
Running org.logevents.optional.junit.ExpectedLogEventsRuleTest
Tests run: 13, Failures: 0, Errors: 0, Skipped: 0, Time elapsed: 0.005 sec
Running org.logevents.optional.junit.LogEventMatcherTest
Tests run: 11, Failures: 0, Errors: 0, Skipped: 0, Time elapsed: 0.004 sec
Running org.logevents.optional.servlets.LogEventsConfigurationServletTest
Tests run: 3, Failures: 0, Errors: 0, Skipped: 0, Time elapsed: 0.003 sec
Running org.logevents.optional.servlets.LogEventsServletTest
Tests run: 14, Failures: 0, Errors: 0, Skipped: 0, Time elapsed: 0.54 sec
Running org.logevents.optional.servlets.JsonExceptionFormatterTest
Tests run: 8, Failures: 0, Errors: 0, Skipped: 0, Time elapsed: 0.001 sec

Results :

Tests run: 468, Failures: 0, Errors: 0, Skipped: 4

[INFO] 
[INFO] ----------------< org.logevents:logevents-config-demo >-----------------
[INFO] Building logevents-config-demo 0.3.0                               [3/6]
[INFO] --------------------------------[ jar ]---------------------------------
[INFO] 
[INFO] --- maven-clean-plugin:2.5:clean (default-clean) @ logevents-config-demo ---
[INFO] Deleting /home/gabsko/breaking-updates/logevents-config-demo/target
[INFO] 
[INFO] --- jacoco-maven-plugin:0.8.3:prepare-agent (prepare-agent) @ logevents-config-demo ---
[INFO] argLine set to -javaagent:/home/gabsko/.m2/repository/org/jacoco/org.jacoco.agent/0.8.3/org.jacoco.agent-0.8.3-runtime.jar=destfile=/home/gabsko/breaking-updates/logevents-config-demo/target/jacoco.exec
[INFO] 
[INFO] --- maven-resources-plugin:2.6:resources (default-resources) @ logevents-config-demo ---
[INFO] Using 'UTF-8' encoding to copy filtered resources.
[INFO] Copying 3 resources
[INFO] 
[INFO] --- maven-compiler-plugin:3.8.1:compile (default-compile) @ logevents-config-demo ---
[INFO] Changes detected - recompiling the module!
[INFO] Compiling 6 source files to /home/gabsko/breaking-updates/logevents-config-demo/target/classes
[INFO] 
[INFO] --- maven-resources-plugin:2.6:testResources (default-testResources) @ logevents-config-demo ---
[INFO] Using 'UTF-8' encoding to copy filtered resources.
[INFO] skip non existing resourceDirectory /home/gabsko/breaking-updates/logevents-config-demo/src/test/resources
[INFO] 
[INFO] --- maven-compiler-plugin:3.8.1:testCompile (default-testCompile) @ logevents-config-demo ---
[INFO] No sources to compile
[INFO] 
[INFO] --- maven-surefire-plugin:2.12.4:test (default-test) @ logevents-config-demo ---
[INFO] No tests to run.
[INFO] 
[INFO] -----------------< org.logevents:logevents-smtp-demo >------------------
[INFO] Building logevents-smtp-demo 0.3.0                                 [4/6]
[INFO] --------------------------------[ jar ]---------------------------------
[INFO] 
[INFO] --- maven-clean-plugin:2.5:clean (default-clean) @ logevents-smtp-demo ---
[INFO] Deleting /home/gabsko/breaking-updates/logevents-smtp-demo/target
[INFO] 
[INFO] --- jacoco-maven-plugin:0.8.3:prepare-agent (prepare-agent) @ logevents-smtp-demo ---
[INFO] argLine set to -javaagent:/home/gabsko/.m2/repository/org/jacoco/org.jacoco.agent/0.8.3/org.jacoco.agent-0.8.3-runtime.jar=destfile=/home/gabsko/breaking-updates/logevents-smtp-demo/target/jacoco.exec
[INFO] 
[INFO] --- maven-resources-plugin:2.6:resources (default-resources) @ logevents-smtp-demo ---
[INFO] Using 'UTF-8' encoding to copy filtered resources.
[INFO] Copying 1 resource
[INFO] 
[INFO] --- maven-compiler-plugin:3.8.1:compile (default-compile) @ logevents-smtp-demo ---
[INFO] Changes detected - recompiling the module!
[INFO] Compiling 1 source file to /home/gabsko/breaking-updates/logevents-smtp-demo/target/classes
[INFO] 
[INFO] --- maven-resources-plugin:2.6:testResources (default-testResources) @ logevents-smtp-demo ---
[INFO] Using 'UTF-8' encoding to copy filtered resources.
[INFO] skip non existing resourceDirectory /home/gabsko/breaking-updates/logevents-smtp-demo/src/test/resources
[INFO] 
[INFO] --- maven-compiler-plugin:3.8.1:testCompile (default-testCompile) @ logevents-smtp-demo ---
[INFO] No sources to compile
[INFO] 
[INFO] --- maven-surefire-plugin:2.12.4:test (default-test) @ logevents-smtp-demo ---
[INFO] No tests to run.
[INFO] 
[INFO] ---------------< org.logevents:logevents-servlets-demo >----------------
[INFO] Building logevents-servlets-demo 0.3.0                             [5/6]
[INFO] --------------------------------[ jar ]---------------------------------
[INFO] 
[INFO] --- maven-clean-plugin:2.5:clean (default-clean) @ logevents-servlets-demo ---
[INFO] Deleting /home/gabsko/breaking-updates/logevents-servlets-demo/target
[INFO] 
[INFO] --- jacoco-maven-plugin:0.8.3:prepare-agent (prepare-agent) @ logevents-servlets-demo ---
[INFO] argLine set to -javaagent:/home/gabsko/.m2/repository/org/jacoco/org.jacoco.agent/0.8.3/org.jacoco.agent-0.8.3-runtime.jar=destfile=/home/gabsko/breaking-updates/logevents-servlets-demo/target/jacoco.exec
[INFO] 
[INFO] --- maven-resources-plugin:2.6:resources (default-resources) @ logevents-servlets-demo ---
[INFO] Using 'UTF-8' encoding to copy filtered resources.
[INFO] Copying 2 resources
[INFO] 
[INFO] --- maven-compiler-plugin:3.8.1:compile (default-compile) @ logevents-servlets-demo ---
[INFO] Changes detected - recompiling the module!
[INFO] Compiling 5 source files to /home/gabsko/breaking-updates/logevents-servlets-demo/target/classes
[INFO] 
[INFO] --- maven-resources-plugin:2.6:testResources (default-testResources) @ logevents-servlets-demo ---
[INFO] Using 'UTF-8' encoding to copy filtered resources.
[INFO] skip non existing resourceDirectory /home/gabsko/breaking-updates/logevents-servlets-demo/src/test/resources
[INFO] 
[INFO] --- maven-compiler-plugin:3.8.1:testCompile (default-testCompile) @ logevents-servlets-demo ---
[INFO] Changes detected - recompiling the module!
[INFO] Compiling 2 source files to /home/gabsko/breaking-updates/logevents-servlets-demo/target/test-classes
[INFO] 
[INFO] --- maven-surefire-plugin:2.22.2:test (default-test) @ logevents-servlets-demo ---
[INFO] 
[INFO] -------------------------------------------------------
[INFO]  T E S T S
[INFO] -------------------------------------------------------
[INFO] Running org.logeventsdemo.servlets.LogViewerServerTest
[INFO] Tests run: 1, Failures: 0, Errors: 0, Skipped: 0, Time elapsed: 0.569 s - in org.logeventsdemo.servlets.LogViewerServerTest
[INFO] Running org.logeventsdemo.servlets.DemoServerTest
[4;mTEST(null)[m 09:58:29.152 [Thread-20] [[1;31mERROR[m] [[1;morg.logeventsdemo.servlets.DemoServer[m]: Message with <a href='#'>Embedded HTML</a>
[4;mTEST(null)[m 09:58:29.312 [Thread-39] [[1;31mERROR[m] [[1;morg.logeventsdemo.servlets.DemoServer[m]: Message with <a href='#'>Embedded HTML</a>
[4;mTEST(null)[m 09:58:29.380 [Thread-58] [[1;31mERROR[m] [[1;morg.logeventsdemo.servlets.DemoServer[m]: Other [4;m[<a href='#'>A link</a>][m test message
[INFO] Tests run: 3, Failures: 0, Errors: 0, Skipped: 0, Time elapsed: 0.301 s - in org.logeventsdemo.servlets.DemoServerTest
[INFO] 
[INFO] Results:
[INFO] 
[INFO] Tests run: 4, Failures: 0, Errors: 0, Skipped: 0
[INFO] 
[INFO] 
[INFO] -----------------< org.logevents:logevents-benchmark >------------------
[INFO] Building logevents-benchmark 0.3.0                                 [6/6]
[INFO] --------------------------------[ jar ]---------------------------------
[INFO] 
[INFO] --- maven-clean-plugin:2.5:clean (default-clean) @ logevents-benchmark ---
[INFO] Deleting /home/gabsko/breaking-updates/logevents-benchmark/target
[INFO] 
[INFO] --- jacoco-maven-plugin:0.8.3:prepare-agent (prepare-agent) @ logevents-benchmark ---
[INFO] argLine set to -javaagent:/home/gabsko/.m2/repository/org/jacoco/org.jacoco.agent/0.8.3/org.jacoco.agent-0.8.3-runtime.jar=destfile=/home/gabsko/breaking-updates/logevents-benchmark/target/jacoco.exec
[INFO] 
[INFO] --- maven-resources-plugin:2.6:resources (default-resources) @ logevents-benchmark ---
[INFO] Using 'UTF-8' encoding to copy filtered resources.
[INFO] skip non existing resourceDirectory /home/gabsko/breaking-updates/logevents-benchmark/src/main/resources
[INFO] 
[INFO] --- maven-compiler-plugin:3.8.1:compile (default-compile) @ logevents-benchmark ---
[INFO] Changes detected - recompiling the module!
[INFO] Compiling 9 source files to /home/gabsko/breaking-updates/logevents-benchmark/target/classes
[INFO] /home/gabsko/breaking-updates/logevents-benchmark/src/main/java/org/logevents/benchmark/logback/LogbackFileBenchmark.java: /home/gabsko/breaking-updates/logevents-benchmark/src/main/java/org/logevents/benchmark/logback/LogbackFileBenchmark.java uses unchecked or unsafe operations.
[INFO] /home/gabsko/breaking-updates/logevents-benchmark/src/main/java/org/logevents/benchmark/logback/LogbackFileBenchmark.java: Recompile with -Xlint:unchecked for details.
[INFO] 
[INFO] --- maven-resources-plugin:2.6:testResources (default-testResources) @ logevents-benchmark ---
[INFO] Using 'UTF-8' encoding to copy filtered resources.
[INFO] skip non existing resourceDirectory /home/gabsko/breaking-updates/logevents-benchmark/src/test/resources
[INFO] 
[INFO] --- maven-compiler-plugin:3.8.1:testCompile (default-testCompile) @ logevents-benchmark ---
[INFO] No sources to compile
[INFO] 
[INFO] --- maven-surefire-plugin:2.12.4:test (default-test) @ logevents-benchmark ---
[INFO] No tests to run.
[INFO] ------------------------------------------------------------------------
[INFO] Reactor Summary for logevents for Java 0.3.0:
[INFO] 
[INFO] logevents for Java ................................. SUCCESS [  0.340 s]
[INFO] logevents for Java ................................. SUCCESS [  8.020 s]
[INFO] logevents-config-demo .............................. SUCCESS [  0.057 s]
[INFO] logevents-smtp-demo ................................ SUCCESS [  0.044 s]
[INFO] logevents-servlets-demo ............................ SUCCESS [  2.266 s]
[INFO] logevents-benchmark ................................ SUCCESS [  0.507 s]
[INFO] ------------------------------------------------------------------------
[INFO] BUILD SUCCESS
[INFO] ------------------------------------------------------------------------
[INFO] Total time:  11.325 s
[INFO] Finished at: 2023-02-07T09:58:30Z
[INFO] ------------------------------------------------------------------------
