[INFO] Scanning for projects...
[WARNING] 
[WARNING] Some problems were encountered while building the effective model for com.google.cloud:google-cloud-spanner:jar:6.23.3-SNAPSHOT
[WARNING] 'build.plugins.plugin.(groupId:artifactId)' must be unique but found duplicate declaration of plugin org.apache.maven.plugins:maven-surefire-plugin @ line 109, column 15
[WARNING] 'build.plugins.plugin.version' for org.graalvm.buildtools:native-maven-plugin is missing. @ line 122, column 15
[WARNING] 
[WARNING] It is highly recommended to fix these problems because they threaten the stability of your build.
[WARNING] 
[WARNING] For this reason, future Maven versions might no longer support building such malformed projects.
[WARNING] 
[INFO] Inspecting build with total of 9 modules...
[INFO] Installing Nexus Staging features:
[INFO]   ... total of 9 executions of maven-deploy-plugin replaced with nexus-staging-maven-plugin
[INFO] ------------------------------------------------------------------------
[INFO] Reactor Build Order:
[INFO] 
[INFO] Google Cloud Spanner Parent                                        [pom]
[INFO] proto-google-cloud-spanner-admin-instance-v1                       [jar]
[INFO] proto-google-cloud-spanner-v1                                      [jar]
[INFO] proto-google-cloud-spanner-admin-database-v1                       [jar]
[INFO] grpc-google-cloud-spanner-admin-instance-v1                        [jar]
[INFO] grpc-google-cloud-spanner-v1                                       [jar]
[INFO] grpc-google-cloud-spanner-admin-database-v1                        [jar]
[INFO] Google Cloud Spanner                                               [jar]
[INFO] Google Cloud Spanner BOM                                           [pom]
[INFO] 
[INFO] ------------< com.google.cloud:google-cloud-spanner-parent >------------
[INFO] Building Google Cloud Spanner Parent 6.23.3-SNAPSHOT               [1/9]
[INFO] --------------------------------[ pom ]---------------------------------
[INFO] 
[INFO] --- maven-clean-plugin:2.5:clean (default-clean) @ google-cloud-spanner-parent ---
[INFO] Deleting /home/gabsko/breaking-updates/target
[INFO] 
[INFO] --- maven-enforcer-plugin:3.0.0-M3:enforce (enforce) @ google-cloud-spanner-parent ---
[INFO] Adding ignore: module-info
[INFO] Adding ignore: META-INF/versions/*/module-info
[INFO] 
[INFO] --- maven-checkstyle-plugin:3.1.2:check (checkstyle) @ google-cloud-spanner-parent ---
[INFO] Starting audit...
Audit done.
[INFO] You have 0 Checkstyle violations.
[INFO] 
[INFO] --- jacoco-maven-plugin:0.8.7:prepare-agent (default) @ google-cloud-spanner-parent ---
[INFO] argLine set to -javaagent:/home/gabsko/.m2/repository/org/jacoco/org.jacoco.agent/0.8.7/org.jacoco.agent-0.8.7-runtime.jar=destfile=/home/gabsko/breaking-updates/target/jacoco.exec
[INFO] 
[INFO] --- build-helper-maven-plugin:3.3.0:add-resource (add-main-proto-resources) @ google-cloud-spanner-parent ---
[INFO] 
[INFO] --- build-helper-maven-plugin:3.3.0:add-test-resource (add-test-proto-resources) @ google-cloud-spanner-parent ---
[INFO] 
[INFO] --- animal-sniffer-maven-plugin:1.20:check (java8) @ google-cloud-spanner-parent ---
[INFO] Checking unresolved references to org.codehaus.mojo.signature:java18:1.0
[INFO] 
[INFO] --- jacoco-maven-plugin:0.8.7:report (report) @ google-cloud-spanner-parent ---
[INFO] Skipping JaCoCo execution due to missing execution data file.
[INFO] 
[INFO] --< com.google.api.grpc:proto-google-cloud-spanner-admin-instance-v1 >--
[INFO] Building proto-google-cloud-spanner-admin-instance-v1 6.23.3-SNAPSHOT [2/9]
[INFO] --------------------------------[ jar ]---------------------------------
[INFO] 
[INFO] --- maven-clean-plugin:2.5:clean (default-clean) @ proto-google-cloud-spanner-admin-instance-v1 ---
[INFO] Deleting /home/gabsko/breaking-updates/proto-google-cloud-spanner-admin-instance-v1/target
[INFO] 
[INFO] --- flatten-maven-plugin:1.2.7:clean (flatten.clean) @ proto-google-cloud-spanner-admin-instance-v1 ---
[INFO] Deleting /home/gabsko/breaking-updates/proto-google-cloud-spanner-admin-instance-v1/.flattened-pom.xml
[INFO] 
[INFO] --- maven-enforcer-plugin:3.0.0-M3:enforce (enforce) @ proto-google-cloud-spanner-admin-instance-v1 ---
[INFO] Adding ignore: module-info
[INFO] Adding ignore: META-INF/versions/*/module-info
[INFO] 
[INFO] --- maven-checkstyle-plugin:3.1.2:check (checkstyle) @ proto-google-cloud-spanner-admin-instance-v1 ---
[INFO] Starting audit...
Audit done.
[INFO] You have 0 Checkstyle violations.
[INFO] 
[INFO] --- jacoco-maven-plugin:0.8.7:prepare-agent (default) @ proto-google-cloud-spanner-admin-instance-v1 ---
[INFO] argLine set to -javaagent:/home/gabsko/.m2/repository/org/jacoco/org.jacoco.agent/0.8.7/org.jacoco.agent-0.8.7-runtime.jar=destfile=/home/gabsko/breaking-updates/proto-google-cloud-spanner-admin-instance-v1/target/jacoco.exec
[INFO] 
[INFO] --- build-helper-maven-plugin:3.3.0:add-resource (add-main-proto-resources) @ proto-google-cloud-spanner-admin-instance-v1 ---
[INFO] 
[INFO] --- maven-resources-plugin:2.6:resources (default-resources) @ proto-google-cloud-spanner-admin-instance-v1 ---
[INFO] Using 'UTF-8' encoding to copy filtered resources.
[INFO] skip non existing resourceDirectory /home/gabsko/breaking-updates/proto-google-cloud-spanner-admin-instance-v1/src/main/resources
[INFO] Copying 1 resource
[INFO] 
[INFO] --- flatten-maven-plugin:1.2.7:flatten (flatten) @ proto-google-cloud-spanner-admin-instance-v1 ---
[INFO] Generating flattened POM of project com.google.api.grpc:proto-google-cloud-spanner-admin-instance-v1:jar:6.23.3-SNAPSHOT...
[INFO] 
[INFO] --- maven-compiler-plugin:3.10.1:compile (default-compile) @ proto-google-cloud-spanner-admin-instance-v1 ---
[INFO] Changes detected - recompiling the module!
[INFO] Compiling 32 source files to /home/gabsko/breaking-updates/proto-google-cloud-spanner-admin-instance-v1/target/classes
[WARNING] bootstrap class path not set in conjunction with -source 8
[INFO] 
[INFO] --- build-helper-maven-plugin:3.3.0:add-test-resource (add-test-proto-resources) @ proto-google-cloud-spanner-admin-instance-v1 ---
[INFO] 
[INFO] --- maven-resources-plugin:2.6:testResources (default-testResources) @ proto-google-cloud-spanner-admin-instance-v1 ---
[INFO] Using 'UTF-8' encoding to copy filtered resources.
[INFO] skip non existing resourceDirectory /home/gabsko/breaking-updates/proto-google-cloud-spanner-admin-instance-v1/src/test/resources
[INFO] skip non existing resourceDirectory /home/gabsko/breaking-updates/proto-google-cloud-spanner-admin-instance-v1/src/test/proto
[INFO] 
[INFO] --- maven-compiler-plugin:3.10.1:testCompile (default-testCompile) @ proto-google-cloud-spanner-admin-instance-v1 ---
[INFO] No sources to compile
[INFO] 
[INFO] --- animal-sniffer-maven-plugin:1.20:check (java8) @ proto-google-cloud-spanner-admin-instance-v1 ---
[INFO] Checking unresolved references to org.codehaus.mojo.signature:java18:1.0
[INFO] 
[INFO] --- maven-surefire-plugin:3.0.0-M5:test (default-test) @ proto-google-cloud-spanner-admin-instance-v1 ---
[INFO] No tests to run.
[INFO] 
[INFO] --- jacoco-maven-plugin:0.8.7:report (report) @ proto-google-cloud-spanner-admin-instance-v1 ---
[INFO] Skipping JaCoCo execution due to missing execution data file.
[INFO] 
[INFO] ---------< com.google.api.grpc:proto-google-cloud-spanner-v1 >----------
[INFO] Building proto-google-cloud-spanner-v1 6.23.3-SNAPSHOT             [3/9]
[INFO] --------------------------------[ jar ]---------------------------------
[INFO] 
[INFO] --- maven-clean-plugin:2.5:clean (default-clean) @ proto-google-cloud-spanner-v1 ---
[INFO] Deleting /home/gabsko/breaking-updates/proto-google-cloud-spanner-v1/target
[INFO] 
[INFO] --- flatten-maven-plugin:1.2.7:clean (flatten.clean) @ proto-google-cloud-spanner-v1 ---
[INFO] Deleting /home/gabsko/breaking-updates/proto-google-cloud-spanner-v1/.flattened-pom.xml
[INFO] 
[INFO] --- maven-enforcer-plugin:3.0.0-M3:enforce (enforce) @ proto-google-cloud-spanner-v1 ---
[INFO] Adding ignore: module-info
[INFO] Adding ignore: META-INF/versions/*/module-info
[INFO] 
[INFO] --- maven-checkstyle-plugin:3.1.2:check (checkstyle) @ proto-google-cloud-spanner-v1 ---
[INFO] Starting audit...
Audit done.
[INFO] You have 0 Checkstyle violations.
[INFO] 
[INFO] --- jacoco-maven-plugin:0.8.7:prepare-agent (default) @ proto-google-cloud-spanner-v1 ---
[INFO] argLine set to -javaagent:/home/gabsko/.m2/repository/org/jacoco/org.jacoco.agent/0.8.7/org.jacoco.agent-0.8.7-runtime.jar=destfile=/home/gabsko/breaking-updates/proto-google-cloud-spanner-v1/target/jacoco.exec
[INFO] 
[INFO] --- build-helper-maven-plugin:3.3.0:add-resource (add-main-proto-resources) @ proto-google-cloud-spanner-v1 ---
[INFO] 
[INFO] --- maven-resources-plugin:2.6:resources (default-resources) @ proto-google-cloud-spanner-v1 ---
[INFO] Using 'UTF-8' encoding to copy filtered resources.
[INFO] skip non existing resourceDirectory /home/gabsko/breaking-updates/proto-google-cloud-spanner-v1/src/main/resources
[INFO] Copying 8 resources
[INFO] 
[INFO] --- flatten-maven-plugin:1.2.7:flatten (flatten) @ proto-google-cloud-spanner-v1 ---
[INFO] Generating flattened POM of project com.google.api.grpc:proto-google-cloud-spanner-v1:jar:6.23.3-SNAPSHOT...
[INFO] 
[INFO] --- maven-compiler-plugin:3.10.1:compile (default-compile) @ proto-google-cloud-spanner-v1 ---
[INFO] Changes detected - recompiling the module!
[INFO] Compiling 84 source files to /home/gabsko/breaking-updates/proto-google-cloud-spanner-v1/target/classes
[WARNING] bootstrap class path not set in conjunction with -source 8
[INFO] 
[INFO] --- build-helper-maven-plugin:3.3.0:add-test-resource (add-test-proto-resources) @ proto-google-cloud-spanner-v1 ---
[INFO] 
[INFO] --- maven-resources-plugin:2.6:testResources (default-testResources) @ proto-google-cloud-spanner-v1 ---
[INFO] Using 'UTF-8' encoding to copy filtered resources.
[INFO] skip non existing resourceDirectory /home/gabsko/breaking-updates/proto-google-cloud-spanner-v1/src/test/resources
[INFO] skip non existing resourceDirectory /home/gabsko/breaking-updates/proto-google-cloud-spanner-v1/src/test/proto
[INFO] 
[INFO] --- maven-compiler-plugin:3.10.1:testCompile (default-testCompile) @ proto-google-cloud-spanner-v1 ---
[INFO] No sources to compile
[INFO] 
[INFO] --- animal-sniffer-maven-plugin:1.20:check (java8) @ proto-google-cloud-spanner-v1 ---
[INFO] Checking unresolved references to org.codehaus.mojo.signature:java18:1.0
[INFO] 
[INFO] --- maven-surefire-plugin:3.0.0-M5:test (default-test) @ proto-google-cloud-spanner-v1 ---
[INFO] No tests to run.
[INFO] 
[INFO] --- jacoco-maven-plugin:0.8.7:report (report) @ proto-google-cloud-spanner-v1 ---
[INFO] Skipping JaCoCo execution due to missing execution data file.
[INFO] 
[INFO] --< com.google.api.grpc:proto-google-cloud-spanner-admin-database-v1 >--
[INFO] Building proto-google-cloud-spanner-admin-database-v1 6.23.3-SNAPSHOT [4/9]
[INFO] --------------------------------[ jar ]---------------------------------
[INFO] 
[INFO] --- maven-clean-plugin:2.5:clean (default-clean) @ proto-google-cloud-spanner-admin-database-v1 ---
[INFO] Deleting /home/gabsko/breaking-updates/proto-google-cloud-spanner-admin-database-v1/target
[INFO] 
[INFO] --- flatten-maven-plugin:1.2.7:clean (flatten.clean) @ proto-google-cloud-spanner-admin-database-v1 ---
[INFO] Deleting /home/gabsko/breaking-updates/proto-google-cloud-spanner-admin-database-v1/.flattened-pom.xml
[INFO] 
[INFO] --- maven-enforcer-plugin:3.0.0-M3:enforce (enforce) @ proto-google-cloud-spanner-admin-database-v1 ---
[INFO] Adding ignore: module-info
[INFO] Adding ignore: META-INF/versions/*/module-info
[INFO] 
[INFO] --- maven-checkstyle-plugin:3.1.2:check (checkstyle) @ proto-google-cloud-spanner-admin-database-v1 ---
[INFO] Starting audit...
Audit done.
[INFO] You have 0 Checkstyle violations.
[INFO] 
[INFO] --- jacoco-maven-plugin:0.8.7:prepare-agent (default) @ proto-google-cloud-spanner-admin-database-v1 ---
[INFO] argLine set to -javaagent:/home/gabsko/.m2/repository/org/jacoco/org.jacoco.agent/0.8.7/org.jacoco.agent-0.8.7-runtime.jar=destfile=/home/gabsko/breaking-updates/proto-google-cloud-spanner-admin-database-v1/target/jacoco.exec
[INFO] 
[INFO] --- build-helper-maven-plugin:3.3.0:add-resource (add-main-proto-resources) @ proto-google-cloud-spanner-admin-database-v1 ---
[INFO] 
[INFO] --- maven-resources-plugin:2.6:resources (default-resources) @ proto-google-cloud-spanner-admin-database-v1 ---
[INFO] Using 'UTF-8' encoding to copy filtered resources.
[INFO] skip non existing resourceDirectory /home/gabsko/breaking-updates/proto-google-cloud-spanner-admin-database-v1/src/main/resources
[INFO] Copying 3 resources
[INFO] 
[INFO] --- flatten-maven-plugin:1.2.7:flatten (flatten) @ proto-google-cloud-spanner-admin-database-v1 ---
[INFO] Generating flattened POM of project com.google.api.grpc:proto-google-cloud-spanner-admin-database-v1:jar:6.23.3-SNAPSHOT...
[INFO] 
[INFO] --- maven-compiler-plugin:3.10.1:compile (default-compile) @ proto-google-cloud-spanner-admin-database-v1 ---
[INFO] Changes detected - recompiling the module!
[INFO] Compiling 82 source files to /home/gabsko/breaking-updates/proto-google-cloud-spanner-admin-database-v1/target/classes
[WARNING] bootstrap class path not set in conjunction with -source 8
[INFO] 
[INFO] --- build-helper-maven-plugin:3.3.0:add-test-resource (add-test-proto-resources) @ proto-google-cloud-spanner-admin-database-v1 ---
[INFO] 
[INFO] --- maven-resources-plugin:2.6:testResources (default-testResources) @ proto-google-cloud-spanner-admin-database-v1 ---
[INFO] Using 'UTF-8' encoding to copy filtered resources.
[INFO] skip non existing resourceDirectory /home/gabsko/breaking-updates/proto-google-cloud-spanner-admin-database-v1/src/test/resources
[INFO] skip non existing resourceDirectory /home/gabsko/breaking-updates/proto-google-cloud-spanner-admin-database-v1/src/test/proto
[INFO] 
[INFO] --- maven-compiler-plugin:3.10.1:testCompile (default-testCompile) @ proto-google-cloud-spanner-admin-database-v1 ---
[INFO] No sources to compile
[INFO] 
[INFO] --- animal-sniffer-maven-plugin:1.20:check (java8) @ proto-google-cloud-spanner-admin-database-v1 ---
[INFO] Checking unresolved references to org.codehaus.mojo.signature:java18:1.0
[INFO] 
[INFO] --- maven-surefire-plugin:3.0.0-M5:test (default-test) @ proto-google-cloud-spanner-admin-database-v1 ---
[INFO] No tests to run.
[INFO] 
[INFO] --- jacoco-maven-plugin:0.8.7:report (report) @ proto-google-cloud-spanner-admin-database-v1 ---
[INFO] Skipping JaCoCo execution due to missing execution data file.
[INFO] 
[INFO] --< com.google.api.grpc:grpc-google-cloud-spanner-admin-instance-v1 >---
[INFO] Building grpc-google-cloud-spanner-admin-instance-v1 6.23.3-SNAPSHOT [5/9]
[INFO] --------------------------------[ jar ]---------------------------------
[INFO] 
[INFO] --- maven-clean-plugin:2.5:clean (default-clean) @ grpc-google-cloud-spanner-admin-instance-v1 ---
[INFO] Deleting /home/gabsko/breaking-updates/grpc-google-cloud-spanner-admin-instance-v1/target
[INFO] 
[INFO] --- flatten-maven-plugin:1.2.7:clean (flatten.clean) @ grpc-google-cloud-spanner-admin-instance-v1 ---
[INFO] Deleting /home/gabsko/breaking-updates/grpc-google-cloud-spanner-admin-instance-v1/.flattened-pom.xml
[INFO] 
[INFO] --- maven-enforcer-plugin:3.0.0-M3:enforce (enforce) @ grpc-google-cloud-spanner-admin-instance-v1 ---
[INFO] Adding ignore: module-info
[INFO] Adding ignore: META-INF/versions/*/module-info
[INFO] 
[INFO] --- maven-checkstyle-plugin:3.1.2:check (checkstyle) @ grpc-google-cloud-spanner-admin-instance-v1 ---
[INFO] Starting audit...
Audit done.
[INFO] You have 0 Checkstyle violations.
[INFO] 
[INFO] --- jacoco-maven-plugin:0.8.7:prepare-agent (default) @ grpc-google-cloud-spanner-admin-instance-v1 ---
[INFO] argLine set to -javaagent:/home/gabsko/.m2/repository/org/jacoco/org.jacoco.agent/0.8.7/org.jacoco.agent-0.8.7-runtime.jar=destfile=/home/gabsko/breaking-updates/grpc-google-cloud-spanner-admin-instance-v1/target/jacoco.exec
[INFO] 
[INFO] --- build-helper-maven-plugin:3.3.0:add-resource (add-main-proto-resources) @ grpc-google-cloud-spanner-admin-instance-v1 ---
[INFO] 
[INFO] --- maven-resources-plugin:2.6:resources (default-resources) @ grpc-google-cloud-spanner-admin-instance-v1 ---
[INFO] Using 'UTF-8' encoding to copy filtered resources.
[INFO] skip non existing resourceDirectory /home/gabsko/breaking-updates/grpc-google-cloud-spanner-admin-instance-v1/src/main/resources
[INFO] skip non existing resourceDirectory /home/gabsko/breaking-updates/grpc-google-cloud-spanner-admin-instance-v1/src/main/proto
[INFO] 
[INFO] --- flatten-maven-plugin:1.2.7:flatten (flatten) @ grpc-google-cloud-spanner-admin-instance-v1 ---
[INFO] Generating flattened POM of project com.google.api.grpc:grpc-google-cloud-spanner-admin-instance-v1:jar:6.23.3-SNAPSHOT...
[INFO] 
[INFO] --- maven-compiler-plugin:3.10.1:compile (default-compile) @ grpc-google-cloud-spanner-admin-instance-v1 ---
[INFO] Changes detected - recompiling the module!
[INFO] Compiling 1 source file to /home/gabsko/breaking-updates/grpc-google-cloud-spanner-admin-instance-v1/target/classes
[WARNING] bootstrap class path not set in conjunction with -source 8
[INFO] 
[INFO] --- build-helper-maven-plugin:3.3.0:add-test-resource (add-test-proto-resources) @ grpc-google-cloud-spanner-admin-instance-v1 ---
[INFO] 
[INFO] --- maven-resources-plugin:2.6:testResources (default-testResources) @ grpc-google-cloud-spanner-admin-instance-v1 ---
[INFO] Using 'UTF-8' encoding to copy filtered resources.
[INFO] skip non existing resourceDirectory /home/gabsko/breaking-updates/grpc-google-cloud-spanner-admin-instance-v1/src/test/resources
[INFO] skip non existing resourceDirectory /home/gabsko/breaking-updates/grpc-google-cloud-spanner-admin-instance-v1/src/test/proto
[INFO] 
[INFO] --- maven-compiler-plugin:3.10.1:testCompile (default-testCompile) @ grpc-google-cloud-spanner-admin-instance-v1 ---
[INFO] No sources to compile
[INFO] 
[INFO] --- animal-sniffer-maven-plugin:1.20:check (java8) @ grpc-google-cloud-spanner-admin-instance-v1 ---
[INFO] Checking unresolved references to org.codehaus.mojo.signature:java18:1.0
[INFO] 
[INFO] --- maven-surefire-plugin:3.0.0-M5:test (default-test) @ grpc-google-cloud-spanner-admin-instance-v1 ---
[INFO] No tests to run.
[INFO] 
[INFO] --- jacoco-maven-plugin:0.8.7:report (report) @ grpc-google-cloud-spanner-admin-instance-v1 ---
[INFO] Skipping JaCoCo execution due to missing execution data file.
[INFO] 
[INFO] ----------< com.google.api.grpc:grpc-google-cloud-spanner-v1 >----------
[INFO] Building grpc-google-cloud-spanner-v1 6.23.3-SNAPSHOT              [6/9]
[INFO] --------------------------------[ jar ]---------------------------------
[INFO] 
[INFO] --- maven-clean-plugin:2.5:clean (default-clean) @ grpc-google-cloud-spanner-v1 ---
[INFO] Deleting /home/gabsko/breaking-updates/grpc-google-cloud-spanner-v1/target
[INFO] 
[INFO] --- flatten-maven-plugin:1.2.7:clean (flatten.clean) @ grpc-google-cloud-spanner-v1 ---
[INFO] Deleting /home/gabsko/breaking-updates/grpc-google-cloud-spanner-v1/.flattened-pom.xml
[INFO] 
[INFO] --- maven-enforcer-plugin:3.0.0-M3:enforce (enforce) @ grpc-google-cloud-spanner-v1 ---
[INFO] Adding ignore: module-info
[INFO] Adding ignore: META-INF/versions/*/module-info
[INFO] 
[INFO] --- maven-checkstyle-plugin:3.1.2:check (checkstyle) @ grpc-google-cloud-spanner-v1 ---
[INFO] Starting audit...
Audit done.
[INFO] You have 0 Checkstyle violations.
[INFO] 
[INFO] --- jacoco-maven-plugin:0.8.7:prepare-agent (default) @ grpc-google-cloud-spanner-v1 ---
[INFO] argLine set to -javaagent:/home/gabsko/.m2/repository/org/jacoco/org.jacoco.agent/0.8.7/org.jacoco.agent-0.8.7-runtime.jar=destfile=/home/gabsko/breaking-updates/grpc-google-cloud-spanner-v1/target/jacoco.exec
[INFO] 
[INFO] --- build-helper-maven-plugin:3.3.0:add-resource (add-main-proto-resources) @ grpc-google-cloud-spanner-v1 ---
[INFO] 
[INFO] --- maven-resources-plugin:2.6:resources (default-resources) @ grpc-google-cloud-spanner-v1 ---
[INFO] Using 'UTF-8' encoding to copy filtered resources.
[INFO] skip non existing resourceDirectory /home/gabsko/breaking-updates/grpc-google-cloud-spanner-v1/src/main/resources
[INFO] skip non existing resourceDirectory /home/gabsko/breaking-updates/grpc-google-cloud-spanner-v1/src/main/proto
[INFO] 
[INFO] --- flatten-maven-plugin:1.2.7:flatten (flatten) @ grpc-google-cloud-spanner-v1 ---
[INFO] Generating flattened POM of project com.google.api.grpc:grpc-google-cloud-spanner-v1:jar:6.23.3-SNAPSHOT...
[INFO] 
[INFO] --- maven-compiler-plugin:3.10.1:compile (default-compile) @ grpc-google-cloud-spanner-v1 ---
[INFO] Changes detected - recompiling the module!
[INFO] Compiling 1 source file to /home/gabsko/breaking-updates/grpc-google-cloud-spanner-v1/target/classes
[WARNING] bootstrap class path not set in conjunction with -source 8
[INFO] 
[INFO] --- build-helper-maven-plugin:3.3.0:add-test-resource (add-test-proto-resources) @ grpc-google-cloud-spanner-v1 ---
[INFO] 
[INFO] --- maven-resources-plugin:2.6:testResources (default-testResources) @ grpc-google-cloud-spanner-v1 ---
[INFO] Using 'UTF-8' encoding to copy filtered resources.
[INFO] skip non existing resourceDirectory /home/gabsko/breaking-updates/grpc-google-cloud-spanner-v1/src/test/resources
[INFO] skip non existing resourceDirectory /home/gabsko/breaking-updates/grpc-google-cloud-spanner-v1/src/test/proto
[INFO] 
[INFO] --- maven-compiler-plugin:3.10.1:testCompile (default-testCompile) @ grpc-google-cloud-spanner-v1 ---
[INFO] No sources to compile
[INFO] 
[INFO] --- animal-sniffer-maven-plugin:1.20:check (java8) @ grpc-google-cloud-spanner-v1 ---
[INFO] Checking unresolved references to org.codehaus.mojo.signature:java18:1.0
[INFO] 
[INFO] --- maven-surefire-plugin:3.0.0-M5:test (default-test) @ grpc-google-cloud-spanner-v1 ---
[INFO] No tests to run.
[INFO] 
[INFO] --- jacoco-maven-plugin:0.8.7:report (report) @ grpc-google-cloud-spanner-v1 ---
[INFO] Skipping JaCoCo execution due to missing execution data file.
[INFO] 
[INFO] --< com.google.api.grpc:grpc-google-cloud-spanner-admin-database-v1 >---
[INFO] Building grpc-google-cloud-spanner-admin-database-v1 6.23.3-SNAPSHOT [7/9]
[INFO] --------------------------------[ jar ]---------------------------------
[INFO] 
[INFO] --- maven-clean-plugin:2.5:clean (default-clean) @ grpc-google-cloud-spanner-admin-database-v1 ---
[INFO] Deleting /home/gabsko/breaking-updates/grpc-google-cloud-spanner-admin-database-v1/target
[INFO] 
[INFO] --- flatten-maven-plugin:1.2.7:clean (flatten.clean) @ grpc-google-cloud-spanner-admin-database-v1 ---
[INFO] Deleting /home/gabsko/breaking-updates/grpc-google-cloud-spanner-admin-database-v1/.flattened-pom.xml
[INFO] 
[INFO] --- maven-enforcer-plugin:3.0.0-M3:enforce (enforce) @ grpc-google-cloud-spanner-admin-database-v1 ---
[INFO] Adding ignore: module-info
[INFO] Adding ignore: META-INF/versions/*/module-info
[INFO] 
[INFO] --- maven-checkstyle-plugin:3.1.2:check (checkstyle) @ grpc-google-cloud-spanner-admin-database-v1 ---
[INFO] Starting audit...
Audit done.
[INFO] You have 0 Checkstyle violations.
[INFO] 
[INFO] --- jacoco-maven-plugin:0.8.7:prepare-agent (default) @ grpc-google-cloud-spanner-admin-database-v1 ---
[INFO] argLine set to -javaagent:/home/gabsko/.m2/repository/org/jacoco/org.jacoco.agent/0.8.7/org.jacoco.agent-0.8.7-runtime.jar=destfile=/home/gabsko/breaking-updates/grpc-google-cloud-spanner-admin-database-v1/target/jacoco.exec
[INFO] 
[INFO] --- build-helper-maven-plugin:3.3.0:add-resource (add-main-proto-resources) @ grpc-google-cloud-spanner-admin-database-v1 ---
[INFO] 
[INFO] --- maven-resources-plugin:2.6:resources (default-resources) @ grpc-google-cloud-spanner-admin-database-v1 ---
[INFO] Using 'UTF-8' encoding to copy filtered resources.
[INFO] skip non existing resourceDirectory /home/gabsko/breaking-updates/grpc-google-cloud-spanner-admin-database-v1/src/main/resources
[INFO] skip non existing resourceDirectory /home/gabsko/breaking-updates/grpc-google-cloud-spanner-admin-database-v1/src/main/proto
[INFO] 
[INFO] --- flatten-maven-plugin:1.2.7:flatten (flatten) @ grpc-google-cloud-spanner-admin-database-v1 ---
[INFO] Generating flattened POM of project com.google.api.grpc:grpc-google-cloud-spanner-admin-database-v1:jar:6.23.3-SNAPSHOT...
[INFO] 
[INFO] --- maven-compiler-plugin:3.10.1:compile (default-compile) @ grpc-google-cloud-spanner-admin-database-v1 ---
[INFO] Changes detected - recompiling the module!
[INFO] Compiling 1 source file to /home/gabsko/breaking-updates/grpc-google-cloud-spanner-admin-database-v1/target/classes
[WARNING] bootstrap class path not set in conjunction with -source 8
[INFO] 
[INFO] --- build-helper-maven-plugin:3.3.0:add-test-resource (add-test-proto-resources) @ grpc-google-cloud-spanner-admin-database-v1 ---
[INFO] 
[INFO] --- maven-resources-plugin:2.6:testResources (default-testResources) @ grpc-google-cloud-spanner-admin-database-v1 ---
[INFO] Using 'UTF-8' encoding to copy filtered resources.
[INFO] skip non existing resourceDirectory /home/gabsko/breaking-updates/grpc-google-cloud-spanner-admin-database-v1/src/test/resources
[INFO] skip non existing resourceDirectory /home/gabsko/breaking-updates/grpc-google-cloud-spanner-admin-database-v1/src/test/proto
[INFO] 
[INFO] --- maven-compiler-plugin:3.10.1:testCompile (default-testCompile) @ grpc-google-cloud-spanner-admin-database-v1 ---
[INFO] No sources to compile
[INFO] 
[INFO] --- animal-sniffer-maven-plugin:1.20:check (java8) @ grpc-google-cloud-spanner-admin-database-v1 ---
[INFO] Checking unresolved references to org.codehaus.mojo.signature:java18:1.0
[INFO] 
[INFO] --- maven-surefire-plugin:3.0.0-M5:test (default-test) @ grpc-google-cloud-spanner-admin-database-v1 ---
[INFO] No tests to run.
[INFO] 
[INFO] --- jacoco-maven-plugin:0.8.7:report (report) @ grpc-google-cloud-spanner-admin-database-v1 ---
[INFO] Skipping JaCoCo execution due to missing execution data file.
[INFO] 
[INFO] ---------------< com.google.cloud:google-cloud-spanner >----------------
[INFO] Building Google Cloud Spanner 6.23.3-SNAPSHOT                      [8/9]
[INFO] --------------------------------[ jar ]---------------------------------
[INFO] 
[INFO] --- maven-clean-plugin:2.5:clean (default-clean) @ google-cloud-spanner ---
[INFO] Deleting /home/gabsko/breaking-updates/google-cloud-spanner/target
[INFO] 
[INFO] --- flatten-maven-plugin:1.2.7:clean (flatten.clean) @ google-cloud-spanner ---
[INFO] Deleting /home/gabsko/breaking-updates/google-cloud-spanner/.flattened-pom.xml
[INFO] 
[INFO] --- maven-enforcer-plugin:3.0.0-M3:enforce (enforce) @ google-cloud-spanner ---
[INFO] Adding ignore: module-info
[INFO] Adding ignore: META-INF/versions/*/module-info
[INFO] 
[INFO] --- maven-checkstyle-plugin:3.1.2:check (checkstyle) @ google-cloud-spanner ---
[INFO] Starting audit...
Audit done.
[INFO] You have 0 Checkstyle violations.
[INFO] 
[INFO] --- jacoco-maven-plugin:0.8.8:prepare-agent (default) @ google-cloud-spanner ---
[INFO] argLine set to -javaagent:/home/gabsko/.m2/repository/org/jacoco/org.jacoco.agent/0.8.8/org.jacoco.agent-0.8.8-runtime.jar=destfile=/home/gabsko/breaking-updates/google-cloud-spanner/target/jacoco.exec
[INFO] 
[INFO] --- build-helper-maven-plugin:3.3.0:add-resource (add-main-proto-resources) @ google-cloud-spanner ---
[INFO] 
[INFO] --- maven-resources-plugin:2.6:resources (default-resources) @ google-cloud-spanner ---
[INFO] Using 'UTF-8' encoding to copy filtered resources.
[INFO] Copying 3 resources
[INFO] skip non existing resourceDirectory /home/gabsko/breaking-updates/google-cloud-spanner/src/main/proto
[INFO] 
[INFO] --- flatten-maven-plugin:1.2.7:flatten (flatten) @ google-cloud-spanner ---
[INFO] Generating flattened POM of project com.google.cloud:google-cloud-spanner:jar:6.23.3-SNAPSHOT...
[INFO] 
[INFO] --- maven-compiler-plugin:3.10.1:compile (default-compile) @ google-cloud-spanner ---
[INFO] Changes detected - recompiling the module!
[INFO] Compiling 192 source files to /home/gabsko/breaking-updates/google-cloud-spanner/target/classes
[WARNING] bootstrap class path not set in conjunction with -source 8
[WARNING] /home/gabsko/breaking-updates/google-cloud-spanner/src/main/java/com/google/cloud/spanner/SessionPool.java:[1703,68] getMaxIdleSessions() in com.google.cloud.spanner.SessionPoolOptions has been deprecated
[WARNING] /home/gabsko/breaking-updates/google-cloud-spanner/src/main/java/com/google/cloud/spanner/SessionPool.java:[1712,65] getMaxIdleSessions() in com.google.cloud.spanner.SessionPoolOptions has been deprecated
[WARNING] /home/gabsko/breaking-updates/google-cloud-spanner/src/main/java/com/google/cloud/spanner/SessionPool.java:[2044,50] getMaxIdleSessions() in com.google.cloud.spanner.SessionPoolOptions has been deprecated
[WARNING] /home/gabsko/breaking-updates/google-cloud-spanner/src/main/java/com/google/cloud/spanner/SessionPool.java:[2499,42] NUM_SESSIONS_BEING_PREPARED in com.google.cloud.spanner.MetricRegistryConstants has been deprecated
[WARNING] /home/gabsko/breaking-updates/google-cloud-spanner/src/main/java/com/google/cloud/spanner/SessionPool.java:[2520,34] NUM_WRITE_SESSIONS in com.google.cloud.spanner.MetricRegistryConstants has been deprecated
[WARNING] /home/gabsko/breaking-updates/google-cloud-spanner/src/main/java/com/google/cloud/spanner/connection/AbstractStatementParser.java:[74,39] newInstance() in java.lang.Class has been deprecated
[WARNING] /home/gabsko/breaking-updates/google-cloud-spanner/src/main/java/com/google/cloud/spanner/spi/v1/GapicSpannerRpc.java:[363,15] setPoolSize(int) in com.google.api.gax.grpc.InstantiatingGrpcChannelProvider.Builder has been deprecated
[WARNING] /home/gabsko/breaking-updates/google-cloud-spanner/src/main/java/com/google/cloud/spanner/spi/v1/GapicSpannerRpc.java:[368,15] setExecutorProvider(com.google.api.gax.core.ExecutorProvider) in com.google.api.gax.grpc.InstantiatingGrpcChannelProvider.Builder has been deprecated
[WARNING] /home/gabsko/breaking-updates/google-cloud-spanner/src/main/java/com/google/cloud/spanner/spi/v1/GapicSpannerRpc.java:[584,34] setPoolSize(int) in com.google.api.gax.grpc.InstantiatingGrpcChannelProvider.Builder has been deprecated
[WARNING] /home/gabsko/breaking-updates/google-cloud-spanner/src/main/java/com/google/cloud/spanner/connection/ConnectionOptions.java:[888,76] newInstance() in java.lang.Class has been deprecated
[WARNING] /home/gabsko/breaking-updates/google-cloud-spanner/src/main/java/com/google/cloud/spanner/Operation.java:[44,11] setJittered(boolean) in com.google.api.gax.retrying.RetrySettings.Builder has been deprecated
[INFO] /home/gabsko/breaking-updates/google-cloud-spanner/src/main/java/com/google/cloud/spanner/AbstractResultSet.java: Some input files use unchecked or unsafe operations.
[INFO] /home/gabsko/breaking-updates/google-cloud-spanner/src/main/java/com/google/cloud/spanner/AbstractResultSet.java: Recompile with -Xlint:unchecked for details.
[INFO] 
[INFO] --- build-helper-maven-plugin:3.3.0:add-test-resource (add-test-proto-resources) @ google-cloud-spanner ---
[INFO] 
[INFO] --- maven-resources-plugin:2.6:testResources (default-testResources) @ google-cloud-spanner ---
[INFO] Using 'UTF-8' encoding to copy filtered resources.
[INFO] Copying 323 resources
[INFO] skip non existing resourceDirectory /home/gabsko/breaking-updates/google-cloud-spanner/src/test/proto
[INFO] 
[INFO] --- maven-compiler-plugin:3.10.1:testCompile (default-testCompile) @ google-cloud-spanner ---
[INFO] Changes detected - recompiling the module!
[INFO] Compiling 230 source files to /home/gabsko/breaking-updates/google-cloud-spanner/target/test-classes
[WARNING] bootstrap class path not set in conjunction with -source 8
[WARNING] /home/gabsko/breaking-updates/google-cloud-spanner/src/test/java/com/google/cloud/spanner/RandomResultSetGenerator.java:[19,34] com.google.api.client.util.Base64 in com.google.api.client.util has been deprecated
[WARNING] /home/gabsko/breaking-updates/google-cloud-spanner/src/test/java/com/google/cloud/spanner/connection/RandomResultSetGenerator.java:[19,34] com.google.api.client.util.Base64 in com.google.api.client.util has been deprecated
[WARNING] /home/gabsko/breaking-updates/google-cloud-spanner/src/test/java/com/google/cloud/spanner/RandomResultSetGenerator.java:[19,34] com.google.api.client.util.Base64 in com.google.api.client.util has been deprecated
[WARNING] /home/gabsko/breaking-updates/google-cloud-spanner/src/test/java/com/google/cloud/spanner/connection/RandomResultSetGenerator.java:[19,34] com.google.api.client.util.Base64 in com.google.api.client.util has been deprecated
[WARNING] /home/gabsko/breaking-updates/google-cloud-spanner/src/test/java/com/google/cloud/spanner/RandomResultSetGenerator.java:[19,34] com.google.api.client.util.Base64 in com.google.api.client.util has been deprecated
[WARNING] /home/gabsko/breaking-updates/google-cloud-spanner/src/test/java/com/google/cloud/spanner/connection/RandomResultSetGenerator.java:[19,34] com.google.api.client.util.Base64 in com.google.api.client.util has been deprecated
[WARNING] /home/gabsko/breaking-updates/google-cloud-spanner/src/test/java/com/google/cloud/spanner/RandomResultSetGenerator.java:[19,34] com.google.api.client.util.Base64 in com.google.api.client.util has been deprecated
[WARNING] /home/gabsko/breaking-updates/google-cloud-spanner/src/test/java/com/google/cloud/spanner/connection/RandomResultSetGenerator.java:[19,34] com.google.api.client.util.Base64 in com.google.api.client.util has been deprecated
[WARNING] /home/gabsko/breaking-updates/google-cloud-spanner/src/test/java/com/google/cloud/spanner/InstanceAdminGaxTest.java:[197,71] none() in org.junit.rules.ExpectedException has been deprecated
[WARNING] /home/gabsko/breaking-updates/google-cloud-spanner/src/test/java/com/google/cloud/spanner/InstanceAdminGaxTest.java:[231,13] setJittered(boolean) in com.google.api.gax.retrying.RetrySettings.Builder has been deprecated
[WARNING] /home/gabsko/breaking-updates/google-cloud-spanner/src/test/java/com/google/cloud/spanner/IntegrationTestEnv.java:[72,25] newInstance() in java.lang.Class has been deprecated
[WARNING] /home/gabsko/breaking-updates/google-cloud-spanner/src/test/java/com/google/cloud/spanner/SessionClientTest.java:[90,23] initMocks(java.lang.Object) in org.mockito.MockitoAnnotations has been deprecated
[WARNING] /home/gabsko/breaking-updates/google-cloud-spanner/src/test/java/com/google/cloud/spanner/InstanceAdminClientImplTest.java:[69,5] initMocks(java.lang.Object) in org.mockito.MockitoAnnotations has been deprecated
[WARNING] /home/gabsko/breaking-updates/google-cloud-spanner/src/test/java/com/google/cloud/spanner/TransactionManagerImplTest.java:[81,5] initMocks(java.lang.Object) in org.mockito.MockitoAnnotations has been deprecated
[WARNING] /home/gabsko/breaking-updates/google-cloud-spanner/src/test/java/com/google/cloud/spanner/SpannerImplTest.java:[62,23] initMocks(java.lang.Object) in org.mockito.MockitoAnnotations has been deprecated
[WARNING] /home/gabsko/breaking-updates/google-cloud-spanner/src/test/java/com/google/cloud/spanner/InlineBeginBenchmark.java:[121,46] setWriteSessionsFraction(float) in com.google.cloud.spanner.SessionPoolOptions.Builder has been deprecated
[WARNING] /home/gabsko/breaking-updates/google-cloud-spanner/src/test/java/com/google/cloud/spanner/InlineBeginBenchmark.java:[128,46] setWriteSessionsFraction(float) in com.google.cloud.spanner.SessionPoolOptions.Builder has been deprecated
[WARNING] /home/gabsko/breaking-updates/google-cloud-spanner/src/test/java/com/google/cloud/spanner/RandomResultSetGenerator.java:[130,34] com.google.api.client.util.Base64 in com.google.api.client.util has been deprecated
[WARNING] /home/gabsko/breaking-updates/google-cloud-spanner/src/test/java/com/google/cloud/spanner/connection/AbstractConnectionImplTest.java:[81,63] none() in org.junit.rules.ExpectedException has been deprecated
[WARNING] /home/gabsko/breaking-updates/google-cloud-spanner/src/test/java/com/google/cloud/spanner/DatabaseAdminClientImplTest.java:[91,5] initMocks(java.lang.Object) in org.mockito.MockitoAnnotations has been deprecated
[WARNING] /home/gabsko/breaking-updates/google-cloud-spanner/src/test/java/com/google/cloud/spanner/SessionPoolBenchmark.java:[117,23] setWriteSessionsFraction(float) in com.google.cloud.spanner.SessionPoolOptions.Builder has been deprecated
[WARNING] /home/gabsko/breaking-updates/google-cloud-spanner/src/test/java/com/google/cloud/spanner/v1/SpannerClientTest.java:[636,13] serverStreamingCall(RequestT,com.google.api.gax.rpc.ApiStreamObserver<ResponseT>) in com.google.api.gax.rpc.ServerStreamingCallable has been deprecated
[WARNING] /home/gabsko/breaking-updates/google-cloud-spanner/src/test/java/com/google/cloud/spanner/v1/SpannerClientTest.java:[666,13] serverStreamingCall(RequestT,com.google.api.gax.rpc.ApiStreamObserver<ResponseT>) in com.google.api.gax.rpc.ServerStreamingCallable has been deprecated
[WARNING] /home/gabsko/breaking-updates/google-cloud-spanner/src/test/java/com/google/cloud/spanner/v1/SpannerClientTest.java:[842,13] serverStreamingCall(RequestT,com.google.api.gax.rpc.ApiStreamObserver<ResponseT>) in com.google.api.gax.rpc.ServerStreamingCallable has been deprecated
[WARNING] /home/gabsko/breaking-updates/google-cloud-spanner/src/test/java/com/google/cloud/spanner/v1/SpannerClientTest.java:[872,13] serverStreamingCall(RequestT,com.google.api.gax.rpc.ApiStreamObserver<ResponseT>) in com.google.api.gax.rpc.ServerStreamingCallable has been deprecated
[WARNING] /home/gabsko/breaking-updates/google-cloud-spanner/src/test/java/com/google/cloud/spanner/OperationTest.java:[75,5] initMocks(java.lang.Object) in org.mockito.MockitoAnnotations has been deprecated
[WARNING] /home/gabsko/breaking-updates/google-cloud-spanner/src/test/java/com/google/cloud/spanner/BackupTest.java:[65,5] initMocks(java.lang.Object) in org.mockito.MockitoAnnotations has been deprecated
[WARNING] /home/gabsko/breaking-updates/google-cloud-spanner/src/test/java/com/google/cloud/spanner/MockDatabaseAdminServiceImplTest.java:[81,63] none() in org.junit.rules.ExpectedException has been deprecated
[WARNING] /home/gabsko/breaking-updates/google-cloud-spanner/src/test/java/com/google/cloud/spanner/BatchClientImplTest.java:[66,5] initMocks(java.lang.Object) in org.mockito.MockitoAnnotations has been deprecated
[WARNING] /home/gabsko/breaking-updates/google-cloud-spanner/src/test/java/com/google/cloud/spanner/TransactionContextImplTest.java:[55,23] initMocks(java.lang.Object) in org.mockito.MockitoAnnotations has been deprecated
[WARNING] /home/gabsko/breaking-updates/google-cloud-spanner/src/test/java/com/google/cloud/spanner/InstanceTest.java:[43,5] initMocks(java.lang.Object) in org.mockito.MockitoAnnotations has been deprecated
[WARNING] /home/gabsko/breaking-updates/google-cloud-spanner/src/test/java/com/google/cloud/spanner/SessionPoolMaintainerTest.java:[58,5] initMocks(java.lang.Object) in org.mockito.MockitoAnnotations has been deprecated
[WARNING] /home/gabsko/breaking-updates/google-cloud-spanner/src/test/java/com/google/cloud/spanner/SessionPoolMaintainerTest.java:[66,13] setMaxIdleSessions(int) in com.google.cloud.spanner.SessionPoolOptions.Builder has been deprecated
[WARNING] /home/gabsko/breaking-updates/google-cloud-spanner/src/test/java/com/google/cloud/spanner/connection/RandomResultSetGenerator.java:[145,34] com.google.api.client.util.Base64 in com.google.api.client.util has been deprecated
[WARNING] /home/gabsko/breaking-updates/google-cloud-spanner/src/test/java/com/google/cloud/spanner/TransactionRunnerImplTest.java:[100,23] initMocks(java.lang.Object) in org.mockito.MockitoAnnotations has been deprecated
[WARNING] /home/gabsko/breaking-updates/google-cloud-spanner/src/test/java/com/google/cloud/spanner/PartitionedDmlTransactionTest.java:[97,23] initMocks(java.lang.Object) in org.mockito.MockitoAnnotations has been deprecated
[WARNING] /home/gabsko/breaking-updates/google-cloud-spanner/src/test/java/com/google/cloud/spanner/SessionImplTest.java:[78,23] initMocks(java.lang.Object) in org.mockito.MockitoAnnotations has been deprecated
[WARNING] /home/gabsko/breaking-updates/google-cloud-spanner/src/test/java/com/google/cloud/spanner/it/ITDirectPathFallback.java:[124,13] setPoolSize(int) in com.google.api.gax.grpc.InstantiatingGrpcChannelProvider.Builder has been deprecated
[WARNING] /home/gabsko/breaking-updates/google-cloud-spanner/src/test/java/com/google/cloud/spanner/DatabaseAdminGaxTest.java:[190,71] none() in org.junit.rules.ExpectedException has been deprecated
[WARNING] /home/gabsko/breaking-updates/google-cloud-spanner/src/test/java/com/google/cloud/spanner/SessionPoolTest.java:[139,5] initMocks(java.lang.Object) in org.mockito.MockitoAnnotations has been deprecated
[WARNING] /home/gabsko/breaking-updates/google-cloud-spanner/src/test/java/com/google/cloud/spanner/SessionPoolTest.java:[491,13] setMaxIdleSessions(int) in com.google.cloud.spanner.SessionPoolOptions.Builder has been deprecated
[WARNING] /home/gabsko/breaking-updates/google-cloud-spanner/src/test/java/com/google/cloud/spanner/SessionPoolTest.java:[592,61] getMaxIdleSessions() in com.google.cloud.spanner.SessionPoolOptions has been deprecated
[WARNING] /home/gabsko/breaking-updates/google-cloud-spanner/src/test/java/com/google/cloud/spanner/SessionPoolTest.java:[1043,13] setMaxIdleSessions(int) in com.google.cloud.spanner.SessionPoolOptions.Builder has been deprecated
[WARNING] /home/gabsko/breaking-updates/google-cloud-spanner/src/test/java/com/google/cloud/spanner/SessionPoolTest.java:[1106,42] NUM_SESSIONS_BEING_PREPARED in com.google.cloud.spanner.MetricRegistryConstants has been deprecated
[WARNING] /home/gabsko/breaking-updates/google-cloud-spanner/src/test/java/com/google/cloud/spanner/SessionPoolTest.java:[1124,34] NUM_WRITE_SESSIONS in com.google.cloud.spanner.MetricRegistryConstants has been deprecated
[WARNING] /home/gabsko/breaking-updates/google-cloud-spanner/src/test/java/com/google/cloud/spanner/connection/it/ITQueryOptionsTest.java:[39,15] verifyStatementsInFile(com.google.cloud.spanner.connection.AbstractSqlScriptVerifier.GenericConnection,java.lang.String,java.lang.Class<?>) in com.google.cloud.spanner.connection.AbstractSqlScriptVerifier has been deprecated
[WARNING] /home/gabsko/breaking-updates/google-cloud-spanner/src/test/java/com/google/cloud/spanner/DatabaseTest.java:[74,5] initMocks(java.lang.Object) in org.mockito.MockitoAnnotations has been deprecated
[INFO] /home/gabsko/breaking-updates/google-cloud-spanner/src/test/java/com/google/cloud/spanner/ValueTest.java: /home/gabsko/breaking-updates/google-cloud-spanner/src/test/java/com/google/cloud/spanner/ValueTest.java uses unchecked or unsafe operations.
[INFO] /home/gabsko/breaking-updates/google-cloud-spanner/src/test/java/com/google/cloud/spanner/ValueTest.java: Recompile with -Xlint:unchecked for details.
[INFO] 
[INFO] --- animal-sniffer-maven-plugin:1.20:check (java8) @ google-cloud-spanner ---
[INFO] Checking unresolved references to org.codehaus.mojo.signature:java18:1.0
[INFO] 
[INFO] --- maven-surefire-plugin:3.0.0-M5:test (default-test) @ google-cloud-spanner ---
[INFO] 
[INFO] -------------------------------------------------------
[INFO]  T E S T S
[INFO] -------------------------------------------------------
[INFO] Running com.google.cloud.spanner.InstanceAdminClientImplTest
[INFO] Tests run: 14, Failures: 0, Errors: 0, Skipped: 0, Time elapsed: 0.992 s - in com.google.cloud.spanner.InstanceAdminClientImplTest
[INFO] Running com.google.cloud.spanner.RestoreTest
[INFO] Tests run: 2, Failures: 0, Errors: 0, Skipped: 0, Time elapsed: 0 s - in com.google.cloud.spanner.RestoreTest
[INFO] Running com.google.cloud.spanner.DatabaseAdminClientImplTest
[INFO] Tests run: 27, Failures: 0, Errors: 0, Skipped: 0, Time elapsed: 0.086 s - in com.google.cloud.spanner.DatabaseAdminClientImplTest
[INFO] Running com.google.cloud.spanner.ReplicaTypeTest
[INFO] Tests run: 5, Failures: 0, Errors: 0, Skipped: 0, Time elapsed: 0.629 s - in com.google.cloud.spanner.ReplicaTypeTest
[INFO] Running com.google.cloud.spanner.SpannerOptionsThreadTest
[INFO] Tests run: 2, Failures: 0, Errors: 0, Skipped: 0, Time elapsed: 1.6 s - in com.google.cloud.spanner.SpannerOptionsThreadTest
[INFO] Running com.google.cloud.spanner.BackupIdTest
[INFO] Tests run: 2, Failures: 0, Errors: 0, Skipped: 0, Time elapsed: 0.014 s - in com.google.cloud.spanner.BackupIdTest
[INFO] Running com.google.cloud.spanner.DatabaseAdminClientTest
[INFO] Tests run: 44, Failures: 0, Errors: 0, Skipped: 0, Time elapsed: 1.993 s - in com.google.cloud.spanner.DatabaseAdminClientTest
[INFO] Running com.google.cloud.spanner.BackupTest
[INFO] Tests run: 17, Failures: 0, Errors: 0, Skipped: 0, Time elapsed: 0.02 s - in com.google.cloud.spanner.BackupTest
[INFO] Running com.google.cloud.spanner.AsyncTransactionManagerImplTest
[INFO] Tests run: 1, Failures: 0, Errors: 0, Skipped: 0, Time elapsed: 0.25 s - in com.google.cloud.spanner.AsyncTransactionManagerImplTest
[INFO] Running com.google.cloud.spanner.SpannerOptionsTest
[INFO] Tests run: 21, Failures: 0, Errors: 0, Skipped: 0, Time elapsed: 0.429 s - in com.google.cloud.spanner.SpannerOptionsTest
[INFO] Running com.google.cloud.spanner.SpannerGaxRetryTest
[INFO] Tests run: 17, Failures: 0, Errors: 0, Skipped: 0, Time elapsed: 2.184 s - in com.google.cloud.spanner.SpannerGaxRetryTest
[INFO] Running com.google.cloud.spanner.GrpcResultSetTest
[INFO] Tests run: 36, Failures: 0, Errors: 0, Skipped: 0, Time elapsed: 0.087 s - in com.google.cloud.spanner.GrpcResultSetTest
[INFO] Running com.google.cloud.spanner.OptionsTest
[INFO] Tests run: 47, Failures: 0, Errors: 0, Skipped: 0, Time elapsed: 0.003 s - in com.google.cloud.spanner.OptionsTest
[INFO] Running com.google.cloud.spanner.KeySetTest
[INFO] Tests run: 24, Failures: 0, Errors: 0, Skipped: 0, Time elapsed: 0.039 s - in com.google.cloud.spanner.KeySetTest
[INFO] Running com.google.cloud.spanner.ChannelUsageTest
Feb 05, 2023 4:46:34 AM com.google.cloud.grpc.GcpManagedChannel initMetrics
INFO: Metrics enabled.
Feb 05, 2023 4:46:34 AM com.google.cloud.grpc.GcpManagedChannel initMetrics
INFO: Metrics enabled.
Feb 05, 2023 4:46:34 AM com.google.cloud.grpc.GcpManagedChannel initMetrics
INFO: Metrics enabled.
Feb 05, 2023 4:46:34 AM com.google.cloud.grpc.GcpManagedChannel initMetrics
INFO: Metrics enabled.
Feb 05, 2023 4:46:34 AM com.google.cloud.grpc.GcpManagedChannel initMetrics
INFO: Metrics enabled.
Feb 05, 2023 4:46:34 AM com.google.cloud.grpc.GcpManagedChannel initMetrics
INFO: Metrics enabled.
Feb 05, 2023 4:46:34 AM com.google.cloud.grpc.GcpManagedChannel initMetrics
INFO: Metrics enabled.
Feb 05, 2023 4:46:34 AM com.google.cloud.grpc.GcpManagedChannel initMetrics
INFO: Metrics enabled.
Feb 05, 2023 4:46:34 AM com.google.cloud.grpc.GcpManagedChannel initMetrics
INFO: Metrics enabled.
Feb 05, 2023 4:46:34 AM com.google.cloud.grpc.GcpManagedChannel initMetrics
INFO: Metrics enabled.
Feb 05, 2023 4:46:34 AM com.google.cloud.grpc.GcpManagedChannel initMetrics
INFO: Metrics enabled.
Feb 05, 2023 4:46:34 AM com.google.cloud.grpc.GcpManagedChannel initMetrics
INFO: Metrics enabled.
Feb 05, 2023 4:46:34 AM com.google.cloud.grpc.GcpManagedChannel initMetrics
INFO: Metrics enabled.
Feb 05, 2023 4:46:34 AM com.google.cloud.grpc.GcpManagedChannel initMetrics
INFO: Metrics enabled.
Feb 05, 2023 4:46:34 AM com.google.cloud.grpc.GcpManagedChannel initMetrics
INFO: Metrics enabled.
Feb 05, 2023 4:46:34 AM com.google.cloud.grpc.GcpManagedChannel initMetrics
INFO: Metrics enabled.
Feb 05, 2023 4:46:34 AM com.google.cloud.grpc.GcpManagedChannel initMetrics
INFO: Metrics enabled.
Feb 05, 2023 4:46:34 AM com.google.cloud.grpc.GcpManagedChannel initMetrics
INFO: Metrics enabled.
Feb 05, 2023 4:46:34 AM com.google.cloud.grpc.GcpManagedChannel initMetrics
INFO: Metrics enabled.
Feb 05, 2023 4:46:34 AM com.google.cloud.grpc.GcpManagedChannel initMetrics
INFO: Metrics enabled.
Feb 05, 2023 4:46:34 AM com.google.cloud.grpc.GcpManagedChannel initMetrics
INFO: Metrics enabled.
Feb 05, 2023 4:46:34 AM com.google.cloud.grpc.GcpManagedChannel initMetrics
INFO: Metrics enabled.
Feb 05, 2023 4:46:34 AM com.google.cloud.grpc.GcpManagedChannel initMetrics
INFO: Metrics enabled.
Feb 05, 2023 4:46:34 AM com.google.cloud.grpc.GcpManagedChannel initMetrics
INFO: Metrics enabled.
[INFO] Tests run: 12, Failures: 0, Errors: 0, Skipped: 0, Time elapsed: 0.554 s - in com.google.cloud.spanner.ChannelUsageTest
[INFO] Running com.google.cloud.spanner.SpannerThreadsTest
[INFO] Tests run: 2, Failures: 0, Errors: 0, Skipped: 0, Time elapsed: 2.918 s - in com.google.cloud.spanner.SpannerThreadsTest
[INFO] Running com.google.cloud.spanner.ResultSetsTest
[INFO] Tests run: 8, Failures: 0, Errors: 0, Skipped: 0, Time elapsed: 0.022 s - in com.google.cloud.spanner.ResultSetsTest
[INFO] Running com.google.cloud.spanner.PgNumericTest
[INFO] Tests run: 7, Failures: 0, Errors: 0, Skipped: 0, Time elapsed: 0.375 s - in com.google.cloud.spanner.PgNumericTest
[INFO] Running com.google.cloud.spanner.InstanceAdminGaxTest
[INFO] Tests run: 42, Failures: 0, Errors: 0, Skipped: 0, Time elapsed: 0.536 s - in com.google.cloud.spanner.InstanceAdminGaxTest
[INFO] Running com.google.cloud.spanner.OperationTest
[INFO] Tests run: 6, Failures: 0, Errors: 0, Skipped: 0, Time elapsed: 0.022 s - in com.google.cloud.spanner.OperationTest
[INFO] Running com.google.cloud.spanner.spi.v1.SpannerMetadataProviderTest
[INFO] Tests run: 3, Failures: 0, Errors: 0, Skipped: 0, Time elapsed: 0.062 s - in com.google.cloud.spanner.spi.v1.SpannerMetadataProviderTest
[INFO] Running com.google.cloud.spanner.spi.v1.GfeLatencyTest
[INFO] Tests run: 4, Failures: 0, Errors: 0, Skipped: 0, Time elapsed: 6.278 s - in com.google.cloud.spanner.spi.v1.GfeLatencyTest
[INFO] Running com.google.cloud.spanner.spi.v1.GapicSpannerRpcTest
[INFO] Tests run: 16, Failures: 0, Errors: 0, Skipped: 0, Time elapsed: 0.65 s - in com.google.cloud.spanner.spi.v1.GapicSpannerRpcTest
[INFO] Running com.google.cloud.spanner.InlineBeginTransactionTest$InlineBeginTransactionWithExecutorTest
[INFO] Tests run: 30, Failures: 0, Errors: 0, Skipped: 0, Time elapsed: 0.439 s - in com.google.cloud.spanner.InlineBeginTransactionTest$InlineBeginTransactionWithExecutorTest
[INFO] Running com.google.cloud.spanner.SessionImplTest
[INFO] Tests run: 20, Failures: 0, Errors: 0, Skipped: 0, Time elapsed: 0.214 s - in com.google.cloud.spanner.SessionImplTest
[INFO] Running com.google.cloud.spanner.PartitionTest
[INFO] Tests run: 4, Failures: 0, Errors: 0, Skipped: 0, Time elapsed: 0.011 s - in com.google.cloud.spanner.PartitionTest
[INFO] Running com.google.cloud.spanner.connection.EmulatorUtilTest
[INFO] Tests run: 6, Failures: 0, Errors: 0, Skipped: 0, Time elapsed: 0.091 s - in com.google.cloud.spanner.connection.EmulatorUtilTest
[INFO] Running com.google.cloud.spanner.connection.StatementResultImplTest
[INFO] Tests run: 12, Failures: 0, Errors: 0, Skipped: 0, Time elapsed: 0.037 s - in com.google.cloud.spanner.connection.StatementResultImplTest
[INFO] Running com.google.cloud.spanner.connection.SetPgSessionCharacteristicsTest
[INFO] Tests run: 4, Failures: 0, Errors: 0, Skipped: 0, Time elapsed: 0.15 s - in com.google.cloud.spanner.connection.SetPgSessionCharacteristicsTest
[INFO] Running com.google.cloud.spanner.connection.SetReadOnlyStalenessSqlScriptTest
[INFO] Tests run: 2, Failures: 0, Errors: 0, Skipped: 0, Time elapsed: 0.151 s - in com.google.cloud.spanner.connection.SetReadOnlyStalenessSqlScriptTest
[INFO] Running com.google.cloud.spanner.connection.DirectExecuteResultSetTest
[INFO] Tests run: 4, Failures: 0, Errors: 0, Skipped: 0, Time elapsed: 0.007 s - in com.google.cloud.spanner.connection.DirectExecuteResultSetTest
[INFO] Running com.google.cloud.spanner.connection.ConnectionImplAutocommitReadWriteTest$ConnectionImplAutocommitReadWriteAfterSelectAndResultSetNextTest
[INFO] Tests run: 72, Failures: 0, Errors: 0, Skipped: 0, Time elapsed: 0.554 s - in com.google.cloud.spanner.connection.ConnectionImplAutocommitReadWriteTest$ConnectionImplAutocommitReadWriteAfterSelectAndResultSetNextTest
[INFO] Running com.google.cloud.spanner.connection.DdlClientTest
[INFO] Tests run: 1, Failures: 0, Errors: 0, Skipped: 0, Time elapsed: 0 s - in com.google.cloud.spanner.connection.DdlClientTest
[INFO] Running com.google.cloud.spanner.connection.ConnectionImplTransactionalReadOnlyTest$ConnectionImplTransactionalReadOnlyAfterTransactionTest
[INFO] Tests run: 72, Failures: 0, Errors: 0, Skipped: 0, Time elapsed: 0.472 s - in com.google.cloud.spanner.connection.ConnectionImplTransactionalReadOnlyTest$ConnectionImplTransactionalReadOnlyAfterTransactionTest
[INFO] Running com.google.cloud.spanner.connection.ConnectionImplGeneratedSqlScriptTest
[INFO] Tests run: 2, Failures: 0, Errors: 0, Skipped: 0, Time elapsed: 2.587 s - in com.google.cloud.spanner.connection.ConnectionImplGeneratedSqlScriptTest
[INFO] Running com.google.cloud.spanner.connection.LocalConnectionCheckerTest
[INFO] Tests run: 2, Failures: 0, Errors: 0, Skipped: 0, Time elapsed: 0.099 s - in com.google.cloud.spanner.connection.LocalConnectionCheckerTest
[INFO] Running com.google.cloud.spanner.connection.ConnectionImplTransactionalReadOnlyTest$ConnectionImplTransactionalReadOnlyAfterRollbackTest
[INFO] Tests run: 72, Failures: 0, Errors: 0, Skipped: 0, Time elapsed: 0.357 s - in com.google.cloud.spanner.connection.ConnectionImplTransactionalReadOnlyTest$ConnectionImplTransactionalReadOnlyAfterRollbackTest
[INFO] Running com.google.cloud.spanner.connection.ConnectionOptionsTest
[INFO] Tests run: 25, Failures: 0, Errors: 0, Skipped: 0, Time elapsed: 0.036 s - in com.google.cloud.spanner.connection.ConnectionOptionsTest
[INFO] Running com.google.cloud.spanner.connection.ConnectionImplTransactionalReadOnlyTest$ConnectionImplTransactionalReadOnlyAfterSetReadOnlyMaxStalenessTest
[INFO] Tests run: 72, Failures: 0, Errors: 0, Skipped: 0, Time elapsed: 0.264 s - in com.google.cloud.spanner.connection.ConnectionImplTransactionalReadOnlyTest$ConnectionImplTransactionalReadOnlyAfterSetReadOnlyMaxStalenessTest
[INFO] Running com.google.cloud.spanner.connection.ConnectionTest$ConnectionMinSessionsTest
[INFO] Tests run: 1, Failures: 0, Errors: 0, Skipped: 0, Time elapsed: 0.143 s - in com.google.cloud.spanner.connection.ConnectionTest$ConnectionMinSessionsTest
[INFO] Running com.google.cloud.spanner.connection.ConnectionTest$DialectDetectionTest
[INFO] Tests run: 3, Failures: 0, Errors: 0, Skipped: 0, Time elapsed: 0.059 s - in com.google.cloud.spanner.connection.ConnectionTest$DialectDetectionTest
[INFO] Running com.google.cloud.spanner.connection.ConnectionImplTransactionalReadWriteTest$ConnectionImplTransactionalReadWriteAfterEmptyCommitTest
[INFO] Tests run: 72, Failures: 0, Errors: 0, Skipped: 0, Time elapsed: 0.254 s - in com.google.cloud.spanner.connection.ConnectionImplTransactionalReadWriteTest$ConnectionImplTransactionalReadWriteAfterEmptyCommitTest
[INFO] Running com.google.cloud.spanner.connection.ConnectionStatementWithNoParametersTest
[INFO] Tests run: 24, Failures: 0, Errors: 0, Skipped: 0, Time elapsed: 0.042 s - in com.google.cloud.spanner.connection.ConnectionStatementWithNoParametersTest
[INFO] Running com.google.cloud.spanner.connection.BeginPgTransactionTest
[INFO] Tests run: 3, Failures: 0, Errors: 0, Skipped: 0, Time elapsed: 0.002 s - in com.google.cloud.spanner.connection.BeginPgTransactionTest
[INFO] Running com.google.cloud.spanner.connection.ClientSideStatementsTest
[INFO] Tests run: 2, Failures: 0, Errors: 0, Skipped: 0, Time elapsed: 7.903 s - in com.google.cloud.spanner.connection.ClientSideStatementsTest
[INFO] Running com.google.cloud.spanner.connection.DmlBatchTest
[INFO] Tests run: 11, Failures: 0, Errors: 0, Skipped: 0, Time elapsed: 0.062 s - in com.google.cloud.spanner.connection.DmlBatchTest
[INFO] Running com.google.cloud.spanner.connection.ConnectionImplTransactionalReadOnlyTest$ConnectionImplTransactionalReadOnlyNoActionsTest
[INFO] Tests run: 72, Failures: 0, Errors: 0, Skipped: 0, Time elapsed: 0.255 s - in com.google.cloud.spanner.connection.ConnectionImplTransactionalReadOnlyTest$ConnectionImplTransactionalReadOnlyNoActionsTest
[INFO] Running com.google.cloud.spanner.connection.ConnectionImplTransactionalReadWriteTest$ConnectionImplTransactionalReadWriteAfterRanDdlBatchTest
[INFO] Tests run: 72, Failures: 0, Errors: 0, Skipped: 0, Time elapsed: 0.632 s - in com.google.cloud.spanner.connection.ConnectionImplTransactionalReadWriteTest$ConnectionImplTransactionalReadWriteAfterRanDdlBatchTest
[INFO] Running com.google.cloud.spanner.connection.ConnectionImplAutocommitReadWriteTest$ConnectionImplAutocommitReadWriteAfterSelectTest
[INFO] Tests run: 72, Failures: 0, Errors: 0, Skipped: 0, Time elapsed: 0.363 s - in com.google.cloud.spanner.connection.ConnectionImplAutocommitReadWriteTest$ConnectionImplAutocommitReadWriteAfterSelectTest
[INFO] Running com.google.cloud.spanner.connection.AutocommitDmlModeConverterTest
[INFO] Tests run: 2, Failures: 0, Errors: 0, Skipped: 0, Time elapsed: 0 s - in com.google.cloud.spanner.connection.AutocommitDmlModeConverterTest
[INFO] Running com.google.cloud.spanner.connection.AsyncStatementResultImplTest
[INFO] Tests run: 6, Failures: 0, Errors: 0, Skipped: 0, Time elapsed: 0.019 s - in com.google.cloud.spanner.connection.AsyncStatementResultImplTest
[INFO] Running com.google.cloud.spanner.connection.ConnectionImplTransactionalReadWriteTest$ConnectionImplTransactionalReadWriteAfterSelectAndResultSetNextTest
[INFO] Tests run: 72, Failures: 0, Errors: 0, Skipped: 0, Time elapsed: 0.402 s - in com.google.cloud.spanner.connection.ConnectionImplTransactionalReadWriteTest$ConnectionImplTransactionalReadWriteAfterSelectAndResultSetNextTest
[INFO] Running com.google.cloud.spanner.connection.ConnectionImplAutocommitReadOnlyTest$ConnectionImplAutocommitReadOnlyNoActionsTest
[INFO] Tests run: 72, Failures: 0, Errors: 0, Skipped: 0, Time elapsed: 0.244 s - in com.google.cloud.spanner.connection.ConnectionImplAutocommitReadOnlyTest$ConnectionImplAutocommitReadOnlyNoActionsTest
[INFO] Running com.google.cloud.spanner.connection.DdlBatchTest
[INFO] Tests run: 19, Failures: 0, Errors: 0, Skipped: 0, Time elapsed: 0.143 s - in com.google.cloud.spanner.connection.DdlBatchTest
[INFO] Running com.google.cloud.spanner.connection.ConnectionImplAutocommitReadWriteTest$ConnectionImplAutocommitReadWriteAfterBeginReadOnlyTransactionTest
[INFO] Tests run: 72, Failures: 0, Errors: 0, Skipped: 0, Time elapsed: 0.259 s - in com.google.cloud.spanner.connection.ConnectionImplAutocommitReadWriteTest$ConnectionImplAutocommitReadWriteAfterBeginReadOnlyTransactionTest
[INFO] Running com.google.cloud.spanner.connection.SetStatementTimeoutSqlScriptTest
[INFO] Tests run: 2, Failures: 0, Errors: 0, Skipped: 0, Time elapsed: 0.016 s - in com.google.cloud.spanner.connection.SetStatementTimeoutSqlScriptTest
[INFO] Running com.google.cloud.spanner.connection.ConnectionImplAutocommitReadWriteTest$ConnectionImplAutocommitReadWriteAfterBeginTransactionTest
[INFO] Tests run: 72, Failures: 0, Errors: 0, Skipped: 0, Time elapsed: 0.254 s - in com.google.cloud.spanner.connection.ConnectionImplAutocommitReadWriteTest$ConnectionImplAutocommitReadWriteAfterBeginTransactionTest
[INFO] Running com.google.cloud.spanner.connection.BooleanConverterTest
[INFO] Tests run: 2, Failures: 0, Errors: 0, Skipped: 0, Time elapsed: 0 s - in com.google.cloud.spanner.connection.BooleanConverterTest
[INFO] Running com.google.cloud.spanner.connection.ConnectionImplAutocommitReadOnlyTest$ConnectionImplAutocommitReadOnlyAfterSelectAndResultSetNextTest
[INFO] Tests run: 72, Failures: 0, Errors: 0, Skipped: 0, Time elapsed: 0.27 s - in com.google.cloud.spanner.connection.ConnectionImplAutocommitReadOnlyTest$ConnectionImplAutocommitReadOnlyAfterSelectAndResultSetNextTest
[INFO] Running com.google.cloud.spanner.connection.ConnectionImplTransactionalReadWriteTest$ConnectionImplTransactionalReadWriteAfterSelectTest
[INFO] Tests run: 72, Failures: 0, Errors: 0, Skipped: 0, Time elapsed: 0.295 s - in com.google.cloud.spanner.connection.ConnectionImplTransactionalReadWriteTest$ConnectionImplTransactionalReadWriteAfterSelectTest
[INFO] Running com.google.cloud.spanner.connection.ConnectionImplTransactionalReadWriteTest$ConnectionImplTransactionalReadWriteAfterSetTransactionReadOnlyTest
[INFO] Tests run: 72, Failures: 0, Errors: 0, Skipped: 0, Time elapsed: 0.284 s - in com.google.cloud.spanner.connection.ConnectionImplTransactionalReadWriteTest$ConnectionImplTransactionalReadWriteAfterSetTransactionReadOnlyTest
[INFO] Running com.google.cloud.spanner.connection.DurationConverterTest
[INFO] Tests run: 1, Failures: 0, Errors: 0, Skipped: 0, Time elapsed: 0.002 s - in com.google.cloud.spanner.connection.DurationConverterTest
[INFO] Running com.google.cloud.spanner.connection.AbortedTest
[INFO] Tests run: 8, Failures: 0, Errors: 0, Skipped: 0, Time elapsed: 0.221 s - in com.google.cloud.spanner.connection.AbortedTest
[INFO] Running com.google.cloud.spanner.connection.ConnectionAsyncApiTest
[INFO] Tests run: 39, Failures: 0, Errors: 0, Skipped: 0, Time elapsed: 0.724 s - in com.google.cloud.spanner.connection.ConnectionAsyncApiTest
[INFO] Running com.google.cloud.spanner.connection.ConnectionImplAutocommitReadWriteTest$ConnectionImplAutocommitReadWriteAfterStartDdlBatchTest
[INFO] Tests run: 72, Failures: 0, Errors: 0, Skipped: 0, Time elapsed: 0.277 s - in com.google.cloud.spanner.connection.ConnectionImplAutocommitReadWriteTest$ConnectionImplAutocommitReadWriteAfterStartDdlBatchTest
[INFO] Running com.google.cloud.spanner.connection.ConnectionImplAutocommitReadWriteTest$ConnectionImplAutocommitReadWriteAfterBeginReadOnlyTransactionTest
[INFO] Tests run: 72, Failures: 0, Errors: 0, Skipped: 0, Time elapsed: 0.223 s - in com.google.cloud.spanner.connection.ConnectionImplAutocommitReadWriteTest$ConnectionImplAutocommitReadWriteAfterBeginReadOnlyTransactionTest
[INFO] Running com.google.cloud.spanner.connection.ConnectionImplAutocommitReadWriteTest$ConnectionImplAutocommitReadWriteAfterTemporaryTransactionTest
[INFO] Tests run: 72, Failures: 0, Errors: 0, Skipped: 0, Time elapsed: 0.445 s - in com.google.cloud.spanner.connection.ConnectionImplAutocommitReadWriteTest$ConnectionImplAutocommitReadWriteAfterTemporaryTransactionTest
[INFO] Running com.google.cloud.spanner.connection.ConnectionImplAutocommitReadWriteTest$ConnectionImplAutocommitReadWriteAfterBeginTransactionTest
[INFO] Tests run: 72, Failures: 0, Errors: 0, Skipped: 0, Time elapsed: 0.293 s - in com.google.cloud.spanner.connection.ConnectionImplAutocommitReadWriteTest$ConnectionImplAutocommitReadWriteAfterBeginTransactionTest
[INFO] Running com.google.cloud.spanner.connection.ConnectionImplAutocommitReadWriteTest$ConnectionImplAutocommitReadWriteAfterDdlTest
[INFO] Tests run: 72, Failures: 0, Errors: 0, Skipped: 0, Time elapsed: 0.337 s - in com.google.cloud.spanner.connection.ConnectionImplAutocommitReadWriteTest$ConnectionImplAutocommitReadWriteAfterDdlTest
[INFO] Running com.google.cloud.spanner.connection.ConnectionImplAutocommitReadWriteTest$ConnectionImplAutocommitReadWriteAfterUpdateTest
[INFO] Tests run: 72, Failures: 0, Errors: 0, Skipped: 0, Time elapsed: 0.369 s - in com.google.cloud.spanner.connection.ConnectionImplAutocommitReadWriteTest$ConnectionImplAutocommitReadWriteAfterUpdateTest
[INFO] Running com.google.cloud.spanner.connection.ConnectionImplAutocommitReadWriteTest$ConnectionImplAutocommitReadWriteAfterSelectAndResultSetNextTest
[INFO] Tests run: 72, Failures: 0, Errors: 0, Skipped: 0, Time elapsed: 0.314 s - in com.google.cloud.spanner.connection.ConnectionImplAutocommitReadWriteTest$ConnectionImplAutocommitReadWriteAfterSelectAndResultSetNextTest
[INFO] Running com.google.cloud.spanner.connection.ConnectionImplAutocommitReadWriteTest$ConnectionImplAutocommitReadWriteAfterSelectTest
[INFO] Tests run: 72, Failures: 0, Errors: 0, Skipped: 0, Time elapsed: 0.41 s - in com.google.cloud.spanner.connection.ConnectionImplAutocommitReadWriteTest$ConnectionImplAutocommitReadWriteAfterSelectTest
[INFO] Running com.google.cloud.spanner.connection.ConnectionImplAutocommitReadWriteTest$ConnectionImplAutocommitReadWriteNoActionsTest
[INFO] Tests run: 72, Failures: 0, Errors: 0, Skipped: 0, Time elapsed: 0.213 s - in com.google.cloud.spanner.connection.ConnectionImplAutocommitReadWriteTest$ConnectionImplAutocommitReadWriteNoActionsTest
[INFO] Running com.google.cloud.spanner.connection.ConnectionImplAutocommitReadOnlyTest$ConnectionImplAutocommitReadOnlyAfterSetReadOnlyMaxStalenessTest
[INFO] Tests run: 72, Failures: 0, Errors: 0, Skipped: 0, Time elapsed: 0.224 s - in com.google.cloud.spanner.connection.ConnectionImplAutocommitReadOnlyTest$ConnectionImplAutocommitReadOnlyAfterSetReadOnlyMaxStalenessTest
[INFO] Running com.google.cloud.spanner.connection.ConnectionTest$DefaultConnectionOptionsTest
[INFO] Tests run: 6, Failures: 0, Errors: 0, Skipped: 0, Time elapsed: 0.083 s - in com.google.cloud.spanner.connection.ConnectionTest$DefaultConnectionOptionsTest
[INFO] Running com.google.cloud.spanner.connection.ConnectionTest$ConnectionMaxSessionsTest
[INFO] Tests run: 1, Failures: 0, Errors: 0, Skipped: 0, Time elapsed: 0.027 s - in com.google.cloud.spanner.connection.ConnectionTest$ConnectionMaxSessionsTest
[INFO] Running com.google.cloud.spanner.connection.ConnectionImplTransactionalReadWriteTest$ConnectionImplTransactionalReadWriteAfterTransactionTest
[INFO] Tests run: 72, Failures: 0, Errors: 0, Skipped: 0, Time elapsed: 0.379 s - in com.google.cloud.spanner.connection.ConnectionImplTransactionalReadWriteTest$ConnectionImplTransactionalReadWriteAfterTransactionTest
[INFO] Running com.google.cloud.spanner.connection.ReplaceableForwardingResultSetTest
[INFO] Tests run: 5, Failures: 0, Errors: 0, Skipped: 0, Time elapsed: 0.011 s - in com.google.cloud.spanner.connection.ReplaceableForwardingResultSetTest
[INFO] Running com.google.cloud.spanner.connection.ConnectionTest$EnvironmentConnectionOptionsTest
[INFO] Tests run: 1, Failures: 0, Errors: 0, Skipped: 0, Time elapsed: 0.031 s - in com.google.cloud.spanner.connection.ConnectionTest$EnvironmentConnectionOptionsTest
[INFO] Running com.google.cloud.spanner.connection.RpcPriorityConverterTest
[INFO] Tests run: 1, Failures: 0, Errors: 0, Skipped: 0, Time elapsed: 0 s - in com.google.cloud.spanner.connection.RpcPriorityConverterTest
[INFO] Running com.google.cloud.spanner.connection.ConnectionImplAutocommitReadOnlyTest$ConnectionImplAutocommitReadOnlyAfterSetReadOnlyMaxStalenessTest
[INFO] Tests run: 72, Failures: 0, Errors: 0, Skipped: 0, Time elapsed: 0.234 s - in com.google.cloud.spanner.connection.ConnectionImplAutocommitReadOnlyTest$ConnectionImplAutocommitReadOnlyAfterSetReadOnlyMaxStalenessTest
[INFO] Running com.google.cloud.spanner.connection.ConnectionImplAutocommitReadOnlyTest$ConnectionImplAutocommitReadOnlyAfterTemporaryTransactionTest
[INFO] Tests run: 72, Failures: 0, Errors: 0, Skipped: 0, Time elapsed: 0.298 s - in com.google.cloud.spanner.connection.ConnectionImplAutocommitReadOnlyTest$ConnectionImplAutocommitReadOnlyAfterTemporaryTransactionTest
[INFO] Running com.google.cloud.spanner.connection.ConnectionImplAutocommitReadOnlyTest$ConnectionImplAutocommitReadOnlyAfterBeginTransactionTest
[INFO] Tests run: 72, Failures: 0, Errors: 0, Skipped: 0, Time elapsed: 0.244 s - in com.google.cloud.spanner.connection.ConnectionImplAutocommitReadOnlyTest$ConnectionImplAutocommitReadOnlyAfterBeginTransactionTest
[INFO] Running com.google.cloud.spanner.connection.ConnectionImplAutocommitReadOnlyTest$ConnectionImplAutocommitReadOnlyAfterSelectAndResultSetNextTest
[INFO] Tests run: 72, Failures: 0, Errors: 0, Skipped: 0, Time elapsed: 0.33 s - in com.google.cloud.spanner.connection.ConnectionImplAutocommitReadOnlyTest$ConnectionImplAutocommitReadOnlyAfterSelectAndResultSetNextTest
[INFO] Running com.google.cloud.spanner.connection.ConnectionImplAutocommitReadOnlyTest$ConnectionImplAutocommitReadOnlyAfterSelectTest
[INFO] Tests run: 72, Failures: 0, Errors: 0, Skipped: 0, Time elapsed: 0.378 s - in com.google.cloud.spanner.connection.ConnectionImplAutocommitReadOnlyTest$ConnectionImplAutocommitReadOnlyAfterSelectTest
[INFO] Running com.google.cloud.spanner.connection.ConnectionImplAutocommitReadOnlyTest$ConnectionImplAutocommitReadOnlyNoActionsTest
[INFO] Tests run: 72, Failures: 0, Errors: 0, Skipped: 0, Time elapsed: 0.282 s - in com.google.cloud.spanner.connection.ConnectionImplAutocommitReadOnlyTest$ConnectionImplAutocommitReadOnlyNoActionsTest
[INFO] Running com.google.cloud.spanner.connection.ConnectionImplTransactionalReadWriteTest$ConnectionImplTransactionalReadWriteNoActionsTest
[INFO] Tests run: 72, Failures: 0, Errors: 0, Skipped: 0, Time elapsed: 0.249 s - in com.google.cloud.spanner.connection.ConnectionImplTransactionalReadWriteTest$ConnectionImplTransactionalReadWriteNoActionsTest
[INFO] Running com.google.cloud.spanner.connection.ReadOnlyTransactionTest
[INFO] Tests run: 15, Failures: 0, Errors: 0, Skipped: 0, Time elapsed: 0.062 s - in com.google.cloud.spanner.connection.ReadOnlyTransactionTest
[INFO] Running com.google.cloud.spanner.connection.ConnectionAsyncApiAbortedTest
[INFO] Tests run: 14, Failures: 0, Errors: 0, Skipped: 0, Time elapsed: 0.656 s - in com.google.cloud.spanner.connection.ConnectionAsyncApiAbortedTest
[INFO] Running com.google.cloud.spanner.connection.TaggingTest
[INFO] Tests run: 17, Failures: 0, Errors: 0, Skipped: 0, Time elapsed: 0.114 s - in com.google.cloud.spanner.connection.TaggingTest
[INFO] Running com.google.cloud.spanner.connection.StatementParserTest
[WARNING] Tests run: 54, Failures: 0, Errors: 0, Skipped: 14, Time elapsed: 0.05 s - in com.google.cloud.spanner.connection.StatementParserTest
[INFO] Running com.google.cloud.spanner.connection.ConnectionTest$DialectDetectionTest
[INFO] Tests run: 3, Failures: 0, Errors: 0, Skipped: 0, Time elapsed: 0.037 s - in com.google.cloud.spanner.connection.ConnectionTest$DialectDetectionTest
[INFO] Running com.google.cloud.spanner.connection.ConnectionTest$ConnectionRPCPriorityTest
[INFO] Tests run: 7, Failures: 0, Errors: 0, Skipped: 0, Time elapsed: 0.074 s - in com.google.cloud.spanner.connection.ConnectionTest$ConnectionRPCPriorityTest
[INFO] Running com.google.cloud.spanner.connection.ConnectionTest$ConnectionMaxSessionsTest
[INFO] Tests run: 1, Failures: 0, Errors: 0, Skipped: 0, Time elapsed: 0.043 s - in com.google.cloud.spanner.connection.ConnectionTest$ConnectionMaxSessionsTest
[INFO] Running com.google.cloud.spanner.connection.ConnectionTest$ConnectionMinSessionsTest
[INFO] Tests run: 1, Failures: 0, Errors: 0, Skipped: 0, Time elapsed: 0.026 s - in com.google.cloud.spanner.connection.ConnectionTest$ConnectionMinSessionsTest
[INFO] Running com.google.cloud.spanner.connection.ConnectionTest$DefaultConnectionOptionsTest
[INFO] Tests run: 6, Failures: 0, Errors: 0, Skipped: 0, Time elapsed: 0.105 s - in com.google.cloud.spanner.connection.ConnectionTest$DefaultConnectionOptionsTest
[INFO] Running com.google.cloud.spanner.connection.ConnectionTest$EnvironmentConnectionOptionsTest
[INFO] Tests run: 1, Failures: 0, Errors: 0, Skipped: 0, Time elapsed: 0.057 s - in com.google.cloud.spanner.connection.ConnectionTest$EnvironmentConnectionOptionsTest
[INFO] Running com.google.cloud.spanner.connection.ConnectionImplTransactionalReadOnlyTest$ConnectionImplTransactionalReadOnlyAfterSelectAndResultSetNextTest
[INFO] Tests run: 72, Failures: 0, Errors: 0, Skipped: 0, Time elapsed: 0.353 s - in com.google.cloud.spanner.connection.ConnectionImplTransactionalReadOnlyTest$ConnectionImplTransactionalReadOnlyAfterSelectAndResultSetNextTest
[INFO] Running com.google.cloud.spanner.connection.ConnectionImplTransactionalReadWriteTest$ConnectionImplTransactionalReadWriteInDdlBatchTransactionTest
[INFO] Tests run: 72, Failures: 0, Errors: 0, Skipped: 0, Time elapsed: 0.337 s - in com.google.cloud.spanner.connection.ConnectionImplTransactionalReadWriteTest$ConnectionImplTransactionalReadWriteInDdlBatchTransactionTest
[INFO] Running com.google.cloud.spanner.connection.ConnectionImplTransactionalReadWriteTest$ConnectionImplTransactionalReadWriteAfterStartDdlBatchTest
[INFO] Tests run: 72, Failures: 0, Errors: 0, Skipped: 0, Time elapsed: 0.236 s - in com.google.cloud.spanner.connection.ConnectionImplTransactionalReadWriteTest$ConnectionImplTransactionalReadWriteAfterStartDdlBatchTest
[INFO] Running com.google.cloud.spanner.connection.ConnectionImplAutocommitReadWriteTest$ConnectionImplAutocommitReadWriteAfterUpdateTest
[INFO] Tests run: 72, Failures: 0, Errors: 0, Skipped: 0, Time elapsed: 0.299 s - in com.google.cloud.spanner.connection.ConnectionImplAutocommitReadWriteTest$ConnectionImplAutocommitReadWriteAfterUpdateTest
[INFO] Running com.google.cloud.spanner.connection.ConnectionImplAutocommitReadOnlyTest$ConnectionImplAutocommitReadOnlyAfterTemporaryTransactionTest
[INFO] Tests run: 72, Failures: 0, Errors: 0, Skipped: 0, Time elapsed: 0.381 s - in com.google.cloud.spanner.connection.ConnectionImplAutocommitReadOnlyTest$ConnectionImplAutocommitReadOnlyAfterTemporaryTransactionTest
[INFO] Running com.google.cloud.spanner.connection.PgDurationConverterTest
[INFO] Tests run: 1, Failures: 0, Errors: 0, Skipped: 0, Time elapsed: 0 s - in com.google.cloud.spanner.connection.PgDurationConverterTest
[INFO] Running com.google.cloud.spanner.connection.AutocommitDmlModeTest
[INFO] Tests run: 2, Failures: 0, Errors: 0, Skipped: 0, Time elapsed: 0.007 s - in com.google.cloud.spanner.connection.AutocommitDmlModeTest
[INFO] Running com.google.cloud.spanner.connection.TransactionModeConverterTest
[INFO] Tests run: 1, Failures: 0, Errors: 0, Skipped: 0, Time elapsed: 0 s - in com.google.cloud.spanner.connection.TransactionModeConverterTest
[INFO] Running com.google.cloud.spanner.connection.SingleUseTransactionTest
[INFO] Tests run: 18, Failures: 0, Errors: 0, Skipped: 0, Time elapsed: 0.06 s - in com.google.cloud.spanner.connection.SingleUseTransactionTest
[INFO] Running com.google.cloud.spanner.connection.ConnectionTest$ConnectionRPCPriorityTest
[INFO] Tests run: 7, Failures: 0, Errors: 0, Skipped: 0, Time elapsed: 0.079 s - in com.google.cloud.spanner.connection.ConnectionTest$ConnectionRPCPriorityTest
[INFO] Running com.google.cloud.spanner.connection.ConnectionStatementExecutorTest
[INFO] Tests run: 46, Failures: 0, Errors: 0, Skipped: 0, Time elapsed: 0.036 s - in com.google.cloud.spanner.connection.ConnectionStatementExecutorTest
[INFO] Running com.google.cloud.spanner.connection.ConnectionImplTransactionalReadOnlyTest$ConnectionImplTransactionalReadOnlyAfterEmptyCommitTest
[INFO] Tests run: 72, Failures: 0, Errors: 0, Skipped: 0, Time elapsed: 0.313 s - in com.google.cloud.spanner.connection.ConnectionImplTransactionalReadOnlyTest$ConnectionImplTransactionalReadOnlyAfterEmptyCommitTest
[INFO] Running com.google.cloud.spanner.connection.ConnectionImplTransactionalReadOnlyTest$ConnectionImplTransactionalReadOnlyAfterSetReadOnlyMaxStalenessTest
[INFO] Tests run: 72, Failures: 0, Errors: 0, Skipped: 0, Time elapsed: 0.304 s - in com.google.cloud.spanner.connection.ConnectionImplTransactionalReadOnlyTest$ConnectionImplTransactionalReadOnlyAfterSetReadOnlyMaxStalenessTest
[INFO] Running com.google.cloud.spanner.connection.ConnectionImplTransactionalReadOnlyTest$ConnectionImplTransactionalReadOnlyAfterRollbackTest
[INFO] Tests run: 72, Failures: 0, Errors: 0, Skipped: 0, Time elapsed: 0.421 s - in com.google.cloud.spanner.connection.ConnectionImplTransactionalReadOnlyTest$ConnectionImplTransactionalReadOnlyAfterRollbackTest
[INFO] Running com.google.cloud.spanner.connection.ConnectionImplTransactionalReadOnlyTest$ConnectionImplTransactionalReadOnlyAfterTransactionTest
[INFO] Tests run: 72, Failures: 0, Errors: 0, Skipped: 0, Time elapsed: 0.344 s - in com.google.cloud.spanner.connection.ConnectionImplTransactionalReadOnlyTest$ConnectionImplTransactionalReadOnlyAfterTransactionTest
[INFO] Running com.google.cloud.spanner.connection.ConnectionImplTransactionalReadOnlyTest$ConnectionImplTransactionalReadOnlyAfterBeginTransactionTest
[INFO] Tests run: 72, Failures: 0, Errors: 0, Skipped: 0, Time elapsed: 0.204 s - in com.google.cloud.spanner.connection.ConnectionImplTransactionalReadOnlyTest$ConnectionImplTransactionalReadOnlyAfterBeginTransactionTest
[INFO] Running com.google.cloud.spanner.connection.ConnectionImplTransactionalReadOnlyTest$ConnectionImplTransactionalReadOnlyAfterSelectAndResultSetNextTest
[INFO] Tests run: 72, Failures: 0, Errors: 0, Skipped: 0, Time elapsed: 0.394 s - in com.google.cloud.spanner.connection.ConnectionImplTransactionalReadOnlyTest$ConnectionImplTransactionalReadOnlyAfterSelectAndResultSetNextTest
[INFO] Running com.google.cloud.spanner.connection.ConnectionImplTransactionalReadOnlyTest$ConnectionImplTransactionalReadOnlyAfterSelectTest
[INFO] Tests run: 72, Failures: 0, Errors: 0, Skipped: 0, Time elapsed: 0.308 s - in com.google.cloud.spanner.connection.ConnectionImplTransactionalReadOnlyTest$ConnectionImplTransactionalReadOnlyAfterSelectTest
[INFO] Running com.google.cloud.spanner.connection.ConnectionImplTransactionalReadOnlyTest$ConnectionImplTransactionalReadOnlyNoActionsTest
[INFO] Tests run: 72, Failures: 0, Errors: 0, Skipped: 0, Time elapsed: 0.229 s - in com.google.cloud.spanner.connection.ConnectionImplTransactionalReadOnlyTest$ConnectionImplTransactionalReadOnlyNoActionsTest
[INFO] Running com.google.cloud.spanner.connection.PgTransactionModeConverterTest
[INFO] Tests run: 1, Failures: 0, Errors: 0, Skipped: 0, Time elapsed: 0 s - in com.google.cloud.spanner.connection.PgTransactionModeConverterTest
[INFO] Running com.google.cloud.spanner.connection.ConnectionImplTransactionalReadOnlyTest$ConnectionImplTransactionalReadOnlyAfterBeginTransactionTest
[INFO] Tests run: 72, Failures: 0, Errors: 0, Skipped: 0, Time elapsed: 0.221 s - in com.google.cloud.spanner.connection.ConnectionImplTransactionalReadOnlyTest$ConnectionImplTransactionalReadOnlyAfterBeginTransactionTest
[INFO] Running com.google.cloud.spanner.connection.CredentialsServiceTest
[INFO] Tests run: 4, Failures: 0, Errors: 0, Skipped: 0, Time elapsed: 0 s - in com.google.cloud.spanner.connection.CredentialsServiceTest
[INFO] Running com.google.cloud.spanner.connection.ConnectionImplTransactionalReadWriteTest$ConnectionImplTransactionalReadWriteAfterRollbackTest
[INFO] Tests run: 72, Failures: 0, Errors: 0, Skipped: 0, Time elapsed: 0.406 s - in com.google.cloud.spanner.connection.ConnectionImplTransactionalReadWriteTest$ConnectionImplTransactionalReadWriteAfterRollbackTest
[INFO] Running com.google.cloud.spanner.connection.SpannerPoolTest
[INFO] Tests run: 10, Failures: 0, Errors: 0, Skipped: 0, Time elapsed: 0.063 s - in com.google.cloud.spanner.connection.SpannerPoolTest
[INFO] Running com.google.cloud.spanner.connection.ConnectionStatementWithOneParameterTest
[WARNING] Tests run: 18, Failures: 0, Errors: 0, Skipped: 1, Time elapsed: 0.026 s - in com.google.cloud.spanner.connection.ConnectionStatementWithOneParameterTest
[INFO] Running com.google.cloud.spanner.connection.ConnectionImplAutocommitReadOnlyTest$ConnectionImplAutocommitReadOnlyAfterSelectTest
[INFO] Tests run: 72, Failures: 0, Errors: 0, Skipped: 0, Time elapsed: 0.332 s - in com.google.cloud.spanner.connection.ConnectionImplAutocommitReadOnlyTest$ConnectionImplAutocommitReadOnlyAfterSelectTest
[INFO] Running com.google.cloud.spanner.connection.ConnectionImplTest
[INFO] Tests run: 45, Failures: 0, Errors: 0, Skipped: 0, Time elapsed: 0.153 s - in com.google.cloud.spanner.connection.ConnectionImplTest
[INFO] Running com.google.cloud.spanner.connection.ConnectionImplAutocommitReadWriteTest$ConnectionImplAutocommitReadWriteAfterDdlTest
[INFO] Tests run: 72, Failures: 0, Errors: 0, Skipped: 0, Time elapsed: 0.308 s - in com.google.cloud.spanner.connection.ConnectionImplAutocommitReadWriteTest$ConnectionImplAutocommitReadWriteAfterDdlTest
[INFO] Running com.google.cloud.spanner.connection.ConnectionImplTransactionalReadOnlyTest$ConnectionImplTransactionalReadOnlyAfterSelectTest
[INFO] Tests run: 72, Failures: 0, Errors: 0, Skipped: 0, Time elapsed: 0.361 s - in com.google.cloud.spanner.connection.ConnectionImplTransactionalReadOnlyTest$ConnectionImplTransactionalReadOnlyAfterSelectTest
[INFO] Running com.google.cloud.spanner.connection.ReadOnlyStalenessConverterTest
[INFO] Tests run: 2, Failures: 0, Errors: 0, Skipped: 0, Time elapsed: 0 s - in com.google.cloud.spanner.connection.ReadOnlyStalenessConverterTest
[INFO] Running com.google.cloud.spanner.connection.ReadOnlyStalenessTest
[INFO] Tests run: 6, Failures: 0, Errors: 0, Skipped: 0, Time elapsed: 0.011 s - in com.google.cloud.spanner.connection.ReadOnlyStalenessTest
[INFO] Running com.google.cloud.spanner.connection.ReadWriteTransactionTest
[INFO] Tests run: 17, Failures: 0, Errors: 0, Skipped: 0, Time elapsed: 0.029 s - in com.google.cloud.spanner.connection.ReadWriteTransactionTest
[INFO] Running com.google.cloud.spanner.connection.ConnectionImplTransactionalReadOnlyTest$ConnectionImplTransactionalReadOnlyAfterEmptyCommitTest
[INFO] Tests run: 72, Failures: 0, Errors: 0, Skipped: 0, Time elapsed: 0.199 s - in com.google.cloud.spanner.connection.ConnectionImplTransactionalReadOnlyTest$ConnectionImplTransactionalReadOnlyAfterEmptyCommitTest
[INFO] Running com.google.cloud.spanner.connection.ConnectionImplTransactionalReadWriteTest$ConnectionImplTransactionalReadWriteAfterEmptyCommitTest
[INFO] Tests run: 72, Failures: 0, Errors: 0, Skipped: 0, Time elapsed: 0.264 s - in com.google.cloud.spanner.connection.ConnectionImplTransactionalReadWriteTest$ConnectionImplTransactionalReadWriteAfterEmptyCommitTest
[INFO] Running com.google.cloud.spanner.connection.ConnectionImplTransactionalReadWriteTest$ConnectionImplTransactionalReadWriteAfterRanDdlBatchTest
[INFO] Tests run: 72, Failures: 0, Errors: 0, Skipped: 0, Time elapsed: 0.354 s - in com.google.cloud.spanner.connection.ConnectionImplTransactionalReadWriteTest$ConnectionImplTransactionalReadWriteAfterRanDdlBatchTest
[INFO] Running com.google.cloud.spanner.connection.ConnectionImplTransactionalReadWriteTest$ConnectionImplTransactionalReadWriteInDdlBatchTransactionTest
[INFO] Tests run: 72, Failures: 0, Errors: 0, Skipped: 0, Time elapsed: 0.242 s - in com.google.cloud.spanner.connection.ConnectionImplTransactionalReadWriteTest$ConnectionImplTransactionalReadWriteInDdlBatchTransactionTest
[INFO] Running com.google.cloud.spanner.connection.ConnectionImplTransactionalReadWriteTest$ConnectionImplTransactionalReadWriteAfterStartDdlBatchTest
[INFO] Tests run: 72, Failures: 0, Errors: 0, Skipped: 0, Time elapsed: 0.324 s - in com.google.cloud.spanner.connection.ConnectionImplTransactionalReadWriteTest$ConnectionImplTransactionalReadWriteAfterStartDdlBatchTest
[INFO] Running com.google.cloud.spanner.connection.ConnectionImplTransactionalReadWriteTest$ConnectionImplTransactionalReadWriteAfterCommittedReadOnlyTransactionTest
[INFO] Tests run: 72, Failures: 0, Errors: 0, Skipped: 0, Time elapsed: 0.36 s - in com.google.cloud.spanner.connection.ConnectionImplTransactionalReadWriteTest$ConnectionImplTransactionalReadWriteAfterCommittedReadOnlyTransactionTest
[INFO] Running com.google.cloud.spanner.connection.ConnectionImplTransactionalReadWriteTest$ConnectionImplTransactionalReadWriteAfterSetTransactionReadOnlyTest
[INFO] Tests run: 72, Failures: 0, Errors: 0, Skipped: 0, Time elapsed: 0.238 s - in com.google.cloud.spanner.connection.ConnectionImplTransactionalReadWriteTest$ConnectionImplTransactionalReadWriteAfterSetTransactionReadOnlyTest
[INFO] Running com.google.cloud.spanner.connection.ConnectionImplTransactionalReadWriteTest$ConnectionImplTransactionalReadWriteAfterSetReadOnlyMaxStalenessTest
[INFO] Tests run: 72, Failures: 0, Errors: 0, Skipped: 0, Time elapsed: 0.245 s - in com.google.cloud.spanner.connection.ConnectionImplTransactionalReadWriteTest$ConnectionImplTransactionalReadWriteAfterSetReadOnlyMaxStalenessTest
[INFO] Running com.google.cloud.spanner.connection.ConnectionImplTransactionalReadWriteTest$ConnectionImplTransactionalReadWriteAfterRollbackTest
[INFO] Tests run: 72, Failures: 0, Errors: 0, Skipped: 0, Time elapsed: 0.379 s - in com.google.cloud.spanner.connection.ConnectionImplTransactionalReadWriteTest$ConnectionImplTransactionalReadWriteAfterRollbackTest
[INFO] Running com.google.cloud.spanner.connection.ConnectionImplTransactionalReadWriteTest$ConnectionImplTransactionalReadWriteAfterTransactionTest
[INFO] Tests run: 72, Failures: 0, Errors: 0, Skipped: 0, Time elapsed: 0.468 s - in com.google.cloud.spanner.connection.ConnectionImplTransactionalReadWriteTest$ConnectionImplTransactionalReadWriteAfterTransactionTest
[INFO] Running com.google.cloud.spanner.connection.ConnectionImplTransactionalReadWriteTest$ConnectionImplTransactionalReadWriteAfterBeginTransactionTest
[INFO] Tests run: 72, Failures: 0, Errors: 0, Skipped: 0, Time elapsed: 0.272 s - in com.google.cloud.spanner.connection.ConnectionImplTransactionalReadWriteTest$ConnectionImplTransactionalReadWriteAfterBeginTransactionTest
[INFO] Running com.google.cloud.spanner.connection.ConnectionImplTransactionalReadWriteTest$ConnectionImplTransactionalReadWriteAfterSelectAndResultSetNextTest
[INFO] Tests run: 72, Failures: 0, Errors: 0, Skipped: 0, Time elapsed: 0.391 s - in com.google.cloud.spanner.connection.ConnectionImplTransactionalReadWriteTest$ConnectionImplTransactionalReadWriteAfterSelectAndResultSetNextTest
[INFO] Running com.google.cloud.spanner.connection.ConnectionImplTransactionalReadWriteTest$ConnectionImplTransactionalReadWriteAfterSelectTest
[INFO] Tests run: 72, Failures: 0, Errors: 0, Skipped: 0, Time elapsed: 0.427 s - in com.google.cloud.spanner.connection.ConnectionImplTransactionalReadWriteTest$ConnectionImplTransactionalReadWriteAfterSelectTest
[INFO] Running com.google.cloud.spanner.connection.ConnectionImplTransactionalReadWriteTest$ConnectionImplTransactionalReadWriteNoActionsTest
[INFO] Tests run: 72, Failures: 0, Errors: 0, Skipped: 0, Time elapsed: 0.332 s - in com.google.cloud.spanner.connection.ConnectionImplTransactionalReadWriteTest$ConnectionImplTransactionalReadWriteNoActionsTest
[INFO] Running com.google.cloud.spanner.connection.ConnectionImplAutocommitReadWriteTest$ConnectionImplAutocommitReadWriteAfterStartDdlBatchTest
[INFO] Tests run: 72, Failures: 0, Errors: 0, Skipped: 0, Time elapsed: 0.321 s - in com.google.cloud.spanner.connection.ConnectionImplAutocommitReadWriteTest$ConnectionImplAutocommitReadWriteAfterStartDdlBatchTest
[INFO] Running com.google.cloud.spanner.connection.ConnectionImplTransactionalReadWriteTest$ConnectionImplTransactionalReadWriteAfterCommittedReadOnlyTransactionTest
[INFO] Tests run: 72, Failures: 0, Errors: 0, Skipped: 0, Time elapsed: 0.328 s - in com.google.cloud.spanner.connection.ConnectionImplTransactionalReadWriteTest$ConnectionImplTransactionalReadWriteAfterCommittedReadOnlyTransactionTest
[INFO] Running com.google.cloud.spanner.connection.ReadOnlyStalenessUtilTest
[INFO] Tests run: 4, Failures: 0, Errors: 0, Skipped: 0, Time elapsed: 0 s - in com.google.cloud.spanner.connection.ReadOnlyStalenessUtilTest
[INFO] Running com.google.cloud.spanner.connection.ConnectionImplAutocommitReadWriteTest$ConnectionImplAutocommitReadWriteNoActionsTest
[INFO] Tests run: 72, Failures: 0, Errors: 0, Skipped: 0, Time elapsed: 0.317 s - in com.google.cloud.spanner.connection.ConnectionImplAutocommitReadWriteTest$ConnectionImplAutocommitReadWriteNoActionsTest
[INFO] Running com.google.cloud.spanner.connection.ConnectionImplTransactionalReadWriteTest$ConnectionImplTransactionalReadWriteAfterBeginTransactionTest
[INFO] Tests run: 72, Failures: 0, Errors: 0, Skipped: 0, Time elapsed: 0.218 s - in com.google.cloud.spanner.connection.ConnectionImplTransactionalReadWriteTest$ConnectionImplTransactionalReadWriteAfterBeginTransactionTest
[INFO] Running com.google.cloud.spanner.connection.ConnectionImplTransactionalReadWriteTest$ConnectionImplTransactionalReadWriteAfterSetReadOnlyMaxStalenessTest
[INFO] Tests run: 72, Failures: 0, Errors: 0, Skipped: 0, Time elapsed: 0.26 s - in com.google.cloud.spanner.connection.ConnectionImplTransactionalReadWriteTest$ConnectionImplTransactionalReadWriteAfterSetReadOnlyMaxStalenessTest
[INFO] Running com.google.cloud.spanner.connection.ConnectionImplAutocommitReadWriteTest$ConnectionImplAutocommitReadWriteAfterTemporaryTransactionTest
[INFO] Tests run: 72, Failures: 0, Errors: 0, Skipped: 0, Time elapsed: 0.346 s - in com.google.cloud.spanner.connection.ConnectionImplAutocommitReadWriteTest$ConnectionImplAutocommitReadWriteAfterTemporaryTransactionTest
[INFO] Running com.google.cloud.spanner.connection.ConnectionImplAutocommitReadOnlyTest$ConnectionImplAutocommitReadOnlyAfterBeginTransactionTest
[INFO] Tests run: 72, Failures: 0, Errors: 0, Skipped: 0, Time elapsed: 0.168 s - in com.google.cloud.spanner.connection.ConnectionImplAutocommitReadOnlyTest$ConnectionImplAutocommitReadOnlyAfterBeginTransactionTest
[INFO] Running com.google.cloud.spanner.connection.StatementTimeoutTest
Feb 05, 2023 4:47:26 AM com.google.cloud.spanner.SessionPool closeAsync
WARNING: Leaked session
com.google.cloud.spanner.SessionPool$LeakedSessionException: Session was checked out from the pool at 2023-02-05T04:47:25.663Z
	at com.google.cloud.spanner.SessionPool$PooledSessionFuture.markCheckedOut(SessionPool.java:1093)
	at com.google.cloud.spanner.SessionPool$PooledSessionFuture.access$4800(SessionPool.java:1074)
	at com.google.cloud.spanner.SessionPool.checkoutSession(SessionPool.java:2124)
	at com.google.cloud.spanner.SessionPool.getSession(SessionPool.java:2105)
	at com.google.cloud.spanner.DatabaseClientImpl.getSession(DatabaseClientImpl.java:53)
	at com.google.cloud.spanner.DatabaseClientImpl.transactionManager(DatabaseClientImpl.java:185)
	at com.google.cloud.spanner.connection.ReadWriteTransaction.<init>(ReadWriteTransaction.java:146)
	at com.google.cloud.spanner.connection.ReadWriteTransaction.<init>(ReadWriteTransaction.java:72)
	at com.google.cloud.spanner.connection.ReadWriteTransaction$Builder.build(ReadWriteTransaction.java:132)
	at com.google.cloud.spanner.connection.ConnectionImpl.createNewUnitOfWork(ConnectionImpl.java:1177)
	at com.google.cloud.spanner.connection.ConnectionImpl.getCurrentUnitOfWorkOrStartNewUnitOfWork(ConnectionImpl.java:1138)
	at com.google.cloud.spanner.connection.ConnectionImpl.internalExecuteQuery(ConnectionImpl.java:1095)
	at com.google.cloud.spanner.connection.ConnectionImpl.parseAndExecuteQuery(ConnectionImpl.java:902)
	at com.google.cloud.spanner.connection.ConnectionImpl.executeQuery(ConnectionImpl.java:870)
	at com.google.cloud.spanner.connection.StatementTimeoutTest.lambda$testInterruptedException$15(StatementTimeoutTest.java:511)
	at java.base/java.util.concurrent.FutureTask.run(FutureTask.java:264)
	at java.base/java.util.concurrent.ThreadPoolExecutor.runWorker(ThreadPoolExecutor.java:1128)
	at java.base/java.util.concurrent.ThreadPoolExecutor$Worker.run(ThreadPoolExecutor.java:628)
	at java.base/java.lang.Thread.run(Thread.java:829)

Feb 05, 2023 4:47:26 AM io.grpc.internal.ManagedChannelImpl$2 uncaughtException
SEVERE: [Channel<4179>: (localhost:35387)] Uncaught exception in the SynchronizationContext. Panic!
io.grpc.StatusRuntimeException: UNKNOWN: Uncaught exception in the SynchronizationContext. Re-thrown.
	at io.grpc.Status.asRuntimeException(Status.java:526)
	at io.grpc.internal.RetriableStream$1.uncaughtException(RetriableStream.java:75)
	at io.grpc.SynchronizationContext.drain(SynchronizationContext.java:97)
	at io.grpc.SynchronizationContext.execute(SynchronizationContext.java:127)
	at io.grpc.internal.RetriableStream.cancel(RetriableStream.java:493)
	at io.grpc.internal.ManagedChannelImpl$UncommittedRetriableStreamsRegistry.onShutdownNow(ManagedChannelImpl.java:1415)
	at io.grpc.internal.ManagedChannelImpl$RealChannel$1RealChannelShutdownNow.run(ManagedChannelImpl.java:1075)
	at io.grpc.SynchronizationContext.drain(SynchronizationContext.java:95)
	at io.grpc.SynchronizationContext.execute(SynchronizationContext.java:127)
	at io.grpc.internal.ManagedChannelImpl$RealChannel.shutdownNow(ManagedChannelImpl.java:1079)
	at io.grpc.internal.ManagedChannelImpl.shutdownNow(ManagedChannelImpl.java:842)
	at io.grpc.internal.ManagedChannelImpl.shutdownNow(ManagedChannelImpl.java:117)
	at io.grpc.internal.ForwardingManagedChannel.shutdownNow(ForwardingManagedChannel.java:52)
	at io.grpc.internal.ManagedChannelOrphanWrapper.shutdownNow(ManagedChannelOrphanWrapper.java:65)
	at com.google.api.gax.grpc.ChannelPool.shutdownNow(ChannelPool.java:194)
	at com.google.api.gax.grpc.GrpcTransportChannel.shutdownNow(GrpcTransportChannel.java:84)
	at com.google.api.gax.core.BackgroundResourceAggregation.shutdownNow(BackgroundResourceAggregation.java:74)
	at com.google.cloud.spanner.v1.stub.GrpcSpannerStub.shutdownNow(GrpcSpannerStub.java:589)
	at com.google.cloud.spanner.spi.v1.GapicSpannerRpc.shutdownNow(GapicSpannerRpc.java:1816)
	at com.google.cloud.spanner.SpannerImpl.close(SpannerImpl.java:271)
	at com.google.cloud.spanner.ForceCloseSpannerFunction.apply(ForceCloseSpannerFunction.java:34)
	at com.google.cloud.spanner.ForceCloseSpannerFunction.apply(ForceCloseSpannerFunction.java:23)
	at com.google.cloud.spanner.connection.SpannerPool.closeUnusedSpanners(SpannerPool.java:476)
	at com.google.cloud.spanner.connection.SpannerPool.checkAndCloseSpanners(SpannerPool.java:419)
	at com.google.cloud.spanner.connection.AbstractMockServerTest.stopServer(AbstractMockServerTest.java:174)
	at jdk.internal.reflect.GeneratedMethodAccessor213.invoke(Unknown Source)
	at java.base/jdk.internal.reflect.DelegatingMethodAccessorImpl.invoke(DelegatingMethodAccessorImpl.java:43)
	at java.base/java.lang.reflect.Method.invoke(Method.java:566)
	at org.junit.runners.model.FrameworkMethod$1.runReflectiveCall(FrameworkMethod.java:59)
	at org.junit.internal.runners.model.ReflectiveCallable.run(ReflectiveCallable.java:12)
	at org.junit.runners.model.FrameworkMethod.invokeExplosively(FrameworkMethod.java:56)
	at org.junit.internal.runners.statements.RunAfters.invokeMethod(RunAfters.java:46)
	at org.junit.internal.runners.statements.RunAfters.evaluate(RunAfters.java:33)
	at org.junit.runners.ParentRunner$3.evaluate(ParentRunner.java:306)
	at org.junit.runners.ParentRunner.run(ParentRunner.java:413)
	at org.junit.runners.Suite.runChild(Suite.java:128)
	at org.junit.runners.Suite.runChild(Suite.java:27)
	at org.junit.runners.ParentRunner$4.run(ParentRunner.java:331)
	at org.junit.runners.ParentRunner$1.schedule(ParentRunner.java:79)
	at org.junit.runners.ParentRunner.runChildren(ParentRunner.java:329)
	at org.junit.runners.ParentRunner.access$100(ParentRunner.java:66)
	at org.junit.runners.ParentRunner$2.evaluate(ParentRunner.java:293)
	at org.junit.runners.ParentRunner$3.evaluate(ParentRunner.java:306)
	at org.junit.runners.ParentRunner.run(ParentRunner.java:413)
	at org.apache.maven.surefire.junitcore.JUnitCore.run(JUnitCore.java:55)
	at org.apache.maven.surefire.junitcore.JUnitCoreWrapper.createRequestAndRun(JUnitCoreWrapper.java:137)
	at org.apache.maven.surefire.junitcore.JUnitCoreWrapper.executeEager(JUnitCoreWrapper.java:107)
	at org.apache.maven.surefire.junitcore.JUnitCoreWrapper.execute(JUnitCoreWrapper.java:83)
	at org.apache.maven.surefire.junitcore.JUnitCoreWrapper.execute(JUnitCoreWrapper.java:75)
	at org.apache.maven.surefire.junitcore.JUnitCoreProvider.invoke(JUnitCoreProvider.java:157)
	at org.apache.maven.surefire.booter.ForkedBooter.runSuitesInProcess(ForkedBooter.java:428)
	at org.apache.maven.surefire.booter.ForkedBooter.execute(ForkedBooter.java:162)
	at org.apache.maven.surefire.booter.ForkedBooter.run(ForkedBooter.java:562)
	at org.apache.maven.surefire.booter.ForkedBooter.main(ForkedBooter.java:548)
Caused by: java.util.concurrent.RejectedExecutionException: Task java.util.concurrent.ScheduledThreadPoolExecutor$ScheduledFutureTask@21a36372[Not completed, task = java.util.concurrent.Executors$RunnableAdapter@40c969a[Wrapped task = io.grpc.internal.SerializingExecutor@3f4d8551]] rejected from java.util.concurrent.ScheduledThreadPoolExecutor@78ddcc5b[Shutting down, pool size = 24, active threads = 0, queued tasks = 0, completed tasks = 21955]
	at java.base/java.util.concurrent.ThreadPoolExecutor$AbortPolicy.rejectedExecution(ThreadPoolExecutor.java:2055)
	at java.base/java.util.concurrent.ThreadPoolExecutor.reject(ThreadPoolExecutor.java:825)
	at java.base/java.util.concurrent.ScheduledThreadPoolExecutor.delayedExecute(ScheduledThreadPoolExecutor.java:340)
	at java.base/java.util.concurrent.ScheduledThreadPoolExecutor.schedule(ScheduledThreadPoolExecutor.java:562)
	at java.base/java.util.concurrent.ScheduledThreadPoolExecutor.execute(ScheduledThreadPoolExecutor.java:705)
	at io.grpc.internal.SerializingExecutor.schedule(SerializingExecutor.java:102)
	at io.grpc.internal.SerializingExecutor.execute(SerializingExecutor.java:95)
	at io.grpc.internal.ClientCallImpl$ClientStreamListenerImpl.closedInternal(ClientCallImpl.java:751)
	at io.grpc.internal.ClientCallImpl$ClientStreamListenerImpl.closed(ClientCallImpl.java:687)
	at io.grpc.internal.RetriableStream$4.run(RetriableStream.java:498)
	at io.grpc.SynchronizationContext.drain(SynchronizationContext.java:95)
	... 51 more

[INFO] Tests run: 40, Failures: 0, Errors: 0, Skipped: 0, Time elapsed: 1.636 s - in com.google.cloud.spanner.connection.StatementTimeoutTest
[INFO] Running com.google.cloud.spanner.IsSslHandshakeExceptionTest
[INFO] Tests run: 3, Failures: 0, Errors: 0, Skipped: 0, Time elapsed: 0 s - in com.google.cloud.spanner.IsSslHandshakeExceptionTest
[INFO] Running com.google.cloud.spanner.KeyTest
[INFO] Tests run: 7, Failures: 0, Errors: 0, Skipped: 0, Time elapsed: 0.017 s - in com.google.cloud.spanner.KeyTest
[INFO] Running com.google.cloud.spanner.TransactionContextImplTest
[INFO] Tests run: 12, Failures: 0, Errors: 0, Skipped: 0, Time elapsed: 0.007 s - in com.google.cloud.spanner.TransactionContextImplTest
[INFO] Running com.google.cloud.spanner.DatabaseClientImplTest
[INFO] Tests run: 97, Failures: 0, Errors: 0, Skipped: 0, Time elapsed: 2.056 s - in com.google.cloud.spanner.DatabaseClientImplTest
[INFO] Running com.google.cloud.spanner.InstanceAdminClientTest
[INFO] Tests run: 2, Failures: 0, Errors: 0, Skipped: 0, Time elapsed: 0.014 s - in com.google.cloud.spanner.InstanceAdminClientTest
[INFO] Running com.google.cloud.spanner.AsyncTransactionManagerTest
[INFO] Tests run: 81, Failures: 0, Errors: 0, Skipped: 0, Time elapsed: 2.773 s - in com.google.cloud.spanner.AsyncTransactionManagerTest
[INFO] Running com.google.cloud.spanner.SessionClientTest
[INFO] Tests run: 20, Failures: 0, Errors: 0, Skipped: 0, Time elapsed: 0.246 s - in com.google.cloud.spanner.SessionClientTest
[INFO] Running com.google.cloud.spanner.TransactionRunnerImplTest
[INFO] Tests run: 9, Failures: 0, Errors: 0, Skipped: 0, Time elapsed: 0.027 s - in com.google.cloud.spanner.TransactionRunnerImplTest
[INFO] Running com.google.cloud.spanner.BatchTransactionIdTest
[INFO] Tests run: 2, Failures: 0, Errors: 0, Skipped: 0, Time elapsed: 0 s - in com.google.cloud.spanner.BatchTransactionIdTest
[INFO] Running com.google.cloud.spanner.ResumableStreamIteratorTest
[INFO] Tests run: 14, Failures: 0, Errors: 0, Skipped: 0, Time elapsed: 0.033 s - in com.google.cloud.spanner.ResumableStreamIteratorTest
[INFO] Running com.google.cloud.spanner.AbstractStructReaderTypesTest
[INFO] Tests run: 96, Failures: 0, Errors: 0, Skipped: 0, Time elapsed: 0.287 s - in com.google.cloud.spanner.AbstractStructReaderTypesTest
[INFO] Running com.google.cloud.spanner.MutationTest
[INFO] Tests run: 23, Failures: 0, Errors: 0, Skipped: 0, Time elapsed: 0.051 s - in com.google.cloud.spanner.MutationTest
[INFO] Running com.google.cloud.spanner.encryption.EncryptionConfigProtoMapperTest
[INFO] Tests run: 9, Failures: 0, Errors: 0, Skipped: 0, Time elapsed: 0.007 s - in com.google.cloud.spanner.encryption.EncryptionConfigProtoMapperTest
[INFO] Running com.google.cloud.spanner.encryption.CustomerManagedEncryptionTest
[INFO] Tests run: 3, Failures: 0, Errors: 0, Skipped: 0, Time elapsed: 0.001 s - in com.google.cloud.spanner.encryption.CustomerManagedEncryptionTest
[INFO] Running com.google.cloud.spanner.encryption.EncryptionInfoTest
[INFO] Tests run: 3, Failures: 0, Errors: 0, Skipped: 0, Time elapsed: 0 s - in com.google.cloud.spanner.encryption.EncryptionInfoTest
[INFO] Running com.google.cloud.spanner.encryption.EncryptionConfigsTest
[INFO] Tests run: 5, Failures: 0, Errors: 0, Skipped: 0, Time elapsed: 0 s - in com.google.cloud.spanner.encryption.EncryptionConfigsTest
[INFO] Running com.google.cloud.spanner.DialectTest
[INFO] Tests run: 12, Failures: 0, Errors: 0, Skipped: 0, Time elapsed: 0 s - in com.google.cloud.spanner.DialectTest
[INFO] Running com.google.cloud.spanner.AsyncResultSetImplTest
[INFO] Tests run: 15, Failures: 0, Errors: 0, Skipped: 0, Time elapsed: 0.106 s - in com.google.cloud.spanner.AsyncResultSetImplTest
[INFO] Running com.google.cloud.spanner.ValueTest
[INFO] Tests run: 90, Failures: 0, Errors: 0, Skipped: 0, Time elapsed: 0.056 s - in com.google.cloud.spanner.ValueTest
[INFO] Running com.google.cloud.spanner.CommitResponseTest
[INFO] Tests run: 4, Failures: 0, Errors: 0, Skipped: 0, Time elapsed: 0 s - in com.google.cloud.spanner.CommitResponseTest
[INFO] Running com.google.cloud.spanner.AsyncRunnerTest
[INFO] Tests run: 23, Failures: 0, Errors: 0, Skipped: 0, Time elapsed: 0.92 s - in com.google.cloud.spanner.AsyncRunnerTest
[INFO] Running com.google.cloud.spanner.DatabaseIdTest
[INFO] Tests run: 2, Failures: 0, Errors: 0, Skipped: 0, Time elapsed: 0 s - in com.google.cloud.spanner.DatabaseIdTest
[INFO] Running com.google.cloud.spanner.MockDatabaseAdminServiceImplTest
[INFO] Tests run: 25, Failures: 0, Errors: 0, Skipped: 0, Time elapsed: 0.237 s - in com.google.cloud.spanner.MockDatabaseAdminServiceImplTest
[INFO] Running com.google.cloud.spanner.InstanceConfigTest
[INFO] Tests run: 2, Failures: 0, Errors: 0, Skipped: 0, Time elapsed: 0.004 s - in com.google.cloud.spanner.InstanceConfigTest
[INFO] Running com.google.cloud.spanner.ValueBinderTest
[INFO] Tests run: 1, Failures: 0, Errors: 0, Skipped: 0, Time elapsed: 0.004 s - in com.google.cloud.spanner.ValueBinderTest
[INFO] Running com.google.cloud.spanner.TransactionContextTest
[INFO] Tests run: 1, Failures: 0, Errors: 0, Skipped: 0, Time elapsed: 0.008 s - in com.google.cloud.spanner.TransactionContextTest
[INFO] Running com.google.cloud.spanner.v1.SpannerClientTest
[INFO] Tests run: 50, Failures: 0, Errors: 0, Skipped: 0, Time elapsed: 0.108 s - in com.google.cloud.spanner.v1.SpannerClientTest
[INFO] Running com.google.cloud.spanner.TimestampBoundTest
[INFO] Tests run: 10, Failures: 0, Errors: 0, Skipped: 0, Time elapsed: 0.006 s - in com.google.cloud.spanner.TimestampBoundTest
[INFO] Running com.google.cloud.spanner.SessionPoolTest
[ERROR] WARNING: An illegal reflective access operation has occurred
[ERROR] WARNING: Illegal reflective access by org.mockito.internal.util.reflection.ReflectionMemberAccessor (file:/home/gabsko/.m2/repository/org/mockito/mockito-core/4.5.1/mockito-core-4.5.1.jar) to field java.util.concurrent.ScheduledThreadPoolExecutor.continueExistingPeriodicTasksAfterShutdown
[ERROR] WARNING: Please consider reporting this to the maintainers of org.mockito.internal.util.reflection.ReflectionMemberAccessor
[ERROR] WARNING: Use --illegal-access=warn to enable warnings of further illegal reflective access operations
[ERROR] WARNING: All illegal access operations will be denied in a future release
[INFO] Tests run: 46, Failures: 0, Errors: 0, Skipped: 0, Time elapsed: 0.739 s - in com.google.cloud.spanner.SessionPoolTest
[INFO] Running com.google.cloud.spanner.AsyncResultSetImplStressTest
[INFO] Tests run: 28, Failures: 0, Errors: 0, Skipped: 0, Time elapsed: 0.827 s - in com.google.cloud.spanner.AsyncResultSetImplStressTest
[INFO] Running com.google.cloud.spanner.SessionPoolStressTest
Feb 05, 2023 4:47:35 AM io.grpc.internal.SerializingExecutor run
SEVERE: Exception while executing runnable io.grpc.internal.ServerImpl$JumpToApplicationThreadServerStreamListener$1HalfClosed@314e9098
java.util.concurrent.RejectedExecutionException: event executor terminated
	at io.grpc.netty.shaded.io.netty.util.concurrent.SingleThreadEventExecutor.reject(SingleThreadEventExecutor.java:923)
	at io.grpc.netty.shaded.io.netty.util.concurrent.SingleThreadEventExecutor.offerTask(SingleThreadEventExecutor.java:350)
	at io.grpc.netty.shaded.io.netty.util.concurrent.SingleThreadEventExecutor.addTask(SingleThreadEventExecutor.java:343)
	at io.grpc.netty.shaded.io.netty.util.concurrent.SingleThreadEventExecutor.execute(SingleThreadEventExecutor.java:825)
	at io.grpc.netty.shaded.io.netty.util.concurrent.SingleThreadEventExecutor.execute(SingleThreadEventExecutor.java:815)
	at io.grpc.netty.shaded.io.grpc.netty.WriteQueue.scheduleFlush(WriteQueue.java:67)
	at io.grpc.netty.shaded.io.grpc.netty.NettyServerStream$Sink.writeFrameInternal(NettyServerStream.java:112)
	at io.grpc.netty.shaded.io.grpc.netty.NettyServerStream$Sink.writeFrame(NettyServerStream.java:137)
	at io.grpc.internal.AbstractServerStream.deliverFrame(AbstractServerStream.java:111)
	at io.grpc.internal.MessageFramer.commitToSink(MessageFramer.java:350)
	at io.grpc.internal.MessageFramer.close(MessageFramer.java:326)
	at io.grpc.internal.AbstractStream.endOfMessages(AbstractStream.java:84)
	at io.grpc.internal.AbstractServerStream.close(AbstractServerStream.java:120)
	at io.grpc.internal.ServerCallImpl.closeInternal(ServerCallImpl.java:223)
	at io.grpc.internal.ServerCallImpl.close(ServerCallImpl.java:207)
	at io.grpc.stub.ServerCalls$ServerCallStreamObserverImpl.onError(ServerCalls.java:389)
	at com.google.cloud.spanner.MockSpannerServiceImpl.executeStreamingSql(MockSpannerServiceImpl.java:1219)
	at com.google.spanner.v1.SpannerGrpc$MethodHandlers.invoke(SpannerGrpc.java:2112)
	at io.grpc.stub.ServerCalls$UnaryServerCallHandler$UnaryServerCallListener.onHalfClose(ServerCalls.java:182)
	at io.grpc.internal.ServerCallImpl$ServerStreamListenerImpl.halfClosed(ServerCallImpl.java:340)
	at io.grpc.internal.ServerImpl$JumpToApplicationThreadServerStreamListener$1HalfClosed.runInContext(ServerImpl.java:866)
	at io.grpc.internal.ContextRunnable.run(ContextRunnable.java:37)
	at io.grpc.internal.SerializingExecutor.run(SerializingExecutor.java:133)
	at java.base/java.util.concurrent.ThreadPoolExecutor.runWorker(ThreadPoolExecutor.java:1128)
	at java.base/java.util.concurrent.ThreadPoolExecutor$Worker.run(ThreadPoolExecutor.java:628)
	at java.base/java.lang.Thread.run(Thread.java:829)

[INFO] Tests run: 2, Failures: 0, Errors: 0, Skipped: 0, Time elapsed: 1.761 s - in com.google.cloud.spanner.SessionPoolStressTest
[INFO] Running com.google.cloud.spanner.RetryOnInvalidatedSessionTest
[INFO] Tests run: 150, Failures: 0, Errors: 0, Skipped: 0, Time elapsed: 1.212 s - in com.google.cloud.spanner.RetryOnInvalidatedSessionTest
[INFO] Running com.google.cloud.spanner.InstanceInfoTest
[INFO] Tests run: 4, Failures: 0, Errors: 0, Skipped: 0, Time elapsed: 0 s - in com.google.cloud.spanner.InstanceInfoTest
[INFO] Running com.google.cloud.spanner.IsRetryableInternalErrorTest
[INFO] Tests run: 10, Failures: 0, Errors: 0, Skipped: 0, Time elapsed: 0 s - in com.google.cloud.spanner.IsRetryableInternalErrorTest
[INFO] Running com.google.cloud.spanner.InstanceConfigIdTest
[INFO] Tests run: 2, Failures: 0, Errors: 0, Skipped: 0, Time elapsed: 0 s - in com.google.cloud.spanner.InstanceConfigIdTest
[INFO] Running com.google.cloud.spanner.SpannerApiFuturesTest
[INFO] Tests run: 7, Failures: 0, Errors: 0, Skipped: 0, Time elapsed: 0 s - in com.google.cloud.spanner.SpannerApiFuturesTest
[INFO] Running com.google.cloud.spanner.SessionPoolOptionsTest
[INFO] Tests run: 21, Failures: 0, Errors: 0, Skipped: 0, Time elapsed: 0 s - in com.google.cloud.spanner.SessionPoolOptionsTest
[INFO] Running com.google.cloud.spanner.PartitionOptionsTest
[INFO] Tests run: 6, Failures: 0, Errors: 0, Skipped: 0, Time elapsed: 0 s - in com.google.cloud.spanner.PartitionOptionsTest
[INFO] Running com.google.cloud.spanner.DatabaseTest
[INFO] Tests run: 12, Failures: 0, Errors: 0, Skipped: 0, Time elapsed: 0 s - in com.google.cloud.spanner.DatabaseTest
[INFO] Running com.google.cloud.spanner.StatementTest
[INFO] Tests run: 10, Failures: 0, Errors: 0, Skipped: 0, Time elapsed: 0 s - in com.google.cloud.spanner.StatementTest
[INFO] Running com.google.cloud.spanner.BatchClientImplTest
[INFO] Tests run: 2, Failures: 0, Errors: 0, Skipped: 0, Time elapsed: 0.008 s - in com.google.cloud.spanner.BatchClientImplTest
[INFO] Running com.google.cloud.spanner.BatchCreateSessionsTest
[INFO] Tests run: 4, Failures: 0, Errors: 0, Skipped: 0, Time elapsed: 0.993 s - in com.google.cloud.spanner.BatchCreateSessionsTest
[INFO] Running com.google.cloud.spanner.SpannerImplTest
Feb 05, 2023 4:47:39 AM io.grpc.netty.shaded.io.netty.util.ResourceLeakDetector reportTracedLeak
SEVERE: LEAK: ByteBuf.release() was not called before it's garbage-collected. See https://netty.io/wiki/reference-counted-objects.html for more information.
Recent access records: 
Created at:
	io.grpc.netty.shaded.io.netty.buffer.PooledByteBufAllocator.newDirectBuffer(PooledByteBufAllocator.java:402)
	io.grpc.netty.shaded.io.netty.buffer.AbstractByteBufAllocator.directBuffer(AbstractByteBufAllocator.java:188)
	io.grpc.netty.shaded.io.netty.buffer.AbstractByteBufAllocator.buffer(AbstractByteBufAllocator.java:124)
	io.grpc.netty.shaded.io.grpc.netty.NettyWritableBufferAllocator.allocate(NettyWritableBufferAllocator.java:51)
	io.grpc.internal.MessageFramer.writeKnownLengthUncompressed(MessageFramer.java:226)
	io.grpc.internal.MessageFramer.writeUncompressed(MessageFramer.java:168)
	io.grpc.internal.MessageFramer.writePayload(MessageFramer.java:141)
	io.grpc.internal.AbstractStream.writeMessage(AbstractStream.java:65)
	io.grpc.internal.ServerCallImpl.sendMessageInternal(ServerCallImpl.java:169)
	io.grpc.internal.ServerCallImpl.sendMessage(ServerCallImpl.java:151)
	io.grpc.stub.ServerCalls$ServerCallStreamObserverImpl.onNext(ServerCalls.java:380)
	com.google.cloud.spanner.MockSpannerServiceImpl.returnPartialResultSet(MockSpannerServiceImpl.java:1623)
	com.google.cloud.spanner.MockSpannerServiceImpl.executeStreamingSql(MockSpannerServiceImpl.java:1197)
	com.google.spanner.v1.SpannerGrpc$MethodHandlers.invoke(SpannerGrpc.java:2112)
	io.grpc.stub.ServerCalls$UnaryServerCallHandler$UnaryServerCallListener.onHalfClose(ServerCalls.java:182)
	io.grpc.internal.ServerCallImpl$ServerStreamListenerImpl.halfClosed(ServerCallImpl.java:340)
	io.grpc.internal.ServerImpl$JumpToApplicationThreadServerStreamListener$1HalfClosed.runInContext(ServerImpl.java:866)
	io.grpc.internal.ContextRunnable.run(ContextRunnable.java:37)
	io.grpc.internal.SerializingExecutor.run(SerializingExecutor.java:133)
	java.base/java.util.concurrent.ThreadPoolExecutor.runWorker(ThreadPoolExecutor.java:1128)
	java.base/java.util.concurrent.ThreadPoolExecutor$Worker.run(ThreadPoolExecutor.java:628)
	java.base/java.lang.Thread.run(Thread.java:829)
[INFO] Tests run: 6, Failures: 0, Errors: 0, Skipped: 0, Time elapsed: 0.764 s - in com.google.cloud.spanner.SpannerImplTest
[INFO] Running com.google.cloud.spanner.SessionPoolMaintainerTest
[INFO] Tests run: 2, Failures: 0, Errors: 0, Skipped: 0, Time elapsed: 0.058 s - in com.google.cloud.spanner.SessionPoolMaintainerTest
[INFO] Running com.google.cloud.spanner.TypeTest
[INFO] Tests run: 27, Failures: 0, Errors: 0, Skipped: 0, Time elapsed: 0.012 s - in com.google.cloud.spanner.TypeTest
[INFO] Running com.google.cloud.spanner.TransactionManagerAbortedTest
[INFO] Tests run: 9, Failures: 0, Errors: 0, Skipped: 0, Time elapsed: 0.17 s - in com.google.cloud.spanner.TransactionManagerAbortedTest
[INFO] Running com.google.cloud.spanner.SpannerExceptionFactoryTest
[INFO] Tests run: 13, Failures: 0, Errors: 0, Skipped: 0, Time elapsed: 0.038 s - in com.google.cloud.spanner.SpannerExceptionFactoryTest
[INFO] Running com.google.cloud.spanner.SpannerRetryHelperTest
[INFO] Tests run: 10, Failures: 0, Errors: 0, Skipped: 0, Time elapsed: 0.262 s - in com.google.cloud.spanner.SpannerRetryHelperTest
[INFO] Running com.google.cloud.spanner.admin.database.v1.DatabaseAdminClientTest
[INFO] Tests run: 78, Failures: 0, Errors: 0, Skipped: 0, Time elapsed: 0.218 s - in com.google.cloud.spanner.admin.database.v1.DatabaseAdminClientTest
[INFO] Running com.google.cloud.spanner.admin.instance.v1.InstanceAdminClientTest
[INFO] Tests run: 38, Failures: 0, Errors: 0, Skipped: 0, Time elapsed: 0.031 s - in com.google.cloud.spanner.admin.instance.v1.InstanceAdminClientTest
[INFO] Running com.google.cloud.spanner.DatabaseAdminGaxTest
[INFO] Tests run: 24, Failures: 0, Errors: 0, Skipped: 0, Time elapsed: 0.31 s - in com.google.cloud.spanner.DatabaseAdminGaxTest
[INFO] Running com.google.cloud.spanner.StructTest
[INFO] Tests run: 7, Failures: 0, Errors: 0, Skipped: 0, Time elapsed: 0.011 s - in com.google.cloud.spanner.StructTest
[INFO] Running com.google.cloud.spanner.SessionPoolLeakTest
[INFO] Tests run: 4, Failures: 0, Errors: 0, Skipped: 0, Time elapsed: 0.031 s - in com.google.cloud.spanner.SessionPoolLeakTest
[INFO] Running com.google.cloud.spanner.AbstractReadContextTest
[INFO] Tests run: 14, Failures: 0, Errors: 0, Skipped: 0, Time elapsed: 0.002 s - in com.google.cloud.spanner.AbstractReadContextTest
[INFO] Running com.google.cloud.spanner.InlineBeginTransactionTest$InlineBeginTransactionWithoutExecutorTest
[INFO] Tests run: 55, Failures: 0, Errors: 0, Skipped: 0, Time elapsed: 1.838 s - in com.google.cloud.spanner.InlineBeginTransactionTest$InlineBeginTransactionWithoutExecutorTest
[INFO] Running com.google.cloud.spanner.InlineBeginTransactionTest$InlineBeginTransactionWithExecutorTest
[INFO] Tests run: 30, Failures: 0, Errors: 0, Skipped: 0, Time elapsed: 0.401 s - in com.google.cloud.spanner.InlineBeginTransactionTest$InlineBeginTransactionWithExecutorTest
[INFO] Running com.google.cloud.spanner.ReadWriteTransactionWithInlineBeginTest
[INFO] Tests run: 15, Failures: 0, Errors: 0, Skipped: 0, Time elapsed: 0.189 s - in com.google.cloud.spanner.ReadWriteTransactionWithInlineBeginTest
[INFO] Running com.google.cloud.spanner.TransactionManagerImplTest
[INFO] Tests run: 13, Failures: 0, Errors: 0, Skipped: 0, Time elapsed: 0.013 s - in com.google.cloud.spanner.TransactionManagerImplTest
[INFO] Running com.google.cloud.spanner.ReplicaInfoTest
[INFO] Tests run: 2, Failures: 0, Errors: 0, Skipped: 0, Time elapsed: 0 s - in com.google.cloud.spanner.ReplicaInfoTest
[INFO] Running com.google.cloud.spanner.ReadAsyncTest
[INFO] Tests run: 10, Failures: 0, Errors: 0, Skipped: 0, Time elapsed: 0.099 s - in com.google.cloud.spanner.ReadAsyncTest
[INFO] Running com.google.cloud.spanner.InstanceIdTest
[INFO] Tests run: 2, Failures: 0, Errors: 0, Skipped: 0, Time elapsed: 0.001 s - in com.google.cloud.spanner.InstanceIdTest
[INFO] Running com.google.cloud.spanner.LazySpannerInitializerTest
[INFO] Tests run: 3, Failures: 0, Errors: 0, Skipped: 0, Time elapsed: 0.007 s - in com.google.cloud.spanner.LazySpannerInitializerTest
[INFO] Running com.google.cloud.spanner.AsyncRunnerImplTest
[INFO] Tests run: 5, Failures: 0, Errors: 0, Skipped: 0, Time elapsed: 0.021 s - in com.google.cloud.spanner.AsyncRunnerImplTest
[INFO] Running com.google.cloud.spanner.PartitionedDmlTransactionTest
[INFO] Tests run: 12, Failures: 0, Errors: 0, Skipped: 0, Time elapsed: 0.034 s - in com.google.cloud.spanner.PartitionedDmlTransactionTest
[INFO] Running com.google.cloud.spanner.KeyRangeTest
[INFO] Tests run: 7, Failures: 0, Errors: 0, Skipped: 0, Time elapsed: 0.001 s - in com.google.cloud.spanner.KeyRangeTest
[INFO] Running com.google.cloud.spanner.ReadFormatTest
[INFO] Tests run: 17, Failures: 0, Errors: 0, Skipped: 0, Time elapsed: 0.01 s - in com.google.cloud.spanner.ReadFormatTest
[INFO] Running com.google.cloud.spanner.InlineBeginTransactionTest$InlineBeginTransactionWithoutExecutorTest
[INFO] Tests run: 55, Failures: 0, Errors: 0, Skipped: 0, Time elapsed: 1.928 s - in com.google.cloud.spanner.InlineBeginTransactionTest$InlineBeginTransactionWithoutExecutorTest
[INFO] Running com.google.cloud.spanner.BackendExhaustedTest
[INFO] Tests run: 1, Failures: 0, Errors: 0, Skipped: 0, Time elapsed: 0.023 s - in com.google.cloud.spanner.BackendExhaustedTest
[INFO] Running com.google.cloud.spanner.InstanceTest
[INFO] Tests run: 9, Failures: 0, Errors: 0, Skipped: 0, Time elapsed: 0.005 s - in com.google.cloud.spanner.InstanceTest
[INFO] 
[INFO] Results:
[INFO] 
[WARNING] Tests run: 7526, Failures: 0, Errors: 0, Skipped: 15
[INFO] 
[INFO] 
[INFO] --- maven-surefire-plugin:3.0.0-M5:test (tracer) @ google-cloud-spanner ---
[INFO] 
[INFO] -------------------------------------------------------
[INFO]  T E S T S
[INFO] -------------------------------------------------------
[ERROR] WARNING: An illegal reflective access operation has occurred
[ERROR] WARNING: Illegal reflective access by com.google.cloud.spanner.SpanTest (file:/home/gabsko/breaking-updates/google-cloud-spanner/target/test-classes/) to field java.lang.reflect.Field.modifiers
[ERROR] WARNING: Please consider reporting this to the maintainers of com.google.cloud.spanner.SpanTest
[ERROR] WARNING: Use --illegal-access=warn to enable warnings of further illegal reflective access operations
[ERROR] WARNING: All illegal access operations will be denied in a future release
[INFO] Running com.google.cloud.spanner.SpanTest
[INFO] Tests run: 6, Failures: 0, Errors: 0, Skipped: 0, Time elapsed: 1.27 s - in com.google.cloud.spanner.SpanTest
[INFO] 
[INFO] Results:
[INFO] 
[INFO] Tests run: 6, Failures: 0, Errors: 0, Skipped: 0
[INFO] 
[INFO] 
[INFO] -------------< com.google.cloud:google-cloud-spanner-bom >--------------
[INFO] Building Google Cloud Spanner BOM 6.23.3-SNAPSHOT                  [9/9]
[INFO] --------------------------------[ pom ]---------------------------------
[INFO] 
[INFO] --- maven-clean-plugin:2.5:clean (default-clean) @ google-cloud-spanner-bom ---
[INFO] 
[INFO] --- maven-enforcer-plugin:3.0.0-M3:enforce (enforce) @ google-cloud-spanner-bom ---
[INFO] Adding ignore: module-info
[INFO] Adding ignore: META-INF/versions/*/module-info
[INFO] 
[INFO] --- maven-checkstyle-plugin:3.1.2:check (checkstyle) @ google-cloud-spanner-bom ---
[INFO] 
[INFO] --- jacoco-maven-plugin:0.8.7:prepare-agent (default) @ google-cloud-spanner-bom ---
[INFO] argLine set to -javaagent:/home/gabsko/.m2/repository/org/jacoco/org.jacoco.agent/0.8.7/org.jacoco.agent-0.8.7-runtime.jar=destfile=/home/gabsko/breaking-updates/google-cloud-spanner-bom/target/jacoco.exec
[INFO] 
[INFO] --- build-helper-maven-plugin:3.3.0:add-resource (add-main-proto-resources) @ google-cloud-spanner-bom ---
[INFO] 
[INFO] --- build-helper-maven-plugin:3.3.0:add-test-resource (add-test-proto-resources) @ google-cloud-spanner-bom ---
[INFO] 
[INFO] --- animal-sniffer-maven-plugin:1.20:check (java8) @ google-cloud-spanner-bom ---
[INFO] Checking unresolved references to org.codehaus.mojo.signature:java18:1.0
[INFO] 
[INFO] --- jacoco-maven-plugin:0.8.7:report (report) @ google-cloud-spanner-bom ---
[INFO] Skipping JaCoCo execution due to missing execution data file.
[INFO] ------------------------------------------------------------------------
[INFO] Reactor Summary for Google Cloud Spanner Parent 6.23.3-SNAPSHOT:
[INFO] 
[INFO] Google Cloud Spanner Parent ........................ SUCCESS [  1.243 s]
[INFO] proto-google-cloud-spanner-admin-instance-v1 ....... SUCCESS [  3.069 s]
[INFO] proto-google-cloud-spanner-v1 ...................... SUCCESS [  2.419 s]
[INFO] proto-google-cloud-spanner-admin-database-v1 ....... SUCCESS [  1.861 s]
[INFO] grpc-google-cloud-spanner-admin-instance-v1 ........ SUCCESS [  0.780 s]
[INFO] grpc-google-cloud-spanner-v1 ....................... SUCCESS [  0.751 s]
[INFO] grpc-google-cloud-spanner-admin-database-v1 ........ SUCCESS [  0.702 s]
[INFO] Google Cloud Spanner ............................... SUCCESS [01:34 min]
[INFO] Google Cloud Spanner BOM ........................... SUCCESS [  0.359 s]
[INFO] ------------------------------------------------------------------------
[INFO] BUILD SUCCESS
[INFO] ------------------------------------------------------------------------
[INFO] Total time:  01:46 min
[INFO] Finished at: 2023-02-05T04:47:49Z
[INFO] ------------------------------------------------------------------------
