[INFO] Scanning for projects...
[INFO] ------------------------------------------------------------------------
[INFO] Reactor Build Order:
[INFO] 
[INFO] Elementary Project                                                 [pom]
[INFO] Utilitary                                                          [jar]
[INFO] Elementary                                                         [jar]
[INFO] Satisfactory                                                       [jar]
[INFO] 
[INFO] ------------------< com.karuslabs:elementary-project >------------------
[INFO] Building Elementary Project 1.1.1-SNAPSHOT                         [1/4]
[INFO] --------------------------------[ pom ]---------------------------------
[INFO] 
[INFO] --- maven-clean-plugin:2.5:clean (default-clean) @ elementary-project ---
[INFO] 
[INFO] --- jacoco-maven-plugin:0.8.7:prepare-agent (default) @ elementary-project ---
[INFO] argLine set to -javaagent:/home/gabsko/.m2/repository/org/jacoco/org.jacoco.agent/0.8.7/org.jacoco.agent-0.8.7-runtime.jar=destfile=/home/gabsko/breaking-updates/target/jacoco.exec
[INFO] 
[INFO] ----------------------< com.karuslabs:utilitary >-----------------------
[INFO] Building Utilitary 1.1.1-SNAPSHOT                                  [2/4]
[INFO] --------------------------------[ jar ]---------------------------------
[INFO] 
[INFO] --- maven-clean-plugin:2.5:clean (default-clean) @ utilitary ---
[INFO] Deleting /home/gabsko/breaking-updates/utilitary/target
[INFO] 
[INFO] --- jacoco-maven-plugin:0.8.7:prepare-agent (default) @ utilitary ---
[INFO] argLine set to -javaagent:/home/gabsko/.m2/repository/org/jacoco/org.jacoco.agent/0.8.7/org.jacoco.agent-0.8.7-runtime.jar=destfile=/home/gabsko/breaking-updates/utilitary/target/jacoco.exec
[INFO] 
[INFO] --- maven-resources-plugin:2.6:resources (default-resources) @ utilitary ---
[INFO] Using 'UTF-8' encoding to copy filtered resources.
[INFO] skip non existing resourceDirectory /home/gabsko/breaking-updates/utilitary/src/main/resources
[INFO] 
[INFO] --- maven-compiler-plugin:3.8.1:compile (default-compile) @ utilitary ---
[INFO] Changes detected - recompiling the module!
[INFO] Compiling 12 source files to /home/gabsko/breaking-updates/utilitary/target/classes
[INFO] 
[INFO] --- maven-resources-plugin:2.6:testResources (default-testResources) @ utilitary ---
[INFO] Using 'UTF-8' encoding to copy filtered resources.
[INFO] Copying 1 resource
[INFO] 
[INFO] --- maven-compiler-plugin:3.8.1:testCompile (default-testCompile) @ utilitary ---
[INFO] Changes detected - recompiling the module!
[INFO] Compiling 9 source files to /home/gabsko/breaking-updates/utilitary/target/test-classes
[INFO] /home/gabsko/breaking-updates/utilitary/src/test/java/com/karuslabs/utilitary/type/FindTest.java: /home/gabsko/breaking-updates/utilitary/src/test/java/com/karuslabs/utilitary/type/FindTest.java uses unchecked or unsafe operations.
[INFO] /home/gabsko/breaking-updates/utilitary/src/test/java/com/karuslabs/utilitary/type/FindTest.java: Recompile with -Xlint:unchecked for details.
[INFO] 
[INFO] --- maven-surefire-plugin:2.22.2:test (default-test) @ utilitary ---
[INFO] 
[INFO] -------------------------------------------------------
[INFO]  T E S T S
[INFO] -------------------------------------------------------
[INFO] Running com.karuslabs.utilitary.SourceTest
[INFO] Tests run: 16, Failures: 0, Errors: 0, Skipped: 0, Time elapsed: 0.052 s - in com.karuslabs.utilitary.SourceTest
[INFO] Running com.karuslabs.utilitary.ElementProcessorTest
[INFO] Tests run: 1, Failures: 0, Errors: 0, Skipped: 0, Time elapsed: 1.652 s - in com.karuslabs.utilitary.ElementProcessorTest
[INFO] Running com.karuslabs.utilitary.LoggerTest
[INFO] Tests run: 11, Failures: 0, Errors: 0, Skipped: 0, Time elapsed: 0.133 s - in com.karuslabs.utilitary.LoggerTest
[INFO] Running com.karuslabs.utilitary.type.QualifiedTypePrinterTest
[INFO] Tests run: 2, Failures: 0, Errors: 0, Skipped: 0, Time elapsed: 0.185 s - in com.karuslabs.utilitary.type.QualifiedTypePrinterTest
[INFO] Running com.karuslabs.utilitary.type.SpecializedAncestorWalkerTest
[INFO] Tests run: 4, Failures: 0, Errors: 0, Skipped: 0, Time elapsed: 0.123 s - in com.karuslabs.utilitary.type.SpecializedAncestorWalkerTest
[INFO] Running com.karuslabs.utilitary.type.TypePrinterTest
[INFO] Tests run: 12, Failures: 0, Errors: 0, Skipped: 0, Time elapsed: 0.668 s - in com.karuslabs.utilitary.type.TypePrinterTest
[INFO] Running com.karuslabs.utilitary.type.ErasuredAncestorWalkerTest
[INFO] Tests run: 4, Failures: 0, Errors: 0, Skipped: 0, Time elapsed: 0.014 s - in com.karuslabs.utilitary.type.ErasuredAncestorWalkerTest
[INFO] Running com.karuslabs.utilitary.type.SimpleTypePrinterTest
[INFO] Tests run: 3, Failures: 0, Errors: 0, Skipped: 0, Time elapsed: 0.09 s - in com.karuslabs.utilitary.type.SimpleTypePrinterTest
[INFO] Running com.karuslabs.utilitary.type.WalkerTest
[INFO] Tests run: 1, Failures: 0, Errors: 0, Skipped: 0, Time elapsed: 0.001 s - in com.karuslabs.utilitary.type.WalkerTest
[INFO] Running com.karuslabs.utilitary.type.TypeMirrorsTest
[INFO] Tests run: 40, Failures: 0, Errors: 0, Skipped: 0, Time elapsed: 0.429 s - in com.karuslabs.utilitary.type.TypeMirrorsTest
[INFO] Running com.karuslabs.utilitary.type.FindTest
[INFO] Tests run: 19, Failures: 0, Errors: 0, Skipped: 0, Time elapsed: 0.179 s - in com.karuslabs.utilitary.type.FindTest
[INFO] Running com.karuslabs.utilitary.NamesTest
[INFO] Tests run: 5, Failures: 0, Errors: 0, Skipped: 0, Time elapsed: 0.001 s - in com.karuslabs.utilitary.NamesTest
[INFO] Running com.karuslabs.utilitary.TextsTest
[INFO] Tests run: 24, Failures: 0, Errors: 0, Skipped: 0, Time elapsed: 0.096 s - in com.karuslabs.utilitary.TextsTest
[INFO] 
[INFO] Results:
[INFO] 
[INFO] Tests run: 142, Failures: 0, Errors: 0, Skipped: 0
[INFO] 
[INFO] 
[INFO] ----------------------< com.karuslabs:elementary >----------------------
[INFO] Building Elementary 1.1.1-SNAPSHOT                                 [3/4]
[INFO] --------------------------------[ jar ]---------------------------------
[INFO] 
[INFO] --- maven-clean-plugin:2.5:clean (default-clean) @ elementary ---
[INFO] Deleting /home/gabsko/breaking-updates/elementary/target
[INFO] 
[INFO] --- jacoco-maven-plugin:0.8.7:prepare-agent (default) @ elementary ---
[INFO] argLine set to -javaagent:/home/gabsko/.m2/repository/org/jacoco/org.jacoco.agent/0.8.7/org.jacoco.agent-0.8.7-runtime.jar=destfile=/home/gabsko/breaking-updates/elementary/target/jacoco.exec
[INFO] 
[INFO] --- maven-resources-plugin:3.2.0:resources (default-resources) @ elementary ---
[INFO] Using 'UTF-8' encoding to copy filtered resources.
[INFO] Using 'UTF-8' encoding to copy filtered properties files.
[INFO] skip non existing resourceDirectory /home/gabsko/breaking-updates/elementary/src/main/resources
[INFO] 
[INFO] --- maven-compiler-plugin:3.8.1:compile (default-compile) @ elementary ---
[INFO] Changes detected - recompiling the module!
[INFO] Compiling 31 source files to /home/gabsko/breaking-updates/elementary/target/classes
[INFO] 
[INFO] --- maven-resources-plugin:3.2.0:testResources (default-testResources) @ elementary ---
[INFO] Using 'UTF-8' encoding to copy filtered resources.
[INFO] Using 'UTF-8' encoding to copy filtered properties files.
[INFO] Copying 5 resources
[INFO] 
[INFO] --- maven-compiler-plugin:3.8.1:testCompile (default-testCompile) @ elementary ---
[INFO] Changes detected - recompiling the module!
[INFO] Compiling 18 source files to /home/gabsko/breaking-updates/elementary/target/test-classes
[INFO] /home/gabsko/breaking-updates/elementary/src/test/java/com/karuslabs/elementary/junit/DaemonTest.java: Some input files use unchecked or unsafe operations.
[INFO] /home/gabsko/breaking-updates/elementary/src/test/java/com/karuslabs/elementary/junit/DaemonTest.java: Recompile with -Xlint:unchecked for details.
[INFO] 
[INFO] --- maven-resources-plugin:3.2.0:copy-resources (copy-resources) @ elementary ---
[INFO] Using 'UTF-8' encoding to copy filtered resources.
[INFO] Using 'UTF-8' encoding to copy filtered properties files.
[INFO] Copying 18 resources
[INFO] 
[INFO] --- maven-surefire-plugin:2.22.2:test (default-test) @ elementary ---
[INFO] 
[INFO] -------------------------------------------------------
[INFO]  T E S T S
[INFO] -------------------------------------------------------
[INFO] Running example.ToolsExtensionExampleTest
[INFO] Tests run: 2, Failures: 0, Errors: 0, Skipped: 0, Time elapsed: 0.929 s - in example.ToolsExtensionExampleTest
[INFO] Running example.JavacExtensionExampleTest
[INFO] Tests run: 2, Failures: 0, Errors: 0, Skipped: 0, Time elapsed: 0.318 s - in example.JavacExtensionExampleTest
[INFO] Running com.karuslabs.elementary.file.FileObjectsTest
[INFO] Tests run: 8, Failures: 0, Errors: 0, Skipped: 0, Time elapsed: 1.934 s - in com.karuslabs.elementary.file.FileObjectsTest
[INFO] Running com.karuslabs.elementary.file.FileObjectsIntrospectTest
[INFO] Tests run: 1, Failures: 0, Errors: 0, Skipped: 0, Time elapsed: 0.123 s - in com.karuslabs.elementary.file.FileObjectsIntrospectTest
[INFO] Running com.karuslabs.elementary.file.MemoryFileManagerTest
[INFO] Tests run: 7, Failures: 0, Errors: 0, Skipped: 0, Time elapsed: 0.016 s - in com.karuslabs.elementary.file.MemoryFileManagerTest
[INFO] Running com.karuslabs.elementary.file.StringFileObjectTest
[INFO] Tests run: 2, Failures: 0, Errors: 0, Skipped: 0, Time elapsed: 0.003 s - in com.karuslabs.elementary.file.StringFileObjectTest
[INFO] Running com.karuslabs.elementary.file.MemoryFileObjectTest
[INFO] Tests run: 10, Failures: 0, Errors: 0, Skipped: 0, Time elapsed: 0.202 s - in com.karuslabs.elementary.file.MemoryFileObjectTest
[INFO] Running com.karuslabs.elementary.file.ByteFileObjectTest
[INFO] Tests run: 2, Failures: 0, Errors: 0, Skipped: 0, Time elapsed: 0.009 s - in com.karuslabs.elementary.file.ByteFileObjectTest
[INFO] Running com.karuslabs.elementary.CompilerTest
[INFO] Tests run: 10, Failures: 0, Errors: 0, Skipped: 0, Time elapsed: 0.631 s - in com.karuslabs.elementary.CompilerTest
[INFO] Running com.karuslabs.elementary.junit.JavacExtensionTest
[INFO] Tests run: 1, Failures: 0, Errors: 0, Skipped: 0, Time elapsed: 0 s - in com.karuslabs.elementary.junit.JavacExtensionTest
[INFO] Running com.karuslabs.elementary.junit.DaemonCompilerTest
[INFO] Tests run: 2, Failures: 0, Errors: 0, Skipped: 0, Time elapsed: 0.054 s - in com.karuslabs.elementary.junit.DaemonCompilerTest
[INFO] Running com.karuslabs.elementary.junit.ToolsTest
[INFO] Tests run: 1, Failures: 0, Errors: 0, Skipped: 0, Time elapsed: 0 s - in com.karuslabs.elementary.junit.ToolsTest
[INFO] Running com.karuslabs.elementary.junit.DaemonTest
[INFO] Tests run: 8, Failures: 0, Errors: 0, Skipped: 0, Time elapsed: 0.271 s - in com.karuslabs.elementary.junit.DaemonTest
[INFO] Running com.karuslabs.elementary.junit.DaemonProcessorTest
[INFO] Tests run: 3, Failures: 0, Errors: 0, Skipped: 0, Time elapsed: 0.166 s - in com.karuslabs.elementary.junit.DaemonProcessorTest
[INFO] Running com.karuslabs.elementary.junit.CasesTest
[INFO] Tests run: 8, Failures: 0, Errors: 0, Skipped: 0, Time elapsed: 0.108 s - in com.karuslabs.elementary.junit.CasesTest
[INFO] Running com.karuslabs.elementary.junit.ToolsExtensionTest
[INFO] Tests run: 11, Failures: 0, Errors: 0, Skipped: 0, Time elapsed: 0.657 s - in com.karuslabs.elementary.junit.ToolsExtensionTest
[INFO] Running com.karuslabs.elementary.CompilationExceptionTest
[INFO] Tests run: 1, Failures: 0, Errors: 0, Skipped: 0, Time elapsed: 0 s - in com.karuslabs.elementary.CompilationExceptionTest
[INFO] Running com.karuslabs.elementary.FinderTest
[INFO] Tests run: 23, Failures: 0, Errors: 0, Skipped: 0, Time elapsed: 0.569 s - in com.karuslabs.elementary.FinderTest
[INFO] Running com.karuslabs.elementary.DiagnosticsTest
[INFO] Tests run: 4, Failures: 0, Errors: 0, Skipped: 0, Time elapsed: 0.107 s - in com.karuslabs.elementary.DiagnosticsTest
[INFO] 
[INFO] Results:
[INFO] 
[INFO] Tests run: 106, Failures: 0, Errors: 0, Skipped: 0
[INFO] 
[INFO] 
[INFO] ---------------------< com.karuslabs:satisfactory >---------------------
[INFO] Building Satisfactory 1.1.1-SNAPSHOT                               [4/4]
[INFO] --------------------------------[ jar ]---------------------------------
[INFO] 
[INFO] --- maven-clean-plugin:2.5:clean (default-clean) @ satisfactory ---
[INFO] Deleting /home/gabsko/breaking-updates/satisfactory/target
[INFO] 
[INFO] --- jacoco-maven-plugin:0.8.7:prepare-agent (default) @ satisfactory ---
[INFO] argLine set to -javaagent:/home/gabsko/.m2/repository/org/jacoco/org.jacoco.agent/0.8.7/org.jacoco.agent-0.8.7-runtime.jar=destfile=/home/gabsko/breaking-updates/satisfactory/target/jacoco.exec
[INFO] 
[INFO] --- maven-resources-plugin:3.2.0:resources (default-resources) @ satisfactory ---
[INFO] Using 'UTF-8' encoding to copy filtered resources.
[INFO] Using 'UTF-8' encoding to copy filtered properties files.
[INFO] skip non existing resourceDirectory /home/gabsko/breaking-updates/satisfactory/src/main/resources
[INFO] 
[INFO] --- maven-compiler-plugin:3.8.1:compile (default-compile) @ satisfactory ---
[INFO] Changes detected - recompiling the module!
[INFO] Compiling 21 source files to /home/gabsko/breaking-updates/satisfactory/target/classes
[INFO] /home/gabsko/breaking-updates/satisfactory/src/main/java/com/karuslabs/satisfactory/sequence/TimeSequence.java: Some input files use unchecked or unsafe operations.
[INFO] /home/gabsko/breaking-updates/satisfactory/src/main/java/com/karuslabs/satisfactory/sequence/TimeSequence.java: Recompile with -Xlint:unchecked for details.
[INFO] 
[INFO] --- maven-resources-plugin:3.2.0:testResources (default-testResources) @ satisfactory ---
[INFO] Using 'UTF-8' encoding to copy filtered resources.
[INFO] Using 'UTF-8' encoding to copy filtered properties files.
[INFO] Copying 1 resource
[INFO] 
[INFO] --- maven-compiler-plugin:3.8.1:testCompile (default-testCompile) @ satisfactory ---
[INFO] Changes detected - recompiling the module!
[INFO] Compiling 15 source files to /home/gabsko/breaking-updates/satisfactory/target/test-classes
[INFO] /home/gabsko/breaking-updates/satisfactory/src/test/java/com/karuslabs/satisfactory/sequence/TimesSequenceTest.java: Some input files use unchecked or unsafe operations.
[INFO] /home/gabsko/breaking-updates/satisfactory/src/test/java/com/karuslabs/satisfactory/sequence/TimesSequenceTest.java: Recompile with -Xlint:unchecked for details.
[INFO] 
[INFO] --- maven-resources-plugin:3.2.0:copy-resources (copy-resources) @ satisfactory ---
[INFO] Using 'UTF-8' encoding to copy filtered resources.
[INFO] Using 'UTF-8' encoding to copy filtered properties files.
[INFO] Copying 15 resources
[INFO] 
[INFO] --- maven-surefire-plugin:2.22.2:test (default-test) @ satisfactory ---
[INFO] 
[INFO] -------------------------------------------------------
[INFO]  T E S T S
[INFO] -------------------------------------------------------
[INFO] Running com.karuslabs.satisfactory.ModifiersTest
[INFO] Tests run: 8, Failures: 0, Errors: 0, Skipped: 0, Time elapsed: 0.062 s - in com.karuslabs.satisfactory.ModifiersTest
[INFO] Running com.karuslabs.satisfactory.AssertionTest
[INFO] Tests run: 4, Failures: 0, Errors: 0, Skipped: 0, Time elapsed: 0.003 s - in com.karuslabs.satisfactory.AssertionTest
[INFO] Running com.karuslabs.satisfactory.logical.AndTest
[INFO] Tests run: 2, Failures: 0, Errors: 0, Skipped: 0, Time elapsed: 0.006 s - in com.karuslabs.satisfactory.logical.AndTest
[INFO] Running com.karuslabs.satisfactory.logical.OrTest
[INFO] Tests run: 2, Failures: 0, Errors: 0, Skipped: 0, Time elapsed: 0.001 s - in com.karuslabs.satisfactory.logical.OrTest
[INFO] Running com.karuslabs.satisfactory.logical.AnyTest
[INFO] Tests run: 3, Failures: 0, Errors: 0, Skipped: 0, Time elapsed: 0.002 s - in com.karuslabs.satisfactory.logical.AnyTest
[INFO] Running com.karuslabs.satisfactory.logical.NotTest
[INFO] Tests run: 4, Failures: 0, Errors: 0, Skipped: 0, Time elapsed: 0.004 s - in com.karuslabs.satisfactory.logical.NotTest
[INFO] Running com.karuslabs.satisfactory.logical.NoTest
[INFO] Tests run: 2, Failures: 0, Errors: 0, Skipped: 0, Time elapsed: 0.954 s - in com.karuslabs.satisfactory.logical.NoTest
[INFO] Running com.karuslabs.satisfactory.AnnotationsTest
[INFO] Tests run: 4, Failures: 0, Errors: 0, Skipped: 0, Time elapsed: 0.128 s - in com.karuslabs.satisfactory.AnnotationsTest
[INFO] Running com.karuslabs.satisfactory.MethodTest
[INFO] Tests run: 9, Failures: 0, Errors: 0, Skipped: 0, Time elapsed: 0.173 s - in com.karuslabs.satisfactory.MethodTest
[INFO] Running com.karuslabs.satisfactory.TypeTest
[INFO] Tests run: 23, Failures: 0, Errors: 0, Skipped: 0, Time elapsed: 0.172 s - in com.karuslabs.satisfactory.TypeTest
[INFO] Running com.karuslabs.satisfactory.VariableTest
[INFO] Tests run: 7, Failures: 0, Errors: 0, Skipped: 0, Time elapsed: 0.078 s - in com.karuslabs.satisfactory.VariableTest
[INFO] Running com.karuslabs.satisfactory.sequence.AnySequenceTest
[INFO] Tests run: 3, Failures: 0, Errors: 0, Skipped: 0, Time elapsed: 1.323 s - in com.karuslabs.satisfactory.sequence.AnySequenceTest
[INFO] Running com.karuslabs.satisfactory.sequence.MaxTest
[INFO] Tests run: 2, Failures: 0, Errors: 0, Skipped: 0, Time elapsed: 0.028 s - in com.karuslabs.satisfactory.sequence.MaxTest
[INFO] Running com.karuslabs.satisfactory.sequence.RangeTest
[INFO] Tests run: 5, Failures: 0, Errors: 0, Skipped: 0, Time elapsed: 0.021 s - in com.karuslabs.satisfactory.sequence.RangeTest
[INFO] Running com.karuslabs.satisfactory.sequence.ExactTest
[INFO] Tests run: 3, Failures: 0, Errors: 0, Skipped: 0, Time elapsed: 0.005 s - in com.karuslabs.satisfactory.sequence.ExactTest
[INFO] Running com.karuslabs.satisfactory.sequence.TimesSequenceTest
[INFO] Tests run: 9, Failures: 0, Errors: 0, Skipped: 0, Time elapsed: 0.203 s - in com.karuslabs.satisfactory.sequence.TimesSequenceTest
[INFO] Running com.karuslabs.satisfactory.sequence.EqualSequenceTest
[INFO] Tests run: 5, Failures: 0, Errors: 0, Skipped: 0, Time elapsed: 0.004 s - in com.karuslabs.satisfactory.sequence.EqualSequenceTest
[INFO] Running com.karuslabs.satisfactory.sequence.EachSequenceTest
[INFO] Tests run: 4, Failures: 0, Errors: 0, Skipped: 0, Time elapsed: 0.003 s - in com.karuslabs.satisfactory.sequence.EachSequenceTest
[INFO] Running com.karuslabs.satisfactory.sequence.TimesTest
[INFO] Tests run: 3, Failures: 0, Errors: 0, Skipped: 0, Time elapsed: 0.002 s - in com.karuslabs.satisfactory.sequence.TimesTest
[INFO] Running com.karuslabs.satisfactory.sequence.MinTest
[INFO] Tests run: 3, Failures: 0, Errors: 0, Skipped: 0, Time elapsed: 0.003 s - in com.karuslabs.satisfactory.sequence.MinTest
[INFO] Running com.karuslabs.satisfactory.sequence.NoSequenceTest
[INFO] Tests run: 4, Failures: 0, Errors: 0, Skipped: 0, Time elapsed: 0.099 s - in com.karuslabs.satisfactory.sequence.NoSequenceTest
[INFO] 
[INFO] Results:
[INFO] 
[INFO] Tests run: 109, Failures: 0, Errors: 0, Skipped: 0
[INFO] 
[INFO] ------------------------------------------------------------------------
[INFO] Reactor Summary for Elementary Project 1.1.1-SNAPSHOT:
[INFO] 
[INFO] Elementary Project ................................. SUCCESS [  0.310 s]
[INFO] Utilitary .......................................... SUCCESS [  6.698 s]
[INFO] Elementary ......................................... SUCCESS [  8.165 s]
[INFO] Satisfactory ....................................... SUCCESS [  5.096 s]
[INFO] ------------------------------------------------------------------------
[INFO] BUILD SUCCESS
[INFO] ------------------------------------------------------------------------
[INFO] Total time:  20.338 s
[INFO] Finished at: 2023-02-04T20:59:27Z
[INFO] ------------------------------------------------------------------------
