[INFO] Scanning for projects...
[INFO] 
[INFO] ------------------------< com.jcabi:jcabi-http >------------------------
[INFO] Building jcabi-http 2.0-SNAPSHOT
[INFO] --------------------------------[ jar ]---------------------------------
[WARNING] The POM for org.glassfish.jaxb:jaxb-runtime:jar:2.2.11 is invalid, transitive dependencies (if any) will not be available, enable debug logging for more details
[INFO] Downloading from central: https://repo.maven.apache.org/maven2/org/testcontainers/testcontainers/1.17.0/testcontainers-1.17.0.jar
[INFO] Downloading from central: https://repo.maven.apache.org/maven2/org/testcontainers/junit-jupiter/1.17.0/junit-jupiter-1.17.0.jar
[INFO] Downloaded from central: https://repo.maven.apache.org/maven2/org/testcontainers/junit-jupiter/1.17.0/junit-jupiter-1.17.0.jar (11 kB at 40 kB/s)
[INFO] Downloaded from central: https://repo.maven.apache.org/maven2/org/testcontainers/testcontainers/1.17.0/testcontainers-1.17.0.jar (12 MB at 12 MB/s)
[INFO] 
[INFO] --- maven-clean-plugin:3.1.0:clean (default-clean) @ jcabi-http ---
[INFO] Deleting /home/gabsko/breaking-updates/target
[INFO] 
[INFO] --- maven-enforcer-plugin:3.0.0-M3:enforce (enforce-maven) @ jcabi-http ---
[INFO] 
[INFO] --- buildnumber-maven-plugin:1.4:create (jcabi-build-number) @ jcabi-http ---
[INFO] ShortRevision tag detected. The value is '7'.
[INFO] Executing: /bin/sh -c cd '/home/gabsko/breaking-updates' && 'git' 'rev-parse' '--verify' '--short=7' 'HEAD'
[INFO] Working directory: /home/gabsko/breaking-updates
[INFO] Storing buildNumber: 705be1d at timestamp: 2023-02-08T22:29:52
[INFO] Storing buildScmBranch: branch-jcabi/jcabi-http-705be1d8d1d115bf9eb384b579cf104fdbf62f98
[INFO] 
[INFO] --- buildnumber-maven-plugin:1.4:create-timestamp (jcabi-build-number) @ jcabi-http ---
[INFO] 
[INFO] --- jacoco-maven-plugin:0.8.6:prepare-agent (jacoco-initialize) @ jcabi-http ---
[INFO] argLine set to -javaagent:/home/gabsko/.m2/repository/org/jacoco/org.jacoco.agent/0.8.6/org.jacoco.agent-0.8.6-runtime.jar=destfile=/home/gabsko/breaking-updates/target/jacoco.exec,output=file
[INFO] 
[INFO] --- maven-resources-plugin:3.2.0:resources (default-resources) @ jcabi-http ---
[INFO] Using 'UTF-8' encoding to copy filtered resources.
[INFO] Using 'UTF-8' encoding to copy filtered properties files.
[INFO] skip non existing resourceDirectory /home/gabsko/breaking-updates/src/main/resources
[INFO] 
[INFO] --- maven-compiler-plugin:3.8.1:compile (default-compile) @ jcabi-http ---
[INFO] Changes detected - recompiling the module!
[INFO] Compiling 53 source files to /home/gabsko/breaking-updates/target/classes
[INFO] 
[INFO] --- maven-resources-plugin:3.2.0:testResources (default-testResources) @ jcabi-http ---
[INFO] Using 'UTF-8' encoding to copy filtered resources.
[INFO] Using 'UTF-8' encoding to copy filtered properties files.
[INFO] Copying 1 resource
[INFO] The encoding used to copy filtered properties files have not been set. This means that the same encoding will be used to copy filtered properties files as when copying other filtered resources. This might not be what you want! Run your build with --debug to see which files might be affected. Read more at https://maven.apache.org/plugins/maven-resources-plugin/examples/filtering-properties-files.html
[INFO] 
[INFO] --- maven-compiler-plugin:3.8.1:testCompile (default-testCompile) @ jcabi-http ---
[INFO] Changes detected - recompiling the module!
[INFO] Compiling 37 source files to /home/gabsko/breaking-updates/target/test-classes
[INFO] 
[INFO] --- maven-surefire-plugin:3.0.0-M5:test (default-test) @ jcabi-http ---
[INFO] 
[INFO] -------------------------------------------------------
[INFO]  T E S T S
[INFO] -------------------------------------------------------
[INFO] Running com.jcabi.http.wire.BasicAuthWireTest
Feb 08, 2023 10:29:57 PM org.glassfish.grizzly.http.server.NetworkListener start
INFO: Started listener bound to [0.0.0.0:33639]
Feb 08, 2023 10:29:57 PM org.glassfish.grizzly.http.server.HttpServer start
INFO: [HttpServer] Started.
[[0;37mINFO[m] main com.jcabi.http.mock.MkGrizzlyContainer: started on port #33639
[[0;37mINFO[m] main com.jcabi.http.request.BaseRequest: #fetch(GET localhost:33639 /): [404 Not Found] in 160ms
[[0;37mINFO[m] main com.jcabi.http.mock.MkGrizzlyContainer: stopped on port #33639
Feb 08, 2023 10:29:57 PM org.glassfish.grizzly.http.server.NetworkListener start
INFO: Started listener bound to [0.0.0.0:43357]
Feb 08, 2023 10:29:57 PM org.glassfish.grizzly.http.server.HttpServer start
INFO: [HttpServer-1] Started.
[[0;37mINFO[m] main com.jcabi.http.mock.MkGrizzlyContainer: started on port #43357
[[0;37mINFO[m] main com.jcabi.http.request.BaseRequest: #fetch(GET localhost:43357 /): [200 OK] in 6ms
[[0;37mINFO[m] main com.jcabi.http.mock.MkGrizzlyContainer: stopped on port #43357
Feb 08, 2023 10:29:57 PM org.glassfish.grizzly.http.server.NetworkListener start
INFO: Started listener bound to [0.0.0.0:34017]
Feb 08, 2023 10:29:57 PM org.glassfish.grizzly.http.server.HttpServer start
INFO: [HttpServer-2] Started.
[[0;37mINFO[m] main com.jcabi.http.mock.MkGrizzlyContainer: started on port #34017
[[0;37mINFO[m] main com.jcabi.http.request.BaseRequest: #fetch(GET localhost:34017 /): [200 OK] in 6ms
[[0;37mINFO[m] main com.jcabi.http.mock.MkGrizzlyContainer: stopped on port #34017
Feb 08, 2023 10:29:57 PM org.glassfish.grizzly.http.server.NetworkListener start
INFO: Started listener bound to [0.0.0.0:42593]
Feb 08, 2023 10:29:57 PM org.glassfish.grizzly.http.server.HttpServer start
INFO: [HttpServer-3] Started.
[[0;37mINFO[m] main com.jcabi.http.mock.MkGrizzlyContainer: started on port #42593
[[0;37mINFO[m] main com.jcabi.http.request.BaseRequest: #fetch(GET localhost:42593 /): [200 OK] in 5ms
[[0;37mINFO[m] main com.jcabi.http.mock.MkGrizzlyContainer: stopped on port #42593
[INFO] Tests run: 4, Failures: 0, Errors: 0, Skipped: 0, Time elapsed: 1.041 s - in com.jcabi.http.wire.BasicAuthWireTest
[INFO] Running com.jcabi.http.RequestTimeoutLossTest
[[0;37mINFO[m] main com.jcabi.http.request.BaseRequest: #fetch(GET localhost /api): [0 null] in 2ms
[[0;37mINFO[m] main com.jcabi.http.request.BaseRequest: #fetch(GET localhost /api): [0 null] in 1ms
[[0;37mINFO[m] main com.jcabi.http.request.BaseRequest: #fetch(GET localhost /): [0 null] in 1ms
[[0;37mINFO[m] main com.jcabi.http.request.BaseRequest: #fetch(GET localhost /): [0 null] in 0ms
[[0;37mINFO[m] main com.jcabi.http.request.BaseRequest: #fetch(GET localhost /): [0 null] in 0ms
[[0;37mINFO[m] main com.jcabi.http.request.BaseRequest: #fetch(GET localhost /): [0 null] in 1ms
[[0;37mINFO[m] main com.jcabi.http.request.BaseRequest: #fetch(GET localhost /): [0 null] in 0ms
[[0;37mINFO[m] main com.jcabi.http.request.BaseRequest: #fetch(GET localhost /): [0 null] in 0ms
[[0;37mINFO[m] main com.jcabi.http.request.BaseRequest: #fetch(GET localhost /): [0 null] in 0ms
[[0;37mINFO[m] main com.jcabi.http.request.BaseRequest: #fetch(GET localhost /): [0 null] in 0ms
[[0;37mINFO[m] main com.jcabi.http.request.BaseRequest: #fetch(GET localhost /): [0 null] in 0ms
[[0;37mINFO[m] main com.jcabi.http.request.BaseRequest: #fetch(GET localhost /): [0 null] in 0ms
[[0;37mINFO[m] main com.jcabi.http.request.BaseRequest: #fetch(GET null fake-url): [0 null] in 1ms
[[0;37mINFO[m] main com.jcabi.http.request.BaseRequest: #fetch(GET localhost /): [0 null] in 0ms
[[0;37mINFO[m] main com.jcabi.http.request.BaseRequest: #fetch(GET localhost /): [0 null] in 0ms
[INFO] Tests run: 15, Failures: 0, Errors: 0, Skipped: 0, Time elapsed: 0.597 s - in com.jcabi.http.RequestTimeoutLossTest
[INFO] Running com.jcabi.http.mock.GrizzlyQueryTest
[INFO] Tests run: 1, Failures: 0, Errors: 0, Skipped: 0, Time elapsed: 0.248 s - in com.jcabi.http.mock.GrizzlyQueryTest
[INFO] Running com.jcabi.http.wire.LastModifiedCachingWireTest
Feb 08, 2023 10:29:58 PM org.glassfish.grizzly.http.server.NetworkListener start
INFO: Started listener bound to [0.0.0.0:32951]
Feb 08, 2023 10:29:58 PM org.glassfish.grizzly.http.server.HttpServer start
INFO: [HttpServer-4] Started.
[[0;37mINFO[m] main com.jcabi.http.mock.MkGrizzlyContainer: started on port #32951
[[0;37mINFO[m] main com.jcabi.http.request.BaseRequest: #fetch(GET localhost:32951 /): [200 OK] in 22ms
[[0;37mINFO[m] main com.jcabi.http.request.BaseRequest: #fetch(GET localhost:32951 /): [200 OK] in 4ms
[[0;37mINFO[m] main com.jcabi.http.mock.MkGrizzlyContainer: stopped on port #32951
Feb 08, 2023 10:29:58 PM org.glassfish.grizzly.http.server.NetworkListener start
INFO: Started listener bound to [0.0.0.0:46071]
Feb 08, 2023 10:29:58 PM org.glassfish.grizzly.http.server.HttpServer start
INFO: [HttpServer-5] Started.
[[0;37mINFO[m] main com.jcabi.http.mock.MkGrizzlyContainer: started on port #46071
[[0;37mINFO[m] main com.jcabi.http.request.BaseRequest: #fetch(GET localhost:46071 /): [200 OK] in 6ms
[[0;37mINFO[m] main com.jcabi.http.request.BaseRequest: #fetch(GET localhost:46071 /): [200 OK] in 4ms
[[0;37mINFO[m] main com.jcabi.http.request.BaseRequest: #fetch(GET localhost:46071 /): [200 OK] in 3ms
[[0;37mINFO[m] main com.jcabi.http.mock.MkGrizzlyContainer: stopped on port #46071
Feb 08, 2023 10:29:58 PM org.glassfish.grizzly.http.server.NetworkListener start
INFO: Started listener bound to [0.0.0.0:43445]
Feb 08, 2023 10:29:58 PM org.glassfish.grizzly.http.server.HttpServer start
INFO: [HttpServer-6] Started.
[[0;37mINFO[m] main com.jcabi.http.mock.MkGrizzlyContainer: started on port #43445
[[0;37mINFO[m] main com.jcabi.http.request.BaseRequest: #fetch(GET localhost:43445 /): [200 OK] in 4ms
[[0;37mINFO[m] main com.jcabi.http.mock.MkGrizzlyContainer: stopped on port #43445
Feb 08, 2023 10:29:58 PM org.glassfish.grizzly.http.server.NetworkListener start
INFO: Started listener bound to [0.0.0.0:45153]
Feb 08, 2023 10:29:58 PM org.glassfish.grizzly.http.server.HttpServer start
INFO: [HttpServer-7] Started.
[[0;37mINFO[m] main com.jcabi.http.mock.MkGrizzlyContainer: started on port #45153
[[0;37mINFO[m] main com.jcabi.http.request.BaseRequest: #fetch(GET localhost:45153 /): [200 OK] in 5ms
[[0;37mINFO[m] main com.jcabi.http.request.BaseRequest: #fetch(GET localhost:45153 /): [404 Not Found] in 3ms
[[0;37mINFO[m] main com.jcabi.http.request.BaseRequest: #fetch(GET localhost:45153 /): [200 OK] in 3ms
[[0;37mINFO[m] main com.jcabi.http.mock.MkGrizzlyContainer: stopped on port #45153
Feb 08, 2023 10:29:58 PM org.glassfish.grizzly.http.server.NetworkListener start
INFO: Started listener bound to [0.0.0.0:36497]
Feb 08, 2023 10:29:58 PM org.glassfish.grizzly.http.server.HttpServer start
INFO: [HttpServer-8] Started.
[[0;37mINFO[m] main com.jcabi.http.mock.MkGrizzlyContainer: started on port #36497
[[0;37mINFO[m] main com.jcabi.http.request.BaseRequest: #fetch(GET localhost:36497 /): [200 OK] in 4ms
[[0;37mINFO[m] main com.jcabi.http.request.BaseRequest: #fetch(GET localhost:36497 /): [200 OK] in 3ms
[[0;37mINFO[m] main com.jcabi.http.request.BaseRequest: #fetch(GET localhost:36497 /): [200 OK] in 2ms
[[0;37mINFO[m] main com.jcabi.http.request.BaseRequest: #fetch(GET localhost:36497 /): [200 OK] in 3ms
[[0;37mINFO[m] main com.jcabi.http.request.BaseRequest: #fetch(GET localhost:36497 /): [200 OK] in 3ms
[[0;37mINFO[m] main com.jcabi.http.request.BaseRequest: #fetch(GET localhost:36497 /): [200 OK] in 2ms
[[0;37mINFO[m] main com.jcabi.http.request.BaseRequest: #fetch(GET localhost:36497 /): [200 OK] in 3ms
[[0;37mINFO[m] main com.jcabi.http.request.BaseRequest: #fetch(GET localhost:36497 /): [200 OK] in 3ms
[[0;37mINFO[m] main com.jcabi.http.request.BaseRequest: #fetch(GET localhost:36497 /): [200 OK] in 2ms
[[0;37mINFO[m] main com.jcabi.http.request.BaseRequest: #fetch(GET localhost:36497 /): [200 OK] in 3ms
[[0;37mINFO[m] main com.jcabi.http.mock.MkGrizzlyContainer: stopped on port #36497
Feb 08, 2023 10:29:58 PM org.glassfish.grizzly.http.server.NetworkListener start
INFO: Started listener bound to [0.0.0.0:38979]
Feb 08, 2023 10:29:58 PM org.glassfish.grizzly.http.server.HttpServer start
INFO: [HttpServer-9] Started.
[[0;37mINFO[m] main com.jcabi.http.mock.MkGrizzlyContainer: started on port #38979
[[0;37mINFO[m] main com.jcabi.http.request.BaseRequest: #fetch(GET localhost:38979 /): [200 OK] in 5ms
[[0;37mINFO[m] main com.jcabi.http.request.BaseRequest: #fetch(GET localhost:38979 /): [200 OK] in 2ms
[[0;37mINFO[m] main com.jcabi.http.request.BaseRequest: #fetch(GET localhost:38979 /): [200 OK] in 3ms
[[0;37mINFO[m] main com.jcabi.http.request.BaseRequest: #fetch(GET localhost:38979 /): [200 OK] in 3ms
[[0;37mINFO[m] main com.jcabi.http.mock.MkGrizzlyContainer: stopped on port #38979
[INFO] Tests run: 6, Failures: 0, Errors: 0, Skipped: 0, Time elapsed: 0.311 s - in com.jcabi.http.wire.LastModifiedCachingWireTest
[INFO] Running com.jcabi.http.mock.MkQueryMatchersTest
[INFO] Tests run: 4, Failures: 0, Errors: 0, Skipped: 0, Time elapsed: 0.03 s - in com.jcabi.http.mock.MkQueryMatchersTest
[INFO] Running com.jcabi.http.wire.RetryWireTest
Feb 08, 2023 10:29:58 PM org.glassfish.grizzly.http.server.NetworkListener start
INFO: Started listener bound to [0.0.0.0:37541]
Feb 08, 2023 10:29:58 PM org.glassfish.grizzly.http.server.HttpServer start
INFO: [HttpServer-10] Started.
[[0;37mINFO[m] main com.jcabi.http.mock.MkGrizzlyContainer: started on port #37541
[[0;33mWARN[m] main com.jcabi.http.wire.RetryWire: GET http://localhost:37541/ (auth: j***j) returns 500 status (attempt #1)
[[0;37mINFO[m] main com.jcabi.http.request.BaseRequest: #fetch(GET localhost:37541 /): [200 OK] in 9ms
[[0;37mINFO[m] main com.jcabi.http.mock.MkGrizzlyContainer: stopped on port #37541
Feb 08, 2023 10:29:58 PM org.glassfish.grizzly.http.server.NetworkListener start
INFO: Started listener bound to [0.0.0.0:45353]
Feb 08, 2023 10:29:58 PM org.glassfish.grizzly.http.server.HttpServer start
INFO: [HttpServer-11] Started.
[[0;37mINFO[m] main com.jcabi.http.mock.MkGrizzlyContainer: started on port #45353
[[0;33mWARN[m] main com.jcabi.http.wire.RetryWire: GET http://localhost:45353/ returns 500 status (attempt #1)
[[0;33mWARN[m] main com.jcabi.http.wire.RetryWire: GET http://localhost:45353/ returns 500 status (attempt #2)
[[0;37mINFO[m] main com.jcabi.http.request.BaseRequest: #fetch(GET localhost:45353 /): [200 OK] in 12ms
[[0;37mINFO[m] main com.jcabi.http.mock.MkGrizzlyContainer: stopped on port #45353
[INFO] Tests run: 2, Failures: 0, Errors: 0, Skipped: 0, Time elapsed: 0.087 s - in com.jcabi.http.wire.RetryWireTest
[INFO] Running com.jcabi.http.RequestTest
Feb 08, 2023 10:29:59 PM org.glassfish.grizzly.http.server.NetworkListener start
INFO: Started listener bound to [0.0.0.0:33321]
Feb 08, 2023 10:29:59 PM org.glassfish.grizzly.http.server.HttpServer start
INFO: [HttpServer-12] Started.
[[0;37mINFO[m] main com.jcabi.http.mock.MkGrizzlyContainer: started on port #33321
[[0;37mINFO[m] main com.jcabi.http.request.BaseRequest: #fetch(GET localhost:33321 /helloall): [200 OK] in 278ms
[[0;37mINFO[m] main com.jcabi.http.mock.MkGrizzlyContainer: stopped on port #33321
Feb 08, 2023 10:29:59 PM org.glassfish.grizzly.http.server.NetworkListener start
INFO: Started listener bound to [0.0.0.0:44005]
Feb 08, 2023 10:29:59 PM org.glassfish.grizzly.http.server.HttpServer start
INFO: [HttpServer-13] Started.
[[0;37mINFO[m] main com.jcabi.http.mock.MkGrizzlyContainer: started on port #44005
[[0;37mINFO[m] main com.jcabi.http.request.BaseRequest: #fetch(GET localhost:44005 /helloall): [200 OK] in 4ms
[[0;37mINFO[m] main com.jcabi.http.mock.MkGrizzlyContainer: stopped on port #44005
Feb 08, 2023 10:29:59 PM org.glassfish.grizzly.http.server.NetworkListener start
INFO: Started listener bound to [0.0.0.0:46691]
Feb 08, 2023 10:29:59 PM org.glassfish.grizzly.http.server.HttpServer start
INFO: [HttpServer-14] Started.
[[0;37mINFO[m] main com.jcabi.http.mock.MkGrizzlyContainer: started on port #46691
[[0;37mINFO[m] main com.jcabi.http.request.BaseRequest: #fetch(GET localhost:46691 /): [404 Not Found] in 6ms
[[0;37mINFO[m] main com.jcabi.http.mock.MkGrizzlyContainer: stopped on port #46691
Feb 08, 2023 10:29:59 PM org.glassfish.grizzly.http.server.NetworkListener start
INFO: Started listener bound to [0.0.0.0:41193]
Feb 08, 2023 10:29:59 PM org.glassfish.grizzly.http.server.HttpServer start
INFO: [HttpServer-15] Started.
[[0;37mINFO[m] main com.jcabi.http.mock.MkGrizzlyContainer: started on port #41193
[[0;37mINFO[m] main com.jcabi.http.request.BaseRequest: #fetch(GET localhost:41193 /): [404 Not Found] in 4ms
[[0;37mINFO[m] main com.jcabi.http.mock.MkGrizzlyContainer: stopped on port #41193
Feb 08, 2023 10:29:59 PM org.glassfish.grizzly.http.server.NetworkListener start
INFO: Started listener bound to [0.0.0.0:40419]
Feb 08, 2023 10:29:59 PM org.glassfish.grizzly.http.server.HttpServer start
INFO: [HttpServer-16] Started.
[[0;37mINFO[m] main com.jcabi.http.mock.MkGrizzlyContainer: started on port #40419
[[0;37mINFO[m] main com.jcabi.http.request.BaseRequest: #fetch(POST localhost:40419 /): [200 OK] in 9ms
[[0;37mINFO[m] main com.jcabi.http.mock.MkGrizzlyContainer: stopped on port #40419
Feb 08, 2023 10:29:59 PM org.glassfish.grizzly.http.server.NetworkListener start
INFO: Started listener bound to [0.0.0.0:32857]
Feb 08, 2023 10:29:59 PM org.glassfish.grizzly.http.server.HttpServer start
INFO: [HttpServer-17] Started.
[[0;37mINFO[m] main com.jcabi.http.mock.MkGrizzlyContainer: started on port #32857
[[0;37mINFO[m] main com.jcabi.http.request.BaseRequest: #fetch(POST localhost:32857 /): [200 OK] in 4ms
[[0;37mINFO[m] main com.jcabi.http.mock.MkGrizzlyContainer: stopped on port #32857
Feb 08, 2023 10:29:59 PM org.glassfish.grizzly.http.server.NetworkListener start
INFO: Started listener bound to [0.0.0.0:43931]
Feb 08, 2023 10:29:59 PM org.glassfish.grizzly.http.server.HttpServer start
INFO: [HttpServer-18] Started.
[[0;37mINFO[m] main com.jcabi.http.mock.MkGrizzlyContainer: started on port #43931
[[0;37mINFO[m] main com.jcabi.http.request.BaseRequest: #fetch(GET localhost:43931 /): [200 OK] in 6ms
[[0;37mINFO[m] main com.jcabi.http.mock.MkGrizzlyContainer: stopped on port #43931
Feb 08, 2023 10:29:59 PM org.glassfish.grizzly.http.server.NetworkListener start
INFO: Started listener bound to [0.0.0.0:41039]
Feb 08, 2023 10:29:59 PM org.glassfish.grizzly.http.server.HttpServer start
INFO: [HttpServer-19] Started.
[[0;37mINFO[m] main com.jcabi.http.mock.MkGrizzlyContainer: started on port #41039
[[0;37mINFO[m] main com.jcabi.http.request.BaseRequest: #fetch(GET localhost:41039 /): [200 OK] in 3ms
[[0;37mINFO[m] main com.jcabi.http.mock.MkGrizzlyContainer: stopped on port #41039
Feb 08, 2023 10:29:59 PM org.glassfish.grizzly.http.server.NetworkListener start
INFO: Started listener bound to [0.0.0.0:37543]
Feb 08, 2023 10:29:59 PM org.glassfish.grizzly.http.server.HttpServer start
INFO: [HttpServer-20] Started.
[[0;37mINFO[m] main com.jcabi.http.mock.MkGrizzlyContainer: started on port #37543
[[0;37mINFO[m] main com.jcabi.http.request.BaseRequest: #fetch(GET localhost:37543 /): [200 OK] in 6ms
[[0;37mINFO[m] main com.jcabi.http.mock.MkGrizzlyContainer: stopped on port #37543
Feb 08, 2023 10:29:59 PM org.glassfish.grizzly.http.server.NetworkListener start
INFO: Started listener bound to [0.0.0.0:34347]
Feb 08, 2023 10:29:59 PM org.glassfish.grizzly.http.server.HttpServer start
INFO: [HttpServer-21] Started.
[[0;37mINFO[m] main com.jcabi.http.mock.MkGrizzlyContainer: started on port #34347
[[0;37mINFO[m] main com.jcabi.http.request.BaseRequest: #fetch(GET localhost:34347 /): [200 OK] in 2ms
[[0;37mINFO[m] main com.jcabi.http.mock.MkGrizzlyContainer: stopped on port #34347
Feb 08, 2023 10:29:59 PM org.glassfish.grizzly.http.server.NetworkListener start
INFO: Started listener bound to [0.0.0.0:32819]
Feb 08, 2023 10:29:59 PM org.glassfish.grizzly.http.server.HttpServer start
INFO: [HttpServer-22] Started.
[[0;37mINFO[m] main com.jcabi.http.mock.MkGrizzlyContainer: started on port #32819
[[0;37mINFO[m] main com.jcabi.http.request.BaseRequest: #fetch(GET localhost:32819 /abcde): [200 OK] in 10ms
[[0;37mINFO[m] main com.jcabi.http.mock.MkGrizzlyContainer: stopped on port #32819
Feb 08, 2023 10:29:59 PM org.glassfish.grizzly.http.server.NetworkListener start
INFO: Started listener bound to [0.0.0.0:41629]
Feb 08, 2023 10:29:59 PM org.glassfish.grizzly.http.server.HttpServer start
INFO: [HttpServer-23] Started.
[[0;37mINFO[m] main com.jcabi.http.mock.MkGrizzlyContainer: started on port #41629
[[0;37mINFO[m] main com.jcabi.http.request.BaseRequest: #fetch(GET localhost:41629 /abcde): [200 OK] in 4ms
[[0;37mINFO[m] main com.jcabi.http.mock.MkGrizzlyContainer: stopped on port #41629
Feb 08, 2023 10:29:59 PM org.glassfish.grizzly.http.server.NetworkListener start
INFO: Started listener bound to [0.0.0.0:36495]
Feb 08, 2023 10:29:59 PM org.glassfish.grizzly.http.server.HttpServer start
INFO: [HttpServer-24] Started.
[[0;37mINFO[m] main com.jcabi.http.mock.MkGrizzlyContainer: started on port #36495
[[0;37mINFO[m] main com.jcabi.http.request.BaseRequest: #fetch(GET localhost:36495 /abcdefff): [200 OK] in 5ms
[[0;37mINFO[m] main com.jcabi.http.mock.MkGrizzlyContainer: stopped on port #36495
Feb 08, 2023 10:30:00 PM org.glassfish.grizzly.http.server.NetworkListener start
INFO: Started listener bound to [0.0.0.0:36501]
Feb 08, 2023 10:30:00 PM org.glassfish.grizzly.http.server.HttpServer start
INFO: [HttpServer-25] Started.
[[0;37mINFO[m] main com.jcabi.http.mock.MkGrizzlyContainer: started on port #36501
[[0;37mINFO[m] main com.jcabi.http.request.BaseRequest: #fetch(GET localhost:36501 /abcdefff): [200 OK] in 4ms
[[0;37mINFO[m] main com.jcabi.http.mock.MkGrizzlyContainer: stopped on port #36501
Feb 08, 2023 10:30:00 PM org.glassfish.grizzly.http.server.NetworkListener start
INFO: Started listener bound to [0.0.0.0:42907]
Feb 08, 2023 10:30:00 PM org.glassfish.grizzly.http.server.HttpServer start
INFO: [HttpServer-26] Started.
[[0;37mINFO[m] main com.jcabi.http.mock.MkGrizzlyContainer: started on port #42907
[[0;37mINFO[m] main com.jcabi.http.request.BaseRequest: #fetch(POST localhost:42907 /): [200 OK] in 5ms
[[0;37mINFO[m] main com.jcabi.http.mock.MkGrizzlyContainer: stopped on port #42907
Feb 08, 2023 10:30:00 PM org.glassfish.grizzly.http.server.NetworkListener start
INFO: Started listener bound to [0.0.0.0:36485]
Feb 08, 2023 10:30:00 PM org.glassfish.grizzly.http.server.HttpServer start
INFO: [HttpServer-27] Started.
[[0;37mINFO[m] main com.jcabi.http.mock.MkGrizzlyContainer: started on port #36485
[[0;37mINFO[m] main com.jcabi.http.request.BaseRequest: #fetch(POST localhost:36485 /): [200 OK] in 4ms
[[0;37mINFO[m] main com.jcabi.http.mock.MkGrizzlyContainer: stopped on port #36485
Feb 08, 2023 10:30:00 PM org.glassfish.grizzly.http.server.NetworkListener start
INFO: Started listener bound to [0.0.0.0:39173]
Feb 08, 2023 10:30:00 PM org.glassfish.grizzly.http.server.HttpServer start
INFO: [HttpServer-28] Started.
[[0;37mINFO[m] main com.jcabi.http.mock.MkGrizzlyContainer: started on port #39173
[[0;37mINFO[m] main com.jcabi.http.mock.MkGrizzlyContainer: stopped on port #39173
Feb 08, 2023 10:30:00 PM org.glassfish.grizzly.http.server.NetworkListener start
INFO: Started listener bound to [0.0.0.0:40291]
Feb 08, 2023 10:30:00 PM org.glassfish.grizzly.http.server.HttpServer start
INFO: [HttpServer-29] Started.
[[0;37mINFO[m] main com.jcabi.http.mock.MkGrizzlyContainer: started on port #40291
[[0;37mINFO[m] main com.jcabi.http.mock.MkGrizzlyContainer: stopped on port #40291
Feb 08, 2023 10:30:00 PM org.glassfish.grizzly.http.server.NetworkListener start
INFO: Started listener bound to [0.0.0.0:37123]
Feb 08, 2023 10:30:00 PM org.glassfish.grizzly.http.server.HttpServer start
INFO: [HttpServer-30] Started.
[[0;37mINFO[m] main com.jcabi.http.mock.MkGrizzlyContainer: started on port #37123
[[0;37mINFO[m] main com.jcabi.http.request.BaseRequest: #fetch(POST localhost:37123 /): [200 OK] in 5ms
[[0;37mINFO[m] main com.jcabi.http.mock.MkGrizzlyContainer: stopped on port #37123
Feb 08, 2023 10:30:00 PM org.glassfish.grizzly.http.server.NetworkListener start
INFO: Started listener bound to [0.0.0.0:45949]
Feb 08, 2023 10:30:00 PM org.glassfish.grizzly.http.server.HttpServer start
INFO: [HttpServer-31] Started.
[[0;37mINFO[m] main com.jcabi.http.mock.MkGrizzlyContainer: started on port #45949
[[0;37mINFO[m] main com.jcabi.http.request.BaseRequest: #fetch(POST localhost:45949 /): [200 OK] in 3ms
[[0;37mINFO[m] main com.jcabi.http.mock.MkGrizzlyContainer: stopped on port #45949
Feb 08, 2023 10:30:00 PM org.glassfish.grizzly.http.server.NetworkListener start
INFO: Started listener bound to [0.0.0.0:45071]
Feb 08, 2023 10:30:00 PM org.glassfish.grizzly.http.server.HttpServer start
INFO: [HttpServer-32] Started.
[[0;37mINFO[m] main com.jcabi.http.mock.MkGrizzlyContainer: started on port #45071
[[0;37mINFO[m] main com.jcabi.http.request.BaseRequest: #fetch(GET localhost:45071 /): [303 See Other] in 6ms
[[0;37mINFO[m] main com.jcabi.http.mock.MkGrizzlyContainer: stopped on port #45071
Feb 08, 2023 10:30:00 PM org.glassfish.grizzly.http.server.NetworkListener start
INFO: Started listener bound to [0.0.0.0:33543]
Feb 08, 2023 10:30:00 PM org.glassfish.grizzly.http.server.HttpServer start
INFO: [HttpServer-33] Started.
[[0;37mINFO[m] main com.jcabi.http.mock.MkGrizzlyContainer: started on port #33543
[[0;37mINFO[m] main com.jcabi.http.request.BaseRequest: #fetch(GET localhost:33543 /): [303 See Other] in 4ms
[[0;37mINFO[m] main com.jcabi.http.mock.MkGrizzlyContainer: stopped on port #33543
Feb 08, 2023 10:30:00 PM org.glassfish.grizzly.http.server.NetworkListener start
INFO: Started listener bound to [0.0.0.0:39865]
Feb 08, 2023 10:30:00 PM org.glassfish.grizzly.http.server.HttpServer start
INFO: [HttpServer-34] Started.
[[0;37mINFO[m] main com.jcabi.http.mock.MkGrizzlyContainer: started on port #39865
[[0;37mINFO[m] main com.jcabi.http.request.BaseRequest: #fetch(GET localhost:39865 /): [200 OK] in 9ms
[[0;37mINFO[m] main com.jcabi.http.mock.MkGrizzlyContainer: stopped on port #39865
Feb 08, 2023 10:30:00 PM org.glassfish.grizzly.http.server.NetworkListener start
INFO: Started listener bound to [0.0.0.0:37435]
Feb 08, 2023 10:30:00 PM org.glassfish.grizzly.http.server.HttpServer start
INFO: [HttpServer-35] Started.
[[0;37mINFO[m] main com.jcabi.http.mock.MkGrizzlyContainer: started on port #37435
[[0;37mINFO[m] main com.jcabi.http.request.BaseRequest: #fetch(GET localhost:37435 /): [200 OK] in 4ms
[[0;37mINFO[m] main com.jcabi.http.mock.MkGrizzlyContainer: stopped on port #37435
Feb 08, 2023 10:30:00 PM org.glassfish.grizzly.http.server.NetworkListener start
INFO: Started listener bound to [0.0.0.0:43421]
Feb 08, 2023 10:30:00 PM org.glassfish.grizzly.http.server.HttpServer start
INFO: [HttpServer-36] Started.
[[0;37mINFO[m] main com.jcabi.http.mock.MkGrizzlyContainer: started on port #43421
[[0;37mINFO[m] main com.jcabi.http.request.BaseRequest: #fetch(POST localhost:43421 /): [200 OK] in 5ms
[[0;37mINFO[m] main com.jcabi.http.mock.MkGrizzlyContainer: stopped on port #43421
Feb 08, 2023 10:30:00 PM org.glassfish.grizzly.http.server.NetworkListener start
INFO: Started listener bound to [0.0.0.0:35651]
Feb 08, 2023 10:30:00 PM org.glassfish.grizzly.http.server.HttpServer start
INFO: [HttpServer-37] Started.
[[0;37mINFO[m] main com.jcabi.http.mock.MkGrizzlyContainer: started on port #35651
[[0;37mINFO[m] main com.jcabi.http.request.BaseRequest: #fetch(POST localhost:35651 /): [200 OK] in 3ms
[[0;37mINFO[m] main com.jcabi.http.mock.MkGrizzlyContainer: stopped on port #35651
Feb 08, 2023 10:30:00 PM org.glassfish.grizzly.http.server.NetworkListener start
INFO: Started listener bound to [0.0.0.0:34249]
Feb 08, 2023 10:30:00 PM org.glassfish.grizzly.http.server.HttpServer start
INFO: [HttpServer-38] Started.
[[0;37mINFO[m] main com.jcabi.http.mock.MkGrizzlyContainer: started on port #34249
[[0;37mINFO[m] main com.jcabi.http.request.BaseRequest: #fetch(GET localhost:34249 /): [200 OK] in 7ms
[[0;37mINFO[m] main com.jcabi.http.mock.MkGrizzlyContainer: stopped on port #34249
Feb 08, 2023 10:30:00 PM org.glassfish.grizzly.http.server.NetworkListener start
INFO: Started listener bound to [0.0.0.0:35425]
Feb 08, 2023 10:30:00 PM org.glassfish.grizzly.http.server.HttpServer start
INFO: [HttpServer-39] Started.
[[0;37mINFO[m] main com.jcabi.http.mock.MkGrizzlyContainer: started on port #35425
[[0;37mINFO[m] main com.jcabi.http.request.BaseRequest: #fetch(GET localhost:35425 /): [200 OK] in 4ms
[[0;37mINFO[m] main com.jcabi.http.mock.MkGrizzlyContainer: stopped on port #35425
Feb 08, 2023 10:30:00 PM org.glassfish.grizzly.http.server.NetworkListener start
INFO: Started listener bound to [0.0.0.0:42953]
Feb 08, 2023 10:30:00 PM org.glassfish.grizzly.http.server.HttpServer start
INFO: [HttpServer-40] Started.
[[0;37mINFO[m] main com.jcabi.http.mock.MkGrizzlyContainer: started on port #42953
[[0;37mINFO[m] main com.jcabi.http.request.BaseRequest: #fetch(POST localhost:42953 /): [200 OK] in 6ms
[[0;37mINFO[m] main com.jcabi.http.mock.MkGrizzlyContainer: stopped on port #42953
Feb 08, 2023 10:30:00 PM org.glassfish.grizzly.http.server.NetworkListener start
INFO: Started listener bound to [0.0.0.0:34207]
Feb 08, 2023 10:30:00 PM org.glassfish.grizzly.http.server.HttpServer start
INFO: [HttpServer-41] Started.
[[0;37mINFO[m] main com.jcabi.http.mock.MkGrizzlyContainer: started on port #34207
[[0;37mINFO[m] main com.jcabi.http.request.BaseRequest: #fetch(POST localhost:34207 /): [200 OK] in 3ms
[[0;37mINFO[m] main com.jcabi.http.mock.MkGrizzlyContainer: stopped on port #34207
Feb 08, 2023 10:30:00 PM org.glassfish.grizzly.http.server.NetworkListener start
INFO: Started listener bound to [0.0.0.0:41949]
Feb 08, 2023 10:30:00 PM org.glassfish.grizzly.http.server.HttpServer start
INFO: [HttpServer-42] Started.
[[0;37mINFO[m] main com.jcabi.http.mock.MkGrizzlyContainer: started on port #41949
[[0;37mINFO[m] main com.jcabi.http.request.BaseRequest: #fetch(GET localhost:41949 /barbar): [200 OK] in 4ms
[[0;37mINFO[m] main com.jcabi.http.mock.MkGrizzlyContainer: stopped on port #41949
Feb 08, 2023 10:30:00 PM org.glassfish.grizzly.http.server.NetworkListener start
INFO: Started listener bound to [0.0.0.0:42559]
Feb 08, 2023 10:30:00 PM org.glassfish.grizzly.http.server.HttpServer start
INFO: [HttpServer-43] Started.
[[0;37mINFO[m] main com.jcabi.http.mock.MkGrizzlyContainer: started on port #42559
[[0;37mINFO[m] main com.jcabi.http.request.BaseRequest: #fetch(GET localhost:42559 /barbar): [200 OK] in 3ms
[[0;37mINFO[m] main com.jcabi.http.mock.MkGrizzlyContainer: stopped on port #42559
Feb 08, 2023 10:30:00 PM org.glassfish.grizzly.http.server.NetworkListener start
INFO: Started listener bound to [0.0.0.0:39859]
Feb 08, 2023 10:30:00 PM org.glassfish.grizzly.http.server.HttpServer start
INFO: [HttpServer-44] Started.
[[0;37mINFO[m] main com.jcabi.http.mock.MkGrizzlyContainer: started on port #39859
[[0;37mINFO[m] main com.jcabi.http.request.BaseRequest: #fetch(POST localhost:39859 /): [200 OK] in 6ms
[[0;37mINFO[m] main com.jcabi.http.mock.MkGrizzlyContainer: stopped on port #39859
Feb 08, 2023 10:30:00 PM org.glassfish.grizzly.http.server.NetworkListener start
INFO: Started listener bound to [0.0.0.0:40463]
Feb 08, 2023 10:30:00 PM org.glassfish.grizzly.http.server.HttpServer start
INFO: [HttpServer-45] Started.
[[0;37mINFO[m] main com.jcabi.http.mock.MkGrizzlyContainer: started on port #40463
[[0;37mINFO[m] main com.jcabi.http.request.BaseRequest: #fetch(POST localhost:40463 /): [200 OK] in 3ms
[[0;37mINFO[m] main com.jcabi.http.mock.MkGrizzlyContainer: stopped on port #40463
Feb 08, 2023 10:30:00 PM org.glassfish.grizzly.http.server.NetworkListener start
INFO: Started listener bound to [0.0.0.0:38409]
Feb 08, 2023 10:30:00 PM org.glassfish.grizzly.http.server.HttpServer start
INFO: [HttpServer-46] Started.
[[0;37mINFO[m] main com.jcabi.http.mock.MkGrizzlyContainer: started on port #38409
[[0;37mINFO[m] main com.jcabi.http.request.BaseRequest: #fetch(GET localhost:38409 /foo1): [200 OK] in 4ms
[[0;37mINFO[m] main com.jcabi.http.mock.MkGrizzlyContainer: stopped on port #38409
Feb 08, 2023 10:30:00 PM org.glassfish.grizzly.http.server.NetworkListener start
INFO: Started listener bound to [0.0.0.0:45751]
Feb 08, 2023 10:30:00 PM org.glassfish.grizzly.http.server.HttpServer start
INFO: [HttpServer-47] Started.
[[0;37mINFO[m] main com.jcabi.http.mock.MkGrizzlyContainer: started on port #45751
[[0;37mINFO[m] main com.jcabi.http.request.BaseRequest: #fetch(GET localhost:45751 /foo1): [200 OK] in 3ms
[[0;37mINFO[m] main com.jcabi.http.mock.MkGrizzlyContainer: stopped on port #45751
Feb 08, 2023 10:30:00 PM org.glassfish.grizzly.http.server.NetworkListener start
INFO: Started listener bound to [0.0.0.0:44923]
Feb 08, 2023 10:30:00 PM org.glassfish.grizzly.http.server.HttpServer start
INFO: [HttpServer-48] Started.
[[0;37mINFO[m] main com.jcabi.http.mock.MkGrizzlyContainer: started on port #44923
[[0;37mINFO[m] main com.jcabi.http.request.BaseRequest: #fetch(GET localhost:44923 /foo-X): [200 OK] in 3ms
[[0;37mINFO[m] main com.jcabi.http.request.BaseRequest: #fetch(POST localhost:44923 /foo-X): [200 OK] in 4ms
[[0;37mINFO[m] main com.jcabi.http.request.BaseRequest: #fetch(GET localhost:44923 /foo-X): [200 OK] in 5ms
[[0;37mINFO[m] main com.jcabi.http.mock.MkGrizzlyContainer: stopped on port #44923
Feb 08, 2023 10:30:01 PM org.glassfish.grizzly.http.server.NetworkListener start
INFO: Started listener bound to [0.0.0.0:40659]
Feb 08, 2023 10:30:01 PM org.glassfish.grizzly.http.server.HttpServer start
INFO: [HttpServer-49] Started.
[[0;37mINFO[m] main com.jcabi.http.mock.MkGrizzlyContainer: started on port #40659
[[0;37mINFO[m] main com.jcabi.http.request.BaseRequest: #fetch(GET localhost:40659 /foo-X): [200 OK] in 3ms
[[0;37mINFO[m] main com.jcabi.http.request.BaseRequest: #fetch(POST localhost:40659 /foo-X): [200 OK] in 3ms
[[0;37mINFO[m] main com.jcabi.http.request.BaseRequest: #fetch(GET localhost:40659 /foo-X): [200 OK] in 2ms
[[0;37mINFO[m] main com.jcabi.http.mock.MkGrizzlyContainer: stopped on port #40659
Feb 08, 2023 10:30:01 PM org.glassfish.grizzly.http.server.NetworkListener start
INFO: Started listener bound to [0.0.0.0:39907]
Feb 08, 2023 10:30:01 PM org.glassfish.grizzly.http.server.HttpServer start
INFO: [HttpServer-50] Started.
[[0;37mINFO[m] main com.jcabi.http.mock.MkGrizzlyContainer: started on port #39907
[[0;37mINFO[m] main com.jcabi.http.request.BaseRequest: #fetch(POST localhost:39907 /): [200 OK] in 4ms
[[0;37mINFO[m] main com.jcabi.http.mock.MkGrizzlyContainer: stopped on port #39907
Feb 08, 2023 10:30:01 PM org.glassfish.grizzly.http.server.NetworkListener start
INFO: Started listener bound to [0.0.0.0:45531]
Feb 08, 2023 10:30:01 PM org.glassfish.grizzly.http.server.HttpServer start
INFO: [HttpServer-51] Started.
[[0;37mINFO[m] main com.jcabi.http.mock.MkGrizzlyContainer: started on port #45531
[[0;37mINFO[m] main com.jcabi.http.request.BaseRequest: #fetch(POST localhost:45531 /): [200 OK] in 4ms
[[0;37mINFO[m] main com.jcabi.http.mock.MkGrizzlyContainer: stopped on port #45531
[INFO] Tests run: 42, Failures: 0, Errors: 0, Skipped: 0, Time elapsed: 2.106 s - in com.jcabi.http.RequestTest
[INFO] Running com.jcabi.http.response.XmlResponseTest
[[0;37mINFO[m] main com.jcabi.http.request.BaseRequest: #fetch(GET localhost:12345 /see-FakeRequest-class): [200 OK] in 1ms
[[0;37mINFO[m] main com.jcabi.http.request.BaseRequest: #fetch(GET localhost:12345 /see-FakeRequest-class): [200 OK] in 0ms
[[0;37mINFO[m] main com.jcabi.http.request.BaseRequest: #fetch(GET localhost:12345 /see-FakeRequest-class): [200 OK] in 0ms
[[0;37mINFO[m] main com.jcabi.http.request.BaseRequest: #fetch(GET localhost:12345 /see-FakeRequest-class): [200 OK] in 0ms
[[0;37mINFO[m] main com.jcabi.http.request.BaseRequest: #fetch(GET localhost:12345 /see-FakeRequest-class): [200 OK] in 0ms
[INFO] Tests run: 5, Failures: 0, Errors: 0, Skipped: 0, Time elapsed: 0.064 s - in com.jcabi.http.response.XmlResponseTest
[INFO] Running com.jcabi.http.wire.CachingWireTest
Feb 08, 2023 10:30:01 PM org.glassfish.grizzly.http.server.NetworkListener start
INFO: Started listener bound to [0.0.0.0:37323]
Feb 08, 2023 10:30:01 PM org.glassfish.grizzly.http.server.HttpServer start
INFO: [HttpServer-52] Started.
[[0;37mINFO[m] main com.jcabi.http.mock.MkGrizzlyContainer: started on port #37323
[[0;37mINFO[m] main com.jcabi.http.request.BaseRequest: #fetch(GET localhost:37323 /): [200 OK] in 14ms
[[0;37mINFO[m] main com.jcabi.http.request.BaseRequest: #fetch(GET localhost:37323 /): [200 OK] in 0ms
[[0;37mINFO[m] main com.jcabi.http.request.BaseRequest: #fetch(GET localhost:37323 /): [200 OK] in 0ms
[[0;37mINFO[m] main com.jcabi.http.request.BaseRequest: #fetch(GET localhost:37323 /): [200 OK] in 1ms
[[0;37mINFO[m] main com.jcabi.http.request.BaseRequest: #fetch(GET localhost:37323 /): [200 OK] in 0ms
[[0;37mINFO[m] main com.jcabi.http.request.BaseRequest: #fetch(GET localhost:37323 /): [200 OK] in 0ms
[[0;37mINFO[m] main com.jcabi.http.request.BaseRequest: #fetch(GET localhost:37323 /): [200 OK] in 0ms
[[0;37mINFO[m] main com.jcabi.http.request.BaseRequest: #fetch(GET localhost:37323 /): [200 OK] in 0ms
[[0;37mINFO[m] main com.jcabi.http.request.BaseRequest: #fetch(GET localhost:37323 /): [200 OK] in 0ms
[[0;37mINFO[m] main com.jcabi.http.request.BaseRequest: #fetch(GET localhost:37323 /): [200 OK] in 0ms
[[0;37mINFO[m] main com.jcabi.http.mock.MkGrizzlyContainer: stopped on port #37323
Feb 08, 2023 10:30:01 PM org.glassfish.grizzly.http.server.NetworkListener start
INFO: Started listener bound to [0.0.0.0:38017]
Feb 08, 2023 10:30:01 PM org.glassfish.grizzly.http.server.HttpServer start
INFO: [HttpServer-53] Started.
[[0;37mINFO[m] main com.jcabi.http.mock.MkGrizzlyContainer: started on port #38017
[[0;37mINFO[m] main com.jcabi.http.request.BaseRequest: #fetch(GET localhost:38017 /): [200 OK] in 3ms
[[0;37mINFO[m] main com.jcabi.http.request.BaseRequest: #fetch(GET localhost:38017 /): [200 OK] in 0ms
[[0;37mINFO[m] main com.jcabi.http.request.BaseRequest: #fetch(POST localhost:38017 /flush): [200 OK] in 6ms
[[0;37mINFO[m] main com.jcabi.http.request.BaseRequest: #fetch(GET localhost:38017 /): [200 OK] in 3ms
[[0;37mINFO[m] main com.jcabi.http.mock.MkGrizzlyContainer: stopped on port #38017
Feb 08, 2023 10:30:01 PM org.glassfish.grizzly.http.server.NetworkListener start
INFO: Started listener bound to [0.0.0.0:35195]
Feb 08, 2023 10:30:01 PM org.glassfish.grizzly.http.server.HttpServer start
INFO: [HttpServer-54] Started.
[[0;37mINFO[m] main com.jcabi.http.mock.MkGrizzlyContainer: started on port #35195
[[0;37mINFO[m] main com.jcabi.http.request.BaseRequest: #fetch(PUT localhost:35195 /): [200 OK] in 2ms
[[0;37mINFO[m] main com.jcabi.http.request.BaseRequest: #fetch(PUT localhost:35195 /): [200 OK] in 2ms
[[0;37mINFO[m] main com.jcabi.http.mock.MkGrizzlyContainer: stopped on port #35195
Feb 08, 2023 10:30:01 PM org.glassfish.grizzly.http.server.NetworkListener start
INFO: Started listener bound to [0.0.0.0:39035]
Feb 08, 2023 10:30:01 PM org.glassfish.grizzly.http.server.HttpServer start
INFO: [HttpServer-55] Started.
[[0;37mINFO[m] main com.jcabi.http.mock.MkGrizzlyContainer: started on port #39035
[[0;37mINFO[m] main com.jcabi.http.request.BaseRequest: #fetch(GET localhost:39035 /): [200 OK] in 3ms
[[0;37mINFO[m] main com.jcabi.http.request.BaseRequest: #fetch(GET localhost:39035 /): [200 OK] in 1ms
[[0;37mINFO[m] main com.jcabi.http.request.BaseRequest: #fetch(GET localhost:39035 /): [200 OK] in 0ms
[[0;37mINFO[m] main com.jcabi.http.request.BaseRequest: #fetch(GET localhost:39035 /): [200 OK] in 0ms
[[0;37mINFO[m] main com.jcabi.http.request.BaseRequest: #fetch(GET localhost:39035 /): [200 OK] in 0ms
[[0;37mINFO[m] main com.jcabi.http.request.BaseRequest: #fetch(GET localhost:39035 /): [200 OK] in 0ms
[[0;37mINFO[m] main com.jcabi.http.request.BaseRequest: #fetch(GET localhost:39035 /): [200 OK] in 0ms
[[0;37mINFO[m] main com.jcabi.http.request.BaseRequest: #fetch(GET localhost:39035 /): [200 OK] in 0ms
[[0;37mINFO[m] main com.jcabi.http.request.BaseRequest: #fetch(GET localhost:39035 /): [200 OK] in 0ms
[[0;37mINFO[m] main com.jcabi.http.request.BaseRequest: #fetch(GET localhost:39035 /): [200 OK] in 0ms
[[0;37mINFO[m] main com.jcabi.http.mock.MkGrizzlyContainer: stopped on port #39035
[INFO] Tests run: 4, Failures: 0, Errors: 0, Skipped: 0, Time elapsed: 0.173 s - in com.jcabi.http.wire.CachingWireTest
[INFO] Running com.jcabi.http.request.FakeRequestTest
[[0;37mINFO[m] main com.jcabi.http.request.BaseRequest: #fetch(POST localhost:12345 /see-FakeRequest-class/helloall): [200 OK] in 0ms
[[0;37mINFO[m] main com.jcabi.http.request.BaseRequest: #fetch(GET google.com /): [200 OK] in 0ms
[[0;37mINFO[m] main com.jcabi.http.request.BaseRequest: #fetch(POST localhost:12345 /see-FakeRequest-class/binContent): [200 OK] in 0ms
[[0;37mINFO[m] main com.jcabi.http.request.BaseRequest: #fetch(GET localhost:12345 /see-FakeRequest-class): [200 OK] in 0ms
[INFO] Tests run: 7, Failures: 0, Errors: 0, Skipped: 0, Time elapsed: 0.013 s - in com.jcabi.http.request.FakeRequestTest
[INFO] Running com.jcabi.http.request.BoundaryTest
[INFO] Tests run: 1, Failures: 0, Errors: 0, Skipped: 0, Time elapsed: 0.002 s - in com.jcabi.http.request.BoundaryTest
[INFO] Running com.jcabi.http.response.RestResponseTest
[[0;37mINFO[m] main com.jcabi.http.request.BaseRequest: #fetch(GET localhost:12345 /see-FakeRequest-class): [200 OK] in 0ms
[[0;37mINFO[m] main com.jcabi.http.request.BaseRequest: #fetch(GET localhost:12345 /see-FakeRequest-class): [200 OK] in 0ms
[[0;37mINFO[m] main com.jcabi.http.request.BaseRequest: #fetch(GET locahost:888 /tt): [200 OK] in 1ms
[[0;37mINFO[m] main com.jcabi.http.request.BaseRequest: #fetch(GET localhost:12345 /see-FakeRequest-class): [200 OK] in 0ms
[[0;37mINFO[m] main com.jcabi.http.request.BaseRequest: #fetch(GET localhost:12345 /see-FakeRequest-class): [200 OK] in 0ms
[INFO] Tests run: 5, Failures: 0, Errors: 0, Skipped: 0, Time elapsed: 0.008 s - in com.jcabi.http.response.RestResponseTest
[INFO] Running com.jcabi.http.wire.UserAgentWireTest
Feb 08, 2023 10:30:01 PM org.glassfish.grizzly.http.server.NetworkListener start
INFO: Started listener bound to [0.0.0.0:39033]
Feb 08, 2023 10:30:01 PM org.glassfish.grizzly.http.server.HttpServer start
INFO: [HttpServer-56] Started.
[[0;37mINFO[m] main com.jcabi.http.mock.MkGrizzlyContainer: started on port #39033
[[0;37mINFO[m] main com.jcabi.http.request.BaseRequest: #fetch(GET localhost:39033 /): [200 OK] in 2ms
[[0;37mINFO[m] main com.jcabi.http.mock.MkGrizzlyContainer: stopped on port #39033
Feb 08, 2023 10:30:01 PM org.glassfish.grizzly.http.server.NetworkListener start
INFO: Started listener bound to [0.0.0.0:38357]
Feb 08, 2023 10:30:01 PM org.glassfish.grizzly.http.server.HttpServer start
INFO: [HttpServer-57] Started.
[[0;37mINFO[m] main com.jcabi.http.mock.MkGrizzlyContainer: started on port #38357
[[0;37mINFO[m] main com.jcabi.http.request.BaseRequest: #fetch(GET localhost:38357 /): [200 OK] in 2ms
[[0;37mINFO[m] main com.jcabi.http.mock.MkGrizzlyContainer: stopped on port #38357
[INFO] Tests run: 2, Failures: 0, Errors: 0, Skipped: 0, Time elapsed: 0.06 s - in com.jcabi.http.wire.UserAgentWireTest
[INFO] Running com.jcabi.http.wire.TrustedWireTest
Feb 08, 2023 10:30:01 PM org.glassfish.grizzly.http.server.NetworkListener start
INFO: Started listener bound to [0.0.0.0:41719]
Feb 08, 2023 10:30:01 PM org.glassfish.grizzly.http.server.HttpServer start
INFO: [HttpServer-58] Started.
[[0;37mINFO[m] main com.jcabi.http.mock.MkGrizzlyContainer: started on port #41719
[[0;37mINFO[m] main com.jcabi.http.request.BaseRequest: #fetch(GET localhost:41719 /): [200 OK] in 4ms
[[0;37mINFO[m] main com.jcabi.http.mock.MkGrizzlyContainer: stopped on port #41719
[INFO] Tests run: 1, Failures: 0, Errors: 0, Skipped: 0, Time elapsed: 0.044 s - in com.jcabi.http.wire.TrustedWireTest
[INFO] Running com.jcabi.http.response.JsonResponseTest
[[0;37mINFO[m] main com.jcabi.http.request.BaseRequest: #fetch(GET localhost:12345 /see-FakeRequest-class): [200 OK] in 0ms
[[0;37mINFO[m] main com.jcabi.http.request.BaseRequest: #fetch(GET localhost:12345 /see-FakeRequest-class): [200 OK] in 0ms
[[0;37mINFO[m] main com.jcabi.http.request.BaseRequest: #fetch(GET localhost:12345 /see-FakeRequest-class): [200 OK] in 0ms
[[0;37mINFO[m] main com.jcabi.http.request.BaseRequest: #fetch(GET localhost:12345 /see-FakeRequest-class): [200 OK] in 0ms
[[0;37mINFO[m] main com.jcabi.http.request.BaseRequest: #fetch(GET localhost:12345 /see-FakeRequest-class): [200 OK] in 0ms
[INFO] Tests run: 5, Failures: 0, Errors: 0, Skipped: 0, Time elapsed: 0.042 s - in com.jcabi.http.response.JsonResponseTest
[INFO] Running com.jcabi.http.response.JsoupResponseTest
[[0;37mINFO[m] main com.jcabi.http.request.BaseRequest: #fetch(GET localhost:12345 /see-FakeRequest-class): [200 OK] in 0ms
[INFO] Tests run: 1, Failures: 0, Errors: 0, Skipped: 0, Time elapsed: 0.124 s - in com.jcabi.http.response.JsoupResponseTest
[INFO] Running com.jcabi.http.wire.FcWireTest
Feb 08, 2023 10:30:01 PM org.glassfish.grizzly.http.server.NetworkListener start
INFO: Started listener bound to [0.0.0.0:46663]
Feb 08, 2023 10:30:01 PM org.glassfish.grizzly.http.server.HttpServer start
INFO: [HttpServer-59] Started.
[[0;37mINFO[m] main com.jcabi.http.mock.MkGrizzlyContainer: started on port #46663
[[2;37mDEBUG[m] main com.jcabi.http.wire.FcCache: directory created for /tmp/com.jcabi.http.wire.FcCache-21881929697058164/GET_/_2F.json
[[2;37mDEBUG[m] main com.jcabi.http.wire.FcCache: cache saved into /tmp/com.jcabi.http.wire.FcCache-21881929697058164/GET_/_2F.json
[[0;37mINFO[m] main com.jcabi.http.request.BaseRequest: #fetch(GET localhost:46663 /): [200 OK] in 11ms
[[2;37mDEBUG[m] main com.jcabi.http.wire.FcCache: cache loaded from /tmp/com.jcabi.http.wire.FcCache-21881929697058164/GET_/_2F.json
[[0;37mINFO[m] main com.jcabi.http.request.BaseRequest: #fetch(GET localhost:46663 /): [200 OK] in 19ms
[[2;37mDEBUG[m] main com.jcabi.http.wire.FcCache: cache invalidated in /tmp/com.jcabi.http.wire.FcCache-21881929697058164
[[0;37mINFO[m] main com.jcabi.http.request.BaseRequest: #fetch(POST localhost:46663 /flush): [200 OK] in 10ms
[[2;37mDEBUG[m] main com.jcabi.http.wire.FcCache: directory created for /tmp/com.jcabi.http.wire.FcCache-21881929697058164/GET_/_2F.json
[[2;37mDEBUG[m] main com.jcabi.http.wire.FcCache: cache saved into /tmp/com.jcabi.http.wire.FcCache-21881929697058164/GET_/_2F.json
[[0;37mINFO[m] main com.jcabi.http.request.BaseRequest: #fetch(GET localhost:46663 /): [200 OK] in 2ms
[[0;37mINFO[m] main com.jcabi.http.mock.MkGrizzlyContainer: stopped on port #46663
Feb 08, 2023 10:30:01 PM org.glassfish.grizzly.http.server.NetworkListener start
INFO: Started listener bound to [0.0.0.0:37073]
Feb 08, 2023 10:30:01 PM org.glassfish.grizzly.http.server.HttpServer start
INFO: [HttpServer-60] Started.
[[0;37mINFO[m] main com.jcabi.http.mock.MkGrizzlyContainer: started on port #37073
[[0;37mINFO[m] main com.jcabi.http.request.BaseRequest: #fetch(PUT localhost:37073 /): [200 OK] in 2ms
[[0;37mINFO[m] main com.jcabi.http.request.BaseRequest: #fetch(PUT localhost:37073 /): [200 OK] in 1ms
[[0;37mINFO[m] main com.jcabi.http.mock.MkGrizzlyContainer: stopped on port #37073
Feb 08, 2023 10:30:01 PM org.glassfish.grizzly.http.server.NetworkListener start
INFO: Started listener bound to [0.0.0.0:45171]
Feb 08, 2023 10:30:01 PM org.glassfish.grizzly.http.server.HttpServer start
INFO: [HttpServer-61] Started.
[[0;37mINFO[m] main com.jcabi.http.mock.MkGrizzlyContainer: started on port #45171
[[2;37mDEBUG[m] main com.jcabi.http.wire.FcCache: directory created for /tmp/com.jcabi.http.wire.FcCache-21881929797832858/GET_/_2F.json
[[2;37mDEBUG[m] main com.jcabi.http.wire.FcCache: cache saved into /tmp/com.jcabi.http.wire.FcCache-21881929797832858/GET_/_2F.json
[[0;37mINFO[m] main com.jcabi.http.request.BaseRequest: #fetch(GET localhost:45171 /): [200 OK] in 4ms
[[2;37mDEBUG[m] main com.jcabi.http.wire.FcCache: cache loaded from /tmp/com.jcabi.http.wire.FcCache-21881929797832858/GET_/_2F.json
[[0;37mINFO[m] main com.jcabi.http.request.BaseRequest: #fetch(GET localhost:45171 /): [200 OK] in 0ms
[[2;37mDEBUG[m] main com.jcabi.http.wire.FcCache: cache loaded from /tmp/com.jcabi.http.wire.FcCache-21881929797832858/GET_/_2F.json
[[0;37mINFO[m] main com.jcabi.http.request.BaseRequest: #fetch(GET localhost:45171 /): [200 OK] in 1ms
[[2;37mDEBUG[m] main com.jcabi.http.wire.FcCache: cache loaded from /tmp/com.jcabi.http.wire.FcCache-21881929797832858/GET_/_2F.json
[[0;37mINFO[m] main com.jcabi.http.request.BaseRequest: #fetch(GET localhost:45171 /): [200 OK] in 1ms
[[2;37mDEBUG[m] main com.jcabi.http.wire.FcCache: cache loaded from /tmp/com.jcabi.http.wire.FcCache-21881929797832858/GET_/_2F.json
[[0;37mINFO[m] main com.jcabi.http.request.BaseRequest: #fetch(GET localhost:45171 /): [200 OK] in 0ms
[[2;37mDEBUG[m] main com.jcabi.http.wire.FcCache: cache loaded from /tmp/com.jcabi.http.wire.FcCache-21881929797832858/GET_/_2F.json
[[0;37mINFO[m] main com.jcabi.http.request.BaseRequest: #fetch(GET localhost:45171 /): [200 OK] in 1ms
[[2;37mDEBUG[m] main com.jcabi.http.wire.FcCache: cache loaded from /tmp/com.jcabi.http.wire.FcCache-21881929797832858/GET_/_2F.json
[[0;37mINFO[m] main com.jcabi.http.request.BaseRequest: #fetch(GET localhost:45171 /): [200 OK] in 1ms
[[2;37mDEBUG[m] main com.jcabi.http.wire.FcCache: cache loaded from /tmp/com.jcabi.http.wire.FcCache-21881929797832858/GET_/_2F.json
[[0;37mINFO[m] main com.jcabi.http.request.BaseRequest: #fetch(GET localhost:45171 /): [200 OK] in 0ms
[[2;37mDEBUG[m] main com.jcabi.http.wire.FcCache: cache loaded from /tmp/com.jcabi.http.wire.FcCache-21881929797832858/GET_/_2F.json
[[0;37mINFO[m] main com.jcabi.http.request.BaseRequest: #fetch(GET localhost:45171 /): [200 OK] in 0ms
[[2;37mDEBUG[m] main com.jcabi.http.wire.FcCache: cache loaded from /tmp/com.jcabi.http.wire.FcCache-21881929797832858/GET_/_2F.json
[[0;37mINFO[m] main com.jcabi.http.request.BaseRequest: #fetch(GET localhost:45171 /): [200 OK] in 1ms
[[0;37mINFO[m] main com.jcabi.http.mock.MkGrizzlyContainer: stopped on port #45171
[INFO] Tests run: 3, Failures: 0, Errors: 0, Skipped: 0, Time elapsed: 0.134 s - in com.jcabi.http.wire.FcWireTest
[INFO] Running com.jcabi.http.wire.VerboseWireTest
Feb 08, 2023 10:30:01 PM org.glassfish.grizzly.http.server.NetworkListener start
INFO: Started listener bound to [0.0.0.0:45917]
Feb 08, 2023 10:30:01 PM org.glassfish.grizzly.http.server.HttpServer start
INFO: [HttpServer-62] Started.
[[0;37mINFO[m] main com.jcabi.http.mock.MkGrizzlyContainer: started on port #45917
[[0;37mINFO[m] main com.jcabi.http.wire.VerboseWire: #send(GET http://localhost:45917/):
HTTP Request (com.jcabi.http.request.BaseRequest):
  User-Agent: it's me
  
  <<empty>>
HTTP Response (com.jcabi.http.request.DefaultResponse):
  200 OK [http://localhost:45917/]
  Server: com.jcabi.http.mock.MkGrizzlyAdapter query #1, 1 answer(s) left
  Content-Length: 0
  
  <<empty>>
[[0;37mINFO[m] main com.jcabi.http.request.BaseRequest: #fetch(GET localhost:45917 /): [200 OK] in 2ms
[[0;37mINFO[m] main com.jcabi.http.mock.MkGrizzlyContainer: stopped on port #45917
Feb 08, 2023 10:30:01 PM org.glassfish.grizzly.http.server.NetworkListener start
INFO: Started listener bound to [0.0.0.0:39785]
Feb 08, 2023 10:30:01 PM org.glassfish.grizzly.http.server.HttpServer start
INFO: [HttpServer-63] Started.
[[0;37mINFO[m] main com.jcabi.http.mock.MkGrizzlyContainer: started on port #39785
[[0;37mINFO[m] main com.jcabi.http.wire.VerboseWire: #send(POST http://localhost:39785/):
HTTP Request (com.jcabi.http.request.BaseRequest):
  
  hello, world!
HTTP Response (com.jcabi.http.request.DefaultResponse):
  200 OK [http://localhost:39785/]
  Server: com.jcabi.http.mock.MkGrizzlyAdapter query #1, 1 answer(s) left
  Content-Length: 0
  
  <<empty>>
[[0;37mINFO[m] main com.jcabi.http.request.BaseRequest: #fetch(POST localhost:39785 /): [200 OK] in 4ms
[[0;37mINFO[m] main com.jcabi.http.mock.MkGrizzlyContainer: stopped on port #39785
[INFO] Tests run: 2, Failures: 0, Errors: 0, Skipped: 0, Time elapsed: 0.059 s - in com.jcabi.http.wire.VerboseWireTest
[INFO] Running com.jcabi.http.wire.ETagCachingWireTest
Feb 08, 2023 10:30:01 PM org.glassfish.grizzly.http.server.NetworkListener start
INFO: Started listener bound to [0.0.0.0:43409]
Feb 08, 2023 10:30:01 PM org.glassfish.grizzly.http.server.HttpServer start
INFO: [HttpServer-64] Started.
[[0;37mINFO[m] main com.jcabi.http.mock.MkGrizzlyContainer: started on port #43409
[[0;37mINFO[m] main com.jcabi.http.request.BaseRequest: #fetch(GET localhost:43409 /): [200 OK] in 3ms
[[0;37mINFO[m] main com.jcabi.http.request.BaseRequest: #fetch(GET localhost:43409 /): [200 OK] in 2ms
[[0;37mINFO[m] main com.jcabi.http.mock.MkGrizzlyContainer: stopped on port #43409
Feb 08, 2023 10:30:01 PM org.glassfish.grizzly.http.server.NetworkListener start
INFO: Started listener bound to [0.0.0.0:44095]
Feb 08, 2023 10:30:01 PM org.glassfish.grizzly.http.server.HttpServer start
INFO: [HttpServer-65] Started.
[[0;37mINFO[m] main com.jcabi.http.mock.MkGrizzlyContainer: started on port #44095
[[0;37mINFO[m] main com.jcabi.http.request.BaseRequest: #fetch(GET localhost:44095 /): [200 OK] in 3ms
[[0;37mINFO[m] main com.jcabi.http.request.BaseRequest: #fetch(GET localhost:44095 /): [200 OK] in 2ms
[[0;37mINFO[m] main com.jcabi.http.mock.MkGrizzlyContainer: stopped on port #44095
[INFO] Tests run: 2, Failures: 0, Errors: 0, Skipped: 0, Time elapsed: 0.065 s - in com.jcabi.http.wire.ETagCachingWireTest
[INFO] Running com.jcabi.http.ImmutableHeaderTest
[INFO] Tests run: 1, Failures: 0, Errors: 0, Skipped: 0, Time elapsed: 0.002 s - in com.jcabi.http.ImmutableHeaderTest
[INFO] Running com.jcabi.http.mock.MkAnswerMatchersTest
[INFO] Tests run: 3, Failures: 0, Errors: 0, Skipped: 0, Time elapsed: 0.017 s - in com.jcabi.http.mock.MkAnswerMatchersTest
[INFO] Running com.jcabi.http.mock.MkContainerTest
Feb 08, 2023 10:30:01 PM org.glassfish.grizzly.http.server.NetworkListener start
INFO: Started listener bound to [0.0.0.0:39151]
Feb 08, 2023 10:30:01 PM org.glassfish.grizzly.http.server.HttpServer start
INFO: [HttpServer-66] Started.
[[0;37mINFO[m] main com.jcabi.http.mock.MkGrizzlyContainer: started on port #39151
[[0;37mINFO[m] main com.jcabi.http.wire.VerboseWire: #send(POST http://localhost:39151/):
HTTP Request (com.jcabi.http.request.BaseRequest):
  
  reqBodyMatches
HTTP Response (com.jcabi.http.request.DefaultResponse):
  200 OK [http://localhost:39151/]
  Server: com.jcabi.http.mock.MkGrizzlyAdapter query #1, 2 answer(s) left
  Content-Length: 15
  
  respBodyMatches
[[0;37mINFO[m] main com.jcabi.http.request.BaseRequest: #fetch(POST localhost:39151 /): [200 OK] in 3ms
[[0;37mINFO[m] main com.jcabi.http.wire.VerboseWire: #send(POST http://localhost:39151/):
HTTP Request (com.jcabi.http.request.BaseRequest):
  
  reqBodyMismatches
HTTP Response (com.jcabi.http.request.DefaultResponse):
  200 OK [http://localhost:39151/]
  Server: com.jcabi.http.mock.MkGrizzlyAdapter query #2, 1 answer(s) left
  Content-Length: 4
  
  bleh
[[0;37mINFO[m] main com.jcabi.http.request.BaseRequest: #fetch(POST localhost:39151 /): [200 OK] in 2ms
[[0;37mINFO[m] main com.jcabi.http.mock.MkGrizzlyContainer: stopped on port #39151
Feb 08, 2023 10:30:02 PM org.glassfish.grizzly.http.server.NetworkListener start
INFO: Started listener bound to [0.0.0.0:34679]
Feb 08, 2023 10:30:02 PM org.glassfish.grizzly.http.server.HttpServer start
INFO: [HttpServer-67] Started.
[[0;37mINFO[m] main com.jcabi.http.mock.MkGrizzlyContainer: started on port #34679
[[0;37mINFO[m] main com.jcabi.http.wire.VerboseWire: #send(GET http://localhost:34679/):
HTTP Request (com.jcabi.http.request.BaseRequest):
  
  <<empty>>
HTTP Response (com.jcabi.http.request.DefaultResponse):
  500 Internal Server Error [http://localhost:34679/]
  Connection: close
  Content-Length: 462
  
  java.util.NoSuchElementException: No matching answers found.
  	at com.jcabi.http.mock.MkGrizzlyAdapter.service(MkGrizzlyAdapter.java:127)
  	at org.glassfish.grizzly.http.server.HttpHandler$1.run(HttpHandler.java:200)
  	at org.glassfish.grizzly.threadpool.AbstractThreadPool$Worker.doWork(AbstractThreadPool.java:569)
  	at org.glassfish.grizzly.threadpool.AbstractThreadPool$Worker.run(AbstractThreadPool.java:549)
  	at java.base/java.lang.Thread.run(Thread.java:829)
  
[[0;37mINFO[m] main com.jcabi.http.request.BaseRequest: #fetch(GET localhost:34679 /): [500 Internal Server Error] in 6ms
[[0;37mINFO[m] main com.jcabi.http.mock.MkGrizzlyContainer: stopped on port #34679
Feb 08, 2023 10:30:02 PM org.glassfish.grizzly.http.server.NetworkListener start
INFO: Started listener bound to [0.0.0.0:33355]
Feb 08, 2023 10:30:02 PM org.glassfish.grizzly.http.server.HttpServer start
INFO: [HttpServer-68] Started.
[[0;37mINFO[m] main com.jcabi.http.mock.MkGrizzlyContainer: started on port #33355
[[0;37mINFO[m] main com.jcabi.http.wire.VerboseWire: #send(GET http://localhost:33355/):
HTTP Request (com.jcabi.http.request.BaseRequest):
  X-Something: text/html
  X-Something: text/xml
  
  <<empty>>
HTTP Response (com.jcabi.http.request.DefaultResponse):
  200 OK [http://localhost:33355/]
  Server: com.jcabi.http.mock.MkGrizzlyAdapter query #1, 1 answer(s) left
  Content-Length: 0
  
  <<empty>>
[[0;37mINFO[m] main com.jcabi.http.request.BaseRequest: #fetch(GET localhost:33355 /): [200 OK] in 4ms
[[0;37mINFO[m] main com.jcabi.http.mock.MkGrizzlyContainer: stopped on port #33355
Feb 08, 2023 10:30:02 PM org.glassfish.grizzly.http.server.NetworkListener start
INFO: Started listener bound to [0.0.0.0:43827]
Feb 08, 2023 10:30:02 PM org.glassfish.grizzly.http.server.HttpServer start
INFO: [HttpServer-69] Started.
[[0;37mINFO[m] main com.jcabi.http.mock.MkGrizzlyContainer: started on port #43827
[[0;37mINFO[m] main com.jcabi.http.wire.VerboseWire: #send(GET http://localhost:43827/):
HTTP Request (com.jcabi.http.request.BaseRequest):
  
  <<empty>>
HTTP Response (com.jcabi.http.request.DefaultResponse):
  200 OK [http://localhost:43827/]
  Server: com.jcabi.http.mock.MkGrizzlyAdapter query #1, 2 answer(s) left
  Content-Length: 8
  
  matching
[[0;37mINFO[m] main com.jcabi.http.request.BaseRequest: #fetch(GET localhost:43827 /): [200 OK] in 4ms
[[0;37mINFO[m] main com.jcabi.http.mock.MkGrizzlyContainer: stopped on port #43827
Feb 08, 2023 10:30:02 PM org.glassfish.grizzly.http.server.NetworkListener start
INFO: Started listener bound to [0.0.0.0:39661]
Feb 08, 2023 10:30:02 PM org.glassfish.grizzly.http.server.HttpServer start
INFO: [HttpServer-70] Started.
[[0;37mINFO[m] main com.jcabi.http.mock.MkGrizzlyContainer: started on port #39661
[[0;37mINFO[m] main com.jcabi.http.request.BaseRequest: #fetch(GET localhost:39661 /): [200 OK] in 3ms
[[0;37mINFO[m] main com.jcabi.http.mock.MkGrizzlyContainer: stopped on port #39661
Feb 08, 2023 10:30:02 PM org.glassfish.grizzly.http.server.NetworkListener start
INFO: Started listener bound to [0.0.0.0:37995]
Feb 08, 2023 10:30:02 PM org.glassfish.grizzly.http.server.HttpServer start
INFO: [HttpServer-71] Started.
[[0;37mINFO[m] main com.jcabi.http.mock.MkGrizzlyContainer: started on port #37995
[[0;37mINFO[m] main com.jcabi.http.wire.VerboseWire: #send(GET http://localhost:37995/):
HTTP Request (com.jcabi.http.request.BaseRequest):
  
  <<empty>>
HTTP Response (com.jcabi.http.request.DefaultResponse):
  200 OK [http://localhost:37995/]
  Server: com.jcabi.http.mock.MkGrizzlyAdapter query #1, 1 answer(s) left
  Content-Length: 5
  
   E!\ufffd
[[0;37mINFO[m] main com.jcabi.http.request.BaseRequest: #fetch(GET localhost:37995 /): [200 OK] in 4ms
[[0;37mINFO[m] main com.jcabi.http.mock.MkGrizzlyContainer: stopped on port #37995
Feb 08, 2023 10:30:02 PM org.glassfish.grizzly.http.server.NetworkListener start
INFO: Started listener bound to [0.0.0.0:40971]
Feb 08, 2023 10:30:02 PM org.glassfish.grizzly.http.server.HttpServer start
INFO: [HttpServer-72] Started.
[[0;37mINFO[m] main com.jcabi.http.mock.MkGrizzlyContainer: started on port #40971
[[0;37mINFO[m] main com.jcabi.http.wire.VerboseWire: #send(POST http://localhost:40971/):
HTTP Request (com.jcabi.http.request.BaseRequest):
  
  multipleRequestMatches
HTTP Response (com.jcabi.http.request.DefaultResponse):
  200 OK [http://localhost:40971/]
  Server: com.jcabi.http.mock.MkGrizzlyAdapter query #1, 2 answer(s) left
  Content-Length: 23
  
  multipleResponseMatches
[[0;37mINFO[m] main com.jcabi.http.request.BaseRequest: #fetch(POST localhost:40971 /): [200 OK] in 4ms
[[0;37mINFO[m] main com.jcabi.http.wire.VerboseWire: #send(POST http://localhost:40971/):
HTTP Request (com.jcabi.http.request.BaseRequest):
  
  multipleRequestMatches
HTTP Response (com.jcabi.http.request.DefaultResponse):
  200 OK [http://localhost:40971/]
  Server: com.jcabi.http.mock.MkGrizzlyAdapter query #2, 2 answer(s) left
  Content-Length: 23
  
  multipleResponseMatches
[[0;37mINFO[m] main com.jcabi.http.request.BaseRequest: #fetch(POST localhost:40971 /): [200 OK] in 2ms
[[0;37mINFO[m] main com.jcabi.http.wire.VerboseWire: #send(POST http://localhost:40971/):
HTTP Request (com.jcabi.http.request.BaseRequest):
  
  multipleRequestNotMatching
HTTP Response (com.jcabi.http.request.DefaultResponse):
  200 OK [http://localhost:40971/]
  Server: com.jcabi.http.mock.MkGrizzlyAdapter query #3, 1 answer(s) left
  Content-Length: 4
  
  blaa
[[0;37mINFO[m] main com.jcabi.http.request.BaseRequest: #fetch(POST localhost:40971 /): [200 OK] in 3ms
[[0;37mINFO[m] main com.jcabi.http.mock.MkGrizzlyContainer: stopped on port #40971
Feb 08, 2023 10:30:02 PM org.glassfish.grizzly.http.server.NetworkListener start
INFO: Started listener bound to [0.0.0.0:35815]
Feb 08, 2023 10:30:02 PM org.glassfish.grizzly.http.server.HttpServer start
INFO: [HttpServer-73] Started.
[[0;37mINFO[m] main com.jcabi.http.mock.MkGrizzlyContainer: started on port #35815
[[0;37mINFO[m] main com.jcabi.http.wire.VerboseWire: #send(GET http://localhost:35815/):
HTTP Request (com.jcabi.http.request.BaseRequest):
  
  <<empty>>
HTTP Response (com.jcabi.http.request.DefaultResponse):
  200 OK [http://localhost:35815/]
  Server: com.jcabi.http.mock.MkGrizzlyAdapter query #1, 1 answer(s) left
  Content-Length: 8
  
  multiple
[[0;37mINFO[m] main com.jcabi.http.request.BaseRequest: #fetch(GET localhost:35815 /): [200 OK] in 3ms
[[0;37mINFO[m] main com.jcabi.http.wire.VerboseWire: #send(GET http://localhost:35815/):
HTTP Request (com.jcabi.http.request.BaseRequest):
  
  <<empty>>
HTTP Response (com.jcabi.http.request.DefaultResponse):
  200 OK [http://localhost:35815/]
  Server: com.jcabi.http.mock.MkGrizzlyAdapter query #2, 1 answer(s) left
  Content-Length: 8
  
  multiple
[[0;37mINFO[m] main com.jcabi.http.request.BaseRequest: #fetch(GET localhost:35815 /): [200 OK] in 2ms
[[0;37mINFO[m] main com.jcabi.http.wire.VerboseWire: #send(GET http://localhost:35815/):
HTTP Request (com.jcabi.http.request.BaseRequest):
  
  <<empty>>
HTTP Response (com.jcabi.http.request.DefaultResponse):
  200 OK [http://localhost:35815/]
  Server: com.jcabi.http.mock.MkGrizzlyAdapter query #3, 1 answer(s) left
  Content-Length: 8
  
  multiple
[[0;37mINFO[m] main com.jcabi.http.request.BaseRequest: #fetch(GET localhost:35815 /): [200 OK] in 2ms
[[0;37mINFO[m] main com.jcabi.http.wire.VerboseWire: #send(GET http://localhost:35815/):
HTTP Request (com.jcabi.http.request.BaseRequest):
  
  <<empty>>
HTTP Response (com.jcabi.http.request.DefaultResponse):
  200 OK [http://localhost:35815/]
  Server: com.jcabi.http.mock.MkGrizzlyAdapter query #4, 1 answer(s) left
  Content-Length: 8
  
  multiple
[[0;37mINFO[m] main com.jcabi.http.request.BaseRequest: #fetch(GET localhost:35815 /): [200 OK] in 2ms
[[0;37mINFO[m] main com.jcabi.http.wire.VerboseWire: #send(GET http://localhost:35815/):
HTTP Request (com.jcabi.http.request.BaseRequest):
  
  <<empty>>
HTTP Response (com.jcabi.http.request.DefaultResponse):
  200 OK [http://localhost:35815/]
  Server: com.jcabi.http.mock.MkGrizzlyAdapter query #5, 1 answer(s) left
  Content-Length: 8
  
  multiple
[[0;37mINFO[m] main com.jcabi.http.request.BaseRequest: #fetch(GET localhost:35815 /): [200 OK] in 2ms
[[0;37mINFO[m] main com.jcabi.http.mock.MkGrizzlyContainer: stopped on port #35815
Feb 08, 2023 10:30:02 PM org.glassfish.grizzly.http.server.NetworkListener start
INFO: Started listener bound to [0.0.0.0:41497]
Feb 08, 2023 10:30:02 PM org.glassfish.grizzly.http.server.HttpServer start
INFO: [HttpServer-74] Started.
[[0;37mINFO[m] main com.jcabi.http.mock.MkGrizzlyContainer: started on port #41497
[[0;37mINFO[m] main com.jcabi.http.wire.VerboseWire: #send(GET http://localhost:41497/):
HTTP Request (com.jcabi.http.request.BaseRequest):
  
  <<empty>>
HTTP Response (com.jcabi.http.request.DefaultResponse):
  200 OK [http://localhost:41497/]
  Server: com.jcabi.http.mock.MkGrizzlyAdapter query #1, 2 answer(s) left
  Content-Length: 5
  
  first
[[0;37mINFO[m] main com.jcabi.http.request.BaseRequest: #fetch(GET localhost:41497 /): [200 OK] in 3ms
[[0;37mINFO[m] main com.jcabi.http.mock.MkGrizzlyContainer: stopped on port #41497
[INFO] Tests run: 9, Failures: 0, Errors: 0, Skipped: 0, Time elapsed: 0.373 s - in com.jcabi.http.mock.MkContainerTest
[INFO] Running com.jcabi.http.response.WebLinkingResponseTest
[[0;37mINFO[m] main com.jcabi.http.request.BaseRequest: #fetch(GET localhost /test): [200 OK] in 0ms
[[0;37mINFO[m] main com.jcabi.http.request.BaseRequest: #fetch(GET localhost:12345 /see-FakeRequest-class): [200 OK] in 0ms
[[0;37mINFO[m] main com.jcabi.http.request.BaseRequest: #fetch(GET localhost:12345 /see-FakeRequest-class): [200 OK] in 0ms
[INFO] Tests run: 2, Failures: 0, Errors: 0, Skipped: 0, Time elapsed: 0.01 s - in com.jcabi.http.response.WebLinkingResponseTest
[INFO] Running com.jcabi.http.wire.AutoRedirectingWireTest
Feb 08, 2023 10:30:02 PM org.glassfish.grizzly.http.server.NetworkListener start
INFO: Started listener bound to [0.0.0.0:45379]
Feb 08, 2023 10:30:02 PM org.glassfish.grizzly.http.server.HttpServer start
INFO: [HttpServer-75] Started.
[[0;37mINFO[m] main com.jcabi.http.mock.MkGrizzlyContainer: started on port #45379
[[0;37mINFO[m] main com.jcabi.http.request.BaseRequest: #fetch(GET localhost:45379 /): [302 Found] in 3s
[[0;37mINFO[m] main com.jcabi.http.mock.MkGrizzlyContainer: stopped on port #45379
Feb 08, 2023 10:30:05 PM org.glassfish.grizzly.http.server.NetworkListener start
INFO: Started listener bound to [0.0.0.0:46457]
Feb 08, 2023 10:30:05 PM org.glassfish.grizzly.http.server.HttpServer start
INFO: [HttpServer-76] Started.
[[0;37mINFO[m] main com.jcabi.http.mock.MkGrizzlyContainer: started on port #46457
[[0;37mINFO[m] main com.jcabi.http.request.BaseRequest: #fetch(GET localhost:46457 /): [200 OK] in 3s
[[0;37mINFO[m] main com.jcabi.http.mock.MkGrizzlyContainer: stopped on port #46457
[INFO] Tests run: 2, Failures: 0, Errors: 0, Skipped: 0, Time elapsed: 6.08 s - in com.jcabi.http.wire.AutoRedirectingWireTest
[INFO] Running com.jcabi.http.request.DefaultResponseTest
[INFO] Tests run: 1, Failures: 0, Errors: 0, Skipped: 0, Time elapsed: 0.021 s - in com.jcabi.http.request.DefaultResponseTest
[INFO] Running com.jcabi.http.wire.CookieOptimizingWireTest
Feb 08, 2023 10:30:08 PM org.glassfish.grizzly.http.server.NetworkListener start
INFO: Started listener bound to [0.0.0.0:36185]
Feb 08, 2023 10:30:08 PM org.glassfish.grizzly.http.server.HttpServer start
INFO: [HttpServer-77] Started.
[[0;37mINFO[m] main com.jcabi.http.mock.MkGrizzlyContainer: started on port #36185
[[0;37mINFO[m] main com.jcabi.http.wire.VerboseWire: #send(GET http://localhost:36185/):
HTTP Request (com.jcabi.http.request.BaseRequest):
  Cookie: second=initial-value
  
  <<empty>>
HTTP Response (com.jcabi.http.request.DefaultResponse):
  200 OK [http://localhost:36185/]
  Server: com.jcabi.http.mock.MkGrizzlyAdapter query #1, 2 answer(s) left
  Set-Cookie: third=B; path=/
  Set-Cookie: second=; path=/
  Set-Cookie: first=A; path=/
  Content-Length: 0
  Location: /a
  
  <<empty>>
[[0;37mINFO[m] main com.jcabi.http.request.BaseRequest: #fetch(GET localhost:36185 /): [200 OK] in 4ms
[[0;37mINFO[m] main com.jcabi.http.wire.VerboseWire: #send(GET http://localhost:36185/a):
HTTP Request (com.jcabi.http.request.BaseRequest):
  Cookie: third=B; first=A
  
  <<empty>>
HTTP Response (com.jcabi.http.request.DefaultResponse):
  200 OK [http://localhost:36185/a]
  Server: com.jcabi.http.mock.MkGrizzlyAdapter query #2, 1 answer(s) left
  Content-Length: 0
  
  <<empty>>
[[0;37mINFO[m] main com.jcabi.http.request.BaseRequest: #fetch(GET localhost:36185 /a): [200 OK] in 2ms
[[0;37mINFO[m] main com.jcabi.http.mock.MkGrizzlyContainer: stopped on port #36185
Feb 08, 2023 10:30:08 PM org.glassfish.grizzly.http.server.NetworkListener start
INFO: Started listener bound to [0.0.0.0:34793]
Feb 08, 2023 10:30:08 PM org.glassfish.grizzly.http.server.HttpServer start
INFO: [HttpServer-78] Started.
[[0;37mINFO[m] main com.jcabi.http.mock.MkGrizzlyContainer: started on port #34793
[[0;37mINFO[m] main com.jcabi.http.wire.VerboseWire: #send(GET http://localhost:34793/):
HTTP Request (com.jcabi.http.request.BaseRequest):
  Cookie: alpha=boom5
  
  <<empty>>
HTTP Response (com.jcabi.http.request.DefaultResponse):
  200 OK [http://localhost:34793/]
  Server: com.jcabi.http.mock.MkGrizzlyAdapter query #1, 2 answer(s) left
  Set-Cookie: gamma=something; path=/
  Set-Cookie: alpha=boom1; path=/
  Set-Cookie: beta=something; path=/
  Content-Length: 0
  Location: /
  
  <<empty>>
[[0;37mINFO[m] main com.jcabi.http.request.BaseRequest: #fetch(GET localhost:34793 /): [200 OK] in 3ms
[[0;37mINFO[m] main com.jcabi.http.wire.VerboseWire: #send(GET http://localhost:34793/):
HTTP Request (com.jcabi.http.request.BaseRequest):
  Cookie: gamma=something; beta=something; alpha=boom1
  
  <<empty>>
HTTP Response (com.jcabi.http.request.DefaultResponse):
  200 OK [http://localhost:34793/]
  Server: com.jcabi.http.mock.MkGrizzlyAdapter query #2, 1 answer(s) left
  Content-Length: 0
  
  <<empty>>
[[0;37mINFO[m] main com.jcabi.http.request.BaseRequest: #fetch(GET localhost:34793 /): [200 OK] in 2ms
[[0;37mINFO[m] main com.jcabi.http.mock.MkGrizzlyContainer: stopped on port #34793
[INFO] Tests run: 2, Failures: 0, Errors: 0, Skipped: 0, Time elapsed: 0.072 s - in com.jcabi.http.wire.CookieOptimizingWireTest
[INFO] Running com.jcabi.http.response.JacksonResponseTest
[[0;37mINFO[m] main com.jcabi.http.request.BaseRequest: #fetch(GET localhost:12345 /see-FakeRequest-class): [200 OK] in 0ms
[[0;37mINFO[m] main com.jcabi.http.request.BaseRequest: #fetch(GET localhost:12345 /see-FakeRequest-class): [200 OK] in 0ms
[[0;37mINFO[m] main com.jcabi.http.request.BaseRequest: #fetch(GET localhost:12345 /see-FakeRequest-class): [200 OK] in 0ms
[[0;37mINFO[m] main com.jcabi.http.request.BaseRequest: #fetch(GET localhost:12345 /see-FakeRequest-class): [200 OK] in 0ms
[[0;37mINFO[m] main com.jcabi.http.request.BaseRequest: #fetch(GET localhost:12345 /see-FakeRequest-class): [200 OK] in 0ms
[[0;37mINFO[m] main com.jcabi.http.request.BaseRequest: #fetch(GET localhost:12345 /see-FakeRequest-class): [200 OK] in 0ms
[[0;37mINFO[m] main com.jcabi.http.request.BaseRequest: #fetch(GET localhost:12345 /see-FakeRequest-class): [200 OK] in 0ms
[[0;37mINFO[m] main com.jcabi.http.request.BaseRequest: #fetch(GET localhost:12345 /see-FakeRequest-class): [200 OK] in 0ms
[[0;37mINFO[m] main com.jcabi.http.request.BaseRequest: #fetch(GET localhost:12345 /see-FakeRequest-class): [200 OK] in 0ms
[INFO] Tests run: 9, Failures: 0, Errors: 0, Skipped: 0, Time elapsed: 0.28 s - in com.jcabi.http.response.JacksonResponseTest
[INFO] Running com.jcabi.http.request.BaseRequestTest
Feb 08, 2023 10:30:08 PM org.glassfish.grizzly.http.server.NetworkListener start
INFO: Started listener bound to [0.0.0.0:41899]
Feb 08, 2023 10:30:08 PM org.glassfish.grizzly.http.server.HttpServer start
INFO: [HttpServer-79] Started.
[[0;37mINFO[m] main com.jcabi.http.mock.MkGrizzlyContainer: started on port #41899
[[0;37mINFO[m] main com.jcabi.http.request.BaseRequest: #fetch(POST localhost:41899 /): [200 OK] in 2ms
[INFO] Tests run: 7, Failures: 0, Errors: 0, Skipped: 0, Time elapsed: 0.07 s - in com.jcabi.http.request.BaseRequestTest
[INFO] 
[INFO] Results:
[INFO] 
[INFO] Tests run: 148, Failures: 0, Errors: 0, Skipped: 0
[INFO] 
[INFO] 
[INFO] --- jacoco-maven-plugin:0.8.6:check (jacoco-check) @ jcabi-http ---
[INFO] Loading execution data file /home/gabsko/breaking-updates/target/jacoco.exec
[INFO] Analyzed bundle 'jcabi-http' with 60 classes
[INFO] All coverage checks have been met.
[INFO] 
[INFO] --- jacoco-maven-plugin:0.8.6:report (jacoco-check) @ jcabi-http ---
[INFO] Loading execution data file /home/gabsko/breaking-updates/target/jacoco.exec
[INFO] Analyzed bundle 'jcabi-http' with 60 classes
[INFO] ------------------------------------------------------------------------
[INFO] BUILD SUCCESS
[INFO] ------------------------------------------------------------------------
[INFO] Total time:  19.445 s
[INFO] Finished at: 2023-02-08T22:30:09Z
[INFO] ------------------------------------------------------------------------
