[INFO] Scanning for projects...
[INFO] Inspecting build with total of 1 modules...
[INFO] Installing Nexus Staging features:
[INFO]   ... total of 1 executions of maven-deploy-plugin replaced with nexus-staging-maven-plugin
[INFO] 
[INFO] ------------------------< org.jitsi:org.otr4j >-------------------------
[INFO] Building otr4j library 0.24-SNAPSHOT
[INFO] -------------------------------[ bundle ]-------------------------------
[INFO] 
[INFO] --- maven-clean-plugin:2.5:clean (default-clean) @ org.otr4j ---
[INFO] Deleting /home/gabsko/breaking-updates/target
[INFO] 
[INFO] --- maven-enforcer-plugin:3.0.0-M3:enforce (enforce-maven) @ org.otr4j ---
[INFO] 
[INFO] --- maven-resources-plugin:3.3.0:resources (default-resources) @ org.otr4j ---
[INFO] skip non existing resourceDirectory /home/gabsko/breaking-updates/src/main/resources
[INFO] 
[INFO] --- maven-compiler-plugin:3.8.1:compile (default-compile) @ org.otr4j ---
[INFO] Changes detected - recompiling the module!
[INFO] Compiling 50 source files to /home/gabsko/breaking-updates/target/classes
[INFO] /home/gabsko/breaking-updates/src/main/java/net/java/otr4j/session/AuthContextImpl.java: Some input files use or override a deprecated API.
[INFO] /home/gabsko/breaking-updates/src/main/java/net/java/otr4j/session/AuthContextImpl.java: Recompile with -Xlint:deprecation for details.
[INFO] 
[INFO] --- maven-resources-plugin:3.3.0:testResources (default-testResources) @ org.otr4j ---
[INFO] skip non existing resourceDirectory /home/gabsko/breaking-updates/src/test/resources
[INFO] 
[INFO] --- maven-compiler-plugin:3.8.1:testCompile (default-testCompile) @ org.otr4j ---
[INFO] Changes detected - recompiling the module!
[INFO] Compiling 16 source files to /home/gabsko/breaking-updates/target/test-classes
[INFO] 
[INFO] --- maven-surefire-plugin:2.22.2:test (default-test) @ org.otr4j ---
[INFO] 
[INFO] -------------------------------------------------------
[INFO]  T E S T S
[INFO] -------------------------------------------------------
[INFO] Running net.java.otr4j.OtrKeyManagerImplTest
[INFO] Tests run: 1, Failures: 0, Errors: 0, Skipped: 0, Time elapsed: 0.035 s - in net.java.otr4j.OtrKeyManagerImplTest
[INFO] Running net.java.otr4j.session.SessionImplTest
[INFO] Tests run: 4, Failures: 0, Errors: 0, Skipped: 0, Time elapsed: 0.378 s - in net.java.otr4j.session.SessionImplTest
[INFO] Running net.java.otr4j.session.OtrFragmenterTest
[INFO] Tests run: 25, Failures: 0, Errors: 0, Skipped: 0, Time elapsed: 0.404 s - in net.java.otr4j.session.OtrFragmenterTest
[INFO] Running net.java.otr4j.session.FragmenterInstructionsTest
[INFO] Tests run: 7, Failures: 0, Errors: 0, Skipped: 0, Time elapsed: 0.001 s - in net.java.otr4j.session.FragmenterInstructionsTest
[INFO] Running net.java.otr4j.session.InstanceTagTest
[INFO] Tests run: 7, Failures: 0, Errors: 0, Skipped: 0, Time elapsed: 0.065 s - in net.java.otr4j.session.InstanceTagTest
[INFO] Running net.java.otr4j.crypto.OtrCryptoEngineImplTest
[INFO] Tests run: 3, Failures: 0, Errors: 0, Skipped: 0, Time elapsed: 0.738 s - in net.java.otr4j.crypto.OtrCryptoEngineImplTest
[INFO] Running net.java.otr4j.crypto.SMTest
[INFO] Tests run: 10, Failures: 0, Errors: 0, Skipped: 0, Time elapsed: 0 s - in net.java.otr4j.crypto.SMTest
[INFO] Running net.java.otr4j.io.IOTest
[INFO] Tests run: 6, Failures: 0, Errors: 0, Skipped: 0, Time elapsed: 0 s - in net.java.otr4j.io.IOTest
[INFO] Running net.java.otr4j.io.SerializationUtilsTest
[INFO] Tests run: 6, Failures: 0, Errors: 0, Skipped: 0, Time elapsed: 0.001 s - in net.java.otr4j.io.SerializationUtilsTest
[INFO] 
[INFO] Results:
[INFO] 
[INFO] Tests run: 69, Failures: 0, Errors: 0, Skipped: 0
[INFO] 
[INFO] ------------------------------------------------------------------------
[INFO] BUILD SUCCESS
[INFO] ------------------------------------------------------------------------
[INFO] Total time:  4.660 s
[INFO] Finished at: 2023-02-08T23:32:30Z
[INFO] ------------------------------------------------------------------------
