[INFO] Scanning for projects...
[INFO] ------------------------------------------------------------------------
[INFO] Reactor Build Order:
[INFO] 
[INFO] Plexus Compiler                                                    [pom]
[INFO] Plexus Compiler Api                                                [jar]
[INFO] Plexus Compiler Manager                                            [jar]
[INFO] Plexus Compiler Test Harness                                       [jar]
[INFO] Plexus Compilers                                                   [pom]
[INFO] Plexus AspectJ Compiler                                            [jar]
[INFO] Plexus C# Compiler                                                 [jar]
[INFO] Plexus Eclipse Compiler                                            [jar]
[INFO] Plexus Jikes Compiler                                              [jar]
[INFO] Plexus Javac Component                                             [jar]
[INFO] Plexus Javac+error-prone Component                                 [jar]
[INFO] Plexus J2ObjC Compiler                                             [jar]
[INFO] Plexus Compiler It Tests                                           [pom]
[INFO] 
[INFO] ----------------< org.codehaus.plexus:plexus-compiler >-----------------
[INFO] Building Plexus Compiler 2.8.9-SNAPSHOT                           [1/13]
[INFO] --------------------------------[ pom ]---------------------------------
[INFO] 
[INFO] --- maven-clean-plugin:3.1.0:clean (default-clean) @ plexus-compiler ---
[INFO] 
[INFO] --- maven-enforcer-plugin:3.0.0-M3:enforce (enforce-maven) @ plexus-compiler ---
[INFO] 
[INFO] --- maven-enforcer-plugin:3.0.0-M3:enforce (enforce-java) @ plexus-compiler ---
[INFO] 
[INFO] --- plexus-component-metadata:2.1.0:generate-metadata (process-classes) @ plexus-compiler ---
[INFO] 
[INFO] --- plexus-component-metadata:2.1.0:generate-metadata (default) @ plexus-compiler ---
[INFO] 
[INFO] --- plexus-component-metadata:2.1.0:merge-metadata (default) @ plexus-compiler ---
[INFO] 
[INFO] --- plexus-component-metadata:2.1.0:generate-test-metadata (process-test-classes) @ plexus-compiler ---
[INFO] 
[INFO] --- animal-sniffer-maven-plugin:1.20:check (default) @ plexus-compiler ---
[INFO] Checking unresolved references to org.codehaus.mojo.signature:java17:1.0
[INFO] 
[INFO] --------------< org.codehaus.plexus:plexus-compiler-api >---------------
[INFO] Building Plexus Compiler Api 2.8.9-SNAPSHOT                       [2/13]
[INFO] --------------------------------[ jar ]---------------------------------
[INFO] 
[INFO] --- maven-clean-plugin:3.1.0:clean (default-clean) @ plexus-compiler-api ---
[INFO] Deleting /home/gabsko/breaking-updates/plexus-compiler-api/target
[INFO] 
[INFO] --- maven-enforcer-plugin:3.0.0-M3:enforce (enforce-maven) @ plexus-compiler-api ---
[INFO] 
[INFO] --- maven-enforcer-plugin:3.0.0-M3:enforce (enforce-java) @ plexus-compiler-api ---
[INFO] 
[INFO] --- maven-resources-plugin:3.2.0:resources (default-resources) @ plexus-compiler-api ---
[INFO] Using 'UTF-8' encoding to copy filtered resources.
[INFO] Using 'UTF-8' encoding to copy filtered properties files.
[INFO] skip non existing resourceDirectory /home/gabsko/breaking-updates/plexus-compiler-api/src/main/resources
[INFO] 
[INFO] --- maven-compiler-plugin:3.8.1:compile (default-compile) @ plexus-compiler-api ---
[INFO] Changes detected - recompiling the module!
[INFO] Compiling 18 source files to /home/gabsko/breaking-updates/plexus-compiler-api/target/classes
[INFO] 
[INFO] --- plexus-component-metadata:2.1.0:generate-metadata (process-classes) @ plexus-compiler-api ---
[INFO] 
[INFO] --- plexus-component-metadata:2.1.0:generate-metadata (default) @ plexus-compiler-api ---
[INFO] 
[INFO] --- plexus-component-metadata:2.1.0:merge-metadata (default) @ plexus-compiler-api ---
[INFO] 
[INFO] --- maven-resources-plugin:3.2.0:testResources (default-testResources) @ plexus-compiler-api ---
[INFO] Using 'UTF-8' encoding to copy filtered resources.
[INFO] Using 'UTF-8' encoding to copy filtered properties files.
[INFO] Copying 1 resource
[INFO] 
[INFO] --- maven-compiler-plugin:3.8.1:testCompile (default-testCompile) @ plexus-compiler-api ---
[INFO] Changes detected - recompiling the module!
[INFO] Compiling 5 source files to /home/gabsko/breaking-updates/plexus-compiler-api/target/test-classes
[INFO] 
[INFO] --- plexus-component-metadata:2.1.0:generate-test-metadata (process-test-classes) @ plexus-compiler-api ---
[INFO] 
[INFO] --- maven-surefire-plugin:3.0.0-M5:test (default-test) @ plexus-compiler-api ---
[INFO] 
[INFO] -------------------------------------------------------
[INFO]  T E S T S
[INFO] -------------------------------------------------------
[INFO] Running org.codehaus.plexus.compiler.util.scan.SimpleSourceInclusionScannerTest
[INFO] Tests run: 1, Failures: 0, Errors: 0, Skipped: 0, Time elapsed: 0.006 s - in org.codehaus.plexus.compiler.util.scan.SimpleSourceInclusionScannerTest
[INFO] Running org.codehaus.plexus.compiler.util.scan.mapping.SuffixMappingTest
[INFO] Tests run: 5, Failures: 0, Errors: 0, Skipped: 0, Time elapsed: 0 s - in org.codehaus.plexus.compiler.util.scan.mapping.SuffixMappingTest
[INFO] Running org.codehaus.plexus.compiler.util.scan.StaleSourceScannerTest
[INFO] Tests run: 10, Failures: 0, Errors: 0, Skipped: 0, Time elapsed: 0.004 s - in org.codehaus.plexus.compiler.util.scan.StaleSourceScannerTest
[INFO] Running org.codehaus.plexus.compiler.CompilerConfigurationTest
[INFO] Tests run: 1, Failures: 0, Errors: 0, Skipped: 0, Time elapsed: 0 s - in org.codehaus.plexus.compiler.CompilerConfigurationTest
[INFO] 
[INFO] Results:
[INFO] 
[INFO] Tests run: 17, Failures: 0, Errors: 0, Skipped: 0
[INFO] 
[INFO] 
[INFO] --- animal-sniffer-maven-plugin:1.20:check (default) @ plexus-compiler-api ---
[INFO] Checking unresolved references to org.codehaus.mojo.signature:java17:1.0
[INFO] 
[INFO] ------------< org.codehaus.plexus:plexus-compiler-manager >-------------
[INFO] Building Plexus Compiler Manager 2.8.9-SNAPSHOT                   [3/13]
[INFO] --------------------------------[ jar ]---------------------------------
[INFO] 
[INFO] --- maven-clean-plugin:3.1.0:clean (default-clean) @ plexus-compiler-manager ---
[INFO] Deleting /home/gabsko/breaking-updates/plexus-compiler-manager/target
[INFO] 
[INFO] --- maven-enforcer-plugin:3.0.0-M3:enforce (enforce-maven) @ plexus-compiler-manager ---
[INFO] 
[INFO] --- maven-enforcer-plugin:3.0.0-M3:enforce (enforce-java) @ plexus-compiler-manager ---
[INFO] 
[INFO] --- maven-resources-plugin:3.2.0:resources (default-resources) @ plexus-compiler-manager ---
[INFO] Using 'UTF-8' encoding to copy filtered resources.
[INFO] Using 'UTF-8' encoding to copy filtered properties files.
[INFO] skip non existing resourceDirectory /home/gabsko/breaking-updates/plexus-compiler-manager/src/main/resources
[INFO] 
[INFO] --- maven-compiler-plugin:3.8.1:compile (default-compile) @ plexus-compiler-manager ---
[INFO] Changes detected - recompiling the module!
[INFO] Compiling 3 source files to /home/gabsko/breaking-updates/plexus-compiler-manager/target/classes
[INFO] 
[INFO] --- plexus-component-metadata:2.1.0:generate-metadata (process-classes) @ plexus-compiler-manager ---
[INFO] Discovered 1 component descriptors(s)
[INFO] 
[INFO] --- plexus-component-metadata:2.1.0:generate-metadata (default) @ plexus-compiler-manager ---
[INFO] Discovered 1 component descriptors(s)
[INFO] 
[INFO] --- plexus-component-metadata:2.1.0:merge-metadata (default) @ plexus-compiler-manager ---
[INFO] 
[INFO] --- maven-resources-plugin:3.2.0:testResources (default-testResources) @ plexus-compiler-manager ---
[INFO] Using 'UTF-8' encoding to copy filtered resources.
[INFO] Using 'UTF-8' encoding to copy filtered properties files.
[INFO] skip non existing resourceDirectory /home/gabsko/breaking-updates/plexus-compiler-manager/src/test/resources
[INFO] 
[INFO] --- maven-compiler-plugin:3.8.1:testCompile (default-testCompile) @ plexus-compiler-manager ---
[INFO] Changes detected - recompiling the module!
[INFO] Compiling 1 source file to /home/gabsko/breaking-updates/plexus-compiler-manager/target/test-classes
[INFO] 
[INFO] --- plexus-component-metadata:2.1.0:generate-test-metadata (process-test-classes) @ plexus-compiler-manager ---
[INFO] 
[INFO] --- maven-surefire-plugin:3.0.0-M5:test (default-test) @ plexus-compiler-manager ---
[INFO] 
[INFO] -------------------------------------------------------
[INFO]  T E S T S
[INFO] -------------------------------------------------------
[INFO] Running org.codehaus.plexus.compiler.manager.CompilerManagerTest
[INFO] Tests run: 1, Failures: 0, Errors: 0, Skipped: 0, Time elapsed: 0.118 s - in org.codehaus.plexus.compiler.manager.CompilerManagerTest
[INFO] 
[INFO] Results:
[INFO] 
[INFO] Tests run: 1, Failures: 0, Errors: 0, Skipped: 0
[INFO] 
[INFO] 
[INFO] --- animal-sniffer-maven-plugin:1.20:check (default) @ plexus-compiler-manager ---
[INFO] Checking unresolved references to org.codehaus.mojo.signature:java17:1.0
[INFO] 
[INFO] --------------< org.codehaus.plexus:plexus-compiler-test >--------------
[INFO] Building Plexus Compiler Test Harness 2.8.9-SNAPSHOT              [4/13]
[INFO] --------------------------------[ jar ]---------------------------------
[INFO] 
[INFO] --- maven-clean-plugin:3.1.0:clean (default-clean) @ plexus-compiler-test ---
[INFO] Deleting /home/gabsko/breaking-updates/plexus-compiler-test/target
[INFO] 
[INFO] --- maven-enforcer-plugin:3.0.0-M3:enforce (enforce-maven) @ plexus-compiler-test ---
[INFO] 
[INFO] --- maven-enforcer-plugin:3.0.0-M3:enforce (enforce-java) @ plexus-compiler-test ---
[INFO] 
[INFO] --- maven-resources-plugin:3.2.0:resources (default-resources) @ plexus-compiler-test ---
[INFO] Using 'UTF-8' encoding to copy filtered resources.
[INFO] Using 'UTF-8' encoding to copy filtered properties files.
[INFO] skip non existing resourceDirectory /home/gabsko/breaking-updates/plexus-compiler-test/src/main/resources
[INFO] 
[INFO] --- maven-compiler-plugin:3.8.1:compile (default-compile) @ plexus-compiler-test ---
[INFO] Changes detected - recompiling the module!
[INFO] Compiling 2 source files to /home/gabsko/breaking-updates/plexus-compiler-test/target/classes
[INFO] 
[INFO] --- plexus-component-metadata:2.1.0:generate-metadata (process-classes) @ plexus-compiler-test ---
[INFO] 
[INFO] --- plexus-component-metadata:2.1.0:generate-metadata (default) @ plexus-compiler-test ---
[INFO] 
[INFO] --- plexus-component-metadata:2.1.0:merge-metadata (default) @ plexus-compiler-test ---
[INFO] 
[INFO] --- maven-resources-plugin:3.2.0:testResources (default-testResources) @ plexus-compiler-test ---
[INFO] Using 'UTF-8' encoding to copy filtered resources.
[INFO] Using 'UTF-8' encoding to copy filtered properties files.
[INFO] skip non existing resourceDirectory /home/gabsko/breaking-updates/plexus-compiler-test/src/test/resources
[INFO] 
[INFO] --- maven-compiler-plugin:3.8.1:testCompile (default-testCompile) @ plexus-compiler-test ---
[INFO] No sources to compile
[INFO] 
[INFO] --- plexus-component-metadata:2.1.0:generate-test-metadata (process-test-classes) @ plexus-compiler-test ---
[INFO] 
[INFO] --- maven-surefire-plugin:3.0.0-M5:test (default-test) @ plexus-compiler-test ---
[INFO] No tests to run.
[INFO] 
[INFO] --- animal-sniffer-maven-plugin:1.20:check (default) @ plexus-compiler-test ---
[INFO] Checking unresolved references to org.codehaus.mojo.signature:java17:1.0
[INFO] 
[INFO] ----------------< org.codehaus.plexus:plexus-compilers >----------------
[INFO] Building Plexus Compilers 2.8.9-SNAPSHOT                          [5/13]
[INFO] --------------------------------[ pom ]---------------------------------
[INFO] 
[INFO] --- maven-clean-plugin:3.1.0:clean (default-clean) @ plexus-compilers ---
[INFO] 
[INFO] --- maven-enforcer-plugin:3.0.0-M3:enforce (enforce-maven) @ plexus-compilers ---
[INFO] 
[INFO] --- maven-enforcer-plugin:3.0.0-M3:enforce (enforce-java) @ plexus-compilers ---
[INFO] 
[INFO] --- plexus-component-metadata:2.1.0:generate-metadata (process-classes) @ plexus-compilers ---
[INFO] 
[INFO] --- plexus-component-metadata:2.1.0:generate-metadata (default) @ plexus-compilers ---
[INFO] 
[INFO] --- plexus-component-metadata:2.1.0:merge-metadata (default) @ plexus-compilers ---
[INFO] 
[INFO] --- plexus-component-metadata:2.1.0:generate-test-metadata (process-test-classes) @ plexus-compilers ---
[INFO] 
[INFO] --- animal-sniffer-maven-plugin:1.20:check (default) @ plexus-compilers ---
[INFO] Checking unresolved references to org.codehaus.mojo.signature:java17:1.0
[INFO] 
[INFO] ------------< org.codehaus.plexus:plexus-compiler-aspectj >-------------
[INFO] Building Plexus AspectJ Compiler 2.8.9-SNAPSHOT                   [6/13]
[INFO] --------------------------------[ jar ]---------------------------------
[INFO] 
[INFO] --- maven-clean-plugin:3.1.0:clean (default-clean) @ plexus-compiler-aspectj ---
[INFO] Deleting /home/gabsko/breaking-updates/plexus-compilers/plexus-compiler-aspectj/target
[INFO] 
[INFO] --- maven-enforcer-plugin:3.0.0-M3:enforce (enforce-maven) @ plexus-compiler-aspectj ---
[INFO] 
[INFO] --- maven-enforcer-plugin:3.0.0-M3:enforce (enforce-java) @ plexus-compiler-aspectj ---
[INFO] 
[INFO] --- maven-resources-plugin:3.2.0:resources (default-resources) @ plexus-compiler-aspectj ---
[INFO] Using 'UTF-8' encoding to copy filtered resources.
[INFO] Using 'UTF-8' encoding to copy filtered properties files.
[INFO] skip non existing resourceDirectory /home/gabsko/breaking-updates/plexus-compilers/plexus-compiler-aspectj/src/main/resources
[INFO] 
[INFO] --- maven-compiler-plugin:3.8.1:compile (default-compile) @ plexus-compiler-aspectj ---
[INFO] Changes detected - recompiling the module!
[INFO] Compiling 2 source files to /home/gabsko/breaking-updates/plexus-compilers/plexus-compiler-aspectj/target/classes
[INFO] /home/gabsko/breaking-updates/plexus-compilers/plexus-compiler-aspectj/src/main/java/org/codehaus/plexus/compiler/ajc/AspectJCompiler.java: /home/gabsko/breaking-updates/plexus-compilers/plexus-compiler-aspectj/src/main/java/org/codehaus/plexus/compiler/ajc/AspectJCompiler.java uses or overrides a deprecated API.
[INFO] /home/gabsko/breaking-updates/plexus-compilers/plexus-compiler-aspectj/src/main/java/org/codehaus/plexus/compiler/ajc/AspectJCompiler.java: Recompile with -Xlint:deprecation for details.
[INFO] 
[INFO] --- plexus-component-metadata:2.1.0:generate-metadata (process-classes) @ plexus-compiler-aspectj ---
[INFO] Discovered 1 component descriptors(s)
[INFO] 
[INFO] --- plexus-component-metadata:2.1.0:generate-metadata (default) @ plexus-compiler-aspectj ---
[INFO] Discovered 1 component descriptors(s)
[INFO] 
[INFO] --- plexus-component-metadata:2.1.0:merge-metadata (default) @ plexus-compiler-aspectj ---
[INFO] 
[INFO] --- maven-resources-plugin:3.2.0:testResources (default-testResources) @ plexus-compiler-aspectj ---
[INFO] Using 'UTF-8' encoding to copy filtered resources.
[INFO] Using 'UTF-8' encoding to copy filtered properties files.
[INFO] skip non existing resourceDirectory /home/gabsko/breaking-updates/plexus-compilers/plexus-compiler-aspectj/src/test/resources
[INFO] 
[INFO] --- maven-compiler-plugin:3.8.1:testCompile (default-testCompile) @ plexus-compiler-aspectj ---
[INFO] Changes detected - recompiling the module!
[INFO] Compiling 1 source file to /home/gabsko/breaking-updates/plexus-compilers/plexus-compiler-aspectj/target/test-classes
[INFO] 
[INFO] --- plexus-component-metadata:2.1.0:generate-test-metadata (process-test-classes) @ plexus-compiler-aspectj ---
[INFO] 
[INFO] --- maven-surefire-plugin:3.0.0-M5:test (default-test) @ plexus-compiler-aspectj ---
[INFO] 
[INFO] -------------------------------------------------------
[INFO]  T E S T S
[INFO] -------------------------------------------------------
[INFO] Running org.codehaus.plexus.compiler.ajc.AspectJCompilerTest
[INFO] Tests run: 1, Failures: 0, Errors: 0, Skipped: 0, Time elapsed: 0.901 s - in org.codehaus.plexus.compiler.ajc.AspectJCompilerTest
[INFO] 
[INFO] Results:
[INFO] 
[INFO] Tests run: 1, Failures: 0, Errors: 0, Skipped: 0
[INFO] 
[INFO] 
[INFO] --- animal-sniffer-maven-plugin:1.20:check (default) @ plexus-compiler-aspectj ---
[INFO] Checking unresolved references to org.codehaus.mojo.signature:java17:1.0
[INFO] 
[INFO] -------------< org.codehaus.plexus:plexus-compiler-csharp >-------------
[INFO] Building Plexus C# Compiler 2.8.9-SNAPSHOT                        [7/13]
[INFO] --------------------------------[ jar ]---------------------------------
[INFO] 
[INFO] --- maven-clean-plugin:3.1.0:clean (default-clean) @ plexus-compiler-csharp ---
[INFO] Deleting /home/gabsko/breaking-updates/plexus-compilers/plexus-compiler-csharp/target
[INFO] 
[INFO] --- maven-enforcer-plugin:3.0.0-M3:enforce (enforce-maven) @ plexus-compiler-csharp ---
[INFO] 
[INFO] --- maven-enforcer-plugin:3.0.0-M3:enforce (enforce-java) @ plexus-compiler-csharp ---
[INFO] 
[INFO] --- maven-resources-plugin:3.2.0:resources (default-resources) @ plexus-compiler-csharp ---
[INFO] Using 'UTF-8' encoding to copy filtered resources.
[INFO] Using 'UTF-8' encoding to copy filtered properties files.
[INFO] skip non existing resourceDirectory /home/gabsko/breaking-updates/plexus-compilers/plexus-compiler-csharp/src/main/resources
[INFO] 
[INFO] --- maven-compiler-plugin:3.8.1:compile (default-compile) @ plexus-compiler-csharp ---
[INFO] Changes detected - recompiling the module!
[INFO] Compiling 3 source files to /home/gabsko/breaking-updates/plexus-compilers/plexus-compiler-csharp/target/classes
[INFO] /home/gabsko/breaking-updates/plexus-compilers/plexus-compiler-csharp/src/main/java/org/codehaus/plexus/compiler/csharp/DefaultCSharpCompilerParser.java: /home/gabsko/breaking-updates/plexus-compilers/plexus-compiler-csharp/src/main/java/org/codehaus/plexus/compiler/csharp/DefaultCSharpCompilerParser.java uses or overrides a deprecated API.
[INFO] /home/gabsko/breaking-updates/plexus-compilers/plexus-compiler-csharp/src/main/java/org/codehaus/plexus/compiler/csharp/DefaultCSharpCompilerParser.java: Recompile with -Xlint:deprecation for details.
[INFO] 
[INFO] --- plexus-component-metadata:2.1.0:generate-metadata (process-classes) @ plexus-compiler-csharp ---
[INFO] Discovered 1 component descriptors(s)
[INFO] 
[INFO] --- plexus-component-metadata:2.1.0:generate-metadata (default) @ plexus-compiler-csharp ---
[INFO] Discovered 1 component descriptors(s)
[INFO] 
[INFO] --- plexus-component-metadata:2.1.0:merge-metadata (default) @ plexus-compiler-csharp ---
[INFO] 
[INFO] --- maven-resources-plugin:3.2.0:testResources (default-testResources) @ plexus-compiler-csharp ---
[INFO] Using 'UTF-8' encoding to copy filtered resources.
[INFO] Using 'UTF-8' encoding to copy filtered properties files.
[INFO] skip non existing resourceDirectory /home/gabsko/breaking-updates/plexus-compilers/plexus-compiler-csharp/src/test/resources
[INFO] 
[INFO] --- maven-compiler-plugin:3.8.1:testCompile (default-testCompile) @ plexus-compiler-csharp ---
[INFO] Changes detected - recompiling the module!
[INFO] Compiling 1 source file to /home/gabsko/breaking-updates/plexus-compilers/plexus-compiler-csharp/target/test-classes
[INFO] 
[INFO] --- plexus-component-metadata:2.1.0:generate-test-metadata (process-test-classes) @ plexus-compiler-csharp ---
[INFO] 
[INFO] --- maven-surefire-plugin:3.0.0-M5:test (default-test) @ plexus-compiler-csharp ---
[INFO] 
[INFO] -------------------------------------------------------
[INFO]  T E S T S
[INFO] -------------------------------------------------------
[INFO] Running org.codehaus.plexus.compiler.csharp.CSharpCompilerTest
[INFO] Tests run: 3, Failures: 0, Errors: 0, Skipped: 0, Time elapsed: 0.033 s - in org.codehaus.plexus.compiler.csharp.CSharpCompilerTest
[INFO] 
[INFO] Results:
[INFO] 
[INFO] Tests run: 3, Failures: 0, Errors: 0, Skipped: 0
[INFO] 
[INFO] 
[INFO] --- animal-sniffer-maven-plugin:1.20:check (default) @ plexus-compiler-csharp ---
[INFO] Checking unresolved references to org.codehaus.mojo.signature:java17:1.0
[INFO] 
[INFO] ------------< org.codehaus.plexus:plexus-compiler-eclipse >-------------
[INFO] Building Plexus Eclipse Compiler 2.8.9-SNAPSHOT                   [8/13]
[INFO] --------------------------------[ jar ]---------------------------------
[INFO] 
[INFO] --- maven-clean-plugin:3.1.0:clean (default-clean) @ plexus-compiler-eclipse ---
[INFO] Deleting /home/gabsko/breaking-updates/plexus-compilers/plexus-compiler-eclipse/target
[INFO] 
[INFO] --- maven-enforcer-plugin:3.0.0-M3:enforce (enforce-maven) @ plexus-compiler-eclipse ---
[INFO] 
[INFO] --- maven-enforcer-plugin:3.0.0-M3:enforce (enforce-java) @ plexus-compiler-eclipse ---
[INFO] 
[INFO] --- maven-resources-plugin:3.2.0:resources (default-resources) @ plexus-compiler-eclipse ---
[INFO] Using 'UTF-8' encoding to copy filtered resources.
[INFO] Using 'UTF-8' encoding to copy filtered properties files.
[INFO] skip non existing resourceDirectory /home/gabsko/breaking-updates/plexus-compilers/plexus-compiler-eclipse/src/main/resources
[INFO] 
[INFO] --- maven-compiler-plugin:3.8.1:compile (default-compile) @ plexus-compiler-eclipse ---
[INFO] Changes detected - recompiling the module!
[INFO] Compiling 4 source files to /home/gabsko/breaking-updates/plexus-compilers/plexus-compiler-eclipse/target/classes
[INFO] 
[INFO] --- plexus-component-metadata:2.1.0:generate-metadata (process-classes) @ plexus-compiler-eclipse ---
[INFO] Discovered 1 component descriptors(s)
[INFO] 
[INFO] --- plexus-component-metadata:2.1.0:generate-metadata (default) @ plexus-compiler-eclipse ---
[INFO] Discovered 1 component descriptors(s)
[INFO] 
[INFO] --- plexus-component-metadata:2.1.0:merge-metadata (default) @ plexus-compiler-eclipse ---
[INFO] 
[INFO] --- maven-resources-plugin:3.2.0:testResources (default-testResources) @ plexus-compiler-eclipse ---
[INFO] Using 'UTF-8' encoding to copy filtered resources.
[INFO] Using 'UTF-8' encoding to copy filtered properties files.
[INFO] Copying 1 resource
[INFO] 
[INFO] --- maven-compiler-plugin:3.8.1:testCompile (default-testCompile) @ plexus-compiler-eclipse ---
[INFO] Changes detected - recompiling the module!
[INFO] Compiling 5 source files to /home/gabsko/breaking-updates/plexus-compilers/plexus-compiler-eclipse/target/test-classes
[INFO] 
[INFO] --- plexus-component-metadata:2.1.0:generate-test-metadata (process-test-classes) @ plexus-compiler-eclipse ---
[INFO] 
[INFO] --- maven-surefire-plugin:3.0.0-M5:test (default-test) @ plexus-compiler-eclipse ---
[INFO] 
[INFO] -------------------------------------------------------
[INFO]  T E S T S
[INFO] -------------------------------------------------------
[INFO] Running org.codehaus.plexus.compiler.eclipse.EclipseCompilerTest
[INFO] Tests run: 3, Failures: 0, Errors: 0, Skipped: 0, Time elapsed: 1.365 s - in org.codehaus.plexus.compiler.eclipse.EclipseCompilerTest
[INFO] Running org.codehaus.plexus.compiler.eclipse.EclipseCompilerDashedArgumentsTest
[INFO] Tests run: 1, Failures: 0, Errors: 0, Skipped: 0, Time elapsed: 0.112 s - in org.codehaus.plexus.compiler.eclipse.EclipseCompilerDashedArgumentsTest
[INFO] Running org.codehaus.plexus.compiler.eclipse.EclipseCompilerTckTest
[INFO] Tests run: 2, Failures: 0, Errors: 0, Skipped: 0, Time elapsed: 0.177 s - in org.codehaus.plexus.compiler.eclipse.EclipseCompilerTckTest
[INFO] Running org.codehaus.plexus.compiler.eclipse.EclipseCompilerErrorsAsWarningsTest
[INFO] Tests run: 1, Failures: 0, Errors: 0, Skipped: 0, Time elapsed: 0.501 s - in org.codehaus.plexus.compiler.eclipse.EclipseCompilerErrorsAsWarningsTest
[INFO] Running org.codehaus.plexus.compiler.eclipse.EclipseCompilerConfigurationTest
[INFO] Tests run: 6, Failures: 0, Errors: 0, Skipped: 0, Time elapsed: 0 s - in org.codehaus.plexus.compiler.eclipse.EclipseCompilerConfigurationTest
[INFO] 
[INFO] Results:
[INFO] 
[INFO] Tests run: 13, Failures: 0, Errors: 0, Skipped: 0
[INFO] 
[INFO] 
[INFO] --- animal-sniffer-maven-plugin:1.20:check (default) @ plexus-compiler-eclipse ---
[INFO] Checking unresolved references to org.codehaus.mojo.signature:java17:1.0
[INFO] 
[INFO] -------------< org.codehaus.plexus:plexus-compiler-jikes >--------------
[INFO] Building Plexus Jikes Compiler 2.8.9-SNAPSHOT                     [9/13]
[INFO] --------------------------------[ jar ]---------------------------------
[INFO] 
[INFO] --- maven-clean-plugin:3.1.0:clean (default-clean) @ plexus-compiler-jikes ---
[INFO] Deleting /home/gabsko/breaking-updates/plexus-compilers/plexus-compiler-jikes/target
[INFO] 
[INFO] --- maven-enforcer-plugin:3.0.0-M3:enforce (enforce-maven) @ plexus-compiler-jikes ---
[INFO] 
[INFO] --- maven-enforcer-plugin:3.0.0-M3:enforce (enforce-java) @ plexus-compiler-jikes ---
[INFO] 
[INFO] --- maven-resources-plugin:3.2.0:resources (default-resources) @ plexus-compiler-jikes ---
[INFO] Using 'UTF-8' encoding to copy filtered resources.
[INFO] Using 'UTF-8' encoding to copy filtered properties files.
[INFO] skip non existing resourceDirectory /home/gabsko/breaking-updates/plexus-compilers/plexus-compiler-jikes/src/main/resources
[INFO] 
[INFO] --- maven-compiler-plugin:3.8.1:compile (default-compile) @ plexus-compiler-jikes ---
[INFO] Changes detected - recompiling the module!
[INFO] Compiling 1 source file to /home/gabsko/breaking-updates/plexus-compilers/plexus-compiler-jikes/target/classes
[INFO] /home/gabsko/breaking-updates/plexus-compilers/plexus-compiler-jikes/src/main/java/org/codehaus/plexus/compiler/jikes/JikesCompiler.java: /home/gabsko/breaking-updates/plexus-compilers/plexus-compiler-jikes/src/main/java/org/codehaus/plexus/compiler/jikes/JikesCompiler.java uses or overrides a deprecated API.
[INFO] /home/gabsko/breaking-updates/plexus-compilers/plexus-compiler-jikes/src/main/java/org/codehaus/plexus/compiler/jikes/JikesCompiler.java: Recompile with -Xlint:deprecation for details.
[INFO] 
[INFO] --- plexus-component-metadata:2.1.0:generate-metadata (process-classes) @ plexus-compiler-jikes ---
[INFO] Discovered 1 component descriptors(s)
[INFO] 
[INFO] --- plexus-component-metadata:2.1.0:generate-metadata (default) @ plexus-compiler-jikes ---
[INFO] Discovered 1 component descriptors(s)
[INFO] 
[INFO] --- plexus-component-metadata:2.1.0:merge-metadata (default) @ plexus-compiler-jikes ---
[INFO] 
[INFO] --- maven-resources-plugin:3.2.0:testResources (default-testResources) @ plexus-compiler-jikes ---
[INFO] Using 'UTF-8' encoding to copy filtered resources.
[INFO] Using 'UTF-8' encoding to copy filtered properties files.
[INFO] skip non existing resourceDirectory /home/gabsko/breaking-updates/plexus-compilers/plexus-compiler-jikes/src/test/resources
[INFO] 
[INFO] --- maven-compiler-plugin:3.8.1:testCompile (default-testCompile) @ plexus-compiler-jikes ---
[INFO] Changes detected - recompiling the module!
[INFO] Compiling 1 source file to /home/gabsko/breaking-updates/plexus-compilers/plexus-compiler-jikes/target/test-classes
[INFO] 
[INFO] --- plexus-component-metadata:2.1.0:generate-test-metadata (process-test-classes) @ plexus-compiler-jikes ---
[INFO] 
[INFO] --- maven-surefire-plugin:3.0.0-M5:test (default-test) @ plexus-compiler-jikes ---
[INFO] Tests are skipped.
[INFO] 
[INFO] --- animal-sniffer-maven-plugin:1.20:check (default) @ plexus-compiler-jikes ---
[INFO] Checking unresolved references to org.codehaus.mojo.signature:java17:1.0
[INFO] 
[INFO] -------------< org.codehaus.plexus:plexus-compiler-javac >--------------
[INFO] Building Plexus Javac Component 2.8.9-SNAPSHOT                   [10/13]
[INFO] --------------------------------[ jar ]---------------------------------
[INFO] 
[INFO] --- maven-clean-plugin:3.1.0:clean (default-clean) @ plexus-compiler-javac ---
[INFO] Deleting /home/gabsko/breaking-updates/plexus-compilers/plexus-compiler-javac/target
[INFO] 
[INFO] --- maven-enforcer-plugin:3.0.0-M3:enforce (enforce-maven) @ plexus-compiler-javac ---
[INFO] 
[INFO] --- maven-enforcer-plugin:3.0.0-M3:enforce (enforce-java) @ plexus-compiler-javac ---
[INFO] 
[INFO] --- maven-resources-plugin:3.2.0:resources (default-resources) @ plexus-compiler-javac ---
[INFO] Using 'UTF-8' encoding to copy filtered resources.
[INFO] Using 'UTF-8' encoding to copy filtered properties files.
[INFO] skip non existing resourceDirectory /home/gabsko/breaking-updates/plexus-compilers/plexus-compiler-javac/src/main/resources
[INFO] 
[INFO] --- maven-compiler-plugin:3.8.1:compile (default-compile) @ plexus-compiler-javac ---
[INFO] Changes detected - recompiling the module!
[INFO] Compiling 4 source files to /home/gabsko/breaking-updates/plexus-compilers/plexus-compiler-javac/target/classes
[INFO] /home/gabsko/breaking-updates/plexus-compilers/plexus-compiler-javac/src/main/java/org/codehaus/plexus/compiler/javac/JavacCompiler.java: /home/gabsko/breaking-updates/plexus-compilers/plexus-compiler-javac/src/main/java/org/codehaus/plexus/compiler/javac/JavacCompiler.java uses or overrides a deprecated API.
[INFO] /home/gabsko/breaking-updates/plexus-compilers/plexus-compiler-javac/src/main/java/org/codehaus/plexus/compiler/javac/JavacCompiler.java: Recompile with -Xlint:deprecation for details.
[INFO] 
[INFO] --- plexus-component-metadata:2.1.0:generate-metadata (process-classes) @ plexus-compiler-javac ---
[INFO] Discovered 2 component descriptors(s)
[INFO] 
[INFO] --- plexus-component-metadata:2.1.0:generate-metadata (default) @ plexus-compiler-javac ---
[INFO] Discovered 2 component descriptors(s)
[INFO] 
[INFO] --- plexus-component-metadata:2.1.0:merge-metadata (default) @ plexus-compiler-javac ---
[INFO] 
[INFO] --- maven-resources-plugin:3.2.0:testResources (default-testResources) @ plexus-compiler-javac ---
[INFO] Using 'UTF-8' encoding to copy filtered resources.
[INFO] Using 'UTF-8' encoding to copy filtered properties files.
[INFO] skip non existing resourceDirectory /home/gabsko/breaking-updates/plexus-compilers/plexus-compiler-javac/src/test/resources
[INFO] 
[INFO] --- maven-compiler-plugin:3.8.1:testCompile (default-testCompile) @ plexus-compiler-javac ---
[INFO] Changes detected - recompiling the module!
[INFO] Compiling 4 source files to /home/gabsko/breaking-updates/plexus-compilers/plexus-compiler-javac/target/test-classes
[INFO] 
[INFO] --- plexus-component-metadata:2.1.0:generate-test-metadata (process-test-classes) @ plexus-compiler-javac ---
[INFO] 
[INFO] --- maven-surefire-plugin:3.0.0-M5:test (default-test) @ plexus-compiler-javac ---
[INFO] 
[INFO] -------------------------------------------------------
[INFO]  T E S T S
[INFO] -------------------------------------------------------
[INFO] Running org.codehaus.plexus.compiler.javac.JavacCompilerTest
[INFO] Tests run: 14, Failures: 0, Errors: 0, Skipped: 0, Time elapsed: 0.808 s - in org.codehaus.plexus.compiler.javac.JavacCompilerTest
[INFO] Running org.codehaus.plexus.compiler.javac.JavaxToolsCompilerTest
[INFO] Tests run: 14, Failures: 0, Errors: 0, Skipped: 0, Time elapsed: 0.177 s - in org.codehaus.plexus.compiler.javac.JavaxToolsCompilerTest
[INFO] Running org.codehaus.plexus.compiler.javac.ErrorMessageParserTest
[INFO] Tests run: 21, Failures: 0, Errors: 0, Skipped: 0, Time elapsed: 0.007 s - in org.codehaus.plexus.compiler.javac.ErrorMessageParserTest
[INFO] 
[INFO] Results:
[INFO] 
[INFO] Tests run: 49, Failures: 0, Errors: 0, Skipped: 0
[INFO] 
[INFO] 
[INFO] --- animal-sniffer-maven-plugin:1.20:check (default) @ plexus-compiler-javac ---
[INFO] Checking unresolved references to org.codehaus.mojo.signature:java17:1.0
[INFO] 
[INFO] --------< org.codehaus.plexus:plexus-compiler-javac-errorprone >--------
[INFO] Building Plexus Javac+error-prone Component 2.8.9-SNAPSHOT       [11/13]
[INFO] --------------------------------[ jar ]---------------------------------
[INFO] 
[INFO] --- maven-clean-plugin:3.1.0:clean (default-clean) @ plexus-compiler-javac-errorprone ---
[INFO] Deleting /home/gabsko/breaking-updates/plexus-compilers/plexus-compiler-javac-errorprone/target
[INFO] 
[INFO] --- maven-enforcer-plugin:3.0.0-M3:enforce (enforce-maven) @ plexus-compiler-javac-errorprone ---
[INFO] 
[INFO] --- maven-enforcer-plugin:3.0.0-M3:enforce (enforce-java) @ plexus-compiler-javac-errorprone ---
[INFO] 
[INFO] --- maven-resources-plugin:3.2.0:resources (default-resources) @ plexus-compiler-javac-errorprone ---
[INFO] Using 'UTF-8' encoding to copy filtered resources.
[INFO] Using 'UTF-8' encoding to copy filtered properties files.
[INFO] skip non existing resourceDirectory /home/gabsko/breaking-updates/plexus-compilers/plexus-compiler-javac-errorprone/src/main/resources
[INFO] 
[INFO] --- maven-compiler-plugin:3.8.1:compile (default-compile) @ plexus-compiler-javac-errorprone ---
[INFO] Changes detected - recompiling the module!
[INFO] Compiling 1 source file to /home/gabsko/breaking-updates/plexus-compilers/plexus-compiler-javac-errorprone/target/classes
[INFO] /home/gabsko/breaking-updates/plexus-compilers/plexus-compiler-javac-errorprone/src/main/java/org/codehaus/plexus/compiler/javac/errorprone/JavacCompilerWithErrorProne.java: /home/gabsko/breaking-updates/plexus-compilers/plexus-compiler-javac-errorprone/src/main/java/org/codehaus/plexus/compiler/javac/errorprone/JavacCompilerWithErrorProne.java uses or overrides a deprecated API.
[INFO] /home/gabsko/breaking-updates/plexus-compilers/plexus-compiler-javac-errorprone/src/main/java/org/codehaus/plexus/compiler/javac/errorprone/JavacCompilerWithErrorProne.java: Recompile with -Xlint:deprecation for details.
[INFO] 
[INFO] --- plexus-component-metadata:2.1.0:generate-metadata (process-classes) @ plexus-compiler-javac-errorprone ---
[INFO] Discovered 1 component descriptors(s)
[INFO] 
[INFO] --- plexus-component-metadata:2.1.0:generate-metadata (default) @ plexus-compiler-javac-errorprone ---
[INFO] Discovered 1 component descriptors(s)
[INFO] 
[INFO] --- plexus-component-metadata:2.1.0:merge-metadata (default) @ plexus-compiler-javac-errorprone ---
[INFO] 
[INFO] --- maven-resources-plugin:3.2.0:testResources (default-testResources) @ plexus-compiler-javac-errorprone ---
[INFO] Using 'UTF-8' encoding to copy filtered resources.
[INFO] Using 'UTF-8' encoding to copy filtered properties files.
[INFO] skip non existing resourceDirectory /home/gabsko/breaking-updates/plexus-compilers/plexus-compiler-javac-errorprone/src/test/resources
[INFO] 
[INFO] --- maven-compiler-plugin:3.8.1:testCompile (default-testCompile) @ plexus-compiler-javac-errorprone ---
[INFO] Changes detected - recompiling the module!
[INFO] Compiling 1 source file to /home/gabsko/breaking-updates/plexus-compilers/plexus-compiler-javac-errorprone/target/test-classes
[INFO] 
[INFO] --- plexus-component-metadata:2.1.0:generate-test-metadata (process-test-classes) @ plexus-compiler-javac-errorprone ---
[INFO] 
[INFO] --- maven-surefire-plugin:3.0.0-M5:test (default-test) @ plexus-compiler-javac-errorprone ---
[INFO] 
[INFO] -------------------------------------------------------
[INFO]  T E S T S
[INFO] -------------------------------------------------------
[INFO] Running org.codehaus.plexus.compiler.javac.JavacErrorProneCompilerTest
[INFO] Tests run: 1, Failures: 0, Errors: 0, Skipped: 0, Time elapsed: 1.117 s - in org.codehaus.plexus.compiler.javac.JavacErrorProneCompilerTest
[INFO] 
[INFO] Results:
[INFO] 
[INFO] Tests run: 1, Failures: 0, Errors: 0, Skipped: 0
[INFO] 
[INFO] 
[INFO] --- animal-sniffer-maven-plugin:1.20:check (default) @ plexus-compiler-javac-errorprone ---
[INFO] Checking unresolved references to org.codehaus.mojo.signature:java17:1.0
[INFO] 
[INFO] -------------< org.codehaus.plexus:plexus-compiler-j2objc >-------------
[INFO] Building Plexus J2ObjC Compiler 2.8.9-SNAPSHOT                   [12/13]
[INFO] --------------------------------[ jar ]---------------------------------
[INFO] 
[INFO] --- maven-clean-plugin:3.1.0:clean (default-clean) @ plexus-compiler-j2objc ---
[INFO] Deleting /home/gabsko/breaking-updates/plexus-compilers/plexus-compiler-j2objc/target
[INFO] 
[INFO] --- maven-enforcer-plugin:3.0.0-M3:enforce (enforce-maven) @ plexus-compiler-j2objc ---
[INFO] 
[INFO] --- maven-enforcer-plugin:3.0.0-M3:enforce (enforce-java) @ plexus-compiler-j2objc ---
[INFO] 
[INFO] --- maven-resources-plugin:3.2.0:resources (default-resources) @ plexus-compiler-j2objc ---
[INFO] Using 'UTF-8' encoding to copy filtered resources.
[INFO] Using 'UTF-8' encoding to copy filtered properties files.
[INFO] skip non existing resourceDirectory /home/gabsko/breaking-updates/plexus-compilers/plexus-compiler-j2objc/src/main/resources
[INFO] 
[INFO] --- maven-compiler-plugin:3.8.1:compile (default-compile) @ plexus-compiler-j2objc ---
[INFO] Changes detected - recompiling the module!
[INFO] Compiling 2 source files to /home/gabsko/breaking-updates/plexus-compilers/plexus-compiler-j2objc/target/classes
[INFO] 
[INFO] --- plexus-component-metadata:2.1.0:generate-metadata (process-classes) @ plexus-compiler-j2objc ---
[INFO] Discovered 1 component descriptors(s)
[INFO] 
[INFO] --- plexus-component-metadata:2.1.0:generate-metadata (default) @ plexus-compiler-j2objc ---
[INFO] Discovered 1 component descriptors(s)
[INFO] 
[INFO] --- plexus-component-metadata:2.1.0:merge-metadata (default) @ plexus-compiler-j2objc ---
[INFO] 
[INFO] --- maven-resources-plugin:3.2.0:testResources (default-testResources) @ plexus-compiler-j2objc ---
[INFO] Using 'UTF-8' encoding to copy filtered resources.
[INFO] Using 'UTF-8' encoding to copy filtered properties files.
[INFO] Copying 1 resource
[INFO] 
[INFO] --- maven-compiler-plugin:3.8.1:testCompile (default-testCompile) @ plexus-compiler-j2objc ---
[INFO] Changes detected - recompiling the module!
[INFO] Compiling 1 source file to /home/gabsko/breaking-updates/plexus-compilers/plexus-compiler-j2objc/target/test-classes
[INFO] 
[INFO] --- plexus-component-metadata:2.1.0:generate-test-metadata (process-test-classes) @ plexus-compiler-j2objc ---
[INFO] 
[INFO] --- maven-surefire-plugin:3.0.0-M5:test (default-test) @ plexus-compiler-j2objc ---
[INFO] Tests are skipped.
[INFO] 
[INFO] --- animal-sniffer-maven-plugin:1.20:check (default) @ plexus-compiler-j2objc ---
[INFO] Checking unresolved references to org.codehaus.mojo.signature:java17:1.0
[INFO] 
[INFO] --------------< org.codehaus.plexus:plexus-compiler-its >---------------
[INFO] Building Plexus Compiler It Tests 2.8.9-SNAPSHOT                 [13/13]
[INFO] --------------------------------[ pom ]---------------------------------
[INFO] 
[INFO] --- maven-clean-plugin:3.1.0:clean (default-clean) @ plexus-compiler-its ---
[INFO] 
[INFO] --- maven-enforcer-plugin:3.0.0-M3:enforce (enforce-maven) @ plexus-compiler-its ---
[INFO] 
[INFO] --- maven-enforcer-plugin:3.0.0-M3:enforce (enforce-java) @ plexus-compiler-its ---
[INFO] 
[INFO] --- plexus-component-metadata:2.1.0:generate-metadata (process-classes) @ plexus-compiler-its ---
[INFO] 
[INFO] --- plexus-component-metadata:2.1.0:generate-metadata (default) @ plexus-compiler-its ---
[INFO] 
[INFO] --- plexus-component-metadata:2.1.0:merge-metadata (default) @ plexus-compiler-its ---
[INFO] 
[INFO] --- plexus-component-metadata:2.1.0:generate-test-metadata (process-test-classes) @ plexus-compiler-its ---
[INFO] 
[INFO] --- animal-sniffer-maven-plugin:1.20:check (default) @ plexus-compiler-its ---
[INFO] Checking unresolved references to org.codehaus.mojo.signature:java17:1.0
[INFO] ------------------------------------------------------------------------
[INFO] Reactor Summary for Plexus Compiler 2.8.9-SNAPSHOT:
[INFO] 
[INFO] Plexus Compiler .................................... SUCCESS [  0.646 s]
[INFO] Plexus Compiler Api ................................ SUCCESS [  1.491 s]
[INFO] Plexus Compiler Manager ............................ SUCCESS [  0.557 s]
[INFO] Plexus Compiler Test Harness ....................... SUCCESS [  0.226 s]
[INFO] Plexus Compilers ................................... SUCCESS [  0.129 s]
[INFO] Plexus AspectJ Compiler ............................ SUCCESS [  1.863 s]
[INFO] Plexus C# Compiler ................................. SUCCESS [  0.513 s]
[INFO] Plexus Eclipse Compiler ............................ SUCCESS [  2.799 s]
[INFO] Plexus Jikes Compiler .............................. SUCCESS [  0.208 s]
[INFO] Plexus Javac Component ............................. SUCCESS [  1.576 s]
[INFO] Plexus Javac+error-prone Component ................. SUCCESS [  2.053 s]
[INFO] Plexus J2ObjC Compiler ............................. SUCCESS [  0.192 s]
[INFO] Plexus Compiler It Tests ........................... SUCCESS [  0.538 s]
[INFO] ------------------------------------------------------------------------
[INFO] BUILD SUCCESS
[INFO] ------------------------------------------------------------------------
[INFO] Total time:  12.921 s
[INFO] Finished at: 2023-02-08T18:14:16Z
[INFO] ------------------------------------------------------------------------
