[INFO] Scanning for projects...
[INFO] Inspecting build with total of 4 modules...
[INFO] Not installing Nexus Staging features:
[INFO]  * Preexisting staging related goal bindings found in 4 modules.
[INFO] ------------------------------------------------------------------------
[INFO] Reactor Build Order:
[INFO] 
[INFO] Zeebe Kafka Exporter Root                                          [pom]
[INFO] Zeebe Kafka Exporter Serialization                                 [jar]
[INFO] Zeebe Kafka Exporter                                               [jar]
[INFO] Zeebe Kafka Exporter QA                                            [jar]
[INFO] 
[INFO] -----------------< io.zeebe:zeebe-kafka-exporter-root >-----------------
[INFO] Building Zeebe Kafka Exporter Root 3.0.0-SNAPSHOT                  [1/4]
[INFO] --------------------------------[ pom ]---------------------------------
[INFO] 
[INFO] --- maven-clean-plugin:3.1.0:clean (default-clean) @ zeebe-kafka-exporter-root ---
[INFO] Deleting /home/gabsko/breaking-updates/target
[INFO] 
[INFO] --- maven-checkstyle-plugin:3.1.2:check (validate-java) @ zeebe-kafka-exporter-root ---
[INFO] You have 0 Checkstyle violations.
[INFO] 
[INFO] --- maven-enforcer-plugin:3.0.0-M3:enforce (enforce-dependency-convergence) @ zeebe-kafka-exporter-root ---
[INFO] 
[INFO] >>> maven-dependency-plugin:3.1.2:analyze (default) > test-compile @ zeebe-kafka-exporter-root >>>
[INFO] 
[INFO] --- maven-checkstyle-plugin:3.1.2:check (validate-java) @ zeebe-kafka-exporter-root ---
[INFO] You have 0 Checkstyle violations.
[INFO] 
[INFO] --- maven-enforcer-plugin:3.0.0-M3:enforce (enforce-dependency-convergence) @ zeebe-kafka-exporter-root ---
[INFO] 
[INFO] --- fmt-maven-plugin:2.10:format (default) @ zeebe-kafka-exporter-root ---
[INFO] Skipping format check: project uses 'pom' packaging
[INFO] 
[INFO] --- license-maven-plugin:4.1:format (add-license) @ zeebe-kafka-exporter-root ---
[INFO] Updating license headers...
[INFO] 
[INFO] <<< maven-dependency-plugin:3.1.2:analyze (default) < test-compile @ zeebe-kafka-exporter-root <<<
[INFO] 
[INFO] 
[INFO] --- maven-dependency-plugin:3.1.2:analyze (default) @ zeebe-kafka-exporter-root ---
[INFO] Skipping pom project
[INFO] 
[INFO] --- fmt-maven-plugin:2.10:format (default) @ zeebe-kafka-exporter-root ---
[INFO] Skipping format check: project uses 'pom' packaging
[INFO] 
[INFO] --- license-maven-plugin:4.1:format (add-license) @ zeebe-kafka-exporter-root ---
[INFO] Updating license headers...
[INFO] 
[INFO] ----------------< io.zeebe:zeebe-kafka-exporter-serde >-----------------
[INFO] Building Zeebe Kafka Exporter Serialization 3.0.0-SNAPSHOT         [2/4]
[INFO] --------------------------------[ jar ]---------------------------------
[INFO] 
[INFO] --- maven-clean-plugin:3.1.0:clean (default-clean) @ zeebe-kafka-exporter-serde ---
[INFO] Deleting /home/gabsko/breaking-updates/serde/target
[INFO] 
[INFO] --- maven-checkstyle-plugin:3.1.2:check (validate-java) @ zeebe-kafka-exporter-serde ---
[INFO] You have 0 Checkstyle violations.
[INFO] 
[INFO] --- maven-enforcer-plugin:3.0.0-M3:enforce (enforce-dependency-convergence) @ zeebe-kafka-exporter-serde ---
[INFO] 
[INFO] >>> maven-dependency-plugin:3.1.2:analyze (default) > test-compile @ zeebe-kafka-exporter-serde >>>
[INFO] 
[INFO] --- maven-checkstyle-plugin:3.1.2:check (validate-java) @ zeebe-kafka-exporter-serde ---
[INFO] You have 0 Checkstyle violations.
[INFO] 
[INFO] --- maven-enforcer-plugin:3.0.0-M3:enforce (enforce-dependency-convergence) @ zeebe-kafka-exporter-serde ---
[INFO] 
[INFO] --- fmt-maven-plugin:2.10:format (default) @ zeebe-kafka-exporter-serde ---
[INFO] File '/home/gabsko/breaking-updates/serde/src/main/java/io/zeebe/exporters/kafka' is a directory. Skipping.
[INFO] File '/home/gabsko/breaking-updates/serde/src/main/java/io/zeebe/exporters/kafka/serde' is a directory. Skipping.
[INFO] File '/home/gabsko/breaking-updates/serde/src/main/java/io/zeebe' is a directory. Skipping.
[INFO] File '/home/gabsko/breaking-updates/serde/src/main/java/io/zeebe/exporters' is a directory. Skipping.
[INFO] File '/home/gabsko/breaking-updates/serde/src/main/java' is a directory. Skipping.
[INFO] File '/home/gabsko/breaking-updates/serde/src/main/java/io' is a directory. Skipping.
[INFO] File '/home/gabsko/breaking-updates/serde/src/test/java/io/zeebe/exporters/kafka/serde' is a directory. Skipping.
[INFO] File '/home/gabsko/breaking-updates/serde/src/test/java/io/zeebe/exporters/kafka' is a directory. Skipping.
[INFO] File '/home/gabsko/breaking-updates/serde/src/test/java/io/zeebe' is a directory. Skipping.
[INFO] File '/home/gabsko/breaking-updates/serde/src/test/java' is a directory. Skipping.
[INFO] File '/home/gabsko/breaking-updates/serde/src/test/java/io' is a directory. Skipping.
[INFO] File '/home/gabsko/breaking-updates/serde/src/test/java/io/zeebe/exporters' is a directory. Skipping.
[INFO] Processed 9 files (0 reformatted).
[INFO] 
[INFO] --- maven-resources-plugin:2.6:resources (default-resources) @ zeebe-kafka-exporter-serde ---
[INFO] Using 'UTF-8' encoding to copy filtered resources.
[INFO] skip non existing resourceDirectory /home/gabsko/breaking-updates/serde/src/main/resources
[INFO] 
[INFO] --- maven-compiler-plugin:3.8.1:compile (default-compile) @ zeebe-kafka-exporter-serde ---
[INFO] Changes detected - recompiling the module!
[INFO] Compiling 7 source files to /home/gabsko/breaking-updates/serde/target/classes
[INFO] 
[INFO] --- license-maven-plugin:4.1:format (add-license) @ zeebe-kafka-exporter-serde ---
[INFO] Updating license headers...
[INFO] 
[INFO] --- maven-resources-plugin:2.6:testResources (default-testResources) @ zeebe-kafka-exporter-serde ---
[INFO] Using 'UTF-8' encoding to copy filtered resources.
[INFO] skip non existing resourceDirectory /home/gabsko/breaking-updates/serde/src/test/resources
[INFO] 
[INFO] --- maven-compiler-plugin:3.8.1:testCompile (default-testCompile) @ zeebe-kafka-exporter-serde ---
[INFO] Changes detected - recompiling the module!
[INFO] Compiling 2 source files to /home/gabsko/breaking-updates/serde/target/test-classes
[INFO] 
[INFO] <<< maven-dependency-plugin:3.1.2:analyze (default) < test-compile @ zeebe-kafka-exporter-serde <<<
[INFO] 
[INFO] 
[INFO] --- maven-dependency-plugin:3.1.2:analyze (default) @ zeebe-kafka-exporter-serde ---
[INFO] No dependency problems found
[INFO] 
[INFO] --- fmt-maven-plugin:2.10:format (default) @ zeebe-kafka-exporter-serde ---
[INFO] File '/home/gabsko/breaking-updates/serde/src/main/java/io/zeebe/exporters/kafka/serde' is a directory. Skipping.
[INFO] File '/home/gabsko/breaking-updates/serde/src/main/java' is a directory. Skipping.
[INFO] File '/home/gabsko/breaking-updates/serde/src/main/java/io/zeebe' is a directory. Skipping.
[INFO] File '/home/gabsko/breaking-updates/serde/src/main/java/io' is a directory. Skipping.
[INFO] File '/home/gabsko/breaking-updates/serde/src/main/java/io/zeebe/exporters' is a directory. Skipping.
[INFO] File '/home/gabsko/breaking-updates/serde/src/main/java/io/zeebe/exporters/kafka' is a directory. Skipping.
[INFO] File '/home/gabsko/breaking-updates/serde/src/test/java/io/zeebe/exporters/kafka/serde' is a directory. Skipping.
[INFO] File '/home/gabsko/breaking-updates/serde/src/test/java/io' is a directory. Skipping.
[INFO] File '/home/gabsko/breaking-updates/serde/src/test/java/io/zeebe' is a directory. Skipping.
[INFO] File '/home/gabsko/breaking-updates/serde/src/test/java/io/zeebe/exporters/kafka' is a directory. Skipping.
[INFO] File '/home/gabsko/breaking-updates/serde/src/test/java' is a directory. Skipping.
[INFO] File '/home/gabsko/breaking-updates/serde/src/test/java/io/zeebe/exporters' is a directory. Skipping.
[INFO] Processed 9 files (0 reformatted).
[INFO] 
[INFO] --- maven-resources-plugin:2.6:resources (default-resources) @ zeebe-kafka-exporter-serde ---
[INFO] Using 'UTF-8' encoding to copy filtered resources.
[INFO] skip non existing resourceDirectory /home/gabsko/breaking-updates/serde/src/main/resources
[INFO] 
[INFO] --- maven-compiler-plugin:3.8.1:compile (default-compile) @ zeebe-kafka-exporter-serde ---
[INFO] Changes detected - recompiling the module!
[INFO] Compiling 7 source files to /home/gabsko/breaking-updates/serde/target/classes
[INFO] 
[INFO] --- license-maven-plugin:4.1:format (add-license) @ zeebe-kafka-exporter-serde ---
[INFO] Updating license headers...
[INFO] 
[INFO] --- maven-resources-plugin:2.6:testResources (default-testResources) @ zeebe-kafka-exporter-serde ---
[INFO] Using 'UTF-8' encoding to copy filtered resources.
[INFO] skip non existing resourceDirectory /home/gabsko/breaking-updates/serde/src/test/resources
[INFO] 
[INFO] --- maven-compiler-plugin:3.8.1:testCompile (default-testCompile) @ zeebe-kafka-exporter-serde ---
[INFO] Changes detected - recompiling the module!
[INFO] Compiling 2 source files to /home/gabsko/breaking-updates/serde/target/test-classes
[INFO] 
[INFO] --- maven-surefire-plugin:3.0.0-M5:test (default-test) @ zeebe-kafka-exporter-serde ---
[INFO] 
[INFO] -------------------------------------------------------
[INFO]  T E S T S
[INFO] -------------------------------------------------------
[INFO] Running io.zeebe.exporters.kafka.serde.RecordTest
[INFO] Running io.zeebe.exporters.kafka.serde.RecordIdTest
[INFO] Tests run: 4, Failures: 0, Errors: 0, Skipped: 0, Time elapsed: 0.296 s - in io.zeebe.exporters.kafka.serde.RecordIdTest
[INFO] Tests run: 0, Failures: 0, Errors: 0, Skipped: 0, Time elapsed: 0.296 s - in io.zeebe.exporters.kafka.serde.RecordTest
[INFO] 
[INFO] Results:
[INFO] 
[INFO] Tests run: 4, Failures: 0, Errors: 0, Skipped: 0
[INFO] 
[INFO] 
[INFO] -------------------< io.zeebe:zeebe-kafka-exporter >--------------------
[INFO] Building Zeebe Kafka Exporter 3.0.0-SNAPSHOT                       [3/4]
[INFO] --------------------------------[ jar ]---------------------------------
[INFO] 
[INFO] --- maven-clean-plugin:3.1.0:clean (default-clean) @ zeebe-kafka-exporter ---
[INFO] Deleting /home/gabsko/breaking-updates/exporter/target
[INFO] 
[INFO] --- maven-checkstyle-plugin:3.1.2:check (validate-java) @ zeebe-kafka-exporter ---
[INFO] You have 0 Checkstyle violations.
[INFO] 
[INFO] --- maven-enforcer-plugin:3.0.0-M3:enforce (enforce-dependency-convergence) @ zeebe-kafka-exporter ---
[INFO] 
[INFO] >>> maven-dependency-plugin:3.1.2:analyze (default) > test-compile @ zeebe-kafka-exporter >>>
[INFO] 
[INFO] --- maven-checkstyle-plugin:3.1.2:check (validate-java) @ zeebe-kafka-exporter ---
[INFO] You have 0 Checkstyle violations.
[INFO] 
[INFO] --- maven-enforcer-plugin:3.0.0-M3:enforce (enforce-dependency-convergence) @ zeebe-kafka-exporter ---
[INFO] 
[INFO] --- fmt-maven-plugin:2.10:format (default) @ zeebe-kafka-exporter ---
[INFO] File '/home/gabsko/breaking-updates/exporter/src/main/java/io/zeebe/exporters/kafka/record' is a directory. Skipping.
[INFO] File '/home/gabsko/breaking-updates/exporter/src/main/java/io' is a directory. Skipping.
[INFO] File '/home/gabsko/breaking-updates/exporter/src/main/java' is a directory. Skipping.
[INFO] File '/home/gabsko/breaking-updates/exporter/src/main/java/io/zeebe/exporters/kafka/producer' is a directory. Skipping.
[INFO] File '/home/gabsko/breaking-updates/exporter/src/main/java/io/zeebe/exporters/kafka/config/raw' is a directory. Skipping.
[INFO] File '/home/gabsko/breaking-updates/exporter/src/main/java/io/zeebe/exporters/kafka' is a directory. Skipping.
[INFO] File '/home/gabsko/breaking-updates/exporter/src/main/java/io/zeebe' is a directory. Skipping.
[INFO] File '/home/gabsko/breaking-updates/exporter/src/main/java/io/zeebe/exporters' is a directory. Skipping.
[INFO] File '/home/gabsko/breaking-updates/exporter/src/main/java/io/zeebe/exporters/kafka/config' is a directory. Skipping.
[INFO] File '/home/gabsko/breaking-updates/exporter/src/main/java/io/zeebe/exporters/kafka/config/parser' is a directory. Skipping.
[INFO] File '/home/gabsko/breaking-updates/exporter/src/test/java/io/zeebe/exporters/kafka/config' is a directory. Skipping.
[INFO] File '/home/gabsko/breaking-updates/exporter/src/test/java/io/zeebe/exporters/kafka/producer' is a directory. Skipping.
[INFO] File '/home/gabsko/breaking-updates/exporter/src/test/java/io/zeebe' is a directory. Skipping.
[INFO] File '/home/gabsko/breaking-updates/exporter/src/test/java/io' is a directory. Skipping.
[INFO] File '/home/gabsko/breaking-updates/exporter/src/test/java' is a directory. Skipping.
[INFO] File '/home/gabsko/breaking-updates/exporter/src/test/java/io/zeebe/exporters' is a directory. Skipping.
[INFO] File '/home/gabsko/breaking-updates/exporter/src/test/java/io/zeebe/exporters/kafka' is a directory. Skipping.
[INFO] File '/home/gabsko/breaking-updates/exporter/src/test/java/io/zeebe/exporters/kafka/record' is a directory. Skipping.
[INFO] File '/home/gabsko/breaking-updates/exporter/src/test/java/io/zeebe/exporters/kafka/config/parser' is a directory. Skipping.
[INFO] Processed 36 files (0 reformatted).
[INFO] 
[INFO] --- maven-resources-plugin:2.6:resources (default-resources) @ zeebe-kafka-exporter ---
[INFO] Using 'UTF-8' encoding to copy filtered resources.
[INFO] Copying 1 resource
[INFO] 
[INFO] --- maven-compiler-plugin:3.8.1:compile (default-compile) @ zeebe-kafka-exporter ---
[INFO] Changes detected - recompiling the module!
[INFO] Compiling 26 source files to /home/gabsko/breaking-updates/exporter/target/classes
[INFO] 
[INFO] --- license-maven-plugin:4.1:format (add-license) @ zeebe-kafka-exporter ---
[INFO] Updating license headers...
[INFO] 
[INFO] --- maven-resources-plugin:2.6:testResources (default-testResources) @ zeebe-kafka-exporter ---
[INFO] Using 'UTF-8' encoding to copy filtered resources.
[INFO] Copying 1 resource
[INFO] 
[INFO] --- maven-compiler-plugin:3.8.1:testCompile (default-testCompile) @ zeebe-kafka-exporter ---
[INFO] Changes detected - recompiling the module!
[INFO] Compiling 10 source files to /home/gabsko/breaking-updates/exporter/target/test-classes
[INFO] 
[INFO] <<< maven-dependency-plugin:3.1.2:analyze (default) < test-compile @ zeebe-kafka-exporter <<<
[INFO] 
[INFO] 
[INFO] --- maven-dependency-plugin:3.1.2:analyze (default) @ zeebe-kafka-exporter ---
[INFO] No dependency problems found
[INFO] 
[INFO] --- fmt-maven-plugin:2.10:format (default) @ zeebe-kafka-exporter ---
[INFO] File '/home/gabsko/breaking-updates/exporter/src/main/java/io/zeebe/exporters/kafka/record' is a directory. Skipping.
[INFO] File '/home/gabsko/breaking-updates/exporter/src/main/java/io/zeebe/exporters/kafka/config' is a directory. Skipping.
[INFO] File '/home/gabsko/breaking-updates/exporter/src/main/java/io/zeebe/exporters' is a directory. Skipping.
[INFO] File '/home/gabsko/breaking-updates/exporter/src/main/java' is a directory. Skipping.
[INFO] File '/home/gabsko/breaking-updates/exporter/src/main/java/io/zeebe/exporters/kafka' is a directory. Skipping.
[INFO] File '/home/gabsko/breaking-updates/exporter/src/main/java/io/zeebe/exporters/kafka/producer' is a directory. Skipping.
[INFO] File '/home/gabsko/breaking-updates/exporter/src/main/java/io/zeebe/exporters/kafka/config/parser' is a directory. Skipping.
[INFO] File '/home/gabsko/breaking-updates/exporter/src/main/java/io/zeebe' is a directory. Skipping.
[INFO] File '/home/gabsko/breaking-updates/exporter/src/main/java/io' is a directory. Skipping.
[INFO] File '/home/gabsko/breaking-updates/exporter/src/main/java/io/zeebe/exporters/kafka/config/raw' is a directory. Skipping.
[INFO] File '/home/gabsko/breaking-updates/exporter/src/test/java/io/zeebe/exporters/kafka/config' is a directory. Skipping.
[INFO] File '/home/gabsko/breaking-updates/exporter/src/test/java/io/zeebe/exporters/kafka' is a directory. Skipping.
[INFO] File '/home/gabsko/breaking-updates/exporter/src/test/java/io' is a directory. Skipping.
[INFO] File '/home/gabsko/breaking-updates/exporter/src/test/java/io/zeebe/exporters' is a directory. Skipping.
[INFO] File '/home/gabsko/breaking-updates/exporter/src/test/java/io/zeebe/exporters/kafka/config/parser' is a directory. Skipping.
[INFO] File '/home/gabsko/breaking-updates/exporter/src/test/java/io/zeebe' is a directory. Skipping.
[INFO] File '/home/gabsko/breaking-updates/exporter/src/test/java/io/zeebe/exporters/kafka/record' is a directory. Skipping.
[INFO] File '/home/gabsko/breaking-updates/exporter/src/test/java/io/zeebe/exporters/kafka/producer' is a directory. Skipping.
[INFO] File '/home/gabsko/breaking-updates/exporter/src/test/java' is a directory. Skipping.
[INFO] Processed 36 files (0 reformatted).
[INFO] 
[INFO] --- maven-resources-plugin:2.6:resources (default-resources) @ zeebe-kafka-exporter ---
[INFO] Using 'UTF-8' encoding to copy filtered resources.
[INFO] Copying 1 resource
[INFO] 
[INFO] --- maven-compiler-plugin:3.8.1:compile (default-compile) @ zeebe-kafka-exporter ---
[INFO] Changes detected - recompiling the module!
[INFO] Compiling 26 source files to /home/gabsko/breaking-updates/exporter/target/classes
[INFO] 
[INFO] --- license-maven-plugin:4.1:format (add-license) @ zeebe-kafka-exporter ---
[INFO] Updating license headers...
[INFO] 
[INFO] --- maven-resources-plugin:2.6:testResources (default-testResources) @ zeebe-kafka-exporter ---
[INFO] Using 'UTF-8' encoding to copy filtered resources.
[INFO] Copying 1 resource
[INFO] 
[INFO] --- maven-compiler-plugin:3.8.1:testCompile (default-testCompile) @ zeebe-kafka-exporter ---
[INFO] Changes detected - recompiling the module!
[INFO] Compiling 10 source files to /home/gabsko/breaking-updates/exporter/target/test-classes
[INFO] 
[INFO] --- maven-surefire-plugin:3.0.0-M5:test (default-test) @ zeebe-kafka-exporter ---
[INFO] 
[INFO] -------------------------------------------------------
[INFO]  T E S T S
[INFO] -------------------------------------------------------
[INFO] Running io.zeebe.exporters.kafka.producer.BoundedTransactionRecordBatchTest
[INFO] Running io.zeebe.exporters.kafka.KafkaExporterTest
[INFO] Running io.zeebe.exporters.kafka.config.parser.RawProducerConfigParserTest
[INFO] Running io.zeebe.exporters.kafka.record.RecordHandlerTest
[INFO] Running io.zeebe.exporters.kafka.config.parser.RawRecordConfigParserTest
[INFO] Running io.zeebe.exporters.kafka.config.parser.RawConfigParserTest
[INFO] Running io.zeebe.exporters.kafka.config.parser.RawRecordsConfigParserTest
[INFO] Tests run: 14, Failures: 0, Errors: 0, Skipped: 0, Time elapsed: 0.175 s - in io.zeebe.exporters.kafka.config.parser.RawConfigParserTest
[INFO] Tests run: 0, Failures: 0, Errors: 0, Skipped: 0, Time elapsed: 0.177 s - in io.zeebe.exporters.kafka.config.parser.RawRecordsConfigParserTest
[INFO] Tests run: 0, Failures: 0, Errors: 0, Skipped: 0, Time elapsed: 0.179 s - in io.zeebe.exporters.kafka.config.parser.RawRecordConfigParserTest
[INFO] Tests run: 0, Failures: 0, Errors: 0, Skipped: 0, Time elapsed: 0.18 s - in io.zeebe.exporters.kafka.config.parser.RawProducerConfigParserTest
[INFO] Tests run: 41, Failures: 0, Errors: 0, Skipped: 0, Time elapsed: 0.348 s - in io.zeebe.exporters.kafka.record.RecordHandlerTest
[INFO] Tests run: 4, Failures: 0, Errors: 0, Skipped: 0, Time elapsed: 0.348 s - in io.zeebe.exporters.kafka.KafkaExporterTest
[INFO] Tests run: 0, Failures: 0, Errors: 0, Skipped: 0, Time elapsed: 0.353 s - in io.zeebe.exporters.kafka.producer.BoundedTransactionRecordBatchTest
[INFO] 
[INFO] Results:
[INFO] 
[INFO] Tests run: 59, Failures: 0, Errors: 0, Skipped: 0
[INFO] 
[INFO] 
[INFO] ------------------< io.zeebe:zeebe-kafka-exporter-qa >------------------
[INFO] Building Zeebe Kafka Exporter QA 3.0.0-SNAPSHOT                    [4/4]
[INFO] --------------------------------[ jar ]---------------------------------
[INFO] 
[INFO] --- maven-clean-plugin:3.1.0:clean (default-clean) @ zeebe-kafka-exporter-qa ---
[INFO] Deleting /home/gabsko/breaking-updates/qa/target
[INFO] 
[INFO] --- maven-checkstyle-plugin:3.1.2:check (validate-java) @ zeebe-kafka-exporter-qa ---
[INFO] You have 0 Checkstyle violations.
[INFO] 
[INFO] --- maven-enforcer-plugin:3.0.0-M3:enforce (enforce-dependency-convergence) @ zeebe-kafka-exporter-qa ---
[INFO] 
[INFO] >>> maven-dependency-plugin:3.1.2:analyze (default) > test-compile @ zeebe-kafka-exporter-qa >>>
[INFO] 
[INFO] --- maven-checkstyle-plugin:3.1.2:check (validate-java) @ zeebe-kafka-exporter-qa ---
[INFO] You have 0 Checkstyle violations.
[INFO] 
[INFO] --- maven-enforcer-plugin:3.0.0-M3:enforce (enforce-dependency-convergence) @ zeebe-kafka-exporter-qa ---
[INFO] 
[INFO] --- fmt-maven-plugin:2.10:format (default) @ zeebe-kafka-exporter-qa ---
[WARNING] Source directory '/home/gabsko/breaking-updates/qa/src/main/java' does not exist, ignoring.
[INFO] File '/home/gabsko/breaking-updates/qa/src/test/java/io/zeebe/exporters/kafka/qa' is a directory. Skipping.
[INFO] File '/home/gabsko/breaking-updates/qa/src/test/java/io/zeebe/exporters/kafka' is a directory. Skipping.
[INFO] File '/home/gabsko/breaking-updates/qa/src/test/java/io' is a directory. Skipping.
[INFO] File '/home/gabsko/breaking-updates/qa/src/test/java/io/zeebe' is a directory. Skipping.
[INFO] File '/home/gabsko/breaking-updates/qa/src/test/java' is a directory. Skipping.
[INFO] File '/home/gabsko/breaking-updates/qa/src/test/java/io/zeebe/exporters' is a directory. Skipping.
[INFO] Processed 3 files (0 reformatted).
[INFO] 
[INFO] --- maven-resources-plugin:2.6:resources (default-resources) @ zeebe-kafka-exporter-qa ---
[INFO] Using 'UTF-8' encoding to copy filtered resources.
[INFO] skip non existing resourceDirectory /home/gabsko/breaking-updates/qa/src/main/resources
[INFO] 
[INFO] --- maven-compiler-plugin:3.8.1:compile (default-compile) @ zeebe-kafka-exporter-qa ---
[INFO] No sources to compile
[INFO] 
[INFO] --- license-maven-plugin:4.1:format (add-license) @ zeebe-kafka-exporter-qa ---
[INFO] Updating license headers...
[INFO] 
[INFO] --- maven-resources-plugin:2.6:testResources (default-testResources) @ zeebe-kafka-exporter-qa ---
[INFO] Using 'UTF-8' encoding to copy filtered resources.
[INFO] Copying 3 resources
[INFO] 
[INFO] --- maven-compiler-plugin:3.8.1:testCompile (default-testCompile) @ zeebe-kafka-exporter-qa ---
[INFO] Changes detected - recompiling the module!
[INFO] Compiling 3 source files to /home/gabsko/breaking-updates/qa/target/test-classes
[INFO] 
[INFO] <<< maven-dependency-plugin:3.1.2:analyze (default) < test-compile @ zeebe-kafka-exporter-qa <<<
[INFO] 
[INFO] 
[INFO] --- maven-dependency-plugin:3.1.2:analyze (default) @ zeebe-kafka-exporter-qa ---
[INFO] No dependency problems found
[INFO] 
[INFO] --- fmt-maven-plugin:2.10:format (default) @ zeebe-kafka-exporter-qa ---
[WARNING] Source directory '/home/gabsko/breaking-updates/qa/src/main/java' does not exist, ignoring.
[INFO] File '/home/gabsko/breaking-updates/qa/src/test/java/io/zeebe/exporters/kafka/qa' is a directory. Skipping.
[INFO] File '/home/gabsko/breaking-updates/qa/src/test/java/io/zeebe/exporters/kafka' is a directory. Skipping.
[INFO] File '/home/gabsko/breaking-updates/qa/src/test/java/io/zeebe' is a directory. Skipping.
[INFO] File '/home/gabsko/breaking-updates/qa/src/test/java' is a directory. Skipping.
[INFO] File '/home/gabsko/breaking-updates/qa/src/test/java/io/zeebe/exporters' is a directory. Skipping.
[INFO] File '/home/gabsko/breaking-updates/qa/src/test/java/io' is a directory. Skipping.
[INFO] Processed 3 files (0 reformatted).
[INFO] 
[INFO] --- maven-resources-plugin:2.6:resources (default-resources) @ zeebe-kafka-exporter-qa ---
[INFO] Using 'UTF-8' encoding to copy filtered resources.
[INFO] skip non existing resourceDirectory /home/gabsko/breaking-updates/qa/src/main/resources
[INFO] 
[INFO] --- maven-compiler-plugin:3.8.1:compile (default-compile) @ zeebe-kafka-exporter-qa ---
[INFO] No sources to compile
[INFO] 
[INFO] --- license-maven-plugin:4.1:format (add-license) @ zeebe-kafka-exporter-qa ---
[INFO] Updating license headers...
[INFO] 
[INFO] --- maven-resources-plugin:2.6:testResources (default-testResources) @ zeebe-kafka-exporter-qa ---
[INFO] Using 'UTF-8' encoding to copy filtered resources.
[INFO] Copying 3 resources
[INFO] 
[INFO] --- maven-compiler-plugin:3.8.1:testCompile (default-testCompile) @ zeebe-kafka-exporter-qa ---
[INFO] Changes detected - recompiling the module!
[INFO] Compiling 3 source files to /home/gabsko/breaking-updates/qa/target/test-classes
[INFO] 
[INFO] --- maven-surefire-plugin:3.0.0-M5:test (default-test) @ zeebe-kafka-exporter-qa ---
[INFO] ------------------------------------------------------------------------
[INFO] Reactor Summary for Zeebe Kafka Exporter Root 3.0.0-SNAPSHOT:
[INFO] 
[INFO] Zeebe Kafka Exporter Root .......................... SUCCESS [  1.255 s]
[INFO] Zeebe Kafka Exporter Serialization ................. SUCCESS [  2.581 s]
[INFO] Zeebe Kafka Exporter ............................... SUCCESS [  3.657 s]
[INFO] Zeebe Kafka Exporter QA ............................ SUCCESS [  0.703 s]
[INFO] ------------------------------------------------------------------------
[INFO] BUILD SUCCESS
[INFO] ------------------------------------------------------------------------
[INFO] Total time:  8.673 s
[INFO] Finished at: 2023-02-08T17:18:20Z
[INFO] ------------------------------------------------------------------------
