[INFO] Scanning for projects...
[INFO] Inspecting build with total of 8 modules...
[INFO] Installing Nexus Staging features:
[INFO]   ... total of 8 executions of maven-deploy-plugin replaced with nexus-staging-maven-plugin
[INFO] ------------------------------------------------------------------------
[INFO] Reactor Build Order:
[INFO] 
[INFO] PrimeFaces Parent                                                  [pom]
[INFO] PrimeFaces                                                         [jar]
[INFO] PrimeFaces Showcase                                                [war]
[INFO] PrimeFaces Selenium                                                [pom]
[INFO] PrimeFaces Selenium - Core                                         [jar]
[INFO] PrimeFaces Selenium - Components                                   [jar]
[INFO] PrimeFaces Integration Tests                                       [war]
[INFO] PrimeFaces CLI                                                     [jar]
[INFO] 
[INFO] ------------------< org.primefaces:primefaces-parent >------------------
[INFO] Building PrimeFaces Parent 12.0.0-SNAPSHOT                         [1/8]
[INFO] --------------------------------[ pom ]---------------------------------
[INFO] 
[INFO] --- maven-clean-plugin:2.5:clean (default-clean) @ primefaces-parent ---
[INFO] Deleting /home/gabsko/breaking-updates/target
[INFO] 
[INFO] --- maven-checkstyle-plugin:3.1.2:check (checkstyle) @ primefaces-parent ---
[INFO] Starting audit...
Audit done.
[INFO] You have 0 Checkstyle violations.
[INFO] 
[INFO] --- maven-checkstyle-plugin:3.1.2:check (checkstyle-tests) @ primefaces-parent ---
[INFO] Starting audit...
Audit done.
[INFO] You have 0 Checkstyle violations.
[INFO] 
[INFO] ---------------------< org.primefaces:primefaces >----------------------
[INFO] Building PrimeFaces 12.0.0-SNAPSHOT                                [2/8]
[INFO] --------------------------------[ jar ]---------------------------------
[INFO] 
[INFO] --- maven-clean-plugin:3.1.0:clean (default-clean) @ primefaces ---
[INFO] Deleting /home/gabsko/breaking-updates/primefaces/target
[INFO] 
[INFO] --- build-helper-maven-plugin:3.3.0:parse-version (parse-version) @ primefaces ---
[INFO] 
[INFO] --- maven-checkstyle-plugin:3.1.2:check (checkstyle) @ primefaces ---
[INFO] Starting audit...
Audit done.
[INFO] You have 0 Checkstyle violations.
[INFO] 
[INFO] --- maven-checkstyle-plugin:3.1.2:check (checkstyle-tests) @ primefaces ---
[INFO] Starting audit...
Audit done.
[INFO] You have 0 Checkstyle violations.
[INFO] 
[INFO] --- license-maven-plugin:2.0.0:add-third-party (add-third-party) @ primefaces ---
[INFO] Writing third-party file to /home/gabsko/breaking-updates/primefaces/target/classes/META-INF/licenses/THIRD-PARTY.txt
[INFO] 
[INFO] --- maven-resources-plugin:3.2.0:resources (default-resources) @ primefaces ---
[INFO] Using 'UTF-8' encoding to copy filtered resources.
[INFO] Using 'UTF-8' encoding to copy filtered properties files.
[INFO] Copying 427 resources
[INFO] Copying 1 resource
[INFO] 
[INFO] --- yuicompressor-maven-plugin:1.5.1:compress (default) @ primefaces ---
[INFO] generate aggregation : /home/gabsko/breaking-updates/primefaces/target/classes/META-INF/resources/primefaces/components.css
[INFO] components.css (137922b)
[INFO] generate aggregation : /home/gabsko/breaking-updates/primefaces/target/classes/META-INF/resources/primefaces/core.js
[INFO] core.js (295199b)
[INFO] generate aggregation : /home/gabsko/breaking-updates/primefaces/target/classes/META-INF/resources/primefaces/components.js
[INFO] components.js (1368764b)
[INFO] generate aggregation : /home/gabsko/breaking-updates/primefaces/target/classes/META-INF/resources/primefaces/validation/validation.js
[INFO] validation.js (65901b)
[INFO] generate aggregation : /home/gabsko/breaking-updates/primefaces/target/classes/META-INF/resources/primefaces/imagecropper/imagecropper.js
[INFO] imagecropper.js (120468b)
[INFO] generate aggregation : /home/gabsko/breaking-updates/primefaces/target/classes/META-INF/resources/primefaces/inputmask/inputmask.js
[INFO] inputmask.js (102109b)
[INFO] generate aggregation : /home/gabsko/breaking-updates/primefaces/target/classes/META-INF/resources/primefaces/inputnumber/inputnumber.js
[INFO] inputnumber.js (683781b)
[INFO] generate aggregation : /home/gabsko/breaking-updates/primefaces/target/classes/META-INF/resources/primefaces/keyboard/keyboard.js
[INFO] keyboard.js (61920b)
[INFO] generate aggregation : /home/gabsko/breaking-updates/primefaces/target/classes/META-INF/resources/primefaces/keyfilter/keyfilter.js
[INFO] keyfilter.js (7553b)
[INFO] generate aggregation : /home/gabsko/breaking-updates/primefaces/target/classes/META-INF/resources/primefaces/knob/knob.js
[INFO] knob.js (40614b)
[INFO] generate aggregation : /home/gabsko/breaking-updates/primefaces/target/classes/META-INF/resources/primefaces/chartjs/chartjs.js
[INFO] chartjs.js (201907b)
[INFO] generate aggregation : /home/gabsko/breaking-updates/primefaces/target/classes/META-INF/resources/primefaces/signature/signature.js
[INFO] signature.js (20830b)
[INFO] generate aggregation : /home/gabsko/breaking-updates/primefaces/target/classes/META-INF/resources/primefaces/scrollpanel/scrollpanel.js
[INFO] scrollpanel.js (57996b)
[INFO] generate aggregation : /home/gabsko/breaking-updates/primefaces/target/classes/META-INF/resources/primefaces/timeline/timeline.js
[INFO] timeline.js (588635b)
[INFO] generate aggregation : /home/gabsko/breaking-updates/primefaces/target/classes/META-INF/resources/primefaces/idlemonitor/idlemonitor.js
[INFO] idlemonitor.js (16021b)
[INFO] generate aggregation : /home/gabsko/breaking-updates/primefaces/target/classes/META-INF/resources/primefaces/charts/charts.js
[INFO] charts.js (891842b)
[INFO] generate aggregation : /home/gabsko/breaking-updates/primefaces/target/classes/META-INF/resources/primefaces/jquery/jquery-plugins.js
[INFO] jquery-plugins.js (667262b)
[INFO] generate aggregation : /home/gabsko/breaking-updates/primefaces/target/classes/META-INF/resources/primefaces/colorpicker/colorpicker.js
[INFO] colorpicker.js (31920b)
[INFO] generate aggregation : /home/gabsko/breaking-updates/primefaces/target/classes/META-INF/resources/primefaces/diagram/diagram.js
[INFO] diagram.js (224588b)
[INFO] generate aggregation : /home/gabsko/breaking-updates/primefaces/target/classes/META-INF/resources/primefaces/diagram/diagram.css
[INFO] diagram.css (16059b)
[INFO] generate aggregation : /home/gabsko/breaking-updates/primefaces/target/classes/META-INF/resources/primefaces/fileupload/fileupload.js
[INFO] fileupload.js (113600b)
[INFO] generate aggregation : /home/gabsko/breaking-updates/primefaces/target/classes/META-INF/resources/primefaces/schedule/schedule.js
[INFO] schedule.js (308369b)
[INFO] generate aggregation : /home/gabsko/breaking-updates/primefaces/target/classes/META-INF/resources/primefaces/schedule/schedule.css
[INFO] schedule.css (38013b)
[INFO] generate aggregation : /home/gabsko/breaking-updates/primefaces/target/classes/META-INF/resources/primefaces/datepicker/datepicker.js
[INFO] datepicker.js (127120b)
[INFO] generate aggregation : /home/gabsko/breaking-updates/primefaces/target/classes/META-INF/resources/primefaces/texteditor/texteditor.js
[INFO] texteditor.js (223983b)
[INFO] generate aggregation : /home/gabsko/breaking-updates/primefaces/target/classes/META-INF/resources/primefaces/texteditor/texteditor.css
[INFO] texteditor.css (24873b)
[INFO] generate aggregation : /home/gabsko/breaking-updates/primefaces/target/classes/META-INF/resources/primefaces/filedownload/filedownload.js
[INFO] filedownload.js (7339b)
[INFO] generate aggregation : /home/gabsko/breaking-updates/primefaces/target/classes/META-INF/resources/primefaces/galleria/galleria.js
[INFO] galleria.js (46537b)
[INFO] nb warnings: 0, nb errors: 0
[INFO] 
[INFO] --- maven-compiler-plugin:3.9.0:compile (default-compile) @ primefaces ---
[INFO] Changes detected - recompiling the module!
[INFO] Compiling 1187 source files to /home/gabsko/breaking-updates/primefaces/target/classes
[WARNING] bootstrap class path not set in conjunction with -source 8
[INFO] /home/gabsko/breaking-updates/primefaces/src/main/java/org/primefaces/cache/EHCache3Provider.java: Some input files use unchecked or unsafe operations.
[INFO] /home/gabsko/breaking-updates/primefaces/src/main/java/org/primefaces/cache/EHCache3Provider.java: Recompile with -Xlint:unchecked for details.
[INFO] 
[INFO] --- maven-bundle-plugin:5.1.4:manifest (bundle-manifest) @ primefaces ---
[WARNING] Manifest org.primefaces:primefaces:jar:12.0.0-SNAPSHOT : Unused Import-Package instructions: [javax.faces.component.search.*, javax.inject.*, javax.enterprise.*] 
[INFO] Writing manifest: /home/gabsko/breaking-updates/primefaces/target/classes/META-INF/MANIFEST.MF
[INFO] 
[INFO] --- maven-resources-plugin:3.2.0:testResources (default-testResources) @ primefaces ---
[INFO] Using 'UTF-8' encoding to copy filtered resources.
[INFO] Using 'UTF-8' encoding to copy filtered properties files.
[INFO] Copying 8 resources
[INFO] 
[INFO] --- maven-compiler-plugin:3.9.0:testCompile (default-testCompile) @ primefaces ---
[INFO] Changes detected - recompiling the module!
[INFO] Compiling 62 source files to /home/gabsko/breaking-updates/primefaces/target/test-classes
[INFO] /home/gabsko/breaking-updates/primefaces/src/test/java/org/primefaces/mock/ApplicationMock.java: Some input files use or override a deprecated API.
[INFO] /home/gabsko/breaking-updates/primefaces/src/test/java/org/primefaces/mock/ApplicationMock.java: Recompile with -Xlint:deprecation for details.
[INFO] /home/gabsko/breaking-updates/primefaces/src/test/java/org/primefaces/component/inputnumber/InputNumberTest.java: Some input files use unchecked or unsafe operations.
[INFO] /home/gabsko/breaking-updates/primefaces/src/test/java/org/primefaces/component/inputnumber/InputNumberTest.java: Recompile with -Xlint:unchecked for details.
[INFO] 
[INFO] --- maven-surefire-plugin:3.0.0-M3:test (default-test) @ primefaces ---
[INFO] 
[INFO] -------------------------------------------------------
[INFO]  T E S T S
[INFO] -------------------------------------------------------
[INFO] Running org.primefaces.model.DefaultDashboardModelTest
[INFO] Tests run: 3, Failures: 0, Errors: 0, Skipped: 0, Time elapsed: 0.028 s - in org.primefaces.model.DefaultDashboardModelTest
[INFO] Running org.primefaces.model.file.NativeUploadedFileTest
[INFO] Tests run: 14, Failures: 0, Errors: 0, Skipped: 0, Time elapsed: 0.001 s - in org.primefaces.model.file.NativeUploadedFileTest
[INFO] Running org.primefaces.model.ScheduleModelTest
[INFO] Tests run: 3, Failures: 0, Errors: 0, Skipped: 0, Time elapsed: 0.01 s - in org.primefaces.model.ScheduleModelTest
[INFO] Running org.primefaces.model.TreeNodeTest
[INFO] Tests run: 5, Failures: 0, Errors: 0, Skipped: 0, Time elapsed: 0.003 s - in org.primefaces.model.TreeNodeTest
[INFO] Running org.primefaces.model.CheckboxTreeNodeTest
[INFO] Tests run: 6, Failures: 0, Errors: 0, Skipped: 0, Time elapsed: 0.003 s - in org.primefaces.model.CheckboxTreeNodeTest
[INFO] Running org.primefaces.model.LazyDataModelIteratorTest

testIteratorWhileRemoveUnsupportedOperationException
Loading 2 items from offset 0

testOverloadedIteratorMultiSorting
Loading 2 items from offset 0

testIteratorPageSizeEqualToTotalItems
Loading 20 items from offset 0
0
1
2
3
4
5
6
7
8
9
10
11
12
13
14
15
16
17
18
19
Loading 20 items from offset 20

testIteratorPageSizeLessThanTotalItems
Loading 3 items from offset 0
0
1
2
Loading 3 items from offset 3
3
4
5
Loading 3 items from offset 6
6
7
8
Loading 3 items from offset 9
9

testIteratorWhileNoSuchElementException

testIteratorPageSizeGreaterThanTotalItems
Loading 10 items from offset 0
0
1
2
3
4
5
6
7
8

testIteratorWhileHasNext
Loading 10 items from offset 0
0
1
2
3
4

testOverloadedIteratorSingleSorting
Loading 2 items from offset 0

testIteratorZeroTotalItems
Loading 10 items from offset 0
[INFO] Tests run: 9, Failures: 0, Errors: 0, Skipped: 0, Time elapsed: 0.018 s - in org.primefaces.model.LazyDataModelIteratorTest
[INFO] Running org.primefaces.config.WebXmlParserTest
[INFO] Tests run: 6, Failures: 0, Errors: 0, Skipped: 0, Time elapsed: 1.017 s - in org.primefaces.config.WebXmlParserTest
[INFO] Running org.primefaces.context.PrimePartialResponseWriterTest
[INFO] Tests run: 3, Failures: 0, Errors: 0, Skipped: 0, Time elapsed: 0.009 s - in org.primefaces.context.PrimePartialResponseWriterTest
[INFO] Running org.primefaces.json.JSONObjectTest
[INFO] Tests run: 4, Failures: 0, Errors: 0, Skipped: 0, Time elapsed: 0 s - in org.primefaces.json.JSONObjectTest
[INFO] Running org.primefaces.application.resource.MoveScriptsToBottomResponseWriterTest
[INFO] Tests run: 8, Failures: 0, Errors: 0, Skipped: 0, Time elapsed: 0.094 s - in org.primefaces.application.resource.MoveScriptsToBottomResponseWriterTest
[INFO] Running org.primefaces.application.PrimeExceptionHandlerTest
[INFO] Tests run: 4, Failures: 0, Errors: 0, Skipped: 0, Time elapsed: 0 s - in org.primefaces.application.PrimeExceptionHandlerTest
[INFO] Running org.primefaces.component.messages.MessagesRendererTest
[INFO] Tests run: 4, Failures: 0, Errors: 0, Skipped: 0, Time elapsed: 0.141 s - in org.primefaces.component.messages.MessagesRendererTest
[INFO] Running org.primefaces.component.effect.EffectBuilderTest
[INFO] Tests run: 3, Failures: 0, Errors: 0, Skipped: 0, Time elapsed: 0 s - in org.primefaces.component.effect.EffectBuilderTest
[INFO] Running org.primefaces.component.terminal.TerminalAutoCompleteTest
[INFO] Tests run: 8, Failures: 0, Errors: 0, Skipped: 0, Time elapsed: 0.023 s - in org.primefaces.component.terminal.TerminalAutoCompleteTest
[INFO] Running org.primefaces.component.imagecropper.ImageCropperRendererTest
[INFO] Tests run: 3, Failures: 0, Errors: 0, Skipped: 0, Time elapsed: 0.149 s - in org.primefaces.component.imagecropper.ImageCropperRendererTest
[INFO] Running org.primefaces.component.avatar.AvatarRendererTest
[INFO] Tests run: 10, Failures: 0, Errors: 0, Skipped: 0, Time elapsed: 0.097 s - in org.primefaces.component.avatar.AvatarRendererTest
[INFO] Running org.primefaces.component.feedreader.FeedReaderTest
[INFO] Tests run: 3, Failures: 0, Errors: 0, Skipped: 0, Time elapsed: 0.056 s - in org.primefaces.component.feedreader.FeedReaderTest
[INFO] Running org.primefaces.component.inputmask.InputMaskRendererTest
[INFO] Tests run: 1, Failures: 0, Errors: 0, Skipped: 0, Time elapsed: 0.001 s - in org.primefaces.component.inputmask.InputMaskRendererTest
[INFO] Running org.primefaces.component.inputmask.InputMaskTest
[INFO] Tests run: 2, Failures: 0, Errors: 0, Skipped: 0, Time elapsed: 0.006 s - in org.primefaces.component.inputmask.InputMaskTest
[INFO] Running org.primefaces.component.datepicker.DatePickerTest
[INFO] Tests run: 148, Failures: 0, Errors: 0, Skipped: 0, Time elapsed: 0.832 s - in org.primefaces.component.datepicker.DatePickerTest
[INFO] Running org.primefaces.component.inputnumber.InputNumberTest
[INFO] Tests run: 13, Failures: 0, Errors: 0, Skipped: 0, Time elapsed: 0.117 s - in org.primefaces.component.inputnumber.InputNumberTest
[INFO] Running org.primefaces.component.importconstants.ImportConstantsTagHandlerTest
h2override
[INFO] Tests run: 1, Failures: 0, Errors: 0, Skipped: 0, Time elapsed: 0 s - in org.primefaces.component.importconstants.ImportConstantsTagHandlerTest
[INFO] Running org.primefaces.component.datatable.DataTableTest
[INFO] Tests run: 3, Failures: 0, Errors: 0, Skipped: 0, Time elapsed: 0.125 s - in org.primefaces.component.datatable.DataTableTest
[INFO] Running org.primefaces.util.SecurityUtilsTest
[INFO] Tests run: 5, Failures: 0, Errors: 0, Skipped: 0, Time elapsed: 0.027 s - in org.primefaces.util.SecurityUtilsTest
[INFO] Running org.primefaces.util.ArrayUtilsTest
[INFO] Tests run: 1, Failures: 0, Errors: 0, Skipped: 0, Time elapsed: 0 s - in org.primefaces.util.ArrayUtilsTest
[INFO] Running org.primefaces.util.StyleBuilderTest
[INFO] Tests run: 7, Failures: 0, Errors: 0, Skipped: 0, Time elapsed: 0.002 s - in org.primefaces.util.StyleBuilderTest
[INFO] Running org.primefaces.util.FileUploadUtilsTest
Feb 09, 2023 1:07:05 AM org.primefaces.config.PrimeEnvironment resolveBuildVersion
SEVERE: PrimeFaces version not resolvable - Could not load pom.properties.
Feb 09, 2023 1:07:05 AM org.primefaces.config.PrimeEnvironment resolveBuildVersion
SEVERE: PrimeFaces version not resolvable - Could not load pom.properties.
Feb 09, 2023 1:07:05 AM org.primefaces.config.PrimeEnvironment resolveBuildVersion
SEVERE: PrimeFaces version not resolvable - Could not load pom.properties.
Feb 09, 2023 1:07:05 AM org.primefaces.config.PrimeEnvironment resolveBuildVersion
SEVERE: PrimeFaces version not resolvable - Could not load pom.properties.
Feb 09, 2023 1:07:05 AM org.primefaces.util.FileUploadUtils isValidFileName
WARNING: The uploaded filename test.bmp does not match the specified regex \.(gif|png|jpe?g)$
Feb 09, 2023 1:07:05 AM org.primefaces.config.PrimeEnvironment resolveBuildVersion
SEVERE: PrimeFaces version not resolvable - Could not load pom.properties.
Feb 09, 2023 1:07:05 AM org.primefaces.util.FileUploadUtils isValidFileName
WARNING: The uploaded filename adobe.pdf does not match the specified regex image
Feb 09, 2023 1:07:05 AM org.primefaces.config.PrimeEnvironment resolveBuildVersion
SEVERE: PrimeFaces version not resolvable - Could not load pom.properties.
Feb 09, 2023 1:07:05 AM org.primefaces.config.PrimeEnvironment resolveBuildVersion
SEVERE: PrimeFaces version not resolvable - Could not load pom.properties.
Feb 09, 2023 1:07:05 AM org.primefaces.config.PrimeEnvironment resolveBuildVersion
SEVERE: PrimeFaces version not resolvable - Could not load pom.properties.
Feb 09, 2023 1:07:05 AM org.primefaces.config.PrimeEnvironment resolveBuildVersion
SEVERE: PrimeFaces version not resolvable - Could not load pom.properties.
Feb 09, 2023 1:07:05 AM org.primefaces.config.PrimeEnvironment resolveBuildVersion
SEVERE: PrimeFaces version not resolvable - Could not load pom.properties.
Feb 09, 2023 1:07:05 AM org.primefaces.config.PrimeEnvironment resolveBuildVersion
SEVERE: PrimeFaces version not resolvable - Could not load pom.properties.
Feb 09, 2023 1:07:05 AM org.primefaces.config.PrimeEnvironment resolveBuildVersion
SEVERE: PrimeFaces version not resolvable - Could not load pom.properties.
[INFO] Tests run: 12, Failures: 0, Errors: 0, Skipped: 0, Time elapsed: 0.273 s - in org.primefaces.util.FileUploadUtilsTest
[INFO] Running org.primefaces.util.ComponentUtilsTest
[INFO] Tests run: 8, Failures: 0, Errors: 0, Skipped: 0, Time elapsed: 0.057 s - in org.primefaces.util.ComponentUtilsTest
[INFO] Running org.primefaces.util.CurrencyValidatorTest
[INFO] Tests run: 6, Failures: 0, Errors: 0, Skipped: 0, Time elapsed: 0.021 s - in org.primefaces.util.CurrencyValidatorTest
[INFO] Running org.primefaces.util.LocaleUtilsTest
[INFO] Tests run: 3, Failures: 0, Errors: 0, Skipped: 0, Time elapsed: 0 s - in org.primefaces.util.LocaleUtilsTest
[INFO] Running org.primefaces.util.WidgetBuilderTest
Feb 09, 2023 1:07:05 AM org.primefaces.config.PrimeEnvironment resolveBuildVersion
SEVERE: PrimeFaces version not resolvable - Could not load pom.properties.
Feb 09, 2023 1:07:05 AM org.primefaces.config.PrimeEnvironment resolveBuildVersion
SEVERE: PrimeFaces version not resolvable - Could not load pom.properties.
Feb 09, 2023 1:07:05 AM org.primefaces.config.PrimeEnvironment resolveBuildVersion
SEVERE: PrimeFaces version not resolvable - Could not load pom.properties.
Feb 09, 2023 1:07:05 AM org.primefaces.config.PrimeEnvironment resolveBuildVersion
SEVERE: PrimeFaces version not resolvable - Could not load pom.properties.
Feb 09, 2023 1:07:05 AM org.primefaces.config.PrimeEnvironment resolveBuildVersion
SEVERE: PrimeFaces version not resolvable - Could not load pom.properties.
Feb 09, 2023 1:07:05 AM org.primefaces.config.PrimeEnvironment resolveBuildVersion
SEVERE: PrimeFaces version not resolvable - Could not load pom.properties.
Feb 09, 2023 1:07:05 AM org.primefaces.config.PrimeEnvironment resolveBuildVersion
SEVERE: PrimeFaces version not resolvable - Could not load pom.properties.
Feb 09, 2023 1:07:05 AM org.primefaces.config.PrimeEnvironment resolveBuildVersion
SEVERE: PrimeFaces version not resolvable - Could not load pom.properties.
[INFO] Tests run: 8, Failures: 0, Errors: 0, Skipped: 0, Time elapsed: 0.086 s - in org.primefaces.util.WidgetBuilderTest
[INFO] Running org.primefaces.util.LangUtilsTest
[INFO] Tests run: 9, Failures: 0, Errors: 0, Skipped: 0, Time elapsed: 0.003 s - in org.primefaces.util.LangUtilsTest
[INFO] Running org.primefaces.util.EscapeUtilsTest
[INFO] Tests run: 3, Failures: 0, Errors: 0, Skipped: 0, Time elapsed: 0.016 s - in org.primefaces.util.EscapeUtilsTest
[INFO] Running org.primefaces.util.CalendarUtilsTest
[INFO] Tests run: 15, Failures: 0, Errors: 0, Skipped: 0, Time elapsed: 0.156 s - in org.primefaces.util.CalendarUtilsTest
[INFO] Running org.primefaces.util.ComponentTraversalUtilsTest
[INFO] Tests run: 2, Failures: 0, Errors: 0, Skipped: 0, Time elapsed: 0.001 s - in org.primefaces.util.ComponentTraversalUtilsTest
[INFO] Running org.primefaces.util.HtmlSanitizerTest
[INFO] Tests run: 3, Failures: 0, Errors: 0, Skipped: 0, Time elapsed: 0.062 s - in org.primefaces.util.HtmlSanitizerTest
[INFO] Running org.primefaces.util.ResourceUtilsTest
[INFO] Tests run: 2, Failures: 0, Errors: 0, Skipped: 0, Time elapsed: 0 s - in org.primefaces.util.ResourceUtilsTest
[INFO] Running org.primefaces.convert.DateTimePatternConverterTest
Feb 09, 2023 1:07:05 AM org.primefaces.convert.CombinedDateTimePatternTokenVisitor visitTokenLetter
WARNING: Found unsupported letter 'G' in pattern. Date / times will be formatted differently on the server and client. Use a different pattern.
Feb 09, 2023 1:07:05 AM org.primefaces.convert.CombinedDateTimePatternTokenVisitor visitTokenLetter
WARNING: Found unsupported letter 'K' in pattern. Date / times will be formatted differently on the server and client. Use a different pattern.
Feb 09, 2023 1:07:05 AM org.primefaces.convert.CombinedDateTimePatternTokenVisitor visitTokenLetter
WARNING: Found unsupported letter 'G' in pattern. Date / times will be formatted differently on the server and client. Use a different pattern.
Feb 09, 2023 1:07:05 AM org.primefaces.convert.CombinedDateTimePatternTokenVisitor visitTokenLetter
WARNING: Found unsupported letter 'Y' in pattern. Date / times will be formatted differently on the server and client. Use a different pattern.
Feb 09, 2023 1:07:05 AM org.primefaces.convert.CombinedDateTimePatternTokenVisitor visitTokenLetter
WARNING: Found unsupported letter 'w' in pattern. Date / times will be formatted differently on the server and client. Use a different pattern.
Feb 09, 2023 1:07:05 AM org.primefaces.convert.CombinedDateTimePatternTokenVisitor visitTokenLetter
WARNING: Found unsupported letter 'A' in pattern. Date / times will be formatted differently on the server and client. Use a different pattern.
Feb 09, 2023 1:07:05 AM org.primefaces.convert.CombinedDateTimePatternTokenVisitor visitTokenLetter
WARNING: Found unsupported letter 'B' in pattern. Date / times will be formatted differently on the server and client. Use a different pattern.
Feb 09, 2023 1:07:05 AM org.primefaces.convert.CombinedDateTimePatternTokenVisitor visitTokenLetter
WARNING: Found unsupported letter 'C' in pattern. Date / times will be formatted differently on the server and client. Use a different pattern.
Feb 09, 2023 1:07:05 AM org.primefaces.convert.CombinedDateTimePatternTokenVisitor visitTokenLetter
WARNING: Found unsupported letter 'F' in pattern. Date / times will be formatted differently on the server and client. Use a different pattern.
Feb 09, 2023 1:07:05 AM org.primefaces.convert.CombinedDateTimePatternTokenVisitor visitTokenLetter
WARNING: Found unsupported letter 'G' in pattern. Date / times will be formatted differently on the server and client. Use a different pattern.
Feb 09, 2023 1:07:05 AM org.primefaces.convert.CombinedDateTimePatternTokenVisitor visitTokenLetter
WARNING: Found unsupported letter 'I' in pattern. Date / times will be formatted differently on the server and client. Use a different pattern.
Feb 09, 2023 1:07:05 AM org.primefaces.convert.CombinedDateTimePatternTokenVisitor visitTokenLetter
WARNING: Found unsupported letter 'J' in pattern. Date / times will be formatted differently on the server and client. Use a different pattern.
Feb 09, 2023 1:07:05 AM org.primefaces.convert.CombinedDateTimePatternTokenVisitor visitTokenLetter
WARNING: Found unsupported letter 'K' in pattern. Date / times will be formatted differently on the server and client. Use a different pattern.
Feb 09, 2023 1:07:05 AM org.primefaces.convert.CombinedDateTimePatternTokenVisitor visitTokenLetter
WARNING: Found unsupported letter 'L' in pattern. Date / times will be formatted differently on the server and client. Use a different pattern.
Feb 09, 2023 1:07:05 AM org.primefaces.convert.CombinedDateTimePatternTokenVisitor visitTokenLetter
WARNING: Found unsupported letter 'N' in pattern. Date / times will be formatted differently on the server and client. Use a different pattern.
Feb 09, 2023 1:07:05 AM org.primefaces.convert.CombinedDateTimePatternTokenVisitor visitTokenLetter
WARNING: Found unsupported letter 'O' in pattern. Date / times will be formatted differently on the server and client. Use a different pattern.
Feb 09, 2023 1:07:05 AM org.primefaces.convert.CombinedDateTimePatternTokenVisitor visitTokenLetter
WARNING: Found unsupported letter 'P' in pattern. Date / times will be formatted differently on the server and client. Use a different pattern.
Feb 09, 2023 1:07:05 AM org.primefaces.convert.CombinedDateTimePatternTokenVisitor visitTokenLetter
WARNING: Found unsupported letter 'Q' in pattern. Date / times will be formatted differently on the server and client. Use a different pattern.
Feb 09, 2023 1:07:05 AM org.primefaces.convert.CombinedDateTimePatternTokenVisitor visitTokenLetter
WARNING: Found unsupported letter 'R' in pattern. Date / times will be formatted differently on the server and client. Use a different pattern.
Feb 09, 2023 1:07:05 AM org.primefaces.convert.CombinedDateTimePatternTokenVisitor visitTokenLetter
WARNING: Found unsupported letter 'T' in pattern. Date / times will be formatted differently on the server and client. Use a different pattern.
Feb 09, 2023 1:07:05 AM org.primefaces.convert.CombinedDateTimePatternTokenVisitor visitTokenLetter
WARNING: Found unsupported letter 'U' in pattern. Date / times will be formatted differently on the server and client. Use a different pattern.
Feb 09, 2023 1:07:05 AM org.primefaces.convert.CombinedDateTimePatternTokenVisitor visitTokenLetter
WARNING: Found unsupported letter 'V' in pattern. Date / times will be formatted differently on the server and client. Use a different pattern.
Feb 09, 2023 1:07:05 AM org.primefaces.convert.CombinedDateTimePatternTokenVisitor visitTokenLetter
WARNING: Found unsupported letter 'W' in pattern. Date / times will be formatted differently on the server and client. Use a different pattern.
Feb 09, 2023 1:07:05 AM org.primefaces.convert.CombinedDateTimePatternTokenVisitor visitTokenLetter
WARNING: Found unsupported letter 'Y' in pattern. Date / times will be formatted differently on the server and client. Use a different pattern.
Feb 09, 2023 1:07:05 AM org.primefaces.convert.CombinedDateTimePatternTokenVisitor visitTokenLetter
WARNING: Found unsupported letter 'b' in pattern. Date / times will be formatted differently on the server and client. Use a different pattern.
Feb 09, 2023 1:07:05 AM org.primefaces.convert.CombinedDateTimePatternTokenVisitor visitTokenLetter
WARNING: Found unsupported letter 'c' in pattern. Date / times will be formatted differently on the server and client. Use a different pattern.
Feb 09, 2023 1:07:05 AM org.primefaces.convert.CombinedDateTimePatternTokenVisitor visitTokenLetter
WARNING: Found unsupported letter 'e' in pattern. Date / times will be formatted differently on the server and client. Use a different pattern.
Feb 09, 2023 1:07:05 AM org.primefaces.convert.CombinedDateTimePatternTokenVisitor visitTokenLetter
WARNING: Found unsupported letter 'f' in pattern. Date / times will be formatted differently on the server and client. Use a different pattern.
Feb 09, 2023 1:07:05 AM org.primefaces.convert.CombinedDateTimePatternTokenVisitor visitTokenLetter
WARNING: Found unsupported letter 'g' in pattern. Date / times will be formatted differently on the server and client. Use a different pattern.
Feb 09, 2023 1:07:05 AM org.primefaces.convert.CombinedDateTimePatternTokenVisitor visitTokenLetter
WARNING: Found unsupported letter 'i' in pattern. Date / times will be formatted differently on the server and client. Use a different pattern.
Feb 09, 2023 1:07:05 AM org.primefaces.convert.CombinedDateTimePatternTokenVisitor visitTokenLetter
WARNING: Found unsupported letter 'j' in pattern. Date / times will be formatted differently on the server and client. Use a different pattern.
Feb 09, 2023 1:07:05 AM org.primefaces.convert.CombinedDateTimePatternTokenVisitor visitTokenLetter
WARNING: Found unsupported letter 'k' in pattern. Date / times will be formatted differently on the server and client. Use a different pattern.
Feb 09, 2023 1:07:05 AM org.primefaces.convert.CombinedDateTimePatternTokenVisitor visitTokenLetter
WARNING: Found unsupported letter 'l' in pattern. Date / times will be formatted differently on the server and client. Use a different pattern.
Feb 09, 2023 1:07:05 AM org.primefaces.convert.CombinedDateTimePatternTokenVisitor visitTokenLetter
WARNING: Found unsupported letter 'n' in pattern. Date / times will be formatted differently on the server and client. Use a different pattern.
Feb 09, 2023 1:07:05 AM org.primefaces.convert.CombinedDateTimePatternTokenVisitor visitTokenLetter
WARNING: Found unsupported letter 'o' in pattern. Date / times will be formatted differently on the server and client. Use a different pattern.
Feb 09, 2023 1:07:05 AM org.primefaces.convert.CombinedDateTimePatternTokenVisitor visitTokenLetter
WARNING: Found unsupported letter 'p' in pattern. Date / times will be formatted differently on the server and client. Use a different pattern.
Feb 09, 2023 1:07:05 AM org.primefaces.convert.CombinedDateTimePatternTokenVisitor visitTokenLetter
WARNING: Found unsupported letter 'q' in pattern. Date / times will be formatted differently on the server and client. Use a different pattern.
Feb 09, 2023 1:07:05 AM org.primefaces.convert.CombinedDateTimePatternTokenVisitor visitTokenLetter
WARNING: Found unsupported letter 'r' in pattern. Date / times will be formatted differently on the server and client. Use a different pattern.
Feb 09, 2023 1:07:05 AM org.primefaces.convert.CombinedDateTimePatternTokenVisitor visitTokenLetter
WARNING: Found unsupported letter 't' in pattern. Date / times will be formatted differently on the server and client. Use a different pattern.
Feb 09, 2023 1:07:05 AM org.primefaces.convert.CombinedDateTimePatternTokenVisitor visitTokenLetter
WARNING: Found unsupported letter 'v' in pattern. Date / times will be formatted differently on the server and client. Use a different pattern.
Feb 09, 2023 1:07:05 AM org.primefaces.convert.CombinedDateTimePatternTokenVisitor visitTokenLetter
WARNING: Found unsupported letter 'w' in pattern. Date / times will be formatted differently on the server and client. Use a different pattern.
Feb 09, 2023 1:07:05 AM org.primefaces.convert.CombinedDateTimePatternTokenVisitor visitTokenLetter
WARNING: Found unsupported letter 'x' in pattern. Date / times will be formatted differently on the server and client. Use a different pattern.
Feb 09, 2023 1:07:05 AM org.primefaces.convert.CombinedDateTimePatternTokenVisitor visitTokenLetter
WARNING: Found unsupported letter 'A' in pattern. Date / times will be formatted differently on the server and client. Use a different pattern.
Feb 09, 2023 1:07:05 AM org.primefaces.convert.CombinedDateTimePatternTokenVisitor visitTokenLetter
WARNING: Found unsupported letter 'B' in pattern. Date / times will be formatted differently on the server and client. Use a different pattern.
Feb 09, 2023 1:07:05 AM org.primefaces.convert.CombinedDateTimePatternTokenVisitor visitTokenLetter
WARNING: Found unsupported letter 'C' in pattern. Date / times will be formatted differently on the server and client. Use a different pattern.
Feb 09, 2023 1:07:05 AM org.primefaces.convert.CombinedDateTimePatternTokenVisitor visitTokenLetter
WARNING: Found unsupported letter 'F' in pattern. Date / times will be formatted differently on the server and client. Use a different pattern.
Feb 09, 2023 1:07:05 AM org.primefaces.convert.CombinedDateTimePatternTokenVisitor visitTokenLetter
WARNING: Found unsupported letter 'G' in pattern. Date / times will be formatted differently on the server and client. Use a different pattern.
Feb 09, 2023 1:07:05 AM org.primefaces.convert.CombinedDateTimePatternTokenVisitor visitTokenLetter
WARNING: Found unsupported letter 'I' in pattern. Date / times will be formatted differently on the server and client. Use a different pattern.
Feb 09, 2023 1:07:05 AM org.primefaces.convert.CombinedDateTimePatternTokenVisitor visitTokenLetter
WARNING: Found unsupported letter 'J' in pattern. Date / times will be formatted differently on the server and client. Use a different pattern.
Feb 09, 2023 1:07:05 AM org.primefaces.convert.CombinedDateTimePatternTokenVisitor visitTokenLetter
WARNING: Found unsupported letter 'K' in pattern. Date / times will be formatted differently on the server and client. Use a different pattern.
Feb 09, 2023 1:07:05 AM org.primefaces.convert.CombinedDateTimePatternTokenVisitor visitTokenLetter
WARNING: Found unsupported letter 'L' in pattern. Date / times will be formatted differently on the server and client. Use a different pattern.
Feb 09, 2023 1:07:05 AM org.primefaces.convert.CombinedDateTimePatternTokenVisitor visitTokenLetter
WARNING: Found unsupported letter 'N' in pattern. Date / times will be formatted differently on the server and client. Use a different pattern.
Feb 09, 2023 1:07:05 AM org.primefaces.convert.CombinedDateTimePatternTokenVisitor visitTokenLetter
WARNING: Found unsupported letter 'O' in pattern. Date / times will be formatted differently on the server and client. Use a different pattern.
Feb 09, 2023 1:07:05 AM org.primefaces.convert.CombinedDateTimePatternTokenVisitor visitTokenLetter
WARNING: Found unsupported letter 'P' in pattern. Date / times will be formatted differently on the server and client. Use a different pattern.
Feb 09, 2023 1:07:05 AM org.primefaces.convert.CombinedDateTimePatternTokenVisitor visitTokenLetter
WARNING: Found unsupported letter 'Q' in pattern. Date / times will be formatted differently on the server and client. Use a different pattern.
Feb 09, 2023 1:07:05 AM org.primefaces.convert.CombinedDateTimePatternTokenVisitor visitTokenLetter
WARNING: Found unsupported letter 'R' in pattern. Date / times will be formatted differently on the server and client. Use a different pattern.
Feb 09, 2023 1:07:05 AM org.primefaces.convert.CombinedDateTimePatternTokenVisitor visitTokenLetter
WARNING: Found unsupported letter 'T' in pattern. Date / times will be formatted differently on the server and client. Use a different pattern.
Feb 09, 2023 1:07:05 AM org.primefaces.convert.CombinedDateTimePatternTokenVisitor visitTokenLetter
WARNING: Found unsupported letter 'U' in pattern. Date / times will be formatted differently on the server and client. Use a different pattern.
Feb 09, 2023 1:07:05 AM org.primefaces.convert.CombinedDateTimePatternTokenVisitor visitTokenLetter
WARNING: Found unsupported letter 'V' in pattern. Date / times will be formatted differently on the server and client. Use a different pattern.
Feb 09, 2023 1:07:05 AM org.primefaces.convert.CombinedDateTimePatternTokenVisitor visitTokenLetter
WARNING: Found unsupported letter 'W' in pattern. Date / times will be formatted differently on the server and client. Use a different pattern.
Feb 09, 2023 1:07:05 AM org.primefaces.convert.CombinedDateTimePatternTokenVisitor visitTokenLetter
WARNING: Found unsupported letter 'Y' in pattern. Date / times will be formatted differently on the server and client. Use a different pattern.
Feb 09, 2023 1:07:05 AM org.primefaces.convert.CombinedDateTimePatternTokenVisitor visitTokenLetter
WARNING: Found unsupported letter 'b' in pattern. Date / times will be formatted differently on the server and client. Use a different pattern.
Feb 09, 2023 1:07:05 AM org.primefaces.convert.CombinedDateTimePatternTokenVisitor visitTokenLetter
WARNING: Found unsupported letter 'c' in pattern. Date / times will be formatted differently on the server and client. Use a different pattern.
Feb 09, 2023 1:07:05 AM org.primefaces.convert.CombinedDateTimePatternTokenVisitor visitTokenLetter
WARNING: Found unsupported letter 'e' in pattern. Date / times will be formatted differently on the server and client. Use a different pattern.
Feb 09, 2023 1:07:05 AM org.primefaces.convert.CombinedDateTimePatternTokenVisitor visitTokenLetter
WARNING: Found unsupported letter 'f' in pattern. Date / times will be formatted differently on the server and client. Use a different pattern.
Feb 09, 2023 1:07:05 AM org.primefaces.convert.CombinedDateTimePatternTokenVisitor visitTokenLetter
WARNING: Found unsupported letter 'g' in pattern. Date / times will be formatted differently on the server and client. Use a different pattern.
Feb 09, 2023 1:07:05 AM org.primefaces.convert.CombinedDateTimePatternTokenVisitor visitTokenLetter
WARNING: Found unsupported letter 'i' in pattern. Date / times will be formatted differently on the server and client. Use a different pattern.
Feb 09, 2023 1:07:05 AM org.primefaces.convert.CombinedDateTimePatternTokenVisitor visitTokenLetter
WARNING: Found unsupported letter 'j' in pattern. Date / times will be formatted differently on the server and client. Use a different pattern.
Feb 09, 2023 1:07:05 AM org.primefaces.convert.CombinedDateTimePatternTokenVisitor visitTokenLetter
WARNING: Found unsupported letter 'k' in pattern. Date / times will be formatted differently on the server and client. Use a different pattern.
Feb 09, 2023 1:07:05 AM org.primefaces.convert.CombinedDateTimePatternTokenVisitor visitTokenLetter
WARNING: Found unsupported letter 'l' in pattern. Date / times will be formatted differently on the server and client. Use a different pattern.
Feb 09, 2023 1:07:05 AM org.primefaces.convert.CombinedDateTimePatternTokenVisitor visitTokenLetter
WARNING: Found unsupported letter 'n' in pattern. Date / times will be formatted differently on the server and client. Use a different pattern.
Feb 09, 2023 1:07:05 AM org.primefaces.convert.CombinedDateTimePatternTokenVisitor visitTokenLetter
WARNING: Found unsupported letter 'o' in pattern. Date / times will be formatted differently on the server and client. Use a different pattern.
Feb 09, 2023 1:07:05 AM org.primefaces.convert.CombinedDateTimePatternTokenVisitor visitTokenLetter
WARNING: Found unsupported letter 'p' in pattern. Date / times will be formatted differently on the server and client. Use a different pattern.
Feb 09, 2023 1:07:05 AM org.primefaces.convert.CombinedDateTimePatternTokenVisitor visitTokenLetter
WARNING: Found unsupported letter 'q' in pattern. Date / times will be formatted differently on the server and client. Use a different pattern.
Feb 09, 2023 1:07:05 AM org.primefaces.convert.CombinedDateTimePatternTokenVisitor visitTokenLetter
WARNING: Found unsupported letter 'r' in pattern. Date / times will be formatted differently on the server and client. Use a different pattern.
Feb 09, 2023 1:07:05 AM org.primefaces.convert.CombinedDateTimePatternTokenVisitor visitTokenLetter
WARNING: Found unsupported letter 't' in pattern. Date / times will be formatted differently on the server and client. Use a different pattern.
Feb 09, 2023 1:07:05 AM org.primefaces.convert.CombinedDateTimePatternTokenVisitor visitTokenLetter
WARNING: Found unsupported letter 'v' in pattern. Date / times will be formatted differently on the server and client. Use a different pattern.
Feb 09, 2023 1:07:05 AM org.primefaces.convert.CombinedDateTimePatternTokenVisitor visitTokenLetter
WARNING: Found unsupported letter 'w' in pattern. Date / times will be formatted differently on the server and client. Use a different pattern.
Feb 09, 2023 1:07:05 AM org.primefaces.convert.CombinedDateTimePatternTokenVisitor visitTokenLetter
WARNING: Found unsupported letter 'x' in pattern. Date / times will be formatted differently on the server and client. Use a different pattern.
Feb 09, 2023 1:07:05 AM org.primefaces.convert.CombinedDateTimePatternTokenVisitor visitTokenLetter
WARNING: Found unsupported letter 'A' in pattern. Date / times will be formatted differently on the server and client. Use a different pattern.
Feb 09, 2023 1:07:05 AM org.primefaces.convert.CombinedDateTimePatternTokenVisitor visitTokenLetter
WARNING: Found unsupported letter 'B' in pattern. Date / times will be formatted differently on the server and client. Use a different pattern.
Feb 09, 2023 1:07:05 AM org.primefaces.convert.CombinedDateTimePatternTokenVisitor visitTokenLetter
WARNING: Found unsupported letter 'C' in pattern. Date / times will be formatted differently on the server and client. Use a different pattern.
Feb 09, 2023 1:07:05 AM org.primefaces.convert.CombinedDateTimePatternTokenVisitor visitTokenLetter
WARNING: Found unsupported letter 'F' in pattern. Date / times will be formatted differently on the server and client. Use a different pattern.
Feb 09, 2023 1:07:05 AM org.primefaces.convert.CombinedDateTimePatternTokenVisitor visitTokenLetter
WARNING: Found unsupported letter 'G' in pattern. Date / times will be formatted differently on the server and client. Use a different pattern.
Feb 09, 2023 1:07:05 AM org.primefaces.convert.CombinedDateTimePatternTokenVisitor visitTokenLetter
WARNING: Found unsupported letter 'I' in pattern. Date / times will be formatted differently on the server and client. Use a different pattern.
Feb 09, 2023 1:07:05 AM org.primefaces.convert.CombinedDateTimePatternTokenVisitor visitTokenLetter
WARNING: Found unsupported letter 'J' in pattern. Date / times will be formatted differently on the server and client. Use a different pattern.
Feb 09, 2023 1:07:05 AM org.primefaces.convert.CombinedDateTimePatternTokenVisitor visitTokenLetter
WARNING: Found unsupported letter 'K' in pattern. Date / times will be formatted differently on the server and client. Use a different pattern.
Feb 09, 2023 1:07:05 AM org.primefaces.convert.CombinedDateTimePatternTokenVisitor visitTokenLetter
WARNING: Found unsupported letter 'L' in pattern. Date / times will be formatted differently on the server and client. Use a different pattern.
Feb 09, 2023 1:07:05 AM org.primefaces.convert.CombinedDateTimePatternTokenVisitor visitTokenLetter
WARNING: Found unsupported letter 'N' in pattern. Date / times will be formatted differently on the server and client. Use a different pattern.
Feb 09, 2023 1:07:05 AM org.primefaces.convert.CombinedDateTimePatternTokenVisitor visitTokenLetter
WARNING: Found unsupported letter 'O' in pattern. Date / times will be formatted differently on the server and client. Use a different pattern.
Feb 09, 2023 1:07:05 AM org.primefaces.convert.CombinedDateTimePatternTokenVisitor visitTokenLetter
WARNING: Found unsupported letter 'P' in pattern. Date / times will be formatted differently on the server and client. Use a different pattern.
Feb 09, 2023 1:07:05 AM org.primefaces.convert.CombinedDateTimePatternTokenVisitor visitTokenLetter
WARNING: Found unsupported letter 'Q' in pattern. Date / times will be formatted differently on the server and client. Use a different pattern.
Feb 09, 2023 1:07:05 AM org.primefaces.convert.CombinedDateTimePatternTokenVisitor visitTokenLetter
WARNING: Found unsupported letter 'R' in pattern. Date / times will be formatted differently on the server and client. Use a different pattern.
Feb 09, 2023 1:07:05 AM org.primefaces.convert.CombinedDateTimePatternTokenVisitor visitTokenLetter
WARNING: Found unsupported letter 'T' in pattern. Date / times will be formatted differently on the server and client. Use a different pattern.
Feb 09, 2023 1:07:05 AM org.primefaces.convert.CombinedDateTimePatternTokenVisitor visitTokenLetter
WARNING: Found unsupported letter 'U' in pattern. Date / times will be formatted differently on the server and client. Use a different pattern.
Feb 09, 2023 1:07:05 AM org.primefaces.convert.CombinedDateTimePatternTokenVisitor visitTokenLetter
WARNING: Found unsupported letter 'V' in pattern. Date / times will be formatted differently on the server and client. Use a different pattern.
Feb 09, 2023 1:07:05 AM org.primefaces.convert.CombinedDateTimePatternTokenVisitor visitTokenLetter
WARNING: Found unsupported letter 'W' in pattern. Date / times will be formatted differently on the server and client. Use a different pattern.
Feb 09, 2023 1:07:05 AM org.primefaces.convert.CombinedDateTimePatternTokenVisitor visitTokenLetter
WARNING: Found unsupported letter 'Y' in pattern. Date / times will be formatted differently on the server and client. Use a different pattern.
Feb 09, 2023 1:07:05 AM org.primefaces.convert.CombinedDateTimePatternTokenVisitor visitTokenLetter
WARNING: Found unsupported letter 'b' in pattern. Date / times will be formatted differently on the server and client. Use a different pattern.
Feb 09, 2023 1:07:05 AM org.primefaces.convert.CombinedDateTimePatternTokenVisitor visitTokenLetter
WARNING: Found unsupported letter 'c' in pattern. Date / times will be formatted differently on the server and client. Use a different pattern.
Feb 09, 2023 1:07:05 AM org.primefaces.convert.CombinedDateTimePatternTokenVisitor visitTokenLetter
WARNING: Found unsupported letter 'e' in pattern. Date / times will be formatted differently on the server and client. Use a different pattern.
Feb 09, 2023 1:07:05 AM org.primefaces.convert.CombinedDateTimePatternTokenVisitor visitTokenLetter
WARNING: Found unsupported letter 'f' in pattern. Date / times will be formatted differently on the server and client. Use a different pattern.
Feb 09, 2023 1:07:05 AM org.primefaces.convert.CombinedDateTimePatternTokenVisitor visitTokenLetter
WARNING: Found unsupported letter 'g' in pattern. Date / times will be formatted differently on the server and client. Use a different pattern.
Feb 09, 2023 1:07:05 AM org.primefaces.convert.CombinedDateTimePatternTokenVisitor visitTokenLetter
WARNING: Found unsupported letter 'i' in pattern. Date / times will be formatted differently on the server and client. Use a different pattern.
Feb 09, 2023 1:07:05 AM org.primefaces.convert.CombinedDateTimePatternTokenVisitor visitTokenLetter
WARNING: Found unsupported letter 'j' in pattern. Date / times will be formatted differently on the server and client. Use a different pattern.
Feb 09, 2023 1:07:05 AM org.primefaces.convert.CombinedDateTimePatternTokenVisitor visitTokenLetter
WARNING: Found unsupported letter 'k' in pattern. Date / times will be formatted differently on the server and client. Use a different pattern.
Feb 09, 2023 1:07:05 AM org.primefaces.convert.CombinedDateTimePatternTokenVisitor visitTokenLetter
WARNING: Found unsupported letter 'l' in pattern. Date / times will be formatted differently on the server and client. Use a different pattern.
Feb 09, 2023 1:07:05 AM org.primefaces.convert.CombinedDateTimePatternTokenVisitor visitTokenLetter
WARNING: Found unsupported letter 'n' in pattern. Date / times will be formatted differently on the server and client. Use a different pattern.
Feb 09, 2023 1:07:05 AM org.primefaces.convert.CombinedDateTimePatternTokenVisitor visitTokenLetter
WARNING: Found unsupported letter 'o' in pattern. Date / times will be formatted differently on the server and client. Use a different pattern.
Feb 09, 2023 1:07:05 AM org.primefaces.convert.CombinedDateTimePatternTokenVisitor visitTokenLetter
WARNING: Found unsupported letter 'p' in pattern. Date / times will be formatted differently on the server and client. Use a different pattern.
Feb 09, 2023 1:07:05 AM org.primefaces.convert.CombinedDateTimePatternTokenVisitor visitTokenLetter
WARNING: Found unsupported letter 'q' in pattern. Date / times will be formatted differently on the server and client. Use a different pattern.
Feb 09, 2023 1:07:05 AM org.primefaces.convert.CombinedDateTimePatternTokenVisitor visitTokenLetter
WARNING: Found unsupported letter 'r' in pattern. Date / times will be formatted differently on the server and client. Use a different pattern.
Feb 09, 2023 1:07:05 AM org.primefaces.convert.CombinedDateTimePatternTokenVisitor visitTokenLetter
WARNING: Found unsupported letter 't' in pattern. Date / times will be formatted differently on the server and client. Use a different pattern.
Feb 09, 2023 1:07:05 AM org.primefaces.convert.CombinedDateTimePatternTokenVisitor visitTokenLetter
WARNING: Found unsupported letter 'v' in pattern. Date / times will be formatted differently on the server and client. Use a different pattern.
Feb 09, 2023 1:07:05 AM org.primefaces.convert.CombinedDateTimePatternTokenVisitor visitTokenLetter
WARNING: Found unsupported letter 'w' in pattern. Date / times will be formatted differently on the server and client. Use a different pattern.
Feb 09, 2023 1:07:05 AM org.primefaces.convert.CombinedDateTimePatternTokenVisitor visitTokenLetter
WARNING: Found unsupported letter 'x' in pattern. Date / times will be formatted differently on the server and client. Use a different pattern.
Feb 09, 2023 1:07:05 AM org.primefaces.convert.CombinedDateTimePatternTokenVisitor visitTokenLetter
WARNING: Found unsupported letter 'A' in pattern. Date / times will be formatted differently on the server and client. Use a different pattern.
Feb 09, 2023 1:07:05 AM org.primefaces.convert.CombinedDateTimePatternTokenVisitor visitTokenLetter
WARNING: Found unsupported letter 'B' in pattern. Date / times will be formatted differently on the server and client. Use a different pattern.
Feb 09, 2023 1:07:05 AM org.primefaces.convert.CombinedDateTimePatternTokenVisitor visitTokenLetter
WARNING: Found unsupported letter 'C' in pattern. Date / times will be formatted differently on the server and client. Use a different pattern.
Feb 09, 2023 1:07:05 AM org.primefaces.convert.CombinedDateTimePatternTokenVisitor visitTokenLetter
WARNING: Found unsupported letter 'F' in pattern. Date / times will be formatted differently on the server and client. Use a different pattern.
Feb 09, 2023 1:07:05 AM org.primefaces.convert.CombinedDateTimePatternTokenVisitor visitTokenLetter
WARNING: Found unsupported letter 'G' in pattern. Date / times will be formatted differently on the server and client. Use a different pattern.
Feb 09, 2023 1:07:05 AM org.primefaces.convert.CombinedDateTimePatternTokenVisitor visitTokenLetter
WARNING: Found unsupported letter 'I' in pattern. Date / times will be formatted differently on the server and client. Use a different pattern.
Feb 09, 2023 1:07:05 AM org.primefaces.convert.CombinedDateTimePatternTokenVisitor visitTokenLetter
WARNING: Found unsupported letter 'J' in pattern. Date / times will be formatted differently on the server and client. Use a different pattern.
Feb 09, 2023 1:07:05 AM org.primefaces.convert.CombinedDateTimePatternTokenVisitor visitTokenLetter
WARNING: Found unsupported letter 'K' in pattern. Date / times will be formatted differently on the server and client. Use a different pattern.
Feb 09, 2023 1:07:05 AM org.primefaces.convert.CombinedDateTimePatternTokenVisitor visitTokenLetter
WARNING: Found unsupported letter 'L' in pattern. Date / times will be formatted differently on the server and client. Use a different pattern.
Feb 09, 2023 1:07:05 AM org.primefaces.convert.CombinedDateTimePatternTokenVisitor visitTokenLetter
WARNING: Found unsupported letter 'N' in pattern. Date / times will be formatted differently on the server and client. Use a different pattern.
Feb 09, 2023 1:07:05 AM org.primefaces.convert.CombinedDateTimePatternTokenVisitor visitTokenLetter
WARNING: Found unsupported letter 'O' in pattern. Date / times will be formatted differently on the server and client. Use a different pattern.
Feb 09, 2023 1:07:05 AM org.primefaces.convert.CombinedDateTimePatternTokenVisitor visitTokenLetter
WARNING: Found unsupported letter 'P' in pattern. Date / times will be formatted differently on the server and client. Use a different pattern.
Feb 09, 2023 1:07:05 AM org.primefaces.convert.CombinedDateTimePatternTokenVisitor visitTokenLetter
WARNING: Found unsupported letter 'Q' in pattern. Date / times will be formatted differently on the server and client. Use a different pattern.
Feb 09, 2023 1:07:05 AM org.primefaces.convert.CombinedDateTimePatternTokenVisitor visitTokenLetter
WARNING: Found unsupported letter 'R' in pattern. Date / times will be formatted differently on the server and client. Use a different pattern.
Feb 09, 2023 1:07:05 AM org.primefaces.convert.CombinedDateTimePatternTokenVisitor visitTokenLetter
WARNING: Found unsupported letter 'T' in pattern. Date / times will be formatted differently on the server and client. Use a different pattern.
Feb 09, 2023 1:07:05 AM org.primefaces.convert.CombinedDateTimePatternTokenVisitor visitTokenLetter
WARNING: Found unsupported letter 'U' in pattern. Date / times will be formatted differently on the server and client. Use a different pattern.
Feb 09, 2023 1:07:05 AM org.primefaces.convert.CombinedDateTimePatternTokenVisitor visitTokenLetter
WARNING: Found unsupported letter 'V' in pattern. Date / times will be formatted differently on the server and client. Use a different pattern.
Feb 09, 2023 1:07:05 AM org.primefaces.convert.CombinedDateTimePatternTokenVisitor visitTokenLetter
WARNING: Found unsupported letter 'W' in pattern. Date / times will be formatted differently on the server and client. Use a different pattern.
Feb 09, 2023 1:07:05 AM org.primefaces.convert.CombinedDateTimePatternTokenVisitor visitTokenLetter
WARNING: Found unsupported letter 'Y' in pattern. Date / times will be formatted differently on the server and client. Use a different pattern.
Feb 09, 2023 1:07:05 AM org.primefaces.convert.CombinedDateTimePatternTokenVisitor visitTokenLetter
WARNING: Found unsupported letter 'b' in pattern. Date / times will be formatted differently on the server and client. Use a different pattern.
Feb 09, 2023 1:07:05 AM org.primefaces.convert.CombinedDateTimePatternTokenVisitor visitTokenLetter
WARNING: Found unsupported letter 'c' in pattern. Date / times will be formatted differently on the server and client. Use a different pattern.
Feb 09, 2023 1:07:05 AM org.primefaces.convert.CombinedDateTimePatternTokenVisitor visitTokenLetter
WARNING: Found unsupported letter 'e' in pattern. Date / times will be formatted differently on the server and client. Use a different pattern.
Feb 09, 2023 1:07:05 AM org.primefaces.convert.CombinedDateTimePatternTokenVisitor visitTokenLetter
WARNING: Found unsupported letter 'f' in pattern. Date / times will be formatted differently on the server and client. Use a different pattern.
Feb 09, 2023 1:07:05 AM org.primefaces.convert.CombinedDateTimePatternTokenVisitor visitTokenLetter
WARNING: Found unsupported letter 'g' in pattern. Date / times will be formatted differently on the server and client. Use a different pattern.
Feb 09, 2023 1:07:05 AM org.primefaces.convert.CombinedDateTimePatternTokenVisitor visitTokenLetter
WARNING: Found unsupported letter 'i' in pattern. Date / times will be formatted differently on the server and client. Use a different pattern.
Feb 09, 2023 1:07:05 AM org.primefaces.convert.CombinedDateTimePatternTokenVisitor visitTokenLetter
WARNING: Found unsupported letter 'j' in pattern. Date / times will be formatted differently on the server and client. Use a different pattern.
Feb 09, 2023 1:07:05 AM org.primefaces.convert.CombinedDateTimePatternTokenVisitor visitTokenLetter
WARNING: Found unsupported letter 'k' in pattern. Date / times will be formatted differently on the server and client. Use a different pattern.
Feb 09, 2023 1:07:05 AM org.primefaces.convert.CombinedDateTimePatternTokenVisitor visitTokenLetter
WARNING: Found unsupported letter 'l' in pattern. Date / times will be formatted differently on the server and client. Use a different pattern.
Feb 09, 2023 1:07:05 AM org.primefaces.convert.CombinedDateTimePatternTokenVisitor visitTokenLetter
WARNING: Found unsupported letter 'n' in pattern. Date / times will be formatted differently on the server and client. Use a different pattern.
Feb 09, 2023 1:07:05 AM org.primefaces.convert.CombinedDateTimePatternTokenVisitor visitTokenLetter
WARNING: Found unsupported letter 'o' in pattern. Date / times will be formatted differently on the server and client. Use a different pattern.
Feb 09, 2023 1:07:05 AM org.primefaces.convert.CombinedDateTimePatternTokenVisitor visitTokenLetter
WARNING: Found unsupported letter 'p' in pattern. Date / times will be formatted differently on the server and client. Use a different pattern.
Feb 09, 2023 1:07:05 AM org.primefaces.convert.CombinedDateTimePatternTokenVisitor visitTokenLetter
WARNING: Found unsupported letter 'q' in pattern. Date / times will be formatted differently on the server and client. Use a different pattern.
Feb 09, 2023 1:07:05 AM org.primefaces.convert.CombinedDateTimePatternTokenVisitor visitTokenLetter
WARNING: Found unsupported letter 'r' in pattern. Date / times will be formatted differently on the server and client. Use a different pattern.
Feb 09, 2023 1:07:05 AM org.primefaces.convert.CombinedDateTimePatternTokenVisitor visitTokenLetter
WARNING: Found unsupported letter 't' in pattern. Date / times will be formatted differently on the server and client. Use a different pattern.
Feb 09, 2023 1:07:05 AM org.primefaces.convert.CombinedDateTimePatternTokenVisitor visitTokenLetter
WARNING: Found unsupported letter 'v' in pattern. Date / times will be formatted differently on the server and client. Use a different pattern.
Feb 09, 2023 1:07:05 AM org.primefaces.convert.CombinedDateTimePatternTokenVisitor visitTokenLetter
WARNING: Found unsupported letter 'w' in pattern. Date / times will be formatted differently on the server and client. Use a different pattern.
Feb 09, 2023 1:07:05 AM org.primefaces.convert.CombinedDateTimePatternTokenVisitor visitTokenLetter
WARNING: Found unsupported letter 'x' in pattern. Date / times will be formatted differently on the server and client. Use a different pattern.
Feb 09, 2023 1:07:05 AM org.primefaces.convert.CombinedDateTimePatternTokenVisitor visitTokenLetter
WARNING: Found unsupported letter 'A' in pattern. Date / times will be formatted differently on the server and client. Use a different pattern.
Feb 09, 2023 1:07:05 AM org.primefaces.convert.CombinedDateTimePatternTokenVisitor visitTokenLetter
WARNING: Found unsupported letter 'B' in pattern. Date / times will be formatted differently on the server and client. Use a different pattern.
Feb 09, 2023 1:07:05 AM org.primefaces.convert.CombinedDateTimePatternTokenVisitor visitTokenLetter
WARNING: Found unsupported letter 'C' in pattern. Date / times will be formatted differently on the server and client. Use a different pattern.
Feb 09, 2023 1:07:05 AM org.primefaces.convert.CombinedDateTimePatternTokenVisitor visitTokenLetter
WARNING: Found unsupported letter 'F' in pattern. Date / times will be formatted differently on the server and client. Use a different pattern.
Feb 09, 2023 1:07:05 AM org.primefaces.convert.CombinedDateTimePatternTokenVisitor visitTokenLetter
WARNING: Found unsupported letter 'G' in pattern. Date / times will be formatted differently on the server and client. Use a different pattern.
Feb 09, 2023 1:07:05 AM org.primefaces.convert.CombinedDateTimePatternTokenVisitor visitTokenLetter
WARNING: Found unsupported letter 'I' in pattern. Date / times will be formatted differently on the server and client. Use a different pattern.
Feb 09, 2023 1:07:05 AM org.primefaces.convert.CombinedDateTimePatternTokenVisitor visitTokenLetter
WARNING: Found unsupported letter 'J' in pattern. Date / times will be formatted differently on the server and client. Use a different pattern.
Feb 09, 2023 1:07:05 AM org.primefaces.convert.CombinedDateTimePatternTokenVisitor visitTokenLetter
WARNING: Found unsupported letter 'K' in pattern. Date / times will be formatted differently on the server and client. Use a different pattern.
Feb 09, 2023 1:07:05 AM org.primefaces.convert.CombinedDateTimePatternTokenVisitor visitTokenLetter
WARNING: Found unsupported letter 'L' in pattern. Date / times will be formatted differently on the server and client. Use a different pattern.
Feb 09, 2023 1:07:05 AM org.primefaces.convert.CombinedDateTimePatternTokenVisitor visitTokenLetter
WARNING: Found unsupported letter 'N' in pattern. Date / times will be formatted differently on the server and client. Use a different pattern.
Feb 09, 2023 1:07:05 AM org.primefaces.convert.CombinedDateTimePatternTokenVisitor visitTokenLetter
WARNING: Found unsupported letter 'O' in pattern. Date / times will be formatted differently on the server and client. Use a different pattern.
Feb 09, 2023 1:07:05 AM org.primefaces.convert.CombinedDateTimePatternTokenVisitor visitTokenLetter
WARNING: Found unsupported letter 'P' in pattern. Date / times will be formatted differently on the server and client. Use a different pattern.
Feb 09, 2023 1:07:05 AM org.primefaces.convert.CombinedDateTimePatternTokenVisitor visitTokenLetter
WARNING: Found unsupported letter 'Q' in pattern. Date / times will be formatted differently on the server and client. Use a different pattern.
Feb 09, 2023 1:07:05 AM org.primefaces.convert.CombinedDateTimePatternTokenVisitor visitTokenLetter
WARNING: Found unsupported letter 'R' in pattern. Date / times will be formatted differently on the server and client. Use a different pattern.
Feb 09, 2023 1:07:05 AM org.primefaces.convert.CombinedDateTimePatternTokenVisitor visitTokenLetter
WARNING: Found unsupported letter 'T' in pattern. Date / times will be formatted differently on the server and client. Use a different pattern.
Feb 09, 2023 1:07:05 AM org.primefaces.convert.CombinedDateTimePatternTokenVisitor visitTokenLetter
WARNING: Found unsupported letter 'U' in pattern. Date / times will be formatted differently on the server and client. Use a different pattern.
Feb 09, 2023 1:07:05 AM org.primefaces.convert.CombinedDateTimePatternTokenVisitor visitTokenLetter
WARNING: Found unsupported letter 'V' in pattern. Date / times will be formatted differently on the server and client. Use a different pattern.
Feb 09, 2023 1:07:05 AM org.primefaces.convert.CombinedDateTimePatternTokenVisitor visitTokenLetter
WARNING: Found unsupported letter 'W' in pattern. Date / times will be formatted differently on the server and client. Use a different pattern.
Feb 09, 2023 1:07:05 AM org.primefaces.convert.CombinedDateTimePatternTokenVisitor visitTokenLetter
WARNING: Found unsupported letter 'Y' in pattern. Date / times will be formatted differently on the server and client. Use a different pattern.
Feb 09, 2023 1:07:05 AM org.primefaces.convert.CombinedDateTimePatternTokenVisitor visitTokenLetter
WARNING: Found unsupported letter 'b' in pattern. Date / times will be formatted differently on the server and client. Use a different pattern.
Feb 09, 2023 1:07:05 AM org.primefaces.convert.CombinedDateTimePatternTokenVisitor visitTokenLetter
WARNING: Found unsupported letter 'c' in pattern. Date / times will be formatted differently on the server and client. Use a different pattern.
Feb 09, 2023 1:07:05 AM org.primefaces.convert.CombinedDateTimePatternTokenVisitor visitTokenLetter
WARNING: Found unsupported letter 'e' in pattern. Date / times will be formatted differently on the server and client. Use a different pattern.
Feb 09, 2023 1:07:05 AM org.primefaces.convert.CombinedDateTimePatternTokenVisitor visitTokenLetter
WARNING: Found unsupported letter 'f' in pattern. Date / times will be formatted differently on the server and client. Use a different pattern.
Feb 09, 2023 1:07:05 AM org.primefaces.convert.CombinedDateTimePatternTokenVisitor visitTokenLetter
WARNING: Found unsupported letter 'g' in pattern. Date / times will be formatted differently on the server and client. Use a different pattern.
Feb 09, 2023 1:07:05 AM org.primefaces.convert.CombinedDateTimePatternTokenVisitor visitTokenLetter
WARNING: Found unsupported letter 'i' in pattern. Date / times will be formatted differently on the server and client. Use a different pattern.
Feb 09, 2023 1:07:05 AM org.primefaces.convert.CombinedDateTimePatternTokenVisitor visitTokenLetter
WARNING: Found unsupported letter 'j' in pattern. Date / times will be formatted differently on the server and client. Use a different pattern.
Feb 09, 2023 1:07:05 AM org.primefaces.convert.CombinedDateTimePatternTokenVisitor visitTokenLetter
WARNING: Found unsupported letter 'k' in pattern. Date / times will be formatted differently on the server and client. Use a different pattern.
Feb 09, 2023 1:07:05 AM org.primefaces.convert.CombinedDateTimePatternTokenVisitor visitTokenLetter
WARNING: Found unsupported letter 'l' in pattern. Date / times will be formatted differently on the server and client. Use a different pattern.
Feb 09, 2023 1:07:05 AM org.primefaces.convert.CombinedDateTimePatternTokenVisitor visitTokenLetter
WARNING: Found unsupported letter 'n' in pattern. Date / times will be formatted differently on the server and client. Use a different pattern.
Feb 09, 2023 1:07:05 AM org.primefaces.convert.CombinedDateTimePatternTokenVisitor visitTokenLetter
WARNING: Found unsupported letter 'o' in pattern. Date / times will be formatted differently on the server and client. Use a different pattern.
Feb 09, 2023 1:07:05 AM org.primefaces.convert.CombinedDateTimePatternTokenVisitor visitTokenLetter
WARNING: Found unsupported letter 'p' in pattern. Date / times will be formatted differently on the server and client. Use a different pattern.
Feb 09, 2023 1:07:05 AM org.primefaces.convert.CombinedDateTimePatternTokenVisitor visitTokenLetter
WARNING: Found unsupported letter 'q' in pattern. Date / times will be formatted differently on the server and client. Use a different pattern.
Feb 09, 2023 1:07:05 AM org.primefaces.convert.CombinedDateTimePatternTokenVisitor visitTokenLetter
WARNING: Found unsupported letter 'r' in pattern. Date / times will be formatted differently on the server and client. Use a different pattern.
Feb 09, 2023 1:07:05 AM org.primefaces.convert.CombinedDateTimePatternTokenVisitor visitTokenLetter
WARNING: Found unsupported letter 't' in pattern. Date / times will be formatted differently on the server and client. Use a different pattern.
Feb 09, 2023 1:07:05 AM org.primefaces.convert.CombinedDateTimePatternTokenVisitor visitTokenLetter
WARNING: Found unsupported letter 'v' in pattern. Date / times will be formatted differently on the server and client. Use a different pattern.
Feb 09, 2023 1:07:05 AM org.primefaces.convert.CombinedDateTimePatternTokenVisitor visitTokenLetter
WARNING: Found unsupported letter 'w' in pattern. Date / times will be formatted differently on the server and client. Use a different pattern.
Feb 09, 2023 1:07:05 AM org.primefaces.convert.CombinedDateTimePatternTokenVisitor visitTokenLetter
WARNING: Found unsupported letter 'x' in pattern. Date / times will be formatted differently on the server and client. Use a different pattern.
[INFO] Tests run: 9, Failures: 0, Errors: 0, Skipped: 0, Time elapsed: 0.027 s - in org.primefaces.convert.DateTimePatternConverterTest
[INFO] Running org.primefaces.el.ValueExpressionAnalyzerTest
Feb 09, 2023 1:07:05 AM org.primefaces.config.PrimeEnvironment resolveBuildVersion
SEVERE: PrimeFaces version not resolvable - Could not load pom.properties.
Feb 09, 2023 1:07:05 AM org.primefaces.config.PrimeEnvironment resolveBuildVersion
SEVERE: PrimeFaces version not resolvable - Could not load pom.properties.
Feb 09, 2023 1:07:05 AM org.primefaces.config.PrimeEnvironment resolveBuildVersion
SEVERE: PrimeFaces version not resolvable - Could not load pom.properties.
Feb 09, 2023 1:07:05 AM org.primefaces.config.PrimeEnvironment resolveBuildVersion
SEVERE: PrimeFaces version not resolvable - Could not load pom.properties.
Feb 09, 2023 1:07:05 AM org.primefaces.config.PrimeEnvironment resolveBuildVersion
SEVERE: PrimeFaces version not resolvable - Could not load pom.properties.
Feb 09, 2023 1:07:05 AM org.primefaces.config.PrimeEnvironment resolveBuildVersion
SEVERE: PrimeFaces version not resolvable - Could not load pom.properties.
Feb 09, 2023 1:07:05 AM org.primefaces.config.PrimeEnvironment resolveBuildVersion
SEVERE: PrimeFaces version not resolvable - Could not load pom.properties.
Feb 09, 2023 1:07:05 AM org.primefaces.config.PrimeEnvironment resolveBuildVersion
SEVERE: PrimeFaces version not resolvable - Could not load pom.properties.
[INFO] Tests run: 8, Failures: 0, Errors: 0, Skipped: 0, Time elapsed: 0.037 s - in org.primefaces.el.ValueExpressionAnalyzerTest
[INFO] Running org.primefaces.renderkit.SelectRendererTest
[INFO] Tests run: 9, Failures: 0, Errors: 0, Skipped: 0, Time elapsed: 0.07 s - in org.primefaces.renderkit.SelectRendererTest
[INFO] Running org.primefaces.expression.SearchExpressionFacadeTest
Feb 09, 2023 1:07:05 AM javax.faces.FactoryFinderInstance copyInjectionProviderFromFacesContext
SEVERE: Unable to obtain InjectionProvider from init time FacesContext. Does this container implement the Mojarra Injection SPI?
Feb 09, 2023 1:07:05 AM javax.faces.FactoryFinderInstance injectImplementation
SEVERE: Unable to inject org.primefaces.mock.TestVisitContextFactory@796267e8 because no InjectionProvider can be found. Does this container implement the Mojarra Injection SPI?
Feb 09, 2023 1:07:05 AM javax.faces.FactoryFinderInstance injectImplementation
SEVERE: Unable to inject org.primefaces.mock.TestVisitContextFactory@676c3745 because no InjectionProvider can be found. Does this container implement the Mojarra Injection SPI?
Feb 09, 2023 1:07:05 AM javax.faces.FactoryFinderInstance injectImplementation
SEVERE: Unable to inject org.primefaces.mock.TestVisitContextFactory@6cbbfe03 because no InjectionProvider can be found. Does this container implement the Mojarra Injection SPI?
Feb 09, 2023 1:07:05 AM javax.faces.FactoryFinderInstance injectImplementation
SEVERE: Unable to inject org.primefaces.mock.TestVisitContextFactory@78b20c7f because no InjectionProvider can be found. Does this container implement the Mojarra Injection SPI?
Feb 09, 2023 1:07:05 AM javax.faces.FactoryFinderInstance injectImplementation
SEVERE: Unable to inject org.primefaces.mock.TestVisitContextFactory@128579a6 because no InjectionProvider can be found. Does this container implement the Mojarra Injection SPI?
Feb 09, 2023 1:07:05 AM javax.faces.FactoryFinderInstance injectImplementation
SEVERE: Unable to inject org.primefaces.mock.TestVisitContextFactory@14d5b2ac because no InjectionProvider can be found. Does this container implement the Mojarra Injection SPI?
Feb 09, 2023 1:07:05 AM javax.faces.FactoryFinderInstance injectImplementation
SEVERE: Unable to inject org.primefaces.mock.TestVisitContextFactory@272d0dd3 because no InjectionProvider can be found. Does this container implement the Mojarra Injection SPI?
Feb 09, 2023 1:07:05 AM javax.faces.FactoryFinderInstance injectImplementation
SEVERE: Unable to inject org.primefaces.mock.TestVisitContextFactory@4f142cbd because no InjectionProvider can be found. Does this container implement the Mojarra Injection SPI?
Feb 09, 2023 1:07:05 AM javax.faces.FactoryFinderInstance injectImplementation
SEVERE: Unable to inject org.primefaces.mock.TestVisitContextFactory@766534b0 because no InjectionProvider can be found. Does this container implement the Mojarra Injection SPI?
Feb 09, 2023 1:07:05 AM javax.faces.FactoryFinderInstance injectImplementation
SEVERE: Unable to inject org.primefaces.mock.TestVisitContextFactory@4f1cb802 because no InjectionProvider can be found. Does this container implement the Mojarra Injection SPI?
Feb 09, 2023 1:07:05 AM javax.faces.FactoryFinderInstance injectImplementation
SEVERE: Unable to inject org.primefaces.mock.TestVisitContextFactory@1077a7 because no InjectionProvider can be found. Does this container implement the Mojarra Injection SPI?
Feb 09, 2023 1:07:05 AM javax.faces.FactoryFinderInstance injectImplementation
SEVERE: Unable to inject org.primefaces.mock.TestVisitContextFactory@6e0fd2dc because no InjectionProvider can be found. Does this container implement the Mojarra Injection SPI?
Feb 09, 2023 1:07:05 AM javax.faces.FactoryFinderInstance injectImplementation
SEVERE: Unable to inject org.primefaces.mock.TestVisitContextFactory@3110bb19 because no InjectionProvider can be found. Does this container implement the Mojarra Injection SPI?
Feb 09, 2023 1:07:05 AM javax.faces.FactoryFinderInstance injectImplementation
SEVERE: Unable to inject org.primefaces.mock.TestVisitContextFactory@1be6c991 because no InjectionProvider can be found. Does this container implement the Mojarra Injection SPI?
Feb 09, 2023 1:07:05 AM javax.faces.FactoryFinderInstance injectImplementation
SEVERE: Unable to inject org.primefaces.mock.TestVisitContextFactory@18482805 because no InjectionProvider can be found. Does this container implement the Mojarra Injection SPI?
Feb 09, 2023 1:07:05 AM javax.faces.FactoryFinderInstance injectImplementation
SEVERE: Unable to inject org.primefaces.mock.TestVisitContextFactory@11bac6d7 because no InjectionProvider can be found. Does this container implement the Mojarra Injection SPI?
Feb 09, 2023 1:07:05 AM javax.faces.FactoryFinderInstance injectImplementation
SEVERE: Unable to inject org.primefaces.mock.TestVisitContextFactory@48ebcce5 because no InjectionProvider can be found. Does this container implement the Mojarra Injection SPI?
[INFO] Tests run: 74, Failures: 0, Errors: 0, Skipped: 0, Time elapsed: 0.052 s - in org.primefaces.expression.SearchExpressionFacadeTest
[INFO] Running org.primefaces.PrimeFacesTest
Feb 09, 2023 1:07:05 AM org.primefaces.PrimeFaces$Ajax update
WARNING: PrimeFaces.current().ajax().update() called but component cant be resolved! Expression will just be added to the renderIds: {0}
Feb 09, 2023 1:07:05 AM org.primefaces.PrimeFaces$Ajax update
WARNING: PrimeFaces.current().ajax().update() called but component cant be resolved! Expression will just be added to the renderIds: {0}
[INFO] Tests run: 4, Failures: 0, Errors: 0, Skipped: 0, Time elapsed: 0 s - in org.primefaces.PrimeFacesTest
[INFO] 
[INFO] Results:
[INFO] 
[INFO] Tests run: 452, Failures: 0, Errors: 0, Skipped: 0
[INFO] 
[INFO] 
[INFO] -----------------< org.primefaces:primefaces-showcase >-----------------
[INFO] Building PrimeFaces Showcase 12.0.0-SNAPSHOT                       [3/8]
[INFO] --------------------------------[ war ]---------------------------------
[INFO] 
[INFO] --- maven-clean-plugin:2.5:clean (default-clean) @ primefaces-showcase ---
[INFO] Deleting /home/gabsko/breaking-updates/primefaces-showcase/target
[INFO] 
[INFO] --- maven-checkstyle-plugin:3.1.2:check (checkstyle) @ primefaces-showcase ---
[INFO] Starting audit...
Audit done.
[INFO] You have 0 Checkstyle violations.
[INFO] 
[INFO] --- maven-checkstyle-plugin:3.1.2:check (checkstyle-tests) @ primefaces-showcase ---
[INFO] Starting audit...
Audit done.
[INFO] You have 0 Checkstyle violations.
[INFO] 
[INFO] --- sass-maven-plugin:3.7.2:update-stylesheets (default) @ primefaces-showcase ---
[INFO] Checked 20 files for /home/gabsko/breaking-updates/primefaces-showcase/src/main/webapp/resources/showcase/css
[INFO] Checked 3 filtered (**/*.css) files for /home/gabsko/breaking-updates/primefaces-showcase/src/main/webapp/resources/showcase/css
[INFO] Skip compiling Sass templates, no changes.
[INFO] 
[INFO] --- maven-resources-plugin:3.2.0:resources (default-resources) @ primefaces-showcase ---
[INFO] Using 'UTF-8' encoding to copy filtered resources.
[INFO] Using 'UTF-8' encoding to copy filtered properties files.
[INFO] Copying 10 resources
[INFO] Copying 1 resource to /home/gabsko/breaking-updates/primefaces-showcase/target
[INFO] 
[INFO] --- maven-compiler-plugin:3.9.0:compile (default-compile) @ primefaces-showcase ---
[INFO] Changes detected - recompiling the module!
[INFO] Compiling 236 source files to /home/gabsko/breaking-updates/primefaces-showcase/target/classes
[WARNING] bootstrap class path not set in conjunction with -source 8
[INFO] /home/gabsko/breaking-updates/primefaces-showcase/src/main/java/org/primefaces/showcase/service/DocumentService.java: Some input files use unchecked or unsafe operations.
[INFO] /home/gabsko/breaking-updates/primefaces-showcase/src/main/java/org/primefaces/showcase/service/DocumentService.java: Recompile with -Xlint:unchecked for details.
[INFO] 
[INFO] --- maven-resources-plugin:3.2.0:copy-resources (copy-java-files) @ primefaces-showcase ---
[INFO] Using 'UTF-8' encoding to copy filtered resources.
[INFO] Using 'UTF-8' encoding to copy filtered properties files.
[INFO] Copying 236 resources
[INFO] 
[INFO] --- maven-resources-plugin:3.2.0:testResources (default-testResources) @ primefaces-showcase ---
[INFO] Using 'UTF-8' encoding to copy filtered resources.
[INFO] Using 'UTF-8' encoding to copy filtered properties files.
[INFO] skip non existing resourceDirectory /home/gabsko/breaking-updates/primefaces-showcase/src/test/resources
[INFO] 
[INFO] --- maven-compiler-plugin:3.9.0:testCompile (default-testCompile) @ primefaces-showcase ---
[INFO] No sources to compile
[INFO] 
[INFO] --- maven-surefire-plugin:2.22.2:test (default-test) @ primefaces-showcase ---
[INFO] No tests to run.
[INFO] 
[INFO] -----------------< org.primefaces:primefaces-selenium >-----------------
[INFO] Building PrimeFaces Selenium 12.0.0-SNAPSHOT                       [4/8]
[INFO] --------------------------------[ pom ]---------------------------------
[INFO] 
[INFO] --- maven-clean-plugin:2.5:clean (default-clean) @ primefaces-selenium ---
[INFO] Deleting /home/gabsko/breaking-updates/primefaces-selenium/target
[INFO] 
[INFO] --- maven-checkstyle-plugin:3.1.2:check (checkstyle) @ primefaces-selenium ---
[INFO] Starting audit...
Audit done.
[INFO] You have 0 Checkstyle violations.
[INFO] 
[INFO] --- maven-checkstyle-plugin:3.1.2:check (checkstyle-tests) @ primefaces-selenium ---
[INFO] Starting audit...
Audit done.
[INFO] You have 0 Checkstyle violations.
[INFO] 
[INFO] --------------< org.primefaces:primefaces-selenium-core >---------------
[INFO] Building PrimeFaces Selenium - Core 12.0.0-SNAPSHOT                [5/8]
[INFO] --------------------------------[ jar ]---------------------------------
[INFO] 
[INFO] --- maven-clean-plugin:2.5:clean (default-clean) @ primefaces-selenium-core ---
[INFO] Deleting /home/gabsko/breaking-updates/primefaces-selenium/primefaces-selenium-core/target
[INFO] 
[INFO] --- maven-checkstyle-plugin:3.1.2:check (checkstyle) @ primefaces-selenium-core ---
[INFO] Starting audit...
Audit done.
[INFO] You have 0 Checkstyle violations.
[INFO] 
[INFO] --- maven-checkstyle-plugin:3.1.2:check (checkstyle-tests) @ primefaces-selenium-core ---
[INFO] Starting audit...
Audit done.
[INFO] You have 0 Checkstyle violations.
[INFO] 
[INFO] --- maven-resources-plugin:3.2.0:resources (default-resources) @ primefaces-selenium-core ---
[INFO] Using 'UTF-8' encoding to copy filtered resources.
[INFO] Using 'UTF-8' encoding to copy filtered properties files.
[INFO] Copying 1 resource
[INFO] 
[INFO] --- maven-compiler-plugin:3.9.0:compile (default-compile) @ primefaces-selenium-core ---
[INFO] Changes detected - recompiling the module!
[INFO] Compiling 26 source files to /home/gabsko/breaking-updates/primefaces-selenium/primefaces-selenium-core/target/classes
[WARNING] bootstrap class path not set in conjunction with -source 8
[INFO] /home/gabsko/breaking-updates/primefaces-selenium/primefaces-selenium-core/src/main/java/org/primefaces/selenium/internal/Guard.java: Some input files use unchecked or unsafe operations.
[INFO] /home/gabsko/breaking-updates/primefaces-selenium/primefaces-selenium-core/src/main/java/org/primefaces/selenium/internal/Guard.java: Recompile with -Xlint:unchecked for details.
[INFO] 
[INFO] --- maven-resources-plugin:3.2.0:testResources (default-testResources) @ primefaces-selenium-core ---
[INFO] Using 'UTF-8' encoding to copy filtered resources.
[INFO] Using 'UTF-8' encoding to copy filtered properties files.
[INFO] skip non existing resourceDirectory /home/gabsko/breaking-updates/primefaces-selenium/primefaces-selenium-core/src/test/resources
[INFO] 
[INFO] --- maven-compiler-plugin:3.9.0:testCompile (default-testCompile) @ primefaces-selenium-core ---
[INFO] No sources to compile
[INFO] 
[INFO] --- maven-surefire-plugin:2.22.2:test (default-test) @ primefaces-selenium-core ---
[INFO] No tests to run.
[INFO] 
[INFO] -----------< org.primefaces:primefaces-selenium-components >------------
[INFO] Building PrimeFaces Selenium - Components 12.0.0-SNAPSHOT          [6/8]
[INFO] --------------------------------[ jar ]---------------------------------
[INFO] 
[INFO] --- maven-clean-plugin:2.5:clean (default-clean) @ primefaces-selenium-components ---
[INFO] Deleting /home/gabsko/breaking-updates/primefaces-selenium/primefaces-selenium-components/target
[INFO] 
[INFO] --- maven-checkstyle-plugin:3.1.2:check (checkstyle) @ primefaces-selenium-components ---
[INFO] Starting audit...
Audit done.
[INFO] You have 0 Checkstyle violations.
[INFO] 
[INFO] --- maven-checkstyle-plugin:3.1.2:check (checkstyle-tests) @ primefaces-selenium-components ---
[INFO] Starting audit...
Audit done.
[INFO] You have 0 Checkstyle violations.
[INFO] 
[INFO] --- maven-resources-plugin:3.2.0:resources (default-resources) @ primefaces-selenium-components ---
[INFO] Using 'UTF-8' encoding to copy filtered resources.
[INFO] Using 'UTF-8' encoding to copy filtered properties files.
[INFO] skip non existing resourceDirectory /home/gabsko/breaking-updates/primefaces-selenium/primefaces-selenium-components/src/main/resources
[INFO] 
[INFO] --- maven-compiler-plugin:3.9.0:compile (default-compile) @ primefaces-selenium-components ---
[INFO] Changes detected - recompiling the module!
[INFO] Compiling 64 source files to /home/gabsko/breaking-updates/primefaces-selenium/primefaces-selenium-components/target/classes
[WARNING] bootstrap class path not set in conjunction with -source 8
[INFO] 
[INFO] --- maven-resources-plugin:3.2.0:testResources (default-testResources) @ primefaces-selenium-components ---
[INFO] Using 'UTF-8' encoding to copy filtered resources.
[INFO] Using 'UTF-8' encoding to copy filtered properties files.
[INFO] skip non existing resourceDirectory /home/gabsko/breaking-updates/primefaces-selenium/primefaces-selenium-components/src/test/resources
[INFO] 
[INFO] --- maven-compiler-plugin:3.9.0:testCompile (default-testCompile) @ primefaces-selenium-components ---
[INFO] No sources to compile
[INFO] 
[INFO] --- maven-surefire-plugin:2.22.2:test (default-test) @ primefaces-selenium-components ---
[INFO] No tests to run.
[INFO] 
[INFO] ------------< org.primefaces:primefaces-integration-tests >-------------
[INFO] Building PrimeFaces Integration Tests 12.0.0-SNAPSHOT              [7/8]
[INFO] --------------------------------[ war ]---------------------------------
[INFO] 
[INFO] --- maven-clean-plugin:2.5:clean (default-clean) @ primefaces-integration-tests ---
[INFO] Deleting /home/gabsko/breaking-updates/primefaces-integration-tests/target
[INFO] 
[INFO] --- maven-checkstyle-plugin:3.1.2:check (checkstyle) @ primefaces-integration-tests ---
[INFO] Starting audit...
Audit done.
[INFO] You have 0 Checkstyle violations.
[INFO] 
[INFO] --- maven-checkstyle-plugin:3.1.2:check (checkstyle-tests) @ primefaces-integration-tests ---
[INFO] Starting audit...
Audit done.
[INFO] You have 0 Checkstyle violations.
[INFO] 
[INFO] --- maven-resources-plugin:3.2.0:resources (default-resources) @ primefaces-integration-tests ---
[INFO] Using 'UTF-8' encoding to copy filtered resources.
[INFO] Using 'UTF-8' encoding to copy filtered properties files.
[INFO] Copying 1 resource
[INFO] Copying 1 resource to /home/gabsko/breaking-updates/primefaces-integration-tests/target
[INFO] 
[INFO] --- maven-compiler-plugin:3.9.0:compile (default-compile) @ primefaces-integration-tests ---
[INFO] Changes detected - recompiling the module!
[INFO] Compiling 160 source files to /home/gabsko/breaking-updates/primefaces-integration-tests/target/classes
[WARNING] bootstrap class path not set in conjunction with -source 8
[INFO] /home/gabsko/breaking-updates/primefaces-integration-tests/src/main/java/org/primefaces/integrationtests/datatable/ProgrammingLanguageLazySorter.java: Some input files use unchecked or unsafe operations.
[INFO] /home/gabsko/breaking-updates/primefaces-integration-tests/src/main/java/org/primefaces/integrationtests/datatable/ProgrammingLanguageLazySorter.java: Recompile with -Xlint:unchecked for details.
[INFO] 
[INFO] --- maven-resources-plugin:3.2.0:testResources (default-testResources) @ primefaces-integration-tests ---
[INFO] Using 'UTF-8' encoding to copy filtered resources.
[INFO] Using 'UTF-8' encoding to copy filtered properties files.
[INFO] Copying 7 resources
[INFO] Copying 1 resource
[INFO] 
[INFO] --- maven-compiler-plugin:3.9.0:testCompile (default-testCompile) @ primefaces-integration-tests ---
[INFO] Changes detected - recompiling the module!
[INFO] Compiling 164 source files to /home/gabsko/breaking-updates/primefaces-integration-tests/target/test-classes
[INFO] /home/gabsko/breaking-updates/primefaces-integration-tests/src/test/java/org/primefaces/integrationtests/datatable/AbstractDataTableTest.java: /home/gabsko/breaking-updates/primefaces-integration-tests/src/test/java/org/primefaces/integrationtests/datatable/AbstractDataTableTest.java uses or overrides a deprecated API.
[INFO] /home/gabsko/breaking-updates/primefaces-integration-tests/src/test/java/org/primefaces/integrationtests/datatable/AbstractDataTableTest.java: Recompile with -Xlint:deprecation for details.
[INFO] /home/gabsko/breaking-updates/primefaces-integration-tests/src/test/java/org/primefaces/integrationtests/datatable/AbstractDataTableTest.java: Some input files use unchecked or unsafe operations.
[INFO] /home/gabsko/breaking-updates/primefaces-integration-tests/src/test/java/org/primefaces/integrationtests/datatable/AbstractDataTableTest.java: Recompile with -Xlint:unchecked for details.
[INFO] 
[INFO] --- maven-surefire-plugin:2.22.2:test (default-test) @ primefaces-integration-tests ---
[INFO] Tests are skipped.
[INFO] 
[INFO] -------------------< org.primefaces:primefaces-cli >--------------------
[INFO] Building PrimeFaces CLI 12.0.0-SNAPSHOT                            [8/8]
[INFO] --------------------------------[ jar ]---------------------------------
[INFO] 
[INFO] --- maven-clean-plugin:2.5:clean (default-clean) @ primefaces-cli ---
[INFO] Deleting /home/gabsko/breaking-updates/primefaces-cli/target
[INFO] 
[INFO] --- maven-checkstyle-plugin:3.1.2:check (checkstyle) @ primefaces-cli ---
[INFO] Starting audit...
Audit done.
[INFO] You have 0 Checkstyle violations.
[INFO] 
[INFO] --- maven-checkstyle-plugin:3.1.2:check (checkstyle-tests) @ primefaces-cli ---
[INFO] Starting audit...
Audit done.
[INFO] You have 0 Checkstyle violations.
[INFO] 
[INFO] --- maven-resources-plugin:3.2.0:resources (default-resources) @ primefaces-cli ---
[INFO] Using 'UTF-8' encoding to copy filtered resources.
[INFO] Using 'UTF-8' encoding to copy filtered properties files.
[INFO] skip non existing resourceDirectory /home/gabsko/breaking-updates/primefaces-cli/src/main/resources
[INFO] 
[INFO] --- maven-compiler-plugin:3.9.0:compile (default-compile) @ primefaces-cli ---
[INFO] Changes detected - recompiling the module!
[INFO] Compiling 3 source files to /home/gabsko/breaking-updates/primefaces-cli/target/classes
[WARNING] bootstrap class path not set in conjunction with -source 8
[INFO] 
[INFO] --- maven-resources-plugin:3.2.0:testResources (default-testResources) @ primefaces-cli ---
[INFO] Using 'UTF-8' encoding to copy filtered resources.
[INFO] Using 'UTF-8' encoding to copy filtered properties files.
[INFO] skip non existing resourceDirectory /home/gabsko/breaking-updates/primefaces-cli/src/test/resources
[INFO] 
[INFO] --- maven-compiler-plugin:3.9.0:testCompile (default-testCompile) @ primefaces-cli ---
[INFO] Changes detected - recompiling the module!
[INFO] Compiling 1 source file to /home/gabsko/breaking-updates/primefaces-cli/target/test-classes
[INFO] 
[INFO] --- maven-surefire-plugin:2.22.2:test (default-test) @ primefaces-cli ---
[INFO] 
[INFO] -------------------------------------------------------
[INFO]  T E S T S
[INFO] -------------------------------------------------------
[INFO] Running org.primefaces.cli.migration.primeflex.PrimeFlexMigrationTest
[INFO] Tests run: 14, Failures: 0, Errors: 0, Skipped: 0, Time elapsed: 0.031 s - in org.primefaces.cli.migration.primeflex.PrimeFlexMigrationTest
[INFO] 
[INFO] Results:
[INFO] 
[INFO] Tests run: 14, Failures: 0, Errors: 0, Skipped: 0
[INFO] 
[INFO] ------------------------------------------------------------------------
[INFO] Reactor Summary for PrimeFaces Parent 12.0.0-SNAPSHOT:
[INFO] 
[INFO] PrimeFaces Parent .................................. SUCCESS [  0.608 s]
[INFO] PrimeFaces ......................................... SUCCESS [ 31.916 s]
[INFO] PrimeFaces Showcase ................................ SUCCESS [  3.402 s]
[INFO] PrimeFaces Selenium ................................ SUCCESS [  0.062 s]
[INFO] PrimeFaces Selenium - Core ......................... SUCCESS [  1.261 s]
[INFO] PrimeFaces Selenium - Components ................... SUCCESS [  0.753 s]
[INFO] PrimeFaces Integration Tests ....................... SUCCESS [  4.660 s]
[INFO] PrimeFaces CLI ..................................... SUCCESS [  0.961 s]
[INFO] ------------------------------------------------------------------------
[INFO] BUILD SUCCESS
[INFO] ------------------------------------------------------------------------
[INFO] Total time:  44.465 s
[INFO] Finished at: 2023-02-09T01:07:17Z
[INFO] ------------------------------------------------------------------------
