[INFO] Scanning for projects...
[INFO] ------------------------------------------------------------------------
[INFO] Reactor Build Order:
[INFO] 
[INFO] Modello                                                            [pom]
[INFO] Modello Core                                                       [jar]
[INFO] Modello Test Package                                               [jar]
[INFO] Modello Plugins                                                    [pom]
[INFO] Modello Java Plugin                                                [jar]
[INFO] Modello XML Plugin                                                 [jar]
[INFO] Modello StAX Plugin                                                [jar]
[INFO] Modello Model Version Converter Plugin                             [jar]
[INFO] Modello Dom4J Plugin                                               [jar]
[INFO] Modello Jackson Plugin                                             [jar]
[INFO] Modello JDOM Plugin                                                [jar]
[INFO] Modello JSON-Schema Plugin                                         [jar]
[INFO] Modello SAX Plugin                                                 [jar]
[INFO] Modello SnakeYaml Plugin                                           [jar]
[INFO] Modello XSD Plugin                                                 [jar]
[INFO] Modello XDOC Plugin                                                [jar]
[INFO] Modello XPP3 Plugin                                                [jar]
[INFO] Modello Maven Plugin                                      [maven-plugin]
[INFO] 
[INFO] --------------------< org.codehaus.modello:modello >--------------------
[INFO] Building Modello 2.1.0-SNAPSHOT                                   [1/18]
[INFO] --------------------------------[ pom ]---------------------------------
[INFO] 
[INFO] --- maven-clean-plugin:3.2.0:clean (default-clean) @ modello ---
[INFO] 
[INFO] -----------------< org.codehaus.modello:modello-core >------------------
[INFO] Building Modello Core 2.1.0-SNAPSHOT                              [2/18]
[INFO] --------------------------------[ jar ]---------------------------------
[INFO] 
[INFO] --- maven-clean-plugin:3.2.0:clean (default-clean) @ modello-core ---
[INFO] Deleting /home/gabsko/breaking-updates/modello-core/target
[INFO] 
[INFO] --- maven-resources-plugin:3.2.0:resources (default-resources) @ modello-core ---
[INFO] Using 'UTF-8' encoding to copy filtered resources.
[INFO] Using 'UTF-8' encoding to copy filtered properties files.
[INFO] Copying 1 resource
[INFO] 
[INFO] --- maven-compiler-plugin:3.10.1:compile (default-compile) @ modello-core ---
[INFO] Changes detected - recompiling the module!
[INFO] Compiling 44 source files to /home/gabsko/breaking-updates/modello-core/target/classes
[INFO] 
[INFO] --- maven-resources-plugin:3.2.0:testResources (default-testResources) @ modello-core ---
[INFO] Using 'UTF-8' encoding to copy filtered resources.
[INFO] Using 'UTF-8' encoding to copy filtered properties files.
[INFO] Copying 6 resources
[INFO] 
[INFO] --- maven-compiler-plugin:3.10.1:testCompile (default-testCompile) @ modello-core ---
[INFO] Changes detected - recompiling the module!
[INFO] Compiling 4 source files to /home/gabsko/breaking-updates/modello-core/target/test-classes
[INFO] 
[INFO] --- maven-surefire-plugin:2.22.2:test (default-test) @ modello-core ---
[INFO] 
[INFO] -------------------------------------------------------
[INFO]  T E S T S
[INFO] -------------------------------------------------------
[INFO] Running org.codehaus.modello.model.VersionTest
[INFO] Tests run: 5, Failures: 0, Errors: 0, Skipped: 0, Time elapsed: 0.03 s - in org.codehaus.modello.model.VersionTest
[INFO] Running org.codehaus.modello.model.VersionDefinitionTest
[INFO] Tests run: 3, Failures: 0, Errors: 0, Skipped: 0, Time elapsed: 0 s - in org.codehaus.modello.model.VersionDefinitionTest
[INFO] Running org.codehaus.modello.core.DefaultModelloCoreTest
[INFO] Tests run: 4, Failures: 0, Errors: 0, Skipped: 0, Time elapsed: 0.256 s - in org.codehaus.modello.core.DefaultModelloCoreTest
[INFO] Running org.codehaus.modello.core.io.ModelReaderTest
[INFO] Tests run: 2, Failures: 0, Errors: 0, Skipped: 0, Time elapsed: 0.019 s - in org.codehaus.modello.core.io.ModelReaderTest
[INFO] 
[INFO] Results:
[INFO] 
[INFO] Tests run: 14, Failures: 0, Errors: 0, Skipped: 0
[INFO] 
[INFO] 
[INFO] -----------------< org.codehaus.modello:modello-test >------------------
[INFO] Building Modello Test Package 2.1.0-SNAPSHOT                      [3/18]
[INFO] --------------------------------[ jar ]---------------------------------
[INFO] 
[INFO] --- maven-clean-plugin:3.2.0:clean (default-clean) @ modello-test ---
[INFO] Deleting /home/gabsko/breaking-updates/modello-test/target
[INFO] 
[INFO] --- maven-resources-plugin:3.2.0:resources (default-resources) @ modello-test ---
[INFO] Using 'UTF-8' encoding to copy filtered resources.
[INFO] Using 'UTF-8' encoding to copy filtered properties files.
[INFO] Copying 13 resources
[INFO] 
[INFO] --- maven-compiler-plugin:3.10.1:compile (default-compile) @ modello-test ---
[INFO] Changes detected - recompiling the module!
[INFO] Compiling 5 source files to /home/gabsko/breaking-updates/modello-test/target/classes
[INFO] 
[INFO] --- maven-resources-plugin:3.2.0:testResources (default-testResources) @ modello-test ---
[INFO] Using 'UTF-8' encoding to copy filtered resources.
[INFO] Using 'UTF-8' encoding to copy filtered properties files.
[INFO] skip non existing resourceDirectory /home/gabsko/breaking-updates/modello-test/src/test/resources
[INFO] 
[INFO] --- maven-compiler-plugin:3.10.1:testCompile (default-testCompile) @ modello-test ---
[INFO] No sources to compile
[INFO] 
[INFO] --- maven-surefire-plugin:2.22.2:test (default-test) @ modello-test ---
[INFO] No tests to run.
[INFO] 
[INFO] ----------------< org.codehaus.modello:modello-plugins >----------------
[INFO] Building Modello Plugins 2.1.0-SNAPSHOT                           [4/18]
[INFO] --------------------------------[ pom ]---------------------------------
[INFO] 
[INFO] --- maven-clean-plugin:3.2.0:clean (default-clean) @ modello-plugins ---
[INFO] 
[INFO] --------------< org.codehaus.modello:modello-plugin-java >--------------
[INFO] Building Modello Java Plugin 2.1.0-SNAPSHOT                       [5/18]
[INFO] --------------------------------[ jar ]---------------------------------
[INFO] 
[INFO] --- maven-clean-plugin:3.2.0:clean (default-clean) @ modello-plugin-java ---
[INFO] Deleting /home/gabsko/breaking-updates/modello-plugins/modello-plugin-java/target
[INFO] 
[INFO] --- maven-resources-plugin:3.2.0:resources (default-resources) @ modello-plugin-java ---
[INFO] Using 'UTF-8' encoding to copy filtered resources.
[INFO] Using 'UTF-8' encoding to copy filtered properties files.
[INFO] Copying 1 resource
[INFO] 
[INFO] --- maven-compiler-plugin:3.10.1:compile (default-compile) @ modello-plugin-java ---
[INFO] Changes detected - recompiling the module!
[INFO] Compiling 31 source files to /home/gabsko/breaking-updates/modello-plugins/modello-plugin-java/target/classes
[INFO] /home/gabsko/breaking-updates/modello-plugins/modello-plugin-java/src/main/java/org/codehaus/modello/plugin/java/JavaModelloGenerator.java: /home/gabsko/breaking-updates/modello-plugins/modello-plugin-java/src/main/java/org/codehaus/modello/plugin/java/JavaModelloGenerator.java uses or overrides a deprecated API.
[INFO] /home/gabsko/breaking-updates/modello-plugins/modello-plugin-java/src/main/java/org/codehaus/modello/plugin/java/JavaModelloGenerator.java: Recompile with -Xlint:deprecation for details.
[INFO] 
[INFO] --- maven-resources-plugin:3.2.0:testResources (default-testResources) @ modello-plugin-java ---
[INFO] Using 'UTF-8' encoding to copy filtered resources.
[INFO] Using 'UTF-8' encoding to copy filtered properties files.
[INFO] Copying 9 resources
[INFO] 
[INFO] --- maven-dependency-plugin:3.3.0:copy-dependencies (copy-test-libs) @ modello-plugin-java ---
[INFO] Copying plexus-utils-3.4.2.jar to /home/gabsko/breaking-updates/modello-plugins/modello-plugin-java/target/test-libs/plexus-utils.jar
[INFO] Copying plexus-build-api-0.0.7.jar to /home/gabsko/breaking-updates/modello-plugins/modello-plugin-java/target/test-libs/plexus-build-api.jar
[INFO] Copying persistence-api-1.0.2.jar to /home/gabsko/breaking-updates/modello-plugins/modello-plugin-java/target/test-libs/persistence-api.jar
[INFO] Copying jaxb-api-2.3.1.jar to /home/gabsko/breaking-updates/modello-plugins/modello-plugin-java/target/test-libs/jaxb-api.jar
[INFO] Copying org.eclipse.sisu.plexus-0.3.5.jar to /home/gabsko/breaking-updates/modello-plugins/modello-plugin-java/target/test-libs/org.eclipse.sisu.plexus.jar
[INFO] Copying classes to /home/gabsko/breaking-updates/modello-plugins/modello-plugin-java/target/test-libs/modello-core.jar
[INFO] ------------------------------------------------------------------------
[INFO] Reactor Summary for Modello 2.1.0-SNAPSHOT:
[INFO] 
[INFO] Modello ............................................ SUCCESS [  0.095 s]
[INFO] Modello Core ....................................... SUCCESS [  2.240 s]
[INFO] Modello Test Package ............................... SUCCESS [  0.189 s]
[INFO] Modello Plugins .................................... SUCCESS [  0.001 s]
[INFO] Modello Java Plugin ................................ FAILURE [  0.721 s]
[INFO] Modello XML Plugin ................................. SKIPPED
[INFO] Modello StAX Plugin ................................ SKIPPED
[INFO] Modello Model Version Converter Plugin ............. SKIPPED
[INFO] Modello Dom4J Plugin ............................... SKIPPED
[INFO] Modello Jackson Plugin ............................. SKIPPED
[INFO] Modello JDOM Plugin ................................ SKIPPED
[INFO] Modello JSON-Schema Plugin ......................... SKIPPED
[INFO] Modello SAX Plugin ................................. SKIPPED
[INFO] Modello SnakeYaml Plugin ........................... SKIPPED
[INFO] Modello XSD Plugin ................................. SKIPPED
[INFO] Modello XDOC Plugin ................................ SKIPPED
[INFO] Modello XPP3 Plugin ................................ SKIPPED
[INFO] Modello Maven Plugin ............................... SKIPPED
[INFO] ------------------------------------------------------------------------
[INFO] BUILD FAILURE
[INFO] ------------------------------------------------------------------------
[INFO] Total time:  3.405 s
[INFO] Finished at: 2023-02-08T18:13:38Z
[INFO] ------------------------------------------------------------------------
[ERROR] Failed to execute goal org.apache.maven.plugins:maven-dependency-plugin:3.3.0:copy-dependencies (copy-test-libs) on project modello-plugin-java: Artifact has not been packaged yet. When used on reactor artifact, copy should be executed after packaging: see MDEP-187. -> [Help 1]
[ERROR] 
[ERROR] To see the full stack trace of the errors, re-run Maven with the -e switch.
[ERROR] Re-run Maven using the -X switch to enable full debug logging.
[ERROR] 
[ERROR] For more information about the errors and possible solutions, please read the following articles:
[ERROR] [Help 1] http://cwiki.apache.org/confluence/display/MAVEN/MojoExecutionException
[ERROR] 
[ERROR] After correcting the problems, you can resume the build with the command
[ERROR]   mvn <args> -rf :modello-plugin-java
