[INFO] Scanning for projects...
[WARNING] 
[WARNING] Some problems were encountered while building the effective model for net.snowflake:snowflake-jdbc:jar:3.13.20
[WARNING] 'dependencies.dependency.(groupId:artifactId:type:classifier)' must be unique: commons-codec:commons-codec:jar -> duplicate declaration of version 1.14 @ line 194, column 17
[WARNING] 
[WARNING] It is highly recommended to fix these problems because they threaten the stability of your build.
[WARNING] 
[WARNING] For this reason, future Maven versions might no longer support building such malformed projects.
[WARNING] 
[WARNING] The project net.snowflake:snowflake-jdbc:jar:3.13.20 uses prerequisites which is only intended for maven-plugin projects but not for non maven-plugin projects. For such purposes you should use the maven-enforcer-plugin. See https://maven.apache.org/enforcer/enforcer-rules/requireMavenVersion.html
[INFO] 
[INFO] --------------------< net.snowflake:snowflake-jdbc >--------------------
[INFO] Building snowflake-jdbc 3.13.20
[INFO] --------------------------------[ jar ]---------------------------------
[INFO] 
[INFO] --- maven-clean-plugin:3.0.0:clean (default-clean) @ snowflake-jdbc ---
[INFO] Deleting /home/gabsko/breaking-updates/target
[INFO] 
[INFO] --- maven-install-plugin:3.0.0-M1:install-file (install-arrow-memory-pom) @ snowflake-jdbc ---
[INFO] Installing /home/gabsko/breaking-updates/dependencies/arrow-memory-8.0.0.pom to /home/gabsko/.m2/repository/org/apache/arrow/arrow-memory/8.0.0/arrow-memory-8.0.0.pom
[INFO] 
[INFO] --- maven-install-plugin:3.0.0-M1:install-file (install-arrow-memory-core) @ snowflake-jdbc ---
[INFO] Installing /home/gabsko/breaking-updates/dependencies/arrow-memory-core-8.0.0.jar to /home/gabsko/.m2/repository/org/apache/arrow/arrow-memory-core/8.0.0/arrow-memory-core-8.0.0.jar
[INFO] Installing /tmp/arrow-memory-core-8.0.04887048003992754630.pom to /home/gabsko/.m2/repository/org/apache/arrow/arrow-memory-core/8.0.0/arrow-memory-core-8.0.0.pom
[INFO] 
[INFO] --- maven-install-plugin:3.0.0-M1:install-file (install-arrow-memory-unsafe) @ snowflake-jdbc ---
[INFO] Installing /home/gabsko/breaking-updates/dependencies/arrow-memory-unsafe-8.0.0.jar to /home/gabsko/.m2/repository/org/apache/arrow/arrow-memory-unsafe/8.0.0/arrow-memory-unsafe-8.0.0.jar
[INFO] Installing /tmp/arrow-memory-unsafe-8.0.05996816498430303784.pom to /home/gabsko/.m2/repository/org/apache/arrow/arrow-memory-unsafe/8.0.0/arrow-memory-unsafe-8.0.0.pom
[INFO] 
[INFO] --- maven-install-plugin:3.0.0-M1:install-file (install-arrow-memory-netty) @ snowflake-jdbc ---
[INFO] Installing /home/gabsko/breaking-updates/dependencies/arrow-memory-netty-8.0.0.jar to /home/gabsko/.m2/repository/org/apache/arrow/arrow-memory-netty/8.0.0/arrow-memory-netty-8.0.0.jar
[INFO] Installing /tmp/arrow-memory-netty-8.0.017936811017999503943.pom to /home/gabsko/.m2/repository/org/apache/arrow/arrow-memory-netty/8.0.0/arrow-memory-netty-8.0.0.pom
[INFO] 
[INFO] --- maven-install-plugin:3.0.0-M1:install-file (install-arrow-format) @ snowflake-jdbc ---
[INFO] Installing /home/gabsko/breaking-updates/dependencies/arrow-format-8.0.0.jar to /home/gabsko/.m2/repository/org/apache/arrow/arrow-format/8.0.0/arrow-format-8.0.0.jar
[INFO] Installing /tmp/arrow-format-8.0.011781982132917895199.pom to /home/gabsko/.m2/repository/org/apache/arrow/arrow-format/8.0.0/arrow-format-8.0.0.pom
[INFO] 
[INFO] --- maven-install-plugin:3.0.0-M1:install-file (install-arrow-vector) @ snowflake-jdbc ---
[INFO] Installing /home/gabsko/breaking-updates/dependencies/arrow-vector-8.0.0.jar to /home/gabsko/.m2/repository/org/apache/arrow/arrow-vector/8.0.0/arrow-vector-8.0.0.jar
[INFO] Installing /tmp/arrow-vector-8.0.010262388162928965928.pom to /home/gabsko/.m2/repository/org/apache/arrow/arrow-vector/8.0.0/arrow-vector-8.0.0.pom
[INFO] 
[INFO] --- jacoco-maven-plugin:0.8.4:prepare-agent (pre-unit-test) @ snowflake-jdbc ---
[INFO] Skipping JaCoCo execution because property jacoco.skip is set.
[INFO] argLine set to empty
[INFO] 
[INFO] --- maven-resources-plugin:2.6:resources (default-resources) @ snowflake-jdbc ---
[INFO] Using 'UTF-8' encoding to copy filtered resources.
[INFO] Copying 6 resources
[INFO] 
[INFO] --- maven-compiler-plugin:3.8.0:compile (default-compile) @ snowflake-jdbc ---
[INFO] Changes detected - recompiling the module!
[INFO] Compiling 205 source files to /home/gabsko/breaking-updates/target/classes
[WARNING] [options] bootstrap class path not set in conjunction with -source 8
[WARNING] /home/gabsko/breaking-updates/src/main/java/net/snowflake/client/jdbc/SnowflakeUtil.java:[532,71] [unchecked] unchecked cast
  required: Map<String,String>
  found:    Object
[WARNING] /home/gabsko/breaking-updates/src/main/java/net/snowflake/client/jdbc/SnowflakeUtil.java:[552,71] [unchecked] unchecked cast
  required: Map<String,String>
  found:    Object
[WARNING] /home/gabsko/breaking-updates/src/main/java/net/snowflake/client/jdbc/SnowflakeResultSetMetaDataV1.java:[82,15] [unchecked] unchecked cast
  required: T
  found:    SnowflakeResultSetMetaDataV1
  where T is a type-variable:
    T extends Object declared in method <T>unwrap(Class<T>)
[WARNING] /home/gabsko/breaking-updates/src/main/java/net/snowflake/client/core/SFTrustManager.java:[234,6] [rawtypes] found raw type: Class
  missing type arguments for generic class Class<T>
  where T is a type-variable:
    T extends Object declared in class Class
[WARNING] /home/gabsko/breaking-updates/src/main/java/net/snowflake/client/core/SFTrustManager.java:[235,52] [unchecked] unchecked call to getDeclaredConstructor(Class<?>...) as a member of the raw type Class
  where T is a type-variable:
    T extends Object declared in class Class
[WARNING] /home/gabsko/breaking-updates/src/main/java/net/snowflake/client/core/SFTrustManager.java:[277,8] [static] static variable should be qualified by type name, SFTrustManager, instead of by an expression
[WARNING] /home/gabsko/breaking-updates/src/main/java/net/snowflake/client/core/SFTrustManager.java:[1151,13] [deprecation] closeQuietly(Closeable) in IOUtils has been deprecated
[WARNING] /home/gabsko/breaking-updates/src/main/java/net/snowflake/client/core/SFTrustManager.java:[1250,15] [deprecation] closeQuietly(Closeable) in IOUtils has been deprecated
[WARNING] /home/gabsko/breaking-updates/src/main/java/net/snowflake/client/core/SFTrustManager.java:[1283,13] [deprecation] closeQuietly(Closeable) in IOUtils has been deprecated
[WARNING] /home/gabsko/breaking-updates/src/main/java/net/snowflake/client/core/HttpClientSettingsKey.java:[15,7] [serial] serializable class HttpClientSettingsKey has no definition of serialVersionUID
[WARNING] /home/gabsko/breaking-updates/src/main/java/net/snowflake/client/jdbc/SnowflakeChunkDownloader.java:[97,23] [rawtypes] found raw type: Future
  missing type arguments for generic class Future<V>
  where V is a type-variable:
    V extends Object declared in interface Future
[WARNING] /home/gabsko/breaking-updates/src/main/java/net/snowflake/client/jdbc/SnowflakeChunkDownloader.java:[401,8] [rawtypes] found raw type: Future
  missing type arguments for generic class Future<V>
  where V is a type-variable:
    V extends Object declared in interface Future
[WARNING] /home/gabsko/breaking-updates/src/main/java/net/snowflake/client/jdbc/SnowflakeChunkDownloader.java:[681,8] [rawtypes] found raw type: Future
  missing type arguments for generic class Future<V>
  where V is a type-variable:
    V extends Object declared in interface Future
[WARNING] /home/gabsko/breaking-updates/src/main/java/net/snowflake/client/jdbc/SnowflakeTimeWithTimezone.java:[20,7] [serial] serializable class SnowflakeTimeWithTimezone has no definition of serialVersionUID
[WARNING] /home/gabsko/breaking-updates/src/main/java/net/snowflake/client/jdbc/SnowflakeSQLLoggedException.java:[38,7] [serial] serializable class SnowflakeSQLLoggedException has no definition of serialVersionUID
[WARNING] /home/gabsko/breaking-updates/src/main/java/net/snowflake/client/jdbc/telemetryOOB/TelemetryService.java:[342,19] [static] static variable should be qualified by type name, TelemetryService, instead of by an expression
[WARNING] /home/gabsko/breaking-updates/src/main/java/net/snowflake/client/core/arrow/AbstractArrowVectorConverter.java:[182,16] [serial] serializable class TimestampOperationNotAvailableException has no definition of serialVersionUID
[WARNING] /home/gabsko/breaking-updates/src/main/java/net/snowflake/client/core/ObjectMapperFactory.java:[13,10] [deprecation] configure(MapperFeature,boolean) in ObjectMapper has been deprecated
[WARNING] /home/gabsko/breaking-updates/src/main/java/net/snowflake/client/core/ObjectMapperFactory.java:[14,10] [deprecation] configure(MapperFeature,boolean) in ObjectMapper has been deprecated
[WARNING] /home/gabsko/breaking-updates/src/main/java/net/snowflake/client/jdbc/cloud/storage/SnowflakeGCSClient.java:[569,13] [deprecation] closeQuietly(InputStream) in IOUtils has been deprecated
[WARNING] /home/gabsko/breaking-updates/src/main/java/net/snowflake/client/jdbc/cloud/storage/SnowflakeGCSClient.java:[634,48] [deprecation] closeQuietly(InputStream) in IOUtils has been deprecated
[WARNING] /home/gabsko/breaking-updates/src/main/java/net/snowflake/client/jdbc/cloud/storage/SnowflakeGCSClient.java:[653,17] [deprecation] create(BlobInfo,InputStream,BlobWriteOption...) in Storage has been deprecated
[WARNING] /home/gabsko/breaking-updates/src/main/java/net/snowflake/client/jdbc/cloud/storage/SnowflakeGCSClient.java:[658,50] [deprecation] closeQuietly(InputStream) in IOUtils has been deprecated
[WARNING] /home/gabsko/breaking-updates/src/main/java/net/snowflake/client/jdbc/cloud/storage/SnowflakeGCSClient.java:[687,46] [deprecation] closeQuietly(InputStream) in IOUtils has been deprecated
[WARNING] /home/gabsko/breaking-updates/src/main/java/net/snowflake/client/jdbc/FileBackedOutputStream.java:[101,27] [deprecation] finalize() in Object has been deprecated
[WARNING] /home/gabsko/breaking-updates/src/main/java/net/snowflake/client/jdbc/SnowflakeLoggedFeatureNotSupportedException.java:[13,7] [serial] serializable class SnowflakeLoggedFeatureNotSupportedException has no definition of serialVersionUID
[WARNING] /home/gabsko/breaking-updates/src/main/java/net/snowflake/client/jdbc/SnowflakeDateWithTimezone.java:[17,7] [serial] serializable class SnowflakeDateWithTimezone has no definition of serialVersionUID
[WARNING] /home/gabsko/breaking-updates/src/main/java/net/snowflake/client/jdbc/ArrowResultChunk.java:[57,8] [static] static variable should be qualified by type name, ArrowResultChunk, instead of by an expression
[WARNING] /home/gabsko/breaking-updates/src/main/java/net/snowflake/client/jdbc/SnowflakeFileTransferAgent.java:[596,19] [deprecation] closeQuietly(InputStream) in IOUtils has been deprecated
[WARNING] /home/gabsko/breaking-updates/src/main/java/net/snowflake/client/jdbc/SnowflakeFileTransferAgent.java:[2352,17] [deprecation] closeQuietly(InputStream) in IOUtils has been deprecated
[WARNING] /home/gabsko/breaking-updates/src/main/java/net/snowflake/client/jdbc/SnowflakeFileTransferAgent.java:[2380,17] [deprecation] closeQuietly(InputStream) in IOUtils has been deprecated
[WARNING] /home/gabsko/breaking-updates/src/main/java/net/snowflake/client/core/SFStatement.java:[440,76] [unchecked] unchecked cast
  required: List<String>
  found:    Object
[WARNING] /home/gabsko/breaking-updates/src/main/java/net/snowflake/client/jdbc/cloud/storage/SnowflakeS3Client.java:[547,50] [deprecation] closeQuietly(InputStream) in IOUtils has been deprecated
[WARNING] /home/gabsko/breaking-updates/src/main/java/net/snowflake/client/jdbc/cloud/storage/SnowflakeS3Client.java:[577,46] [deprecation] closeQuietly(InputStream) in IOUtils has been deprecated
[WARNING] /home/gabsko/breaking-updates/src/main/java/net/snowflake/client/jdbc/cloud/storage/SnowflakeAzureClient.java:[491,50] [deprecation] closeQuietly(InputStream) in IOUtils has been deprecated
[WARNING] /home/gabsko/breaking-updates/src/main/java/net/snowflake/client/jdbc/cloud/storage/SnowflakeAzureClient.java:[519,46] [deprecation] closeQuietly(InputStream) in IOUtils has been deprecated
[WARNING] /home/gabsko/breaking-updates/src/main/java/net/snowflake/client/core/SecureStorageWindowsManager.java:[261,20] [deprecation] <T>loadLibrary(String,Class<T>,Map<String,?>) in Native has been deprecated
  where T is a type-variable:
    T extends Object declared in method <T>loadLibrary(String,Class<T>,Map<String,?>)
[WARNING] /home/gabsko/breaking-updates/src/main/java/net/snowflake/client/core/SecureStorageWindowsManager.java:[260,10] [cast] redundant cast to Advapi32Lib
[WARNING] /home/gabsko/breaking-updates/src/main/java/net/snowflake/client/jdbc/SnowflakeDatabaseMetaData.java:[3216,15] [unchecked] unchecked cast
  required: T
  found:    SnowflakeDatabaseMetaData
  where T is a type-variable:
    T extends Object declared in method <T>unwrap(Class<T>)
[WARNING] /home/gabsko/breaking-updates/src/main/java/net/snowflake/client/jdbc/SnowflakeDriver.java:[74,6] [rawtypes] found raw type: Class
  missing type arguments for generic class Class<T>
  where T is a type-variable:
    T extends Object declared in class Class
[WARNING] /home/gabsko/breaking-updates/src/main/java/net/snowflake/client/jdbc/SnowflakeDriver.java:[80,39] [unchecked] unchecked call to getDeclaredMethod(String,Class<?>...) as a member of the raw type Class
[WARNING] /home/gabsko/breaking-updates/src/main/java/net/snowflake/client/jdbc/SnowflakeDriver.java:[82,62] [unchecked] unchecked call to getDeclaredMethod(String,Class<?>...) as a member of the raw type Class
[WARNING] /home/gabsko/breaking-updates/src/main/java/net/snowflake/client/jdbc/SnowflakeDriver.java:[83,60] [unchecked] unchecked call to getDeclaredMethod(String,Class<?>...) as a member of the raw type Class
[WARNING] /home/gabsko/breaking-updates/src/main/java/net/snowflake/client/jdbc/SnowflakeDriver.java:[85,6] [rawtypes] found raw type: Class
  missing type arguments for generic class Class<T>
  where T is a type-variable:
    T extends Object declared in class Class
[WARNING] /home/gabsko/breaking-updates/src/main/java/net/snowflake/client/jdbc/SnowflakeDriver.java:[230,27] [deprecation] getPackage(String) in Package has been deprecated
[WARNING] /home/gabsko/breaking-updates/src/main/java/net/snowflake/client/jdbc/SnowflakeBasicDataSource.java:[17,7] [serial] serializable class SnowflakeBasicDataSource has no definition of serialVersionUID
[WARNING] /home/gabsko/breaking-updates/src/main/java/net/snowflake/client/jdbc/SnowflakePreparedStatementV1.java:[489,94] [unchecked] unchecked cast
  required: List<String>
  found:    Object
[WARNING] /home/gabsko/breaking-updates/src/main/java/net/snowflake/client/jdbc/SnowflakePreparedStatementV1.java:[504,90] [unchecked] unchecked cast
  required: List<String>
  found:    Object
[WARNING] /home/gabsko/breaking-updates/src/main/java/net/snowflake/client/core/HttpUtil.java:[776,13] [deprecation] closeQuietly(Writer) in IOUtils has been deprecated
[WARNING] /home/gabsko/breaking-updates/src/main/java/net/snowflake/client/core/HttpUtil.java:[777,13] [deprecation] closeQuietly(Closeable) in IOUtils has been deprecated
[WARNING] /home/gabsko/breaking-updates/src/main/java/net/snowflake/client/core/SnowflakeMutableProxyRoutePlanner.java:[21,7] [serial] serializable class SnowflakeMutableProxyRoutePlanner has no definition of serialVersionUID
[WARNING] /home/gabsko/breaking-updates/src/main/java/net/snowflake/client/core/SecureStorageAppleManager.java:[191,30] [deprecation] <T>loadLibrary(String,Class<T>) in Native has been deprecated
  where T is a type-variable:
    T extends Object declared in method <T>loadLibrary(String,Class<T>)
[WARNING] /home/gabsko/breaking-updates/src/main/java/net/snowflake/client/core/SecureStorageAppleManager.java:[191,10] [cast] redundant cast to SecurityLib
[WARNING] /home/gabsko/breaking-updates/src/main/java/net/snowflake/client/pooling/SnowflakeConnectionPoolDataSource.java:[12,7] [serial] serializable class SnowflakeConnectionPoolDataSource has no definition of serialVersionUID
[INFO] 
[INFO] --- maven-resources-plugin:2.6:testResources (default-testResources) @ snowflake-jdbc ---
[INFO] Using 'UTF-8' encoding to copy filtered resources.
[INFO] Copying 18 resources
[INFO] 
[INFO] --- maven-compiler-plugin:3.8.0:testCompile (default-testCompile) @ snowflake-jdbc ---
[INFO] Changes detected - recompiling the module!
[INFO] Compiling 158 source files to /home/gabsko/breaking-updates/target/test-classes
[WARNING] [options] bootstrap class path not set in conjunction with -source 8
[WARNING] /home/gabsko/breaking-updates/src/test/java/net/snowflake/client/ConditionalIgnoreRule.java:[85,30] [deprecation] newInstance() in Class has been deprecated
  where T is a type-variable:
    T extends Object declared in class Class
[WARNING] /home/gabsko/breaking-updates/src/test/java/net/snowflake/client/jdbc/HeartbeatIT.java:[168,6] [deprecation] <T>assertThat(String,T,Matcher<? super T>) in Assert has been deprecated
  where T is a type-variable:
    T extends Object declared in method <T>assertThat(String,T,Matcher<? super T>)
[WARNING] /home/gabsko/breaking-updates/src/test/java/net/snowflake/client/jdbc/HeartbeatIT.java:[172,6] [deprecation] <T>assertThat(String,T,Matcher<? super T>) in Assert has been deprecated
  where T is a type-variable:
    T extends Object declared in method <T>assertThat(String,T,Matcher<? super T>)
[WARNING] /home/gabsko/breaking-updates/src/test/java/net/snowflake/client/jdbc/HeartbeatIT.java:[173,6] [deprecation] <T>assertThat(String,T,Matcher<? super T>) in Assert has been deprecated
  where T is a type-variable:
    T extends Object declared in method <T>assertThat(String,T,Matcher<? super T>)
[WARNING] /home/gabsko/breaking-updates/src/test/java/net/snowflake/client/jdbc/SSOConnectionTest.java:[185,13] [deprecation] closeQuietly(Writer) in IOUtils has been deprecated
[WARNING] /home/gabsko/breaking-updates/src/test/java/net/snowflake/client/jdbc/BindingDataIT.java:[70,35] [deprecation] Short(short) in Short has been deprecated
[WARNING] /home/gabsko/breaking-updates/src/test/java/net/snowflake/client/jdbc/BindingDataIT.java:[74,35] [deprecation] Short(short) in Short has been deprecated
[WARNING] /home/gabsko/breaking-updates/src/test/java/net/snowflake/client/jdbc/telemetryOOB/TelemetryServiceIT.java:[39,11] [static] static method should be qualified by type name, TelemetryService, instead of by an expression
[WARNING] /home/gabsko/breaking-updates/src/test/java/net/snowflake/client/jdbc/telemetryOOB/TelemetryServiceIT.java:[48,13] [static] static method should be qualified by type name, TelemetryService, instead of by an expression
[WARNING] /home/gabsko/breaking-updates/src/test/java/net/snowflake/client/jdbc/telemetryOOB/TelemetryServiceIT.java:[50,13] [static] static method should be qualified by type name, TelemetryService, instead of by an expression
[WARNING] /home/gabsko/breaking-updates/src/test/java/net/snowflake/client/jdbc/telemetryOOB/TelemetryServiceTest.java:[19,11] [static] static method should be qualified by type name, TelemetryService, instead of by an expression
[WARNING] /home/gabsko/breaking-updates/src/test/java/net/snowflake/client/jdbc/telemetryOOB/TelemetryServiceTest.java:[26,13] [static] static method should be qualified by type name, TelemetryService, instead of by an expression
[WARNING] /home/gabsko/breaking-updates/src/test/java/net/snowflake/client/jdbc/telemetryOOB/TelemetryServiceTest.java:[28,13] [static] static method should be qualified by type name, TelemetryService, instead of by an expression
[WARNING] /home/gabsko/breaking-updates/src/test/java/net/snowflake/client/jdbc/telemetryOOB/TelemetryServiceTest.java:[50,11] [static] static method should be qualified by type name, TelemetryService, instead of by an expression
[WARNING] /home/gabsko/breaking-updates/src/test/java/net/snowflake/client/jdbc/telemetryOOB/TelemetryServiceTest.java:[52,11] [static] static method should be qualified by type name, TelemetryService, instead of by an expression
[WARNING] /home/gabsko/breaking-updates/src/test/java/net/snowflake/client/jdbc/RestRequestTest.java:[69,8] [static] static method should be qualified by type name, HttpUtil, instead of by an expression
[WARNING] /home/gabsko/breaking-updates/src/test/java/net/snowflake/client/jdbc/FileUploaderMimeTypeToCompressionTypeTest.java:[33,16] [rawtypes] found raw type: Collection
  missing type arguments for generic class Collection<E>
  where E is a type-variable:
    E extends Object declared in interface Collection
[WARNING] /home/gabsko/breaking-updates/src/test/java/net/snowflake/client/core/SnowflakeMFACacheTest.java:[79,13] [deprecation] closeQuietly(Writer) in IOUtils has been deprecated
[WARNING] /home/gabsko/breaking-updates/src/test/java/net/snowflake/client/core/arrow/ArrowResultUtilTest.java:[56,16] [deprecation] getDate(String,TimeZone,SFBaseSession) in ResultUtil has been deprecated
[WARNING] /home/gabsko/breaking-updates/src/test/java/net/snowflake/client/jdbc/ResultSetLatestIT.java:[528,32] [deprecation] getBigDecimal(int,int) in ResultSet has been deprecated
[WARNING] /home/gabsko/breaking-updates/src/test/java/net/snowflake/client/jdbc/ResultSetLatestIT.java:[529,32] [deprecation] getBigDecimal(String,int) in ResultSet has been deprecated
[WARNING] /home/gabsko/breaking-updates/src/test/java/net/snowflake/client/jdbc/ResultSetLatestIT.java:[531,72] [deprecation] getBigDecimal(int,int) in ResultSet has been deprecated
[WARNING] /home/gabsko/breaking-updates/src/test/java/net/snowflake/client/jdbc/ResultSetLatestIT.java:[532,72] [deprecation] getBigDecimal(String,int) in ResultSet has been deprecated
[WARNING] /home/gabsko/breaking-updates/src/test/java/net/snowflake/client/jdbc/SnowflakeResultSetSerializableIT.java:[858,4] [deprecation] <T>assertThat(T,Matcher<? super T>) in Assert has been deprecated
  where T is a type-variable:
    T extends Object declared in method <T>assertThat(T,Matcher<? super T>)
[WARNING] /home/gabsko/breaking-updates/src/test/java/net/snowflake/client/jdbc/SnowflakeResultSetSerializableIT.java:[859,4] [deprecation] <T>assertThat(T,Matcher<? super T>) in Assert has been deprecated
  where T is a type-variable:
    T extends Object declared in method <T>assertThat(T,Matcher<? super T>)
[WARNING] /home/gabsko/breaking-updates/src/test/java/net/snowflake/client/jdbc/DatabaseMetaDataIT.java:[114,6] [deprecation] <T>assertThat(T,Matcher<? super T>) in Assert has been deprecated
  where T is a type-variable:
    T extends Object declared in method <T>assertThat(T,Matcher<? super T>)
[WARNING] /home/gabsko/breaking-updates/src/test/java/net/snowflake/client/jdbc/DatabaseMetaDataIT.java:[151,6] [deprecation] <T>assertThat(T,Matcher<? super T>) in Assert has been deprecated
  where T is a type-variable:
    T extends Object declared in method <T>assertThat(T,Matcher<? super T>)
[WARNING] /home/gabsko/breaking-updates/src/test/java/net/snowflake/client/jdbc/DatabaseMetaDataIT.java:[158,6] [deprecation] <T>assertThat(T,Matcher<? super T>) in Assert has been deprecated
  where T is a type-variable:
    T extends Object declared in method <T>assertThat(T,Matcher<? super T>)
[WARNING] /home/gabsko/breaking-updates/src/test/java/net/snowflake/client/jdbc/DatabaseMetaDataIT.java:[159,6] [deprecation] <T>assertThat(T,Matcher<? super T>) in Assert has been deprecated
  where T is a type-variable:
    T extends Object declared in method <T>assertThat(T,Matcher<? super T>)
[WARNING] /home/gabsko/breaking-updates/src/test/java/net/snowflake/client/jdbc/DatabaseMetaDataIT.java:[176,6] [deprecation] <T>assertThat(T,Matcher<? super T>) in Assert has been deprecated
  where T is a type-variable:
    T extends Object declared in method <T>assertThat(T,Matcher<? super T>)
[WARNING] /home/gabsko/breaking-updates/src/test/java/net/snowflake/client/log/JDK14JCLWrapperLatestIT.java:[62,30] [static] static method should be qualified by type name, JDK14Logger, instead of by an expression
[WARNING] /home/gabsko/breaking-updates/src/test/java/net/snowflake/client/log/JDK14JCLWrapperLatestIT.java:[64,10] [static] static method should be qualified by type name, JDK14Logger, instead of by an expression
[WARNING] /home/gabsko/breaking-updates/src/test/java/net/snowflake/client/log/JDK14JCLWrapperLatestIT.java:[65,10] [static] static method should be qualified by type name, JDK14Logger, instead of by an expression
[WARNING] /home/gabsko/breaking-updates/src/test/java/net/snowflake/client/log/JDK14JCLWrapperLatestIT.java:[66,10] [static] static method should be qualified by type name, JDK14Logger, instead of by an expression
[WARNING] /home/gabsko/breaking-updates/src/test/java/net/snowflake/client/log/JDK14JCLWrapperLatestIT.java:[71,10] [static] static method should be qualified by type name, JDK14Logger, instead of by an expression
[WARNING] /home/gabsko/breaking-updates/src/test/java/net/snowflake/client/log/JDK14JCLWrapperLatestIT.java:[72,10] [static] static method should be qualified by type name, JDK14Logger, instead of by an expression
[WARNING] /home/gabsko/breaking-updates/src/test/java/net/snowflake/client/log/JDK14JCLWrapperLatestIT.java:[73,10] [static] static method should be qualified by type name, JDK14Logger, instead of by an expression
[WARNING] /home/gabsko/breaking-updates/src/test/java/net/snowflake/client/jdbc/PreparedStatement2LatestIT.java:[82,16] [deprecation] <T>assertThat(T,Matcher<? super T>) in Assert has been deprecated
  where T is a type-variable:
    T extends Object declared in method <T>assertThat(T,Matcher<? super T>)
[WARNING] /home/gabsko/breaking-updates/src/test/java/net/snowflake/client/core/SessionUtilExternalBrowserTest.java:[155,6] [deprecation] <T>assertThat(String,T,Matcher<? super T>) in Assert has been deprecated
  where T is a type-variable:
    T extends Object declared in method <T>assertThat(String,T,Matcher<? super T>)
[WARNING] /home/gabsko/breaking-updates/src/test/java/net/snowflake/client/core/SessionUtilExternalBrowserTest.java:[159,6] [deprecation] <T>assertThat(String,T,Matcher<? super T>) in Assert has been deprecated
  where T is a type-variable:
    T extends Object declared in method <T>assertThat(String,T,Matcher<? super T>)
[WARNING] /home/gabsko/breaking-updates/src/test/java/net/snowflake/client/core/SessionUtilExternalBrowserTest.java:[191,8] [deprecation] <T>assertThat(String,T,Matcher<? super T>) in Assert has been deprecated
  where T is a type-variable:
    T extends Object declared in method <T>assertThat(String,T,Matcher<? super T>)
[WARNING] /home/gabsko/breaking-updates/src/test/java/net/snowflake/client/jdbc/SnowflakeTimestampWithTimezoneTest.java:[42,16] [rawtypes] found raw type: Collection
  missing type arguments for generic class Collection<E>
  where E is a type-variable:
    E extends Object declared in interface Collection
[WARNING] /home/gabsko/breaking-updates/src/test/java/net/snowflake/client/jdbc/DatabaseMetaDataLatestIT.java:[124,6] [deprecation] <T>assertThat(T,Matcher<? super T>) in Assert has been deprecated
  where T is a type-variable:
    T extends Object declared in method <T>assertThat(T,Matcher<? super T>)
[WARNING] /home/gabsko/breaking-updates/src/test/java/net/snowflake/client/jdbc/DatabaseMetaDataLatestIT.java:[127,6] [deprecation] <T>assertThat(T,Matcher<? super T>) in Assert has been deprecated
  where T is a type-variable:
    T extends Object declared in method <T>assertThat(T,Matcher<? super T>)
[WARNING] /home/gabsko/breaking-updates/src/test/java/net/snowflake/client/jdbc/DatabaseMetaDataLatestIT.java:[130,6] [deprecation] <T>assertThat(T,Matcher<? super T>) in Assert has been deprecated
  where T is a type-variable:
    T extends Object declared in method <T>assertThat(T,Matcher<? super T>)
[WARNING] /home/gabsko/breaking-updates/src/test/java/net/snowflake/client/jdbc/DatabaseMetaDataLatestIT.java:[133,6] [deprecation] <T>assertThat(T,Matcher<? super T>) in Assert has been deprecated
  where T is a type-variable:
    T extends Object declared in method <T>assertThat(T,Matcher<? super T>)
[WARNING] /home/gabsko/breaking-updates/src/test/java/net/snowflake/client/jdbc/DatabaseMetaDataLatestIT.java:[136,6] [deprecation] <T>assertThat(T,Matcher<? super T>) in Assert has been deprecated
  where T is a type-variable:
    T extends Object declared in method <T>assertThat(T,Matcher<? super T>)
[WARNING] /home/gabsko/breaking-updates/src/test/java/net/snowflake/client/jdbc/DatabaseMetaDataLatestIT.java:[139,6] [deprecation] <T>assertThat(T,Matcher<? super T>) in Assert has been deprecated
  where T is a type-variable:
    T extends Object declared in method <T>assertThat(T,Matcher<? super T>)
[WARNING] /home/gabsko/breaking-updates/src/test/java/net/snowflake/client/jdbc/DatabaseMetaDataLatestIT.java:[142,6] [deprecation] <T>assertThat(T,Matcher<? super T>) in Assert has been deprecated
  where T is a type-variable:
    T extends Object declared in method <T>assertThat(T,Matcher<? super T>)
[WARNING] /home/gabsko/breaking-updates/src/test/java/net/snowflake/client/core/SFTrustManagerIT.java:[55,11] [static] static method should be qualified by type name, TelemetryService, instead of by an expression
[WARNING] /home/gabsko/breaking-updates/src/test/java/net/snowflake/client/core/SFTrustManagerIT.java:[64,13] [static] static method should be qualified by type name, TelemetryService, instead of by an expression
[WARNING] /home/gabsko/breaking-updates/src/test/java/net/snowflake/client/core/SFTrustManagerIT.java:[66,13] [static] static method should be qualified by type name, TelemetryService, instead of by an expression
[WARNING] /home/gabsko/breaking-updates/src/test/java/net/snowflake/client/jdbc/SnowflakeDriverTest.java:[377,4] [deprecation] <T>assertThat(T,Matcher<? super T>) in Assert has been deprecated
  where T is a type-variable:
    T extends Object declared in method <T>assertThat(T,Matcher<? super T>)
[WARNING] /home/gabsko/breaking-updates/src/test/java/net/snowflake/client/jdbc/SnowflakeDriverTest.java:[378,4] [deprecation] <T>assertThat(T,Matcher<? super T>) in Assert has been deprecated
  where T is a type-variable:
    T extends Object declared in method <T>assertThat(T,Matcher<? super T>)
[WARNING] /home/gabsko/breaking-updates/src/test/java/net/snowflake/client/jdbc/SnowflakeDriverTest.java:[399,19] [static] static method should be qualified by type name, SnowflakeDriver, instead of by an expression
[WARNING] /home/gabsko/breaking-updates/src/test/java/net/snowflake/client/jdbc/ResultSetJsonVsArrowIT.java:[1601,10] [deprecation] <T>assertThat(T,Matcher<? super T>) in Assert has been deprecated
  where T is a type-variable:
    T extends Object declared in method <T>assertThat(T,Matcher<? super T>)
[WARNING] /home/gabsko/breaking-updates/src/test/java/net/snowflake/client/jdbc/PreparedStatement1LatestIT.java:[250,53] [deprecation] getDate() in Date has been deprecated
[INFO] 
[INFO] --- maven-surefire-plugin:2.12.4:test (default-test) @ snowflake-jdbc ---
[INFO] Surefire report directory: /home/gabsko/breaking-updates/target/surefire-reports

-------------------------------------------------------
 T E S T S
-------------------------------------------------------
Running net.snowflake.client.log.SFFormatterTest
Tests run: 2, Failures: 0, Errors: 0, Skipped: 0, Time elapsed: 0.121 sec
Running net.snowflake.client.loader.OnErrorTest
Tests run: 1, Failures: 0, Errors: 0, Skipped: 0, Time elapsed: 0 sec
Running net.snowflake.client.core.SecureStorageManagerTest
Feb 09, 2023 1:40:03 AM net.snowflake.client.core.SecureStorageAppleManager getCredential
INFO: Failed to find the item in keychain or item not exists. Error code = 0
Feb 09, 2023 1:40:03 AM net.snowflake.client.core.SecureStorageAppleManager getCredential
INFO: Failed to find the item in keychain or item not exists. Error code = 0
Feb 09, 2023 1:40:03 AM net.snowflake.client.core.SecureStorageWindowsManager getCredential
INFO: Failed to read target or could not find it in Windows Credential Manager. Error code = 0
Feb 09, 2023 1:40:03 AM net.snowflake.client.core.SecureStorageWindowsManager setCredential
INFO: Wrote to Windows Credential Manager successfully
Feb 09, 2023 1:40:03 AM net.snowflake.client.core.SecureStorageWindowsManager setCredential
INFO: Wrote to Windows Credential Manager successfully
Feb 09, 2023 1:40:03 AM net.snowflake.client.core.SecureStorageWindowsManager getCredential
INFO: Failed to read target or could not find it in Windows Credential Manager. Error code = 0
Tests run: 4, Failures: 0, Errors: 0, Skipped: 1, Time elapsed: 0.214 sec
Running net.snowflake.client.core.SFTrustManagerTest
Feb 09, 2023 1:40:04 AM org.apache.arrow.memory.BaseAllocator <clinit>
INFO: Debug mode enabled.
Feb 09, 2023 1:40:04 AM org.apache.arrow.memory.DefaultAllocationManagerOption getDefaultAllocationManagerFactory
INFO: allocation manager type not specified, using netty as the default type
Feb 09, 2023 1:40:04 AM org.apache.arrow.memory.CheckAllocator assertOnlyOne
WARNING: More than one DefaultAllocationManager on classpath. Choosing first found
Feb 09, 2023 1:40:04 AM org.apache.arrow.memory.CheckAllocator reportResult
INFO: Using DefaultAllocationManager at memory-unsafe/8.0.0/arrow-memory-unsafe-8.0.0.jar!/org/apache/arrow/memory/DefaultAllocationManagerFactory.class
WARNING: An illegal reflective access operation has occurred
WARNING: Illegal reflective access by org.apache.arrow.memory.util.MemoryUtil (file:/home/gabsko/.m2/repository/org/apache/arrow/arrow-memory-core/8.0.0/arrow-memory-core-8.0.0.jar) to field java.nio.Buffer.address
WARNING: Please consider reporting this to the maintainers of org.apache.arrow.memory.util.MemoryUtil
WARNING: Use --illegal-access=warn to enable warnings of further illegal reflective access operations
WARNING: All illegal access operations will be denied in a future release
Tests run: 3, Failures: 0, Errors: 0, Skipped: 0, Time elapsed: 0.5 sec
Running net.snowflake.client.core.SessionUtilExternalBrowserTest
OpenJDK 64-Bit Server VM warning: Sharing is only supported for boot loader classes because bootstrap classpath has been appended
Tests run: 2, Failures: 0, Errors: 0, Skipped: 0, Time elapsed: 1.448 sec
Running net.snowflake.client.core.arrow.BigIntToTimeConverterTest
Tests run: 7, Failures: 0, Errors: 0, Skipped: 0, Time elapsed: 0.08 sec
Running net.snowflake.client.core.arrow.SmallIntToFixedConverterTest
Tests run: 6, Failures: 0, Errors: 0, Skipped: 0, Time elapsed: 0.05 sec
Running net.snowflake.client.core.arrow.TwoFieldStructToTimestampTZConverterTest
Tests run: 7, Failures: 0, Errors: 0, Skipped: 0, Time elapsed: 0.047 sec
Running net.snowflake.client.core.arrow.TwoFieldStructToTimestampLTZConverterTest
Tests run: 14, Failures: 0, Errors: 0, Skipped: 0, Time elapsed: 0.021 sec
Running net.snowflake.client.core.arrow.TwoFieldStructToTimestampNTZConverterTest
Tests run: 21, Failures: 0, Errors: 0, Skipped: 0, Time elapsed: 0.034 sec
Running net.snowflake.client.core.arrow.VarCharConverterTest
Tests run: 2, Failures: 0, Errors: 0, Skipped: 0, Time elapsed: 0.028 sec
Running net.snowflake.client.core.arrow.IntToFixedConverterTest
Tests run: 6, Failures: 0, Errors: 0, Skipped: 0, Time elapsed: 0.019 sec
Running net.snowflake.client.core.arrow.BigIntToFixedConverterTest
Tests run: 6, Failures: 0, Errors: 0, Skipped: 0, Time elapsed: 0.017 sec
Running net.snowflake.client.core.arrow.BigIntToTimestampNTZConverterTest
Tests run: 28, Failures: 0, Errors: 0, Skipped: 0, Time elapsed: 0.037 sec
Running net.snowflake.client.core.arrow.ThreeFieldStructToTimestampTZConverterTest
Tests run: 14, Failures: 0, Errors: 0, Skipped: 0, Time elapsed: 0.027 sec
Running net.snowflake.client.core.arrow.DoubleToRealConverterTest
Tests run: 1, Failures: 0, Errors: 0, Skipped: 0, Time elapsed: 0.018 sec
Running net.snowflake.client.core.arrow.ArrowResultUtilTest
Tests run: 10, Failures: 0, Errors: 0, Skipped: 5, Time elapsed: 0.003 sec
Running net.snowflake.client.core.arrow.IntToTimeConverterTest
Tests run: 7, Failures: 0, Errors: 0, Skipped: 0, Time elapsed: 0.006 sec
Running net.snowflake.client.core.arrow.VarBinaryToBinaryConverterTest
Feb 09, 2023 1:40:06 AM com.amazonaws.log.JulLog warn
WARNING: JAXB is unavailable. Will fallback to SDK implementation which may be less performant
Tests run: 1, Failures: 0, Errors: 0, Skipped: 0, Time elapsed: 0.026 sec
Running net.snowflake.client.core.arrow.DateConverterTest
Tests run: 14, Failures: 0, Errors: 0, Skipped: 0, Time elapsed: 0.465 sec
Running net.snowflake.client.core.arrow.BitToBooleanConverterTest
Tests run: 1, Failures: 0, Errors: 0, Skipped: 0, Time elapsed: 0.006 sec
Running net.snowflake.client.core.arrow.TinyIntToFixedConverterTest
Tests run: 6, Failures: 0, Errors: 0, Skipped: 0, Time elapsed: 0.026 sec
Running net.snowflake.client.core.arrow.BigIntToTimestampLTZConverterTest
Tests run: 7, Failures: 0, Errors: 0, Skipped: 0, Time elapsed: 0.013 sec
Running net.snowflake.client.core.SnowflakeMFACacheTest
Feb 09, 2023 1:40:06 AM net.snowflake.client.core.SecureStorageWindowsManager deleteCredential
INFO: Failed to delete target in Windows Credential Manager. Error code = 0
Feb 09, 2023 1:40:06 AM net.snowflake.client.core.SecureStorageWindowsManager getCredential
INFO: Failed to read target or could not find it in Windows Credential Manager. Error code = 0
Feb 09, 2023 1:40:06 AM net.snowflake.client.core.SecureStorageWindowsManager setCredential
INFO: Failed to write to Windows Credential Manager. Error code = 0
Feb 09, 2023 1:40:06 AM net.snowflake.client.core.SecureStorageWindowsManager getCredential
INFO: Failed to read target or could not find it in Windows Credential Manager. Error code = 0
Feb 09, 2023 1:40:06 AM net.snowflake.client.core.SecureStorageWindowsManager setCredential
INFO: Failed to write to Windows Credential Manager. Error code = 0
Feb 09, 2023 1:40:06 AM net.snowflake.client.core.SecureStorageWindowsManager deleteCredential
INFO: Failed to delete target in Windows Credential Manager. Error code = 0
Tests run: 2, Failures: 0, Errors: 0, Skipped: 0, Time elapsed: 0.045 sec
Running net.snowflake.client.core.SessionUtilTest
Feb 09, 2023 1:40:06 AM net.snowflake.client.core.HttpUtil convertSystemPropertyToIntValue
INFO: Failed to parse the system parameter net.snowflake.jdbc.max_connections with value notAnInteger
Tests run: 3, Failures: 0, Errors: 0, Skipped: 0, Time elapsed: 0.002 sec
Running net.snowflake.client.core.SFSessionPropertyTest
Tests run: 1, Failures: 0, Errors: 0, Skipped: 0, Time elapsed: 0 sec
Running net.snowflake.client.util.SecretDetectorTest
create stage mystage URL = 's3://mybucket/mypath/' credentials = (aws_key_id = '****' aws_secret_key = '****'); create stage mystage2 URL = 'azure//mystorage.blob.core.windows.net/cont' credentials = (azure_sas_token = '?sv=2016-05-31&ss=b&srt=sco&sp=rwdl&se=2018-06-27T10:05:50Z&st=2017-06-27T02:05:50Z&spr=https,http&sig=****')
create stage mystage URL = 's3://mybucket/mypath/' credentials = (aws_key_id = '****' aws_secret_key = '****'); create stage mystage2 URL = 'azure//mystorage.blob.core.windows.net/cont' credentials = (azure_sas_token = '?sv=2016-05-31&ss=b&srt=sco&sp=rwdl&se=2018-06-27T10:05:50Z&st=2017-06-27T02:05:50Z&spr=https,http&sig=****')
Tests run: 10, Failures: 0, Errors: 0, Skipped: 0, Time elapsed: 0.011 sec
Running net.snowflake.client.jdbc.ResultJsonParserV2Test
Tests run: 3, Failures: 0, Errors: 0, Skipped: 0, Time elapsed: 1.183 sec
Running net.snowflake.client.jdbc.SnowflakeBasicDataSourceTest
Tests run: 1, Failures: 0, Errors: 0, Skipped: 0, Time elapsed: 0.001 sec
Running net.snowflake.client.jdbc.SqlFeatureNotSupportedTelemetryTest
Tests run: 3, Failures: 0, Errors: 0, Skipped: 0, Time elapsed: 0.003 sec
Running net.snowflake.client.jdbc.SnowflakeDriverTest
null
Tests run: 7, Failures: 0, Errors: 0, Skipped: 0, Time elapsed: 0.004 sec
Running net.snowflake.client.jdbc.MockConnectionTest
Tests run: 4, Failures: 0, Errors: 0, Skipped: 0, Time elapsed: 0.02 sec
Running net.snowflake.client.jdbc.FileUploaderSessionlessTest
Tests run: 12, Failures: 0, Errors: 0, Skipped: 0, Time elapsed: 0.039 sec
Running net.snowflake.client.jdbc.telemetryOOB.TelemetryServiceTest
Tests run: 3, Failures: 0, Errors: 0, Skipped: 0, Time elapsed: 0 sec
Running net.snowflake.client.jdbc.ArrowResultChunkTest
Tests run: 1, Failures: 0, Errors: 0, Skipped: 0, Time elapsed: 0 sec
Running net.snowflake.client.jdbc.ServiceNameTest
Tests run: 1, Failures: 0, Errors: 0, Skipped: 0, Time elapsed: 0.011 sec
Running net.snowflake.client.jdbc.cloud.storage.SnowflakeAzureClientTest
Tests run: 1, Failures: 0, Errors: 0, Skipped: 0, Time elapsed: 0.013 sec
Running net.snowflake.client.jdbc.SnowflakeConnectionV1Test
Tests run: 1, Failures: 0, Errors: 0, Skipped: 0, Time elapsed: 0 sec
Running net.snowflake.client.jdbc.SSOConnectionTest
Tests run: 1, Failures: 0, Errors: 0, Skipped: 0, Time elapsed: 0.066 sec
Running net.snowflake.client.jdbc.ConnectStringParseTest
Tests run: 1, Failures: 0, Errors: 0, Skipped: 0, Time elapsed: 0.001 sec
Running net.snowflake.client.jdbc.FileUploaderMimeTypeToCompressionTypeTest
Tests run: 13, Failures: 0, Errors: 0, Skipped: 0, Time elapsed: 0.003 sec
Running net.snowflake.client.jdbc.telemetry.TelemetryTest
Tests run: 1, Failures: 0, Errors: 0, Skipped: 0, Time elapsed: 0 sec
Running net.snowflake.client.jdbc.SessionUtilTest
Tests run: 1, Failures: 0, Errors: 0, Skipped: 0, Time elapsed: 0.001 sec
Running net.snowflake.client.jdbc.SnowflakeTimestampWithTimezoneTest
Tests run: 144, Failures: 0, Errors: 0, Skipped: 0, Time elapsed: 0.023 sec
Running net.snowflake.client.jdbc.FileUploaderExpandFileNamesTest
Tests run: 2, Failures: 0, Errors: 0, Skipped: 0, Time elapsed: 0.006 sec
Running net.snowflake.client.jdbc.RestRequestTest
Tests run: 4, Failures: 0, Errors: 0, Skipped: 0, Time elapsed: 7.244 sec

Results :

Tests run: 390, Failures: 0, Errors: 0, Skipped: 6

[INFO] 
[INFO] --- jacoco-maven-plugin:0.8.4:report (post-unit-test) @ snowflake-jdbc ---
[INFO] Skipping JaCoCo execution because property jacoco.skip is set.
[INFO] ------------------------------------------------------------------------
[INFO] BUILD SUCCESS
[INFO] ------------------------------------------------------------------------
[INFO] Total time:  20.841 s
[INFO] Finished at: 2023-02-09T01:40:15Z
[INFO] ------------------------------------------------------------------------
