[INFO] Scanning for projects...
[INFO] 
[INFO] ------------------------< com.jcabi:jcabi-http >------------------------
[INFO] Building jcabi-http 2.0-SNAPSHOT
[INFO] --------------------------------[ jar ]---------------------------------
[INFO] 
[INFO] --- maven-clean-plugin:3.2.0:clean (default-clean) @ jcabi-http ---
[INFO] Deleting /home/gabsko/breaking-updates/target
[INFO] 
[INFO] --- maven-enforcer-plugin:3.1.0:enforce (enforce-maven) @ jcabi-http ---
[INFO] 
[INFO] --- buildnumber-maven-plugin:3.0.0:create (jcabi-build-number) @ jcabi-http ---
[INFO] ShortRevision tag detected. The value is '7'.
[INFO] Executing: /bin/sh -c cd '/home/gabsko/breaking-updates' && 'git' 'rev-parse' '--verify' '--short=7' 'HEAD'
[INFO] Working directory: /home/gabsko/breaking-updates
[INFO] Storing buildNumber: 75778ca at timestamp: 2023-02-08T22:30:40
[INFO] Storing buildScmBranch: branch-jcabi/jcabi-http-75778caa328e51e9133ade4e32d28489ad6bf049
[INFO] 
[INFO] --- buildnumber-maven-plugin:3.0.0:create-timestamp (jcabi-build-number) @ jcabi-http ---
[INFO] Skipping because we are not in root module.
[INFO] 
[INFO] --- maven-resources-plugin:3.2.0:resources (default-resources) @ jcabi-http ---
[INFO] Using 'UTF-8' encoding to copy filtered resources.
[INFO] Using 'UTF-8' encoding to copy filtered properties files.
[INFO] skip non existing resourceDirectory /home/gabsko/breaking-updates/src/main/resources
[INFO] 
[INFO] --- maven-compiler-plugin:3.10.1:compile (default-compile) @ jcabi-http ---
[INFO] Changes detected - recompiling the module!
[INFO] Compiling 53 source files to /home/gabsko/breaking-updates/target/classes
[INFO] 
[INFO] --- maven-resources-plugin:3.2.0:testResources (default-testResources) @ jcabi-http ---
[INFO] Using 'UTF-8' encoding to copy filtered resources.
[INFO] Using 'UTF-8' encoding to copy filtered properties files.
[INFO] Copying 1 resource
[INFO] The encoding used to copy filtered properties files have not been set. This means that the same encoding will be used to copy filtered properties files as when copying other filtered resources. This might not be what you want! Run your build with --debug to see which files might be affected. Read more at https://maven.apache.org/plugins/maven-resources-plugin/examples/filtering-properties-files.html
[INFO] 
[INFO] --- maven-compiler-plugin:3.10.1:testCompile (default-testCompile) @ jcabi-http ---
[INFO] Changes detected - recompiling the module!
[INFO] Compiling 37 source files to /home/gabsko/breaking-updates/target/test-classes
[INFO] 
[INFO] --- maven-surefire-plugin:3.0.0-M7:test (default-test) @ jcabi-http ---
[INFO] Tests will run in random order. To reproduce ordering use flag -Dsurefire.runOrder.random.seed=21881971765935247
[INFO] Using auto detected provider org.apache.maven.surefire.junitplatform.JUnitPlatformProvider
[INFO] 
[INFO] -------------------------------------------------------
[INFO]  T E S T S
[INFO] -------------------------------------------------------
[INFO] Running com.jcabi.http.request.BoundaryTest
[INFO] Tests run: 1, Failures: 0, Errors: 0, Skipped: 0, Time elapsed: 0.051 s - in com.jcabi.http.request.BoundaryTest
[INFO] Running com.jcabi.http.wire.UserAgentWireTest
Feb 08, 2023 10:30:44 PM org.glassfish.grizzly.http.server.NetworkListener start
INFO: Started listener bound to [0.0.0.0:45025]
Feb 08, 2023 10:30:44 PM org.glassfish.grizzly.http.server.HttpServer start
INFO: [HttpServer] Started.
SLF4J: Class path contains multiple SLF4J providers.
SLF4J: Found provider [org.slf4j.log4j12.Log4j12ServiceProvider@59e2d8e3]
SLF4J: Found provider [org.slf4j.reload4j.Reload4jServiceProvider@2b72cb8a]
SLF4J: See http://www.slf4j.org/codes.html#multiple_bindings for an explanation.
SLF4J: Actual provider is of type [org.slf4j.log4j12.Log4j12ServiceProvider@59e2d8e3]
[[0;37mINFO[m] main com.jcabi.http.mock.MkGrizzlyContainer: started on port #45025
[[0;37mINFO[m] main com.jcabi.http.request.BaseRequest: #fetch(GET localhost:45025 /): [200 OK] in 110ms
[[0;37mINFO[m] main com.jcabi.http.mock.MkGrizzlyContainer: stopped on port #45025
Feb 08, 2023 10:30:44 PM org.glassfish.grizzly.http.server.NetworkListener start
INFO: Started listener bound to [0.0.0.0:44485]
Feb 08, 2023 10:30:44 PM org.glassfish.grizzly.http.server.HttpServer start
INFO: [HttpServer-1] Started.
[[0;37mINFO[m] main com.jcabi.http.mock.MkGrizzlyContainer: started on port #44485
[[0;37mINFO[m] main com.jcabi.http.request.BaseRequest: #fetch(GET localhost:44485 /): [200 OK] in 4ms
[[0;37mINFO[m] main com.jcabi.http.mock.MkGrizzlyContainer: stopped on port #44485
[INFO] Tests run: 2, Failures: 0, Errors: 0, Skipped: 0, Time elapsed: 0.46 s - in com.jcabi.http.wire.UserAgentWireTest
[INFO] Running com.jcabi.http.response.JacksonResponseTest
[[0;37mINFO[m] main com.jcabi.http.request.BaseRequest: #fetch(GET localhost:12345 /see-FakeRequest-class): [200 OK] in 0ms
[[0;37mINFO[m] main com.jcabi.http.request.BaseRequest: #fetch(GET localhost:12345 /see-FakeRequest-class): [200 OK] in 0ms
[[0;37mINFO[m] main com.jcabi.http.request.BaseRequest: #fetch(GET localhost:12345 /see-FakeRequest-class): [200 OK] in 0ms
[[0;37mINFO[m] main com.jcabi.http.request.BaseRequest: #fetch(GET localhost:12345 /see-FakeRequest-class): [200 OK] in 0ms
[[0;37mINFO[m] main com.jcabi.http.request.BaseRequest: #fetch(GET localhost:12345 /see-FakeRequest-class): [200 OK] in 0ms
[[0;37mINFO[m] main com.jcabi.http.request.BaseRequest: #fetch(GET localhost:12345 /see-FakeRequest-class): [200 OK] in 0ms
[[0;37mINFO[m] main com.jcabi.http.request.BaseRequest: #fetch(GET localhost:12345 /see-FakeRequest-class): [200 OK] in 0ms
[[0;37mINFO[m] main com.jcabi.http.request.BaseRequest: #fetch(GET localhost:12345 /see-FakeRequest-class): [200 OK] in 0ms
[[0;37mINFO[m] main com.jcabi.http.request.BaseRequest: #fetch(GET localhost:12345 /see-FakeRequest-class): [200 OK] in 0ms
[INFO] Tests run: 9, Failures: 0, Errors: 0, Skipped: 0, Time elapsed: 0.141 s - in com.jcabi.http.response.JacksonResponseTest
[INFO] Running com.jcabi.http.mock.MkAnswerMatchersTest
[INFO] Tests run: 3, Failures: 0, Errors: 0, Skipped: 0, Time elapsed: 0.36 s - in com.jcabi.http.mock.MkAnswerMatchersTest
[INFO] Running com.jcabi.http.response.JsonResponseTest
[[0;37mINFO[m] main com.jcabi.http.request.BaseRequest: #fetch(GET localhost:12345 /see-FakeRequest-class): [200 OK] in 0ms
[[0;37mINFO[m] main com.jcabi.http.request.BaseRequest: #fetch(GET localhost:12345 /see-FakeRequest-class): [200 OK] in 0ms
[[0;37mINFO[m] main com.jcabi.http.request.BaseRequest: #fetch(GET localhost:12345 /see-FakeRequest-class): [200 OK] in 0ms
[[0;37mINFO[m] main com.jcabi.http.request.BaseRequest: #fetch(GET localhost:12345 /see-FakeRequest-class): [200 OK] in 0ms
[[0;37mINFO[m] main com.jcabi.http.request.BaseRequest: #fetch(GET localhost:12345 /see-FakeRequest-class): [200 OK] in 0ms
[INFO] Tests run: 5, Failures: 0, Errors: 0, Skipped: 0, Time elapsed: 0.022 s - in com.jcabi.http.response.JsonResponseTest
[INFO] Running com.jcabi.http.response.WebLinkingResponseTest
[[0;37mINFO[m] main com.jcabi.http.request.BaseRequest: #fetch(GET localhost /test): [200 OK] in 0ms
[[0;37mINFO[m] main com.jcabi.http.request.BaseRequest: #fetch(GET localhost:12345 /see-FakeRequest-class): [200 OK] in 0ms
[[0;37mINFO[m] main com.jcabi.http.request.BaseRequest: #fetch(GET localhost:12345 /see-FakeRequest-class): [200 OK] in 0ms
[INFO] Tests run: 2, Failures: 0, Errors: 0, Skipped: 0, Time elapsed: 0.005 s - in com.jcabi.http.response.WebLinkingResponseTest
[INFO] Running com.jcabi.http.wire.LastModifiedCachingWireTest
Feb 08, 2023 10:30:45 PM org.glassfish.grizzly.http.server.NetworkListener start
INFO: Started listener bound to [0.0.0.0:45095]
Feb 08, 2023 10:30:45 PM org.glassfish.grizzly.http.server.HttpServer start
INFO: [HttpServer-2] Started.
[[0;37mINFO[m] main com.jcabi.http.mock.MkGrizzlyContainer: started on port #45095
[[0;37mINFO[m] main com.jcabi.http.request.BaseRequest: #fetch(GET localhost:45095 /): [200 OK] in 13ms
[[0;37mINFO[m] main com.jcabi.http.request.BaseRequest: #fetch(GET localhost:45095 /): [200 OK] in 3ms
[[0;37mINFO[m] main com.jcabi.http.mock.MkGrizzlyContainer: stopped on port #45095
Feb 08, 2023 10:30:45 PM org.glassfish.grizzly.http.server.NetworkListener start
INFO: Started listener bound to [0.0.0.0:45331]
Feb 08, 2023 10:30:45 PM org.glassfish.grizzly.http.server.HttpServer start
INFO: [HttpServer-3] Started.
[[0;37mINFO[m] main com.jcabi.http.mock.MkGrizzlyContainer: started on port #45331
[[0;37mINFO[m] main com.jcabi.http.request.BaseRequest: #fetch(GET localhost:45331 /): [200 OK] in 4ms
[[0;37mINFO[m] main com.jcabi.http.request.BaseRequest: #fetch(GET localhost:45331 /): [200 OK] in 2ms
[[0;37mINFO[m] main com.jcabi.http.request.BaseRequest: #fetch(GET localhost:45331 /): [200 OK] in 3ms
[[0;37mINFO[m] main com.jcabi.http.mock.MkGrizzlyContainer: stopped on port #45331
Feb 08, 2023 10:30:45 PM org.glassfish.grizzly.http.server.NetworkListener start
INFO: Started listener bound to [0.0.0.0:41259]
Feb 08, 2023 10:30:45 PM org.glassfish.grizzly.http.server.HttpServer start
INFO: [HttpServer-4] Started.
[[0;37mINFO[m] main com.jcabi.http.mock.MkGrizzlyContainer: started on port #41259
[[0;37mINFO[m] main com.jcabi.http.request.BaseRequest: #fetch(GET localhost:41259 /): [200 OK] in 3ms
[[0;37mINFO[m] main com.jcabi.http.mock.MkGrizzlyContainer: stopped on port #41259
Feb 08, 2023 10:30:45 PM org.glassfish.grizzly.http.server.NetworkListener start
INFO: Started listener bound to [0.0.0.0:39237]
Feb 08, 2023 10:30:45 PM org.glassfish.grizzly.http.server.HttpServer start
INFO: [HttpServer-5] Started.
[[0;37mINFO[m] main com.jcabi.http.mock.MkGrizzlyContainer: started on port #39237
[[0;37mINFO[m] main com.jcabi.http.request.BaseRequest: #fetch(GET localhost:39237 /): [200 OK] in 5ms
[[0;37mINFO[m] main com.jcabi.http.request.BaseRequest: #fetch(GET localhost:39237 /): [404 Not Found] in 3ms
[[0;37mINFO[m] main com.jcabi.http.request.BaseRequest: #fetch(GET localhost:39237 /): [200 OK] in 3ms
[[0;37mINFO[m] main com.jcabi.http.mock.MkGrizzlyContainer: stopped on port #39237
Feb 08, 2023 10:30:45 PM org.glassfish.grizzly.http.server.NetworkListener start
INFO: Started listener bound to [0.0.0.0:33037]
Feb 08, 2023 10:30:45 PM org.glassfish.grizzly.http.server.HttpServer start
INFO: [HttpServer-6] Started.
[[0;37mINFO[m] main com.jcabi.http.mock.MkGrizzlyContainer: started on port #33037
[[0;37mINFO[m] main com.jcabi.http.request.BaseRequest: #fetch(GET localhost:33037 /): [200 OK] in 3ms
[[0;37mINFO[m] main com.jcabi.http.request.BaseRequest: #fetch(GET localhost:33037 /): [200 OK] in 3ms
[[0;37mINFO[m] main com.jcabi.http.request.BaseRequest: #fetch(GET localhost:33037 /): [200 OK] in 3ms
[[0;37mINFO[m] main com.jcabi.http.request.BaseRequest: #fetch(GET localhost:33037 /): [200 OK] in 3ms
[[0;37mINFO[m] main com.jcabi.http.request.BaseRequest: #fetch(GET localhost:33037 /): [200 OK] in 2ms
[[0;37mINFO[m] main com.jcabi.http.request.BaseRequest: #fetch(GET localhost:33037 /): [200 OK] in 2ms
[[0;37mINFO[m] main com.jcabi.http.request.BaseRequest: #fetch(GET localhost:33037 /): [200 OK] in 1ms
[[0;37mINFO[m] main com.jcabi.http.request.BaseRequest: #fetch(GET localhost:33037 /): [200 OK] in 2ms
[[0;37mINFO[m] main com.jcabi.http.request.BaseRequest: #fetch(GET localhost:33037 /): [200 OK] in 3ms
[[0;37mINFO[m] main com.jcabi.http.request.BaseRequest: #fetch(GET localhost:33037 /): [200 OK] in 2ms
[[0;37mINFO[m] main com.jcabi.http.mock.MkGrizzlyContainer: stopped on port #33037
Feb 08, 2023 10:30:45 PM org.glassfish.grizzly.http.server.NetworkListener start
INFO: Started listener bound to [0.0.0.0:35031]
Feb 08, 2023 10:30:45 PM org.glassfish.grizzly.http.server.HttpServer start
INFO: [HttpServer-7] Started.
[[0;37mINFO[m] main com.jcabi.http.mock.MkGrizzlyContainer: started on port #35031
[[0;37mINFO[m] main com.jcabi.http.request.BaseRequest: #fetch(GET localhost:35031 /): [200 OK] in 3ms
[[0;37mINFO[m] main com.jcabi.http.request.BaseRequest: #fetch(GET localhost:35031 /): [200 OK] in 2ms
[[0;37mINFO[m] main com.jcabi.http.request.BaseRequest: #fetch(GET localhost:35031 /): [200 OK] in 2ms
[[0;37mINFO[m] main com.jcabi.http.request.BaseRequest: #fetch(GET localhost:35031 /): [200 OK] in 2ms
[[0;37mINFO[m] main com.jcabi.http.mock.MkGrizzlyContainer: stopped on port #35031
[INFO] Tests run: 6, Failures: 0, Errors: 0, Skipped: 0, Time elapsed: 0.296 s - in com.jcabi.http.wire.LastModifiedCachingWireTest
[INFO] Running com.jcabi.http.wire.ETagCachingWireTest
Feb 08, 2023 10:30:45 PM org.glassfish.grizzly.http.server.NetworkListener start
INFO: Started listener bound to [0.0.0.0:39621]
Feb 08, 2023 10:30:45 PM org.glassfish.grizzly.http.server.HttpServer start
INFO: [HttpServer-8] Started.
[[0;37mINFO[m] main com.jcabi.http.mock.MkGrizzlyContainer: started on port #39621
[[0;37mINFO[m] main com.jcabi.http.request.BaseRequest: #fetch(GET localhost:39621 /): [200 OK] in 4ms
[[0;37mINFO[m] main com.jcabi.http.request.BaseRequest: #fetch(GET localhost:39621 /): [200 OK] in 3ms
[[0;37mINFO[m] main com.jcabi.http.mock.MkGrizzlyContainer: stopped on port #39621
Feb 08, 2023 10:30:45 PM org.glassfish.grizzly.http.server.NetworkListener start
INFO: Started listener bound to [0.0.0.0:33705]
Feb 08, 2023 10:30:45 PM org.glassfish.grizzly.http.server.HttpServer start
INFO: [HttpServer-9] Started.
[[0;37mINFO[m] main com.jcabi.http.mock.MkGrizzlyContainer: started on port #33705
[[0;37mINFO[m] main com.jcabi.http.request.BaseRequest: #fetch(GET localhost:33705 /): [200 OK] in 4ms
[[0;37mINFO[m] main com.jcabi.http.request.BaseRequest: #fetch(GET localhost:33705 /): [200 OK] in 2ms
[[0;37mINFO[m] main com.jcabi.http.mock.MkGrizzlyContainer: stopped on port #33705
[INFO] Tests run: 2, Failures: 0, Errors: 0, Skipped: 0, Time elapsed: 0.075 s - in com.jcabi.http.wire.ETagCachingWireTest
[INFO] Running com.jcabi.http.request.DefaultResponseTest
[INFO] Tests run: 1, Failures: 0, Errors: 0, Skipped: 0, Time elapsed: 0.038 s - in com.jcabi.http.request.DefaultResponseTest
[INFO] Running com.jcabi.http.RequestTimeoutLossTest
[[0;37mINFO[m] main com.jcabi.http.request.BaseRequest: #fetch(GET localhost /api): [0 null] in 1ms
[[0;37mINFO[m] main com.jcabi.http.request.BaseRequest: #fetch(GET localhost /api): [0 null] in 0ms
[[0;37mINFO[m] main com.jcabi.http.request.BaseRequest: #fetch(GET localhost /): [0 null] in 0ms
[[0;37mINFO[m] main com.jcabi.http.request.BaseRequest: #fetch(GET localhost /): [0 null] in 0ms
[[0;37mINFO[m] main com.jcabi.http.request.BaseRequest: #fetch(GET localhost /): [0 null] in 1ms
[[0;37mINFO[m] main com.jcabi.http.request.BaseRequest: #fetch(GET localhost /): [0 null] in 0ms
[[0;37mINFO[m] main com.jcabi.http.request.BaseRequest: #fetch(GET localhost /): [0 null] in 0ms
[[0;37mINFO[m] main com.jcabi.http.request.BaseRequest: #fetch(GET localhost /): [0 null] in 0ms
[[0;37mINFO[m] main com.jcabi.http.request.BaseRequest: #fetch(GET localhost /): [0 null] in 0ms
[[0;37mINFO[m] main com.jcabi.http.request.BaseRequest: #fetch(GET localhost /): [0 null] in 0ms
[[0;37mINFO[m] main com.jcabi.http.request.BaseRequest: #fetch(GET localhost /): [0 null] in 0ms
[[0;37mINFO[m] main com.jcabi.http.request.BaseRequest: #fetch(GET localhost /): [0 null] in 0ms
[[0;37mINFO[m] main com.jcabi.http.request.BaseRequest: #fetch(GET null fake-url): [0 null] in 1ms
[[0;37mINFO[m] main com.jcabi.http.request.BaseRequest: #fetch(GET localhost /): [0 null] in 0ms
[[0;37mINFO[m] main com.jcabi.http.request.BaseRequest: #fetch(GET localhost /): [0 null] in 0ms
[INFO] Tests run: 15, Failures: 0, Errors: 0, Skipped: 0, Time elapsed: 0.135 s - in com.jcabi.http.RequestTimeoutLossTest
[INFO] Running com.jcabi.http.response.JsoupResponseTest
[[0;37mINFO[m] main com.jcabi.http.request.BaseRequest: #fetch(GET localhost:12345 /see-FakeRequest-class): [200 OK] in 0ms
[INFO] Tests run: 1, Failures: 0, Errors: 0, Skipped: 0, Time elapsed: 0.136 s - in com.jcabi.http.response.JsoupResponseTest
[INFO] Running com.jcabi.http.wire.AutoRedirectingWireTest
Feb 08, 2023 10:30:46 PM org.glassfish.grizzly.http.server.NetworkListener start
INFO: Started listener bound to [0.0.0.0:36407]
Feb 08, 2023 10:30:46 PM org.glassfish.grizzly.http.server.HttpServer start
INFO: [HttpServer-10] Started.
[[0;37mINFO[m] main com.jcabi.http.mock.MkGrizzlyContainer: started on port #36407
[[0;37mINFO[m] main com.jcabi.http.request.BaseRequest: #fetch(GET localhost:36407 /): [302 Found] in 3s
[[0;37mINFO[m] main com.jcabi.http.mock.MkGrizzlyContainer: stopped on port #36407
Feb 08, 2023 10:30:49 PM org.glassfish.grizzly.http.server.NetworkListener start
INFO: Started listener bound to [0.0.0.0:36535]
Feb 08, 2023 10:30:49 PM org.glassfish.grizzly.http.server.HttpServer start
INFO: [HttpServer-11] Started.
[[0;37mINFO[m] main com.jcabi.http.mock.MkGrizzlyContainer: started on port #36535
[[0;37mINFO[m] main com.jcabi.http.request.BaseRequest: #fetch(GET localhost:36535 /): [200 OK] in 3s
[[0;37mINFO[m] main com.jcabi.http.mock.MkGrizzlyContainer: stopped on port #36535
[INFO] Tests run: 2, Failures: 0, Errors: 0, Skipped: 0, Time elapsed: 6.078 s - in com.jcabi.http.wire.AutoRedirectingWireTest
[INFO] Running com.jcabi.http.mock.MkQueryMatchersTest
[INFO] Tests run: 4, Failures: 0, Errors: 0, Skipped: 0, Time elapsed: 0.027 s - in com.jcabi.http.mock.MkQueryMatchersTest
[INFO] Running com.jcabi.http.wire.RetryWireTest
Feb 08, 2023 10:30:52 PM org.glassfish.grizzly.http.server.NetworkListener start
INFO: Started listener bound to [0.0.0.0:42827]
Feb 08, 2023 10:30:52 PM org.glassfish.grizzly.http.server.HttpServer start
INFO: [HttpServer-12] Started.
[[0;37mINFO[m] main com.jcabi.http.mock.MkGrizzlyContainer: started on port #42827
[[0;33mWARN[m] main com.jcabi.http.wire.RetryWire: GET http://localhost:42827/ (auth: j***j) returns 500 status (attempt #1)
[[0;37mINFO[m] main com.jcabi.http.request.BaseRequest: #fetch(GET localhost:42827 /): [200 OK] in 7ms
[[0;37mINFO[m] main com.jcabi.http.mock.MkGrizzlyContainer: stopped on port #42827
Feb 08, 2023 10:30:52 PM org.glassfish.grizzly.http.server.NetworkListener start
INFO: Started listener bound to [0.0.0.0:39135]
Feb 08, 2023 10:30:52 PM org.glassfish.grizzly.http.server.HttpServer start
INFO: [HttpServer-13] Started.
[[0;37mINFO[m] main com.jcabi.http.mock.MkGrizzlyContainer: started on port #39135
[[0;33mWARN[m] main com.jcabi.http.wire.RetryWire: GET http://localhost:39135/ returns 500 status (attempt #1)
[[0;33mWARN[m] main com.jcabi.http.wire.RetryWire: GET http://localhost:39135/ returns 500 status (attempt #2)
[[0;37mINFO[m] main com.jcabi.http.request.BaseRequest: #fetch(GET localhost:39135 /): [200 OK] in 9ms
[[0;37mINFO[m] main com.jcabi.http.mock.MkGrizzlyContainer: stopped on port #39135
[INFO] Tests run: 2, Failures: 0, Errors: 0, Skipped: 0, Time elapsed: 0.069 s - in com.jcabi.http.wire.RetryWireTest
[INFO] Running com.jcabi.http.wire.FcWireTest
Feb 08, 2023 10:30:52 PM org.glassfish.grizzly.http.server.NetworkListener start
INFO: Started listener bound to [0.0.0.0:34715]
Feb 08, 2023 10:30:52 PM org.glassfish.grizzly.http.server.HttpServer start
INFO: [HttpServer-14] Started.
[[0;37mINFO[m] main com.jcabi.http.mock.MkGrizzlyContainer: started on port #34715
[[2;37mDEBUG[m] main com.jcabi.http.wire.FcCache: directory created for /tmp/com.jcabi.http.wire.FcCache-21881980457525858/GET_/_2F.json
[[2;37mDEBUG[m] main com.jcabi.http.wire.FcCache: cache saved into /tmp/com.jcabi.http.wire.FcCache-21881980457525858/GET_/_2F.json
[[0;37mINFO[m] main com.jcabi.http.request.BaseRequest: #fetch(GET localhost:34715 /): [200 OK] in 13ms
[[2;37mDEBUG[m] main com.jcabi.http.wire.FcCache: cache loaded from /tmp/com.jcabi.http.wire.FcCache-21881980457525858/GET_/_2F.json
[[0;37mINFO[m] main com.jcabi.http.request.BaseRequest: #fetch(GET localhost:34715 /): [200 OK] in 10ms
[[2;37mDEBUG[m] main com.jcabi.http.wire.FcCache: cache invalidated in /tmp/com.jcabi.http.wire.FcCache-21881980457525858
[[0;37mINFO[m] main com.jcabi.http.request.BaseRequest: #fetch(POST localhost:34715 /flush): [200 OK] in 9ms
[[2;37mDEBUG[m] main com.jcabi.http.wire.FcCache: directory created for /tmp/com.jcabi.http.wire.FcCache-21881980457525858/GET_/_2F.json
[[2;37mDEBUG[m] main com.jcabi.http.wire.FcCache: cache saved into /tmp/com.jcabi.http.wire.FcCache-21881980457525858/GET_/_2F.json
[[0;37mINFO[m] main com.jcabi.http.request.BaseRequest: #fetch(GET localhost:34715 /): [200 OK] in 3ms
[[0;37mINFO[m] main com.jcabi.http.mock.MkGrizzlyContainer: stopped on port #34715
Feb 08, 2023 10:30:52 PM org.glassfish.grizzly.http.server.NetworkListener start
INFO: Started listener bound to [0.0.0.0:34941]
Feb 08, 2023 10:30:52 PM org.glassfish.grizzly.http.server.HttpServer start
INFO: [HttpServer-15] Started.
[[0;37mINFO[m] main com.jcabi.http.mock.MkGrizzlyContainer: started on port #34941
[[0;37mINFO[m] main com.jcabi.http.request.BaseRequest: #fetch(PUT localhost:34941 /): [200 OK] in 3ms
[[0;37mINFO[m] main com.jcabi.http.request.BaseRequest: #fetch(PUT localhost:34941 /): [200 OK] in 2ms
[[0;37mINFO[m] main com.jcabi.http.mock.MkGrizzlyContainer: stopped on port #34941
Feb 08, 2023 10:30:52 PM org.glassfish.grizzly.http.server.NetworkListener start
INFO: Started listener bound to [0.0.0.0:43195]
Feb 08, 2023 10:30:52 PM org.glassfish.grizzly.http.server.HttpServer start
INFO: [HttpServer-16] Started.
[[0;37mINFO[m] main com.jcabi.http.mock.MkGrizzlyContainer: started on port #43195
[[2;37mDEBUG[m] main com.jcabi.http.wire.FcCache: directory created for /tmp/com.jcabi.http.wire.FcCache-21881980572851517/GET_/_2F.json
[[2;37mDEBUG[m] main com.jcabi.http.wire.FcCache: cache saved into /tmp/com.jcabi.http.wire.FcCache-21881980572851517/GET_/_2F.json
[[0;37mINFO[m] main com.jcabi.http.request.BaseRequest: #fetch(GET localhost:43195 /): [200 OK] in 7ms
[[2;37mDEBUG[m] main com.jcabi.http.wire.FcCache: cache loaded from /tmp/com.jcabi.http.wire.FcCache-21881980572851517/GET_/_2F.json
[[0;37mINFO[m] main com.jcabi.http.request.BaseRequest: #fetch(GET localhost:43195 /): [200 OK] in 2ms
[[2;37mDEBUG[m] main com.jcabi.http.wire.FcCache: cache loaded from /tmp/com.jcabi.http.wire.FcCache-21881980572851517/GET_/_2F.json
[[0;37mINFO[m] main com.jcabi.http.request.BaseRequest: #fetch(GET localhost:43195 /): [200 OK] in 1ms
[[2;37mDEBUG[m] main com.jcabi.http.wire.FcCache: cache loaded from /tmp/com.jcabi.http.wire.FcCache-21881980572851517/GET_/_2F.json
[[0;37mINFO[m] main com.jcabi.http.request.BaseRequest: #fetch(GET localhost:43195 /): [200 OK] in 1ms
[[2;37mDEBUG[m] main com.jcabi.http.wire.FcCache: cache loaded from /tmp/com.jcabi.http.wire.FcCache-21881980572851517/GET_/_2F.json
[[0;37mINFO[m] main com.jcabi.http.request.BaseRequest: #fetch(GET localhost:43195 /): [200 OK] in 1ms
[[2;37mDEBUG[m] main com.jcabi.http.wire.FcCache: cache loaded from /tmp/com.jcabi.http.wire.FcCache-21881980572851517/GET_/_2F.json
[[0;37mINFO[m] main com.jcabi.http.request.BaseRequest: #fetch(GET localhost:43195 /): [200 OK] in 1ms
[[2;37mDEBUG[m] main com.jcabi.http.wire.FcCache: cache loaded from /tmp/com.jcabi.http.wire.FcCache-21881980572851517/GET_/_2F.json
[[0;37mINFO[m] main com.jcabi.http.request.BaseRequest: #fetch(GET localhost:43195 /): [200 OK] in 1ms
[[2;37mDEBUG[m] main com.jcabi.http.wire.FcCache: cache loaded from /tmp/com.jcabi.http.wire.FcCache-21881980572851517/GET_/_2F.json
[[0;37mINFO[m] main com.jcabi.http.request.BaseRequest: #fetch(GET localhost:43195 /): [200 OK] in 1ms
[[2;37mDEBUG[m] main com.jcabi.http.wire.FcCache: cache loaded from /tmp/com.jcabi.http.wire.FcCache-21881980572851517/GET_/_2F.json
[[0;37mINFO[m] main com.jcabi.http.request.BaseRequest: #fetch(GET localhost:43195 /): [200 OK] in 1ms
[[2;37mDEBUG[m] main com.jcabi.http.wire.FcCache: cache loaded from /tmp/com.jcabi.http.wire.FcCache-21881980572851517/GET_/_2F.json
[[0;37mINFO[m] main com.jcabi.http.request.BaseRequest: #fetch(GET localhost:43195 /): [200 OK] in 1ms
[[0;37mINFO[m] main com.jcabi.http.mock.MkGrizzlyContainer: stopped on port #43195
[INFO] Tests run: 3, Failures: 0, Errors: 0, Skipped: 0, Time elapsed: 0.164 s - in com.jcabi.http.wire.FcWireTest
[INFO] Running com.jcabi.http.wire.BasicAuthWireTest
Feb 08, 2023 10:30:52 PM org.glassfish.grizzly.http.server.NetworkListener start
INFO: Started listener bound to [0.0.0.0:36587]
Feb 08, 2023 10:30:52 PM org.glassfish.grizzly.http.server.HttpServer start
INFO: [HttpServer-17] Started.
[[0;37mINFO[m] main com.jcabi.http.mock.MkGrizzlyContainer: started on port #36587
[[0;37mINFO[m] main com.jcabi.http.request.BaseRequest: #fetch(GET localhost:36587 /): [404 Not Found] in 4ms
[[0;37mINFO[m] main com.jcabi.http.mock.MkGrizzlyContainer: stopped on port #36587
Feb 08, 2023 10:30:52 PM org.glassfish.grizzly.http.server.NetworkListener start
INFO: Started listener bound to [0.0.0.0:38285]
Feb 08, 2023 10:30:52 PM org.glassfish.grizzly.http.server.HttpServer start
INFO: [HttpServer-18] Started.
[[0;37mINFO[m] main com.jcabi.http.mock.MkGrizzlyContainer: started on port #38285
[[0;37mINFO[m] main com.jcabi.http.request.BaseRequest: #fetch(GET localhost:38285 /): [200 OK] in 4ms
[[0;37mINFO[m] main com.jcabi.http.mock.MkGrizzlyContainer: stopped on port #38285
Feb 08, 2023 10:30:52 PM org.glassfish.grizzly.http.server.NetworkListener start
INFO: Started listener bound to [0.0.0.0:41411]
Feb 08, 2023 10:30:52 PM org.glassfish.grizzly.http.server.HttpServer start
INFO: [HttpServer-19] Started.
[[0;37mINFO[m] main com.jcabi.http.mock.MkGrizzlyContainer: started on port #41411
[[0;37mINFO[m] main com.jcabi.http.request.BaseRequest: #fetch(GET localhost:41411 /): [200 OK] in 3ms
[[0;37mINFO[m] main com.jcabi.http.mock.MkGrizzlyContainer: stopped on port #41411
Feb 08, 2023 10:30:52 PM org.glassfish.grizzly.http.server.NetworkListener start
INFO: Started listener bound to [0.0.0.0:36695]
Feb 08, 2023 10:30:52 PM org.glassfish.grizzly.http.server.HttpServer start
INFO: [HttpServer-20] Started.
[[0;37mINFO[m] main com.jcabi.http.mock.MkGrizzlyContainer: started on port #36695
[[0;37mINFO[m] main com.jcabi.http.request.BaseRequest: #fetch(GET localhost:36695 /): [200 OK] in 4ms
[[0;37mINFO[m] main com.jcabi.http.mock.MkGrizzlyContainer: stopped on port #36695
[INFO] Tests run: 4, Failures: 0, Errors: 0, Skipped: 0, Time elapsed: 0.17 s - in com.jcabi.http.wire.BasicAuthWireTest
[INFO] Running com.jcabi.http.request.BaseRequestTest
Feb 08, 2023 10:30:52 PM org.glassfish.grizzly.http.server.NetworkListener start
INFO: Started listener bound to [0.0.0.0:32789]
Feb 08, 2023 10:30:52 PM org.glassfish.grizzly.http.server.HttpServer start
INFO: [HttpServer-21] Started.
[[0;37mINFO[m] main com.jcabi.http.mock.MkGrizzlyContainer: started on port #32789
[[0;37mINFO[m] main com.jcabi.http.request.BaseRequest: #fetch(POST localhost:32789 /): [200 OK] in 4ms
[INFO] Tests run: 7, Failures: 0, Errors: 0, Skipped: 0, Time elapsed: 0.045 s - in com.jcabi.http.request.BaseRequestTest
[INFO] Running com.jcabi.http.wire.CachingWireTest
Feb 08, 2023 10:30:52 PM org.glassfish.grizzly.http.server.NetworkListener start
INFO: Started listener bound to [0.0.0.0:33535]
Feb 08, 2023 10:30:52 PM org.glassfish.grizzly.http.server.HttpServer start
INFO: [HttpServer-22] Started.
[[0;37mINFO[m] main com.jcabi.http.mock.MkGrizzlyContainer: started on port #33535
[[0;37mINFO[m] main com.jcabi.http.request.BaseRequest: #fetch(GET localhost:33535 /): [200 OK] in 11ms
[[0;37mINFO[m] main com.jcabi.http.request.BaseRequest: #fetch(GET localhost:33535 /): [200 OK] in 0ms
[[0;37mINFO[m] main com.jcabi.http.request.BaseRequest: #fetch(GET localhost:33535 /): [200 OK] in 0ms
[[0;37mINFO[m] main com.jcabi.http.request.BaseRequest: #fetch(GET localhost:33535 /): [200 OK] in 0ms
[[0;37mINFO[m] main com.jcabi.http.request.BaseRequest: #fetch(GET localhost:33535 /): [200 OK] in 0ms
[[0;37mINFO[m] main com.jcabi.http.request.BaseRequest: #fetch(GET localhost:33535 /): [200 OK] in 0ms
[[0;37mINFO[m] main com.jcabi.http.request.BaseRequest: #fetch(GET localhost:33535 /): [200 OK] in 0ms
[[0;37mINFO[m] main com.jcabi.http.request.BaseRequest: #fetch(GET localhost:33535 /): [200 OK] in 0ms
[[0;37mINFO[m] main com.jcabi.http.request.BaseRequest: #fetch(GET localhost:33535 /): [200 OK] in 0ms
[[0;37mINFO[m] main com.jcabi.http.request.BaseRequest: #fetch(GET localhost:33535 /): [200 OK] in 1ms
[[0;37mINFO[m] main com.jcabi.http.mock.MkGrizzlyContainer: stopped on port #33535
Feb 08, 2023 10:30:52 PM org.glassfish.grizzly.http.server.NetworkListener start
INFO: Started listener bound to [0.0.0.0:41155]
Feb 08, 2023 10:30:52 PM org.glassfish.grizzly.http.server.HttpServer start
INFO: [HttpServer-23] Started.
[[0;37mINFO[m] main com.jcabi.http.mock.MkGrizzlyContainer: started on port #41155
[[0;37mINFO[m] main com.jcabi.http.request.BaseRequest: #fetch(GET localhost:41155 /): [200 OK] in 4ms
[[0;37mINFO[m] main com.jcabi.http.request.BaseRequest: #fetch(GET localhost:41155 /): [200 OK] in 0ms
[[0;37mINFO[m] main com.jcabi.http.request.BaseRequest: #fetch(POST localhost:41155 /flush): [200 OK] in 4ms
[[0;37mINFO[m] main com.jcabi.http.request.BaseRequest: #fetch(GET localhost:41155 /): [200 OK] in 2ms
[[0;37mINFO[m] main com.jcabi.http.mock.MkGrizzlyContainer: stopped on port #41155
Feb 08, 2023 10:30:52 PM org.glassfish.grizzly.http.server.NetworkListener start
INFO: Started listener bound to [0.0.0.0:39251]
Feb 08, 2023 10:30:52 PM org.glassfish.grizzly.http.server.HttpServer start
INFO: [HttpServer-24] Started.
[[0;37mINFO[m] main com.jcabi.http.mock.MkGrizzlyContainer: started on port #39251
[[0;37mINFO[m] main com.jcabi.http.request.BaseRequest: #fetch(PUT localhost:39251 /): [200 OK] in 3ms
[[0;37mINFO[m] main com.jcabi.http.request.BaseRequest: #fetch(PUT localhost:39251 /): [200 OK] in 2ms
[[0;37mINFO[m] main com.jcabi.http.mock.MkGrizzlyContainer: stopped on port #39251
Feb 08, 2023 10:30:52 PM org.glassfish.grizzly.http.server.NetworkListener start
INFO: Started listener bound to [0.0.0.0:38851]
Feb 08, 2023 10:30:52 PM org.glassfish.grizzly.http.server.HttpServer start
INFO: [HttpServer-25] Started.
[[0;37mINFO[m] main com.jcabi.http.mock.MkGrizzlyContainer: started on port #38851
[[0;37mINFO[m] main com.jcabi.http.request.BaseRequest: #fetch(GET localhost:38851 /): [200 OK] in 4ms
[[0;37mINFO[m] main com.jcabi.http.request.BaseRequest: #fetch(GET localhost:38851 /): [200 OK] in 0ms
[[0;37mINFO[m] main com.jcabi.http.request.BaseRequest: #fetch(GET localhost:38851 /): [200 OK] in 0ms
[[0;37mINFO[m] main com.jcabi.http.request.BaseRequest: #fetch(GET localhost:38851 /): [200 OK] in 0ms
[[0;37mINFO[m] main com.jcabi.http.request.BaseRequest: #fetch(GET localhost:38851 /): [200 OK] in 0ms
[[0;37mINFO[m] main com.jcabi.http.request.BaseRequest: #fetch(GET localhost:38851 /): [200 OK] in 0ms
[[0;37mINFO[m] main com.jcabi.http.request.BaseRequest: #fetch(GET localhost:38851 /): [200 OK] in 0ms
[[0;37mINFO[m] main com.jcabi.http.request.BaseRequest: #fetch(GET localhost:38851 /): [200 OK] in 1ms
[[0;37mINFO[m] main com.jcabi.http.request.BaseRequest: #fetch(GET localhost:38851 /): [200 OK] in 0ms
[[0;37mINFO[m] main com.jcabi.http.request.BaseRequest: #fetch(GET localhost:38851 /): [200 OK] in 0ms
[[0;37mINFO[m] main com.jcabi.http.mock.MkGrizzlyContainer: stopped on port #38851
[INFO] Tests run: 4, Failures: 0, Errors: 0, Skipped: 0, Time elapsed: 0.208 s - in com.jcabi.http.wire.CachingWireTest
[INFO] Running com.jcabi.http.response.XmlResponseTest
[[0;37mINFO[m] main com.jcabi.http.request.BaseRequest: #fetch(GET localhost:12345 /see-FakeRequest-class): [200 OK] in 0ms
[[0;37mINFO[m] main com.jcabi.http.request.BaseRequest: #fetch(GET localhost:12345 /see-FakeRequest-class): [200 OK] in 0ms
[[0;37mINFO[m] main com.jcabi.http.request.BaseRequest: #fetch(GET localhost:12345 /see-FakeRequest-class): [200 OK] in 0ms
[[0;37mINFO[m] main com.jcabi.http.request.BaseRequest: #fetch(GET localhost:12345 /see-FakeRequest-class): [200 OK] in 0ms
[[0;37mINFO[m] main com.jcabi.http.request.BaseRequest: #fetch(GET localhost:12345 /see-FakeRequest-class): [200 OK] in 0ms
[INFO] Tests run: 5, Failures: 0, Errors: 0, Skipped: 0, Time elapsed: 0.032 s - in com.jcabi.http.response.XmlResponseTest
[INFO] Running com.jcabi.http.ImmutableHeaderTest
[INFO] Tests run: 1, Failures: 0, Errors: 0, Skipped: 0, Time elapsed: 0.001 s - in com.jcabi.http.ImmutableHeaderTest
[INFO] Running com.jcabi.http.mock.MkContainerTest
Feb 08, 2023 10:30:53 PM org.glassfish.grizzly.http.server.NetworkListener start
INFO: Started listener bound to [0.0.0.0:44545]
Feb 08, 2023 10:30:53 PM org.glassfish.grizzly.http.server.HttpServer start
INFO: [HttpServer-26] Started.
[[0;37mINFO[m] main com.jcabi.http.mock.MkGrizzlyContainer: started on port #44545
[[0;37mINFO[m] main com.jcabi.http.wire.VerboseWire: #send(POST http://localhost:44545/):
HTTP Request (com.jcabi.http.request.BaseRequest):
  
  reqBodyMatches
HTTP Response (com.jcabi.http.request.DefaultResponse):
  200 OK [http://localhost:44545/]
  Server: com.jcabi.http.mock.MkGrizzlyAdapter query #1, 2 answer(s) left
  Content-Length: 15
  
  respBodyMatches
[[0;37mINFO[m] main com.jcabi.http.request.BaseRequest: #fetch(POST localhost:44545 /): [200 OK] in 3ms
[[0;37mINFO[m] main com.jcabi.http.wire.VerboseWire: #send(POST http://localhost:44545/):
HTTP Request (com.jcabi.http.request.BaseRequest):
  
  reqBodyMismatches
HTTP Response (com.jcabi.http.request.DefaultResponse):
  200 OK [http://localhost:44545/]
  Server: com.jcabi.http.mock.MkGrizzlyAdapter query #2, 1 answer(s) left
  Content-Length: 4
  
  bleh
[[0;37mINFO[m] main com.jcabi.http.request.BaseRequest: #fetch(POST localhost:44545 /): [200 OK] in 2ms
[[0;37mINFO[m] main com.jcabi.http.mock.MkGrizzlyContainer: stopped on port #44545
Feb 08, 2023 10:30:53 PM org.glassfish.grizzly.http.server.NetworkListener start
INFO: Started listener bound to [0.0.0.0:36915]
Feb 08, 2023 10:30:53 PM org.glassfish.grizzly.http.server.HttpServer start
INFO: [HttpServer-27] Started.
[[0;37mINFO[m] main com.jcabi.http.mock.MkGrizzlyContainer: started on port #36915
[[0;37mINFO[m] main com.jcabi.http.wire.VerboseWire: #send(GET http://localhost:36915/):
HTTP Request (com.jcabi.http.request.BaseRequest):
  
  <<empty>>
HTTP Response (com.jcabi.http.request.DefaultResponse):
  500 Internal Server Error [http://localhost:36915/]
  Connection: close
  Content-Length: 462
  
  java.util.NoSuchElementException: No matching answers found.
  	at com.jcabi.http.mock.MkGrizzlyAdapter.service(MkGrizzlyAdapter.java:127)
  	at org.glassfish.grizzly.http.server.HttpHandler$1.run(HttpHandler.java:200)
  	at org.glassfish.grizzly.threadpool.AbstractThreadPool$Worker.doWork(AbstractThreadPool.java:569)
  	at org.glassfish.grizzly.threadpool.AbstractThreadPool$Worker.run(AbstractThreadPool.java:549)
  	at java.base/java.lang.Thread.run(Thread.java:829)
  
[[0;37mINFO[m] main com.jcabi.http.request.BaseRequest: #fetch(GET localhost:36915 /): [500 Internal Server Error] in 5ms
[[0;37mINFO[m] main com.jcabi.http.mock.MkGrizzlyContainer: stopped on port #36915
Feb 08, 2023 10:30:53 PM org.glassfish.grizzly.http.server.NetworkListener start
INFO: Started listener bound to [0.0.0.0:43831]
Feb 08, 2023 10:30:53 PM org.glassfish.grizzly.http.server.HttpServer start
INFO: [HttpServer-28] Started.
[[0;37mINFO[m] main com.jcabi.http.mock.MkGrizzlyContainer: started on port #43831
[[0;37mINFO[m] main com.jcabi.http.wire.VerboseWire: #send(GET http://localhost:43831/):
HTTP Request (com.jcabi.http.request.BaseRequest):
  X-Something: text/html
  X-Something: text/xml
  
  <<empty>>
HTTP Response (com.jcabi.http.request.DefaultResponse):
  200 OK [http://localhost:43831/]
  Server: com.jcabi.http.mock.MkGrizzlyAdapter query #1, 1 answer(s) left
  Content-Length: 0
  
  <<empty>>
[[0;37mINFO[m] main com.jcabi.http.request.BaseRequest: #fetch(GET localhost:43831 /): [200 OK] in 4ms
[[0;37mINFO[m] main com.jcabi.http.mock.MkGrizzlyContainer: stopped on port #43831
Feb 08, 2023 10:30:53 PM org.glassfish.grizzly.http.server.NetworkListener start
INFO: Started listener bound to [0.0.0.0:33617]
Feb 08, 2023 10:30:53 PM org.glassfish.grizzly.http.server.HttpServer start
INFO: [HttpServer-29] Started.
[[0;37mINFO[m] main com.jcabi.http.mock.MkGrizzlyContainer: started on port #33617
[[0;37mINFO[m] main com.jcabi.http.wire.VerboseWire: #send(GET http://localhost:33617/):
HTTP Request (com.jcabi.http.request.BaseRequest):
  
  <<empty>>
HTTP Response (com.jcabi.http.request.DefaultResponse):
  200 OK [http://localhost:33617/]
  Server: com.jcabi.http.mock.MkGrizzlyAdapter query #1, 2 answer(s) left
  Content-Length: 8
  
  matching
[[0;37mINFO[m] main com.jcabi.http.request.BaseRequest: #fetch(GET localhost:33617 /): [200 OK] in 4ms
[[0;37mINFO[m] main com.jcabi.http.mock.MkGrizzlyContainer: stopped on port #33617
Feb 08, 2023 10:30:53 PM org.glassfish.grizzly.http.server.NetworkListener start
INFO: Started listener bound to [0.0.0.0:42191]
Feb 08, 2023 10:30:53 PM org.glassfish.grizzly.http.server.HttpServer start
INFO: [HttpServer-30] Started.
[[0;37mINFO[m] main com.jcabi.http.mock.MkGrizzlyContainer: started on port #42191
[[0;37mINFO[m] main com.jcabi.http.request.BaseRequest: #fetch(GET localhost:42191 /): [200 OK] in 4ms
[[0;37mINFO[m] main com.jcabi.http.mock.MkGrizzlyContainer: stopped on port #42191
Feb 08, 2023 10:30:53 PM org.glassfish.grizzly.http.server.NetworkListener start
INFO: Started listener bound to [0.0.0.0:40537]
Feb 08, 2023 10:30:53 PM org.glassfish.grizzly.http.server.HttpServer start
INFO: [HttpServer-31] Started.
[[0;37mINFO[m] main com.jcabi.http.mock.MkGrizzlyContainer: started on port #40537
[[0;37mINFO[m] main com.jcabi.http.wire.VerboseWire: #send(GET http://localhost:40537/):
HTTP Request (com.jcabi.http.request.BaseRequest):
  
  <<empty>>
HTTP Response (com.jcabi.http.request.DefaultResponse):
  200 OK [http://localhost:40537/]
  Server: com.jcabi.http.mock.MkGrizzlyAdapter query #1, 1 answer(s) left
  Content-Length: 5
  
   E!\ufffd
[[0;37mINFO[m] main com.jcabi.http.request.BaseRequest: #fetch(GET localhost:40537 /): [200 OK] in 4ms
[[0;37mINFO[m] main com.jcabi.http.mock.MkGrizzlyContainer: stopped on port #40537
Feb 08, 2023 10:30:53 PM org.glassfish.grizzly.http.server.NetworkListener start
INFO: Started listener bound to [0.0.0.0:42321]
Feb 08, 2023 10:30:53 PM org.glassfish.grizzly.http.server.HttpServer start
INFO: [HttpServer-32] Started.
[[0;37mINFO[m] main com.jcabi.http.mock.MkGrizzlyContainer: started on port #42321
[[0;37mINFO[m] main com.jcabi.http.wire.VerboseWire: #send(POST http://localhost:42321/):
HTTP Request (com.jcabi.http.request.BaseRequest):
  
  multipleRequestMatches
HTTP Response (com.jcabi.http.request.DefaultResponse):
  200 OK [http://localhost:42321/]
  Server: com.jcabi.http.mock.MkGrizzlyAdapter query #1, 2 answer(s) left
  Content-Length: 23
  
  multipleResponseMatches
[[0;37mINFO[m] main com.jcabi.http.request.BaseRequest: #fetch(POST localhost:42321 /): [200 OK] in 3ms
[[0;37mINFO[m] main com.jcabi.http.wire.VerboseWire: #send(POST http://localhost:42321/):
HTTP Request (com.jcabi.http.request.BaseRequest):
  
  multipleRequestMatches
HTTP Response (com.jcabi.http.request.DefaultResponse):
  200 OK [http://localhost:42321/]
  Server: com.jcabi.http.mock.MkGrizzlyAdapter query #2, 2 answer(s) left
  Content-Length: 23
  
  multipleResponseMatches
[[0;37mINFO[m] main com.jcabi.http.request.BaseRequest: #fetch(POST localhost:42321 /): [200 OK] in 2ms
[[0;37mINFO[m] main com.jcabi.http.wire.VerboseWire: #send(POST http://localhost:42321/):
HTTP Request (com.jcabi.http.request.BaseRequest):
  
  multipleRequestNotMatching
HTTP Response (com.jcabi.http.request.DefaultResponse):
  200 OK [http://localhost:42321/]
  Server: com.jcabi.http.mock.MkGrizzlyAdapter query #3, 1 answer(s) left
  Content-Length: 4
  
  blaa
[[0;37mINFO[m] main com.jcabi.http.request.BaseRequest: #fetch(POST localhost:42321 /): [200 OK] in 2ms
[[0;37mINFO[m] main com.jcabi.http.mock.MkGrizzlyContainer: stopped on port #42321
Feb 08, 2023 10:30:53 PM org.glassfish.grizzly.http.server.NetworkListener start
INFO: Started listener bound to [0.0.0.0:36581]
Feb 08, 2023 10:30:53 PM org.glassfish.grizzly.http.server.HttpServer start
INFO: [HttpServer-33] Started.
[[0;37mINFO[m] main com.jcabi.http.mock.MkGrizzlyContainer: started on port #36581
[[0;37mINFO[m] main com.jcabi.http.wire.VerboseWire: #send(GET http://localhost:36581/):
HTTP Request (com.jcabi.http.request.BaseRequest):
  
  <<empty>>
HTTP Response (com.jcabi.http.request.DefaultResponse):
  200 OK [http://localhost:36581/]
  Server: com.jcabi.http.mock.MkGrizzlyAdapter query #1, 1 answer(s) left
  Content-Length: 8
  
  multiple
[[0;37mINFO[m] main com.jcabi.http.request.BaseRequest: #fetch(GET localhost:36581 /): [200 OK] in 4ms
[[0;37mINFO[m] main com.jcabi.http.wire.VerboseWire: #send(GET http://localhost:36581/):
HTTP Request (com.jcabi.http.request.BaseRequest):
  
  <<empty>>
HTTP Response (com.jcabi.http.request.DefaultResponse):
  200 OK [http://localhost:36581/]
  Server: com.jcabi.http.mock.MkGrizzlyAdapter query #2, 1 answer(s) left
  Content-Length: 8
  
  multiple
[[0;37mINFO[m] main com.jcabi.http.request.BaseRequest: #fetch(GET localhost:36581 /): [200 OK] in 3ms
[[0;37mINFO[m] main com.jcabi.http.wire.VerboseWire: #send(GET http://localhost:36581/):
HTTP Request (com.jcabi.http.request.BaseRequest):
  
  <<empty>>
HTTP Response (com.jcabi.http.request.DefaultResponse):
  200 OK [http://localhost:36581/]
  Server: com.jcabi.http.mock.MkGrizzlyAdapter query #3, 1 answer(s) left
  Content-Length: 8
  
  multiple
[[0;37mINFO[m] main com.jcabi.http.request.BaseRequest: #fetch(GET localhost:36581 /): [200 OK] in 2ms
[[0;37mINFO[m] main com.jcabi.http.wire.VerboseWire: #send(GET http://localhost:36581/):
HTTP Request (com.jcabi.http.request.BaseRequest):
  
  <<empty>>
HTTP Response (com.jcabi.http.request.DefaultResponse):
  200 OK [http://localhost:36581/]
  Server: com.jcabi.http.mock.MkGrizzlyAdapter query #4, 1 answer(s) left
  Content-Length: 8
  
  multiple
[[0;37mINFO[m] main com.jcabi.http.request.BaseRequest: #fetch(GET localhost:36581 /): [200 OK] in 2ms
[[0;37mINFO[m] main com.jcabi.http.wire.VerboseWire: #send(GET http://localhost:36581/):
HTTP Request (com.jcabi.http.request.BaseRequest):
  
  <<empty>>
HTTP Response (com.jcabi.http.request.DefaultResponse):
  200 OK [http://localhost:36581/]
  Server: com.jcabi.http.mock.MkGrizzlyAdapter query #5, 1 answer(s) left
  Content-Length: 8
  
  multiple
[[0;37mINFO[m] main com.jcabi.http.request.BaseRequest: #fetch(GET localhost:36581 /): [200 OK] in 2ms
[[0;37mINFO[m] main com.jcabi.http.mock.MkGrizzlyContainer: stopped on port #36581
Feb 08, 2023 10:30:53 PM org.glassfish.grizzly.http.server.NetworkListener start
INFO: Started listener bound to [0.0.0.0:44767]
Feb 08, 2023 10:30:53 PM org.glassfish.grizzly.http.server.HttpServer start
INFO: [HttpServer-34] Started.
[[0;37mINFO[m] main com.jcabi.http.mock.MkGrizzlyContainer: started on port #44767
[[0;37mINFO[m] main com.jcabi.http.wire.VerboseWire: #send(GET http://localhost:44767/):
HTTP Request (com.jcabi.http.request.BaseRequest):
  
  <<empty>>
HTTP Response (com.jcabi.http.request.DefaultResponse):
  200 OK [http://localhost:44767/]
  Server: com.jcabi.http.mock.MkGrizzlyAdapter query #1, 2 answer(s) left
  Content-Length: 5
  
  first
[[0;37mINFO[m] main com.jcabi.http.request.BaseRequest: #fetch(GET localhost:44767 /): [200 OK] in 4ms
[[0;37mINFO[m] main com.jcabi.http.mock.MkGrizzlyContainer: stopped on port #44767
[INFO] Tests run: 9, Failures: 0, Errors: 0, Skipped: 0, Time elapsed: 0.352 s - in com.jcabi.http.mock.MkContainerTest
[INFO] Running com.jcabi.http.wire.CookieOptimizingWireTest
Feb 08, 2023 10:30:53 PM org.glassfish.grizzly.http.server.NetworkListener start
INFO: Started listener bound to [0.0.0.0:40967]
Feb 08, 2023 10:30:53 PM org.glassfish.grizzly.http.server.HttpServer start
INFO: [HttpServer-35] Started.
[[0;37mINFO[m] main com.jcabi.http.mock.MkGrizzlyContainer: started on port #40967
[[0;37mINFO[m] main com.jcabi.http.wire.VerboseWire: #send(GET http://localhost:40967/):
HTTP Request (com.jcabi.http.request.BaseRequest):
  Cookie: second=initial-value
  
  <<empty>>
HTTP Response (com.jcabi.http.request.DefaultResponse):
  200 OK [http://localhost:40967/]
  Server: com.jcabi.http.mock.MkGrizzlyAdapter query #1, 2 answer(s) left
  Set-Cookie: third=B; path=/
  Set-Cookie: second=; path=/
  Set-Cookie: first=A; path=/
  Content-Length: 0
  Location: /a
  
  <<empty>>
[[0;37mINFO[m] main com.jcabi.http.request.BaseRequest: #fetch(GET localhost:40967 /): [200 OK] in 3ms
[[0;37mINFO[m] main com.jcabi.http.wire.VerboseWire: #send(GET http://localhost:40967/a):
HTTP Request (com.jcabi.http.request.BaseRequest):
  Cookie: third=B; first=A
  
  <<empty>>
HTTP Response (com.jcabi.http.request.DefaultResponse):
  200 OK [http://localhost:40967/a]
  Server: com.jcabi.http.mock.MkGrizzlyAdapter query #2, 1 answer(s) left
  Content-Length: 0
  
  <<empty>>
[[0;37mINFO[m] main com.jcabi.http.request.BaseRequest: #fetch(GET localhost:40967 /a): [200 OK] in 2ms
[[0;37mINFO[m] main com.jcabi.http.mock.MkGrizzlyContainer: stopped on port #40967
Feb 08, 2023 10:30:53 PM org.glassfish.grizzly.http.server.NetworkListener start
INFO: Started listener bound to [0.0.0.0:46301]
Feb 08, 2023 10:30:53 PM org.glassfish.grizzly.http.server.HttpServer start
INFO: [HttpServer-36] Started.
[[0;37mINFO[m] main com.jcabi.http.mock.MkGrizzlyContainer: started on port #46301
[[0;37mINFO[m] main com.jcabi.http.wire.VerboseWire: #send(GET http://localhost:46301/):
HTTP Request (com.jcabi.http.request.BaseRequest):
  Cookie: alpha=boom5
  
  <<empty>>
HTTP Response (com.jcabi.http.request.DefaultResponse):
  200 OK [http://localhost:46301/]
  Server: com.jcabi.http.mock.MkGrizzlyAdapter query #1, 2 answer(s) left
  Set-Cookie: gamma=something; path=/
  Set-Cookie: alpha=boom1; path=/
  Set-Cookie: beta=something; path=/
  Content-Length: 0
  Location: /
  
  <<empty>>
[[0;37mINFO[m] main com.jcabi.http.request.BaseRequest: #fetch(GET localhost:46301 /): [200 OK] in 7ms
[[0;37mINFO[m] main com.jcabi.http.wire.VerboseWire: #send(GET http://localhost:46301/):
HTTP Request (com.jcabi.http.request.BaseRequest):
  Cookie: gamma=something; beta=something; alpha=boom1
  
  <<empty>>
HTTP Response (com.jcabi.http.request.DefaultResponse):
  200 OK [http://localhost:46301/]
  Server: com.jcabi.http.mock.MkGrizzlyAdapter query #2, 1 answer(s) left
  Content-Length: 0
  
  <<empty>>
[[0;37mINFO[m] main com.jcabi.http.request.BaseRequest: #fetch(GET localhost:46301 /): [200 OK] in 1ms
[[0;37mINFO[m] main com.jcabi.http.mock.MkGrizzlyContainer: stopped on port #46301
[INFO] Tests run: 2, Failures: 0, Errors: 0, Skipped: 0, Time elapsed: 0.082 s - in com.jcabi.http.wire.CookieOptimizingWireTest
[INFO] Running com.jcabi.http.response.RestResponseTest
[[0;37mINFO[m] main com.jcabi.http.request.BaseRequest: #fetch(GET localhost:12345 /see-FakeRequest-class): [200 OK] in 0ms
[[0;37mINFO[m] main com.jcabi.http.request.BaseRequest: #fetch(GET localhost:12345 /see-FakeRequest-class): [200 OK] in 0ms
[[0;37mINFO[m] main com.jcabi.http.request.BaseRequest: #fetch(GET locahost:888 /tt): [200 OK] in 0ms
[[0;37mINFO[m] main com.jcabi.http.request.BaseRequest: #fetch(GET localhost:12345 /see-FakeRequest-class): [200 OK] in 0ms
[[0;37mINFO[m] main com.jcabi.http.request.BaseRequest: #fetch(GET localhost:12345 /see-FakeRequest-class): [200 OK] in 0ms
[INFO] Tests run: 5, Failures: 0, Errors: 0, Skipped: 0, Time elapsed: 0.012 s - in com.jcabi.http.response.RestResponseTest
[INFO] Running com.jcabi.http.wire.VerboseWireTest
Feb 08, 2023 10:30:53 PM org.glassfish.grizzly.http.server.NetworkListener start
INFO: Started listener bound to [0.0.0.0:42133]
Feb 08, 2023 10:30:53 PM org.glassfish.grizzly.http.server.HttpServer start
INFO: [HttpServer-37] Started.
[[0;37mINFO[m] main com.jcabi.http.mock.MkGrizzlyContainer: started on port #42133
[[0;37mINFO[m] main com.jcabi.http.wire.VerboseWire: #send(GET http://localhost:42133/):
HTTP Request (com.jcabi.http.request.BaseRequest):
  User-Agent: it's me
  
  <<empty>>
HTTP Response (com.jcabi.http.request.DefaultResponse):
  200 OK [http://localhost:42133/]
  Server: com.jcabi.http.mock.MkGrizzlyAdapter query #1, 1 answer(s) left
  Content-Length: 0
  
  <<empty>>
[[0;37mINFO[m] main com.jcabi.http.request.BaseRequest: #fetch(GET localhost:42133 /): [200 OK] in 2ms
[[0;37mINFO[m] main com.jcabi.http.mock.MkGrizzlyContainer: stopped on port #42133
Feb 08, 2023 10:30:53 PM org.glassfish.grizzly.http.server.NetworkListener start
INFO: Started listener bound to [0.0.0.0:41405]
Feb 08, 2023 10:30:53 PM org.glassfish.grizzly.http.server.HttpServer start
INFO: [HttpServer-38] Started.
[[0;37mINFO[m] main com.jcabi.http.mock.MkGrizzlyContainer: started on port #41405
[[0;37mINFO[m] main com.jcabi.http.wire.VerboseWire: #send(POST http://localhost:41405/):
HTTP Request (com.jcabi.http.request.BaseRequest):
  
  hello, world!
HTTP Response (com.jcabi.http.request.DefaultResponse):
  200 OK [http://localhost:41405/]
  Server: com.jcabi.http.mock.MkGrizzlyAdapter query #1, 1 answer(s) left
  Content-Length: 0
  
  <<empty>>
[[0;37mINFO[m] main com.jcabi.http.request.BaseRequest: #fetch(POST localhost:41405 /): [200 OK] in 3ms
[[0;37mINFO[m] main com.jcabi.http.mock.MkGrizzlyContainer: stopped on port #41405
[INFO] Tests run: 2, Failures: 0, Errors: 0, Skipped: 0, Time elapsed: 0.07 s - in com.jcabi.http.wire.VerboseWireTest
[INFO] Running com.jcabi.http.wire.TrustedWireTest
Feb 08, 2023 10:30:53 PM org.glassfish.grizzly.http.server.NetworkListener start
INFO: Started listener bound to [0.0.0.0:33503]
Feb 08, 2023 10:30:53 PM org.glassfish.grizzly.http.server.HttpServer start
INFO: [HttpServer-39] Started.
[[0;37mINFO[m] main com.jcabi.http.mock.MkGrizzlyContainer: started on port #33503
[[0;37mINFO[m] main com.jcabi.http.request.BaseRequest: #fetch(GET localhost:33503 /): [200 OK] in 88ms
[[0;37mINFO[m] main com.jcabi.http.mock.MkGrizzlyContainer: stopped on port #33503
[INFO] Tests run: 1, Failures: 0, Errors: 0, Skipped: 0, Time elapsed: 0.122 s - in com.jcabi.http.wire.TrustedWireTest
[INFO] Running com.jcabi.http.RequestTest
Feb 08, 2023 10:30:53 PM org.glassfish.grizzly.http.server.NetworkListener start
INFO: Started listener bound to [0.0.0.0:46085]
Feb 08, 2023 10:30:53 PM org.glassfish.grizzly.http.server.HttpServer start
INFO: [HttpServer-40] Started.
[[0;37mINFO[m] main com.jcabi.http.mock.MkGrizzlyContainer: started on port #46085
[[0;37mINFO[m] main com.jcabi.http.request.BaseRequest: #fetch(GET localhost:46085 /helloall): [200 OK] in 100ms
[[0;37mINFO[m] main com.jcabi.http.mock.MkGrizzlyContainer: stopped on port #46085
Feb 08, 2023 10:30:53 PM org.glassfish.grizzly.http.server.NetworkListener start
INFO: Started listener bound to [0.0.0.0:38391]
Feb 08, 2023 10:30:53 PM org.glassfish.grizzly.http.server.HttpServer start
INFO: [HttpServer-41] Started.
[[0;37mINFO[m] main com.jcabi.http.mock.MkGrizzlyContainer: started on port #38391
[[0;37mINFO[m] main com.jcabi.http.request.BaseRequest: #fetch(GET localhost:38391 /helloall): [200 OK] in 2ms
[[0;37mINFO[m] main com.jcabi.http.mock.MkGrizzlyContainer: stopped on port #38391
Feb 08, 2023 10:30:53 PM org.glassfish.grizzly.http.server.NetworkListener start
INFO: Started listener bound to [0.0.0.0:34677]
Feb 08, 2023 10:30:53 PM org.glassfish.grizzly.http.server.HttpServer start
INFO: [HttpServer-42] Started.
[[0;37mINFO[m] main com.jcabi.http.mock.MkGrizzlyContainer: started on port #34677
[[0;37mINFO[m] main com.jcabi.http.request.BaseRequest: #fetch(GET localhost:34677 /): [404 Not Found] in 4ms
[[0;37mINFO[m] main com.jcabi.http.mock.MkGrizzlyContainer: stopped on port #34677
Feb 08, 2023 10:30:53 PM org.glassfish.grizzly.http.server.NetworkListener start
INFO: Started listener bound to [0.0.0.0:34077]
Feb 08, 2023 10:30:53 PM org.glassfish.grizzly.http.server.HttpServer start
INFO: [HttpServer-43] Started.
[[0;37mINFO[m] main com.jcabi.http.mock.MkGrizzlyContainer: started on port #34077
[[0;37mINFO[m] main com.jcabi.http.request.BaseRequest: #fetch(GET localhost:34077 /): [404 Not Found] in 3ms
[[0;37mINFO[m] main com.jcabi.http.mock.MkGrizzlyContainer: stopped on port #34077
Feb 08, 2023 10:30:53 PM org.glassfish.grizzly.http.server.NetworkListener start
INFO: Started listener bound to [0.0.0.0:40319]
Feb 08, 2023 10:30:53 PM org.glassfish.grizzly.http.server.HttpServer start
INFO: [HttpServer-44] Started.
[[0;37mINFO[m] main com.jcabi.http.mock.MkGrizzlyContainer: started on port #40319
[[0;37mINFO[m] main com.jcabi.http.request.BaseRequest: #fetch(POST localhost:40319 /): [200 OK] in 6ms
[[0;37mINFO[m] main com.jcabi.http.mock.MkGrizzlyContainer: stopped on port #40319
Feb 08, 2023 10:30:54 PM org.glassfish.grizzly.http.server.NetworkListener start
INFO: Started listener bound to [0.0.0.0:44267]
Feb 08, 2023 10:30:54 PM org.glassfish.grizzly.http.server.HttpServer start
INFO: [HttpServer-45] Started.
[[0;37mINFO[m] main com.jcabi.http.mock.MkGrizzlyContainer: started on port #44267
[[0;37mINFO[m] main com.jcabi.http.request.BaseRequest: #fetch(POST localhost:44267 /): [200 OK] in 3ms
[[0;37mINFO[m] main com.jcabi.http.mock.MkGrizzlyContainer: stopped on port #44267
Feb 08, 2023 10:30:54 PM org.glassfish.grizzly.http.server.NetworkListener start
INFO: Started listener bound to [0.0.0.0:42471]
Feb 08, 2023 10:30:54 PM org.glassfish.grizzly.http.server.HttpServer start
INFO: [HttpServer-46] Started.
[[0;37mINFO[m] main com.jcabi.http.mock.MkGrizzlyContainer: started on port #42471
[[0;37mINFO[m] main com.jcabi.http.request.BaseRequest: #fetch(GET localhost:42471 /): [200 OK] in 4ms
[[0;37mINFO[m] main com.jcabi.http.mock.MkGrizzlyContainer: stopped on port #42471
Feb 08, 2023 10:30:54 PM org.glassfish.grizzly.http.server.NetworkListener start
INFO: Started listener bound to [0.0.0.0:39711]
Feb 08, 2023 10:30:54 PM org.glassfish.grizzly.http.server.HttpServer start
INFO: [HttpServer-47] Started.
[[0;37mINFO[m] main com.jcabi.http.mock.MkGrizzlyContainer: started on port #39711
[[0;37mINFO[m] main com.jcabi.http.request.BaseRequest: #fetch(GET localhost:39711 /): [200 OK] in 2ms
[[0;37mINFO[m] main com.jcabi.http.mock.MkGrizzlyContainer: stopped on port #39711
Feb 08, 2023 10:30:54 PM org.glassfish.grizzly.http.server.NetworkListener start
INFO: Started listener bound to [0.0.0.0:45883]
Feb 08, 2023 10:30:54 PM org.glassfish.grizzly.http.server.HttpServer start
INFO: [HttpServer-48] Started.
[[0;37mINFO[m] main com.jcabi.http.mock.MkGrizzlyContainer: started on port #45883
[[0;37mINFO[m] main com.jcabi.http.request.BaseRequest: #fetch(GET localhost:45883 /): [200 OK] in 4ms
[[0;37mINFO[m] main com.jcabi.http.mock.MkGrizzlyContainer: stopped on port #45883
Feb 08, 2023 10:30:54 PM org.glassfish.grizzly.http.server.NetworkListener start
INFO: Started listener bound to [0.0.0.0:41379]
Feb 08, 2023 10:30:54 PM org.glassfish.grizzly.http.server.HttpServer start
INFO: [HttpServer-49] Started.
[[0;37mINFO[m] main com.jcabi.http.mock.MkGrizzlyContainer: started on port #41379
[[0;37mINFO[m] main com.jcabi.http.request.BaseRequest: #fetch(GET localhost:41379 /): [200 OK] in 2ms
[[0;37mINFO[m] main com.jcabi.http.mock.MkGrizzlyContainer: stopped on port #41379
Feb 08, 2023 10:30:54 PM org.glassfish.grizzly.http.server.NetworkListener start
INFO: Started listener bound to [0.0.0.0:39195]
Feb 08, 2023 10:30:54 PM org.glassfish.grizzly.http.server.HttpServer start
INFO: [HttpServer-50] Started.
[[0;37mINFO[m] main com.jcabi.http.mock.MkGrizzlyContainer: started on port #39195
[[0;37mINFO[m] main com.jcabi.http.request.BaseRequest: #fetch(GET localhost:39195 /abcde): [200 OK] in 7ms
[[0;37mINFO[m] main com.jcabi.http.mock.MkGrizzlyContainer: stopped on port #39195
Feb 08, 2023 10:30:54 PM org.glassfish.grizzly.http.server.NetworkListener start
INFO: Started listener bound to [0.0.0.0:37283]
Feb 08, 2023 10:30:54 PM org.glassfish.grizzly.http.server.HttpServer start
INFO: [HttpServer-51] Started.
[[0;37mINFO[m] main com.jcabi.http.mock.MkGrizzlyContainer: started on port #37283
[[0;37mINFO[m] main com.jcabi.http.request.BaseRequest: #fetch(GET localhost:37283 /abcde): [200 OK] in 3ms
[[0;37mINFO[m] main com.jcabi.http.mock.MkGrizzlyContainer: stopped on port #37283
Feb 08, 2023 10:30:54 PM org.glassfish.grizzly.http.server.NetworkListener start
INFO: Started listener bound to [0.0.0.0:45463]
Feb 08, 2023 10:30:54 PM org.glassfish.grizzly.http.server.HttpServer start
INFO: [HttpServer-52] Started.
[[0;37mINFO[m] main com.jcabi.http.mock.MkGrizzlyContainer: started on port #45463
[[0;37mINFO[m] main com.jcabi.http.request.BaseRequest: #fetch(GET localhost:45463 /abcdefff): [200 OK] in 4ms
[[0;37mINFO[m] main com.jcabi.http.mock.MkGrizzlyContainer: stopped on port #45463
Feb 08, 2023 10:30:54 PM org.glassfish.grizzly.http.server.NetworkListener start
INFO: Started listener bound to [0.0.0.0:41845]
Feb 08, 2023 10:30:54 PM org.glassfish.grizzly.http.server.HttpServer start
INFO: [HttpServer-53] Started.
[[0;37mINFO[m] main com.jcabi.http.mock.MkGrizzlyContainer: started on port #41845
[[0;37mINFO[m] main com.jcabi.http.request.BaseRequest: #fetch(GET localhost:41845 /abcdefff): [200 OK] in 3ms
[[0;37mINFO[m] main com.jcabi.http.mock.MkGrizzlyContainer: stopped on port #41845
Feb 08, 2023 10:30:54 PM org.glassfish.grizzly.http.server.NetworkListener start
INFO: Started listener bound to [0.0.0.0:33383]
Feb 08, 2023 10:30:54 PM org.glassfish.grizzly.http.server.HttpServer start
INFO: [HttpServer-54] Started.
[[0;37mINFO[m] main com.jcabi.http.mock.MkGrizzlyContainer: started on port #33383
[[0;37mINFO[m] main com.jcabi.http.request.BaseRequest: #fetch(POST localhost:33383 /): [200 OK] in 4ms
[[0;37mINFO[m] main com.jcabi.http.mock.MkGrizzlyContainer: stopped on port #33383
Feb 08, 2023 10:30:54 PM org.glassfish.grizzly.http.server.NetworkListener start
INFO: Started listener bound to [0.0.0.0:33423]
Feb 08, 2023 10:30:54 PM org.glassfish.grizzly.http.server.HttpServer start
INFO: [HttpServer-55] Started.
[[0;37mINFO[m] main com.jcabi.http.mock.MkGrizzlyContainer: started on port #33423
[[0;37mINFO[m] main com.jcabi.http.request.BaseRequest: #fetch(POST localhost:33423 /): [200 OK] in 3ms
[[0;37mINFO[m] main com.jcabi.http.mock.MkGrizzlyContainer: stopped on port #33423
Feb 08, 2023 10:30:54 PM org.glassfish.grizzly.http.server.NetworkListener start
INFO: Started listener bound to [0.0.0.0:40115]
Feb 08, 2023 10:30:54 PM org.glassfish.grizzly.http.server.HttpServer start
INFO: [HttpServer-56] Started.
[[0;37mINFO[m] main com.jcabi.http.mock.MkGrizzlyContainer: started on port #40115
[[0;37mINFO[m] main com.jcabi.http.mock.MkGrizzlyContainer: stopped on port #40115
Feb 08, 2023 10:30:54 PM org.glassfish.grizzly.http.server.NetworkListener start
INFO: Started listener bound to [0.0.0.0:43423]
Feb 08, 2023 10:30:54 PM org.glassfish.grizzly.http.server.HttpServer start
INFO: [HttpServer-57] Started.
[[0;37mINFO[m] main com.jcabi.http.mock.MkGrizzlyContainer: started on port #43423
[[0;37mINFO[m] main com.jcabi.http.mock.MkGrizzlyContainer: stopped on port #43423
Feb 08, 2023 10:30:54 PM org.glassfish.grizzly.http.server.NetworkListener start
INFO: Started listener bound to [0.0.0.0:36087]
Feb 08, 2023 10:30:54 PM org.glassfish.grizzly.http.server.HttpServer start
INFO: [HttpServer-58] Started.
[[0;37mINFO[m] main com.jcabi.http.mock.MkGrizzlyContainer: started on port #36087
[[0;37mINFO[m] main com.jcabi.http.request.BaseRequest: #fetch(POST localhost:36087 /): [200 OK] in 4ms
[[0;37mINFO[m] main com.jcabi.http.mock.MkGrizzlyContainer: stopped on port #36087
Feb 08, 2023 10:30:54 PM org.glassfish.grizzly.http.server.NetworkListener start
INFO: Started listener bound to [0.0.0.0:41983]
Feb 08, 2023 10:30:54 PM org.glassfish.grizzly.http.server.HttpServer start
INFO: [HttpServer-59] Started.
[[0;37mINFO[m] main com.jcabi.http.mock.MkGrizzlyContainer: started on port #41983
[[0;37mINFO[m] main com.jcabi.http.request.BaseRequest: #fetch(POST localhost:41983 /): [200 OK] in 2ms
[[0;37mINFO[m] main com.jcabi.http.mock.MkGrizzlyContainer: stopped on port #41983
Feb 08, 2023 10:30:54 PM org.glassfish.grizzly.http.server.NetworkListener start
INFO: Started listener bound to [0.0.0.0:42473]
Feb 08, 2023 10:30:54 PM org.glassfish.grizzly.http.server.HttpServer start
INFO: [HttpServer-60] Started.
[[0;37mINFO[m] main com.jcabi.http.mock.MkGrizzlyContainer: started on port #42473
[[0;37mINFO[m] main com.jcabi.http.request.BaseRequest: #fetch(GET localhost:42473 /): [303 See Other] in 4ms
[[0;37mINFO[m] main com.jcabi.http.mock.MkGrizzlyContainer: stopped on port #42473
Feb 08, 2023 10:30:54 PM org.glassfish.grizzly.http.server.NetworkListener start
INFO: Started listener bound to [0.0.0.0:39167]
Feb 08, 2023 10:30:54 PM org.glassfish.grizzly.http.server.HttpServer start
INFO: [HttpServer-61] Started.
[[0;37mINFO[m] main com.jcabi.http.mock.MkGrizzlyContainer: started on port #39167
[[0;37mINFO[m] main com.jcabi.http.request.BaseRequest: #fetch(GET localhost:39167 /): [303 See Other] in 3ms
[[0;37mINFO[m] main com.jcabi.http.mock.MkGrizzlyContainer: stopped on port #39167
Feb 08, 2023 10:30:54 PM org.glassfish.grizzly.http.server.NetworkListener start
INFO: Started listener bound to [0.0.0.0:39453]
Feb 08, 2023 10:30:54 PM org.glassfish.grizzly.http.server.HttpServer start
INFO: [HttpServer-62] Started.
[[0;37mINFO[m] main com.jcabi.http.mock.MkGrizzlyContainer: started on port #39453
[[0;37mINFO[m] main com.jcabi.http.request.BaseRequest: #fetch(GET localhost:39453 /): [200 OK] in 4ms
[[0;37mINFO[m] main com.jcabi.http.mock.MkGrizzlyContainer: stopped on port #39453
Feb 08, 2023 10:30:54 PM org.glassfish.grizzly.http.server.NetworkListener start
INFO: Started listener bound to [0.0.0.0:45777]
Feb 08, 2023 10:30:54 PM org.glassfish.grizzly.http.server.HttpServer start
INFO: [HttpServer-63] Started.
[[0;37mINFO[m] main com.jcabi.http.mock.MkGrizzlyContainer: started on port #45777
[[0;37mINFO[m] main com.jcabi.http.request.BaseRequest: #fetch(GET localhost:45777 /): [200 OK] in 3ms
[[0;37mINFO[m] main com.jcabi.http.mock.MkGrizzlyContainer: stopped on port #45777
Feb 08, 2023 10:30:54 PM org.glassfish.grizzly.http.server.NetworkListener start
INFO: Started listener bound to [0.0.0.0:36195]
Feb 08, 2023 10:30:54 PM org.glassfish.grizzly.http.server.HttpServer start
INFO: [HttpServer-64] Started.
[[0;37mINFO[m] main com.jcabi.http.mock.MkGrizzlyContainer: started on port #36195
[[0;37mINFO[m] main com.jcabi.http.request.BaseRequest: #fetch(POST localhost:36195 /): [200 OK] in 4ms
[[0;37mINFO[m] main com.jcabi.http.mock.MkGrizzlyContainer: stopped on port #36195
Feb 08, 2023 10:30:54 PM org.glassfish.grizzly.http.server.NetworkListener start
INFO: Started listener bound to [0.0.0.0:46337]
Feb 08, 2023 10:30:54 PM org.glassfish.grizzly.http.server.HttpServer start
INFO: [HttpServer-65] Started.
[[0;37mINFO[m] main com.jcabi.http.mock.MkGrizzlyContainer: started on port #46337
[[0;37mINFO[m] main com.jcabi.http.request.BaseRequest: #fetch(POST localhost:46337 /): [200 OK] in 2ms
[[0;37mINFO[m] main com.jcabi.http.mock.MkGrizzlyContainer: stopped on port #46337
Feb 08, 2023 10:30:54 PM org.glassfish.grizzly.http.server.NetworkListener start
INFO: Started listener bound to [0.0.0.0:41833]
Feb 08, 2023 10:30:54 PM org.glassfish.grizzly.http.server.HttpServer start
INFO: [HttpServer-66] Started.
[[0;37mINFO[m] main com.jcabi.http.mock.MkGrizzlyContainer: started on port #41833
[[0;37mINFO[m] main com.jcabi.http.request.BaseRequest: #fetch(GET localhost:41833 /): [200 OK] in 4ms
[[0;37mINFO[m] main com.jcabi.http.mock.MkGrizzlyContainer: stopped on port #41833
Feb 08, 2023 10:30:54 PM org.glassfish.grizzly.http.server.NetworkListener start
INFO: Started listener bound to [0.0.0.0:42809]
Feb 08, 2023 10:30:54 PM org.glassfish.grizzly.http.server.HttpServer start
INFO: [HttpServer-67] Started.
[[0;37mINFO[m] main com.jcabi.http.mock.MkGrizzlyContainer: started on port #42809
[[0;37mINFO[m] main com.jcabi.http.request.BaseRequest: #fetch(GET localhost:42809 /): [200 OK] in 2ms
[[0;37mINFO[m] main com.jcabi.http.mock.MkGrizzlyContainer: stopped on port #42809
Feb 08, 2023 10:30:54 PM org.glassfish.grizzly.http.server.NetworkListener start
INFO: Started listener bound to [0.0.0.0:35021]
Feb 08, 2023 10:30:54 PM org.glassfish.grizzly.http.server.HttpServer start
INFO: [HttpServer-68] Started.
[[0;37mINFO[m] main com.jcabi.http.mock.MkGrizzlyContainer: started on port #35021
[[0;37mINFO[m] main com.jcabi.http.request.BaseRequest: #fetch(POST localhost:35021 /): [200 OK] in 4ms
[[0;37mINFO[m] main com.jcabi.http.mock.MkGrizzlyContainer: stopped on port #35021
Feb 08, 2023 10:30:54 PM org.glassfish.grizzly.http.server.NetworkListener start
INFO: Started listener bound to [0.0.0.0:33977]
Feb 08, 2023 10:30:54 PM org.glassfish.grizzly.http.server.HttpServer start
INFO: [HttpServer-69] Started.
[[0;37mINFO[m] main com.jcabi.http.mock.MkGrizzlyContainer: started on port #33977
[[0;37mINFO[m] main com.jcabi.http.request.BaseRequest: #fetch(POST localhost:33977 /): [200 OK] in 2ms
[[0;37mINFO[m] main com.jcabi.http.mock.MkGrizzlyContainer: stopped on port #33977
Feb 08, 2023 10:30:54 PM org.glassfish.grizzly.http.server.NetworkListener start
INFO: Started listener bound to [0.0.0.0:36621]
Feb 08, 2023 10:30:54 PM org.glassfish.grizzly.http.server.HttpServer start
INFO: [HttpServer-70] Started.
[[0;37mINFO[m] main com.jcabi.http.mock.MkGrizzlyContainer: started on port #36621
[[0;37mINFO[m] main com.jcabi.http.request.BaseRequest: #fetch(GET localhost:36621 /barbar): [200 OK] in 36ms
[[0;37mINFO[m] main com.jcabi.http.mock.MkGrizzlyContainer: stopped on port #36621
Feb 08, 2023 10:30:54 PM org.glassfish.grizzly.http.server.NetworkListener start
INFO: Started listener bound to [0.0.0.0:46715]
Feb 08, 2023 10:30:55 PM org.glassfish.grizzly.http.server.HttpServer start
INFO: [HttpServer-71] Started.
[[0;37mINFO[m] main com.jcabi.http.mock.MkGrizzlyContainer: started on port #46715
[[0;37mINFO[m] main com.jcabi.http.request.BaseRequest: #fetch(GET localhost:46715 /barbar): [200 OK] in 3ms
[[0;37mINFO[m] main com.jcabi.http.mock.MkGrizzlyContainer: stopped on port #46715
Feb 08, 2023 10:30:55 PM org.glassfish.grizzly.http.server.NetworkListener start
INFO: Started listener bound to [0.0.0.0:42807]
Feb 08, 2023 10:30:55 PM org.glassfish.grizzly.http.server.HttpServer start
INFO: [HttpServer-72] Started.
[[0;37mINFO[m] main com.jcabi.http.mock.MkGrizzlyContainer: started on port #42807
[[0;37mINFO[m] main com.jcabi.http.request.BaseRequest: #fetch(POST localhost:42807 /): [200 OK] in 4ms
[[0;37mINFO[m] main com.jcabi.http.mock.MkGrizzlyContainer: stopped on port #42807
Feb 08, 2023 10:30:55 PM org.glassfish.grizzly.http.server.NetworkListener start
INFO: Started listener bound to [0.0.0.0:36523]
Feb 08, 2023 10:30:55 PM org.glassfish.grizzly.http.server.HttpServer start
INFO: [HttpServer-73] Started.
[[0;37mINFO[m] main com.jcabi.http.mock.MkGrizzlyContainer: started on port #36523
[[0;37mINFO[m] main com.jcabi.http.request.BaseRequest: #fetch(POST localhost:36523 /): [200 OK] in 2ms
[[0;37mINFO[m] main com.jcabi.http.mock.MkGrizzlyContainer: stopped on port #36523
Feb 08, 2023 10:30:55 PM org.glassfish.grizzly.http.server.NetworkListener start
INFO: Started listener bound to [0.0.0.0:40521]
Feb 08, 2023 10:30:55 PM org.glassfish.grizzly.http.server.HttpServer start
INFO: [HttpServer-74] Started.
[[0;37mINFO[m] main com.jcabi.http.mock.MkGrizzlyContainer: started on port #40521
[[0;37mINFO[m] main com.jcabi.http.request.BaseRequest: #fetch(GET localhost:40521 /foo1): [200 OK] in 4ms
[[0;37mINFO[m] main com.jcabi.http.mock.MkGrizzlyContainer: stopped on port #40521
Feb 08, 2023 10:30:55 PM org.glassfish.grizzly.http.server.NetworkListener start
INFO: Started listener bound to [0.0.0.0:43769]
Feb 08, 2023 10:30:55 PM org.glassfish.grizzly.http.server.HttpServer start
INFO: [HttpServer-75] Started.
[[0;37mINFO[m] main com.jcabi.http.mock.MkGrizzlyContainer: started on port #43769
[[0;37mINFO[m] main com.jcabi.http.request.BaseRequest: #fetch(GET localhost:43769 /foo1): [200 OK] in 2ms
[[0;37mINFO[m] main com.jcabi.http.mock.MkGrizzlyContainer: stopped on port #43769
Feb 08, 2023 10:30:55 PM org.glassfish.grizzly.http.server.NetworkListener start
INFO: Started listener bound to [0.0.0.0:45853]
Feb 08, 2023 10:30:55 PM org.glassfish.grizzly.http.server.HttpServer start
INFO: [HttpServer-76] Started.
[[0;37mINFO[m] main com.jcabi.http.mock.MkGrizzlyContainer: started on port #45853
[[0;37mINFO[m] main com.jcabi.http.request.BaseRequest: #fetch(GET localhost:45853 /foo-X): [200 OK] in 4ms
[[0;37mINFO[m] main com.jcabi.http.request.BaseRequest: #fetch(POST localhost:45853 /foo-X): [200 OK] in 3ms
[[0;37mINFO[m] main com.jcabi.http.request.BaseRequest: #fetch(GET localhost:45853 /foo-X): [200 OK] in 3ms
[[0;37mINFO[m] main com.jcabi.http.mock.MkGrizzlyContainer: stopped on port #45853
Feb 08, 2023 10:30:55 PM org.glassfish.grizzly.http.server.NetworkListener start
INFO: Started listener bound to [0.0.0.0:35163]
Feb 08, 2023 10:30:55 PM org.glassfish.grizzly.http.server.HttpServer start
INFO: [HttpServer-77] Started.
[[0;37mINFO[m] main com.jcabi.http.mock.MkGrizzlyContainer: started on port #35163
[[0;37mINFO[m] main com.jcabi.http.request.BaseRequest: #fetch(GET localhost:35163 /foo-X): [200 OK] in 2ms
[[0;37mINFO[m] main com.jcabi.http.request.BaseRequest: #fetch(POST localhost:35163 /foo-X): [200 OK] in 2ms
[[0;37mINFO[m] main com.jcabi.http.request.BaseRequest: #fetch(GET localhost:35163 /foo-X): [200 OK] in 1ms
[[0;37mINFO[m] main com.jcabi.http.mock.MkGrizzlyContainer: stopped on port #35163
Feb 08, 2023 10:30:55 PM org.glassfish.grizzly.http.server.NetworkListener start
INFO: Started listener bound to [0.0.0.0:34219]
Feb 08, 2023 10:30:55 PM org.glassfish.grizzly.http.server.HttpServer start
INFO: [HttpServer-78] Started.
[[0;37mINFO[m] main com.jcabi.http.mock.MkGrizzlyContainer: started on port #34219
[[0;37mINFO[m] main com.jcabi.http.request.BaseRequest: #fetch(POST localhost:34219 /): [200 OK] in 4ms
[[0;37mINFO[m] main com.jcabi.http.mock.MkGrizzlyContainer: stopped on port #34219
Feb 08, 2023 10:30:55 PM org.glassfish.grizzly.http.server.NetworkListener start
INFO: Started listener bound to [0.0.0.0:40265]
Feb 08, 2023 10:30:55 PM org.glassfish.grizzly.http.server.HttpServer start
INFO: [HttpServer-79] Started.
[[0;37mINFO[m] main com.jcabi.http.mock.MkGrizzlyContainer: started on port #40265
[[0;37mINFO[m] main com.jcabi.http.request.BaseRequest: #fetch(POST localhost:40265 /): [200 OK] in 2ms
[[0;37mINFO[m] main com.jcabi.http.mock.MkGrizzlyContainer: stopped on port #40265
[INFO] Tests run: 42, Failures: 0, Errors: 0, Skipped: 0, Time elapsed: 1.619 s - in com.jcabi.http.RequestTest
[INFO] Running com.jcabi.http.mock.GrizzlyQueryTest
[INFO] Tests run: 1, Failures: 0, Errors: 0, Skipped: 0, Time elapsed: 0.148 s - in com.jcabi.http.mock.GrizzlyQueryTest
[INFO] Running com.jcabi.http.request.FakeRequestTest
[[0;37mINFO[m] main com.jcabi.http.request.BaseRequest: #fetch(POST localhost:12345 /see-FakeRequest-class/helloall): [200 OK] in 0ms
[[0;37mINFO[m] main com.jcabi.http.request.BaseRequest: #fetch(GET google.com /): [200 OK] in 0ms
[[0;37mINFO[m] main com.jcabi.http.request.BaseRequest: #fetch(POST localhost:12345 /see-FakeRequest-class/binContent): [200 OK] in 0ms
[[0;37mINFO[m] main com.jcabi.http.request.BaseRequest: #fetch(GET localhost:12345 /see-FakeRequest-class): [200 OK] in 0ms
[INFO] Tests run: 7, Failures: 0, Errors: 0, Skipped: 0, Time elapsed: 0.004 s - in com.jcabi.http.request.FakeRequestTest
[INFO] 
[INFO] Results:
[INFO] 
[INFO] Tests run: 148, Failures: 0, Errors: 0, Skipped: 0
[INFO] 
[INFO] ------------------------------------------------------------------------
[INFO] BUILD SUCCESS
[INFO] ------------------------------------------------------------------------
[INFO] Total time:  16.113 s
[INFO] Finished at: 2023-02-08T22:30:55Z
[INFO] ------------------------------------------------------------------------
