[INFO] Scanning for projects...
[INFO] Inspecting build with total of 7 modules...
[INFO] Installing Nexus Staging features:
[INFO]   ... total of 7 executions of maven-deploy-plugin replaced with nexus-staging-maven-plugin
[INFO] ------------------------------------------------------------------------
[INFO] Reactor Build Order:
[INFO] 
[INFO] Google Cloud Dialog Flow API Parent                                [pom]
[INFO] proto-google-cloud-dialogflow-v2                                   [jar]
[INFO] proto-google-cloud-dialogflow-v2beta1                              [jar]
[INFO] grpc-google-cloud-dialogflow-v2beta1                               [jar]
[INFO] grpc-google-cloud-dialogflow-v2                                    [jar]
[INFO] Google Cloud Dialog Flow API                                       [jar]
[INFO] Google Cloud Dialogflow BOM                                        [pom]
[INFO] 
[INFO] ----------< com.google.cloud:google-cloud-dialogflow-parent >-----------
[INFO] Building Google Cloud Dialog Flow API Parent 4.5.6-SNAPSHOT        [1/7]
[INFO] --------------------------------[ pom ]---------------------------------
[INFO] 
[INFO] --- maven-clean-plugin:2.5:clean (default-clean) @ google-cloud-dialogflow-parent ---
[INFO] Deleting /home/gabsko/breaking-updates/target
[INFO] 
[INFO] --- maven-enforcer-plugin:3.0.0-M3:enforce (enforce) @ google-cloud-dialogflow-parent ---
[INFO] Adding ignore: module-info
[INFO] Adding ignore: META-INF/versions/*/module-info
[INFO] 
[INFO] --- maven-checkstyle-plugin:3.1.2:check (checkstyle) @ google-cloud-dialogflow-parent ---
[INFO] Starting audit...
Audit done.
[INFO] You have 0 Checkstyle violations.
[INFO] 
[INFO] --- jacoco-maven-plugin:0.8.7:prepare-agent (default) @ google-cloud-dialogflow-parent ---
[INFO] argLine set to -javaagent:/home/gabsko/.m2/repository/org/jacoco/org.jacoco.agent/0.8.7/org.jacoco.agent-0.8.7-runtime.jar=destfile=/home/gabsko/breaking-updates/target/jacoco.exec
[INFO] 
[INFO] --- build-helper-maven-plugin:3.3.0:add-resource (add-main-proto-resources) @ google-cloud-dialogflow-parent ---
[INFO] 
[INFO] --- build-helper-maven-plugin:3.3.0:add-test-resource (add-test-proto-resources) @ google-cloud-dialogflow-parent ---
[INFO] 
[INFO] --- animal-sniffer-maven-plugin:1.20:check (java8) @ google-cloud-dialogflow-parent ---
[INFO] Checking unresolved references to org.codehaus.mojo.signature:java18:1.0
[INFO] 
[INFO] --- jacoco-maven-plugin:0.8.7:report (report) @ google-cloud-dialogflow-parent ---
[INFO] Skipping JaCoCo execution due to missing execution data file.
[INFO] 
[INFO] --------< com.google.api.grpc:proto-google-cloud-dialogflow-v2 >--------
[INFO] Building proto-google-cloud-dialogflow-v2 4.5.6-SNAPSHOT           [2/7]
[INFO] --------------------------------[ jar ]---------------------------------
[INFO] 
[INFO] --- maven-clean-plugin:2.5:clean (default-clean) @ proto-google-cloud-dialogflow-v2 ---
[INFO] Deleting /home/gabsko/breaking-updates/proto-google-cloud-dialogflow-v2/target
[INFO] 
[INFO] --- flatten-maven-plugin:1.2.7:clean (flatten.clean) @ proto-google-cloud-dialogflow-v2 ---
[INFO] Deleting /home/gabsko/breaking-updates/proto-google-cloud-dialogflow-v2/.flattened-pom.xml
[INFO] 
[INFO] --- maven-enforcer-plugin:3.0.0-M3:enforce (enforce) @ proto-google-cloud-dialogflow-v2 ---
[INFO] Adding ignore: module-info
[INFO] Adding ignore: META-INF/versions/*/module-info
[INFO] 
[INFO] --- maven-checkstyle-plugin:3.1.2:check (checkstyle) @ proto-google-cloud-dialogflow-v2 ---
[INFO] Starting audit...
Audit done.
[INFO] You have 0 Checkstyle violations.
[INFO] 
[INFO] --- jacoco-maven-plugin:0.8.7:prepare-agent (default) @ proto-google-cloud-dialogflow-v2 ---
[INFO] argLine set to -javaagent:/home/gabsko/.m2/repository/org/jacoco/org.jacoco.agent/0.8.7/org.jacoco.agent-0.8.7-runtime.jar=destfile=/home/gabsko/breaking-updates/proto-google-cloud-dialogflow-v2/target/jacoco.exec
[INFO] 
[INFO] --- build-helper-maven-plugin:3.3.0:add-resource (add-main-proto-resources) @ proto-google-cloud-dialogflow-v2 ---
[INFO] 
[INFO] --- maven-resources-plugin:2.6:resources (default-resources) @ proto-google-cloud-dialogflow-v2 ---
[INFO] Using 'UTF-8' encoding to copy filtered resources.
[INFO] skip non existing resourceDirectory /home/gabsko/breaking-updates/proto-google-cloud-dialogflow-v2/src/main/resources
[INFO] Copying 21 resources
[INFO] 
[INFO] --- flatten-maven-plugin:1.2.7:flatten (flatten) @ proto-google-cloud-dialogflow-v2 ---
[INFO] Generating flattened POM of project com.google.api.grpc:proto-google-cloud-dialogflow-v2:jar:4.5.6-SNAPSHOT...
[INFO] 
[INFO] --- maven-compiler-plugin:3.9.0:compile (default-compile) @ proto-google-cloud-dialogflow-v2 ---
[INFO] Changes detected - recompiling the module!
[INFO] Compiling 396 source files to /home/gabsko/breaking-updates/proto-google-cloud-dialogflow-v2/target/classes
[WARNING] bootstrap class path not set in conjunction with -source 8
[INFO] 
[INFO] --- build-helper-maven-plugin:3.3.0:add-test-resource (add-test-proto-resources) @ proto-google-cloud-dialogflow-v2 ---
[INFO] 
[INFO] --- maven-resources-plugin:2.6:testResources (default-testResources) @ proto-google-cloud-dialogflow-v2 ---
[INFO] Using 'UTF-8' encoding to copy filtered resources.
[INFO] skip non existing resourceDirectory /home/gabsko/breaking-updates/proto-google-cloud-dialogflow-v2/src/test/resources
[INFO] skip non existing resourceDirectory /home/gabsko/breaking-updates/proto-google-cloud-dialogflow-v2/src/test/proto
[INFO] 
[INFO] --- maven-compiler-plugin:3.9.0:testCompile (default-testCompile) @ proto-google-cloud-dialogflow-v2 ---
[INFO] No sources to compile
[INFO] 
[INFO] --- animal-sniffer-maven-plugin:1.20:check (java8) @ proto-google-cloud-dialogflow-v2 ---
[INFO] Checking unresolved references to org.codehaus.mojo.signature:java18:1.0
[INFO] 
[INFO] --- maven-surefire-plugin:3.0.0-M5:test (default-test) @ proto-google-cloud-dialogflow-v2 ---
[INFO] No tests to run.
[INFO] 
[INFO] --- jacoco-maven-plugin:0.8.7:report (report) @ proto-google-cloud-dialogflow-v2 ---
[INFO] Skipping JaCoCo execution due to missing execution data file.
[INFO] 
[INFO] -----< com.google.api.grpc:proto-google-cloud-dialogflow-v2beta1 >------
[INFO] Building proto-google-cloud-dialogflow-v2beta1 0.103.6-SNAPSHOT    [3/7]
[INFO] --------------------------------[ jar ]---------------------------------
[INFO] 
[INFO] --- maven-clean-plugin:2.5:clean (default-clean) @ proto-google-cloud-dialogflow-v2beta1 ---
[INFO] Deleting /home/gabsko/breaking-updates/proto-google-cloud-dialogflow-v2beta1/target
[INFO] 
[INFO] --- flatten-maven-plugin:1.2.7:clean (flatten.clean) @ proto-google-cloud-dialogflow-v2beta1 ---
[INFO] Deleting /home/gabsko/breaking-updates/proto-google-cloud-dialogflow-v2beta1/.flattened-pom.xml
[INFO] 
[INFO] --- maven-enforcer-plugin:3.0.0-M3:enforce (enforce) @ proto-google-cloud-dialogflow-v2beta1 ---
[INFO] Adding ignore: module-info
[INFO] Adding ignore: META-INF/versions/*/module-info
[INFO] 
[INFO] --- maven-checkstyle-plugin:3.1.2:check (checkstyle) @ proto-google-cloud-dialogflow-v2beta1 ---
[INFO] Starting audit...
Audit done.
[INFO] You have 0 Checkstyle violations.
[INFO] 
[INFO] --- jacoco-maven-plugin:0.8.7:prepare-agent (default) @ proto-google-cloud-dialogflow-v2beta1 ---
[INFO] argLine set to -javaagent:/home/gabsko/.m2/repository/org/jacoco/org.jacoco.agent/0.8.7/org.jacoco.agent-0.8.7-runtime.jar=destfile=/home/gabsko/breaking-updates/proto-google-cloud-dialogflow-v2beta1/target/jacoco.exec
[INFO] 
[INFO] --- build-helper-maven-plugin:3.3.0:add-resource (add-main-proto-resources) @ proto-google-cloud-dialogflow-v2beta1 ---
[INFO] 
[INFO] --- maven-resources-plugin:2.6:resources (default-resources) @ proto-google-cloud-dialogflow-v2beta1 ---
[INFO] Using 'UTF-8' encoding to copy filtered resources.
[INFO] skip non existing resourceDirectory /home/gabsko/breaking-updates/proto-google-cloud-dialogflow-v2beta1/src/main/resources
[INFO] Copying 21 resources
[INFO] 
[INFO] --- flatten-maven-plugin:1.2.7:flatten (flatten) @ proto-google-cloud-dialogflow-v2beta1 ---
[INFO] Generating flattened POM of project com.google.api.grpc:proto-google-cloud-dialogflow-v2beta1:jar:0.103.6-SNAPSHOT...
[INFO] 
[INFO] --- maven-compiler-plugin:3.9.0:compile (default-compile) @ proto-google-cloud-dialogflow-v2beta1 ---
[INFO] Changes detected - recompiling the module!
[INFO] Compiling 424 source files to /home/gabsko/breaking-updates/proto-google-cloud-dialogflow-v2beta1/target/classes
[WARNING] bootstrap class path not set in conjunction with -source 8
[INFO] 
[INFO] --- build-helper-maven-plugin:3.3.0:add-test-resource (add-test-proto-resources) @ proto-google-cloud-dialogflow-v2beta1 ---
[INFO] 
[INFO] --- maven-resources-plugin:2.6:testResources (default-testResources) @ proto-google-cloud-dialogflow-v2beta1 ---
[INFO] Using 'UTF-8' encoding to copy filtered resources.
[INFO] skip non existing resourceDirectory /home/gabsko/breaking-updates/proto-google-cloud-dialogflow-v2beta1/src/test/resources
[INFO] skip non existing resourceDirectory /home/gabsko/breaking-updates/proto-google-cloud-dialogflow-v2beta1/src/test/proto
[INFO] 
[INFO] --- maven-compiler-plugin:3.9.0:testCompile (default-testCompile) @ proto-google-cloud-dialogflow-v2beta1 ---
[INFO] No sources to compile
[INFO] 
[INFO] --- animal-sniffer-maven-plugin:1.20:check (java8) @ proto-google-cloud-dialogflow-v2beta1 ---
[INFO] Checking unresolved references to org.codehaus.mojo.signature:java18:1.0
[INFO] 
[INFO] --- maven-surefire-plugin:3.0.0-M5:test (default-test) @ proto-google-cloud-dialogflow-v2beta1 ---
[INFO] No tests to run.
[INFO] 
[INFO] --- jacoco-maven-plugin:0.8.7:report (report) @ proto-google-cloud-dialogflow-v2beta1 ---
[INFO] Skipping JaCoCo execution due to missing execution data file.
[INFO] 
[INFO] ------< com.google.api.grpc:grpc-google-cloud-dialogflow-v2beta1 >------
[INFO] Building grpc-google-cloud-dialogflow-v2beta1 0.103.6-SNAPSHOT     [4/7]
[INFO] --------------------------------[ jar ]---------------------------------
[INFO] 
[INFO] --- maven-clean-plugin:2.5:clean (default-clean) @ grpc-google-cloud-dialogflow-v2beta1 ---
[INFO] Deleting /home/gabsko/breaking-updates/grpc-google-cloud-dialogflow-v2beta1/target
[INFO] 
[INFO] --- flatten-maven-plugin:1.2.7:clean (flatten.clean) @ grpc-google-cloud-dialogflow-v2beta1 ---
[INFO] Deleting /home/gabsko/breaking-updates/grpc-google-cloud-dialogflow-v2beta1/.flattened-pom.xml
[INFO] 
[INFO] --- maven-enforcer-plugin:3.0.0-M3:enforce (enforce) @ grpc-google-cloud-dialogflow-v2beta1 ---
[INFO] Adding ignore: module-info
[INFO] Adding ignore: META-INF/versions/*/module-info
[INFO] 
[INFO] --- maven-checkstyle-plugin:3.1.2:check (checkstyle) @ grpc-google-cloud-dialogflow-v2beta1 ---
[INFO] Starting audit...
Audit done.
[INFO] You have 0 Checkstyle violations.
[INFO] 
[INFO] --- jacoco-maven-plugin:0.8.7:prepare-agent (default) @ grpc-google-cloud-dialogflow-v2beta1 ---
[INFO] argLine set to -javaagent:/home/gabsko/.m2/repository/org/jacoco/org.jacoco.agent/0.8.7/org.jacoco.agent-0.8.7-runtime.jar=destfile=/home/gabsko/breaking-updates/grpc-google-cloud-dialogflow-v2beta1/target/jacoco.exec
[INFO] 
[INFO] --- build-helper-maven-plugin:3.3.0:add-resource (add-main-proto-resources) @ grpc-google-cloud-dialogflow-v2beta1 ---
[INFO] 
[INFO] --- maven-resources-plugin:2.6:resources (default-resources) @ grpc-google-cloud-dialogflow-v2beta1 ---
[INFO] Using 'UTF-8' encoding to copy filtered resources.
[INFO] skip non existing resourceDirectory /home/gabsko/breaking-updates/grpc-google-cloud-dialogflow-v2beta1/src/main/resources
[INFO] skip non existing resourceDirectory /home/gabsko/breaking-updates/grpc-google-cloud-dialogflow-v2beta1/src/main/proto
[INFO] 
[INFO] --- flatten-maven-plugin:1.2.7:flatten (flatten) @ grpc-google-cloud-dialogflow-v2beta1 ---
[INFO] Generating flattened POM of project com.google.api.grpc:grpc-google-cloud-dialogflow-v2beta1:jar:0.103.6-SNAPSHOT...
[INFO] 
[INFO] --- maven-compiler-plugin:3.9.0:compile (default-compile) @ grpc-google-cloud-dialogflow-v2beta1 ---
[INFO] Changes detected - recompiling the module!
[INFO] Compiling 15 source files to /home/gabsko/breaking-updates/grpc-google-cloud-dialogflow-v2beta1/target/classes
[WARNING] bootstrap class path not set in conjunction with -source 8
[WARNING] /home/gabsko/breaking-updates/grpc-google-cloud-dialogflow-v2beta1/src/main/java/com/google/cloud/dialogflow/v2beta1/ParticipantsGrpc.java:[414,46] com.google.cloud.dialogflow.v2beta1.ListSuggestionsRequest in com.google.cloud.dialogflow.v2beta1 has been deprecated
[WARNING] /home/gabsko/breaking-updates/grpc-google-cloud-dialogflow-v2beta1/src/main/java/com/google/cloud/dialogflow/v2beta1/ParticipantsGrpc.java:[415,46] com.google.cloud.dialogflow.v2beta1.ListSuggestionsResponse in com.google.cloud.dialogflow.v2beta1 has been deprecated
[WARNING] /home/gabsko/breaking-updates/grpc-google-cloud-dialogflow-v2beta1/src/main/java/com/google/cloud/dialogflow/v2beta1/ParticipantsGrpc.java:[424,46] com.google.cloud.dialogflow.v2beta1.ListSuggestionsRequest in com.google.cloud.dialogflow.v2beta1 has been deprecated
[WARNING] /home/gabsko/breaking-updates/grpc-google-cloud-dialogflow-v2beta1/src/main/java/com/google/cloud/dialogflow/v2beta1/ParticipantsGrpc.java:[425,46] com.google.cloud.dialogflow.v2beta1.ListSuggestionsResponse in com.google.cloud.dialogflow.v2beta1 has been deprecated
[WARNING] /home/gabsko/breaking-updates/grpc-google-cloud-dialogflow-v2beta1/src/main/java/com/google/cloud/dialogflow/v2beta1/ParticipantsGrpc.java:[420,56] com.google.cloud.dialogflow.v2beta1.ListSuggestionsRequest in com.google.cloud.dialogflow.v2beta1 has been deprecated
[WARNING] /home/gabsko/breaking-updates/grpc-google-cloud-dialogflow-v2beta1/src/main/java/com/google/cloud/dialogflow/v2beta1/ParticipantsGrpc.java:[421,57] com.google.cloud.dialogflow.v2beta1.ListSuggestionsResponse in com.google.cloud.dialogflow.v2beta1 has been deprecated
[WARNING] /home/gabsko/breaking-updates/grpc-google-cloud-dialogflow-v2beta1/src/main/java/com/google/cloud/dialogflow/v2beta1/ParticipantsGrpc.java:[428,48] com.google.cloud.dialogflow.v2beta1.ListSuggestionsRequest in com.google.cloud.dialogflow.v2beta1 has been deprecated
[WARNING] /home/gabsko/breaking-updates/grpc-google-cloud-dialogflow-v2beta1/src/main/java/com/google/cloud/dialogflow/v2beta1/ParticipantsGrpc.java:[429,48] com.google.cloud.dialogflow.v2beta1.ListSuggestionsResponse in com.google.cloud.dialogflow.v2beta1 has been deprecated
[WARNING] /home/gabsko/breaking-updates/grpc-google-cloud-dialogflow-v2beta1/src/main/java/com/google/cloud/dialogflow/v2beta1/ParticipantsGrpc.java:[437,60] com.google.cloud.dialogflow.v2beta1.ListSuggestionsRequest in com.google.cloud.dialogflow.v2beta1 has been deprecated
[WARNING] /home/gabsko/breaking-updates/grpc-google-cloud-dialogflow-v2beta1/src/main/java/com/google/cloud/dialogflow/v2beta1/ParticipantsGrpc.java:[438,62] com.google.cloud.dialogflow.v2beta1.ListSuggestionsResponse in com.google.cloud.dialogflow.v2beta1 has been deprecated
[WARNING] /home/gabsko/breaking-updates/grpc-google-cloud-dialogflow-v2beta1/src/main/java/com/google/cloud/dialogflow/v2beta1/ParticipantsGrpc.java:[445,66] com.google.cloud.dialogflow.v2beta1.ListSuggestionsRequest in com.google.cloud.dialogflow.v2beta1 has been deprecated
[WARNING] /home/gabsko/breaking-updates/grpc-google-cloud-dialogflow-v2beta1/src/main/java/com/google/cloud/dialogflow/v2beta1/ParticipantsGrpc.java:[449,66] com.google.cloud.dialogflow.v2beta1.ListSuggestionsResponse in com.google.cloud.dialogflow.v2beta1 has been deprecated
[WARNING] /home/gabsko/breaking-updates/grpc-google-cloud-dialogflow-v2beta1/src/main/java/com/google/cloud/dialogflow/v2beta1/ParticipantsGrpc.java:[461,46] com.google.cloud.dialogflow.v2beta1.CompileSuggestionRequest in com.google.cloud.dialogflow.v2beta1 has been deprecated
[WARNING] /home/gabsko/breaking-updates/grpc-google-cloud-dialogflow-v2beta1/src/main/java/com/google/cloud/dialogflow/v2beta1/ParticipantsGrpc.java:[462,46] com.google.cloud.dialogflow.v2beta1.CompileSuggestionResponse in com.google.cloud.dialogflow.v2beta1 has been deprecated
[WARNING] /home/gabsko/breaking-updates/grpc-google-cloud-dialogflow-v2beta1/src/main/java/com/google/cloud/dialogflow/v2beta1/ParticipantsGrpc.java:[471,46] com.google.cloud.dialogflow.v2beta1.CompileSuggestionRequest in com.google.cloud.dialogflow.v2beta1 has been deprecated
[WARNING] /home/gabsko/breaking-updates/grpc-google-cloud-dialogflow-v2beta1/src/main/java/com/google/cloud/dialogflow/v2beta1/ParticipantsGrpc.java:[472,46] com.google.cloud.dialogflow.v2beta1.CompileSuggestionResponse in com.google.cloud.dialogflow.v2beta1 has been deprecated
[WARNING] /home/gabsko/breaking-updates/grpc-google-cloud-dialogflow-v2beta1/src/main/java/com/google/cloud/dialogflow/v2beta1/ParticipantsGrpc.java:[467,56] com.google.cloud.dialogflow.v2beta1.CompileSuggestionRequest in com.google.cloud.dialogflow.v2beta1 has been deprecated
[WARNING] /home/gabsko/breaking-updates/grpc-google-cloud-dialogflow-v2beta1/src/main/java/com/google/cloud/dialogflow/v2beta1/ParticipantsGrpc.java:[468,57] com.google.cloud.dialogflow.v2beta1.CompileSuggestionResponse in com.google.cloud.dialogflow.v2beta1 has been deprecated
[WARNING] /home/gabsko/breaking-updates/grpc-google-cloud-dialogflow-v2beta1/src/main/java/com/google/cloud/dialogflow/v2beta1/ParticipantsGrpc.java:[475,48] com.google.cloud.dialogflow.v2beta1.CompileSuggestionRequest in com.google.cloud.dialogflow.v2beta1 has been deprecated
[WARNING] /home/gabsko/breaking-updates/grpc-google-cloud-dialogflow-v2beta1/src/main/java/com/google/cloud/dialogflow/v2beta1/ParticipantsGrpc.java:[476,48] com.google.cloud.dialogflow.v2beta1.CompileSuggestionResponse in com.google.cloud.dialogflow.v2beta1 has been deprecated
[WARNING] /home/gabsko/breaking-updates/grpc-google-cloud-dialogflow-v2beta1/src/main/java/com/google/cloud/dialogflow/v2beta1/ParticipantsGrpc.java:[484,60] com.google.cloud.dialogflow.v2beta1.CompileSuggestionRequest in com.google.cloud.dialogflow.v2beta1 has been deprecated
[WARNING] /home/gabsko/breaking-updates/grpc-google-cloud-dialogflow-v2beta1/src/main/java/com/google/cloud/dialogflow/v2beta1/ParticipantsGrpc.java:[485,62] com.google.cloud.dialogflow.v2beta1.CompileSuggestionResponse in com.google.cloud.dialogflow.v2beta1 has been deprecated
[WARNING] /home/gabsko/breaking-updates/grpc-google-cloud-dialogflow-v2beta1/src/main/java/com/google/cloud/dialogflow/v2beta1/ParticipantsGrpc.java:[492,66] com.google.cloud.dialogflow.v2beta1.CompileSuggestionRequest in com.google.cloud.dialogflow.v2beta1 has been deprecated
[WARNING] /home/gabsko/breaking-updates/grpc-google-cloud-dialogflow-v2beta1/src/main/java/com/google/cloud/dialogflow/v2beta1/ParticipantsGrpc.java:[496,66] com.google.cloud.dialogflow.v2beta1.CompileSuggestionResponse in com.google.cloud.dialogflow.v2beta1 has been deprecated
[WARNING] /home/gabsko/breaking-updates/grpc-google-cloud-dialogflow-v2beta1/src/main/java/com/google/cloud/dialogflow/v2beta1/ParticipantsGrpc.java:[804,58] com.google.cloud.dialogflow.v2beta1.ListSuggestionsRequest in com.google.cloud.dialogflow.v2beta1 has been deprecated
[WARNING] /home/gabsko/breaking-updates/grpc-google-cloud-dialogflow-v2beta1/src/main/java/com/google/cloud/dialogflow/v2beta1/ParticipantsGrpc.java:[805,58] com.google.cloud.dialogflow.v2beta1.ListSuggestionsResponse in com.google.cloud.dialogflow.v2beta1 has been deprecated
[WARNING] /home/gabsko/breaking-updates/grpc-google-cloud-dialogflow-v2beta1/src/main/java/com/google/cloud/dialogflow/v2beta1/ParticipantsGrpc.java:[811,58] com.google.cloud.dialogflow.v2beta1.CompileSuggestionRequest in com.google.cloud.dialogflow.v2beta1 has been deprecated
[WARNING] /home/gabsko/breaking-updates/grpc-google-cloud-dialogflow-v2beta1/src/main/java/com/google/cloud/dialogflow/v2beta1/ParticipantsGrpc.java:[812,58] com.google.cloud.dialogflow.v2beta1.CompileSuggestionResponse in com.google.cloud.dialogflow.v2beta1 has been deprecated
[WARNING] /home/gabsko/breaking-updates/grpc-google-cloud-dialogflow-v2beta1/src/main/java/com/google/cloud/dialogflow/v2beta1/ParticipantsGrpc.java:[1503,51] com.google.cloud.dialogflow.v2beta1.ListSuggestionsRequest in com.google.cloud.dialogflow.v2beta1 has been deprecated
[WARNING] /home/gabsko/breaking-updates/grpc-google-cloud-dialogflow-v2beta1/src/main/java/com/google/cloud/dialogflow/v2beta1/ParticipantsGrpc.java:[1505,58] com.google.cloud.dialogflow.v2beta1.ListSuggestionsResponse in com.google.cloud.dialogflow.v2beta1 has been deprecated
[WARNING] /home/gabsko/breaking-updates/grpc-google-cloud-dialogflow-v2beta1/src/main/java/com/google/cloud/dialogflow/v2beta1/ParticipantsGrpc.java:[1510,51] com.google.cloud.dialogflow.v2beta1.CompileSuggestionRequest in com.google.cloud.dialogflow.v2beta1 has been deprecated
[WARNING] /home/gabsko/breaking-updates/grpc-google-cloud-dialogflow-v2beta1/src/main/java/com/google/cloud/dialogflow/v2beta1/ParticipantsGrpc.java:[1512,58] com.google.cloud.dialogflow.v2beta1.CompileSuggestionResponse in com.google.cloud.dialogflow.v2beta1 has been deprecated
[INFO] 
[INFO] --- build-helper-maven-plugin:3.3.0:add-test-resource (add-test-proto-resources) @ grpc-google-cloud-dialogflow-v2beta1 ---
[INFO] 
[INFO] --- maven-resources-plugin:2.6:testResources (default-testResources) @ grpc-google-cloud-dialogflow-v2beta1 ---
[INFO] Using 'UTF-8' encoding to copy filtered resources.
[INFO] skip non existing resourceDirectory /home/gabsko/breaking-updates/grpc-google-cloud-dialogflow-v2beta1/src/test/resources
[INFO] skip non existing resourceDirectory /home/gabsko/breaking-updates/grpc-google-cloud-dialogflow-v2beta1/src/test/proto
[INFO] 
[INFO] --- maven-compiler-plugin:3.9.0:testCompile (default-testCompile) @ grpc-google-cloud-dialogflow-v2beta1 ---
[INFO] No sources to compile
[INFO] 
[INFO] --- animal-sniffer-maven-plugin:1.20:check (java8) @ grpc-google-cloud-dialogflow-v2beta1 ---
[INFO] Checking unresolved references to org.codehaus.mojo.signature:java18:1.0
[INFO] 
[INFO] --- maven-surefire-plugin:3.0.0-M5:test (default-test) @ grpc-google-cloud-dialogflow-v2beta1 ---
[INFO] No tests to run.
[INFO] 
[INFO] --- jacoco-maven-plugin:0.8.7:report (report) @ grpc-google-cloud-dialogflow-v2beta1 ---
[INFO] Skipping JaCoCo execution due to missing execution data file.
[INFO] 
[INFO] --------< com.google.api.grpc:grpc-google-cloud-dialogflow-v2 >---------
[INFO] Building grpc-google-cloud-dialogflow-v2 4.5.6-SNAPSHOT            [5/7]
[INFO] --------------------------------[ jar ]---------------------------------
[INFO] 
[INFO] --- maven-clean-plugin:2.5:clean (default-clean) @ grpc-google-cloud-dialogflow-v2 ---
[INFO] Deleting /home/gabsko/breaking-updates/grpc-google-cloud-dialogflow-v2/target
[INFO] 
[INFO] --- flatten-maven-plugin:1.2.7:clean (flatten.clean) @ grpc-google-cloud-dialogflow-v2 ---
[INFO] Deleting /home/gabsko/breaking-updates/grpc-google-cloud-dialogflow-v2/.flattened-pom.xml
[INFO] 
[INFO] --- maven-enforcer-plugin:3.0.0-M3:enforce (enforce) @ grpc-google-cloud-dialogflow-v2 ---
[INFO] Adding ignore: module-info
[INFO] Adding ignore: META-INF/versions/*/module-info
[INFO] 
[INFO] --- maven-checkstyle-plugin:3.1.2:check (checkstyle) @ grpc-google-cloud-dialogflow-v2 ---
[INFO] Starting audit...
Audit done.
[INFO] You have 0 Checkstyle violations.
[INFO] 
[INFO] --- jacoco-maven-plugin:0.8.7:prepare-agent (default) @ grpc-google-cloud-dialogflow-v2 ---
[INFO] argLine set to -javaagent:/home/gabsko/.m2/repository/org/jacoco/org.jacoco.agent/0.8.7/org.jacoco.agent-0.8.7-runtime.jar=destfile=/home/gabsko/breaking-updates/grpc-google-cloud-dialogflow-v2/target/jacoco.exec
[INFO] 
[INFO] --- build-helper-maven-plugin:3.3.0:add-resource (add-main-proto-resources) @ grpc-google-cloud-dialogflow-v2 ---
[INFO] 
[INFO] --- maven-resources-plugin:2.6:resources (default-resources) @ grpc-google-cloud-dialogflow-v2 ---
[INFO] Using 'UTF-8' encoding to copy filtered resources.
[INFO] skip non existing resourceDirectory /home/gabsko/breaking-updates/grpc-google-cloud-dialogflow-v2/src/main/resources
[INFO] skip non existing resourceDirectory /home/gabsko/breaking-updates/grpc-google-cloud-dialogflow-v2/src/main/proto
[INFO] 
[INFO] --- flatten-maven-plugin:1.2.7:flatten (flatten) @ grpc-google-cloud-dialogflow-v2 ---
[INFO] Generating flattened POM of project com.google.api.grpc:grpc-google-cloud-dialogflow-v2:jar:4.5.6-SNAPSHOT...
[INFO] 
[INFO] --- maven-compiler-plugin:3.9.0:compile (default-compile) @ grpc-google-cloud-dialogflow-v2 ---
[INFO] Changes detected - recompiling the module!
[INFO] Compiling 15 source files to /home/gabsko/breaking-updates/grpc-google-cloud-dialogflow-v2/target/classes
[WARNING] bootstrap class path not set in conjunction with -source 8
[INFO] 
[INFO] --- build-helper-maven-plugin:3.3.0:add-test-resource (add-test-proto-resources) @ grpc-google-cloud-dialogflow-v2 ---
[INFO] 
[INFO] --- maven-resources-plugin:2.6:testResources (default-testResources) @ grpc-google-cloud-dialogflow-v2 ---
[INFO] Using 'UTF-8' encoding to copy filtered resources.
[INFO] skip non existing resourceDirectory /home/gabsko/breaking-updates/grpc-google-cloud-dialogflow-v2/src/test/resources
[INFO] skip non existing resourceDirectory /home/gabsko/breaking-updates/grpc-google-cloud-dialogflow-v2/src/test/proto
[INFO] 
[INFO] --- maven-compiler-plugin:3.9.0:testCompile (default-testCompile) @ grpc-google-cloud-dialogflow-v2 ---
[INFO] No sources to compile
[INFO] 
[INFO] --- animal-sniffer-maven-plugin:1.20:check (java8) @ grpc-google-cloud-dialogflow-v2 ---
[INFO] Checking unresolved references to org.codehaus.mojo.signature:java18:1.0
[INFO] 
[INFO] --- maven-surefire-plugin:3.0.0-M5:test (default-test) @ grpc-google-cloud-dialogflow-v2 ---
[INFO] No tests to run.
[INFO] 
[INFO] --- jacoco-maven-plugin:0.8.7:report (report) @ grpc-google-cloud-dialogflow-v2 ---
[INFO] Skipping JaCoCo execution due to missing execution data file.
[INFO] 
[INFO] --------------< com.google.cloud:google-cloud-dialogflow >--------------
[INFO] Building Google Cloud Dialog Flow API 4.5.6-SNAPSHOT               [6/7]
[INFO] --------------------------------[ jar ]---------------------------------
[INFO] 
[INFO] --- maven-clean-plugin:2.5:clean (default-clean) @ google-cloud-dialogflow ---
[INFO] Deleting /home/gabsko/breaking-updates/google-cloud-dialogflow/target
[INFO] 
[INFO] --- flatten-maven-plugin:1.2.7:clean (flatten.clean) @ google-cloud-dialogflow ---
[INFO] Deleting /home/gabsko/breaking-updates/google-cloud-dialogflow/.flattened-pom.xml
[INFO] 
[INFO] --- maven-enforcer-plugin:3.0.0-M3:enforce (enforce) @ google-cloud-dialogflow ---
[INFO] Adding ignore: module-info
[INFO] Adding ignore: META-INF/versions/*/module-info
[INFO] 
[INFO] --- maven-checkstyle-plugin:3.1.2:check (checkstyle) @ google-cloud-dialogflow ---
[INFO] Starting audit...
Audit done.
[INFO] You have 0 Checkstyle violations.
[INFO] 
[INFO] --- jacoco-maven-plugin:0.8.7:prepare-agent (default) @ google-cloud-dialogflow ---
[INFO] argLine set to -javaagent:/home/gabsko/.m2/repository/org/jacoco/org.jacoco.agent/0.8.7/org.jacoco.agent-0.8.7-runtime.jar=destfile=/home/gabsko/breaking-updates/google-cloud-dialogflow/target/jacoco.exec
[INFO] 
[INFO] --- build-helper-maven-plugin:3.3.0:add-resource (add-main-proto-resources) @ google-cloud-dialogflow ---
[INFO] 
[INFO] --- maven-resources-plugin:2.6:resources (default-resources) @ google-cloud-dialogflow ---
[INFO] Using 'UTF-8' encoding to copy filtered resources.
[INFO] skip non existing resourceDirectory /home/gabsko/breaking-updates/google-cloud-dialogflow/src/main/resources
[INFO] skip non existing resourceDirectory /home/gabsko/breaking-updates/google-cloud-dialogflow/src/main/proto
[INFO] 
[INFO] --- flatten-maven-plugin:1.2.7:flatten (flatten) @ google-cloud-dialogflow ---
[INFO] Generating flattened POM of project com.google.cloud:google-cloud-dialogflow:jar:4.5.6-SNAPSHOT...
[INFO] 
[INFO] --- maven-compiler-plugin:3.9.0:compile (default-compile) @ google-cloud-dialogflow ---
[INFO] Changes detected - recompiling the module!
[INFO] Compiling 182 source files to /home/gabsko/breaking-updates/google-cloud-dialogflow/target/classes
[WARNING] bootstrap class path not set in conjunction with -source 8
[WARNING] /home/gabsko/breaking-updates/google-cloud-dialogflow/src/main/java/com/google/cloud/dialogflow/v2beta1/stub/ParticipantsStub.java:[27,43] com.google.cloud.dialogflow.v2beta1.CompileSuggestionRequest in com.google.cloud.dialogflow.v2beta1 has been deprecated
[WARNING] /home/gabsko/breaking-updates/google-cloud-dialogflow/src/main/java/com/google/cloud/dialogflow/v2beta1/stub/ParticipantsStub.java:[28,43] com.google.cloud.dialogflow.v2beta1.CompileSuggestionResponse in com.google.cloud.dialogflow.v2beta1 has been deprecated
[WARNING] /home/gabsko/breaking-updates/google-cloud-dialogflow/src/main/java/com/google/cloud/dialogflow/v2beta1/stub/ParticipantsStub.java:[33,43] com.google.cloud.dialogflow.v2beta1.ListSuggestionsRequest in com.google.cloud.dialogflow.v2beta1 has been deprecated
[WARNING] /home/gabsko/breaking-updates/google-cloud-dialogflow/src/main/java/com/google/cloud/dialogflow/v2beta1/stub/ParticipantsStub.java:[34,43] com.google.cloud.dialogflow.v2beta1.ListSuggestionsResponse in com.google.cloud.dialogflow.v2beta1 has been deprecated
[WARNING] /home/gabsko/breaking-updates/google-cloud-dialogflow/src/main/java/com/google/cloud/dialogflow/v2beta1/stub/ParticipantsStubSettings.java:[46,43] com.google.cloud.dialogflow.v2beta1.CompileSuggestionRequest in com.google.cloud.dialogflow.v2beta1 has been deprecated
[WARNING] /home/gabsko/breaking-updates/google-cloud-dialogflow/src/main/java/com/google/cloud/dialogflow/v2beta1/stub/ParticipantsStubSettings.java:[47,43] com.google.cloud.dialogflow.v2beta1.CompileSuggestionResponse in com.google.cloud.dialogflow.v2beta1 has been deprecated
[WARNING] /home/gabsko/breaking-updates/google-cloud-dialogflow/src/main/java/com/google/cloud/dialogflow/v2beta1/stub/ParticipantsStubSettings.java:[52,43] com.google.cloud.dialogflow.v2beta1.ListSuggestionsRequest in com.google.cloud.dialogflow.v2beta1 has been deprecated
[WARNING] /home/gabsko/breaking-updates/google-cloud-dialogflow/src/main/java/com/google/cloud/dialogflow/v2beta1/stub/ParticipantsStubSettings.java:[53,43] com.google.cloud.dialogflow.v2beta1.ListSuggestionsResponse in com.google.cloud.dialogflow.v2beta1 has been deprecated
[WARNING] /home/gabsko/breaking-updates/google-cloud-dialogflow/src/main/java/com/google/cloud/dialogflow/v2beta1/stub/ParticipantsStubSettings.java:[61,43] com.google.cloud.dialogflow.v2beta1.Suggestion in com.google.cloud.dialogflow.v2beta1 has been deprecated
[WARNING] /home/gabsko/breaking-updates/google-cloud-dialogflow/src/main/java/com/google/cloud/dialogflow/v2beta1/stub/GrpcParticipantsStub.java:[31,43] com.google.cloud.dialogflow.v2beta1.CompileSuggestionRequest in com.google.cloud.dialogflow.v2beta1 has been deprecated
[WARNING] /home/gabsko/breaking-updates/google-cloud-dialogflow/src/main/java/com/google/cloud/dialogflow/v2beta1/stub/GrpcParticipantsStub.java:[32,43] com.google.cloud.dialogflow.v2beta1.CompileSuggestionResponse in com.google.cloud.dialogflow.v2beta1 has been deprecated
[WARNING] /home/gabsko/breaking-updates/google-cloud-dialogflow/src/main/java/com/google/cloud/dialogflow/v2beta1/stub/GrpcParticipantsStub.java:[37,43] com.google.cloud.dialogflow.v2beta1.ListSuggestionsRequest in com.google.cloud.dialogflow.v2beta1 has been deprecated
[WARNING] /home/gabsko/breaking-updates/google-cloud-dialogflow/src/main/java/com/google/cloud/dialogflow/v2beta1/stub/GrpcParticipantsStub.java:[38,43] com.google.cloud.dialogflow.v2beta1.ListSuggestionsResponse in com.google.cloud.dialogflow.v2beta1 has been deprecated
[WARNING] /home/gabsko/breaking-updates/google-cloud-dialogflow/src/main/java/com/google/cloud/dialogflow/v2beta1/stub/GrpcAnswerRecordsStub.java:[165,55] getAnswerRecordSettings() in com.google.cloud.dialogflow.v2beta1.stub.AnswerRecordsStubSettings has been deprecated
[WARNING] /home/gabsko/breaking-updates/google-cloud-dialogflow/src/main/java/com/google/cloud/dialogflow/v2beta1/stub/GrpcAnswerRecordsStub.java:[191,62] getAnswerRecordCallable() in com.google.cloud.dialogflow.v2beta1.stub.AnswerRecordsStub has been deprecated
[WARNING] /home/gabsko/breaking-updates/google-cloud-dialogflow/src/main/java/com/google/cloud/dialogflow/v2beta1/ParticipantsClient.java:[1513,11] com.google.cloud.dialogflow.v2beta1.ListSuggestionsRequest in com.google.cloud.dialogflow.v2beta1 has been deprecated
[WARNING] /home/gabsko/breaking-updates/google-cloud-dialogflow/src/main/java/com/google/cloud/dialogflow/v2beta1/ParticipantsClient.java:[1514,11] com.google.cloud.dialogflow.v2beta1.ListSuggestionsResponse in com.google.cloud.dialogflow.v2beta1 has been deprecated
[WARNING] /home/gabsko/breaking-updates/google-cloud-dialogflow/src/main/java/com/google/cloud/dialogflow/v2beta1/ParticipantsClient.java:[1515,11] com.google.cloud.dialogflow.v2beta1.Suggestion in com.google.cloud.dialogflow.v2beta1 has been deprecated
[WARNING] /home/gabsko/breaking-updates/google-cloud-dialogflow/src/main/java/com/google/cloud/dialogflow/v2beta1/ParticipantsClient.java:[1520,21] com.google.cloud.dialogflow.v2beta1.ListSuggestionsRequest in com.google.cloud.dialogflow.v2beta1 has been deprecated
[WARNING] /home/gabsko/breaking-updates/google-cloud-dialogflow/src/main/java/com/google/cloud/dialogflow/v2beta1/ParticipantsClient.java:[1520,45] com.google.cloud.dialogflow.v2beta1.ListSuggestionsResponse in com.google.cloud.dialogflow.v2beta1 has been deprecated
[WARNING] /home/gabsko/breaking-updates/google-cloud-dialogflow/src/main/java/com/google/cloud/dialogflow/v2beta1/ParticipantsClient.java:[1520,70] com.google.cloud.dialogflow.v2beta1.Suggestion in com.google.cloud.dialogflow.v2beta1 has been deprecated
[WARNING] /home/gabsko/breaking-updates/google-cloud-dialogflow/src/main/java/com/google/cloud/dialogflow/v2beta1/ParticipantsClient.java:[1521,19] com.google.cloud.dialogflow.v2beta1.ListSuggestionsResponse in com.google.cloud.dialogflow.v2beta1 has been deprecated
[WARNING] /home/gabsko/breaking-updates/google-cloud-dialogflow/src/main/java/com/google/cloud/dialogflow/v2beta1/ParticipantsClient.java:[1537,11] com.google.cloud.dialogflow.v2beta1.ListSuggestionsRequest in com.google.cloud.dialogflow.v2beta1 has been deprecated
[WARNING] /home/gabsko/breaking-updates/google-cloud-dialogflow/src/main/java/com/google/cloud/dialogflow/v2beta1/ParticipantsClient.java:[1537,35] com.google.cloud.dialogflow.v2beta1.ListSuggestionsResponse in com.google.cloud.dialogflow.v2beta1 has been deprecated
[WARNING] /home/gabsko/breaking-updates/google-cloud-dialogflow/src/main/java/com/google/cloud/dialogflow/v2beta1/ParticipantsClient.java:[1537,60] com.google.cloud.dialogflow.v2beta1.Suggestion in com.google.cloud.dialogflow.v2beta1 has been deprecated
[WARNING] /home/gabsko/breaking-updates/google-cloud-dialogflow/src/main/java/com/google/cloud/dialogflow/v2beta1/ParticipantsClient.java:[1540,21] com.google.cloud.dialogflow.v2beta1.ListSuggestionsRequest in com.google.cloud.dialogflow.v2beta1 has been deprecated
[WARNING] /home/gabsko/breaking-updates/google-cloud-dialogflow/src/main/java/com/google/cloud/dialogflow/v2beta1/ParticipantsClient.java:[1540,45] com.google.cloud.dialogflow.v2beta1.ListSuggestionsResponse in com.google.cloud.dialogflow.v2beta1 has been deprecated
[WARNING] /home/gabsko/breaking-updates/google-cloud-dialogflow/src/main/java/com/google/cloud/dialogflow/v2beta1/ParticipantsClient.java:[1540,70] com.google.cloud.dialogflow.v2beta1.Suggestion in com.google.cloud.dialogflow.v2beta1 has been deprecated
[WARNING] /home/gabsko/breaking-updates/google-cloud-dialogflow/src/main/java/com/google/cloud/dialogflow/v2beta1/ParticipantsClient.java:[1541,9] com.google.cloud.dialogflow.v2beta1.ListSuggestionsResponse in com.google.cloud.dialogflow.v2beta1 has been deprecated
[WARNING] /home/gabsko/breaking-updates/google-cloud-dialogflow/src/main/java/com/google/cloud/dialogflow/v2beta1/ParticipantsClient.java:[1551,21] com.google.cloud.dialogflow.v2beta1.ListSuggestionsRequest in com.google.cloud.dialogflow.v2beta1 has been deprecated
[WARNING] /home/gabsko/breaking-updates/google-cloud-dialogflow/src/main/java/com/google/cloud/dialogflow/v2beta1/ParticipantsClient.java:[1551,45] com.google.cloud.dialogflow.v2beta1.ListSuggestionsResponse in com.google.cloud.dialogflow.v2beta1 has been deprecated
[WARNING] /home/gabsko/breaking-updates/google-cloud-dialogflow/src/main/java/com/google/cloud/dialogflow/v2beta1/ParticipantsClient.java:[1551,70] com.google.cloud.dialogflow.v2beta1.Suggestion in com.google.cloud.dialogflow.v2beta1 has been deprecated
[WARNING] /home/gabsko/breaking-updates/google-cloud-dialogflow/src/main/java/com/google/cloud/dialogflow/v2beta1/ParticipantsClient.java:[1552,9] com.google.cloud.dialogflow.v2beta1.ListSuggestionsResponse in com.google.cloud.dialogflow.v2beta1 has been deprecated
[WARNING] /home/gabsko/breaking-updates/google-cloud-dialogflow/src/main/java/com/google/cloud/dialogflow/v2beta1/ParticipantsClient.java:[1558,21] com.google.cloud.dialogflow.v2beta1.ListSuggestionsRequest in com.google.cloud.dialogflow.v2beta1 has been deprecated
[WARNING] /home/gabsko/breaking-updates/google-cloud-dialogflow/src/main/java/com/google/cloud/dialogflow/v2beta1/ParticipantsClient.java:[1558,45] com.google.cloud.dialogflow.v2beta1.ListSuggestionsResponse in com.google.cloud.dialogflow.v2beta1 has been deprecated
[WARNING] /home/gabsko/breaking-updates/google-cloud-dialogflow/src/main/java/com/google/cloud/dialogflow/v2beta1/ParticipantsClient.java:[1558,70] com.google.cloud.dialogflow.v2beta1.Suggestion in com.google.cloud.dialogflow.v2beta1 has been deprecated
[WARNING] /home/gabsko/breaking-updates/google-cloud-dialogflow/src/main/java/com/google/cloud/dialogflow/v2beta1/ParticipantsClient.java:[1559,19] com.google.cloud.dialogflow.v2beta1.ListSuggestionsResponse in com.google.cloud.dialogflow.v2beta1 has been deprecated
[WARNING] /home/gabsko/breaking-updates/google-cloud-dialogflow/src/main/java/com/google/cloud/dialogflow/v2beta1/ParticipantsClient.java:[1566,11] com.google.cloud.dialogflow.v2beta1.ListSuggestionsRequest in com.google.cloud.dialogflow.v2beta1 has been deprecated
[WARNING] /home/gabsko/breaking-updates/google-cloud-dialogflow/src/main/java/com/google/cloud/dialogflow/v2beta1/ParticipantsClient.java:[1567,11] com.google.cloud.dialogflow.v2beta1.ListSuggestionsResponse in com.google.cloud.dialogflow.v2beta1 has been deprecated
[WARNING] /home/gabsko/breaking-updates/google-cloud-dialogflow/src/main/java/com/google/cloud/dialogflow/v2beta1/ParticipantsClient.java:[1568,11] com.google.cloud.dialogflow.v2beta1.Suggestion in com.google.cloud.dialogflow.v2beta1 has been deprecated
[WARNING] /home/gabsko/breaking-updates/google-cloud-dialogflow/src/main/java/com/google/cloud/dialogflow/v2beta1/stub/ParticipantsStubSettings.java:[129,11] com.google.cloud.dialogflow.v2beta1.ListSuggestionsRequest in com.google.cloud.dialogflow.v2beta1 has been deprecated
[WARNING] /home/gabsko/breaking-updates/google-cloud-dialogflow/src/main/java/com/google/cloud/dialogflow/v2beta1/stub/ParticipantsStubSettings.java:[129,35] com.google.cloud.dialogflow.v2beta1.ListSuggestionsResponse in com.google.cloud.dialogflow.v2beta1 has been deprecated
[WARNING] /home/gabsko/breaking-updates/google-cloud-dialogflow/src/main/java/com/google/cloud/dialogflow/v2beta1/stub/ParticipantsStubSettings.java:[131,35] com.google.cloud.dialogflow.v2beta1.CompileSuggestionRequest in com.google.cloud.dialogflow.v2beta1 has been deprecated
[WARNING] /home/gabsko/breaking-updates/google-cloud-dialogflow/src/main/java/com/google/cloud/dialogflow/v2beta1/stub/ParticipantsStubSettings.java:[131,61] com.google.cloud.dialogflow.v2beta1.CompileSuggestionResponse in com.google.cloud.dialogflow.v2beta1 has been deprecated
[WARNING] /home/gabsko/breaking-updates/google-cloud-dialogflow/src/main/java/com/google/cloud/dialogflow/v2beta1/stub/ParticipantsStubSettings.java:[175,11] com.google.cloud.dialogflow.v2beta1.ListSuggestionsRequest in com.google.cloud.dialogflow.v2beta1 has been deprecated
[WARNING] /home/gabsko/breaking-updates/google-cloud-dialogflow/src/main/java/com/google/cloud/dialogflow/v2beta1/stub/ParticipantsStubSettings.java:[175,35] com.google.cloud.dialogflow.v2beta1.ListSuggestionsResponse in com.google.cloud.dialogflow.v2beta1 has been deprecated
[WARNING] /home/gabsko/breaking-updates/google-cloud-dialogflow/src/main/java/com/google/cloud/dialogflow/v2beta1/stub/ParticipantsStubSettings.java:[175,60] com.google.cloud.dialogflow.v2beta1.Suggestion in com.google.cloud.dialogflow.v2beta1 has been deprecated
[WARNING] /home/gabsko/breaking-updates/google-cloud-dialogflow/src/main/java/com/google/cloud/dialogflow/v2beta1/stub/ParticipantsStubSettings.java:[177,35] com.google.cloud.dialogflow.v2beta1.ListSuggestionsRequest in com.google.cloud.dialogflow.v2beta1 has been deprecated
[WARNING] /home/gabsko/breaking-updates/google-cloud-dialogflow/src/main/java/com/google/cloud/dialogflow/v2beta1/stub/ParticipantsStubSettings.java:[177,59] com.google.cloud.dialogflow.v2beta1.ListSuggestionsResponse in com.google.cloud.dialogflow.v2beta1 has been deprecated
[WARNING] /home/gabsko/breaking-updates/google-cloud-dialogflow/src/main/java/com/google/cloud/dialogflow/v2beta1/stub/ParticipantsStubSettings.java:[177,84] com.google.cloud.dialogflow.v2beta1.Suggestion in com.google.cloud.dialogflow.v2beta1 has been deprecated
[WARNING] /home/gabsko/breaking-updates/google-cloud-dialogflow/src/main/java/com/google/cloud/dialogflow/v2beta1/stub/ParticipantsStubSettings.java:[184,20] com.google.cloud.dialogflow.v2beta1.ListSuggestionsRequest in com.google.cloud.dialogflow.v2beta1 has been deprecated
[WARNING] /home/gabsko/breaking-updates/google-cloud-dialogflow/src/main/java/com/google/cloud/dialogflow/v2beta1/stub/ParticipantsStubSettings.java:[185,17] com.google.cloud.dialogflow.v2beta1.ListSuggestionsRequest in com.google.cloud.dialogflow.v2beta1 has been deprecated
[WARNING] /home/gabsko/breaking-updates/google-cloud-dialogflow/src/main/java/com/google/cloud/dialogflow/v2beta1/stub/ParticipantsStubSettings.java:[186,22] com.google.cloud.dialogflow.v2beta1.ListSuggestionsRequest in com.google.cloud.dialogflow.v2beta1 has been deprecated
[WARNING] /home/gabsko/breaking-updates/google-cloud-dialogflow/src/main/java/com/google/cloud/dialogflow/v2beta1/stub/ParticipantsStubSettings.java:[190,20] com.google.cloud.dialogflow.v2beta1.ListSuggestionsRequest in com.google.cloud.dialogflow.v2beta1 has been deprecated
[WARNING] /home/gabsko/breaking-updates/google-cloud-dialogflow/src/main/java/com/google/cloud/dialogflow/v2beta1/stub/ParticipantsStubSettings.java:[191,17] com.google.cloud.dialogflow.v2beta1.ListSuggestionsRequest in com.google.cloud.dialogflow.v2beta1 has been deprecated
[WARNING] /home/gabsko/breaking-updates/google-cloud-dialogflow/src/main/java/com/google/cloud/dialogflow/v2beta1/stub/ParticipantsStubSettings.java:[192,22] com.google.cloud.dialogflow.v2beta1.ListSuggestionsRequest in com.google.cloud.dialogflow.v2beta1 has been deprecated
[WARNING] /home/gabsko/breaking-updates/google-cloud-dialogflow/src/main/java/com/google/cloud/dialogflow/v2beta1/stub/ParticipantsStubSettings.java:[196,44] com.google.cloud.dialogflow.v2beta1.ListSuggestionsRequest in com.google.cloud.dialogflow.v2beta1 has been deprecated
[WARNING] /home/gabsko/breaking-updates/google-cloud-dialogflow/src/main/java/com/google/cloud/dialogflow/v2beta1/stub/ParticipantsStubSettings.java:[201,44] com.google.cloud.dialogflow.v2beta1.ListSuggestionsResponse in com.google.cloud.dialogflow.v2beta1 has been deprecated
[WARNING] /home/gabsko/breaking-updates/google-cloud-dialogflow/src/main/java/com/google/cloud/dialogflow/v2beta1/stub/ParticipantsStubSettings.java:[206,29] com.google.cloud.dialogflow.v2beta1.Suggestion in com.google.cloud.dialogflow.v2beta1 has been deprecated
[WARNING] /home/gabsko/breaking-updates/google-cloud-dialogflow/src/main/java/com/google/cloud/dialogflow/v2beta1/stub/ParticipantsStubSettings.java:[206,58] com.google.cloud.dialogflow.v2beta1.ListSuggestionsResponse in com.google.cloud.dialogflow.v2beta1 has been deprecated
[WARNING] /home/gabsko/breaking-updates/google-cloud-dialogflow/src/main/java/com/google/cloud/dialogflow/v2beta1/stub/ParticipantsStubSettings.java:[208,36] com.google.cloud.dialogflow.v2beta1.Suggestion in com.google.cloud.dialogflow.v2beta1 has been deprecated
[WARNING] /home/gabsko/breaking-updates/google-cloud-dialogflow/src/main/java/com/google/cloud/dialogflow/v2beta1/stub/ParticipantsStubSettings.java:[233,11] com.google.cloud.dialogflow.v2beta1.ListSuggestionsRequest in com.google.cloud.dialogflow.v2beta1 has been deprecated
[WARNING] /home/gabsko/breaking-updates/google-cloud-dialogflow/src/main/java/com/google/cloud/dialogflow/v2beta1/stub/ParticipantsStubSettings.java:[233,35] com.google.cloud.dialogflow.v2beta1.ListSuggestionsResponse in com.google.cloud.dialogflow.v2beta1 has been deprecated
[WARNING] /home/gabsko/breaking-updates/google-cloud-dialogflow/src/main/java/com/google/cloud/dialogflow/v2beta1/stub/ParticipantsStubSettings.java:[236,15] com.google.cloud.dialogflow.v2beta1.ListSuggestionsRequest in com.google.cloud.dialogflow.v2beta1 has been deprecated
[WARNING] /home/gabsko/breaking-updates/google-cloud-dialogflow/src/main/java/com/google/cloud/dialogflow/v2beta1/stub/ParticipantsStubSettings.java:[236,39] com.google.cloud.dialogflow.v2beta1.ListSuggestionsResponse in com.google.cloud.dialogflow.v2beta1 has been deprecated
[WARNING] /home/gabsko/breaking-updates/google-cloud-dialogflow/src/main/java/com/google/cloud/dialogflow/v2beta1/stub/ParticipantsStubSettings.java:[239,31] com.google.cloud.dialogflow.v2beta1.ListSuggestionsRequest in com.google.cloud.dialogflow.v2beta1 has been deprecated
[WARNING] /home/gabsko/breaking-updates/google-cloud-dialogflow/src/main/java/com/google/cloud/dialogflow/v2beta1/stub/ParticipantsStubSettings.java:[239,55] com.google.cloud.dialogflow.v2beta1.ListSuggestionsResponse in com.google.cloud.dialogflow.v2beta1 has been deprecated
[WARNING] /home/gabsko/breaking-updates/google-cloud-dialogflow/src/main/java/com/google/cloud/dialogflow/v2beta1/stub/ParticipantsStubSettings.java:[240,17] com.google.cloud.dialogflow.v2beta1.ListSuggestionsRequest in com.google.cloud.dialogflow.v2beta1 has been deprecated
[WARNING] /home/gabsko/breaking-updates/google-cloud-dialogflow/src/main/java/com/google/cloud/dialogflow/v2beta1/stub/ParticipantsStubSettings.java:[242,27] com.google.cloud.dialogflow.v2beta1.ListSuggestionsResponse in com.google.cloud.dialogflow.v2beta1 has been deprecated
[WARNING] /home/gabsko/breaking-updates/google-cloud-dialogflow/src/main/java/com/google/cloud/dialogflow/v2beta1/stub/ParticipantsStubSettings.java:[243,27] com.google.cloud.dialogflow.v2beta1.ListSuggestionsRequest in com.google.cloud.dialogflow.v2beta1 has been deprecated
[WARNING] /home/gabsko/breaking-updates/google-cloud-dialogflow/src/main/java/com/google/cloud/dialogflow/v2beta1/stub/ParticipantsStubSettings.java:[243,51] com.google.cloud.dialogflow.v2beta1.ListSuggestionsResponse in com.google.cloud.dialogflow.v2beta1 has been deprecated
[WARNING] /home/gabsko/breaking-updates/google-cloud-dialogflow/src/main/java/com/google/cloud/dialogflow/v2beta1/stub/ParticipantsStubSettings.java:[243,76] com.google.cloud.dialogflow.v2beta1.Suggestion in com.google.cloud.dialogflow.v2beta1 has been deprecated
[WARNING] /home/gabsko/breaking-updates/google-cloud-dialogflow/src/main/java/com/google/cloud/dialogflow/v2beta1/stub/ParticipantsStubSettings.java:[426,13] com.google.cloud.dialogflow.v2beta1.ListSuggestionsRequest in com.google.cloud.dialogflow.v2beta1 has been deprecated
[WARNING] /home/gabsko/breaking-updates/google-cloud-dialogflow/src/main/java/com/google/cloud/dialogflow/v2beta1/stub/ParticipantsStubSettings.java:[426,37] com.google.cloud.dialogflow.v2beta1.ListSuggestionsResponse in com.google.cloud.dialogflow.v2beta1 has been deprecated
[WARNING] /home/gabsko/breaking-updates/google-cloud-dialogflow/src/main/java/com/google/cloud/dialogflow/v2beta1/stub/ParticipantsStubSettings.java:[428,45] com.google.cloud.dialogflow.v2beta1.CompileSuggestionRequest in com.google.cloud.dialogflow.v2beta1 has been deprecated
[WARNING] /home/gabsko/breaking-updates/google-cloud-dialogflow/src/main/java/com/google/cloud/dialogflow/v2beta1/stub/ParticipantsStubSettings.java:[428,71] com.google.cloud.dialogflow.v2beta1.CompileSuggestionResponse in com.google.cloud.dialogflow.v2beta1 has been deprecated
[WARNING] /home/gabsko/breaking-updates/google-cloud-dialogflow/src/main/java/com/google/cloud/dialogflow/v2beta1/stub/GrpcParticipantsStub.java:[149,41] com.google.cloud.dialogflow.v2beta1.ListSuggestionsRequest in com.google.cloud.dialogflow.v2beta1 has been deprecated
[WARNING] /home/gabsko/breaking-updates/google-cloud-dialogflow/src/main/java/com/google/cloud/dialogflow/v2beta1/stub/GrpcParticipantsStub.java:[149,65] com.google.cloud.dialogflow.v2beta1.ListSuggestionsResponse in com.google.cloud.dialogflow.v2beta1 has been deprecated
[WARNING] /home/gabsko/breaking-updates/google-cloud-dialogflow/src/main/java/com/google/cloud/dialogflow/v2beta1/stub/GrpcParticipantsStub.java:[151,29] com.google.cloud.dialogflow.v2beta1.ListSuggestionsRequest in com.google.cloud.dialogflow.v2beta1 has been deprecated
[WARNING] /home/gabsko/breaking-updates/google-cloud-dialogflow/src/main/java/com/google/cloud/dialogflow/v2beta1/stub/GrpcParticipantsStub.java:[151,53] com.google.cloud.dialogflow.v2beta1.ListSuggestionsResponse in com.google.cloud.dialogflow.v2beta1 has been deprecated
[WARNING] /home/gabsko/breaking-updates/google-cloud-dialogflow/src/main/java/com/google/cloud/dialogflow/v2beta1/stub/GrpcParticipantsStub.java:[155,41] com.google.cloud.dialogflow.v2beta1.ListSuggestionsRequest in com.google.cloud.dialogflow.v2beta1 has been deprecated
[WARNING] /home/gabsko/breaking-updates/google-cloud-dialogflow/src/main/java/com/google/cloud/dialogflow/v2beta1/stub/GrpcParticipantsStub.java:[157,41] com.google.cloud.dialogflow.v2beta1.ListSuggestionsResponse in com.google.cloud.dialogflow.v2beta1 has been deprecated
[WARNING] /home/gabsko/breaking-updates/google-cloud-dialogflow/src/main/java/com/google/cloud/dialogflow/v2beta1/stub/GrpcParticipantsStub.java:[160,41] com.google.cloud.dialogflow.v2beta1.CompileSuggestionRequest in com.google.cloud.dialogflow.v2beta1 has been deprecated
[WARNING] /home/gabsko/breaking-updates/google-cloud-dialogflow/src/main/java/com/google/cloud/dialogflow/v2beta1/stub/GrpcParticipantsStub.java:[160,67] com.google.cloud.dialogflow.v2beta1.CompileSuggestionResponse in com.google.cloud.dialogflow.v2beta1 has been deprecated
[WARNING] /home/gabsko/breaking-updates/google-cloud-dialogflow/src/main/java/com/google/cloud/dialogflow/v2beta1/stub/GrpcParticipantsStub.java:[162,29] com.google.cloud.dialogflow.v2beta1.CompileSuggestionRequest in com.google.cloud.dialogflow.v2beta1 has been deprecated
[WARNING] /home/gabsko/breaking-updates/google-cloud-dialogflow/src/main/java/com/google/cloud/dialogflow/v2beta1/stub/GrpcParticipantsStub.java:[162,55] com.google.cloud.dialogflow.v2beta1.CompileSuggestionResponse in com.google.cloud.dialogflow.v2beta1 has been deprecated
[WARNING] /home/gabsko/breaking-updates/google-cloud-dialogflow/src/main/java/com/google/cloud/dialogflow/v2beta1/stub/GrpcParticipantsStub.java:[166,41] com.google.cloud.dialogflow.v2beta1.CompileSuggestionRequest in com.google.cloud.dialogflow.v2beta1 has been deprecated
[WARNING] /home/gabsko/breaking-updates/google-cloud-dialogflow/src/main/java/com/google/cloud/dialogflow/v2beta1/stub/GrpcParticipantsStub.java:[168,41] com.google.cloud.dialogflow.v2beta1.CompileSuggestionResponse in com.google.cloud.dialogflow.v2beta1 has been deprecated
[WARNING] /home/gabsko/breaking-updates/google-cloud-dialogflow/src/main/java/com/google/cloud/dialogflow/v2beta1/stub/GrpcParticipantsStub.java:[185,31] com.google.cloud.dialogflow.v2beta1.ListSuggestionsRequest in com.google.cloud.dialogflow.v2beta1 has been deprecated
[WARNING] /home/gabsko/breaking-updates/google-cloud-dialogflow/src/main/java/com/google/cloud/dialogflow/v2beta1/stub/GrpcParticipantsStub.java:[185,55] com.google.cloud.dialogflow.v2beta1.ListSuggestionsResponse in com.google.cloud.dialogflow.v2beta1 has been deprecated
[WARNING] /home/gabsko/breaking-updates/google-cloud-dialogflow/src/main/java/com/google/cloud/dialogflow/v2beta1/stub/GrpcParticipantsStub.java:[187,31] com.google.cloud.dialogflow.v2beta1.ListSuggestionsRequest in com.google.cloud.dialogflow.v2beta1 has been deprecated
[WARNING] /home/gabsko/breaking-updates/google-cloud-dialogflow/src/main/java/com/google/cloud/dialogflow/v2beta1/stub/GrpcParticipantsStub.java:[189,31] com.google.cloud.dialogflow.v2beta1.CompileSuggestionRequest in com.google.cloud.dialogflow.v2beta1 has been deprecated
[WARNING] /home/gabsko/breaking-updates/google-cloud-dialogflow/src/main/java/com/google/cloud/dialogflow/v2beta1/stub/GrpcParticipantsStub.java:[189,57] com.google.cloud.dialogflow.v2beta1.CompileSuggestionResponse in com.google.cloud.dialogflow.v2beta1 has been deprecated
[WARNING] /home/gabsko/breaking-updates/google-cloud-dialogflow/src/main/java/com/google/cloud/dialogflow/v2beta1/stub/GrpcParticipantsStub.java:[320,22] com.google.cloud.dialogflow.v2beta1.ListSuggestionsRequest in com.google.cloud.dialogflow.v2beta1 has been deprecated
[WARNING] /home/gabsko/breaking-updates/google-cloud-dialogflow/src/main/java/com/google/cloud/dialogflow/v2beta1/stub/GrpcParticipantsStub.java:[320,46] com.google.cloud.dialogflow.v2beta1.ListSuggestionsResponse in com.google.cloud.dialogflow.v2beta1 has been deprecated
[WARNING] /home/gabsko/breaking-updates/google-cloud-dialogflow/src/main/java/com/google/cloud/dialogflow/v2beta1/stub/GrpcParticipantsStub.java:[322,31] com.google.cloud.dialogflow.v2beta1.ListSuggestionsRequest in com.google.cloud.dialogflow.v2beta1 has been deprecated
[WARNING] /home/gabsko/breaking-updates/google-cloud-dialogflow/src/main/java/com/google/cloud/dialogflow/v2beta1/stub/GrpcParticipantsStub.java:[322,55] com.google.cloud.dialogflow.v2beta1.ListSuggestionsResponse in com.google.cloud.dialogflow.v2beta1 has been deprecated
[WARNING] /home/gabsko/breaking-updates/google-cloud-dialogflow/src/main/java/com/google/cloud/dialogflow/v2beta1/stub/GrpcParticipantsStub.java: com.google.cloud.dialogflow.v2beta1.ListSuggestionsRequest in com.google.cloud.dialogflow.v2beta1 has been deprecated
[WARNING] /home/gabsko/breaking-updates/google-cloud-dialogflow/src/main/java/com/google/cloud/dialogflow/v2beta1/stub/GrpcParticipantsStub.java:[331,22] com.google.cloud.dialogflow.v2beta1.CompileSuggestionRequest in com.google.cloud.dialogflow.v2beta1 has been deprecated
[INFO] /home/gabsko/breaking-updates/google-cloud-dialogflow/src/main/java/com/google/cloud/dialogflow/v2beta1/stub/GrpcParticipantsStub.java: /home/gabsko/breaking-updates/google-cloud-dialogflow/src/main/java/com/google/cloud/dialogflow/v2beta1/stub/GrpcParticipantsStub.java has additional uses or overrides of a deprecated API.
[INFO] /home/gabsko/breaking-updates/google-cloud-dialogflow/src/main/java/com/google/cloud/dialogflow/v2/stub/IntentsStubSettings.java: Some input files use unchecked or unsafe operations.
[INFO] /home/gabsko/breaking-updates/google-cloud-dialogflow/src/main/java/com/google/cloud/dialogflow/v2/stub/IntentsStubSettings.java: Recompile with -Xlint:unchecked for details.
[INFO] 
[INFO] --- build-helper-maven-plugin:3.3.0:add-test-resource (add-test-proto-resources) @ google-cloud-dialogflow ---
[INFO] 
[INFO] --- maven-resources-plugin:2.6:testResources (default-testResources) @ google-cloud-dialogflow ---
[INFO] Using 'UTF-8' encoding to copy filtered resources.
[INFO] skip non existing resourceDirectory /home/gabsko/breaking-updates/google-cloud-dialogflow/src/test/resources
[INFO] skip non existing resourceDirectory /home/gabsko/breaking-updates/google-cloud-dialogflow/src/test/proto
[INFO] 
[INFO] --- maven-compiler-plugin:3.9.0:testCompile (default-testCompile) @ google-cloud-dialogflow ---
[INFO] Changes detected - recompiling the module!
[INFO] Compiling 92 source files to /home/gabsko/breaking-updates/google-cloud-dialogflow/target/test-classes
[WARNING] bootstrap class path not set in conjunction with -source 8
[WARNING] /home/gabsko/breaking-updates/google-cloud-dialogflow/src/test/java/com/google/cloud/dialogflow/v2beta1/MockAnswerRecordsImpl.java:[62,15] getAnswerRecord(com.google.cloud.dialogflow.v2beta1.GetAnswerRecordRequest,io.grpc.stub.StreamObserver<com.google.cloud.dialogflow.v2beta1.AnswerRecord>) in com.google.cloud.dialogflow.v2beta1.AnswerRecordsGrpc.AnswerRecordsImplBase has been deprecated
[WARNING] /home/gabsko/breaking-updates/google-cloud-dialogflow/src/test/java/com/google/cloud/dialogflow/v2beta1/MockParticipantsImpl.java:[232,15] listSuggestions(com.google.cloud.dialogflow.v2beta1.ListSuggestionsRequest,io.grpc.stub.StreamObserver<com.google.cloud.dialogflow.v2beta1.ListSuggestionsResponse>) in com.google.cloud.dialogflow.v2beta1.ParticipantsGrpc.ParticipantsImplBase has been deprecated
[WARNING] /home/gabsko/breaking-updates/google-cloud-dialogflow/src/test/java/com/google/cloud/dialogflow/v2beta1/MockParticipantsImpl.java:[233,7] com.google.cloud.dialogflow.v2beta1.ListSuggestionsRequest in com.google.cloud.dialogflow.v2beta1 has been deprecated
[WARNING] /home/gabsko/breaking-updates/google-cloud-dialogflow/src/test/java/com/google/cloud/dialogflow/v2beta1/MockParticipantsImpl.java:[233,54] com.google.cloud.dialogflow.v2beta1.ListSuggestionsResponse in com.google.cloud.dialogflow.v2beta1 has been deprecated
[WARNING] /home/gabsko/breaking-updates/google-cloud-dialogflow/src/test/java/com/google/cloud/dialogflow/v2beta1/MockParticipantsImpl.java:[235,29] com.google.cloud.dialogflow.v2beta1.ListSuggestionsResponse in com.google.cloud.dialogflow.v2beta1 has been deprecated
[WARNING] /home/gabsko/breaking-updates/google-cloud-dialogflow/src/test/java/com/google/cloud/dialogflow/v2beta1/MockParticipantsImpl.java:[237,33] com.google.cloud.dialogflow.v2beta1.ListSuggestionsResponse in com.google.cloud.dialogflow.v2beta1 has been deprecated
[WARNING] /home/gabsko/breaking-updates/google-cloud-dialogflow/src/test/java/com/google/cloud/dialogflow/v2beta1/MockParticipantsImpl.java:[247,19] com.google.cloud.dialogflow.v2beta1.ListSuggestionsResponse in com.google.cloud.dialogflow.v2beta1 has been deprecated
[WARNING] /home/gabsko/breaking-updates/google-cloud-dialogflow/src/test/java/com/google/cloud/dialogflow/v2beta1/MockParticipantsImpl.java:[253,15] compileSuggestion(com.google.cloud.dialogflow.v2beta1.CompileSuggestionRequest,io.grpc.stub.StreamObserver<com.google.cloud.dialogflow.v2beta1.CompileSuggestionResponse>) in com.google.cloud.dialogflow.v2beta1.ParticipantsGrpc.ParticipantsImplBase has been deprecated
[WARNING] /home/gabsko/breaking-updates/google-cloud-dialogflow/src/test/java/com/google/cloud/dialogflow/v2beta1/MockParticipantsImpl.java:[254,7] com.google.cloud.dialogflow.v2beta1.CompileSuggestionRequest in com.google.cloud.dialogflow.v2beta1 has been deprecated
[WARNING] /home/gabsko/breaking-updates/google-cloud-dialogflow/src/test/java/com/google/cloud/dialogflow/v2beta1/MockParticipantsImpl.java:[255,22] com.google.cloud.dialogflow.v2beta1.CompileSuggestionResponse in com.google.cloud.dialogflow.v2beta1 has been deprecated
[WARNING] /home/gabsko/breaking-updates/google-cloud-dialogflow/src/test/java/com/google/cloud/dialogflow/v2beta1/MockParticipantsImpl.java:[257,29] com.google.cloud.dialogflow.v2beta1.CompileSuggestionResponse in com.google.cloud.dialogflow.v2beta1 has been deprecated
[WARNING] /home/gabsko/breaking-updates/google-cloud-dialogflow/src/test/java/com/google/cloud/dialogflow/v2beta1/MockParticipantsImpl.java:[259,33] com.google.cloud.dialogflow.v2beta1.CompileSuggestionResponse in com.google.cloud.dialogflow.v2beta1 has been deprecated
[WARNING] /home/gabsko/breaking-updates/google-cloud-dialogflow/src/test/java/com/google/cloud/dialogflow/v2beta1/MockParticipantsImpl.java:[269,19] com.google.cloud.dialogflow.v2beta1.CompileSuggestionResponse in com.google.cloud.dialogflow.v2beta1 has been deprecated
[WARNING] /home/gabsko/breaking-updates/google-cloud-dialogflow/src/test/java/com/google/cloud/dialogflow/v2beta1/EnvironmentsClientTest.java:[95,33] ofProjectAgentName(java.lang.String) in com.google.cloud.dialogflow.v2beta1.AgentName has been deprecated
[WARNING] /home/gabsko/breaking-updates/google-cloud-dialogflow/src/test/java/com/google/cloud/dialogflow/v2beta1/EnvironmentsClientTest.java:[121,35] ofProjectAgentName(java.lang.String) in com.google.cloud.dialogflow.v2beta1.AgentName has been deprecated
[WARNING] /home/gabsko/breaking-updates/google-cloud-dialogflow/src/test/java/com/google/cloud/dialogflow/v2beta1/EnvironmentsClientTest.java:[241,33] ofProjectAgentName(java.lang.String) in com.google.cloud.dialogflow.v2beta1.AgentName has been deprecated
[WARNING] /home/gabsko/breaking-updates/google-cloud-dialogflow/src/test/java/com/google/cloud/dialogflow/v2beta1/EnvironmentsClientTest.java:[270,35] ofProjectAgentName(java.lang.String) in com.google.cloud.dialogflow.v2beta1.AgentName has been deprecated
[WARNING] /home/gabsko/breaking-updates/google-cloud-dialogflow/src/test/java/com/google/cloud/dialogflow/v2beta1/IntentsClientTest.java:[98,33] ofProjectAgentName(java.lang.String) in com.google.cloud.dialogflow.v2beta1.AgentName has been deprecated
[WARNING] /home/gabsko/breaking-updates/google-cloud-dialogflow/src/test/java/com/google/cloud/dialogflow/v2beta1/IntentsClientTest.java:[124,35] ofProjectAgentName(java.lang.String) in com.google.cloud.dialogflow.v2beta1.AgentName has been deprecated
[WARNING] /home/gabsko/breaking-updates/google-cloud-dialogflow/src/test/java/com/google/cloud/dialogflow/v2beta1/IntentsClientTest.java:[186,33] ofProjectAgentName(java.lang.String) in com.google.cloud.dialogflow.v2beta1.AgentName has been deprecated
[WARNING] /home/gabsko/breaking-updates/google-cloud-dialogflow/src/test/java/com/google/cloud/dialogflow/v2beta1/IntentsClientTest.java:[214,35] ofProjectAgentName(java.lang.String) in com.google.cloud.dialogflow.v2beta1.AgentName has been deprecated
[WARNING] /home/gabsko/breaking-updates/google-cloud-dialogflow/src/test/java/com/google/cloud/dialogflow/v2beta1/IntentsClientTest.java:[278,13] setMlEnabled(boolean) in com.google.cloud.dialogflow.v2beta1.Intent.Builder has been deprecated
[WARNING] /home/gabsko/breaking-updates/google-cloud-dialogflow/src/test/java/com/google/cloud/dialogflow/v2beta1/IntentsClientTest.java:[335,13] setMlEnabled(boolean) in com.google.cloud.dialogflow.v2beta1.Intent.Builder has been deprecated
[WARNING] /home/gabsko/breaking-updates/google-cloud-dialogflow/src/test/java/com/google/cloud/dialogflow/v2beta1/IntentsClientTest.java:[392,13] setMlEnabled(boolean) in com.google.cloud.dialogflow.v2beta1.Intent.Builder has been deprecated
[WARNING] /home/gabsko/breaking-updates/google-cloud-dialogflow/src/test/java/com/google/cloud/dialogflow/v2beta1/IntentsClientTest.java:[452,13] setMlEnabled(boolean) in com.google.cloud.dialogflow.v2beta1.Intent.Builder has been deprecated
[WARNING] /home/gabsko/breaking-updates/google-cloud-dialogflow/src/test/java/com/google/cloud/dialogflow/v2beta1/IntentsClientTest.java:[512,13] setMlEnabled(boolean) in com.google.cloud.dialogflow.v2beta1.Intent.Builder has been deprecated
[WARNING] /home/gabsko/breaking-updates/google-cloud-dialogflow/src/test/java/com/google/cloud/dialogflow/v2beta1/IntentsClientTest.java:[531,33] ofProjectAgentName(java.lang.String) in com.google.cloud.dialogflow.v2beta1.AgentName has been deprecated
[WARNING] /home/gabsko/breaking-updates/google-cloud-dialogflow/src/test/java/com/google/cloud/dialogflow/v2beta1/IntentsClientTest.java:[555,35] ofProjectAgentName(java.lang.String) in com.google.cloud.dialogflow.v2beta1.AgentName has been deprecated
[WARNING] /home/gabsko/breaking-updates/google-cloud-dialogflow/src/test/java/com/google/cloud/dialogflow/v2beta1/IntentsClientTest.java:[572,13] setMlEnabled(boolean) in com.google.cloud.dialogflow.v2beta1.Intent.Builder has been deprecated
[WARNING] /home/gabsko/breaking-updates/google-cloud-dialogflow/src/test/java/com/google/cloud/dialogflow/v2beta1/IntentsClientTest.java:[632,13] setMlEnabled(boolean) in com.google.cloud.dialogflow.v2beta1.Intent.Builder has been deprecated
[WARNING] /home/gabsko/breaking-updates/google-cloud-dialogflow/src/test/java/com/google/cloud/dialogflow/v2beta1/IntentsClientTest.java:[651,33] ofProjectAgentName(java.lang.String) in com.google.cloud.dialogflow.v2beta1.AgentName has been deprecated
[WARNING] /home/gabsko/breaking-updates/google-cloud-dialogflow/src/test/java/com/google/cloud/dialogflow/v2beta1/IntentsClientTest.java:[677,35] ofProjectAgentName(java.lang.String) in com.google.cloud.dialogflow.v2beta1.AgentName has been deprecated
[WARNING] /home/gabsko/breaking-updates/google-cloud-dialogflow/src/test/java/com/google/cloud/dialogflow/v2beta1/IntentsClientTest.java:[695,13] setMlEnabled(boolean) in com.google.cloud.dialogflow.v2beta1.Intent.Builder has been deprecated
[WARNING] /home/gabsko/breaking-updates/google-cloud-dialogflow/src/test/java/com/google/cloud/dialogflow/v2beta1/IntentsClientTest.java:[758,13] setMlEnabled(boolean) in com.google.cloud.dialogflow.v2beta1.Intent.Builder has been deprecated
[WARNING] /home/gabsko/breaking-updates/google-cloud-dialogflow/src/test/java/com/google/cloud/dialogflow/v2beta1/IntentsClientTest.java:[815,13] setMlEnabled(boolean) in com.google.cloud.dialogflow.v2beta1.Intent.Builder has been deprecated
[WARNING] /home/gabsko/breaking-updates/google-cloud-dialogflow/src/test/java/com/google/cloud/dialogflow/v2beta1/IntentsClientTest.java:[875,13] setMlEnabled(boolean) in com.google.cloud.dialogflow.v2beta1.Intent.Builder has been deprecated
[WARNING] /home/gabsko/breaking-updates/google-cloud-dialogflow/src/test/java/com/google/cloud/dialogflow/v2beta1/IntentsClientTest.java:[935,13] setMlEnabled(boolean) in com.google.cloud.dialogflow.v2beta1.Intent.Builder has been deprecated
[WARNING] /home/gabsko/breaking-updates/google-cloud-dialogflow/src/test/java/com/google/cloud/dialogflow/v2beta1/IntentsClientTest.java:[1070,33] ofProjectAgentName(java.lang.String) in com.google.cloud.dialogflow.v2beta1.AgentName has been deprecated
[WARNING] /home/gabsko/breaking-updates/google-cloud-dialogflow/src/test/java/com/google/cloud/dialogflow/v2beta1/IntentsClientTest.java:[1095,35] ofProjectAgentName(java.lang.String) in com.google.cloud.dialogflow.v2beta1.AgentName has been deprecated
[WARNING] /home/gabsko/breaking-updates/google-cloud-dialogflow/src/test/java/com/google/cloud/dialogflow/v2beta1/IntentsClientTest.java:[1118,33] ofProjectAgentName(java.lang.String) in com.google.cloud.dialogflow.v2beta1.AgentName has been deprecated
[WARNING] /home/gabsko/breaking-updates/google-cloud-dialogflow/src/test/java/com/google/cloud/dialogflow/v2beta1/IntentsClientTest.java:[1143,35] ofProjectAgentName(java.lang.String) in com.google.cloud.dialogflow.v2beta1.AgentName has been deprecated
[WARNING] /home/gabsko/breaking-updates/google-cloud-dialogflow/src/test/java/com/google/cloud/dialogflow/v2beta1/IntentsClientTest.java:[1261,33] ofProjectAgentName(java.lang.String) in com.google.cloud.dialogflow.v2beta1.AgentName has been deprecated
[WARNING] /home/gabsko/breaking-updates/google-cloud-dialogflow/src/test/java/com/google/cloud/dialogflow/v2beta1/IntentsClientTest.java:[1284,35] ofProjectAgentName(java.lang.String) in com.google.cloud.dialogflow.v2beta1.AgentName has been deprecated
[WARNING] /home/gabsko/breaking-updates/google-cloud-dialogflow/src/test/java/com/google/cloud/dialogflow/v2beta1/VersionsClientTest.java:[94,33] ofProjectAgentName(java.lang.String) in com.google.cloud.dialogflow.v2beta1.AgentName has been deprecated
[WARNING] /home/gabsko/breaking-updates/google-cloud-dialogflow/src/test/java/com/google/cloud/dialogflow/v2beta1/VersionsClientTest.java:[120,35] ofProjectAgentName(java.lang.String) in com.google.cloud.dialogflow.v2beta1.AgentName has been deprecated
[WARNING] /home/gabsko/breaking-updates/google-cloud-dialogflow/src/test/java/com/google/cloud/dialogflow/v2beta1/VersionsClientTest.java:[265,33] ofProjectAgentName(java.lang.String) in com.google.cloud.dialogflow.v2beta1.AgentName has been deprecated
[WARNING] /home/gabsko/breaking-updates/google-cloud-dialogflow/src/test/java/com/google/cloud/dialogflow/v2beta1/VersionsClientTest.java:[289,35] ofProjectAgentName(java.lang.String) in com.google.cloud.dialogflow.v2beta1.AgentName has been deprecated
[WARNING] /home/gabsko/breaking-updates/google-cloud-dialogflow/src/test/java/com/google/cloud/dialogflow/v2beta1/AnswerRecordsClientTest.java:[96,41] getAnswerRecord(com.google.cloud.dialogflow.v2beta1.GetAnswerRecordRequest) in com.google.cloud.dialogflow.v2beta1.AnswerRecordsClient has been deprecated
[WARNING] /home/gabsko/breaking-updates/google-cloud-dialogflow/src/test/java/com/google/cloud/dialogflow/v2beta1/AnswerRecordsClientTest.java:[118,13] getAnswerRecord(com.google.cloud.dialogflow.v2beta1.GetAnswerRecordRequest) in com.google.cloud.dialogflow.v2beta1.AnswerRecordsClient has been deprecated
[WARNING] /home/gabsko/breaking-updates/google-cloud-dialogflow/src/test/java/com/google/cloud/dialogflow/v2beta1/EntityTypesClientTest.java:[98,33] ofProjectAgentName(java.lang.String) in com.google.cloud.dialogflow.v2beta1.AgentName has been deprecated
[WARNING] /home/gabsko/breaking-updates/google-cloud-dialogflow/src/test/java/com/google/cloud/dialogflow/v2beta1/EntityTypesClientTest.java:[124,35] ofProjectAgentName(java.lang.String) in com.google.cloud.dialogflow.v2beta1.AgentName has been deprecated
[WARNING] /home/gabsko/breaking-updates/google-cloud-dialogflow/src/test/java/com/google/cloud/dialogflow/v2beta1/EntityTypesClientTest.java:[186,33] ofProjectAgentName(java.lang.String) in com.google.cloud.dialogflow.v2beta1.AgentName has been deprecated
[WARNING] /home/gabsko/breaking-updates/google-cloud-dialogflow/src/test/java/com/google/cloud/dialogflow/v2beta1/EntityTypesClientTest.java:[214,35] ofProjectAgentName(java.lang.String) in com.google.cloud.dialogflow.v2beta1.AgentName has been deprecated
[WARNING] /home/gabsko/breaking-updates/google-cloud-dialogflow/src/test/java/com/google/cloud/dialogflow/v2beta1/EntityTypesClientTest.java:[456,33] ofProjectAgentName(java.lang.String) in com.google.cloud.dialogflow.v2beta1.AgentName has been deprecated
[WARNING] /home/gabsko/breaking-updates/google-cloud-dialogflow/src/test/java/com/google/cloud/dialogflow/v2beta1/EntityTypesClientTest.java:[480,35] ofProjectAgentName(java.lang.String) in com.google.cloud.dialogflow.v2beta1.AgentName has been deprecated
[WARNING] /home/gabsko/breaking-updates/google-cloud-dialogflow/src/test/java/com/google/cloud/dialogflow/v2beta1/EntityTypesClientTest.java:[546,33] ofProjectAgentName(java.lang.String) in com.google.cloud.dialogflow.v2beta1.AgentName has been deprecated
[WARNING] /home/gabsko/breaking-updates/google-cloud-dialogflow/src/test/java/com/google/cloud/dialogflow/v2beta1/EntityTypesClientTest.java:[572,35] ofProjectAgentName(java.lang.String) in com.google.cloud.dialogflow.v2beta1.AgentName has been deprecated
[WARNING] /home/gabsko/breaking-updates/google-cloud-dialogflow/src/test/java/com/google/cloud/dialogflow/v2beta1/EntityTypesClientTest.java:[849,33] ofProjectAgentName(java.lang.String) in com.google.cloud.dialogflow.v2beta1.AgentName has been deprecated
[WARNING] /home/gabsko/breaking-updates/google-cloud-dialogflow/src/test/java/com/google/cloud/dialogflow/v2beta1/EntityTypesClientTest.java:[883,35] ofProjectAgentName(java.lang.String) in com.google.cloud.dialogflow.v2beta1.AgentName has been deprecated
[WARNING] /home/gabsko/breaking-updates/google-cloud-dialogflow/src/test/java/com/google/cloud/dialogflow/v2beta1/EntityTypesClientTest.java:[907,33] ofProjectAgentName(java.lang.String) in com.google.cloud.dialogflow.v2beta1.AgentName has been deprecated
[WARNING] /home/gabsko/breaking-updates/google-cloud-dialogflow/src/test/java/com/google/cloud/dialogflow/v2beta1/EntityTypesClientTest.java:[931,35] ofProjectAgentName(java.lang.String) in com.google.cloud.dialogflow.v2beta1.AgentName has been deprecated
[WARNING] /home/gabsko/breaking-updates/google-cloud-dialogflow/src/test/java/com/google/cloud/dialogflow/v2/it/ITSystemTest.java:[191,66] getMatchMode() in com.google.cloud.dialogflow.v2.Agent has been deprecated
[WARNING] /home/gabsko/breaking-updates/google-cloud-dialogflow/src/test/java/com/google/cloud/dialogflow/v2/it/ITSystemTest.java:[206,64] getMatchMode() in com.google.cloud.dialogflow.v2.Agent has been deprecated
[WARNING] /home/gabsko/breaking-updates/google-cloud-dialogflow/src/test/java/com/google/cloud/dialogflow/v2/SessionsClientTest.java:[193,13] setSingleUtterance(boolean) in com.google.cloud.dialogflow.v2.StreamingDetectIntentRequest.Builder has been deprecated
[WARNING] /home/gabsko/breaking-updates/google-cloud-dialogflow/src/test/java/com/google/cloud/dialogflow/v2/SessionsClientTest.java:[204,17] bidiStreamingCall(com.google.api.gax.rpc.ApiStreamObserver<ResponseT>) in com.google.api.gax.rpc.BidiStreamingCallable has been deprecated
[WARNING] /home/gabsko/breaking-updates/google-cloud-dialogflow/src/test/java/com/google/cloud/dialogflow/v2/SessionsClientTest.java:[223,13] setSingleUtterance(boolean) in com.google.cloud.dialogflow.v2.StreamingDetectIntentRequest.Builder has been deprecated
[WARNING] /home/gabsko/breaking-updates/google-cloud-dialogflow/src/test/java/com/google/cloud/dialogflow/v2/SessionsClientTest.java:[234,17] bidiStreamingCall(com.google.api.gax.rpc.ApiStreamObserver<ResponseT>) in com.google.api.gax.rpc.BidiStreamingCallable has been deprecated
[WARNING] /home/gabsko/breaking-updates/google-cloud-dialogflow/src/test/java/com/google/cloud/dialogflow/v2beta1/SessionsClientTest.java:[197,13] setSingleUtterance(boolean) in com.google.cloud.dialogflow.v2beta1.StreamingDetectIntentRequest.Builder has been deprecated
[WARNING] /home/gabsko/breaking-updates/google-cloud-dialogflow/src/test/java/com/google/cloud/dialogflow/v2beta1/SessionsClientTest.java:[208,17] bidiStreamingCall(com.google.api.gax.rpc.ApiStreamObserver<ResponseT>) in com.google.api.gax.rpc.BidiStreamingCallable has been deprecated
[WARNING] /home/gabsko/breaking-updates/google-cloud-dialogflow/src/test/java/com/google/cloud/dialogflow/v2beta1/SessionsClientTest.java:[227,13] setSingleUtterance(boolean) in com.google.cloud.dialogflow.v2beta1.StreamingDetectIntentRequest.Builder has been deprecated
[WARNING] /home/gabsko/breaking-updates/google-cloud-dialogflow/src/test/java/com/google/cloud/dialogflow/v2beta1/SessionsClientTest.java:[238,17] bidiStreamingCall(com.google.api.gax.rpc.ApiStreamObserver<ResponseT>) in com.google.api.gax.rpc.BidiStreamingCallable has been deprecated
[WARNING] /home/gabsko/breaking-updates/google-cloud-dialogflow/src/test/java/com/google/cloud/dialogflow/v2beta1/ParticipantsClientTest.java:[861,5] com.google.cloud.dialogflow.v2beta1.Suggestion in com.google.cloud.dialogflow.v2beta1 has been deprecated
[WARNING] /home/gabsko/breaking-updates/google-cloud-dialogflow/src/test/java/com/google/cloud/dialogflow/v2beta1/ParticipantsClientTest.java:[861,35] com.google.cloud.dialogflow.v2beta1.Suggestion in com.google.cloud.dialogflow.v2beta1 has been deprecated
[WARNING] /home/gabsko/breaking-updates/google-cloud-dialogflow/src/test/java/com/google/cloud/dialogflow/v2beta1/ParticipantsClientTest.java:[862,5] com.google.cloud.dialogflow.v2beta1.ListSuggestionsResponse in com.google.cloud.dialogflow.v2beta1 has been deprecated
[WARNING] /home/gabsko/breaking-updates/google-cloud-dialogflow/src/test/java/com/google/cloud/dialogflow/v2beta1/ParticipantsClientTest.java:[863,9] com.google.cloud.dialogflow.v2beta1.ListSuggestionsResponse in com.google.cloud.dialogflow.v2beta1 has been deprecated
[WARNING] /home/gabsko/breaking-updates/google-cloud-dialogflow/src/test/java/com/google/cloud/dialogflow/v2beta1/ParticipantsClientTest.java:[869,5] com.google.cloud.dialogflow.v2beta1.ListSuggestionsRequest in com.google.cloud.dialogflow.v2beta1 has been deprecated
[WARNING] /home/gabsko/breaking-updates/google-cloud-dialogflow/src/test/java/com/google/cloud/dialogflow/v2beta1/ParticipantsClientTest.java:[870,9] com.google.cloud.dialogflow.v2beta1.ListSuggestionsRequest in com.google.cloud.dialogflow.v2beta1 has been deprecated
[WARNING] /home/gabsko/breaking-updates/google-cloud-dialogflow/src/test/java/com/google/cloud/dialogflow/v2beta1/ParticipantsClientTest.java:[877,60] listSuggestions(com.google.cloud.dialogflow.v2beta1.ListSuggestionsRequest) in com.google.cloud.dialogflow.v2beta1.ParticipantsClient has been deprecated
[WARNING] /home/gabsko/breaking-updates/google-cloud-dialogflow/src/test/java/com/google/cloud/dialogflow/v2beta1/ParticipantsClientTest.java:[879,10] com.google.cloud.dialogflow.v2beta1.Suggestion in com.google.cloud.dialogflow.v2beta1 has been deprecated
[WARNING] /home/gabsko/breaking-updates/google-cloud-dialogflow/src/test/java/com/google/cloud/dialogflow/v2beta1/ParticipantsClientTest.java:[886,5] com.google.cloud.dialogflow.v2beta1.ListSuggestionsRequest in com.google.cloud.dialogflow.v2beta1 has been deprecated
[WARNING] /home/gabsko/breaking-updates/google-cloud-dialogflow/src/test/java/com/google/cloud/dialogflow/v2beta1/ParticipantsClientTest.java:[886,46] com.google.cloud.dialogflow.v2beta1.ListSuggestionsRequest in com.google.cloud.dialogflow.v2beta1 has been deprecated
[WARNING] /home/gabsko/breaking-updates/google-cloud-dialogflow/src/test/java/com/google/cloud/dialogflow/v2beta1/ParticipantsClientTest.java:[904,7] com.google.cloud.dialogflow.v2beta1.ListSuggestionsRequest in com.google.cloud.dialogflow.v2beta1 has been deprecated
[WARNING] /home/gabsko/breaking-updates/google-cloud-dialogflow/src/test/java/com/google/cloud/dialogflow/v2beta1/ParticipantsClientTest.java:[905,11] com.google.cloud.dialogflow.v2beta1.ListSuggestionsRequest in com.google.cloud.dialogflow.v2beta1 has been deprecated
[WARNING] /home/gabsko/breaking-updates/google-cloud-dialogflow/src/test/java/com/google/cloud/dialogflow/v2beta1/ParticipantsClientTest.java:[911,13] listSuggestions(com.google.cloud.dialogflow.v2beta1.ListSuggestionsRequest) in com.google.cloud.dialogflow.v2beta1.ParticipantsClient has been deprecated
[WARNING] /home/gabsko/breaking-updates/google-cloud-dialogflow/src/test/java/com/google/cloud/dialogflow/v2beta1/ParticipantsClientTest.java:[920,5] com.google.cloud.dialogflow.v2beta1.CompileSuggestionResponse in com.google.cloud.dialogflow.v2beta1 has been deprecated
[WARNING] /home/gabsko/breaking-updates/google-cloud-dialogflow/src/test/java/com/google/cloud/dialogflow/v2beta1/ParticipantsClientTest.java:[921,9] com.google.cloud.dialogflow.v2beta1.CompileSuggestionResponse in com.google.cloud.dialogflow.v2beta1 has been deprecated
[WARNING] /home/gabsko/breaking-updates/google-cloud-dialogflow/src/test/java/com/google/cloud/dialogflow/v2beta1/ParticipantsClientTest.java:[922,28] com.google.cloud.dialogflow.v2beta1.Suggestion in com.google.cloud.dialogflow.v2beta1 has been deprecated
[WARNING] /home/gabsko/breaking-updates/google-cloud-dialogflow/src/test/java/com/google/cloud/dialogflow/v2beta1/ParticipantsClientTest.java:[928,5] com.google.cloud.dialogflow.v2beta1.CompileSuggestionRequest in com.google.cloud.dialogflow.v2beta1 has been deprecated
[WARNING] /home/gabsko/breaking-updates/google-cloud-dialogflow/src/test/java/com/google/cloud/dialogflow/v2beta1/ParticipantsClientTest.java:[929,9] com.google.cloud.dialogflow.v2beta1.CompileSuggestionRequest in com.google.cloud.dialogflow.v2beta1 has been deprecated
[WARNING] /home/gabsko/breaking-updates/google-cloud-dialogflow/src/test/java/com/google/cloud/dialogflow/v2beta1/ParticipantsClientTest.java:[935,5] com.google.cloud.dialogflow.v2beta1.CompileSuggestionResponse in com.google.cloud.dialogflow.v2beta1 has been deprecated
[WARNING] /home/gabsko/breaking-updates/google-cloud-dialogflow/src/test/java/com/google/cloud/dialogflow/v2beta1/ParticipantsClientTest.java:[935,54] compileSuggestion(com.google.cloud.dialogflow.v2beta1.CompileSuggestionRequest) in com.google.cloud.dialogflow.v2beta1.ParticipantsClient has been deprecated
[WARNING] /home/gabsko/breaking-updates/google-cloud-dialogflow/src/test/java/com/google/cloud/dialogflow/v2beta1/ParticipantsClientTest.java:[940,5] com.google.cloud.dialogflow.v2beta1.CompileSuggestionRequest in com.google.cloud.dialogflow.v2beta1 has been deprecated
[WARNING] /home/gabsko/breaking-updates/google-cloud-dialogflow/src/test/java/com/google/cloud/dialogflow/v2beta1/ParticipantsClientTest.java:[940,48] com.google.cloud.dialogflow.v2beta1.CompileSuggestionRequest in com.google.cloud.dialogflow.v2beta1 has been deprecated
[WARNING] /home/gabsko/breaking-updates/google-cloud-dialogflow/src/test/java/com/google/cloud/dialogflow/v2beta1/ParticipantsClientTest.java:[957,7] com.google.cloud.dialogflow.v2beta1.CompileSuggestionRequest in com.google.cloud.dialogflow.v2beta1 has been deprecated
[WARNING] /home/gabsko/breaking-updates/google-cloud-dialogflow/src/test/java/com/google/cloud/dialogflow/v2beta1/ParticipantsClientTest.java:[958,11] com.google.cloud.dialogflow.v2beta1.CompileSuggestionRequest in com.google.cloud.dialogflow.v2beta1 has been deprecated
[WARNING] /home/gabsko/breaking-updates/google-cloud-dialogflow/src/test/java/com/google/cloud/dialogflow/v2beta1/ParticipantsClientTest.java:[963,13] compileSuggestion(com.google.cloud.dialogflow.v2beta1.CompileSuggestionRequest) in com.google.cloud.dialogflow.v2beta1.ParticipantsClient has been deprecated
[INFO] 
[INFO] --- animal-sniffer-maven-plugin:1.20:check (java8) @ google-cloud-dialogflow ---
[INFO] Checking unresolved references to org.codehaus.mojo.signature:java18:1.0
[INFO] 
[INFO] --- maven-surefire-plugin:3.0.0-M5:test (default-test) @ google-cloud-dialogflow ---
[INFO] 
[INFO] -------------------------------------------------------
[INFO]  T E S T S
[INFO] -------------------------------------------------------
[INFO] Running com.google.cloud.dialogflow.v2beta1.AgentsClientTest
[INFO] Tests run: 38, Failures: 0, Errors: 0, Skipped: 0, Time elapsed: 0.873 s - in com.google.cloud.dialogflow.v2beta1.AgentsClientTest
[INFO] Running com.google.cloud.dialogflow.v2beta1.EntityTypesClientTest
[INFO] Tests run: 64, Failures: 0, Errors: 0, Skipped: 0, Time elapsed: 0.233 s - in com.google.cloud.dialogflow.v2beta1.EntityTypesClientTest
[INFO] Running com.google.cloud.dialogflow.v2beta1.EnvironmentsClientTest
[INFO] Tests run: 14, Failures: 0, Errors: 0, Skipped: 0, Time elapsed: 0.079 s - in com.google.cloud.dialogflow.v2beta1.EnvironmentsClientTest
[INFO] Running com.google.cloud.dialogflow.v2beta1.DocumentsClientTest
[INFO] Tests run: 26, Failures: 0, Errors: 0, Skipped: 0, Time elapsed: 0.156 s - in com.google.cloud.dialogflow.v2beta1.DocumentsClientTest
[INFO] Running com.google.cloud.dialogflow.v2beta1.ContextsClientTest
[INFO] Tests run: 24, Failures: 0, Errors: 0, Skipped: 0, Time elapsed: 0.103 s - in com.google.cloud.dialogflow.v2beta1.ContextsClientTest
[INFO] Running com.google.cloud.dialogflow.v2beta1.ConversationProfilesClientTest
[INFO] Tests run: 22, Failures: 0, Errors: 0, Skipped: 0, Time elapsed: 0.1 s - in com.google.cloud.dialogflow.v2beta1.ConversationProfilesClientTest
[INFO] Running com.google.cloud.dialogflow.v2beta1.FulfillmentsClientTest
[INFO] Tests run: 6, Failures: 0, Errors: 0, Skipped: 0, Time elapsed: 0.079 s - in com.google.cloud.dialogflow.v2beta1.FulfillmentsClientTest
[INFO] Running com.google.cloud.dialogflow.v2beta1.KnowledgeBasesClientTest
[INFO] Tests run: 24, Failures: 0, Errors: 0, Skipped: 0, Time elapsed: 0.075 s - in com.google.cloud.dialogflow.v2beta1.KnowledgeBasesClientTest
[INFO] Running com.google.cloud.dialogflow.v2beta1.ParticipantsClientTest
[INFO] Tests run: 38, Failures: 0, Errors: 0, Skipped: 0, Time elapsed: 0.236 s - in com.google.cloud.dialogflow.v2beta1.ParticipantsClientTest
[INFO] Running com.google.cloud.dialogflow.v2beta1.SessionEntityTypesClientTest
[INFO] Tests run: 20, Failures: 0, Errors: 0, Skipped: 0, Time elapsed: 0.055 s - in com.google.cloud.dialogflow.v2beta1.SessionEntityTypesClientTest
[INFO] Running com.google.cloud.dialogflow.v2beta1.VersionsClientTest
[INFO] Tests run: 18, Failures: 0, Errors: 0, Skipped: 0, Time elapsed: 0.047 s - in com.google.cloud.dialogflow.v2beta1.VersionsClientTest
[INFO] Running com.google.cloud.dialogflow.v2beta1.SessionsClientTest
[INFO] Tests run: 6, Failures: 0, Errors: 0, Skipped: 0, Time elapsed: 0.079 s - in com.google.cloud.dialogflow.v2beta1.SessionsClientTest
[INFO] Running com.google.cloud.dialogflow.v2beta1.ConversationsClientTest
[INFO] Tests run: 28, Failures: 0, Errors: 0, Skipped: 0, Time elapsed: 0.083 s - in com.google.cloud.dialogflow.v2beta1.ConversationsClientTest
[INFO] Running com.google.cloud.dialogflow.v2beta1.AnswerRecordsClientTest
[INFO] Tests run: 10, Failures: 0, Errors: 0, Skipped: 0, Time elapsed: 0.042 s - in com.google.cloud.dialogflow.v2beta1.AnswerRecordsClientTest
[INFO] Running com.google.cloud.dialogflow.v2beta1.IntentsClientTest
[INFO] Tests run: 48, Failures: 0, Errors: 0, Skipped: 0, Time elapsed: 0.144 s - in com.google.cloud.dialogflow.v2beta1.IntentsClientTest
[INFO] Running com.google.cloud.dialogflow.v2.AgentsClientTest
[INFO] Tests run: 38, Failures: 0, Errors: 0, Skipped: 0, Time elapsed: 0.148 s - in com.google.cloud.dialogflow.v2.AgentsClientTest
[INFO] Running com.google.cloud.dialogflow.v2.EntityTypesClientTest
[INFO] Tests run: 62, Failures: 0, Errors: 0, Skipped: 0, Time elapsed: 0.159 s - in com.google.cloud.dialogflow.v2.EntityTypesClientTest
[INFO] Running com.google.cloud.dialogflow.v2.EnvironmentsClientTest
[INFO] Tests run: 14, Failures: 0, Errors: 0, Skipped: 0, Time elapsed: 0.148 s - in com.google.cloud.dialogflow.v2.EnvironmentsClientTest
[INFO] Running com.google.cloud.dialogflow.v2.DocumentsClientTest
[INFO] Tests run: 26, Failures: 0, Errors: 0, Skipped: 0, Time elapsed: 0.125 s - in com.google.cloud.dialogflow.v2.DocumentsClientTest
[INFO] Running com.google.cloud.dialogflow.v2.ContextsClientTest
[INFO] Tests run: 22, Failures: 0, Errors: 0, Skipped: 0, Time elapsed: 0.072 s - in com.google.cloud.dialogflow.v2.ContextsClientTest
[INFO] Running com.google.cloud.dialogflow.v2.ConversationProfilesClientTest
[INFO] Tests run: 22, Failures: 0, Errors: 0, Skipped: 0, Time elapsed: 0.06 s - in com.google.cloud.dialogflow.v2.ConversationProfilesClientTest
[INFO] Running com.google.cloud.dialogflow.v2.FulfillmentsClientTest
[INFO] Tests run: 6, Failures: 0, Errors: 0, Skipped: 0, Time elapsed: 0.039 s - in com.google.cloud.dialogflow.v2.FulfillmentsClientTest
[INFO] Running com.google.cloud.dialogflow.v2.KnowledgeBasesClientTest
[INFO] Tests run: 22, Failures: 0, Errors: 0, Skipped: 0, Time elapsed: 0.058 s - in com.google.cloud.dialogflow.v2.KnowledgeBasesClientTest
[INFO] Running com.google.cloud.dialogflow.v2.ParticipantsClientTest
[INFO] Tests run: 34, Failures: 0, Errors: 0, Skipped: 0, Time elapsed: 0.183 s - in com.google.cloud.dialogflow.v2.ParticipantsClientTest
[INFO] Running com.google.cloud.dialogflow.v2.SessionEntityTypesClientTest
[INFO] Tests run: 20, Failures: 0, Errors: 0, Skipped: 0, Time elapsed: 0.064 s - in com.google.cloud.dialogflow.v2.SessionEntityTypesClientTest
[INFO] Running com.google.cloud.dialogflow.v2.VersionsClientTest
[INFO] Tests run: 18, Failures: 0, Errors: 0, Skipped: 0, Time elapsed: 0.057 s - in com.google.cloud.dialogflow.v2.VersionsClientTest
[INFO] Running com.google.cloud.dialogflow.v2.SessionsClientTest
[INFO] Tests run: 6, Failures: 0, Errors: 0, Skipped: 0, Time elapsed: 0.05 s - in com.google.cloud.dialogflow.v2.SessionsClientTest
[INFO] Running com.google.cloud.dialogflow.v2.ConversationsClientTest
[INFO] Tests run: 24, Failures: 0, Errors: 0, Skipped: 0, Time elapsed: 0.097 s - in com.google.cloud.dialogflow.v2.ConversationsClientTest
[INFO] Running com.google.cloud.dialogflow.v2.AnswerRecordsClientTest
[INFO] Tests run: 8, Failures: 0, Errors: 0, Skipped: 0, Time elapsed: 0.053 s - in com.google.cloud.dialogflow.v2.AnswerRecordsClientTest
[INFO] Running com.google.cloud.dialogflow.v2.IntentsClientTest
[INFO] Tests run: 44, Failures: 0, Errors: 0, Skipped: 0, Time elapsed: 0.085 s - in com.google.cloud.dialogflow.v2.IntentsClientTest
[INFO] 
[INFO] Results:
[INFO] 
[INFO] Tests run: 752, Failures: 0, Errors: 0, Skipped: 0
[INFO] 
[INFO] 
[INFO] --- jacoco-maven-plugin:0.8.7:report (report) @ google-cloud-dialogflow ---
[INFO] Loading execution data file /home/gabsko/breaking-updates/google-cloud-dialogflow/target/jacoco.exec
[INFO] Analyzed bundle 'Google Cloud Dialog Flow API' with 395 classes
[INFO] 
[INFO] ------------< com.google.cloud:google-cloud-dialogflow-bom >------------
[INFO] Building Google Cloud Dialogflow BOM 4.5.6-SNAPSHOT                [7/7]
[INFO] --------------------------------[ pom ]---------------------------------
[INFO] 
[INFO] --- maven-clean-plugin:2.5:clean (default-clean) @ google-cloud-dialogflow-bom ---
[INFO] 
[INFO] --- maven-enforcer-plugin:3.0.0-M3:enforce (enforce) @ google-cloud-dialogflow-bom ---
[INFO] Adding ignore: module-info
[INFO] Adding ignore: META-INF/versions/*/module-info
[INFO] 
[INFO] --- maven-checkstyle-plugin:3.1.2:check (checkstyle) @ google-cloud-dialogflow-bom ---
[INFO] 
[INFO] --- jacoco-maven-plugin:0.8.7:prepare-agent (default) @ google-cloud-dialogflow-bom ---
[INFO] argLine set to -javaagent:/home/gabsko/.m2/repository/org/jacoco/org.jacoco.agent/0.8.7/org.jacoco.agent-0.8.7-runtime.jar=destfile=/home/gabsko/breaking-updates/google-cloud-dialogflow-bom/target/jacoco.exec
[INFO] 
[INFO] --- build-helper-maven-plugin:3.3.0:add-resource (add-main-proto-resources) @ google-cloud-dialogflow-bom ---
[INFO] 
[INFO] --- build-helper-maven-plugin:3.3.0:add-test-resource (add-test-proto-resources) @ google-cloud-dialogflow-bom ---
[INFO] 
[INFO] --- animal-sniffer-maven-plugin:1.20:check (java8) @ google-cloud-dialogflow-bom ---
[INFO] Checking unresolved references to org.codehaus.mojo.signature:java18:1.0
[INFO] 
[INFO] --- jacoco-maven-plugin:0.8.7:report (report) @ google-cloud-dialogflow-bom ---
[INFO] Skipping JaCoCo execution due to missing execution data file.
[INFO] ------------------------------------------------------------------------
[INFO] Reactor Summary:
[INFO] 
[INFO] Google Cloud Dialog Flow API Parent 4.5.6-SNAPSHOT . SUCCESS [  1.225 s]
[INFO] proto-google-cloud-dialogflow-v2 4.5.6-SNAPSHOT .... SUCCESS [  8.712 s]
[INFO] proto-google-cloud-dialogflow-v2beta1 0.103.6-SNAPSHOT SUCCESS [  7.206 s]
[INFO] grpc-google-cloud-dialogflow-v2beta1 0.103.6-SNAPSHOT SUCCESS [  1.116 s]
[INFO] grpc-google-cloud-dialogflow-v2 4.5.6-SNAPSHOT ..... SUCCESS [  0.909 s]
[INFO] Google Cloud Dialog Flow API 4.5.6-SNAPSHOT ........ SUCCESS [  9.032 s]
[INFO] Google Cloud Dialogflow BOM 4.5.6-SNAPSHOT ......... SUCCESS [  0.324 s]
[INFO] ------------------------------------------------------------------------
[INFO] BUILD SUCCESS
[INFO] ------------------------------------------------------------------------
[INFO] Total time:  28.966 s
[INFO] Finished at: 2023-02-08T21:43:25Z
[INFO] ------------------------------------------------------------------------
