[INFO] Scanning for projects...
[INFO] 
[INFO] -----------------------< org.mybatis:jpetstore >------------------------
[INFO] Building JPetStore Demo 6 6.0.3-SNAPSHOT
[INFO] --------------------------------[ war ]---------------------------------
[INFO] 
[INFO] --- maven-clean-plugin:3.2.0:clean (default-clean) @ jpetstore ---
[INFO] Deleting /home/gabsko/breaking-updates/target
[INFO] 
[INFO] --- maven-enforcer-plugin:3.1.0:enforce (enforce-java) @ jpetstore ---
[INFO] Adding ignore: module-info
[INFO] 
[INFO] --- git-commit-id-maven-plugin:5.0.0:revision (git-commit-id) @ jpetstore ---
[INFO] 
[INFO] --- jacoco-maven-plugin:0.8.8:prepare-agent (prepare-agent) @ jpetstore ---
[INFO] argLine set to -javaagent:/home/gabsko/.m2/repository/org/jacoco/org.jacoco.agent/0.8.8/org.jacoco.agent-0.8.8-runtime.jar=destfile=/home/gabsko/breaking-updates/target/jacoco.exec -Djdk.attach.allowAttachSelf
[INFO] 
[INFO] --- whitespace-maven-plugin:1.0.4:trim (default) @ jpetstore ---
[INFO] 
[INFO] --- formatter-maven-plugin:2.20.0:format (default) @ jpetstore ---
[INFO] Processed 41 files in 946ms (Formatted: 0, Unchanged: 41, Failed: 0, Readonly: 0)
[INFO] 
[INFO] --- impsort-maven-plugin:1.7.0:sort (default) @ jpetstore ---
[INFO] Processed 41 files in 00:00.369 (Already Sorted: 41, Needed Sorting: 0)
[INFO] 
[INFO] --- license-maven-plugin:4.2.rc3:format (default) @ jpetstore ---
[INFO] Updating license headers...
[INFO] 
[INFO] --- maven-resources-plugin:3.3.0:resources (default-resources) @ jpetstore ---
[INFO] Copying 10 resources
[INFO] Copying 2 resources to META-INF
[INFO] 
[INFO] --- maven-compiler-plugin:3.10.1:compile (default-compile) @ jpetstore ---
[INFO] Compiling 24 source files to /home/gabsko/breaking-updates/target/classes
[INFO] 
[INFO] --- maven-bundle-plugin:5.1.8:manifest (bundle-manifest) @ jpetstore ---
[INFO] No MANIFEST.MF file found, generating manifest.
[INFO] Writing manifest: /home/gabsko/breaking-updates/target/osgi/MANIFEST.MF
[INFO] 
[INFO] --- maven-resources-plugin:3.3.0:testResources (default-testResources) @ jpetstore ---
[INFO] Copying 1 resource
[INFO] 
[INFO] --- maven-compiler-plugin:3.10.1:testCompile (default-testCompile) @ jpetstore ---
[INFO] Compiling 17 source files to /home/gabsko/breaking-updates/target/test-classes
[INFO] /home/gabsko/breaking-updates/src/test/java/org/mybatis/jpetstore/domain/OrderTest.java: /home/gabsko/breaking-updates/src/test/java/org/mybatis/jpetstore/domain/OrderTest.java uses or overrides a deprecated API.
[INFO] /home/gabsko/breaking-updates/src/test/java/org/mybatis/jpetstore/domain/OrderTest.java: Recompile with -Xlint:deprecation for details.
[INFO] 
[INFO] --- maven-surefire-plugin:3.0.0-M7:test (default-test) @ jpetstore ---
[INFO] Using auto detected provider org.apache.maven.surefire.junitplatform.JUnitPlatformProvider
[INFO] 
[INFO] -------------------------------------------------------
[INFO]  T E S T S
[INFO] -------------------------------------------------------
[INFO] Running org.mybatis.jpetstore.domain.OrderTest
[INFO] Tests run: 1, Failures: 0, Errors: 0, Skipped: 0, Time elapsed: 0.2 s - in org.mybatis.jpetstore.domain.OrderTest
[INFO] Running org.mybatis.jpetstore.domain.CartTest
[INFO] Tests run: 8, Failures: 0, Errors: 0, Skipped: 0, Time elapsed: 0.01 s - in org.mybatis.jpetstore.domain.CartTest
[INFO] Running org.mybatis.jpetstore.web.actions.CatalogActionBeanTest
[INFO] Tests run: 11, Failures: 0, Errors: 0, Skipped: 0, Time elapsed: 0.012 s - in org.mybatis.jpetstore.web.actions.CatalogActionBeanTest
[INFO] Running org.mybatis.jpetstore.web.actions.AccountActionBeanTest
[INFO] Tests run: 6, Failures: 0, Errors: 0, Skipped: 0, Time elapsed: 0.01 s - in org.mybatis.jpetstore.web.actions.AccountActionBeanTest
[INFO] Running org.mybatis.jpetstore.web.actions.OrderActionBeanTest
[INFO] Tests run: 4, Failures: 0, Errors: 0, Skipped: 0, Time elapsed: 0.004 s - in org.mybatis.jpetstore.web.actions.OrderActionBeanTest
[INFO] Running org.mybatis.jpetstore.service.CatalogServiceTest
[INFO] Tests run: 9, Failures: 0, Errors: 0, Skipped: 0, Time elapsed: 0.534 s - in org.mybatis.jpetstore.service.CatalogServiceTest
[INFO] Running org.mybatis.jpetstore.service.AccountServiceTest
[INFO] Tests run: 4, Failures: 0, Errors: 0, Skipped: 0, Time elapsed: 0.038 s - in org.mybatis.jpetstore.service.AccountServiceTest
[INFO] Running org.mybatis.jpetstore.service.OrderServiceTest
[INFO] Tests run: 6, Failures: 0, Errors: 0, Skipped: 0, Time elapsed: 0.051 s - in org.mybatis.jpetstore.service.OrderServiceTest
[INFO] Running org.mybatis.jpetstore.mapper.SequenceMapperTest
[main] INFO org.springframework.test.context.support.DefaultTestContextBootstrapper - Loaded default TestExecutionListener class names from location [META-INF/spring.factories]: [org.springframework.test.context.web.ServletTestExecutionListener, org.springframework.test.context.support.DirtiesContextBeforeModesTestExecutionListener, org.springframework.test.context.event.ApplicationEventsTestExecutionListener, org.springframework.test.context.support.DependencyInjectionTestExecutionListener, org.springframework.test.context.support.DirtiesContextTestExecutionListener, org.springframework.test.context.transaction.TransactionalTestExecutionListener, org.springframework.test.context.jdbc.SqlScriptsTestExecutionListener, org.springframework.test.context.event.EventPublishingTestExecutionListener]
[main] INFO org.springframework.test.context.support.DefaultTestContextBootstrapper - Using TestExecutionListeners: [org.springframework.test.context.web.ServletTestExecutionListener@4eee730c, org.springframework.test.context.support.DirtiesContextBeforeModesTestExecutionListener@1b1d1558, org.springframework.test.context.event.ApplicationEventsTestExecutionListener@6cc022ac, org.springframework.test.context.support.DependencyInjectionTestExecutionListener@7f219e84, org.springframework.test.context.support.DirtiesContextTestExecutionListener@42eaf47f, org.springframework.test.context.transaction.TransactionalTestExecutionListener@312e8eaf, org.springframework.test.context.jdbc.SqlScriptsTestExecutionListener@5c960f64, org.springframework.test.context.event.EventPublishingTestExecutionListener@2f307fcc]
[main] INFO org.springframework.jdbc.datasource.embedded.EmbeddedDatabaseFactory - Starting embedded database: url='jdbc:hsqldb:mem:145b0ce6-abea-40be-a152-3726f894c8f3', username='sa'
[main] INFO org.springframework.test.context.transaction.TransactionContext - Began transaction (1) for test context [DefaultTestContext@53aa86b7 testClass = SequenceMapperTest, testInstance = org.mybatis.jpetstore.mapper.SequenceMapperTest@3c7ca576, testMethod = updateSequence@SequenceMapperTest, testException = [null], mergedContextConfiguration = [MergedContextConfiguration@532f4545 testClass = SequenceMapperTest, locations = '{}', classes = '{class org.mybatis.jpetstore.mapper.MapperTestContext}', contextInitializerClasses = '[]', activeProfiles = '{}', propertySourceLocations = '{}', propertySourceProperties = '{}', contextCustomizers = set[[empty]], contextLoader = 'org.springframework.test.context.support.DelegatingSmartContextLoader', parent = [null]], attributes = map['org.springframework.test.context.event.ApplicationEventsTestExecutionListener.recordApplicationEvents' -> false]]; transaction manager [org.springframework.jdbc.datasource.DataSourceTransactionManager@5b0d4f1f]; rollback [true]
[main] INFO org.springframework.test.context.transaction.TransactionContext - Rolled back transaction for test: [DefaultTestContext@53aa86b7 testClass = SequenceMapperTest, testInstance = org.mybatis.jpetstore.mapper.SequenceMapperTest@3c7ca576, testMethod = updateSequence@SequenceMapperTest, testException = [null], mergedContextConfiguration = [MergedContextConfiguration@532f4545 testClass = SequenceMapperTest, locations = '{}', classes = '{class org.mybatis.jpetstore.mapper.MapperTestContext}', contextInitializerClasses = '[]', activeProfiles = '{}', propertySourceLocations = '{}', propertySourceProperties = '{}', contextCustomizers = set[[empty]], contextLoader = 'org.springframework.test.context.support.DelegatingSmartContextLoader', parent = [null]], attributes = map['org.springframework.test.context.event.ApplicationEventsTestExecutionListener.recordApplicationEvents' -> false]]
[main] INFO org.springframework.test.context.transaction.TransactionContext - Began transaction (1) for test context [DefaultTestContext@53aa86b7 testClass = SequenceMapperTest, testInstance = org.mybatis.jpetstore.mapper.SequenceMapperTest@5af3630a, testMethod = getSequence@SequenceMapperTest, testException = [null], mergedContextConfiguration = [MergedContextConfiguration@532f4545 testClass = SequenceMapperTest, locations = '{}', classes = '{class org.mybatis.jpetstore.mapper.MapperTestContext}', contextInitializerClasses = '[]', activeProfiles = '{}', propertySourceLocations = '{}', propertySourceProperties = '{}', contextCustomizers = set[[empty]], contextLoader = 'org.springframework.test.context.support.DelegatingSmartContextLoader', parent = [null]], attributes = map['org.springframework.test.context.event.ApplicationEventsTestExecutionListener.recordApplicationEvents' -> false]]; transaction manager [org.springframework.jdbc.datasource.DataSourceTransactionManager@5b0d4f1f]; rollback [true]
[main] INFO org.springframework.test.context.transaction.TransactionContext - Rolled back transaction for test: [DefaultTestContext@53aa86b7 testClass = SequenceMapperTest, testInstance = org.mybatis.jpetstore.mapper.SequenceMapperTest@5af3630a, testMethod = getSequence@SequenceMapperTest, testException = [null], mergedContextConfiguration = [MergedContextConfiguration@532f4545 testClass = SequenceMapperTest, locations = '{}', classes = '{class org.mybatis.jpetstore.mapper.MapperTestContext}', contextInitializerClasses = '[]', activeProfiles = '{}', propertySourceLocations = '{}', propertySourceProperties = '{}', contextCustomizers = set[[empty]], contextLoader = 'org.springframework.test.context.support.DelegatingSmartContextLoader', parent = [null]], attributes = map['org.springframework.test.context.event.ApplicationEventsTestExecutionListener.recordApplicationEvents' -> false]]
[INFO] Tests run: 2, Failures: 0, Errors: 0, Skipped: 0, Time elapsed: 1.559 s - in org.mybatis.jpetstore.mapper.SequenceMapperTest
[INFO] Running org.mybatis.jpetstore.mapper.ProductMapperTest
[main] INFO org.springframework.test.context.support.DefaultTestContextBootstrapper - Loaded default TestExecutionListener class names from location [META-INF/spring.factories]: [org.springframework.test.context.web.ServletTestExecutionListener, org.springframework.test.context.support.DirtiesContextBeforeModesTestExecutionListener, org.springframework.test.context.event.ApplicationEventsTestExecutionListener, org.springframework.test.context.support.DependencyInjectionTestExecutionListener, org.springframework.test.context.support.DirtiesContextTestExecutionListener, org.springframework.test.context.transaction.TransactionalTestExecutionListener, org.springframework.test.context.jdbc.SqlScriptsTestExecutionListener, org.springframework.test.context.event.EventPublishingTestExecutionListener]
[main] INFO org.springframework.test.context.support.DefaultTestContextBootstrapper - Using TestExecutionListeners: [org.springframework.test.context.web.ServletTestExecutionListener@de1d842, org.springframework.test.context.support.DirtiesContextBeforeModesTestExecutionListener@50e9e1cd, org.springframework.test.context.event.ApplicationEventsTestExecutionListener@d3784e9, org.springframework.test.context.support.DependencyInjectionTestExecutionListener@12446614, org.springframework.test.context.support.DirtiesContextTestExecutionListener@11648fd6, org.springframework.test.context.transaction.TransactionalTestExecutionListener@e9ce3be, org.springframework.test.context.jdbc.SqlScriptsTestExecutionListener@3fbd3e48, org.springframework.test.context.event.EventPublishingTestExecutionListener@ef88b6d]
[main] INFO org.springframework.test.context.transaction.TransactionContext - Began transaction (1) for test context [DefaultTestContext@42611ed testClass = ProductMapperTest, testInstance = org.mybatis.jpetstore.mapper.ProductMapperTest@4e4f51e7, testMethod = getProduct@ProductMapperTest, testException = [null], mergedContextConfiguration = [MergedContextConfiguration@48649202 testClass = ProductMapperTest, locations = '{}', classes = '{class org.mybatis.jpetstore.mapper.MapperTestContext}', contextInitializerClasses = '[]', activeProfiles = '{}', propertySourceLocations = '{}', propertySourceProperties = '{}', contextCustomizers = set[[empty]], contextLoader = 'org.springframework.test.context.support.DelegatingSmartContextLoader', parent = [null]], attributes = map['org.springframework.test.context.event.ApplicationEventsTestExecutionListener.recordApplicationEvents' -> false]]; transaction manager [org.springframework.jdbc.datasource.DataSourceTransactionManager@5b0d4f1f]; rollback [true]
[main] INFO org.springframework.test.context.transaction.TransactionContext - Rolled back transaction for test: [DefaultTestContext@42611ed testClass = ProductMapperTest, testInstance = org.mybatis.jpetstore.mapper.ProductMapperTest@4e4f51e7, testMethod = getProduct@ProductMapperTest, testException = [null], mergedContextConfiguration = [MergedContextConfiguration@48649202 testClass = ProductMapperTest, locations = '{}', classes = '{class org.mybatis.jpetstore.mapper.MapperTestContext}', contextInitializerClasses = '[]', activeProfiles = '{}', propertySourceLocations = '{}', propertySourceProperties = '{}', contextCustomizers = set[[empty]], contextLoader = 'org.springframework.test.context.support.DelegatingSmartContextLoader', parent = [null]], attributes = map['org.springframework.test.context.event.ApplicationEventsTestExecutionListener.recordApplicationEvents' -> false]]
[main] INFO org.springframework.test.context.transaction.TransactionContext - Began transaction (1) for test context [DefaultTestContext@42611ed testClass = ProductMapperTest, testInstance = org.mybatis.jpetstore.mapper.ProductMapperTest@318979ec, testMethod = searchProductList@ProductMapperTest, testException = [null], mergedContextConfiguration = [MergedContextConfiguration@48649202 testClass = ProductMapperTest, locations = '{}', classes = '{class org.mybatis.jpetstore.mapper.MapperTestContext}', contextInitializerClasses = '[]', activeProfiles = '{}', propertySourceLocations = '{}', propertySourceProperties = '{}', contextCustomizers = set[[empty]], contextLoader = 'org.springframework.test.context.support.DelegatingSmartContextLoader', parent = [null]], attributes = map['org.springframework.test.context.event.ApplicationEventsTestExecutionListener.recordApplicationEvents' -> false]]; transaction manager [org.springframework.jdbc.datasource.DataSourceTransactionManager@5b0d4f1f]; rollback [true]
[Amazon Parrot, Koi, Goldfish, Bulldog, Dalmation, Poodle, Golden Retriever, Labrador Retriever]
[main] INFO org.springframework.test.context.transaction.TransactionContext - Rolled back transaction for test: [DefaultTestContext@42611ed testClass = ProductMapperTest, testInstance = org.mybatis.jpetstore.mapper.ProductMapperTest@318979ec, testMethod = searchProductList@ProductMapperTest, testException = [null], mergedContextConfiguration = [MergedContextConfiguration@48649202 testClass = ProductMapperTest, locations = '{}', classes = '{class org.mybatis.jpetstore.mapper.MapperTestContext}', contextInitializerClasses = '[]', activeProfiles = '{}', propertySourceLocations = '{}', propertySourceProperties = '{}', contextCustomizers = set[[empty]], contextLoader = 'org.springframework.test.context.support.DelegatingSmartContextLoader', parent = [null]], attributes = map['org.springframework.test.context.event.ApplicationEventsTestExecutionListener.recordApplicationEvents' -> false]]
[main] INFO org.springframework.test.context.transaction.TransactionContext - Began transaction (1) for test context [DefaultTestContext@42611ed testClass = ProductMapperTest, testInstance = org.mybatis.jpetstore.mapper.ProductMapperTest@21b5dbc, testMethod = getProductListByCategory@ProductMapperTest, testException = [null], mergedContextConfiguration = [MergedContextConfiguration@48649202 testClass = ProductMapperTest, locations = '{}', classes = '{class org.mybatis.jpetstore.mapper.MapperTestContext}', contextInitializerClasses = '[]', activeProfiles = '{}', propertySourceLocations = '{}', propertySourceProperties = '{}', contextCustomizers = set[[empty]], contextLoader = 'org.springframework.test.context.support.DelegatingSmartContextLoader', parent = [null]], attributes = map['org.springframework.test.context.event.ApplicationEventsTestExecutionListener.recordApplicationEvents' -> false]]; transaction manager [org.springframework.jdbc.datasource.DataSourceTransactionManager@5b0d4f1f]; rollback [true]
[main] INFO org.springframework.test.context.transaction.TransactionContext - Rolled back transaction for test: [DefaultTestContext@42611ed testClass = ProductMapperTest, testInstance = org.mybatis.jpetstore.mapper.ProductMapperTest@21b5dbc, testMethod = getProductListByCategory@ProductMapperTest, testException = [null], mergedContextConfiguration = [MergedContextConfiguration@48649202 testClass = ProductMapperTest, locations = '{}', classes = '{class org.mybatis.jpetstore.mapper.MapperTestContext}', contextInitializerClasses = '[]', activeProfiles = '{}', propertySourceLocations = '{}', propertySourceProperties = '{}', contextCustomizers = set[[empty]], contextLoader = 'org.springframework.test.context.support.DelegatingSmartContextLoader', parent = [null]], attributes = map['org.springframework.test.context.event.ApplicationEventsTestExecutionListener.recordApplicationEvents' -> false]]
[INFO] Tests run: 3, Failures: 0, Errors: 0, Skipped: 0, Time elapsed: 0.021 s - in org.mybatis.jpetstore.mapper.ProductMapperTest
[INFO] Running org.mybatis.jpetstore.mapper.AccountMapperTest
[main] INFO org.springframework.test.context.support.DefaultTestContextBootstrapper - Loaded default TestExecutionListener class names from location [META-INF/spring.factories]: [org.springframework.test.context.web.ServletTestExecutionListener, org.springframework.test.context.support.DirtiesContextBeforeModesTestExecutionListener, org.springframework.test.context.event.ApplicationEventsTestExecutionListener, org.springframework.test.context.support.DependencyInjectionTestExecutionListener, org.springframework.test.context.support.DirtiesContextTestExecutionListener, org.springframework.test.context.transaction.TransactionalTestExecutionListener, org.springframework.test.context.jdbc.SqlScriptsTestExecutionListener, org.springframework.test.context.event.EventPublishingTestExecutionListener]
[main] INFO org.springframework.test.context.support.DefaultTestContextBootstrapper - Using TestExecutionListeners: [org.springframework.test.context.web.ServletTestExecutionListener@784ec44d, org.springframework.test.context.support.DirtiesContextBeforeModesTestExecutionListener@14b45f13, org.springframework.test.context.event.ApplicationEventsTestExecutionListener@15e424cb, org.springframework.test.context.support.DependencyInjectionTestExecutionListener@3021acbe, org.springframework.test.context.support.DirtiesContextTestExecutionListener@3ec37a5b, org.springframework.test.context.transaction.TransactionalTestExecutionListener@8b9f657, org.springframework.test.context.jdbc.SqlScriptsTestExecutionListener@3ccf49f7, org.springframework.test.context.event.EventPublishingTestExecutionListener@136468c]
[main] INFO org.springframework.test.context.transaction.TransactionContext - Began transaction (1) for test context [DefaultTestContext@335cb6cd testClass = AccountMapperTest, testInstance = org.mybatis.jpetstore.mapper.AccountMapperTest@507a8462, testMethod = updateProfile@AccountMapperTest, testException = [null], mergedContextConfiguration = [MergedContextConfiguration@9d7f34a testClass = AccountMapperTest, locations = '{}', classes = '{class org.mybatis.jpetstore.mapper.MapperTestContext}', contextInitializerClasses = '[]', activeProfiles = '{}', propertySourceLocations = '{}', propertySourceProperties = '{}', contextCustomizers = set[[empty]], contextLoader = 'org.springframework.test.context.support.DelegatingSmartContextLoader', parent = [null]], attributes = map['org.springframework.test.context.event.ApplicationEventsTestExecutionListener.recordApplicationEvents' -> false]]; transaction manager [org.springframework.jdbc.datasource.DataSourceTransactionManager@5b0d4f1f]; rollback [true]
[main] INFO org.springframework.test.context.transaction.TransactionContext - Rolled back transaction for test: [DefaultTestContext@335cb6cd testClass = AccountMapperTest, testInstance = org.mybatis.jpetstore.mapper.AccountMapperTest@507a8462, testMethod = updateProfile@AccountMapperTest, testException = [null], mergedContextConfiguration = [MergedContextConfiguration@9d7f34a testClass = AccountMapperTest, locations = '{}', classes = '{class org.mybatis.jpetstore.mapper.MapperTestContext}', contextInitializerClasses = '[]', activeProfiles = '{}', propertySourceLocations = '{}', propertySourceProperties = '{}', contextCustomizers = set[[empty]], contextLoader = 'org.springframework.test.context.support.DelegatingSmartContextLoader', parent = [null]], attributes = map['org.springframework.test.context.event.ApplicationEventsTestExecutionListener.recordApplicationEvents' -> false]]
[main] INFO org.springframework.test.context.transaction.TransactionContext - Began transaction (1) for test context [DefaultTestContext@335cb6cd testClass = AccountMapperTest, testInstance = org.mybatis.jpetstore.mapper.AccountMapperTest@6c087c64, testMethod = getAccountByUsername@AccountMapperTest, testException = [null], mergedContextConfiguration = [MergedContextConfiguration@9d7f34a testClass = AccountMapperTest, locations = '{}', classes = '{class org.mybatis.jpetstore.mapper.MapperTestContext}', contextInitializerClasses = '[]', activeProfiles = '{}', propertySourceLocations = '{}', propertySourceProperties = '{}', contextCustomizers = set[[empty]], contextLoader = 'org.springframework.test.context.support.DelegatingSmartContextLoader', parent = [null]], attributes = map['org.springframework.test.context.event.ApplicationEventsTestExecutionListener.recordApplicationEvents' -> false]]; transaction manager [org.springframework.jdbc.datasource.DataSourceTransactionManager@5b0d4f1f]; rollback [true]
[main] INFO org.springframework.test.context.transaction.TransactionContext - Rolled back transaction for test: [DefaultTestContext@335cb6cd testClass = AccountMapperTest, testInstance = org.mybatis.jpetstore.mapper.AccountMapperTest@6c087c64, testMethod = getAccountByUsername@AccountMapperTest, testException = [null], mergedContextConfiguration = [MergedContextConfiguration@9d7f34a testClass = AccountMapperTest, locations = '{}', classes = '{class org.mybatis.jpetstore.mapper.MapperTestContext}', contextInitializerClasses = '[]', activeProfiles = '{}', propertySourceLocations = '{}', propertySourceProperties = '{}', contextCustomizers = set[[empty]], contextLoader = 'org.springframework.test.context.support.DelegatingSmartContextLoader', parent = [null]], attributes = map['org.springframework.test.context.event.ApplicationEventsTestExecutionListener.recordApplicationEvents' -> false]]
[main] INFO org.springframework.test.context.transaction.TransactionContext - Began transaction (1) for test context [DefaultTestContext@335cb6cd testClass = AccountMapperTest, testInstance = org.mybatis.jpetstore.mapper.AccountMapperTest@555be82c, testMethod = insertAccount@AccountMapperTest, testException = [null], mergedContextConfiguration = [MergedContextConfiguration@9d7f34a testClass = AccountMapperTest, locations = '{}', classes = '{class org.mybatis.jpetstore.mapper.MapperTestContext}', contextInitializerClasses = '[]', activeProfiles = '{}', propertySourceLocations = '{}', propertySourceProperties = '{}', contextCustomizers = set[[empty]], contextLoader = 'org.springframework.test.context.support.DelegatingSmartContextLoader', parent = [null]], attributes = map['org.springframework.test.context.event.ApplicationEventsTestExecutionListener.recordApplicationEvents' -> false]]; transaction manager [org.springframework.jdbc.datasource.DataSourceTransactionManager@5b0d4f1f]; rollback [true]
[main] INFO org.springframework.test.context.transaction.TransactionContext - Rolled back transaction for test: [DefaultTestContext@335cb6cd testClass = AccountMapperTest, testInstance = org.mybatis.jpetstore.mapper.AccountMapperTest@555be82c, testMethod = insertAccount@AccountMapperTest, testException = [null], mergedContextConfiguration = [MergedContextConfiguration@9d7f34a testClass = AccountMapperTest, locations = '{}', classes = '{class org.mybatis.jpetstore.mapper.MapperTestContext}', contextInitializerClasses = '[]', activeProfiles = '{}', propertySourceLocations = '{}', propertySourceProperties = '{}', contextCustomizers = set[[empty]], contextLoader = 'org.springframework.test.context.support.DelegatingSmartContextLoader', parent = [null]], attributes = map['org.springframework.test.context.event.ApplicationEventsTestExecutionListener.recordApplicationEvents' -> false]]
[main] INFO org.springframework.test.context.transaction.TransactionContext - Began transaction (1) for test context [DefaultTestContext@335cb6cd testClass = AccountMapperTest, testInstance = org.mybatis.jpetstore.mapper.AccountMapperTest@1b70e1bb, testMethod = updateSignon@AccountMapperTest, testException = [null], mergedContextConfiguration = [MergedContextConfiguration@9d7f34a testClass = AccountMapperTest, locations = '{}', classes = '{class org.mybatis.jpetstore.mapper.MapperTestContext}', contextInitializerClasses = '[]', activeProfiles = '{}', propertySourceLocations = '{}', propertySourceProperties = '{}', contextCustomizers = set[[empty]], contextLoader = 'org.springframework.test.context.support.DelegatingSmartContextLoader', parent = [null]], attributes = map['org.springframework.test.context.event.ApplicationEventsTestExecutionListener.recordApplicationEvents' -> false]]; transaction manager [org.springframework.jdbc.datasource.DataSourceTransactionManager@5b0d4f1f]; rollback [true]
[main] INFO org.springframework.test.context.transaction.TransactionContext - Rolled back transaction for test: [DefaultTestContext@335cb6cd testClass = AccountMapperTest, testInstance = org.mybatis.jpetstore.mapper.AccountMapperTest@1b70e1bb, testMethod = updateSignon@AccountMapperTest, testException = [null], mergedContextConfiguration = [MergedContextConfiguration@9d7f34a testClass = AccountMapperTest, locations = '{}', classes = '{class org.mybatis.jpetstore.mapper.MapperTestContext}', contextInitializerClasses = '[]', activeProfiles = '{}', propertySourceLocations = '{}', propertySourceProperties = '{}', contextCustomizers = set[[empty]], contextLoader = 'org.springframework.test.context.support.DelegatingSmartContextLoader', parent = [null]], attributes = map['org.springframework.test.context.event.ApplicationEventsTestExecutionListener.recordApplicationEvents' -> false]]
[main] INFO org.springframework.test.context.transaction.TransactionContext - Began transaction (1) for test context [DefaultTestContext@335cb6cd testClass = AccountMapperTest, testInstance = org.mybatis.jpetstore.mapper.AccountMapperTest@68547c81, testMethod = insertProfile@AccountMapperTest, testException = [null], mergedContextConfiguration = [MergedContextConfiguration@9d7f34a testClass = AccountMapperTest, locations = '{}', classes = '{class org.mybatis.jpetstore.mapper.MapperTestContext}', contextInitializerClasses = '[]', activeProfiles = '{}', propertySourceLocations = '{}', propertySourceProperties = '{}', contextCustomizers = set[[empty]], contextLoader = 'org.springframework.test.context.support.DelegatingSmartContextLoader', parent = [null]], attributes = map['org.springframework.test.context.event.ApplicationEventsTestExecutionListener.recordApplicationEvents' -> false]]; transaction manager [org.springframework.jdbc.datasource.DataSourceTransactionManager@5b0d4f1f]; rollback [true]
[main] INFO org.springframework.test.context.transaction.TransactionContext - Rolled back transaction for test: [DefaultTestContext@335cb6cd testClass = AccountMapperTest, testInstance = org.mybatis.jpetstore.mapper.AccountMapperTest@68547c81, testMethod = insertProfile@AccountMapperTest, testException = [null], mergedContextConfiguration = [MergedContextConfiguration@9d7f34a testClass = AccountMapperTest, locations = '{}', classes = '{class org.mybatis.jpetstore.mapper.MapperTestContext}', contextInitializerClasses = '[]', activeProfiles = '{}', propertySourceLocations = '{}', propertySourceProperties = '{}', contextCustomizers = set[[empty]], contextLoader = 'org.springframework.test.context.support.DelegatingSmartContextLoader', parent = [null]], attributes = map['org.springframework.test.context.event.ApplicationEventsTestExecutionListener.recordApplicationEvents' -> false]]
[main] INFO org.springframework.test.context.transaction.TransactionContext - Began transaction (1) for test context [DefaultTestContext@335cb6cd testClass = AccountMapperTest, testInstance = org.mybatis.jpetstore.mapper.AccountMapperTest@7b4d145b, testMethod = getAccountByUsernameAndPassword@AccountMapperTest, testException = [null], mergedContextConfiguration = [MergedContextConfiguration@9d7f34a testClass = AccountMapperTest, locations = '{}', classes = '{class org.mybatis.jpetstore.mapper.MapperTestContext}', contextInitializerClasses = '[]', activeProfiles = '{}', propertySourceLocations = '{}', propertySourceProperties = '{}', contextCustomizers = set[[empty]], contextLoader = 'org.springframework.test.context.support.DelegatingSmartContextLoader', parent = [null]], attributes = map['org.springframework.test.context.event.ApplicationEventsTestExecutionListener.recordApplicationEvents' -> false]]; transaction manager [org.springframework.jdbc.datasource.DataSourceTransactionManager@5b0d4f1f]; rollback [true]
[main] INFO org.springframework.test.context.transaction.TransactionContext - Rolled back transaction for test: [DefaultTestContext@335cb6cd testClass = AccountMapperTest, testInstance = org.mybatis.jpetstore.mapper.AccountMapperTest@7b4d145b, testMethod = getAccountByUsernameAndPassword@AccountMapperTest, testException = [null], mergedContextConfiguration = [MergedContextConfiguration@9d7f34a testClass = AccountMapperTest, locations = '{}', classes = '{class org.mybatis.jpetstore.mapper.MapperTestContext}', contextInitializerClasses = '[]', activeProfiles = '{}', propertySourceLocations = '{}', propertySourceProperties = '{}', contextCustomizers = set[[empty]], contextLoader = 'org.springframework.test.context.support.DelegatingSmartContextLoader', parent = [null]], attributes = map['org.springframework.test.context.event.ApplicationEventsTestExecutionListener.recordApplicationEvents' -> false]]
[main] INFO org.springframework.test.context.transaction.TransactionContext - Began transaction (1) for test context [DefaultTestContext@335cb6cd testClass = AccountMapperTest, testInstance = org.mybatis.jpetstore.mapper.AccountMapperTest@41402d1b, testMethod = insertSignon@AccountMapperTest, testException = [null], mergedContextConfiguration = [MergedContextConfiguration@9d7f34a testClass = AccountMapperTest, locations = '{}', classes = '{class org.mybatis.jpetstore.mapper.MapperTestContext}', contextInitializerClasses = '[]', activeProfiles = '{}', propertySourceLocations = '{}', propertySourceProperties = '{}', contextCustomizers = set[[empty]], contextLoader = 'org.springframework.test.context.support.DelegatingSmartContextLoader', parent = [null]], attributes = map['org.springframework.test.context.event.ApplicationEventsTestExecutionListener.recordApplicationEvents' -> false]]; transaction manager [org.springframework.jdbc.datasource.DataSourceTransactionManager@5b0d4f1f]; rollback [true]
[main] INFO org.springframework.test.context.transaction.TransactionContext - Rolled back transaction for test: [DefaultTestContext@335cb6cd testClass = AccountMapperTest, testInstance = org.mybatis.jpetstore.mapper.AccountMapperTest@41402d1b, testMethod = insertSignon@AccountMapperTest, testException = [null], mergedContextConfiguration = [MergedContextConfiguration@9d7f34a testClass = AccountMapperTest, locations = '{}', classes = '{class org.mybatis.jpetstore.mapper.MapperTestContext}', contextInitializerClasses = '[]', activeProfiles = '{}', propertySourceLocations = '{}', propertySourceProperties = '{}', contextCustomizers = set[[empty]], contextLoader = 'org.springframework.test.context.support.DelegatingSmartContextLoader', parent = [null]], attributes = map['org.springframework.test.context.event.ApplicationEventsTestExecutionListener.recordApplicationEvents' -> false]]
[main] INFO org.springframework.test.context.transaction.TransactionContext - Began transaction (1) for test context [DefaultTestContext@335cb6cd testClass = AccountMapperTest, testInstance = org.mybatis.jpetstore.mapper.AccountMapperTest@6d645c87, testMethod = updateAccount@AccountMapperTest, testException = [null], mergedContextConfiguration = [MergedContextConfiguration@9d7f34a testClass = AccountMapperTest, locations = '{}', classes = '{class org.mybatis.jpetstore.mapper.MapperTestContext}', contextInitializerClasses = '[]', activeProfiles = '{}', propertySourceLocations = '{}', propertySourceProperties = '{}', contextCustomizers = set[[empty]], contextLoader = 'org.springframework.test.context.support.DelegatingSmartContextLoader', parent = [null]], attributes = map['org.springframework.test.context.event.ApplicationEventsTestExecutionListener.recordApplicationEvents' -> false]]; transaction manager [org.springframework.jdbc.datasource.DataSourceTransactionManager@5b0d4f1f]; rollback [true]
[main] INFO org.springframework.test.context.transaction.TransactionContext - Rolled back transaction for test: [DefaultTestContext@335cb6cd testClass = AccountMapperTest, testInstance = org.mybatis.jpetstore.mapper.AccountMapperTest@6d645c87, testMethod = updateAccount@AccountMapperTest, testException = [null], mergedContextConfiguration = [MergedContextConfiguration@9d7f34a testClass = AccountMapperTest, locations = '{}', classes = '{class org.mybatis.jpetstore.mapper.MapperTestContext}', contextInitializerClasses = '[]', activeProfiles = '{}', propertySourceLocations = '{}', propertySourceProperties = '{}', contextCustomizers = set[[empty]], contextLoader = 'org.springframework.test.context.support.DelegatingSmartContextLoader', parent = [null]], attributes = map['org.springframework.test.context.event.ApplicationEventsTestExecutionListener.recordApplicationEvents' -> false]]
[INFO] Tests run: 8, Failures: 0, Errors: 0, Skipped: 0, Time elapsed: 0.12 s - in org.mybatis.jpetstore.mapper.AccountMapperTest
[INFO] Running org.mybatis.jpetstore.mapper.OrderMapperTest
[main] INFO org.springframework.test.context.support.DefaultTestContextBootstrapper - Loaded default TestExecutionListener class names from location [META-INF/spring.factories]: [org.springframework.test.context.web.ServletTestExecutionListener, org.springframework.test.context.support.DirtiesContextBeforeModesTestExecutionListener, org.springframework.test.context.event.ApplicationEventsTestExecutionListener, org.springframework.test.context.support.DependencyInjectionTestExecutionListener, org.springframework.test.context.support.DirtiesContextTestExecutionListener, org.springframework.test.context.transaction.TransactionalTestExecutionListener, org.springframework.test.context.jdbc.SqlScriptsTestExecutionListener, org.springframework.test.context.event.EventPublishingTestExecutionListener]
[main] INFO org.springframework.test.context.support.DefaultTestContextBootstrapper - Using TestExecutionListeners: [org.springframework.test.context.web.ServletTestExecutionListener@48b844c5, org.springframework.test.context.support.DirtiesContextBeforeModesTestExecutionListener@738a77d2, org.springframework.test.context.event.ApplicationEventsTestExecutionListener@f765487, org.springframework.test.context.support.DependencyInjectionTestExecutionListener@218b6efe, org.springframework.test.context.support.DirtiesContextTestExecutionListener@2b9f8866, org.springframework.test.context.transaction.TransactionalTestExecutionListener@b0b5e20, org.springframework.test.context.jdbc.SqlScriptsTestExecutionListener@36e4f1aa, org.springframework.test.context.event.EventPublishingTestExecutionListener@4ce28516]
[main] INFO org.springframework.test.context.transaction.TransactionContext - Began transaction (1) for test context [DefaultTestContext@3a87a40 testClass = OrderMapperTest, testInstance = org.mybatis.jpetstore.mapper.OrderMapperTest@57d78929, testMethod = insertOrderStatus@OrderMapperTest, testException = [null], mergedContextConfiguration = [MergedContextConfiguration@fb75c63 testClass = OrderMapperTest, locations = '{}', classes = '{class org.mybatis.jpetstore.mapper.MapperTestContext}', contextInitializerClasses = '[]', activeProfiles = '{}', propertySourceLocations = '{}', propertySourceProperties = '{}', contextCustomizers = set[[empty]], contextLoader = 'org.springframework.test.context.support.DelegatingSmartContextLoader', parent = [null]], attributes = map['org.springframework.test.context.event.ApplicationEventsTestExecutionListener.recordApplicationEvents' -> false]]; transaction manager [org.springframework.jdbc.datasource.DataSourceTransactionManager@5b0d4f1f]; rollback [true]
[main] INFO org.springframework.test.context.transaction.TransactionContext - Rolled back transaction for test: [DefaultTestContext@3a87a40 testClass = OrderMapperTest, testInstance = org.mybatis.jpetstore.mapper.OrderMapperTest@57d78929, testMethod = insertOrderStatus@OrderMapperTest, testException = [null], mergedContextConfiguration = [MergedContextConfiguration@fb75c63 testClass = OrderMapperTest, locations = '{}', classes = '{class org.mybatis.jpetstore.mapper.MapperTestContext}', contextInitializerClasses = '[]', activeProfiles = '{}', propertySourceLocations = '{}', propertySourceProperties = '{}', contextCustomizers = set[[empty]], contextLoader = 'org.springframework.test.context.support.DelegatingSmartContextLoader', parent = [null]], attributes = map['org.springframework.test.context.event.ApplicationEventsTestExecutionListener.recordApplicationEvents' -> false]]
[main] INFO org.springframework.test.context.transaction.TransactionContext - Began transaction (1) for test context [DefaultTestContext@3a87a40 testClass = OrderMapperTest, testInstance = org.mybatis.jpetstore.mapper.OrderMapperTest@1e5c7bba, testMethod = insertOrder@OrderMapperTest, testException = [null], mergedContextConfiguration = [MergedContextConfiguration@fb75c63 testClass = OrderMapperTest, locations = '{}', classes = '{class org.mybatis.jpetstore.mapper.MapperTestContext}', contextInitializerClasses = '[]', activeProfiles = '{}', propertySourceLocations = '{}', propertySourceProperties = '{}', contextCustomizers = set[[empty]], contextLoader = 'org.springframework.test.context.support.DelegatingSmartContextLoader', parent = [null]], attributes = map['org.springframework.test.context.event.ApplicationEventsTestExecutionListener.recordApplicationEvents' -> false]]; transaction manager [org.springframework.jdbc.datasource.DataSourceTransactionManager@5b0d4f1f]; rollback [true]
[main] INFO org.springframework.test.context.transaction.TransactionContext - Rolled back transaction for test: [DefaultTestContext@3a87a40 testClass = OrderMapperTest, testInstance = org.mybatis.jpetstore.mapper.OrderMapperTest@1e5c7bba, testMethod = insertOrder@OrderMapperTest, testException = [null], mergedContextConfiguration = [MergedContextConfiguration@fb75c63 testClass = OrderMapperTest, locations = '{}', classes = '{class org.mybatis.jpetstore.mapper.MapperTestContext}', contextInitializerClasses = '[]', activeProfiles = '{}', propertySourceLocations = '{}', propertySourceProperties = '{}', contextCustomizers = set[[empty]], contextLoader = 'org.springframework.test.context.support.DelegatingSmartContextLoader', parent = [null]], attributes = map['org.springframework.test.context.event.ApplicationEventsTestExecutionListener.recordApplicationEvents' -> false]]
[main] INFO org.springframework.test.context.transaction.TransactionContext - Began transaction (1) for test context [DefaultTestContext@3a87a40 testClass = OrderMapperTest, testInstance = org.mybatis.jpetstore.mapper.OrderMapperTest@59aed14e, testMethod = getOrdersByUsername@OrderMapperTest, testException = [null], mergedContextConfiguration = [MergedContextConfiguration@fb75c63 testClass = OrderMapperTest, locations = '{}', classes = '{class org.mybatis.jpetstore.mapper.MapperTestContext}', contextInitializerClasses = '[]', activeProfiles = '{}', propertySourceLocations = '{}', propertySourceProperties = '{}', contextCustomizers = set[[empty]], contextLoader = 'org.springframework.test.context.support.DelegatingSmartContextLoader', parent = [null]], attributes = map['org.springframework.test.context.event.ApplicationEventsTestExecutionListener.recordApplicationEvents' -> false]]; transaction manager [org.springframework.jdbc.datasource.DataSourceTransactionManager@5b0d4f1f]; rollback [true]
[main] INFO org.springframework.test.context.transaction.TransactionContext - Rolled back transaction for test: [DefaultTestContext@3a87a40 testClass = OrderMapperTest, testInstance = org.mybatis.jpetstore.mapper.OrderMapperTest@59aed14e, testMethod = getOrdersByUsername@OrderMapperTest, testException = [null], mergedContextConfiguration = [MergedContextConfiguration@fb75c63 testClass = OrderMapperTest, locations = '{}', classes = '{class org.mybatis.jpetstore.mapper.MapperTestContext}', contextInitializerClasses = '[]', activeProfiles = '{}', propertySourceLocations = '{}', propertySourceProperties = '{}', contextCustomizers = set[[empty]], contextLoader = 'org.springframework.test.context.support.DelegatingSmartContextLoader', parent = [null]], attributes = map['org.springframework.test.context.event.ApplicationEventsTestExecutionListener.recordApplicationEvents' -> false]]
[main] INFO org.springframework.test.context.transaction.TransactionContext - Began transaction (1) for test context [DefaultTestContext@3a87a40 testClass = OrderMapperTest, testInstance = org.mybatis.jpetstore.mapper.OrderMapperTest@16903c13, testMethod = getOrder@OrderMapperTest, testException = [null], mergedContextConfiguration = [MergedContextConfiguration@fb75c63 testClass = OrderMapperTest, locations = '{}', classes = '{class org.mybatis.jpetstore.mapper.MapperTestContext}', contextInitializerClasses = '[]', activeProfiles = '{}', propertySourceLocations = '{}', propertySourceProperties = '{}', contextCustomizers = set[[empty]], contextLoader = 'org.springframework.test.context.support.DelegatingSmartContextLoader', parent = [null]], attributes = map['org.springframework.test.context.event.ApplicationEventsTestExecutionListener.recordApplicationEvents' -> false]]; transaction manager [org.springframework.jdbc.datasource.DataSourceTransactionManager@5b0d4f1f]; rollback [true]
[main] INFO org.springframework.test.context.transaction.TransactionContext - Rolled back transaction for test: [DefaultTestContext@3a87a40 testClass = OrderMapperTest, testInstance = org.mybatis.jpetstore.mapper.OrderMapperTest@16903c13, testMethod = getOrder@OrderMapperTest, testException = [null], mergedContextConfiguration = [MergedContextConfiguration@fb75c63 testClass = OrderMapperTest, locations = '{}', classes = '{class org.mybatis.jpetstore.mapper.MapperTestContext}', contextInitializerClasses = '[]', activeProfiles = '{}', propertySourceLocations = '{}', propertySourceProperties = '{}', contextCustomizers = set[[empty]], contextLoader = 'org.springframework.test.context.support.DelegatingSmartContextLoader', parent = [null]], attributes = map['org.springframework.test.context.event.ApplicationEventsTestExecutionListener.recordApplicationEvents' -> false]]
[INFO] Tests run: 4, Failures: 0, Errors: 0, Skipped: 0, Time elapsed: 0.034 s - in org.mybatis.jpetstore.mapper.OrderMapperTest
[INFO] Running org.mybatis.jpetstore.mapper.ItemMapperTest
[main] INFO org.springframework.test.context.support.DefaultTestContextBootstrapper - Loaded default TestExecutionListener class names from location [META-INF/spring.factories]: [org.springframework.test.context.web.ServletTestExecutionListener, org.springframework.test.context.support.DirtiesContextBeforeModesTestExecutionListener, org.springframework.test.context.event.ApplicationEventsTestExecutionListener, org.springframework.test.context.support.DependencyInjectionTestExecutionListener, org.springframework.test.context.support.DirtiesContextTestExecutionListener, org.springframework.test.context.transaction.TransactionalTestExecutionListener, org.springframework.test.context.jdbc.SqlScriptsTestExecutionListener, org.springframework.test.context.event.EventPublishingTestExecutionListener]
[main] INFO org.springframework.test.context.support.DefaultTestContextBootstrapper - Using TestExecutionListeners: [org.springframework.test.context.web.ServletTestExecutionListener@37dcc1fd, org.springframework.test.context.support.DirtiesContextBeforeModesTestExecutionListener@4b992ca0, org.springframework.test.context.event.ApplicationEventsTestExecutionListener@3cd33897, org.springframework.test.context.support.DependencyInjectionTestExecutionListener@62f1a74d, org.springframework.test.context.support.DirtiesContextTestExecutionListener@33f341c7, org.springframework.test.context.transaction.TransactionalTestExecutionListener@310d9735, org.springframework.test.context.jdbc.SqlScriptsTestExecutionListener@143f0603, org.springframework.test.context.event.EventPublishingTestExecutionListener@7b9b0006]
[main] INFO org.springframework.test.context.transaction.TransactionContext - Began transaction (1) for test context [DefaultTestContext@40fdbd2f testClass = ItemMapperTest, testInstance = org.mybatis.jpetstore.mapper.ItemMapperTest@6ec2e728, testMethod = updateInventoryQuantity@ItemMapperTest, testException = [null], mergedContextConfiguration = [MergedContextConfiguration@518fc2b2 testClass = ItemMapperTest, locations = '{}', classes = '{class org.mybatis.jpetstore.mapper.MapperTestContext}', contextInitializerClasses = '[]', activeProfiles = '{}', propertySourceLocations = '{}', propertySourceProperties = '{}', contextCustomizers = set[[empty]], contextLoader = 'org.springframework.test.context.support.DelegatingSmartContextLoader', parent = [null]], attributes = map['org.springframework.test.context.event.ApplicationEventsTestExecutionListener.recordApplicationEvents' -> false]]; transaction manager [org.springframework.jdbc.datasource.DataSourceTransactionManager@5b0d4f1f]; rollback [true]
[main] INFO org.springframework.test.context.transaction.TransactionContext - Rolled back transaction for test: [DefaultTestContext@40fdbd2f testClass = ItemMapperTest, testInstance = org.mybatis.jpetstore.mapper.ItemMapperTest@6ec2e728, testMethod = updateInventoryQuantity@ItemMapperTest, testException = [null], mergedContextConfiguration = [MergedContextConfiguration@518fc2b2 testClass = ItemMapperTest, locations = '{}', classes = '{class org.mybatis.jpetstore.mapper.MapperTestContext}', contextInitializerClasses = '[]', activeProfiles = '{}', propertySourceLocations = '{}', propertySourceProperties = '{}', contextCustomizers = set[[empty]], contextLoader = 'org.springframework.test.context.support.DelegatingSmartContextLoader', parent = [null]], attributes = map['org.springframework.test.context.event.ApplicationEventsTestExecutionListener.recordApplicationEvents' -> false]]
[main] INFO org.springframework.test.context.transaction.TransactionContext - Began transaction (1) for test context [DefaultTestContext@40fdbd2f testClass = ItemMapperTest, testInstance = org.mybatis.jpetstore.mapper.ItemMapperTest@6d65e098, testMethod = getInventoryQuantity@ItemMapperTest, testException = [null], mergedContextConfiguration = [MergedContextConfiguration@518fc2b2 testClass = ItemMapperTest, locations = '{}', classes = '{class org.mybatis.jpetstore.mapper.MapperTestContext}', contextInitializerClasses = '[]', activeProfiles = '{}', propertySourceLocations = '{}', propertySourceProperties = '{}', contextCustomizers = set[[empty]], contextLoader = 'org.springframework.test.context.support.DelegatingSmartContextLoader', parent = [null]], attributes = map['org.springframework.test.context.event.ApplicationEventsTestExecutionListener.recordApplicationEvents' -> false]]; transaction manager [org.springframework.jdbc.datasource.DataSourceTransactionManager@5b0d4f1f]; rollback [true]
[main] INFO org.springframework.test.context.transaction.TransactionContext - Rolled back transaction for test: [DefaultTestContext@40fdbd2f testClass = ItemMapperTest, testInstance = org.mybatis.jpetstore.mapper.ItemMapperTest@6d65e098, testMethod = getInventoryQuantity@ItemMapperTest, testException = [null], mergedContextConfiguration = [MergedContextConfiguration@518fc2b2 testClass = ItemMapperTest, locations = '{}', classes = '{class org.mybatis.jpetstore.mapper.MapperTestContext}', contextInitializerClasses = '[]', activeProfiles = '{}', propertySourceLocations = '{}', propertySourceProperties = '{}', contextCustomizers = set[[empty]], contextLoader = 'org.springframework.test.context.support.DelegatingSmartContextLoader', parent = [null]], attributes = map['org.springframework.test.context.event.ApplicationEventsTestExecutionListener.recordApplicationEvents' -> false]]
[main] INFO org.springframework.test.context.transaction.TransactionContext - Began transaction (1) for test context [DefaultTestContext@40fdbd2f testClass = ItemMapperTest, testInstance = org.mybatis.jpetstore.mapper.ItemMapperTest@bc21b3f, testMethod = getItem@ItemMapperTest, testException = [null], mergedContextConfiguration = [MergedContextConfiguration@518fc2b2 testClass = ItemMapperTest, locations = '{}', classes = '{class org.mybatis.jpetstore.mapper.MapperTestContext}', contextInitializerClasses = '[]', activeProfiles = '{}', propertySourceLocations = '{}', propertySourceProperties = '{}', contextCustomizers = set[[empty]], contextLoader = 'org.springframework.test.context.support.DelegatingSmartContextLoader', parent = [null]], attributes = map['org.springframework.test.context.event.ApplicationEventsTestExecutionListener.recordApplicationEvents' -> false]]; transaction manager [org.springframework.jdbc.datasource.DataSourceTransactionManager@5b0d4f1f]; rollback [true]
[main] INFO org.springframework.test.context.transaction.TransactionContext - Rolled back transaction for test: [DefaultTestContext@40fdbd2f testClass = ItemMapperTest, testInstance = org.mybatis.jpetstore.mapper.ItemMapperTest@bc21b3f, testMethod = getItem@ItemMapperTest, testException = [null], mergedContextConfiguration = [MergedContextConfiguration@518fc2b2 testClass = ItemMapperTest, locations = '{}', classes = '{class org.mybatis.jpetstore.mapper.MapperTestContext}', contextInitializerClasses = '[]', activeProfiles = '{}', propertySourceLocations = '{}', propertySourceProperties = '{}', contextCustomizers = set[[empty]], contextLoader = 'org.springframework.test.context.support.DelegatingSmartContextLoader', parent = [null]], attributes = map['org.springframework.test.context.event.ApplicationEventsTestExecutionListener.recordApplicationEvents' -> false]]
[main] INFO org.springframework.test.context.transaction.TransactionContext - Began transaction (1) for test context [DefaultTestContext@40fdbd2f testClass = ItemMapperTest, testInstance = org.mybatis.jpetstore.mapper.ItemMapperTest@23eef910, testMethod = getItemListByProduct@ItemMapperTest, testException = [null], mergedContextConfiguration = [MergedContextConfiguration@518fc2b2 testClass = ItemMapperTest, locations = '{}', classes = '{class org.mybatis.jpetstore.mapper.MapperTestContext}', contextInitializerClasses = '[]', activeProfiles = '{}', propertySourceLocations = '{}', propertySourceProperties = '{}', contextCustomizers = set[[empty]], contextLoader = 'org.springframework.test.context.support.DelegatingSmartContextLoader', parent = [null]], attributes = map['org.springframework.test.context.event.ApplicationEventsTestExecutionListener.recordApplicationEvents' -> false]]; transaction manager [org.springframework.jdbc.datasource.DataSourceTransactionManager@5b0d4f1f]; rollback [true]
[main] INFO org.springframework.test.context.transaction.TransactionContext - Rolled back transaction for test: [DefaultTestContext@40fdbd2f testClass = ItemMapperTest, testInstance = org.mybatis.jpetstore.mapper.ItemMapperTest@23eef910, testMethod = getItemListByProduct@ItemMapperTest, testException = [null], mergedContextConfiguration = [MergedContextConfiguration@518fc2b2 testClass = ItemMapperTest, locations = '{}', classes = '{class org.mybatis.jpetstore.mapper.MapperTestContext}', contextInitializerClasses = '[]', activeProfiles = '{}', propertySourceLocations = '{}', propertySourceProperties = '{}', contextCustomizers = set[[empty]], contextLoader = 'org.springframework.test.context.support.DelegatingSmartContextLoader', parent = [null]], attributes = map['org.springframework.test.context.event.ApplicationEventsTestExecutionListener.recordApplicationEvents' -> false]]
[INFO] Tests run: 4, Failures: 0, Errors: 0, Skipped: 0, Time elapsed: 0.033 s - in org.mybatis.jpetstore.mapper.ItemMapperTest
[INFO] Running org.mybatis.jpetstore.mapper.LineItemMapperTest
[main] INFO org.springframework.test.context.support.DefaultTestContextBootstrapper - Loaded default TestExecutionListener class names from location [META-INF/spring.factories]: [org.springframework.test.context.web.ServletTestExecutionListener, org.springframework.test.context.support.DirtiesContextBeforeModesTestExecutionListener, org.springframework.test.context.event.ApplicationEventsTestExecutionListener, org.springframework.test.context.support.DependencyInjectionTestExecutionListener, org.springframework.test.context.support.DirtiesContextTestExecutionListener, org.springframework.test.context.transaction.TransactionalTestExecutionListener, org.springframework.test.context.jdbc.SqlScriptsTestExecutionListener, org.springframework.test.context.event.EventPublishingTestExecutionListener]
[main] INFO org.springframework.test.context.support.DefaultTestContextBootstrapper - Using TestExecutionListeners: [org.springframework.test.context.web.ServletTestExecutionListener@59ae2de7, org.springframework.test.context.support.DirtiesContextBeforeModesTestExecutionListener@5accea91, org.springframework.test.context.event.ApplicationEventsTestExecutionListener@2611ec20, org.springframework.test.context.support.DependencyInjectionTestExecutionListener@2df7b4b1, org.springframework.test.context.support.DirtiesContextTestExecutionListener@51e65fd, org.springframework.test.context.transaction.TransactionalTestExecutionListener@38bb9fad, org.springframework.test.context.jdbc.SqlScriptsTestExecutionListener@11620476, org.springframework.test.context.event.EventPublishingTestExecutionListener@1a078d7]
[main] INFO org.springframework.test.context.transaction.TransactionContext - Began transaction (1) for test context [DefaultTestContext@106128c8 testClass = LineItemMapperTest, testInstance = org.mybatis.jpetstore.mapper.LineItemMapperTest@59eb250b, testMethod = getLineItemsByOrderId@LineItemMapperTest, testException = [null], mergedContextConfiguration = [MergedContextConfiguration@614ff150 testClass = LineItemMapperTest, locations = '{}', classes = '{class org.mybatis.jpetstore.mapper.MapperTestContext}', contextInitializerClasses = '[]', activeProfiles = '{}', propertySourceLocations = '{}', propertySourceProperties = '{}', contextCustomizers = set[[empty]], contextLoader = 'org.springframework.test.context.support.DelegatingSmartContextLoader', parent = [null]], attributes = map['org.springframework.test.context.event.ApplicationEventsTestExecutionListener.recordApplicationEvents' -> false]]; transaction manager [org.springframework.jdbc.datasource.DataSourceTransactionManager@5b0d4f1f]; rollback [true]
[main] INFO org.springframework.test.context.transaction.TransactionContext - Rolled back transaction for test: [DefaultTestContext@106128c8 testClass = LineItemMapperTest, testInstance = org.mybatis.jpetstore.mapper.LineItemMapperTest@59eb250b, testMethod = getLineItemsByOrderId@LineItemMapperTest, testException = [null], mergedContextConfiguration = [MergedContextConfiguration@614ff150 testClass = LineItemMapperTest, locations = '{}', classes = '{class org.mybatis.jpetstore.mapper.MapperTestContext}', contextInitializerClasses = '[]', activeProfiles = '{}', propertySourceLocations = '{}', propertySourceProperties = '{}', contextCustomizers = set[[empty]], contextLoader = 'org.springframework.test.context.support.DelegatingSmartContextLoader', parent = [null]], attributes = map['org.springframework.test.context.event.ApplicationEventsTestExecutionListener.recordApplicationEvents' -> false]]
[main] INFO org.springframework.test.context.transaction.TransactionContext - Began transaction (1) for test context [DefaultTestContext@106128c8 testClass = LineItemMapperTest, testInstance = org.mybatis.jpetstore.mapper.LineItemMapperTest@58b6268f, testMethod = insertLineItem@LineItemMapperTest, testException = [null], mergedContextConfiguration = [MergedContextConfiguration@614ff150 testClass = LineItemMapperTest, locations = '{}', classes = '{class org.mybatis.jpetstore.mapper.MapperTestContext}', contextInitializerClasses = '[]', activeProfiles = '{}', propertySourceLocations = '{}', propertySourceProperties = '{}', contextCustomizers = set[[empty]], contextLoader = 'org.springframework.test.context.support.DelegatingSmartContextLoader', parent = [null]], attributes = map['org.springframework.test.context.event.ApplicationEventsTestExecutionListener.recordApplicationEvents' -> false]]; transaction manager [org.springframework.jdbc.datasource.DataSourceTransactionManager@5b0d4f1f]; rollback [true]
[main] INFO org.springframework.test.context.transaction.TransactionContext - Rolled back transaction for test: [DefaultTestContext@106128c8 testClass = LineItemMapperTest, testInstance = org.mybatis.jpetstore.mapper.LineItemMapperTest@58b6268f, testMethod = insertLineItem@LineItemMapperTest, testException = [null], mergedContextConfiguration = [MergedContextConfiguration@614ff150 testClass = LineItemMapperTest, locations = '{}', classes = '{class org.mybatis.jpetstore.mapper.MapperTestContext}', contextInitializerClasses = '[]', activeProfiles = '{}', propertySourceLocations = '{}', propertySourceProperties = '{}', contextCustomizers = set[[empty]], contextLoader = 'org.springframework.test.context.support.DelegatingSmartContextLoader', parent = [null]], attributes = map['org.springframework.test.context.event.ApplicationEventsTestExecutionListener.recordApplicationEvents' -> false]]
[INFO] Tests run: 2, Failures: 0, Errors: 0, Skipped: 0, Time elapsed: 0.009 s - in org.mybatis.jpetstore.mapper.LineItemMapperTest
[INFO] Running org.mybatis.jpetstore.mapper.CategoryMapperTest
[main] INFO org.springframework.test.context.support.DefaultTestContextBootstrapper - Loaded default TestExecutionListener class names from location [META-INF/spring.factories]: [org.springframework.test.context.web.ServletTestExecutionListener, org.springframework.test.context.support.DirtiesContextBeforeModesTestExecutionListener, org.springframework.test.context.event.ApplicationEventsTestExecutionListener, org.springframework.test.context.support.DependencyInjectionTestExecutionListener, org.springframework.test.context.support.DirtiesContextTestExecutionListener, org.springframework.test.context.transaction.TransactionalTestExecutionListener, org.springframework.test.context.jdbc.SqlScriptsTestExecutionListener, org.springframework.test.context.event.EventPublishingTestExecutionListener]
[main] INFO org.springframework.test.context.support.DefaultTestContextBootstrapper - Using TestExecutionListeners: [org.springframework.test.context.web.ServletTestExecutionListener@703e907a, org.springframework.test.context.support.DirtiesContextBeforeModesTestExecutionListener@7b3207, org.springframework.test.context.event.ApplicationEventsTestExecutionListener@382aeea5, org.springframework.test.context.support.DependencyInjectionTestExecutionListener@bb08766, org.springframework.test.context.support.DirtiesContextTestExecutionListener@f096b2a, org.springframework.test.context.transaction.TransactionalTestExecutionListener@563b9bc6, org.springframework.test.context.jdbc.SqlScriptsTestExecutionListener@390b0862, org.springframework.test.context.event.EventPublishingTestExecutionListener@368f3392]
[main] INFO org.springframework.test.context.transaction.TransactionContext - Began transaction (1) for test context [DefaultTestContext@195d5108 testClass = CategoryMapperTest, testInstance = org.mybatis.jpetstore.mapper.CategoryMapperTest@5601e212, testMethod = getCategoryList@CategoryMapperTest, testException = [null], mergedContextConfiguration = [MergedContextConfiguration@7ec0cf4e testClass = CategoryMapperTest, locations = '{}', classes = '{class org.mybatis.jpetstore.mapper.MapperTestContext}', contextInitializerClasses = '[]', activeProfiles = '{}', propertySourceLocations = '{}', propertySourceProperties = '{}', contextCustomizers = set[[empty]], contextLoader = 'org.springframework.test.context.support.DelegatingSmartContextLoader', parent = [null]], attributes = map['org.springframework.test.context.event.ApplicationEventsTestExecutionListener.recordApplicationEvents' -> false]]; transaction manager [org.springframework.jdbc.datasource.DataSourceTransactionManager@5b0d4f1f]; rollback [true]
[main] INFO org.springframework.test.context.transaction.TransactionContext - Rolled back transaction for test: [DefaultTestContext@195d5108 testClass = CategoryMapperTest, testInstance = org.mybatis.jpetstore.mapper.CategoryMapperTest@5601e212, testMethod = getCategoryList@CategoryMapperTest, testException = [null], mergedContextConfiguration = [MergedContextConfiguration@7ec0cf4e testClass = CategoryMapperTest, locations = '{}', classes = '{class org.mybatis.jpetstore.mapper.MapperTestContext}', contextInitializerClasses = '[]', activeProfiles = '{}', propertySourceLocations = '{}', propertySourceProperties = '{}', contextCustomizers = set[[empty]], contextLoader = 'org.springframework.test.context.support.DelegatingSmartContextLoader', parent = [null]], attributes = map['org.springframework.test.context.event.ApplicationEventsTestExecutionListener.recordApplicationEvents' -> false]]
[main] INFO org.springframework.test.context.transaction.TransactionContext - Began transaction (1) for test context [DefaultTestContext@195d5108 testClass = CategoryMapperTest, testInstance = org.mybatis.jpetstore.mapper.CategoryMapperTest@49d456ef, testMethod = getCategory@CategoryMapperTest, testException = [null], mergedContextConfiguration = [MergedContextConfiguration@7ec0cf4e testClass = CategoryMapperTest, locations = '{}', classes = '{class org.mybatis.jpetstore.mapper.MapperTestContext}', contextInitializerClasses = '[]', activeProfiles = '{}', propertySourceLocations = '{}', propertySourceProperties = '{}', contextCustomizers = set[[empty]], contextLoader = 'org.springframework.test.context.support.DelegatingSmartContextLoader', parent = [null]], attributes = map['org.springframework.test.context.event.ApplicationEventsTestExecutionListener.recordApplicationEvents' -> false]]; transaction manager [org.springframework.jdbc.datasource.DataSourceTransactionManager@5b0d4f1f]; rollback [true]
[main] INFO org.springframework.test.context.transaction.TransactionContext - Rolled back transaction for test: [DefaultTestContext@195d5108 testClass = CategoryMapperTest, testInstance = org.mybatis.jpetstore.mapper.CategoryMapperTest@49d456ef, testMethod = getCategory@CategoryMapperTest, testException = [null], mergedContextConfiguration = [MergedContextConfiguration@7ec0cf4e testClass = CategoryMapperTest, locations = '{}', classes = '{class org.mybatis.jpetstore.mapper.MapperTestContext}', contextInitializerClasses = '[]', activeProfiles = '{}', propertySourceLocations = '{}', propertySourceProperties = '{}', contextCustomizers = set[[empty]], contextLoader = 'org.springframework.test.context.support.DelegatingSmartContextLoader', parent = [null]], attributes = map['org.springframework.test.context.event.ApplicationEventsTestExecutionListener.recordApplicationEvents' -> false]]
[INFO] Tests run: 2, Failures: 0, Errors: 0, Skipped: 0, Time elapsed: 0.01 s - in org.mybatis.jpetstore.mapper.CategoryMapperTest
[INFO] 
[INFO] Results:
[INFO] 
[INFO] Tests run: 74, Failures: 0, Errors: 0, Skipped: 0
[INFO] 
[INFO] ------------------------------------------------------------------------
[INFO] BUILD SUCCESS
[INFO] ------------------------------------------------------------------------
[INFO] Total time:  13.802 s
[INFO] Finished at: 2023-02-07T23:38:19Z
[INFO] ------------------------------------------------------------------------
