[INFO] Scanning for projects...
[INFO] 
[INFO] ----------------------< io.usethesource:vallang >-----------------------
[INFO] Building vallang 0.14.7-SNAPSHOT
[INFO] --------------------------------[ jar ]---------------------------------
[INFO] 
[INFO] --- maven-clean-plugin:2.5:clean (default-clean) @ vallang ---
[INFO] Deleting /home/gabsko/breaking-updates/target
[INFO] 
[INFO] --- buildnumber-maven-plugin:3.0.0:create (default) @ vallang ---
[INFO] Executing: /bin/sh -c cd '/home/gabsko/breaking-updates' && 'git' 'rev-parse' '--verify' 'HEAD'
[INFO] Working directory: /home/gabsko/breaking-updates
[INFO] Storing buildNumber: 75e6dff1a33b795df91f343cef3fb95e99d5b633 at timestamp: 1675912862478
[INFO] Storing buildScmBranch: branch-usethesource/vallang-75e6dff1a33b795df91f343cef3fb95e99d5b633
[INFO] 
[INFO] --- jacoco-maven-plugin:0.8.8:prepare-agent (default) @ vallang ---
[INFO] argLine set to -javaagent:/home/gabsko/.m2/repository/org/jacoco/org.jacoco.agent/0.8.8/org.jacoco.agent-0.8.8-runtime.jar=destfile=/home/gabsko/breaking-updates/target/jacoco.exec
[INFO] 
[INFO] --- maven-resources-plugin:2.6:resources (default-resources) @ vallang ---
[INFO] Using 'UTF-8' encoding to copy filtered resources.
[INFO] Copying 1 resource
[INFO] 
[INFO] --- maven-compiler-plugin:3.10.1:compile (default-compile) @ vallang ---
[INFO] Changes detected - recompiling the module!
[INFO] Compiling 190 source files to /home/gabsko/breaking-updates/target/classes
[INFO] /home/gabsko/breaking-updates/src/main/java/io/usethesource/vallang/type/TypeFactory.java: Some input files use or override a deprecated API.
[INFO] /home/gabsko/breaking-updates/src/main/java/io/usethesource/vallang/type/TypeFactory.java: Recompile with -Xlint:deprecation for details.
[INFO] 
[INFO] --- maven-resources-plugin:2.6:testResources (default-testResources) @ vallang ---
[INFO] Using 'UTF-8' encoding to copy filtered resources.
[INFO] skip non existing resourceDirectory /home/gabsko/breaking-updates/test/main/resources
[INFO] 
[INFO] --- maven-compiler-plugin:3.10.1:testCompile (default-testCompile) @ vallang ---
[INFO] Changes detected - recompiling the module!
[INFO] Compiling 44 source files to /home/gabsko/breaking-updates/target/test-classes
[INFO] /home/gabsko/breaking-updates/src/test/java/io/usethesource/vallang/basic/TypeFactorySmokeTest.java: /home/gabsko/breaking-updates/src/test/java/io/usethesource/vallang/basic/TypeFactorySmokeTest.java uses or overrides a deprecated API.
[INFO] /home/gabsko/breaking-updates/src/test/java/io/usethesource/vallang/basic/TypeFactorySmokeTest.java: Recompile with -Xlint:deprecation for details.
[INFO] 
[INFO] --- maven-surefire-plugin:2.22.2:test (default-test) @ vallang ---
[INFO] 
[INFO] -------------------------------------------------------
[INFO]  T E S T S
[INFO] -------------------------------------------------------
[INFO] Running io.usethesource.vallang.specification.IMapTests
Current random seed is computed from -Dvallang.test.seed=75e6dff1a33b795df91f343cef3fb95e99d5b633
Current random seed is: -6376359499088609076
[INFO] Tests run: 41000, Failures: 0, Errors: 0, Skipped: 0, Time elapsed: 11.731 s - in io.usethesource.vallang.specification.IMapTests
[INFO] Running io.usethesource.vallang.specification.ListTests
[INFO] Tests run: 2202, Failures: 0, Errors: 0, Skipped: 0, Time elapsed: 0.01 s - in io.usethesource.vallang.specification.ListTests
[INFO] Running io.usethesource.vallang.specification.INumberTests
[INFO] Tests run: 73200, Failures: 0, Errors: 0, Skipped: 0, Time elapsed: 9.102 s - in io.usethesource.vallang.specification.INumberTests
[INFO] Running io.usethesource.vallang.specification.TypeTest
[INFO] Tests run: 52012, Failures: 0, Errors: 0, Skipped: 0, Time elapsed: 6.14 s - in io.usethesource.vallang.specification.TypeTest
[INFO] Running io.usethesource.vallang.specification.IRelationTests
[INFO] Tests run: 20804, Failures: 0, Errors: 0, Skipped: 0, Time elapsed: 4.384 s - in io.usethesource.vallang.specification.IRelationTests
[INFO] Running io.usethesource.vallang.specification.SetTests
[INFO] Tests run: 10000, Failures: 0, Errors: 0, Skipped: 0, Time elapsed: 1.236 s - in io.usethesource.vallang.specification.SetTests
[INFO] Running io.usethesource.vallang.specification.IValueTests
[INFO] Tests run: 25000, Failures: 0, Errors: 0, Skipped: 0, Time elapsed: 3.923 s - in io.usethesource.vallang.specification.IValueTests
[INFO] Running io.usethesource.vallang.basic.BigDecimalCalculationSmokeTest
[INFO] Tests run: 22, Failures: 0, Errors: 0, Skipped: 0, Time elapsed: 3.96 s - in io.usethesource.vallang.basic.BigDecimalCalculationSmokeTest
[INFO] Running io.usethesource.vallang.basic.BinaryIoSmokeTest
[INFO] Tests run: 2016, Failures: 0, Errors: 0, Skipped: 0, Time elapsed: 1.593 s - in io.usethesource.vallang.basic.BinaryIoSmokeTest
[INFO] Running io.usethesource.vallang.basic.StreamTest
[INFO] Tests run: 8, Failures: 0, Errors: 0, Skipped: 0, Time elapsed: 0 s - in io.usethesource.vallang.basic.StreamTest
[INFO] Running io.usethesource.vallang.basic.ListRelationSmokeTest
[INFO] Tests run: 26, Failures: 0, Errors: 0, Skipped: 0, Time elapsed: 0.014 s - in io.usethesource.vallang.basic.ListRelationSmokeTest
[INFO] Running io.usethesource.vallang.basic.ValueFactorySmokeTest
[INFO] Tests run: 30, Failures: 0, Errors: 0, Skipped: 0, Time elapsed: 0.01 s - in io.usethesource.vallang.basic.ValueFactorySmokeTest
[INFO] Running io.usethesource.vallang.basic.ListSmokeTest
[INFO] Tests run: 26, Failures: 0, Errors: 0, Skipped: 0, Time elapsed: 0.015 s - in io.usethesource.vallang.basic.ListSmokeTest
[INFO] Running io.usethesource.vallang.basic.SetSmokeTest
[INFO] Tests run: 28, Failures: 0, Errors: 0, Skipped: 0, Time elapsed: 0.017 s - in io.usethesource.vallang.basic.SetSmokeTest
[INFO] Running io.usethesource.vallang.basic.LazyStringOperationsTest
[INFO] Tests run: 20, Failures: 0, Errors: 0, Skipped: 0, Time elapsed: 0.267 s - in io.usethesource.vallang.basic.LazyStringOperationsTest
[INFO] Running io.usethesource.vallang.basic.MapSmokeTest
[INFO] Tests run: 30, Failures: 0, Errors: 0, Skipped: 0, Time elapsed: 0.015 s - in io.usethesource.vallang.basic.MapSmokeTest
[INFO] Running io.usethesource.vallang.basic.IoSmokeTest
[INFO] Tests run: 10, Failures: 0, Errors: 0, Skipped: 0, Time elapsed: 0.015 s - in io.usethesource.vallang.basic.IoSmokeTest
[INFO] Running io.usethesource.vallang.basic.StreamCollectorTest
[INFO] Tests run: 600, Failures: 0, Errors: 0, Skipped: 0, Time elapsed: 0.093 s - in io.usethesource.vallang.basic.StreamCollectorTest
[INFO] Running io.usethesource.vallang.basic.RelationSmokeTest
[INFO] Tests run: 40, Failures: 0, Errors: 0, Skipped: 0, Time elapsed: 0.024 s - in io.usethesource.vallang.basic.RelationSmokeTest
[INFO] Running io.usethesource.vallang.basic.EqualitySmokeTest
[INFO] Tests run: 18, Failures: 0, Errors: 0, Skipped: 0, Time elapsed: 0.004 s - in io.usethesource.vallang.basic.EqualitySmokeTest
[INFO] Running io.usethesource.vallang.basic.XMLSmokeTest
[WARNING] Tests run: 1, Failures: 0, Errors: 0, Skipped: 1, Time elapsed: 0 s - in io.usethesource.vallang.basic.XMLSmokeTest
[INFO] Running io.usethesource.vallang.basic.TypeFactorySmokeTest
[INFO] Tests run: 70, Failures: 0, Errors: 0, Skipped: 0, Time elapsed: 0.019 s - in io.usethesource.vallang.basic.TypeFactorySmokeTest
[INFO] Running io.usethesource.vallang.basic.BasicValueSmokeTest
[INFO] Tests run: 46, Failures: 0, Errors: 0, Skipped: 0, Time elapsed: 1.034 s - in io.usethesource.vallang.basic.BasicValueSmokeTest
[INFO] Running io.usethesource.vallang.basic.RegressionTest
[INFO] Tests run: 4, Failures: 0, Errors: 0, Skipped: 0, Time elapsed: 0 s - in io.usethesource.vallang.basic.RegressionTest
[INFO] Running io.usethesource.vallang.util.WeakHashConsingMapTest
[INFO] Tests run: 52, Failures: 0, Errors: 0, Skipped: 0, Time elapsed: 74.154 s - in io.usethesource.vallang.util.WeakHashConsingMapTest
[INFO] Running io.usethesource.vallang.issues.RegressionTests
[INFO] Tests run: 204, Failures: 0, Errors: 0, Skipped: 0, Time elapsed: 0.053 s - in io.usethesource.vallang.issues.RegressionTests
[INFO] Running io.usethesource.vallang.io.LinearCircularLookupWindowTest
[INFO] Tests run: 4, Failures: 0, Errors: 0, Skipped: 0, Time elapsed: 1.334 s - in io.usethesource.vallang.io.LinearCircularLookupWindowTest
[INFO] Running io.usethesource.vallang.io.StacklessStructuredVisitorTest
[INFO] Tests run: 14, Failures: 0, Errors: 0, Skipped: 0, Time elapsed: 0.01 s - in io.usethesource.vallang.io.StacklessStructuredVisitorTest
[INFO] Running io.usethesource.vallang.io.OpenAddressingLastWrittenReferenceTest
[INFO] Tests run: 6, Failures: 0, Errors: 0, Skipped: 0, Time elapsed: 0.066 s - in io.usethesource.vallang.io.OpenAddressingLastWrittenReferenceTest
[INFO] Running io.usethesource.vallang.io.OpenAddressingLastWrittenBrokenHashTest
[INFO] Tests run: 6, Failures: 0, Errors: 0, Skipped: 0, Time elapsed: 0.341 s - in io.usethesource.vallang.io.OpenAddressingLastWrittenBrokenHashTest
[INFO] Running io.usethesource.vallang.io.ZstdWrappingStreamsTest
[INFO] Tests run: 9, Failures: 0, Errors: 0, Skipped: 0, Time elapsed: 0.763 s - in io.usethesource.vallang.io.ZstdWrappingStreamsTest
[INFO] 
[INFO] Results:
[INFO] 
[WARNING] Tests run: 227508, Failures: 0, Errors: 0, Skipped: 1
[INFO] 
[INFO] 
[INFO] --- maven-surefire-plugin:2.22.2:test (test) @ vallang ---
[INFO] Skipping execution of surefire because it has already been run for this configuration
[INFO] 
[INFO] --- jacoco-maven-plugin:0.8.8:report (report) @ vallang ---
[INFO] Loading execution data file /home/gabsko/breaking-updates/target/jacoco.exec
[INFO] Analyzed bundle 'vallang' with 366 classes
[INFO] ------------------------------------------------------------------------
[INFO] BUILD SUCCESS
[INFO] ------------------------------------------------------------------------
[INFO] Total time:  02:08 min
[INFO] Finished at: 2023-02-09T03:23:10Z
[INFO] ------------------------------------------------------------------------
