[INFO] Scanning for projects...
[INFO] Inspecting build with total of 5 modules...
[INFO] Installing Nexus Staging features:
[INFO]   ... total of 5 executions of maven-deploy-plugin replaced with nexus-staging-maven-plugin
[INFO] ------------------------------------------------------------------------
[INFO] Reactor Build Order:
[INFO] 
[INFO] Google Cloud Logging Parent                                        [pom]
[INFO] proto-google-cloud-logging-v2                                      [jar]
[INFO] grpc-google-cloud-logging-v2                                       [jar]
[INFO] Google Cloud Logging                                               [jar]
[INFO] Google Cloud logging BOM                                           [pom]
[INFO] 
[INFO] ------------< com.google.cloud:google-cloud-logging-parent >------------
[INFO] Building Google Cloud Logging Parent 1.101.3-SNAPSHOT              [1/5]
[INFO] --------------------------------[ pom ]---------------------------------
[INFO] 
[INFO] --- maven-clean-plugin:2.5:clean (default-clean) @ google-cloud-logging-parent ---
[INFO] Deleting /home/gabsko/breaking-updates/target
[INFO] 
[INFO] --- maven-enforcer-plugin:3.0.0-M3:enforce (enforce) @ google-cloud-logging-parent ---
[INFO] Adding ignore: module-info
[INFO] Adding ignore: META-INF/versions/*/module-info
[INFO] 
[INFO] --- maven-checkstyle-plugin:3.1.1:check (checkstyle) @ google-cloud-logging-parent ---
[INFO] Starting audit...
Audit done.
[INFO] You have 0 Checkstyle violations.
[INFO] 
[INFO] --- jacoco-maven-plugin:0.8.5:prepare-agent (default) @ google-cloud-logging-parent ---
[INFO] argLine set to -javaagent:/home/gabsko/.m2/repository/org/jacoco/org.jacoco.agent/0.8.5/org.jacoco.agent-0.8.5-runtime.jar=destfile=/home/gabsko/breaking-updates/target/jacoco.exec
[INFO] 
[INFO] --- build-helper-maven-plugin:3.2.0:add-resource (add-main-proto-resources) @ google-cloud-logging-parent ---
[INFO] 
[INFO] --- build-helper-maven-plugin:3.2.0:add-test-resource (add-test-proto-resources) @ google-cloud-logging-parent ---
[INFO] 
[INFO] --- jacoco-maven-plugin:0.8.5:report (report) @ google-cloud-logging-parent ---
[INFO] Skipping JaCoCo execution due to missing execution data file.
[INFO] 
[INFO] ---------< com.google.api.grpc:proto-google-cloud-logging-v2 >----------
[INFO] Building proto-google-cloud-logging-v2 0.84.3-SNAPSHOT             [2/5]
[INFO] --------------------------------[ jar ]---------------------------------
[INFO] 
[INFO] --- maven-clean-plugin:2.5:clean (default-clean) @ proto-google-cloud-logging-v2 ---
[INFO] Deleting /home/gabsko/breaking-updates/proto-google-cloud-logging-v2/target
[INFO] 
[INFO] --- flatten-maven-plugin:1.2.4:clean (flatten.clean) @ proto-google-cloud-logging-v2 ---
[INFO] Deleting /home/gabsko/breaking-updates/proto-google-cloud-logging-v2/.flattened-pom.xml
[INFO] 
[INFO] --- maven-enforcer-plugin:3.0.0-M3:enforce (enforce) @ proto-google-cloud-logging-v2 ---
[INFO] Adding ignore: module-info
[INFO] Adding ignore: META-INF/versions/*/module-info
[INFO] 
[INFO] --- maven-checkstyle-plugin:3.1.1:check (checkstyle) @ proto-google-cloud-logging-v2 ---
[INFO] Starting audit...
Audit done.
[INFO] You have 0 Checkstyle violations.
[INFO] 
[INFO] --- jacoco-maven-plugin:0.8.5:prepare-agent (default) @ proto-google-cloud-logging-v2 ---
[INFO] argLine set to -javaagent:/home/gabsko/.m2/repository/org/jacoco/org.jacoco.agent/0.8.5/org.jacoco.agent-0.8.5-runtime.jar=destfile=/home/gabsko/breaking-updates/proto-google-cloud-logging-v2/target/jacoco.exec
[INFO] 
[INFO] --- build-helper-maven-plugin:3.2.0:add-resource (add-main-proto-resources) @ proto-google-cloud-logging-v2 ---
[INFO] 
[INFO] --- maven-resources-plugin:2.6:resources (default-resources) @ proto-google-cloud-logging-v2 ---
[INFO] Using 'UTF-8' encoding to copy filtered resources.
[INFO] skip non existing resourceDirectory /home/gabsko/breaking-updates/proto-google-cloud-logging-v2/src/main/resources
[INFO] Copying 4 resources
[INFO] 
[INFO] --- flatten-maven-plugin:1.2.4:flatten (flatten) @ proto-google-cloud-logging-v2 ---
[INFO] Generating flattened POM of project com.google.api.grpc:proto-google-cloud-logging-v2:jar:0.84.3-SNAPSHOT...
[INFO] 
[INFO] --- maven-compiler-plugin:3.8.1:compile (default-compile) @ proto-google-cloud-logging-v2 ---
[INFO] Changes detected - recompiling the module!
[INFO] Compiling 105 source files to /home/gabsko/breaking-updates/proto-google-cloud-logging-v2/target/classes
[WARNING] bootstrap class path not set in conjunction with -source 7
[INFO] 
[INFO] --- build-helper-maven-plugin:3.2.0:add-test-resource (add-test-proto-resources) @ proto-google-cloud-logging-v2 ---
[INFO] 
[INFO] --- maven-resources-plugin:2.6:testResources (default-testResources) @ proto-google-cloud-logging-v2 ---
[INFO] Using 'UTF-8' encoding to copy filtered resources.
[INFO] skip non existing resourceDirectory /home/gabsko/breaking-updates/proto-google-cloud-logging-v2/src/test/resources
[INFO] skip non existing resourceDirectory /home/gabsko/breaking-updates/proto-google-cloud-logging-v2/src/test/proto
[INFO] 
[INFO] --- maven-compiler-plugin:3.8.1:testCompile (default-testCompile) @ proto-google-cloud-logging-v2 ---
[INFO] No sources to compile
[INFO] 
[INFO] --- maven-surefire-plugin:3.0.0-M5:test (default-test) @ proto-google-cloud-logging-v2 ---
[INFO] No tests to run.
[INFO] 
[INFO] --- jacoco-maven-plugin:0.8.5:report (report) @ proto-google-cloud-logging-v2 ---
[INFO] Skipping JaCoCo execution due to missing execution data file.
[INFO] 
[INFO] ----------< com.google.api.grpc:grpc-google-cloud-logging-v2 >----------
[INFO] Building grpc-google-cloud-logging-v2 0.84.3-SNAPSHOT              [3/5]
[INFO] --------------------------------[ jar ]---------------------------------
[INFO] 
[INFO] --- maven-clean-plugin:2.5:clean (default-clean) @ grpc-google-cloud-logging-v2 ---
[INFO] Deleting /home/gabsko/breaking-updates/grpc-google-cloud-logging-v2/target
[INFO] 
[INFO] --- flatten-maven-plugin:1.2.4:clean (flatten.clean) @ grpc-google-cloud-logging-v2 ---
[INFO] Deleting /home/gabsko/breaking-updates/grpc-google-cloud-logging-v2/.flattened-pom.xml
[INFO] 
[INFO] --- maven-enforcer-plugin:3.0.0-M3:enforce (enforce) @ grpc-google-cloud-logging-v2 ---
[INFO] Adding ignore: module-info
[INFO] Adding ignore: META-INF/versions/*/module-info
[INFO] 
[INFO] --- maven-checkstyle-plugin:3.1.1:check (checkstyle) @ grpc-google-cloud-logging-v2 ---
[INFO] Starting audit...
Audit done.
[INFO] You have 0 Checkstyle violations.
[INFO] 
[INFO] --- jacoco-maven-plugin:0.8.5:prepare-agent (default) @ grpc-google-cloud-logging-v2 ---
[INFO] argLine set to -javaagent:/home/gabsko/.m2/repository/org/jacoco/org.jacoco.agent/0.8.5/org.jacoco.agent-0.8.5-runtime.jar=destfile=/home/gabsko/breaking-updates/grpc-google-cloud-logging-v2/target/jacoco.exec
[INFO] 
[INFO] --- build-helper-maven-plugin:3.2.0:add-resource (add-main-proto-resources) @ grpc-google-cloud-logging-v2 ---
[INFO] 
[INFO] --- maven-resources-plugin:2.6:resources (default-resources) @ grpc-google-cloud-logging-v2 ---
[INFO] Using 'UTF-8' encoding to copy filtered resources.
[INFO] skip non existing resourceDirectory /home/gabsko/breaking-updates/grpc-google-cloud-logging-v2/src/main/resources
[INFO] skip non existing resourceDirectory /home/gabsko/breaking-updates/grpc-google-cloud-logging-v2/src/main/proto
[INFO] 
[INFO] --- flatten-maven-plugin:1.2.4:flatten (flatten) @ grpc-google-cloud-logging-v2 ---
[INFO] Generating flattened POM of project com.google.api.grpc:grpc-google-cloud-logging-v2:jar:0.84.3-SNAPSHOT...
[INFO] 
[INFO] --- maven-compiler-plugin:3.8.1:compile (default-compile) @ grpc-google-cloud-logging-v2 ---
[INFO] Changes detected - recompiling the module!
[INFO] Compiling 3 source files to /home/gabsko/breaking-updates/grpc-google-cloud-logging-v2/target/classes
[WARNING] bootstrap class path not set in conjunction with -source 7
[INFO] 
[INFO] --- build-helper-maven-plugin:3.2.0:add-test-resource (add-test-proto-resources) @ grpc-google-cloud-logging-v2 ---
[INFO] 
[INFO] --- maven-resources-plugin:2.6:testResources (default-testResources) @ grpc-google-cloud-logging-v2 ---
[INFO] Using 'UTF-8' encoding to copy filtered resources.
[INFO] skip non existing resourceDirectory /home/gabsko/breaking-updates/grpc-google-cloud-logging-v2/src/test/resources
[INFO] skip non existing resourceDirectory /home/gabsko/breaking-updates/grpc-google-cloud-logging-v2/src/test/proto
[INFO] 
[INFO] --- maven-compiler-plugin:3.8.1:testCompile (default-testCompile) @ grpc-google-cloud-logging-v2 ---
[INFO] No sources to compile
[INFO] 
[INFO] --- maven-surefire-plugin:3.0.0-M5:test (default-test) @ grpc-google-cloud-logging-v2 ---
[INFO] No tests to run.
[INFO] 
[INFO] --- jacoco-maven-plugin:0.8.5:report (report) @ grpc-google-cloud-logging-v2 ---
[INFO] Skipping JaCoCo execution due to missing execution data file.
[INFO] 
[INFO] ---------------< com.google.cloud:google-cloud-logging >----------------
[INFO] Building Google Cloud Logging 1.101.3-SNAPSHOT                     [4/5]
[INFO] --------------------------------[ jar ]---------------------------------
[INFO] 
[INFO] --- maven-clean-plugin:2.5:clean (default-clean) @ google-cloud-logging ---
[INFO] Deleting /home/gabsko/breaking-updates/google-cloud-logging/target
[INFO] 
[INFO] --- flatten-maven-plugin:1.2.4:clean (flatten.clean) @ google-cloud-logging ---
[INFO] Deleting /home/gabsko/breaking-updates/google-cloud-logging/.flattened-pom.xml
[INFO] 
[INFO] --- maven-enforcer-plugin:3.0.0-M3:enforce (enforce) @ google-cloud-logging ---
[INFO] Adding ignore: module-info
[INFO] Adding ignore: META-INF/versions/*/module-info
[INFO] 
[INFO] --- maven-checkstyle-plugin:3.1.1:check (checkstyle) @ google-cloud-logging ---
[INFO] Starting audit...
Audit done.
[INFO] You have 0 Checkstyle violations.
[INFO] 
[INFO] --- jacoco-maven-plugin:0.8.5:prepare-agent (default) @ google-cloud-logging ---
[INFO] argLine set to -javaagent:/home/gabsko/.m2/repository/org/jacoco/org.jacoco.agent/0.8.5/org.jacoco.agent-0.8.5-runtime.jar=destfile=/home/gabsko/breaking-updates/google-cloud-logging/target/jacoco.exec
[INFO] 
[INFO] --- build-helper-maven-plugin:3.2.0:add-resource (add-main-proto-resources) @ google-cloud-logging ---
[INFO] 
[INFO] --- maven-resources-plugin:2.6:resources (default-resources) @ google-cloud-logging ---
[INFO] Using 'UTF-8' encoding to copy filtered resources.
[INFO] skip non existing resourceDirectory /home/gabsko/breaking-updates/google-cloud-logging/src/main/resources
[INFO] skip non existing resourceDirectory /home/gabsko/breaking-updates/google-cloud-logging/src/main/proto
[INFO] 
[INFO] --- flatten-maven-plugin:1.2.4:flatten (flatten) @ google-cloud-logging ---
[INFO] Generating flattened POM of project com.google.cloud:google-cloud-logging:jar:1.101.3-SNAPSHOT...
[INFO] 
[INFO] --- maven-compiler-plugin:3.8.1:compile (default-compile) @ google-cloud-logging ---
[INFO] Changes detected - recompiling the module!
[INFO] Compiling 49 source files to /home/gabsko/breaking-updates/google-cloud-logging/target/classes
[WARNING] bootstrap class path not set in conjunction with -source 7
[INFO] /home/gabsko/breaking-updates/google-cloud-logging/src/main/java/com/google/cloud/logging/v2/stub/ConfigServiceV2StubSettings.java: Some input files use unchecked or unsafe operations.
[INFO] /home/gabsko/breaking-updates/google-cloud-logging/src/main/java/com/google/cloud/logging/v2/stub/ConfigServiceV2StubSettings.java: Recompile with -Xlint:unchecked for details.
[INFO] 
[INFO] --- build-helper-maven-plugin:3.2.0:add-test-resource (add-test-proto-resources) @ google-cloud-logging ---
[INFO] 
[INFO] --- maven-resources-plugin:2.6:testResources (default-testResources) @ google-cloud-logging ---
[INFO] Using 'UTF-8' encoding to copy filtered resources.
[INFO] skip non existing resourceDirectory /home/gabsko/breaking-updates/google-cloud-logging/src/test/resources
[INFO] skip non existing resourceDirectory /home/gabsko/breaking-updates/google-cloud-logging/src/test/proto
[INFO] 
[INFO] --- maven-compiler-plugin:3.8.1:testCompile (default-testCompile) @ google-cloud-logging ---
[INFO] Changes detected - recompiling the module!
[INFO] Compiling 33 source files to /home/gabsko/breaking-updates/google-cloud-logging/target/test-classes
[WARNING] bootstrap class path not set in conjunction with -source 7
[WARNING] /home/gabsko/breaking-updates/google-cloud-logging/src/test/java/com/google/cloud/logging/LoggingHandlerTest.java:[229,11] setMillis(long) in java.util.logging.LogRecord has been deprecated
[WARNING] /home/gabsko/breaking-updates/google-cloud-logging/src/test/java/com/google/cloud/logging/LoggingHandlerTest.java:[497,11] setMillis(long) in java.util.logging.LogRecord has been deprecated
[INFO] 
[INFO] --- maven-surefire-plugin:3.0.0-M5:test (default-test) @ google-cloud-logging ---
[INFO] 
[INFO] -------------------------------------------------------
[INFO]  T E S T S
[INFO] -------------------------------------------------------
[INFO] Running com.google.cloud.logging.PayloadTest
[INFO] Tests run: 2, Failures: 0, Errors: 0, Skipped: 0, Time elapsed: 0.279 s - in com.google.cloud.logging.PayloadTest
[INFO] Running com.google.cloud.logging.SourceLocationTest
[INFO] Tests run: 3, Failures: 0, Errors: 0, Skipped: 0, Time elapsed: 0.001 s - in com.google.cloud.logging.SourceLocationTest
[INFO] Running com.google.cloud.logging.LoggingHandlerTest
[INFO] Tests run: 10, Failures: 0, Errors: 0, Skipped: 0, Time elapsed: 0.204 s - in com.google.cloud.logging.LoggingHandlerTest
[INFO] Running com.google.cloud.logging.OperationTest
[INFO] Tests run: 4, Failures: 0, Errors: 0, Skipped: 0, Time elapsed: 0 s - in com.google.cloud.logging.OperationTest
[INFO] Running com.google.cloud.logging.StructsTest
[INFO] Tests run: 9, Failures: 0, Errors: 0, Skipped: 0, Time elapsed: 0.001 s - in com.google.cloud.logging.StructsTest
[INFO] Running com.google.cloud.logging.SinkTest
[INFO] Tests run: 12, Failures: 0, Errors: 0, Skipped: 0, Time elapsed: 0.129 s - in com.google.cloud.logging.SinkTest
[INFO] Running com.google.cloud.logging.v2.MetricsClientTest
[INFO] Tests run: 10, Failures: 0, Errors: 0, Skipped: 0, Time elapsed: 0.334 s - in com.google.cloud.logging.v2.MetricsClientTest
[INFO] Running com.google.cloud.logging.v2.ConfigClientTest
[INFO] Tests run: 32, Failures: 0, Errors: 0, Skipped: 0, Time elapsed: 0.232 s - in com.google.cloud.logging.v2.ConfigClientTest
[INFO] Running com.google.cloud.logging.v2.LoggingClientTest
[INFO] Tests run: 10, Failures: 0, Errors: 0, Skipped: 0, Time elapsed: 0.207 s - in com.google.cloud.logging.v2.LoggingClientTest
[INFO] Running com.google.cloud.logging.MetricTest
[INFO] Tests run: 12, Failures: 0, Errors: 0, Skipped: 0, Time elapsed: 0.008 s - in com.google.cloud.logging.MetricTest
[INFO] Running com.google.cloud.logging.SinkInfoTest
[INFO] Tests run: 10, Failures: 0, Errors: 0, Skipped: 0, Time elapsed: 0.002 s - in com.google.cloud.logging.SinkInfoTest
[INFO] Running com.google.cloud.logging.HttpRequestTest
[INFO] Tests run: 4, Failures: 0, Errors: 0, Skipped: 0, Time elapsed: 0.011 s - in com.google.cloud.logging.HttpRequestTest
[INFO] Running com.google.cloud.logging.OptionTest
[INFO] Tests run: 4, Failures: 0, Errors: 0, Skipped: 0, Time elapsed: 0 s - in com.google.cloud.logging.OptionTest
[INFO] Running com.google.cloud.logging.SerializationTest
Feb 08, 2023 9:50:24 PM com.google.auth.oauth2.ComputeEngineCredentials runningOnComputeEngine
INFO: Failed to detect whether we are running on Google Compute Engine.
[INFO] Tests run: 2, Failures: 0, Errors: 0, Skipped: 0, Time elapsed: 0.364 s - in com.google.cloud.logging.SerializationTest
[INFO] Running com.google.cloud.logging.LoggingImplTest
[INFO] Tests run: 69, Failures: 0, Errors: 0, Skipped: 0, Time elapsed: 1.121 s - in com.google.cloud.logging.LoggingImplTest
[INFO] Running com.google.cloud.logging.LoggingTest
[INFO] Tests run: 3, Failures: 0, Errors: 0, Skipped: 0, Time elapsed: 0.005 s - in com.google.cloud.logging.LoggingTest
[INFO] Running com.google.cloud.logging.MetricInfoTest
[INFO] Tests run: 4, Failures: 0, Errors: 0, Skipped: 0, Time elapsed: 0 s - in com.google.cloud.logging.MetricInfoTest
[INFO] Running com.google.cloud.logging.LoggingLevelTest
[INFO] Tests run: 6, Failures: 0, Errors: 0, Skipped: 0, Time elapsed: 0 s - in com.google.cloud.logging.LoggingLevelTest
[INFO] Running com.google.cloud.logging.LogEntryTest
[INFO] Tests run: 4, Failures: 0, Errors: 0, Skipped: 0, Time elapsed: 0 s - in com.google.cloud.logging.LogEntryTest
[INFO] Running com.google.cloud.logging.LoggingOptionsTest
[INFO] Tests run: 1, Failures: 0, Errors: 0, Skipped: 0, Time elapsed: 0 s - in com.google.cloud.logging.LoggingOptionsTest
[INFO] 
[INFO] Results:
[INFO] 
[INFO] Tests run: 211, Failures: 0, Errors: 0, Skipped: 0
[INFO] 
[INFO] 
[INFO] --- jacoco-maven-plugin:0.8.5:report (report) @ google-cloud-logging ---
[INFO] Loading execution data file /home/gabsko/breaking-updates/google-cloud-logging/target/jacoco.exec
[INFO] Analyzed bundle 'Google Cloud Logging' with 178 classes
[INFO] 
[INFO] -------------< com.google.cloud:google-cloud-logging-bom >--------------
[INFO] Building Google Cloud logging BOM 1.101.3-SNAPSHOT                 [5/5]
[INFO] --------------------------------[ pom ]---------------------------------
[INFO] 
[INFO] --- maven-clean-plugin:2.5:clean (default-clean) @ google-cloud-logging-bom ---
[INFO] 
[INFO] --- maven-enforcer-plugin:3.0.0-M3:enforce (enforce) @ google-cloud-logging-bom ---
[INFO] Adding ignore: module-info
[INFO] Adding ignore: META-INF/versions/*/module-info
[INFO] 
[INFO] --- maven-checkstyle-plugin:3.1.1:check (checkstyle) @ google-cloud-logging-bom ---
[INFO] 
[INFO] --- jacoco-maven-plugin:0.8.5:prepare-agent (default) @ google-cloud-logging-bom ---
[INFO] argLine set to -javaagent:/home/gabsko/.m2/repository/org/jacoco/org.jacoco.agent/0.8.5/org.jacoco.agent-0.8.5-runtime.jar=destfile=/home/gabsko/breaking-updates/google-cloud-logging-bom/target/jacoco.exec
[INFO] 
[INFO] --- build-helper-maven-plugin:3.2.0:add-resource (add-main-proto-resources) @ google-cloud-logging-bom ---
[INFO] 
[INFO] --- build-helper-maven-plugin:3.2.0:add-test-resource (add-test-proto-resources) @ google-cloud-logging-bom ---
[INFO] 
[INFO] --- jacoco-maven-plugin:0.8.5:report (report) @ google-cloud-logging-bom ---
[INFO] Skipping JaCoCo execution due to missing execution data file.
[INFO] ------------------------------------------------------------------------
[INFO] Reactor Summary:
[INFO] 
[INFO] Google Cloud Logging Parent 1.101.3-SNAPSHOT ....... SUCCESS [  0.820 s]
[INFO] proto-google-cloud-logging-v2 0.84.3-SNAPSHOT ...... SUCCESS [  2.856 s]
[INFO] grpc-google-cloud-logging-v2 0.84.3-SNAPSHOT ....... SUCCESS [  0.237 s]
[INFO] Google Cloud Logging 1.101.3-SNAPSHOT .............. SUCCESS [  5.525 s]
[INFO] Google Cloud logging BOM 1.101.3-SNAPSHOT .......... SUCCESS [  0.006 s]
[INFO] ------------------------------------------------------------------------
[INFO] BUILD SUCCESS
[INFO] ------------------------------------------------------------------------
[INFO] Total time:  9.905 s
[INFO] Finished at: 2023-02-08T21:50:26Z
[INFO] ------------------------------------------------------------------------
