[INFO] Scanning for projects...
[WARNING] The POM for org.jenkins-ci.tools:maven-hpi-plugin:jar:3.27 is missing, no dependency information available
[WARNING] Failed to build parent project for org.jenkins-ci.plugins:build-monitor:pom:1.13-SNAPSHOT
[INFO] ------------------------------------------------------------------------
[INFO] Reactor Build Order:
[INFO] 
[INFO] Build Monitor                                                      [pom]
[INFO] Build Monitor View                                                 [hpi]
[INFO] Build Monitor Acceptance Tests                                     [jar]
[INFO] 
[INFO] ----------------< org.jenkins-ci.plugins:build-monitor >----------------
[INFO] Building Build Monitor 1.13-SNAPSHOT                               [1/3]
[INFO] --------------------------------[ pom ]---------------------------------
[INFO] 
[INFO] --- maven-clean-plugin:3.2.0:clean (default-clean) @ build-monitor ---
[INFO] Deleting /home/gabsko/breaking-updates/target
[INFO] 
[INFO] --- maven-enforcer-plugin:3.0.0:display-info (display-info) @ build-monitor ---
[INFO] Maven Version: 3.8.6
[INFO] JDK Version: 11.0.17 normalized as: 11.0.17
[INFO] Java Vendor: Ubuntu
[INFO] OS Info: Arch: amd64 Family: unix Name: linux Version: 5.4.0-113-generic
[INFO] 
[INFO] --- maven-enforcer-plugin:3.0.0:enforce (display-info) @ build-monitor ---
[INFO] Adding ignore: module-info
[INFO] 
[INFO] --- maven-enforcer-plugin:3.0.0:enforce (no-snapshots-in-release) @ build-monitor ---
[INFO] 
[INFO] --- gmavenplus-plugin:1.13.1:addTestSources (test-in-groovy) @ build-monitor ---
[INFO] 
[INFO] --- localizer-maven-plugin:1.31:generate (default) @ build-monitor ---
[INFO] 
[INFO] --- gmavenplus-plugin:1.13.1:generateTestStubs (test-in-groovy) @ build-monitor ---
[INFO] No sources specified for stub generation. Skipping.
[INFO] Generated 0 stubs.
[INFO] 
[INFO] --- maven-antrun-plugin:3.0.0:run (createTempDir) @ build-monitor ---
[INFO] Executing tasks
[INFO]     [mkdir] Created dir: /home/gabsko/breaking-updates/target/tmp
[INFO] Executed tasks
[INFO] 
[INFO] --- gmavenplus-plugin:1.13.1:compileTests (test-in-groovy) @ build-monitor ---
[INFO] No sources specified for compilation. Skipping.
[INFO] 
[INFO] --- animal-sniffer-maven-plugin:1.21:check (check) @ build-monitor ---
[INFO] Signature checking is skipped.
[INFO] 
[INFO] ------------< org.jenkins-ci.plugins:build-monitor-plugin >-------------
[INFO] Building Build Monitor View 1.13-SNAPSHOT                          [2/3]
[INFO] --------------------------------[ hpi ]---------------------------------
[INFO] 
[INFO] --- maven-clean-plugin:3.2.0:clean (default-clean) @ build-monitor-plugin ---
[INFO] Deleting /home/gabsko/breaking-updates/build-monitor-plugin/target
[INFO] 
[INFO] --- maven-hpi-plugin:3.27:validate (default-validate) @ build-monitor-plugin ---
[INFO] 
[INFO] --- maven-hpi-plugin:3.27:validate-hpi (default-validate-hpi) @ build-monitor-plugin ---
[INFO] 
[INFO] --- maven-enforcer-plugin:3.0.0:display-info (display-info) @ build-monitor-plugin ---
[INFO] Maven Version: 3.8.6
[INFO] JDK Version: 11.0.17 normalized as: 11.0.17
[INFO] Java Vendor: Ubuntu
[INFO] OS Info: Arch: amd64 Family: unix Name: linux Version: 5.4.0-113-generic
[INFO] 
[INFO] --- maven-enforcer-plugin:3.0.0:enforce (display-info) @ build-monitor-plugin ---
[INFO] Adding ignore: module-info
[INFO] Ignoring requireUpperBoundDeps in javax.servlet:servlet-api
[INFO] Ignoring requireUpperBoundDeps in org.kohsuke:access-modifier-annotation
[INFO] 
[INFO] --- maven-enforcer-plugin:3.0.0:enforce (no-snapshots-in-release) @ build-monitor-plugin ---
[INFO] 
[INFO] --- maven-hpi-plugin:3.27:initialize (default-initialize) @ build-monitor-plugin ---
[INFO] 
[INFO] --- gmavenplus-plugin:1.13.1:addTestSources (test-in-groovy) @ build-monitor-plugin ---
[INFO] 
[INFO] --- jacoco-maven-plugin:0.8.8:prepare-agent (jacoco-initialize) @ build-monitor-plugin ---
[INFO] argLine set to -javaagent:/home/gabsko/.m2/repository/org/jacoco/org.jacoco.agent/0.8.8/org.jacoco.agent-0.8.8-runtime.jar=destfile=/home/gabsko/breaking-updates/build-monitor-plugin/target/coverage/jacoco-unit.exec -Xms768M -Xmx768M -XX:+HeapDumpOnOutOfMemoryError -XX:+TieredCompilation -XX:TieredStopAtLevel=1 @{jenkins.addOpens} @{jenkins.insaneHook}
[INFO] 
[INFO] --- localizer-maven-plugin:1.31:generate (default) @ build-monitor-plugin ---
[INFO] 
[INFO] --- lesscss-maven-plugin:1.2.1:compile (compile-less) @ build-monitor-plugin ---
[INFO] Compiling 1 source to /home/gabsko/breaking-updates/build-monitor-plugin/target/build-monitor-plugin/styles
[INFO] Finished source compilation in 842 milliseconds
[INFO] 
[INFO] --- maven-resources-plugin:3.2.0:resources (default-resources) @ build-monitor-plugin ---
[INFO] Using 'UTF-8' encoding to copy filtered resources.
[INFO] Using 'UTF-8' encoding to copy filtered properties files.
[INFO] Copying 13 resources
[INFO] 
[INFO] --- release-candidate-maven-plugin:1.0-201605132325.9e7d5be:version (default) @ build-monitor-plugin ---
[INFO] Detected version: '1.13-SNAPSHOT'
[INFO] 
[INFO] --- maven-compiler-plugin:3.10.1:compile (default-compile) @ build-monitor-plugin ---
[INFO] Changes detected - recompiling the module!
[INFO] Compiling 58 source files to /home/gabsko/breaking-updates/build-monitor-plugin/target/classes
[INFO] 
[INFO] --- access-modifier-checker:1.27:enforce (default-enforce) @ build-monitor-plugin ---
[INFO] 
[INFO] --- maven-hpi-plugin:3.27:insert-test (default-insert-test) @ build-monitor-plugin ---
[INFO] 
[INFO] --- gmavenplus-plugin:1.13.1:generateTestStubs (test-in-groovy) @ build-monitor-plugin ---
[INFO] No sources specified for stub generation. Skipping.
[INFO] Generated 0 stubs.
[INFO] 
[INFO] --- maven-antrun-plugin:3.0.0:run (createTempDir) @ build-monitor-plugin ---
[INFO] Executing tasks
[INFO]     [mkdir] Created dir: /home/gabsko/breaking-updates/build-monitor-plugin/target/tmp
[INFO] Executed tasks
[INFO] 
[INFO] --- frontend-maven-plugin:1.12.1:install-node-and-npm (install node and npm) @ build-monitor-plugin ---
[INFO] Node v16.13.0 is already installed.
[INFO] NPM 8.1.0 is already installed.
[INFO] 
[INFO] --- frontend-maven-plugin:1.12.1:npm (npm install) @ build-monitor-plugin ---
[INFO] Running 'npm install --silent' in /home/gabsko/breaking-updates/build-monitor-plugin
[INFO] 
[INFO] --- maven-resources-plugin:3.2.0:testResources (default-testResources) @ build-monitor-plugin ---
[INFO] Using 'UTF-8' encoding to copy filtered resources.
[INFO] Using 'UTF-8' encoding to copy filtered properties files.
[INFO] Copying 10 resources
[INFO] 
[INFO] --- phantomjs-maven-plugin:0.7:install (default) @ build-monitor-plugin ---
[INFO] Resolved artifact /home/gabsko/.m2/repository/com/github/klieber/phantomjs/1.9.7/phantomjs-1.9.7-linux-x86_64.tar.bz2 from repo.jenkins-ci.org (https://repo.jenkins-ci.org/public/, default, releases+snapshots)
[INFO] Extracting /home/gabsko/.m2/repository/com/github/klieber/phantomjs/1.9.7/phantomjs-1.9.7-linux-x86_64.tar.bz2/phantomjs-1.9.7-linux-x86_64/bin/phantomjs to /home/gabsko/breaking-updates/build-monitor-plugin/target/phantomjs-maven-plugin/phantomjs-1.9.7-linux-x86_64/bin/phantomjs
[INFO] 
[INFO] --- maven-compiler-plugin:3.10.1:testCompile (default-testCompile) @ build-monitor-plugin ---
[INFO] Changes detected - recompiling the module!
[INFO] Compiling 30 source files to /home/gabsko/breaking-updates/build-monitor-plugin/target/test-classes
[INFO] 
[INFO] --- maven-hpi-plugin:3.27:test-hpl (default-test-hpl) @ build-monitor-plugin ---
[INFO] Generating /home/gabsko/breaking-updates/build-monitor-plugin/target/test-classes/the.hpl
[INFO] 
[INFO] --- maven-hpi-plugin:3.27:resolve-test-dependencies (default-resolve-test-dependencies) @ build-monitor-plugin ---
[INFO] Downloading from repo.jenkins-ci.org: https://repo.jenkins-ci.org/public/io/jenkins/plugins/commons-lang3-api/3.12.0.0/commons-lang3-api-3.12.0.0.hpi
[INFO] Downloaded from repo.jenkins-ci.org: https://repo.jenkins-ci.org/public/io/jenkins/plugins/commons-lang3-api/3.12.0.0/commons-lang3-api-3.12.0.0.hpi (541 kB at 259 kB/s)
[INFO] Downloading from repo.jenkins-ci.org: https://repo.jenkins-ci.org/public/io/jenkins/plugins/commons-text-api/1.9-9.v39a_53e2e0343/commons-text-api-1.9-9.v39a_53e2e0343.hpi
[INFO] Downloaded from repo.jenkins-ci.org: https://repo.jenkins-ci.org/public/io/jenkins/plugins/commons-text-api/1.9-9.v39a_53e2e0343/commons-text-api-1.9-9.v39a_53e2e0343.hpi (202 kB at 284 kB/s)
[INFO] Downloading from repo.jenkins-ci.org: https://repo.jenkins-ci.org/public/io/jenkins/plugins/javax-activation-api/1.2.0-3/javax-activation-api-1.2.0-3.hpi
[INFO] Downloaded from repo.jenkins-ci.org: https://repo.jenkins-ci.org/public/io/jenkins/plugins/javax-activation-api/1.2.0-3/javax-activation-api-1.2.0-3.hpi (78 kB at 302 kB/s)
[INFO] Downloading from repo.jenkins-ci.org: https://repo.jenkins-ci.org/public/io/jenkins/plugins/jaxb/2.3.6-1/jaxb-2.3.6-1.hpi
[INFO] Downloaded from repo.jenkins-ci.org: https://repo.jenkins-ci.org/public/io/jenkins/plugins/jaxb/2.3.6-1/jaxb-2.3.6-1.hpi (1.1 MB at 1.6 MB/s)
[INFO] Downloading from repo.jenkins-ci.org: https://repo.jenkins-ci.org/public/io/jenkins/plugins/snakeyaml-api/1.30.2-76.vc104f7ce9870/snakeyaml-api-1.30.2-76.vc104f7ce9870.hpi
[INFO] Downloaded from repo.jenkins-ci.org: https://repo.jenkins-ci.org/public/io/jenkins/plugins/snakeyaml-api/1.30.2-76.vc104f7ce9870/snakeyaml-api-1.30.2-76.vc104f7ce9870.hpi (299 kB at 606 kB/s)
[INFO] Downloading from repo.jenkins-ci.org: https://repo.jenkins-ci.org/public/io/jenkins/configuration-as-code/1464.vd8507b_82e41a_/configuration-as-code-1464.vd8507b_82e41a_.hpi
[INFO] Downloaded from repo.jenkins-ci.org: https://repo.jenkins-ci.org/public/io/jenkins/configuration-as-code/1464.vd8507b_82e41a_/configuration-as-code-1464.vd8507b_82e41a_.hpi (1.6 MB at 2.5 MB/s)
[INFO] Downloading from repo.jenkins-ci.org: https://repo.jenkins-ci.org/public/org/jenkins-ci/plugins/workflow/workflow-api/1153.vb_912c0e47fb_a_/workflow-api-1153.vb_912c0e47fb_a_.hpi
[INFO] Downloaded from repo.jenkins-ci.org: https://repo.jenkins-ci.org/public/org/jenkins-ci/plugins/workflow/workflow-api/1153.vb_912c0e47fb_a_/workflow-api-1153.vb_912c0e47fb_a_.hpi (163 kB at 615 kB/s)
[INFO] Downloading from repo.jenkins-ci.org: https://repo.jenkins-ci.org/public/org/jenkins-ci/plugins/cloudbees-folder/6.722.v8165b_a_cf25e9/cloudbees-folder-6.722.v8165b_a_cf25e9.hpi
[INFO] Downloaded from repo.jenkins-ci.org: https://repo.jenkins-ci.org/public/org/jenkins-ci/plugins/cloudbees-folder/6.722.v8165b_a_cf25e9/cloudbees-folder-6.722.v8165b_a_cf25e9.hpi (234 kB at 448 kB/s)
[INFO] Downloading from repo.jenkins-ci.org: https://repo.jenkins-ci.org/public/org/jenkins-ci/plugins/jackson2-api/2.13.3-285.vc03c0256d517/jackson2-api-2.13.3-285.vc03c0256d517.hpi
[INFO] Downloaded from repo.jenkins-ci.org: https://repo.jenkins-ci.org/public/org/jenkins-ci/plugins/jackson2-api/2.13.3-285.vc03c0256d517/jackson2-api-2.13.3-285.vc03c0256d517.hpi (3.9 MB at 5.5 MB/s)
[INFO] Downloading from repo.jenkins-ci.org: https://repo.jenkins-ci.org/public/org/jenkins-ci/plugins/matrix-project/772.v494f19991984/matrix-project-772.v494f19991984.hpi
[INFO] Downloaded from repo.jenkins-ci.org: https://repo.jenkins-ci.org/public/org/jenkins-ci/plugins/matrix-project/772.v494f19991984/matrix-project-772.v494f19991984.hpi (233 kB at 520 kB/s)
[INFO] 
[INFO] --- gmavenplus-plugin:1.13.1:compileTests (test-in-groovy) @ build-monitor-plugin ---
[INFO] No sources specified for compilation. Skipping.
[INFO] 
[INFO] --- maven-hpi-plugin:3.27:test-runtime (default-test-runtime) @ build-monitor-plugin ---
[INFO] Setting jenkins.insaneHook to --patch-module=java.base=/tmp/org-netbeans-insane-hook727332824910991445.jar --add-exports=java.base/org.netbeans.insane.hook=ALL-UNNAMED
[INFO] 
[INFO] --- maven-surefire-plugin:3.0.0-M6:test (default-test) @ build-monitor-plugin ---
[INFO] Using auto detected provider org.apache.maven.surefire.junit4.JUnit4Provider
[INFO] 
[INFO] -------------------------------------------------------
[INFO]  T E S T S
[INFO] -------------------------------------------------------
OpenJDK 64-Bit Server VM warning: Ignoring option PermSize; support was removed in 8.0
OpenJDK 64-Bit Server VM warning: Ignoring option MaxPermSize; support was removed in 8.0
[INFO] Running InjectedTest
WARNING: An illegal reflective access operation has occurred
WARNING: Illegal reflective access by com.google.inject.internal.cglib.core.$ReflectUtils$2 (file:/home/gabsko/.m2/repository/com/google/inject/guice/4.0/guice-4.0.jar) to method java.lang.ClassLoader.defineClass(java.lang.String,byte[],int,int,java.security.ProtectionDomain)
WARNING: Please consider reporting this to the maintainers of com.google.inject.internal.cglib.core.$ReflectUtils$2
WARNING: Use --illegal-access=warn to enable warnings of further illegal reflective access operations
WARNING: All illegal access operations will be denied in a future release
[INFO] Tests run: 13, Failures: 0, Errors: 0, Skipped: 0, Time elapsed: 8.32 s - in InjectedTest
OpenJDK 64-Bit Server VM warning: Ignoring option PermSize; support was removed in 8.0
OpenJDK 64-Bit Server VM warning: Ignoring option MaxPermSize; support was removed in 8.0
[INFO] Running com.smartcodeltd.jenkinsci.plugins.buildmonitor.BuildMonitorDescriptorTest
WARNING: An illegal reflective access operation has occurred
WARNING: Illegal reflective access by com.google.inject.internal.cglib.core.$ReflectUtils$2 (file:/home/gabsko/.m2/repository/com/google/inject/guice/4.0/guice-4.0.jar) to method java.lang.ClassLoader.defineClass(java.lang.String,byte[],int,int,java.security.ProtectionDomain)
WARNING: Please consider reporting this to the maintainers of com.google.inject.internal.cglib.core.$ReflectUtils$2
WARNING: Use --illegal-access=warn to enable warnings of further illegal reflective access operations
WARNING: All illegal access operations will be denied in a future release
[INFO] Tests run: 2, Failures: 0, Errors: 0, Skipped: 0, Time elapsed: 7.098 s - in com.smartcodeltd.jenkinsci.plugins.buildmonitor.BuildMonitorDescriptorTest
OpenJDK 64-Bit Server VM warning: Ignoring option PermSize; support was removed in 8.0
OpenJDK 64-Bit Server VM warning: Ignoring option MaxPermSize; support was removed in 8.0
[INFO] Running com.smartcodeltd.jenkinsci.plugins.buildmonitor.installation.BuildMonitorInstallationTest
OpenJDK 64-Bit Server VM warning: Sharing is only supported for boot loader classes because bootstrap classpath has been appended
[INFO] Tests run: 2, Failures: 0, Errors: 0, Skipped: 0, Time elapsed: 1.202 s - in com.smartcodeltd.jenkinsci.plugins.buildmonitor.installation.BuildMonitorInstallationTest
OpenJDK 64-Bit Server VM warning: Ignoring option PermSize; support was removed in 8.0
OpenJDK 64-Bit Server VM warning: Ignoring option MaxPermSize; support was removed in 8.0
[INFO] Running com.smartcodeltd.jenkinsci.plugins.buildmonitor.jcasc.ConfigurationAsCodeTest
WARNING: An illegal reflective access operation has occurred
WARNING: Illegal reflective access by com.google.inject.internal.cglib.core.$ReflectUtils$2 (file:/home/gabsko/.m2/repository/com/google/inject/guice/4.0/guice-4.0.jar) to method java.lang.ClassLoader.defineClass(java.lang.String,byte[],int,int,java.security.ProtectionDomain)
WARNING: Please consider reporting this to the maintainers of com.google.inject.internal.cglib.core.$ReflectUtils$2
WARNING: Use --illegal-access=warn to enable warnings of further illegal reflective access operations
WARNING: All illegal access operations will be denied in a future release
[INFO] Tests run: 2, Failures: 0, Errors: 0, Skipped: 0, Time elapsed: 6.087 s - in com.smartcodeltd.jenkinsci.plugins.buildmonitor.jcasc.ConfigurationAsCodeTest
OpenJDK 64-Bit Server VM warning: Ignoring option PermSize; support was removed in 8.0
OpenJDK 64-Bit Server VM warning: Ignoring option MaxPermSize; support was removed in 8.0
[INFO] Running com.smartcodeltd.jenkinsci.plugins.buildmonitor.pipeline.BreadthFirstNodeTraversalTest
[INFO] Tests run: 2, Failures: 0, Errors: 0, Skipped: 0, Time elapsed: 0.061 s - in com.smartcodeltd.jenkinsci.plugins.buildmonitor.pipeline.BreadthFirstNodeTraversalTest
OpenJDK 64-Bit Server VM warning: Ignoring option PermSize; support was removed in 8.0
OpenJDK 64-Bit Server VM warning: Ignoring option MaxPermSize; support was removed in 8.0
[INFO] Running com.smartcodeltd.jenkinsci.plugins.buildmonitor.pipeline.PipelineHelperTest
OpenJDK 64-Bit Server VM warning: Sharing is only supported for boot loader classes because bootstrap classpath has been appended
[INFO] Tests run: 2, Failures: 0, Errors: 0, Skipped: 0, Time elapsed: 2.499 s - in com.smartcodeltd.jenkinsci.plugins.buildmonitor.pipeline.PipelineHelperTest
OpenJDK 64-Bit Server VM warning: Ignoring option PermSize; support was removed in 8.0
OpenJDK 64-Bit Server VM warning: Ignoring option MaxPermSize; support was removed in 8.0
[INFO] Running com.smartcodeltd.jenkinsci.plugins.buildmonitor.viewmodel.BuildViewTest
OpenJDK 64-Bit Server VM warning: Sharing is only supported for boot loader classes because bootstrap classpath has been appended
[INFO] Tests run: 1, Failures: 0, Errors: 0, Skipped: 0, Time elapsed: 2.662 s - in com.smartcodeltd.jenkinsci.plugins.buildmonitor.viewmodel.BuildViewTest
OpenJDK 64-Bit Server VM warning: Ignoring option PermSize; support was removed in 8.0
OpenJDK 64-Bit Server VM warning: Ignoring option MaxPermSize; support was removed in 8.0
[INFO] Running com.smartcodeltd.jenkinsci.plugins.buildmonitor.viewmodel.JobViewTest
OpenJDK 64-Bit Server VM warning: Sharing is only supported for boot loader classes because bootstrap classpath has been appended
[INFO] Tests run: 23, Failures: 0, Errors: 0, Skipped: 0, Time elapsed: 3.485 s - in com.smartcodeltd.jenkinsci.plugins.buildmonitor.viewmodel.JobViewTest
OpenJDK 64-Bit Server VM warning: Ignoring option PermSize; support was removed in 8.0
OpenJDK 64-Bit Server VM warning: Ignoring option MaxPermSize; support was removed in 8.0
[INFO] Running com.smartcodeltd.jenkinsci.plugins.buildmonitor.viewmodel.features.CanBeClaimedTest
OpenJDK 64-Bit Server VM warning: Sharing is only supported for boot loader classes because bootstrap classpath has been appended
[INFO] Tests run: 3, Failures: 0, Errors: 0, Skipped: 0, Time elapsed: 3.146 s - in com.smartcodeltd.jenkinsci.plugins.buildmonitor.viewmodel.features.CanBeClaimedTest
OpenJDK 64-Bit Server VM warning: Ignoring option PermSize; support was removed in 8.0
OpenJDK 64-Bit Server VM warning: Ignoring option MaxPermSize; support was removed in 8.0
[INFO] Running com.smartcodeltd.jenkinsci.plugins.buildmonitor.viewmodel.features.CanBeDiagnosedForProblemsTest
OpenJDK 64-Bit Server VM warning: Sharing is only supported for boot loader classes because bootstrap classpath has been appended
[INFO] Tests run: 1, Failures: 0, Errors: 0, Skipped: 0, Time elapsed: 3.053 s - in com.smartcodeltd.jenkinsci.plugins.buildmonitor.viewmodel.features.CanBeDiagnosedForProblemsTest
OpenJDK 64-Bit Server VM warning: Ignoring option PermSize; support was removed in 8.0
OpenJDK 64-Bit Server VM warning: Ignoring option MaxPermSize; support was removed in 8.0
[INFO] Running com.smartcodeltd.jenkinsci.plugins.buildmonitor.viewmodel.features.HasBadgesBadgePluginTest
OpenJDK 64-Bit Server VM warning: Sharing is only supported for boot loader classes because bootstrap classpath has been appended
[INFO] Tests run: 5, Failures: 0, Errors: 0, Skipped: 0, Time elapsed: 3.094 s - in com.smartcodeltd.jenkinsci.plugins.buildmonitor.viewmodel.features.HasBadgesBadgePluginTest
OpenJDK 64-Bit Server VM warning: Ignoring option PermSize; support was removed in 8.0
OpenJDK 64-Bit Server VM warning: Ignoring option MaxPermSize; support was removed in 8.0
[INFO] Running com.smartcodeltd.jenkinsci.plugins.buildmonitor.viewmodel.features.HasHeadlineShowingFailedBuildDetailsTest
OpenJDK 64-Bit Server VM warning: Sharing is only supported for boot loader classes because bootstrap classpath has been appended
[INFO] Tests run: 7, Failures: 0, Errors: 0, Skipped: 0, Time elapsed: 3.3 s - in com.smartcodeltd.jenkinsci.plugins.buildmonitor.viewmodel.features.HasHeadlineShowingFailedBuildDetailsTest
OpenJDK 64-Bit Server VM warning: Ignoring option PermSize; support was removed in 8.0
OpenJDK 64-Bit Server VM warning: Ignoring option MaxPermSize; support was removed in 8.0
[INFO] Running com.smartcodeltd.jenkinsci.plugins.buildmonitor.viewmodel.features.HasHeadlineShowingFixedBuildDetailsTest
OpenJDK 64-Bit Server VM warning: Sharing is only supported for boot loader classes because bootstrap classpath has been appended
[INFO] Tests run: 6, Failures: 0, Errors: 0, Skipped: 0, Time elapsed: 3.449 s - in com.smartcodeltd.jenkinsci.plugins.buildmonitor.viewmodel.features.HasHeadlineShowingFixedBuildDetailsTest
OpenJDK 64-Bit Server VM warning: Ignoring option PermSize; support was removed in 8.0
OpenJDK 64-Bit Server VM warning: Ignoring option MaxPermSize; support was removed in 8.0
[INFO] Running com.smartcodeltd.jenkinsci.plugins.buildmonitor.viewmodel.features.HasHeadlineShowingRunningBuildDetailsTest
OpenJDK 64-Bit Server VM warning: Sharing is only supported for boot loader classes because bootstrap classpath has been appended
[INFO] Tests run: 4, Failures: 0, Errors: 0, Skipped: 0, Time elapsed: 3.206 s - in com.smartcodeltd.jenkinsci.plugins.buildmonitor.viewmodel.features.HasHeadlineShowingRunningBuildDetailsTest
OpenJDK 64-Bit Server VM warning: Ignoring option PermSize; support was removed in 8.0
OpenJDK 64-Bit Server VM warning: Ignoring option MaxPermSize; support was removed in 8.0
[INFO] Running com.smartcodeltd.jenkinsci.plugins.buildmonitor.viewmodel.features.HasHeadlineWhichShowsNothingTest
OpenJDK 64-Bit Server VM warning: Sharing is only supported for boot loader classes because bootstrap classpath has been appended
[INFO] Tests run: 1, Failures: 0, Errors: 0, Skipped: 0, Time elapsed: 1.778 s - in com.smartcodeltd.jenkinsci.plugins.buildmonitor.viewmodel.features.HasHeadlineWhichShowsNothingTest
OpenJDK 64-Bit Server VM warning: Ignoring option PermSize; support was removed in 8.0
OpenJDK 64-Bit Server VM warning: Ignoring option MaxPermSize; support was removed in 8.0
[INFO] Running com.smartcodeltd.jenkinsci.plugins.buildmonitor.viewmodel.features.HasJunitRealtimeTest
OpenJDK 64-Bit Server VM warning: Sharing is only supported for boot loader classes because bootstrap classpath has been appended
[INFO] Tests run: 4, Failures: 0, Errors: 0, Skipped: 0, Time elapsed: 3.212 s - in com.smartcodeltd.jenkinsci.plugins.buildmonitor.viewmodel.features.HasJunitRealtimeTest
OpenJDK 64-Bit Server VM warning: Ignoring option PermSize; support was removed in 8.0
OpenJDK 64-Bit Server VM warning: Ignoring option MaxPermSize; support was removed in 8.0
[INFO] Running com.smartcodeltd.jenkinsci.plugins.buildmonitor.viewmodel.features.KnowsCurrentBuildsDetailsTest
OpenJDK 64-Bit Server VM warning: Sharing is only supported for boot loader classes because bootstrap classpath has been appended
[INFO] Tests run: 4, Failures: 0, Errors: 0, Skipped: 0, Time elapsed: 3.254 s - in com.smartcodeltd.jenkinsci.plugins.buildmonitor.viewmodel.features.KnowsCurrentBuildsDetailsTest
OpenJDK 64-Bit Server VM warning: Ignoring option PermSize; support was removed in 8.0
OpenJDK 64-Bit Server VM warning: Ignoring option MaxPermSize; support was removed in 8.0
[INFO] Running com.smartcodeltd.jenkinsci.plugins.buildmonitor.viewmodel.features.KnowsLastCompletedBuildDetailsTest
OpenJDK 64-Bit Server VM warning: Sharing is only supported for boot loader classes because bootstrap classpath has been appended
[INFO] Tests run: 5, Failures: 0, Errors: 0, Skipped: 0, Time elapsed: 3.305 s - in com.smartcodeltd.jenkinsci.plugins.buildmonitor.viewmodel.features.KnowsLastCompletedBuildDetailsTest
OpenJDK 64-Bit Server VM warning: Ignoring option PermSize; support was removed in 8.0
OpenJDK 64-Bit Server VM warning: Ignoring option MaxPermSize; support was removed in 8.0
[INFO] Running com.smartcodeltd.jenkinsci.plugins.buildmonitor.viewmodel.readability.ListerTest
[INFO] Tests run: 7, Failures: 0, Errors: 0, Skipped: 0, Time elapsed: 0.052 s - in com.smartcodeltd.jenkinsci.plugins.buildmonitor.viewmodel.readability.ListerTest
OpenJDK 64-Bit Server VM warning: Ignoring option PermSize; support was removed in 8.0
OpenJDK 64-Bit Server VM warning: Ignoring option MaxPermSize; support was removed in 8.0
[INFO] Running com.smartcodeltd.jenkinsci.plugins.buildmonitor.viewmodel.readability.PluraliserTest
[INFO] Tests run: 3, Failures: 0, Errors: 0, Skipped: 0, Time elapsed: 0.054 s - in com.smartcodeltd.jenkinsci.plugins.buildmonitor.viewmodel.readability.PluraliserTest
[INFO] 
[INFO] Results:
[INFO] 
[INFO] Tests run: 97, Failures: 0, Errors: 0, Skipped: 0
[INFO] 
[INFO] 
[INFO] --- animal-sniffer-maven-plugin:1.21:check (check) @ build-monitor-plugin ---
[INFO] Signature checking is skipped.
[INFO] 
[INFO] --- frontend-maven-plugin:1.12.1:karma (karma) @ build-monitor-plugin ---
[INFO] Running 'karma start src/test/resources/karma.conf.ci.js' in /home/gabsko/breaking-updates/build-monitor-plugin
[INFO] (node:34946) Warning: Accessing non-existent property 'VERSION' of module exports inside circular dependency
[INFO] (Use `node --trace-warnings ...` to show where the warning was created)
[INFO] [32m08 02 2023 22:17:23.141:INFO [karma]: [39mKarma v1.3.0 server started at http://localhost:9876/
[INFO] [32m08 02 2023 22:17:23.141:INFO [launcher]: [39mLaunching browser PhantomJS with unlimited concurrency
[INFO] [32m08 02 2023 22:17:23.144:INFO [launcher]: [39mStarting browser PhantomJS
[INFO] [32m08 02 2023 22:17:23.298:INFO [PhantomJS 2.1.1 (Linux 0.0.0)]: [39mConnected on socket /#s4SFwVjIxBXLGb5qAAAA with id 82347888
[INFO] PhantomJS 2.1.1 (Linux 0.0.0): Executed 0 of 54[32m SUCCESS[39m (0 secs / 0 secs)
[INFO] [1A[2KPhantomJS 2.1.1 (Linux 0.0.0): Executed 1 of 54[32m SUCCESS[39m (0 secs / 0.006 secs)
[INFO] [1A[2KPhantomJS 2.1.1 (Linux 0.0.0): Executed 2 of 54[32m SUCCESS[39m (0 secs / 0.007 secs)
[INFO] [1A[2KPhantomJS 2.1.1 (Linux 0.0.0): Executed 3 of 54[32m SUCCESS[39m (0 secs / 0.008 secs)
[INFO] [1A[2KPhantomJS 2.1.1 (Linux 0.0.0): Executed 4 of 54[32m SUCCESS[39m (0 secs / 0.01 secs)
[INFO] [1A[2KPhantomJS 2.1.1 (Linux 0.0.0): Executed 5 of 54[32m SUCCESS[39m (0 secs / 0.012 secs)
[INFO] [1A[2KPhantomJS 2.1.1 (Linux 0.0.0): Executed 6 of 54[32m SUCCESS[39m (0 secs / 0.013 secs)
[INFO] [1A[2KPhantomJS 2.1.1 (Linux 0.0.0): Executed 7 of 54[32m SUCCESS[39m (0 secs / 0.015 secs)
[INFO] [1A[2KPhantomJS 2.1.1 (Linux 0.0.0): Executed 8 of 54[32m SUCCESS[39m (0 secs / 0.017 secs)
[INFO] [1A[2KPhantomJS 2.1.1 (Linux 0.0.0): Executed 9 of 54[32m SUCCESS[39m (0 secs / 0.018 secs)
[INFO] [1A[2KPhantomJS 2.1.1 (Linux 0.0.0): Executed 10 of 54[32m SUCCESS[39m (0 secs / 0.019 secs)
[INFO] [1A[2KPhantomJS 2.1.1 (Linux 0.0.0): Executed 11 of 54[32m SUCCESS[39m (0 secs / 0.021 secs)
[INFO] [1A[2KPhantomJS 2.1.1 (Linux 0.0.0): Executed 12 of 54[32m SUCCESS[39m (0 secs / 0.022 secs)
[INFO] [1A[2KPhantomJS 2.1.1 (Linux 0.0.0): Executed 13 of 54[32m SUCCESS[39m (0 secs / 0.023 secs)
[INFO] [1A[2KPhantomJS 2.1.1 (Linux 0.0.0): Executed 14 of 54[32m SUCCESS[39m (0 secs / 0.024 secs)
[INFO] [1A[2KPhantomJS 2.1.1 (Linux 0.0.0): Executed 15 of 54[32m SUCCESS[39m (0 secs / 0.028 secs)
[INFO] [1A[2KPhantomJS 2.1.1 (Linux 0.0.0): Executed 16 of 54[32m SUCCESS[39m (0 secs / 0.031 secs)
[INFO] [1A[2KPhantomJS 2.1.1 (Linux 0.0.0): Executed 17 of 54[32m SUCCESS[39m (0 secs / 0.032 secs)
[INFO] [1A[2KPhantomJS 2.1.1 (Linux 0.0.0): Executed 18 of 54[32m SUCCESS[39m (0 secs / 0.033 secs)
[INFO] [1A[2KPhantomJS 2.1.1 (Linux 0.0.0): Executed 19 of 54[32m SUCCESS[39m (0 secs / 0.034 secs)
[INFO] [1A[2KPhantomJS 2.1.1 (Linux 0.0.0): Executed 20 of 54[32m SUCCESS[39m (0 secs / 0.035 secs)
[INFO] [1A[2KPhantomJS 2.1.1 (Linux 0.0.0): Executed 21 of 54[32m SUCCESS[39m (0 secs / 0.036 secs)
[INFO] [1A[2KPhantomJS 2.1.1 (Linux 0.0.0): Executed 22 of 54[32m SUCCESS[39m (0 secs / 0.038 secs)
[INFO] [1A[2KPhantomJS 2.1.1 (Linux 0.0.0): Executed 23 of 54[32m SUCCESS[39m (0 secs / 0.04 secs)
[INFO] [1A[2KPhantomJS 2.1.1 (Linux 0.0.0): Executed 24 of 54[32m SUCCESS[39m (0 secs / 0.041 secs)
[INFO] [1A[2KPhantomJS 2.1.1 (Linux 0.0.0): Executed 25 of 54[32m SUCCESS[39m (0 secs / 0.043 secs)
[INFO] [1A[2KPhantomJS 2.1.1 (Linux 0.0.0): Executed 26 of 54[32m SUCCESS[39m (0 secs / 0.044 secs)
[INFO] [1A[2KPhantomJS 2.1.1 (Linux 0.0.0): Executed 27 of 54[32m SUCCESS[39m (0 secs / 0.045 secs)
[INFO] [1A[2KPhantomJS 2.1.1 (Linux 0.0.0): Executed 28 of 54[32m SUCCESS[39m (0 secs / 0.046 secs)
[INFO] [1A[2KPhantomJS 2.1.1 (Linux 0.0.0): Executed 29 of 54[32m SUCCESS[39m (0 secs / 0.047 secs)
[INFO] [1A[2KPhantomJS 2.1.1 (Linux 0.0.0): Executed 30 of 54[32m SUCCESS[39m (0 secs / 0.048 secs)
[INFO] [1A[2KPhantomJS 2.1.1 (Linux 0.0.0): Executed 31 of 54[32m SUCCESS[39m (0 secs / 0.049 secs)
[INFO] [1A[2KPhantomJS 2.1.1 (Linux 0.0.0): Executed 32 of 54[32m SUCCESS[39m (0 secs / 0.05 secs)
[INFO] [1A[2KPhantomJS 2.1.1 (Linux 0.0.0): Executed 33 of 54[32m SUCCESS[39m (0 secs / 0.051 secs)
[INFO] [1A[2KPhantomJS 2.1.1 (Linux 0.0.0): Executed 34 of 54[32m SUCCESS[39m (0 secs / 0.051 secs)
[INFO] [1A[2KPhantomJS 2.1.1 (Linux 0.0.0): Executed 35 of 54[32m SUCCESS[39m (0 secs / 0.052 secs)
[INFO] [1A[2KPhantomJS 2.1.1 (Linux 0.0.0): Executed 36 of 54[32m SUCCESS[39m (0 secs / 0.054 secs)
[INFO] [1A[2KPhantomJS 2.1.1 (Linux 0.0.0): Executed 37 of 54[32m SUCCESS[39m (0 secs / 0.056 secs)
[INFO] [1A[2KPhantomJS 2.1.1 (Linux 0.0.0): Executed 38 of 54[32m SUCCESS[39m (0 secs / 0.057 secs)
[INFO] [1A[2KPhantomJS 2.1.1 (Linux 0.0.0): Executed 39 of 54[32m SUCCESS[39m (0 secs / 0.059 secs)
[INFO] [1A[2KPhantomJS 2.1.1 (Linux 0.0.0): Executed 40 of 54[32m SUCCESS[39m (0 secs / 0.061 secs)
[INFO] [1A[2KPhantomJS 2.1.1 (Linux 0.0.0): Executed 41 of 54[32m SUCCESS[39m (0 secs / 0.062 secs)
[INFO] [1A[2KPhantomJS 2.1.1 (Linux 0.0.0): Executed 42 of 54[32m SUCCESS[39m (0 secs / 0.063 secs)
[INFO] [1A[2KPhantomJS 2.1.1 (Linux 0.0.0): Executed 43 of 54[32m SUCCESS[39m (0 secs / 0.064 secs)
[INFO] [1A[2KPhantomJS 2.1.1 (Linux 0.0.0): Executed 44 of 54[32m SUCCESS[39m (0 secs / 0.066 secs)
[INFO] [1A[2KPhantomJS 2.1.1 (Linux 0.0.0): Executed 45 of 54[32m SUCCESS[39m (0 secs / 0.071 secs)
[INFO] [1A[2KPhantomJS 2.1.1 (Linux 0.0.0): Executed 46 of 54[32m SUCCESS[39m (0 secs / 0.075 secs)
[INFO] [1A[2KPhantomJS 2.1.1 (Linux 0.0.0): Executed 47 of 54[32m SUCCESS[39m (0 secs / 0.076 secs)
[INFO] [1A[2KPhantomJS 2.1.1 (Linux 0.0.0): Executed 48 of 54[32m SUCCESS[39m (0 secs / 0.078 secs)
[INFO] [1A[2KPhantomJS 2.1.1 (Linux 0.0.0): Executed 49 of 54[32m SUCCESS[39m (0 secs / 0.08 secs)
[INFO] [1A[2KPhantomJS 2.1.1 (Linux 0.0.0): Executed 50 of 54[32m SUCCESS[39m (0 secs / 0.082 secs)
[INFO] [1A[2KPhantomJS 2.1.1 (Linux 0.0.0): Executed 51 of 54[32m SUCCESS[39m (0 secs / 0.084 secs)
[INFO] [1A[2KPhantomJS 2.1.1 (Linux 0.0.0): Executed 52 of 54[32m SUCCESS[39m (0 secs / 0.087 secs)
[INFO] [1A[2KPhantomJS 2.1.1 (Linux 0.0.0): Executed 53 of 54[32m SUCCESS[39m (0 secs / 0.09 secs)
[INFO] [1A[2KPhantomJS 2.1.1 (Linux 0.0.0): Executed 54 of 54[32m SUCCESS[39m (0 secs / 0.091 secs)
[INFO] [1A[2KPhantomJS 2.1.1 (Linux 0.0.0): Executed 54 of 54[32m SUCCESS[39m (0.092 secs / 0.091 secs)
[INFO] 
[INFO] ----------< org.jenkins-ci.plugins:build-monitor-acceptance >-----------
[INFO] Building Build Monitor Acceptance Tests 1.13-SNAPSHOT              [3/3]
[INFO] --------------------------------[ jar ]---------------------------------
[INFO] 
[INFO] --- maven-clean-plugin:3.2.0:clean (default-clean) @ build-monitor-acceptance ---
[INFO] Deleting /home/gabsko/breaking-updates/build-monitor-acceptance/target
[INFO] 
[INFO] --- maven-enforcer-plugin:3.0.0:display-info (display-info) @ build-monitor-acceptance ---
[INFO] Maven Version: 3.8.6
[INFO] JDK Version: 11.0.17 normalized as: 11.0.17
[INFO] Java Vendor: Ubuntu
[INFO] OS Info: Arch: amd64 Family: unix Name: linux Version: 5.4.0-113-generic
[INFO] 
[INFO] --- maven-enforcer-plugin:3.0.0:enforce (display-info) @ build-monitor-acceptance ---
[INFO] Ignoring requireUpperBoundDeps in javax.servlet:servlet-api
[INFO] Ignoring requireUpperBoundDeps in org.projectlombok:lombok
[INFO] Ignoring requireUpperBoundDeps in com.google.code.findbugs:annotations
[INFO] Adding ignore: module-info
[INFO] 
[INFO] --- maven-enforcer-plugin:3.0.0:enforce (no-snapshots-in-release) @ build-monitor-acceptance ---
[INFO] 
[INFO] --- gmavenplus-plugin:1.13.1:addTestSources (test-in-groovy) @ build-monitor-acceptance ---
[INFO] 
[INFO] --- localizer-maven-plugin:1.31:generate (default) @ build-monitor-acceptance ---
[INFO] 
[INFO] --- maven-resources-plugin:3.2.0:resources (default-resources) @ build-monitor-acceptance ---
[INFO] Using 'UTF-8' encoding to copy filtered resources.
[INFO] Using 'UTF-8' encoding to copy filtered properties files.
[INFO] skip non existing resourceDirectory /home/gabsko/breaking-updates/build-monitor-acceptance/src/main/resources
[INFO] 
[INFO] --- maven-compiler-plugin:3.10.1:compile (default-compile) @ build-monitor-acceptance ---
[INFO] Changes detected - recompiling the module!
[INFO] Compiling 132 source files to /home/gabsko/breaking-updates/build-monitor-acceptance/target/classes
[INFO] 
[INFO] --- gmavenplus-plugin:1.13.1:generateTestStubs (test-in-groovy) @ build-monitor-acceptance ---
[INFO] No sources specified for stub generation. Skipping.
[INFO] Generated 0 stubs.
[INFO] 
[INFO] --- maven-antrun-plugin:3.0.0:run (createTempDir) @ build-monitor-acceptance ---
[INFO] Executing tasks
[INFO]     [mkdir] Created dir: /home/gabsko/breaking-updates/build-monitor-acceptance/target/tmp
[INFO] Executed tasks
[INFO] 
[INFO] --- maven-resources-plugin:3.2.0:testResources (default-testResources) @ build-monitor-acceptance ---
[INFO] Using 'UTF-8' encoding to copy filtered resources.
[INFO] Using 'UTF-8' encoding to copy filtered properties files.
[INFO] Copying 2 resources
[INFO] 
[INFO] --- maven-compiler-plugin:3.10.1:testCompile (default-testCompile) @ build-monitor-acceptance ---
[INFO] Changes detected - recompiling the module!
[INFO] Compiling 14 source files to /home/gabsko/breaking-updates/build-monitor-acceptance/target/test-classes
[INFO] 
[INFO] --- gmavenplus-plugin:1.13.1:compileTests (test-in-groovy) @ build-monitor-acceptance ---
[INFO] No sources specified for compilation. Skipping.
[INFO] 
[INFO] --- maven-surefire-plugin:3.0.0-M6:test (default-test) @ build-monitor-acceptance ---
[INFO] Using auto detected provider org.apache.maven.surefire.junit4.JUnit4Provider
[INFO] 
[INFO] -------------------------------------------------------
[INFO]  T E S T S
[INFO] -------------------------------------------------------
[INFO] Running net.serenitybdd.integration.jenkins.environment.UpdateCenterUnitTest
[INFO] Tests run: 2, Failures: 0, Errors: 0, Skipped: 0, Time elapsed: 0.113 s - in net.serenitybdd.integration.jenkins.environment.UpdateCenterUnitTest
[INFO] 
[INFO] Results:
[INFO] 
[INFO] Tests run: 2, Failures: 0, Errors: 0, Skipped: 0
[INFO] 
[INFO] 
[INFO] --- animal-sniffer-maven-plugin:1.21:check (check) @ build-monitor-acceptance ---
[INFO] Signature checking is skipped.
[INFO] 
[INFO] --- maven-surefire-plugin:3.0.0-M6:test (default) @ build-monitor-acceptance ---
[INFO] Skipping execution of surefire because it has already been run for this configuration
[INFO] ------------------------------------------------------------------------
[INFO] Reactor Summary for Build Monitor 1.13-SNAPSHOT:
[INFO] 
[INFO] Build Monitor ...................................... SUCCESS [  0.967 s]
[INFO] Build Monitor View ................................. SUCCESS [01:32 min]
[INFO] Build Monitor Acceptance Tests ..................... SUCCESS [  3.538 s]
[INFO] ------------------------------------------------------------------------
[INFO] BUILD SUCCESS
[INFO] ------------------------------------------------------------------------
[INFO] Total time:  01:38 min
[INFO] Finished at: 2023-02-08T22:17:27Z
[INFO] ------------------------------------------------------------------------
