[INFO] Scanning for projects...
[INFO] ------------------------------------------------------------------------
[INFO] Reactor Build Order:
[INFO] 
[INFO] hosh                                                               [pom]
[INFO] hosh-test-support                                                  [jar]
[INFO] hosh-spi                                                           [jar]
[INFO] hosh-spi-test-support                                              [jar]
[INFO] hosh-runtime                                                       [jar]
[INFO] hosh-system-module                                                 [jar]
[INFO] hosh-text-module                                                   [jar]
[INFO] hosh-history-module                                                [jar]
[INFO] hosh-network-module                                                [jar]
[INFO] hosh-terminal-module                                               [jar]
[INFO] hosh-filesystem-module                                             [jar]
[INFO] hosh-main                                                          [jar]
[INFO] 
[INFO] --------------------------< hosh:hosh-parent >--------------------------
[INFO] Building hosh 0.1.5-SNAPSHOT                                      [1/12]
[INFO] --------------------------------[ pom ]---------------------------------
[INFO] 
[INFO] --- maven-clean-plugin:2.5:clean (default-clean) @ hosh-parent ---
[INFO] Deleting /home/gabsko/breaking-updates/target
[INFO] 
[INFO] --- maven-checkstyle-plugin:3.1.2:check (default) @ hosh-parent ---
[INFO] Starting audit...
Audit done.
[INFO] You have 0 Checkstyle violations.
[INFO] 
[INFO] -----------------------< hosh:hosh-test-support >-----------------------
[INFO] Building hosh-test-support 0.1.5-SNAPSHOT                         [2/12]
[INFO] --------------------------------[ jar ]---------------------------------
[INFO] 
[INFO] --- maven-clean-plugin:2.5:clean (default-clean) @ hosh-test-support ---
[INFO] Deleting /home/gabsko/breaking-updates/test-support/target
[INFO] 
[INFO] --- maven-checkstyle-plugin:3.1.2:check (default) @ hosh-test-support ---
[INFO] Starting audit...
Audit done.
[INFO] You have 0 Checkstyle violations.
[INFO] 
[INFO] --- maven-resources-plugin:2.6:resources (default-resources) @ hosh-test-support ---
[INFO] Using 'UTF-8' encoding to copy filtered resources.
[INFO] skip non existing resourceDirectory /home/gabsko/breaking-updates/test-support/src/main/resources
[INFO] 
[INFO] --- maven-compiler-plugin:3.10.1:compile (default-compile) @ hosh-test-support ---
[INFO] Compiling 7 source files to /home/gabsko/breaking-updates/test-support/target/classes
[INFO] 
[INFO] --- maven-resources-plugin:2.6:testResources (default-testResources) @ hosh-test-support ---
[INFO] Using 'UTF-8' encoding to copy filtered resources.
[INFO] skip non existing resourceDirectory /home/gabsko/breaking-updates/test-support/src/test/resources
[INFO] 
[INFO] --- maven-compiler-plugin:3.10.1:testCompile (default-testCompile) @ hosh-test-support ---
[INFO] No sources to compile
[INFO] 
[INFO] --- maven-surefire-plugin:2.22.2:test (default-test) @ hosh-test-support ---
[INFO] No tests to run.
[INFO] 
[INFO] ---------------------------< hosh:hosh-spi >----------------------------
[INFO] Building hosh-spi 0.1.5-SNAPSHOT                                  [3/12]
[INFO] --------------------------------[ jar ]---------------------------------
[INFO] 
[INFO] --- maven-clean-plugin:2.5:clean (default-clean) @ hosh-spi ---
[INFO] Deleting /home/gabsko/breaking-updates/spi/target
[INFO] 
[INFO] --- maven-checkstyle-plugin:3.1.2:check (default) @ hosh-spi ---
[INFO] Starting audit...
Audit done.
[INFO] You have 0 Checkstyle violations.
[INFO] 
[INFO] --- maven-resources-plugin:2.6:resources (default-resources) @ hosh-spi ---
[INFO] Using 'UTF-8' encoding to copy filtered resources.
[INFO] skip non existing resourceDirectory /home/gabsko/breaking-updates/spi/src/main/resources
[INFO] 
[INFO] --- maven-compiler-plugin:3.10.1:compile (default-compile) @ hosh-spi ---
[INFO] Compiling 32 source files to /home/gabsko/breaking-updates/spi/target/classes
[WARNING] /home/gabsko/breaking-updates/spi/src/main/java/hosh/spi/TerminalAware.java:[33,26] interface org.jline.terminal.Terminal in module org.jline.terminal is not indirectly exported using requires transitive
[WARNING] /home/gabsko/breaking-updates/spi/src/main/java/hosh/spi/HistoryAware.java:[33,25] interface org.jline.reader.History in module org.jline.reader is not indirectly exported using requires transitive
[WARNING] /home/gabsko/breaking-updates/spi/src/main/java/hosh/spi/LineReaderAware.java:[33,28] interface org.jline.reader.LineReader in module org.jline.reader is not indirectly exported using requires transitive
[INFO] 
[INFO] --- maven-resources-plugin:2.6:testResources (default-testResources) @ hosh-spi ---
[INFO] Using 'UTF-8' encoding to copy filtered resources.
[INFO] skip non existing resourceDirectory /home/gabsko/breaking-updates/spi/src/test/resources
[INFO] 
[INFO] --- maven-compiler-plugin:3.10.1:testCompile (default-testCompile) @ hosh-spi ---
[INFO] Compiling 7 source files to /home/gabsko/breaking-updates/spi/target/test-classes
[INFO] 
[INFO] --- maven-surefire-plugin:2.22.2:test (default-test) @ hosh-spi ---
[INFO] 
[INFO] -------------------------------------------------------
[INFO]  T E S T S
[INFO] -------------------------------------------------------
[INFO] Running hosh.spi.ValuesTest
[INFO] Tests run: 98, Failures: 0, Errors: 0, Skipped: 0, Time elapsed: 0.867 s - in hosh.spi.ValuesTest
[INFO] Running hosh.spi.ExitStatusTest
[INFO] Tests run: 6, Failures: 0, Errors: 0, Skipped: 0, Time elapsed: 0.023 s - in hosh.spi.ExitStatusTest
[INFO] Running hosh.spi.ErrorsTest
[INFO] Tests run: 4, Failures: 0, Errors: 0, Skipped: 0, Time elapsed: 0.003 s - in hosh.spi.ErrorsTest
[INFO] Running hosh.spi.InputChannelTest
[INFO] Tests run: 5, Failures: 0, Errors: 0, Skipped: 0, Time elapsed: 0.021 s - in hosh.spi.InputChannelTest
[INFO] Running hosh.spi.AnsiTest
[INFO] Tests run: 2, Failures: 0, Errors: 0, Skipped: 0, Time elapsed: 0 s - in hosh.spi.AnsiTest
[INFO] Running hosh.spi.KeysTest
[INFO] Tests run: 5, Failures: 0, Errors: 0, Skipped: 0, Time elapsed: 0 s - in hosh.spi.KeysTest
[INFO] Running hosh.spi.RecordsTest
[INFO] Tests run: 15, Failures: 0, Errors: 0, Skipped: 0, Time elapsed: 0.037 s - in hosh.spi.RecordsTest
[INFO] 
[INFO] Results:
[INFO] 
[INFO] Tests run: 135, Failures: 0, Errors: 0, Skipped: 0
[INFO] 
[INFO] 
[INFO] ---------------------< hosh:hosh-spi-test-support >---------------------
[INFO] Building hosh-spi-test-support 0.1.5-SNAPSHOT                     [4/12]
[INFO] --------------------------------[ jar ]---------------------------------
[INFO] 
[INFO] --- maven-clean-plugin:2.5:clean (default-clean) @ hosh-spi-test-support ---
[INFO] Deleting /home/gabsko/breaking-updates/spi-test-support/target
[INFO] 
[INFO] --- maven-checkstyle-plugin:3.1.2:check (default) @ hosh-spi-test-support ---
[INFO] Starting audit...
Audit done.
[INFO] You have 0 Checkstyle violations.
[INFO] 
[INFO] --- maven-resources-plugin:2.6:resources (default-resources) @ hosh-spi-test-support ---
[INFO] Using 'UTF-8' encoding to copy filtered resources.
[INFO] skip non existing resourceDirectory /home/gabsko/breaking-updates/spi-test-support/src/main/resources
[INFO] 
[INFO] --- maven-compiler-plugin:3.10.1:compile (default-compile) @ hosh-spi-test-support ---
[INFO] Compiling 3 source files to /home/gabsko/breaking-updates/spi-test-support/target/classes
[INFO] 
[INFO] --- maven-resources-plugin:2.6:testResources (default-testResources) @ hosh-spi-test-support ---
[INFO] Using 'UTF-8' encoding to copy filtered resources.
[INFO] skip non existing resourceDirectory /home/gabsko/breaking-updates/spi-test-support/src/test/resources
[INFO] 
[INFO] --- maven-compiler-plugin:3.10.1:testCompile (default-testCompile) @ hosh-spi-test-support ---
[INFO] No sources to compile
[INFO] 
[INFO] --- maven-surefire-plugin:2.22.2:test (default-test) @ hosh-spi-test-support ---
[INFO] No tests to run.
[INFO] 
[INFO] -------------------------< hosh:hosh-runtime >--------------------------
[INFO] Building hosh-runtime 0.1.5-SNAPSHOT                              [5/12]
[INFO] --------------------------------[ jar ]---------------------------------
[INFO] 
[INFO] --- maven-clean-plugin:2.5:clean (default-clean) @ hosh-runtime ---
[INFO] Deleting /home/gabsko/breaking-updates/runtime/target
[INFO] 
[INFO] --- maven-checkstyle-plugin:3.1.2:check (default) @ hosh-runtime ---
[INFO] Starting audit...
Audit done.
[INFO] You have 0 Checkstyle violations.
[INFO] 
[INFO] --- git-commit-id-plugin:4.9.10:revision (fetch-git-revision) @ hosh-runtime ---
[INFO] 
[INFO] --- antlr4-maven-plugin:4.9.3:antlr4 (antlr) @ hosh-runtime ---
[INFO] ANTLR 4: Processing source directory /home/gabsko/breaking-updates/runtime/src/main/antlr4
[INFO] Processing grammar: hosh/runtime/antlr4/HoshLexer.g4
[INFO] Processing grammar: hosh/runtime/antlr4/HoshParser.g4
[INFO] 
[INFO] --- build-helper-maven-plugin:3.3.0:add-source (add-source) @ hosh-runtime ---
[INFO] Source directory: /home/gabsko/breaking-updates/runtime/hosh-runtime/target/generated-sources/antlr4 added.
[INFO] 
[INFO] --- maven-resources-plugin:2.6:resources (default-resources) @ hosh-runtime ---
[INFO] Using 'UTF-8' encoding to copy filtered resources.
[INFO] skip non existing resourceDirectory /home/gabsko/breaking-updates/runtime/src/main/resources
[INFO] 
[INFO] --- maven-compiler-plugin:3.10.1:compile (default-compile) @ hosh-runtime ---
[INFO] Compiling 37 source files to /home/gabsko/breaking-updates/runtime/target/classes
[INFO] 
[INFO] --- maven-resources-plugin:2.6:testResources (default-testResources) @ hosh-runtime ---
[INFO] Using 'UTF-8' encoding to copy filtered resources.
[INFO] skip non existing resourceDirectory /home/gabsko/breaking-updates/runtime/src/test/resources
[INFO] 
[INFO] --- maven-compiler-plugin:3.10.1:testCompile (default-testCompile) @ hosh-runtime ---
[INFO] Compiling 27 source files to /home/gabsko/breaking-updates/runtime/target/test-classes
[INFO] 
[INFO] --- maven-surefire-plugin:2.22.2:test (default-test) @ hosh-runtime ---
[INFO] 
[INFO] -------------------------------------------------------
[INFO]  T E S T S
[INFO] -------------------------------------------------------
[INFO] Running RuntimeFitnessTest
[INFO] Tests run: 2, Failures: 0, Errors: 0, Skipped: 0, Time elapsed: 1.166 s - in RuntimeFitnessTest
[INFO] Running hosh.runtime.ConsoleChannelTest
[INFO] Tests run: 4, Failures: 0, Errors: 0, Skipped: 0, Time elapsed: 0.479 s - in hosh.runtime.ConsoleChannelTest
[INFO] Running hosh.runtime.PipelineCommandTest
[INFO] Tests run: 9, Failures: 0, Errors: 0, Skipped: 0, Time elapsed: 0.12 s - in hosh.runtime.PipelineCommandTest
[INFO] Running hosh.runtime.CompilerTest
[WARNING] Tests run: 32, Failures: 0, Errors: 0, Skipped: 1, Time elapsed: 0.208 s - in hosh.runtime.CompilerTest
[INFO] Running hosh.runtime.MutableStateTest
[INFO] Tests run: 2, Failures: 0, Errors: 0, Skipped: 0, Time elapsed: 0.002 s - in hosh.runtime.MutableStateTest
[INFO] Running hosh.runtime.ExternalCommandTest
[INFO] Tests run: 8, Failures: 0, Errors: 0, Skipped: 0, Time elapsed: 0.074 s - in hosh.runtime.ExternalCommandTest
[INFO] Running hosh.runtime.SupervisorTest
[INFO] Tests run: 4, Failures: 0, Errors: 0, Skipped: 0, Time elapsed: 0.007 s - in hosh.runtime.SupervisorTest
[INFO] Running hosh.runtime.InterpreterTest
[INFO] Tests run: 10, Failures: 0, Errors: 0, Skipped: 0, Time elapsed: 0.057 s - in hosh.runtime.InterpreterTest
[INFO] Running hosh.runtime.ParserTest
[INFO] Tests run: 79, Failures: 0, Errors: 0, Skipped: 0, Time elapsed: 0.149 s - in hosh.runtime.ParserTest
[INFO] Running hosh.runtime.AutoTableChannelTest
[INFO] Tests run: 6, Failures: 0, Errors: 0, Skipped: 0, Time elapsed: 0.108 s - in hosh.runtime.AutoTableChannelTest
[INFO] Running hosh.runtime.CommandCompleterTest
[INFO] Tests run: 8, Failures: 0, Errors: 0, Skipped: 0, Time elapsed: 0.031 s - in hosh.runtime.CommandCompleterTest
[INFO] Running hosh.runtime.CommandResolversTest
[WARNING] Tests run: 14, Failures: 0, Errors: 0, Skipped: 2, Time elapsed: 0.029 s - in hosh.runtime.CommandResolversTest
[INFO] Running hosh.runtime.PipelineChannelTest
[INFO] Tests run: 4, Failures: 0, Errors: 0, Skipped: 0, Time elapsed: 0.007 s - in hosh.runtime.PipelineChannelTest
[INFO] Running hosh.runtime.FileSystemCompleterTest
[WARNING] Tests run: 8, Failures: 0, Errors: 0, Skipped: 1, Time elapsed: 0.015 s - in hosh.runtime.FileSystemCompleterTest
[INFO] Running hosh.runtime.PathInitializerTest
[WARNING] Tests run: 6, Failures: 0, Errors: 0, Skipped: 1, Time elapsed: 0.004 s - in hosh.runtime.PathInitializerTest
[INFO] Running hosh.runtime.SequenceCommandTest
[INFO] Tests run: 2, Failures: 0, Errors: 0, Skipped: 0, Time elapsed: 0 s - in hosh.runtime.SequenceCommandTest
[INFO] Running hosh.runtime.CandidatesTest
[INFO] Tests run: 3, Failures: 0, Errors: 0, Skipped: 0, Time elapsed: 0 s - in hosh.runtime.CandidatesTest
[INFO] Running hosh.runtime.VersionLoaderTest
[INFO] Tests run: 1, Failures: 0, Errors: 0, Skipped: 0, Time elapsed: 0 s - in hosh.runtime.VersionLoaderTest
[INFO] Running hosh.runtime.NullChannelTest
[INFO] Tests run: 2, Failures: 0, Errors: 0, Skipped: 0, Time elapsed: 0 s - in hosh.runtime.NullChannelTest
[INFO] Running hosh.runtime.HoshHighlighterTest
[INFO] Tests run: 2, Failures: 0, Errors: 0, Skipped: 0, Time elapsed: 0.001 s - in hosh.runtime.HoshHighlighterTest
[INFO] Running hosh.runtime.CancellableChannelTest
[INFO] Tests run: 2, Failures: 0, Errors: 0, Skipped: 0, Time elapsed: 0 s - in hosh.runtime.CancellableChannelTest
[INFO] Running hosh.runtime.InjectorTest
[INFO] Tests run: 5, Failures: 0, Errors: 0, Skipped: 0, Time elapsed: 0.035 s - in hosh.runtime.InjectorTest
[INFO] Running hosh.runtime.LambdaCommandTest
[INFO] Tests run: 3, Failures: 0, Errors: 0, Skipped: 0, Time elapsed: 0.005 s - in hosh.runtime.LambdaCommandTest
[INFO] Running hosh.runtime.VariableExpansionCompleterTest
[INFO] Tests run: 3, Failures: 0, Errors: 0, Skipped: 0, Time elapsed: 0.002 s - in hosh.runtime.VariableExpansionCompleterTest
[INFO] Running hosh.runtime.HoshFormatterTest
[INFO] Tests run: 3, Failures: 0, Errors: 0, Skipped: 0, Time elapsed: 0.042 s - in hosh.runtime.HoshFormatterTest
[INFO] Running hosh.runtime.ReplReaderTest
[INFO] Tests run: 4, Failures: 0, Errors: 0, Skipped: 0, Time elapsed: 0.004 s - in hosh.runtime.ReplReaderTest
[INFO] Running hosh.runtime.SimpleCommandRegistryTest
[INFO] Tests run: 4, Failures: 0, Errors: 0, Skipped: 0, Time elapsed: 0.002 s - in hosh.runtime.SimpleCommandRegistryTest
[INFO] 
[INFO] Results:
[INFO] 
[WARNING] Tests run: 230, Failures: 0, Errors: 0, Skipped: 5
[INFO] 
[INFO] 
[INFO] ----------------------< hosh:hosh-system-module >-----------------------
[INFO] Building hosh-system-module 0.1.5-SNAPSHOT                        [6/12]
[INFO] --------------------------------[ jar ]---------------------------------
[INFO] 
[INFO] --- maven-clean-plugin:2.5:clean (default-clean) @ hosh-system-module ---
[INFO] Deleting /home/gabsko/breaking-updates/modules/system/target
[INFO] 
[INFO] --- maven-checkstyle-plugin:3.1.2:check (default) @ hosh-system-module ---
[INFO] Starting audit...
Audit done.
[INFO] You have 0 Checkstyle violations.
[INFO] 
[INFO] --- maven-resources-plugin:2.6:resources (default-resources) @ hosh-system-module ---
[INFO] Using 'UTF-8' encoding to copy filtered resources.
[INFO] Copying 1 resource
[INFO] 
[INFO] --- maven-compiler-plugin:3.10.1:compile (default-compile) @ hosh-system-module ---
[INFO] Compiling 3 source files to /home/gabsko/breaking-updates/modules/system/target/classes
[INFO] 
[INFO] --- maven-resources-plugin:2.6:testResources (default-testResources) @ hosh-system-module ---
[INFO] Using 'UTF-8' encoding to copy filtered resources.
[INFO] skip non existing resourceDirectory /home/gabsko/breaking-updates/modules/system/src/test/resources
[INFO] 
[INFO] --- maven-compiler-plugin:3.10.1:testCompile (default-testCompile) @ hosh-system-module ---
[INFO] Compiling 3 source files to /home/gabsko/breaking-updates/modules/system/target/test-classes
[INFO] 
[INFO] --- maven-surefire-plugin:2.22.2:test (default-test) @ hosh-system-module ---
[INFO] 
[INFO] -------------------------------------------------------
[INFO]  T E S T S
[INFO] -------------------------------------------------------
[INFO] Running SystemModuleFitnessTest
[INFO] Tests run: 2, Failures: 0, Errors: 0, Skipped: 0, Time elapsed: 1.013 s - in SystemModuleFitnessTest
[INFO] Running hosh.modules.system.SystemModuleTest
[INFO] Tests run: 108, Failures: 0, Errors: 0, Skipped: 0, Time elapsed: 1.797 s - in hosh.modules.system.SystemModuleTest
[INFO] Running hosh.modules.system.DurationParsingTest
[INFO] Tests run: 7, Failures: 0, Errors: 0, Skipped: 0, Time elapsed: 0 s - in hosh.modules.system.DurationParsingTest
[INFO] 
[INFO] Results:
[INFO] 
[INFO] Tests run: 117, Failures: 0, Errors: 0, Skipped: 0
[INFO] 
[INFO] 
[INFO] -----------------------< hosh:hosh-text-module >------------------------
[INFO] Building hosh-text-module 0.1.5-SNAPSHOT                          [7/12]
[INFO] --------------------------------[ jar ]---------------------------------
[INFO] 
[INFO] --- maven-clean-plugin:2.5:clean (default-clean) @ hosh-text-module ---
[INFO] Deleting /home/gabsko/breaking-updates/modules/text/target
[INFO] 
[INFO] --- maven-checkstyle-plugin:3.1.2:check (default) @ hosh-text-module ---
[INFO] Starting audit...
Audit done.
[INFO] You have 0 Checkstyle violations.
[INFO] 
[INFO] --- maven-resources-plugin:2.6:resources (default-resources) @ hosh-text-module ---
[INFO] Using 'UTF-8' encoding to copy filtered resources.
[INFO] Copying 1 resource
[INFO] 
[INFO] --- maven-compiler-plugin:3.10.1:compile (default-compile) @ hosh-text-module ---
[INFO] Compiling 2 source files to /home/gabsko/breaking-updates/modules/text/target/classes
[INFO] 
[INFO] --- maven-resources-plugin:2.6:testResources (default-testResources) @ hosh-text-module ---
[INFO] Using 'UTF-8' encoding to copy filtered resources.
[INFO] skip non existing resourceDirectory /home/gabsko/breaking-updates/modules/text/src/test/resources
[INFO] 
[INFO] --- maven-compiler-plugin:3.10.1:testCompile (default-testCompile) @ hosh-text-module ---
[INFO] Compiling 2 source files to /home/gabsko/breaking-updates/modules/text/target/test-classes
[INFO] 
[INFO] --- maven-surefire-plugin:2.22.2:test (default-test) @ hosh-text-module ---
[INFO] 
[INFO] -------------------------------------------------------
[INFO]  T E S T S
[INFO] -------------------------------------------------------
[INFO] Running TextModuleFitnessTest
[INFO] Tests run: 2, Failures: 0, Errors: 0, Skipped: 0, Time elapsed: 0.943 s - in TextModuleFitnessTest
[INFO] Running hosh.modules.text.TextModuleTest
[INFO] Tests run: 95, Failures: 0, Errors: 0, Skipped: 0, Time elapsed: 0.613 s - in hosh.modules.text.TextModuleTest
[INFO] 
[INFO] Results:
[INFO] 
[INFO] Tests run: 97, Failures: 0, Errors: 0, Skipped: 0
[INFO] 
[INFO] 
[INFO] ----------------------< hosh:hosh-history-module >----------------------
[INFO] Building hosh-history-module 0.1.5-SNAPSHOT                       [8/12]
[INFO] --------------------------------[ jar ]---------------------------------
[INFO] 
[INFO] --- maven-clean-plugin:2.5:clean (default-clean) @ hosh-history-module ---
[INFO] Deleting /home/gabsko/breaking-updates/modules/history/target
[INFO] 
[INFO] --- maven-checkstyle-plugin:3.1.2:check (default) @ hosh-history-module ---
[INFO] Starting audit...
Audit done.
[INFO] You have 0 Checkstyle violations.
[INFO] 
[INFO] --- maven-resources-plugin:2.6:resources (default-resources) @ hosh-history-module ---
[INFO] Using 'UTF-8' encoding to copy filtered resources.
[INFO] Copying 1 resource
[INFO] 
[INFO] --- maven-compiler-plugin:3.10.1:compile (default-compile) @ hosh-history-module ---
[INFO] Compiling 2 source files to /home/gabsko/breaking-updates/modules/history/target/classes
[INFO] 
[INFO] --- maven-resources-plugin:2.6:testResources (default-testResources) @ hosh-history-module ---
[INFO] Using 'UTF-8' encoding to copy filtered resources.
[INFO] skip non existing resourceDirectory /home/gabsko/breaking-updates/modules/history/src/test/resources
[INFO] 
[INFO] --- maven-compiler-plugin:3.10.1:testCompile (default-testCompile) @ hosh-history-module ---
[INFO] Compiling 2 source files to /home/gabsko/breaking-updates/modules/history/target/test-classes
[INFO] 
[INFO] --- maven-surefire-plugin:2.22.2:test (default-test) @ hosh-history-module ---
[INFO] 
[INFO] -------------------------------------------------------
[INFO]  T E S T S
[INFO] -------------------------------------------------------
[INFO] Running HistoryModuleFitnessTest
[INFO] Tests run: 2, Failures: 0, Errors: 0, Skipped: 0, Time elapsed: 0.621 s - in HistoryModuleFitnessTest
[INFO] Running hosh.modules.history.HistoryModuleTest
[INFO] Tests run: 3, Failures: 0, Errors: 0, Skipped: 0, Time elapsed: 0.451 s - in hosh.modules.history.HistoryModuleTest
[INFO] 
[INFO] Results:
[INFO] 
[INFO] Tests run: 5, Failures: 0, Errors: 0, Skipped: 0
[INFO] 
[INFO] 
[INFO] ----------------------< hosh:hosh-network-module >----------------------
[INFO] Building hosh-network-module 0.1.5-SNAPSHOT                       [9/12]
[INFO] --------------------------------[ jar ]---------------------------------
[INFO] 
[INFO] --- maven-clean-plugin:2.5:clean (default-clean) @ hosh-network-module ---
[INFO] Deleting /home/gabsko/breaking-updates/modules/network/target
[INFO] 
[INFO] --- maven-checkstyle-plugin:3.1.2:check (default) @ hosh-network-module ---
[INFO] Starting audit...
Audit done.
[INFO] You have 0 Checkstyle violations.
[INFO] 
[INFO] --- maven-resources-plugin:2.6:resources (default-resources) @ hosh-network-module ---
[INFO] Using 'UTF-8' encoding to copy filtered resources.
[INFO] Copying 1 resource
[INFO] 
[INFO] --- maven-compiler-plugin:3.10.1:compile (default-compile) @ hosh-network-module ---
[INFO] Compiling 2 source files to /home/gabsko/breaking-updates/modules/network/target/classes
[INFO] 
[INFO] --- maven-resources-plugin:2.6:testResources (default-testResources) @ hosh-network-module ---
[INFO] Using 'UTF-8' encoding to copy filtered resources.
[INFO] skip non existing resourceDirectory /home/gabsko/breaking-updates/modules/network/src/test/resources
[INFO] 
[INFO] --- maven-compiler-plugin:3.10.1:testCompile (default-testCompile) @ hosh-network-module ---
[INFO] Compiling 3 source files to /home/gabsko/breaking-updates/modules/network/target/test-classes
[INFO] 
[INFO] --- maven-surefire-plugin:2.22.2:test (default-test) @ hosh-network-module ---
[INFO] 
[INFO] -------------------------------------------------------
[INFO]  T E S T S
[INFO] -------------------------------------------------------
[INFO] Running NetworkModuleFitnessTest
[INFO] Tests run: 2, Failures: 0, Errors: 0, Skipped: 0, Time elapsed: 1.038 s - in NetworkModuleFitnessTest
[INFO] Running hosh.modules.network.NetworkModuleTest
[INFO] Tests run: 6, Failures: 0, Errors: 0, Skipped: 0, Time elapsed: 0.459 s - in hosh.modules.network.NetworkModuleTest
[INFO] Running hosh.modules.network.PostmanHttpTest
[INFO] Tests run: 2, Failures: 0, Errors: 0, Skipped: 0, Time elapsed: 1.065 s - in hosh.modules.network.PostmanHttpTest
[INFO] 
[INFO] Results:
[INFO] 
[INFO] Tests run: 10, Failures: 0, Errors: 0, Skipped: 0
[INFO] 
[INFO] 
[INFO] ---------------------< hosh:hosh-terminal-module >----------------------
[INFO] Building hosh-terminal-module 0.1.5-SNAPSHOT                     [10/12]
[INFO] --------------------------------[ jar ]---------------------------------
[INFO] 
[INFO] --- maven-clean-plugin:2.5:clean (default-clean) @ hosh-terminal-module ---
[INFO] Deleting /home/gabsko/breaking-updates/modules/terminal/target
[INFO] 
[INFO] --- maven-checkstyle-plugin:3.1.2:check (default) @ hosh-terminal-module ---
[INFO] Starting audit...
Audit done.
[INFO] You have 0 Checkstyle violations.
[INFO] 
[INFO] --- maven-resources-plugin:2.6:resources (default-resources) @ hosh-terminal-module ---
[INFO] Using 'UTF-8' encoding to copy filtered resources.
[INFO] Copying 1 resource
[INFO] 
[INFO] --- maven-compiler-plugin:3.10.1:compile (default-compile) @ hosh-terminal-module ---
[INFO] Compiling 2 source files to /home/gabsko/breaking-updates/modules/terminal/target/classes
[INFO] 
[INFO] --- maven-resources-plugin:2.6:testResources (default-testResources) @ hosh-terminal-module ---
[INFO] Using 'UTF-8' encoding to copy filtered resources.
[INFO] skip non existing resourceDirectory /home/gabsko/breaking-updates/modules/terminal/src/test/resources
[INFO] 
[INFO] --- maven-compiler-plugin:3.10.1:testCompile (default-testCompile) @ hosh-terminal-module ---
[INFO] Compiling 2 source files to /home/gabsko/breaking-updates/modules/terminal/target/test-classes
[INFO] 
[INFO] --- maven-surefire-plugin:2.22.2:test (default-test) @ hosh-terminal-module ---
[INFO] 
[INFO] -------------------------------------------------------
[INFO]  T E S T S
[INFO] -------------------------------------------------------
[INFO] Running TerminalModuleFitnessTest
[INFO] Tests run: 2, Failures: 0, Errors: 0, Skipped: 0, Time elapsed: 0.62 s - in TerminalModuleFitnessTest
[INFO] Running hosh.modules.terminal.TerminalModuleTest
[INFO] Tests run: 6, Failures: 0, Errors: 0, Skipped: 0, Time elapsed: 0.513 s - in hosh.modules.terminal.TerminalModuleTest
[INFO] 
[INFO] Results:
[INFO] 
[INFO] Tests run: 8, Failures: 0, Errors: 0, Skipped: 0
[INFO] 
[INFO] 
[INFO] --------------------< hosh:hosh-filesystem-module >---------------------
[INFO] Building hosh-filesystem-module 0.1.5-SNAPSHOT                   [11/12]
[INFO] --------------------------------[ jar ]---------------------------------
[INFO] 
[INFO] --- maven-clean-plugin:2.5:clean (default-clean) @ hosh-filesystem-module ---
[INFO] Deleting /home/gabsko/breaking-updates/modules/filesystem/target
[INFO] 
[INFO] --- maven-checkstyle-plugin:3.1.2:check (default) @ hosh-filesystem-module ---
[INFO] Starting audit...
Audit done.
[INFO] You have 0 Checkstyle violations.
[INFO] 
[INFO] --- maven-resources-plugin:2.6:resources (default-resources) @ hosh-filesystem-module ---
[INFO] Using 'UTF-8' encoding to copy filtered resources.
[INFO] Copying 1 resource
[INFO] 
[INFO] --- maven-compiler-plugin:3.10.1:compile (default-compile) @ hosh-filesystem-module ---
[INFO] Compiling 2 source files to /home/gabsko/breaking-updates/modules/filesystem/target/classes
[INFO] 
[INFO] --- maven-resources-plugin:2.6:testResources (default-testResources) @ hosh-filesystem-module ---
[INFO] Using 'UTF-8' encoding to copy filtered resources.
[INFO] skip non existing resourceDirectory /home/gabsko/breaking-updates/modules/filesystem/src/test/resources
[INFO] 
[INFO] --- maven-compiler-plugin:3.10.1:testCompile (default-testCompile) @ hosh-filesystem-module ---
[INFO] Compiling 2 source files to /home/gabsko/breaking-updates/modules/filesystem/target/test-classes
[INFO] 
[INFO] --- maven-surefire-plugin:2.22.2:test (default-test) @ hosh-filesystem-module ---
[INFO] 
[INFO] -------------------------------------------------------
[INFO]  T E S T S
[INFO] -------------------------------------------------------
[INFO] Running FileSystemModuleFitnessTest
[INFO] Tests run: 2, Failures: 0, Errors: 0, Skipped: 0, Time elapsed: 1.039 s - in FileSystemModuleFitnessTest
[INFO] Running hosh.modules.filesystem.FileSystemModuleTest
[WARNING] Tests run: 64, Failures: 0, Errors: 0, Skipped: 1, Time elapsed: 0.621 s - in hosh.modules.filesystem.FileSystemModuleTest
[INFO] 
[INFO] Results:
[INFO] 
[WARNING] Tests run: 66, Failures: 0, Errors: 0, Skipped: 1
[INFO] 
[INFO] 
[INFO] ---------------------------< hosh:hosh-main >---------------------------
[INFO] Building hosh-main 0.1.5-SNAPSHOT                                [12/12]
[INFO] --------------------------------[ jar ]---------------------------------
[INFO] 
[INFO] --- maven-clean-plugin:2.5:clean (default-clean) @ hosh-main ---
[INFO] Deleting /home/gabsko/breaking-updates/main/target
[INFO] 
[INFO] --- maven-checkstyle-plugin:3.1.2:check (default) @ hosh-main ---
[INFO] Starting audit...
Audit done.
[INFO] You have 0 Checkstyle violations.
[INFO] 
[INFO] --- maven-resources-plugin:2.6:resources (default-resources) @ hosh-main ---
[INFO] Using 'UTF-8' encoding to copy filtered resources.
[INFO] skip non existing resourceDirectory /home/gabsko/breaking-updates/main/src/main/resources
[INFO] 
[INFO] --- maven-compiler-plugin:3.10.1:compile (default-compile) @ hosh-main ---
[INFO] Required filename-based automodules detected: [commons-cli-1.5.0.jar]. Please don't publish this project to a public artifact repository!
[INFO] Compiling 2 source files to /home/gabsko/breaking-updates/main/target/classes
[INFO] 
[INFO] --- maven-resources-plugin:2.6:testResources (default-testResources) @ hosh-main ---
[INFO] Using 'UTF-8' encoding to copy filtered resources.
[INFO] skip non existing resourceDirectory /home/gabsko/breaking-updates/main/src/test/resources
[INFO] 
[INFO] --- maven-compiler-plugin:3.10.1:testCompile (default-testCompile) @ hosh-main ---
[INFO] Compiling 3 source files to /home/gabsko/breaking-updates/main/target/test-classes
[INFO] 
[INFO] --- maven-surefire-plugin:2.22.2:test (default-test) @ hosh-main ---
[INFO] 
[INFO] -------------------------------------------------------
[INFO]  T E S T S
[INFO] -------------------------------------------------------
[INFO] Running DocFitnessTest
[INFO] Tests run: 2, Failures: 0, Errors: 0, Skipped: 0, Time elapsed: 1.507 s - in DocFitnessTest
[INFO] 
[INFO] Results:
[INFO] 
[INFO] Tests run: 2, Failures: 0, Errors: 0, Skipped: 0
[INFO] 
[INFO] ------------------------------------------------------------------------
[INFO] Reactor Summary for hosh 0.1.5-SNAPSHOT:
[INFO] 
[INFO] hosh ............................................... SUCCESS [  0.747 s]
[INFO] hosh-test-support .................................. SUCCESS [  1.114 s]
[INFO] hosh-spi ........................................... SUCCESS [  3.331 s]
[INFO] hosh-spi-test-support .............................. SUCCESS [  0.135 s]
[INFO] hosh-runtime ....................................... SUCCESS [  8.452 s]
[INFO] hosh-system-module ................................. SUCCESS [  4.302 s]
[INFO] hosh-text-module ................................... SUCCESS [  3.106 s]
[INFO] hosh-history-module ................................ SUCCESS [  2.110 s]
[INFO] hosh-network-module ................................ SUCCESS [  3.737 s]
[INFO] hosh-terminal-module ............................... SUCCESS [  2.186 s]
[INFO] hosh-filesystem-module ............................. SUCCESS [  2.966 s]
[INFO] hosh-main .......................................... SUCCESS [  2.762 s]
[INFO] ------------------------------------------------------------------------
[INFO] BUILD SUCCESS
[INFO] ------------------------------------------------------------------------
[INFO] Total time:  35.053 s
[INFO] Finished at: 2023-02-08T22:09:06Z
[INFO] ------------------------------------------------------------------------
