[INFO] Scanning for projects...
[INFO] Inspecting build with total of 5 modules...
[INFO] Installing Nexus Staging features:
[INFO]   ... total of 5 executions of maven-deploy-plugin replaced with nexus-staging-maven-plugin
[INFO] ------------------------------------------------------------------------
[INFO] Reactor Build Order:
[INFO] 
[INFO] Formula Engine                                                     [pom]
[INFO] Formula Engine Api                                                 [jar]
[INFO] Formula Engine Test Utils                                          [jar]
[INFO] Formula Engine Impl                                                [jar]
[INFO] Formula Engine Coverage Java                                       [pom]
[INFO] 
[INFO] ---------------< com.salesforce.formula:formula-engine >----------------
[INFO] Building Formula Engine 0.2.15-SNAPSHOT                            [1/5]
[INFO] --------------------------------[ pom ]---------------------------------
[INFO] 
[INFO] --- maven-clean-plugin:3.1.0:clean (default-clean) @ formula-engine ---
[INFO] 
[INFO] --- jacoco-maven-plugin:0.8.8:prepare-agent (prepare unit test JaCoCo runtime agent property) @ formula-engine ---
[INFO] argLine set to -javaagent:/home/gabsko/.m2/repository/org/jacoco/org.jacoco.agent/0.8.8/org.jacoco.agent-0.8.8-runtime.jar=destfile=/home/gabsko/breaking-updates/target/jacoco.exec,append=true
[INFO] 
[INFO] -------------< com.salesforce.formula:formula-engine-api >--------------
[INFO] Building Formula Engine Api 0.2.15-SNAPSHOT                        [2/5]
[INFO] --------------------------------[ jar ]---------------------------------
[INFO] 
[INFO] --- maven-clean-plugin:3.1.0:clean (default-clean) @ formula-engine-api ---
[INFO] Deleting /home/gabsko/breaking-updates/api/target
[INFO] 
[INFO] --- jacoco-maven-plugin:0.8.8:prepare-agent (prepare unit test JaCoCo runtime agent property) @ formula-engine-api ---
[INFO] argLine set to -javaagent:/home/gabsko/.m2/repository/org/jacoco/org.jacoco.agent/0.8.8/org.jacoco.agent-0.8.8-runtime.jar=destfile=/home/gabsko/breaking-updates/api/target/jacoco.exec,append=true
[INFO] 
[INFO] --- maven-resources-plugin:2.6:resources (default-resources) @ formula-engine-api ---
[WARNING] Using platform encoding (UTF-8 actually) to copy filtered resources, i.e. build is platform dependent!
[INFO] Copying 20 resources
[INFO] 
[INFO] --- maven-compiler-plugin:3.8.1:compile (default-compile) @ formula-engine-api ---
[INFO] Changes detected - recompiling the module!
[WARNING] File encoding has not been set, using platform encoding UTF-8, i.e. build is platform dependent!
[INFO] Compiling 77 source files to /home/gabsko/breaking-updates/api/target/classes
[INFO] /home/gabsko/breaking-updates/api/src/main/java/com/force/formula/sql/InvalidFormula.java: /home/gabsko/breaking-updates/api/src/main/java/com/force/formula/sql/InvalidFormula.java uses unchecked or unsafe operations.
[INFO] /home/gabsko/breaking-updates/api/src/main/java/com/force/formula/sql/InvalidFormula.java: Recompile with -Xlint:unchecked for details.
[INFO] 
[INFO] --- maven-resources-plugin:2.6:testResources (default-testResources) @ formula-engine-api ---
[WARNING] Using platform encoding (UTF-8 actually) to copy filtered resources, i.e. build is platform dependent!
[INFO] skip non existing resourceDirectory /home/gabsko/breaking-updates/api/src/test/resources
[INFO] 
[INFO] --- maven-compiler-plugin:3.8.1:testCompile (default-testCompile) @ formula-engine-api ---
[INFO] Changes detected - recompiling the module!
[WARNING] File encoding has not been set, using platform encoding UTF-8, i.e. build is platform dependent!
[INFO] Compiling 16 source files to /home/gabsko/breaking-updates/api/target/test-classes
[INFO] 
[INFO] --- maven-surefire-plugin:3.0.0-M3:test (default-test) @ formula-engine-api ---
[INFO] 
[INFO] -------------------------------------------------------
[INFO]  T E S T S
[INFO] -------------------------------------------------------
[INFO] Running com.force.formula.sql.SQLPairTest
[INFO] Tests run: 2, Failures: 0, Errors: 0, Skipped: 0, Time elapsed: 0.071 s - in com.force.formula.sql.SQLPairTest
[INFO] Running com.force.formula.sql.InvalidFormulaTest
[INFO] Tests run: 4, Failures: 0, Errors: 0, Skipped: 0, Time elapsed: 0 s - in com.force.formula.sql.InvalidFormulaTest
[INFO] Running com.force.formula.FormulaDateTimeTest
[INFO] Tests run: 1, Failures: 0, Errors: 0, Skipped: 0, Time elapsed: 0.014 s - in com.force.formula.FormulaDateTimeTest
[INFO] Running com.force.formula.DefaultFormulaHooksTest
[INFO] Tests run: 2, Failures: 0, Errors: 0, Skipped: 0, Time elapsed: 0.093 s - in com.force.formula.DefaultFormulaHooksTest
[INFO] Running com.force.formula.util.FormulaFieldReferenceImplTest
[INFO] Tests run: 2, Failures: 0, Errors: 0, Skipped: 0, Time elapsed: 0.004 s - in com.force.formula.util.FormulaFieldReferenceImplTest
[INFO] Running com.force.formula.util.TrieMatcherTest
[INFO] Tests run: 14, Failures: 0, Errors: 0, Skipped: 0, Time elapsed: 0.026 s - in com.force.formula.util.TrieMatcherTest
[INFO] Running com.force.formula.util.FormulaTextUtilTest
[INFO] Tests run: 17, Failures: 0, Errors: 0, Skipped: 0, Time elapsed: 0.021 s - in com.force.formula.util.FormulaTextUtilTest
[INFO] Running com.force.formula.util.BigDecimalHelperTest
[INFO] Tests run: 6, Failures: 0, Errors: 0, Skipped: 0, Time elapsed: 0 s - in com.force.formula.util.BigDecimalHelperTest
[INFO] Running com.force.formula.util.FormulaDateUtilTest
[INFO] Tests run: 9, Failures: 0, Errors: 0, Skipped: 0, Time elapsed: 0.007 s - in com.force.formula.util.FormulaDateUtilTest
[INFO] Running com.force.formula.util.SingleValueFormulaContextTest
[INFO] Tests run: 8, Failures: 0, Errors: 0, Skipped: 0, Time elapsed: 0.368 s - in com.force.formula.util.SingleValueFormulaContextTest
[INFO] Running com.force.formula.util.BaseCompositeFormulaContextTest
[INFO] Tests run: 2, Failures: 0, Errors: 0, Skipped: 0, Time elapsed: 0.012 s - in com.force.formula.util.BaseCompositeFormulaContextTest
[INFO] Running com.force.formula.util.DistanceUnitTest
[INFO] Tests run: 2, Failures: 0, Errors: 0, Skipped: 0, Time elapsed: 0.001 s - in com.force.formula.util.DistanceUnitTest
[INFO] Running com.force.formula.util.ContextualFormulaFieldInfoImplTest
[INFO] Tests run: 1, Failures: 0, Errors: 0, Skipped: 0, Time elapsed: 0.001 s - in com.force.formula.util.ContextualFormulaFieldInfoImplTest
[INFO] Running com.force.formula.util.FormulaI18nUtilsTest
[INFO] Tests run: 1, Failures: 0, Errors: 0, Skipped: 0, Time elapsed: 0.024 s - in com.force.formula.util.FormulaI18nUtilsTest
[INFO] Running com.force.formula.FormulaPropertiesTest
[INFO] Tests run: 2, Failures: 0, Errors: 0, Skipped: 0, Time elapsed: 0 s - in com.force.formula.FormulaPropertiesTest
[INFO] 
[INFO] Results:
[INFO] 
[INFO] Tests run: 73, Failures: 0, Errors: 0, Skipped: 0
[INFO] 
[INFO] 
[INFO] ----------< com.salesforce.formula:formula-engine-test-utils >----------
[INFO] Building Formula Engine Test Utils 0.2.15-SNAPSHOT                 [3/5]
[INFO] --------------------------------[ jar ]---------------------------------
[INFO] 
[INFO] --- maven-clean-plugin:3.1.0:clean (default-clean) @ formula-engine-test-utils ---
[INFO] Deleting /home/gabsko/breaking-updates/test-utils/target
[INFO] 
[INFO] --- jacoco-maven-plugin:0.8.8:prepare-agent (prepare unit test JaCoCo runtime agent property) @ formula-engine-test-utils ---
[INFO] argLine set to -javaagent:/home/gabsko/.m2/repository/org/jacoco/org.jacoco.agent/0.8.8/org.jacoco.agent-0.8.8-runtime.jar=destfile=/home/gabsko/breaking-updates/test-utils/target/jacoco.exec,append=true
[INFO] 
[INFO] --- maven-resources-plugin:2.6:resources (default-resources) @ formula-engine-test-utils ---
[WARNING] Using platform encoding (UTF-8 actually) to copy filtered resources, i.e. build is platform dependent!
[INFO] skip non existing resourceDirectory /home/gabsko/breaking-updates/test-utils/src/main/resources
[INFO] 
[INFO] --- maven-compiler-plugin:3.8.1:compile (default-compile) @ formula-engine-test-utils ---
[INFO] Changes detected - recompiling the module!
[WARNING] File encoding has not been set, using platform encoding UTF-8, i.e. build is platform dependent!
[INFO] Compiling 31 source files to /home/gabsko/breaking-updates/test-utils/target/classes
[INFO] 
[INFO] --- maven-resources-plugin:2.6:testResources (default-testResources) @ formula-engine-test-utils ---
[WARNING] Using platform encoding (UTF-8 actually) to copy filtered resources, i.e. build is platform dependent!
[INFO] skip non existing resourceDirectory /home/gabsko/breaking-updates/test-utils/src/test/resources
[INFO] 
[INFO] --- maven-compiler-plugin:3.8.1:testCompile (default-testCompile) @ formula-engine-test-utils ---
[INFO] No sources to compile
[INFO] 
[INFO] --- maven-surefire-plugin:3.0.0-M3:test (default-test) @ formula-engine-test-utils ---
[INFO] No tests to run.
[INFO] 
[INFO] -------------< com.salesforce.formula:formula-engine-impl >-------------
[INFO] Building Formula Engine Impl 0.2.15-SNAPSHOT                       [4/5]
[INFO] --------------------------------[ jar ]---------------------------------
[INFO] 
[INFO] --- maven-clean-plugin:3.1.0:clean (default-clean) @ formula-engine-impl ---
[INFO] Deleting /home/gabsko/breaking-updates/impl/target
[INFO] 
[INFO] --- jacoco-maven-plugin:0.8.8:prepare-agent (prepare unit test JaCoCo runtime agent property) @ formula-engine-impl ---
[INFO] argLine set to -javaagent:/home/gabsko/.m2/repository/org/jacoco/org.jacoco.agent/0.8.8/org.jacoco.agent-0.8.8-runtime.jar=destfile=/home/gabsko/breaking-updates/impl/target/jacoco.exec,append=true
[INFO] 
[INFO] --- antlr-maven-plugin:2.2:generate (default) @ formula-engine-impl ---
[INFO] performing grammar generation [FormulaGrammar.g]
ANTLR Parser Generator   Version 2.7.7 (20060906)   1989-2005
/home/gabsko/breaking-updates/impl/src/main/antlr/FormulaGrammar.g:65: warning:nondeterminism upon
/home/gabsko/breaking-updates/impl/src/main/antlr/FormulaGrammar.g:65:     k==1:PLAIN_TEXT
/home/gabsko/breaking-updates/impl/src/main/antlr/FormulaGrammar.g:65:     k==2:EOF,PLAIN_TEXT,BEGIN_EMBEDDED_FORMULA
/home/gabsko/breaking-updates/impl/src/main/antlr/FormulaGrammar.g:65:     between alt 1 and exit branch of block

[INFO] 
[INFO] --- antlr4-maven-plugin:4.5.3:antlr4 (antlr4) @ formula-engine-impl ---
[INFO] ANTLR 4: Processing source directory /home/gabsko/breaking-updates/impl/src/main/antlr4
[INFO] Processing grammar: com/force/formula/parser/gen4/Formula.g4
[INFO] 
[INFO] --- maven-resources-plugin:2.6:resources (default-resources) @ formula-engine-impl ---
[WARNING] Using platform encoding (UTF-8 actually) to copy filtered resources, i.e. build is platform dependent!
[INFO] Copying 3 resources
[INFO] Copying 1 resource
[INFO] 
[INFO] --- maven-compiler-plugin:3.8.1:compile (default-compile) @ formula-engine-impl ---
[INFO] Changes detected - recompiling the module!
[WARNING] File encoding has not been set, using platform encoding UTF-8, i.e. build is platform dependent!
[INFO] Compiling 192 source files to /home/gabsko/breaking-updates/impl/target/classes
[INFO] /home/gabsko/breaking-updates/impl/target/generated-sources/antlr/com/force/formula/parser/gen/FormulaLexer.java: /home/gabsko/breaking-updates/impl/target/generated-sources/antlr/com/force/formula/parser/gen/FormulaLexer.java uses or overrides a deprecated API.
[INFO] /home/gabsko/breaking-updates/impl/target/generated-sources/antlr/com/force/formula/parser/gen/FormulaLexer.java: Recompile with -Xlint:deprecation for details.
[INFO] /home/gabsko/breaking-updates/impl/target/generated-sources/antlr/com/force/formula/parser/gen/FormulaLexer.java: /home/gabsko/breaking-updates/impl/target/generated-sources/antlr/com/force/formula/parser/gen/FormulaLexer.java uses unchecked or unsafe operations.
[INFO] /home/gabsko/breaking-updates/impl/target/generated-sources/antlr/com/force/formula/parser/gen/FormulaLexer.java: Recompile with -Xlint:unchecked for details.
[INFO] 
[INFO] --- maven-resources-plugin:2.6:testResources (default-testResources) @ formula-engine-impl ---
[WARNING] Using platform encoding (UTF-8 actually) to copy filtered resources, i.e. build is platform dependent!
[INFO] Copying 117 resources
[INFO] 
[INFO] --- maven-compiler-plugin:3.8.1:testCompile (default-testCompile) @ formula-engine-impl ---
[INFO] Changes detected - recompiling the module!
[WARNING] File encoding has not been set, using platform encoding UTF-8, i.e. build is platform dependent!
[INFO] Compiling 32 source files to /home/gabsko/breaking-updates/impl/target/test-classes
[INFO] 
[INFO] --- maven-surefire-plugin:3.0.0-M3:test (default-test) @ formula-engine-impl ---
[INFO] 
[INFO] -------------------------------------------------------
[INFO]  T E S T S
[INFO] -------------------------------------------------------
[INFO] Running com.force.formula.impl.TestExtendedFormulas
[INFO] Running com.force.formula.impl.FieldReferenceTest
[INFO] Running com.force.formula.impl.TestIgnoredFormulas
[WARNING] Tests run: 1, Failures: 0, Errors: 0, Skipped: 1, Time elapsed: 0.024 s - in com.force.formula.impl.TestIgnoredFormulas
[INFO] Running com.force.formula.impl.FieldReferenceJsTest
Feb 09, 2023 1:18:34 AM com.force.i18n.grammar.parser.GrammaticalLabelSetFileCacheLoader$FileCache write
INFO: Wrote cache for LabelSet.formula-engine.ENGLISH in 46 ms
Feb 09, 2023 1:18:34 AM com.force.i18n.grammar.parser.GrammaticalLabelSetFileCacheLoader$FileCache read
INFO: Loading LabelSet.formula-engine.ENGLISH from cache
Feb 09, 2023 1:18:34 AM com.force.i18n.grammar.parser.GrammaticalLabelSetFileCacheLoader$FileCache read
INFO: Loaded LabelSet.formula-engine.ENGLISH from cache in 14 ms
Feb 09, 2023 1:18:34 AM com.force.i18n.grammar.parser.GrammaticalLabelSetFileCacheLoader$FileCache write
INFO: Wrote cache for LabelSet.formula-engine.ENGLISH in 46 ms
Feb 09, 2023 1:18:34 AM com.force.i18n.grammar.parser.GrammaticalLabelSetFileCacheLoader$FileCache read
INFO: Loading LabelSet.formula-engine.ENGLISH from cache
Feb 09, 2023 1:18:34 AM com.force.i18n.grammar.parser.GrammaticalLabelSetFileCacheLoader$FileCache write
INFO: Wrote cache for LabelSet.formula-engine.ENGLISH in 43 ms
Feb 09, 2023 1:18:34 AM com.force.i18n.grammar.parser.GrammaticalLabelSetFileCacheLoader$FileCache read
INFO: Loading LabelSet.formula-engine.ENGLISH from cache
Feb 09, 2023 1:18:34 AM com.force.i18n.grammar.parser.GrammaticalLabelSetFileCacheLoader$FileCache read
INFO: Loaded LabelSet.formula-engine.ENGLISH from cache in 12 ms
Feb 09, 2023 1:18:34 AM com.force.i18n.grammar.parser.GrammaticalLabelSetFileCacheLoader$FileCache read
INFO: Loaded LabelSet.formula-engine.ENGLISH from cache in 10 ms
[INFO] Tests run: 11, Failures: 0, Errors: 0, Skipped: 0, Time elapsed: 1.661 s - in com.force.formula.impl.FieldReferenceTest
[INFO] Running com.force.formula.impl.ValidationFormulaTest
[INFO] Tests run: 1, Failures: 0, Errors: 0, Skipped: 0, Time elapsed: 0.029 s - in com.force.formula.impl.ValidationFormulaTest
[INFO] Running com.force.formula.impl.FieldReferenceHPJsTest
SLF4J: Failed to load class "org.slf4j.impl.StaticLoggerBinder".
SLF4J: Defaulting to no-operation (NOP) logger implementation
SLF4J: See http://www.slf4j.org/codes.html#StaticLoggerBinder for further details.
[INFO] Tests run: 5, Failures: 0, Errors: 0, Skipped: 0, Time elapsed: 4.609 s - in com.force.formula.impl.FieldReferenceJsTest
[INFO] Running com.force.formula.impl.TestMathFormulas
SLF4J: Failed to load class "org.slf4j.impl.StaticLoggerBinder".
SLF4J: Defaulting to no-operation (NOP) logger implementation
SLF4J: See http://www.slf4j.org/codes.html#StaticLoggerBinder for further details.
[INFO] Tests run: 5, Failures: 0, Errors: 0, Skipped: 0, Time elapsed: 3.409 s - in com.force.formula.impl.FieldReferenceHPJsTest
[INFO] Running com.force.formula.impl.TestStandardFormulas
SLF4J: Failed to load class "org.slf4j.impl.StaticLoggerBinder".
SLF4J: Defaulting to no-operation (NOP) logger implementation
SLF4J: See http://www.slf4j.org/codes.html#StaticLoggerBinder for further details.
[INFO] Tests run: 77, Failures: 0, Errors: 0, Skipped: 0, Time elapsed: 28.951 s - in com.force.formula.impl.TestMathFormulas
[INFO] Running com.force.formula.impl.FormulaStackTest
[INFO] Tests run: 1, Failures: 0, Errors: 0, Skipped: 0, Time elapsed: 0.005 s - in com.force.formula.impl.FormulaStackTest
[INFO] Running com.force.formula.impl.FormulaJsTest
[INFO] Tests run: 1, Failures: 0, Errors: 0, Skipped: 0, Time elapsed: 0.082 s - in com.force.formula.impl.FormulaJsTest
[INFO] Running com.force.formula.impl.GeolocationServiceImplTest
[INFO] Tests run: 2, Failures: 0, Errors: 0, Skipped: 0, Time elapsed: 0.008 s - in com.force.formula.impl.GeolocationServiceImplTest
[INFO] Running com.force.formula.impl.FormulaUtilsTest
[INFO] Tests run: 4, Failures: 0, Errors: 0, Skipped: 0, Time elapsed: 0.001 s - in com.force.formula.impl.FormulaUtilsTest
[INFO] Running com.force.formula.ParserTest
[INFO] Tests run: 18, Failures: 0, Errors: 0, Skipped: 0, Time elapsed: 0.064 s - in com.force.formula.ParserTest
[INFO] Running com.force.formula.template.commands.DynamicReferenceTest
[INFO] Tests run: 3, Failures: 0, Errors: 0, Skipped: 0, Time elapsed: 0.015 s - in com.force.formula.template.commands.DynamicReferenceTest
[INFO] Running com.force.formula.template.commands.TemplateFunctionsTest
Feb 09, 2023 1:19:07 AM com.force.i18n.grammar.parser.GrammaticalLabelSetFileCacheLoader$FileCache read
INFO: Loading LabelSet.formula-engine.ENGLISH from cache
Feb 09, 2023 1:19:07 AM com.force.i18n.grammar.parser.GrammaticalLabelSetFileCacheLoader$FileCache read
INFO: Loaded LabelSet.formula-engine.ENGLISH from cache in 2 ms
Feb 09, 2023 1:19:07 AM com.force.i18n.grammar.parser.GrammaticalLabelSetFileCacheLoader$FileCache read
INFO: Loading LabelSet.formula-engine.ENGLISH from cache
Feb 09, 2023 1:19:07 AM com.force.i18n.grammar.parser.GrammaticalLabelSetFileCacheLoader$FileCache read
INFO: Loaded LabelSet.formula-engine.ENGLISH from cache in 2 ms
Feb 09, 2023 1:19:07 AM com.force.i18n.grammar.parser.GrammaticalLabelSetFileCacheLoader$FileCache read
INFO: Loading LabelSet.formula-engine.ENGLISH from cache
Feb 09, 2023 1:19:07 AM com.force.i18n.grammar.parser.GrammaticalLabelSetFileCacheLoader$FileCache read
INFO: Loaded LabelSet.formula-engine.ENGLISH from cache in 2 ms
Feb 09, 2023 1:19:07 AM com.force.i18n.grammar.parser.GrammaticalLabelSetFileCacheLoader$FileCache read
INFO: Loading LabelSet.formula-engine.ENGLISH from cache
Feb 09, 2023 1:19:07 AM com.force.i18n.grammar.parser.GrammaticalLabelSetFileCacheLoader$FileCache read
INFO: Loaded LabelSet.formula-engine.ENGLISH from cache in 2 ms
Feb 09, 2023 1:19:07 AM com.force.i18n.grammar.parser.GrammaticalLabelSetFileCacheLoader$FileCache read
INFO: Loading LabelSet.formula-engine.ENGLISH from cache
Feb 09, 2023 1:19:07 AM com.force.i18n.grammar.parser.GrammaticalLabelSetFileCacheLoader$FileCache read
INFO: Loaded LabelSet.formula-engine.ENGLISH from cache in 2 ms
Feb 09, 2023 1:19:07 AM com.force.i18n.grammar.parser.GrammaticalLabelSetFileCacheLoader$FileCache read
INFO: Loading LabelSet.formula-engine.ENGLISH from cache
Feb 09, 2023 1:19:07 AM com.force.i18n.grammar.parser.GrammaticalLabelSetFileCacheLoader$FileCache read
INFO: Loaded LabelSet.formula-engine.ENGLISH from cache in 2 ms
Feb 09, 2023 1:19:07 AM com.force.i18n.grammar.parser.GrammaticalLabelSetFileCacheLoader$FileCache read
INFO: Loading LabelSet.formula-engine.ENGLISH from cache
Feb 09, 2023 1:19:07 AM com.force.i18n.grammar.parser.GrammaticalLabelSetFileCacheLoader$FileCache read
INFO: Loaded LabelSet.formula-engine.ENGLISH from cache in 2 ms
Feb 09, 2023 1:19:07 AM com.force.i18n.grammar.parser.GrammaticalLabelSetFileCacheLoader$FileCache read
INFO: Loading LabelSet.formula-engine.ENGLISH from cache
Feb 09, 2023 1:19:07 AM com.force.i18n.grammar.parser.GrammaticalLabelSetFileCacheLoader$FileCache read
INFO: Loaded LabelSet.formula-engine.ENGLISH from cache in 2 ms
Feb 09, 2023 1:19:07 AM com.force.i18n.grammar.parser.GrammaticalLabelSetFileCacheLoader$FileCache read
INFO: Loading LabelSet.formula-engine.ENGLISH from cache
Feb 09, 2023 1:19:07 AM com.force.i18n.grammar.parser.GrammaticalLabelSetFileCacheLoader$FileCache read
INFO: Loaded LabelSet.formula-engine.ENGLISH from cache in 2 ms
Feb 09, 2023 1:19:07 AM com.force.i18n.grammar.parser.GrammaticalLabelSetFileCacheLoader$FileCache read
INFO: Loading LabelSet.formula-engine.ENGLISH from cache
Feb 09, 2023 1:19:07 AM com.force.i18n.grammar.parser.GrammaticalLabelSetFileCacheLoader$FileCache read
INFO: Loaded LabelSet.formula-engine.ENGLISH from cache in 2 ms
Feb 09, 2023 1:19:07 AM com.force.i18n.grammar.parser.GrammaticalLabelSetFileCacheLoader$FileCache read
INFO: Loading LabelSet.formula-engine.ENGLISH from cache
Feb 09, 2023 1:19:07 AM com.force.i18n.grammar.parser.GrammaticalLabelSetFileCacheLoader$FileCache read
INFO: Loaded LabelSet.formula-engine.ENGLISH from cache in 2 ms
Feb 09, 2023 1:19:07 AM com.force.i18n.grammar.parser.GrammaticalLabelSetFileCacheLoader$FileCache read
INFO: Loading LabelSet.formula-engine.ENGLISH from cache
Feb 09, 2023 1:19:07 AM com.force.i18n.grammar.parser.GrammaticalLabelSetFileCacheLoader$FileCache read
INFO: Loaded LabelSet.formula-engine.ENGLISH from cache in 1 ms
Feb 09, 2023 1:19:07 AM com.force.i18n.grammar.parser.GrammaticalLabelSetFileCacheLoader$FileCache read
INFO: Loading LabelSet.formula-engine.ENGLISH from cache
Feb 09, 2023 1:19:07 AM com.force.i18n.grammar.parser.GrammaticalLabelSetFileCacheLoader$FileCache read
INFO: Loaded LabelSet.formula-engine.ENGLISH from cache in 1 ms
Feb 09, 2023 1:19:07 AM com.force.i18n.grammar.parser.GrammaticalLabelSetFileCacheLoader$FileCache write
INFO: Wrote cache for LabelSet.labels.ENGLISH in 8 ms
Feb 09, 2023 1:19:07 AM com.force.i18n.grammar.parser.GrammaticalLabelSetFileCacheLoader$FileCache read
INFO: Loading LabelSet.labels.ENGLISH from cache
Feb 09, 2023 1:19:07 AM com.force.i18n.grammar.parser.GrammaticalLabelSetFileCacheLoader$FileCache read
INFO: Loaded LabelSet.labels.ENGLISH from cache in 3 ms
Feb 09, 2023 1:19:07 AM com.force.i18n.grammar.parser.GrammaticalLabelSetFileCacheLoader$FileCache write
INFO: Wrote cache for LabelSet.formula-engine.GERMAN in 4 ms
Feb 09, 2023 1:19:07 AM com.force.i18n.grammar.parser.GrammaticalLabelSetFileCacheLoader$FileCache read
INFO: Loading LabelSet.labels.ENGLISH from cache
Feb 09, 2023 1:19:07 AM com.force.i18n.grammar.parser.GrammaticalLabelSetFileCacheLoader$FileCache read
INFO: Loaded LabelSet.labels.ENGLISH from cache in 2 ms
Feb 09, 2023 1:19:07 AM com.force.i18n.grammar.parser.GrammaticalLabelSetFileCacheLoader$FileCache write
INFO: Wrote cache for LabelSet.labels.GERMAN in 11 ms
Feb 09, 2023 1:19:07 AM com.force.i18n.grammar.parser.GrammaticalLabelSetFileCacheLoader$FileCache write
INFO: Wrote cache for LabelSet.formula-engine.JAPANESE in 2 ms
Feb 09, 2023 1:19:07 AM com.force.i18n.grammar.parser.GrammaticalLabelSetFileCacheLoader$FileCache write
INFO: Wrote cache for LabelSet.labels.JAPANESE in 3 ms
[INFO] Tests run: 13, Failures: 0, Errors: 0, Skipped: 0, Time elapsed: 0.21 s - in com.force.formula.template.commands.TemplateFunctionsTest
[INFO] Running com.force.formula.template.commands.FormulaUrlEncodeTest
[INFO] Tests run: 5, Failures: 0, Errors: 0, Skipped: 0, Time elapsed: 0.006 s - in com.force.formula.template.commands.FormulaUrlEncodeTest
[INFO] Running com.force.formula.parser.gen4.ANTLR4GrammarVisitorTest
[INFO] Tests run: 126, Failures: 0, Errors: 0, Skipped: 0, Time elapsed: 0.116 s - in com.force.formula.parser.gen4.ANTLR4GrammarVisitorTest
[INFO] Running com.force.formula.commands.BuiltinFunctionsHpJsTest
[INFO] Tests run: 71, Failures: 0, Errors: 0, Skipped: 0, Time elapsed: 0.19 s - in com.force.formula.commands.BuiltinFunctionsHpJsTest
[INFO] Running com.force.formula.commands.NestedIfsOptimizationTest
[INFO] Tests run: 3, Failures: 0, Errors: 0, Skipped: 0, Time elapsed: 0.004 s - in com.force.formula.commands.NestedIfsOptimizationTest
[INFO] Running com.force.formula.commands.FunctionIfsTest
[INFO] Tests run: 5, Failures: 0, Errors: 0, Skipped: 0, Time elapsed: 0.024 s - in com.force.formula.commands.FunctionIfsTest
[INFO] Running com.force.formula.commands.FunctionFormatTest
[INFO] Tests run: 3, Failures: 0, Errors: 0, Skipped: 0, Time elapsed: 0.008 s - in com.force.formula.commands.FunctionFormatTest
[INFO] Running com.force.formula.commands.OptionalFunctionsHpJsTest
[INFO] Tests run: 10, Failures: 0, Errors: 0, Skipped: 0, Time elapsed: 0.044 s - in com.force.formula.commands.OptionalFunctionsHpJsTest
[INFO] Running com.force.formula.commands.OptionalFunctionsJsTest
[INFO] Tests run: 10, Failures: 0, Errors: 0, Skipped: 0, Time elapsed: 0.026 s - in com.force.formula.commands.OptionalFunctionsJsTest
[INFO] Running com.force.formula.commands.BuiltinFunctionsTest
[INFO] Tests run: 71, Failures: 0, Errors: 0, Skipped: 0, Time elapsed: 0.049 s - in com.force.formula.commands.BuiltinFunctionsTest
[INFO] Running com.force.formula.commands.OptionalFunctionsTest
[INFO] Tests run: 10, Failures: 0, Errors: 0, Skipped: 0, Time elapsed: 0.008 s - in com.force.formula.commands.OptionalFunctionsTest
[INFO] Running com.force.formula.commands.BuiltinFunctionsJsTest
[INFO] Tests run: 71, Failures: 0, Errors: 0, Skipped: 0, Time elapsed: 0.07 s - in com.force.formula.commands.BuiltinFunctionsJsTest
[INFO] Running com.force.formula.commands.FormulaPickValTest
[INFO] Tests run: 4, Failures: 0, Errors: 0, Skipped: 0, Time elapsed: 0.013 s - in com.force.formula.commands.FormulaPickValTest
[INFO] Tests run: 151, Failures: 0, Errors: 0, Skipped: 0, Time elapsed: 34.208 s - in com.force.formula.impl.TestStandardFormulas
[INFO] Tests run: 153, Failures: 0, Errors: 0, Skipped: 0, Time elapsed: 56.356 s - in com.force.formula.impl.TestExtendedFormulas
[INFO] 
[INFO] Results:
[INFO] 
[WARNING] Tests run: 835, Failures: 0, Errors: 0, Skipped: 1
[INFO] 
[INFO] 
[INFO] -----------< com.salesforce.formula:formula-engine-coverage >-----------
[INFO] Building Formula Engine Coverage Java 0.2.15-SNAPSHOT              [5/5]
[INFO] --------------------------------[ pom ]---------------------------------
[INFO] 
[INFO] --- maven-clean-plugin:3.1.0:clean (default-clean) @ formula-engine-coverage ---
[INFO] 
[INFO] --- jacoco-maven-plugin:0.8.8:prepare-agent (prepare unit test JaCoCo runtime agent property) @ formula-engine-coverage ---
[INFO] argLine set to -javaagent:/home/gabsko/.m2/repository/org/jacoco/org.jacoco.agent/0.8.8/org.jacoco.agent-0.8.8-runtime.jar=destfile=/home/gabsko/breaking-updates/docs/coverage/target/jacoco.exec,append=true
[INFO] ------------------------------------------------------------------------
[INFO] Reactor Summary for Formula Engine 0.2.15-SNAPSHOT:
[INFO] 
[INFO] Formula Engine ..................................... SUCCESS [  0.225 s]
[INFO] Formula Engine Api ................................. SUCCESS [  3.206 s]
[INFO] Formula Engine Test Utils .......................... SUCCESS [  0.594 s]
[INFO] Formula Engine Impl ................................ SUCCESS [ 59.579 s]
[INFO] Formula Engine Coverage Java ....................... SUCCESS [  0.013 s]
[INFO] ------------------------------------------------------------------------
[INFO] BUILD SUCCESS
[INFO] ------------------------------------------------------------------------
[INFO] Total time:  01:04 min
[INFO] Finished at: 2023-02-09T01:19:30Z
[INFO] ------------------------------------------------------------------------
