[INFO] Scanning for projects...
[INFO] ------------------------------------------------------------------------
[INFO] Reactor Build Order:
[INFO] 
[INFO] Chimera                                                            [pom]
[INFO] Annotations                                                        [jar]
[INFO] Commons                                                            [jar]
[INFO] Typist                                                             [jar]
[INFO] 
[INFO] -----------------------< com.karuslabs:chimera >------------------------
[INFO] Building Chimera 4.9.0-SNAPSHOT                                    [1/4]
[INFO] --------------------------------[ pom ]---------------------------------
[INFO] 
[INFO] --- maven-clean-plugin:2.5:clean (default-clean) @ chimera ---
[INFO] 
[INFO] --- jacoco-maven-plugin:0.8.7:prepare-agent (default) @ chimera ---
[INFO] argLine set to -javaagent:/home/gabsko/.m2/repository/org/jacoco/org.jacoco.agent/0.8.7/org.jacoco.agent-0.8.7-runtime.jar=destfile=/home/gabsko/breaking-updates/target/jacoco.exec
[INFO] 
[INFO] ---------------------< com.karuslabs:annotations >----------------------
[INFO] Building Annotations 4.9.0-SNAPSHOT                                [2/4]
[INFO] --------------------------------[ jar ]---------------------------------
[INFO] 
[INFO] --- maven-clean-plugin:2.5:clean (default-clean) @ annotations ---
[INFO] Deleting /home/gabsko/breaking-updates/annotations/target
[INFO] 
[INFO] --- jacoco-maven-plugin:0.8.7:prepare-agent (default) @ annotations ---
[INFO] argLine set to -javaagent:/home/gabsko/.m2/repository/org/jacoco/org.jacoco.agent/0.8.7/org.jacoco.agent-0.8.7-runtime.jar=destfile=/home/gabsko/breaking-updates/annotations/target/jacoco.exec
[INFO] 
[INFO] --- maven-resources-plugin:2.6:resources (default-resources) @ annotations ---
[INFO] Using 'UTF-8' encoding to copy filtered resources.
[INFO] skip non existing resourceDirectory /home/gabsko/breaking-updates/annotations/src/main/resources
[INFO] 
[INFO] --- maven-compiler-plugin:3.8.1:compile (default-compile) @ annotations ---
[INFO] Changes detected - recompiling the module!
[INFO] Compiling 8 source files to /home/gabsko/breaking-updates/annotations/target/classes
[INFO] 
[INFO] --- maven-resources-plugin:2.6:testResources (default-testResources) @ annotations ---
[INFO] Using 'UTF-8' encoding to copy filtered resources.
[INFO] skip non existing resourceDirectory /home/gabsko/breaking-updates/annotations/src/test/resources
[INFO] 
[INFO] --- maven-compiler-plugin:3.8.1:testCompile (default-testCompile) @ annotations ---
[INFO] No sources to compile
[INFO] 
[INFO] --- maven-surefire-plugin:2.22.2:test (default-test) @ annotations ---
[INFO] No tests to run.
[INFO] 
[INFO] -----------------------< com.karuslabs:commons >------------------------
[INFO] Building Commons 4.9.0-SNAPSHOT                                    [3/4]
[INFO] --------------------------------[ jar ]---------------------------------
[INFO] 
[INFO] --- maven-clean-plugin:2.5:clean (default-clean) @ commons ---
[INFO] Deleting /home/gabsko/breaking-updates/commons/target
[INFO] 
[INFO] --- jacoco-maven-plugin:0.8.7:prepare-agent (default) @ commons ---
[INFO] argLine set to -javaagent:/home/gabsko/.m2/repository/org/jacoco/org.jacoco.agent/0.8.7/org.jacoco.agent-0.8.7-runtime.jar=destfile=/home/gabsko/breaking-updates/commons/target/jacoco.exec
[INFO] 
[INFO] --- maven-resources-plugin:2.6:resources (default-resources) @ commons ---
[INFO] Using 'UTF-8' encoding to copy filtered resources.
[INFO] skip non existing resourceDirectory /home/gabsko/breaking-updates/commons/src/main/resources
[INFO] 
[INFO] --- maven-compiler-plugin:3.8.1:compile (default-compile) @ commons ---
[INFO] Changes detected - recompiling the module!
[INFO] Compiling 81 source files to /home/gabsko/breaking-updates/commons/target/classes
[INFO] /home/gabsko/breaking-updates/commons/src/main/java/com/karuslabs/commons/command/dispatcher/Exceptions.java: Some input files use or override a deprecated API.
[INFO] /home/gabsko/breaking-updates/commons/src/main/java/com/karuslabs/commons/command/dispatcher/Exceptions.java: Recompile with -Xlint:deprecation for details.
[INFO] /home/gabsko/breaking-updates/commons/src/main/java/com/karuslabs/commons/item/builders/Builder.java: Some input files use unchecked or unsafe operations.
[INFO] /home/gabsko/breaking-updates/commons/src/main/java/com/karuslabs/commons/item/builders/Builder.java: Recompile with -Xlint:unchecked for details.
[INFO] 
[INFO] --- maven-resources-plugin:2.6:testResources (default-testResources) @ commons ---
[INFO] Using 'UTF-8' encoding to copy filtered resources.
[INFO] Copying 1 resource
[INFO] 
[INFO] --- maven-compiler-plugin:3.8.1:testCompile (default-testCompile) @ commons ---
[INFO] Changes detected - recompiling the module!
[INFO] Compiling 65 source files to /home/gabsko/breaking-updates/commons/target/test-classes
[INFO] /home/gabsko/breaking-updates/commons/src/test/java/com/karuslabs/commons/MockServer.java: /home/gabsko/breaking-updates/commons/src/test/java/com/karuslabs/commons/MockServer.java uses or overrides a deprecated API.
[INFO] /home/gabsko/breaking-updates/commons/src/test/java/com/karuslabs/commons/MockServer.java: Recompile with -Xlint:deprecation for details.
[INFO] /home/gabsko/breaking-updates/commons/src/test/java/com/karuslabs/commons/command/dispatcher/SpigotMapperTest.java: Some input files use unchecked or unsafe operations.
[INFO] /home/gabsko/breaking-updates/commons/src/test/java/com/karuslabs/commons/command/dispatcher/SpigotMapperTest.java: Recompile with -Xlint:unchecked for details.
[INFO] 
[INFO] --- maven-surefire-plugin:2.22.2:test (default-test) @ commons ---
[INFO] 
[INFO] -------------------------------------------------------
[INFO]  T E S T S
[INFO] -------------------------------------------------------
[INFO] Running com.karuslabs.commons.util.PointTest
[INFO] Tests run: 17, Failures: 0, Errors: 0, Skipped: 0, Time elapsed: 0.113 s - in com.karuslabs.commons.util.PointTest
[INFO] Running com.karuslabs.commons.util.VectorsTest
[INFO] Tests run: 10, Failures: 0, Errors: 0, Skipped: 0, Time elapsed: 0 s - in com.karuslabs.commons.util.VectorsTest
[INFO] Running com.karuslabs.commons.util.TypeTest
[INFO] Tests run: 16, Failures: 0, Errors: 0, Skipped: 0, Time elapsed: 0 s - in com.karuslabs.commons.util.TypeTest
[INFO] Running com.karuslabs.commons.util.WeakTest
[INFO] Tests run: 26, Failures: 0, Errors: 0, Skipped: 0, Time elapsed: 1.339 s - in com.karuslabs.commons.util.WeakTest
[INFO] Running com.karuslabs.commons.util.collection.ConcurrentProxiedTokenMapTest
[INFO] Tests run: 1, Failures: 0, Errors: 0, Skipped: 0, Time elapsed: 0 s - in com.karuslabs.commons.util.collection.ConcurrentProxiedTokenMapTest
[INFO] Running com.karuslabs.commons.util.collection.KeyTest
[INFO] Tests run: 3, Failures: 0, Errors: 0, Skipped: 0, Time elapsed: 0.004 s - in com.karuslabs.commons.util.collection.KeyTest
[INFO] Running com.karuslabs.commons.util.collection.TokenMapTest
[INFO] Tests run: 15, Failures: 0, Errors: 0, Skipped: 0, Time elapsed: 0.018 s - in com.karuslabs.commons.util.collection.TokenMapTest
[INFO] Running com.karuslabs.commons.util.collection.TrieTest
[INFO] Tests run: 43, Failures: 0, Errors: 0, Skipped: 0, Time elapsed: 0.08 s - in com.karuslabs.commons.util.collection.TrieTest
[INFO] Running com.karuslabs.commons.util.collection.ConcurrentHashTokenMapTest
[INFO] Tests run: 1, Failures: 0, Errors: 0, Skipped: 0, Time elapsed: 0.001 s - in com.karuslabs.commons.util.collection.ConcurrentHashTokenMapTest
[INFO] Running com.karuslabs.commons.util.collection.HashClassMapTest
[INFO] Tests run: 1, Failures: 0, Errors: 0, Skipped: 0, Time elapsed: 0 s - in com.karuslabs.commons.util.collection.HashClassMapTest
[INFO] Running com.karuslabs.commons.util.collection.TrieSetTest
[INFO] Tests run: 5, Failures: 0, Errors: 0, Skipped: 0, Time elapsed: 0.002 s - in com.karuslabs.commons.util.collection.TrieSetTest
[INFO] Running com.karuslabs.commons.util.collection.ConcurrentProxiedClassMapTest
[INFO] Tests run: 1, Failures: 0, Errors: 0, Skipped: 0, Time elapsed: 0 s - in com.karuslabs.commons.util.collection.ConcurrentProxiedClassMapTest
[INFO] Running com.karuslabs.commons.util.collection.ClassMapTest
[INFO] Tests run: 14, Failures: 0, Errors: 0, Skipped: 0, Time elapsed: 0.012 s - in com.karuslabs.commons.util.collection.ClassMapTest
[INFO] Running com.karuslabs.commons.util.collection.ConcurrentClassMapTest
[INFO] Tests run: 1, Failures: 0, Errors: 0, Skipped: 0, Time elapsed: 0 s - in com.karuslabs.commons.util.collection.ConcurrentClassMapTest
[INFO] Running com.karuslabs.commons.util.collection.ProxiedClassMapTest
[INFO] Tests run: 1, Failures: 0, Errors: 0, Skipped: 0, Time elapsed: 0.001 s - in com.karuslabs.commons.util.collection.ProxiedClassMapTest
[INFO] Running com.karuslabs.commons.util.collection.ConcurrentTokenMapTest
[INFO] Tests run: 8, Failures: 0, Errors: 0, Skipped: 0, Time elapsed: 0.002 s - in com.karuslabs.commons.util.collection.ConcurrentTokenMapTest
[INFO] Running com.karuslabs.commons.util.collection.TrieEntryTest
[INFO] Tests run: 30, Failures: 0, Errors: 0, Skipped: 0, Time elapsed: 0.031 s - in com.karuslabs.commons.util.collection.TrieEntryTest
[INFO] Running com.karuslabs.commons.util.collection.ConcurrentHashClassMapTest
[INFO] Tests run: 1, Failures: 0, Errors: 0, Skipped: 0, Time elapsed: 0 s - in com.karuslabs.commons.util.collection.ConcurrentHashClassMapTest
[INFO] Running com.karuslabs.commons.util.concurrent.locks.AutoReadWriteLockTest
[INFO] Tests run: 7, Failures: 0, Errors: 0, Skipped: 0, Time elapsed: 0.239 s - in com.karuslabs.commons.util.concurrent.locks.AutoReadWriteLockTest
[INFO] Running com.karuslabs.commons.util.concurrent.locks.AutoLockTest
[INFO] Tests run: 3, Failures: 0, Errors: 0, Skipped: 0, Time elapsed: 0.105 s - in com.karuslabs.commons.util.concurrent.locks.AutoLockTest
[INFO] Running com.karuslabs.commons.util.concurrent.MaybeTest
[INFO] Tests run: 9, Failures: 0, Errors: 0, Skipped: 0, Time elapsed: 0.009 s - in com.karuslabs.commons.util.concurrent.MaybeTest
[INFO] Running com.karuslabs.commons.util.concurrent.RunnableContextTest
[INFO] Tests run: 2, Failures: 0, Errors: 0, Skipped: 0, Time elapsed: 0.078 s - in com.karuslabs.commons.util.concurrent.RunnableContextTest
[INFO] Running com.karuslabs.commons.util.concurrent.SchedulerTest
[INFO] Tests run: 3, Failures: 0, Errors: 0, Skipped: 0, Time elapsed: 0.443 s - in com.karuslabs.commons.util.concurrent.SchedulerTest
[INFO] Running com.karuslabs.commons.item.HeadTest
[INFO] Tests run: 1, Failures: 0, Errors: 0, Skipped: 0, Time elapsed: 0.005 s - in com.karuslabs.commons.item.HeadTest
[INFO] Running com.karuslabs.commons.item.builders.MapBuilderTest
[INFO] Tests run: 2, Failures: 0, Errors: 0, Skipped: 0, Time elapsed: 0.766 s - in com.karuslabs.commons.item.builders.MapBuilderTest
[INFO] Running com.karuslabs.commons.item.builders.FireworkEffectBuilderTest
[INFO] Tests run: 1, Failures: 0, Errors: 0, Skipped: 0, Time elapsed: 0.16 s - in com.karuslabs.commons.item.builders.FireworkEffectBuilderTest
[INFO] Running com.karuslabs.commons.item.builders.PotionBuilderTest
[INFO] Tests run: 2, Failures: 0, Errors: 0, Skipped: 0, Time elapsed: 0.214 s - in com.karuslabs.commons.item.builders.PotionBuilderTest
[INFO] Running com.karuslabs.commons.item.builders.BannerBuilderTest
[INFO] Tests run: 1, Failures: 0, Errors: 0, Skipped: 0, Time elapsed: 0.098 s - in com.karuslabs.commons.item.builders.BannerBuilderTest
[INFO] Running com.karuslabs.commons.item.builders.CompassBuilderTest
[INFO] Tests run: 1, Failures: 0, Errors: 0, Skipped: 0, Time elapsed: 0.154 s - in com.karuslabs.commons.item.builders.CompassBuilderTest
[INFO] Running com.karuslabs.commons.item.builders.FireworkBuilderTest
[INFO] Tests run: 1, Failures: 0, Errors: 0, Skipped: 0, Time elapsed: 0.101 s - in com.karuslabs.commons.item.builders.FireworkBuilderTest
[INFO] Running com.karuslabs.commons.item.builders.EnchantmentStorageBuilderTest
[INFO] Tests run: 1, Failures: 0, Errors: 0, Skipped: 0, Time elapsed: 0.094 s - in com.karuslabs.commons.item.builders.EnchantmentStorageBuilderTest
[INFO] Running com.karuslabs.commons.item.builders.CrossbowBuilderTest
[INFO] Tests run: 2, Failures: 0, Errors: 0, Skipped: 0, Time elapsed: 0.18 s - in com.karuslabs.commons.item.builders.CrossbowBuilderTest
[INFO] Running com.karuslabs.commons.item.builders.ItemBuilderTest
[INFO] Tests run: 16, Failures: 0, Errors: 0, Skipped: 0, Time elapsed: 0.843 s - in com.karuslabs.commons.item.builders.ItemBuilderTest
[INFO] Running com.karuslabs.commons.item.builders.BookBuilderTest
[INFO] Tests run: 1, Failures: 0, Errors: 0, Skipped: 0, Time elapsed: 0.002 s - in com.karuslabs.commons.item.builders.BookBuilderTest
[INFO] Running com.karuslabs.commons.item.builders.BlockStateBuilderTest
[INFO] Tests run: 1, Failures: 0, Errors: 0, Skipped: 0, Time elapsed: 0.099 s - in com.karuslabs.commons.item.builders.BlockStateBuilderTest
[INFO] Running com.karuslabs.commons.item.builders.SuspiciousStewBuilderTest
[INFO] Tests run: 1, Failures: 0, Errors: 0, Skipped: 0, Time elapsed: 0.001 s - in com.karuslabs.commons.item.builders.SuspiciousStewBuilderTest
[INFO] Running com.karuslabs.commons.item.builders.BlockDataBuilderTest
[INFO] Tests run: 1, Failures: 0, Errors: 0, Skipped: 0, Time elapsed: 0.071 s - in com.karuslabs.commons.item.builders.BlockDataBuilderTest
[INFO] Running com.karuslabs.commons.item.builders.HeadBuilderTest
[INFO] Tests run: 2, Failures: 0, Errors: 0, Skipped: 0, Time elapsed: 0.126 s - in com.karuslabs.commons.item.builders.HeadBuilderTest
[INFO] Running com.karuslabs.commons.item.builders.TropicalFishBucketBuilderTest
[INFO] Tests run: 1, Failures: 0, Errors: 0, Skipped: 0, Time elapsed: 0.003 s - in com.karuslabs.commons.item.builders.TropicalFishBucketBuilderTest
[INFO] Running com.karuslabs.commons.item.builders.BuilderTest
[INFO] Tests run: 3, Failures: 0, Errors: 0, Skipped: 0, Time elapsed: 0.017 s - in com.karuslabs.commons.item.builders.BuilderTest
[INFO] Running com.karuslabs.commons.item.builders.KnowledgeBookBuilderTest
[INFO] Tests run: 1, Failures: 0, Errors: 0, Skipped: 0, Time elapsed: 0.062 s - in com.karuslabs.commons.item.builders.KnowledgeBookBuilderTest
[INFO] Running com.karuslabs.commons.item.builders.LeatherArmourBuilderTest
[INFO] Tests run: 2, Failures: 0, Errors: 0, Skipped: 0, Time elapsed: 0.007 s - in com.karuslabs.commons.item.builders.LeatherArmourBuilderTest
[INFO] Running com.karuslabs.commons.command.ReadersTest
[INFO] Tests run: 3, Failures: 0, Errors: 0, Skipped: 0, Time elapsed: 0.005 s - in com.karuslabs.commons.command.ReadersTest
[INFO] Running com.karuslabs.commons.command.OptionalContextTest
[INFO] Tests run: 11, Failures: 0, Errors: 0, Skipped: 0, Time elapsed: 0.18 s - in com.karuslabs.commons.command.OptionalContextTest
[INFO] Running com.karuslabs.commons.command.dispatcher.DispatcherTest
[INFO] Tests run: 5, Failures: 0, Errors: 0, Skipped: 0, Time elapsed: 3.541 s - in com.karuslabs.commons.command.dispatcher.DispatcherTest
[INFO] Running com.karuslabs.commons.command.dispatcher.ExceptionsTest
[INFO] Tests run: 8, Failures: 0, Errors: 0, Skipped: 0, Time elapsed: 1.646 s - in com.karuslabs.commons.command.dispatcher.ExceptionsTest
[INFO] Running com.karuslabs.commons.command.dispatcher.SpigotMapperTest
[INFO] Tests run: 12, Failures: 0, Errors: 0, Skipped: 0, Time elapsed: 0.552 s - in com.karuslabs.commons.command.dispatcher.SpigotMapperTest
[INFO] Running com.karuslabs.commons.command.dispatcher.DispatcherCommandTest
[INFO] Tests run: 5, Failures: 0, Errors: 0, Skipped: 0, Time elapsed: 0.149 s - in com.karuslabs.commons.command.dispatcher.DispatcherCommandTest
[INFO] Running com.karuslabs.commons.command.dispatcher.SpigotMapTest
[INFO] Tests run: 6, Failures: 0, Errors: 0, Skipped: 0, Time elapsed: 0.104 s - in com.karuslabs.commons.command.dispatcher.SpigotMapTest
[INFO] Running com.karuslabs.commons.command.CommandsTest
[INFO] Tests run: 3, Failures: 0, Errors: 0, Skipped: 0, Time elapsed: 0.005 s - in com.karuslabs.commons.command.CommandsTest
[INFO] Running com.karuslabs.commons.command.tree.MapperTest
[INFO] Tests run: 8, Failures: 0, Errors: 0, Skipped: 0, Time elapsed: 0.006 s - in com.karuslabs.commons.command.tree.MapperTest
[INFO] Running com.karuslabs.commons.command.tree.nodes.ArgumentTest
[INFO] Tests run: 7, Failures: 0, Errors: 0, Skipped: 0, Time elapsed: 0.003 s - in com.karuslabs.commons.command.tree.nodes.ArgumentTest
[INFO] Running com.karuslabs.commons.command.tree.nodes.LiteralTest
[INFO] Tests run: 8, Failures: 0, Errors: 0, Skipped: 0, Time elapsed: 0.003 s - in com.karuslabs.commons.command.tree.nodes.LiteralTest
[INFO] Running com.karuslabs.commons.command.tree.nodes.MutableTest
[INFO] Tests run: 8, Failures: 0, Errors: 0, Skipped: 0, Time elapsed: 0.004 s - in com.karuslabs.commons.command.tree.nodes.MutableTest
[INFO] Running com.karuslabs.commons.command.tree.nodes.RootTest
[INFO] Tests run: 9, Failures: 0, Errors: 0, Skipped: 0, Time elapsed: 0.2 s - in com.karuslabs.commons.command.tree.nodes.RootTest
[INFO] Running com.karuslabs.commons.command.tree.TreeWalkerTest
[INFO] Tests run: 9, Failures: 0, Errors: 0, Skipped: 0, Time elapsed: 0.107 s - in com.karuslabs.commons.command.tree.TreeWalkerTest
[INFO] Running com.karuslabs.commons.command.ExecutionTest
[INFO] Tests run: 1, Failures: 0, Errors: 0, Skipped: 0, Time elapsed: 0 s - in com.karuslabs.commons.command.ExecutionTest
[INFO] Running com.karuslabs.commons.command.types.EnchantmentTypeTest
[INFO] Tests run: 4, Failures: 0, Errors: 0, Skipped: 0, Time elapsed: 0.112 s - in com.karuslabs.commons.command.types.EnchantmentTypeTest
[INFO] Running com.karuslabs.commons.command.types.Point2DTypeTest
[INFO] Tests run: 8, Failures: 0, Errors: 0, Skipped: 0, Time elapsed: 0.013 s - in com.karuslabs.commons.command.types.Point2DTypeTest
[INFO] Running com.karuslabs.commons.command.types.WordTypeTest
[INFO] Tests run: 1, Failures: 0, Errors: 0, Skipped: 0, Time elapsed: 0 s - in com.karuslabs.commons.command.types.WordTypeTest
[INFO] Running com.karuslabs.commons.command.types.UUIDTypeTest
[INFO] Tests run: 2, Failures: 0, Errors: 0, Skipped: 0, Time elapsed: 0 s - in com.karuslabs.commons.command.types.UUIDTypeTest
[INFO] Running com.karuslabs.commons.command.types.MaterialTypeTest
[INFO] Tests run: 4, Failures: 0, Errors: 0, Skipped: 0, Time elapsed: 0.087 s - in com.karuslabs.commons.command.types.MaterialTypeTest
[INFO] Running com.karuslabs.commons.command.types.PlayerTypeTest
[INFO] Tests run: 8, Failures: 0, Errors: 0, Skipped: 0, Time elapsed: 0.196 s - in com.karuslabs.commons.command.types.PlayerTypeTest
[INFO] Running com.karuslabs.commons.command.types.ParticleTypeTest
[INFO] Tests run: 4, Failures: 0, Errors: 0, Skipped: 0, Time elapsed: 0.003 s - in com.karuslabs.commons.command.types.ParticleTypeTest
[INFO] Running com.karuslabs.commons.command.types.Point3DTypeTest
[INFO] Tests run: 9, Failures: 0, Errors: 0, Skipped: 0, Time elapsed: 0.011 s - in com.karuslabs.commons.command.types.Point3DTypeTest
[INFO] Running com.karuslabs.commons.command.types.WorldTypeTest
[INFO] Tests run: 4, Failures: 0, Errors: 0, Skipped: 0, Time elapsed: 0.159 s - in com.karuslabs.commons.command.types.WorldTypeTest
[INFO] Running com.karuslabs.commons.command.types.CartesianDimensionalTypeTest
[INFO] Tests run: 7, Failures: 0, Errors: 0, Skipped: 0, Time elapsed: 0.011 s - in com.karuslabs.commons.command.types.CartesianDimensionalTypeTest
[INFO] Running com.karuslabs.commons.command.types.PlayersTypeTest
[INFO] Tests run: 14, Failures: 0, Errors: 0, Skipped: 0, Time elapsed: 0.022 s - in com.karuslabs.commons.command.types.PlayersTypeTest
[INFO] Running com.karuslabs.commons.command.types.TypeTest
[INFO] Tests run: 1, Failures: 0, Errors: 0, Skipped: 0, Time elapsed: 0.066 s - in com.karuslabs.commons.command.types.TypeTest
[INFO] Running com.karuslabs.commons.command.types.CartesianTypeTest
[INFO] Tests run: 2, Failures: 0, Errors: 0, Skipped: 0, Time elapsed: 0.226 s - in com.karuslabs.commons.command.types.CartesianTypeTest
[INFO] Running com.karuslabs.commons.command.types.PointTypeTest
[INFO] Tests run: 1, Failures: 0, Errors: 0, Skipped: 0, Time elapsed: 0.007 s - in com.karuslabs.commons.command.types.PointTypeTest
[INFO] Running com.karuslabs.commons.command.types.StringTest
[INFO] Tests run: 1, Failures: 0, Errors: 0, Skipped: 0, Time elapsed: 0 s - in com.karuslabs.commons.command.types.StringTest
[INFO] Running com.karuslabs.commons.command.types.VectorTypeTest
[INFO] Tests run: 5, Failures: 0, Errors: 0, Skipped: 0, Time elapsed: 0.005 s - in com.karuslabs.commons.command.types.VectorTypeTest
[INFO] Running com.karuslabs.commons.command.ClientSuggestionProviderTest
[INFO] Tests run: 1, Failures: 0, Errors: 0, Skipped: 0, Time elapsed: 0 s - in com.karuslabs.commons.command.ClientSuggestionProviderTest
[INFO] 
[INFO] Results:
[INFO] 
[INFO] Tests run: 438, Failures: 0, Errors: 0, Skipped: 0
[INFO] 
[INFO] 
[INFO] ------------------------< com.karuslabs:typist >------------------------
[INFO] Building Typist 4.9.0-SNAPSHOT                                     [4/4]
[INFO] --------------------------------[ jar ]---------------------------------
[INFO] 
[INFO] --- maven-clean-plugin:2.5:clean (default-clean) @ typist ---
[INFO] Deleting /home/gabsko/breaking-updates/typist/target
[INFO] 
[INFO] --- jacoco-maven-plugin:0.8.7:prepare-agent (default) @ typist ---
[INFO] argLine set to -javaagent:/home/gabsko/.m2/repository/org/jacoco/org.jacoco.agent/0.8.7/org.jacoco.agent-0.8.7-runtime.jar=destfile=/home/gabsko/breaking-updates/typist/target/jacoco.exec
[INFO] 
[INFO] --- maven-resources-plugin:3.2.0:resources (default-resources) @ typist ---
[INFO] Using 'UTF-8' encoding to copy filtered resources.
[INFO] Using 'UTF-8' encoding to copy filtered properties files.
[INFO] skip non existing resourceDirectory /home/gabsko/breaking-updates/typist/src/main/resources
[INFO] 
[INFO] --- maven-compiler-plugin:3.8.1:compile (default-compile) @ typist ---
[INFO] Changes detected - recompiling the module!
[INFO] Compiling 40 source files to /home/gabsko/breaking-updates/typist/target/classes
[INFO] /home/gabsko/breaking-updates/typist/src/main/java/com/karuslabs/typist/lints/MethodSignatureLint.java: Some input files use unchecked or unsafe operations.
[INFO] /home/gabsko/breaking-updates/typist/src/main/java/com/karuslabs/typist/lints/MethodSignatureLint.java: Recompile with -Xlint:unchecked for details.
[INFO] 
[INFO] --- maven-resources-plugin:3.2.0:testResources (default-testResources) @ typist ---
[INFO] Using 'UTF-8' encoding to copy filtered resources.
[INFO] Using 'UTF-8' encoding to copy filtered properties files.
[INFO] Copying 2 resources
[INFO] 
[INFO] --- maven-compiler-plugin:3.8.1:testCompile (default-testCompile) @ typist ---
[INFO] Changes detected - recompiling the module!
[INFO] Compiling 1 source file to /home/gabsko/breaking-updates/typist/target/test-classes
[INFO] 
[INFO] --- maven-resources-plugin:3.2.0:copy-resources (copy-resources) @ typist ---
[INFO] Using 'UTF-8' encoding to copy filtered resources.
[INFO] Using 'UTF-8' encoding to copy filtered properties files.
[INFO] Copying 1 resource
[INFO] 
[INFO] --- maven-surefire-plugin:2.22.2:test (default-test) @ typist ---
[INFO] 
[INFO] -------------------------------------------------------
[INFO]  T E S T S
[INFO] -------------------------------------------------------
[INFO] Running com.karuslabs.typist.FieldTest
[INFO] Tests run: 6, Failures: 0, Errors: 0, Skipped: 0, Time elapsed: 1.053 s - in com.karuslabs.typist.FieldTest
[INFO] Running com.karuslabs.typist.MethodTest
[INFO] Tests run: 6, Failures: 0, Errors: 0, Skipped: 0, Time elapsed: 0.654 s - in com.karuslabs.typist.MethodTest
[INFO] Running com.karuslabs.typist.BindingTest
[INFO] Tests run: 5, Failures: 0, Errors: 0, Skipped: 0, Time elapsed: 0.005 s - in com.karuslabs.typist.BindingTest
[INFO] 
[INFO] Results:
[INFO] 
[INFO] Tests run: 17, Failures: 0, Errors: 0, Skipped: 0
[INFO] 
[INFO] ------------------------------------------------------------------------
[INFO] Reactor Summary for Chimera 4.9.0-SNAPSHOT:
[INFO] 
[INFO] Chimera ............................................ SUCCESS [  0.295 s]
[INFO] Annotations ........................................ SUCCESS [  0.587 s]
[INFO] Commons ............................................ SUCCESS [ 16.278 s]
[INFO] Typist ............................................. SUCCESS [  3.374 s]
[INFO] ------------------------------------------------------------------------
[INFO] BUILD SUCCESS
[INFO] ------------------------------------------------------------------------
[INFO] Total time:  20.610 s
[INFO] Finished at: 2023-02-08T13:27:53Z
[INFO] ------------------------------------------------------------------------
