[INFO] Scanning for projects...
[INFO] 
[INFO] --------------------------< io.xlate:staedi >---------------------------
[INFO] Building StAEDI : Streaming API for EDI for Java 1.16.4-SNAPSHOT
[INFO] --------------------------------[ jar ]---------------------------------
[INFO] 
[INFO] --- maven-clean-plugin:2.5:clean (default-clean) @ staedi ---
[INFO] Deleting /home/gabsko/breaking-updates/target
[INFO] 
[INFO] --- jacoco-maven-plugin:0.8.7:prepare-agent (default) @ staedi ---
[INFO] argLine set to -javaagent:/home/gabsko/.m2/repository/org/jacoco/org.jacoco.agent/0.8.7/org.jacoco.agent-0.8.7-runtime.jar=destfile=/home/gabsko/breaking-updates/target/jacoco.exec
[INFO] 
[INFO] --- maven-resources-plugin:2.6:resources (default-resources) @ staedi ---
[INFO] Using 'UTF-8' encoding to copy filtered resources.
[INFO] Copying 14 resources
[INFO] 
[INFO] --- maven-compiler-plugin:3.8.1:compile (default-compile) @ staedi ---
[INFO] Changes detected - recompiling the module!
[INFO] Compiling 105 source files to /home/gabsko/breaking-updates/target/classes
[INFO] /home/gabsko/breaking-updates/src/main/java/io/xlate/edi/internal/schema/StaEDISchema.java: /home/gabsko/breaking-updates/src/main/java/io/xlate/edi/internal/schema/StaEDISchema.java uses or overrides a deprecated API.
[INFO] /home/gabsko/breaking-updates/src/main/java/io/xlate/edi/internal/schema/StaEDISchema.java: Recompile with -Xlint:deprecation for details.
[INFO] 
[INFO] --- maven-compiler-plugin:3.8.1:compile (module-compile) @ staedi ---
[INFO] Changes detected - recompiling the module!
[INFO] Compiling 1 source file to /home/gabsko/breaking-updates/target/classes/META-INF/versions/9
[INFO] 
[INFO] --- maven-resources-plugin:2.6:testResources (default-testResources) @ staedi ---
[INFO] Using 'UTF-8' encoding to copy filtered resources.
[INFO] Copying 86 resources
[INFO] 
[INFO] --- maven-compiler-plugin:3.8.1:testCompile (default-testCompile) @ staedi ---
[INFO] Changes detected - recompiling the module!
[INFO] Compiling 52 source files to /home/gabsko/breaking-updates/target/test-classes
[INFO] /home/gabsko/breaking-updates/src/test/java/io/xlate/edi/internal/schema/implementation/ElementImplTest.java: /home/gabsko/breaking-updates/src/test/java/io/xlate/edi/internal/schema/implementation/ElementImplTest.java uses or overrides a deprecated API.
[INFO] /home/gabsko/breaking-updates/src/test/java/io/xlate/edi/internal/schema/implementation/ElementImplTest.java: Recompile with -Xlint:deprecation for details.
[INFO] 
[INFO] --- maven-surefire-plugin:2.22.2:test (default-test) @ staedi ---
[INFO] 
[INFO] -------------------------------------------------------
[INFO]  T E S T S
[INFO] -------------------------------------------------------
[INFO] Running io.xlate.edi.stream.EDIValidationExceptionTest
[INFO] Tests run: 1, Failures: 0, Errors: 0, Skipped: 0, Time elapsed: 0.022 s - in io.xlate.edi.stream.EDIValidationExceptionTest
[INFO] Running io.xlate.edi.internal.wiki.ReadInterchangeAcknowledgementTest
[INFO] Tests run: 1, Failures: 0, Errors: 0, Skipped: 0, Time elapsed: 0.126 s - in io.xlate.edi.internal.wiki.ReadInterchangeAcknowledgementTest
[INFO] Running io.xlate.edi.internal.wiki.WriteInterchangeAcknowledgementTest
[INFO] Tests run: 1, Failures: 0, Errors: 0, Skipped: 0, Time elapsed: 0.008 s - in io.xlate.edi.internal.wiki.WriteInterchangeAcknowledgementTest
[INFO] Running io.xlate.edi.internal.wiki.ReadFuncAcknowledgementTest
[INFO] Tests run: 1, Failures: 0, Errors: 0, Skipped: 0, Time elapsed: 0.057 s - in io.xlate.edi.internal.wiki.ReadFuncAcknowledgementTest
[INFO] Running io.xlate.edi.internal.wiki.WriteEdifactExampleTest
[INFO] Tests run: 1, Failures: 0, Errors: 0, Skipped: 0, Time elapsed: 0 s - in io.xlate.edi.internal.wiki.WriteEdifactExampleTest
[INFO] Running io.xlate.edi.internal.schema.SyntaxRestrictionTest
[INFO] Tests run: 4, Failures: 0, Errors: 0, Skipped: 0, Time elapsed: 0.001 s - in io.xlate.edi.internal.schema.SyntaxRestrictionTest
[INFO] Running io.xlate.edi.internal.schema.StructureTypeTest
[INFO] Tests run: 2, Failures: 0, Errors: 0, Skipped: 0, Time elapsed: 0.004 s - in io.xlate.edi.internal.schema.StructureTypeTest
[INFO] Running io.xlate.edi.internal.schema.StaEDISchemaFactoryTest
[INFO] Tests run: 47, Failures: 0, Errors: 0, Skipped: 0, Time elapsed: 0.242 s - in io.xlate.edi.internal.schema.StaEDISchemaFactoryTest
[INFO] Running io.xlate.edi.internal.schema.StaEDISchemaTest
[INFO] Tests run: 6, Failures: 0, Errors: 0, Skipped: 0, Time elapsed: 0.006 s - in io.xlate.edi.internal.schema.StaEDISchemaTest
[INFO] Running io.xlate.edi.internal.schema.implementation.ElementImplTest
[INFO] Tests run: 12, Failures: 0, Errors: 0, Skipped: 0, Time elapsed: 0.123 s - in io.xlate.edi.internal.schema.implementation.ElementImplTest
[INFO] Running io.xlate.edi.internal.schema.implementation.SegmentImplTest
[INFO] Tests run: 1, Failures: 0, Errors: 0, Skipped: 0, Time elapsed: 0.032 s - in io.xlate.edi.internal.schema.implementation.SegmentImplTest
[INFO] Running io.xlate.edi.internal.schema.implementation.DiscriminatorImplTest
[INFO] Tests run: 6, Failures: 0, Errors: 0, Skipped: 0, Time elapsed: 0.004 s - in io.xlate.edi.internal.schema.implementation.DiscriminatorImplTest
[INFO] Running io.xlate.edi.internal.schema.ElementTypeTest
[INFO] Tests run: 4, Failures: 0, Errors: 0, Skipped: 0, Time elapsed: 0.012 s - in io.xlate.edi.internal.schema.ElementTypeTest
[INFO] Running io.xlate.edi.internal.bind.TransactionBindTest
[INFO] Tests run: 1, Failures: 0, Errors: 0, Skipped: 0, Time elapsed: 0.34 s - in io.xlate.edi.internal.bind.TransactionBindTest
[INFO] Running io.xlate.edi.internal.bind.AcknowledgementBindTest
[INFO] Tests run: 1, Failures: 0, Errors: 0, Skipped: 0, Time elapsed: 0.056 s - in io.xlate.edi.internal.bind.AcknowledgementBindTest
[INFO] Running io.xlate.edi.internal.stream.StaEDIXMLStreamReaderTest
[INFO] Tests run: 22, Failures: 0, Errors: 0, Skipped: 0, Time elapsed: 0.846 s - in io.xlate.edi.internal.stream.StaEDIXMLStreamReaderTest
[INFO] Running io.xlate.edi.internal.stream.StaEDIStreamReaderExtraneousCharsTest
[INFO] Tests run: 5, Failures: 0, Errors: 0, Skipped: 0, Time elapsed: 0.103 s - in io.xlate.edi.internal.stream.StaEDIStreamReaderExtraneousCharsTest
[INFO] Running io.xlate.edi.internal.stream.StaEDIInputFactoryTest
[INFO] Tests run: 12, Failures: 0, Errors: 0, Skipped: 0, Time elapsed: 0.025 s - in io.xlate.edi.internal.stream.StaEDIInputFactoryTest
[INFO] Running io.xlate.edi.internal.stream.validation.AlphaNumericValidatorTest
[INFO] Tests run: 9, Failures: 0, Errors: 0, Skipped: 0, Time elapsed: 0.062 s - in io.xlate.edi.internal.stream.validation.AlphaNumericValidatorTest
[INFO] Running io.xlate.edi.internal.stream.validation.ConditionSyntaxValidatorTest
[INFO] Tests run: 3, Failures: 0, Errors: 0, Skipped: 0, Time elapsed: 0.122 s - in io.xlate.edi.internal.stream.validation.ConditionSyntaxValidatorTest
[INFO] Running io.xlate.edi.internal.stream.validation.SingleSyntaxValidatorTest
[INFO] Tests run: 3, Failures: 0, Errors: 0, Skipped: 0, Time elapsed: 0.012 s - in io.xlate.edi.internal.stream.validation.SingleSyntaxValidatorTest
[INFO] Running io.xlate.edi.internal.stream.validation.NumericValidatorTest
[INFO] Tests run: 9, Failures: 0, Errors: 0, Skipped: 0, Time elapsed: 0.007 s - in io.xlate.edi.internal.stream.validation.NumericValidatorTest
[INFO] Running io.xlate.edi.internal.stream.validation.DateValidatorTest
[INFO] Tests run: 13, Failures: 0, Errors: 0, Skipped: 0, Time elapsed: 0.016 s - in io.xlate.edi.internal.stream.validation.DateValidatorTest
[INFO] Running io.xlate.edi.internal.stream.validation.ListSyntaxValidatorTest
[INFO] Tests run: 4, Failures: 0, Errors: 0, Skipped: 0, Time elapsed: 0.012 s - in io.xlate.edi.internal.stream.validation.ListSyntaxValidatorTest
[INFO] Running io.xlate.edi.internal.stream.validation.ExclusionSyntaxValidatorTest
[INFO] Tests run: 3, Failures: 0, Errors: 0, Skipped: 0, Time elapsed: 0.007 s - in io.xlate.edi.internal.stream.validation.ExclusionSyntaxValidatorTest
[INFO] Running io.xlate.edi.internal.stream.validation.PairedSyntaxValidatorTest
[INFO] Tests run: 4, Failures: 0, Errors: 0, Skipped: 0, Time elapsed: 0.02 s - in io.xlate.edi.internal.stream.validation.PairedSyntaxValidatorTest
[INFO] Running io.xlate.edi.internal.stream.validation.RequiredSyntaxValidatorTest
[INFO] Tests run: 4, Failures: 0, Errors: 0, Skipped: 0, Time elapsed: 0.033 s - in io.xlate.edi.internal.stream.validation.RequiredSyntaxValidatorTest
[INFO] Running io.xlate.edi.internal.stream.validation.TimeValidatorTest
[INFO] Tests run: 12, Failures: 0, Errors: 0, Skipped: 0, Time elapsed: 0.009 s - in io.xlate.edi.internal.stream.validation.TimeValidatorTest
[INFO] Running io.xlate.edi.internal.stream.validation.ValidatorTest
[INFO] Tests run: 2, Failures: 0, Errors: 0, Skipped: 0, Time elapsed: 0.001 s - in io.xlate.edi.internal.stream.validation.ValidatorTest
[INFO] Running io.xlate.edi.internal.stream.validation.DecimalValidatorTest
[INFO] Tests run: 7, Failures: 0, Errors: 0, Skipped: 0, Time elapsed: 0.001 s - in io.xlate.edi.internal.stream.validation.DecimalValidatorTest
[INFO] Running io.xlate.edi.internal.stream.CompositeValidationTest
[INFO] Tests run: 1, Failures: 0, Errors: 0, Skipped: 0, Time elapsed: 0.009 s - in io.xlate.edi.internal.stream.CompositeValidationTest
[INFO] Running io.xlate.edi.internal.stream.tokenization.LexerTest
[INFO] Tests run: 11, Failures: 0, Errors: 0, Skipped: 0, Time elapsed: 0.036 s - in io.xlate.edi.internal.stream.tokenization.LexerTest
[INFO] Running io.xlate.edi.internal.stream.tokenization.CharacterSetTest
[INFO] Tests run: 9, Failures: 0, Errors: 0, Skipped: 0, Time elapsed: 0.001 s - in io.xlate.edi.internal.stream.tokenization.CharacterSetTest
[INFO] Running io.xlate.edi.internal.stream.tokenization.DialectFactoryTest
[INFO] Tests run: 4, Failures: 0, Errors: 0, Skipped: 0, Time elapsed: 0 s - in io.xlate.edi.internal.stream.tokenization.DialectFactoryTest
[INFO] Running io.xlate.edi.internal.stream.tokenization.X12DialectTest
[INFO] Tests run: 4, Failures: 0, Errors: 0, Skipped: 0, Time elapsed: 0 s - in io.xlate.edi.internal.stream.tokenization.X12DialectTest
[INFO] Running io.xlate.edi.internal.stream.tokenization.EDIFACTDialectTest
[INFO] Tests run: 15, Failures: 0, Errors: 0, Skipped: 0, Time elapsed: 0.002 s - in io.xlate.edi.internal.stream.tokenization.EDIFACTDialectTest
[INFO] Running io.xlate.edi.internal.stream.StaEDIOutputFactoryTest
[INFO] Tests run: 9, Failures: 0, Errors: 0, Skipped: 0, Time elapsed: 0.001 s - in io.xlate.edi.internal.stream.StaEDIOutputFactoryTest
[INFO] Running io.xlate.edi.internal.stream.StaEDIStreamReaderTest
[INFO] Tests run: 49, Failures: 0, Errors: 0, Skipped: 0, Time elapsed: 0.464 s - in io.xlate.edi.internal.stream.StaEDIStreamReaderTest
[INFO] Running io.xlate.edi.internal.stream.json.StaEDIJsonParserTest
[INFO] Tests run: 15, Failures: 0, Errors: 0, Skipped: 0, Time elapsed: 0.488 s - in io.xlate.edi.internal.stream.json.StaEDIJsonParserTest
[INFO] Running io.xlate.edi.internal.stream.StaEDIFilteredStreamReaderTest
[INFO] Tests run: 4, Failures: 0, Errors: 0, Skipped: 0, Time elapsed: 0.028 s - in io.xlate.edi.internal.stream.StaEDIFilteredStreamReaderTest
[INFO] Running io.xlate.edi.internal.stream.StaEDIStreamReaderSyntaxTest
[INFO] Tests run: 5, Failures: 0, Errors: 0, Skipped: 0, Time elapsed: 0.015 s - in io.xlate.edi.internal.stream.StaEDIStreamReaderSyntaxTest
[INFO] Running io.xlate.edi.internal.stream.StaEDIXMLStreamWriterTest
[INFO] Tests run: 40, Failures: 0, Errors: 0, Skipped: 0, Time elapsed: 0.03 s - in io.xlate.edi.internal.stream.StaEDIXMLStreamWriterTest
[INFO] Running io.xlate.edi.internal.stream.StaEDIStreamWriterTest
[INFO] Tests run: 70, Failures: 0, Errors: 0, Skipped: 0, Time elapsed: 0.301 s - in io.xlate.edi.internal.stream.StaEDIStreamWriterTest
[INFO] Running io.xlate.edi.internal.stream.EventSequenceTest
[INFO] Tests run: 6, Failures: 0, Errors: 0, Skipped: 0, Time elapsed: 0.047 s - in io.xlate.edi.internal.stream.EventSequenceTest
[INFO] Running io.xlate.edi.internal.stream.ErrorEventsTest
[INFO] Tests run: 19, Failures: 0, Errors: 0, Skipped: 0, Time elapsed: 0.14 s - in io.xlate.edi.internal.stream.ErrorEventsTest
[INFO] Running io.xlate.edi.internal.stream.SegmentValidationTest
[INFO] Tests run: 15, Failures: 0, Errors: 0, Skipped: 0, Time elapsed: 0.089 s - in io.xlate.edi.internal.stream.SegmentValidationTest
[INFO] Running io.xlate.edi.internal.stream.CharArraySequenceTest
[INFO] Tests run: 5, Failures: 0, Errors: 0, Skipped: 0, Time elapsed: 0.001 s - in io.xlate.edi.internal.stream.CharArraySequenceTest
[INFO] 
[INFO] Results:
[INFO] 
[INFO] Tests run: 482, Failures: 0, Errors: 0, Skipped: 0
[INFO] 
[INFO] 
[INFO] --- jacoco-maven-plugin:0.8.7:report (report) @ staedi ---
[INFO] Loading execution data file /home/gabsko/breaking-updates/target/jacoco.exec
[INFO] Analyzed bundle 'StAEDI : Streaming API for EDI for Java' with 102 classes
[INFO] ------------------------------------------------------------------------
[INFO] BUILD SUCCESS
[INFO] ------------------------------------------------------------------------
[INFO] Total time:  9.320 s
[INFO] Finished at: 2023-02-09T03:33:31Z
[INFO] ------------------------------------------------------------------------
