[INFO] Scanning for projects...
[INFO] ------------------------------------------------------------------------
[INFO] Reactor Build Order:
[INFO] 
[INFO] droid-parent                                                       [pom]
[INFO] droid-build-tools                                                  [jar]
[INFO] droid-core-interfaces                                              [jar]
[INFO] droid-core                                                         [jar]
[INFO] droid-export-interfaces                                            [jar]
[INFO] droid-container                                                    [jar]
[INFO] droid-results                                                      [jar]
[INFO] droid-report-interfaces                                            [jar]
[INFO] droid-report                                                       [jar]
[INFO] droid-export                                                       [jar]
[INFO] droid-command-line                                                 [jar]
[INFO] droid-help                                                         [jar]
[INFO] droid-ui                                                           [jar]
[INFO] droid-tools                                                        [jar]
[INFO] droid-binaries                                                     [pom]
[INFO] droid                                                              [pom]
[INFO] 
[INFO] ----------------< uk.gov.nationalarchives:droid-parent >----------------
[INFO] Building droid-parent 6.6-SNAPSHOT                                [1/16]
[INFO] --------------------------------[ pom ]---------------------------------
[INFO] 
[INFO] --- maven-clean-plugin:2.5:clean (default-clean) @ droid-parent ---
[INFO] 
[INFO] --- maven-enforcer-plugin:1.2:enforce (enforce-maven) @ droid-parent ---
[INFO] 
[INFO] --- buildversion-plugin:1.0.3:set-properties (default) @ droid-parent ---
[INFO] 
[INFO] --- jacoco-maven-plugin:0.8.7:prepare-agent (default-prepare-agent) @ droid-parent ---
[INFO] jacocoArgLine set to -javaagent:/home/gabsko/.m2/repository/org/jacoco/org.jacoco.agent/0.8.7/org.jacoco.agent-0.8.7-runtime.jar=destfile=/home/gabsko/breaking-updates/droid-parent/target/jacoco.exec
[INFO] 
[INFO] -------------< uk.gov.nationalarchives:droid-build-tools >--------------
[INFO] Building droid-build-tools 6.6-SNAPSHOT                           [2/16]
[INFO] --------------------------------[ jar ]---------------------------------
[INFO] 
[INFO] --- maven-clean-plugin:2.5:clean (default-clean) @ droid-build-tools ---
[INFO] Deleting /home/gabsko/breaking-updates/droid-build-tools/target
[INFO] 
[INFO] --- maven-enforcer-plugin:1.2:enforce (enforce-maven) @ droid-build-tools ---
[INFO] 
[INFO] --- buildversion-plugin:1.0.3:set-properties (default) @ droid-build-tools ---
[INFO] 
[INFO] --- jacoco-maven-plugin:0.8.7:prepare-agent (default-prepare-agent) @ droid-build-tools ---
[INFO] jacocoArgLine set to -javaagent:/home/gabsko/.m2/repository/org/jacoco/org.jacoco.agent/0.8.7/org.jacoco.agent-0.8.7-runtime.jar=destfile=/home/gabsko/breaking-updates/droid-build-tools/target/jacoco.exec
[INFO] 
[INFO] --- maven-resources-plugin:3.1.0:resources (default-resources) @ droid-build-tools ---
[INFO] Using 'UTF-8' encoding to copy filtered resources.
[INFO] Copying 1 resource
[INFO] 
[INFO] --- maven-compiler-plugin:3.10.1:compile (default-compile) @ droid-build-tools ---
[INFO] No sources to compile
[INFO] 
[INFO] --- maven-resources-plugin:3.1.0:testResources (default-testResources) @ droid-build-tools ---
[INFO] Using 'UTF-8' encoding to copy filtered resources.
[INFO] skip non existing resourceDirectory /home/gabsko/breaking-updates/droid-build-tools/src/test/resources
[INFO] 
[INFO] --- maven-compiler-plugin:3.10.1:testCompile (default-testCompile) @ droid-build-tools ---
[INFO] No sources to compile
[INFO] 
[INFO] --- maven-surefire-plugin:3.0.0-M5:test (default-test) @ droid-build-tools ---
[INFO] No tests to run.
[INFO] 
[INFO] -----------< uk.gov.nationalarchives:droid-core-interfaces >------------
[INFO] Building droid-core-interfaces 6.6-SNAPSHOT                       [3/16]
[INFO] --------------------------------[ jar ]---------------------------------
[INFO] 
[INFO] --- maven-clean-plugin:2.5:clean (default-clean) @ droid-core-interfaces ---
[INFO] Deleting /home/gabsko/breaking-updates/droid-core-interfaces/target
[INFO] 
[INFO] --- maven-enforcer-plugin:1.2:enforce (enforce-maven) @ droid-core-interfaces ---
[INFO] 
[INFO] --- buildversion-plugin:1.0.3:set-properties (default) @ droid-core-interfaces ---
[INFO] 
[INFO] --- jacoco-maven-plugin:0.8.7:prepare-agent (default-prepare-agent) @ droid-core-interfaces ---
[INFO] jacocoArgLine set to -javaagent:/home/gabsko/.m2/repository/org/jacoco/org.jacoco.agent/0.8.7/org.jacoco.agent-0.8.7-runtime.jar=destfile=/home/gabsko/breaking-updates/droid-core-interfaces/target/jacoco.exec
[INFO] 
[INFO] --- maven-resources-plugin:3.1.0:resources (default-resources) @ droid-core-interfaces ---
[INFO] Using 'UTF-8' encoding to copy filtered resources.
[INFO] Copying 2 resources
[INFO] 
[INFO] --- maven-compiler-plugin:3.10.1:compile (default-compile) @ droid-core-interfaces ---
[INFO] Changes detected - recompiling the module!
[INFO] Compiling 110 source files to /home/gabsko/breaking-updates/droid-core-interfaces/target/classes
[INFO] /home/gabsko/breaking-updates/droid-core-interfaces/src/main/java/uk/gov/nationalarchives/droid/core/interfaces/filter/RestrictionFactory.java: Some input files use or override a deprecated API.
[INFO] /home/gabsko/breaking-updates/droid-core-interfaces/src/main/java/uk/gov/nationalarchives/droid/core/interfaces/filter/RestrictionFactory.java: Recompile with -Xlint:deprecation for details.
[INFO] /home/gabsko/breaking-updates/droid-core-interfaces/src/main/java/uk/gov/nationalarchives/droid/core/interfaces/archive/WebArchiveHandler.java: Some input files use unchecked or unsafe operations.
[INFO] /home/gabsko/breaking-updates/droid-core-interfaces/src/main/java/uk/gov/nationalarchives/droid/core/interfaces/archive/WebArchiveHandler.java: Recompile with -Xlint:unchecked for details.
[INFO] 
[INFO] --- maven-checkstyle-plugin:3.1.2:checkstyle (basicstyles) @ droid-core-interfaces ---
[WARNING] Unable to locate Source XRef to link to - DISABLED
[INFO] 
[INFO] --- maven-checkstyle-plugin:3.1.2:check (basicstyles) @ droid-core-interfaces ---
[INFO] You have 0 Checkstyle violations.
[INFO] 
[INFO] --- maven-resources-plugin:3.1.0:testResources (default-testResources) @ droid-core-interfaces ---
[INFO] Using 'UTF-8' encoding to copy filtered resources.
[INFO] Copying 29 resources
[INFO] 
[INFO] --- maven-compiler-plugin:3.10.1:testCompile (default-testCompile) @ droid-core-interfaces ---
[INFO] Changes detected - recompiling the module!
[INFO] Compiling 32 source files to /home/gabsko/breaking-updates/droid-core-interfaces/target/test-classes
[INFO] /home/gabsko/breaking-updates/droid-core-interfaces/src/test/java/uk/gov/nationalarchives/droid/core/interfaces/filter/RestrictionFactoryTest.java: Some input files use or override a deprecated API.
[INFO] /home/gabsko/breaking-updates/droid-core-interfaces/src/test/java/uk/gov/nationalarchives/droid/core/interfaces/filter/RestrictionFactoryTest.java: Recompile with -Xlint:deprecation for details.
[INFO] /home/gabsko/breaking-updates/droid-core-interfaces/src/test/java/uk/gov/nationalarchives/droid/core/interfaces/archive/SevenZArchiveHandlerTest.java: Some input files use unchecked or unsafe operations.
[INFO] /home/gabsko/breaking-updates/droid-core-interfaces/src/test/java/uk/gov/nationalarchives/droid/core/interfaces/archive/SevenZArchiveHandlerTest.java: Recompile with -Xlint:unchecked for details.
[INFO] 
[INFO] --- maven-surefire-plugin:3.0.0-M5:test (default-test) @ droid-core-interfaces ---
[INFO] 
[INFO] -------------------------------------------------------
[INFO]  T E S T S
[INFO] -------------------------------------------------------
[INFO] Running uk.gov.nationalarchives.droid.core.interfaces.resource.FileSystemIdentificationRequestTest
[INFO] Tests run: 7, Failures: 0, Errors: 0, Skipped: 0, Time elapsed: 0.115 s - in uk.gov.nationalarchives.droid.core.interfaces.resource.FileSystemIdentificationRequestTest
[INFO] Running uk.gov.nationalarchives.droid.core.interfaces.resource.ZipEntryIdentificationRequestTest
[INFO] Tests run: 7, Failures: 0, Errors: 0, Skipped: 0, Time elapsed: 0.495 s - in uk.gov.nationalarchives.droid.core.interfaces.resource.ZipEntryIdentificationRequestTest
[INFO] Running uk.gov.nationalarchives.droid.core.interfaces.resource.TarEntryIdentificationRequestTest
2023-02-11T12:04:32,557  WARN [main] TarEntryIdentificationRequest:97 - The tar entry tar:file:///home/gabsko/breaking-updates/droid-core-interfaces/target/test-classes/saved.tar!/saved/profile.xml  states it is 1263209396000 in length, but reading it produced: 49
2023-02-11T12:04:32,561  WARN [main] TarEntryIdentificationRequest:97 - The tar entry tar:file:///home/gabsko/breaking-updates/droid-core-interfaces/target/test-classes/saved.tar!/saved/profile.xml  states it is 1263209396000 in length, but reading it produced: 49
2023-02-11T12:04:32,562  WARN [main] TarEntryIdentificationRequest:97 - The tar entry tar:file:///home/gabsko/breaking-updates/droid-core-interfaces/target/test-classes/saved.tar!/saved/profile.xml  states it is 1263209396000 in length, but reading it produced: 49
2023-02-11T12:04:32,564  WARN [main] TarEntryIdentificationRequest:97 - The tar entry tar:file:///home/gabsko/breaking-updates/droid-core-interfaces/target/test-classes/saved.tar!/saved/profile.xml  states it is 1263209396000 in length, but reading it produced: 49
2023-02-11T12:04:32,565  WARN [main] TarEntryIdentificationRequest:97 - The tar entry tar:file:///home/gabsko/breaking-updates/droid-core-interfaces/target/test-classes/saved.tar!/saved/profile.xml  states it is 1263209396000 in length, but reading it produced: 49
2023-02-11T12:04:32,567  WARN [main] TarEntryIdentificationRequest:97 - The tar entry tar:file:///home/gabsko/breaking-updates/droid-core-interfaces/target/test-classes/saved.tar!/saved/profile.xml  states it is 1263209396000 in length, but reading it produced: 49
2023-02-11T12:04:32,568  WARN [main] TarEntryIdentificationRequest:97 - The tar entry tar:file:///home/gabsko/breaking-updates/droid-core-interfaces/target/test-classes/saved.tar!/saved/profile.xml  states it is 1263209396000 in length, but reading it produced: 49
[INFO] Tests run: 7, Failures: 0, Errors: 0, Skipped: 0, Time elapsed: 0.023 s - in uk.gov.nationalarchives.droid.core.interfaces.resource.TarEntryIdentificationRequestTest
[INFO] Running uk.gov.nationalarchives.droid.core.interfaces.resource.CachedBinaryTest
[WARNING] Tests run: 2, Failures: 0, Errors: 0, Skipped: 1, Time elapsed: 0 s - in uk.gov.nationalarchives.droid.core.interfaces.resource.CachedBinaryTest
[INFO] Running uk.gov.nationalarchives.droid.core.interfaces.resource.GZipIdentificationRequestTest
[INFO] Tests run: 7, Failures: 0, Errors: 0, Skipped: 0, Time elapsed: 0.052 s - in uk.gov.nationalarchives.droid.core.interfaces.resource.GZipIdentificationRequestTest
[INFO] Running uk.gov.nationalarchives.droid.core.interfaces.archive.SevenZipReaderTest
[INFO] Tests run: 7, Failures: 0, Errors: 0, Skipped: 0, Time elapsed: 0.006 s - in uk.gov.nationalarchives.droid.core.interfaces.archive.SevenZipReaderTest
[INFO] Running uk.gov.nationalarchives.droid.core.interfaces.archive.RarReaderTest
[INFO] Tests run: 7, Failures: 0, Errors: 0, Skipped: 0, Time elapsed: 0.022 s - in uk.gov.nationalarchives.droid.core.interfaces.archive.RarReaderTest
[INFO] Running uk.gov.nationalarchives.droid.core.interfaces.archive.FatArchiveHandlerTest
[ERROR] OpenJDK 64-Bit Server VM warning: Sharing is only supported for boot loader classes because bootstrap classpath has been appended
[INFO] Tests run: 1, Failures: 0, Errors: 0, Skipped: 0, Time elapsed: 1.809 s - in uk.gov.nationalarchives.droid.core.interfaces.archive.FatArchiveHandlerTest
[INFO] Running uk.gov.nationalarchives.droid.core.interfaces.archive.ArchiveFormatResolverImplTest
[WARNING] Tests run: 1, Failures: 0, Errors: 0, Skipped: 1, Time elapsed: 0.001 s - in uk.gov.nationalarchives.droid.core.interfaces.archive.ArchiveFormatResolverImplTest
[INFO] Running uk.gov.nationalarchives.droid.core.interfaces.archive.ISOImageArchiveHandlerTest
2023-02-11T12:04:34,542  INFO [main] ISOImageArchiveHandler:112 - Identification request for ISO image ignored due to limited support.
[INFO] Tests run: 5, Failures: 0, Errors: 0, Skipped: 0, Time elapsed: 0.347 s - in uk.gov.nationalarchives.droid.core.interfaces.archive.ISOImageArchiveHandlerTest
[INFO] Running uk.gov.nationalarchives.droid.core.interfaces.archive.TrueZipReaderTest
[INFO] Tests run: 12, Failures: 0, Errors: 0, Skipped: 0, Time elapsed: 0.006 s - in uk.gov.nationalarchives.droid.core.interfaces.archive.TrueZipReaderTest
[INFO] Running uk.gov.nationalarchives.droid.core.interfaces.archive.ArchiveHandlerFactoryTest
[INFO] Tests run: 1, Failures: 0, Errors: 0, Skipped: 0, Time elapsed: 0.038 s - in uk.gov.nationalarchives.droid.core.interfaces.archive.ArchiveHandlerFactoryTest
[INFO] Running uk.gov.nationalarchives.droid.core.interfaces.archive.ArcArchiveHandlerTest
[INFO] Tests run: 1, Failures: 0, Errors: 0, Skipped: 0, Time elapsed: 0.006 s - in uk.gov.nationalarchives.droid.core.interfaces.archive.ArcArchiveHandlerTest
[INFO] Running uk.gov.nationalarchives.droid.core.interfaces.archive.SevenZArchiveHandlerTest
[INFO] Tests run: 1, Failures: 0, Errors: 0, Skipped: 0, Time elapsed: 0.053 s - in uk.gov.nationalarchives.droid.core.interfaces.archive.SevenZArchiveHandlerTest
[INFO] Running uk.gov.nationalarchives.droid.core.interfaces.archive.FatReaderTest
[INFO] Tests run: 11, Failures: 0, Errors: 0, Skipped: 0, Time elapsed: 0.001 s - in uk.gov.nationalarchives.droid.core.interfaces.archive.FatReaderTest
[INFO] Running uk.gov.nationalarchives.droid.core.interfaces.archive.ArchiveFileUtilsTest
[INFO] Tests run: 12, Failures: 0, Errors: 0, Skipped: 0, Time elapsed: 0.012 s - in uk.gov.nationalarchives.droid.core.interfaces.archive.ArchiveFileUtilsTest
[INFO] Running uk.gov.nationalarchives.droid.core.interfaces.archive.RarArchiveHandlerTest
[INFO] Tests run: 2, Failures: 0, Errors: 0, Skipped: 0, Time elapsed: 0.076 s - in uk.gov.nationalarchives.droid.core.interfaces.archive.RarArchiveHandlerTest
[INFO] Running uk.gov.nationalarchives.droid.core.interfaces.archive.BZipArchiveHandlerTest
[INFO] Tests run: 1, Failures: 0, Errors: 0, Skipped: 0, Time elapsed: 0.059 s - in uk.gov.nationalarchives.droid.core.interfaces.archive.BZipArchiveHandlerTest
[INFO] Running uk.gov.nationalarchives.droid.core.interfaces.archive.GZipArchiveHandlerTest
[INFO] Tests run: 1, Failures: 0, Errors: 0, Skipped: 0, Time elapsed: 0.001 s - in uk.gov.nationalarchives.droid.core.interfaces.archive.GZipArchiveHandlerTest
[INFO] Running uk.gov.nationalarchives.droid.core.interfaces.archive.TarArchiveHandlerTest
[INFO] Tests run: 2, Failures: 0, Errors: 0, Skipped: 0, Time elapsed: 0.019 s - in uk.gov.nationalarchives.droid.core.interfaces.archive.TarArchiveHandlerTest
[INFO] Running uk.gov.nationalarchives.droid.core.interfaces.archive.ZipEntryRequestFactoryTest
2023-02-11T12:04:35,218  INFO [main] ZipEntryIdentificationRequest:115 - The zip entry zip:file:/foo.bar!/fu.bah states it is 12345 in length, but reading it produced: 0
[INFO] Tests run: 1, Failures: 0, Errors: 0, Skipped: 0, Time elapsed: 0.09 s - in uk.gov.nationalarchives.droid.core.interfaces.archive.ZipEntryRequestFactoryTest
[INFO] Running uk.gov.nationalarchives.droid.core.interfaces.archive.WarcArchiveHandlerTest
[INFO] Tests run: 1, Failures: 0, Errors: 0, Skipped: 0, Time elapsed: 0.003 s - in uk.gov.nationalarchives.droid.core.interfaces.archive.WarcArchiveHandlerTest
[INFO] Running uk.gov.nationalarchives.droid.core.interfaces.IdentificationRequestFilterTest
2023-02-11T12:04:35,231  WARN [main] IdentificationRequestFilter:372 - No viable file metadata criteria defined - no filtering will be performed.
false
[INFO] Tests run: 43, Failures: 0, Errors: 0, Skipped: 0, Time elapsed: 0.057 s - in uk.gov.nationalarchives.droid.core.interfaces.IdentificationRequestFilterTest
[INFO] Running uk.gov.nationalarchives.droid.core.interfaces.hash.SHA1HashGeneratorTest
[INFO] Tests run: 1, Failures: 0, Errors: 0, Skipped: 0, Time elapsed: 0.065 s - in uk.gov.nationalarchives.droid.core.interfaces.hash.SHA1HashGeneratorTest
[INFO] Running uk.gov.nationalarchives.droid.core.interfaces.hash.SHA256HashGeneratorTest
[INFO] Tests run: 1, Failures: 0, Errors: 0, Skipped: 0, Time elapsed: 0.064 s - in uk.gov.nationalarchives.droid.core.interfaces.hash.SHA256HashGeneratorTest
[INFO] Running uk.gov.nationalarchives.droid.core.interfaces.hash.MD5HashGeneratorTest
[INFO] Tests run: 1, Failures: 0, Errors: 0, Skipped: 0, Time elapsed: 0.019 s - in uk.gov.nationalarchives.droid.core.interfaces.hash.MD5HashGeneratorTest
[INFO] Running uk.gov.nationalarchives.droid.core.interfaces.util.DroidUrlFormatTest
[INFO] Tests run: 2, Failures: 0, Errors: 0, Skipped: 0, Time elapsed: 0.006 s - in uk.gov.nationalarchives.droid.core.interfaces.util.DroidUrlFormatTest
[INFO] Running uk.gov.nationalarchives.droid.core.interfaces.filter.expressions.QueryBuilderTest
[INFO] Tests run: 5, Failures: 0, Errors: 0, Skipped: 0, Time elapsed: 0.003 s - in uk.gov.nationalarchives.droid.core.interfaces.filter.expressions.QueryBuilderTest
[INFO] Running uk.gov.nationalarchives.droid.core.interfaces.filter.RestrictionFactoryTest
[INFO] Tests run: 7, Failures: 0, Errors: 0, Skipped: 0, Time elapsed: 0.077 s - in uk.gov.nationalarchives.droid.core.interfaces.filter.RestrictionFactoryTest
[INFO] Running uk.gov.nationalarchives.droid.core.interfaces.filter.StringListParserTest
[INFO] Tests run: 9, Failures: 0, Errors: 0, Skipped: 0, Time elapsed: 0.001 s - in uk.gov.nationalarchives.droid.core.interfaces.filter.StringListParserTest
[INFO] Running uk.gov.nationalarchives.droid.core.interfaces.filter.BasicFilterCriterionTest
[INFO] Tests run: 3, Failures: 0, Errors: 0, Skipped: 0, Time elapsed: 0 s - in uk.gov.nationalarchives.droid.core.interfaces.filter.BasicFilterCriterionTest
[INFO] Running uk.gov.nationalarchives.droid.core.interfaces.filter.BasicFilterTest
[INFO] Tests run: 10, Failures: 0, Errors: 0, Skipped: 0, Time elapsed: 0.001 s - in uk.gov.nationalarchives.droid.core.interfaces.filter.BasicFilterTest
[INFO] 
[INFO] Results:
[INFO] 
[WARNING] Tests run: 179, Failures: 0, Errors: 0, Skipped: 2
[INFO] 
[INFO] 
[INFO] -----------------< uk.gov.nationalarchives:droid-core >-----------------
[INFO] Building droid-core 6.6-SNAPSHOT                                  [4/16]
[INFO] --------------------------------[ jar ]---------------------------------
[INFO] 
[INFO] --- maven-clean-plugin:2.5:clean (default-clean) @ droid-core ---
[INFO] Deleting /home/gabsko/breaking-updates/droid-core/target
[INFO] 
[INFO] --- maven-enforcer-plugin:1.2:enforce (enforce-maven) @ droid-core ---
[INFO] 
[INFO] --- buildversion-plugin:1.0.3:set-properties (default) @ droid-core ---
[INFO] 
[INFO] --- jacoco-maven-plugin:0.8.7:prepare-agent (default-prepare-agent) @ droid-core ---
[INFO] jacocoArgLine set to -javaagent:/home/gabsko/.m2/repository/org/jacoco/org.jacoco.agent/0.8.7/org.jacoco.agent-0.8.7-runtime.jar=destfile=/home/gabsko/breaking-updates/droid-core/target/jacoco.exec
[INFO] 
[INFO] --- maven-resources-plugin:3.1.0:resources (default-resources) @ droid-core ---
[INFO] Using 'UTF-8' encoding to copy filtered resources.
[INFO] Copying 1 resource
[INFO] 
[INFO] --- maven-compiler-plugin:3.10.1:compile (default-compile) @ droid-core ---
[INFO] Changes detected - recompiling the module!
[INFO] Compiling 28 source files to /home/gabsko/breaking-updates/droid-core/target/classes
[INFO] /home/gabsko/breaking-updates/droid-core/src/main/java/uk/gov/nationalarchives/droid/core/signature/droid6/FFSignatureFile.java: /home/gabsko/breaking-updates/droid-core/src/main/java/uk/gov/nationalarchives/droid/core/signature/droid6/FFSignatureFile.java uses or overrides a deprecated API.
[INFO] /home/gabsko/breaking-updates/droid-core/src/main/java/uk/gov/nationalarchives/droid/core/signature/droid6/FFSignatureFile.java: Recompile with -Xlint:deprecation for details.
[INFO] /home/gabsko/breaking-updates/droid-core/src/main/java/uk/gov/nationalarchives/droid/core/signature/droid6/SubSequence.java: Some input files use unchecked or unsafe operations.
[INFO] /home/gabsko/breaking-updates/droid-core/src/main/java/uk/gov/nationalarchives/droid/core/signature/droid6/SubSequence.java: Recompile with -Xlint:unchecked for details.
[INFO] 
[INFO] --- maven-checkstyle-plugin:3.1.2:checkstyle (basicstyles) @ droid-core ---
[WARNING] Unable to locate Source XRef to link to - DISABLED
[INFO] 
[INFO] --- maven-checkstyle-plugin:3.1.2:check (basicstyles) @ droid-core ---
[INFO] You have 0 Checkstyle violations.
[INFO] 
[INFO] --- maven-resources-plugin:3.1.0:testResources (default-testResources) @ droid-core ---
[INFO] Using 'UTF-8' encoding to copy filtered resources.
[INFO] Copying 2 resources
[INFO] 
[INFO] --- maven-compiler-plugin:3.10.1:testCompile (default-testCompile) @ droid-core ---
[INFO] Changes detected - recompiling the module!
[INFO] Compiling 13 source files to /home/gabsko/breaking-updates/droid-core/target/test-classes
[INFO] 
[INFO] --- maven-surefire-plugin:3.0.0-M5:test (default-test) @ droid-core ---
[INFO] 
[INFO] -------------------------------------------------------
[INFO]  T E S T S
[INFO] -------------------------------------------------------
[INFO] Running uk.gov.nationalarchives.droid.core.ReverseScanBugFixTest
[INFO] Tests run: 1, Failures: 0, Errors: 0, Skipped: 0, Time elapsed: 0.63 s - in uk.gov.nationalarchives.droid.core.ReverseScanBugFixTest
[INFO] Running uk.gov.nationalarchives.droid.core.Droid4LegacyDroidTest
[INFO] Tests run: 2, Failures: 0, Errors: 0, Skipped: 0, Time elapsed: 0.282 s - in uk.gov.nationalarchives.droid.core.Droid4LegacyDroidTest
[INFO] Running uk.gov.nationalarchives.droid.core.BofEofOffsetBugFixTest
[INFO] Tests run: 1, Failures: 0, Errors: 0, Skipped: 0, Time elapsed: 0.004 s - in uk.gov.nationalarchives.droid.core.BofEofOffsetBugFixTest
[INFO] Running uk.gov.nationalarchives.droid.core.ThreadPoolExecutorTest
Exception in thread "Thread-3" java.util.concurrent.RejectedExecutionException: Executor has been shut down.
	at uk.gov.nationalarchives.droid.core.interfaces.BlockingThreadPoolExecutorFactory$CallerRunsUnlessPoolShutdownPolicy.rejectedExecution(BlockingThreadPoolExecutorFactory.java:83)
	at java.base/java.util.concurrent.ThreadPoolExecutor.reject(ThreadPoolExecutor.java:825)
	at java.base/java.util.concurrent.ThreadPoolExecutor.execute(ThreadPoolExecutor.java:1355)
	at java.base/java.util.concurrent.AbstractExecutorService.submit(AbstractExecutorService.java:140)
	at uk.gov.nationalarchives.droid.core.ThreadPoolExecutorTest$2.run(ThreadPoolExecutorTest.java:121)
[INFO] Tests run: 3, Failures: 0, Errors: 0, Skipped: 0, Time elapsed: 0.118 s - in uk.gov.nationalarchives.droid.core.ThreadPoolExecutorTest
[INFO] Running uk.gov.nationalarchives.droid.core.AnyBitmaskBugFixTest
[INFO] Tests run: 1, Failures: 0, Errors: 0, Skipped: 0, Time elapsed: 0.003 s - in uk.gov.nationalarchives.droid.core.AnyBitmaskBugFixTest
[INFO] Running uk.gov.nationalarchives.droid.core.signature.droid6.FragmentRewriterTest
[INFO] Tests run: 4, Failures: 0, Errors: 0, Skipped: 0, Time elapsed: 0.007 s - in uk.gov.nationalarchives.droid.core.signature.droid6.FragmentRewriterTest
[INFO] Running uk.gov.nationalarchives.droid.core.signature.compiler.ByteSequenceSerializerTest
[01 'abc']	(01|61|62|63)	[01'abc']
02{2}[01:1C][01:1F]{2}[00:03]([41:5A]|[61:7A]){10}(43|4c|4e)	02{2}[01:1C][01:1F]{2}[00:03]([41:5A]|[61:7A]){10}(43|4c|4e)	02{2}[01:1C][01:1F]{2}[00:03]['A':'Z''a':'z']{10}['CLN']
<ByteSequence Reference="BOFoffset"><SubSequence Position="1" SubSeqMaxOffset="1024" SubSeqMinOffset="40"><Sequence>10000000576F72642E446F63756D656E742E3800</Sequence></SubSequence></ByteSequence>
<ByteSequence Reference="BOFoffset"><SubSequence Position="1" SubSeqMaxOffset="1024" SubSeqMinOffset="40"><Sequence>10000000'Word.Document.8'00</Sequence></SubSequence></ByteSequence>
<ByteSequence Reference="BOFoffset"><SubSequence Position="1" SubSeqMaxOffset="1024" SubSeqMinOffset="40"><Sequence>10000000576F72642E446F63756D656E742E3800</Sequence></SubSequence></ByteSequence>
<ByteSequence Reference="BOFoffset"><SubSequence Position="1" SubSeqMaxOffset="1024" SubSeqMinOffset="40"><Sequence>10000000'Word.Document.8'00</Sequence></SubSequence></ByteSequence>
[INFO] Tests run: 5, Failures: 0, Errors: 0, Skipped: 0, Time elapsed: 0.332 s - in uk.gov.nationalarchives.droid.core.signature.compiler.ByteSequenceSerializerTest
[INFO] Running uk.gov.nationalarchives.droid.core.signature.compiler.ByteSequenceCompilerTest
[INFO] Tests run: 102, Failures: 0, Errors: 0, Skipped: 0, Time elapsed: 1.05 s - in uk.gov.nationalarchives.droid.core.signature.compiler.ByteSequenceCompilerTest
[INFO] Running uk.gov.nationalarchives.droid.core.signature.compiler.ByteSequenceParserTest
[INFO] Tests run: 62, Failures: 0, Errors: 0, Skipped: 0, Time elapsed: 0.331 s - in uk.gov.nationalarchives.droid.core.signature.compiler.ByteSequenceParserTest
[INFO] Running uk.gov.nationalarchives.droid.core.SkeletonSuiteTest
[INFO] Tests run: 1, Failures: 0, Errors: 0, Skipped: 0, Time elapsed: 2.587 s - in uk.gov.nationalarchives.droid.core.SkeletonSuiteTest
[INFO] Running uk.gov.nationalarchives.droid.core.fragments.LeftFragmentVariableOffsetTest
[INFO] Tests run: 4, Failures: 0, Errors: 0, Skipped: 0, Time elapsed: 0.003 s - in uk.gov.nationalarchives.droid.core.fragments.LeftFragmentVariableOffsetTest
[INFO] Running uk.gov.nationalarchives.droid.core.fragments.RightFragmentVariableOffsetTest
[INFO] Tests run: 5, Failures: 0, Errors: 0, Skipped: 0, Time elapsed: 0.004 s - in uk.gov.nationalarchives.droid.core.fragments.RightFragmentVariableOffsetTest
[INFO] Running uk.gov.nationalarchives.droid.core.IdentificationRequestByteWrapperAdapterTest
[INFO] Tests run: 15, Failures: 0, Errors: 0, Skipped: 0, Time elapsed: 0.569 s - in uk.gov.nationalarchives.droid.core.IdentificationRequestByteWrapperAdapterTest
[INFO] 
[INFO] Results:
[INFO] 
[INFO] Tests run: 206, Failures: 0, Errors: 0, Skipped: 0
[INFO] 
[INFO] 
[INFO] ----------< uk.gov.nationalarchives:droid-export-interfaces >-----------
[INFO] Building droid-export-interfaces 6.6-SNAPSHOT                     [5/16]
[INFO] --------------------------------[ jar ]---------------------------------
[INFO] 
[INFO] --- maven-clean-plugin:2.5:clean (default-clean) @ droid-export-interfaces ---
[INFO] Deleting /home/gabsko/breaking-updates/droid-export-interfaces/target
[INFO] 
[INFO] --- maven-enforcer-plugin:1.2:enforce (enforce-maven) @ droid-export-interfaces ---
[INFO] 
[INFO] --- buildversion-plugin:1.0.3:set-properties (default) @ droid-export-interfaces ---
[INFO] 
[INFO] --- jacoco-maven-plugin:0.8.7:prepare-agent (default-prepare-agent) @ droid-export-interfaces ---
[INFO] jacocoArgLine set to -javaagent:/home/gabsko/.m2/repository/org/jacoco/org.jacoco.agent/0.8.7/org.jacoco.agent-0.8.7-runtime.jar=destfile=/home/gabsko/breaking-updates/droid-export-interfaces/target/jacoco.exec
[INFO] 
[INFO] --- maven-resources-plugin:3.1.0:resources (default-resources) @ droid-export-interfaces ---
[INFO] Using 'UTF-8' encoding to copy filtered resources.
[INFO] skip non existing resourceDirectory /home/gabsko/breaking-updates/droid-export-interfaces/src/main/resources
[INFO] 
[INFO] --- maven-compiler-plugin:3.10.1:compile (default-compile) @ droid-export-interfaces ---
[INFO] Changes detected - recompiling the module!
[INFO] Compiling 8 source files to /home/gabsko/breaking-updates/droid-export-interfaces/target/classes
[INFO] 
[INFO] --- maven-checkstyle-plugin:3.1.2:checkstyle (basicstyles) @ droid-export-interfaces ---
[WARNING] Unable to locate Source XRef to link to - DISABLED
[INFO] 
[INFO] --- maven-checkstyle-plugin:3.1.2:check (basicstyles) @ droid-export-interfaces ---
[INFO] You have 0 Checkstyle violations.
[INFO] 
[INFO] --- maven-resources-plugin:3.1.0:testResources (default-testResources) @ droid-export-interfaces ---
[INFO] Using 'UTF-8' encoding to copy filtered resources.
[INFO] skip non existing resourceDirectory /home/gabsko/breaking-updates/droid-export-interfaces/src/test/resources
[INFO] 
[INFO] --- maven-compiler-plugin:3.10.1:testCompile (default-testCompile) @ droid-export-interfaces ---
[INFO] No sources to compile
[INFO] 
[INFO] --- maven-surefire-plugin:3.0.0-M5:test (default-test) @ droid-export-interfaces ---
[INFO] No tests to run.
[INFO] 
[INFO] --------------< uk.gov.nationalarchives:droid-container >---------------
[INFO] Building droid-container 6.6-SNAPSHOT                             [6/16]
[INFO] --------------------------------[ jar ]---------------------------------
[INFO] 
[INFO] --- maven-clean-plugin:2.5:clean (default-clean) @ droid-container ---
[INFO] Deleting /home/gabsko/breaking-updates/droid-container/target
[INFO] 
[INFO] --- maven-enforcer-plugin:1.2:enforce (enforce-maven) @ droid-container ---
[INFO] 
[INFO] --- buildversion-plugin:1.0.3:set-properties (default) @ droid-container ---
[INFO] 
[INFO] --- jacoco-maven-plugin:0.8.7:prepare-agent (default-prepare-agent) @ droid-container ---
[INFO] jacocoArgLine set to -javaagent:/home/gabsko/.m2/repository/org/jacoco/org.jacoco.agent/0.8.7/org.jacoco.agent-0.8.7-runtime.jar=destfile=/home/gabsko/breaking-updates/droid-container/target/jacoco.exec
[INFO] 
[INFO] --- maven-resources-plugin:3.1.0:resources (default-resources) @ droid-container ---
[INFO] Using 'UTF-8' encoding to copy filtered resources.
[INFO] Copying 1 resource
[INFO] 
[INFO] --- maven-compiler-plugin:3.10.1:compile (default-compile) @ droid-container ---
[INFO] Changes detected - recompiling the module!
[INFO] Compiling 24 source files to /home/gabsko/breaking-updates/droid-container/target/classes
[INFO] /home/gabsko/breaking-updates/droid-container/src/main/java/uk/gov/nationalarchives/droid/container/BinarySignatureXMLParser.java: /home/gabsko/breaking-updates/droid-container/src/main/java/uk/gov/nationalarchives/droid/container/BinarySignatureXMLParser.java uses or overrides a deprecated API.
[INFO] /home/gabsko/breaking-updates/droid-container/src/main/java/uk/gov/nationalarchives/droid/container/BinarySignatureXMLParser.java: Recompile with -Xlint:deprecation for details.
[INFO] /home/gabsko/breaking-updates/droid-container/src/main/java/uk/gov/nationalarchives/droid/container/BinarySignatureXMLParser.java: Some input files use unchecked or unsafe operations.
[INFO] /home/gabsko/breaking-updates/droid-container/src/main/java/uk/gov/nationalarchives/droid/container/BinarySignatureXMLParser.java: Recompile with -Xlint:unchecked for details.
[INFO] 
[INFO] --- maven-checkstyle-plugin:3.1.2:checkstyle (basicstyles) @ droid-container ---
[WARNING] Unable to locate Source XRef to link to - DISABLED
[INFO] 
[INFO] --- maven-checkstyle-plugin:3.1.2:check (basicstyles) @ droid-container ---
[INFO] You have 0 Checkstyle violations.
[INFO] 
[INFO] --- maven-resources-plugin:3.1.0:testResources (default-testResources) @ droid-container ---
[INFO] Using 'UTF-8' encoding to copy filtered resources.
[INFO] Copying 8 resources
[INFO] 
[INFO] --- maven-compiler-plugin:3.10.1:testCompile (default-testCompile) @ droid-container ---
[INFO] Changes detected - recompiling the module!
[INFO] Compiling 8 source files to /home/gabsko/breaking-updates/droid-container/target/test-classes
[INFO] /home/gabsko/breaking-updates/droid-container/src/test/java/uk/gov/nationalarchives/droid/container/legacy/Droid4BinarySignatureMatcherTest.java: /home/gabsko/breaking-updates/droid-container/src/test/java/uk/gov/nationalarchives/droid/container/legacy/Droid4BinarySignatureMatcherTest.java uses or overrides a deprecated API.
[INFO] /home/gabsko/breaking-updates/droid-container/src/test/java/uk/gov/nationalarchives/droid/container/legacy/Droid4BinarySignatureMatcherTest.java: Recompile with -Xlint:deprecation for details.
[INFO] 
[INFO] --- maven-surefire-plugin:3.0.0-M5:test (default-test) @ droid-container ---
[INFO] 
[INFO] -------------------------------------------------------
[INFO]  T E S T S
[INFO] -------------------------------------------------------
[INFO] Running uk.gov.nationalarchives.droid.container.ContainerSignatureMatchTest
[INFO] Tests run: 5, Failures: 0, Errors: 0, Skipped: 0, Time elapsed: 1.443 s - in uk.gov.nationalarchives.droid.container.ContainerSignatureMatchTest
[INFO] Running uk.gov.nationalarchives.droid.container.ooxml.OoXmlIdentifierTest
[WARNING] Tests run: 1, Failures: 0, Errors: 0, Skipped: 1, Time elapsed: 0 s - in uk.gov.nationalarchives.droid.container.ooxml.OoXmlIdentifierTest
[INFO] Running uk.gov.nationalarchives.droid.container.OdfSignatureParserTest
[INFO] Tests run: 1, Failures: 0, Errors: 0, Skipped: 0, Time elapsed: 0.27 s - in uk.gov.nationalarchives.droid.container.OdfSignatureParserTest
[INFO] Running uk.gov.nationalarchives.droid.container.ContainerSignatureSaxParserTest
[INFO] Tests run: 2, Failures: 0, Errors: 0, Skipped: 0, Time elapsed: 0.074 s - in uk.gov.nationalarchives.droid.container.ContainerSignatureSaxParserTest
[INFO] Running uk.gov.nationalarchives.droid.container.odf.OdfIdentifierTest
[WARNING] Tests run: 3, Failures: 0, Errors: 0, Skipped: 1, Time elapsed: 0.641 s - in uk.gov.nationalarchives.droid.container.odf.OdfIdentifierTest
[INFO] Running uk.gov.nationalarchives.droid.container.ole2.Ole2RootFileTest
[INFO] Tests run: 7, Failures: 0, Errors: 0, Skipped: 0, Time elapsed: 0.642 s - in uk.gov.nationalarchives.droid.container.ole2.Ole2RootFileTest
[INFO] Running uk.gov.nationalarchives.droid.container.httpservice.ContainerSignatureHttpServiceTest
[WARNING] Tests run: 4, Failures: 0, Errors: 0, Skipped: 2, Time elapsed: 1.82 s - in uk.gov.nationalarchives.droid.container.httpservice.ContainerSignatureHttpServiceTest
[INFO] Running uk.gov.nationalarchives.droid.container.legacy.Droid4BinarySignatureMatcherTest
[INFO] Tests run: 1, Failures: 0, Errors: 0, Skipped: 0, Time elapsed: 0.012 s - in uk.gov.nationalarchives.droid.container.legacy.Droid4BinarySignatureMatcherTest
[INFO] 
[INFO] Results:
[INFO] 
[WARNING] Tests run: 24, Failures: 0, Errors: 0, Skipped: 4
[INFO] 
[INFO] 
[INFO] ---------------< uk.gov.nationalarchives:droid-results >----------------
[INFO] Building droid-results 6.6-SNAPSHOT                               [7/16]
[INFO] --------------------------------[ jar ]---------------------------------
[INFO] 
[INFO] --- maven-clean-plugin:2.5:clean (default-clean) @ droid-results ---
[INFO] Deleting /home/gabsko/breaking-updates/droid-results/target
[INFO] 
[INFO] --- maven-enforcer-plugin:1.2:enforce (enforce-maven) @ droid-results ---
[INFO] 
[INFO] --- maven-resources-plugin:3.1.0:copy-resources (copy-resources) @ droid-results ---
[INFO] Using 'UTF-8' encoding to copy filtered resources.
[INFO] Copying 103 resources
[INFO] 
[INFO] --- buildversion-plugin:1.0.3:set-properties (default) @ droid-results ---
[INFO] 
[INFO] --- jacoco-maven-plugin:0.8.7:prepare-agent (default-prepare-agent) @ droid-results ---
[INFO] jacocoArgLine set to -javaagent:/home/gabsko/.m2/repository/org/jacoco/org.jacoco.agent/0.8.7/org.jacoco.agent-0.8.7-runtime.jar=destfile=/home/gabsko/breaking-updates/droid-results/target/jacoco.exec
[INFO] 
[INFO] --- maven-resources-plugin:3.1.0:resources (default-resources) @ droid-results ---
[INFO] Using 'UTF-8' encoding to copy filtered resources.
[INFO] Copying 10 resources
[INFO] 
[INFO] --- maven-compiler-plugin:3.10.1:compile (default-compile) @ droid-results ---
[INFO] Changes detected - recompiling the module!
[INFO] Compiling 111 source files to /home/gabsko/breaking-updates/droid-results/target/classes
[INFO] /home/gabsko/breaking-updates/droid-results/src/main/java/uk/gov/nationalarchives/droid/signature/PronomSignatureService.java: Some input files use or override a deprecated API.
[INFO] /home/gabsko/breaking-updates/droid-results/src/main/java/uk/gov/nationalarchives/droid/signature/PronomSignatureService.java: Recompile with -Xlint:deprecation for details.
[INFO] /home/gabsko/breaking-updates/droid-results/src/main/java/uk/gov/nationalarchives/droid/profile/JDBCProfileDao.java: Some input files use unchecked or unsafe operations.
[INFO] /home/gabsko/breaking-updates/droid-results/src/main/java/uk/gov/nationalarchives/droid/profile/JDBCProfileDao.java: Recompile with -Xlint:unchecked for details.
[INFO] 
[INFO] --- maven-checkstyle-plugin:3.1.2:checkstyle (basicstyles) @ droid-results ---
[WARNING] Unable to locate Source XRef to link to - DISABLED
[INFO] 
[INFO] --- maven-checkstyle-plugin:3.1.2:check (basicstyles) @ droid-results ---
[INFO] You have 0 Checkstyle violations.
[INFO] 
[INFO] --- maven-resources-plugin:3.1.0:testResources (default-testResources) @ droid-results ---
[INFO] Using 'UTF-8' encoding to copy filtered resources.
[INFO] Copying 17 resources
[INFO] 
[INFO] --- maven-compiler-plugin:3.10.1:testCompile (default-testCompile) @ droid-results ---
[INFO] Changes detected - recompiling the module!
[INFO] Compiling 28 source files to /home/gabsko/breaking-updates/droid-results/target/test-classes
[INFO] /home/gabsko/breaking-updates/droid-results/src/test/java/uk/gov/nationalarchives/droid/submitter/FileWalkerTest.java: Some input files use or override a deprecated API.
[INFO] /home/gabsko/breaking-updates/droid-results/src/test/java/uk/gov/nationalarchives/droid/submitter/FileWalkerTest.java: Recompile with -Xlint:deprecation for details.
[INFO] /home/gabsko/breaking-updates/droid-results/src/test/java/uk/gov/nationalarchives/droid/profile/ProfileManagerIntegrationTest.java: Some input files use unchecked or unsafe operations.
[INFO] /home/gabsko/breaking-updates/droid-results/src/test/java/uk/gov/nationalarchives/droid/profile/ProfileManagerIntegrationTest.java: Recompile with -Xlint:unchecked for details.
[INFO] 
[INFO] --- maven-surefire-plugin:3.0.0-M5:test (default-test) @ droid-results ---
[INFO] 
[INFO] -------------------------------------------------------
[INFO]  T E S T S
[INFO] -------------------------------------------------------
[INFO] Running uk.gov.nationalarchives.droid.report.dao.JpaReportDaoTest
Feb 11, 2023 12:04:59 PM org.springframework.test.context.support.DefaultTestContextBootstrapper getDefaultTestExecutionListenerClassNames
INFO: Loaded default TestExecutionListener class names from location [META-INF/spring.factories]: [org.springframework.test.context.web.ServletTestExecutionListener, org.springframework.test.context.support.DirtiesContextBeforeModesTestExecutionListener, org.springframework.test.context.event.ApplicationEventsTestExecutionListener, org.springframework.test.context.support.DependencyInjectionTestExecutionListener, org.springframework.test.context.support.DirtiesContextTestExecutionListener, org.springframework.test.context.transaction.TransactionalTestExecutionListener, org.springframework.test.context.jdbc.SqlScriptsTestExecutionListener, org.springframework.test.context.event.EventPublishingTestExecutionListener]
Feb 11, 2023 12:04:59 PM org.springframework.test.context.support.DefaultTestContextBootstrapper getTestExecutionListeners
INFO: Using TestExecutionListeners: [org.springframework.test.context.support.DirtiesContextBeforeModesTestExecutionListener@5a7df831, org.springframework.test.context.event.ApplicationEventsTestExecutionListener@667dcaad, org.springframework.test.context.support.DependencyInjectionTestExecutionListener@22d7fd41, org.springframework.test.context.support.DirtiesContextTestExecutionListener@2c748a15, org.springframework.test.context.transaction.TransactionalTestExecutionListener@19fd43da, org.springframework.test.context.jdbc.SqlScriptsTestExecutionListener@115dcaea, org.springframework.test.context.event.EventPublishingTestExecutionListener@cfd1075]
2023-02-11T12:05:00,658  WARN [main] DriverDataSource:68 - Registered driver with driverClassName=org.apache.derby.jdbc.EmbeddedDriver was not found, trying direct instantiation.
2023-02-11T12:05:01,942  WARN [main] DriverDataSource:68 - Registered driver with driverClassName=org.apache.derby.jdbc.EmbeddedDriver was not found, trying direct instantiation.
GroupBy Value:   Count:23   Average:1116117.0   Sum:25670702  Max:  16857600   Min:   614
GroupBy Value:2003   Count:1   Average:118784.0   Sum:118784  Max:  118784   Min:   118784
GroupBy Value:2004   Count:5   Average:9645.0   Sum:48226  Max:  12288   Min:   6242
GroupBy Value:2006   Count:1   Average:282624.0   Sum:282624  Max:  282624   Min:   282624
GroupBy Value:2007   Count:4   Average:739328.0   Sum:2957312  Max:  1363968   Min:   139264
GroupBy Value:2008   Count:4   Average:5388828.0   Sum:21555313  Max:  16857600   Min:   1845
GroupBy Value:2009   Count:7   Average:100019.0   Sum:700139  Max:  276480   Min:   614
GroupBy Value:2010   Count:1   Average:8304.0   Sum:8304  Max:  8304   Min:   8304
GroupBy Value:Extensible Markup Language   Count:1   Average:8304.0   Sum:8304  Max:  8304   Min:   8304
GroupBy Value:Microsoft Powerpoint Presentation   Count:2   Average:12288.0   Sum:24576  Max:  12288   Min:   12288
GroupBy Value:Microsoft Word for Windows Document   Count:1   Average:276480.0   Sum:276480  Max:  276480   Min:   276480
GroupBy Value:Plain Text File   Count:5   Average:4697.0   Sum:23486  Max:  12933   Min:   614
GroupBy Value:Windows Portable Executable   Count:7   Average:3541650.0   Sum:24791552  Max:  16857600   Min:   139264
GroupBy Value:   Count:7   Average:78043.0   Sum:546304  Max:  256000   Min:   8704
GroupBy Value:PPT   Count:2   Average:12288.0   Sum:24576  Max:  12288   Min:   12288
GroupBy Value:XLS   Count:3   Average:45397.0   Sum:136192  Max:  118784   Min:   8704
GroupBy Value:cpl   Count:1   Average:282624.0   Sum:282624  Max:  282624   Min:   282624
GroupBy Value:dll   Count:2   Average:200704.0   Sum:401408  Max:  262144   Min:   139264
GroupBy Value:doc   Count:5   Average:137318.0   Sum:686592  Max:  276480   Min:   40960
GroupBy Value:exe   Count:3   Average:6471168.0   Sum:19413504  Max:  16857600   Min:   1191936
GroupBy Value:sys   Count:1   Average:4694016.0   Sum:4694016  Max:  4694016   Min:   4694016
GroupBy Value:txt   Count:5   Average:4697.0   Sum:23486  Max:  12933   Min:   614
GroupBy Value:xml   Count:1   Average:8304.0   Sum:8304  Max:  8304   Min:   8304
GroupBy Value:   Count:0   Average:null   Sum:null  Max:  null   Min:   null
[INFO] Tests run: 14, Failures: 0, Errors: 0, Skipped: 0, Time elapsed: 9.551 s - in uk.gov.nationalarchives.droid.report.dao.JpaReportDaoTest
[INFO] Running uk.gov.nationalarchives.droid.planet.xml.dao.JpaPlanetsXMLDaoTest
Feb 11, 2023 12:05:09 PM org.springframework.test.context.support.DefaultTestContextBootstrapper getDefaultTestExecutionListenerClassNames
INFO: Loaded default TestExecutionListener class names from location [META-INF/spring.factories]: [org.springframework.test.context.web.ServletTestExecutionListener, org.springframework.test.context.support.DirtiesContextBeforeModesTestExecutionListener, org.springframework.test.context.event.ApplicationEventsTestExecutionListener, org.springframework.test.context.support.DependencyInjectionTestExecutionListener, org.springframework.test.context.support.DirtiesContextTestExecutionListener, org.springframework.test.context.transaction.TransactionalTestExecutionListener, org.springframework.test.context.jdbc.SqlScriptsTestExecutionListener, org.springframework.test.context.event.EventPublishingTestExecutionListener]
Feb 11, 2023 12:05:09 PM org.springframework.test.context.support.DefaultTestContextBootstrapper getTestExecutionListeners
INFO: Using TestExecutionListeners: [org.springframework.test.context.support.DirtiesContextBeforeModesTestExecutionListener@1b5becaf, org.springframework.test.context.event.ApplicationEventsTestExecutionListener@566ce47e, org.springframework.test.context.support.DependencyInjectionTestExecutionListener@14a69742, org.springframework.test.context.support.DirtiesContextTestExecutionListener@755a95f2, org.springframework.test.context.transaction.TransactionalTestExecutionListener@31202162, org.springframework.test.context.jdbc.SqlScriptsTestExecutionListener@de6c2c, org.springframework.test.context.event.EventPublishingTestExecutionListener@2062f7f2]
[INFO] Tests run: 2, Failures: 0, Errors: 0, Skipped: 0, Time elapsed: 0.335 s - in uk.gov.nationalarchives.droid.planet.xml.dao.JpaPlanetsXMLDaoTest
[INFO] Running uk.gov.nationalarchives.droid.util.FileUtilTest
[INFO] Tests run: 1, Failures: 0, Errors: 0, Skipped: 0, Time elapsed: 0.011 s - in uk.gov.nationalarchives.droid.util.FileUtilTest
[INFO] Running uk.gov.nationalarchives.droid.signature.SignatureManagerImplTest
2023-02-11T12:05:10,218  WARN [main] SignatureManagerImpl:163 - Unreadable signature file [test_sig_files/container-signature.xml]
2023-02-11T12:05:10,219  WARN [main] SignatureManagerImpl:163 - Unreadable signature file [test_sig_files/not_valid_sig_file.xml]
2023-02-11T12:05:10,227  WARN [main] SignatureManagerImpl:163 - Unreadable signature file [test_sig_files/container-signature.xml]
2023-02-11T12:05:10,228  WARN [main] SignatureManagerImpl:163 - Unreadable signature file [test_sig_files/not_valid_sig_file.xml]
2023-02-11T12:05:10,247  WARN [main] SignatureManagerImpl:163 - Unreadable signature file [test_sig_files/container-signature.xml]
2023-02-11T12:05:10,249  WARN [main] SignatureManagerImpl:163 - Unreadable signature file [test_sig_files/not_valid_sig_file.xml]
2023-02-11T12:05:10,259  WARN [main] SignatureManagerImpl:163 - Unreadable signature file [test_sig_files/container-signature.xml]
2023-02-11T12:05:10,261  WARN [main] SignatureManagerImpl:163 - Unreadable signature file [test_sig_files/not_valid_sig_file.xml]
2023-02-11T12:05:10,269  WARN [main] SignatureManagerImpl:163 - Unreadable signature file [test_sig_files/container-signature.xml]
2023-02-11T12:05:10,270  WARN [main] SignatureManagerImpl:163 - Unreadable signature file [test_sig_files/not_valid_sig_file.xml]
[WARNING] Tests run: 8, Failures: 0, Errors: 0, Skipped: 2, Time elapsed: 0.915 s - in uk.gov.nationalarchives.droid.signature.SignatureManagerImplTest
[INFO] Running uk.gov.nationalarchives.droid.signature.PronomSignatureServiceTest
Feb 11, 2023 12:05:10 PM org.springframework.test.context.support.DefaultTestContextBootstrapper getDefaultTestExecutionListenerClassNames
INFO: Loaded default TestExecutionListener class names from location [META-INF/spring.factories]: [org.springframework.test.context.web.ServletTestExecutionListener, org.springframework.test.context.support.DirtiesContextBeforeModesTestExecutionListener, org.springframework.test.context.event.ApplicationEventsTestExecutionListener, org.springframework.test.context.support.DependencyInjectionTestExecutionListener, org.springframework.test.context.support.DirtiesContextTestExecutionListener, org.springframework.test.context.transaction.TransactionalTestExecutionListener, org.springframework.test.context.jdbc.SqlScriptsTestExecutionListener, org.springframework.test.context.event.EventPublishingTestExecutionListener]
Feb 11, 2023 12:05:10 PM org.springframework.test.context.support.DefaultTestContextBootstrapper getTestExecutionListeners
INFO: Using TestExecutionListeners: [org.springframework.test.context.support.DirtiesContextBeforeModesTestExecutionListener@2c2f5416, org.springframework.test.context.event.ApplicationEventsTestExecutionListener@7c534b56, org.springframework.test.context.support.DependencyInjectionTestExecutionListener@2d0c1399, org.springframework.test.context.support.DirtiesContextTestExecutionListener@7c2d2120, org.springframework.test.context.transaction.TransactionalTestExecutionListener@2a744557, org.springframework.test.context.jdbc.SqlScriptsTestExecutionListener@4c9ba2b4, org.springframework.test.context.event.EventPublishingTestExecutionListener@1c6e065]
[WARNING] Tests run: 4, Failures: 0, Errors: 0, Skipped: 2, Time elapsed: 2.968 s - in uk.gov.nationalarchives.droid.signature.PronomSignatureServiceTest
[INFO] Running uk.gov.nationalarchives.droid.signature.SignatureFileParserTest
[WARNING] Tests run: 5, Failures: 0, Errors: 0, Skipped: 1, Time elapsed: 0.061 s - in uk.gov.nationalarchives.droid.signature.SignatureFileParserTest
[INFO] Running uk.gov.nationalarchives.droid.RuntimeConfigTest
[INFO] Tests run: 2, Failures: 0, Errors: 0, Skipped: 0, Time elapsed: 0.006 s - in uk.gov.nationalarchives.droid.RuntimeConfigTest
[INFO] Running uk.gov.nationalarchives.droid.profile.config.DroidGlobalConfigTest
[INFO] Tests run: 5, Failures: 0, Errors: 0, Skipped: 0, Time elapsed: 0.048 s - in uk.gov.nationalarchives.droid.profile.config.DroidGlobalConfigTest
[INFO] Running uk.gov.nationalarchives.droid.profile.ProfileDiskActionTest
2023-02-11T12:05:13,380  INFO [main] ProfileDiskAction:87 - Saving profile [/tmp/junit3787729224126743137/profiles/profileToSave] to [/tmp/junit3787729224126743137/destination/saved.drd]
[INFO] Tests run: 2, Failures: 0, Errors: 0, Skipped: 0, Time elapsed: 0.041 s - in uk.gov.nationalarchives.droid.profile.ProfileDiskActionTest
[INFO] Running uk.gov.nationalarchives.droid.profile.SqlUtilsTest
[INFO] Tests run: 1, Failures: 0, Errors: 0, Skipped: 0, Time elapsed: 0.001 s - in uk.gov.nationalarchives.droid.profile.SqlUtilsTest
[INFO] Running uk.gov.nationalarchives.droid.profile.ProfileResourceNodeFilterTest
false
[INFO] Tests run: 76, Failures: 0, Errors: 0, Skipped: 0, Time elapsed: 0.049 s - in uk.gov.nationalarchives.droid.profile.ProfileResourceNodeFilterTest
[INFO] Running uk.gov.nationalarchives.droid.profile.ProfileSpecToXmlPersistenceTest
2023-02-11T12:05:13,496  INFO [main] ProfileInstance:365 - Attempting state change [INITIALISING] to [STOPPED]
2023-02-11T12:05:13,546  INFO [main] ProfileInstance:365 - Attempting state change [INITIALISING] to [STOPPED]
2023-02-11T12:05:13,576  INFO [main] ProfileInstance:365 - Attempting state change [INITIALISING] to [STOPPED]
[INFO] Tests run: 4, Failures: 0, Errors: 0, Skipped: 0, Time elapsed: 0.108 s - in uk.gov.nationalarchives.droid.profile.ProfileSpecToXmlPersistenceTest
[INFO] Running uk.gov.nationalarchives.droid.profile.ProfileManagerImplTest
2023-02-11T12:05:13,642  INFO [main] ProfileManagerImpl:349 - Saving profile: profileName to /home/gabsko/breaking-updates/droid-results/tmp/myProfile.drd
2023-02-11T12:05:13,642  INFO [main] ProfileInstance:365 - Attempting state change [STOPPED] to [SAVING]
2023-02-11T12:05:13,643  INFO [main] ProfileInstance:365 - Attempting state change [SAVING] to [STOPPED]
2023-02-11T12:05:13,775  INFO [main] ProfileManagerImpl:222 - Opening profile: I_DO_NOT_EXIST
2023-02-11T12:05:13,776  INFO [main] ProfileInstance:365 - Attempting state change [STOPPED] to [RUNNING]
2023-02-11T12:05:13,777  INFO [main] ProfileManagerImpl:349 - Saving profile: profileName to /home/gabsko/breaking-updates/droid-results/tmp/myProfile.drd
2023-02-11T12:05:13,777  INFO [main] ProfileInstance:365 - Attempting state change [RUNNING] to [SAVING]
2023-02-11T12:05:13,781  INFO [main] ProfileManagerImpl:129 - Creating profile: 1676117113780
2023-02-11T12:05:13,791  INFO [main] ProfileManagerImpl:129 - Creating profile: 1676117113791
2023-02-11T12:05:13,815  INFO [main] ProfileManagerImpl:129 - Creating profile: 1676117113815
2023-02-11T12:05:13,827  INFO [main] ProfileManagerImpl:129 - Creating profile: 1676117113827
2023-02-11T12:05:13,866  INFO [main] ProfileManagerImpl:129 - Creating profile: 1676117113866
[WARNING] Tests run: 6, Failures: 0, Errors: 0, Skipped: 1, Time elapsed: 0.275 s - in uk.gov.nationalarchives.droid.profile.ProfileManagerImplTest
[INFO] Running uk.gov.nationalarchives.droid.profile.ProfileManagerIntegrationTest
[WARNING] Tests run: 1, Failures: 0, Errors: 0, Skipped: 1, Time elapsed: 0.001 s - in uk.gov.nationalarchives.droid.profile.ProfileManagerIntegrationTest
[INFO] Running uk.gov.nationalarchives.droid.profile.throttle.SimpleSubmissionThrottleTest
[WARNING] Tests run: 1, Failures: 0, Errors: 0, Skipped: 1, Time elapsed: 0 s - in uk.gov.nationalarchives.droid.profile.throttle.SimpleSubmissionThrottleTest
[INFO] Running uk.gov.nationalarchives.droid.profile.CsvItemWriterTest
[INFO] Tests run: 8, Failures: 0, Errors: 0, Skipped: 0, Time elapsed: 0.03 s - in uk.gov.nationalarchives.droid.profile.CsvItemWriterTest
[INFO] Running uk.gov.nationalarchives.droid.profile.ProfileInstanceManagerTest
2023-02-11T12:05:14,107  INFO [main] ProfileInstance:365 - Attempting state change [STOPPED] to [RUNNING]
[INFO] Tests run: 4, Failures: 0, Errors: 0, Skipped: 0, Time elapsed: 0.296 s - in uk.gov.nationalarchives.droid.profile.ProfileInstanceManagerTest
[INFO] Running uk.gov.nationalarchives.droid.profile.JpaProfileDaoTest
Feb 11, 2023 12:05:14 PM org.springframework.test.context.support.DefaultTestContextBootstrapper getDefaultTestExecutionListenerClassNames
INFO: Loaded default TestExecutionListener class names from location [META-INF/spring.factories]: [org.springframework.test.context.web.ServletTestExecutionListener, org.springframework.test.context.support.DirtiesContextBeforeModesTestExecutionListener, org.springframework.test.context.event.ApplicationEventsTestExecutionListener, org.springframework.test.context.support.DependencyInjectionTestExecutionListener, org.springframework.test.context.support.DirtiesContextTestExecutionListener, org.springframework.test.context.transaction.TransactionalTestExecutionListener, org.springframework.test.context.jdbc.SqlScriptsTestExecutionListener, org.springframework.test.context.event.EventPublishingTestExecutionListener]
Feb 11, 2023 12:05:14 PM org.springframework.test.context.support.DefaultTestContextBootstrapper getTestExecutionListeners
INFO: Using TestExecutionListeners: [org.springframework.test.context.support.DirtiesContextBeforeModesTestExecutionListener@184c991f, org.springframework.test.context.event.ApplicationEventsTestExecutionListener@4d8072d6, org.springframework.test.context.support.DependencyInjectionTestExecutionListener@768aadd8, org.springframework.test.context.support.DirtiesContextTestExecutionListener@445e10f9, org.springframework.test.context.transaction.TransactionalTestExecutionListener@38a6ed0c, org.springframework.test.context.jdbc.SqlScriptsTestExecutionListener@767e2e0c, org.springframework.test.context.event.EventPublishingTestExecutionListener@55b9a976]
[INFO] Tests run: 2, Failures: 0, Errors: 0, Skipped: 0, Time elapsed: 0.197 s - in uk.gov.nationalarchives.droid.profile.JpaProfileDaoTest
[INFO] Running uk.gov.nationalarchives.droid.profile.JpaProfileFilterTest
Feb 11, 2023 12:05:14 PM org.springframework.test.context.support.DefaultTestContextBootstrapper getDefaultTestExecutionListenerClassNames
INFO: Loaded default TestExecutionListener class names from location [META-INF/spring.factories]: [org.springframework.test.context.web.ServletTestExecutionListener, org.springframework.test.context.support.DirtiesContextBeforeModesTestExecutionListener, org.springframework.test.context.event.ApplicationEventsTestExecutionListener, org.springframework.test.context.support.DependencyInjectionTestExecutionListener, org.springframework.test.context.support.DirtiesContextTestExecutionListener, org.springframework.test.context.transaction.TransactionalTestExecutionListener, org.springframework.test.context.jdbc.SqlScriptsTestExecutionListener, org.springframework.test.context.event.EventPublishingTestExecutionListener]
Feb 11, 2023 12:05:14 PM org.springframework.test.context.support.DefaultTestContextBootstrapper getTestExecutionListeners
INFO: Using TestExecutionListeners: [org.springframework.test.context.support.DirtiesContextBeforeModesTestExecutionListener@691c6048, org.springframework.test.context.event.ApplicationEventsTestExecutionListener@21ad81a8, org.springframework.test.context.support.DependencyInjectionTestExecutionListener@4996baa7, org.springframework.test.context.support.DirtiesContextTestExecutionListener@12c3bc3c, org.springframework.test.context.transaction.TransactionalTestExecutionListener@1857800c, org.springframework.test.context.jdbc.SqlScriptsTestExecutionListener@55baf26f, org.springframework.test.context.event.EventPublishingTestExecutionListener@290529fd]
2023-02-11T12:05:14,611  INFO [pool-3-thread-1] ProfileInstance:365 - Attempting state change [RUNNING] to [FINISHED]
[INFO] Tests run: 4, Failures: 0, Errors: 0, Skipped: 0, Time elapsed: 0.299 s - in uk.gov.nationalarchives.droid.profile.JpaProfileFilterTest
[INFO] Running uk.gov.nationalarchives.droid.results.handlers.ProgressMonitorTest
[INFO] Tests run: 4, Failures: 0, Errors: 0, Skipped: 0, Time elapsed: 0.038 s - in uk.gov.nationalarchives.droid.results.handlers.ProgressMonitorTest
[INFO] Running uk.gov.nationalarchives.droid.submitter.FileWalkerPersistenceTest
Outputting profile_progress.xml
<?xml version="1.0" encoding="UTF-8" standalone="yes"?>
<ProfileWalk Status="NOT_STARTED">
    <Dir Recursive="true">
        <Size>-1</Size>
        <LastModifiedDate>1970-01-01T00:00:00Z</LastModifiedDate>
        <Extension></Extension>
        <Name>root</Name>
        <Uri>file:///home/gabsko/breaking-updates/droid-results/root</Uri>
        <Path>//home/gabsko/breaking-updates/droid-results/root</Path>
    </Dir>
    <FileWalker Recursive="true">
        <Progress>
            <ProgressEntry Id="3" Prefix="Z">
                <Children/>
                <Uri>file:///home/gabsko/breaking-updates/droid-results/root/dir/subdir1/subDir2</Uri>
            </ProgressEntry>
            <ProgressEntry Id="2" Prefix="Y">
                <Children/>
                <Uri>file:///home/gabsko/breaking-updates/droid-results/root/dir/subDir</Uri>
            </ProgressEntry>
            <ProgressEntry Id="1" Prefix="X">
                <Children/>
                <Uri>file:///home/gabsko/breaking-updates/droid-results/root/dir</Uri>
            </ProgressEntry>
        </Progress>
        <RootUri>file:///home/gabsko/breaking-updates/droid-results/root</RootUri>
    </FileWalker>
</ProfileWalk>
<?xml version="1.0" encoding="UTF-8" standalone="yes"?>
<ProfileWalk Status="NOT_STARTED">
    <Dir Recursive="true">
        <Size>-1</Size>
        <LastModifiedDate>1970-01-01T00:00:00Z</LastModifiedDate>
        <Extension></Extension>
        <Name>root</Name>
        <Uri>file:///home/gabsko/breaking-updates/droid-results/root</Uri>
        <Path>//home/gabsko/breaking-updates/droid-results/root</Path>
    </Dir>
    <FileWalker Recursive="true">
        <Progress>
            <ProgressEntry Id="3" Prefix="Z">
                <Children/>
                <Uri>file:///home/gabsko/breaking-updates/droid-results/root/dir/subdir1/subDir2</Uri>
            </ProgressEntry>
            <ProgressEntry Id="2" Prefix="Y">
                <Children/>
                <Uri>file:///home/gabsko/breaking-updates/droid-results/root/dir/subDir</Uri>
            </ProgressEntry>
            <ProgressEntry Id="1" Prefix="X">
                <Children/>
                <Uri>file:///home/gabsko/breaking-updates/droid-results/root/dir</Uri>
            </ProgressEntry>
        </Progress>
        <RootUri>file:///home/gabsko/breaking-updates/droid-results/root</RootUri>
    </FileWalker>
</ProfileWalk>
[INFO] Tests run: 1, Failures: 0, Errors: 0, Skipped: 0, Time elapsed: 0.021 s - in uk.gov.nationalarchives.droid.submitter.FileWalkerPersistenceTest
[INFO] Running uk.gov.nationalarchives.droid.submitter.DirectoryEventHandlerTest
[INFO] Tests run: 4, Failures: 0, Errors: 0, Skipped: 0, Time elapsed: 0.011 s - in uk.gov.nationalarchives.droid.submitter.DirectoryEventHandlerTest
[INFO] Running uk.gov.nationalarchives.droid.submitter.SubmissionGatewayTest
2023-02-11T12:05:14,900 ERROR [pool-4-thread-1] SubmissionGateway:644 - [Ljava.lang.StackTraceElement;@45c897f2
java.lang.RuntimeException: I failed
	at uk.gov.nationalarchives.droid.core.BinarySignatureIdentifier.matchBinarySignatures(BinarySignatureIdentifier.java:97) ~[classes/:?]
	at uk.gov.nationalarchives.droid.submitter.SubmissionGateway$1.call(SubmissionGateway.java:185) ~[classes/:?]
	at uk.gov.nationalarchives.droid.submitter.SubmissionGateway$1.call(SubmissionGateway.java:181) ~[classes/:?]
	at java.util.concurrent.FutureTask.run(FutureTask.java:264) [?:?]
	at java.util.concurrent.Executors$RunnableAdapter.call(Executors.java:515) [?:?]
	at java.util.concurrent.FutureTask.run(FutureTask.java:264) [?:?]
	at java.util.concurrent.ThreadPoolExecutor.runWorker(ThreadPoolExecutor.java:1128) [?:?]
	at java.util.concurrent.ThreadPoolExecutor$Worker.run(ThreadPoolExecutor.java:628) [?:?]
	at java.lang.Thread.run(Thread.java:829) [?:?]
[INFO] Tests run: 2, Failures: 0, Errors: 0, Skipped: 0, Time elapsed: 2.271 s - in uk.gov.nationalarchives.droid.submitter.SubmissionGatewayTest
[INFO] Running uk.gov.nationalarchives.droid.submitter.ProfileSpecWalkerImplTest
[INFO] Tests run: 3, Failures: 0, Errors: 0, Skipped: 0, Time elapsed: 0.05 s - in uk.gov.nationalarchives.droid.submitter.ProfileSpecWalkerImplTest
[INFO] Running uk.gov.nationalarchives.droid.submitter.FileEventHandlerTest
2023-02-11T12:05:17,137  WARN [main] FileEventHandler:134 - Access was denied to the file: [/home/gabsko/breaking-updates/droid-results/tmp/unreadable.file]
[INFO] Tests run: 4, Failures: 0, Errors: 0, Skipped: 0, Time elapsed: 0.045 s - in uk.gov.nationalarchives.droid.submitter.FileEventHandlerTest
[INFO] Running uk.gov.nationalarchives.droid.submitter.FileWalkerTest
[WARNING] Tests run: 6, Failures: 0, Errors: 0, Skipped: 1, Time elapsed: 0.026 s - in uk.gov.nationalarchives.droid.submitter.FileWalkerTest
[INFO] 
[INFO] Results:
[INFO] 
[WARNING] Tests run: 174, Failures: 0, Errors: 0, Skipped: 9
[INFO] 
[INFO] 
[INFO] ----------< uk.gov.nationalarchives:droid-report-interfaces >-----------
[INFO] Building droid-report-interfaces 6.6-SNAPSHOT                     [8/16]
[INFO] --------------------------------[ jar ]---------------------------------
[INFO] 
[INFO] --- maven-clean-plugin:2.5:clean (default-clean) @ droid-report-interfaces ---
[INFO] Deleting /home/gabsko/breaking-updates/droid-report-interfaces/target
[INFO] 
[INFO] --- maven-enforcer-plugin:1.2:enforce (enforce-maven) @ droid-report-interfaces ---
[INFO] 
[INFO] --- buildversion-plugin:1.0.3:set-properties (default) @ droid-report-interfaces ---
[INFO] 
[INFO] --- jacoco-maven-plugin:0.8.7:prepare-agent (default-prepare-agent) @ droid-report-interfaces ---
[INFO] jacocoArgLine set to -javaagent:/home/gabsko/.m2/repository/org/jacoco/org.jacoco.agent/0.8.7/org.jacoco.agent-0.8.7-runtime.jar=destfile=/home/gabsko/breaking-updates/droid-report-interfaces/target/jacoco.exec
[INFO] 
[INFO] --- maven-resources-plugin:3.1.0:resources (default-resources) @ droid-report-interfaces ---
[INFO] Using 'UTF-8' encoding to copy filtered resources.
[INFO] Copying 1 resource
[INFO] 
[INFO] --- maven-compiler-plugin:3.10.1:compile (default-compile) @ droid-report-interfaces ---
[INFO] Changes detected - recompiling the module!
[INFO] Compiling 15 source files to /home/gabsko/breaking-updates/droid-report-interfaces/target/classes
[INFO] 
[INFO] --- maven-checkstyle-plugin:3.1.2:checkstyle (basicstyles) @ droid-report-interfaces ---
[WARNING] Unable to locate Source XRef to link to - DISABLED
[INFO] 
[INFO] --- maven-checkstyle-plugin:3.1.2:check (basicstyles) @ droid-report-interfaces ---
[INFO] You have 0 Checkstyle violations.
[INFO] 
[INFO] --- maven-resources-plugin:3.1.0:testResources (default-testResources) @ droid-report-interfaces ---
[INFO] Using 'UTF-8' encoding to copy filtered resources.
[INFO] skip non existing resourceDirectory /home/gabsko/breaking-updates/droid-report-interfaces/src/test/resources
[INFO] 
[INFO] --- maven-compiler-plugin:3.10.1:testCompile (default-testCompile) @ droid-report-interfaces ---
[INFO] No sources to compile
[INFO] 
[INFO] --- maven-surefire-plugin:3.0.0-M5:test (default-test) @ droid-report-interfaces ---
[INFO] No tests to run.
[INFO] 
[INFO] ----------------< uk.gov.nationalarchives:droid-report >----------------
[INFO] Building droid-report 6.6-SNAPSHOT                                [9/16]
[INFO] --------------------------------[ jar ]---------------------------------
[INFO] 
[INFO] --- maven-clean-plugin:2.5:clean (default-clean) @ droid-report ---
[INFO] Deleting /home/gabsko/breaking-updates/droid-report/target
[INFO] 
[INFO] --- maven-enforcer-plugin:1.2:enforce (enforce-maven) @ droid-report ---
[INFO] 
[INFO] --- buildversion-plugin:1.0.3:set-properties (default) @ droid-report ---
[INFO] 
[INFO] --- jacoco-maven-plugin:0.8.7:prepare-agent (default-prepare-agent) @ droid-report ---
[INFO] jacocoArgLine set to -javaagent:/home/gabsko/.m2/repository/org/jacoco/org.jacoco.agent/0.8.7/org.jacoco.agent-0.8.7-runtime.jar=destfile=/home/gabsko/breaking-updates/droid-report/target/jacoco.exec
[INFO] 
[INFO] --- maven-resources-plugin:3.1.0:resources (default-resources) @ droid-report ---
[INFO] Using 'UTF-8' encoding to copy filtered resources.
[INFO] Copying 22 resources
[INFO] 
[INFO] --- maven-compiler-plugin:3.10.1:compile (default-compile) @ droid-report ---
[INFO] Changes detected - recompiling the module!
[INFO] Compiling 16 source files to /home/gabsko/breaking-updates/droid-report/target/classes
[INFO] /home/gabsko/breaking-updates/droid-report/src/main/java/uk/gov/nationalarchives/droid/report/planets/xml/PlanetsXMLGenerator.java: Some input files use or override a deprecated API.
[INFO] /home/gabsko/breaking-updates/droid-report/src/main/java/uk/gov/nationalarchives/droid/report/planets/xml/PlanetsXMLGenerator.java: Recompile with -Xlint:deprecation for details.
[INFO] /home/gabsko/breaking-updates/droid-report/src/main/java/uk/gov/nationalarchives/droid/report/planets/xml/PlanetsXMLGenerator.java: Some input files use unchecked or unsafe operations.
[INFO] /home/gabsko/breaking-updates/droid-report/src/main/java/uk/gov/nationalarchives/droid/report/planets/xml/PlanetsXMLGenerator.java: Recompile with -Xlint:unchecked for details.
[INFO] 
[INFO] --- maven-checkstyle-plugin:3.1.2:checkstyle (basicstyles) @ droid-report ---
[WARNING] Unable to locate Source XRef to link to - DISABLED
[INFO] 
[INFO] --- maven-checkstyle-plugin:3.1.2:check (basicstyles) @ droid-report ---
[INFO] You have 0 Checkstyle violations.
[INFO] 
[INFO] --- maven-resources-plugin:3.1.0:testResources (default-testResources) @ droid-report ---
[INFO] Using 'UTF-8' encoding to copy filtered resources.
[INFO] Copying 11 resources
[INFO] 
[INFO] --- maven-compiler-plugin:3.10.1:testCompile (default-testCompile) @ droid-report ---
[INFO] Changes detected - recompiling the module!
[INFO] Compiling 4 source files to /home/gabsko/breaking-updates/droid-report/target/test-classes
[INFO] /home/gabsko/breaking-updates/droid-report/src/test/java/uk/gov/nationalarchives/droid/report/planets/xml/PlanetsXMLGeneratorTest.java: /home/gabsko/breaking-updates/droid-report/src/test/java/uk/gov/nationalarchives/droid/report/planets/xml/PlanetsXMLGeneratorTest.java uses or overrides a deprecated API.
[INFO] /home/gabsko/breaking-updates/droid-report/src/test/java/uk/gov/nationalarchives/droid/report/planets/xml/PlanetsXMLGeneratorTest.java: Recompile with -Xlint:deprecation for details.
[INFO] 
[INFO] --- maven-surefire-plugin:3.0.0-M5:test (default-test) @ droid-report ---
[INFO] 
[INFO] -------------------------------------------------------
[INFO]  T E S T S
[INFO] -------------------------------------------------------
[INFO] Running uk.gov.nationalarchives.droid.report.planets.xml.PlanetsXMLGeneratorTest
[WARNING] Tests run: 2, Failures: 0, Errors: 0, Skipped: 2, Time elapsed: 0.066 s - in uk.gov.nationalarchives.droid.report.planets.xml.PlanetsXMLGeneratorTest
[INFO] Running uk.gov.nationalarchives.droid.report.planets.xml.JaxbReportXmlWriterTest
[INFO] Tests run: 3, Failures: 0, Errors: 0, Skipped: 0, Time elapsed: 0.861 s - in uk.gov.nationalarchives.droid.report.planets.xml.JaxbReportXmlWriterTest
[INFO] Running uk.gov.nationalarchives.droid.report.JaxbReportSpecDaoTest
[INFO] Tests run: 1, Failures: 0, Errors: 0, Skipped: 0, Time elapsed: 0.093 s - in uk.gov.nationalarchives.droid.report.JaxbReportSpecDaoTest
[INFO] Running uk.gov.nationalarchives.droid.report.ReportExportTest
Feb 11, 2023 12:05:21 PM org.apache.pdfbox.pdmodel.font.PDType1Font <init>
WARNING: Using fallback font LiberationSans for base font Symbol
Feb 11, 2023 12:05:21 PM org.apache.pdfbox.pdmodel.font.PDType1Font <init>
WARNING: Using fallback font LiberationSans for base font ZapfDingbats
com.openhtmltopdf.load INFO:: SAX XMLReader in use (parser): org.apache.xerces.jaxp.SAXParserImpl$JAXPSAXParser
com.openhtmltopdf.load INFO:: SAX XMLReader in use (parser): org.apache.xerces.jaxp.SAXParserImpl$JAXPSAXParser
com.openhtmltopdf.load INFO:: Loaded document in ~12ms
com.openhtmltopdf.load INFO:: TIME: parse stylesheets 90ms
com.openhtmltopdf.match INFO:: media = print
com.openhtmltopdf.match INFO:: Matcher created with 174 selectors
com.openhtmltopdf.general INFO:: Using fast-mode renderer. Prepare to fly.
<?xml version="1.0" encoding="UTF-8"?><html>
    <head>
        <meta charset="utf-8"/>
        <style type="text/css">
			table.logo { width: 100%; padding: 0px; border: none; border: 1px solid #789DB3;}
			table.logo td { border: none; background-color: #F4F4F4; vertical-align: middle; text-align: left;padding: 4px; }
			table.simple { width: 100%; padding: 0px; border: none; border: 1px solid #789DB3;}
			table.simple td { border: none; background-color: #F4F4F4; vertical-align: middle; text-align: right;padding: 7px; }
			table.simple td.metadata { border: none; background-color: #F4F4F4; vertical-align: middle; text-align: left;padding: 7px; }
			table.simple th.group { background-color: #666; color: #fff; padding: 0px; text-align: center; border-bottom: 0px #fff solid; font-weight: bold;}
			table.simple th.metadata { background-color: #A0A0A0; color: #fff; padding: 0px; text-align: center; border-bottom: 0px #fff solid; font-weight: bold;}
			table.simple th.head { background-color: #666; color: #fff; padding: 4px; text-align: center; border-bottom: 2px #fff solid; font-weight: bold;} 
			table.simple td.foot { background-color: #ddd; color: #111; padding: 4px; text-align: right; border-bottom: 2px #fff solid; font-weight: bold;}
			table.embedded { width: 100%; padding: 0px; border: none; border: 0px solid #F4F4F4;}
			table.embedded th.head { background-color: #A0A0A0; color: #fff; padding: 0px; text-align: center; border-bottom: 0px #fff solid; font-weight: bold;}
			table.embedded td.groupvalues { background-color: #666; color: #fff; padding: 0px; text-align: center; border-bottom: 0px #fff solid; font-weight: bold;}
			table.embedded td { border: none; background-color: #F4F4F4; vertical-align: middle; text-align: right;padding: 3px; }
			table.embedded td.metadata { border: none; background-color: #F4F4F4; color: #000000; vertical-align: middle; text-align: left;padding: 3px; font-weight:normal}
  		 </style>
    </head>
    <body>
        <h1/>
            
        <h2>Profile Summary</h2>
        <table class="simple">
            <tr>
                <th class="head">Name</th>
                <th class="head">Signature version</th>
                <th class="head">Container version</th>
                <th class="head">Started</th>
                <th class="head">Finished</th>
                <th class="head">Filters</th>
            </tr>
            <tr>
                <td>droid-er</td>
                <td>32</td>
                <td/>
                <td>02 Sep 2010</td>
                <td>02 Sep 2010</td>
                <td/>
            </tr>
        </table>
            
        
        <h2>File sizes by year last modified</h2>
        <table class="simple">
            <tr>
                <th class="metadata">Report field</th>
                <th class="metadata">Grouping fields</th>
            </tr>
            <tr>
                <td class="metadata">FILE_SIZE</td>
                <td/>
            </tr>
            <tr>
                <th class="metadata" colspan="2">Filter fields: </th>
            </tr>
            <tr>
                <th colspan="2">
                    <table class="embedded">
                        <tr>
                            <th class="head">Field</th>
                            <th class="head">Operator</th>
                            <th class="head">Values</th>
                        </tr>
                        <tr>
                            <td class="metadata">RESOURCE_TYPE </td>
                            <td class="metadata">NONE_OF </td>
                            <td class="metadata">"Folder"</td>
                        </tr>
                    </table>
                </th>
            </tr>
        </table>
        <p/>
        <table class="simple">
            <tr>
                <th class="head">Profile</th>
                <th class="head">Count</th>
                <th class="head">Sum</th>
                <th class="head">Min</th>
                <th class="head">Max</th>
                <th class="head">Average</th>
            </tr>
            <tr>
                <td>droid-er</td>
                <td>41</td>
                <td>29271</td>
                <td>0</td>
                <td>4358</td>
                <td>713.0</td>
            </tr>
            <tr>
                <td class="foot">Profile totals</td>
                <td class="foot">41</td>
                <td class="foot">29271</td>
                <td class="foot">0</td>
                <td class="foot">4358</td>
                <td class="foot">713.0</td>
            </tr>
        </table>
        <p/>
        <table class="simple">
            <tr>
                <th class="head">Profile</th>
                <th class="head">Count</th>
                <th class="head">Sum</th>
                <th class="head">Min</th>
                <th class="head">Max</th>
                <th class="head">Average</th>
            </tr>
            <tr>
                <td>droid-er</td>
                <td>6</td>
                <td>19715</td>
                <td>0</td>
                <td>3943</td>
                <td>3285.0</td>
            </tr>
            <tr>
                <td class="foot">Profile totals</td>
                <td class="foot">6</td>
                <td class="foot">19715</td>
                <td class="foot">0</td>
                <td class="foot">3943</td>
                <td class="foot">3285.0</td>
            </tr>
        </table>
        <p/>
        <table/>
            

    </body>
</html>

[INFO] Tests run: 2, Failures: 0, Errors: 0, Skipped: 0, Time elapsed: 1.724 s - in uk.gov.nationalarchives.droid.report.ReportExportTest
[INFO] 
[INFO] Results:
[INFO] 
[WARNING] Tests run: 8, Failures: 0, Errors: 0, Skipped: 2
[INFO] 
[INFO] 
[INFO] ----------------< uk.gov.nationalarchives:droid-export >----------------
[INFO] Building droid-export 6.6-SNAPSHOT                               [10/16]
[INFO] --------------------------------[ jar ]---------------------------------
[INFO] 
[INFO] --- maven-clean-plugin:2.5:clean (default-clean) @ droid-export ---
[INFO] Deleting /home/gabsko/breaking-updates/droid-export/target
[INFO] 
[INFO] --- maven-enforcer-plugin:1.2:enforce (enforce-maven) @ droid-export ---
[INFO] 
[INFO] --- buildversion-plugin:1.0.3:set-properties (default) @ droid-export ---
[INFO] 
[INFO] --- jacoco-maven-plugin:0.8.7:prepare-agent (default-prepare-agent) @ droid-export ---
[INFO] jacocoArgLine set to -javaagent:/home/gabsko/.m2/repository/org/jacoco/org.jacoco.agent/0.8.7/org.jacoco.agent-0.8.7-runtime.jar=destfile=/home/gabsko/breaking-updates/droid-export/target/jacoco.exec
[INFO] 
[INFO] --- maven-resources-plugin:3.1.0:resources (default-resources) @ droid-export ---
[INFO] Using 'UTF-8' encoding to copy filtered resources.
[INFO] Copying 1 resource
[INFO] 
[INFO] --- maven-compiler-plugin:3.10.1:compile (default-compile) @ droid-export ---
[INFO] Changes detected - recompiling the module!
[INFO] Compiling 2 source files to /home/gabsko/breaking-updates/droid-export/target/classes
[INFO] 
[INFO] --- maven-checkstyle-plugin:3.1.2:checkstyle (basicstyles) @ droid-export ---
[WARNING] Unable to locate Source XRef to link to - DISABLED
[INFO] 
[INFO] --- maven-checkstyle-plugin:3.1.2:check (basicstyles) @ droid-export ---
[INFO] You have 0 Checkstyle violations.
[INFO] 
[INFO] --- maven-resources-plugin:3.1.0:testResources (default-testResources) @ droid-export ---
[INFO] Using 'UTF-8' encoding to copy filtered resources.
[INFO] Copying 3 resources
[INFO] 
[INFO] --- maven-compiler-plugin:3.10.1:testCompile (default-testCompile) @ droid-export ---
[INFO] Changes detected - recompiling the module!
[INFO] Compiling 3 source files to /home/gabsko/breaking-updates/droid-export/target/test-classes
[INFO] /home/gabsko/breaking-updates/droid-export/src/test/java/uk/gov/nationalarchives/droid/export/ExportTaskTest.java: Some input files use unchecked or unsafe operations.
[INFO] /home/gabsko/breaking-updates/droid-export/src/test/java/uk/gov/nationalarchives/droid/export/ExportTaskTest.java: Recompile with -Xlint:unchecked for details.
[INFO] 
[INFO] --- maven-surefire-plugin:3.0.0-M5:test (default-test) @ droid-export ---
[INFO] 
[INFO] -------------------------------------------------------
[INFO]  T E S T S
[INFO] -------------------------------------------------------
[INFO] Running uk.gov.nationalarchives.droid.export.ExportTaskTest
2023-02-11T12:05:24,425  INFO [main] ExportTask:187 - Exporting profiles to: [/tmp/junit12701959702120802064/export-task-test-default-encoding]
2023-02-11T12:05:24,431  INFO [main] ExportTask:231 - Closing export file: /tmp/junit12701959702120802064/export-task-test-default-encoding
2023-02-11T12:05:24,444  INFO [main] ExportTask:187 - Exporting profiles to: [/tmp/junit14140686179972156832/export-task-test-specific-encoding]
2023-02-11T12:05:24,445  INFO [main] ExportTask:231 - Closing export file: /tmp/junit14140686179972156832/export-task-test-specific-encoding
[INFO] Tests run: 2, Failures: 0, Errors: 0, Skipped: 0, Time elapsed: 1.306 s - in uk.gov.nationalarchives.droid.export.ExportTaskTest
[INFO] Running uk.gov.nationalarchives.droid.export.ExportManagerImplTest
2023-02-11T12:05:24,720  INFO [pool-3-thread-1] ExportTask:187 - Exporting profiles to: [destination]
2023-02-11T12:05:24,730  INFO [pool-3-thread-1] ExportTask:222 - Time for export [profile1]: 3 ms
2023-02-11T12:05:24,731  INFO [pool-3-thread-1] ExportTask:231 - Closing export file: destination
[INFO] Tests run: 1, Failures: 0, Errors: 0, Skipped: 0, Time elapsed: 0.281 s - in uk.gov.nationalarchives.droid.export.ExportManagerImplTest
[INFO] Running uk.gov.nationalarchives.droid.export.ExportJobIntegrationTest
[WARNING] Tests run: 1, Failures: 0, Errors: 0, Skipped: 1, Time elapsed: 0.001 s - in uk.gov.nationalarchives.droid.export.ExportJobIntegrationTest
[INFO] 
[INFO] Results:
[INFO] 
[WARNING] Tests run: 4, Failures: 0, Errors: 0, Skipped: 1
[INFO] 
[INFO] 
[INFO] -------------< uk.gov.nationalarchives:droid-command-line >-------------
[INFO] Building droid-command-line 6.6-SNAPSHOT                         [11/16]
[INFO] --------------------------------[ jar ]---------------------------------
[INFO] 
[INFO] --- maven-clean-plugin:2.5:clean (default-clean) @ droid-command-line ---
[INFO] Deleting /home/gabsko/breaking-updates/droid-command-line/target
[INFO] 
[INFO] --- maven-enforcer-plugin:1.2:enforce (enforce-maven) @ droid-command-line ---
[INFO] 
[INFO] --- buildversion-plugin:1.0.3:set-properties (default) @ droid-command-line ---
[INFO] 
[INFO] --- jacoco-maven-plugin:0.8.7:prepare-agent (default-prepare-agent) @ droid-command-line ---
[INFO] jacocoArgLine set to -javaagent:/home/gabsko/.m2/repository/org/jacoco/org.jacoco.agent/0.8.7/org.jacoco.agent-0.8.7-runtime.jar=destfile=/home/gabsko/breaking-updates/droid-command-line/target/jacoco.exec
[INFO] 
[INFO] --- maven-resources-plugin:3.1.0:resources (default-resources) @ droid-command-line ---
[INFO] Using 'UTF-8' encoding to copy filtered resources.
[INFO] Copying 5 resources
[INFO] 
[INFO] --- maven-compiler-plugin:3.10.1:compile (default-compile) @ droid-command-line ---
[INFO] Changes detected - recompiling the module!
[INFO] Compiling 27 source files to /home/gabsko/breaking-updates/droid-command-line/target/classes
[INFO] /home/gabsko/breaking-updates/droid-command-line/src/main/java/uk/gov/nationalarchives/droid/command/DroidCommandLine.java: /home/gabsko/breaking-updates/droid-command-line/src/main/java/uk/gov/nationalarchives/droid/command/DroidCommandLine.java uses or overrides a deprecated API.
[INFO] /home/gabsko/breaking-updates/droid-command-line/src/main/java/uk/gov/nationalarchives/droid/command/DroidCommandLine.java: Recompile with -Xlint:deprecation for details.
[INFO] 
[INFO] --- maven-checkstyle-plugin:3.1.2:checkstyle (basicstyles) @ droid-command-line ---
[WARNING] Unable to locate Source XRef to link to - DISABLED
[INFO] 
[INFO] --- maven-checkstyle-plugin:3.1.2:check (basicstyles) @ droid-command-line ---
[INFO] You have 0 Checkstyle violations.
[INFO] 
[INFO] --- maven-resources-plugin:3.1.0:testResources (default-testResources) @ droid-command-line ---
[INFO] Using 'UTF-8' encoding to copy filtered resources.
[INFO] Copying 16 resources
[INFO] 
[INFO] --- maven-compiler-plugin:3.10.1:testCompile (default-testCompile) @ droid-command-line ---
[INFO] Changes detected - recompiling the module!
[INFO] Compiling 19 source files to /home/gabsko/breaking-updates/droid-command-line/target/test-classes
[INFO] /home/gabsko/breaking-updates/droid-command-line/src/test/java/uk/gov/nationalarchives/droid/command/DroidCommandLineTest.java: Some input files use or override a deprecated API.
[INFO] /home/gabsko/breaking-updates/droid-command-line/src/test/java/uk/gov/nationalarchives/droid/command/DroidCommandLineTest.java: Recompile with -Xlint:deprecation for details.
[INFO] /home/gabsko/breaking-updates/droid-command-line/src/test/java/uk/gov/nationalarchives/droid/command/action/CheckSignatureUpdateCommandTest.java: Some input files use unchecked or unsafe operations.
[INFO] /home/gabsko/breaking-updates/droid-command-line/src/test/java/uk/gov/nationalarchives/droid/command/action/CheckSignatureUpdateCommandTest.java: Recompile with -Xlint:unchecked for details.
[INFO] 
[INFO] --- maven-surefire-plugin:3.0.0-M5:test (default-test) @ droid-command-line ---
[INFO] 
[INFO] -------------------------------------------------------
[INFO]  T E S T S
[INFO] -------------------------------------------------------
[INFO] Running uk.gov.nationalarchives.droid.command.DroidCommandLineTest
2023-02-11T12:05:28,051  INFO [main] DroidCommandLine:225 - Starting DROID.
2023-02-11T12:05:28,141  INFO [main] DroidCommandLine:225 - Starting DROID.
2023-02-11T12:05:28,182  INFO [main] DroidCommandLine:225 - Starting DROID.
2023-02-11T12:05:28,187  INFO [main] DroidCommandLine:225 - Starting DROID.
2023-02-11T12:05:30,089  INFO [main] DroidCommandLine:225 - Starting DROID.
2023-02-11T12:05:30,094  INFO [main] DroidCommandLine:225 - Starting DROID.
2023-02-11T12:05:30,234  INFO [main] DroidCommandLine:225 - Starting DROID.
2023-02-11T12:05:30,237  INFO [main] DroidCommandLine:225 - Starting DROID.
2023-02-11T12:05:30,350  INFO [main] ProfileManagerImpl:129 - Creating profile: 1676117130349
2023-02-11T12:05:30,382  INFO [main] ProfileInstance:365 - Attempting state change [INITIALISING] to [VIRGIN]
2023-02-11T12:05:30,385  INFO [main] DroidCommandLine:225 - Starting DROID.
2023-02-11T12:05:30,472  INFO [main] DroidCommandLine:225 - Starting DROID.
2023-02-11T12:05:30,495  INFO [main] DroidCommandLine:225 - Starting DROID.
2023-02-11T12:05:30,499  INFO [main] DroidCommandLine:225 - Starting DROID.
2023-02-11T12:05:30,501  INFO [main] DroidCommandLine:225 - Starting DROID.
2023-02-11T12:05:30,586  INFO [main] DroidCommandLine:225 - Starting DROID.
2023-02-11T12:05:30,588  INFO [main] DroidCommandLine:225 - Starting DROID.
2023-02-11T12:05:30,600  INFO [main] DroidCommandLine:225 - Starting DROID.
2023-02-11T12:05:30,609  INFO [main] DroidCommandLine:225 - Starting DROID.
2023-02-11T12:05:30,610  INFO [main] DroidCommandLine:225 - Starting DROID.
2023-02-11T12:05:30,675  INFO [main] DroidCommandLine:225 - Starting DROID.
Filter fields:
extension_mismatch
    Whether or not there is a mismatch between the PRONOM Unique Identifier and
    the file extension
file_ext
    The file extension (e.g. 'exe')
file_name
    The name of the resource (e.g. 'system.dll')
file_size
    The file size in bytes (e.g. 150000)
format_count
    The number of format identifications made
format_name
    The file format description (text)
last_modified
    The last modified date of the file ( yyyy-MM-dd )
method
    How the file was identified ( extension | signature | container )
mime_type
    The mime-type of the identification
puid
    The PUID identified (e.g. x-fmt/101)
status
    The identification job status ( not_done | done | access_denied | not_found
    | error )
type
    The type of resource ( File | Folder | Container )

Filter operators:
<
    The field is less than the value
<=
    The field is less than or equal to the value
=
    The field is equal to the value
>=
    The field is greater than or equal to the value
>
    The field is greater than the value
<>
    The field is not equal to the value
starts
    The field starts with the value
ends
    The field ends with the value
contains
    The field contains the value
any
    The field contains any of the values
none
    The field contains none of the values
not contains
    The field does not contain the value
not starts
    The field does not start with the value
not ends
    The field does not end with the value
2023-02-11T12:05:30,740  INFO [main] DroidCommandLine:225 - Starting DROID.
2023-02-11T12:05:30,750  INFO [main] DroidCommandLine:225 - Starting DROID.
Type: Binary Version:  96  File name: DROID_SignatureFile_V96.xml
Type: Container Version:  20200121  File name: container-signature-20200121.xml
2023-02-11T12:05:30,824  INFO [main] DroidCommandLine:225 - Starting DROID.
[INFO] Tests run: 30, Failures: 0, Errors: 0, Skipped: 0, Time elapsed: 4.171 s - in uk.gov.nationalarchives.droid.command.DroidCommandLineTest
[INFO] Running uk.gov.nationalarchives.droid.command.action.CheckSignatureUpdateCommandTest
[INFO] Tests run: 3, Failures: 0, Errors: 0, Skipped: 0, Time elapsed: 0.013 s - in uk.gov.nationalarchives.droid.command.action.CheckSignatureUpdateCommandTest
[INFO] Running uk.gov.nationalarchives.droid.command.action.CommandFactoryTest
[INFO] Tests run: 41, Failures: 0, Errors: 0, Skipped: 0, Time elapsed: 0.03 s - in uk.gov.nationalarchives.droid.command.action.CommandFactoryTest
[INFO] Running uk.gov.nationalarchives.droid.command.action.FilterFieldCommandTest
[WARNING] Tests run: 1, Failures: 0, Errors: 0, Skipped: 1, Time elapsed: 0 s - in uk.gov.nationalarchives.droid.command.action.FilterFieldCommandTest
[INFO] Running uk.gov.nationalarchives.droid.command.action.ListReportsCommandTest
[INFO] Tests run: 1, Failures: 0, Errors: 0, Skipped: 0, Time elapsed: 0.027 s - in uk.gov.nationalarchives.droid.command.action.ListReportsCommandTest
[INFO] Running uk.gov.nationalarchives.droid.command.action.DownloadSignatureUpdateCommandTest
[INFO] Tests run: 2, Failures: 0, Errors: 0, Skipped: 0, Time elapsed: 0.002 s - in uk.gov.nationalarchives.droid.command.action.DownloadSignatureUpdateCommandTest
[INFO] Running uk.gov.nationalarchives.droid.command.action.ConfigureDefaultSignatureFileVersionCommandTest
[INFO] Tests run: 2, Failures: 0, Errors: 0, Skipped: 0, Time elapsed: 0.2 s - in uk.gov.nationalarchives.droid.command.action.ConfigureDefaultSignatureFileVersionCommandTest
[INFO] Running uk.gov.nationalarchives.droid.command.action.DisplayDefaultSignatureFileVersionTest
[INFO] Tests run: 1, Failures: 0, Errors: 0, Skipped: 0, Time elapsed: 0 s - in uk.gov.nationalarchives.droid.command.action.DisplayDefaultSignatureFileVersionTest
[INFO] Running uk.gov.nationalarchives.droid.command.action.ExportCommandTest
[INFO] Tests run: 2, Failures: 0, Errors: 0, Skipped: 0, Time elapsed: 0.109 s - in uk.gov.nationalarchives.droid.command.action.ExportCommandTest
[INFO] Running uk.gov.nationalarchives.droid.command.action.ListAllSignatureFilesCommandTest
[INFO] Tests run: 2, Failures: 0, Errors: 0, Skipped: 0, Time elapsed: 0.001 s - in uk.gov.nationalarchives.droid.command.action.ListAllSignatureFilesCommandTest
[INFO] Running uk.gov.nationalarchives.droid.command.action.ProfileRunCommandTest
[INFO] Tests run: 1, Failures: 0, Errors: 0, Skipped: 0, Time elapsed: 1.023 s - in uk.gov.nationalarchives.droid.command.action.ProfileRunCommandTest
[INFO] Running uk.gov.nationalarchives.droid.command.action.CommandLineParamTest
[INFO] Tests run: 5, Failures: 0, Errors: 0, Skipped: 0, Time elapsed: 0.001 s - in uk.gov.nationalarchives.droid.command.action.CommandLineParamTest
[INFO] Running uk.gov.nationalarchives.droid.command.action.NonsenseCommandTest
[WARNING] Tests run: 1, Failures: 0, Errors: 0, Skipped: 1, Time elapsed: 0 s - in uk.gov.nationalarchives.droid.command.action.NonsenseCommandTest
[INFO] Running uk.gov.nationalarchives.droid.command.action.ReportCommandTest
2023-02-11T12:05:32,312  INFO [main] ReportCommand:148 - Exporting report as [DROID Report XML] to: [/tmp/junit8003847153768837523/destination.xml]
[INFO] Tests run: 4, Failures: 0, Errors: 0, Skipped: 0, Time elapsed: 0.011 s - in uk.gov.nationalarchives.droid.command.action.ReportCommandTest
[INFO] Running uk.gov.nationalarchives.droid.command.filter.DqlCriterionFactoryTest
[INFO] Tests run: 44, Failures: 0, Errors: 0, Skipped: 0, Time elapsed: 0.066 s - in uk.gov.nationalarchives.droid.command.filter.DqlCriterionFactoryTest
[INFO] Running uk.gov.nationalarchives.droid.command.filter.DqlCriterionMapperTest
[INFO] Tests run: 4, Failures: 0, Errors: 0, Skipped: 0, Time elapsed: 0 s - in uk.gov.nationalarchives.droid.command.filter.DqlCriterionMapperTest
[INFO] Running uk.gov.nationalarchives.droid.command.filter.SimpleDqlParserFilterGrammarTest
[INFO] Tests run: 22, Failures: 0, Errors: 0, Skipped: 0, Time elapsed: 0 s - in uk.gov.nationalarchives.droid.command.filter.SimpleDqlParserFilterGrammarTest
[INFO] 
[INFO] Results:
[INFO] 
[WARNING] Tests run: 166, Failures: 0, Errors: 0, Skipped: 2
[INFO] 
[INFO] 
[INFO] -----------------< uk.gov.nationalarchives:droid-help >-----------------
[INFO] Building droid-help 6.6-SNAPSHOT                                 [12/16]
[INFO] --------------------------------[ jar ]---------------------------------
[INFO] 
[INFO] --- maven-clean-plugin:2.5:clean (default-clean) @ droid-help ---
[INFO] Deleting /home/gabsko/breaking-updates/droid-help/target
[INFO] 
[INFO] --- maven-enforcer-plugin:1.2:enforce (enforce-maven) @ droid-help ---
[INFO] 
[INFO] --- buildversion-plugin:1.0.3:set-properties (default) @ droid-help ---
[INFO] 
[INFO] --- jacoco-maven-plugin:0.8.7:prepare-agent (default-prepare-agent) @ droid-help ---
[INFO] jacocoArgLine set to -javaagent:/home/gabsko/.m2/repository/org/jacoco/org.jacoco.agent/0.8.7/org.jacoco.agent-0.8.7-runtime.jar=destfile=/home/gabsko/breaking-updates/droid-help/target/jacoco.exec
[INFO] 
[INFO] --- maven-resources-plugin:3.1.0:resources (default-resources) @ droid-help ---
[INFO] Using 'UTF-8' encoding to copy filtered resources.
[INFO] Copying 94 resources
[INFO] 
[INFO] --- maven-compiler-plugin:3.10.1:compile (default-compile) @ droid-help ---
[INFO] No sources to compile
[INFO] 
[INFO] --- maven-resources-plugin:3.1.0:testResources (default-testResources) @ droid-help ---
[INFO] Using 'UTF-8' encoding to copy filtered resources.
[INFO] skip non existing resourceDirectory /home/gabsko/breaking-updates/droid-help/src/test/resources
[INFO] 
[INFO] --- maven-compiler-plugin:3.10.1:testCompile (default-testCompile) @ droid-help ---
[INFO] No sources to compile
[INFO] 
[INFO] --- maven-surefire-plugin:3.0.0-M5:test (default-test) @ droid-help ---
[INFO] No tests to run.
[INFO] 
[INFO] ------------------< uk.gov.nationalarchives:droid-ui >------------------
[INFO] Building droid-ui 6.6-SNAPSHOT                                   [13/16]
[INFO] --------------------------------[ jar ]---------------------------------
[INFO] 
[INFO] --- maven-clean-plugin:2.5:clean (default-clean) @ droid-ui ---
[INFO] Deleting /home/gabsko/breaking-updates/droid-swing-ui/target
[INFO] 
[INFO] --- maven-enforcer-plugin:1.2:enforce (enforce-maven) @ droid-ui ---
[INFO] 
[INFO] --- buildversion-plugin:1.0.3:set-properties (default) @ droid-ui ---
[INFO] 
[INFO] --- jacoco-maven-plugin:0.8.7:prepare-agent (default-prepare-agent) @ droid-ui ---
[INFO] jacocoArgLine set to -javaagent:/home/gabsko/.m2/repository/org/jacoco/org.jacoco.agent/0.8.7/org.jacoco.agent-0.8.7-runtime.jar=destfile=/home/gabsko/breaking-updates/droid-swing-ui/target/jacoco.exec
[INFO] 
[INFO] --- maven-resources-plugin:3.1.0:resources (default-resources) @ droid-ui ---
[INFO] Using 'UTF-8' encoding to copy filtered resources.
[INFO] Copying 146 resources
[INFO] 
[INFO] --- maven-compiler-plugin:3.10.1:compile (default-compile) @ droid-ui ---
[INFO] Changes detected - recompiling the module!
[INFO] Compiling 112 source files to /home/gabsko/breaking-updates/droid-swing-ui/target/classes
[INFO] /home/gabsko/breaking-updates/droid-swing-ui/src/main/java/uk/gov/nationalarchives/droid/gui/filter/DatePicker.java: Some input files use or override a deprecated API.
[INFO] /home/gabsko/breaking-updates/droid-swing-ui/src/main/java/uk/gov/nationalarchives/droid/gui/filter/DatePicker.java: Recompile with -Xlint:deprecation for details.
[INFO] /home/gabsko/breaking-updates/droid-swing-ui/src/main/java/uk/gov/nationalarchives/droid/gui/ProfileForm.java: Some input files use unchecked or unsafe operations.
[INFO] /home/gabsko/breaking-updates/droid-swing-ui/src/main/java/uk/gov/nationalarchives/droid/gui/ProfileForm.java: Recompile with -Xlint:unchecked for details.
[INFO] 
[INFO] --- maven-checkstyle-plugin:3.1.2:checkstyle (basicstyles) @ droid-ui ---
[WARNING] Unable to locate Source XRef to link to - DISABLED
[INFO] 
[INFO] --- maven-checkstyle-plugin:3.1.2:check (basicstyles) @ droid-ui ---
[INFO] You have 0 Checkstyle violations.
[INFO] 
[INFO] --- maven-resources-plugin:3.1.0:testResources (default-testResources) @ droid-ui ---
[INFO] Using 'UTF-8' encoding to copy filtered resources.
[INFO] Copying 1 resource
[INFO] 
[INFO] --- maven-compiler-plugin:3.10.1:testCompile (default-testCompile) @ droid-ui ---
[INFO] Changes detected - recompiling the module!
[INFO] Compiling 13 source files to /home/gabsko/breaking-updates/droid-swing-ui/target/test-classes
[INFO] /home/gabsko/breaking-updates/droid-swing-ui/src/test/java/uk/gov/nationalarchives/droid/gui/LoadProfileWorkerTest.java: /home/gabsko/breaking-updates/droid-swing-ui/src/test/java/uk/gov/nationalarchives/droid/gui/LoadProfileWorkerTest.java uses or overrides a deprecated API.
[INFO] /home/gabsko/breaking-updates/droid-swing-ui/src/test/java/uk/gov/nationalarchives/droid/gui/LoadProfileWorkerTest.java: Recompile with -Xlint:deprecation for details.
[INFO] /home/gabsko/breaking-updates/droid-swing-ui/src/test/java/uk/gov/nationalarchives/droid/gui/action/ExitActionTest.java: Some input files use unchecked or unsafe operations.
[INFO] /home/gabsko/breaking-updates/droid-swing-ui/src/test/java/uk/gov/nationalarchives/droid/gui/action/ExitActionTest.java: Recompile with -Xlint:unchecked for details.
[INFO] 
[INFO] --- maven-surefire-plugin:3.0.0-M5:test (default-test) @ droid-ui ---
[INFO] 
[INFO] -------------------------------------------------------
[INFO]  T E S T S
[INFO] -------------------------------------------------------
[INFO] Running uk.gov.nationalarchives.droid.gui.config.ConfigDialogTest
[WARNING] Tests run: 1, Failures: 0, Errors: 0, Skipped: 1, Time elapsed: 0.025 s - in uk.gov.nationalarchives.droid.gui.config.ConfigDialogTest
[INFO] Running uk.gov.nationalarchives.droid.gui.FileSystemSelectionValidatorTest
[WARNING] Tests run: 1, Failures: 0, Errors: 0, Skipped: 1, Time elapsed: 0.085 s - in uk.gov.nationalarchives.droid.gui.FileSystemSelectionValidatorTest
[INFO] Running uk.gov.nationalarchives.droid.gui.SaveAllProfilesDialogTest
[WARNING] Tests run: 1, Failures: 0, Errors: 0, Skipped: 1, Time elapsed: 0 s - in uk.gov.nationalarchives.droid.gui.SaveAllProfilesDialogTest
[INFO] Running uk.gov.nationalarchives.droid.gui.ProfileFormTest
[WARNING] Tests run: 1, Failures: 0, Errors: 0, Skipped: 1, Time elapsed: 0 s - in uk.gov.nationalarchives.droid.gui.ProfileFormTest
[INFO] Running uk.gov.nationalarchives.droid.gui.LoadProfileWorkerTest
[WARNING] Tests run: 1, Failures: 0, Errors: 0, Skipped: 1, Time elapsed: 0 s - in uk.gov.nationalarchives.droid.gui.LoadProfileWorkerTest
[INFO] Running uk.gov.nationalarchives.droid.gui.filechooser.ResourceSelectorTest
[WARNING] Tests run: 1, Failures: 0, Errors: 0, Skipped: 1, Time elapsed: 0.001 s - in uk.gov.nationalarchives.droid.gui.filechooser.ResourceSelectorTest
[INFO] Running uk.gov.nationalarchives.droid.gui.filechooser.ResourceFileChooserTest
[WARNING] Tests run: 2, Failures: 0, Errors: 0, Skipped: 1, Time elapsed: 0.38 s - in uk.gov.nationalarchives.droid.gui.filechooser.ResourceFileChooserTest
[INFO] Running uk.gov.nationalarchives.droid.gui.filechooser.ProfileFileChooserTest
[WARNING] Tests run: 2, Failures: 0, Errors: 0, Skipped: 1, Time elapsed: 0.015 s - in uk.gov.nationalarchives.droid.gui.filechooser.ProfileFileChooserTest
[INFO] Running uk.gov.nationalarchives.droid.gui.util.DroidStringUtilsTest
[INFO] Tests run: 1, Failures: 0, Errors: 0, Skipped: 0, Time elapsed: 0 s - in uk.gov.nationalarchives.droid.gui.util.DroidStringUtilsTest
[INFO] Running uk.gov.nationalarchives.droid.gui.signature.UpdateSignatureActionTest
[INFO] Tests run: 2, Failures: 0, Errors: 0, Skipped: 0, Time elapsed: 1.042 s - in uk.gov.nationalarchives.droid.gui.signature.UpdateSignatureActionTest
[INFO] Running uk.gov.nationalarchives.droid.gui.action.CloseProfileActionTest
[WARNING] Tests run: 3, Failures: 0, Errors: 0, Skipped: 1, Time elapsed: 0.748 s - in uk.gov.nationalarchives.droid.gui.action.CloseProfileActionTest
[INFO] Running uk.gov.nationalarchives.droid.gui.action.ExitActionTest
[INFO] Tests run: 5, Failures: 0, Errors: 0, Skipped: 0, Time elapsed: 0.391 s - in uk.gov.nationalarchives.droid.gui.action.ExitActionTest
[INFO] 
[INFO] Results:
[INFO] 
[WARNING] Tests run: 21, Failures: 0, Errors: 0, Skipped: 9
[INFO] 
[INFO] 
[INFO] ----------------< uk.gov.nationalarchives:droid-tools >-----------------
[INFO] Building droid-tools 6.6-SNAPSHOT                                [14/16]
[INFO] --------------------------------[ jar ]---------------------------------
[INFO] 
[INFO] --- maven-clean-plugin:2.5:clean (default-clean) @ droid-tools ---
[INFO] Deleting /home/gabsko/breaking-updates/droid-tools/target
[INFO] 
[INFO] --- maven-enforcer-plugin:1.2:enforce (enforce-maven) @ droid-tools ---
[INFO] 
[INFO] --- buildversion-plugin:1.0.3:set-properties (default) @ droid-tools ---
[INFO] 
[INFO] --- jacoco-maven-plugin:0.8.7:prepare-agent (default-prepare-agent) @ droid-tools ---
[INFO] jacocoArgLine set to -javaagent:/home/gabsko/.m2/repository/org/jacoco/org.jacoco.agent/0.8.7/org.jacoco.agent-0.8.7-runtime.jar=destfile=/home/gabsko/breaking-updates/droid-tools/target/jacoco.exec
[INFO] 
[INFO] --- maven-resources-plugin:3.1.0:resources (default-resources) @ droid-tools ---
[INFO] Using 'UTF-8' encoding to copy filtered resources.
[INFO] skip non existing resourceDirectory /home/gabsko/breaking-updates/droid-tools/src/main/resources
[INFO] 
[INFO] --- maven-compiler-plugin:3.10.1:compile (default-compile) @ droid-tools ---
[INFO] Changes detected - recompiling the module!
[INFO] Compiling 2 source files to /home/gabsko/breaking-updates/droid-tools/target/classes
[INFO] /home/gabsko/breaking-updates/droid-tools/src/main/java/uk/gov/nationalarchives/droid/tools/SigUtils.java: /home/gabsko/breaking-updates/droid-tools/src/main/java/uk/gov/nationalarchives/droid/tools/SigUtils.java uses unchecked or unsafe operations.
[INFO] /home/gabsko/breaking-updates/droid-tools/src/main/java/uk/gov/nationalarchives/droid/tools/SigUtils.java: Recompile with -Xlint:unchecked for details.
[INFO] 
[INFO] --- maven-checkstyle-plugin:3.1.2:checkstyle (basicstyles) @ droid-tools ---
[WARNING] Unable to locate Source XRef to link to - DISABLED
[INFO] 
[INFO] --- maven-checkstyle-plugin:3.1.2:check (basicstyles) @ droid-tools ---
[INFO] You have 0 Checkstyle violations.
[INFO] 
[INFO] --- maven-resources-plugin:3.1.0:testResources (default-testResources) @ droid-tools ---
[INFO] Using 'UTF-8' encoding to copy filtered resources.
[INFO] skip non existing resourceDirectory /home/gabsko/breaking-updates/droid-tools/src/test/resources
[INFO] 
[INFO] --- maven-compiler-plugin:3.10.1:testCompile (default-testCompile) @ droid-tools ---
[INFO] No sources to compile
[INFO] 
[INFO] --- maven-surefire-plugin:3.0.0-M5:test (default-test) @ droid-tools ---
[INFO] No tests to run.
[INFO] 
[INFO] ----------------< uk.gov.nationalarchives:droid-binary >----------------
[INFO] Building droid-binaries 6.6-SNAPSHOT                             [15/16]
[INFO] --------------------------------[ pom ]---------------------------------
[INFO] 
[INFO] --- maven-clean-plugin:2.5:clean (default-clean) @ droid-binary ---
[INFO] 
[INFO] --- maven-enforcer-plugin:1.2:enforce (enforce-maven) @ droid-binary ---
[INFO] 
[INFO] --- buildversion-plugin:1.0.3:set-properties (default) @ droid-binary ---
[INFO] 
[INFO] --- jacoco-maven-plugin:0.8.7:prepare-agent (default-prepare-agent) @ droid-binary ---
[INFO] jacocoArgLine set to -javaagent:/home/gabsko/.m2/repository/org/jacoco/org.jacoco.agent/0.8.7/org.jacoco.agent-0.8.7-runtime.jar=destfile=/home/gabsko/breaking-updates/droid-binary/target/jacoco.exec
[INFO] 
[INFO] -------------------< uk.gov.nationalarchives:droid >--------------------
[INFO] Building droid 6.6-SNAPSHOT                                      [16/16]
[INFO] --------------------------------[ pom ]---------------------------------
[INFO] 
[INFO] --- maven-clean-plugin:2.5:clean (default-clean) @ droid ---
[INFO] 
[INFO] --- maven-enforcer-plugin:1.2:enforce (enforce-maven) @ droid ---
[INFO] 
[INFO] --- buildversion-plugin:1.0.3:set-properties (default) @ droid ---
[INFO] 
[INFO] --- jacoco-maven-plugin:0.8.7:prepare-agent (default-prepare-agent) @ droid ---
[INFO] jacocoArgLine set to -javaagent:/home/gabsko/.m2/repository/org/jacoco/org.jacoco.agent/0.8.7/org.jacoco.agent-0.8.7-runtime.jar=destfile=/home/gabsko/breaking-updates/target/jacoco.exec
[INFO] ------------------------------------------------------------------------
[INFO] Reactor Summary for droid 6.6-SNAPSHOT:
[INFO] 
[INFO] droid-parent ....................................... SUCCESS [  1.226 s]
[INFO] droid-build-tools .................................. SUCCESS [  0.335 s]
[INFO] droid-core-interfaces .............................. SUCCESS [ 11.050 s]
[INFO] droid-core ......................................... SUCCESS [  9.685 s]
[INFO] droid-export-interfaces ............................ SUCCESS [  0.338 s]
[INFO] droid-container .................................... SUCCESS [  6.707 s]
[INFO] droid-results ...................................... SUCCESS [ 25.018 s]
[INFO] droid-report-interfaces ............................ SUCCESS [  0.445 s]
[INFO] droid-report ....................................... SUCCESS [  4.299 s]
[INFO] droid-export ....................................... SUCCESS [  2.654 s]
[INFO] droid-command-line ................................. SUCCESS [  7.670 s]
[INFO] droid-help ......................................... SUCCESS [  0.225 s]
[INFO] droid-ui ........................................... SUCCESS [ 12.613 s]
[INFO] droid-tools ........................................ SUCCESS [  0.450 s]
[INFO] droid-binaries ..................................... SUCCESS [  0.091 s]
[INFO] droid .............................................. SUCCESS [  0.082 s]
[INFO] ------------------------------------------------------------------------
[INFO] BUILD SUCCESS
[INFO] ------------------------------------------------------------------------
[INFO] Total time:  01:23 min
[INFO] Finished at: 2023-02-11T12:05:45Z
[INFO] ------------------------------------------------------------------------
