[INFO] Scanning for projects...
[INFO] 
[INFO] ------------------------< com.jcabi:jcabi-http >------------------------
[INFO] Building jcabi-http 2.0-SNAPSHOT
[INFO] --------------------------------[ jar ]---------------------------------
[INFO] 
[INFO] --- maven-clean-plugin:3.2.0:clean (default-clean) @ jcabi-http ---
[INFO] Deleting /home/gabsko/breaking-updates/target
[INFO] 
[INFO] --- maven-enforcer-plugin:3.1.0:enforce (enforce-maven) @ jcabi-http ---
[INFO] 
[INFO] --- buildnumber-maven-plugin:3.0.0:create (jcabi-build-number) @ jcabi-http ---
[INFO] ShortRevision tag detected. The value is '7'.
[INFO] Executing: /bin/sh -c cd '/home/gabsko/breaking-updates' && 'git' 'rev-parse' '--verify' '--short=7' 'HEAD'
[INFO] Working directory: /home/gabsko/breaking-updates
[INFO] Storing buildNumber: 83a1578 at timestamp: 2023-02-11T20:32:14
[INFO] Storing buildScmBranch: branch-jcabi/jcabi-http-83a1578232a308619107efd509a694a0c324be7a
[INFO] 
[INFO] --- buildnumber-maven-plugin:3.0.0:create-timestamp (jcabi-build-number) @ jcabi-http ---
[INFO] Skipping because we are not in root module.
[INFO] 
[INFO] --- maven-resources-plugin:3.3.0:resources (default-resources) @ jcabi-http ---
[INFO] skip non existing resourceDirectory /home/gabsko/breaking-updates/src/main/resources
[INFO] 
[INFO] --- maven-compiler-plugin:3.10.1:compile (default-compile) @ jcabi-http ---
[INFO] Changes detected - recompiling the module!
[INFO] Compiling 53 source files to /home/gabsko/breaking-updates/target/classes
[INFO] 
[INFO] --- maven-resources-plugin:3.3.0:testResources (default-testResources) @ jcabi-http ---
[INFO] Copying 1 resource
[INFO] The encoding used to copy filtered properties files have not been set. This means that the same encoding will be used to copy filtered properties files as when copying other filtered resources. This might not be what you want! Run your build with --debug to see which files might be affected. Read more at https://maven.apache.org/plugins/maven-resources-plugin/examples/filtering-properties-files.html
[INFO] 
[INFO] --- maven-compiler-plugin:3.10.1:testCompile (default-testCompile) @ jcabi-http ---
[INFO] Changes detected - recompiling the module!
[INFO] Compiling 37 source files to /home/gabsko/breaking-updates/target/test-classes
[INFO] 
[INFO] --- maven-surefire-plugin:3.0.0-M7:test (default-test) @ jcabi-http ---
[INFO] Tests will run in random order. To reproduce ordering use flag -Dsurefire.runOrder.random.seed=22134065595005754
[INFO] Using auto detected provider org.apache.maven.surefire.junitplatform.JUnitPlatformProvider
[INFO] 
[INFO] -------------------------------------------------------
[INFO]  T E S T S
[INFO] -------------------------------------------------------
[INFO] Running com.jcabi.http.request.BoundaryTest
[INFO] Tests run: 1, Failures: 0, Errors: 0, Skipped: 0, Time elapsed: 0.034 s - in com.jcabi.http.request.BoundaryTest
[INFO] Running com.jcabi.http.wire.UserAgentWireTest
Feb 11, 2023 8:32:18 PM org.glassfish.grizzly.http.server.NetworkListener start
INFO: Started listener bound to [0.0.0.0:37307]
Feb 11, 2023 8:32:18 PM org.glassfish.grizzly.http.server.HttpServer start
INFO: [HttpServer] Started.
SLF4J: Class path contains multiple SLF4J providers.
SLF4J: Found provider [org.slf4j.log4j12.Log4j12ServiceProvider@59e2d8e3]
SLF4J: Found provider [org.slf4j.reload4j.Reload4jServiceProvider@2b72cb8a]
SLF4J: See http://www.slf4j.org/codes.html#multiple_bindings for an explanation.
SLF4J: Actual provider is of type [org.slf4j.log4j12.Log4j12ServiceProvider@59e2d8e3]
[[0;37mINFO[m] main com.jcabi.http.mock.MkGrizzlyContainer: started on port #37307
[[0;37mINFO[m] main com.jcabi.http.request.BaseRequest: #fetch(GET localhost:37307 /): [200 OK] in 85ms
[[0;37mINFO[m] main com.jcabi.http.mock.MkGrizzlyContainer: stopped on port #37307
Feb 11, 2023 8:32:18 PM org.glassfish.grizzly.http.server.NetworkListener start
INFO: Started listener bound to [0.0.0.0:46313]
Feb 11, 2023 8:32:18 PM org.glassfish.grizzly.http.server.HttpServer start
INFO: [HttpServer-1] Started.
[[0;37mINFO[m] main com.jcabi.http.mock.MkGrizzlyContainer: started on port #46313
[[0;37mINFO[m] main com.jcabi.http.request.BaseRequest: #fetch(GET localhost:46313 /): [200 OK] in 4ms
[[0;37mINFO[m] main com.jcabi.http.mock.MkGrizzlyContainer: stopped on port #46313
[INFO] Tests run: 2, Failures: 0, Errors: 0, Skipped: 0, Time elapsed: 0.452 s - in com.jcabi.http.wire.UserAgentWireTest
[INFO] Running com.jcabi.http.response.WebLinkingResponseTest
[[0;37mINFO[m] main com.jcabi.http.request.BaseRequest: #fetch(GET localhost /test): [200 OK] in 0ms
[[0;37mINFO[m] main com.jcabi.http.request.BaseRequest: #fetch(GET localhost:12345 /see-FakeRequest-class): [200 OK] in 0ms
[[0;37mINFO[m] main com.jcabi.http.request.BaseRequest: #fetch(GET localhost:12345 /see-FakeRequest-class): [200 OK] in 0ms
[INFO] Tests run: 2, Failures: 0, Errors: 0, Skipped: 0, Time elapsed: 0.015 s - in com.jcabi.http.response.WebLinkingResponseTest
[INFO] Running com.jcabi.http.wire.VerboseWireTest
Feb 11, 2023 8:32:18 PM org.glassfish.grizzly.http.server.NetworkListener start
INFO: Started listener bound to [0.0.0.0:44069]
Feb 11, 2023 8:32:18 PM org.glassfish.grizzly.http.server.HttpServer start
INFO: [HttpServer-2] Started.
[[0;37mINFO[m] main com.jcabi.http.mock.MkGrizzlyContainer: started on port #44069
[[0;37mINFO[m] main com.jcabi.http.wire.VerboseWire: #send(GET http://localhost:44069/):
HTTP Request (com.jcabi.http.request.BaseRequest):
  User-Agent: it's me
  
  <<empty>>
HTTP Response (com.jcabi.http.request.DefaultResponse):
  200 OK [http://localhost:44069/]
  Server: com.jcabi.http.mock.MkGrizzlyAdapter query #1, 1 answer(s) left
  Content-Length: 0
  
  <<empty>>
[[0;37mINFO[m] main com.jcabi.http.request.BaseRequest: #fetch(GET localhost:44069 /): [200 OK] in 5ms
[[0;37mINFO[m] main com.jcabi.http.mock.MkGrizzlyContainer: stopped on port #44069
Feb 11, 2023 8:32:18 PM org.glassfish.grizzly.http.server.NetworkListener start
INFO: Started listener bound to [0.0.0.0:38329]
Feb 11, 2023 8:32:18 PM org.glassfish.grizzly.http.server.HttpServer start
INFO: [HttpServer-3] Started.
[[0;37mINFO[m] main com.jcabi.http.mock.MkGrizzlyContainer: started on port #38329
[[0;37mINFO[m] main com.jcabi.http.wire.VerboseWire: #send(POST http://localhost:38329/):
HTTP Request (com.jcabi.http.request.BaseRequest):
  
  hello, world!
HTTP Response (com.jcabi.http.request.DefaultResponse):
  200 OK [http://localhost:38329/]
  Server: com.jcabi.http.mock.MkGrizzlyAdapter query #1, 1 answer(s) left
  Content-Length: 0
  
  <<empty>>
[[0;37mINFO[m] main com.jcabi.http.request.BaseRequest: #fetch(POST localhost:38329 /): [200 OK] in 7ms
[[0;37mINFO[m] main com.jcabi.http.mock.MkGrizzlyContainer: stopped on port #38329
[INFO] Tests run: 2, Failures: 0, Errors: 0, Skipped: 0, Time elapsed: 0.098 s - in com.jcabi.http.wire.VerboseWireTest
[INFO] Running com.jcabi.http.response.JsonResponseTest
[[0;37mINFO[m] main com.jcabi.http.request.BaseRequest: #fetch(GET localhost:12345 /see-FakeRequest-class): [200 OK] in 0ms
[[0;37mINFO[m] main com.jcabi.http.request.BaseRequest: #fetch(GET localhost:12345 /see-FakeRequest-class): [200 OK] in 0ms
[[0;37mINFO[m] main com.jcabi.http.request.BaseRequest: #fetch(GET localhost:12345 /see-FakeRequest-class): [200 OK] in 0ms
[[0;37mINFO[m] main com.jcabi.http.request.BaseRequest: #fetch(GET localhost:12345 /see-FakeRequest-class): [200 OK] in 0ms
[[0;37mINFO[m] main com.jcabi.http.request.BaseRequest: #fetch(GET localhost:12345 /see-FakeRequest-class): [200 OK] in 0ms
[INFO] Tests run: 5, Failures: 0, Errors: 0, Skipped: 0, Time elapsed: 0.039 s - in com.jcabi.http.response.JsonResponseTest
[INFO] Running com.jcabi.http.wire.CookieOptimizingWireTest
Feb 11, 2023 8:32:19 PM org.glassfish.grizzly.http.server.NetworkListener start
INFO: Started listener bound to [0.0.0.0:41021]
Feb 11, 2023 8:32:19 PM org.glassfish.grizzly.http.server.HttpServer start
INFO: [HttpServer-4] Started.
[[0;37mINFO[m] main com.jcabi.http.mock.MkGrizzlyContainer: started on port #41021
[[0;37mINFO[m] main com.jcabi.http.wire.VerboseWire: #send(GET http://localhost:41021/):
HTTP Request (com.jcabi.http.request.BaseRequest):
  Cookie: second=initial-value
  
  <<empty>>
HTTP Response (com.jcabi.http.request.DefaultResponse):
  200 OK [http://localhost:41021/]
  Server: com.jcabi.http.mock.MkGrizzlyAdapter query #1, 2 answer(s) left
  Set-Cookie: third=B; path=/
  Set-Cookie: second=; path=/
  Set-Cookie: first=A; path=/
  Content-Length: 0
  Location: /a
  
  <<empty>>
[[0;37mINFO[m] main com.jcabi.http.request.BaseRequest: #fetch(GET localhost:41021 /): [200 OK] in 4ms
[[0;37mINFO[m] main com.jcabi.http.wire.VerboseWire: #send(GET http://localhost:41021/a):
HTTP Request (com.jcabi.http.request.BaseRequest):
  Cookie: third=B; first=A
  
  <<empty>>
HTTP Response (com.jcabi.http.request.DefaultResponse):
  200 OK [http://localhost:41021/a]
  Server: com.jcabi.http.mock.MkGrizzlyAdapter query #2, 1 answer(s) left
  Content-Length: 0
  
  <<empty>>
[[0;37mINFO[m] main com.jcabi.http.request.BaseRequest: #fetch(GET localhost:41021 /a): [200 OK] in 3ms
[[0;37mINFO[m] main com.jcabi.http.mock.MkGrizzlyContainer: stopped on port #41021
Feb 11, 2023 8:32:19 PM org.glassfish.grizzly.http.server.NetworkListener start
INFO: Started listener bound to [0.0.0.0:39321]
Feb 11, 2023 8:32:19 PM org.glassfish.grizzly.http.server.HttpServer start
INFO: [HttpServer-5] Started.
[[0;37mINFO[m] main com.jcabi.http.mock.MkGrizzlyContainer: started on port #39321
[[0;37mINFO[m] main com.jcabi.http.wire.VerboseWire: #send(GET http://localhost:39321/):
HTTP Request (com.jcabi.http.request.BaseRequest):
  Cookie: alpha=boom5
  
  <<empty>>
HTTP Response (com.jcabi.http.request.DefaultResponse):
  200 OK [http://localhost:39321/]
  Server: com.jcabi.http.mock.MkGrizzlyAdapter query #1, 2 answer(s) left
  Set-Cookie: gamma=something; path=/
  Set-Cookie: alpha=boom1; path=/
  Set-Cookie: beta=something; path=/
  Content-Length: 0
  Location: /
  
  <<empty>>
[[0;37mINFO[m] main com.jcabi.http.request.BaseRequest: #fetch(GET localhost:39321 /): [200 OK] in 4ms
[[0;37mINFO[m] main com.jcabi.http.wire.VerboseWire: #send(GET http://localhost:39321/):
HTTP Request (com.jcabi.http.request.BaseRequest):
  Cookie: gamma=something; beta=something; alpha=boom1
  
  <<empty>>
HTTP Response (com.jcabi.http.request.DefaultResponse):
  200 OK [http://localhost:39321/]
  Server: com.jcabi.http.mock.MkGrizzlyAdapter query #2, 1 answer(s) left
  Content-Length: 0
  
  <<empty>>
[[0;37mINFO[m] main com.jcabi.http.request.BaseRequest: #fetch(GET localhost:39321 /): [200 OK] in 4ms
[[0;37mINFO[m] main com.jcabi.http.mock.MkGrizzlyContainer: stopped on port #39321
[INFO] Tests run: 2, Failures: 0, Errors: 0, Skipped: 0, Time elapsed: 0.175 s - in com.jcabi.http.wire.CookieOptimizingWireTest
[INFO] Running com.jcabi.http.request.FakeRequestTest
[[0;37mINFO[m] main com.jcabi.http.request.BaseRequest: #fetch(POST localhost:12345 /see-FakeRequest-class/helloall): [200 OK] in 0ms
[[0;37mINFO[m] main com.jcabi.http.request.BaseRequest: #fetch(GET google.com /): [200 OK] in 0ms
[[0;37mINFO[m] main com.jcabi.http.request.BaseRequest: #fetch(POST localhost:12345 /see-FakeRequest-class/binContent): [200 OK] in 0ms
[[0;37mINFO[m] main com.jcabi.http.request.BaseRequest: #fetch(GET localhost:12345 /see-FakeRequest-class): [200 OK] in 1ms
[INFO] Tests run: 7, Failures: 0, Errors: 0, Skipped: 0, Time elapsed: 0.031 s - in com.jcabi.http.request.FakeRequestTest
[INFO] Running com.jcabi.http.request.DefaultResponseTest
[INFO] Tests run: 1, Failures: 0, Errors: 0, Skipped: 0, Time elapsed: 0.297 s - in com.jcabi.http.request.DefaultResponseTest
[INFO] Running com.jcabi.http.wire.BasicAuthWireTest
Feb 11, 2023 8:32:19 PM org.glassfish.grizzly.http.server.NetworkListener start
INFO: Started listener bound to [0.0.0.0:35039]
Feb 11, 2023 8:32:19 PM org.glassfish.grizzly.http.server.HttpServer start
INFO: [HttpServer-6] Started.
[[0;37mINFO[m] main com.jcabi.http.mock.MkGrizzlyContainer: started on port #35039
[[0;37mINFO[m] main com.jcabi.http.request.BaseRequest: #fetch(GET localhost:35039 /): [404 Not Found] in 4ms
[[0;37mINFO[m] main com.jcabi.http.mock.MkGrizzlyContainer: stopped on port #35039
Feb 11, 2023 8:32:19 PM org.glassfish.grizzly.http.server.NetworkListener start
INFO: Started listener bound to [0.0.0.0:46409]
Feb 11, 2023 8:32:19 PM org.glassfish.grizzly.http.server.HttpServer start
INFO: [HttpServer-7] Started.
[[0;37mINFO[m] main com.jcabi.http.mock.MkGrizzlyContainer: started on port #46409
[[0;37mINFO[m] main com.jcabi.http.request.BaseRequest: #fetch(GET localhost:46409 /): [200 OK] in 2ms
[[0;37mINFO[m] main com.jcabi.http.mock.MkGrizzlyContainer: stopped on port #46409
Feb 11, 2023 8:32:19 PM org.glassfish.grizzly.http.server.NetworkListener start
INFO: Started listener bound to [0.0.0.0:42733]
Feb 11, 2023 8:32:19 PM org.glassfish.grizzly.http.server.HttpServer start
INFO: [HttpServer-8] Started.
[[0;37mINFO[m] main com.jcabi.http.mock.MkGrizzlyContainer: started on port #42733
[[0;37mINFO[m] main com.jcabi.http.request.BaseRequest: #fetch(GET localhost:42733 /): [200 OK] in 5ms
[[0;37mINFO[m] main com.jcabi.http.mock.MkGrizzlyContainer: stopped on port #42733
Feb 11, 2023 8:32:19 PM org.glassfish.grizzly.http.server.NetworkListener start
INFO: Started listener bound to [0.0.0.0:41199]
Feb 11, 2023 8:32:19 PM org.glassfish.grizzly.http.server.HttpServer start
INFO: [HttpServer-9] Started.
[[0;37mINFO[m] main com.jcabi.http.mock.MkGrizzlyContainer: started on port #41199
[[0;37mINFO[m] main com.jcabi.http.request.BaseRequest: #fetch(GET localhost:41199 /): [200 OK] in 4ms
[[0;37mINFO[m] main com.jcabi.http.mock.MkGrizzlyContainer: stopped on port #41199
[INFO] Tests run: 4, Failures: 0, Errors: 0, Skipped: 0, Time elapsed: 0.269 s - in com.jcabi.http.wire.BasicAuthWireTest
[INFO] Running com.jcabi.http.wire.LastModifiedCachingWireTest
Feb 11, 2023 8:32:19 PM org.glassfish.grizzly.http.server.NetworkListener start
INFO: Started listener bound to [0.0.0.0:42845]
Feb 11, 2023 8:32:19 PM org.glassfish.grizzly.http.server.HttpServer start
INFO: [HttpServer-10] Started.
[[0;37mINFO[m] main com.jcabi.http.mock.MkGrizzlyContainer: started on port #42845
[[0;37mINFO[m] main com.jcabi.http.request.BaseRequest: #fetch(GET localhost:42845 /): [200 OK] in 34ms
[[0;37mINFO[m] main com.jcabi.http.request.BaseRequest: #fetch(GET localhost:42845 /): [200 OK] in 2ms
[[0;37mINFO[m] main com.jcabi.http.mock.MkGrizzlyContainer: stopped on port #42845
Feb 11, 2023 8:32:19 PM org.glassfish.grizzly.http.server.NetworkListener start
INFO: Started listener bound to [0.0.0.0:38237]
Feb 11, 2023 8:32:19 PM org.glassfish.grizzly.http.server.HttpServer start
INFO: [HttpServer-11] Started.
[[0;37mINFO[m] main com.jcabi.http.mock.MkGrizzlyContainer: started on port #38237
[[0;37mINFO[m] main com.jcabi.http.request.BaseRequest: #fetch(GET localhost:38237 /): [200 OK] in 4ms
[[0;37mINFO[m] main com.jcabi.http.request.BaseRequest: #fetch(GET localhost:38237 /): [200 OK] in 2ms
[[0;37mINFO[m] main com.jcabi.http.request.BaseRequest: #fetch(GET localhost:38237 /): [200 OK] in 3ms
[[0;37mINFO[m] main com.jcabi.http.mock.MkGrizzlyContainer: stopped on port #38237
Feb 11, 2023 8:32:19 PM org.glassfish.grizzly.http.server.NetworkListener start
INFO: Started listener bound to [0.0.0.0:41373]
Feb 11, 2023 8:32:19 PM org.glassfish.grizzly.http.server.HttpServer start
INFO: [HttpServer-12] Started.
[[0;37mINFO[m] main com.jcabi.http.mock.MkGrizzlyContainer: started on port #41373
[[0;37mINFO[m] main com.jcabi.http.request.BaseRequest: #fetch(GET localhost:41373 /): [200 OK] in 3ms
[[0;37mINFO[m] main com.jcabi.http.mock.MkGrizzlyContainer: stopped on port #41373
Feb 11, 2023 8:32:20 PM org.glassfish.grizzly.http.server.NetworkListener start
INFO: Started listener bound to [0.0.0.0:39673]
Feb 11, 2023 8:32:20 PM org.glassfish.grizzly.http.server.HttpServer start
INFO: [HttpServer-13] Started.
[[0;37mINFO[m] main com.jcabi.http.mock.MkGrizzlyContainer: started on port #39673
[[0;37mINFO[m] main com.jcabi.http.request.BaseRequest: #fetch(GET localhost:39673 /): [200 OK] in 3ms
[[0;37mINFO[m] main com.jcabi.http.request.BaseRequest: #fetch(GET localhost:39673 /): [404 Not Found] in 2ms
[[0;37mINFO[m] main com.jcabi.http.request.BaseRequest: #fetch(GET localhost:39673 /): [200 OK] in 1ms
[[0;37mINFO[m] main com.jcabi.http.mock.MkGrizzlyContainer: stopped on port #39673
Feb 11, 2023 8:32:20 PM org.glassfish.grizzly.http.server.NetworkListener start
INFO: Started listener bound to [0.0.0.0:44307]
Feb 11, 2023 8:32:20 PM org.glassfish.grizzly.http.server.HttpServer start
INFO: [HttpServer-14] Started.
[[0;37mINFO[m] main com.jcabi.http.mock.MkGrizzlyContainer: started on port #44307
[[0;37mINFO[m] main com.jcabi.http.request.BaseRequest: #fetch(GET localhost:44307 /): [200 OK] in 3ms
[[0;37mINFO[m] main com.jcabi.http.request.BaseRequest: #fetch(GET localhost:44307 /): [200 OK] in 2ms
[[0;37mINFO[m] main com.jcabi.http.request.BaseRequest: #fetch(GET localhost:44307 /): [200 OK] in 2ms
[[0;37mINFO[m] main com.jcabi.http.request.BaseRequest: #fetch(GET localhost:44307 /): [200 OK] in 2ms
[[0;37mINFO[m] main com.jcabi.http.request.BaseRequest: #fetch(GET localhost:44307 /): [200 OK] in 2ms
[[0;37mINFO[m] main com.jcabi.http.request.BaseRequest: #fetch(GET localhost:44307 /): [200 OK] in 1ms
[[0;37mINFO[m] main com.jcabi.http.request.BaseRequest: #fetch(GET localhost:44307 /): [200 OK] in 1ms
[[0;37mINFO[m] main com.jcabi.http.request.BaseRequest: #fetch(GET localhost:44307 /): [200 OK] in 1ms
[[0;37mINFO[m] main com.jcabi.http.request.BaseRequest: #fetch(GET localhost:44307 /): [200 OK] in 1ms
[[0;37mINFO[m] main com.jcabi.http.request.BaseRequest: #fetch(GET localhost:44307 /): [200 OK] in 2ms
[[0;37mINFO[m] main com.jcabi.http.mock.MkGrizzlyContainer: stopped on port #44307
Feb 11, 2023 8:32:20 PM org.glassfish.grizzly.http.server.NetworkListener start
INFO: Started listener bound to [0.0.0.0:34773]
Feb 11, 2023 8:32:20 PM org.glassfish.grizzly.http.server.HttpServer start
INFO: [HttpServer-15] Started.
[[0;37mINFO[m] main com.jcabi.http.mock.MkGrizzlyContainer: started on port #34773
[[0;37mINFO[m] main com.jcabi.http.request.BaseRequest: #fetch(GET localhost:34773 /): [200 OK] in 3ms
[[0;37mINFO[m] main com.jcabi.http.request.BaseRequest: #fetch(GET localhost:34773 /): [200 OK] in 1ms
[[0;37mINFO[m] main com.jcabi.http.request.BaseRequest: #fetch(GET localhost:34773 /): [200 OK] in 3ms
[[0;37mINFO[m] main com.jcabi.http.request.BaseRequest: #fetch(GET localhost:34773 /): [200 OK] in 2ms
[[0;37mINFO[m] main com.jcabi.http.mock.MkGrizzlyContainer: stopped on port #34773
[INFO] Tests run: 6, Failures: 0, Errors: 0, Skipped: 0, Time elapsed: 0.341 s - in com.jcabi.http.wire.LastModifiedCachingWireTest
[INFO] Running com.jcabi.http.mock.MkContainerTest
Feb 11, 2023 8:32:20 PM org.glassfish.grizzly.http.server.NetworkListener start
INFO: Started listener bound to [0.0.0.0:36151]
Feb 11, 2023 8:32:20 PM org.glassfish.grizzly.http.server.HttpServer start
INFO: [HttpServer-16] Started.
[[0;37mINFO[m] main com.jcabi.http.mock.MkGrizzlyContainer: started on port #36151
[[0;37mINFO[m] main com.jcabi.http.wire.VerboseWire: #send(POST http://localhost:36151/):
HTTP Request (com.jcabi.http.request.BaseRequest):
  
  reqBodyMatches
HTTP Response (com.jcabi.http.request.DefaultResponse):
  200 OK [http://localhost:36151/]
  Server: com.jcabi.http.mock.MkGrizzlyAdapter query #1, 2 answer(s) left
  Content-Length: 15
  
  respBodyMatches
[[0;37mINFO[m] main com.jcabi.http.request.BaseRequest: #fetch(POST localhost:36151 /): [200 OK] in 3ms
[[0;37mINFO[m] main com.jcabi.http.wire.VerboseWire: #send(POST http://localhost:36151/):
HTTP Request (com.jcabi.http.request.BaseRequest):
  
  reqBodyMismatches
HTTP Response (com.jcabi.http.request.DefaultResponse):
  200 OK [http://localhost:36151/]
  Server: com.jcabi.http.mock.MkGrizzlyAdapter query #2, 1 answer(s) left
  Content-Length: 4
  
  bleh
[[0;37mINFO[m] main com.jcabi.http.request.BaseRequest: #fetch(POST localhost:36151 /): [200 OK] in 3ms
[[0;37mINFO[m] main com.jcabi.http.mock.MkGrizzlyContainer: stopped on port #36151
Feb 11, 2023 8:32:20 PM org.glassfish.grizzly.http.server.NetworkListener start
INFO: Started listener bound to [0.0.0.0:34801]
Feb 11, 2023 8:32:20 PM org.glassfish.grizzly.http.server.HttpServer start
INFO: [HttpServer-17] Started.
[[0;37mINFO[m] main com.jcabi.http.mock.MkGrizzlyContainer: started on port #34801
[[0;37mINFO[m] main com.jcabi.http.wire.VerboseWire: #send(GET http://localhost:34801/):
HTTP Request (com.jcabi.http.request.BaseRequest):
  
  <<empty>>
HTTP Response (com.jcabi.http.request.DefaultResponse):
  500 Internal Server Error [http://localhost:34801/]
  Connection: close
  Content-Length: 462
  
  java.util.NoSuchElementException: No matching answers found.
  	at com.jcabi.http.mock.MkGrizzlyAdapter.service(MkGrizzlyAdapter.java:127)
  	at org.glassfish.grizzly.http.server.HttpHandler$1.run(HttpHandler.java:200)
  	at org.glassfish.grizzly.threadpool.AbstractThreadPool$Worker.doWork(AbstractThreadPool.java:569)
  	at org.glassfish.grizzly.threadpool.AbstractThreadPool$Worker.run(AbstractThreadPool.java:549)
  	at java.base/java.lang.Thread.run(Thread.java:829)
  
[[0;37mINFO[m] main com.jcabi.http.request.BaseRequest: #fetch(GET localhost:34801 /): [500 Internal Server Error] in 4ms
[[0;37mINFO[m] main com.jcabi.http.mock.MkGrizzlyContainer: stopped on port #34801
Feb 11, 2023 8:32:20 PM org.glassfish.grizzly.http.server.NetworkListener start
INFO: Started listener bound to [0.0.0.0:34335]
Feb 11, 2023 8:32:20 PM org.glassfish.grizzly.http.server.HttpServer start
INFO: [HttpServer-18] Started.
[[0;37mINFO[m] main com.jcabi.http.mock.MkGrizzlyContainer: started on port #34335
[[0;37mINFO[m] main com.jcabi.http.wire.VerboseWire: #send(GET http://localhost:34335/):
HTTP Request (com.jcabi.http.request.BaseRequest):
  X-Something: text/html
  X-Something: text/xml
  
  <<empty>>
HTTP Response (com.jcabi.http.request.DefaultResponse):
  200 OK [http://localhost:34335/]
  Server: com.jcabi.http.mock.MkGrizzlyAdapter query #1, 1 answer(s) left
  Content-Length: 0
  
  <<empty>>
[[0;37mINFO[m] main com.jcabi.http.request.BaseRequest: #fetch(GET localhost:34335 /): [200 OK] in 3ms
[[0;37mINFO[m] main com.jcabi.http.mock.MkGrizzlyContainer: stopped on port #34335
Feb 11, 2023 8:32:20 PM org.glassfish.grizzly.http.server.NetworkListener start
INFO: Started listener bound to [0.0.0.0:41343]
Feb 11, 2023 8:32:20 PM org.glassfish.grizzly.http.server.HttpServer start
INFO: [HttpServer-19] Started.
[[0;37mINFO[m] main com.jcabi.http.mock.MkGrizzlyContainer: started on port #41343
[[0;37mINFO[m] main com.jcabi.http.wire.VerboseWire: #send(GET http://localhost:41343/):
HTTP Request (com.jcabi.http.request.BaseRequest):
  
  <<empty>>
HTTP Response (com.jcabi.http.request.DefaultResponse):
  200 OK [http://localhost:41343/]
  Server: com.jcabi.http.mock.MkGrizzlyAdapter query #1, 2 answer(s) left
  Content-Length: 8
  
  matching
[[0;37mINFO[m] main com.jcabi.http.request.BaseRequest: #fetch(GET localhost:41343 /): [200 OK] in 4ms
[[0;37mINFO[m] main com.jcabi.http.mock.MkGrizzlyContainer: stopped on port #41343
Feb 11, 2023 8:32:20 PM org.glassfish.grizzly.http.server.NetworkListener start
INFO: Started listener bound to [0.0.0.0:33423]
Feb 11, 2023 8:32:20 PM org.glassfish.grizzly.http.server.HttpServer start
INFO: [HttpServer-20] Started.
[[0;37mINFO[m] main com.jcabi.http.mock.MkGrizzlyContainer: started on port #33423
[[0;37mINFO[m] main com.jcabi.http.request.BaseRequest: #fetch(GET localhost:33423 /): [200 OK] in 2ms
[[0;37mINFO[m] main com.jcabi.http.mock.MkGrizzlyContainer: stopped on port #33423
Feb 11, 2023 8:32:20 PM org.glassfish.grizzly.http.server.NetworkListener start
INFO: Started listener bound to [0.0.0.0:35433]
Feb 11, 2023 8:32:20 PM org.glassfish.grizzly.http.server.HttpServer start
INFO: [HttpServer-21] Started.
[[0;37mINFO[m] main com.jcabi.http.mock.MkGrizzlyContainer: started on port #35433
[[0;37mINFO[m] main com.jcabi.http.wire.VerboseWire: #send(GET http://localhost:35433/):
HTTP Request (com.jcabi.http.request.BaseRequest):
  
  <<empty>>
HTTP Response (com.jcabi.http.request.DefaultResponse):
  200 OK [http://localhost:35433/]
  Server: com.jcabi.http.mock.MkGrizzlyAdapter query #1, 1 answer(s) left
  Content-Length: 5
  
   E!\ufffd
[[0;37mINFO[m] main com.jcabi.http.request.BaseRequest: #fetch(GET localhost:35433 /): [200 OK] in 2ms
[[0;37mINFO[m] main com.jcabi.http.mock.MkGrizzlyContainer: stopped on port #35433
Feb 11, 2023 8:32:20 PM org.glassfish.grizzly.http.server.NetworkListener start
INFO: Started listener bound to [0.0.0.0:33207]
Feb 11, 2023 8:32:20 PM org.glassfish.grizzly.http.server.HttpServer start
INFO: [HttpServer-22] Started.
[[0;37mINFO[m] main com.jcabi.http.mock.MkGrizzlyContainer: started on port #33207
[[0;37mINFO[m] main com.jcabi.http.wire.VerboseWire: #send(POST http://localhost:33207/):
HTTP Request (com.jcabi.http.request.BaseRequest):
  
  multipleRequestMatches
HTTP Response (com.jcabi.http.request.DefaultResponse):
  200 OK [http://localhost:33207/]
  Server: com.jcabi.http.mock.MkGrizzlyAdapter query #1, 2 answer(s) left
  Content-Length: 23
  
  multipleResponseMatches
[[0;37mINFO[m] main com.jcabi.http.request.BaseRequest: #fetch(POST localhost:33207 /): [200 OK] in 2ms
[[0;37mINFO[m] main com.jcabi.http.wire.VerboseWire: #send(POST http://localhost:33207/):
HTTP Request (com.jcabi.http.request.BaseRequest):
  
  multipleRequestMatches
HTTP Response (com.jcabi.http.request.DefaultResponse):
  200 OK [http://localhost:33207/]
  Server: com.jcabi.http.mock.MkGrizzlyAdapter query #2, 2 answer(s) left
  Content-Length: 23
  
  multipleResponseMatches
[[0;37mINFO[m] main com.jcabi.http.request.BaseRequest: #fetch(POST localhost:33207 /): [200 OK] in 1ms
[[0;37mINFO[m] main com.jcabi.http.wire.VerboseWire: #send(POST http://localhost:33207/):
HTTP Request (com.jcabi.http.request.BaseRequest):
  
  multipleRequestNotMatching
HTTP Response (com.jcabi.http.request.DefaultResponse):
  200 OK [http://localhost:33207/]
  Server: com.jcabi.http.mock.MkGrizzlyAdapter query #3, 1 answer(s) left
  Content-Length: 4
  
  blaa
[[0;37mINFO[m] main com.jcabi.http.request.BaseRequest: #fetch(POST localhost:33207 /): [200 OK] in 2ms
[[0;37mINFO[m] main com.jcabi.http.mock.MkGrizzlyContainer: stopped on port #33207
Feb 11, 2023 8:32:20 PM org.glassfish.grizzly.http.server.NetworkListener start
INFO: Started listener bound to [0.0.0.0:42921]
Feb 11, 2023 8:32:20 PM org.glassfish.grizzly.http.server.HttpServer start
INFO: [HttpServer-23] Started.
[[0;37mINFO[m] main com.jcabi.http.mock.MkGrizzlyContainer: started on port #42921
[[0;37mINFO[m] main com.jcabi.http.wire.VerboseWire: #send(GET http://localhost:42921/):
HTTP Request (com.jcabi.http.request.BaseRequest):
  
  <<empty>>
HTTP Response (com.jcabi.http.request.DefaultResponse):
  200 OK [http://localhost:42921/]
  Server: com.jcabi.http.mock.MkGrizzlyAdapter query #1, 1 answer(s) left
  Content-Length: 8
  
  multiple
[[0;37mINFO[m] main com.jcabi.http.request.BaseRequest: #fetch(GET localhost:42921 /): [200 OK] in 2ms
[[0;37mINFO[m] main com.jcabi.http.wire.VerboseWire: #send(GET http://localhost:42921/):
HTTP Request (com.jcabi.http.request.BaseRequest):
  
  <<empty>>
HTTP Response (com.jcabi.http.request.DefaultResponse):
  200 OK [http://localhost:42921/]
  Server: com.jcabi.http.mock.MkGrizzlyAdapter query #2, 1 answer(s) left
  Content-Length: 8
  
  multiple
[[0;37mINFO[m] main com.jcabi.http.request.BaseRequest: #fetch(GET localhost:42921 /): [200 OK] in 2ms
[[0;37mINFO[m] main com.jcabi.http.wire.VerboseWire: #send(GET http://localhost:42921/):
HTTP Request (com.jcabi.http.request.BaseRequest):
  
  <<empty>>
HTTP Response (com.jcabi.http.request.DefaultResponse):
  200 OK [http://localhost:42921/]
  Server: com.jcabi.http.mock.MkGrizzlyAdapter query #3, 1 answer(s) left
  Content-Length: 8
  
  multiple
[[0;37mINFO[m] main com.jcabi.http.request.BaseRequest: #fetch(GET localhost:42921 /): [200 OK] in 2ms
[[0;37mINFO[m] main com.jcabi.http.wire.VerboseWire: #send(GET http://localhost:42921/):
HTTP Request (com.jcabi.http.request.BaseRequest):
  
  <<empty>>
HTTP Response (com.jcabi.http.request.DefaultResponse):
  200 OK [http://localhost:42921/]
  Server: com.jcabi.http.mock.MkGrizzlyAdapter query #4, 1 answer(s) left
  Content-Length: 8
  
  multiple
[[0;37mINFO[m] main com.jcabi.http.request.BaseRequest: #fetch(GET localhost:42921 /): [200 OK] in 1ms
[[0;37mINFO[m] main com.jcabi.http.wire.VerboseWire: #send(GET http://localhost:42921/):
HTTP Request (com.jcabi.http.request.BaseRequest):
  
  <<empty>>
HTTP Response (com.jcabi.http.request.DefaultResponse):
  200 OK [http://localhost:42921/]
  Server: com.jcabi.http.mock.MkGrizzlyAdapter query #5, 1 answer(s) left
  Content-Length: 8
  
  multiple
[[0;37mINFO[m] main com.jcabi.http.request.BaseRequest: #fetch(GET localhost:42921 /): [200 OK] in 1ms
[[0;37mINFO[m] main com.jcabi.http.mock.MkGrizzlyContainer: stopped on port #42921
Feb 11, 2023 8:32:20 PM org.glassfish.grizzly.http.server.NetworkListener start
INFO: Started listener bound to [0.0.0.0:42413]
Feb 11, 2023 8:32:20 PM org.glassfish.grizzly.http.server.HttpServer start
INFO: [HttpServer-24] Started.
[[0;37mINFO[m] main com.jcabi.http.mock.MkGrizzlyContainer: started on port #42413
[[0;37mINFO[m] main com.jcabi.http.wire.VerboseWire: #send(GET http://localhost:42413/):
HTTP Request (com.jcabi.http.request.BaseRequest):
  
  <<empty>>
HTTP Response (com.jcabi.http.request.DefaultResponse):
  200 OK [http://localhost:42413/]
  Server: com.jcabi.http.mock.MkGrizzlyAdapter query #1, 2 answer(s) left
  Content-Length: 5
  
  first
[[0;37mINFO[m] main com.jcabi.http.request.BaseRequest: #fetch(GET localhost:42413 /): [200 OK] in 3ms
[[0;37mINFO[m] main com.jcabi.http.mock.MkGrizzlyContainer: stopped on port #42413
[INFO] Tests run: 9, Failures: 0, Errors: 0, Skipped: 0, Time elapsed: 0.512 s - in com.jcabi.http.mock.MkContainerTest
[INFO] Running com.jcabi.http.wire.ETagCachingWireTest
Feb 11, 2023 8:32:20 PM org.glassfish.grizzly.http.server.NetworkListener start
INFO: Started listener bound to [0.0.0.0:33711]
Feb 11, 2023 8:32:20 PM org.glassfish.grizzly.http.server.HttpServer start
INFO: [HttpServer-25] Started.
[[0;37mINFO[m] main com.jcabi.http.mock.MkGrizzlyContainer: started on port #33711
[[0;37mINFO[m] main com.jcabi.http.request.BaseRequest: #fetch(GET localhost:33711 /): [200 OK] in 2ms
[[0;37mINFO[m] main com.jcabi.http.request.BaseRequest: #fetch(GET localhost:33711 /): [200 OK] in 1ms
[[0;37mINFO[m] main com.jcabi.http.mock.MkGrizzlyContainer: stopped on port #33711
Feb 11, 2023 8:32:20 PM org.glassfish.grizzly.http.server.NetworkListener start
INFO: Started listener bound to [0.0.0.0:44659]
Feb 11, 2023 8:32:20 PM org.glassfish.grizzly.http.server.HttpServer start
INFO: [HttpServer-26] Started.
[[0;37mINFO[m] main com.jcabi.http.mock.MkGrizzlyContainer: started on port #44659
[[0;37mINFO[m] main com.jcabi.http.request.BaseRequest: #fetch(GET localhost:44659 /): [200 OK] in 2ms
[[0;37mINFO[m] main com.jcabi.http.request.BaseRequest: #fetch(GET localhost:44659 /): [200 OK] in 1ms
[[0;37mINFO[m] main com.jcabi.http.mock.MkGrizzlyContainer: stopped on port #44659
[INFO] Tests run: 2, Failures: 0, Errors: 0, Skipped: 0, Time elapsed: 0.11 s - in com.jcabi.http.wire.ETagCachingWireTest
[INFO] Running com.jcabi.http.response.XmlResponseTest
[[0;37mINFO[m] main com.jcabi.http.request.BaseRequest: #fetch(GET localhost:12345 /see-FakeRequest-class): [200 OK] in 0ms
[[0;37mINFO[m] main com.jcabi.http.request.BaseRequest: #fetch(GET localhost:12345 /see-FakeRequest-class): [200 OK] in 0ms
[[0;37mINFO[m] main com.jcabi.http.request.BaseRequest: #fetch(GET localhost:12345 /see-FakeRequest-class): [200 OK] in 0ms
[[0;37mINFO[m] main com.jcabi.http.request.BaseRequest: #fetch(GET localhost:12345 /see-FakeRequest-class): [200 OK] in 0ms
[[0;37mINFO[m] main com.jcabi.http.request.BaseRequest: #fetch(GET localhost:12345 /see-FakeRequest-class): [200 OK] in 0ms
[INFO] Tests run: 5, Failures: 0, Errors: 0, Skipped: 0, Time elapsed: 0.11 s - in com.jcabi.http.response.XmlResponseTest
[INFO] Running com.jcabi.http.request.BaseRequestTest
Feb 11, 2023 8:32:20 PM org.glassfish.grizzly.http.server.NetworkListener start
INFO: Started listener bound to [0.0.0.0:44649]
Feb 11, 2023 8:32:20 PM org.glassfish.grizzly.http.server.HttpServer start
INFO: [HttpServer-27] Started.
[[0;37mINFO[m] main com.jcabi.http.mock.MkGrizzlyContainer: started on port #44649
[[0;37mINFO[m] main com.jcabi.http.request.BaseRequest: #fetch(POST localhost:44649 /): [200 OK] in 3ms
[INFO] Tests run: 7, Failures: 0, Errors: 0, Skipped: 0, Time elapsed: 0.088 s - in com.jcabi.http.request.BaseRequestTest
[INFO] Running com.jcabi.http.response.RestResponseTest
[[0;37mINFO[m] main com.jcabi.http.request.BaseRequest: #fetch(GET localhost:12345 /see-FakeRequest-class): [200 OK] in 0ms
[[0;37mINFO[m] main com.jcabi.http.request.BaseRequest: #fetch(GET localhost:12345 /see-FakeRequest-class): [200 OK] in 0ms
[[0;37mINFO[m] main com.jcabi.http.request.BaseRequest: #fetch(GET locahost:888 /tt): [200 OK] in 0ms
[[0;37mINFO[m] main com.jcabi.http.request.BaseRequest: #fetch(GET localhost:12345 /see-FakeRequest-class): [200 OK] in 0ms
[[0;37mINFO[m] main com.jcabi.http.request.BaseRequest: #fetch(GET localhost:12345 /see-FakeRequest-class): [200 OK] in 0ms
[INFO] Tests run: 5, Failures: 0, Errors: 0, Skipped: 0, Time elapsed: 0.009 s - in com.jcabi.http.response.RestResponseTest
[INFO] Running com.jcabi.http.RequestTest
Feb 11, 2023 8:32:21 PM org.glassfish.grizzly.http.server.NetworkListener start
INFO: Started listener bound to [0.0.0.0:33897]
Feb 11, 2023 8:32:21 PM org.glassfish.grizzly.http.server.HttpServer start
INFO: [HttpServer-28] Started.
[[0;37mINFO[m] main com.jcabi.http.mock.MkGrizzlyContainer: started on port #33897
[[0;37mINFO[m] main com.jcabi.http.request.BaseRequest: #fetch(GET localhost:33897 /helloall): [200 OK] in 174ms
[[0;37mINFO[m] main com.jcabi.http.mock.MkGrizzlyContainer: stopped on port #33897
Feb 11, 2023 8:32:21 PM org.glassfish.grizzly.http.server.NetworkListener start
INFO: Started listener bound to [0.0.0.0:40639]
Feb 11, 2023 8:32:21 PM org.glassfish.grizzly.http.server.HttpServer start
INFO: [HttpServer-29] Started.
[[0;37mINFO[m] main com.jcabi.http.mock.MkGrizzlyContainer: started on port #40639
[[0;37mINFO[m] main com.jcabi.http.request.BaseRequest: #fetch(GET localhost:40639 /helloall): [200 OK] in 4ms
[[0;37mINFO[m] main com.jcabi.http.mock.MkGrizzlyContainer: stopped on port #40639
Feb 11, 2023 8:32:21 PM org.glassfish.grizzly.http.server.NetworkListener start
INFO: Started listener bound to [0.0.0.0:36961]
Feb 11, 2023 8:32:21 PM org.glassfish.grizzly.http.server.HttpServer start
INFO: [HttpServer-30] Started.
[[0;37mINFO[m] main com.jcabi.http.mock.MkGrizzlyContainer: started on port #36961
[[0;37mINFO[m] main com.jcabi.http.request.BaseRequest: #fetch(GET localhost:36961 /): [404 Not Found] in 4ms
[[0;37mINFO[m] main com.jcabi.http.mock.MkGrizzlyContainer: stopped on port #36961
Feb 11, 2023 8:32:21 PM org.glassfish.grizzly.http.server.NetworkListener start
INFO: Started listener bound to [0.0.0.0:35583]
Feb 11, 2023 8:32:21 PM org.glassfish.grizzly.http.server.HttpServer start
INFO: [HttpServer-31] Started.
[[0;37mINFO[m] main com.jcabi.http.mock.MkGrizzlyContainer: started on port #35583
[[0;37mINFO[m] main com.jcabi.http.request.BaseRequest: #fetch(GET localhost:35583 /): [404 Not Found] in 3ms
[[0;37mINFO[m] main com.jcabi.http.mock.MkGrizzlyContainer: stopped on port #35583
Feb 11, 2023 8:32:21 PM org.glassfish.grizzly.http.server.NetworkListener start
INFO: Started listener bound to [0.0.0.0:37523]
Feb 11, 2023 8:32:21 PM org.glassfish.grizzly.http.server.HttpServer start
INFO: [HttpServer-32] Started.
[[0;37mINFO[m] main com.jcabi.http.mock.MkGrizzlyContainer: started on port #37523
[[0;37mINFO[m] main com.jcabi.http.request.BaseRequest: #fetch(POST localhost:37523 /): [200 OK] in 6ms
[[0;37mINFO[m] main com.jcabi.http.mock.MkGrizzlyContainer: stopped on port #37523
Feb 11, 2023 8:32:21 PM org.glassfish.grizzly.http.server.NetworkListener start
INFO: Started listener bound to [0.0.0.0:33935]
Feb 11, 2023 8:32:21 PM org.glassfish.grizzly.http.server.HttpServer start
INFO: [HttpServer-33] Started.
[[0;37mINFO[m] main com.jcabi.http.mock.MkGrizzlyContainer: started on port #33935
[[0;37mINFO[m] main com.jcabi.http.request.BaseRequest: #fetch(POST localhost:33935 /): [200 OK] in 3ms
[[0;37mINFO[m] main com.jcabi.http.mock.MkGrizzlyContainer: stopped on port #33935
Feb 11, 2023 8:32:21 PM org.glassfish.grizzly.http.server.NetworkListener start
INFO: Started listener bound to [0.0.0.0:36601]
Feb 11, 2023 8:32:21 PM org.glassfish.grizzly.http.server.HttpServer start
INFO: [HttpServer-34] Started.
[[0;37mINFO[m] main com.jcabi.http.mock.MkGrizzlyContainer: started on port #36601
[[0;37mINFO[m] main com.jcabi.http.request.BaseRequest: #fetch(GET localhost:36601 /): [200 OK] in 5ms
[[0;37mINFO[m] main com.jcabi.http.mock.MkGrizzlyContainer: stopped on port #36601
Feb 11, 2023 8:32:21 PM org.glassfish.grizzly.http.server.NetworkListener start
INFO: Started listener bound to [0.0.0.0:39787]
Feb 11, 2023 8:32:21 PM org.glassfish.grizzly.http.server.HttpServer start
INFO: [HttpServer-35] Started.
[[0;37mINFO[m] main com.jcabi.http.mock.MkGrizzlyContainer: started on port #39787
[[0;37mINFO[m] main com.jcabi.http.request.BaseRequest: #fetch(GET localhost:39787 /): [200 OK] in 29ms
[[0;37mINFO[m] main com.jcabi.http.mock.MkGrizzlyContainer: stopped on port #39787
Feb 11, 2023 8:32:21 PM org.glassfish.grizzly.http.server.NetworkListener start
INFO: Started listener bound to [0.0.0.0:33437]
Feb 11, 2023 8:32:21 PM org.glassfish.grizzly.http.server.HttpServer start
INFO: [HttpServer-36] Started.
[[0;37mINFO[m] main com.jcabi.http.mock.MkGrizzlyContainer: started on port #33437
[[0;37mINFO[m] main com.jcabi.http.request.BaseRequest: #fetch(GET localhost:33437 /): [200 OK] in 4ms
[[0;37mINFO[m] main com.jcabi.http.mock.MkGrizzlyContainer: stopped on port #33437
Feb 11, 2023 8:32:21 PM org.glassfish.grizzly.http.server.NetworkListener start
INFO: Started listener bound to [0.0.0.0:46045]
Feb 11, 2023 8:32:21 PM org.glassfish.grizzly.http.server.HttpServer start
INFO: [HttpServer-37] Started.
[[0;37mINFO[m] main com.jcabi.http.mock.MkGrizzlyContainer: started on port #46045
[[0;37mINFO[m] main com.jcabi.http.request.BaseRequest: #fetch(GET localhost:46045 /): [200 OK] in 2ms
[[0;37mINFO[m] main com.jcabi.http.mock.MkGrizzlyContainer: stopped on port #46045
Feb 11, 2023 8:32:21 PM org.glassfish.grizzly.http.server.NetworkListener start
INFO: Started listener bound to [0.0.0.0:37953]
Feb 11, 2023 8:32:21 PM org.glassfish.grizzly.http.server.HttpServer start
INFO: [HttpServer-38] Started.
[[0;37mINFO[m] main com.jcabi.http.mock.MkGrizzlyContainer: started on port #37953
[[0;37mINFO[m] main com.jcabi.http.request.BaseRequest: #fetch(GET localhost:37953 /abcde): [200 OK] in 5ms
[[0;37mINFO[m] main com.jcabi.http.mock.MkGrizzlyContainer: stopped on port #37953
Feb 11, 2023 8:32:21 PM org.glassfish.grizzly.http.server.NetworkListener start
INFO: Started listener bound to [0.0.0.0:34167]
Feb 11, 2023 8:32:21 PM org.glassfish.grizzly.http.server.HttpServer start
INFO: [HttpServer-39] Started.
[[0;37mINFO[m] main com.jcabi.http.mock.MkGrizzlyContainer: started on port #34167
[[0;37mINFO[m] main com.jcabi.http.request.BaseRequest: #fetch(GET localhost:34167 /abcde): [200 OK] in 5ms
[[0;37mINFO[m] main com.jcabi.http.mock.MkGrizzlyContainer: stopped on port #34167
Feb 11, 2023 8:32:21 PM org.glassfish.grizzly.http.server.NetworkListener start
INFO: Started listener bound to [0.0.0.0:39391]
Feb 11, 2023 8:32:21 PM org.glassfish.grizzly.http.server.HttpServer start
INFO: [HttpServer-40] Started.
[[0;37mINFO[m] main com.jcabi.http.mock.MkGrizzlyContainer: started on port #39391
[[0;37mINFO[m] main com.jcabi.http.request.BaseRequest: #fetch(GET localhost:39391 /abcdefff): [200 OK] in 4ms
[[0;37mINFO[m] main com.jcabi.http.mock.MkGrizzlyContainer: stopped on port #39391
Feb 11, 2023 8:32:21 PM org.glassfish.grizzly.http.server.NetworkListener start
INFO: Started listener bound to [0.0.0.0:38403]
Feb 11, 2023 8:32:21 PM org.glassfish.grizzly.http.server.HttpServer start
INFO: [HttpServer-41] Started.
[[0;37mINFO[m] main com.jcabi.http.mock.MkGrizzlyContainer: started on port #38403
[[0;37mINFO[m] main com.jcabi.http.request.BaseRequest: #fetch(GET localhost:38403 /abcdefff): [200 OK] in 2ms
[[0;37mINFO[m] main com.jcabi.http.mock.MkGrizzlyContainer: stopped on port #38403
Feb 11, 2023 8:32:21 PM org.glassfish.grizzly.http.server.NetworkListener start
INFO: Started listener bound to [0.0.0.0:42123]
Feb 11, 2023 8:32:21 PM org.glassfish.grizzly.http.server.HttpServer start
INFO: [HttpServer-42] Started.
[[0;37mINFO[m] main com.jcabi.http.mock.MkGrizzlyContainer: started on port #42123
[[0;37mINFO[m] main com.jcabi.http.request.BaseRequest: #fetch(POST localhost:42123 /): [200 OK] in 3ms
[[0;37mINFO[m] main com.jcabi.http.mock.MkGrizzlyContainer: stopped on port #42123
Feb 11, 2023 8:32:21 PM org.glassfish.grizzly.http.server.NetworkListener start
INFO: Started listener bound to [0.0.0.0:33883]
Feb 11, 2023 8:32:21 PM org.glassfish.grizzly.http.server.HttpServer start
INFO: [HttpServer-43] Started.
[[0;37mINFO[m] main com.jcabi.http.mock.MkGrizzlyContainer: started on port #33883
[[0;37mINFO[m] main com.jcabi.http.request.BaseRequest: #fetch(POST localhost:33883 /): [200 OK] in 3ms
[[0;37mINFO[m] main com.jcabi.http.mock.MkGrizzlyContainer: stopped on port #33883
Feb 11, 2023 8:32:22 PM org.glassfish.grizzly.http.server.NetworkListener start
INFO: Started listener bound to [0.0.0.0:38269]
Feb 11, 2023 8:32:22 PM org.glassfish.grizzly.http.server.HttpServer start
INFO: [HttpServer-44] Started.
[[0;37mINFO[m] main com.jcabi.http.mock.MkGrizzlyContainer: started on port #38269
[[0;37mINFO[m] main com.jcabi.http.mock.MkGrizzlyContainer: stopped on port #38269
Feb 11, 2023 8:32:22 PM org.glassfish.grizzly.http.server.NetworkListener start
INFO: Started listener bound to [0.0.0.0:38895]
Feb 11, 2023 8:32:22 PM org.glassfish.grizzly.http.server.HttpServer start
INFO: [HttpServer-45] Started.
[[0;37mINFO[m] main com.jcabi.http.mock.MkGrizzlyContainer: started on port #38895
[[0;37mINFO[m] main com.jcabi.http.mock.MkGrizzlyContainer: stopped on port #38895
Feb 11, 2023 8:32:22 PM org.glassfish.grizzly.http.server.NetworkListener start
INFO: Started listener bound to [0.0.0.0:38153]
Feb 11, 2023 8:32:22 PM org.glassfish.grizzly.http.server.HttpServer start
INFO: [HttpServer-46] Started.
[[0;37mINFO[m] main com.jcabi.http.mock.MkGrizzlyContainer: started on port #38153
[[0;37mINFO[m] main com.jcabi.http.request.BaseRequest: #fetch(POST localhost:38153 /): [200 OK] in 4ms
[[0;37mINFO[m] main com.jcabi.http.mock.MkGrizzlyContainer: stopped on port #38153
Feb 11, 2023 8:32:22 PM org.glassfish.grizzly.http.server.NetworkListener start
INFO: Started listener bound to [0.0.0.0:44951]
Feb 11, 2023 8:32:22 PM org.glassfish.grizzly.http.server.HttpServer start
INFO: [HttpServer-47] Started.
[[0;37mINFO[m] main com.jcabi.http.mock.MkGrizzlyContainer: started on port #44951
[[0;37mINFO[m] main com.jcabi.http.request.BaseRequest: #fetch(POST localhost:44951 /): [200 OK] in 3ms
[[0;37mINFO[m] main com.jcabi.http.mock.MkGrizzlyContainer: stopped on port #44951
Feb 11, 2023 8:32:22 PM org.glassfish.grizzly.http.server.NetworkListener start
INFO: Started listener bound to [0.0.0.0:44241]
Feb 11, 2023 8:32:22 PM org.glassfish.grizzly.http.server.HttpServer start
INFO: [HttpServer-48] Started.
[[0;37mINFO[m] main com.jcabi.http.mock.MkGrizzlyContainer: started on port #44241
[[0;37mINFO[m] main com.jcabi.http.request.BaseRequest: #fetch(GET localhost:44241 /): [303 See Other] in 4ms
[[0;37mINFO[m] main com.jcabi.http.mock.MkGrizzlyContainer: stopped on port #44241
Feb 11, 2023 8:32:22 PM org.glassfish.grizzly.http.server.NetworkListener start
INFO: Started listener bound to [0.0.0.0:46809]
Feb 11, 2023 8:32:22 PM org.glassfish.grizzly.http.server.HttpServer start
INFO: [HttpServer-49] Started.
[[0;37mINFO[m] main com.jcabi.http.mock.MkGrizzlyContainer: started on port #46809
[[0;37mINFO[m] main com.jcabi.http.request.BaseRequest: #fetch(GET localhost:46809 /): [303 See Other] in 3ms
[[0;37mINFO[m] main com.jcabi.http.mock.MkGrizzlyContainer: stopped on port #46809
Feb 11, 2023 8:32:22 PM org.glassfish.grizzly.http.server.NetworkListener start
INFO: Started listener bound to [0.0.0.0:37041]
Feb 11, 2023 8:32:22 PM org.glassfish.grizzly.http.server.HttpServer start
INFO: [HttpServer-50] Started.
[[0;37mINFO[m] main com.jcabi.http.mock.MkGrizzlyContainer: started on port #37041
[[0;37mINFO[m] main com.jcabi.http.request.BaseRequest: #fetch(GET localhost:37041 /): [200 OK] in 5ms
[[0;37mINFO[m] main com.jcabi.http.mock.MkGrizzlyContainer: stopped on port #37041
Feb 11, 2023 8:32:22 PM org.glassfish.grizzly.http.server.NetworkListener start
INFO: Started listener bound to [0.0.0.0:42297]
Feb 11, 2023 8:32:22 PM org.glassfish.grizzly.http.server.HttpServer start
INFO: [HttpServer-51] Started.
[[0;37mINFO[m] main com.jcabi.http.mock.MkGrizzlyContainer: started on port #42297
[[0;37mINFO[m] main com.jcabi.http.request.BaseRequest: #fetch(GET localhost:42297 /): [200 OK] in 3ms
[[0;37mINFO[m] main com.jcabi.http.mock.MkGrizzlyContainer: stopped on port #42297
Feb 11, 2023 8:32:22 PM org.glassfish.grizzly.http.server.NetworkListener start
INFO: Started listener bound to [0.0.0.0:45253]
Feb 11, 2023 8:32:22 PM org.glassfish.grizzly.http.server.HttpServer start
INFO: [HttpServer-52] Started.
[[0;37mINFO[m] main com.jcabi.http.mock.MkGrizzlyContainer: started on port #45253
[[0;37mINFO[m] main com.jcabi.http.request.BaseRequest: #fetch(POST localhost:45253 /): [200 OK] in 4ms
[[0;37mINFO[m] main com.jcabi.http.mock.MkGrizzlyContainer: stopped on port #45253
Feb 11, 2023 8:32:22 PM org.glassfish.grizzly.http.server.NetworkListener start
INFO: Started listener bound to [0.0.0.0:35491]
Feb 11, 2023 8:32:22 PM org.glassfish.grizzly.http.server.HttpServer start
INFO: [HttpServer-53] Started.
[[0;37mINFO[m] main com.jcabi.http.mock.MkGrizzlyContainer: started on port #35491
[[0;37mINFO[m] main com.jcabi.http.request.BaseRequest: #fetch(POST localhost:35491 /): [200 OK] in 2ms
[[0;37mINFO[m] main com.jcabi.http.mock.MkGrizzlyContainer: stopped on port #35491
Feb 11, 2023 8:32:22 PM org.glassfish.grizzly.http.server.NetworkListener start
INFO: Started listener bound to [0.0.0.0:36959]
Feb 11, 2023 8:32:22 PM org.glassfish.grizzly.http.server.HttpServer start
INFO: [HttpServer-54] Started.
[[0;37mINFO[m] main com.jcabi.http.mock.MkGrizzlyContainer: started on port #36959
[[0;37mINFO[m] main com.jcabi.http.request.BaseRequest: #fetch(GET localhost:36959 /): [200 OK] in 4ms
[[0;37mINFO[m] main com.jcabi.http.mock.MkGrizzlyContainer: stopped on port #36959
Feb 11, 2023 8:32:22 PM org.glassfish.grizzly.http.server.NetworkListener start
INFO: Started listener bound to [0.0.0.0:43469]
Feb 11, 2023 8:32:22 PM org.glassfish.grizzly.http.server.HttpServer start
INFO: [HttpServer-55] Started.
[[0;37mINFO[m] main com.jcabi.http.mock.MkGrizzlyContainer: started on port #43469
[[0;37mINFO[m] main com.jcabi.http.request.BaseRequest: #fetch(GET localhost:43469 /): [200 OK] in 2ms
[[0;37mINFO[m] main com.jcabi.http.mock.MkGrizzlyContainer: stopped on port #43469
Feb 11, 2023 8:32:22 PM org.glassfish.grizzly.http.server.NetworkListener start
INFO: Started listener bound to [0.0.0.0:40077]
Feb 11, 2023 8:32:22 PM org.glassfish.grizzly.http.server.HttpServer start
INFO: [HttpServer-56] Started.
[[0;37mINFO[m] main com.jcabi.http.mock.MkGrizzlyContainer: started on port #40077
[[0;37mINFO[m] main com.jcabi.http.request.BaseRequest: #fetch(POST localhost:40077 /): [200 OK] in 4ms
[[0;37mINFO[m] main com.jcabi.http.mock.MkGrizzlyContainer: stopped on port #40077
Feb 11, 2023 8:32:22 PM org.glassfish.grizzly.http.server.NetworkListener start
INFO: Started listener bound to [0.0.0.0:41371]
Feb 11, 2023 8:32:22 PM org.glassfish.grizzly.http.server.HttpServer start
INFO: [HttpServer-57] Started.
[[0;37mINFO[m] main com.jcabi.http.mock.MkGrizzlyContainer: started on port #41371
[[0;37mINFO[m] main com.jcabi.http.request.BaseRequest: #fetch(POST localhost:41371 /): [200 OK] in 2ms
[[0;37mINFO[m] main com.jcabi.http.mock.MkGrizzlyContainer: stopped on port #41371
Feb 11, 2023 8:32:22 PM org.glassfish.grizzly.http.server.NetworkListener start
INFO: Started listener bound to [0.0.0.0:35339]
Feb 11, 2023 8:32:22 PM org.glassfish.grizzly.http.server.HttpServer start
INFO: [HttpServer-58] Started.
[[0;37mINFO[m] main com.jcabi.http.mock.MkGrizzlyContainer: started on port #35339
[[0;37mINFO[m] main com.jcabi.http.request.BaseRequest: #fetch(GET localhost:35339 /barbar): [200 OK] in 3ms
[[0;37mINFO[m] main com.jcabi.http.mock.MkGrizzlyContainer: stopped on port #35339
Feb 11, 2023 8:32:22 PM org.glassfish.grizzly.http.server.NetworkListener start
INFO: Started listener bound to [0.0.0.0:36727]
Feb 11, 2023 8:32:22 PM org.glassfish.grizzly.http.server.HttpServer start
INFO: [HttpServer-59] Started.
[[0;37mINFO[m] main com.jcabi.http.mock.MkGrizzlyContainer: started on port #36727
[[0;37mINFO[m] main com.jcabi.http.request.BaseRequest: #fetch(GET localhost:36727 /barbar): [200 OK] in 2ms
[[0;37mINFO[m] main com.jcabi.http.mock.MkGrizzlyContainer: stopped on port #36727
Feb 11, 2023 8:32:22 PM org.glassfish.grizzly.http.server.NetworkListener start
INFO: Started listener bound to [0.0.0.0:44567]
Feb 11, 2023 8:32:22 PM org.glassfish.grizzly.http.server.HttpServer start
INFO: [HttpServer-60] Started.
[[0;37mINFO[m] main com.jcabi.http.mock.MkGrizzlyContainer: started on port #44567
[[0;37mINFO[m] main com.jcabi.http.request.BaseRequest: #fetch(POST localhost:44567 /): [200 OK] in 2ms
[[0;37mINFO[m] main com.jcabi.http.mock.MkGrizzlyContainer: stopped on port #44567
Feb 11, 2023 8:32:22 PM org.glassfish.grizzly.http.server.NetworkListener start
INFO: Started listener bound to [0.0.0.0:46495]
Feb 11, 2023 8:32:22 PM org.glassfish.grizzly.http.server.HttpServer start
INFO: [HttpServer-61] Started.
[[0;37mINFO[m] main com.jcabi.http.mock.MkGrizzlyContainer: started on port #46495
[[0;37mINFO[m] main com.jcabi.http.request.BaseRequest: #fetch(POST localhost:46495 /): [200 OK] in 2ms
[[0;37mINFO[m] main com.jcabi.http.mock.MkGrizzlyContainer: stopped on port #46495
Feb 11, 2023 8:32:22 PM org.glassfish.grizzly.http.server.NetworkListener start
INFO: Started listener bound to [0.0.0.0:38001]
Feb 11, 2023 8:32:22 PM org.glassfish.grizzly.http.server.HttpServer start
INFO: [HttpServer-62] Started.
[[0;37mINFO[m] main com.jcabi.http.mock.MkGrizzlyContainer: started on port #38001
[[0;37mINFO[m] main com.jcabi.http.request.BaseRequest: #fetch(GET localhost:38001 /foo1): [200 OK] in 4ms
[[0;37mINFO[m] main com.jcabi.http.mock.MkGrizzlyContainer: stopped on port #38001
Feb 11, 2023 8:32:22 PM org.glassfish.grizzly.http.server.NetworkListener start
INFO: Started listener bound to [0.0.0.0:36273]
Feb 11, 2023 8:32:22 PM org.glassfish.grizzly.http.server.HttpServer start
INFO: [HttpServer-63] Started.
[[0;37mINFO[m] main com.jcabi.http.mock.MkGrizzlyContainer: started on port #36273
[[0;37mINFO[m] main com.jcabi.http.request.BaseRequest: #fetch(GET localhost:36273 /foo1): [200 OK] in 2ms
[[0;37mINFO[m] main com.jcabi.http.mock.MkGrizzlyContainer: stopped on port #36273
Feb 11, 2023 8:32:22 PM org.glassfish.grizzly.http.server.NetworkListener start
INFO: Started listener bound to [0.0.0.0:36425]
Feb 11, 2023 8:32:22 PM org.glassfish.grizzly.http.server.HttpServer start
INFO: [HttpServer-64] Started.
[[0;37mINFO[m] main com.jcabi.http.mock.MkGrizzlyContainer: started on port #36425
[[0;37mINFO[m] main com.jcabi.http.request.BaseRequest: #fetch(GET localhost:36425 /foo-X): [200 OK] in 3ms
[[0;37mINFO[m] main com.jcabi.http.request.BaseRequest: #fetch(POST localhost:36425 /foo-X): [200 OK] in 3ms
[[0;37mINFO[m] main com.jcabi.http.request.BaseRequest: #fetch(GET localhost:36425 /foo-X): [200 OK] in 2ms
[[0;37mINFO[m] main com.jcabi.http.mock.MkGrizzlyContainer: stopped on port #36425
Feb 11, 2023 8:32:22 PM org.glassfish.grizzly.http.server.NetworkListener start
INFO: Started listener bound to [0.0.0.0:33209]
Feb 11, 2023 8:32:22 PM org.glassfish.grizzly.http.server.HttpServer start
INFO: [HttpServer-65] Started.
[[0;37mINFO[m] main com.jcabi.http.mock.MkGrizzlyContainer: started on port #33209
[[0;37mINFO[m] main com.jcabi.http.request.BaseRequest: #fetch(GET localhost:33209 /foo-X): [200 OK] in 1ms
[[0;37mINFO[m] main com.jcabi.http.request.BaseRequest: #fetch(POST localhost:33209 /foo-X): [200 OK] in 1ms
[[0;37mINFO[m] main com.jcabi.http.request.BaseRequest: #fetch(GET localhost:33209 /foo-X): [200 OK] in 2ms
[[0;37mINFO[m] main com.jcabi.http.mock.MkGrizzlyContainer: stopped on port #33209
Feb 11, 2023 8:32:22 PM org.glassfish.grizzly.http.server.NetworkListener start
INFO: Started listener bound to [0.0.0.0:34887]
Feb 11, 2023 8:32:22 PM org.glassfish.grizzly.http.server.HttpServer start
INFO: [HttpServer-66] Started.
[[0;37mINFO[m] main com.jcabi.http.mock.MkGrizzlyContainer: started on port #34887
[[0;37mINFO[m] main com.jcabi.http.request.BaseRequest: #fetch(POST localhost:34887 /): [200 OK] in 5ms
[[0;37mINFO[m] main com.jcabi.http.mock.MkGrizzlyContainer: stopped on port #34887
Feb 11, 2023 8:32:22 PM org.glassfish.grizzly.http.server.NetworkListener start
INFO: Started listener bound to [0.0.0.0:45457]
Feb 11, 2023 8:32:22 PM org.glassfish.grizzly.http.server.HttpServer start
INFO: [HttpServer-67] Started.
[[0;37mINFO[m] main com.jcabi.http.mock.MkGrizzlyContainer: started on port #45457
[[0;37mINFO[m] main com.jcabi.http.request.BaseRequest: #fetch(POST localhost:45457 /): [200 OK] in 3ms
[[0;37mINFO[m] main com.jcabi.http.mock.MkGrizzlyContainer: stopped on port #45457
[INFO] Tests run: 42, Failures: 0, Errors: 0, Skipped: 0, Time elapsed: 2.003 s - in com.jcabi.http.RequestTest
[INFO] Running com.jcabi.http.wire.CachingWireTest
Feb 11, 2023 8:32:23 PM org.glassfish.grizzly.http.server.NetworkListener start
INFO: Started listener bound to [0.0.0.0:45367]
Feb 11, 2023 8:32:23 PM org.glassfish.grizzly.http.server.HttpServer start
INFO: [HttpServer-68] Started.
[[0;37mINFO[m] main com.jcabi.http.mock.MkGrizzlyContainer: started on port #45367
[[0;37mINFO[m] main com.jcabi.http.request.BaseRequest: #fetch(GET localhost:45367 /): [200 OK] in 8ms
[[0;37mINFO[m] main com.jcabi.http.request.BaseRequest: #fetch(GET localhost:45367 /): [200 OK] in 0ms
[[0;37mINFO[m] main com.jcabi.http.request.BaseRequest: #fetch(GET localhost:45367 /): [200 OK] in 0ms
[[0;37mINFO[m] main com.jcabi.http.request.BaseRequest: #fetch(GET localhost:45367 /): [200 OK] in 0ms
[[0;37mINFO[m] main com.jcabi.http.request.BaseRequest: #fetch(GET localhost:45367 /): [200 OK] in 0ms
[[0;37mINFO[m] main com.jcabi.http.request.BaseRequest: #fetch(GET localhost:45367 /): [200 OK] in 0ms
[[0;37mINFO[m] main com.jcabi.http.request.BaseRequest: #fetch(GET localhost:45367 /): [200 OK] in 0ms
[[0;37mINFO[m] main com.jcabi.http.request.BaseRequest: #fetch(GET localhost:45367 /): [200 OK] in 0ms
[[0;37mINFO[m] main com.jcabi.http.request.BaseRequest: #fetch(GET localhost:45367 /): [200 OK] in 0ms
[[0;37mINFO[m] main com.jcabi.http.request.BaseRequest: #fetch(GET localhost:45367 /): [200 OK] in 0ms
[[0;37mINFO[m] main com.jcabi.http.mock.MkGrizzlyContainer: stopped on port #45367
Feb 11, 2023 8:32:23 PM org.glassfish.grizzly.http.server.NetworkListener start
INFO: Started listener bound to [0.0.0.0:44191]
Feb 11, 2023 8:32:23 PM org.glassfish.grizzly.http.server.HttpServer start
INFO: [HttpServer-69] Started.
[[0;37mINFO[m] main com.jcabi.http.mock.MkGrizzlyContainer: started on port #44191
[[0;37mINFO[m] main com.jcabi.http.request.BaseRequest: #fetch(GET localhost:44191 /): [200 OK] in 2ms
[[0;37mINFO[m] main com.jcabi.http.request.BaseRequest: #fetch(GET localhost:44191 /): [200 OK] in 0ms
[[0;37mINFO[m] main com.jcabi.http.request.BaseRequest: #fetch(POST localhost:44191 /flush): [200 OK] in 4ms
[[0;37mINFO[m] main com.jcabi.http.request.BaseRequest: #fetch(GET localhost:44191 /): [200 OK] in 1ms
[[0;37mINFO[m] main com.jcabi.http.mock.MkGrizzlyContainer: stopped on port #44191
Feb 11, 2023 8:32:23 PM org.glassfish.grizzly.http.server.NetworkListener start
INFO: Started listener bound to [0.0.0.0:37867]
Feb 11, 2023 8:32:23 PM org.glassfish.grizzly.http.server.HttpServer start
INFO: [HttpServer-70] Started.
[[0;37mINFO[m] main com.jcabi.http.mock.MkGrizzlyContainer: started on port #37867
[[0;37mINFO[m] main com.jcabi.http.request.BaseRequest: #fetch(PUT localhost:37867 /): [200 OK] in 2ms
[[0;37mINFO[m] main com.jcabi.http.request.BaseRequest: #fetch(PUT localhost:37867 /): [200 OK] in 1ms
[[0;37mINFO[m] main com.jcabi.http.mock.MkGrizzlyContainer: stopped on port #37867
Feb 11, 2023 8:32:23 PM org.glassfish.grizzly.http.server.NetworkListener start
INFO: Started listener bound to [0.0.0.0:33469]
Feb 11, 2023 8:32:23 PM org.glassfish.grizzly.http.server.HttpServer start
INFO: [HttpServer-71] Started.
[[0;37mINFO[m] main com.jcabi.http.mock.MkGrizzlyContainer: started on port #33469
[[0;37mINFO[m] main com.jcabi.http.request.BaseRequest: #fetch(GET localhost:33469 /): [200 OK] in 3ms
[[0;37mINFO[m] main com.jcabi.http.request.BaseRequest: #fetch(GET localhost:33469 /): [200 OK] in 0ms
[[0;37mINFO[m] main com.jcabi.http.request.BaseRequest: #fetch(GET localhost:33469 /): [200 OK] in 0ms
[[0;37mINFO[m] main com.jcabi.http.request.BaseRequest: #fetch(GET localhost:33469 /): [200 OK] in 0ms
[[0;37mINFO[m] main com.jcabi.http.request.BaseRequest: #fetch(GET localhost:33469 /): [200 OK] in 0ms
[[0;37mINFO[m] main com.jcabi.http.request.BaseRequest: #fetch(GET localhost:33469 /): [200 OK] in 0ms
[[0;37mINFO[m] main com.jcabi.http.request.BaseRequest: #fetch(GET localhost:33469 /): [200 OK] in 0ms
[[0;37mINFO[m] main com.jcabi.http.request.BaseRequest: #fetch(GET localhost:33469 /): [200 OK] in 0ms
[[0;37mINFO[m] main com.jcabi.http.request.BaseRequest: #fetch(GET localhost:33469 /): [200 OK] in 0ms
[[0;37mINFO[m] main com.jcabi.http.request.BaseRequest: #fetch(GET localhost:33469 /): [200 OK] in 0ms
[[0;37mINFO[m] main com.jcabi.http.mock.MkGrizzlyContainer: stopped on port #33469
[INFO] Tests run: 4, Failures: 0, Errors: 0, Skipped: 0, Time elapsed: 0.184 s - in com.jcabi.http.wire.CachingWireTest
[INFO] Running com.jcabi.http.ImmutableHeaderTest
[INFO] Tests run: 1, Failures: 0, Errors: 0, Skipped: 0, Time elapsed: 0.001 s - in com.jcabi.http.ImmutableHeaderTest
[INFO] Running com.jcabi.http.wire.RetryWireTest
Feb 11, 2023 8:32:23 PM org.glassfish.grizzly.http.server.NetworkListener start
INFO: Started listener bound to [0.0.0.0:41903]
Feb 11, 2023 8:32:23 PM org.glassfish.grizzly.http.server.HttpServer start
INFO: [HttpServer-72] Started.
[[0;37mINFO[m] main com.jcabi.http.mock.MkGrizzlyContainer: started on port #41903
[[0;33mWARN[m] main com.jcabi.http.wire.RetryWire: GET http://localhost:41903/ (auth: j***j) returns 500 status (attempt #1)
[[0;37mINFO[m] main com.jcabi.http.request.BaseRequest: #fetch(GET localhost:41903 /): [200 OK] in 5ms
[[0;37mINFO[m] main com.jcabi.http.mock.MkGrizzlyContainer: stopped on port #41903
Feb 11, 2023 8:32:23 PM org.glassfish.grizzly.http.server.NetworkListener start
INFO: Started listener bound to [0.0.0.0:39489]
Feb 11, 2023 8:32:23 PM org.glassfish.grizzly.http.server.HttpServer start
INFO: [HttpServer-73] Started.
[[0;37mINFO[m] main com.jcabi.http.mock.MkGrizzlyContainer: started on port #39489
[[0;33mWARN[m] main com.jcabi.http.wire.RetryWire: GET http://localhost:39489/ returns 500 status (attempt #1)
[[0;33mWARN[m] main com.jcabi.http.wire.RetryWire: GET http://localhost:39489/ returns 500 status (attempt #2)
[[0;37mINFO[m] main com.jcabi.http.request.BaseRequest: #fetch(GET localhost:39489 /): [200 OK] in 8ms
[[0;37mINFO[m] main com.jcabi.http.mock.MkGrizzlyContainer: stopped on port #39489
[INFO] Tests run: 2, Failures: 0, Errors: 0, Skipped: 0, Time elapsed: 0.077 s - in com.jcabi.http.wire.RetryWireTest
[INFO] Running com.jcabi.http.response.JacksonResponseTest
[[0;37mINFO[m] main com.jcabi.http.request.BaseRequest: #fetch(GET localhost:12345 /see-FakeRequest-class): [200 OK] in 0ms
[[0;37mINFO[m] main com.jcabi.http.request.BaseRequest: #fetch(GET localhost:12345 /see-FakeRequest-class): [200 OK] in 0ms
[[0;37mINFO[m] main com.jcabi.http.request.BaseRequest: #fetch(GET localhost:12345 /see-FakeRequest-class): [200 OK] in 0ms
[[0;37mINFO[m] main com.jcabi.http.request.BaseRequest: #fetch(GET localhost:12345 /see-FakeRequest-class): [200 OK] in 0ms
[[0;37mINFO[m] main com.jcabi.http.request.BaseRequest: #fetch(GET localhost:12345 /see-FakeRequest-class): [200 OK] in 0ms
[[0;37mINFO[m] main com.jcabi.http.request.BaseRequest: #fetch(GET localhost:12345 /see-FakeRequest-class): [200 OK] in 0ms
[[0;37mINFO[m] main com.jcabi.http.request.BaseRequest: #fetch(GET localhost:12345 /see-FakeRequest-class): [200 OK] in 0ms
[[0;37mINFO[m] main com.jcabi.http.request.BaseRequest: #fetch(GET localhost:12345 /see-FakeRequest-class): [200 OK] in 1ms
[[0;37mINFO[m] main com.jcabi.http.request.BaseRequest: #fetch(GET localhost:12345 /see-FakeRequest-class): [200 OK] in 0ms
[INFO] Tests run: 9, Failures: 0, Errors: 0, Skipped: 0, Time elapsed: 0.133 s - in com.jcabi.http.response.JacksonResponseTest
[INFO] Running com.jcabi.http.mock.MkAnswerMatchersTest
[INFO] Tests run: 3, Failures: 0, Errors: 0, Skipped: 0, Time elapsed: 0.026 s - in com.jcabi.http.mock.MkAnswerMatchersTest
[INFO] Running com.jcabi.http.wire.FcWireTest
Feb 11, 2023 8:32:23 PM org.glassfish.grizzly.http.server.NetworkListener start
INFO: Started listener bound to [0.0.0.0:37223]
Feb 11, 2023 8:32:23 PM org.glassfish.grizzly.http.server.HttpServer start
INFO: [HttpServer-74] Started.
[[0;37mINFO[m] main com.jcabi.http.mock.MkGrizzlyContainer: started on port #37223
[[2;37mDEBUG[m] main com.jcabi.http.wire.FcCache: directory created for /tmp/com.jcabi.http.wire.FcCache-22134071452977904/GET_/_2F.json
[[2;37mDEBUG[m] main com.jcabi.http.wire.FcCache: cache saved into /tmp/com.jcabi.http.wire.FcCache-22134071452977904/GET_/_2F.json
[[0;37mINFO[m] main com.jcabi.http.request.BaseRequest: #fetch(GET localhost:37223 /): [200 OK] in 5ms
[[2;37mDEBUG[m] main com.jcabi.http.wire.FcCache: cache loaded from /tmp/com.jcabi.http.wire.FcCache-22134071452977904/GET_/_2F.json
[[0;37mINFO[m] main com.jcabi.http.request.BaseRequest: #fetch(GET localhost:37223 /): [200 OK] in 9ms
[[2;37mDEBUG[m] main com.jcabi.http.wire.FcCache: cache invalidated in /tmp/com.jcabi.http.wire.FcCache-22134071452977904
[[0;37mINFO[m] main com.jcabi.http.request.BaseRequest: #fetch(POST localhost:37223 /flush): [200 OK] in 7ms
[[2;37mDEBUG[m] main com.jcabi.http.wire.FcCache: directory created for /tmp/com.jcabi.http.wire.FcCache-22134071452977904/GET_/_2F.json
[[2;37mDEBUG[m] main com.jcabi.http.wire.FcCache: cache saved into /tmp/com.jcabi.http.wire.FcCache-22134071452977904/GET_/_2F.json
[[0;37mINFO[m] main com.jcabi.http.request.BaseRequest: #fetch(GET localhost:37223 /): [200 OK] in 2ms
[[0;37mINFO[m] main com.jcabi.http.mock.MkGrizzlyContainer: stopped on port #37223
Feb 11, 2023 8:32:23 PM org.glassfish.grizzly.http.server.NetworkListener start
INFO: Started listener bound to [0.0.0.0:43541]
Feb 11, 2023 8:32:23 PM org.glassfish.grizzly.http.server.HttpServer start
INFO: [HttpServer-75] Started.
[[0;37mINFO[m] main com.jcabi.http.mock.MkGrizzlyContainer: started on port #43541
[[0;37mINFO[m] main com.jcabi.http.request.BaseRequest: #fetch(PUT localhost:43541 /): [200 OK] in 2ms
[[0;37mINFO[m] main com.jcabi.http.request.BaseRequest: #fetch(PUT localhost:43541 /): [200 OK] in 1ms
[[0;37mINFO[m] main com.jcabi.http.mock.MkGrizzlyContainer: stopped on port #43541
Feb 11, 2023 8:32:23 PM org.glassfish.grizzly.http.server.NetworkListener start
INFO: Started listener bound to [0.0.0.0:35851]
Feb 11, 2023 8:32:23 PM org.glassfish.grizzly.http.server.HttpServer start
INFO: [HttpServer-76] Started.
[[0;37mINFO[m] main com.jcabi.http.mock.MkGrizzlyContainer: started on port #35851
[[2;37mDEBUG[m] main com.jcabi.http.wire.FcCache: directory created for /tmp/com.jcabi.http.wire.FcCache-22134071599967180/GET_/_2F.json
[[2;37mDEBUG[m] main com.jcabi.http.wire.FcCache: cache saved into /tmp/com.jcabi.http.wire.FcCache-22134071599967180/GET_/_2F.json
[[0;37mINFO[m] main com.jcabi.http.request.BaseRequest: #fetch(GET localhost:35851 /): [200 OK] in 4ms
[[2;37mDEBUG[m] main com.jcabi.http.wire.FcCache: cache loaded from /tmp/com.jcabi.http.wire.FcCache-22134071599967180/GET_/_2F.json
[[0;37mINFO[m] main com.jcabi.http.request.BaseRequest: #fetch(GET localhost:35851 /): [200 OK] in 1ms
[[2;37mDEBUG[m] main com.jcabi.http.wire.FcCache: cache loaded from /tmp/com.jcabi.http.wire.FcCache-22134071599967180/GET_/_2F.json
[[0;37mINFO[m] main com.jcabi.http.request.BaseRequest: #fetch(GET localhost:35851 /): [200 OK] in 1ms
[[2;37mDEBUG[m] main com.jcabi.http.wire.FcCache: cache loaded from /tmp/com.jcabi.http.wire.FcCache-22134071599967180/GET_/_2F.json
[[0;37mINFO[m] main com.jcabi.http.request.BaseRequest: #fetch(GET localhost:35851 /): [200 OK] in 1ms
[[2;37mDEBUG[m] main com.jcabi.http.wire.FcCache: cache loaded from /tmp/com.jcabi.http.wire.FcCache-22134071599967180/GET_/_2F.json
[[0;37mINFO[m] main com.jcabi.http.request.BaseRequest: #fetch(GET localhost:35851 /): [200 OK] in 1ms
[[2;37mDEBUG[m] main com.jcabi.http.wire.FcCache: cache loaded from /tmp/com.jcabi.http.wire.FcCache-22134071599967180/GET_/_2F.json
[[0;37mINFO[m] main com.jcabi.http.request.BaseRequest: #fetch(GET localhost:35851 /): [200 OK] in 0ms
[[2;37mDEBUG[m] main com.jcabi.http.wire.FcCache: cache loaded from /tmp/com.jcabi.http.wire.FcCache-22134071599967180/GET_/_2F.json
[[0;37mINFO[m] main com.jcabi.http.request.BaseRequest: #fetch(GET localhost:35851 /): [200 OK] in 0ms
[[2;37mDEBUG[m] main com.jcabi.http.wire.FcCache: cache loaded from /tmp/com.jcabi.http.wire.FcCache-22134071599967180/GET_/_2F.json
[[0;37mINFO[m] main com.jcabi.http.request.BaseRequest: #fetch(GET localhost:35851 /): [200 OK] in 1ms
[[2;37mDEBUG[m] main com.jcabi.http.wire.FcCache: cache loaded from /tmp/com.jcabi.http.wire.FcCache-22134071599967180/GET_/_2F.json
[[0;37mINFO[m] main com.jcabi.http.request.BaseRequest: #fetch(GET localhost:35851 /): [200 OK] in 0ms
[[2;37mDEBUG[m] main com.jcabi.http.wire.FcCache: cache loaded from /tmp/com.jcabi.http.wire.FcCache-22134071599967180/GET_/_2F.json
[[0;37mINFO[m] main com.jcabi.http.request.BaseRequest: #fetch(GET localhost:35851 /): [200 OK] in 0ms
[[0;37mINFO[m] main com.jcabi.http.mock.MkGrizzlyContainer: stopped on port #35851
[INFO] Tests run: 3, Failures: 0, Errors: 0, Skipped: 0, Time elapsed: 0.192 s - in com.jcabi.http.wire.FcWireTest
[INFO] Running com.jcabi.http.RequestTimeoutLossTest
[[0;37mINFO[m] main com.jcabi.http.request.BaseRequest: #fetch(GET localhost /api): [0 null] in 1ms
[[0;37mINFO[m] main com.jcabi.http.request.BaseRequest: #fetch(GET localhost /api): [0 null] in 0ms
[[0;37mINFO[m] main com.jcabi.http.request.BaseRequest: #fetch(GET localhost /): [0 null] in 0ms
[[0;37mINFO[m] main com.jcabi.http.request.BaseRequest: #fetch(GET localhost /): [0 null] in 0ms
[[0;37mINFO[m] main com.jcabi.http.request.BaseRequest: #fetch(GET localhost /): [0 null] in 1ms
[[0;37mINFO[m] main com.jcabi.http.request.BaseRequest: #fetch(GET localhost /): [0 null] in 0ms
[[0;37mINFO[m] main com.jcabi.http.request.BaseRequest: #fetch(GET localhost /): [0 null] in 0ms
[[0;37mINFO[m] main com.jcabi.http.request.BaseRequest: #fetch(GET localhost /): [0 null] in 1ms
[[0;37mINFO[m] main com.jcabi.http.request.BaseRequest: #fetch(GET localhost /): [0 null] in 1ms
[[0;37mINFO[m] main com.jcabi.http.request.BaseRequest: #fetch(GET localhost /): [0 null] in 0ms
[[0;37mINFO[m] main com.jcabi.http.request.BaseRequest: #fetch(GET localhost /): [0 null] in 0ms
[[0;37mINFO[m] main com.jcabi.http.request.BaseRequest: #fetch(GET localhost /): [0 null] in 0ms
[[0;37mINFO[m] main com.jcabi.http.request.BaseRequest: #fetch(GET null fake-url): [0 null] in 1ms
[[0;37mINFO[m] main com.jcabi.http.request.BaseRequest: #fetch(GET localhost /): [0 null] in 0ms
[[0;37mINFO[m] main com.jcabi.http.request.BaseRequest: #fetch(GET localhost /): [0 null] in 0ms
[INFO] Tests run: 15, Failures: 0, Errors: 0, Skipped: 0, Time elapsed: 0.065 s - in com.jcabi.http.RequestTimeoutLossTest
[INFO] Running com.jcabi.http.wire.AutoRedirectingWireTest
Feb 11, 2023 8:32:23 PM org.glassfish.grizzly.http.server.NetworkListener start
INFO: Started listener bound to [0.0.0.0:33453]
Feb 11, 2023 8:32:23 PM org.glassfish.grizzly.http.server.HttpServer start
INFO: [HttpServer-77] Started.
[[0;37mINFO[m] main com.jcabi.http.mock.MkGrizzlyContainer: started on port #33453
[[0;37mINFO[m] main com.jcabi.http.request.BaseRequest: #fetch(GET localhost:33453 /): [302 Found] in 3s
[[0;37mINFO[m] main com.jcabi.http.mock.MkGrizzlyContainer: stopped on port #33453
Feb 11, 2023 8:32:26 PM org.glassfish.grizzly.http.server.NetworkListener start
INFO: Started listener bound to [0.0.0.0:46841]
Feb 11, 2023 8:32:26 PM org.glassfish.grizzly.http.server.HttpServer start
INFO: [HttpServer-78] Started.
[[0;37mINFO[m] main com.jcabi.http.mock.MkGrizzlyContainer: started on port #46841
[[0;37mINFO[m] main com.jcabi.http.request.BaseRequest: #fetch(GET localhost:46841 /): [200 OK] in 3s
[[0;37mINFO[m] main com.jcabi.http.mock.MkGrizzlyContainer: stopped on port #46841
[INFO] Tests run: 2, Failures: 0, Errors: 0, Skipped: 0, Time elapsed: 6.084 s - in com.jcabi.http.wire.AutoRedirectingWireTest
[INFO] Running com.jcabi.http.mock.GrizzlyQueryTest
[INFO] Tests run: 1, Failures: 0, Errors: 0, Skipped: 0, Time elapsed: 0.169 s - in com.jcabi.http.mock.GrizzlyQueryTest
[INFO] Running com.jcabi.http.wire.TrustedWireTest
Feb 11, 2023 8:32:29 PM org.glassfish.grizzly.http.server.NetworkListener start
INFO: Started listener bound to [0.0.0.0:34487]
Feb 11, 2023 8:32:29 PM org.glassfish.grizzly.http.server.HttpServer start
INFO: [HttpServer-79] Started.
[[0;37mINFO[m] main com.jcabi.http.mock.MkGrizzlyContainer: started on port #34487
[[0;37mINFO[m] main com.jcabi.http.request.BaseRequest: #fetch(GET localhost:34487 /): [200 OK] in 3ms
[[0;37mINFO[m] main com.jcabi.http.mock.MkGrizzlyContainer: stopped on port #34487
[INFO] Tests run: 1, Failures: 0, Errors: 0, Skipped: 0, Time elapsed: 0.029 s - in com.jcabi.http.wire.TrustedWireTest
[INFO] Running com.jcabi.http.mock.MkQueryMatchersTest
[INFO] Tests run: 4, Failures: 0, Errors: 0, Skipped: 0, Time elapsed: 0.016 s - in com.jcabi.http.mock.MkQueryMatchersTest
[INFO] Running com.jcabi.http.response.JsoupResponseTest
[[0;37mINFO[m] main com.jcabi.http.request.BaseRequest: #fetch(GET localhost:12345 /see-FakeRequest-class): [200 OK] in 0ms
[INFO] Tests run: 1, Failures: 0, Errors: 0, Skipped: 0, Time elapsed: 0.049 s - in com.jcabi.http.response.JsoupResponseTest
[INFO] 
[INFO] Results:
[INFO] 
[INFO] Tests run: 148, Failures: 0, Errors: 0, Skipped: 0
[INFO] 
[INFO] ------------------------------------------------------------------------
[INFO] BUILD SUCCESS
[INFO] ------------------------------------------------------------------------
[INFO] Total time:  16.742 s
[INFO] Finished at: 2023-02-11T20:32:30Z
[INFO] ------------------------------------------------------------------------
