[INFO] Scanning for projects...
[INFO] Inspecting build with total of 2 modules...
[INFO] Installing Nexus Staging features:
[INFO]   ... total of 1 executions of maven-deploy-plugin replaced with nexus-staging-maven-plugin
[INFO] ------------------------------------------------------------------------
[INFO] Reactor Build Order:
[INFO] 
[INFO] jarviz-parent                                                      [pom]
[INFO] jarviz                                                             [jar]
[INFO] 
[INFO] -------------------< com.expediagroup:jarviz-parent >-------------------
[INFO] Building jarviz-parent 0.1.8-SNAPSHOT                              [1/2]
[INFO] --------------------------------[ pom ]---------------------------------
[INFO] 
[INFO] --- maven-clean-plugin:3.1.0:clean (default-clean) @ jarviz-parent ---
[INFO] 
[INFO] ----------------------< com.expediagroup:jarviz >-----------------------
[INFO] Building jarviz 0.1.8-SNAPSHOT                                     [2/2]
[INFO] --------------------------------[ jar ]---------------------------------
[INFO] 
[INFO] --- maven-clean-plugin:3.1.0:clean (default-clean) @ jarviz ---
[INFO] Deleting /home/gabsko/breaking-updates/jarviz-lib/target
[INFO] 
[INFO] --- maven-checkstyle-plugin:3.1.2:checkstyle (default) @ jarviz ---
[WARNING] Old version of checkstyle detected. Consider updating to >= v8.30
[WARNING] For more information see: https://maven.apache.org/plugins/maven-checkstyle-plugin/examples/upgrading-checkstyle.html
[INFO] Starting audit...
Audit done.
[INFO] 
[INFO] --- maven-resources-plugin:3.2.0:resources (default-resources) @ jarviz ---
[INFO] Using 'UTF-8' encoding to copy filtered resources.
[INFO] Using 'UTF-8' encoding to copy filtered properties files.
[INFO] skip non existing resourceDirectory /home/gabsko/breaking-updates/jarviz-lib/src/main/resources
[INFO] 
[INFO] --- maven-compiler-plugin:3.10.1:compile (default-compile) @ jarviz ---
[INFO] Changes detected - recompiling the module!
[INFO] Compiling 31 source files to /home/gabsko/breaking-updates/jarviz-lib/target/classes
[INFO] 
[INFO] --- maven-resources-plugin:3.2.0:testResources (default-testResources) @ jarviz ---
[INFO] Using 'UTF-8' encoding to copy filtered resources.
[INFO] Using 'UTF-8' encoding to copy filtered properties files.
[INFO] skip non existing resourceDirectory /home/gabsko/breaking-updates/jarviz-lib/src/test/resources
[INFO] 
[INFO] --- maven-compiler-plugin:3.10.1:testCompile (default-testCompile) @ jarviz ---
[INFO] Changes detected - recompiling the module!
[INFO] Compiling 19 source files to /home/gabsko/breaking-updates/jarviz-lib/target/test-classes
[INFO] 
[INFO] --- maven-surefire-plugin:2.22.2:test (default-test) @ jarviz ---
[INFO] 
[INFO] -------------------------------------------------------
[INFO]  T E S T S
[INFO] -------------------------------------------------------
[INFO] Running com.vrbo.jarviz.model.CouplingFilterUtilsTest
[INFO] Tests run: 12, Failures: 0, Errors: 0, Skipped: 0, Time elapsed: 0.059 s - in com.vrbo.jarviz.model.CouplingFilterUtilsTest
[INFO] Running com.vrbo.jarviz.model.MethodTest
[INFO] Tests run: 3, Failures: 0, Errors: 0, Skipped: 0, Time elapsed: 0 s - in com.vrbo.jarviz.model.MethodTest
[INFO] Running com.vrbo.jarviz.model.FileValidationUtilsTest
[INFO] Tests run: 1, Failures: 0, Errors: 0, Skipped: 0, Time elapsed: 0 s - in com.vrbo.jarviz.model.FileValidationUtilsTest
[INFO] Running com.vrbo.jarviz.model.ArtifactTest
[INFO] Tests run: 4, Failures: 0, Errors: 0, Skipped: 0, Time elapsed: 0.004 s - in com.vrbo.jarviz.model.ArtifactTest
[INFO] Running com.vrbo.jarviz.service.JarClassLoaderServiceTest
[INFO] Tests run: 3, Failures: 0, Errors: 0, Skipped: 0, Time elapsed: 0.085 s - in com.vrbo.jarviz.service.JarClassLoaderServiceTest
[INFO] Running com.vrbo.jarviz.visitor.FilteredMethodVisitorTest
[INFO] Tests run: 1, Failures: 0, Errors: 0, Skipped: 0, Time elapsed: 0 s - in com.vrbo.jarviz.visitor.FilteredMethodVisitorTest
[INFO] Running com.vrbo.jarviz.util.MethodCouplingTest
[INFO] Tests run: 1, Failures: 0, Errors: 0, Skipped: 0, Time elapsed: 0.029 s - in com.vrbo.jarviz.util.MethodCouplingTest
[INFO] Running com.vrbo.jarviz.util.NamingUtilsTest
[INFO] Tests run: 2, Failures: 0, Errors: 0, Skipped: 0, Time elapsed: 0 s - in com.vrbo.jarviz.util.NamingUtilsTest
[INFO] Running com.vrbo.jarviz.util.FileReadWriteUtilsTest
[INFO] Tests run: 2, Failures: 0, Errors: 0, Skipped: 0, Time elapsed: 0.04 s - in com.vrbo.jarviz.util.FileReadWriteUtilsTest
[INFO] Running com.vrbo.jarviz.util.JsonUtilsTest
[INFO] Tests run: 1, Failures: 0, Errors: 0, Skipped: 0, Time elapsed: 0.203 s - in com.vrbo.jarviz.util.JsonUtilsTest
[INFO] Running com.vrbo.jarviz.analyser.CouplingFilterTest
[INFO] Tests run: 6, Failures: 0, Errors: 0, Skipped: 0, Time elapsed: 0 s - in com.vrbo.jarviz.analyser.CouplingFilterTest
[INFO] Running com.vrbo.jarviz.AnalyzeCommandTest
Jarviz Dependency Analyser
--------------------------
Jarviz is a dependency analysis tool for Java and it can generate a couplings graph between selected methods.
It analyzes the bytecode from Java artifacts to find out the dependencies. The generated couplings graph
is saved in to a newline-delimited JSON file as the output.

Analyze Command
---------------
The following options are available:
 -c, --config  <arg>       Path to the configurations file
 -a, --artifacts  <arg>    Path to the file containing list of artifacts
 -f, --filter  <arg>       Path to the coupling filter configuration file
 -o, --output  <arg>       Path to the newline-delimited JSON output file (.jsonl)
 -h, --help                Display help
 -v, --version             Display version

Exit status:
 0    if successful
 1    if cli initialization failed
 2    if analyser failed

[INFO] Tests run: 4, Failures: 0, Errors: 0, Skipped: 0, Time elapsed: 0.007 s - in com.vrbo.jarviz.AnalyzeCommandTest
[INFO] 
[INFO] Results:
[INFO] 
[INFO] Tests run: 40, Failures: 0, Errors: 0, Skipped: 0
[INFO] 
[INFO] ------------------------------------------------------------------------
[INFO] Reactor Summary for jarviz-parent 0.1.8-SNAPSHOT:
[INFO] 
[INFO] jarviz-parent ...................................... SUCCESS [  0.052 s]
[INFO] jarviz ............................................. SUCCESS [  4.544 s]
[INFO] ------------------------------------------------------------------------
[INFO] BUILD SUCCESS
[INFO] ------------------------------------------------------------------------
[INFO] Total time:  5.080 s
[INFO] Finished at: 2023-02-10T12:54:53Z
[INFO] ------------------------------------------------------------------------
