[INFO] Scanning for projects...
[WARNING] The POM for org.jenkins-ci.tools:maven-hpi-plugin:jar:3.17 is missing, no dependency information available
[WARNING] Failed to build parent project for org.jenkins-ci.plugins:config-file-provider:hpi:3.8.2-SNAPSHOT
[INFO] 
[INFO] ------------< org.jenkins-ci.plugins:config-file-provider >-------------
[INFO] Building Config File Provider Plugin 3.8.2-SNAPSHOT
[INFO] --------------------------------[ hpi ]---------------------------------
[INFO] 
[INFO] --- maven-clean-plugin:3.1.0:clean (default-clean) @ config-file-provider ---
[INFO] Deleting /home/gabsko/breaking-updates/target
[INFO] 
[INFO] --- maven-hpi-plugin:3.17:validate (default-validate) @ config-file-provider ---
[INFO] 
[INFO] --- maven-hpi-plugin:3.17:validate-hpi (default-validate-hpi) @ config-file-provider ---
[INFO] 
[INFO] --- maven-enforcer-plugin:3.0.0-M3:display-info (display-info) @ config-file-provider ---
[INFO] Maven Version: 3.8.6
[INFO] JDK Version: 11.0.17 normalized as: 11.0.17
[INFO] OS Info: Arch: amd64 Family: unix Name: linux Version: 5.4.0-113-generic
[INFO] 
[INFO] --- maven-enforcer-plugin:3.0.0-M3:enforce (display-info) @ config-file-provider ---
[INFO] Adding ignore: module-info
[INFO] 
[INFO] --- maven-enforcer-plugin:3.0.0-M3:enforce (no-snapshots-in-release) @ config-file-provider ---
[INFO] 
[INFO] --- gmavenplus-plugin:1.11.1:addTestSources (test-in-groovy) @ config-file-provider ---
[INFO] 
[INFO] --- localizer-maven-plugin:1.28:generate (default) @ config-file-provider ---
[INFO] 
[INFO] --- maven-resources-plugin:3.2.0:resources (default-resources) @ config-file-provider ---
[INFO] Using 'UTF-8' encoding to copy filtered resources.
[INFO] Using 'UTF-8' encoding to copy filtered properties files.
[INFO] Copying 102 resources
[INFO] 
[INFO] --- maven-compiler-plugin:3.8.1:compile (default-compile) @ config-file-provider ---
[INFO] Changes detected - recompiling the module!
[INFO] Compiling 61 source files to /home/gabsko/breaking-updates/target/classes
[INFO] /home/gabsko/breaking-updates/src/main/java/org/jenkinsci/plugins/configfiles/maven/AbstractMavenSettingsProvider.java: Some input files use or override a deprecated API.
[INFO] /home/gabsko/breaking-updates/src/main/java/org/jenkinsci/plugins/configfiles/maven/AbstractMavenSettingsProvider.java: Recompile with -Xlint:deprecation for details.
[INFO] /home/gabsko/breaking-updates/src/main/java/org/jenkinsci/lib/configprovider/AbstractConfigProviderImpl.java: Some input files use unchecked or unsafe operations.
[INFO] /home/gabsko/breaking-updates/src/main/java/org/jenkinsci/lib/configprovider/AbstractConfigProviderImpl.java: Recompile with -Xlint:unchecked for details.
[INFO] 
[INFO] --- access-modifier-checker:1.16:enforce (default-enforce) @ config-file-provider ---
[INFO] 
[INFO] --- maven-hpi-plugin:3.17:insert-test (default-insert-test) @ config-file-provider ---
[INFO] 
[INFO] --- gmavenplus-plugin:1.11.1:generateTestStubs (test-in-groovy) @ config-file-provider ---
[INFO] No sources specified for stub generation. Skipping.
[INFO] Generated 0 stubs.
[INFO] 
[INFO] --- maven-antrun-plugin:3.0.0:run (createTempDir) @ config-file-provider ---
[INFO] Executing tasks
[INFO]     [mkdir] Created dir: /home/gabsko/breaking-updates/target/tmp
[INFO] Executed tasks
[INFO] 
[INFO] --- maven-resources-plugin:3.2.0:testResources (default-testResources) @ config-file-provider ---
[INFO] Using 'UTF-8' encoding to copy filtered resources.
[INFO] Using 'UTF-8' encoding to copy filtered properties files.
[INFO] Copying 21 resources
[INFO] 
[INFO] --- maven-compiler-plugin:3.8.1:testCompile (default-testCompile) @ config-file-provider ---
[INFO] Changes detected - recompiling the module!
[INFO] Compiling 27 source files to /home/gabsko/breaking-updates/target/test-classes
[INFO] /home/gabsko/breaking-updates/src/test/java/org/jenkinsci/plugins/configfiles/maven/job/MvnSettingsProviderTest.java: Some input files use or override a deprecated API.
[INFO] /home/gabsko/breaking-updates/src/test/java/org/jenkinsci/plugins/configfiles/maven/job/MvnSettingsProviderTest.java: Recompile with -Xlint:deprecation for details.
[INFO] 
[INFO] --- maven-hpi-plugin:3.17:test-hpl (default-test-hpl) @ config-file-provider ---
[INFO] Generating /home/gabsko/breaking-updates/target/test-classes/the.hpl
[INFO] 
[INFO] --- maven-hpi-plugin:3.17:resolve-test-dependencies (default-resolve-test-dependencies) @ config-file-provider ---
[INFO] Downloading from repo.jenkins-ci.org: https://repo.jenkins-ci.org/public/org/jenkins-ci/plugins/subversion/2.15.1/subversion-2.15.1.hpi
[INFO] Downloaded from repo.jenkins-ci.org: https://repo.jenkins-ci.org/public/org/jenkins-ci/plugins/subversion/2.15.1/subversion-2.15.1.hpi (7.4 MB at 2.6 MB/s)
[INFO] 
[INFO] --- gmavenplus-plugin:1.11.1:compileTests (test-in-groovy) @ config-file-provider ---
[INFO] No sources specified for compilation. Skipping.
[INFO] 
[INFO] --- maven-surefire-plugin:3.0.0-M4:test (default-test) @ config-file-provider ---
[INFO] 
[INFO] -------------------------------------------------------
[INFO]  T E S T S
[INFO] -------------------------------------------------------
[INFO] Running InjectedTest
[INFO] Tests run: 79, Failures: 0, Errors: 0, Skipped: 0, Time elapsed: 11.142 s - in InjectedTest
[INFO] Running org.jenkinsci.lib.configprovider.SystemConfigFilesManagementTest
[INFO] Tests run: 3, Failures: 0, Errors: 0, Skipped: 0, Time elapsed: 2.529 s - in org.jenkinsci.lib.configprovider.SystemConfigFilesManagementTest
[INFO] Running org.jenkinsci.plugins.configfiles.ConfigFileStoreTest
[INFO] Tests run: 1, Failures: 0, Errors: 0, Skipped: 0, Time elapsed: 0.996 s - in org.jenkinsci.plugins.configfiles.ConfigFileStoreTest
[INFO] Running org.jenkinsci.plugins.configfiles.ConfigFilesSEC1253Test
[INFO] Tests run: 2, Failures: 0, Errors: 0, Skipped: 0, Time elapsed: 11.565 s - in org.jenkinsci.plugins.configfiles.ConfigFilesSEC1253Test
[INFO] Running org.jenkinsci.plugins.configfiles.ConfigFilesTest
[INFO] Tests run: 1, Failures: 0, Errors: 0, Skipped: 0, Time elapsed: 1.897 s - in org.jenkinsci.plugins.configfiles.ConfigFilesTest
[INFO] Running org.jenkinsci.plugins.configfiles.GlobalConfigFilesConfigAsCodeTest
[INFO] Tests run: 1, Failures: 0, Errors: 0, Skipped: 0, Time elapsed: 2.531 s - in org.jenkinsci.plugins.configfiles.GlobalConfigFilesConfigAsCodeTest
[INFO] Running org.jenkinsci.plugins.configfiles.GlobalConfigFilesTest
[INFO] Tests run: 1, Failures: 0, Errors: 0, Skipped: 0, Time elapsed: 0.878 s - in org.jenkinsci.plugins.configfiles.GlobalConfigFilesTest
[INFO] Running org.jenkinsci.plugins.configfiles.Security2203Test
[INFO] Tests run: 7, Failures: 0, Errors: 0, Skipped: 0, Time elapsed: 8.805 s - in org.jenkinsci.plugins.configfiles.Security2203Test
[INFO] Running org.jenkinsci.plugins.configfiles.buildwrapper.ConfigFileBuildWrapperTest
[INFO] Tests run: 4, Failures: 0, Errors: 0, Skipped: 0, Time elapsed: 26.491 s - in org.jenkinsci.plugins.configfiles.buildwrapper.ConfigFileBuildWrapperTest
[INFO] Running org.jenkinsci.plugins.configfiles.buildwrapper.ConfigFileBuildWrapperWorkflowTest
[INFO] Tests run: 4, Failures: 0, Errors: 0, Skipped: 0, Time elapsed: 29.011 s - in org.jenkinsci.plugins.configfiles.buildwrapper.ConfigFileBuildWrapperWorkflowTest
[INFO] Running org.jenkinsci.plugins.configfiles.common.CleanTempFilesRunListenerTest
[INFO] Tests run: 1, Failures: 0, Errors: 0, Skipped: 0, Time elapsed: 1.298 s - in org.jenkinsci.plugins.configfiles.common.CleanTempFilesRunListenerTest
[INFO] Running org.jenkinsci.plugins.configfiles.folder.FolderConfigFileActionTest
[INFO] Tests run: 10, Failures: 0, Errors: 0, Skipped: 0, Time elapsed: 40.358 s - in org.jenkinsci.plugins.configfiles.folder.FolderConfigFileActionTest
[INFO] Running org.jenkinsci.plugins.configfiles.folder.FolderConfigFilesTest
[INFO] Tests run: 1, Failures: 0, Errors: 0, Skipped: 0, Time elapsed: 0.722 s - in org.jenkinsci.plugins.configfiles.folder.FolderConfigFilesTest
[INFO] Running org.jenkinsci.plugins.configfiles.maven.MavenSettingsConfigTest
[INFO] Tests run: 1, Failures: 0, Errors: 0, Skipped: 0, Time elapsed: 1.939 s - in org.jenkinsci.plugins.configfiles.maven.MavenSettingsConfigTest
[INFO] Running org.jenkinsci.plugins.configfiles.maven.job.MvnSettingsCredentialsTest
[INFO] Tests run: 1, Failures: 0, Errors: 0, Skipped: 0, Time elapsed: 5.241 s - in org.jenkinsci.plugins.configfiles.maven.job.MvnSettingsCredentialsTest
[INFO] Running org.jenkinsci.plugins.configfiles.maven.job.MvnSettingsProviderTest
[INFO] Tests run: 5, Failures: 0, Errors: 0, Skipped: 0, Time elapsed: 69.31 s - in org.jenkinsci.plugins.configfiles.maven.job.MvnSettingsProviderTest
[INFO] Running org.jenkinsci.plugins.configfiles.maven.job.SettingsEnvVarTest
[INFO] Tests run: 1, Failures: 0, Errors: 0, Skipped: 0, Time elapsed: 5.832 s - in org.jenkinsci.plugins.configfiles.maven.job.SettingsEnvVarTest
[INFO] Running org.jenkinsci.plugins.configfiles.maven.security.CredentialsHelperTest
[INFO] Tests run: 6, Failures: 0, Errors: 0, Skipped: 0, Time elapsed: 7.472 s - in org.jenkinsci.plugins.configfiles.maven.security.CredentialsHelperTest
[INFO] Running org.jenkinsci.plugins.configfiles.properties.PropertiesConfigTest
[INFO] Tests run: 1, Failures: 0, Errors: 0, Skipped: 0, Time elapsed: 2.606 s - in org.jenkinsci.plugins.configfiles.properties.PropertiesConfigTest
[INFO] Running org.jenkinsci.plugins.configfiles.properties.security.CredentialsHelperTest
[INFO] Tests run: 6, Failures: 0, Errors: 0, Skipped: 0, Time elapsed: 6.003 s - in org.jenkinsci.plugins.configfiles.properties.security.CredentialsHelperTest
[INFO] Running org.jenkinsci.plugins.configfiles.sec.PermissionCheckerTests
[INFO] Tests run: 1, Failures: 0, Errors: 0, Skipped: 0, Time elapsed: 1.085 s - in org.jenkinsci.plugins.configfiles.sec.PermissionCheckerTests
[INFO] Running org.jenkinsci.plugins.configfiles.sec.ProtectedCodeRunnerTests
[INFO] Tests run: 1, Failures: 0, Errors: 0, Skipped: 0, Time elapsed: 0.844 s - in org.jenkinsci.plugins.configfiles.sec.ProtectedCodeRunnerTests
[INFO] Running org.jenkinsci.plugins.configfiles.sec.Security2002Test
[INFO] Tests run: 1, Failures: 0, Errors: 0, Skipped: 0, Time elapsed: 4.909 s - in org.jenkinsci.plugins.configfiles.sec.Security2002Test
[INFO] Running org.jenkinsci.plugins.configfiles.sec.Security2204Test
[INFO] Tests run: 2, Failures: 0, Errors: 0, Skipped: 0, Time elapsed: 2.822 s - in org.jenkinsci.plugins.configfiles.sec.Security2204Test
[INFO] Running org.jenkinsci.plugins.configfiles.sec.Security2254Test
[INFO] Tests run: 1, Failures: 0, Errors: 0, Skipped: 0, Time elapsed: 1.38 s - in org.jenkinsci.plugins.configfiles.sec.Security2254Test
[INFO] 
[INFO] Results:
[INFO] 
[INFO] Tests run: 142, Failures: 0, Errors: 0, Skipped: 0
[INFO] 
[INFO] 
[INFO] --- animal-sniffer-maven-plugin:1.19:check (check) @ config-file-provider ---
[INFO] Resolved signature org.codehaus.mojo.signature:java18 version as 1.0 from dependencyManagement
[INFO] Checking unresolved references to org.codehaus.mojo.signature:java18:1.0
[INFO] ------------------------------------------------------------------------
[INFO] BUILD SUCCESS
[INFO] ------------------------------------------------------------------------
[INFO] Total time:  04:23 min
[INFO] Finished at: 2023-02-11T20:56:42Z
[INFO] ------------------------------------------------------------------------
