[INFO] Scanning for projects...
[INFO] Inspecting build with total of 11 modules...
[INFO] Installing Nexus Staging features:
[INFO]   ... total of 11 executions of maven-deploy-plugin replaced with nexus-staging-maven-plugin
[INFO] ------------------------------------------------------------------------
[INFO] Reactor Build Order:
[INFO] 
[INFO] Google Cloud Document AI Parent                                    [pom]
[INFO] proto-google-cloud-document-ai-v1                                  [jar]
[INFO] proto-google-cloud-document-ai-v1beta1                             [jar]
[INFO] proto-google-cloud-document-ai-v1beta2                             [jar]
[INFO] proto-google-cloud-document-ai-v1beta3                             [jar]
[INFO] grpc-google-cloud-document-ai-v1beta1                              [jar]
[INFO] grpc-google-cloud-document-ai-v1                                   [jar]
[INFO] grpc-google-cloud-document-ai-v1beta2                              [jar]
[INFO] grpc-google-cloud-document-ai-v1beta3                              [jar]
[INFO] Google Cloud Document AI                                           [jar]
[INFO] Google Cloud Document AI BOM                                       [pom]
[INFO] 
[INFO] ----------< com.google.cloud:google-cloud-document-ai-parent >----------
[INFO] Building Google Cloud Document AI Parent 2.6.3-SNAPSHOT           [1/11]
[INFO] --------------------------------[ pom ]---------------------------------
[INFO] 
[INFO] --- maven-clean-plugin:2.5:clean (default-clean) @ google-cloud-document-ai-parent ---
[INFO] Deleting /home/gabsko/breaking-updates/target
[INFO] 
[INFO] --- maven-enforcer-plugin:3.1.0:enforce (enforce) @ google-cloud-document-ai-parent ---
[INFO] Adding ignore: module-info
[INFO] Adding ignore: META-INF/versions/*/module-info
[INFO] 
[INFO] --- maven-checkstyle-plugin:3.1.2:check (checkstyle) @ google-cloud-document-ai-parent ---
[INFO] Starting audit...
Audit done.
[INFO] You have 0 Checkstyle violations.
[INFO] 
[INFO] --- jacoco-maven-plugin:0.8.8:prepare-agent (default) @ google-cloud-document-ai-parent ---
[INFO] argLine set to -javaagent:/home/gabsko/.m2/repository/org/jacoco/org.jacoco.agent/0.8.8/org.jacoco.agent-0.8.8-runtime.jar=destfile=/home/gabsko/breaking-updates/target/jacoco.exec
[INFO] 
[INFO] --- build-helper-maven-plugin:3.3.0:add-resource (add-main-proto-resources) @ google-cloud-document-ai-parent ---
[INFO] 
[INFO] --- build-helper-maven-plugin:3.3.0:add-test-resource (add-test-proto-resources) @ google-cloud-document-ai-parent ---
[INFO] 
[INFO] --- animal-sniffer-maven-plugin:1.21:check (java8) @ google-cloud-document-ai-parent ---
[INFO] Checking unresolved references to org.codehaus.mojo.signature:java18:1.0
[INFO] 
[INFO] --- jacoco-maven-plugin:0.8.8:report (report) @ google-cloud-document-ai-parent ---
[INFO] Skipping JaCoCo execution due to missing execution data file.
[INFO] 
[INFO] -------< com.google.api.grpc:proto-google-cloud-document-ai-v1 >--------
[INFO] Building proto-google-cloud-document-ai-v1 2.6.3-SNAPSHOT         [2/11]
[INFO] --------------------------------[ jar ]---------------------------------
[INFO] 
[INFO] --- maven-clean-plugin:2.5:clean (default-clean) @ proto-google-cloud-document-ai-v1 ---
[INFO] Deleting /home/gabsko/breaking-updates/proto-google-cloud-document-ai-v1/target
[INFO] 
[INFO] --- flatten-maven-plugin:1.2.7:clean (flatten.clean) @ proto-google-cloud-document-ai-v1 ---
[INFO] Deleting /home/gabsko/breaking-updates/proto-google-cloud-document-ai-v1/.flattened-pom.xml
[INFO] 
[INFO] --- maven-enforcer-plugin:3.1.0:enforce (enforce) @ proto-google-cloud-document-ai-v1 ---
[INFO] Adding ignore: module-info
[INFO] Adding ignore: META-INF/versions/*/module-info
[INFO] 
[INFO] --- maven-checkstyle-plugin:3.1.2:check (checkstyle) @ proto-google-cloud-document-ai-v1 ---
[INFO] Starting audit...
Audit done.
[INFO] You have 0 Checkstyle violations.
[INFO] 
[INFO] --- jacoco-maven-plugin:0.8.8:prepare-agent (default) @ proto-google-cloud-document-ai-v1 ---
[INFO] argLine set to -javaagent:/home/gabsko/.m2/repository/org/jacoco/org.jacoco.agent/0.8.8/org.jacoco.agent-0.8.8-runtime.jar=destfile=/home/gabsko/breaking-updates/proto-google-cloud-document-ai-v1/target/jacoco.exec
[INFO] 
[INFO] --- build-helper-maven-plugin:3.3.0:add-resource (add-main-proto-resources) @ proto-google-cloud-document-ai-v1 ---
[INFO] 
[INFO] --- maven-resources-plugin:2.6:resources (default-resources) @ proto-google-cloud-document-ai-v1 ---
[INFO] Using 'UTF-8' encoding to copy filtered resources.
[INFO] skip non existing resourceDirectory /home/gabsko/breaking-updates/proto-google-cloud-document-ai-v1/src/main/resources
[INFO] Copying 9 resources
[INFO] 
[INFO] --- flatten-maven-plugin:1.2.7:flatten (flatten) @ proto-google-cloud-document-ai-v1 ---
[INFO] Generating flattened POM of project com.google.api.grpc:proto-google-cloud-document-ai-v1:jar:2.6.3-SNAPSHOT...
[INFO] 
[INFO] --- maven-compiler-plugin:3.10.1:compile (default-compile) @ proto-google-cloud-document-ai-v1 ---
[INFO] Changes detected - recompiling the module!
[INFO] Compiling 124 source files to /home/gabsko/breaking-updates/proto-google-cloud-document-ai-v1/target/classes
[INFO] 
[INFO] --- build-helper-maven-plugin:3.3.0:add-test-resource (add-test-proto-resources) @ proto-google-cloud-document-ai-v1 ---
[INFO] 
[INFO] --- maven-resources-plugin:2.6:testResources (default-testResources) @ proto-google-cloud-document-ai-v1 ---
[INFO] Using 'UTF-8' encoding to copy filtered resources.
[INFO] skip non existing resourceDirectory /home/gabsko/breaking-updates/proto-google-cloud-document-ai-v1/src/test/resources
[INFO] skip non existing resourceDirectory /home/gabsko/breaking-updates/proto-google-cloud-document-ai-v1/src/test/proto
[INFO] 
[INFO] --- maven-compiler-plugin:3.10.1:testCompile (default-testCompile) @ proto-google-cloud-document-ai-v1 ---
[INFO] No sources to compile
[INFO] 
[INFO] --- animal-sniffer-maven-plugin:1.21:check (java8) @ proto-google-cloud-document-ai-v1 ---
[INFO] Checking unresolved references to org.codehaus.mojo.signature:java18:1.0
[INFO] 
[INFO] --- maven-surefire-plugin:3.0.0-M7:test (default-test) @ proto-google-cloud-document-ai-v1 ---
[INFO] No tests to run.
[INFO] 
[INFO] --- jacoco-maven-plugin:0.8.8:report (report) @ proto-google-cloud-document-ai-v1 ---
[INFO] Skipping JaCoCo execution due to missing execution data file.
[INFO] 
[INFO] -----< com.google.api.grpc:proto-google-cloud-document-ai-v1beta1 >-----
[INFO] Building proto-google-cloud-document-ai-v1beta1 0.18.3-SNAPSHOT   [3/11]
[INFO] --------------------------------[ jar ]---------------------------------
[INFO] 
[INFO] --- maven-clean-plugin:2.5:clean (default-clean) @ proto-google-cloud-document-ai-v1beta1 ---
[INFO] Deleting /home/gabsko/breaking-updates/proto-google-cloud-document-ai-v1beta1/target
[INFO] 
[INFO] --- flatten-maven-plugin:1.2.7:clean (flatten.clean) @ proto-google-cloud-document-ai-v1beta1 ---
[INFO] Deleting /home/gabsko/breaking-updates/proto-google-cloud-document-ai-v1beta1/.flattened-pom.xml
[INFO] 
[INFO] --- maven-enforcer-plugin:3.1.0:enforce (enforce) @ proto-google-cloud-document-ai-v1beta1 ---
[INFO] Adding ignore: module-info
[INFO] Adding ignore: META-INF/versions/*/module-info
[INFO] 
[INFO] --- maven-checkstyle-plugin:3.1.2:check (checkstyle) @ proto-google-cloud-document-ai-v1beta1 ---
[INFO] Starting audit...
Audit done.
[INFO] You have 0 Checkstyle violations.
[INFO] 
[INFO] --- jacoco-maven-plugin:0.8.8:prepare-agent (default) @ proto-google-cloud-document-ai-v1beta1 ---
[INFO] argLine set to -javaagent:/home/gabsko/.m2/repository/org/jacoco/org.jacoco.agent/0.8.8/org.jacoco.agent-0.8.8-runtime.jar=destfile=/home/gabsko/breaking-updates/proto-google-cloud-document-ai-v1beta1/target/jacoco.exec
[INFO] 
[INFO] --- build-helper-maven-plugin:3.3.0:add-resource (add-main-proto-resources) @ proto-google-cloud-document-ai-v1beta1 ---
[INFO] 
[INFO] --- maven-resources-plugin:2.6:resources (default-resources) @ proto-google-cloud-document-ai-v1beta1 ---
[INFO] Using 'UTF-8' encoding to copy filtered resources.
[INFO] skip non existing resourceDirectory /home/gabsko/breaking-updates/proto-google-cloud-document-ai-v1beta1/src/main/resources
[INFO] Copying 3 resources
[INFO] 
[INFO] --- flatten-maven-plugin:1.2.7:flatten (flatten) @ proto-google-cloud-document-ai-v1beta1 ---
[INFO] Generating flattened POM of project com.google.api.grpc:proto-google-cloud-document-ai-v1beta1:jar:0.18.3-SNAPSHOT...
[INFO] 
[INFO] --- maven-compiler-plugin:3.10.1:compile (default-compile) @ proto-google-cloud-document-ai-v1beta1 ---
[INFO] Changes detected - recompiling the module!
[INFO] Compiling 41 source files to /home/gabsko/breaking-updates/proto-google-cloud-document-ai-v1beta1/target/classes
[INFO] 
[INFO] --- build-helper-maven-plugin:3.3.0:add-test-resource (add-test-proto-resources) @ proto-google-cloud-document-ai-v1beta1 ---
[INFO] 
[INFO] --- maven-resources-plugin:2.6:testResources (default-testResources) @ proto-google-cloud-document-ai-v1beta1 ---
[INFO] Using 'UTF-8' encoding to copy filtered resources.
[INFO] skip non existing resourceDirectory /home/gabsko/breaking-updates/proto-google-cloud-document-ai-v1beta1/src/test/resources
[INFO] skip non existing resourceDirectory /home/gabsko/breaking-updates/proto-google-cloud-document-ai-v1beta1/src/test/proto
[INFO] 
[INFO] --- maven-compiler-plugin:3.10.1:testCompile (default-testCompile) @ proto-google-cloud-document-ai-v1beta1 ---
[INFO] No sources to compile
[INFO] 
[INFO] --- animal-sniffer-maven-plugin:1.21:check (java8) @ proto-google-cloud-document-ai-v1beta1 ---
[INFO] Checking unresolved references to org.codehaus.mojo.signature:java18:1.0
[INFO] 
[INFO] --- maven-surefire-plugin:3.0.0-M7:test (default-test) @ proto-google-cloud-document-ai-v1beta1 ---
[INFO] No tests to run.
[INFO] 
[INFO] --- jacoco-maven-plugin:0.8.8:report (report) @ proto-google-cloud-document-ai-v1beta1 ---
[INFO] Skipping JaCoCo execution due to missing execution data file.
[INFO] 
[INFO] -----< com.google.api.grpc:proto-google-cloud-document-ai-v1beta2 >-----
[INFO] Building proto-google-cloud-document-ai-v1beta2 0.18.3-SNAPSHOT   [4/11]
[INFO] --------------------------------[ jar ]---------------------------------
[INFO] 
[INFO] --- maven-clean-plugin:2.5:clean (default-clean) @ proto-google-cloud-document-ai-v1beta2 ---
[INFO] Deleting /home/gabsko/breaking-updates/proto-google-cloud-document-ai-v1beta2/target
[INFO] 
[INFO] --- flatten-maven-plugin:1.2.7:clean (flatten.clean) @ proto-google-cloud-document-ai-v1beta2 ---
[INFO] Deleting /home/gabsko/breaking-updates/proto-google-cloud-document-ai-v1beta2/.flattened-pom.xml
[INFO] 
[INFO] --- maven-enforcer-plugin:3.1.0:enforce (enforce) @ proto-google-cloud-document-ai-v1beta2 ---
[INFO] Adding ignore: module-info
[INFO] Adding ignore: META-INF/versions/*/module-info
[INFO] 
[INFO] --- maven-checkstyle-plugin:3.1.2:check (checkstyle) @ proto-google-cloud-document-ai-v1beta2 ---
[INFO] Starting audit...
Audit done.
[INFO] You have 0 Checkstyle violations.
[INFO] 
[INFO] --- jacoco-maven-plugin:0.8.8:prepare-agent (default) @ proto-google-cloud-document-ai-v1beta2 ---
[INFO] argLine set to -javaagent:/home/gabsko/.m2/repository/org/jacoco/org.jacoco.agent/0.8.8/org.jacoco.agent-0.8.8-runtime.jar=destfile=/home/gabsko/breaking-updates/proto-google-cloud-document-ai-v1beta2/target/jacoco.exec
[INFO] 
[INFO] --- build-helper-maven-plugin:3.3.0:add-resource (add-main-proto-resources) @ proto-google-cloud-document-ai-v1beta2 ---
[INFO] 
[INFO] --- maven-resources-plugin:2.6:resources (default-resources) @ proto-google-cloud-document-ai-v1beta2 ---
[INFO] Using 'UTF-8' encoding to copy filtered resources.
[INFO] skip non existing resourceDirectory /home/gabsko/breaking-updates/proto-google-cloud-document-ai-v1beta2/src/main/resources
[INFO] Copying 3 resources
[INFO] 
[INFO] --- flatten-maven-plugin:1.2.7:flatten (flatten) @ proto-google-cloud-document-ai-v1beta2 ---
[INFO] Generating flattened POM of project com.google.api.grpc:proto-google-cloud-document-ai-v1beta2:jar:0.18.3-SNAPSHOT...
[INFO] 
[INFO] --- maven-compiler-plugin:3.10.1:compile (default-compile) @ proto-google-cloud-document-ai-v1beta2 ---
[INFO] Changes detected - recompiling the module!
[INFO] Compiling 43 source files to /home/gabsko/breaking-updates/proto-google-cloud-document-ai-v1beta2/target/classes
[INFO] 
[INFO] --- build-helper-maven-plugin:3.3.0:add-test-resource (add-test-proto-resources) @ proto-google-cloud-document-ai-v1beta2 ---
[INFO] 
[INFO] --- maven-resources-plugin:2.6:testResources (default-testResources) @ proto-google-cloud-document-ai-v1beta2 ---
[INFO] Using 'UTF-8' encoding to copy filtered resources.
[INFO] skip non existing resourceDirectory /home/gabsko/breaking-updates/proto-google-cloud-document-ai-v1beta2/src/test/resources
[INFO] skip non existing resourceDirectory /home/gabsko/breaking-updates/proto-google-cloud-document-ai-v1beta2/src/test/proto
[INFO] 
[INFO] --- maven-compiler-plugin:3.10.1:testCompile (default-testCompile) @ proto-google-cloud-document-ai-v1beta2 ---
[INFO] No sources to compile
[INFO] 
[INFO] --- animal-sniffer-maven-plugin:1.21:check (java8) @ proto-google-cloud-document-ai-v1beta2 ---
[INFO] Checking unresolved references to org.codehaus.mojo.signature:java18:1.0
[INFO] 
[INFO] --- maven-surefire-plugin:3.0.0-M7:test (default-test) @ proto-google-cloud-document-ai-v1beta2 ---
[INFO] No tests to run.
[INFO] 
[INFO] --- jacoco-maven-plugin:0.8.8:report (report) @ proto-google-cloud-document-ai-v1beta2 ---
[INFO] Skipping JaCoCo execution due to missing execution data file.
[INFO] 
[INFO] -----< com.google.api.grpc:proto-google-cloud-document-ai-v1beta3 >-----
[INFO] Building proto-google-cloud-document-ai-v1beta3 0.18.3-SNAPSHOT   [5/11]
[INFO] --------------------------------[ jar ]---------------------------------
[INFO] 
[INFO] --- maven-clean-plugin:2.5:clean (default-clean) @ proto-google-cloud-document-ai-v1beta3 ---
[INFO] Deleting /home/gabsko/breaking-updates/proto-google-cloud-document-ai-v1beta3/target
[INFO] 
[INFO] --- flatten-maven-plugin:1.2.7:clean (flatten.clean) @ proto-google-cloud-document-ai-v1beta3 ---
[INFO] Deleting /home/gabsko/breaking-updates/proto-google-cloud-document-ai-v1beta3/.flattened-pom.xml
[INFO] 
[INFO] --- maven-enforcer-plugin:3.1.0:enforce (enforce) @ proto-google-cloud-document-ai-v1beta3 ---
[INFO] Adding ignore: module-info
[INFO] Adding ignore: META-INF/versions/*/module-info
[INFO] 
[INFO] --- maven-checkstyle-plugin:3.1.2:check (checkstyle) @ proto-google-cloud-document-ai-v1beta3 ---
[INFO] Starting audit...
Audit done.
[INFO] You have 0 Checkstyle violations.
[INFO] 
[INFO] --- jacoco-maven-plugin:0.8.8:prepare-agent (default) @ proto-google-cloud-document-ai-v1beta3 ---
[INFO] argLine set to -javaagent:/home/gabsko/.m2/repository/org/jacoco/org.jacoco.agent/0.8.8/org.jacoco.agent-0.8.8-runtime.jar=destfile=/home/gabsko/breaking-updates/proto-google-cloud-document-ai-v1beta3/target/jacoco.exec
[INFO] 
[INFO] --- build-helper-maven-plugin:3.3.0:add-resource (add-main-proto-resources) @ proto-google-cloud-document-ai-v1beta3 ---
[INFO] 
[INFO] --- maven-resources-plugin:2.6:resources (default-resources) @ proto-google-cloud-document-ai-v1beta3 ---
[INFO] Using 'UTF-8' encoding to copy filtered resources.
[INFO] skip non existing resourceDirectory /home/gabsko/breaking-updates/proto-google-cloud-document-ai-v1beta3/src/main/resources
[INFO] Copying 9 resources
[INFO] 
[INFO] --- flatten-maven-plugin:1.2.7:flatten (flatten) @ proto-google-cloud-document-ai-v1beta3 ---
[INFO] Generating flattened POM of project com.google.api.grpc:proto-google-cloud-document-ai-v1beta3:jar:0.18.3-SNAPSHOT...
[INFO] 
[INFO] --- maven-compiler-plugin:3.10.1:compile (default-compile) @ proto-google-cloud-document-ai-v1beta3 ---
[INFO] Changes detected - recompiling the module!
[INFO] Compiling 124 source files to /home/gabsko/breaking-updates/proto-google-cloud-document-ai-v1beta3/target/classes
[INFO] 
[INFO] --- build-helper-maven-plugin:3.3.0:add-test-resource (add-test-proto-resources) @ proto-google-cloud-document-ai-v1beta3 ---
[INFO] 
[INFO] --- maven-resources-plugin:2.6:testResources (default-testResources) @ proto-google-cloud-document-ai-v1beta3 ---
[INFO] Using 'UTF-8' encoding to copy filtered resources.
[INFO] skip non existing resourceDirectory /home/gabsko/breaking-updates/proto-google-cloud-document-ai-v1beta3/src/test/resources
[INFO] skip non existing resourceDirectory /home/gabsko/breaking-updates/proto-google-cloud-document-ai-v1beta3/src/test/proto
[INFO] 
[INFO] --- maven-compiler-plugin:3.10.1:testCompile (default-testCompile) @ proto-google-cloud-document-ai-v1beta3 ---
[INFO] No sources to compile
[INFO] 
[INFO] --- animal-sniffer-maven-plugin:1.21:check (java8) @ proto-google-cloud-document-ai-v1beta3 ---
[INFO] Checking unresolved references to org.codehaus.mojo.signature:java18:1.0
[INFO] 
[INFO] --- maven-surefire-plugin:3.0.0-M7:test (default-test) @ proto-google-cloud-document-ai-v1beta3 ---
[INFO] No tests to run.
[INFO] 
[INFO] --- jacoco-maven-plugin:0.8.8:report (report) @ proto-google-cloud-document-ai-v1beta3 ---
[INFO] Skipping JaCoCo execution due to missing execution data file.
[INFO] 
[INFO] -----< com.google.api.grpc:grpc-google-cloud-document-ai-v1beta1 >------
[INFO] Building grpc-google-cloud-document-ai-v1beta1 0.18.3-SNAPSHOT    [6/11]
[INFO] --------------------------------[ jar ]---------------------------------
[INFO] 
[INFO] --- maven-clean-plugin:2.5:clean (default-clean) @ grpc-google-cloud-document-ai-v1beta1 ---
[INFO] Deleting /home/gabsko/breaking-updates/grpc-google-cloud-document-ai-v1beta1/target
[INFO] 
[INFO] --- flatten-maven-plugin:1.2.7:clean (flatten.clean) @ grpc-google-cloud-document-ai-v1beta1 ---
[INFO] Deleting /home/gabsko/breaking-updates/grpc-google-cloud-document-ai-v1beta1/.flattened-pom.xml
[INFO] 
[INFO] --- maven-enforcer-plugin:3.1.0:enforce (enforce) @ grpc-google-cloud-document-ai-v1beta1 ---
[INFO] Adding ignore: module-info
[INFO] Adding ignore: META-INF/versions/*/module-info
[INFO] 
[INFO] --- maven-checkstyle-plugin:3.1.2:check (checkstyle) @ grpc-google-cloud-document-ai-v1beta1 ---
[INFO] Starting audit...
Audit done.
[INFO] You have 0 Checkstyle violations.
[INFO] 
[INFO] --- jacoco-maven-plugin:0.8.8:prepare-agent (default) @ grpc-google-cloud-document-ai-v1beta1 ---
[INFO] argLine set to -javaagent:/home/gabsko/.m2/repository/org/jacoco/org.jacoco.agent/0.8.8/org.jacoco.agent-0.8.8-runtime.jar=destfile=/home/gabsko/breaking-updates/grpc-google-cloud-document-ai-v1beta1/target/jacoco.exec
[INFO] 
[INFO] --- build-helper-maven-plugin:3.3.0:add-resource (add-main-proto-resources) @ grpc-google-cloud-document-ai-v1beta1 ---
[INFO] 
[INFO] --- maven-resources-plugin:2.6:resources (default-resources) @ grpc-google-cloud-document-ai-v1beta1 ---
[INFO] Using 'UTF-8' encoding to copy filtered resources.
[INFO] skip non existing resourceDirectory /home/gabsko/breaking-updates/grpc-google-cloud-document-ai-v1beta1/src/main/resources
[INFO] skip non existing resourceDirectory /home/gabsko/breaking-updates/grpc-google-cloud-document-ai-v1beta1/src/main/proto
[INFO] 
[INFO] --- flatten-maven-plugin:1.2.7:flatten (flatten) @ grpc-google-cloud-document-ai-v1beta1 ---
[INFO] Generating flattened POM of project com.google.api.grpc:grpc-google-cloud-document-ai-v1beta1:jar:0.18.3-SNAPSHOT...
[INFO] 
[INFO] --- maven-compiler-plugin:3.10.1:compile (default-compile) @ grpc-google-cloud-document-ai-v1beta1 ---
[INFO] Changes detected - recompiling the module!
[INFO] Compiling 1 source file to /home/gabsko/breaking-updates/grpc-google-cloud-document-ai-v1beta1/target/classes
[INFO] 
[INFO] --- build-helper-maven-plugin:3.3.0:add-test-resource (add-test-proto-resources) @ grpc-google-cloud-document-ai-v1beta1 ---
[INFO] 
[INFO] --- maven-resources-plugin:2.6:testResources (default-testResources) @ grpc-google-cloud-document-ai-v1beta1 ---
[INFO] Using 'UTF-8' encoding to copy filtered resources.
[INFO] skip non existing resourceDirectory /home/gabsko/breaking-updates/grpc-google-cloud-document-ai-v1beta1/src/test/resources
[INFO] skip non existing resourceDirectory /home/gabsko/breaking-updates/grpc-google-cloud-document-ai-v1beta1/src/test/proto
[INFO] 
[INFO] --- maven-compiler-plugin:3.10.1:testCompile (default-testCompile) @ grpc-google-cloud-document-ai-v1beta1 ---
[INFO] No sources to compile
[INFO] 
[INFO] --- animal-sniffer-maven-plugin:1.21:check (java8) @ grpc-google-cloud-document-ai-v1beta1 ---
[INFO] Checking unresolved references to org.codehaus.mojo.signature:java18:1.0
[INFO] 
[INFO] --- maven-surefire-plugin:3.0.0-M7:test (default-test) @ grpc-google-cloud-document-ai-v1beta1 ---
[INFO] No tests to run.
[INFO] 
[INFO] --- jacoco-maven-plugin:0.8.8:report (report) @ grpc-google-cloud-document-ai-v1beta1 ---
[INFO] Skipping JaCoCo execution due to missing execution data file.
[INFO] 
[INFO] --------< com.google.api.grpc:grpc-google-cloud-document-ai-v1 >--------
[INFO] Building grpc-google-cloud-document-ai-v1 2.6.3-SNAPSHOT          [7/11]
[INFO] --------------------------------[ jar ]---------------------------------
[INFO] 
[INFO] --- maven-clean-plugin:2.5:clean (default-clean) @ grpc-google-cloud-document-ai-v1 ---
[INFO] Deleting /home/gabsko/breaking-updates/grpc-google-cloud-document-ai-v1/target
[INFO] 
[INFO] --- flatten-maven-plugin:1.2.7:clean (flatten.clean) @ grpc-google-cloud-document-ai-v1 ---
[INFO] Deleting /home/gabsko/breaking-updates/grpc-google-cloud-document-ai-v1/.flattened-pom.xml
[INFO] 
[INFO] --- maven-enforcer-plugin:3.1.0:enforce (enforce) @ grpc-google-cloud-document-ai-v1 ---
[INFO] Adding ignore: module-info
[INFO] Adding ignore: META-INF/versions/*/module-info
[INFO] 
[INFO] --- maven-checkstyle-plugin:3.1.2:check (checkstyle) @ grpc-google-cloud-document-ai-v1 ---
[INFO] Starting audit...
Audit done.
[INFO] You have 0 Checkstyle violations.
[INFO] 
[INFO] --- jacoco-maven-plugin:0.8.8:prepare-agent (default) @ grpc-google-cloud-document-ai-v1 ---
[INFO] argLine set to -javaagent:/home/gabsko/.m2/repository/org/jacoco/org.jacoco.agent/0.8.8/org.jacoco.agent-0.8.8-runtime.jar=destfile=/home/gabsko/breaking-updates/grpc-google-cloud-document-ai-v1/target/jacoco.exec
[INFO] 
[INFO] --- build-helper-maven-plugin:3.3.0:add-resource (add-main-proto-resources) @ grpc-google-cloud-document-ai-v1 ---
[INFO] 
[INFO] --- maven-resources-plugin:2.6:resources (default-resources) @ grpc-google-cloud-document-ai-v1 ---
[INFO] Using 'UTF-8' encoding to copy filtered resources.
[INFO] skip non existing resourceDirectory /home/gabsko/breaking-updates/grpc-google-cloud-document-ai-v1/src/main/resources
[INFO] skip non existing resourceDirectory /home/gabsko/breaking-updates/grpc-google-cloud-document-ai-v1/src/main/proto
[INFO] 
[INFO] --- flatten-maven-plugin:1.2.7:flatten (flatten) @ grpc-google-cloud-document-ai-v1 ---
[INFO] Generating flattened POM of project com.google.api.grpc:grpc-google-cloud-document-ai-v1:jar:2.6.3-SNAPSHOT...
[INFO] 
[INFO] --- maven-compiler-plugin:3.10.1:compile (default-compile) @ grpc-google-cloud-document-ai-v1 ---
[INFO] Changes detected - recompiling the module!
[INFO] Compiling 1 source file to /home/gabsko/breaking-updates/grpc-google-cloud-document-ai-v1/target/classes
[INFO] 
[INFO] --- build-helper-maven-plugin:3.3.0:add-test-resource (add-test-proto-resources) @ grpc-google-cloud-document-ai-v1 ---
[INFO] 
[INFO] --- maven-resources-plugin:2.6:testResources (default-testResources) @ grpc-google-cloud-document-ai-v1 ---
[INFO] Using 'UTF-8' encoding to copy filtered resources.
[INFO] skip non existing resourceDirectory /home/gabsko/breaking-updates/grpc-google-cloud-document-ai-v1/src/test/resources
[INFO] skip non existing resourceDirectory /home/gabsko/breaking-updates/grpc-google-cloud-document-ai-v1/src/test/proto
[INFO] 
[INFO] --- maven-compiler-plugin:3.10.1:testCompile (default-testCompile) @ grpc-google-cloud-document-ai-v1 ---
[INFO] No sources to compile
[INFO] 
[INFO] --- animal-sniffer-maven-plugin:1.21:check (java8) @ grpc-google-cloud-document-ai-v1 ---
[INFO] Checking unresolved references to org.codehaus.mojo.signature:java18:1.0
[INFO] 
[INFO] --- maven-surefire-plugin:3.0.0-M7:test (default-test) @ grpc-google-cloud-document-ai-v1 ---
[INFO] No tests to run.
[INFO] 
[INFO] --- jacoco-maven-plugin:0.8.8:report (report) @ grpc-google-cloud-document-ai-v1 ---
[INFO] Skipping JaCoCo execution due to missing execution data file.
[INFO] 
[INFO] -----< com.google.api.grpc:grpc-google-cloud-document-ai-v1beta2 >------
[INFO] Building grpc-google-cloud-document-ai-v1beta2 0.18.3-SNAPSHOT    [8/11]
[INFO] --------------------------------[ jar ]---------------------------------
[INFO] 
[INFO] --- maven-clean-plugin:2.5:clean (default-clean) @ grpc-google-cloud-document-ai-v1beta2 ---
[INFO] Deleting /home/gabsko/breaking-updates/grpc-google-cloud-document-ai-v1beta2/target
[INFO] 
[INFO] --- flatten-maven-plugin:1.2.7:clean (flatten.clean) @ grpc-google-cloud-document-ai-v1beta2 ---
[INFO] Deleting /home/gabsko/breaking-updates/grpc-google-cloud-document-ai-v1beta2/.flattened-pom.xml
[INFO] 
[INFO] --- maven-enforcer-plugin:3.1.0:enforce (enforce) @ grpc-google-cloud-document-ai-v1beta2 ---
[INFO] Adding ignore: module-info
[INFO] Adding ignore: META-INF/versions/*/module-info
[INFO] 
[INFO] --- maven-checkstyle-plugin:3.1.2:check (checkstyle) @ grpc-google-cloud-document-ai-v1beta2 ---
[INFO] Starting audit...
Audit done.
[INFO] You have 0 Checkstyle violations.
[INFO] 
[INFO] --- jacoco-maven-plugin:0.8.8:prepare-agent (default) @ grpc-google-cloud-document-ai-v1beta2 ---
[INFO] argLine set to -javaagent:/home/gabsko/.m2/repository/org/jacoco/org.jacoco.agent/0.8.8/org.jacoco.agent-0.8.8-runtime.jar=destfile=/home/gabsko/breaking-updates/grpc-google-cloud-document-ai-v1beta2/target/jacoco.exec
[INFO] 
[INFO] --- build-helper-maven-plugin:3.3.0:add-resource (add-main-proto-resources) @ grpc-google-cloud-document-ai-v1beta2 ---
[INFO] 
[INFO] --- maven-resources-plugin:2.6:resources (default-resources) @ grpc-google-cloud-document-ai-v1beta2 ---
[INFO] Using 'UTF-8' encoding to copy filtered resources.
[INFO] skip non existing resourceDirectory /home/gabsko/breaking-updates/grpc-google-cloud-document-ai-v1beta2/src/main/resources
[INFO] skip non existing resourceDirectory /home/gabsko/breaking-updates/grpc-google-cloud-document-ai-v1beta2/src/main/proto
[INFO] 
[INFO] --- flatten-maven-plugin:1.2.7:flatten (flatten) @ grpc-google-cloud-document-ai-v1beta2 ---
[INFO] Generating flattened POM of project com.google.api.grpc:grpc-google-cloud-document-ai-v1beta2:jar:0.18.3-SNAPSHOT...
[INFO] 
[INFO] --- maven-compiler-plugin:3.10.1:compile (default-compile) @ grpc-google-cloud-document-ai-v1beta2 ---
[INFO] Changes detected - recompiling the module!
[INFO] Compiling 1 source file to /home/gabsko/breaking-updates/grpc-google-cloud-document-ai-v1beta2/target/classes
[INFO] 
[INFO] --- build-helper-maven-plugin:3.3.0:add-test-resource (add-test-proto-resources) @ grpc-google-cloud-document-ai-v1beta2 ---
[INFO] 
[INFO] --- maven-resources-plugin:2.6:testResources (default-testResources) @ grpc-google-cloud-document-ai-v1beta2 ---
[INFO] Using 'UTF-8' encoding to copy filtered resources.
[INFO] skip non existing resourceDirectory /home/gabsko/breaking-updates/grpc-google-cloud-document-ai-v1beta2/src/test/resources
[INFO] skip non existing resourceDirectory /home/gabsko/breaking-updates/grpc-google-cloud-document-ai-v1beta2/src/test/proto
[INFO] 
[INFO] --- maven-compiler-plugin:3.10.1:testCompile (default-testCompile) @ grpc-google-cloud-document-ai-v1beta2 ---
[INFO] No sources to compile
[INFO] 
[INFO] --- animal-sniffer-maven-plugin:1.21:check (java8) @ grpc-google-cloud-document-ai-v1beta2 ---
[INFO] Checking unresolved references to org.codehaus.mojo.signature:java18:1.0
[INFO] 
[INFO] --- maven-surefire-plugin:3.0.0-M7:test (default-test) @ grpc-google-cloud-document-ai-v1beta2 ---
[INFO] No tests to run.
[INFO] 
[INFO] --- jacoco-maven-plugin:0.8.8:report (report) @ grpc-google-cloud-document-ai-v1beta2 ---
[INFO] Skipping JaCoCo execution due to missing execution data file.
[INFO] 
[INFO] -----< com.google.api.grpc:grpc-google-cloud-document-ai-v1beta3 >------
[INFO] Building grpc-google-cloud-document-ai-v1beta3 0.18.3-SNAPSHOT    [9/11]
[INFO] --------------------------------[ jar ]---------------------------------
[INFO] 
[INFO] --- maven-clean-plugin:2.5:clean (default-clean) @ grpc-google-cloud-document-ai-v1beta3 ---
[INFO] Deleting /home/gabsko/breaking-updates/grpc-google-cloud-document-ai-v1beta3/target
[INFO] 
[INFO] --- flatten-maven-plugin:1.2.7:clean (flatten.clean) @ grpc-google-cloud-document-ai-v1beta3 ---
[INFO] Deleting /home/gabsko/breaking-updates/grpc-google-cloud-document-ai-v1beta3/.flattened-pom.xml
[INFO] 
[INFO] --- maven-enforcer-plugin:3.1.0:enforce (enforce) @ grpc-google-cloud-document-ai-v1beta3 ---
[INFO] Adding ignore: module-info
[INFO] Adding ignore: META-INF/versions/*/module-info
[INFO] 
[INFO] --- maven-checkstyle-plugin:3.1.2:check (checkstyle) @ grpc-google-cloud-document-ai-v1beta3 ---
[INFO] Starting audit...
Audit done.
[INFO] You have 0 Checkstyle violations.
[INFO] 
[INFO] --- jacoco-maven-plugin:0.8.8:prepare-agent (default) @ grpc-google-cloud-document-ai-v1beta3 ---
[INFO] argLine set to -javaagent:/home/gabsko/.m2/repository/org/jacoco/org.jacoco.agent/0.8.8/org.jacoco.agent-0.8.8-runtime.jar=destfile=/home/gabsko/breaking-updates/grpc-google-cloud-document-ai-v1beta3/target/jacoco.exec
[INFO] 
[INFO] --- build-helper-maven-plugin:3.3.0:add-resource (add-main-proto-resources) @ grpc-google-cloud-document-ai-v1beta3 ---
[INFO] 
[INFO] --- maven-resources-plugin:2.6:resources (default-resources) @ grpc-google-cloud-document-ai-v1beta3 ---
[INFO] Using 'UTF-8' encoding to copy filtered resources.
[INFO] skip non existing resourceDirectory /home/gabsko/breaking-updates/grpc-google-cloud-document-ai-v1beta3/src/main/resources
[INFO] skip non existing resourceDirectory /home/gabsko/breaking-updates/grpc-google-cloud-document-ai-v1beta3/src/main/proto
[INFO] 
[INFO] --- flatten-maven-plugin:1.2.7:flatten (flatten) @ grpc-google-cloud-document-ai-v1beta3 ---
[INFO] Generating flattened POM of project com.google.api.grpc:grpc-google-cloud-document-ai-v1beta3:jar:0.18.3-SNAPSHOT...
[INFO] 
[INFO] --- maven-compiler-plugin:3.10.1:compile (default-compile) @ grpc-google-cloud-document-ai-v1beta3 ---
[INFO] Changes detected - recompiling the module!
[INFO] Compiling 1 source file to /home/gabsko/breaking-updates/grpc-google-cloud-document-ai-v1beta3/target/classes
[INFO] 
[INFO] --- build-helper-maven-plugin:3.3.0:add-test-resource (add-test-proto-resources) @ grpc-google-cloud-document-ai-v1beta3 ---
[INFO] 
[INFO] --- maven-resources-plugin:2.6:testResources (default-testResources) @ grpc-google-cloud-document-ai-v1beta3 ---
[INFO] Using 'UTF-8' encoding to copy filtered resources.
[INFO] skip non existing resourceDirectory /home/gabsko/breaking-updates/grpc-google-cloud-document-ai-v1beta3/src/test/resources
[INFO] skip non existing resourceDirectory /home/gabsko/breaking-updates/grpc-google-cloud-document-ai-v1beta3/src/test/proto
[INFO] 
[INFO] --- maven-compiler-plugin:3.10.1:testCompile (default-testCompile) @ grpc-google-cloud-document-ai-v1beta3 ---
[INFO] No sources to compile
[INFO] 
[INFO] --- animal-sniffer-maven-plugin:1.21:check (java8) @ grpc-google-cloud-document-ai-v1beta3 ---
[INFO] Checking unresolved references to org.codehaus.mojo.signature:java18:1.0
[INFO] 
[INFO] --- maven-surefire-plugin:3.0.0-M7:test (default-test) @ grpc-google-cloud-document-ai-v1beta3 ---
[INFO] No tests to run.
[INFO] 
[INFO] --- jacoco-maven-plugin:0.8.8:report (report) @ grpc-google-cloud-document-ai-v1beta3 ---
[INFO] Skipping JaCoCo execution due to missing execution data file.
[INFO] 
[INFO] -------------< com.google.cloud:google-cloud-document-ai >--------------
[INFO] Building Google Cloud Document AI 2.6.3-SNAPSHOT                 [10/11]
[INFO] --------------------------------[ jar ]---------------------------------
[INFO] 
[INFO] --- maven-clean-plugin:2.5:clean (default-clean) @ google-cloud-document-ai ---
[INFO] Deleting /home/gabsko/breaking-updates/google-cloud-document-ai/target
[INFO] 
[INFO] --- flatten-maven-plugin:1.2.7:clean (flatten.clean) @ google-cloud-document-ai ---
[INFO] Deleting /home/gabsko/breaking-updates/google-cloud-document-ai/.flattened-pom.xml
[INFO] 
[INFO] --- maven-enforcer-plugin:3.1.0:enforce (enforce) @ google-cloud-document-ai ---
[INFO] Adding ignore: module-info
[INFO] Adding ignore: META-INF/versions/*/module-info
[INFO] 
[INFO] --- maven-checkstyle-plugin:3.1.2:check (checkstyle) @ google-cloud-document-ai ---
[INFO] Starting audit...
Audit done.
[INFO] You have 0 Checkstyle violations.
[INFO] 
[INFO] --- jacoco-maven-plugin:0.8.8:prepare-agent (default) @ google-cloud-document-ai ---
[INFO] argLine set to -javaagent:/home/gabsko/.m2/repository/org/jacoco/org.jacoco.agent/0.8.8/org.jacoco.agent-0.8.8-runtime.jar=destfile=/home/gabsko/breaking-updates/google-cloud-document-ai/target/jacoco.exec
[INFO] 
[INFO] --- build-helper-maven-plugin:3.3.0:add-resource (add-main-proto-resources) @ google-cloud-document-ai ---
[INFO] 
[INFO] --- maven-resources-plugin:2.6:resources (default-resources) @ google-cloud-document-ai ---
[INFO] Using 'UTF-8' encoding to copy filtered resources.
[INFO] skip non existing resourceDirectory /home/gabsko/breaking-updates/google-cloud-document-ai/src/main/resources
[INFO] skip non existing resourceDirectory /home/gabsko/breaking-updates/google-cloud-document-ai/src/main/proto
[INFO] 
[INFO] --- flatten-maven-plugin:1.2.7:flatten (flatten) @ google-cloud-document-ai ---
[INFO] Generating flattened POM of project com.google.cloud:google-cloud-document-ai:jar:2.6.3-SNAPSHOT...
[INFO] 
[INFO] --- maven-compiler-plugin:3.10.1:compile (default-compile) @ google-cloud-document-ai ---
[INFO] Changes detected - recompiling the module!
[INFO] Compiling 32 source files to /home/gabsko/breaking-updates/google-cloud-document-ai/target/classes
[INFO] /home/gabsko/breaking-updates/google-cloud-document-ai/src/main/java/com/google/cloud/documentai/v1beta1/DocumentUnderstandingServiceSettings.java: Some input files use unchecked or unsafe operations.
[INFO] /home/gabsko/breaking-updates/google-cloud-document-ai/src/main/java/com/google/cloud/documentai/v1beta1/DocumentUnderstandingServiceSettings.java: Recompile with -Xlint:unchecked for details.
[INFO] 
[INFO] --- build-helper-maven-plugin:3.3.0:add-test-resource (add-test-proto-resources) @ google-cloud-document-ai ---
[INFO] 
[INFO] --- maven-resources-plugin:2.6:testResources (default-testResources) @ google-cloud-document-ai ---
[INFO] Using 'UTF-8' encoding to copy filtered resources.
[INFO] skip non existing resourceDirectory /home/gabsko/breaking-updates/google-cloud-document-ai/src/test/resources
[INFO] skip non existing resourceDirectory /home/gabsko/breaking-updates/google-cloud-document-ai/src/test/proto
[INFO] 
[INFO] --- maven-compiler-plugin:3.10.1:testCompile (default-testCompile) @ google-cloud-document-ai ---
[INFO] Changes detected - recompiling the module!
[INFO] Compiling 18 source files to /home/gabsko/breaking-updates/google-cloud-document-ai/target/test-classes
[WARNING] /home/gabsko/breaking-updates/google-cloud-document-ai/src/test/java/com/google/cloud/documentai/v1beta3/DocumentProcessorServiceClientTest.java:[105,13] setHumanReviewOperation(java.lang.String) in com.google.cloud.documentai.v1beta3.ProcessResponse.Builder has been deprecated
[WARNING] /home/gabsko/breaking-updates/google-cloud-document-ai/src/test/java/com/google/cloud/documentai/v1beta3/DocumentProcessorServiceClientTest.java:[145,13] setHumanReviewOperation(java.lang.String) in com.google.cloud.documentai.v1beta3.ProcessResponse.Builder has been deprecated
[WARNING] /home/gabsko/breaking-updates/google-cloud-document-ai/src/test/java/com/google/cloud/documentai/v1beta3/DocumentProcessorServiceClientHttpJsonTest.java:[98,13] setHumanReviewOperation(java.lang.String) in com.google.cloud.documentai.v1beta3.ProcessResponse.Builder has been deprecated
[WARNING] /home/gabsko/breaking-updates/google-cloud-document-ai/src/test/java/com/google/cloud/documentai/v1beta3/DocumentProcessorServiceClientHttpJsonTest.java:[144,13] setHumanReviewOperation(java.lang.String) in com.google.cloud.documentai.v1beta3.ProcessResponse.Builder has been deprecated
[INFO] 
[INFO] --- animal-sniffer-maven-plugin:1.21:check (java8) @ google-cloud-document-ai ---
[INFO] Checking unresolved references to org.codehaus.mojo.signature:java18:1.0
[INFO] 
[INFO] --- maven-surefire-plugin:3.0.0-M7:test (default-test) @ google-cloud-document-ai ---
[INFO] Using configured provider org.apache.maven.surefire.junitcore.JUnitCoreProvider
[INFO] 
[INFO] -------------------------------------------------------
[INFO]  T E S T S
[INFO] -------------------------------------------------------
[INFO] Running com.google.cloud.documentai.v1beta3.DocumentProcessorServiceClientHttpJsonTest
[INFO] Tests run: 66, Failures: 0, Errors: 0, Skipped: 0, Time elapsed: 0.969 s - in com.google.cloud.documentai.v1beta3.DocumentProcessorServiceClientHttpJsonTest
[INFO] Running com.google.cloud.documentai.v1beta3.DocumentProcessorServiceClientTest
[INFO] Tests run: 66, Failures: 0, Errors: 0, Skipped: 0, Time elapsed: 0.451 s - in com.google.cloud.documentai.v1beta3.DocumentProcessorServiceClientTest
[INFO] Running com.google.cloud.documentai.v1beta1.DocumentUnderstandingServiceClientTest
[INFO] Tests run: 2, Failures: 0, Errors: 0, Skipped: 0, Time elapsed: 0.12 s - in com.google.cloud.documentai.v1beta1.DocumentUnderstandingServiceClientTest
[INFO] Running com.google.cloud.documentai.v1.DocumentProcessorServiceClientHttpJsonTest
[INFO] Tests run: 66, Failures: 0, Errors: 0, Skipped: 0, Time elapsed: 0.389 s - in com.google.cloud.documentai.v1.DocumentProcessorServiceClientHttpJsonTest
[INFO] Running com.google.cloud.documentai.v1.DocumentProcessorServiceClientTest
[INFO] Tests run: 66, Failures: 0, Errors: 0, Skipped: 0, Time elapsed: 0.217 s - in com.google.cloud.documentai.v1.DocumentProcessorServiceClientTest
[INFO] Running com.google.cloud.documentai.v1beta2.DocumentUnderstandingServiceClientTest
[INFO] Tests run: 4, Failures: 0, Errors: 0, Skipped: 0, Time elapsed: 0.052 s - in com.google.cloud.documentai.v1beta2.DocumentUnderstandingServiceClientTest
[INFO] 
[INFO] Results:
[INFO] 
[INFO] Tests run: 270, Failures: 0, Errors: 0, Skipped: 0
[INFO] 
[INFO] 
[INFO] --- jacoco-maven-plugin:0.8.8:report (report) @ google-cloud-document-ai ---
[INFO] Loading execution data file /home/gabsko/breaking-updates/google-cloud-document-ai/target/jacoco.exec
[INFO] Analyzed bundle 'Google Cloud Document AI' with 76 classes
[INFO] 
[INFO] -----------< com.google.cloud:google-cloud-document-ai-bom >------------
[INFO] Building Google Cloud Document AI BOM 2.6.3-SNAPSHOT             [11/11]
[INFO] --------------------------------[ pom ]---------------------------------
[INFO] 
[INFO] --- maven-clean-plugin:2.5:clean (default-clean) @ google-cloud-document-ai-bom ---
[INFO] 
[INFO] --- maven-enforcer-plugin:3.1.0:enforce (enforce) @ google-cloud-document-ai-bom ---
[INFO] Adding ignore: module-info
[INFO] Adding ignore: META-INF/versions/*/module-info
[INFO] 
[INFO] --- maven-checkstyle-plugin:3.1.2:check (checkstyle) @ google-cloud-document-ai-bom ---
[INFO] 
[INFO] --- jacoco-maven-plugin:0.8.8:prepare-agent (default) @ google-cloud-document-ai-bom ---
[INFO] argLine set to -javaagent:/home/gabsko/.m2/repository/org/jacoco/org.jacoco.agent/0.8.8/org.jacoco.agent-0.8.8-runtime.jar=destfile=/home/gabsko/breaking-updates/google-cloud-document-ai-bom/target/jacoco.exec
[INFO] 
[INFO] --- build-helper-maven-plugin:3.3.0:add-resource (add-main-proto-resources) @ google-cloud-document-ai-bom ---
[INFO] 
[INFO] --- build-helper-maven-plugin:3.3.0:add-test-resource (add-test-proto-resources) @ google-cloud-document-ai-bom ---
[INFO] 
[INFO] --- animal-sniffer-maven-plugin:1.21:check (java8) @ google-cloud-document-ai-bom ---
[INFO] Checking unresolved references to org.codehaus.mojo.signature:java18:1.0
[INFO] 
[INFO] --- jacoco-maven-plugin:0.8.8:report (report) @ google-cloud-document-ai-bom ---
[INFO] Skipping JaCoCo execution due to missing execution data file.
[INFO] ------------------------------------------------------------------------
[INFO] Reactor Summary:
[INFO] 
[INFO] Google Cloud Document AI Parent 2.6.3-SNAPSHOT ..... SUCCESS [  1.257 s]
[INFO] proto-google-cloud-document-ai-v1 2.6.3-SNAPSHOT ... SUCCESS [  5.017 s]
[INFO] proto-google-cloud-document-ai-v1beta1 0.18.3-SNAPSHOT SUCCESS [  1.385 s]
[INFO] proto-google-cloud-document-ai-v1beta2 0.18.3-SNAPSHOT SUCCESS [  1.734 s]
[INFO] proto-google-cloud-document-ai-v1beta3 0.18.3-SNAPSHOT SUCCESS [  3.230 s]
[INFO] grpc-google-cloud-document-ai-v1beta1 0.18.3-SNAPSHOT SUCCESS [  0.472 s]
[INFO] grpc-google-cloud-document-ai-v1 2.6.3-SNAPSHOT .... SUCCESS [  0.563 s]
[INFO] grpc-google-cloud-document-ai-v1beta2 0.18.3-SNAPSHOT SUCCESS [  0.430 s]
[INFO] grpc-google-cloud-document-ai-v1beta3 0.18.3-SNAPSHOT SUCCESS [  0.507 s]
[INFO] Google Cloud Document AI 2.6.3-SNAPSHOT ............ SUCCESS [  6.031 s]
[INFO] Google Cloud Document AI BOM 2.6.3-SNAPSHOT ........ SUCCESS [  0.006 s]
[INFO] ------------------------------------------------------------------------
[INFO] BUILD SUCCESS
[INFO] ------------------------------------------------------------------------
[INFO] Total time:  21.228 s
[INFO] Finished at: 2023-02-11T14:17:26Z
[INFO] ------------------------------------------------------------------------
