[INFO] Scanning for projects...
[INFO] 
[INFO] ------------------------< com.jcabi:jcabi-http >------------------------
[INFO] Building jcabi-http 2.0-SNAPSHOT
[INFO] --------------------------------[ jar ]---------------------------------
[INFO] 
[INFO] --- maven-clean-plugin:3.2.0:clean (default-clean) @ jcabi-http ---
[INFO] Deleting /home/gabsko/breaking-updates/target
[INFO] 
[INFO] --- maven-enforcer-plugin:3.1.0:enforce (enforce-maven) @ jcabi-http ---
[INFO] 
[INFO] --- buildnumber-maven-plugin:3.0.0:create (jcabi-build-number) @ jcabi-http ---
[INFO] ShortRevision tag detected. The value is '7'.
[INFO] Executing: /bin/sh -c cd '/home/gabsko/breaking-updates' && 'git' 'rev-parse' '--verify' '--short=7' 'HEAD'
[INFO] Working directory: /home/gabsko/breaking-updates
[INFO] Storing buildNumber: 8bb2502 at timestamp: 2023-02-11T20:34:30
[INFO] Storing buildScmBranch: branch-jcabi/jcabi-http-8bb2502336fe5147b8c2a4fa87e18fbc56eefaad
[INFO] 
[INFO] --- buildnumber-maven-plugin:3.0.0:create-timestamp (jcabi-build-number) @ jcabi-http ---
[INFO] Skipping because we are not in root module.
[INFO] 
[INFO] --- maven-resources-plugin:3.2.0:resources (default-resources) @ jcabi-http ---
[INFO] Using 'UTF-8' encoding to copy filtered resources.
[INFO] Using 'UTF-8' encoding to copy filtered properties files.
[INFO] skip non existing resourceDirectory /home/gabsko/breaking-updates/src/main/resources
[INFO] 
[INFO] --- maven-compiler-plugin:3.10.1:compile (default-compile) @ jcabi-http ---
[INFO] Changes detected - recompiling the module!
[INFO] Compiling 53 source files to /home/gabsko/breaking-updates/target/classes
[INFO] 
[INFO] --- maven-resources-plugin:3.2.0:testResources (default-testResources) @ jcabi-http ---
[INFO] Using 'UTF-8' encoding to copy filtered resources.
[INFO] Using 'UTF-8' encoding to copy filtered properties files.
[INFO] Copying 1 resource
[INFO] The encoding used to copy filtered properties files have not been set. This means that the same encoding will be used to copy filtered properties files as when copying other filtered resources. This might not be what you want! Run your build with --debug to see which files might be affected. Read more at https://maven.apache.org/plugins/maven-resources-plugin/examples/filtering-properties-files.html
[INFO] 
[INFO] --- maven-compiler-plugin:3.10.1:testCompile (default-testCompile) @ jcabi-http ---
[INFO] Changes detected - recompiling the module!
[INFO] Compiling 37 source files to /home/gabsko/breaking-updates/target/test-classes
[INFO] 
[INFO] --- maven-surefire-plugin:3.0.0-M7:test (default-test) @ jcabi-http ---
[INFO] Tests will run in random order. To reproduce ordering use flag -Dsurefire.runOrder.random.seed=22134201245217339
[INFO] Using auto detected provider org.apache.maven.surefire.junitplatform.JUnitPlatformProvider
[INFO] 
[INFO] -------------------------------------------------------
[INFO]  T E S T S
[INFO] -------------------------------------------------------
[INFO] Running com.jcabi.http.wire.CookieOptimizingWireTest
Feb 11, 2023 8:34:34 PM org.glassfish.grizzly.http.server.NetworkListener start
INFO: Started listener bound to [0.0.0.0:39885]
Feb 11, 2023 8:34:34 PM org.glassfish.grizzly.http.server.HttpServer start
INFO: [HttpServer] Started.
SLF4J: Class path contains multiple SLF4J providers.
SLF4J: Found provider [org.slf4j.log4j12.Log4j12ServiceProvider@6f3187b0]
SLF4J: Found provider [org.slf4j.reload4j.Reload4jServiceProvider@2663e964]
SLF4J: See http://www.slf4j.org/codes.html#multiple_bindings for an explanation.
SLF4J: Actual provider is of type [org.slf4j.log4j12.Log4j12ServiceProvider@6f3187b0]
[[0;37mINFO[m] main com.jcabi.http.mock.MkGrizzlyContainer: started on port #39885
[[0;37mINFO[m] main com.jcabi.http.wire.VerboseWire: #send(GET http://localhost:39885/):
HTTP Request (com.jcabi.http.request.BaseRequest):
  Cookie: second=initial-value
  
  <<empty>>
HTTP Response (com.jcabi.http.request.DefaultResponse):
  200 OK [http://localhost:39885/]
  Server: com.jcabi.http.mock.MkGrizzlyAdapter query #1, 2 answer(s) left
  Set-Cookie: third=B; path=/
  Set-Cookie: second=; path=/
  Set-Cookie: first=A; path=/
  Content-Length: 0
  Location: /a
  
  <<empty>>
[[0;37mINFO[m] main com.jcabi.http.request.BaseRequest: #fetch(GET localhost:39885 /): [200 OK] in 109ms
[[0;37mINFO[m] main com.jcabi.http.wire.VerboseWire: #send(GET http://localhost:39885/a):
HTTP Request (com.jcabi.http.request.BaseRequest):
  Cookie: third=B; first=A
  
  <<empty>>
HTTP Response (com.jcabi.http.request.DefaultResponse):
  200 OK [http://localhost:39885/a]
  Server: com.jcabi.http.mock.MkGrizzlyAdapter query #2, 1 answer(s) left
  Content-Length: 0
  
  <<empty>>
[[0;37mINFO[m] main com.jcabi.http.request.BaseRequest: #fetch(GET localhost:39885 /a): [200 OK] in 4ms
[[0;37mINFO[m] main com.jcabi.http.mock.MkGrizzlyContainer: stopped on port #39885
Feb 11, 2023 8:34:34 PM org.glassfish.grizzly.http.server.NetworkListener start
INFO: Started listener bound to [0.0.0.0:37163]
Feb 11, 2023 8:34:34 PM org.glassfish.grizzly.http.server.HttpServer start
INFO: [HttpServer-1] Started.
[[0;37mINFO[m] main com.jcabi.http.mock.MkGrizzlyContainer: started on port #37163
[[0;37mINFO[m] main com.jcabi.http.wire.VerboseWire: #send(GET http://localhost:37163/):
HTTP Request (com.jcabi.http.request.BaseRequest):
  Cookie: alpha=boom5
  
  <<empty>>
HTTP Response (com.jcabi.http.request.DefaultResponse):
  200 OK [http://localhost:37163/]
  Server: com.jcabi.http.mock.MkGrizzlyAdapter query #1, 2 answer(s) left
  Set-Cookie: gamma=something; path=/
  Set-Cookie: alpha=boom1; path=/
  Set-Cookie: beta=something; path=/
  Content-Length: 0
  Location: /
  
  <<empty>>
[[0;37mINFO[m] main com.jcabi.http.request.BaseRequest: #fetch(GET localhost:37163 /): [200 OK] in 5ms
[[0;37mINFO[m] main com.jcabi.http.wire.VerboseWire: #send(GET http://localhost:37163/):
HTTP Request (com.jcabi.http.request.BaseRequest):
  Cookie: gamma=something; beta=something; alpha=boom1
  
  <<empty>>
HTTP Response (com.jcabi.http.request.DefaultResponse):
  200 OK [http://localhost:37163/]
  Server: com.jcabi.http.mock.MkGrizzlyAdapter query #2, 1 answer(s) left
  Content-Length: 0
  
  <<empty>>
[[0;37mINFO[m] main com.jcabi.http.request.BaseRequest: #fetch(GET localhost:37163 /): [200 OK] in 4ms
[[0;37mINFO[m] main com.jcabi.http.mock.MkGrizzlyContainer: stopped on port #37163
[INFO] Tests run: 2, Failures: 0, Errors: 0, Skipped: 0, Time elapsed: 0.519 s - in com.jcabi.http.wire.CookieOptimizingWireTest
[INFO] Running com.jcabi.http.wire.UserAgentWireTest
Feb 11, 2023 8:34:34 PM org.glassfish.grizzly.http.server.NetworkListener start
INFO: Started listener bound to [0.0.0.0:43297]
Feb 11, 2023 8:34:34 PM org.glassfish.grizzly.http.server.HttpServer start
INFO: [HttpServer-2] Started.
[[0;37mINFO[m] main com.jcabi.http.mock.MkGrizzlyContainer: started on port #43297
[[0;37mINFO[m] main com.jcabi.http.request.BaseRequest: #fetch(GET localhost:43297 /): [200 OK] in 4ms
[[0;37mINFO[m] main com.jcabi.http.mock.MkGrizzlyContainer: stopped on port #43297
Feb 11, 2023 8:34:34 PM org.glassfish.grizzly.http.server.NetworkListener start
INFO: Started listener bound to [0.0.0.0:39537]
Feb 11, 2023 8:34:34 PM org.glassfish.grizzly.http.server.HttpServer start
INFO: [HttpServer-3] Started.
[[0;37mINFO[m] main com.jcabi.http.mock.MkGrizzlyContainer: started on port #39537
[[0;37mINFO[m] main com.jcabi.http.request.BaseRequest: #fetch(GET localhost:39537 /): [200 OK] in 4ms
[[0;37mINFO[m] main com.jcabi.http.mock.MkGrizzlyContainer: stopped on port #39537
[INFO] Tests run: 2, Failures: 0, Errors: 0, Skipped: 0, Time elapsed: 0.109 s - in com.jcabi.http.wire.UserAgentWireTest
[INFO] Running com.jcabi.http.response.JsonResponseTest
[[0;37mINFO[m] main com.jcabi.http.request.BaseRequest: #fetch(GET localhost:12345 /see-FakeRequest-class): [200 OK] in 0ms
[[0;37mINFO[m] main com.jcabi.http.request.BaseRequest: #fetch(GET localhost:12345 /see-FakeRequest-class): [200 OK] in 0ms
[[0;37mINFO[m] main com.jcabi.http.request.BaseRequest: #fetch(GET localhost:12345 /see-FakeRequest-class): [200 OK] in 0ms
[[0;37mINFO[m] main com.jcabi.http.request.BaseRequest: #fetch(GET localhost:12345 /see-FakeRequest-class): [200 OK] in 0ms
[[0;37mINFO[m] main com.jcabi.http.request.BaseRequest: #fetch(GET localhost:12345 /see-FakeRequest-class): [200 OK] in 0ms
[INFO] Tests run: 5, Failures: 0, Errors: 0, Skipped: 0, Time elapsed: 0.039 s - in com.jcabi.http.response.JsonResponseTest
[INFO] Running com.jcabi.http.wire.VerboseWireTest
Feb 11, 2023 8:34:34 PM org.glassfish.grizzly.http.server.NetworkListener start
INFO: Started listener bound to [0.0.0.0:43923]
Feb 11, 2023 8:34:34 PM org.glassfish.grizzly.http.server.HttpServer start
INFO: [HttpServer-4] Started.
[[0;37mINFO[m] main com.jcabi.http.mock.MkGrizzlyContainer: started on port #43923
[[0;37mINFO[m] main com.jcabi.http.wire.VerboseWire: #send(GET http://localhost:43923/):
HTTP Request (com.jcabi.http.request.BaseRequest):
  User-Agent: it's me
  
  <<empty>>
HTTP Response (com.jcabi.http.request.DefaultResponse):
  200 OK [http://localhost:43923/]
  Server: com.jcabi.http.mock.MkGrizzlyAdapter query #1, 1 answer(s) left
  Content-Length: 0
  
  <<empty>>
[[0;37mINFO[m] main com.jcabi.http.request.BaseRequest: #fetch(GET localhost:43923 /): [200 OK] in 5ms
[[0;37mINFO[m] main com.jcabi.http.mock.MkGrizzlyContainer: stopped on port #43923
Feb 11, 2023 8:34:34 PM org.glassfish.grizzly.http.server.NetworkListener start
INFO: Started listener bound to [0.0.0.0:44421]
Feb 11, 2023 8:34:34 PM org.glassfish.grizzly.http.server.HttpServer start
INFO: [HttpServer-5] Started.
[[0;37mINFO[m] main com.jcabi.http.mock.MkGrizzlyContainer: started on port #44421
[[0;37mINFO[m] main com.jcabi.http.wire.VerboseWire: #send(POST http://localhost:44421/):
HTTP Request (com.jcabi.http.request.BaseRequest):
  
  hello, world!
HTTP Response (com.jcabi.http.request.DefaultResponse):
  200 OK [http://localhost:44421/]
  Server: com.jcabi.http.mock.MkGrizzlyAdapter query #1, 1 answer(s) left
  Content-Length: 0
  
  <<empty>>
[[0;37mINFO[m] main com.jcabi.http.request.BaseRequest: #fetch(POST localhost:44421 /): [200 OK] in 6ms
[[0;37mINFO[m] main com.jcabi.http.mock.MkGrizzlyContainer: stopped on port #44421
[INFO] Tests run: 2, Failures: 0, Errors: 0, Skipped: 0, Time elapsed: 0.087 s - in com.jcabi.http.wire.VerboseWireTest
[INFO] Running com.jcabi.http.mock.MkQueryMatchersTest
[INFO] Tests run: 4, Failures: 0, Errors: 0, Skipped: 0, Time elapsed: 0.345 s - in com.jcabi.http.mock.MkQueryMatchersTest
[INFO] Running com.jcabi.http.RequestTimeoutLossTest
[[0;37mINFO[m] main com.jcabi.http.request.BaseRequest: #fetch(GET localhost /api): [0 null] in 1ms
[[0;37mINFO[m] main com.jcabi.http.request.BaseRequest: #fetch(GET localhost /api): [0 null] in 0ms
[[0;37mINFO[m] main com.jcabi.http.request.BaseRequest: #fetch(GET localhost /): [0 null] in 1ms
[[0;37mINFO[m] main com.jcabi.http.request.BaseRequest: #fetch(GET localhost /): [0 null] in 1ms
[[0;37mINFO[m] main com.jcabi.http.request.BaseRequest: #fetch(GET localhost /): [0 null] in 1ms
[[0;37mINFO[m] main com.jcabi.http.request.BaseRequest: #fetch(GET localhost /): [0 null] in 0ms
[[0;37mINFO[m] main com.jcabi.http.request.BaseRequest: #fetch(GET localhost /): [0 null] in 0ms
[[0;37mINFO[m] main com.jcabi.http.request.BaseRequest: #fetch(GET localhost /): [0 null] in 1ms
[[0;37mINFO[m] main com.jcabi.http.request.BaseRequest: #fetch(GET localhost /): [0 null] in 0ms
[[0;37mINFO[m] main com.jcabi.http.request.BaseRequest: #fetch(GET localhost /): [0 null] in 1ms
[[0;37mINFO[m] main com.jcabi.http.request.BaseRequest: #fetch(GET localhost /): [0 null] in 0ms
[[0;37mINFO[m] main com.jcabi.http.request.BaseRequest: #fetch(GET localhost /): [0 null] in 1ms
[[0;37mINFO[m] main com.jcabi.http.request.BaseRequest: #fetch(GET null fake-url): [0 null] in 1ms
[[0;37mINFO[m] main com.jcabi.http.request.BaseRequest: #fetch(GET localhost /): [0 null] in 0ms
[[0;37mINFO[m] main com.jcabi.http.request.BaseRequest: #fetch(GET localhost /): [0 null] in 0ms
[INFO] Tests run: 15, Failures: 0, Errors: 0, Skipped: 0, Time elapsed: 0.124 s - in com.jcabi.http.RequestTimeoutLossTest
[INFO] Running com.jcabi.http.wire.FcWireTest
Feb 11, 2023 8:34:35 PM org.glassfish.grizzly.http.server.NetworkListener start
INFO: Started listener bound to [0.0.0.0:38867]
Feb 11, 2023 8:34:35 PM org.glassfish.grizzly.http.server.HttpServer start
INFO: [HttpServer-6] Started.
[[0;37mINFO[m] main com.jcabi.http.mock.MkGrizzlyContainer: started on port #38867
[[2;37mDEBUG[m] main com.jcabi.http.wire.FcCache: directory created for /tmp/com.jcabi.http.wire.FcCache-22134203287465041/GET_/_2F.json
[[2;37mDEBUG[m] main com.jcabi.http.wire.FcCache: cache saved into /tmp/com.jcabi.http.wire.FcCache-22134203287465041/GET_/_2F.json
[[0;37mINFO[m] main com.jcabi.http.request.BaseRequest: #fetch(GET localhost:38867 /): [200 OK] in 78ms
[[2;37mDEBUG[m] main com.jcabi.http.wire.FcCache: cache loaded from /tmp/com.jcabi.http.wire.FcCache-22134203287465041/GET_/_2F.json
[[0;37mINFO[m] main com.jcabi.http.request.BaseRequest: #fetch(GET localhost:38867 /): [200 OK] in 7ms
[[2;37mDEBUG[m] main com.jcabi.http.wire.FcCache: cache invalidated in /tmp/com.jcabi.http.wire.FcCache-22134203287465041
[[0;37mINFO[m] main com.jcabi.http.request.BaseRequest: #fetch(POST localhost:38867 /flush): [200 OK] in 7ms
[[2;37mDEBUG[m] main com.jcabi.http.wire.FcCache: directory created for /tmp/com.jcabi.http.wire.FcCache-22134203287465041/GET_/_2F.json
[[2;37mDEBUG[m] main com.jcabi.http.wire.FcCache: cache saved into /tmp/com.jcabi.http.wire.FcCache-22134203287465041/GET_/_2F.json
[[0;37mINFO[m] main com.jcabi.http.request.BaseRequest: #fetch(GET localhost:38867 /): [200 OK] in 2ms
[[0;37mINFO[m] main com.jcabi.http.mock.MkGrizzlyContainer: stopped on port #38867
Feb 11, 2023 8:34:35 PM org.glassfish.grizzly.http.server.NetworkListener start
INFO: Started listener bound to [0.0.0.0:38231]
Feb 11, 2023 8:34:35 PM org.glassfish.grizzly.http.server.HttpServer start
INFO: [HttpServer-7] Started.
[[0;37mINFO[m] main com.jcabi.http.mock.MkGrizzlyContainer: started on port #38231
[[0;37mINFO[m] main com.jcabi.http.request.BaseRequest: #fetch(PUT localhost:38231 /): [200 OK] in 3ms
[[0;37mINFO[m] main com.jcabi.http.request.BaseRequest: #fetch(PUT localhost:38231 /): [200 OK] in 2ms
[[0;37mINFO[m] main com.jcabi.http.mock.MkGrizzlyContainer: stopped on port #38231
Feb 11, 2023 8:34:35 PM org.glassfish.grizzly.http.server.NetworkListener start
INFO: Started listener bound to [0.0.0.0:38661]
Feb 11, 2023 8:34:35 PM org.glassfish.grizzly.http.server.HttpServer start
INFO: [HttpServer-8] Started.
[[0;37mINFO[m] main com.jcabi.http.mock.MkGrizzlyContainer: started on port #38661
[[2;37mDEBUG[m] main com.jcabi.http.wire.FcCache: directory created for /tmp/com.jcabi.http.wire.FcCache-22134203461232564/GET_/_2F.json
[[2;37mDEBUG[m] main com.jcabi.http.wire.FcCache: cache saved into /tmp/com.jcabi.http.wire.FcCache-22134203461232564/GET_/_2F.json
[[0;37mINFO[m] main com.jcabi.http.request.BaseRequest: #fetch(GET localhost:38661 /): [200 OK] in 6ms
[[2;37mDEBUG[m] main com.jcabi.http.wire.FcCache: cache loaded from /tmp/com.jcabi.http.wire.FcCache-22134203461232564/GET_/_2F.json
[[0;37mINFO[m] main com.jcabi.http.request.BaseRequest: #fetch(GET localhost:38661 /): [200 OK] in 1ms
[[2;37mDEBUG[m] main com.jcabi.http.wire.FcCache: cache loaded from /tmp/com.jcabi.http.wire.FcCache-22134203461232564/GET_/_2F.json
[[0;37mINFO[m] main com.jcabi.http.request.BaseRequest: #fetch(GET localhost:38661 /): [200 OK] in 1ms
[[2;37mDEBUG[m] main com.jcabi.http.wire.FcCache: cache loaded from /tmp/com.jcabi.http.wire.FcCache-22134203461232564/GET_/_2F.json
[[0;37mINFO[m] main com.jcabi.http.request.BaseRequest: #fetch(GET localhost:38661 /): [200 OK] in 1ms
[[2;37mDEBUG[m] main com.jcabi.http.wire.FcCache: cache loaded from /tmp/com.jcabi.http.wire.FcCache-22134203461232564/GET_/_2F.json
[[0;37mINFO[m] main com.jcabi.http.request.BaseRequest: #fetch(GET localhost:38661 /): [200 OK] in 1ms
[[2;37mDEBUG[m] main com.jcabi.http.wire.FcCache: cache loaded from /tmp/com.jcabi.http.wire.FcCache-22134203461232564/GET_/_2F.json
[[0;37mINFO[m] main com.jcabi.http.request.BaseRequest: #fetch(GET localhost:38661 /): [200 OK] in 0ms
[[2;37mDEBUG[m] main com.jcabi.http.wire.FcCache: cache loaded from /tmp/com.jcabi.http.wire.FcCache-22134203461232564/GET_/_2F.json
[[0;37mINFO[m] main com.jcabi.http.request.BaseRequest: #fetch(GET localhost:38661 /): [200 OK] in 1ms
[[2;37mDEBUG[m] main com.jcabi.http.wire.FcCache: cache loaded from /tmp/com.jcabi.http.wire.FcCache-22134203461232564/GET_/_2F.json
[[0;37mINFO[m] main com.jcabi.http.request.BaseRequest: #fetch(GET localhost:38661 /): [200 OK] in 1ms
[[2;37mDEBUG[m] main com.jcabi.http.wire.FcCache: cache loaded from /tmp/com.jcabi.http.wire.FcCache-22134203461232564/GET_/_2F.json
[[0;37mINFO[m] main com.jcabi.http.request.BaseRequest: #fetch(GET localhost:38661 /): [200 OK] in 1ms
[[2;37mDEBUG[m] main com.jcabi.http.wire.FcCache: cache loaded from /tmp/com.jcabi.http.wire.FcCache-22134203461232564/GET_/_2F.json
[[0;37mINFO[m] main com.jcabi.http.request.BaseRequest: #fetch(GET localhost:38661 /): [200 OK] in 0ms
[[0;37mINFO[m] main com.jcabi.http.mock.MkGrizzlyContainer: stopped on port #38661
[INFO] Tests run: 3, Failures: 0, Errors: 0, Skipped: 0, Time elapsed: 0.219 s - in com.jcabi.http.wire.FcWireTest
[INFO] Running com.jcabi.http.ImmutableHeaderTest
[INFO] Tests run: 1, Failures: 0, Errors: 0, Skipped: 0, Time elapsed: 0.003 s - in com.jcabi.http.ImmutableHeaderTest
[INFO] Running com.jcabi.http.response.JacksonResponseTest
[[0;37mINFO[m] main com.jcabi.http.request.BaseRequest: #fetch(GET localhost:12345 /see-FakeRequest-class): [200 OK] in 0ms
[[0;37mINFO[m] main com.jcabi.http.request.BaseRequest: #fetch(GET localhost:12345 /see-FakeRequest-class): [200 OK] in 0ms
[[0;37mINFO[m] main com.jcabi.http.request.BaseRequest: #fetch(GET localhost:12345 /see-FakeRequest-class): [200 OK] in 0ms
[[0;37mINFO[m] main com.jcabi.http.request.BaseRequest: #fetch(GET localhost:12345 /see-FakeRequest-class): [200 OK] in 0ms
[[0;37mINFO[m] main com.jcabi.http.request.BaseRequest: #fetch(GET localhost:12345 /see-FakeRequest-class): [200 OK] in 0ms
[[0;37mINFO[m] main com.jcabi.http.request.BaseRequest: #fetch(GET localhost:12345 /see-FakeRequest-class): [200 OK] in 0ms
[[0;37mINFO[m] main com.jcabi.http.request.BaseRequest: #fetch(GET localhost:12345 /see-FakeRequest-class): [200 OK] in 0ms
[[0;37mINFO[m] main com.jcabi.http.request.BaseRequest: #fetch(GET localhost:12345 /see-FakeRequest-class): [200 OK] in 0ms
[[0;37mINFO[m] main com.jcabi.http.request.BaseRequest: #fetch(GET localhost:12345 /see-FakeRequest-class): [200 OK] in 0ms
[INFO] Tests run: 9, Failures: 0, Errors: 0, Skipped: 0, Time elapsed: 0.117 s - in com.jcabi.http.response.JacksonResponseTest
[INFO] Running com.jcabi.http.response.JsoupResponseTest
[[0;37mINFO[m] main com.jcabi.http.request.BaseRequest: #fetch(GET localhost:12345 /see-FakeRequest-class): [200 OK] in 0ms
[INFO] Tests run: 1, Failures: 0, Errors: 0, Skipped: 0, Time elapsed: 0.144 s - in com.jcabi.http.response.JsoupResponseTest
[INFO] Running com.jcabi.http.response.RestResponseTest
[[0;37mINFO[m] main com.jcabi.http.request.BaseRequest: #fetch(GET localhost:12345 /see-FakeRequest-class): [200 OK] in 0ms
[[0;37mINFO[m] main com.jcabi.http.request.BaseRequest: #fetch(GET localhost:12345 /see-FakeRequest-class): [200 OK] in 0ms
[[0;37mINFO[m] main com.jcabi.http.request.BaseRequest: #fetch(GET locahost:888 /tt): [200 OK] in 0ms
[[0;37mINFO[m] main com.jcabi.http.request.BaseRequest: #fetch(GET localhost:12345 /see-FakeRequest-class): [200 OK] in 0ms
[[0;37mINFO[m] main com.jcabi.http.request.BaseRequest: #fetch(GET localhost:12345 /see-FakeRequest-class): [200 OK] in 0ms
[INFO] Tests run: 5, Failures: 0, Errors: 0, Skipped: 0, Time elapsed: 0.007 s - in com.jcabi.http.response.RestResponseTest
[INFO] Running com.jcabi.http.wire.BasicAuthWireTest
Feb 11, 2023 8:34:35 PM org.glassfish.grizzly.http.server.NetworkListener start
INFO: Started listener bound to [0.0.0.0:36449]
Feb 11, 2023 8:34:35 PM org.glassfish.grizzly.http.server.HttpServer start
INFO: [HttpServer-9] Started.
[[0;37mINFO[m] main com.jcabi.http.mock.MkGrizzlyContainer: started on port #36449
[[0;37mINFO[m] main com.jcabi.http.request.BaseRequest: #fetch(GET localhost:36449 /): [404 Not Found] in 5ms
[[0;37mINFO[m] main com.jcabi.http.mock.MkGrizzlyContainer: stopped on port #36449
Feb 11, 2023 8:34:35 PM org.glassfish.grizzly.http.server.NetworkListener start
INFO: Started listener bound to [0.0.0.0:43739]
Feb 11, 2023 8:34:35 PM org.glassfish.grizzly.http.server.HttpServer start
INFO: [HttpServer-10] Started.
[[0;37mINFO[m] main com.jcabi.http.mock.MkGrizzlyContainer: started on port #43739
[[0;37mINFO[m] main com.jcabi.http.request.BaseRequest: #fetch(GET localhost:43739 /): [200 OK] in 3ms
[[0;37mINFO[m] main com.jcabi.http.mock.MkGrizzlyContainer: stopped on port #43739
Feb 11, 2023 8:34:35 PM org.glassfish.grizzly.http.server.NetworkListener start
INFO: Started listener bound to [0.0.0.0:45665]
Feb 11, 2023 8:34:35 PM org.glassfish.grizzly.http.server.HttpServer start
INFO: [HttpServer-11] Started.
[[0;37mINFO[m] main com.jcabi.http.mock.MkGrizzlyContainer: started on port #45665
[[0;37mINFO[m] main com.jcabi.http.request.BaseRequest: #fetch(GET localhost:45665 /): [200 OK] in 3ms
[[0;37mINFO[m] main com.jcabi.http.mock.MkGrizzlyContainer: stopped on port #45665
Feb 11, 2023 8:34:35 PM org.glassfish.grizzly.http.server.NetworkListener start
INFO: Started listener bound to [0.0.0.0:33263]
Feb 11, 2023 8:34:35 PM org.glassfish.grizzly.http.server.HttpServer start
INFO: [HttpServer-12] Started.
[[0;37mINFO[m] main com.jcabi.http.mock.MkGrizzlyContainer: started on port #33263
[[0;37mINFO[m] main com.jcabi.http.request.BaseRequest: #fetch(GET localhost:33263 /): [200 OK] in 3ms
[[0;37mINFO[m] main com.jcabi.http.mock.MkGrizzlyContainer: stopped on port #33263
[INFO] Tests run: 4, Failures: 0, Errors: 0, Skipped: 0, Time elapsed: 0.186 s - in com.jcabi.http.wire.BasicAuthWireTest
[INFO] Running com.jcabi.http.response.WebLinkingResponseTest
[[0;37mINFO[m] main com.jcabi.http.request.BaseRequest: #fetch(GET localhost /test): [200 OK] in 0ms
[[0;37mINFO[m] main com.jcabi.http.request.BaseRequest: #fetch(GET localhost:12345 /see-FakeRequest-class): [200 OK] in 0ms
[[0;37mINFO[m] main com.jcabi.http.request.BaseRequest: #fetch(GET localhost:12345 /see-FakeRequest-class): [200 OK] in 0ms
[INFO] Tests run: 2, Failures: 0, Errors: 0, Skipped: 0, Time elapsed: 0.009 s - in com.jcabi.http.response.WebLinkingResponseTest
[INFO] Running com.jcabi.http.RequestTest
Feb 11, 2023 8:34:35 PM org.glassfish.grizzly.http.server.NetworkListener start
INFO: Started listener bound to [0.0.0.0:34939]
Feb 11, 2023 8:34:35 PM org.glassfish.grizzly.http.server.HttpServer start
INFO: [HttpServer-13] Started.
[[0;37mINFO[m] main com.jcabi.http.mock.MkGrizzlyContainer: started on port #34939
[[0;37mINFO[m] main com.jcabi.http.request.BaseRequest: #fetch(GET localhost:34939 /helloall): [200 OK] in 172ms
[[0;37mINFO[m] main com.jcabi.http.mock.MkGrizzlyContainer: stopped on port #34939
Feb 11, 2023 8:34:36 PM org.glassfish.grizzly.http.server.NetworkListener start
INFO: Started listener bound to [0.0.0.0:37365]
Feb 11, 2023 8:34:36 PM org.glassfish.grizzly.http.server.HttpServer start
INFO: [HttpServer-14] Started.
[[0;37mINFO[m] main com.jcabi.http.mock.MkGrizzlyContainer: started on port #37365
[[0;37mINFO[m] main com.jcabi.http.request.BaseRequest: #fetch(GET localhost:37365 /helloall): [200 OK] in 4ms
[[0;37mINFO[m] main com.jcabi.http.mock.MkGrizzlyContainer: stopped on port #37365
Feb 11, 2023 8:34:36 PM org.glassfish.grizzly.http.server.NetworkListener start
INFO: Started listener bound to [0.0.0.0:46727]
Feb 11, 2023 8:34:36 PM org.glassfish.grizzly.http.server.HttpServer start
INFO: [HttpServer-15] Started.
[[0;37mINFO[m] main com.jcabi.http.mock.MkGrizzlyContainer: started on port #46727
[[0;37mINFO[m] main com.jcabi.http.request.BaseRequest: #fetch(GET localhost:46727 /): [404 Not Found] in 5ms
[[0;37mINFO[m] main com.jcabi.http.mock.MkGrizzlyContainer: stopped on port #46727
Feb 11, 2023 8:34:36 PM org.glassfish.grizzly.http.server.NetworkListener start
INFO: Started listener bound to [0.0.0.0:34959]
Feb 11, 2023 8:34:36 PM org.glassfish.grizzly.http.server.HttpServer start
INFO: [HttpServer-16] Started.
[[0;37mINFO[m] main com.jcabi.http.mock.MkGrizzlyContainer: started on port #34959
[[0;37mINFO[m] main com.jcabi.http.request.BaseRequest: #fetch(GET localhost:34959 /): [404 Not Found] in 2ms
[[0;37mINFO[m] main com.jcabi.http.mock.MkGrizzlyContainer: stopped on port #34959
Feb 11, 2023 8:34:36 PM org.glassfish.grizzly.http.server.NetworkListener start
INFO: Started listener bound to [0.0.0.0:43849]
Feb 11, 2023 8:34:36 PM org.glassfish.grizzly.http.server.HttpServer start
INFO: [HttpServer-17] Started.
[[0;37mINFO[m] main com.jcabi.http.mock.MkGrizzlyContainer: started on port #43849
[[0;37mINFO[m] main com.jcabi.http.request.BaseRequest: #fetch(POST localhost:43849 /): [200 OK] in 5ms
[[0;37mINFO[m] main com.jcabi.http.mock.MkGrizzlyContainer: stopped on port #43849
Feb 11, 2023 8:34:36 PM org.glassfish.grizzly.http.server.NetworkListener start
INFO: Started listener bound to [0.0.0.0:43691]
Feb 11, 2023 8:34:36 PM org.glassfish.grizzly.http.server.HttpServer start
INFO: [HttpServer-18] Started.
[[0;37mINFO[m] main com.jcabi.http.mock.MkGrizzlyContainer: started on port #43691
[[0;37mINFO[m] main com.jcabi.http.request.BaseRequest: #fetch(POST localhost:43691 /): [200 OK] in 4ms
[[0;37mINFO[m] main com.jcabi.http.mock.MkGrizzlyContainer: stopped on port #43691
Feb 11, 2023 8:34:36 PM org.glassfish.grizzly.http.server.NetworkListener start
INFO: Started listener bound to [0.0.0.0:32997]
Feb 11, 2023 8:34:36 PM org.glassfish.grizzly.http.server.HttpServer start
INFO: [HttpServer-19] Started.
[[0;37mINFO[m] main com.jcabi.http.mock.MkGrizzlyContainer: started on port #32997
[[0;37mINFO[m] main com.jcabi.http.request.BaseRequest: #fetch(GET localhost:32997 /): [200 OK] in 7ms
[[0;37mINFO[m] main com.jcabi.http.mock.MkGrizzlyContainer: stopped on port #32997
Feb 11, 2023 8:34:36 PM org.glassfish.grizzly.http.server.NetworkListener start
INFO: Started listener bound to [0.0.0.0:43083]
Feb 11, 2023 8:34:36 PM org.glassfish.grizzly.http.server.HttpServer start
INFO: [HttpServer-20] Started.
[[0;37mINFO[m] main com.jcabi.http.mock.MkGrizzlyContainer: started on port #43083
[[0;37mINFO[m] main com.jcabi.http.request.BaseRequest: #fetch(GET localhost:43083 /): [200 OK] in 4ms
[[0;37mINFO[m] main com.jcabi.http.mock.MkGrizzlyContainer: stopped on port #43083
Feb 11, 2023 8:34:36 PM org.glassfish.grizzly.http.server.NetworkListener start
INFO: Started listener bound to [0.0.0.0:46695]
Feb 11, 2023 8:34:36 PM org.glassfish.grizzly.http.server.HttpServer start
INFO: [HttpServer-21] Started.
[[0;37mINFO[m] main com.jcabi.http.mock.MkGrizzlyContainer: started on port #46695
[[0;37mINFO[m] main com.jcabi.http.request.BaseRequest: #fetch(GET localhost:46695 /): [200 OK] in 5ms
[[0;37mINFO[m] main com.jcabi.http.mock.MkGrizzlyContainer: stopped on port #46695
Feb 11, 2023 8:34:36 PM org.glassfish.grizzly.http.server.NetworkListener start
INFO: Started listener bound to [0.0.0.0:37413]
Feb 11, 2023 8:34:36 PM org.glassfish.grizzly.http.server.HttpServer start
INFO: [HttpServer-22] Started.
[[0;37mINFO[m] main com.jcabi.http.mock.MkGrizzlyContainer: started on port #37413
[[0;37mINFO[m] main com.jcabi.http.request.BaseRequest: #fetch(GET localhost:37413 /): [200 OK] in 3ms
[[0;37mINFO[m] main com.jcabi.http.mock.MkGrizzlyContainer: stopped on port #37413
Feb 11, 2023 8:34:36 PM org.glassfish.grizzly.http.server.NetworkListener start
INFO: Started listener bound to [0.0.0.0:37255]
Feb 11, 2023 8:34:36 PM org.glassfish.grizzly.http.server.HttpServer start
INFO: [HttpServer-23] Started.
[[0;37mINFO[m] main com.jcabi.http.mock.MkGrizzlyContainer: started on port #37255
[[0;37mINFO[m] main com.jcabi.http.request.BaseRequest: #fetch(GET localhost:37255 /abcde): [200 OK] in 7ms
[[0;37mINFO[m] main com.jcabi.http.mock.MkGrizzlyContainer: stopped on port #37255
Feb 11, 2023 8:34:36 PM org.glassfish.grizzly.http.server.NetworkListener start
INFO: Started listener bound to [0.0.0.0:45167]
Feb 11, 2023 8:34:36 PM org.glassfish.grizzly.http.server.HttpServer start
INFO: [HttpServer-24] Started.
[[0;37mINFO[m] main com.jcabi.http.mock.MkGrizzlyContainer: started on port #45167
[[0;37mINFO[m] main com.jcabi.http.request.BaseRequest: #fetch(GET localhost:45167 /abcde): [200 OK] in 3ms
[[0;37mINFO[m] main com.jcabi.http.mock.MkGrizzlyContainer: stopped on port #45167
Feb 11, 2023 8:34:36 PM org.glassfish.grizzly.http.server.NetworkListener start
INFO: Started listener bound to [0.0.0.0:44019]
Feb 11, 2023 8:34:36 PM org.glassfish.grizzly.http.server.HttpServer start
INFO: [HttpServer-25] Started.
[[0;37mINFO[m] main com.jcabi.http.mock.MkGrizzlyContainer: started on port #44019
[[0;37mINFO[m] main com.jcabi.http.request.BaseRequest: #fetch(GET localhost:44019 /abcdefff): [200 OK] in 5ms
[[0;37mINFO[m] main com.jcabi.http.mock.MkGrizzlyContainer: stopped on port #44019
Feb 11, 2023 8:34:36 PM org.glassfish.grizzly.http.server.NetworkListener start
INFO: Started listener bound to [0.0.0.0:38759]
Feb 11, 2023 8:34:36 PM org.glassfish.grizzly.http.server.HttpServer start
INFO: [HttpServer-26] Started.
[[0;37mINFO[m] main com.jcabi.http.mock.MkGrizzlyContainer: started on port #38759
[[0;37mINFO[m] main com.jcabi.http.request.BaseRequest: #fetch(GET localhost:38759 /abcdefff): [200 OK] in 3ms
[[0;37mINFO[m] main com.jcabi.http.mock.MkGrizzlyContainer: stopped on port #38759
Feb 11, 2023 8:34:36 PM org.glassfish.grizzly.http.server.NetworkListener start
INFO: Started listener bound to [0.0.0.0:33895]
Feb 11, 2023 8:34:36 PM org.glassfish.grizzly.http.server.HttpServer start
INFO: [HttpServer-27] Started.
[[0;37mINFO[m] main com.jcabi.http.mock.MkGrizzlyContainer: started on port #33895
[[0;37mINFO[m] main com.jcabi.http.request.BaseRequest: #fetch(POST localhost:33895 /): [200 OK] in 5ms
[[0;37mINFO[m] main com.jcabi.http.mock.MkGrizzlyContainer: stopped on port #33895
Feb 11, 2023 8:34:36 PM org.glassfish.grizzly.http.server.NetworkListener start
INFO: Started listener bound to [0.0.0.0:42809]
Feb 11, 2023 8:34:36 PM org.glassfish.grizzly.http.server.HttpServer start
INFO: [HttpServer-28] Started.
[[0;37mINFO[m] main com.jcabi.http.mock.MkGrizzlyContainer: started on port #42809
[[0;37mINFO[m] main com.jcabi.http.request.BaseRequest: #fetch(POST localhost:42809 /): [200 OK] in 3ms
[[0;37mINFO[m] main com.jcabi.http.mock.MkGrizzlyContainer: stopped on port #42809
Feb 11, 2023 8:34:36 PM org.glassfish.grizzly.http.server.NetworkListener start
INFO: Started listener bound to [0.0.0.0:33529]
Feb 11, 2023 8:34:36 PM org.glassfish.grizzly.http.server.HttpServer start
INFO: [HttpServer-29] Started.
[[0;37mINFO[m] main com.jcabi.http.mock.MkGrizzlyContainer: started on port #33529
[[0;37mINFO[m] main com.jcabi.http.mock.MkGrizzlyContainer: stopped on port #33529
Feb 11, 2023 8:34:36 PM org.glassfish.grizzly.http.server.NetworkListener start
INFO: Started listener bound to [0.0.0.0:38327]
Feb 11, 2023 8:34:36 PM org.glassfish.grizzly.http.server.HttpServer start
INFO: [HttpServer-30] Started.
[[0;37mINFO[m] main com.jcabi.http.mock.MkGrizzlyContainer: started on port #38327
[[0;37mINFO[m] main com.jcabi.http.mock.MkGrizzlyContainer: stopped on port #38327
Feb 11, 2023 8:34:36 PM org.glassfish.grizzly.http.server.NetworkListener start
INFO: Started listener bound to [0.0.0.0:38551]
Feb 11, 2023 8:34:36 PM org.glassfish.grizzly.http.server.HttpServer start
INFO: [HttpServer-31] Started.
[[0;37mINFO[m] main com.jcabi.http.mock.MkGrizzlyContainer: started on port #38551
[[0;37mINFO[m] main com.jcabi.http.request.BaseRequest: #fetch(POST localhost:38551 /): [200 OK] in 4ms
[[0;37mINFO[m] main com.jcabi.http.mock.MkGrizzlyContainer: stopped on port #38551
Feb 11, 2023 8:34:36 PM org.glassfish.grizzly.http.server.NetworkListener start
INFO: Started listener bound to [0.0.0.0:45499]
Feb 11, 2023 8:34:36 PM org.glassfish.grizzly.http.server.HttpServer start
INFO: [HttpServer-32] Started.
[[0;37mINFO[m] main com.jcabi.http.mock.MkGrizzlyContainer: started on port #45499
[[0;37mINFO[m] main com.jcabi.http.request.BaseRequest: #fetch(POST localhost:45499 /): [200 OK] in 3ms
[[0;37mINFO[m] main com.jcabi.http.mock.MkGrizzlyContainer: stopped on port #45499
Feb 11, 2023 8:34:36 PM org.glassfish.grizzly.http.server.NetworkListener start
INFO: Started listener bound to [0.0.0.0:35623]
Feb 11, 2023 8:34:36 PM org.glassfish.grizzly.http.server.HttpServer start
INFO: [HttpServer-33] Started.
[[0;37mINFO[m] main com.jcabi.http.mock.MkGrizzlyContainer: started on port #35623
[[0;37mINFO[m] main com.jcabi.http.request.BaseRequest: #fetch(GET localhost:35623 /): [303 See Other] in 5ms
[[0;37mINFO[m] main com.jcabi.http.mock.MkGrizzlyContainer: stopped on port #35623
Feb 11, 2023 8:34:36 PM org.glassfish.grizzly.http.server.NetworkListener start
INFO: Started listener bound to [0.0.0.0:43193]
Feb 11, 2023 8:34:36 PM org.glassfish.grizzly.http.server.HttpServer start
INFO: [HttpServer-34] Started.
[[0;37mINFO[m] main com.jcabi.http.mock.MkGrizzlyContainer: started on port #43193
[[0;37mINFO[m] main com.jcabi.http.request.BaseRequest: #fetch(GET localhost:43193 /): [303 See Other] in 3ms
[[0;37mINFO[m] main com.jcabi.http.mock.MkGrizzlyContainer: stopped on port #43193
Feb 11, 2023 8:34:37 PM org.glassfish.grizzly.http.server.NetworkListener start
INFO: Started listener bound to [0.0.0.0:44617]
Feb 11, 2023 8:34:37 PM org.glassfish.grizzly.http.server.HttpServer start
INFO: [HttpServer-35] Started.
[[0;37mINFO[m] main com.jcabi.http.mock.MkGrizzlyContainer: started on port #44617
[[0;37mINFO[m] main com.jcabi.http.request.BaseRequest: #fetch(GET localhost:44617 /): [200 OK] in 6ms
[[0;37mINFO[m] main com.jcabi.http.mock.MkGrizzlyContainer: stopped on port #44617
Feb 11, 2023 8:34:37 PM org.glassfish.grizzly.http.server.NetworkListener start
INFO: Started listener bound to [0.0.0.0:37683]
Feb 11, 2023 8:34:37 PM org.glassfish.grizzly.http.server.HttpServer start
INFO: [HttpServer-36] Started.
[[0;37mINFO[m] main com.jcabi.http.mock.MkGrizzlyContainer: started on port #37683
[[0;37mINFO[m] main com.jcabi.http.request.BaseRequest: #fetch(GET localhost:37683 /): [200 OK] in 4ms
[[0;37mINFO[m] main com.jcabi.http.mock.MkGrizzlyContainer: stopped on port #37683
Feb 11, 2023 8:34:37 PM org.glassfish.grizzly.http.server.NetworkListener start
INFO: Started listener bound to [0.0.0.0:41561]
Feb 11, 2023 8:34:37 PM org.glassfish.grizzly.http.server.HttpServer start
INFO: [HttpServer-37] Started.
[[0;37mINFO[m] main com.jcabi.http.mock.MkGrizzlyContainer: started on port #41561
[[0;37mINFO[m] main com.jcabi.http.request.BaseRequest: #fetch(POST localhost:41561 /): [200 OK] in 3ms
[[0;37mINFO[m] main com.jcabi.http.mock.MkGrizzlyContainer: stopped on port #41561
Feb 11, 2023 8:34:37 PM org.glassfish.grizzly.http.server.NetworkListener start
INFO: Started listener bound to [0.0.0.0:39641]
Feb 11, 2023 8:34:37 PM org.glassfish.grizzly.http.server.HttpServer start
INFO: [HttpServer-38] Started.
[[0;37mINFO[m] main com.jcabi.http.mock.MkGrizzlyContainer: started on port #39641
[[0;37mINFO[m] main com.jcabi.http.request.BaseRequest: #fetch(POST localhost:39641 /): [200 OK] in 2ms
[[0;37mINFO[m] main com.jcabi.http.mock.MkGrizzlyContainer: stopped on port #39641
Feb 11, 2023 8:34:37 PM org.glassfish.grizzly.http.server.NetworkListener start
INFO: Started listener bound to [0.0.0.0:42669]
Feb 11, 2023 8:34:37 PM org.glassfish.grizzly.http.server.HttpServer start
INFO: [HttpServer-39] Started.
[[0;37mINFO[m] main com.jcabi.http.mock.MkGrizzlyContainer: started on port #42669
[[0;37mINFO[m] main com.jcabi.http.request.BaseRequest: #fetch(GET localhost:42669 /): [200 OK] in 5ms
[[0;37mINFO[m] main com.jcabi.http.mock.MkGrizzlyContainer: stopped on port #42669
Feb 11, 2023 8:34:37 PM org.glassfish.grizzly.http.server.NetworkListener start
INFO: Started listener bound to [0.0.0.0:41623]
Feb 11, 2023 8:34:37 PM org.glassfish.grizzly.http.server.HttpServer start
INFO: [HttpServer-40] Started.
[[0;37mINFO[m] main com.jcabi.http.mock.MkGrizzlyContainer: started on port #41623
[[0;37mINFO[m] main com.jcabi.http.request.BaseRequest: #fetch(GET localhost:41623 /): [200 OK] in 3ms
[[0;37mINFO[m] main com.jcabi.http.mock.MkGrizzlyContainer: stopped on port #41623
Feb 11, 2023 8:34:37 PM org.glassfish.grizzly.http.server.NetworkListener start
INFO: Started listener bound to [0.0.0.0:41191]
Feb 11, 2023 8:34:37 PM org.glassfish.grizzly.http.server.HttpServer start
INFO: [HttpServer-41] Started.
[[0;37mINFO[m] main com.jcabi.http.mock.MkGrizzlyContainer: started on port #41191
[[0;37mINFO[m] main com.jcabi.http.request.BaseRequest: #fetch(POST localhost:41191 /): [200 OK] in 6ms
[[0;37mINFO[m] main com.jcabi.http.mock.MkGrizzlyContainer: stopped on port #41191
Feb 11, 2023 8:34:37 PM org.glassfish.grizzly.http.server.NetworkListener start
INFO: Started listener bound to [0.0.0.0:40497]
Feb 11, 2023 8:34:37 PM org.glassfish.grizzly.http.server.HttpServer start
INFO: [HttpServer-42] Started.
[[0;37mINFO[m] main com.jcabi.http.mock.MkGrizzlyContainer: started on port #40497
[[0;37mINFO[m] main com.jcabi.http.request.BaseRequest: #fetch(POST localhost:40497 /): [200 OK] in 3ms
[[0;37mINFO[m] main com.jcabi.http.mock.MkGrizzlyContainer: stopped on port #40497
Feb 11, 2023 8:34:37 PM org.glassfish.grizzly.http.server.NetworkListener start
INFO: Started listener bound to [0.0.0.0:45455]
Feb 11, 2023 8:34:37 PM org.glassfish.grizzly.http.server.HttpServer start
INFO: [HttpServer-43] Started.
[[0;37mINFO[m] main com.jcabi.http.mock.MkGrizzlyContainer: started on port #45455
[[0;37mINFO[m] main com.jcabi.http.request.BaseRequest: #fetch(GET localhost:45455 /barbar): [200 OK] in 5ms
[[0;37mINFO[m] main com.jcabi.http.mock.MkGrizzlyContainer: stopped on port #45455
Feb 11, 2023 8:34:37 PM org.glassfish.grizzly.http.server.NetworkListener start
INFO: Started listener bound to [0.0.0.0:43189]
Feb 11, 2023 8:34:37 PM org.glassfish.grizzly.http.server.HttpServer start
INFO: [HttpServer-44] Started.
[[0;37mINFO[m] main com.jcabi.http.mock.MkGrizzlyContainer: started on port #43189
[[0;37mINFO[m] main com.jcabi.http.request.BaseRequest: #fetch(GET localhost:43189 /barbar): [200 OK] in 24ms
[[0;37mINFO[m] main com.jcabi.http.mock.MkGrizzlyContainer: stopped on port #43189
Feb 11, 2023 8:34:37 PM org.glassfish.grizzly.http.server.NetworkListener start
INFO: Started listener bound to [0.0.0.0:35999]
Feb 11, 2023 8:34:37 PM org.glassfish.grizzly.http.server.HttpServer start
INFO: [HttpServer-45] Started.
[[0;37mINFO[m] main com.jcabi.http.mock.MkGrizzlyContainer: started on port #35999
[[0;37mINFO[m] main com.jcabi.http.request.BaseRequest: #fetch(POST localhost:35999 /): [200 OK] in 4ms
[[0;37mINFO[m] main com.jcabi.http.mock.MkGrizzlyContainer: stopped on port #35999
Feb 11, 2023 8:34:37 PM org.glassfish.grizzly.http.server.NetworkListener start
INFO: Started listener bound to [0.0.0.0:36269]
Feb 11, 2023 8:34:37 PM org.glassfish.grizzly.http.server.HttpServer start
INFO: [HttpServer-46] Started.
[[0;37mINFO[m] main com.jcabi.http.mock.MkGrizzlyContainer: started on port #36269
[[0;37mINFO[m] main com.jcabi.http.request.BaseRequest: #fetch(POST localhost:36269 /): [200 OK] in 2ms
[[0;37mINFO[m] main com.jcabi.http.mock.MkGrizzlyContainer: stopped on port #36269
Feb 11, 2023 8:34:37 PM org.glassfish.grizzly.http.server.NetworkListener start
INFO: Started listener bound to [0.0.0.0:41495]
Feb 11, 2023 8:34:37 PM org.glassfish.grizzly.http.server.HttpServer start
INFO: [HttpServer-47] Started.
[[0;37mINFO[m] main com.jcabi.http.mock.MkGrizzlyContainer: started on port #41495
[[0;37mINFO[m] main com.jcabi.http.request.BaseRequest: #fetch(GET localhost:41495 /foo1): [200 OK] in 5ms
[[0;37mINFO[m] main com.jcabi.http.mock.MkGrizzlyContainer: stopped on port #41495
Feb 11, 2023 8:34:37 PM org.glassfish.grizzly.http.server.NetworkListener start
INFO: Started listener bound to [0.0.0.0:39955]
Feb 11, 2023 8:34:37 PM org.glassfish.grizzly.http.server.HttpServer start
INFO: [HttpServer-48] Started.
[[0;37mINFO[m] main com.jcabi.http.mock.MkGrizzlyContainer: started on port #39955
[[0;37mINFO[m] main com.jcabi.http.request.BaseRequest: #fetch(GET localhost:39955 /foo1): [200 OK] in 3ms
[[0;37mINFO[m] main com.jcabi.http.mock.MkGrizzlyContainer: stopped on port #39955
Feb 11, 2023 8:34:37 PM org.glassfish.grizzly.http.server.NetworkListener start
INFO: Started listener bound to [0.0.0.0:37151]
Feb 11, 2023 8:34:37 PM org.glassfish.grizzly.http.server.HttpServer start
INFO: [HttpServer-49] Started.
[[0;37mINFO[m] main com.jcabi.http.mock.MkGrizzlyContainer: started on port #37151
[[0;37mINFO[m] main com.jcabi.http.request.BaseRequest: #fetch(GET localhost:37151 /foo-X): [200 OK] in 4ms
[[0;37mINFO[m] main com.jcabi.http.request.BaseRequest: #fetch(POST localhost:37151 /foo-X): [200 OK] in 3ms
[[0;37mINFO[m] main com.jcabi.http.request.BaseRequest: #fetch(GET localhost:37151 /foo-X): [200 OK] in 4ms
[[0;37mINFO[m] main com.jcabi.http.mock.MkGrizzlyContainer: stopped on port #37151
Feb 11, 2023 8:34:37 PM org.glassfish.grizzly.http.server.NetworkListener start
INFO: Started listener bound to [0.0.0.0:33807]
Feb 11, 2023 8:34:37 PM org.glassfish.grizzly.http.server.HttpServer start
INFO: [HttpServer-50] Started.
[[0;37mINFO[m] main com.jcabi.http.mock.MkGrizzlyContainer: started on port #33807
[[0;37mINFO[m] main com.jcabi.http.request.BaseRequest: #fetch(GET localhost:33807 /foo-X): [200 OK] in 2ms
[[0;37mINFO[m] main com.jcabi.http.request.BaseRequest: #fetch(POST localhost:33807 /foo-X): [200 OK] in 1ms
[[0;37mINFO[m] main com.jcabi.http.request.BaseRequest: #fetch(GET localhost:33807 /foo-X): [200 OK] in 1ms
[[0;37mINFO[m] main com.jcabi.http.mock.MkGrizzlyContainer: stopped on port #33807
Feb 11, 2023 8:34:37 PM org.glassfish.grizzly.http.server.NetworkListener start
INFO: Started listener bound to [0.0.0.0:45337]
Feb 11, 2023 8:34:37 PM org.glassfish.grizzly.http.server.HttpServer start
INFO: [HttpServer-51] Started.
[[0;37mINFO[m] main com.jcabi.http.mock.MkGrizzlyContainer: started on port #45337
[[0;37mINFO[m] main com.jcabi.http.request.BaseRequest: #fetch(POST localhost:45337 /): [200 OK] in 4ms
[[0;37mINFO[m] main com.jcabi.http.mock.MkGrizzlyContainer: stopped on port #45337
Feb 11, 2023 8:34:37 PM org.glassfish.grizzly.http.server.NetworkListener start
INFO: Started listener bound to [0.0.0.0:36279]
Feb 11, 2023 8:34:37 PM org.glassfish.grizzly.http.server.HttpServer start
INFO: [HttpServer-52] Started.
[[0;37mINFO[m] main com.jcabi.http.mock.MkGrizzlyContainer: started on port #36279
[[0;37mINFO[m] main com.jcabi.http.request.BaseRequest: #fetch(POST localhost:36279 /): [200 OK] in 2ms
[[0;37mINFO[m] main com.jcabi.http.mock.MkGrizzlyContainer: stopped on port #36279
[INFO] Tests run: 42, Failures: 0, Errors: 0, Skipped: 0, Time elapsed: 1.774 s - in com.jcabi.http.RequestTest
[INFO] Running com.jcabi.http.response.XmlResponseTest
[[0;37mINFO[m] main com.jcabi.http.request.BaseRequest: #fetch(GET localhost:12345 /see-FakeRequest-class): [200 OK] in 0ms
[[0;37mINFO[m] main com.jcabi.http.request.BaseRequest: #fetch(GET localhost:12345 /see-FakeRequest-class): [200 OK] in 0ms
[[0;37mINFO[m] main com.jcabi.http.request.BaseRequest: #fetch(GET localhost:12345 /see-FakeRequest-class): [200 OK] in 0ms
[[0;37mINFO[m] main com.jcabi.http.request.BaseRequest: #fetch(GET localhost:12345 /see-FakeRequest-class): [200 OK] in 0ms
[[0;37mINFO[m] main com.jcabi.http.request.BaseRequest: #fetch(GET localhost:12345 /see-FakeRequest-class): [200 OK] in 0ms
[INFO] Tests run: 5, Failures: 0, Errors: 0, Skipped: 0, Time elapsed: 0.036 s - in com.jcabi.http.response.XmlResponseTest
[INFO] Running com.jcabi.http.request.DefaultResponseTest
[INFO] Tests run: 1, Failures: 0, Errors: 0, Skipped: 0, Time elapsed: 0.016 s - in com.jcabi.http.request.DefaultResponseTest
[INFO] Running com.jcabi.http.mock.GrizzlyQueryTest
[INFO] Tests run: 1, Failures: 0, Errors: 0, Skipped: 0, Time elapsed: 0.186 s - in com.jcabi.http.mock.GrizzlyQueryTest
[INFO] Running com.jcabi.http.request.BoundaryTest
[INFO] Tests run: 1, Failures: 0, Errors: 0, Skipped: 0, Time elapsed: 0 s - in com.jcabi.http.request.BoundaryTest
[INFO] Running com.jcabi.http.request.FakeRequestTest
[[0;37mINFO[m] main com.jcabi.http.request.BaseRequest: #fetch(POST localhost:12345 /see-FakeRequest-class/helloall): [200 OK] in 1ms
[[0;37mINFO[m] main com.jcabi.http.request.BaseRequest: #fetch(GET google.com /): [200 OK] in 0ms
[[0;37mINFO[m] main com.jcabi.http.request.BaseRequest: #fetch(POST localhost:12345 /see-FakeRequest-class/binContent): [200 OK] in 0ms
[[0;37mINFO[m] main com.jcabi.http.request.BaseRequest: #fetch(GET localhost:12345 /see-FakeRequest-class): [200 OK] in 0ms
[INFO] Tests run: 7, Failures: 0, Errors: 0, Skipped: 0, Time elapsed: 0.004 s - in com.jcabi.http.request.FakeRequestTest
[INFO] Running com.jcabi.http.mock.MkContainerTest
Feb 11, 2023 8:34:37 PM org.glassfish.grizzly.http.server.NetworkListener start
INFO: Started listener bound to [0.0.0.0:34887]
Feb 11, 2023 8:34:37 PM org.glassfish.grizzly.http.server.HttpServer start
INFO: [HttpServer-53] Started.
[[0;37mINFO[m] main com.jcabi.http.mock.MkGrizzlyContainer: started on port #34887
[[0;37mINFO[m] main com.jcabi.http.wire.VerboseWire: #send(POST http://localhost:34887/):
HTTP Request (com.jcabi.http.request.BaseRequest):
  
  reqBodyMatches
HTTP Response (com.jcabi.http.request.DefaultResponse):
  200 OK [http://localhost:34887/]
  Server: com.jcabi.http.mock.MkGrizzlyAdapter query #1, 2 answer(s) left
  Content-Length: 15
  
  respBodyMatches
[[0;37mINFO[m] main com.jcabi.http.request.BaseRequest: #fetch(POST localhost:34887 /): [200 OK] in 3ms
[[0;37mINFO[m] main com.jcabi.http.wire.VerboseWire: #send(POST http://localhost:34887/):
HTTP Request (com.jcabi.http.request.BaseRequest):
  
  reqBodyMismatches
HTTP Response (com.jcabi.http.request.DefaultResponse):
  200 OK [http://localhost:34887/]
  Server: com.jcabi.http.mock.MkGrizzlyAdapter query #2, 1 answer(s) left
  Content-Length: 4
  
  bleh
[[0;37mINFO[m] main com.jcabi.http.request.BaseRequest: #fetch(POST localhost:34887 /): [200 OK] in 2ms
[[0;37mINFO[m] main com.jcabi.http.mock.MkGrizzlyContainer: stopped on port #34887
Feb 11, 2023 8:34:38 PM org.glassfish.grizzly.http.server.NetworkListener start
INFO: Started listener bound to [0.0.0.0:35073]
Feb 11, 2023 8:34:38 PM org.glassfish.grizzly.http.server.HttpServer start
INFO: [HttpServer-54] Started.
[[0;37mINFO[m] main com.jcabi.http.mock.MkGrizzlyContainer: started on port #35073
[[0;37mINFO[m] main com.jcabi.http.wire.VerboseWire: #send(GET http://localhost:35073/):
HTTP Request (com.jcabi.http.request.BaseRequest):
  
  <<empty>>
HTTP Response (com.jcabi.http.request.DefaultResponse):
  500 Internal Server Error [http://localhost:35073/]
  Connection: close
  Content-Length: 462
  
  java.util.NoSuchElementException: No matching answers found.
  	at com.jcabi.http.mock.MkGrizzlyAdapter.service(MkGrizzlyAdapter.java:127)
  	at org.glassfish.grizzly.http.server.HttpHandler$1.run(HttpHandler.java:200)
  	at org.glassfish.grizzly.threadpool.AbstractThreadPool$Worker.doWork(AbstractThreadPool.java:569)
  	at org.glassfish.grizzly.threadpool.AbstractThreadPool$Worker.run(AbstractThreadPool.java:549)
  	at java.base/java.lang.Thread.run(Thread.java:829)
  
[[0;37mINFO[m] main com.jcabi.http.request.BaseRequest: #fetch(GET localhost:35073 /): [500 Internal Server Error] in 4ms
[[0;37mINFO[m] main com.jcabi.http.mock.MkGrizzlyContainer: stopped on port #35073
Feb 11, 2023 8:34:38 PM org.glassfish.grizzly.http.server.NetworkListener start
INFO: Started listener bound to [0.0.0.0:34433]
Feb 11, 2023 8:34:38 PM org.glassfish.grizzly.http.server.HttpServer start
INFO: [HttpServer-55] Started.
[[0;37mINFO[m] main com.jcabi.http.mock.MkGrizzlyContainer: started on port #34433
[[0;37mINFO[m] main com.jcabi.http.wire.VerboseWire: #send(GET http://localhost:34433/):
HTTP Request (com.jcabi.http.request.BaseRequest):
  X-Something: text/html
  X-Something: text/xml
  
  <<empty>>
HTTP Response (com.jcabi.http.request.DefaultResponse):
  200 OK [http://localhost:34433/]
  Server: com.jcabi.http.mock.MkGrizzlyAdapter query #1, 1 answer(s) left
  Content-Length: 0
  
  <<empty>>
[[0;37mINFO[m] main com.jcabi.http.request.BaseRequest: #fetch(GET localhost:34433 /): [200 OK] in 3ms
[[0;37mINFO[m] main com.jcabi.http.mock.MkGrizzlyContainer: stopped on port #34433
Feb 11, 2023 8:34:38 PM org.glassfish.grizzly.http.server.NetworkListener start
INFO: Started listener bound to [0.0.0.0:41239]
Feb 11, 2023 8:34:38 PM org.glassfish.grizzly.http.server.HttpServer start
INFO: [HttpServer-56] Started.
[[0;37mINFO[m] main com.jcabi.http.mock.MkGrizzlyContainer: started on port #41239
[[0;37mINFO[m] main com.jcabi.http.wire.VerboseWire: #send(GET http://localhost:41239/):
HTTP Request (com.jcabi.http.request.BaseRequest):
  
  <<empty>>
HTTP Response (com.jcabi.http.request.DefaultResponse):
  200 OK [http://localhost:41239/]
  Server: com.jcabi.http.mock.MkGrizzlyAdapter query #1, 2 answer(s) left
  Content-Length: 8
  
  matching
[[0;37mINFO[m] main com.jcabi.http.request.BaseRequest: #fetch(GET localhost:41239 /): [200 OK] in 3ms
[[0;37mINFO[m] main com.jcabi.http.mock.MkGrizzlyContainer: stopped on port #41239
Feb 11, 2023 8:34:38 PM org.glassfish.grizzly.http.server.NetworkListener start
INFO: Started listener bound to [0.0.0.0:40665]
Feb 11, 2023 8:34:38 PM org.glassfish.grizzly.http.server.HttpServer start
INFO: [HttpServer-57] Started.
[[0;37mINFO[m] main com.jcabi.http.mock.MkGrizzlyContainer: started on port #40665
[[0;37mINFO[m] main com.jcabi.http.request.BaseRequest: #fetch(GET localhost:40665 /): [200 OK] in 3ms
[[0;37mINFO[m] main com.jcabi.http.mock.MkGrizzlyContainer: stopped on port #40665
Feb 11, 2023 8:34:38 PM org.glassfish.grizzly.http.server.NetworkListener start
INFO: Started listener bound to [0.0.0.0:43875]
Feb 11, 2023 8:34:38 PM org.glassfish.grizzly.http.server.HttpServer start
INFO: [HttpServer-58] Started.
[[0;37mINFO[m] main com.jcabi.http.mock.MkGrizzlyContainer: started on port #43875
[[0;37mINFO[m] main com.jcabi.http.wire.VerboseWire: #send(GET http://localhost:43875/):
HTTP Request (com.jcabi.http.request.BaseRequest):
  
  <<empty>>
HTTP Response (com.jcabi.http.request.DefaultResponse):
  200 OK [http://localhost:43875/]
  Server: com.jcabi.http.mock.MkGrizzlyAdapter query #1, 1 answer(s) left
  Content-Length: 5
  
   E!\ufffd
[[0;37mINFO[m] main com.jcabi.http.request.BaseRequest: #fetch(GET localhost:43875 /): [200 OK] in 3ms
[[0;37mINFO[m] main com.jcabi.http.mock.MkGrizzlyContainer: stopped on port #43875
Feb 11, 2023 8:34:38 PM org.glassfish.grizzly.http.server.NetworkListener start
INFO: Started listener bound to [0.0.0.0:41643]
Feb 11, 2023 8:34:38 PM org.glassfish.grizzly.http.server.HttpServer start
INFO: [HttpServer-59] Started.
[[0;37mINFO[m] main com.jcabi.http.mock.MkGrizzlyContainer: started on port #41643
[[0;37mINFO[m] main com.jcabi.http.wire.VerboseWire: #send(POST http://localhost:41643/):
HTTP Request (com.jcabi.http.request.BaseRequest):
  
  multipleRequestMatches
HTTP Response (com.jcabi.http.request.DefaultResponse):
  200 OK [http://localhost:41643/]
  Server: com.jcabi.http.mock.MkGrizzlyAdapter query #1, 2 answer(s) left
  Content-Length: 23
  
  multipleResponseMatches
[[0;37mINFO[m] main com.jcabi.http.request.BaseRequest: #fetch(POST localhost:41643 /): [200 OK] in 3ms
[[0;37mINFO[m] main com.jcabi.http.wire.VerboseWire: #send(POST http://localhost:41643/):
HTTP Request (com.jcabi.http.request.BaseRequest):
  
  multipleRequestMatches
HTTP Response (com.jcabi.http.request.DefaultResponse):
  200 OK [http://localhost:41643/]
  Server: com.jcabi.http.mock.MkGrizzlyAdapter query #2, 2 answer(s) left
  Content-Length: 23
  
  multipleResponseMatches
[[0;37mINFO[m] main com.jcabi.http.request.BaseRequest: #fetch(POST localhost:41643 /): [200 OK] in 2ms
[[0;37mINFO[m] main com.jcabi.http.wire.VerboseWire: #send(POST http://localhost:41643/):
HTTP Request (com.jcabi.http.request.BaseRequest):
  
  multipleRequestNotMatching
HTTP Response (com.jcabi.http.request.DefaultResponse):
  200 OK [http://localhost:41643/]
  Server: com.jcabi.http.mock.MkGrizzlyAdapter query #3, 1 answer(s) left
  Content-Length: 4
  
  blaa
[[0;37mINFO[m] main com.jcabi.http.request.BaseRequest: #fetch(POST localhost:41643 /): [200 OK] in 2ms
[[0;37mINFO[m] main com.jcabi.http.mock.MkGrizzlyContainer: stopped on port #41643
Feb 11, 2023 8:34:38 PM org.glassfish.grizzly.http.server.NetworkListener start
INFO: Started listener bound to [0.0.0.0:42555]
Feb 11, 2023 8:34:38 PM org.glassfish.grizzly.http.server.HttpServer start
INFO: [HttpServer-60] Started.
[[0;37mINFO[m] main com.jcabi.http.mock.MkGrizzlyContainer: started on port #42555
[[0;37mINFO[m] main com.jcabi.http.wire.VerboseWire: #send(GET http://localhost:42555/):
HTTP Request (com.jcabi.http.request.BaseRequest):
  
  <<empty>>
HTTP Response (com.jcabi.http.request.DefaultResponse):
  200 OK [http://localhost:42555/]
  Server: com.jcabi.http.mock.MkGrizzlyAdapter query #1, 1 answer(s) left
  Content-Length: 8
  
  multiple
[[0;37mINFO[m] main com.jcabi.http.request.BaseRequest: #fetch(GET localhost:42555 /): [200 OK] in 2ms
[[0;37mINFO[m] main com.jcabi.http.wire.VerboseWire: #send(GET http://localhost:42555/):
HTTP Request (com.jcabi.http.request.BaseRequest):
  
  <<empty>>
HTTP Response (com.jcabi.http.request.DefaultResponse):
  200 OK [http://localhost:42555/]
  Server: com.jcabi.http.mock.MkGrizzlyAdapter query #2, 1 answer(s) left
  Content-Length: 8
  
  multiple
[[0;37mINFO[m] main com.jcabi.http.request.BaseRequest: #fetch(GET localhost:42555 /): [200 OK] in 1ms
[[0;37mINFO[m] main com.jcabi.http.wire.VerboseWire: #send(GET http://localhost:42555/):
HTTP Request (com.jcabi.http.request.BaseRequest):
  
  <<empty>>
HTTP Response (com.jcabi.http.request.DefaultResponse):
  200 OK [http://localhost:42555/]
  Server: com.jcabi.http.mock.MkGrizzlyAdapter query #3, 1 answer(s) left
  Content-Length: 8
  
  multiple
[[0;37mINFO[m] main com.jcabi.http.request.BaseRequest: #fetch(GET localhost:42555 /): [200 OK] in 2ms
[[0;37mINFO[m] main com.jcabi.http.wire.VerboseWire: #send(GET http://localhost:42555/):
HTTP Request (com.jcabi.http.request.BaseRequest):
  
  <<empty>>
HTTP Response (com.jcabi.http.request.DefaultResponse):
  200 OK [http://localhost:42555/]
  Server: com.jcabi.http.mock.MkGrizzlyAdapter query #4, 1 answer(s) left
  Content-Length: 8
  
  multiple
[[0;37mINFO[m] main com.jcabi.http.request.BaseRequest: #fetch(GET localhost:42555 /): [200 OK] in 2ms
[[0;37mINFO[m] main com.jcabi.http.wire.VerboseWire: #send(GET http://localhost:42555/):
HTTP Request (com.jcabi.http.request.BaseRequest):
  
  <<empty>>
HTTP Response (com.jcabi.http.request.DefaultResponse):
  200 OK [http://localhost:42555/]
  Server: com.jcabi.http.mock.MkGrizzlyAdapter query #5, 1 answer(s) left
  Content-Length: 8
  
  multiple
[[0;37mINFO[m] main com.jcabi.http.request.BaseRequest: #fetch(GET localhost:42555 /): [200 OK] in 2ms
[[0;37mINFO[m] main com.jcabi.http.mock.MkGrizzlyContainer: stopped on port #42555
Feb 11, 2023 8:34:38 PM org.glassfish.grizzly.http.server.NetworkListener start
INFO: Started listener bound to [0.0.0.0:41407]
Feb 11, 2023 8:34:38 PM org.glassfish.grizzly.http.server.HttpServer start
INFO: [HttpServer-61] Started.
[[0;37mINFO[m] main com.jcabi.http.mock.MkGrizzlyContainer: started on port #41407
[[0;37mINFO[m] main com.jcabi.http.wire.VerboseWire: #send(GET http://localhost:41407/):
HTTP Request (com.jcabi.http.request.BaseRequest):
  
  <<empty>>
HTTP Response (com.jcabi.http.request.DefaultResponse):
  200 OK [http://localhost:41407/]
  Server: com.jcabi.http.mock.MkGrizzlyAdapter query #1, 2 answer(s) left
  Content-Length: 5
  
  first
[[0;37mINFO[m] main com.jcabi.http.request.BaseRequest: #fetch(GET localhost:41407 /): [200 OK] in 3ms
[[0;37mINFO[m] main com.jcabi.http.mock.MkGrizzlyContainer: stopped on port #41407
[INFO] Tests run: 9, Failures: 0, Errors: 0, Skipped: 0, Time elapsed: 0.333 s - in com.jcabi.http.mock.MkContainerTest
[INFO] Running com.jcabi.http.wire.RetryWireTest
Feb 11, 2023 8:34:38 PM org.glassfish.grizzly.http.server.NetworkListener start
INFO: Started listener bound to [0.0.0.0:41875]
Feb 11, 2023 8:34:38 PM org.glassfish.grizzly.http.server.HttpServer start
INFO: [HttpServer-62] Started.
[[0;37mINFO[m] main com.jcabi.http.mock.MkGrizzlyContainer: started on port #41875
[[0;33mWARN[m] main com.jcabi.http.wire.RetryWire: GET http://localhost:41875/ (auth: j***j) returns 500 status (attempt #1)
[[0;37mINFO[m] main com.jcabi.http.request.BaseRequest: #fetch(GET localhost:41875 /): [200 OK] in 7ms
[[0;37mINFO[m] main com.jcabi.http.mock.MkGrizzlyContainer: stopped on port #41875
Feb 11, 2023 8:34:38 PM org.glassfish.grizzly.http.server.NetworkListener start
INFO: Started listener bound to [0.0.0.0:40067]
Feb 11, 2023 8:34:38 PM org.glassfish.grizzly.http.server.HttpServer start
INFO: [HttpServer-63] Started.
[[0;37mINFO[m] main com.jcabi.http.mock.MkGrizzlyContainer: started on port #40067
[[0;33mWARN[m] main com.jcabi.http.wire.RetryWire: GET http://localhost:40067/ returns 500 status (attempt #1)
[[0;33mWARN[m] main com.jcabi.http.wire.RetryWire: GET http://localhost:40067/ returns 500 status (attempt #2)
[[0;37mINFO[m] main com.jcabi.http.request.BaseRequest: #fetch(GET localhost:40067 /): [200 OK] in 8ms
[[0;37mINFO[m] main com.jcabi.http.mock.MkGrizzlyContainer: stopped on port #40067
[INFO] Tests run: 2, Failures: 0, Errors: 0, Skipped: 0, Time elapsed: 0.082 s - in com.jcabi.http.wire.RetryWireTest
[INFO] Running com.jcabi.http.wire.ETagCachingWireTest
Feb 11, 2023 8:34:38 PM org.glassfish.grizzly.http.server.NetworkListener start
INFO: Started listener bound to [0.0.0.0:39347]
Feb 11, 2023 8:34:38 PM org.glassfish.grizzly.http.server.HttpServer start
INFO: [HttpServer-64] Started.
[[0;37mINFO[m] main com.jcabi.http.mock.MkGrizzlyContainer: started on port #39347
[[0;37mINFO[m] main com.jcabi.http.request.BaseRequest: #fetch(GET localhost:39347 /): [200 OK] in 3ms
[[0;37mINFO[m] main com.jcabi.http.request.BaseRequest: #fetch(GET localhost:39347 /): [200 OK] in 2ms
[[0;37mINFO[m] main com.jcabi.http.mock.MkGrizzlyContainer: stopped on port #39347
Feb 11, 2023 8:34:38 PM org.glassfish.grizzly.http.server.NetworkListener start
INFO: Started listener bound to [0.0.0.0:45427]
Feb 11, 2023 8:34:38 PM org.glassfish.grizzly.http.server.HttpServer start
INFO: [HttpServer-65] Started.
[[0;37mINFO[m] main com.jcabi.http.mock.MkGrizzlyContainer: started on port #45427
[[0;37mINFO[m] main com.jcabi.http.request.BaseRequest: #fetch(GET localhost:45427 /): [200 OK] in 2ms
[[0;37mINFO[m] main com.jcabi.http.request.BaseRequest: #fetch(GET localhost:45427 /): [200 OK] in 1ms
[[0;37mINFO[m] main com.jcabi.http.mock.MkGrizzlyContainer: stopped on port #45427
[INFO] Tests run: 2, Failures: 0, Errors: 0, Skipped: 0, Time elapsed: 0.07 s - in com.jcabi.http.wire.ETagCachingWireTest
[INFO] Running com.jcabi.http.wire.LastModifiedCachingWireTest
Feb 11, 2023 8:34:38 PM org.glassfish.grizzly.http.server.NetworkListener start
INFO: Started listener bound to [0.0.0.0:45281]
Feb 11, 2023 8:34:38 PM org.glassfish.grizzly.http.server.HttpServer start
INFO: [HttpServer-66] Started.
[[0;37mINFO[m] main com.jcabi.http.mock.MkGrizzlyContainer: started on port #45281
[[0;37mINFO[m] main com.jcabi.http.request.BaseRequest: #fetch(GET localhost:45281 /): [200 OK] in 3ms
[[0;37mINFO[m] main com.jcabi.http.request.BaseRequest: #fetch(GET localhost:45281 /): [200 OK] in 1ms
[[0;37mINFO[m] main com.jcabi.http.mock.MkGrizzlyContainer: stopped on port #45281
Feb 11, 2023 8:34:38 PM org.glassfish.grizzly.http.server.NetworkListener start
INFO: Started listener bound to [0.0.0.0:32919]
Feb 11, 2023 8:34:38 PM org.glassfish.grizzly.http.server.HttpServer start
INFO: [HttpServer-67] Started.
[[0;37mINFO[m] main com.jcabi.http.mock.MkGrizzlyContainer: started on port #32919
[[0;37mINFO[m] main com.jcabi.http.request.BaseRequest: #fetch(GET localhost:32919 /): [200 OK] in 3ms
[[0;37mINFO[m] main com.jcabi.http.request.BaseRequest: #fetch(GET localhost:32919 /): [200 OK] in 2ms
[[0;37mINFO[m] main com.jcabi.http.request.BaseRequest: #fetch(GET localhost:32919 /): [200 OK] in 2ms
[[0;37mINFO[m] main com.jcabi.http.mock.MkGrizzlyContainer: stopped on port #32919
Feb 11, 2023 8:34:38 PM org.glassfish.grizzly.http.server.NetworkListener start
INFO: Started listener bound to [0.0.0.0:38443]
Feb 11, 2023 8:34:38 PM org.glassfish.grizzly.http.server.HttpServer start
INFO: [HttpServer-68] Started.
[[0;37mINFO[m] main com.jcabi.http.mock.MkGrizzlyContainer: started on port #38443
[[0;37mINFO[m] main com.jcabi.http.request.BaseRequest: #fetch(GET localhost:38443 /): [200 OK] in 2ms
[[0;37mINFO[m] main com.jcabi.http.mock.MkGrizzlyContainer: stopped on port #38443
Feb 11, 2023 8:34:38 PM org.glassfish.grizzly.http.server.NetworkListener start
INFO: Started listener bound to [0.0.0.0:43553]
Feb 11, 2023 8:34:38 PM org.glassfish.grizzly.http.server.HttpServer start
INFO: [HttpServer-69] Started.
[[0;37mINFO[m] main com.jcabi.http.mock.MkGrizzlyContainer: started on port #43553
[[0;37mINFO[m] main com.jcabi.http.request.BaseRequest: #fetch(GET localhost:43553 /): [200 OK] in 2ms
[[0;37mINFO[m] main com.jcabi.http.request.BaseRequest: #fetch(GET localhost:43553 /): [404 Not Found] in 2ms
[[0;37mINFO[m] main com.jcabi.http.request.BaseRequest: #fetch(GET localhost:43553 /): [200 OK] in 1ms
[[0;37mINFO[m] main com.jcabi.http.mock.MkGrizzlyContainer: stopped on port #43553
Feb 11, 2023 8:34:38 PM org.glassfish.grizzly.http.server.NetworkListener start
INFO: Started listener bound to [0.0.0.0:37999]
Feb 11, 2023 8:34:38 PM org.glassfish.grizzly.http.server.HttpServer start
INFO: [HttpServer-70] Started.
[[0;37mINFO[m] main com.jcabi.http.mock.MkGrizzlyContainer: started on port #37999
[[0;37mINFO[m] main com.jcabi.http.request.BaseRequest: #fetch(GET localhost:37999 /): [200 OK] in 2ms
[[0;37mINFO[m] main com.jcabi.http.request.BaseRequest: #fetch(GET localhost:37999 /): [200 OK] in 1ms
[[0;37mINFO[m] main com.jcabi.http.request.BaseRequest: #fetch(GET localhost:37999 /): [200 OK] in 1ms
[[0;37mINFO[m] main com.jcabi.http.request.BaseRequest: #fetch(GET localhost:37999 /): [200 OK] in 1ms
[[0;37mINFO[m] main com.jcabi.http.request.BaseRequest: #fetch(GET localhost:37999 /): [200 OK] in 2ms
[[0;37mINFO[m] main com.jcabi.http.request.BaseRequest: #fetch(GET localhost:37999 /): [200 OK] in 2ms
[[0;37mINFO[m] main com.jcabi.http.request.BaseRequest: #fetch(GET localhost:37999 /): [200 OK] in 1ms
[[0;37mINFO[m] main com.jcabi.http.request.BaseRequest: #fetch(GET localhost:37999 /): [200 OK] in 1ms
[[0;37mINFO[m] main com.jcabi.http.request.BaseRequest: #fetch(GET localhost:37999 /): [200 OK] in 2ms
[[0;37mINFO[m] main com.jcabi.http.request.BaseRequest: #fetch(GET localhost:37999 /): [200 OK] in 2ms
[[0;37mINFO[m] main com.jcabi.http.mock.MkGrizzlyContainer: stopped on port #37999
Feb 11, 2023 8:34:38 PM org.glassfish.grizzly.http.server.NetworkListener start
INFO: Started listener bound to [0.0.0.0:36117]
Feb 11, 2023 8:34:38 PM org.glassfish.grizzly.http.server.HttpServer start
INFO: [HttpServer-71] Started.
[[0;37mINFO[m] main com.jcabi.http.mock.MkGrizzlyContainer: started on port #36117
[[0;37mINFO[m] main com.jcabi.http.request.BaseRequest: #fetch(GET localhost:36117 /): [200 OK] in 2ms
[[0;37mINFO[m] main com.jcabi.http.request.BaseRequest: #fetch(GET localhost:36117 /): [200 OK] in 1ms
[[0;37mINFO[m] main com.jcabi.http.request.BaseRequest: #fetch(GET localhost:36117 /): [200 OK] in 1ms
[[0;37mINFO[m] main com.jcabi.http.request.BaseRequest: #fetch(GET localhost:36117 /): [200 OK] in 1ms
[[0;37mINFO[m] main com.jcabi.http.mock.MkGrizzlyContainer: stopped on port #36117
[INFO] Tests run: 6, Failures: 0, Errors: 0, Skipped: 0, Time elapsed: 0.245 s - in com.jcabi.http.wire.LastModifiedCachingWireTest
[INFO] Running com.jcabi.http.wire.CachingWireTest
Feb 11, 2023 8:34:38 PM org.glassfish.grizzly.http.server.NetworkListener start
INFO: Started listener bound to [0.0.0.0:42755]
Feb 11, 2023 8:34:38 PM org.glassfish.grizzly.http.server.HttpServer start
INFO: [HttpServer-72] Started.
[[0;37mINFO[m] main com.jcabi.http.mock.MkGrizzlyContainer: started on port #42755
[[0;37mINFO[m] main com.jcabi.http.request.BaseRequest: #fetch(GET localhost:42755 /): [200 OK] in 10ms
[[0;37mINFO[m] main com.jcabi.http.request.BaseRequest: #fetch(GET localhost:42755 /): [200 OK] in 0ms
[[0;37mINFO[m] main com.jcabi.http.request.BaseRequest: #fetch(GET localhost:42755 /): [200 OK] in 0ms
[[0;37mINFO[m] main com.jcabi.http.request.BaseRequest: #fetch(GET localhost:42755 /): [200 OK] in 0ms
[[0;37mINFO[m] main com.jcabi.http.request.BaseRequest: #fetch(GET localhost:42755 /): [200 OK] in 0ms
[[0;37mINFO[m] main com.jcabi.http.request.BaseRequest: #fetch(GET localhost:42755 /): [200 OK] in 0ms
[[0;37mINFO[m] main com.jcabi.http.request.BaseRequest: #fetch(GET localhost:42755 /): [200 OK] in 0ms
[[0;37mINFO[m] main com.jcabi.http.request.BaseRequest: #fetch(GET localhost:42755 /): [200 OK] in 0ms
[[0;37mINFO[m] main com.jcabi.http.request.BaseRequest: #fetch(GET localhost:42755 /): [200 OK] in 0ms
[[0;37mINFO[m] main com.jcabi.http.request.BaseRequest: #fetch(GET localhost:42755 /): [200 OK] in 0ms
[[0;37mINFO[m] main com.jcabi.http.mock.MkGrizzlyContainer: stopped on port #42755
Feb 11, 2023 8:34:38 PM org.glassfish.grizzly.http.server.NetworkListener start
INFO: Started listener bound to [0.0.0.0:43523]
Feb 11, 2023 8:34:38 PM org.glassfish.grizzly.http.server.HttpServer start
INFO: [HttpServer-73] Started.
[[0;37mINFO[m] main com.jcabi.http.mock.MkGrizzlyContainer: started on port #43523
[[0;37mINFO[m] main com.jcabi.http.request.BaseRequest: #fetch(GET localhost:43523 /): [200 OK] in 2ms
[[0;37mINFO[m] main com.jcabi.http.request.BaseRequest: #fetch(GET localhost:43523 /): [200 OK] in 0ms
[[0;37mINFO[m] main com.jcabi.http.request.BaseRequest: #fetch(POST localhost:43523 /flush): [200 OK] in 3ms
[[0;37mINFO[m] main com.jcabi.http.request.BaseRequest: #fetch(GET localhost:43523 /): [200 OK] in 1ms
[[0;37mINFO[m] main com.jcabi.http.mock.MkGrizzlyContainer: stopped on port #43523
Feb 11, 2023 8:34:38 PM org.glassfish.grizzly.http.server.NetworkListener start
INFO: Started listener bound to [0.0.0.0:42027]
Feb 11, 2023 8:34:38 PM org.glassfish.grizzly.http.server.HttpServer start
INFO: [HttpServer-74] Started.
[[0;37mINFO[m] main com.jcabi.http.mock.MkGrizzlyContainer: started on port #42027
[[0;37mINFO[m] main com.jcabi.http.request.BaseRequest: #fetch(PUT localhost:42027 /): [200 OK] in 2ms
[[0;37mINFO[m] main com.jcabi.http.request.BaseRequest: #fetch(PUT localhost:42027 /): [200 OK] in 2ms
[[0;37mINFO[m] main com.jcabi.http.mock.MkGrizzlyContainer: stopped on port #42027
Feb 11, 2023 8:34:38 PM org.glassfish.grizzly.http.server.NetworkListener start
INFO: Started listener bound to [0.0.0.0:39427]
Feb 11, 2023 8:34:38 PM org.glassfish.grizzly.http.server.HttpServer start
INFO: [HttpServer-75] Started.
[[0;37mINFO[m] main com.jcabi.http.mock.MkGrizzlyContainer: started on port #39427
[[0;37mINFO[m] main com.jcabi.http.request.BaseRequest: #fetch(GET localhost:39427 /): [200 OK] in 1ms
[[0;37mINFO[m] main com.jcabi.http.request.BaseRequest: #fetch(GET localhost:39427 /): [200 OK] in 0ms
[[0;37mINFO[m] main com.jcabi.http.request.BaseRequest: #fetch(GET localhost:39427 /): [200 OK] in 0ms
[[0;37mINFO[m] main com.jcabi.http.request.BaseRequest: #fetch(GET localhost:39427 /): [200 OK] in 0ms
[[0;37mINFO[m] main com.jcabi.http.request.BaseRequest: #fetch(GET localhost:39427 /): [200 OK] in 0ms
[[0;37mINFO[m] main com.jcabi.http.request.BaseRequest: #fetch(GET localhost:39427 /): [200 OK] in 0ms
[[0;37mINFO[m] main com.jcabi.http.request.BaseRequest: #fetch(GET localhost:39427 /): [200 OK] in 0ms
[[0;37mINFO[m] main com.jcabi.http.request.BaseRequest: #fetch(GET localhost:39427 /): [200 OK] in 0ms
[[0;37mINFO[m] main com.jcabi.http.request.BaseRequest: #fetch(GET localhost:39427 /): [200 OK] in 0ms
[[0;37mINFO[m] main com.jcabi.http.request.BaseRequest: #fetch(GET localhost:39427 /): [200 OK] in 0ms
[[0;37mINFO[m] main com.jcabi.http.mock.MkGrizzlyContainer: stopped on port #39427
[INFO] Tests run: 4, Failures: 0, Errors: 0, Skipped: 0, Time elapsed: 0.212 s - in com.jcabi.http.wire.CachingWireTest
[INFO] Running com.jcabi.http.request.BaseRequestTest
Feb 11, 2023 8:34:38 PM org.glassfish.grizzly.http.server.NetworkListener start
INFO: Started listener bound to [0.0.0.0:38161]
Feb 11, 2023 8:34:38 PM org.glassfish.grizzly.http.server.HttpServer start
INFO: [HttpServer-76] Started.
[[0;37mINFO[m] main com.jcabi.http.mock.MkGrizzlyContainer: started on port #38161
[[0;37mINFO[m] main com.jcabi.http.request.BaseRequest: #fetch(POST localhost:38161 /): [200 OK] in 3ms
[INFO] Tests run: 7, Failures: 0, Errors: 0, Skipped: 0, Time elapsed: 0.038 s - in com.jcabi.http.request.BaseRequestTest
[INFO] Running com.jcabi.http.mock.MkAnswerMatchersTest
[INFO] Tests run: 3, Failures: 0, Errors: 0, Skipped: 0, Time elapsed: 0.018 s - in com.jcabi.http.mock.MkAnswerMatchersTest
[INFO] Running com.jcabi.http.wire.AutoRedirectingWireTest
Feb 11, 2023 8:34:39 PM org.glassfish.grizzly.http.server.NetworkListener start
INFO: Started listener bound to [0.0.0.0:36351]
Feb 11, 2023 8:34:39 PM org.glassfish.grizzly.http.server.HttpServer start
INFO: [HttpServer-77] Started.
[[0;37mINFO[m] main com.jcabi.http.mock.MkGrizzlyContainer: started on port #36351
[[0;37mINFO[m] main com.jcabi.http.request.BaseRequest: #fetch(GET localhost:36351 /): [302 Found] in 3s
[[0;37mINFO[m] main com.jcabi.http.mock.MkGrizzlyContainer: stopped on port #36351
Feb 11, 2023 8:34:42 PM org.glassfish.grizzly.http.server.NetworkListener start
INFO: Started listener bound to [0.0.0.0:40397]
Feb 11, 2023 8:34:42 PM org.glassfish.grizzly.http.server.HttpServer start
INFO: [HttpServer-78] Started.
[[0;37mINFO[m] main com.jcabi.http.mock.MkGrizzlyContainer: started on port #40397
[[0;37mINFO[m] main com.jcabi.http.request.BaseRequest: #fetch(GET localhost:40397 /): [200 OK] in 3s
[[0;37mINFO[m] main com.jcabi.http.mock.MkGrizzlyContainer: stopped on port #40397
[INFO] Tests run: 2, Failures: 0, Errors: 0, Skipped: 0, Time elapsed: 6.077 s - in com.jcabi.http.wire.AutoRedirectingWireTest
[INFO] Running com.jcabi.http.wire.TrustedWireTest
Feb 11, 2023 8:34:45 PM org.glassfish.grizzly.http.server.NetworkListener start
INFO: Started listener bound to [0.0.0.0:41443]
Feb 11, 2023 8:34:45 PM org.glassfish.grizzly.http.server.HttpServer start
INFO: [HttpServer-79] Started.
[[0;37mINFO[m] main com.jcabi.http.mock.MkGrizzlyContainer: started on port #41443
[[0;37mINFO[m] main com.jcabi.http.request.BaseRequest: #fetch(GET localhost:41443 /): [200 OK] in 3ms
[[0;37mINFO[m] main com.jcabi.http.mock.MkGrizzlyContainer: stopped on port #41443
[INFO] Tests run: 1, Failures: 0, Errors: 0, Skipped: 0, Time elapsed: 0.032 s - in com.jcabi.http.wire.TrustedWireTest
[INFO] 
[INFO] Results:
[INFO] 
[INFO] Tests run: 148, Failures: 0, Errors: 0, Skipped: 0
[INFO] 
[INFO] ------------------------------------------------------------------------
[INFO] BUILD SUCCESS
[INFO] ------------------------------------------------------------------------
[INFO] Total time:  16.206 s
[INFO] Finished at: 2023-02-11T20:34:45Z
[INFO] ------------------------------------------------------------------------
