[INFO] Scanning for projects...
[INFO] 
[INFO] ---------------------< com.artipie:docker-adapter >---------------------
[INFO] Building docker-adapter 1.0-SNAPSHOT
[INFO] --------------------------------[ jar ]---------------------------------
[INFO] Downloading from central: https://repo.maven.apache.org/maven2/com/artipie/vertx-server/1.0.0/vertx-server-1.0.0.jar
[INFO] Downloaded from central: https://repo.maven.apache.org/maven2/com/artipie/vertx-server/1.0.0/vertx-server-1.0.0.jar (9.2 kB at 27 kB/s)
[INFO] 
[INFO] --- maven-clean-plugin:3.1.0:clean (default-clean) @ docker-adapter ---
[INFO] Deleting /home/gabsko/breaking-updates/target
[INFO] 
[INFO] --- maven-enforcer-plugin:3.0.0-M3:enforce (enforce-maven) @ docker-adapter ---
[INFO] 
[INFO] --- maven-resources-plugin:3.2.0:resources (default-resources) @ docker-adapter ---
[INFO] Using 'UTF-8' encoding to copy filtered resources.
[INFO] Using 'UTF-8' encoding to copy filtered properties files.
[INFO] skip non existing resourceDirectory /home/gabsko/breaking-updates/src/main/resources
[INFO] 
[INFO] --- maven-compiler-plugin:3.8.1:compile (default-compile) @ docker-adapter ---
[INFO] Compiling 107 source files to /home/gabsko/breaking-updates/target/classes
[INFO] 
[INFO] --- maven-resources-plugin:3.2.0:testResources (default-testResources) @ docker-adapter ---
[INFO] Using 'UTF-8' encoding to copy filtered resources.
[INFO] Using 'UTF-8' encoding to copy filtered properties files.
[INFO] Copying 2 resources
[INFO] Copying 11 resources
[INFO] The encoding used to copy filtered properties files have not been set. This means that the same encoding will be used to copy filtered properties files as when copying other filtered resources. This might not be what you want! Run your build with --debug to see which files might be affected. Read more at https://maven.apache.org/plugins/maven-resources-plugin/examples/filtering-properties-files.html
[INFO] 
[INFO] --- maven-compiler-plugin:3.8.1:testCompile (default-testCompile) @ docker-adapter ---
[INFO] Compiling 112 source files to /home/gabsko/breaking-updates/target/test-classes
[INFO] 
[INFO] --- maven-surefire-plugin:3.0.0-M5:test (default-test) @ docker-adapter ---
[INFO] 
[INFO] -------------------------------------------------------
[INFO]  T E S T S
[INFO] -------------------------------------------------------
[INFO] Running com.artipie.docker.http.UploadEntityPostTest
[INFO] Tests run: 3, Failures: 0, Errors: 0, Skipped: 0, Time elapsed: 0.154 s - in com.artipie.docker.http.UploadEntityPostTest
[INFO] Running com.artipie.docker.http.UploadEntityDeleteTest
[INFO] Tests run: 2, Failures: 0, Errors: 0, Skipped: 0, Time elapsed: 0.053 s - in com.artipie.docker.http.UploadEntityDeleteTest
[INFO] Running com.artipie.docker.http.UploadEntityPutTest
[INFO] Tests run: 3, Failures: 0, Errors: 0, Skipped: 0, Time elapsed: 0.036 s - in com.artipie.docker.http.UploadEntityPutTest
[INFO] Running com.artipie.docker.http.UploadEntityPatchTest
[INFO] Tests run: 2, Failures: 0, Errors: 0, Skipped: 0, Time elapsed: 0.011 s - in com.artipie.docker.http.UploadEntityPatchTest
[INFO] Running com.artipie.docker.http.ErrorHandlingSliceTest
[INFO] Tests run: 34, Failures: 0, Errors: 0, Skipped: 0, Time elapsed: 0.147 s - in com.artipie.docker.http.ErrorHandlingSliceTest
[INFO] Running com.artipie.docker.http.AuthTest
[WARNING] Tests run: 106, Failures: 0, Errors: 0, Skipped: 1, Time elapsed: 0.333 s - in com.artipie.docker.http.AuthTest
[INFO] Running com.artipie.docker.http.JsonContentTypeTest
[INFO] Tests run: 1, Failures: 0, Errors: 0, Skipped: 0, Time elapsed: 0.001 s - in com.artipie.docker.http.JsonContentTypeTest
[INFO] Running com.artipie.docker.http.BlobEntityGetTest
SLF4J: Failed to load class "org.slf4j.impl.StaticLoggerBinder".
SLF4J: Defaulting to no-operation (NOP) logger implementation
SLF4J: See http://www.slf4j.org/codes.html#StaticLoggerBinder for further details.
[INFO] Tests run: 2, Failures: 0, Errors: 0, Skipped: 0, Time elapsed: 0.587 s - in com.artipie.docker.http.BlobEntityGetTest
[INFO] Running com.artipie.docker.http.ManifestEntityHeadTest
[INFO] Tests run: 4, Failures: 0, Errors: 0, Skipped: 0, Time elapsed: 0.095 s - in com.artipie.docker.http.ManifestEntityHeadTest
[INFO] Running com.artipie.docker.http.ManifestEntityPutTest
[INFO] Tests run: 2, Failures: 0, Errors: 0, Skipped: 0, Time elapsed: 0.009 s - in com.artipie.docker.http.ManifestEntityPutTest
[INFO] Running com.artipie.docker.http.AuthScopeSliceTest
[INFO] Tests run: 1, Failures: 0, Errors: 0, Skipped: 0, Time elapsed: 0.002 s - in com.artipie.docker.http.AuthScopeSliceTest
[INFO] Running com.artipie.docker.http.UploadEntityGetTest
[INFO] Tests run: 4, Failures: 0, Errors: 0, Skipped: 0, Time elapsed: 0.011 s - in com.artipie.docker.http.UploadEntityGetTest
[INFO] Running com.artipie.docker.http.UploadEntityRequestTest
[INFO] Tests run: 11, Failures: 0, Errors: 0, Skipped: 0, Time elapsed: 0.009 s - in com.artipie.docker.http.UploadEntityRequestTest
[INFO] Running com.artipie.docker.http.BlobEntityRequestTest
[INFO] Tests run: 3, Failures: 0, Errors: 0, Skipped: 0, Time elapsed: 0.002 s - in com.artipie.docker.http.BlobEntityRequestTest
[INFO] Running com.artipie.docker.http.ManifestEntityRequestTest
[INFO] Tests run: 3, Failures: 0, Errors: 0, Skipped: 0, Time elapsed: 0.001 s - in com.artipie.docker.http.ManifestEntityRequestTest
[INFO] Running com.artipie.docker.http.ScopeTest
[INFO] Tests run: 5, Failures: 0, Errors: 0, Skipped: 0, Time elapsed: 0.003 s - in com.artipie.docker.http.ScopeTest
[INFO] Running com.artipie.docker.http.DockerAuthSliceTest
[INFO] Tests run: 3, Failures: 0, Errors: 0, Skipped: 0, Time elapsed: 0.005 s - in com.artipie.docker.http.DockerAuthSliceTest
[INFO] Running com.artipie.docker.http.ErrorsResponseTest
[INFO] Tests run: 2, Failures: 0, Errors: 0, Skipped: 0, Time elapsed: 0.001 s - in com.artipie.docker.http.ErrorsResponseTest
[INFO] Running com.artipie.docker.http.ManifestEntityGetTest
[INFO] Tests run: 4, Failures: 0, Errors: 0, Skipped: 0, Time elapsed: 0.094 s - in com.artipie.docker.http.ManifestEntityGetTest
[INFO] Running com.artipie.docker.http.DigestHeaderTest
[INFO] Tests run: 3, Failures: 0, Errors: 0, Skipped: 0, Time elapsed: 0.004 s - in com.artipie.docker.http.DigestHeaderTest
[INFO] Running com.artipie.docker.http.BlobEntityHeadTest
[INFO] Tests run: 2, Failures: 0, Errors: 0, Skipped: 0, Time elapsed: 0.044 s - in com.artipie.docker.http.BlobEntityHeadTest
[INFO] Running com.artipie.docker.http.TagsEntityGetTest
[INFO] Tests run: 2, Failures: 0, Errors: 0, Skipped: 0, Time elapsed: 0.006 s - in com.artipie.docker.http.TagsEntityGetTest
[INFO] Running com.artipie.docker.http.TrimmedDockerTest
[INFO] Tests run: 7, Failures: 0, Errors: 0, Skipped: 0, Time elapsed: 0.038 s - in com.artipie.docker.http.TrimmedDockerTest
[INFO] Running com.artipie.docker.http.BaseEntityGetTest
[INFO] Tests run: 1, Failures: 0, Errors: 0, Skipped: 0, Time elapsed: 0 s - in com.artipie.docker.http.BaseEntityGetTest
[INFO] Running com.artipie.docker.http.CatalogEntityGetTest
[INFO] Tests run: 2, Failures: 0, Errors: 0, Skipped: 0, Time elapsed: 0.003 s - in com.artipie.docker.http.CatalogEntityGetTest
[INFO] Running com.artipie.docker.asto.AstoBlobsTest
[INFO] Tests run: 1, Failures: 0, Errors: 0, Skipped: 0, Time elapsed: 0.001 s - in com.artipie.docker.asto.AstoBlobsTest
[INFO] Running com.artipie.docker.asto.AstoRepoTest
[INFO] Tests run: 2, Failures: 0, Errors: 0, Skipped: 0, Time elapsed: 0.001 s - in com.artipie.docker.asto.AstoRepoTest
[INFO] Running com.artipie.docker.asto.AstoUploadsTest
[INFO] Tests run: 5, Failures: 0, Errors: 0, Skipped: 0, Time elapsed: 0.003 s - in com.artipie.docker.asto.AstoUploadsTest
[INFO] Running com.artipie.docker.asto.AstoCatalogTest
[INFO] Tests run: 5, Failures: 0, Errors: 0, Skipped: 0, Time elapsed: 0.008 s - in com.artipie.docker.asto.AstoCatalogTest
[INFO] Running com.artipie.docker.asto.AstoLayersTest
[INFO] Tests run: 4, Failures: 0, Errors: 0, Skipped: 0, Time elapsed: 0.002 s - in com.artipie.docker.asto.AstoLayersTest
[INFO] Running com.artipie.docker.asto.AstoDockerTest
[INFO] Tests run: 2, Failures: 0, Errors: 0, Skipped: 0, Time elapsed: 0.001 s - in com.artipie.docker.asto.AstoDockerTest
[INFO] Running com.artipie.docker.asto.AstoTagsTest
[INFO] Tests run: 5, Failures: 0, Errors: 0, Skipped: 0, Time elapsed: 0.007 s - in com.artipie.docker.asto.AstoTagsTest
[INFO] Running com.artipie.docker.asto.AstoUploadTest
[INFO] Tests run: 7, Failures: 0, Errors: 0, Skipped: 0, Time elapsed: 0.017 s - in com.artipie.docker.asto.AstoUploadTest
[INFO] Running com.artipie.docker.asto.BlobKeyTest
[INFO] Tests run: 1, Failures: 0, Errors: 0, Skipped: 0, Time elapsed: 0.001 s - in com.artipie.docker.asto.BlobKeyTest
[INFO] Running com.artipie.docker.asto.DefaultLayoutTest
[INFO] Tests run: 2, Failures: 0, Errors: 0, Skipped: 0, Time elapsed: 0.001 s - in com.artipie.docker.asto.DefaultLayoutTest
[INFO] Running com.artipie.docker.asto.UploadKeyTest
[INFO] Tests run: 1, Failures: 0, Errors: 0, Skipped: 0, Time elapsed: 0.001 s - in com.artipie.docker.asto.UploadKeyTest
[INFO] Running com.artipie.docker.asto.AstoManifestsTest
[INFO] Tests run: 6, Failures: 0, Errors: 0, Skipped: 0, Time elapsed: 0.129 s - in com.artipie.docker.asto.AstoManifestsTest
[INFO] Running com.artipie.docker.DigestTest
[INFO] Tests run: 3, Failures: 0, Errors: 0, Skipped: 0, Time elapsed: 0.004 s - in com.artipie.docker.DigestTest
[INFO] Running com.artipie.docker.manifest.JsonManifestTest
[INFO] Tests run: 12, Failures: 0, Errors: 0, Skipped: 0, Time elapsed: 0.018 s - in com.artipie.docker.manifest.JsonManifestTest
[INFO] Running com.artipie.docker.composite.MultiReadLayersTest
[INFO] Tests run: 7, Failures: 0, Errors: 0, Skipped: 0, Time elapsed: 0.008 s - in com.artipie.docker.composite.MultiReadLayersTest
[INFO] Running com.artipie.docker.composite.ReadWriteManifestsTest
[INFO] Tests run: 3, Failures: 0, Errors: 0, Skipped: 0, Time elapsed: 0.001 s - in com.artipie.docker.composite.ReadWriteManifestsTest
[INFO] Running com.artipie.docker.composite.MultiReadManifestsTest
[INFO] Tests run: 9, Failures: 0, Errors: 0, Skipped: 0, Time elapsed: 0.016 s - in com.artipie.docker.composite.MultiReadManifestsTest
[INFO] Running com.artipie.docker.composite.ReadWriteRepoTest
[INFO] Tests run: 3, Failures: 0, Errors: 0, Skipped: 0, Time elapsed: 0.002 s - in com.artipie.docker.composite.ReadWriteRepoTest
[INFO] Running com.artipie.docker.composite.ReadWriteLayersTest
[INFO] Tests run: 3, Failures: 0, Errors: 0, Skipped: 0, Time elapsed: 0.001 s - in com.artipie.docker.composite.ReadWriteLayersTest
[INFO] Running com.artipie.docker.composite.MultiReadRepoTest
[INFO] Tests run: 2, Failures: 0, Errors: 0, Skipped: 0, Time elapsed: 0.001 s - in com.artipie.docker.composite.MultiReadRepoTest
[INFO] Running com.artipie.docker.composite.MultiReadDockerTest
[INFO] Tests run: 2, Failures: 0, Errors: 0, Skipped: 0, Time elapsed: 0.004 s - in com.artipie.docker.composite.MultiReadDockerTest
[INFO] Running com.artipie.docker.composite.ReadWriteDockerTest
[INFO] Tests run: 2, Failures: 0, Errors: 0, Skipped: 0, Time elapsed: 0.001 s - in com.artipie.docker.composite.ReadWriteDockerTest
[INFO] Running com.artipie.docker.misc.RqByRegexTest
[INFO] Tests run: 2, Failures: 0, Errors: 0, Skipped: 0, Time elapsed: 0.002 s - in com.artipie.docker.misc.RqByRegexTest
[INFO] Running com.artipie.docker.misc.ParsedCatalogTest
[INFO] Tests run: 6, Failures: 0, Errors: 0, Skipped: 0, Time elapsed: 0.005 s - in com.artipie.docker.misc.ParsedCatalogTest
[INFO] Running com.artipie.docker.misc.DigestFromContentTest
[INFO] Tests run: 1, Failures: 0, Errors: 0, Skipped: 0, Time elapsed: 0.002 s - in com.artipie.docker.misc.DigestFromContentTest
[INFO] Running com.artipie.docker.misc.CatalogPageTest
[INFO] Tests run: 5, Failures: 0, Errors: 0, Skipped: 0, Time elapsed: 0.005 s - in com.artipie.docker.misc.CatalogPageTest
[INFO] Running com.artipie.docker.misc.TagsPageTest
[INFO] Tests run: 5, Failures: 0, Errors: 0, Skipped: 0, Time elapsed: 0.006 s - in com.artipie.docker.misc.TagsPageTest
[INFO] Running com.artipie.docker.misc.JoinedCatalogSourceTest
[INFO] Tests run: 2, Failures: 0, Errors: 0, Skipped: 0, Time elapsed: 0.003 s - in com.artipie.docker.misc.JoinedCatalogSourceTest
[INFO] Running com.artipie.docker.misc.ParsedTagsTest
[INFO] Tests run: 13, Failures: 0, Errors: 0, Skipped: 0, Time elapsed: 0.009 s - in com.artipie.docker.misc.ParsedTagsTest
[INFO] Running com.artipie.docker.misc.JoinedTagsSourceTest
[INFO] Tests run: 1, Failures: 0, Errors: 0, Skipped: 0, Time elapsed: 0.002 s - in com.artipie.docker.misc.JoinedTagsSourceTest
[INFO] Running com.artipie.docker.cache.CacheRepoTest
[INFO] Tests run: 2, Failures: 0, Errors: 0, Skipped: 0, Time elapsed: 0.001 s - in com.artipie.docker.cache.CacheRepoTest
[INFO] Running com.artipie.docker.cache.CacheLayersTest
[INFO] Tests run: 7, Failures: 0, Errors: 0, Skipped: 0, Time elapsed: 0.004 s - in com.artipie.docker.cache.CacheLayersTest
[INFO] Running com.artipie.docker.cache.CacheDockerTest
[INFO] Tests run: 2, Failures: 0, Errors: 0, Skipped: 0, Time elapsed: 0.001 s - in com.artipie.docker.cache.CacheDockerTest
[INFO] Running com.artipie.docker.cache.CacheManifestsTest
[INFO] Tests run: 10, Failures: 0, Errors: 0, Skipped: 0, Time elapsed: 0.123 s - in com.artipie.docker.cache.CacheManifestsTest
[INFO] Running com.artipie.docker.proxy.TagsListUriTest
[INFO] Tests run: 4, Failures: 0, Errors: 0, Skipped: 0, Time elapsed: 0.01 s - in com.artipie.docker.proxy.TagsListUriTest
[INFO] Running com.artipie.docker.proxy.ProxyLayersTest
[INFO] Tests run: 2, Failures: 0, Errors: 0, Skipped: 0, Time elapsed: 0.003 s - in com.artipie.docker.proxy.ProxyLayersTest
[INFO] Running com.artipie.docker.proxy.ProxyBlobTest
[INFO] Tests run: 6, Failures: 0, Errors: 0, Skipped: 0, Time elapsed: 0.008 s - in com.artipie.docker.proxy.ProxyBlobTest
[INFO] Running com.artipie.docker.proxy.ManifestPathTest
[INFO] Tests run: 1, Failures: 0, Errors: 0, Skipped: 0, Time elapsed: 0 s - in com.artipie.docker.proxy.ManifestPathTest
[INFO] Running com.artipie.docker.proxy.CatalogUriTest
[INFO] Tests run: 4, Failures: 0, Errors: 0, Skipped: 0, Time elapsed: 0.003 s - in com.artipie.docker.proxy.CatalogUriTest
[INFO] Running com.artipie.docker.proxy.ProxyDockerTest
[INFO] Tests run: 4, Failures: 0, Errors: 0, Skipped: 0, Time elapsed: 0.003 s - in com.artipie.docker.proxy.ProxyDockerTest
[INFO] Running com.artipie.docker.proxy.BlobPathTest
[INFO] Tests run: 1, Failures: 0, Errors: 0, Skipped: 0, Time elapsed: 0 s - in com.artipie.docker.proxy.BlobPathTest
[INFO] Running com.artipie.docker.proxy.ProxyRepoTest
[INFO] Tests run: 2, Failures: 0, Errors: 0, Skipped: 0, Time elapsed: 0.001 s - in com.artipie.docker.proxy.ProxyRepoTest
[INFO] Running com.artipie.docker.proxy.AuthClientSliceTest
[INFO] Tests run: 1, Failures: 0, Errors: 0, Skipped: 0, Time elapsed: 0.001 s - in com.artipie.docker.proxy.AuthClientSliceTest
[INFO] Running com.artipie.docker.proxy.ProxyManifestsTest
[INFO] Tests run: 5, Failures: 0, Errors: 0, Skipped: 0, Time elapsed: 0.003 s - in com.artipie.docker.proxy.ProxyManifestsTest
[INFO] Running com.artipie.docker.ref.ManifestRefTest
[INFO] Tests run: 10, Failures: 0, Errors: 0, Skipped: 0, Time elapsed: 0.004 s - in com.artipie.docker.ref.ManifestRefTest
[INFO] Running com.artipie.docker.TagValidTest
[INFO] Tests run: 13, Failures: 0, Errors: 0, Skipped: 0, Time elapsed: 0.006 s - in com.artipie.docker.TagValidTest
[INFO] Running com.artipie.docker.RepoNameTest
[INFO] Tests run: 7, Failures: 0, Errors: 0, Skipped: 0, Time elapsed: 0.004 s - in com.artipie.docker.RepoNameTest
[INFO] 
[INFO] Results:
[INFO] 
[WARNING] Tests run: 415, Failures: 0, Errors: 0, Skipped: 1
[INFO] 
[INFO] ------------------------------------------------------------------------
[INFO] BUILD SUCCESS
[INFO] ------------------------------------------------------------------------
[INFO] Total time:  6.672 s
[INFO] Finished at: 2023-02-10T16:46:53Z
[INFO] ------------------------------------------------------------------------
