[INFO] Scanning for projects...
[INFO] Inspecting build with total of 1 modules...
[INFO] Installing Nexus Staging features:
[INFO]   ... total of 1 executions of maven-deploy-plugin replaced with nexus-staging-maven-plugin
[INFO] 
[INFO] ------------------------< dev.openfeature:sdk >-------------------------
[INFO] Building OpenFeature Java SDK 0.3.1
[INFO] --------------------------------[ jar ]---------------------------------
[INFO] 
[INFO] --- maven-clean-plugin:2.5:clean (default-clean) @ sdk ---
[INFO] Deleting /home/gabsko/breaking-updates/target
[INFO] 
[INFO] --- build-helper-maven-plugin:3.3.0:cpu-count (get-cpu-count) @ sdk ---
[INFO] CPU count: 36
[INFO] 
[INFO] --- maven-checkstyle-plugin:3.2.0:check (validate) @ sdk ---
[INFO] Starting audit...
Audit done.
[INFO] You have 0 Checkstyle violations.
[INFO] 
[INFO] --- jacoco-maven-plugin:0.8.8:prepare-agent (prepare-agent) @ sdk ---
[INFO] surefireArgLine set to -javaagent:/home/gabsko/.m2/repository/org/jacoco/org.jacoco.agent/0.8.8/org.jacoco.agent-0.8.8-runtime.jar=destfile=/home/gabsko/breaking-updates/target/coverage-reports/jacoco-ut.exec
[INFO] 
[INFO] --- maven-resources-plugin:2.6:resources (default-resources) @ sdk ---
[INFO] Using 'UTF-8' encoding to copy filtered resources.
[INFO] skip non existing resourceDirectory /home/gabsko/breaking-updates/src/main/resources
[INFO] 
[INFO] --- maven-compiler-plugin:3.10.1:compile (default-compile) @ sdk ---
[INFO] Changes detected - recompiling the module!
[INFO] Compiling 37 source files to /home/gabsko/breaking-updates/target/classes
[INFO] /home/gabsko/breaking-updates/src/main/java/dev/openfeature/sdk/Value.java: /home/gabsko/breaking-updates/src/main/java/dev/openfeature/sdk/Value.java uses unchecked or unsafe operations.
[INFO] /home/gabsko/breaking-updates/src/main/java/dev/openfeature/sdk/Value.java: Recompile with -Xlint:unchecked for details.
[INFO] 
[INFO] --- maven-resources-plugin:2.6:testResources (default-testResources) @ sdk ---
[INFO] Using 'UTF-8' encoding to copy filtered resources.
[INFO] Copying 2 resources
[INFO] 
[INFO] --- maven-compiler-plugin:3.10.1:testCompile (default-testCompile) @ sdk ---
[INFO] Changes detected - recompiling the module!
[INFO] Compiling 23 source files to /home/gabsko/breaking-updates/target/test-classes
[INFO] /home/gabsko/breaking-updates/src/test/java/dev/openfeature/sdk/HookSpecTest.java: /home/gabsko/breaking-updates/src/test/java/dev/openfeature/sdk/HookSpecTest.java uses unchecked or unsafe operations.
[INFO] /home/gabsko/breaking-updates/src/test/java/dev/openfeature/sdk/HookSpecTest.java: Recompile with -Xlint:unchecked for details.
[INFO] 
[INFO] --- maven-surefire-plugin:2.22.2:test (default-test) @ sdk ---
[INFO] 
[INFO] -------------------------------------------------------
[INFO]  T E S T S
[INFO] -------------------------------------------------------
[INFO] Running dev.openfeature.sdk.MetadataTest
[INFO] Running dev.openfeature.sdk.OpenFeatureClientTest
[INFO] Running dev.openfeature.sdk.ProviderSpecTest
[INFO] Running dev.openfeature.sdk.NoOpProviderTest
[INFO] Running dev.openfeature.sdk.DeveloperExperienceTest
[INFO] Running dev.openfeature.sdk.HookContextTest
[INFO] Running dev.openfeature.sdk.FlagEvaluationSpecTest
[INFO] Tests run: 1, Failures: 0, Errors: 0, Skipped: 0, Time elapsed: 0.165 s - in dev.openfeature.sdk.MetadataTest
[INFO] Running dev.openfeature.sdk.HookSpecTest
[INFO] Running dev.openfeature.sdk.internal.ObjectUtilsTest
[INFO] Running dev.openfeature.sdk.LockingTest
[INFO] Running dev.openfeature.sdk.ValueTest
[INFO] Running dev.openfeature.sdk.HookSupportTest
[INFO] Tests run: 5, Failures: 0, Errors: 0, Skipped: 0, Time elapsed: 0.246 s - in dev.openfeature.sdk.NoOpProviderTest
[INFO] Tests run: 7, Failures: 0, Errors: 0, Skipped: 0, Time elapsed: 0.303 s - in dev.openfeature.sdk.ProviderSpecTest
[INFO] Running dev.openfeature.sdk.EvalContextTest
[INFO] Running dev.openfeature.sdk.StructureTest
[INFO] Tests run: 12, Failures: 0, Errors: 0, Skipped: 0, Time elapsed: 0.221 s - in dev.openfeature.sdk.ValueTest
[INFO] Tests run: 3, Failures: 0, Errors: 0, Skipped: 0, Time elapsed: 0.132 s - in dev.openfeature.sdk.StructureTest
[INFO] Tests run: 9, Failures: 0, Errors: 0, Skipped: 0, Time elapsed: 0.19 s - in dev.openfeature.sdk.EvalContextTest
[INFO] Tests run: 6, Failures: 0, Errors: 0, Skipped: 0, Time elapsed: 0.831 s - in dev.openfeature.sdk.internal.ObjectUtilsTest
[INFO] Tests run: 1, Failures: 0, Errors: 0, Skipped: 0, Time elapsed: 1.735 s - in dev.openfeature.sdk.HookContextTest
[INFO] Tests run: 7, Failures: 0, Errors: 0, Skipped: 0, Time elapsed: 2.054 s - in dev.openfeature.sdk.DeveloperExperienceTest
[INFO] Tests run: 6, Failures: 0, Errors: 0, Skipped: 0, Time elapsed: 2.048 s - in dev.openfeature.sdk.LockingTest
[INFO] Tests run: 2, Failures: 0, Errors: 0, Skipped: 0, Time elapsed: 2.326 s - in dev.openfeature.sdk.OpenFeatureClientTest
[INFO] Tests run: 6, Failures: 0, Errors: 0, Skipped: 0, Time elapsed: 2.006 s - in dev.openfeature.sdk.HookSupportTest
[INFO] Tests run: 17, Failures: 0, Errors: 0, Skipped: 0, Time elapsed: 2.303 s - in dev.openfeature.sdk.FlagEvaluationSpecTest
[INFO] Tests run: 21, Failures: 0, Errors: 0, Skipped: 0, Time elapsed: 2.241 s - in dev.openfeature.sdk.HookSpecTest
[INFO] 
[INFO] Results:
[INFO] 
[INFO] Tests run: 103, Failures: 0, Errors: 0, Skipped: 0
[INFO] 
[INFO] ------------------------------------------------------------------------
[INFO] BUILD SUCCESS
[INFO] ------------------------------------------------------------------------
[INFO] Total time:  9.982 s
[INFO] Finished at: 2023-02-11T23:01:20Z
[INFO] ------------------------------------------------------------------------
