[INFO] Scanning for projects...
[WARNING] 
[WARNING] Some problems were encountered while building the effective model for com.google.cloud:google-cloud-bigtable-parent:pom:2.6.1-SNAPSHOT
[WARNING] The expression ${artifactId} is deprecated. Please use ${project.artifactId} instead.
[WARNING] 
[WARNING] It is highly recommended to fix these problems because they threaten the stability of your build.
[WARNING] 
[WARNING] For this reason, future Maven versions might no longer support building such malformed projects.
[WARNING] 
[INFO] Inspecting build with total of 10 modules...
[INFO] Installing Nexus Staging features:
[INFO]   ... total of 10 executions of maven-deploy-plugin replaced with nexus-staging-maven-plugin
[INFO] ------------------------------------------------------------------------
[INFO] Reactor Build Order:
[INFO] 
[INFO] Google Cloud Bigtable Parent                                       [pom]
[INFO] proto-google-cloud-bigtable-v2                                     [jar]
[INFO] grpc-google-cloud-bigtable-v2                                      [jar]
[INFO] proto-google-cloud-bigtable-admin-v2                               [jar]
[INFO] grpc-google-cloud-bigtable-admin-v2                                [jar]
[INFO] Google Cloud Java - Bigtable Emulator                              [jar]
[INFO] Google Cloud Bigtable                                              [jar]
[INFO] Google Cloud Bigtable BOM                                          [pom]
[INFO] google-cloud-bigtable-deps-bom                                     [pom]
[INFO] google-cloud-bigtable-stats                                        [jar]
[INFO] 
[INFO] -----------< com.google.cloud:google-cloud-bigtable-parent >------------
[INFO] Building Google Cloud Bigtable Parent 2.6.1-SNAPSHOT              [1/10]
[INFO] --------------------------------[ pom ]---------------------------------
[INFO] 
[INFO] --- maven-clean-plugin:2.5:clean (default-clean) @ google-cloud-bigtable-parent ---
[INFO] Deleting /home/gabsko/breaking-updates/target
[INFO] 
[INFO] --- maven-enforcer-plugin:3.0.0-M3:enforce (enforce) @ google-cloud-bigtable-parent ---
[INFO] Adding ignore: module-info
[INFO] Adding ignore: META-INF/versions/*/module-info
[INFO] 
[INFO] --- maven-checkstyle-plugin:3.1.2:check (checkstyle) @ google-cloud-bigtable-parent ---
[INFO] Starting audit...
Audit done.
[INFO] You have 0 Checkstyle violations.
[INFO] 
[INFO] --- jacoco-maven-plugin:0.8.7:prepare-agent (default) @ google-cloud-bigtable-parent ---
[INFO] argLine set to -javaagent:/home/gabsko/.m2/repository/org/jacoco/org.jacoco.agent/0.8.7/org.jacoco.agent-0.8.7-runtime.jar=destfile=/home/gabsko/breaking-updates/target/jacoco.exec
[INFO] 
[INFO] --- build-helper-maven-plugin:3.3.0:add-resource (add-main-proto-resources) @ google-cloud-bigtable-parent ---
[INFO] 
[INFO] --- build-helper-maven-plugin:3.3.0:add-test-resource (add-test-proto-resources) @ google-cloud-bigtable-parent ---
[INFO] 
[INFO] --- animal-sniffer-maven-plugin:1.20:check (java8) @ google-cloud-bigtable-parent ---
[INFO] Checking unresolved references to org.codehaus.mojo.signature:java18:1.0
[INFO] 
[INFO] --- jacoco-maven-plugin:0.8.7:report (report) @ google-cloud-bigtable-parent ---
[INFO] Skipping JaCoCo execution due to missing execution data file.
[INFO] 
[INFO] ---------< com.google.api.grpc:proto-google-cloud-bigtable-v2 >---------
[INFO] Building proto-google-cloud-bigtable-v2 2.6.1-SNAPSHOT            [2/10]
[INFO] --------------------------------[ jar ]---------------------------------
[INFO] 
[INFO] --- maven-clean-plugin:2.5:clean (default-clean) @ proto-google-cloud-bigtable-v2 ---
[INFO] Deleting /home/gabsko/breaking-updates/proto-google-cloud-bigtable-v2/target
[INFO] 
[INFO] --- flatten-maven-plugin:1.2.7:clean (flatten.clean) @ proto-google-cloud-bigtable-v2 ---
[INFO] Deleting /home/gabsko/breaking-updates/proto-google-cloud-bigtable-v2/.flattened-pom.xml
[INFO] 
[INFO] --- maven-enforcer-plugin:3.0.0-M3:enforce (enforce) @ proto-google-cloud-bigtable-v2 ---
[INFO] Adding ignore: module-info
[INFO] Adding ignore: META-INF/versions/*/module-info
[INFO] 
[INFO] --- maven-checkstyle-plugin:3.1.2:check (checkstyle) @ proto-google-cloud-bigtable-v2 ---
[INFO] Starting audit...
Audit done.
[INFO] You have 0 Checkstyle violations.
[INFO] 
[INFO] --- jacoco-maven-plugin:0.8.7:prepare-agent (default) @ proto-google-cloud-bigtable-v2 ---
[INFO] argLine set to -javaagent:/home/gabsko/.m2/repository/org/jacoco/org.jacoco.agent/0.8.7/org.jacoco.agent-0.8.7-runtime.jar=destfile=/home/gabsko/breaking-updates/proto-google-cloud-bigtable-v2/target/jacoco.exec
[INFO] 
[INFO] --- build-helper-maven-plugin:3.3.0:add-resource (add-main-proto-resources) @ proto-google-cloud-bigtable-v2 ---
[INFO] 
[INFO] --- maven-resources-plugin:2.6:resources (default-resources) @ proto-google-cloud-bigtable-v2 ---
[INFO] Using 'UTF-8' encoding to copy filtered resources.
[INFO] skip non existing resourceDirectory /home/gabsko/breaking-updates/proto-google-cloud-bigtable-v2/src/main/resources
[INFO] Copying 2 resources
[INFO] 
[INFO] --- flatten-maven-plugin:1.2.7:flatten (flatten) @ proto-google-cloud-bigtable-v2 ---
[INFO] Generating flattened POM of project com.google.api.grpc:proto-google-cloud-bigtable-v2:jar:2.6.1-SNAPSHOT...
[INFO] 
[INFO] --- maven-compiler-plugin:3.10.0:compile (default-compile) @ proto-google-cloud-bigtable-v2 ---
[INFO] Changes detected - recompiling the module!
[INFO] Compiling 56 source files to /home/gabsko/breaking-updates/proto-google-cloud-bigtable-v2/target/classes
[WARNING] bootstrap class path not set in conjunction with -source 8
[INFO] 
[INFO] --- build-helper-maven-plugin:3.3.0:add-test-resource (add-test-proto-resources) @ proto-google-cloud-bigtable-v2 ---
[INFO] 
[INFO] --- maven-resources-plugin:2.6:testResources (default-testResources) @ proto-google-cloud-bigtable-v2 ---
[INFO] Using 'UTF-8' encoding to copy filtered resources.
[INFO] skip non existing resourceDirectory /home/gabsko/breaking-updates/proto-google-cloud-bigtable-v2/src/test/resources
[INFO] skip non existing resourceDirectory /home/gabsko/breaking-updates/proto-google-cloud-bigtable-v2/src/test/proto
[INFO] 
[INFO] --- maven-compiler-plugin:3.10.0:testCompile (default-testCompile) @ proto-google-cloud-bigtable-v2 ---
[INFO] No sources to compile
[INFO] 
[INFO] --- animal-sniffer-maven-plugin:1.20:check (java8) @ proto-google-cloud-bigtable-v2 ---
[INFO] Checking unresolved references to org.codehaus.mojo.signature:java18:1.0
[INFO] 
[INFO] --- maven-surefire-plugin:3.0.0-M5:test (default-test) @ proto-google-cloud-bigtable-v2 ---
[INFO] No tests to run.
[INFO] 
[INFO] --- jacoco-maven-plugin:0.8.7:report (report) @ proto-google-cloud-bigtable-v2 ---
[INFO] Skipping JaCoCo execution due to missing execution data file.
[INFO] 
[INFO] ---------< com.google.api.grpc:grpc-google-cloud-bigtable-v2 >----------
[INFO] Building grpc-google-cloud-bigtable-v2 2.6.1-SNAPSHOT             [3/10]
[INFO] --------------------------------[ jar ]---------------------------------
[INFO] 
[INFO] --- maven-clean-plugin:2.5:clean (default-clean) @ grpc-google-cloud-bigtable-v2 ---
[INFO] Deleting /home/gabsko/breaking-updates/grpc-google-cloud-bigtable-v2/target
[INFO] 
[INFO] --- flatten-maven-plugin:1.2.7:clean (flatten.clean) @ grpc-google-cloud-bigtable-v2 ---
[INFO] Deleting /home/gabsko/breaking-updates/grpc-google-cloud-bigtable-v2/.flattened-pom.xml
[INFO] 
[INFO] --- maven-enforcer-plugin:3.0.0-M3:enforce (enforce) @ grpc-google-cloud-bigtable-v2 ---
[INFO] Adding ignore: module-info
[INFO] Adding ignore: META-INF/versions/*/module-info
[INFO] 
[INFO] --- maven-checkstyle-plugin:3.1.2:check (checkstyle) @ grpc-google-cloud-bigtable-v2 ---
[INFO] Starting audit...
Audit done.
[INFO] You have 0 Checkstyle violations.
[INFO] 
[INFO] --- jacoco-maven-plugin:0.8.7:prepare-agent (default) @ grpc-google-cloud-bigtable-v2 ---
[INFO] argLine set to -javaagent:/home/gabsko/.m2/repository/org/jacoco/org.jacoco.agent/0.8.7/org.jacoco.agent-0.8.7-runtime.jar=destfile=/home/gabsko/breaking-updates/grpc-google-cloud-bigtable-v2/target/jacoco.exec
[INFO] 
[INFO] --- build-helper-maven-plugin:3.3.0:add-resource (add-main-proto-resources) @ grpc-google-cloud-bigtable-v2 ---
[INFO] 
[INFO] --- maven-resources-plugin:2.6:resources (default-resources) @ grpc-google-cloud-bigtable-v2 ---
[INFO] Using 'UTF-8' encoding to copy filtered resources.
[INFO] skip non existing resourceDirectory /home/gabsko/breaking-updates/grpc-google-cloud-bigtable-v2/src/main/resources
[INFO] skip non existing resourceDirectory /home/gabsko/breaking-updates/grpc-google-cloud-bigtable-v2/src/main/proto
[INFO] 
[INFO] --- flatten-maven-plugin:1.2.7:flatten (flatten) @ grpc-google-cloud-bigtable-v2 ---
[INFO] Generating flattened POM of project com.google.api.grpc:grpc-google-cloud-bigtable-v2:jar:2.6.1-SNAPSHOT...
[INFO] 
[INFO] --- maven-compiler-plugin:3.10.0:compile (default-compile) @ grpc-google-cloud-bigtable-v2 ---
[INFO] Changes detected - recompiling the module!
[INFO] Compiling 1 source file to /home/gabsko/breaking-updates/grpc-google-cloud-bigtable-v2/target/classes
[WARNING] bootstrap class path not set in conjunction with -source 8
[INFO] 
[INFO] --- build-helper-maven-plugin:3.3.0:add-test-resource (add-test-proto-resources) @ grpc-google-cloud-bigtable-v2 ---
[INFO] 
[INFO] --- maven-resources-plugin:2.6:testResources (default-testResources) @ grpc-google-cloud-bigtable-v2 ---
[INFO] Using 'UTF-8' encoding to copy filtered resources.
[INFO] skip non existing resourceDirectory /home/gabsko/breaking-updates/grpc-google-cloud-bigtable-v2/src/test/resources
[INFO] skip non existing resourceDirectory /home/gabsko/breaking-updates/grpc-google-cloud-bigtable-v2/src/test/proto
[INFO] 
[INFO] --- maven-compiler-plugin:3.10.0:testCompile (default-testCompile) @ grpc-google-cloud-bigtable-v2 ---
[INFO] No sources to compile
[INFO] 
[INFO] --- animal-sniffer-maven-plugin:1.20:check (java8) @ grpc-google-cloud-bigtable-v2 ---
[INFO] Checking unresolved references to org.codehaus.mojo.signature:java18:1.0
[INFO] 
[INFO] --- maven-surefire-plugin:3.0.0-M5:test (default-test) @ grpc-google-cloud-bigtable-v2 ---
[INFO] No tests to run.
[INFO] 
[INFO] --- jacoco-maven-plugin:0.8.7:report (report) @ grpc-google-cloud-bigtable-v2 ---
[INFO] Skipping JaCoCo execution due to missing execution data file.
[INFO] 
[INFO] ------< com.google.api.grpc:proto-google-cloud-bigtable-admin-v2 >------
[INFO] Building proto-google-cloud-bigtable-admin-v2 2.6.1-SNAPSHOT      [4/10]
[INFO] --------------------------------[ jar ]---------------------------------
[INFO] 
[INFO] --- maven-clean-plugin:2.5:clean (default-clean) @ proto-google-cloud-bigtable-admin-v2 ---
[INFO] Deleting /home/gabsko/breaking-updates/proto-google-cloud-bigtable-admin-v2/target
[INFO] 
[INFO] --- flatten-maven-plugin:1.2.7:clean (flatten.clean) @ proto-google-cloud-bigtable-admin-v2 ---
[INFO] Deleting /home/gabsko/breaking-updates/proto-google-cloud-bigtable-admin-v2/.flattened-pom.xml
[INFO] 
[INFO] --- maven-enforcer-plugin:3.0.0-M3:enforce (enforce) @ proto-google-cloud-bigtable-admin-v2 ---
[INFO] Adding ignore: module-info
[INFO] Adding ignore: META-INF/versions/*/module-info
[INFO] 
[INFO] --- maven-checkstyle-plugin:3.1.2:check (checkstyle) @ proto-google-cloud-bigtable-admin-v2 ---
[INFO] Starting audit...
Audit done.
[INFO] You have 0 Checkstyle violations.
[INFO] 
[INFO] --- jacoco-maven-plugin:0.8.7:prepare-agent (default) @ proto-google-cloud-bigtable-admin-v2 ---
[INFO] argLine set to -javaagent:/home/gabsko/.m2/repository/org/jacoco/org.jacoco.agent/0.8.7/org.jacoco.agent-0.8.7-runtime.jar=destfile=/home/gabsko/breaking-updates/proto-google-cloud-bigtable-admin-v2/target/jacoco.exec
[INFO] 
[INFO] --- build-helper-maven-plugin:3.3.0:add-resource (add-main-proto-resources) @ proto-google-cloud-bigtable-admin-v2 ---
[INFO] 
[INFO] --- maven-resources-plugin:2.6:resources (default-resources) @ proto-google-cloud-bigtable-admin-v2 ---
[INFO] Using 'UTF-8' encoding to copy filtered resources.
[INFO] skip non existing resourceDirectory /home/gabsko/breaking-updates/proto-google-cloud-bigtable-admin-v2/src/main/resources
[INFO] Copying 5 resources
[INFO] 
[INFO] --- flatten-maven-plugin:1.2.7:flatten (flatten) @ proto-google-cloud-bigtable-admin-v2 ---
[INFO] Generating flattened POM of project com.google.api.grpc:proto-google-cloud-bigtable-admin-v2:jar:2.6.1-SNAPSHOT...
[INFO] 
[INFO] --- maven-compiler-plugin:3.10.0:compile (default-compile) @ proto-google-cloud-bigtable-admin-v2 ---
[INFO] Changes detected - recompiling the module!
[INFO] Compiling 149 source files to /home/gabsko/breaking-updates/proto-google-cloud-bigtable-admin-v2/target/classes
[WARNING] bootstrap class path not set in conjunction with -source 8
[INFO] 
[INFO] --- build-helper-maven-plugin:3.3.0:add-test-resource (add-test-proto-resources) @ proto-google-cloud-bigtable-admin-v2 ---
[INFO] 
[INFO] --- maven-resources-plugin:2.6:testResources (default-testResources) @ proto-google-cloud-bigtable-admin-v2 ---
[INFO] Using 'UTF-8' encoding to copy filtered resources.
[INFO] skip non existing resourceDirectory /home/gabsko/breaking-updates/proto-google-cloud-bigtable-admin-v2/src/test/resources
[INFO] skip non existing resourceDirectory /home/gabsko/breaking-updates/proto-google-cloud-bigtable-admin-v2/src/test/proto
[INFO] 
[INFO] --- maven-compiler-plugin:3.10.0:testCompile (default-testCompile) @ proto-google-cloud-bigtable-admin-v2 ---
[INFO] No sources to compile
[INFO] 
[INFO] --- animal-sniffer-maven-plugin:1.20:check (java8) @ proto-google-cloud-bigtable-admin-v2 ---
[INFO] Checking unresolved references to org.codehaus.mojo.signature:java18:1.0
[INFO] 
[INFO] --- maven-surefire-plugin:3.0.0-M5:test (default-test) @ proto-google-cloud-bigtable-admin-v2 ---
[INFO] No tests to run.
[INFO] 
[INFO] --- jacoco-maven-plugin:0.8.7:report (report) @ proto-google-cloud-bigtable-admin-v2 ---
[INFO] Skipping JaCoCo execution due to missing execution data file.
[INFO] 
[INFO] ------< com.google.api.grpc:grpc-google-cloud-bigtable-admin-v2 >-------
[INFO] Building grpc-google-cloud-bigtable-admin-v2 2.6.1-SNAPSHOT       [5/10]
[INFO] --------------------------------[ jar ]---------------------------------
[INFO] 
[INFO] --- maven-clean-plugin:2.5:clean (default-clean) @ grpc-google-cloud-bigtable-admin-v2 ---
[INFO] Deleting /home/gabsko/breaking-updates/grpc-google-cloud-bigtable-admin-v2/target
[INFO] 
[INFO] --- flatten-maven-plugin:1.2.7:clean (flatten.clean) @ grpc-google-cloud-bigtable-admin-v2 ---
[INFO] Deleting /home/gabsko/breaking-updates/grpc-google-cloud-bigtable-admin-v2/.flattened-pom.xml
[INFO] 
[INFO] --- maven-enforcer-plugin:3.0.0-M3:enforce (enforce) @ grpc-google-cloud-bigtable-admin-v2 ---
[INFO] Adding ignore: module-info
[INFO] Adding ignore: META-INF/versions/*/module-info
[INFO] 
[INFO] --- maven-checkstyle-plugin:3.1.2:check (checkstyle) @ grpc-google-cloud-bigtable-admin-v2 ---
[INFO] Starting audit...
Audit done.
[INFO] You have 0 Checkstyle violations.
[INFO] 
[INFO] --- jacoco-maven-plugin:0.8.7:prepare-agent (default) @ grpc-google-cloud-bigtable-admin-v2 ---
[INFO] argLine set to -javaagent:/home/gabsko/.m2/repository/org/jacoco/org.jacoco.agent/0.8.7/org.jacoco.agent-0.8.7-runtime.jar=destfile=/home/gabsko/breaking-updates/grpc-google-cloud-bigtable-admin-v2/target/jacoco.exec
[INFO] 
[INFO] --- build-helper-maven-plugin:3.3.0:add-resource (add-main-proto-resources) @ grpc-google-cloud-bigtable-admin-v2 ---
[INFO] 
[INFO] --- maven-resources-plugin:2.6:resources (default-resources) @ grpc-google-cloud-bigtable-admin-v2 ---
[INFO] Using 'UTF-8' encoding to copy filtered resources.
[INFO] skip non existing resourceDirectory /home/gabsko/breaking-updates/grpc-google-cloud-bigtable-admin-v2/src/main/resources
[INFO] skip non existing resourceDirectory /home/gabsko/breaking-updates/grpc-google-cloud-bigtable-admin-v2/src/main/proto
[INFO] 
[INFO] --- flatten-maven-plugin:1.2.7:flatten (flatten) @ grpc-google-cloud-bigtable-admin-v2 ---
[INFO] Generating flattened POM of project com.google.api.grpc:grpc-google-cloud-bigtable-admin-v2:jar:2.6.1-SNAPSHOT...
[INFO] 
[INFO] --- maven-compiler-plugin:3.10.0:compile (default-compile) @ grpc-google-cloud-bigtable-admin-v2 ---
[INFO] Changes detected - recompiling the module!
[INFO] Compiling 2 source files to /home/gabsko/breaking-updates/grpc-google-cloud-bigtable-admin-v2/target/classes
[WARNING] bootstrap class path not set in conjunction with -source 8
[INFO] 
[INFO] --- build-helper-maven-plugin:3.3.0:add-test-resource (add-test-proto-resources) @ grpc-google-cloud-bigtable-admin-v2 ---
[INFO] 
[INFO] --- maven-resources-plugin:2.6:testResources (default-testResources) @ grpc-google-cloud-bigtable-admin-v2 ---
[INFO] Using 'UTF-8' encoding to copy filtered resources.
[INFO] skip non existing resourceDirectory /home/gabsko/breaking-updates/grpc-google-cloud-bigtable-admin-v2/src/test/resources
[INFO] skip non existing resourceDirectory /home/gabsko/breaking-updates/grpc-google-cloud-bigtable-admin-v2/src/test/proto
[INFO] 
[INFO] --- maven-compiler-plugin:3.10.0:testCompile (default-testCompile) @ grpc-google-cloud-bigtable-admin-v2 ---
[INFO] No sources to compile
[INFO] 
[INFO] --- animal-sniffer-maven-plugin:1.20:check (java8) @ grpc-google-cloud-bigtable-admin-v2 ---
[INFO] Checking unresolved references to org.codehaus.mojo.signature:java18:1.0
[INFO] 
[INFO] --- maven-surefire-plugin:3.0.0-M5:test (default-test) @ grpc-google-cloud-bigtable-admin-v2 ---
[INFO] No tests to run.
[INFO] 
[INFO] --- jacoco-maven-plugin:0.8.7:report (report) @ grpc-google-cloud-bigtable-admin-v2 ---
[INFO] Skipping JaCoCo execution due to missing execution data file.
[INFO] 
[INFO] ----------< com.google.cloud:google-cloud-bigtable-emulator >-----------
[INFO] Building Google Cloud Java - Bigtable Emulator 0.143.1-SNAPSHOT   [6/10]
[INFO] --------------------------------[ jar ]---------------------------------
[INFO] 
[INFO] --- maven-clean-plugin:2.5:clean (default-clean) @ google-cloud-bigtable-emulator ---
[INFO] Deleting /home/gabsko/breaking-updates/google-cloud-bigtable-emulator/target
[INFO] 
[INFO] --- maven-enforcer-plugin:3.0.0-M3:enforce (enforce) @ google-cloud-bigtable-emulator ---
[INFO] Adding ignore: module-info
[INFO] Adding ignore: META-INF/versions/*/module-info
[INFO] 
[INFO] --- maven-checkstyle-plugin:3.1.2:check (checkstyle) @ google-cloud-bigtable-emulator ---
[INFO] Starting audit...
Audit done.
[INFO] You have 0 Checkstyle violations.
[INFO] 
[INFO] --- jacoco-maven-plugin:0.8.7:prepare-agent (default) @ google-cloud-bigtable-emulator ---
[INFO] argLine set to -javaagent:/home/gabsko/.m2/repository/org/jacoco/org.jacoco.agent/0.8.7/org.jacoco.agent-0.8.7-runtime.jar=destfile=/home/gabsko/breaking-updates/google-cloud-bigtable-emulator/target/jacoco.exec
[INFO] 
[INFO] --- build-helper-maven-plugin:3.3.0:add-resource (add-main-proto-resources) @ google-cloud-bigtable-emulator ---
[INFO] 
[INFO] --- google-cloud-gcloud-maven-plugin:0.1.4:download (gen-sources) @ google-cloud-bigtable-emulator ---
[INFO] Downloading bigtable-darwin-arm
[INFO] Downloading bigtable-linux-arm
[INFO] Downloading bigtable-darwin-x86_64
[INFO] Downloading bigtable-linux-x86
[INFO] Downloading bigtable-windows-x86
[INFO] Downloading bigtable-linux-x86_64
[INFO] Downloading bigtable-windows-x86_64
[INFO] Finished downloading all components
[INFO] 
[INFO] --- maven-resources-plugin:2.6:resources (default-resources) @ google-cloud-bigtable-emulator ---
[INFO] Using 'UTF-8' encoding to copy filtered resources.
[INFO] skip non existing resourceDirectory /home/gabsko/breaking-updates/google-cloud-bigtable-emulator/src/main/resources
[INFO] skip non existing resourceDirectory /home/gabsko/breaking-updates/google-cloud-bigtable-emulator/src/main/proto
[INFO] 
[INFO] --- maven-compiler-plugin:3.10.0:compile (default-compile) @ google-cloud-bigtable-emulator ---
[INFO] Changes detected - recompiling the module!
[INFO] Compiling 2 source files to /home/gabsko/breaking-updates/google-cloud-bigtable-emulator/target/classes
[WARNING] bootstrap class path not set in conjunction with -source 8
[INFO] 
[INFO] --- build-helper-maven-plugin:3.3.0:add-test-resource (add-test-proto-resources) @ google-cloud-bigtable-emulator ---
[INFO] 
[INFO] --- maven-resources-plugin:2.6:testResources (default-testResources) @ google-cloud-bigtable-emulator ---
[INFO] Using 'UTF-8' encoding to copy filtered resources.
[INFO] skip non existing resourceDirectory /home/gabsko/breaking-updates/google-cloud-bigtable-emulator/src/test/resources
[INFO] skip non existing resourceDirectory /home/gabsko/breaking-updates/google-cloud-bigtable-emulator/src/test/proto
[INFO] 
[INFO] --- maven-compiler-plugin:3.10.0:testCompile (default-testCompile) @ google-cloud-bigtable-emulator ---
[INFO] Changes detected - recompiling the module!
[INFO] Compiling 2 source files to /home/gabsko/breaking-updates/google-cloud-bigtable-emulator/target/test-classes
[WARNING] bootstrap class path not set in conjunction with -source 8
[INFO] 
[INFO] --- animal-sniffer-maven-plugin:1.20:check (java8) @ google-cloud-bigtable-emulator ---
[INFO] Checking unresolved references to org.codehaus.mojo.signature:java18:1.0
[INFO] 
[INFO] --- maven-surefire-plugin:3.0.0-M5:test (default-test) @ google-cloud-bigtable-emulator ---
[INFO] 
[INFO] -------------------------------------------------------
[INFO]  T E S T S
[INFO] -------------------------------------------------------
[INFO] Running com.google.cloud.bigtable.emulator.v2.BigtableEmulatorRuleTest
Feb 11, 2023 2:10:28 PM com.google.cloud.bigtable.emulator.v2.Emulator$2 run
INFO: Cloud Bigtable emulator running on 127.0.0.1:35709
Feb 11, 2023 2:10:30 PM com.google.cloud.bigtable.emulator.v2.Emulator$2 run
INFO: Cloud Bigtable emulator running on 127.0.0.1:39789
[INFO] Tests run: 2, Failures: 0, Errors: 0, Skipped: 0, Time elapsed: 1.565 s - in com.google.cloud.bigtable.emulator.v2.BigtableEmulatorRuleTest
[INFO] Running com.google.cloud.bigtable.emulator.v2.EmulatorTest
Feb 11, 2023 2:10:30 PM com.google.cloud.bigtable.emulator.v2.Emulator$2 run
INFO: Cloud Bigtable emulator running on 127.0.0.1:33487
Feb 11, 2023 2:10:30 PM com.google.cloud.bigtable.emulator.v2.Emulator$2 run
INFO: Cloud Bigtable emulator running on 127.0.0.1:34829
[INFO] Tests run: 2, Failures: 0, Errors: 0, Skipped: 0, Time elapsed: 0.617 s - in com.google.cloud.bigtable.emulator.v2.EmulatorTest
[INFO] 
[INFO] Results:
[INFO] 
[INFO] Tests run: 4, Failures: 0, Errors: 0, Skipped: 0
[INFO] 
[INFO] 
[INFO] --- jacoco-maven-plugin:0.8.7:report (report) @ google-cloud-bigtable-emulator ---
[INFO] Loading execution data file /home/gabsko/breaking-updates/google-cloud-bigtable-emulator/target/jacoco.exec
[INFO] Analyzed bundle 'Google Cloud Java - Bigtable Emulator' with 4 classes
[INFO] 
[INFO] ---------------< com.google.cloud:google-cloud-bigtable >---------------
[INFO] Building Google Cloud Bigtable 2.6.1-SNAPSHOT                     [7/10]
[INFO] --------------------------------[ jar ]---------------------------------
[INFO] 
[INFO] --- maven-clean-plugin:2.5:clean (default-clean) @ google-cloud-bigtable ---
[INFO] Deleting /home/gabsko/breaking-updates/google-cloud-bigtable/target
[INFO] 
[INFO] --- flatten-maven-plugin:1.2.7:clean (flatten.clean) @ google-cloud-bigtable ---
[INFO] Deleting /home/gabsko/breaking-updates/google-cloud-bigtable/.flattened-pom.xml
[INFO] 
[INFO] --- maven-enforcer-plugin:3.0.0:enforce (enforce) @ google-cloud-bigtable ---
[INFO] Adding ignore: module-info
[INFO] Adding ignore: META-INF/versions/*/module-info
[INFO] 
[INFO] --- maven-enforcer-plugin:3.0.0:enforce (enforce-valid-profile) @ google-cloud-bigtable ---
[INFO] 
[INFO] --- maven-enforcer-plugin:3.0.0:enforce (enforce-dependency-upper-bound) @ google-cloud-bigtable ---
[INFO] 
[INFO] --- maven-checkstyle-plugin:3.1.2:check (checkstyle) @ google-cloud-bigtable ---
[INFO] Starting audit...
Audit done.
[INFO] You have 0 Checkstyle violations.
[INFO] 
[INFO] --- jacoco-maven-plugin:0.8.7:prepare-agent (default) @ google-cloud-bigtable ---
[INFO] argLine set to -javaagent:/home/gabsko/.m2/repository/org/jacoco/org.jacoco.agent/0.8.7/org.jacoco.agent-0.8.7-runtime.jar=destfile=/home/gabsko/breaking-updates/google-cloud-bigtable/target/jacoco.exec
[INFO] 
[INFO] --- build-helper-maven-plugin:3.3.0:add-source (add-source) @ google-cloud-bigtable ---
[INFO] Source directory: /home/gabsko/breaking-updates/google-cloud-bigtable/target/generated-sources/java added.
[INFO] 
[INFO] --- build-helper-maven-plugin:3.3.0:add-resource (add-main-proto-resources) @ google-cloud-bigtable ---
[INFO] 
[INFO] --- maven-resources-plugin:2.6:resources (default-resources) @ google-cloud-bigtable ---
[INFO] Using 'UTF-8' encoding to copy filtered resources.
[INFO] skip non existing resourceDirectory /home/gabsko/breaking-updates/google-cloud-bigtable/src/main/resources
[INFO] skip non existing resourceDirectory /home/gabsko/breaking-updates/google-cloud-bigtable/src/main/proto
[INFO] 
[INFO] --- flatten-maven-plugin:1.2.7:flatten (flatten) @ google-cloud-bigtable ---
[INFO] Generating flattened POM of project com.google.cloud:google-cloud-bigtable:jar:2.6.1-SNAPSHOT...
[INFO] 
[INFO] --- maven-compiler-plugin:3.10.0:compile (default-compile) @ google-cloud-bigtable ---
[INFO] Changes detected - recompiling the module!
[INFO] Compiling 128 source files to /home/gabsko/breaking-updates/google-cloud-bigtable/target/classes
[WARNING] bootstrap class path not set in conjunction with -source 8
[WARNING] /home/gabsko/breaking-updates/google-cloud-bigtable/src/main/java/com/google/cloud/bigtable/data/v2/stub/EnhancedBigtableStubSettings.java:[122,11] setJittered(boolean) in com.google.api.gax.retrying.RetrySettings.Builder has been deprecated
[WARNING] /home/gabsko/breaking-updates/google-cloud-bigtable/src/main/java/com/google/cloud/bigtable/admin/v2/models/CreateInstanceRequest.java:[143,13] setServeNodes(int) in com.google.cloud.bigtable.admin.v2.models.CreateClusterRequest has been deprecated
[WARNING] /home/gabsko/breaking-updates/google-cloud-bigtable/src/main/java/com/google/cloud/bigtable/admin/v2/models/CreateInstanceRequest.java:[199,13] setServeNodes(int) in com.google.cloud.bigtable.admin.v2.models.CreateClusterRequest has been deprecated
[WARNING] /home/gabsko/breaking-updates/google-cloud-bigtable/src/main/java/com/google/cloud/bigtable/admin/v2/stub/EnhancedBigtableTableAdminStub.java:[87,13] setJittered(boolean) in com.google.api.gax.retrying.RetrySettings.Builder has been deprecated
[WARNING] /home/gabsko/breaking-updates/google-cloud-bigtable/src/main/java/com/google/cloud/bigtable/data/v2/BigtableDataClientFactory.java:[201,9] setExecutorProvider(com.google.api.gax.core.ExecutorProvider) in com.google.api.gax.rpc.StubSettings.Builder has been deprecated
[WARNING] /home/gabsko/breaking-updates/google-cloud-bigtable/src/main/java/com/google/cloud/bigtable/data/v2/stub/BigtableChannelPrimer.java:[75,13] setExecutorProvider(com.google.api.gax.core.ExecutorProvider) in com.google.api.gax.rpc.StubSettings.Builder has been deprecated
[WARNING] /home/gabsko/breaking-updates/google-cloud-bigtable/src/main/java/com/google/cloud/bigtable/data/v2/stub/BigtableChannelPrimer.java:[87,17] setJittered(boolean) in com.google.api.gax.retrying.RetrySettings.Builder has been deprecated
[WARNING] /home/gabsko/breaking-updates/google-cloud-bigtable/src/main/java/com/google/cloud/bigtable/data/v2/stub/metrics/CompositeTracer.java:[97,12] attemptStarted(int) in com.google.api.gax.tracing.ApiTracer has been deprecated
[WARNING] /home/gabsko/breaking-updates/google-cloud-bigtable/src/main/java/com/google/cloud/bigtable/data/v2/stub/mutaterows/MutateRowsAttemptCallable.java:[172,11] attemptStarted(int) in com.google.api.gax.tracing.ApiTracer has been deprecated
[INFO] /home/gabsko/breaking-updates/google-cloud-bigtable/src/main/java/com/google/cloud/bigtable/admin/v2/BaseBigtableTableAdminSettings.java: Some input files use unchecked or unsafe operations.
[INFO] /home/gabsko/breaking-updates/google-cloud-bigtable/src/main/java/com/google/cloud/bigtable/admin/v2/BaseBigtableTableAdminSettings.java: Recompile with -Xlint:unchecked for details.
[INFO] 
[INFO] --- build-helper-maven-plugin:3.3.0:add-test-resource (add-test-proto-resources) @ google-cloud-bigtable ---
[INFO] 
[INFO] --- maven-resources-plugin:2.6:testResources (default-testResources) @ google-cloud-bigtable ---
[INFO] Using 'UTF-8' encoding to copy filtered resources.
[INFO] skip non existing resourceDirectory /home/gabsko/breaking-updates/google-cloud-bigtable/src/test/resources
[INFO] skip non existing resourceDirectory /home/gabsko/breaking-updates/google-cloud-bigtable/src/test/proto
[INFO] 
[INFO] --- maven-compiler-plugin:3.10.0:testCompile (default-testCompile) @ google-cloud-bigtable ---
[INFO] Changes detected - recompiling the module!
[INFO] Compiling 111 source files to /home/gabsko/breaking-updates/google-cloud-bigtable/target/test-classes
[WARNING] bootstrap class path not set in conjunction with -source 8
[WARNING] /home/gabsko/breaking-updates/google-cloud-bigtable/src/test/java/com/google/cloud/bigtable/data/v2/BigtableDataClientFactoryTest.java:[146,9] setExecutorProvider(com.google.api.gax.core.ExecutorProvider) in com.google.api.gax.rpc.StubSettings.Builder has been deprecated
[WARNING] /home/gabsko/breaking-updates/google-cloud-bigtable/src/test/java/com/google/cloud/bigtable/data/v2/BigtableDataClientFactoryTest.java:[247,9] setExecutorProvider(com.google.api.gax.core.ExecutorProvider) in com.google.api.gax.rpc.StubSettings.Builder has been deprecated
[WARNING] /home/gabsko/breaking-updates/google-cloud-bigtable/src/test/java/com/google/cloud/bigtable/admin/v2/it/BigtableInstanceAdminClientIT.java:[260,13] setServeNodes(int) in com.google.cloud.bigtable.admin.v2.models.CreateClusterRequest has been deprecated
[WARNING] /home/gabsko/breaking-updates/google-cloud-bigtable/src/test/java/com/google/cloud/bigtable/data/v2/stub/EnhancedBigtableStubSettingsTest.java:[196,13] setJittered(boolean) in com.google.api.gax.retrying.RetrySettings.Builder has been deprecated
[WARNING] /home/gabsko/breaking-updates/google-cloud-bigtable/src/test/java/com/google/cloud/bigtable/data/v2/stub/EnhancedBigtableStubSettingsTest.java:[254,13] setJittered(boolean) in com.google.api.gax.retrying.RetrySettings.Builder has been deprecated
[WARNING] /home/gabsko/breaking-updates/google-cloud-bigtable/src/test/java/com/google/cloud/bigtable/data/v2/stub/EnhancedBigtableStubSettingsTest.java:[340,13] setJittered(boolean) in com.google.api.gax.retrying.RetrySettings.Builder has been deprecated
[WARNING] /home/gabsko/breaking-updates/google-cloud-bigtable/src/test/java/com/google/cloud/bigtable/data/v2/stub/EnhancedBigtableStubSettingsTest.java:[387,13] setJittered(boolean) in com.google.api.gax.retrying.RetrySettings.Builder has been deprecated
[WARNING] /home/gabsko/breaking-updates/google-cloud-bigtable/src/test/java/com/google/cloud/bigtable/data/v2/stub/EnhancedBigtableStubSettingsTest.java:[436,13] setJittered(boolean) in com.google.api.gax.retrying.RetrySettings.Builder has been deprecated
[WARNING] /home/gabsko/breaking-updates/google-cloud-bigtable/src/test/java/com/google/cloud/bigtable/data/v2/stub/EnhancedBigtableStubSettingsTest.java:[547,13] setJittered(boolean) in com.google.api.gax.retrying.RetrySettings.Builder has been deprecated
[WARNING] /home/gabsko/breaking-updates/google-cloud-bigtable/src/test/java/com/google/cloud/bigtable/data/v2/stub/metrics/CompositeTracerTest.java:[122,29] attemptStarted(int) in com.google.api.gax.tracing.ApiTracer has been deprecated
[WARNING] /home/gabsko/breaking-updates/google-cloud-bigtable/src/test/java/com/google/cloud/bigtable/data/v2/stub/metrics/CompositeTracerTest.java:[123,29] attemptStarted(int) in com.google.api.gax.tracing.ApiTracer has been deprecated
[WARNING] /home/gabsko/breaking-updates/google-cloud-bigtable/src/test/java/com/google/cloud/bigtable/admin/v2/it/BigtableCmekIT.java:[149,13] setServeNodes(int) in com.google.cloud.bigtable.admin.v2.models.CreateClusterRequest has been deprecated
[WARNING] /home/gabsko/breaking-updates/google-cloud-bigtable/src/test/java/com/google/cloud/bigtable/admin/v2/it/BigtableCmekIT.java:[161,15] setServeNodes(int) in com.google.cloud.bigtable.admin.v2.models.CreateClusterRequest has been deprecated
[WARNING] /home/gabsko/breaking-updates/google-cloud-bigtable/src/test/java/com/google/cloud/bigtable/admin/v2/BigtableInstanceAdminClientTest.java:[539,17] setServeNodes(int) in com.google.cloud.bigtable.admin.v2.models.CreateClusterRequest has been deprecated
[WARNING] /home/gabsko/breaking-updates/google-cloud-bigtable/src/test/java/com/google/cloud/bigtable/data/v2/models/QueryTest.java:[55,60] none() in org.junit.rules.ExpectedException has been deprecated
[WARNING] /home/gabsko/breaking-updates/google-cloud-bigtable/src/test/java/com/google/cloud/bigtable/admin/v2/internal/NameUtilTest.java:[28,63] none() in org.junit.rules.ExpectedException has been deprecated
[INFO] /home/gabsko/breaking-updates/google-cloud-bigtable/src/test/java/com/google/cloud/bigtable/data/v2/stub/metrics/MetricsTracerTest.java: Some input files use unchecked or unsafe operations.
[INFO] /home/gabsko/breaking-updates/google-cloud-bigtable/src/test/java/com/google/cloud/bigtable/data/v2/stub/metrics/MetricsTracerTest.java: Recompile with -Xlint:unchecked for details.
[INFO] 
[INFO] --- animal-sniffer-maven-plugin:1.20:check (java8) @ google-cloud-bigtable ---
[INFO] Checking unresolved references to org.codehaus.mojo.signature:java18:1.0
[INFO] 
[INFO] --- maven-surefire-plugin:3.0.0-M5:test (default-test) @ google-cloud-bigtable ---
[INFO] 
[INFO] -------------------------------------------------------
[INFO]  T E S T S
[INFO] -------------------------------------------------------
[INFO] Running com.google.cloud.bigtable.data.v2.stub.readrows.StateMachineTest
[INFO] Tests run: 1, Failures: 0, Errors: 0, Skipped: 0, Time elapsed: 0.012 s - in com.google.cloud.bigtable.data.v2.stub.readrows.StateMachineTest
[INFO] Running com.google.cloud.bigtable.data.v2.BigtableDataClientFactoryTest
Feb 11, 2023 2:10:38 PM com.google.cloud.bigtable.data.v2.BigtableDataSettings newBuilderForEmulator
INFO: Connecting to the Bigtable emulator at localhost:39759
Feb 11, 2023 2:10:39 PM com.google.cloud.bigtable.data.v2.BigtableDataSettings newBuilderForEmulator
INFO: Connecting to the Bigtable emulator at localhost:42815
Feb 11, 2023 2:10:39 PM com.google.cloud.bigtable.data.v2.BigtableDataSettings newBuilderForEmulator
INFO: Connecting to the Bigtable emulator at localhost:40733
Feb 11, 2023 2:10:39 PM com.google.cloud.bigtable.data.v2.BigtableDataSettings newBuilderForEmulator
INFO: Connecting to the Bigtable emulator at localhost:42935
Feb 11, 2023 2:10:39 PM com.google.cloud.bigtable.data.v2.BigtableDataSettings newBuilderForEmulator
INFO: Connecting to the Bigtable emulator at localhost:40989
Feb 11, 2023 2:10:39 PM com.google.cloud.bigtable.data.v2.BigtableDataSettings newBuilderForEmulator
INFO: Connecting to the Bigtable emulator at localhost:44385
Feb 11, 2023 2:10:39 PM com.google.cloud.bigtable.data.v2.BigtableDataSettings newBuilderForEmulator
INFO: Connecting to the Bigtable emulator at localhost:41485
Feb 11, 2023 2:10:39 PM com.google.cloud.bigtable.data.v2.BigtableDataSettings newBuilderForEmulator
INFO: Connecting to the Bigtable emulator at localhost:41485
[INFO] Tests run: 7, Failures: 0, Errors: 0, Skipped: 0, Time elapsed: 3.279 s - in com.google.cloud.bigtable.data.v2.BigtableDataClientFactoryTest
[INFO] Running com.google.cloud.bigtable.data.v2.internal.ByteStringComparatorTest
[INFO] Tests run: 4, Failures: 0, Errors: 0, Skipped: 0, Time elapsed: 0.003 s - in com.google.cloud.bigtable.data.v2.internal.ByteStringComparatorTest
[INFO] Running com.google.cloud.bigtable.common.StatusTest
[INFO] Tests run: 4, Failures: 0, Errors: 0, Skipped: 0, Time elapsed: 0.084 s - in com.google.cloud.bigtable.common.StatusTest
[INFO] Running com.google.cloud.bigtable.data.v2.stub.metrics.MetricsTracerTest
Feb 11, 2023 2:10:38 PM com.google.cloud.bigtable.data.v2.BigtableDataSettings newBuilderForEmulator
INFO: Connecting to the Bigtable emulator at localhost:33463
Feb 11, 2023 2:10:38 PM com.google.cloud.bigtable.data.v2.BigtableDataSettings newBuilderForEmulator
INFO: Connecting to the Bigtable emulator at localhost:43139
Feb 11, 2023 2:10:39 PM com.google.cloud.bigtable.data.v2.BigtableDataSettings newBuilderForEmulator
INFO: Connecting to the Bigtable emulator at localhost:46831
Feb 11, 2023 2:10:39 PM com.google.cloud.bigtable.data.v2.BigtableDataSettings newBuilderForEmulator
INFO: Connecting to the Bigtable emulator at localhost:35565
Feb 11, 2023 2:10:39 PM com.google.cloud.bigtable.data.v2.BigtableDataSettings newBuilderForEmulator
INFO: Connecting to the Bigtable emulator at localhost:34561
Feb 11, 2023 2:10:39 PM com.google.cloud.bigtable.data.v2.BigtableDataSettings newBuilderForEmulator
INFO: Connecting to the Bigtable emulator at localhost:35241
Feb 11, 2023 2:10:39 PM com.google.cloud.bigtable.data.v2.BigtableDataSettings newBuilderForEmulator
INFO: Connecting to the Bigtable emulator at localhost:33117
Feb 11, 2023 2:10:39 PM com.google.cloud.bigtable.data.v2.BigtableDataSettings newBuilderForEmulator
INFO: Connecting to the Bigtable emulator at localhost:42153
Feb 11, 2023 2:10:39 PM com.google.cloud.bigtable.data.v2.BigtableDataSettings newBuilderForEmulator
INFO: Connecting to the Bigtable emulator at localhost:33545
[INFO] Tests run: 9, Failures: 0, Errors: 0, Skipped: 0, Time elapsed: 2.913 s - in com.google.cloud.bigtable.data.v2.stub.metrics.MetricsTracerTest
[INFO] Running com.google.cloud.bigtable.data.v2.models.ConditionalRowMutationTest
[INFO] Tests run: 7, Failures: 0, Errors: 0, Skipped: 0, Time elapsed: 0.09 s - in com.google.cloud.bigtable.data.v2.models.ConditionalRowMutationTest
[INFO] Running com.google.cloud.bigtable.admin.v2.models.CreateTableRequestTest
[INFO] Tests run: 3, Failures: 0, Errors: 0, Skipped: 0, Time elapsed: 0.261 s - in com.google.cloud.bigtable.admin.v2.models.CreateTableRequestTest
[INFO] Running com.google.cloud.bigtable.admin.v2.models.UpdateInstanceRequestTest
[INFO] Tests run: 4, Failures: 0, Errors: 0, Skipped: 0, Time elapsed: 0.214 s - in com.google.cloud.bigtable.admin.v2.models.UpdateInstanceRequestTest
[INFO] Running com.google.cloud.bigtable.data.v2.stub.DynamicFlowControlStatsTest
[INFO] Tests run: 2, Failures: 0, Errors: 0, Skipped: 0, Time elapsed: 1.548 s - in com.google.cloud.bigtable.data.v2.stub.DynamicFlowControlStatsTest
[INFO] Running com.google.cloud.bigtable.data.v2.stub.EnhancedBigtableStubCloseTest
Feb 11, 2023 2:10:38 PM com.google.cloud.bigtable.data.v2.BigtableDataSettings newBuilderForEmulator
INFO: Connecting to the Bigtable emulator at localhost:38947
[INFO] Tests run: 1, Failures: 0, Errors: 0, Skipped: 0, Time elapsed: 1.427 s - in com.google.cloud.bigtable.data.v2.stub.EnhancedBigtableStubCloseTest
[INFO] Running com.google.cloud.bigtable.VersionTest
[INFO] Tests run: 1, Failures: 0, Errors: 0, Skipped: 0, Time elapsed: 0.001 s - in com.google.cloud.bigtable.VersionTest
[INFO] Running com.google.cloud.bigtable.data.v2.models.ReadModifyWriteRowTest
[INFO] Tests run: 4, Failures: 0, Errors: 0, Skipped: 0, Time elapsed: 0.043 s - in com.google.cloud.bigtable.data.v2.models.ReadModifyWriteRowTest
[INFO] Running com.google.cloud.bigtable.data.v2.stub.HeadersTest
Feb 11, 2023 2:10:38 PM com.google.cloud.bigtable.data.v2.BigtableDataSettings newBuilderForEmulator
INFO: Connecting to the Bigtable emulator at localhost:45721
Feb 11, 2023 2:10:38 PM com.google.cloud.bigtable.data.v2.BigtableDataSettings newBuilderForEmulator
INFO: Connecting to the Bigtable emulator at localhost:40107
Feb 11, 2023 2:10:38 PM com.google.cloud.bigtable.data.v2.BigtableDataSettings newBuilderForEmulator
INFO: Connecting to the Bigtable emulator at localhost:46303
Feb 11, 2023 2:10:38 PM com.google.cloud.bigtable.data.v2.BigtableDataSettings newBuilderForEmulator
INFO: Connecting to the Bigtable emulator at localhost:33423
Feb 11, 2023 2:10:38 PM com.google.cloud.bigtable.data.v2.BigtableDataSettings newBuilderForEmulator
INFO: Connecting to the Bigtable emulator at localhost:45801
Feb 11, 2023 2:10:58 PM com.google.cloud.bigtable.data.v2.BigtableDataSettings newBuilderForEmulator
INFO: Connecting to the Bigtable emulator at localhost:38371
[INFO] Tests run: 6, Failures: 0, Errors: 0, Skipped: 0, Time elapsed: 21.396 s - in com.google.cloud.bigtable.data.v2.stub.HeadersTest
[INFO] Running com.google.cloud.bigtable.data.v2.stub.readrows.FilterMarkerRowsCallableTest
[INFO] Tests run: 4, Failures: 0, Errors: 0, Skipped: 0, Time elapsed: 0.017 s - in com.google.cloud.bigtable.data.v2.stub.readrows.FilterMarkerRowsCallableTest
[INFO] Running com.google.cloud.bigtable.data.v2.stub.BigtableChannelPrimerTest
Feb 11, 2023 2:10:38 PM com.google.cloud.bigtable.data.v2.stub.BigtableChannelPrimer sendPrimeRequests
WARNING: Failed to prime channel for table: table2: io.grpc.StatusRuntimeException: FAILED_PRECONDITION
Feb 11, 2023 2:10:38 PM com.google.cloud.bigtable.data.v2.stub.BigtableChannelPrimer sendPrimeRequests
WARNING: Failed to prime channel for table: table1: io.grpc.StatusRuntimeException: FAILED_PRECONDITION
Feb 11, 2023 2:10:38 PM com.google.cloud.bigtable.data.v2.stub.BigtableChannelPrimer primeChannel
WARNING: Unexpected error while trying to prime a channel: null
[INFO] Tests run: 4, Failures: 0, Errors: 0, Skipped: 0, Time elapsed: 1.735 s - in com.google.cloud.bigtable.data.v2.stub.BigtableChannelPrimerTest
[INFO] Running com.google.cloud.bigtable.data.v2.models.FiltersTest
[INFO] Tests run: 39, Failures: 0, Errors: 0, Skipped: 0, Time elapsed: 0.329 s - in com.google.cloud.bigtable.data.v2.models.FiltersTest
[INFO] Running com.google.cloud.bigtable.admin.v2.models.ClusterTest
[INFO] Tests run: 4, Failures: 0, Errors: 0, Skipped: 0, Time elapsed: 0.195 s - in com.google.cloud.bigtable.admin.v2.models.ClusterTest
[INFO] Running com.google.cloud.bigtable.data.v2.stub.DynamicFlowControlCallableTest
[INFO] Tests run: 8, Failures: 0, Errors: 0, Skipped: 0, Time elapsed: 3.299 s - in com.google.cloud.bigtable.data.v2.stub.DynamicFlowControlCallableTest
[INFO] Running com.google.cloud.bigtable.admin.v2.BaseBigtableTableAdminClientTest
[INFO] Tests run: 90, Failures: 0, Errors: 0, Skipped: 0, Time elapsed: 0.804 s - in com.google.cloud.bigtable.admin.v2.BaseBigtableTableAdminClientTest
[INFO] Running com.google.cloud.bigtable.data.v2.stub.metrics.UtilTest
[INFO] Tests run: 5, Failures: 0, Errors: 0, Skipped: 0, Time elapsed: 0.062 s - in com.google.cloud.bigtable.data.v2.stub.metrics.UtilTest
[INFO] Running com.google.cloud.bigtable.admin.v2.models.AppProfileTest
[INFO] Tests run: 7, Failures: 0, Errors: 0, Skipped: 0, Time elapsed: 0.262 s - in com.google.cloud.bigtable.admin.v2.models.AppProfileTest
[INFO] Running com.google.cloud.bigtable.data.v2.models.RowMutationTest
[INFO] Tests run: 6, Failures: 0, Errors: 0, Skipped: 0, Time elapsed: 0.254 s - in com.google.cloud.bigtable.data.v2.models.RowMutationTest
[INFO] Running com.google.cloud.bigtable.admin.v2.models.BackupTest
[INFO] Tests run: 5, Failures: 0, Errors: 0, Skipped: 0, Time elapsed: 0.219 s - in com.google.cloud.bigtable.admin.v2.models.BackupTest
[INFO] Running com.google.cloud.bigtable.gaxx.reframing.ReframingResponseObserverTest
[INFO] Tests run: 14, Failures: 0, Errors: 0, Skipped: 0, Time elapsed: 7.032 s - in com.google.cloud.bigtable.gaxx.reframing.ReframingResponseObserverTest
[INFO] Running com.google.cloud.bigtable.data.v2.stub.readrows.ReadRowsMergingAcceptanceTest
[INFO] Tests run: 48, Failures: 0, Errors: 0, Skipped: 0, Time elapsed: 0.06 s - in com.google.cloud.bigtable.data.v2.stub.readrows.ReadRowsMergingAcceptanceTest
[INFO] Running com.google.cloud.bigtable.data.v2.BigtableDataSettingsTest
[INFO] Tests run: 1, Failures: 0, Errors: 0, Skipped: 0, Time elapsed: 0.332 s - in com.google.cloud.bigtable.data.v2.BigtableDataSettingsTest
[INFO] Running com.google.cloud.bigtable.data.v2.models.BulkMutationTest
[INFO] Tests run: 5, Failures: 0, Errors: 0, Skipped: 0, Time elapsed: 0.238 s - in com.google.cloud.bigtable.data.v2.models.BulkMutationTest
[INFO] Running com.google.cloud.bigtable.admin.v2.BigtableInstanceAdminClientTest
[INFO] Tests run: 32, Failures: 0, Errors: 0, Skipped: 0, Time elapsed: 1.889 s - in com.google.cloud.bigtable.admin.v2.BigtableInstanceAdminClientTest
[INFO] Running com.google.cloud.bigtable.admin.v2.models.TableTest
[INFO] Tests run: 2, Failures: 0, Errors: 0, Skipped: 0, Time elapsed: 0.229 s - in com.google.cloud.bigtable.admin.v2.models.TableTest
[INFO] Running com.google.cloud.bigtable.data.v2.stub.ReadModifyWriteRowCallableTest
[INFO] Tests run: 4, Failures: 0, Errors: 0, Skipped: 0, Time elapsed: 0.11 s - in com.google.cloud.bigtable.data.v2.stub.ReadModifyWriteRowCallableTest
[INFO] Running com.google.cloud.bigtable.data.v2.models.RangeTest
[INFO] Tests run: 18, Failures: 0, Errors: 0, Skipped: 0, Time elapsed: 0.057 s - in com.google.cloud.bigtable.data.v2.models.RangeTest
[INFO] Running com.google.cloud.bigtable.data.v2.models.RowMutationEntryTest
[INFO] Tests run: 5, Failures: 0, Errors: 0, Skipped: 0, Time elapsed: 0.225 s - in com.google.cloud.bigtable.data.v2.models.RowMutationEntryTest
[INFO] Running com.google.cloud.bigtable.admin.v2.BigtableInstanceAdminSettingsTest
[INFO] Tests run: 5, Failures: 0, Errors: 0, Skipped: 0, Time elapsed: 1.536 s - in com.google.cloud.bigtable.admin.v2.BigtableInstanceAdminSettingsTest
[INFO] Running com.google.cloud.bigtable.data.v2.stub.BigtableBulkReadRowsCallSettingsTest
[INFO] Tests run: 4, Failures: 0, Errors: 0, Skipped: 0, Time elapsed: 0.105 s - in com.google.cloud.bigtable.data.v2.stub.BigtableBulkReadRowsCallSettingsTest
[INFO] Running com.google.cloud.bigtable.admin.v2.models.InstanceTest
[INFO] Tests run: 4, Failures: 0, Errors: 0, Skipped: 0, Time elapsed: 0.208 s - in com.google.cloud.bigtable.admin.v2.models.InstanceTest
[INFO] Running com.google.cloud.bigtable.admin.v2.models.UpdateBackupRequestTest
[INFO] Tests run: 3, Failures: 0, Errors: 0, Skipped: 0, Time elapsed: 0.068 s - in com.google.cloud.bigtable.admin.v2.models.UpdateBackupRequestTest
[INFO] Running com.google.cloud.bigtable.admin.v2.models.StaticClusterSizeTest
[INFO] Tests run: 1, Failures: 0, Errors: 0, Skipped: 0, Time elapsed: 0.01 s - in com.google.cloud.bigtable.admin.v2.models.StaticClusterSizeTest
[INFO] Running com.google.cloud.bigtable.data.v2.stub.metrics.HeaderTracerCallableTest
Feb 11, 2023 2:10:38 PM com.google.cloud.bigtable.data.v2.BigtableDataSettings newBuilderForEmulator
INFO: Connecting to the Bigtable emulator at localhost:34743
Feb 11, 2023 2:10:38 PM com.google.cloud.bigtable.data.v2.BigtableDataSettings newBuilderForEmulator
INFO: Connecting to the Bigtable emulator at localhost:36339
Feb 11, 2023 2:10:39 PM com.google.cloud.bigtable.data.v2.BigtableDataSettings newBuilderForEmulator
INFO: Connecting to the Bigtable emulator at localhost:40969
Feb 11, 2023 2:10:39 PM com.google.cloud.bigtable.data.v2.BigtableDataSettings newBuilderForEmulator
INFO: Connecting to the Bigtable emulator at localhost:35519
Feb 11, 2023 2:10:40 PM com.google.cloud.bigtable.data.v2.BigtableDataSettings newBuilderForEmulator
INFO: Connecting to the Bigtable emulator at localhost:33095
Feb 11, 2023 2:10:40 PM com.google.cloud.bigtable.data.v2.BigtableDataSettings newBuilderForEmulator
INFO: Connecting to the Bigtable emulator at localhost:44033
Feb 11, 2023 2:10:41 PM com.google.cloud.bigtable.data.v2.BigtableDataSettings newBuilderForEmulator
INFO: Connecting to the Bigtable emulator at localhost:44205
Feb 11, 2023 2:10:41 PM com.google.cloud.bigtable.data.v2.BigtableDataSettings newBuilderForEmulator
INFO: Connecting to the Bigtable emulator at localhost:40281
Feb 11, 2023 2:10:42 PM com.google.cloud.bigtable.data.v2.BigtableDataSettings newBuilderForEmulator
INFO: Connecting to the Bigtable emulator at localhost:42679
Feb 11, 2023 2:10:42 PM com.google.cloud.bigtable.data.v2.BigtableDataSettings newBuilderForEmulator
INFO: Connecting to the Bigtable emulator at localhost:39439
Feb 11, 2023 2:10:43 PM com.google.cloud.bigtable.data.v2.BigtableDataSettings newBuilderForEmulator
INFO: Connecting to the Bigtable emulator at localhost:44075
Feb 11, 2023 2:10:43 PM com.google.cloud.bigtable.data.v2.BigtableDataSettings newBuilderForEmulator
INFO: Connecting to the Bigtable emulator at localhost:43731
Feb 11, 2023 2:10:44 PM com.google.cloud.bigtable.data.v2.BigtableDataSettings newBuilderForEmulator
INFO: Connecting to the Bigtable emulator at localhost:34345
Feb 11, 2023 2:10:44 PM com.google.cloud.bigtable.data.v2.BigtableDataSettings newBuilderForEmulator
INFO: Connecting to the Bigtable emulator at localhost:36167
Feb 11, 2023 2:10:47 PM com.google.cloud.bigtable.data.v2.BigtableDataSettings newBuilderForEmulator
INFO: Connecting to the Bigtable emulator at localhost:44103
Feb 11, 2023 2:10:47 PM com.google.cloud.bigtable.data.v2.BigtableDataSettings newBuilderForEmulator
INFO: Connecting to the Bigtable emulator at localhost:42471
Feb 11, 2023 2:10:48 PM com.google.cloud.bigtable.data.v2.BigtableDataSettings newBuilderForEmulator
INFO: Connecting to the Bigtable emulator at localhost:40089
Feb 11, 2023 2:10:48 PM com.google.cloud.bigtable.data.v2.BigtableDataSettings newBuilderForEmulator
INFO: Connecting to the Bigtable emulator at localhost:37019
[INFO] Tests run: 9, Failures: 0, Errors: 0, Skipped: 0, Time elapsed: 14.826 s - in com.google.cloud.bigtable.data.v2.stub.metrics.HeaderTracerCallableTest
[INFO] Running com.google.cloud.bigtable.data.v2.stub.BigtableBatchingCallSettingsTest
[INFO] Tests run: 5, Failures: 0, Errors: 0, Skipped: 0, Time elapsed: 0.163 s - in com.google.cloud.bigtable.data.v2.stub.BigtableBatchingCallSettingsTest
[INFO] Running com.google.cloud.bigtable.admin.v2.models.ClusterAutoscalingConfigTest
[INFO] Tests run: 3, Failures: 0, Errors: 0, Skipped: 0, Time elapsed: 0.213 s - in com.google.cloud.bigtable.admin.v2.models.ClusterAutoscalingConfigTest
[INFO] Running com.google.cloud.bigtable.data.v2.stub.SampleRowKeysCallableTest
[INFO] Tests run: 3, Failures: 0, Errors: 0, Skipped: 0, Time elapsed: 0.076 s - in com.google.cloud.bigtable.data.v2.stub.SampleRowKeysCallableTest
[INFO] Running com.google.cloud.bigtable.data.v2.models.DefaultRowAdapterTest
[INFO] Tests run: 6, Failures: 0, Errors: 0, Skipped: 0, Time elapsed: 0.077 s - in com.google.cloud.bigtable.data.v2.models.DefaultRowAdapterTest
[INFO] Running com.google.cloud.bigtable.data.v2.models.RowCellTest
[INFO] Tests run: 2, Failures: 0, Errors: 0, Skipped: 0, Time elapsed: 0.047 s - in com.google.cloud.bigtable.data.v2.models.RowCellTest
[INFO] Running com.google.cloud.bigtable.data.v2.stub.readrows.ReadRowsBatchingDescriptorTest
[INFO] Tests run: 6, Failures: 0, Errors: 0, Skipped: 0, Time elapsed: 0.037 s - in com.google.cloud.bigtable.data.v2.stub.readrows.ReadRowsBatchingDescriptorTest
[INFO] Running com.google.cloud.bigtable.data.v2.stub.EnhancedBigtableStubSettingsTest
[INFO] Tests run: 21, Failures: 0, Errors: 0, Skipped: 0, Time elapsed: 1.759 s - in com.google.cloud.bigtable.data.v2.stub.EnhancedBigtableStubSettingsTest
[INFO] Running com.google.cloud.bigtable.data.v2.stub.CheckAndMutateRowCallableTest
[INFO] Tests run: 3, Failures: 0, Errors: 0, Skipped: 0, Time elapsed: 0.101 s - in com.google.cloud.bigtable.data.v2.stub.CheckAndMutateRowCallableTest
[INFO] Running com.google.cloud.bigtable.data.v2.models.RowTest
[INFO] Tests run: 4, Failures: 0, Errors: 0, Skipped: 0, Time elapsed: 0.049 s - in com.google.cloud.bigtable.data.v2.models.RowTest
[INFO] Running com.google.cloud.bigtable.admin.v2.models.StorageTypeTest
[INFO] Tests run: 1, Failures: 0, Errors: 0, Skipped: 0, Time elapsed: 0.017 s - in com.google.cloud.bigtable.admin.v2.models.StorageTypeTest
[INFO] Running com.google.cloud.bigtable.data.v2.stub.readrows.ReadRowsFirstCallableTest
[INFO] Tests run: 2, Failures: 0, Errors: 0, Skipped: 0, Time elapsed: 1.111 s - in com.google.cloud.bigtable.data.v2.stub.readrows.ReadRowsFirstCallableTest
[INFO] Running com.google.cloud.bigtable.data.v2.stub.mutaterows.MutateRowsBatchingDescriptorTest
[INFO] Tests run: 5, Failures: 0, Errors: 0, Skipped: 0, Time elapsed: 0.101 s - in com.google.cloud.bigtable.data.v2.stub.mutaterows.MutateRowsBatchingDescriptorTest
[INFO] Running com.google.cloud.bigtable.admin.v2.models.RestoreTableRequestTest
[INFO] Tests run: 6, Failures: 0, Errors: 0, Skipped: 0, Time elapsed: 0.025 s - in com.google.cloud.bigtable.admin.v2.models.RestoreTableRequestTest
[INFO] Running com.google.cloud.bigtable.admin.v2.models.CreateClusterRequestTest
[INFO] Tests run: 5, Failures: 0, Errors: 0, Skipped: 0, Time elapsed: 0.415 s - in com.google.cloud.bigtable.admin.v2.models.CreateClusterRequestTest
[INFO] Running com.google.cloud.bigtable.admin.v2.internal.NameUtilTest
[INFO] Tests run: 2, Failures: 0, Errors: 0, Skipped: 0, Time elapsed: 0.031 s - in com.google.cloud.bigtable.admin.v2.internal.NameUtilTest
[INFO] Running com.google.cloud.bigtable.data.v2.BigtableDataClientTest
[INFO] Tests run: 31, Failures: 0, Errors: 0, Skipped: 0, Time elapsed: 1.994 s - in com.google.cloud.bigtable.data.v2.BigtableDataClientTest
[INFO] Running com.google.cloud.bigtable.data.v2.internal.RegexUtilTest
[INFO] Tests run: 3, Failures: 0, Errors: 0, Skipped: 0, Time elapsed: 0.008 s - in com.google.cloud.bigtable.data.v2.internal.RegexUtilTest
[INFO] Running com.google.cloud.bigtable.data.v2.HiddenGapicApiTest
[INFO] Tests run: 4, Failures: 0, Errors: 0, Skipped: 0, Time elapsed: 0.004 s - in com.google.cloud.bigtable.data.v2.HiddenGapicApiTest
[INFO] Running com.google.cloud.bigtable.admin.v2.models.UpdateAppProfileRequestTest
[INFO] Tests run: 2, Failures: 0, Errors: 0, Skipped: 0, Time elapsed: 0.188 s - in com.google.cloud.bigtable.admin.v2.models.UpdateAppProfileRequestTest
[INFO] Running com.google.cloud.bigtable.data.v2.stub.metrics.CompositeTracerTest
[INFO] Tests run: 20, Failures: 0, Errors: 0, Skipped: 0, Time elapsed: 1.765 s - in com.google.cloud.bigtable.data.v2.stub.metrics.CompositeTracerTest
[INFO] Running com.google.cloud.bigtable.data.v2.internal.RowSetUtilTest
[INFO] Tests run: 24, Failures: 0, Errors: 0, Skipped: 0, Time elapsed: 0.251 s - in com.google.cloud.bigtable.data.v2.internal.RowSetUtilTest
[INFO] Running com.google.cloud.bigtable.data.v2.stub.EnhancedBigtableStubCloseRetryTest
Feb 11, 2023 2:10:38 PM com.google.cloud.bigtable.data.v2.BigtableDataSettings newBuilderForEmulator
INFO: Connecting to the Bigtable emulator at localhost:35025
[INFO] Tests run: 1, Failures: 0, Errors: 0, Skipped: 0, Time elapsed: 1.35 s - in com.google.cloud.bigtable.data.v2.stub.EnhancedBigtableStubCloseRetryTest
[INFO] Running com.google.cloud.bigtable.admin.v2.HiddenGapicApiTest
[INFO] Tests run: 10, Failures: 0, Errors: 0, Skipped: 0, Time elapsed: 0.002 s - in com.google.cloud.bigtable.admin.v2.HiddenGapicApiTest
[INFO] Running com.google.cloud.bigtable.data.v2.models.MutationTest
[INFO] Tests run: 10, Failures: 0, Errors: 0, Skipped: 0, Time elapsed: 0.417 s - in com.google.cloud.bigtable.data.v2.models.MutationTest
[INFO] Running com.google.cloud.bigtable.admin.v2.BaseBigtableInstanceAdminClientTest
[INFO] Tests run: 70, Failures: 0, Errors: 0, Skipped: 0, Time elapsed: 0.679 s - in com.google.cloud.bigtable.admin.v2.BaseBigtableInstanceAdminClientTest
[INFO] Running com.google.cloud.bigtable.admin.v2.BigtableTableAdminSettingsTest
[INFO] Tests run: 5, Failures: 0, Errors: 0, Skipped: 0, Time elapsed: 1.098 s - in com.google.cloud.bigtable.admin.v2.BigtableTableAdminSettingsTest
[INFO] Running com.google.cloud.bigtable.data.v2.models.QueryTest
[INFO] Tests run: 13, Failures: 0, Errors: 0, Skipped: 0, Time elapsed: 0.268 s - in com.google.cloud.bigtable.data.v2.models.QueryTest
[INFO] Running com.google.cloud.bigtable.data.v2.stub.readrows.RowMergingCallableTest
[INFO] Tests run: 2, Failures: 0, Errors: 0, Skipped: 0, Time elapsed: 0.023 s - in com.google.cloud.bigtable.data.v2.stub.readrows.RowMergingCallableTest
[INFO] Running com.google.cloud.bigtable.admin.v2.models.CreateBackupRequestTest
[INFO] Tests run: 3, Failures: 0, Errors: 0, Skipped: 0, Time elapsed: 0.066 s - in com.google.cloud.bigtable.admin.v2.models.CreateBackupRequestTest
[INFO] Running com.google.cloud.bigtable.admin.v2.models.GCRulesTest
[INFO] Tests run: 21, Failures: 0, Errors: 0, Skipped: 0, Time elapsed: 0.219 s - in com.google.cloud.bigtable.admin.v2.models.GCRulesTest
[INFO] Running com.google.cloud.bigtable.admin.v2.models.TableAdminRequestsTest
[INFO] Tests run: 6, Failures: 0, Errors: 0, Skipped: 0, Time elapsed: 0.229 s - in com.google.cloud.bigtable.admin.v2.models.TableAdminRequestsTest
[INFO] Running com.google.cloud.bigtable.admin.v2.models.CreateAppProfileRequestTest
[INFO] Tests run: 3, Failures: 0, Errors: 0, Skipped: 0, Time elapsed: 0.052 s - in com.google.cloud.bigtable.admin.v2.models.CreateAppProfileRequestTest
[INFO] Running com.google.cloud.bigtable.data.v2.stub.MutateRowCallableTest
[INFO] Tests run: 1, Failures: 0, Errors: 0, Skipped: 0, Time elapsed: 1.608 s - in com.google.cloud.bigtable.data.v2.stub.MutateRowCallableTest
[INFO] Running com.google.cloud.bigtable.data.v2.stub.metrics.StatsHeadersCallableTest
Feb 11, 2023 2:10:38 PM com.google.cloud.bigtable.data.v2.BigtableDataSettings newBuilderForEmulator
INFO: Connecting to the Bigtable emulator at localhost:34337
Feb 11, 2023 2:10:38 PM com.google.cloud.bigtable.data.v2.BigtableDataSettings newBuilderForEmulator
INFO: Connecting to the Bigtable emulator at localhost:41235
Feb 11, 2023 2:10:38 PM com.google.cloud.bigtable.data.v2.BigtableDataSettings newBuilderForEmulator
INFO: Connecting to the Bigtable emulator at localhost:33869
Feb 11, 2023 2:10:38 PM com.google.cloud.bigtable.data.v2.BigtableDataSettings newBuilderForEmulator
INFO: Connecting to the Bigtable emulator at localhost:43045
Feb 11, 2023 2:10:38 PM com.google.cloud.bigtable.data.v2.BigtableDataSettings newBuilderForEmulator
INFO: Connecting to the Bigtable emulator at localhost:37769
Feb 11, 2023 2:10:38 PM com.google.cloud.bigtable.data.v2.BigtableDataSettings newBuilderForEmulator
INFO: Connecting to the Bigtable emulator at localhost:33617
Feb 11, 2023 2:10:38 PM com.google.cloud.bigtable.data.v2.BigtableDataSettings newBuilderForEmulator
INFO: Connecting to the Bigtable emulator at localhost:38617
Feb 11, 2023 2:10:38 PM com.google.cloud.bigtable.data.v2.BigtableDataSettings newBuilderForEmulator
INFO: Connecting to the Bigtable emulator at localhost:43123
[INFO] Tests run: 8, Failures: 0, Errors: 0, Skipped: 0, Time elapsed: 1.608 s - in com.google.cloud.bigtable.data.v2.stub.metrics.StatsHeadersCallableTest
[INFO] Running com.google.cloud.bigtable.admin.v2.stub.AwaitReplicationCallableTest
[INFO] Tests run: 5, Failures: 0, Errors: 0, Skipped: 0, Time elapsed: 1.151 s - in com.google.cloud.bigtable.admin.v2.stub.AwaitReplicationCallableTest
[INFO] Running com.google.cloud.bigtable.data.v2.stub.EnhancedBigtableStubTest
Feb 11, 2023 2:10:38 PM com.google.cloud.bigtable.data.v2.BigtableDataSettings newBuilderForEmulator
INFO: Connecting to the Bigtable emulator at localhost:36485
Feb 11, 2023 2:10:38 PM com.google.cloud.bigtable.data.v2.BigtableDataSettings newBuilderForEmulator
INFO: Connecting to the Bigtable emulator at localhost:37515
Feb 11, 2023 2:10:39 PM com.google.cloud.bigtable.data.v2.BigtableDataSettings newBuilderForEmulator
INFO: Connecting to the Bigtable emulator at localhost:41393
Feb 11, 2023 2:10:39 PM com.google.cloud.bigtable.data.v2.BigtableDataSettings newBuilderForEmulator
INFO: Connecting to the Bigtable emulator at localhost:39001
Feb 11, 2023 2:10:40 PM com.google.cloud.bigtable.data.v2.BigtableDataSettings newBuilderForEmulator
INFO: Connecting to the Bigtable emulator at localhost:36949
Feb 11, 2023 2:10:42 PM com.google.cloud.bigtable.data.v2.BigtableDataSettings newBuilderForEmulator
INFO: Connecting to the Bigtable emulator at localhost:35661
Feb 11, 2023 2:10:42 PM com.google.cloud.bigtable.data.v2.BigtableDataSettings newBuilderForEmulator
INFO: Connecting to the Bigtable emulator at localhost:37703
Feb 11, 2023 2:10:42 PM com.google.cloud.bigtable.data.v2.BigtableDataSettings newBuilderForEmulator
INFO: Connecting to the Bigtable emulator at localhost:33967
Feb 11, 2023 2:10:42 PM com.google.cloud.bigtable.data.v2.BigtableDataSettings newBuilderForEmulator
INFO: Connecting to the Bigtable emulator at localhost:37121
Feb 11, 2023 2:10:42 PM com.google.cloud.bigtable.data.v2.BigtableDataSettings newBuilderForEmulator
INFO: Connecting to the Bigtable emulator at localhost:43169
[INFO] Tests run: 10, Failures: 0, Errors: 0, Skipped: 0, Time elapsed: 5.86 s - in com.google.cloud.bigtable.data.v2.stub.EnhancedBigtableStubTest
[INFO] Running com.google.cloud.bigtable.data.v2.stub.readrows.ReadRowsUserCallableTest
[INFO] Tests run: 2, Failures: 0, Errors: 0, Skipped: 0, Time elapsed: 0.021 s - in com.google.cloud.bigtable.data.v2.stub.readrows.ReadRowsUserCallableTest
[INFO] Running com.google.cloud.bigtable.admin.v2.BigtableTableAdminClientTest
[INFO] Tests run: 19, Failures: 0, Errors: 0, Skipped: 0, Time elapsed: 1.952 s - in com.google.cloud.bigtable.admin.v2.BigtableTableAdminClientTest
[INFO] Running com.google.cloud.bigtable.data.v2.stub.readrows.ReadRowsRetryTest
[INFO] Tests run: 12, Failures: 0, Errors: 0, Skipped: 0, Time elapsed: 0.923 s - in com.google.cloud.bigtable.data.v2.stub.readrows.ReadRowsRetryTest
[INFO] Running com.google.cloud.bigtable.data.v2.stub.mutaterows.MutateRowsAttemptCallableTest
[INFO] Tests run: 6, Failures: 0, Errors: 0, Skipped: 0, Time elapsed: 0.316 s - in com.google.cloud.bigtable.data.v2.stub.mutaterows.MutateRowsAttemptCallableTest
[INFO] Running com.google.cloud.bigtable.admin.v2.models.EncryptionInfoTest
[INFO] Tests run: 2, Failures: 0, Errors: 0, Skipped: 0, Time elapsed: 0.035 s - in com.google.cloud.bigtable.admin.v2.models.EncryptionInfoTest
[INFO] 
[INFO] Results:
[INFO] 
[INFO] Tests run: 747, Failures: 0, Errors: 0, Skipped: 0
[INFO] 
[INFO] 
[INFO] --- jacoco-maven-plugin:0.8.7:report (report) @ google-cloud-bigtable ---
[INFO] Loading execution data file /home/gabsko/breaking-updates/google-cloud-bigtable/target/jacoco.exec
[INFO] Analyzed bundle 'Google Cloud Bigtable' with 284 classes
[INFO] 
[INFO] -------------< com.google.cloud:google-cloud-bigtable-bom >-------------
[INFO] Building Google Cloud Bigtable BOM 2.6.1-SNAPSHOT                 [8/10]
[INFO] --------------------------------[ pom ]---------------------------------
[INFO] 
[INFO] --- maven-clean-plugin:2.5:clean (default-clean) @ google-cloud-bigtable-bom ---
[INFO] 
[INFO] --- maven-enforcer-plugin:3.0.0-M3:enforce (enforce) @ google-cloud-bigtable-bom ---
[INFO] Adding ignore: module-info
[INFO] Adding ignore: META-INF/versions/*/module-info
[INFO] 
[INFO] --- maven-checkstyle-plugin:3.1.2:check (checkstyle) @ google-cloud-bigtable-bom ---
[INFO] 
[INFO] --- jacoco-maven-plugin:0.8.7:prepare-agent (default) @ google-cloud-bigtable-bom ---
[INFO] argLine set to -javaagent:/home/gabsko/.m2/repository/org/jacoco/org.jacoco.agent/0.8.7/org.jacoco.agent-0.8.7-runtime.jar=destfile=/home/gabsko/breaking-updates/google-cloud-bigtable-bom/target/jacoco.exec
[INFO] 
[INFO] --- build-helper-maven-plugin:3.3.0:add-resource (add-main-proto-resources) @ google-cloud-bigtable-bom ---
[INFO] 
[INFO] --- build-helper-maven-plugin:3.3.0:add-test-resource (add-test-proto-resources) @ google-cloud-bigtable-bom ---
[INFO] 
[INFO] --- animal-sniffer-maven-plugin:1.20:check (java8) @ google-cloud-bigtable-bom ---
[INFO] Checking unresolved references to org.codehaus.mojo.signature:java18:1.0
[INFO] 
[INFO] --- jacoco-maven-plugin:0.8.7:report (report) @ google-cloud-bigtable-bom ---
[INFO] Skipping JaCoCo execution due to missing execution data file.
[INFO] 
[INFO] ----------< com.google.cloud:google-cloud-bigtable-deps-bom >-----------
[INFO] Building google-cloud-bigtable-deps-bom 2.6.1-SNAPSHOT            [9/10]
[INFO] --------------------------------[ pom ]---------------------------------
[INFO] 
[INFO] --- maven-clean-plugin:2.5:clean (default-clean) @ google-cloud-bigtable-deps-bom ---
[INFO] 
[INFO] --- maven-enforcer-plugin:3.0.0-M3:enforce (enforce) @ google-cloud-bigtable-deps-bom ---
[INFO] Adding ignore: module-info
[INFO] Adding ignore: META-INF/versions/*/module-info
[INFO] 
[INFO] --- maven-checkstyle-plugin:3.1.2:check (checkstyle) @ google-cloud-bigtable-deps-bom ---
[INFO] 
[INFO] --- jacoco-maven-plugin:0.8.7:prepare-agent (default) @ google-cloud-bigtable-deps-bom ---
[INFO] argLine set to -javaagent:/home/gabsko/.m2/repository/org/jacoco/org.jacoco.agent/0.8.7/org.jacoco.agent-0.8.7-runtime.jar=destfile=/home/gabsko/breaking-updates/google-cloud-bigtable-deps-bom/target/jacoco.exec
[INFO] 
[INFO] --- build-helper-maven-plugin:3.3.0:add-resource (add-main-proto-resources) @ google-cloud-bigtable-deps-bom ---
[INFO] 
[INFO] --- build-helper-maven-plugin:3.3.0:add-test-resource (add-test-proto-resources) @ google-cloud-bigtable-deps-bom ---
[INFO] 
[INFO] --- animal-sniffer-maven-plugin:1.20:check (java8) @ google-cloud-bigtable-deps-bom ---
[INFO] Checking unresolved references to org.codehaus.mojo.signature:java18:1.0
[INFO] 
[INFO] --- jacoco-maven-plugin:0.8.7:report (report) @ google-cloud-bigtable-deps-bom ---
[INFO] Skipping JaCoCo execution due to missing execution data file.
[INFO] 
[INFO] ------------< com.google.cloud:google-cloud-bigtable-stats >------------
[INFO] Building google-cloud-bigtable-stats 2.6.1-SNAPSHOT              [10/10]
[INFO] --------------------------------[ jar ]---------------------------------
[INFO] 
[INFO] --- maven-clean-plugin:2.5:clean (default-clean) @ google-cloud-bigtable-stats ---
[INFO] Deleting /home/gabsko/breaking-updates/google-cloud-bigtable-stats/target
[INFO] 
[INFO] --- maven-enforcer-plugin:3.0.0-M3:enforce (enforce) @ google-cloud-bigtable-stats ---
[INFO] Adding ignore: module-info
[INFO] Adding ignore: META-INF/versions/*/module-info
[INFO] 
[INFO] --- maven-checkstyle-plugin:3.1.2:check (checkstyle) @ google-cloud-bigtable-stats ---
[INFO] Starting audit...
Audit done.
[INFO] You have 0 Checkstyle violations.
[INFO] 
[INFO] --- jacoco-maven-plugin:0.8.7:prepare-agent (default) @ google-cloud-bigtable-stats ---
[INFO] argLine set to -javaagent:/home/gabsko/.m2/repository/org/jacoco/org.jacoco.agent/0.8.7/org.jacoco.agent-0.8.7-runtime.jar=destfile=/home/gabsko/breaking-updates/google-cloud-bigtable-stats/target/jacoco.exec
[INFO] 
[INFO] --- build-helper-maven-plugin:3.3.0:add-resource (add-main-proto-resources) @ google-cloud-bigtable-stats ---
[INFO] 
[INFO] --- maven-resources-plugin:2.6:resources (default-resources) @ google-cloud-bigtable-stats ---
[INFO] Using 'UTF-8' encoding to copy filtered resources.
[INFO] skip non existing resourceDirectory /home/gabsko/breaking-updates/google-cloud-bigtable-stats/src/main/resources
[INFO] skip non existing resourceDirectory /home/gabsko/breaking-updates/google-cloud-bigtable-stats/src/main/proto
[INFO] 
[INFO] --- maven-compiler-plugin:3.10.0:compile (default-compile) @ google-cloud-bigtable-stats ---
[INFO] Changes detected - recompiling the module!
[INFO] Compiling 1 source file to /home/gabsko/breaking-updates/google-cloud-bigtable-stats/target/classes
[WARNING] bootstrap class path not set in conjunction with -source 8
[INFO] 
[INFO] --- build-helper-maven-plugin:3.3.0:add-test-resource (add-test-proto-resources) @ google-cloud-bigtable-stats ---
[INFO] 
[INFO] --- maven-resources-plugin:2.6:testResources (default-testResources) @ google-cloud-bigtable-stats ---
[INFO] Using 'UTF-8' encoding to copy filtered resources.
[INFO] skip non existing resourceDirectory /home/gabsko/breaking-updates/google-cloud-bigtable-stats/src/test/resources
[INFO] skip non existing resourceDirectory /home/gabsko/breaking-updates/google-cloud-bigtable-stats/src/test/proto
[INFO] 
[INFO] --- maven-compiler-plugin:3.10.0:testCompile (default-testCompile) @ google-cloud-bigtable-stats ---
[INFO] No sources to compile
[INFO] 
[INFO] --- animal-sniffer-maven-plugin:1.20:check (java8) @ google-cloud-bigtable-stats ---
[INFO] Checking unresolved references to org.codehaus.mojo.signature:java18:1.0
[INFO] 
[INFO] --- maven-surefire-plugin:3.0.0-M5:test (default-test) @ google-cloud-bigtable-stats ---
[INFO] No tests to run.
[INFO] 
[INFO] --- jacoco-maven-plugin:0.8.7:report (report) @ google-cloud-bigtable-stats ---
[INFO] Skipping JaCoCo execution due to missing execution data file.
[INFO] ------------------------------------------------------------------------
[INFO] Reactor Summary:
[INFO] 
[INFO] Google Cloud Bigtable Parent 2.6.1-SNAPSHOT ........ SUCCESS [  1.276 s]
[INFO] proto-google-cloud-bigtable-v2 2.6.1-SNAPSHOT ...... SUCCESS [  3.268 s]
[INFO] grpc-google-cloud-bigtable-v2 2.6.1-SNAPSHOT ....... SUCCESS [  0.711 s]
[INFO] proto-google-cloud-bigtable-admin-v2 2.6.1-SNAPSHOT  SUCCESS [  2.860 s]
[INFO] grpc-google-cloud-bigtable-admin-v2 2.6.1-SNAPSHOT . SUCCESS [  0.769 s]
[INFO] Google Cloud Java - Bigtable Emulator 0.143.1-SNAPSHOT SUCCESS [  6.508 s]
[INFO] Google Cloud Bigtable 2.6.1-SNAPSHOT ............... SUCCESS [ 28.252 s]
[INFO] Google Cloud Bigtable BOM 2.6.1-SNAPSHOT ........... SUCCESS [  0.300 s]
[INFO] google-cloud-bigtable-deps-bom 2.6.1-SNAPSHOT ...... SUCCESS [  0.319 s]
[INFO] google-cloud-bigtable-stats 2.6.1-SNAPSHOT ......... SUCCESS [  0.855 s]
[INFO] ------------------------------------------------------------------------
[INFO] BUILD SUCCESS
[INFO] ------------------------------------------------------------------------
[INFO] Total time:  45.614 s
[INFO] Finished at: 2023-02-11T14:11:01Z
[INFO] ------------------------------------------------------------------------
