[INFO] Scanning for projects...
[INFO] 
[INFO] -----------------------< com.sqlancer:sqlancer >------------------------
[INFO] Building SQLancer 2.0.0
[INFO] --------------------------------[ jar ]---------------------------------
[INFO] 
[INFO] --- maven-clean-plugin:2.5:clean (default-clean) @ sqlancer ---
[INFO] Deleting /home/gabsko/breaking-updates/target
[INFO] 
[INFO] --- jacoco-maven-plugin:0.8.8:prepare-agent (default) @ sqlancer ---
[INFO] argLine set to -javaagent:/home/gabsko/.m2/repository/org/jacoco/org.jacoco.agent/0.8.8/org.jacoco.agent-0.8.8-runtime.jar=destfile=/home/gabsko/breaking-updates/target/jacoco.exec
[INFO] 
[INFO] --- maven-resources-plugin:2.6:resources (default-resources) @ sqlancer ---
[INFO] Using 'UTF-8' encoding to copy filtered resources.
[INFO] skip non existing resourceDirectory /home/gabsko/breaking-updates/src/main/resources
[INFO] 
[INFO] --- maven-compiler-plugin:3.10.1:compile (default-compile) @ sqlancer ---
[INFO] Changes detected - recompiling the module!
[INFO] 
[INFO] --- maven-resources-plugin:2.6:testResources (default-testResources) @ sqlancer ---
[INFO] Using 'UTF-8' encoding to copy filtered resources.
[INFO] skip non existing resourceDirectory /home/gabsko/breaking-updates/src/test/resources
[INFO] 
[INFO] --- maven-compiler-plugin:3.10.1:testCompile (default-testCompile) @ sqlancer ---
[INFO] Changes detected - recompiling the module!
[INFO] 
[INFO] --- maven-surefire-plugin:2.22.2:test (default-test) @ sqlancer ---
[INFO] 
[INFO] -------------------------------------------------------
[INFO]  T E S T S
[INFO] -------------------------------------------------------
[INFO] Running sqlancer.pqs.sqlite.cast.TestCastToInt
[INFO] Tests run: 13, Failures: 0, Errors: 0, Skipped: 0, Time elapsed: 0.05 s - in sqlancer.pqs.sqlite.cast.TestCastToInt
[INFO] Running sqlancer.pqs.sqlite.cast.TestCastToBoolean
[INFO] Tests run: 1, Failures: 0, Errors: 0, Skipped: 0, Time elapsed: 0.001 s - in sqlancer.pqs.sqlite.cast.TestCastToBoolean
[INFO] Running sqlancer.pqs.sqlite.cast.TestCastToBlob
[INFO] Tests run: 4, Failures: 0, Errors: 0, Skipped: 0, Time elapsed: 0 s - in sqlancer.pqs.sqlite.cast.TestCastToBlob
[INFO] Running sqlancer.pqs.sqlite.cast.TestCastToNumeric
[INFO] Tests run: 3, Failures: 0, Errors: 0, Skipped: 0, Time elapsed: 0 s - in sqlancer.pqs.sqlite.cast.TestCastToNumeric
[INFO] Running sqlancer.TestUsageNamingConvention
[INFO] Tests run: 1, Failures: 0, Errors: 0, Skipped: 0, Time elapsed: 0.077 s - in sqlancer.TestUsageNamingConvention
[INFO] Running sqlancer.TestParameterFormat
[INFO] Tests run: 1, Failures: 0, Errors: 0, Skipped: 0, Time elapsed: 0.041 s - in sqlancer.TestParameterFormat
[INFO] Running sqlancer.TestExpectedErrors
[INFO] Tests run: 3, Failures: 0, Errors: 0, Skipped: 0, Time elapsed: 0.003 s - in sqlancer.TestExpectedErrors
[INFO] Running sqlancer.TestComparatorHelper
[INFO] Tests run: 4, Failures: 0, Errors: 0, Skipped: 0, Time elapsed: 0.005 s - in sqlancer.TestComparatorHelper
[INFO] Running sqlancer.dbms.TestMySQLTLP
[WARNING] Tests run: 1, Failures: 0, Errors: 0, Skipped: 1, Time elapsed: 0.031 s - in sqlancer.dbms.TestMySQLTLP
[INFO] Running sqlancer.dbms.TestSQLite3
[2023/01/30 21:44:52] Executed 0 queries (0 queries/s; 12.60/s dbs, successful statements: 59%). Threads shut down: 0.
[2023/01/30 21:44:57] Executed 0 queries (0 queries/s; 23.42/s dbs, successful statements: 61%). Threads shut down: 0.
[2023/01/30 21:45:02] Executed 0 queries (0 queries/s; 19.20/s dbs, successful statements: 60%). Threads shut down: 0.
[2023/01/30 21:45:07] Executed 0 queries (0 queries/s; 17.60/s dbs, successful statements: 60%). Threads shut down: 0.
[2023/01/30 21:45:12] Executed 0 queries (0 queries/s; 19.40/s dbs, successful statements: 60%). Threads shut down: 0.
[2023/01/30 21:45:17] Executed 0 queries (0 queries/s; 17.80/s dbs, successful statements: 60%). Threads shut down: 0.
[2023/01/30 21:45:22] Executed 0 queries (0 queries/s; 22.40/s dbs, successful statements: 60%). Threads shut down: 0.
[2023/01/30 21:45:27] Executed 0 queries (0 queries/s; 20.60/s dbs, successful statements: 61%). Threads shut down: 0.
[2023/01/30 21:45:32] Executed 0 queries (0 queries/s; 21.20/s dbs, successful statements: 60%). Threads shut down: 0.
[2023/01/30 21:45:37] Executed 0 queries (0 queries/s; 20.20/s dbs, successful statements: 60%). Threads shut down: 0.
[2023/01/30 21:45:42] Executed 0 queries (0 queries/s; 16.60/s dbs, successful statements: 60%). Threads shut down: 0.
[2023/01/30 21:45:47] Executed 0 queries (0 queries/s; 19.80/s dbs, successful statements: 60%). Threads shut down: 0.
[2023/01/30 21:45:52] Executed 0 queries (0 queries/s; 23.00/s dbs, successful statements: 61%). Threads shut down: 0.
[2023/01/30 21:45:57] Executed 0 queries (0 queries/s; 22.80/s dbs, successful statements: 61%). Threads shut down: 0.
[2023/01/30 21:46:02] Executed 0 queries (0 queries/s; 21.00/s dbs, successful statements: 61%). Threads shut down: 0.
[2023/01/30 21:46:07] Executed 0 queries (0 queries/s; 14.80/s dbs, successful statements: 60%). Threads shut down: 0.
[2023/01/30 21:46:12] Executed 0 queries (0 queries/s; 19.20/s dbs, successful statements: 60%). Threads shut down: 0.
[2023/01/30 21:46:17] Executed 0 queries (0 queries/s; 24.00/s dbs, successful statements: 60%). Threads shut down: 0.
[2023/01/30 21:46:22] Executed 0 queries (0 queries/s; 16.60/s dbs, successful statements: 60%). Threads shut down: 0.
[2023/01/30 21:46:27] Executed 0 queries (0 queries/s; 18.60/s dbs, successful statements: 60%). Threads shut down: 0.
[2023/01/30 21:46:32] Executed 0 queries (0 queries/s; 24.40/s dbs, successful statements: 60%). Threads shut down: 0.
[2023/01/30 21:46:37] Executed 0 queries (0 queries/s; 23.40/s dbs, successful statements: 60%). Threads shut down: 0.
[2023/01/30 21:46:42] Executed 0 queries (0 queries/s; 21.80/s dbs, successful statements: 61%). Threads shut down: 0.
[2023/01/30 21:46:47] Executed 0 queries (0 queries/s; 20.20/s dbs, successful statements: 60%). Threads shut down: 0.
[2023/01/30 21:46:52] Executed 0 queries (0 queries/s; 22.80/s dbs, successful statements: 61%). Threads shut down: 0.
[2023/01/30 21:46:57] Executed 0 queries (0 queries/s; 19.40/s dbs, successful statements: 61%). Threads shut down: 0.
[2023/01/30 21:47:02] Executed 0 queries (0 queries/s; 21.60/s dbs, successful statements: 61%). Threads shut down: 0.
[2023/01/30 21:47:07] Executed 0 queries (0 queries/s; 25.00/s dbs, successful statements: 61%). Threads shut down: 0.
[2023/01/30 21:47:12] Executed 0 queries (0 queries/s; 21.40/s dbs, successful statements: 61%). Threads shut down: 0.
[2023/01/30 21:47:17] Executed 0 queries (0 queries/s; 16.20/s dbs, successful statements: 61%). Threads shut down: 0.
[2023/01/30 21:47:22] Executed 0 queries (0 queries/s; 22.60/s dbs, successful statements: 61%). Threads shut down: 0.
[2023/01/30 21:47:27] Executed 0 queries (0 queries/s; 16.40/s dbs, successful statements: 61%). Threads shut down: 0.
[2023/01/30 21:47:32] Executed 0 queries (0 queries/s; 19.20/s dbs, successful statements: 61%). Threads shut down: 0.
[2023/01/30 21:47:37] Executed 0 queries (0 queries/s; 15.60/s dbs, successful statements: 61%). Threads shut down: 0.
[2023/01/30 21:47:42] Executed 0 queries (0 queries/s; 18.00/s dbs, successful statements: 61%). Threads shut down: 0.
[2023/01/30 21:47:47] Executed 0 queries (0 queries/s; 21.60/s dbs, successful statements: 61%). Threads shut down: 0.
[2023/01/30 21:47:52] Executed 0 queries (0 queries/s; 23.40/s dbs, successful statements: 61%). Threads shut down: 0.
[2023/01/30 21:47:57] Executed 0 queries (0 queries/s; 17.20/s dbs, successful statements: 61%). Threads shut down: 0.
[2023/01/30 21:48:02] Executed 0 queries (0 queries/s; 20.80/s dbs, successful statements: 61%). Threads shut down: 0.
[2023/01/30 21:48:07] Executed 0 queries (0 queries/s; 16.40/s dbs, successful statements: 61%). Threads shut down: 0.
[2023/01/30 21:48:12] Executed 0 queries (0 queries/s; 21.40/s dbs, successful statements: 61%). Threads shut down: 0.
[2023/01/30 21:48:17] Executed 0 queries (0 queries/s; 16.00/s dbs, successful statements: 61%). Threads shut down: 0.
[2023/01/30 21:48:22] Executed 0 queries (0 queries/s; 21.00/s dbs, successful statements: 61%). Threads shut down: 0.
[2023/01/30 21:48:27] Executed 0 queries (0 queries/s; 16.60/s dbs, successful statements: 61%). Threads shut down: 0.
[2023/01/30 21:48:32] Executed 0 queries (0 queries/s; 18.60/s dbs, successful statements: 61%). Threads shut down: 0.
[2023/01/30 21:48:37] Executed 0 queries (0 queries/s; 19.80/s dbs, successful statements: 61%). Threads shut down: 0.
[2023/01/30 21:48:42] Executed 0 queries (0 queries/s; 20.60/s dbs, successful statements: 61%). Threads shut down: 0.
[2023/01/30 21:48:47] Executed 0 queries (0 queries/s; 21.00/s dbs, successful statements: 61%). Threads shut down: 0.
[2023/01/30 21:48:52] Executed 0 queries (0 queries/s; 16.20/s dbs, successful statements: 61%). Threads shut down: 0.
[2023/01/30 21:48:57] Executed 0 queries (0 queries/s; 14.40/s dbs, successful statements: 61%). Threads shut down: 0.
[2023/01/30 21:49:02] Executed 0 queries (0 queries/s; 23.80/s dbs, successful statements: 61%). Threads shut down: 0.
[2023/01/30 21:49:07] Executed 0 queries (0 queries/s; 23.40/s dbs, successful statements: 61%). Threads shut down: 0.
[2023/01/30 21:49:12] Executed 0 queries (0 queries/s; 15.00/s dbs, successful statements: 61%). Threads shut down: 0.
[2023/01/30 21:49:17] Executed 0 queries (0 queries/s; 20.60/s dbs, successful statements: 61%). Threads shut down: 0.
[2023/01/30 21:49:22] Executed 0 queries (0 queries/s; 19.40/s dbs, successful statements: 61%). Threads shut down: 0.
[2023/01/30 21:49:27] Executed 0 queries (0 queries/s; 21.20/s dbs, successful statements: 61%). Threads shut down: 0.
[2023/01/30 21:49:32] Executed 0 queries (0 queries/s; 18.80/s dbs, successful statements: 61%). Threads shut down: 0.
[2023/01/30 21:49:37] Executed 0 queries (0 queries/s; 19.00/s dbs, successful statements: 61%). Threads shut down: 0.
[2023/01/30 21:49:42] Executed 0 queries (0 queries/s; 20.00/s dbs, successful statements: 61%). Threads shut down: 0.
[2023/01/30 21:49:47] Executed 0 queries (0 queries/s; 25.20/s dbs, successful statements: 61%). Threads shut down: 0.
[INFO] Tests run: 1, Failures: 0, Errors: 0, Skipped: 0, Time elapsed: 300.765 s - in sqlancer.dbms.TestSQLite3
[INFO] Running sqlancer.dbms.TestCitus
[WARNING] Tests run: 1, Failures: 0, Errors: 0, Skipped: 1, Time elapsed: 0.002 s - in sqlancer.dbms.TestCitus
[INFO] Running sqlancer.dbms.TestPostgres
[WARNING] Tests run: 2, Failures: 0, Errors: 0, Skipped: 2, Time elapsed: 0.003 s - in sqlancer.dbms.TestPostgres
[INFO] Running sqlancer.dbms.TestDuckDB
[2023/01/30 21:49:52] Executed 1677 queries (335 queries/s; 13.40/s dbs, successful statements: 61%). Threads shut down: 0.
[2023/01/30 21:49:57] Executed 2493 queries (163 queries/s; 19.80/s dbs, successful statements: 61%). Threads shut down: 0.
[2023/01/30 21:50:02] Executed 3941 queries (289 queries/s; 24.80/s dbs, successful statements: 61%). Threads shut down: 0.
[2023/01/30 21:50:07] Executed 6040 queries (419 queries/s; 19.20/s dbs, successful statements: 61%). Threads shut down: 0.
[2023/01/30 21:50:12] Executed 7901 queries (372 queries/s; 22.20/s dbs, successful statements: 61%). Threads shut down: 0.
[2023/01/30 21:50:17] Executed 8929 queries (205 queries/s; 17.20/s dbs, successful statements: 60%). Threads shut down: 0.
[2023/01/30 21:50:22] Executed 10833 queries (380 queries/s; 21.20/s dbs, successful statements: 60%). Threads shut down: 0.
[2023/01/30 21:50:27] Executed 12445 queries (322 queries/s; 14.40/s dbs, successful statements: 60%). Threads shut down: 0.
[2023/01/30 21:50:32] Executed 14220 queries (355 queries/s; 22.40/s dbs, successful statements: 60%). Threads shut down: 0.
[2023/01/30 21:50:37] Executed 15576 queries (271 queries/s; 11.60/s dbs, successful statements: 60%). Threads shut down: 0.
[2023/01/30 21:50:42] Executed 16127 queries (110 queries/s; 20.40/s dbs, successful statements: 60%). Threads shut down: 0.
[2023/01/30 21:50:47] Executed 18223 queries (419 queries/s; 25.00/s dbs, successful statements: 60%). Threads shut down: 0.
[2023/01/30 21:50:52] Executed 19194 queries (194 queries/s; 22.80/s dbs, successful statements: 60%). Threads shut down: 0.
[2023/01/30 21:50:57] Executed 21073 queries (375 queries/s; 7.60/s dbs, successful statements: 60%). Threads shut down: 0.
[WARNING] Corrupted STDOUT by directly writing to native stream in forked JVM 1. See FAQ web page and the dump file /home/gabsko/breaking-updates/target/surefire-reports/2023-01-30T21-44-46_116-jvmRun1.dumpstream
[INFO] 
[INFO] Results:
[INFO] 
[WARNING] Tests run: 35, Failures: 0, Errors: 0, Skipped: 4
[INFO] 
[INFO] ------------------------------------------------------------------------
[INFO] BUILD FAILURE
[INFO] ------------------------------------------------------------------------
[INFO] Total time:  06:18 min
[INFO] Finished at: 2023-01-30T21:51:00Z
[INFO] ------------------------------------------------------------------------
[ERROR] Failed to execute goal org.apache.maven.plugins:maven-surefire-plugin:2.22.2:test (default-test) on project sqlancer: There are test failures.
[ERROR] 
[ERROR] Please refer to /home/gabsko/breaking-updates/target/surefire-reports for the individual test results.
[ERROR] Please refer to dump files (if any exist) [date].dump, [date]-jvmRun[N].dump and [date].dumpstream.
[ERROR] The forked VM terminated without properly saying goodbye. VM crash or System.exit called?
[ERROR] Command was /bin/sh -c cd /home/gabsko/breaking-updates && /usr/lib/jvm/java-11-openjdk-amd64/bin/java -javaagent:/home/gabsko/.m2/repository/org/jacoco/org.jacoco.agent/0.8.8/org.jacoco.agent-0.8.8-runtime.jar=destfile=/home/gabsko/breaking-updates/target/jacoco.exec -jar /home/gabsko/breaking-updates/target/surefire/surefirebooter6847924264418122585.jar /home/gabsko/breaking-updates/target/surefire 2023-01-30T21-44-46_116-jvmRun1 surefire14050150655762872986tmp surefire_09069124578527563620tmp
[ERROR] Error occurred in starting fork, check output in log
[ERROR] Process Exit Code: 134
[ERROR] Crashed tests:
[ERROR] sqlancer.dbms.TestDuckDB
[ERROR] org.apache.maven.surefire.booter.SurefireBooterForkException: The forked VM terminated without properly saying goodbye. VM crash or System.exit called?
[ERROR] Command was /bin/sh -c cd /home/gabsko/breaking-updates && /usr/lib/jvm/java-11-openjdk-amd64/bin/java -javaagent:/home/gabsko/.m2/repository/org/jacoco/org.jacoco.agent/0.8.8/org.jacoco.agent-0.8.8-runtime.jar=destfile=/home/gabsko/breaking-updates/target/jacoco.exec -jar /home/gabsko/breaking-updates/target/surefire/surefirebooter6847924264418122585.jar /home/gabsko/breaking-updates/target/surefire 2023-01-30T21-44-46_116-jvmRun1 surefire14050150655762872986tmp surefire_09069124578527563620tmp
[ERROR] Error occurred in starting fork, check output in log
[ERROR] Process Exit Code: 134
[ERROR] Crashed tests:
[ERROR] sqlancer.dbms.TestDuckDB
[ERROR] 	at org.apache.maven.plugin.surefire.booterclient.ForkStarter.fork(ForkStarter.java:669)
[ERROR] 	at org.apache.maven.plugin.surefire.booterclient.ForkStarter.run(ForkStarter.java:282)
[ERROR] 	at org.apache.maven.plugin.surefire.booterclient.ForkStarter.run(ForkStarter.java:245)
[ERROR] 	at org.apache.maven.plugin.surefire.AbstractSurefireMojo.executeProvider(AbstractSurefireMojo.java:1183)
[ERROR] 	at org.apache.maven.plugin.surefire.AbstractSurefireMojo.executeAfterPreconditionsChecked(AbstractSurefireMojo.java:1011)
[ERROR] 	at org.apache.maven.plugin.surefire.AbstractSurefireMojo.execute(AbstractSurefireMojo.java:857)
[ERROR] 	at org.apache.maven.plugin.DefaultBuildPluginManager.executeMojo(DefaultBuildPluginManager.java:137)
[ERROR] 	at org.apache.maven.lifecycle.internal.MojoExecutor.doExecute2(MojoExecutor.java:370)
[ERROR] 	at org.apache.maven.lifecycle.internal.MojoExecutor.doExecute(MojoExecutor.java:351)
[ERROR] 	at org.apache.maven.lifecycle.internal.MojoExecutor.execute(MojoExecutor.java:215)
[ERROR] 	at org.apache.maven.lifecycle.internal.MojoExecutor.execute(MojoExecutor.java:171)
[ERROR] 	at org.apache.maven.lifecycle.internal.MojoExecutor.execute(MojoExecutor.java:163)
[ERROR] 	at org.apache.maven.lifecycle.internal.LifecycleModuleBuilder.buildProject(LifecycleModuleBuilder.java:117)
[ERROR] 	at org.apache.maven.lifecycle.internal.LifecycleModuleBuilder.buildProject(LifecycleModuleBuilder.java:81)
[ERROR] 	at org.apache.maven.lifecycle.internal.builder.singlethreaded.SingleThreadedBuilder.build(SingleThreadedBuilder.java:56)
[ERROR] 	at org.apache.maven.lifecycle.internal.LifecycleStarter.execute(LifecycleStarter.java:128)
[ERROR] 	at org.apache.maven.DefaultMaven.doExecute(DefaultMaven.java:294)
[ERROR] 	at org.apache.maven.DefaultMaven.doExecute(DefaultMaven.java:192)
[ERROR] 	at org.apache.maven.DefaultMaven.execute(DefaultMaven.java:105)
[ERROR] 	at org.apache.maven.cli.MavenCli.execute(MavenCli.java:960)
[ERROR] 	at org.apache.maven.cli.MavenCli.doMain(MavenCli.java:293)
[ERROR] 	at org.apache.maven.cli.MavenCli.main(MavenCli.java:196)
[ERROR] 	at java.base/jdk.internal.reflect.NativeMethodAccessorImpl.invoke0(Native Method)
[ERROR] 	at java.base/jdk.internal.reflect.NativeMethodAccessorImpl.invoke(NativeMethodAccessorImpl.java:62)
[ERROR] 	at java.base/jdk.internal.reflect.DelegatingMethodAccessorImpl.invoke(DelegatingMethodAccessorImpl.java:43)
[ERROR] 	at java.base/java.lang.reflect.Method.invoke(Method.java:566)
[ERROR] 	at org.codehaus.plexus.classworlds.launcher.Launcher.launchEnhanced(Launcher.java:282)
[ERROR] 	at org.codehaus.plexus.classworlds.launcher.Launcher.launch(Launcher.java:225)
[ERROR] 	at org.codehaus.plexus.classworlds.launcher.Launcher.mainWithExitCode(Launcher.java:406)
[ERROR] 	at org.codehaus.plexus.classworlds.launcher.Launcher.main(Launcher.java:347)
[ERROR] -> [Help 1]
[ERROR] 
[ERROR] To see the full stack trace of the errors, re-run Maven with the -e switch.
[ERROR] Re-run Maven using the -X switch to enable full debug logging.
[ERROR] 
[ERROR] For more information about the errors and possible solutions, please read the following articles:
[ERROR] [Help 1] http://cwiki.apache.org/confluence/display/MAVEN/MojoExecutionException
