[INFO] Scanning for projects...
[INFO] ------------------------------------------------------------------------
[INFO] Reactor Build Order:
[INFO] 
[INFO] SignalFx parent                                                    [pom]
[INFO] SignalFx Protocol Buffer definitions                               [jar]
[INFO] SignalFx Protobuf Utilities                                        [jar]
[INFO] SignalFx java libraries                                            [jar]
[INFO] Codahale to SignalFx                                               [jar]
[INFO] Yammer to SignalFx                                                 [jar]
[INFO] Micrometer Registry for SignalFx                                   [jar]
[INFO] 
[INFO] -----------------< com.signalfx.public:clients-parent >-----------------
[INFO] Building SignalFx parent 1.0.21                                    [1/7]
[INFO] --------------------------------[ pom ]---------------------------------
[INFO] 
[INFO] --- maven-clean-plugin:2.5:clean (default-clean) @ clients-parent ---
[INFO] 
[INFO] ----------------< com.signalfx.public:signalfx-protoc >-----------------
[INFO] Building SignalFx Protocol Buffer definitions 1.0.21               [2/7]
[INFO] --------------------------------[ jar ]---------------------------------
[INFO] 
[INFO] --- maven-clean-plugin:2.5:clean (default-clean) @ signalfx-protoc ---
[INFO] Deleting /home/gabsko/breaking-updates/signalfx-protoc/target
[INFO] 
[INFO] --- protoc-jar-maven-plugin:3.11.1:run (default) @ signalfx-protoc ---
[INFO] Protoc version: 3.11.1
protoc-jar: protoc version: 3.11.1, detected platform: linux-x86_64 (linux/amd64)
protoc-jar: embedded: bin/3.11.1/protoc-3.11.1-linux-x86_64.exe
protoc-jar: executing: [/tmp/protocjar18074681405666983656/bin/protoc.exe, --version]
[INFO] Protoc command: /tmp/protocjar18074681405666983656/bin/protoc.exe
libprotoc 3.11.1
[INFO] Input directories:
[INFO]     /home/gabsko/breaking-updates/signalfx-protoc/src/main/protobuf
[INFO] Output targets:
[INFO]     java-shaded: /home/gabsko/breaking-updates/signalfx-protoc/target/generated-sources (add: main, clean: false, plugin: null, outputOptions: null)
[INFO] /home/gabsko/breaking-updates/signalfx-protoc/target/generated-sources does not exist. Creating...
[INFO]     Processing (java): signal_fx_protocol_buffers.proto
protoc-jar: executing: [/tmp/protocjar18074681405666983656/bin/protoc.exe, -I/home/gabsko/breaking-updates/signalfx-protoc/src/main/protobuf, --java_out=/home/gabsko/breaking-updates/signalfx-protoc/target/generated-sources, /home/gabsko/breaking-updates/signalfx-protoc/src/main/protobuf/signal_fx_protocol_buffers.proto]
[INFO]     Shading (version 3.11.1): /home/gabsko/breaking-updates/signalfx-protoc/target/generated-sources
[INFO] Adding generated sources (java-shaded): /home/gabsko/breaking-updates/signalfx-protoc/target/generated-sources
[INFO] 
[INFO] --- build-helper-maven-plugin:3.3.0:add-source (test) @ signalfx-protoc ---
[INFO] Source directory: /home/gabsko/breaking-updates/signalfx-protoc/target/generated-sources added.
[INFO] 
[INFO] --- maven-resources-plugin:2.6:resources (default-resources) @ signalfx-protoc ---
[INFO] Using 'UTF-8' encoding to copy filtered resources.
[INFO] skip non existing resourceDirectory /home/gabsko/breaking-updates/signalfx-protoc/src/main/resources
[INFO] 
[INFO] --- maven-compiler-plugin:3.10.1:compile (default-compile) @ signalfx-protoc ---
[INFO] Changes detected - recompiling the module!
[INFO] Compiling 1 source file to /home/gabsko/breaking-updates/signalfx-protoc/target/classes
[INFO] 
[INFO] --- maven-resources-plugin:2.6:testResources (default-testResources) @ signalfx-protoc ---
[INFO] Using 'UTF-8' encoding to copy filtered resources.
[INFO] skip non existing resourceDirectory /home/gabsko/breaking-updates/signalfx-protoc/src/test/resources
[INFO] 
[INFO] --- maven-compiler-plugin:3.10.1:testCompile (default-testCompile) @ signalfx-protoc ---
[INFO] No sources to compile
[INFO] 
[INFO] --- maven-surefire-plugin:2.12.4:test (default-test) @ signalfx-protoc ---
[INFO] No tests to run.
[INFO] 
[INFO] ----------< com.signalfx.public:signalfx-commons-protoc-java >----------
[INFO] Building SignalFx Protobuf Utilities 1.0.21                        [3/7]
[INFO] --------------------------------[ jar ]---------------------------------
[INFO] 
[INFO] --- maven-clean-plugin:2.5:clean (default-clean) @ signalfx-commons-protoc-java ---
[INFO] Deleting /home/gabsko/breaking-updates/signalfx-commons-protoc-java/target
[INFO] 
[INFO] --- maven-resources-plugin:2.6:resources (default-resources) @ signalfx-commons-protoc-java ---
[INFO] Using 'UTF-8' encoding to copy filtered resources.
[INFO] skip non existing resourceDirectory /home/gabsko/breaking-updates/signalfx-commons-protoc-java/src/main/resources
[INFO] 
[INFO] --- maven-compiler-plugin:3.10.1:compile (default-compile) @ signalfx-commons-protoc-java ---
[INFO] Changes detected - recompiling the module!
[INFO] Compiling 2 source files to /home/gabsko/breaking-updates/signalfx-commons-protoc-java/target/classes
[INFO] 
[INFO] --- maven-resources-plugin:2.6:testResources (default-testResources) @ signalfx-commons-protoc-java ---
[INFO] Using 'UTF-8' encoding to copy filtered resources.
[INFO] skip non existing resourceDirectory /home/gabsko/breaking-updates/signalfx-commons-protoc-java/src/test/resources
[INFO] 
[INFO] --- maven-compiler-plugin:3.10.1:testCompile (default-testCompile) @ signalfx-commons-protoc-java ---
[INFO] Changes detected - recompiling the module!
[INFO] Compiling 2 source files to /home/gabsko/breaking-updates/signalfx-commons-protoc-java/target/test-classes
[INFO] 
[INFO] --- maven-surefire-plugin:2.12.4:test (default-test) @ signalfx-commons-protoc-java ---
[INFO] Surefire report directory: /home/gabsko/breaking-updates/signalfx-commons-protoc-java/target/surefire-reports

-------------------------------------------------------
 T E S T S
-------------------------------------------------------
Running com.signalfx.common.proto.PeekableByteArrayOutputStreamTest
Tests run: 1, Failures: 0, Errors: 0, Skipped: 0, Time elapsed: 0.032 sec
Running com.signalfx.metrics.metric.ProtoBufTest
Tests run: 2, Failures: 0, Errors: 0, Skipped: 0, Time elapsed: 0.053 sec

Results :

Tests run: 3, Failures: 0, Errors: 0, Skipped: 0

[INFO] 
[INFO] -----------------< com.signalfx.public:signalfx-java >------------------
[INFO] Building SignalFx java libraries 1.0.21                            [4/7]
[INFO] --------------------------------[ jar ]---------------------------------
[INFO] 
[INFO] --- maven-clean-plugin:2.5:clean (default-clean) @ signalfx-java ---
[INFO] Deleting /home/gabsko/breaking-updates/signalfx-java/target
[INFO] 
[INFO] --- maven-resources-plugin:2.6:resources (default-resources) @ signalfx-java ---
[INFO] Using 'UTF-8' encoding to copy filtered resources.
[INFO] skip non existing resourceDirectory /home/gabsko/breaking-updates/signalfx-java/src/main/resources
[INFO] 
[INFO] --- maven-compiler-plugin:3.10.1:compile (default-compile) @ signalfx-java ---
[INFO] Changes detected - recompiling the module!
[INFO] Compiling 48 source files to /home/gabsko/breaking-updates/signalfx-java/target/classes
[INFO] /home/gabsko/breaking-updates/signalfx-java/src/main/java/com/signalfx/signalflow/StreamMessage.java: Some input files use or override a deprecated API.
[INFO] /home/gabsko/breaking-updates/signalfx-java/src/main/java/com/signalfx/signalflow/StreamMessage.java: Recompile with -Xlint:deprecation for details.
[INFO] 
[INFO] --- maven-resources-plugin:2.6:testResources (default-testResources) @ signalfx-java ---
[INFO] Using 'UTF-8' encoding to copy filtered resources.
[INFO] skip non existing resourceDirectory /home/gabsko/breaking-updates/signalfx-java/src/test/resources
[INFO] 
[INFO] --- maven-compiler-plugin:3.10.1:testCompile (default-testCompile) @ signalfx-java ---
[INFO] Changes detected - recompiling the module!
[INFO] Compiling 3 source files to /home/gabsko/breaking-updates/signalfx-java/target/test-classes
[INFO] 
[INFO] --- maven-surefire-plugin:2.12.4:test (default-test) @ signalfx-java ---
[INFO] Surefire report directory: /home/gabsko/breaking-updates/signalfx-java/target/surefire-reports

-------------------------------------------------------
 T E S T S
-------------------------------------------------------
Running com.signalfx.connection.RetryStrategyTest
Tests run: 6, Failures: 0, Errors: 0, Skipped: 0, Time elapsed: 0.081 sec
Running com.signalfx.metrics.flush.AggregateMetricSenderTest
Tests run: 2, Failures: 0, Errors: 0, Skipped: 0, Time elapsed: 0.002 sec
Running com.signalfx.metrics.connection.HttpDataPointProtobufReceiverConnectionTest
[main] INFO org.eclipse.jetty.util.log - Logging initialized @263ms to org.eclipse.jetty.util.log.Slf4jLog
[main] INFO org.eclipse.jetty.server.Server - jetty-9.4.48.v20220622; built: 2022-06-21T20:42:25.880Z; git: 6b67c5719d1f4371b33655ff2d047d24e171e49a; jvm 11.0.17+8-post-Ubuntu-1ubuntu218.04
[main] INFO org.eclipse.jetty.server.AbstractConnector - Started ServerConnector@50d0686{HTTP/1.1, (http/1.1)}{0.0.0.0:36691}
[main] INFO org.eclipse.jetty.server.Server - Started @444ms
[main] INFO org.eclipse.jetty.server.AbstractConnector - Stopped ServerConnector@50d0686{HTTP/1.1, (http/1.1)}{0.0.0.0:0}
[main] INFO org.eclipse.jetty.server.Server - jetty-9.4.48.v20220622; built: 2022-06-21T20:42:25.880Z; git: 6b67c5719d1f4371b33655ff2d047d24e171e49a; jvm 11.0.17+8-post-Ubuntu-1ubuntu218.04
[main] INFO org.eclipse.jetty.server.AbstractConnector - Started ServerConnector@60410cd{HTTP/1.1, (http/1.1)}{0.0.0.0:43409}
[main] INFO org.eclipse.jetty.server.Server - Started @965ms
[main] INFO org.eclipse.jetty.server.AbstractConnector - Stopped ServerConnector@60410cd{HTTP/1.1, (http/1.1)}{0.0.0.0:0}
[main] INFO org.eclipse.jetty.server.Server - jetty-9.4.48.v20220622; built: 2022-06-21T20:42:25.880Z; git: 6b67c5719d1f4371b33655ff2d047d24e171e49a; jvm 11.0.17+8-post-Ubuntu-1ubuntu218.04
[main] INFO org.eclipse.jetty.server.AbstractConnector - Started ServerConnector@59a008ba{HTTP/1.1, (http/1.1)}{0.0.0.0:41841}
[main] INFO org.eclipse.jetty.server.Server - Started @7017ms
[main] INFO org.eclipse.jetty.server.AbstractConnector - Stopped ServerConnector@59a008ba{HTTP/1.1, (http/1.1)}{0.0.0.0:0}
[main] INFO org.eclipse.jetty.server.Server - jetty-9.4.48.v20220622; built: 2022-06-21T20:42:25.880Z; git: 6b67c5719d1f4371b33655ff2d047d24e171e49a; jvm 11.0.17+8-post-Ubuntu-1ubuntu218.04
[main] INFO org.eclipse.jetty.server.AbstractConnector - Started ServerConnector@63f259c3{HTTP/1.1, (http/1.1)}{0.0.0.0:43217}
[main] INFO org.eclipse.jetty.server.Server - Started @7041ms
[main] INFO org.eclipse.jetty.server.AbstractConnector - Stopped ServerConnector@63f259c3{HTTP/1.1, (http/1.1)}{0.0.0.0:0}
Tests run: 4, Failures: 0, Errors: 0, Skipped: 0, Time elapsed: 6.825 sec

Results :

Tests run: 12, Failures: 0, Errors: 0, Skipped: 0

[INFO] 
[INFO] ---------------< com.signalfx.public:signalfx-codahale >----------------
[INFO] Building Codahale to SignalFx 1.0.21                               [5/7]
[INFO] --------------------------------[ jar ]---------------------------------
[INFO] 
[INFO] --- maven-clean-plugin:2.5:clean (default-clean) @ signalfx-codahale ---
[INFO] Deleting /home/gabsko/breaking-updates/signalfx-codahale/target
[INFO] 
[INFO] --- maven-resources-plugin:2.6:resources (default-resources) @ signalfx-codahale ---
[INFO] Using 'UTF-8' encoding to copy filtered resources.
[INFO] skip non existing resourceDirectory /home/gabsko/breaking-updates/signalfx-codahale/src/main/resources
[INFO] 
[INFO] --- maven-compiler-plugin:3.10.1:compile (default-compile) @ signalfx-codahale ---
[INFO] Changes detected - recompiling the module!
[INFO] Compiling 14 source files to /home/gabsko/breaking-updates/signalfx-codahale/target/classes
[INFO] /home/gabsko/breaking-updates/signalfx-codahale/src/main/java/com/signalfx/codahale/reporter/SignalFxReporter.java: Some input files use or override a deprecated API.
[INFO] /home/gabsko/breaking-updates/signalfx-codahale/src/main/java/com/signalfx/codahale/reporter/SignalFxReporter.java: Recompile with -Xlint:deprecation for details.
[INFO] /home/gabsko/breaking-updates/signalfx-codahale/src/main/java/com/signalfx/codahale/reporter/MetricMetadataImpl.java: /home/gabsko/breaking-updates/signalfx-codahale/src/main/java/com/signalfx/codahale/reporter/MetricMetadataImpl.java uses unchecked or unsafe operations.
[INFO] /home/gabsko/breaking-updates/signalfx-codahale/src/main/java/com/signalfx/codahale/reporter/MetricMetadataImpl.java: Recompile with -Xlint:unchecked for details.
[INFO] 
[INFO] --- maven-resources-plugin:2.6:testResources (default-testResources) @ signalfx-codahale ---
[INFO] Using 'UTF-8' encoding to copy filtered resources.
[INFO] skip non existing resourceDirectory /home/gabsko/breaking-updates/signalfx-codahale/src/test/resources
[INFO] 
[INFO] --- maven-compiler-plugin:3.10.1:testCompile (default-testCompile) @ signalfx-codahale ---
[INFO] Changes detected - recompiling the module!
[INFO] Compiling 3 source files to /home/gabsko/breaking-updates/signalfx-codahale/target/test-classes
[INFO] /home/gabsko/breaking-updates/signalfx-codahale/src/test/java/com/signalfx/codahale/metrics/SignalFxReporterTest.java: /home/gabsko/breaking-updates/signalfx-codahale/src/test/java/com/signalfx/codahale/metrics/SignalFxReporterTest.java uses or overrides a deprecated API.
[INFO] /home/gabsko/breaking-updates/signalfx-codahale/src/test/java/com/signalfx/codahale/metrics/SignalFxReporterTest.java: Recompile with -Xlint:deprecation for details.
[INFO] 
[INFO] --- maven-surefire-plugin:2.12.4:test (default-test) @ signalfx-codahale ---
[INFO] Surefire report directory: /home/gabsko/breaking-updates/signalfx-codahale/target/surefire-reports

-------------------------------------------------------
 T E S T S
-------------------------------------------------------
Running com.signalfx.codahale.metrics.SignalFxReporterTest
Tests run: 19, Failures: 0, Errors: 0, Skipped: 0, Time elapsed: 0.436 sec
Running com.signalfx.codahale.metrics.util.BasicJvmMetrisTest
Tests run: 1, Failures: 0, Errors: 0, Skipped: 0, Time elapsed: 0.027 sec
Running com.signalfx.codahale.metrics.MetricMetadataTest
Tests run: 2, Failures: 0, Errors: 0, Skipped: 0, Time elapsed: 0 sec

Results :

Tests run: 22, Failures: 0, Errors: 0, Skipped: 0

[INFO] 
[INFO] ----------------< com.signalfx.public:signalfx-yammer >-----------------
[INFO] Building Yammer to SignalFx 1.0.21                                 [6/7]
[INFO] --------------------------------[ jar ]---------------------------------
[INFO] 
[INFO] --- maven-clean-plugin:2.5:clean (default-clean) @ signalfx-yammer ---
[INFO] Deleting /home/gabsko/breaking-updates/signalfx-yammer/target
[INFO] 
[INFO] --- maven-resources-plugin:2.6:resources (default-resources) @ signalfx-yammer ---
[INFO] Using 'UTF-8' encoding to copy filtered resources.
[INFO] skip non existing resourceDirectory /home/gabsko/breaking-updates/signalfx-yammer/src/main/resources
[INFO] 
[INFO] --- maven-compiler-plugin:3.10.1:compile (default-compile) @ signalfx-yammer ---
[INFO] Changes detected - recompiling the module!
[INFO] Compiling 6 source files to /home/gabsko/breaking-updates/signalfx-yammer/target/classes
[INFO] /home/gabsko/breaking-updates/signalfx-yammer/src/main/java/com/signalfx/codahale/reporter/SignalFxReporter.java: Some input files use or override a deprecated API.
[INFO] /home/gabsko/breaking-updates/signalfx-yammer/src/main/java/com/signalfx/codahale/reporter/SignalFxReporter.java: Recompile with -Xlint:deprecation for details.
[INFO] /home/gabsko/breaking-updates/signalfx-yammer/src/main/java/com/signalfx/codahale/reporter/MetricMetadataImpl.java: /home/gabsko/breaking-updates/signalfx-yammer/src/main/java/com/signalfx/codahale/reporter/MetricMetadataImpl.java uses unchecked or unsafe operations.
[INFO] /home/gabsko/breaking-updates/signalfx-yammer/src/main/java/com/signalfx/codahale/reporter/MetricMetadataImpl.java: Recompile with -Xlint:unchecked for details.
[INFO] 
[INFO] --- maven-resources-plugin:2.6:testResources (default-testResources) @ signalfx-yammer ---
[INFO] Using 'UTF-8' encoding to copy filtered resources.
[INFO] skip non existing resourceDirectory /home/gabsko/breaking-updates/signalfx-yammer/src/test/resources
[INFO] 
[INFO] --- maven-compiler-plugin:3.10.1:testCompile (default-testCompile) @ signalfx-yammer ---
[INFO] Changes detected - recompiling the module!
[INFO] Compiling 1 source file to /home/gabsko/breaking-updates/signalfx-yammer/target/test-classes
[INFO] /home/gabsko/breaking-updates/signalfx-yammer/src/test/java/com/signalfx/codahale/metrics/SignalFxReporterTest.java: /home/gabsko/breaking-updates/signalfx-yammer/src/test/java/com/signalfx/codahale/metrics/SignalFxReporterTest.java uses or overrides a deprecated API.
[INFO] /home/gabsko/breaking-updates/signalfx-yammer/src/test/java/com/signalfx/codahale/metrics/SignalFxReporterTest.java: Recompile with -Xlint:deprecation for details.
[INFO] 
[INFO] --- maven-surefire-plugin:2.12.4:test (default-test) @ signalfx-yammer ---
[INFO] Surefire report directory: /home/gabsko/breaking-updates/signalfx-yammer/target/surefire-reports

-------------------------------------------------------
 T E S T S
-------------------------------------------------------
Running com.signalfx.codahale.metrics.SignalFxReporterTest
Tests run: 3, Failures: 0, Errors: 0, Skipped: 0, Time elapsed: 0.308 sec

Results :

Tests run: 3, Failures: 0, Errors: 0, Skipped: 0

[INFO] 
[INFO] ----------< com.signalfx.public:micrometer-registry-signalfx >----------
[INFO] Building Micrometer Registry for SignalFx 1.9.2-splunk             [7/7]
[INFO] --------------------------------[ jar ]---------------------------------
[INFO] 
[INFO] --- maven-clean-plugin:2.5:clean (default-clean) @ micrometer-registry-signalfx ---
[INFO] Deleting /home/gabsko/breaking-updates/micrometer-registry-signalfx/target
[INFO] 
[INFO] --- maven-resources-plugin:2.6:resources (default-resources) @ micrometer-registry-signalfx ---
[INFO] Using 'UTF-8' encoding to copy filtered resources.
[INFO] skip non existing resourceDirectory /home/gabsko/breaking-updates/micrometer-registry-signalfx/src/main/resources
[INFO] 
[INFO] --- maven-compiler-plugin:3.10.1:compile (default-compile) @ micrometer-registry-signalfx ---
[INFO] Changes detected - recompiling the module!
[INFO] Compiling 8 source files to /home/gabsko/breaking-updates/micrometer-registry-signalfx/target/classes
[INFO] 
[INFO] --- maven-resources-plugin:2.6:testResources (default-testResources) @ micrometer-registry-signalfx ---
[INFO] Using 'UTF-8' encoding to copy filtered resources.
[INFO] skip non existing resourceDirectory /home/gabsko/breaking-updates/micrometer-registry-signalfx/src/test/resources
[INFO] 
[INFO] --- maven-compiler-plugin:3.10.1:testCompile (default-testCompile) @ micrometer-registry-signalfx ---
[INFO] Changes detected - recompiling the module!
[INFO] Compiling 5 source files to /home/gabsko/breaking-updates/micrometer-registry-signalfx/target/test-classes
[INFO] 
[INFO] --- maven-surefire-plugin:3.0.0-M7:test (default-test) @ micrometer-registry-signalfx ---
[INFO] Using auto detected provider org.apache.maven.surefire.junitplatform.JUnitPlatformProvider
[INFO] 
[INFO] -------------------------------------------------------
[INFO]  T E S T S
[INFO] -------------------------------------------------------
[ERROR] TestEngine with ID 'junit-jupiter' failed to discover tests
[INFO] 
[INFO] Results:
[INFO] 
[INFO] Tests run: 0, Failures: 0, Errors: 0, Skipped: 0
[INFO] 
[INFO] ------------------------------------------------------------------------
[INFO] Reactor Summary:
[INFO] 
[INFO] SignalFx parent 1.0.21 ............................. SUCCESS [  0.195 s]
[INFO] SignalFx Protocol Buffer definitions 1.0.21 ........ SUCCESS [  1.930 s]
[INFO] SignalFx Protobuf Utilities 1.0.21 ................. SUCCESS [  0.588 s]
[INFO] SignalFx java libraries 1.0.21 ..................... SUCCESS [  7.767 s]
[INFO] Codahale to SignalFx 1.0.21 ........................ SUCCESS [  0.964 s]
[INFO] Yammer to SignalFx 1.0.21 .......................... SUCCESS [  0.652 s]
[INFO] Micrometer Registry for SignalFx 1.9.2-splunk ...... FAILURE [  1.085 s]
[INFO] ------------------------------------------------------------------------
[INFO] BUILD FAILURE
[INFO] ------------------------------------------------------------------------
[INFO] Total time:  13.288 s
[INFO] Finished at: 2023-02-02T01:05:21Z
[INFO] ------------------------------------------------------------------------
[ERROR] Failed to execute goal org.apache.maven.plugins:maven-surefire-plugin:3.0.0-M7:test (default-test) on project micrometer-registry-signalfx: 
[ERROR] 
[ERROR] Please refer to /home/gabsko/breaking-updates/micrometer-registry-signalfx/target/surefire-reports for the individual test results.
[ERROR] Please refer to dump files (if any exist) [date].dump, [date]-jvmRun[N].dump and [date].dumpstream.
[ERROR] There was an error in the forked process
[ERROR] TestEngine with ID 'junit-jupiter' failed to discover tests
[ERROR] org.apache.maven.surefire.booter.SurefireBooterForkException: There was an error in the forked process
[ERROR] TestEngine with ID 'junit-jupiter' failed to discover tests
[ERROR] 	at org.apache.maven.plugin.surefire.booterclient.ForkStarter.fork(ForkStarter.java:701)
[ERROR] 	at org.apache.maven.plugin.surefire.booterclient.ForkStarter.run(ForkStarter.java:311)
[ERROR] 	at org.apache.maven.plugin.surefire.booterclient.ForkStarter.run(ForkStarter.java:268)
[ERROR] 	at org.apache.maven.plugin.surefire.AbstractSurefireMojo.executeProvider(AbstractSurefireMojo.java:1334)
[ERROR] 	at org.apache.maven.plugin.surefire.AbstractSurefireMojo.executeAfterPreconditionsChecked(AbstractSurefireMojo.java:1167)
[ERROR] 	at org.apache.maven.plugin.surefire.AbstractSurefireMojo.execute(AbstractSurefireMojo.java:931)
[ERROR] 	at org.apache.maven.plugin.DefaultBuildPluginManager.executeMojo(DefaultBuildPluginManager.java:137)
[ERROR] 	at org.apache.maven.lifecycle.internal.MojoExecutor.doExecute2(MojoExecutor.java:370)
[ERROR] 	at org.apache.maven.lifecycle.internal.MojoExecutor.doExecute(MojoExecutor.java:351)
[ERROR] 	at org.apache.maven.lifecycle.internal.MojoExecutor.execute(MojoExecutor.java:215)
[ERROR] 	at org.apache.maven.lifecycle.internal.MojoExecutor.execute(MojoExecutor.java:171)
[ERROR] 	at org.apache.maven.lifecycle.internal.MojoExecutor.execute(MojoExecutor.java:163)
[ERROR] 	at org.apache.maven.lifecycle.internal.LifecycleModuleBuilder.buildProject(LifecycleModuleBuilder.java:117)
[ERROR] 	at org.apache.maven.lifecycle.internal.LifecycleModuleBuilder.buildProject(LifecycleModuleBuilder.java:81)
[ERROR] 	at org.apache.maven.lifecycle.internal.builder.singlethreaded.SingleThreadedBuilder.build(SingleThreadedBuilder.java:56)
[ERROR] 	at org.apache.maven.lifecycle.internal.LifecycleStarter.execute(LifecycleStarter.java:128)
[ERROR] 	at org.apache.maven.DefaultMaven.doExecute(DefaultMaven.java:294)
[ERROR] 	at org.apache.maven.DefaultMaven.doExecute(DefaultMaven.java:192)
[ERROR] 	at org.apache.maven.DefaultMaven.execute(DefaultMaven.java:105)
[ERROR] 	at org.apache.maven.cli.MavenCli.execute(MavenCli.java:960)
[ERROR] 	at org.apache.maven.cli.MavenCli.doMain(MavenCli.java:293)
[ERROR] 	at org.apache.maven.cli.MavenCli.main(MavenCli.java:196)
[ERROR] 	at java.base/jdk.internal.reflect.NativeMethodAccessorImpl.invoke0(Native Method)
[ERROR] 	at java.base/jdk.internal.reflect.NativeMethodAccessorImpl.invoke(NativeMethodAccessorImpl.java:62)
[ERROR] 	at java.base/jdk.internal.reflect.DelegatingMethodAccessorImpl.invoke(DelegatingMethodAccessorImpl.java:43)
[ERROR] 	at java.base/java.lang.reflect.Method.invoke(Method.java:566)
[ERROR] 	at org.codehaus.plexus.classworlds.launcher.Launcher.launchEnhanced(Launcher.java:282)
[ERROR] 	at org.codehaus.plexus.classworlds.launcher.Launcher.launch(Launcher.java:225)
[ERROR] 	at org.codehaus.plexus.classworlds.launcher.Launcher.mainWithExitCode(Launcher.java:406)
[ERROR] 	at org.codehaus.plexus.classworlds.launcher.Launcher.main(Launcher.java:347)
[ERROR] -> [Help 1]
[ERROR] 
[ERROR] To see the full stack trace of the errors, re-run Maven with the -e switch.
[ERROR] Re-run Maven using the -X switch to enable full debug logging.
[ERROR] 
[ERROR] For more information about the errors and possible solutions, please read the following articles:
[ERROR] [Help 1] http://cwiki.apache.org/confluence/display/MAVEN/MojoExecutionException
[ERROR] 
[ERROR] After correcting the problems, you can resume the build with the command
[ERROR]   mvn <args> -rf :micrometer-registry-signalfx
